<?xml version="1.0" encoding="UTF-8"?>
<testsuites name="navigationmenu" time="671.326" tests="6" failures="3" skips="0" errors="0">
   <testsuite name="navigationmenu" tests="6" failures="3" errors="0" time="671.326" skips="0" timestamp="2021-12-24 10:19:40" hostname="Owner - aldy-tft" id="Test Suites/navigationmenu">
      <properties>
         <property name="deviceName" value="samsung SM-A205F (Android 11)"/>
         <property name="devicePlatform" value=""/>
         <property name="logFolder" value="C:\\Users\\Owner\\Documents\\kerjaan\\KatalonProject\\qa_katalon_pwm\\qa_katalon_pwm\\Reports\\20211224_100549\\navigationmenu\\20211224_100558"/>
         <property name="logFiles" value="C:\\Users\\Owner\\Documents\\kerjaan\\KatalonProject\\qa_katalon_pwm\\qa_katalon_pwm\\Reports\\20211224_100549\\navigationmenu\\20211224_100558\\appium.log, C:\\Users\\Owner\\Documents\\kerjaan\\KatalonProject\\qa_katalon_pwm\\qa_katalon_pwm\\Reports\\20211224_100549\\navigationmenu\\20211224_100558\\execution0.log"/>
         <property name="attachments" value="C:\\Users\\Owner\\Documents\\kerjaan\\KatalonProject\\qa_katalon_pwm\\qa_katalon_pwm\\Reports\\20211224_100549\\navigationmenu\\20211224_100558\\1640316131892.png, C:\\Users\\Owner\\Documents\\kerjaan\\KatalonProject\\qa_katalon_pwm\\qa_katalon_pwm\\Reports\\20211224_100549\\navigationmenu\\20211224_100558\\1640316133337.png, C:\\Users\\Owner\\Documents\\kerjaan\\KatalonProject\\qa_katalon_pwm\\qa_katalon_pwm\\Reports\\20211224_100549\\navigationmenu\\20211224_100558\\1640316301357.png, C:\\Users\\Owner\\Documents\\kerjaan\\KatalonProject\\qa_katalon_pwm\\qa_katalon_pwm\\Reports\\20211224_100549\\navigationmenu\\20211224_100558\\1640316303271.png, C:\\Users\\Owner\\Documents\\kerjaan\\KatalonProject\\qa_katalon_pwm\\qa_katalon_pwm\\Reports\\20211224_100549\\navigationmenu\\20211224_100558\\1640316523485.png, C:\\Users\\Owner\\Documents\\kerjaan\\KatalonProject\\qa_katalon_pwm\\qa_katalon_pwm\\Reports\\20211224_100549\\navigationmenu\\20211224_100558\\1640316639777.png"/>
         <property name="hostName" value="Owner - aldy-tft"/>
         <property name="os" value="Windows 10 64bit"/>
         <property name="appiumServerStatus" value="{&quot;value&quot;:{&quot;build&quot;:{&quot;version&quot;:&quot;1.22.0&quot;}},&quot;sessionId&quot;:null,&quot;status&quot;:0}"/>
         <property name="katalonVersion" value="7.9.1.208"/>
         <property name="deviceOS" value="Android"/>
         <property name="appiumVersion" value="1.22.0"/>
         <property name="deviceModel" value="SM-A205F"/>
         <property name="hostAddress" value="192.168.18.37"/>
         <property name="deviceManufacturer" value="samsung"/>
         <property name="deviceId" value="RR8M40C9AXE"/>
         <property name="deviceName" value="samsung SM-A205F (Android 11)"/>
         <property name="deviceOSVersion" value="11"/>
      </properties>
      <testcase name="Test Cases/Mobile/Scenario/NavigationMenu/001 - Download Report" time="85.228" classname="Test Cases/Mobile/Scenario/NavigationMenu/001 - Download Report" status="PASSED">
         <system-out><![CDATA[2021-12-24 10:19:43 - [TEST_CASE][PASSED] - Test Cases/Mobile/Scenario/NavigationMenu/001 - Download Report: Test Cases/Mobile/Scenario/NavigationMenu/001 - Download Report

2021-12-24 10:19:44 - [TEST_STEP][PASSED] - callTestCase(findTestCase("Mobile/Page/Run App/Run App byID"), [:], STOP_ON_FAILURE): Call Test Case 'Test Cases/Mobile/Page/Run App/Run App byID' successfully

2021-12-24 10:19:44 - [TEST_CASE][PASSED] - Test Cases/Mobile/Page/Run App/Run App byID: Test Cases/Mobile/Page/Run App/Run App byID

2021-12-24 10:19:45 - [TEST_STEP][PASSED] - startApp.OpenApp.startApplication("id.co.miraeasset.sageclub"): startApp.OpenApp.startApplication is PASSED

2021-12-24 10:19:49 - [MESSAGE][INFO] - Appium server started on port 58,055

2021-12-24 10:20:13 - [MESSAGE][PASSED] - Starting app with application ID: 'id.co.miraeasset.sageclub'

2021-12-24 10:20:13 - [MESSAGE][PASSED] - startApp.OpenApp.startApplication is PASSED

2021-12-24 10:20:13 - [MESSAGE][PASSED] - Call Test Case 'Test Cases/Mobile/Page/Run App/Run App byID' successfully

2021-12-24 10:20:13 - [TEST_STEP][PASSED] - callTestCase(findTestCase("Mobile/Page/NavigationMenu/NavigationMenu"), ["action":"downloadtaxreport"], CONTINUE_ON_FAILURE): Call Test Case 'Test Cases/Mobile/Page/NavigationMenu/NavigationMenu' successfully

2021-12-24 10:20:13 - [TEST_CASE][PASSED] - Test Cases/Mobile/Page/NavigationMenu/NavigationMenu: Test Cases/Mobile/Page/NavigationMenu/NavigationMenu

2021-12-24 10:20:15 - [TEST_STEP][PASSED] - callTestCase(findTestCase("Mobile/Page/CheckLogin"), [:], CONTINUE_ON_FAILURE): Call Test Case 'Test Cases/Mobile/Page/CheckLogin' successfully

2021-12-24 10:20:15 - [TEST_CASE][PASSED] - Test Cases/Mobile/Page/CheckLogin: Test Cases/Mobile/Page/CheckLogin

2021-12-24 10:20:16 - [TEST_STEP][PASSED] - loginCheck = verifyElementExist(findTestObject("Mobile/Page/Login/Button - Login"), 5, CONTINUE_ON_FAILURE): Element 'Object Repository/Mobile/Page/Login/Button - Login' is exist

2021-12-24 10:20:17 - [MESSAGE][PASSED] - Element 'Object Repository/Mobile/Page/Login/Button - Login' is exist

2021-12-24 10:20:17 - [TEST_STEP][PASSED] - if (loginCheck): Call Test Case 'Test Cases/Mobile/Page/Login/Login' successfully

2021-12-24 10:20:17 - [TEST_STEP][PASSED] - callTestCase(findTestCase("Mobile/Page/Login/Login"), [:], CONTINUE_ON_FAILURE): Call Test Case 'Test Cases/Mobile/Page/Login/Login' successfully

2021-12-24 10:20:18 - [TEST_CASE][PASSED] - Test Cases/Mobile/Page/Login/Login: Test Cases/Mobile/Page/Login/Login

2021-12-24 10:20:19 - [TEST_STEP][PASSED] - delay(2): Delayed 2 second(s)

2021-12-24 10:20:21 - [MESSAGE][PASSED] - Delayed 2 second(s)

2021-12-24 10:20:21 - [TEST_STEP][PASSED] - tap(findTestObject("Mobile/Page/Login/Input - UserID"), 0): Tapped on element 'Object Repository/Mobile/Page/Login/Input - UserID'

2021-12-24 10:20:21 - [MESSAGE][WARNING] - Timeout '0' is invalid. Using default page load timeout: '60'

2021-12-24 10:20:22 - [MESSAGE][PASSED] - Tapped on element 'Object Repository/Mobile/Page/Login/Input - UserID'

2021-12-24 10:20:22 - [TEST_STEP][PASSED] - delay(1): Delayed 1 second(s)

2021-12-24 10:20:23 - [MESSAGE][PASSED] - Delayed 1 second(s)

2021-12-24 10:20:23 - [TEST_STEP][PASSED] - setText(findTestObject("Mobile/Page/Login/Input Rdy - UserID"), "anggaaditya", 0): Text 'anggaaditya' has been set to element 'Object Repository/Mobile/Page/Login/Input Rdy - UserID'

2021-12-24 10:20:23 - [MESSAGE][WARNING] - Timeout '0' is invalid. Using default page load timeout: '60'

2021-12-24 10:20:24 - [MESSAGE][PASSED] - Text 'anggaaditya' has been set to element 'Object Repository/Mobile/Page/Login/Input Rdy - UserID'

2021-12-24 10:20:24 - [TEST_STEP][PASSED] - delay(1): Delayed 1 second(s)

2021-12-24 10:20:25 - [MESSAGE][PASSED] - Delayed 1 second(s)

2021-12-24 10:20:25 - [TEST_STEP][PASSED] - hideKeyboard(): Keyboard is hidden

2021-12-24 10:20:29 - [MESSAGE][PASSED] - Keyboard is hidden

2021-12-24 10:20:29 - [TEST_STEP][PASSED] - tap(findTestObject("Mobile/Page/Login/Input - Password"), 0): Tapped on element 'Object Repository/Mobile/Page/Login/Input - Password'

2021-12-24 10:20:29 - [MESSAGE][WARNING] - Timeout '0' is invalid. Using default page load timeout: '60'

2021-12-24 10:20:30 - [MESSAGE][PASSED] - Tapped on element 'Object Repository/Mobile/Page/Login/Input - Password'

2021-12-24 10:20:30 - [TEST_STEP][PASSED] - delay(1): Delayed 1 second(s)

2021-12-24 10:20:31 - [MESSAGE][PASSED] - Delayed 1 second(s)

2021-12-24 10:20:31 - [TEST_STEP][PASSED] - setText(findTestObject("Mobile/Page/Login/Input Rdy - Password"), "Shalawa18", 0): Text 'Shalawa18' has been set to element 'Object Repository/Mobile/Page/Login/Input Rdy - Password'

2021-12-24 10:20:31 - [MESSAGE][WARNING] - Timeout '0' is invalid. Using default page load timeout: '60'

2021-12-24 10:20:32 - [MESSAGE][PASSED] - Text 'Shalawa18' has been set to element 'Object Repository/Mobile/Page/Login/Input Rdy - Password'

2021-12-24 10:20:32 - [TEST_STEP][PASSED] - delay(1): Delayed 1 second(s)

2021-12-24 10:20:33 - [MESSAGE][PASSED] - Delayed 1 second(s)

2021-12-24 10:20:33 - [TEST_STEP][PASSED] - hideKeyboard(): Keyboard is hidden

2021-12-24 10:20:39 - [MESSAGE][PASSED] - Keyboard is hidden

2021-12-24 10:20:39 - [TEST_STEP][PASSED] - tap(findTestObject("Mobile/Page/Login/Button - Login"), 0): Tapped on element 'Object Repository/Mobile/Page/Login/Button - Login'

2021-12-24 10:20:39 - [MESSAGE][WARNING] - Timeout '0' is invalid. Using default page load timeout: '60'

2021-12-24 10:20:41 - [MESSAGE][PASSED] - Tapped on element 'Object Repository/Mobile/Page/Login/Button - Login'

2021-12-24 10:20:41 - [TEST_STEP][PASSED] - delay(2): Delayed 2 second(s)

2021-12-24 10:20:43 - [MESSAGE][PASSED] - Delayed 2 second(s)

2021-12-24 10:20:43 - [MESSAGE][PASSED] - Call Test Case 'Test Cases/Mobile/Page/Login/Login' successfully

2021-12-24 10:20:43 - [MESSAGE][PASSED] - Call Test Case 'Test Cases/Mobile/Page/CheckLogin' successfully

2021-12-24 10:20:43 - [TEST_STEP][PASSED] - delay(3): Delayed 3 second(s)

2021-12-24 10:20:46 - [MESSAGE][PASSED] - Delayed 3 second(s)

2021-12-24 10:20:46 - [TEST_STEP][PASSED] - scroll.scroll.scrollScreenLeftToRight(): scroll.scroll.scrollScreenLeftToRight is PASSED

2021-12-24 10:20:46 - [MESSAGE][PASSED] - Current device physical height is 1423

2021-12-24 10:20:46 - [MESSAGE][PASSED] - Current device physical width is 720

2021-12-24 10:20:47 - [MESSAGE][PASSED] - Current device physical height is 1423

2021-12-24 10:20:48 - [MESSAGE][PASSED] - Swiped from 10,711 to 710,711

2021-12-24 10:20:48 - [MESSAGE][PASSED] - scroll.scroll.scrollScreenLeftToRight is PASSED

2021-12-24 10:20:48 - [TEST_STEP][PASSED] - delay(1): Delayed 1 second(s)

2021-12-24 10:20:49 - [MESSAGE][PASSED] - Delayed 1 second(s)

2021-12-24 10:20:49 - [TEST_STEP][PASSED] - for ([i = 0, i < 1, (i++)]): Press back button successfully

2021-12-24 10:20:49 - [TEST_STEP][PASSED] - if (action == "downloadtaxreport"): Press back button successfully

2021-12-24 10:20:49 - [TEST_STEP][PASSED] - taxreport = findTestObject("Mobile/Page/NavigationMenu/Container - Yearly Tax Report"): null

2021-12-24 10:20:49 - [TEST_STEP][PASSED] - top = getElementTopPosition(taxreport, 0): Object 'Object Repository/Mobile/Page/NavigationMenu/Container - Yearly Tax Report' has top position '309'

2021-12-24 10:20:49 - [MESSAGE][WARNING] - Timeout '0' is invalid. Using default page load timeout: '60'

2021-12-24 10:20:50 - [MESSAGE][PASSED] - Object 'Object Repository/Mobile/Page/NavigationMenu/Container - Yearly Tax Report' has top position '309'

2021-12-24 10:20:50 - [TEST_STEP][PASSED] - y = getElementHeight(taxreport, 0) * 0.8 + top: Object 'Object Repository/Mobile/Page/NavigationMenu/Container - Yearly Tax Report' has height: '119'

2021-12-24 10:20:50 - [MESSAGE][WARNING] - Timeout '0' is invalid. Using default page load timeout: '60'

2021-12-24 10:20:50 - [MESSAGE][PASSED] - Object 'Object Repository/Mobile/Page/NavigationMenu/Container - Yearly Tax Report' has height: '119'

2021-12-24 10:20:50 - [TEST_STEP][PASSED] - x = getDeviceWidth() * 0.2: Current device physical width is 720

2021-12-24 10:20:50 - [MESSAGE][PASSED] - Current device physical width is 720

2021-12-24 10:20:50 - [TEST_STEP][PASSED] - tapAtPosition(x, y): Tapped at [144, 404]

2021-12-24 10:20:51 - [MESSAGE][PASSED] - Tapped at [144, 404]

2021-12-24 10:20:51 - [TEST_STEP][PASSED] - delay(5): Delayed 5 second(s)

2021-12-24 10:20:56 - [MESSAGE][PASSED] - Delayed 5 second(s)

2021-12-24 10:20:56 - [TEST_STEP][PASSED] - pressBack(): Press back button successfully

2021-12-24 10:20:56 - [MESSAGE][PASSED] - Press back button successfully

2021-12-24 10:20:56 - [MESSAGE][PASSED] - Call Test Case 'Test Cases/Mobile/Page/NavigationMenu/NavigationMenu' successfully

2021-12-24 10:20:56 - [TEST_STEP][PASSED] - callTestCase(findTestCase("Mobile/Page/Run App/Terminate App"), [:], STOP_ON_FAILURE): Call Test Case 'Test Cases/Mobile/Page/Run App/Terminate App' successfully

2021-12-24 10:20:56 - [TEST_CASE][PASSED] - Test Cases/Mobile/Page/Run App/Terminate App: Test Cases/Mobile/Page/Run App/Terminate App

2021-12-24 10:20:57 - [TEST_STEP][PASSED] - startApp.OpenApp.terminateApplication(): startApp.OpenApp.terminateApplication is PASSED

2021-12-24 10:21:00 - [MESSAGE][PASSED] - Delayed 3 second(s)

2021-12-24 10:21:00 - [MESSAGE][PASSED] - Current device physical width is 720

2021-12-24 10:21:01 - [MESSAGE][PASSED] - Current device physical height is 1423

2021-12-24 10:21:02 - [MESSAGE][PASSED] - Swiped from 360,853 to 360,142

2021-12-24 10:21:03 - [MESSAGE][PASSED] - Delayed 1 second(s)

2021-12-24 10:21:05 - [MESSAGE][PASSED] - Swiped from 360,853 to 360,142

2021-12-24 10:21:08 - [MESSAGE][PASSED] - Delayed 3 second(s)

2021-12-24 10:21:08 - [MESSAGE][PASSED] - startApp.OpenApp.terminateApplication is PASSED

2021-12-24 10:21:08 - [MESSAGE][PASSED] - Call Test Case 'Test Cases/Mobile/Page/Run App/Terminate App' successfully]]></system-out>
         <system-err><![CDATA[]]></system-err>
      </testcase>
      <testcase name="Test Cases/Mobile/Scenario/NavigationMenu/002 - Risk Profile analysis" time="109.482" classname="Test Cases/Mobile/Scenario/NavigationMenu/002 - Risk Profile analysis" status="PASSED">
         <system-out><![CDATA[2021-12-24 10:21:08 - [TEST_CASE][PASSED] - Test Cases/Mobile/Scenario/NavigationMenu/002 - Risk Profile analysis: Test Cases/Mobile/Scenario/NavigationMenu/002 - Risk Profile analysis

2021-12-24 10:21:08 - [TEST_STEP][PASSED] - callTestCase(findTestCase("Mobile/Page/Run App/Run App byID"), [:], STOP_ON_FAILURE): Call Test Case 'Test Cases/Mobile/Page/Run App/Run App byID' successfully

2021-12-24 10:21:08 - [TEST_CASE][PASSED] - Test Cases/Mobile/Page/Run App/Run App byID: Test Cases/Mobile/Page/Run App/Run App byID

2021-12-24 10:21:08 - [TEST_STEP][PASSED] - startApp.OpenApp.startApplication("id.co.miraeasset.sageclub"): startApp.OpenApp.startApplication is PASSED

2021-12-24 10:21:24 - [MESSAGE][PASSED] - Starting app with application ID: 'id.co.miraeasset.sageclub'

2021-12-24 10:21:24 - [MESSAGE][PASSED] - startApp.OpenApp.startApplication is PASSED

2021-12-24 10:21:24 - [MESSAGE][PASSED] - Call Test Case 'Test Cases/Mobile/Page/Run App/Run App byID' successfully

2021-12-24 10:21:24 - [TEST_STEP][PASSED] - callTestCase(findTestCase("Mobile/Page/NavigationMenu/NavigationMenu"), ["action":"analyzeprofile"], CONTINUE_ON_FAILURE): Call Test Case 'Test Cases/Mobile/Page/NavigationMenu/NavigationMenu' successfully

2021-12-24 10:21:24 - [TEST_CASE][PASSED] - Test Cases/Mobile/Page/NavigationMenu/NavigationMenu: Test Cases/Mobile/Page/NavigationMenu/NavigationMenu

2021-12-24 10:21:24 - [TEST_STEP][PASSED] - callTestCase(findTestCase("Mobile/Page/CheckLogin"), [:], CONTINUE_ON_FAILURE): Call Test Case 'Test Cases/Mobile/Page/CheckLogin' successfully

2021-12-24 10:21:24 - [TEST_CASE][PASSED] - Test Cases/Mobile/Page/CheckLogin: Test Cases/Mobile/Page/CheckLogin

2021-12-24 10:21:24 - [TEST_STEP][PASSED] - loginCheck = verifyElementExist(findTestObject("Mobile/Page/Login/Button - Login"), 5, CONTINUE_ON_FAILURE): Element 'Object Repository/Mobile/Page/Login/Button - Login' is exist

2021-12-24 10:21:26 - [MESSAGE][PASSED] - Element 'Object Repository/Mobile/Page/Login/Button - Login' is exist

2021-12-24 10:21:26 - [TEST_STEP][PASSED] - if (loginCheck): Call Test Case 'Test Cases/Mobile/Page/Login/Login' successfully

2021-12-24 10:21:26 - [TEST_STEP][PASSED] - callTestCase(findTestCase("Mobile/Page/Login/Login"), [:], CONTINUE_ON_FAILURE): Call Test Case 'Test Cases/Mobile/Page/Login/Login' successfully

2021-12-24 10:21:26 - [TEST_CASE][PASSED] - Test Cases/Mobile/Page/Login/Login: Test Cases/Mobile/Page/Login/Login

2021-12-24 10:21:26 - [TEST_STEP][PASSED] - delay(2): Delayed 2 second(s)

2021-12-24 10:21:28 - [MESSAGE][PASSED] - Delayed 2 second(s)

2021-12-24 10:21:28 - [TEST_STEP][PASSED] - tap(findTestObject("Mobile/Page/Login/Input - UserID"), 0): Tapped on element 'Object Repository/Mobile/Page/Login/Input - UserID'

2021-12-24 10:21:29 - [MESSAGE][WARNING] - Timeout '0' is invalid. Using default page load timeout: '60'

2021-12-24 10:21:29 - [MESSAGE][PASSED] - Tapped on element 'Object Repository/Mobile/Page/Login/Input - UserID'

2021-12-24 10:21:29 - [TEST_STEP][PASSED] - delay(1): Delayed 1 second(s)

2021-12-24 10:21:30 - [MESSAGE][PASSED] - Delayed 1 second(s)

2021-12-24 10:21:30 - [TEST_STEP][PASSED] - setText(findTestObject("Mobile/Page/Login/Input Rdy - UserID"), "anggaaditya", 0): Text 'anggaaditya' has been set to element 'Object Repository/Mobile/Page/Login/Input Rdy - UserID'

2021-12-24 10:21:30 - [MESSAGE][WARNING] - Timeout '0' is invalid. Using default page load timeout: '60'

2021-12-24 10:21:31 - [MESSAGE][PASSED] - Text 'anggaaditya' has been set to element 'Object Repository/Mobile/Page/Login/Input Rdy - UserID'

2021-12-24 10:21:31 - [TEST_STEP][PASSED] - delay(1): Delayed 1 second(s)

2021-12-24 10:21:32 - [MESSAGE][PASSED] - Delayed 1 second(s)

2021-12-24 10:21:32 - [TEST_STEP][PASSED] - hideKeyboard(): Keyboard is hidden

2021-12-24 10:21:40 - [MESSAGE][PASSED] - Keyboard is hidden

2021-12-24 10:21:40 - [TEST_STEP][PASSED] - tap(findTestObject("Mobile/Page/Login/Input - Password"), 0): Tapped on element 'Object Repository/Mobile/Page/Login/Input - Password'

2021-12-24 10:21:40 - [MESSAGE][WARNING] - Timeout '0' is invalid. Using default page load timeout: '60'

2021-12-24 10:21:41 - [MESSAGE][PASSED] - Tapped on element 'Object Repository/Mobile/Page/Login/Input - Password'

2021-12-24 10:21:41 - [TEST_STEP][PASSED] - delay(1): Delayed 1 second(s)

2021-12-24 10:21:42 - [MESSAGE][PASSED] - Delayed 1 second(s)

2021-12-24 10:21:42 - [TEST_STEP][PASSED] - setText(findTestObject("Mobile/Page/Login/Input Rdy - Password"), "Shalawa18", 0): Text 'Shalawa18' has been set to element 'Object Repository/Mobile/Page/Login/Input Rdy - Password'

2021-12-24 10:21:42 - [MESSAGE][WARNING] - Timeout '0' is invalid. Using default page load timeout: '60'

2021-12-24 10:21:43 - [MESSAGE][PASSED] - Text 'Shalawa18' has been set to element 'Object Repository/Mobile/Page/Login/Input Rdy - Password'

2021-12-24 10:21:43 - [TEST_STEP][PASSED] - delay(1): Delayed 1 second(s)

2021-12-24 10:21:44 - [MESSAGE][PASSED] - Delayed 1 second(s)

2021-12-24 10:21:44 - [TEST_STEP][PASSED] - hideKeyboard(): Keyboard is hidden

2021-12-24 10:21:53 - [MESSAGE][PASSED] - Keyboard is hidden

2021-12-24 10:21:53 - [TEST_STEP][PASSED] - tap(findTestObject("Mobile/Page/Login/Button - Login"), 0): Tapped on element 'Object Repository/Mobile/Page/Login/Button - Login'

2021-12-24 10:21:53 - [MESSAGE][WARNING] - Timeout '0' is invalid. Using default page load timeout: '60'

2021-12-24 10:21:53 - [MESSAGE][PASSED] - Tapped on element 'Object Repository/Mobile/Page/Login/Button - Login'

2021-12-24 10:21:53 - [TEST_STEP][PASSED] - delay(2): Delayed 2 second(s)

2021-12-24 10:21:55 - [MESSAGE][PASSED] - Delayed 2 second(s)

2021-12-24 10:21:55 - [MESSAGE][PASSED] - Call Test Case 'Test Cases/Mobile/Page/Login/Login' successfully

2021-12-24 10:21:55 - [MESSAGE][PASSED] - Call Test Case 'Test Cases/Mobile/Page/CheckLogin' successfully

2021-12-24 10:21:55 - [TEST_STEP][PASSED] - delay(3): Delayed 3 second(s)

2021-12-24 10:21:58 - [MESSAGE][PASSED] - Delayed 3 second(s)

2021-12-24 10:21:58 - [TEST_STEP][PASSED] - scroll.scroll.scrollScreenLeftToRight(): scroll.scroll.scrollScreenLeftToRight is PASSED

2021-12-24 10:21:59 - [MESSAGE][PASSED] - Current device physical height is 1423

2021-12-24 10:21:59 - [MESSAGE][PASSED] - Current device physical width is 720

2021-12-24 10:21:59 - [MESSAGE][PASSED] - Current device physical height is 1423

2021-12-24 10:22:01 - [MESSAGE][PASSED] - Swiped from 10,711 to 710,711

2021-12-24 10:22:01 - [MESSAGE][PASSED] - scroll.scroll.scrollScreenLeftToRight is PASSED

2021-12-24 10:22:01 - [TEST_STEP][PASSED] - delay(1): Delayed 1 second(s)

2021-12-24 10:22:02 - [MESSAGE][PASSED] - Delayed 1 second(s)

2021-12-24 10:22:02 - [TEST_STEP][FAILED] - for ([i = 0, i < 1, (i++)]): null

2021-12-24 10:22:02 - [TEST_STEP][PASSED] - if (action == "downloadtaxreport"): null

2021-12-24 10:22:02 - [TEST_STEP][FAILED] - else if (action == "analyzeprofile"): null

2021-12-24 10:22:02 - [TEST_STEP][PASSED] - risk = findTestObject("Mobile/Page/NavigationMenu/Container - Risk Profile"): null

2021-12-24 10:22:02 - [TEST_STEP][PASSED] - top = getElementTopPosition(risk, 0): Object 'Object Repository/Mobile/Page/NavigationMenu/Container - Risk Profile' has top position '463'

2021-12-24 10:22:02 - [MESSAGE][WARNING] - Timeout '0' is invalid. Using default page load timeout: '60'

2021-12-24 10:22:02 - [MESSAGE][PASSED] - Object 'Object Repository/Mobile/Page/NavigationMenu/Container - Risk Profile' has top position '463'

2021-12-24 10:22:02 - [TEST_STEP][PASSED] - y = getElementHeight(risk, 0) * 0.8 + top: Object 'Object Repository/Mobile/Page/NavigationMenu/Container - Risk Profile' has height: '119'

2021-12-24 10:22:02 - [MESSAGE][WARNING] - Timeout '0' is invalid. Using default page load timeout: '60'

2021-12-24 10:22:02 - [MESSAGE][PASSED] - Object 'Object Repository/Mobile/Page/NavigationMenu/Container - Risk Profile' has height: '119'

2021-12-24 10:22:02 - [TEST_STEP][PASSED] - x = getDeviceWidth() * 0.2: Current device physical width is 720

2021-12-24 10:22:03 - [MESSAGE][PASSED] - Current device physical width is 720

2021-12-24 10:22:03 - [TEST_STEP][PASSED] - tapAtPosition(x, y): Tapped at [144, 558]

2021-12-24 10:22:03 - [MESSAGE][PASSED] - Tapped at [144, 558]

2021-12-24 10:22:03 - [TEST_STEP][PASSED] - delay(1): Delayed 1 second(s)

2021-12-24 10:22:04 - [MESSAGE][PASSED] - Delayed 1 second(s)

2021-12-24 10:22:04 - [TEST_STEP][FAILED] - try: Failed to check for element 'Object Repository/Mobile/Page/NavigationMenu/Container - Risk Profile' exist (Root cause: com.kms.katalon.core.exception.StepFailedException: Element 'Object Repository/Mobile/Page/NavigationMenu/Container - Risk Profile' not found
	at com.kms.katalon.core.keyword.internal.KeywordMain.stepFailed(KeywordMain.groovy:50)
	at com.kms.katalon.core.mobile.keyword.internal.MobileKeywordMain.stepFailed(MobileKeywordMain.groovy:40)
	at com.kms.katalon.core.mobile.keyword.builtin.VerifyElementExistKeyword$_verifyElementExist_closure1.doCall(VerifyElementExistKeyword.groovy:77)
	at com.kms.katalon.core.mobile.keyword.builtin.VerifyElementExistKeyword$_verifyElementExist_closure1.call(VerifyElementExistKeyword.groovy)
	at com.kms.katalon.core.mobile.keyword.internal.MobileKeywordMain.runKeyword(MobileKeywordMain.groovy:21)
	at com.kms.katalon.core.mobile.keyword.builtin.VerifyElementExistKeyword.verifyElementExist(VerifyElementExistKeyword.groovy:80)
	at com.kms.katalon.core.mobile.keyword.builtin.VerifyElementExistKeyword.execute(VerifyElementExistKeyword.groovy:64)
	at com.kms.katalon.core.keyword.internal.KeywordExecutor.executeKeywordForPlatform(KeywordExecutor.groovy:73)
	at com.kms.katalon.core.mobile.keyword.MobileBuiltInKeywords.verifyElementExist(MobileBuiltInKeywords.groovy:1586)
	at com.kms.katalon.core.mobile.keyword.MobileBuiltInKeywords$verifyElementExist$11.call(Unknown Source)
	at NavigationMenu.run(NavigationMenu:51)
	at com.kms.katalon.core.main.ScriptEngine.run(ScriptEngine.java:194)
	at com.kms.katalon.core.main.ScriptEngine.runScriptAsRawText(ScriptEngine.java:119)
	at com.kms.katalon.core.main.TestCaseExecutor.runScript(TestCaseExecutor.java:398)
	at com.kms.katalon.core.main.TestCaseExecutor.doExecute(TestCaseExecutor.java:389)
	at com.kms.katalon.core.main.TestCaseExecutor.processExecutionPhase(TestCaseExecutor.java:368)
	at com.kms.katalon.core.main.TestCaseExecutor.accessMainPhase(TestCaseExecutor.java:360)
	at com.kms.katalon.core.main.TestCaseExecutor.execute(TestCaseExecutor.java:255)
	at com.kms.katalon.core.main.TestCaseMain.runTestCase(TestCaseMain.java:114)
	at com.kms.katalon.core.keyword.builtin.CallTestCaseKeyword$_callTestCase_closure1.doCall(CallTestCaseKeyword.groovy:59)
	at com.kms.katalon.core.keyword.builtin.CallTestCaseKeyword$_callTestCase_closure1.call(CallTestCaseKeyword.groovy)
	at com.kms.katalon.core.keyword.internal.KeywordMain.runKeyword(KeywordMain.groovy:68)
	at com.kms.katalon.core.keyword.builtin.CallTestCaseKeyword.callTestCase(CallTestCaseKeyword.groovy:81)
	at com.kms.katalon.core.keyword.builtin.CallTestCaseKeyword.execute(CallTestCaseKeyword.groovy:44)
	at com.kms.katalon.core.keyword.internal.KeywordExecutor.executeKeywordForPlatform(KeywordExecutor.groovy:73)
	at com.kms.katalon.core.keyword.BuiltinKeywords.callTestCase(BuiltinKeywords.groovy:334)
	at 002 - Risk Profile analysis.run(002 - Risk Profile analysis:22)
	at com.kms.katalon.core.main.ScriptEngine.run(ScriptEngine.java:194)
	at com.kms.katalon.core.main.ScriptEngine.runScriptAsRawText(ScriptEngine.java:119)
	at com.kms.katalon.core.main.TestCaseExecutor.runScript(TestCaseExecutor.java:398)
	at com.kms.katalon.core.main.TestCaseExecutor.doExecute(TestCaseExecutor.java:389)
	at com.kms.katalon.core.main.TestCaseExecutor.processExecutionPhase(TestCaseExecutor.java:368)
	at com.kms.katalon.core.main.TestCaseExecutor.accessMainPhase(TestCaseExecutor.java:360)
	at com.kms.katalon.core.main.TestCaseExecutor.execute(TestCaseExecutor.java:255)
	at com.kms.katalon.core.main.TestSuiteExecutor.accessTestCaseMainPhase(TestSuiteExecutor.java:203)
	at com.kms.katalon.core.main.TestSuiteExecutor.accessTestSuiteMainPhase(TestSuiteExecutor.java:152)
	at com.kms.katalon.core.main.TestSuiteExecutor.execute(TestSuiteExecutor.java:95)
	at com.kms.katalon.core.main.TestCaseMain.startTestSuite(TestCaseMain.java:157)
	at com.kms.katalon.core.main.TestCaseMain$startTestSuite$0.call(Unknown Source)
	at TempTestSuite1640315158547.run(TempTestSuite1640315158547.groovy:39)
)

2021-12-24 10:22:04 - [TEST_STEP][FAILED] - for ([j = 1, j <= 5, (j++)]): Failed to check for element 'Object Repository/Mobile/Page/NavigationMenu/Container - Risk Profile' exist (Root cause: com.kms.katalon.core.exception.StepFailedException: Element 'Object Repository/Mobile/Page/NavigationMenu/Container - Risk Profile' not found
	at com.kms.katalon.core.keyword.internal.KeywordMain.stepFailed(KeywordMain.groovy:50)
	at com.kms.katalon.core.mobile.keyword.internal.MobileKeywordMain.stepFailed(MobileKeywordMain.groovy:40)
	at com.kms.katalon.core.mobile.keyword.builtin.VerifyElementExistKeyword$_verifyElementExist_closure1.doCall(VerifyElementExistKeyword.groovy:77)
	at com.kms.katalon.core.mobile.keyword.builtin.VerifyElementExistKeyword$_verifyElementExist_closure1.call(VerifyElementExistKeyword.groovy)
	at com.kms.katalon.core.mobile.keyword.internal.MobileKeywordMain.runKeyword(MobileKeywordMain.groovy:21)
	at com.kms.katalon.core.mobile.keyword.builtin.VerifyElementExistKeyword.verifyElementExist(VerifyElementExistKeyword.groovy:80)
	at com.kms.katalon.core.mobile.keyword.builtin.VerifyElementExistKeyword.execute(VerifyElementExistKeyword.groovy:64)
	at com.kms.katalon.core.keyword.internal.KeywordExecutor.executeKeywordForPlatform(KeywordExecutor.groovy:73)
	at com.kms.katalon.core.mobile.keyword.MobileBuiltInKeywords.verifyElementExist(MobileBuiltInKeywords.groovy:1586)
	at com.kms.katalon.core.mobile.keyword.MobileBuiltInKeywords$verifyElementExist$11.call(Unknown Source)
	at NavigationMenu.run(NavigationMenu:51)
	at com.kms.katalon.core.main.ScriptEngine.run(ScriptEngine.java:194)
	at com.kms.katalon.core.main.ScriptEngine.runScriptAsRawText(ScriptEngine.java:119)
	at com.kms.katalon.core.main.TestCaseExecutor.runScript(TestCaseExecutor.java:398)
	at com.kms.katalon.core.main.TestCaseExecutor.doExecute(TestCaseExecutor.java:389)
	at com.kms.katalon.core.main.TestCaseExecutor.processExecutionPhase(TestCaseExecutor.java:368)
	at com.kms.katalon.core.main.TestCaseExecutor.accessMainPhase(TestCaseExecutor.java:360)
	at com.kms.katalon.core.main.TestCaseExecutor.execute(TestCaseExecutor.java:255)
	at com.kms.katalon.core.main.TestCaseMain.runTestCase(TestCaseMain.java:114)
	at com.kms.katalon.core.keyword.builtin.CallTestCaseKeyword$_callTestCase_closure1.doCall(CallTestCaseKeyword.groovy:59)
	at com.kms.katalon.core.keyword.builtin.CallTestCaseKeyword$_callTestCase_closure1.call(CallTestCaseKeyword.groovy)
	at com.kms.katalon.core.keyword.internal.KeywordMain.runKeyword(KeywordMain.groovy:68)
	at com.kms.katalon.core.keyword.builtin.CallTestCaseKeyword.callTestCase(CallTestCaseKeyword.groovy:81)
	at com.kms.katalon.core.keyword.builtin.CallTestCaseKeyword.execute(CallTestCaseKeyword.groovy:44)
	at com.kms.katalon.core.keyword.internal.KeywordExecutor.executeKeywordForPlatform(KeywordExecutor.groovy:73)
	at com.kms.katalon.core.keyword.BuiltinKeywords.callTestCase(BuiltinKeywords.groovy:334)
	at 002 - Risk Profile analysis.run(002 - Risk Profile analysis:22)
	at com.kms.katalon.core.main.ScriptEngine.run(ScriptEngine.java:194)
	at com.kms.katalon.core.main.ScriptEngine.runScriptAsRawText(ScriptEngine.java:119)
	at com.kms.katalon.core.main.TestCaseExecutor.runScript(TestCaseExecutor.java:398)
	at com.kms.katalon.core.main.TestCaseExecutor.doExecute(TestCaseExecutor.java:389)
	at com.kms.katalon.core.main.TestCaseExecutor.processExecutionPhase(TestCaseExecutor.java:368)
	at com.kms.katalon.core.main.TestCaseExecutor.accessMainPhase(TestCaseExecutor.java:360)
	at com.kms.katalon.core.main.TestCaseExecutor.execute(TestCaseExecutor.java:255)
	at com.kms.katalon.core.main.TestSuiteExecutor.accessTestCaseMainPhase(TestSuiteExecutor.java:203)
	at com.kms.katalon.core.main.TestSuiteExecutor.accessTestSuiteMainPhase(TestSuiteExecutor.java:152)
	at com.kms.katalon.core.main.TestSuiteExecutor.execute(TestSuiteExecutor.java:95)
	at com.kms.katalon.core.main.TestCaseMain.startTestSuite(TestCaseMain.java:157)
	at com.kms.katalon.core.main.TestCaseMain$startTestSuite$0.call(Unknown Source)
	at TempTestSuite1640315158547.run(TempTestSuite1640315158547.groovy:39)
)

2021-12-24 10:22:04 - [TEST_STEP][PASSED] - bestsuited = verifyElementExist(findTestObject("Mobile/Page/NavigationMenu/Container - Risk Profile"), 2): Element 'Object Repository/Mobile/Page/NavigationMenu/Container - Risk Profile' is exist

2021-12-24 10:22:05 - [MESSAGE][PASSED] - Element 'Object Repository/Mobile/Page/NavigationMenu/Container - Risk Profile' is exist

2021-12-24 10:22:05 - [TEST_STEP][PASSED] - if (!(bestsuited)): null

2021-12-24 10:22:05 - [TEST_STEP][PASSED] - x = getDeviceWidth() * 0.2 * j: Current device physical width is 720

2021-12-24 10:22:05 - [MESSAGE][PASSED] - Current device physical width is 720

2021-12-24 10:22:05 - [TEST_STEP][PASSED] - tapAtPosition(x, y): Tapped at [144, 558]

2021-12-24 10:22:06 - [MESSAGE][PASSED] - Tapped at [144, 558]

2021-12-24 10:22:06 - [TEST_STEP][PASSED] - delay(1): Delayed 1 second(s)

2021-12-24 10:22:07 - [MESSAGE][PASSED] - Delayed 1 second(s)

2021-12-24 10:22:07 - [TEST_STEP][PASSED] - bestsuited = verifyElementExist(findTestObject("Mobile/Page/NavigationMenu/Container - Risk Profile"), 2): Element 'Object Repository/Mobile/Page/NavigationMenu/Container - Risk Profile' is exist

2021-12-24 10:22:07 - [MESSAGE][PASSED] - Element 'Object Repository/Mobile/Page/NavigationMenu/Container - Risk Profile' is exist

2021-12-24 10:22:07 - [TEST_STEP][PASSED] - if (!(bestsuited)): null

2021-12-24 10:22:07 - [TEST_STEP][PASSED] - x = getDeviceWidth() * 0.2 * j: Current device physical width is 720

2021-12-24 10:22:08 - [MESSAGE][PASSED] - Current device physical width is 720

2021-12-24 10:22:08 - [TEST_STEP][PASSED] - tapAtPosition(x, y): Tapped at [288, 558]

2021-12-24 10:22:08 - [MESSAGE][PASSED] - Tapped at [288, 558]

2021-12-24 10:22:08 - [TEST_STEP][PASSED] - delay(1): Delayed 1 second(s)

2021-12-24 10:22:09 - [MESSAGE][PASSED] - Delayed 1 second(s)

2021-12-24 10:22:09 - [TEST_STEP][FAILED] - bestsuited = verifyElementExist(findTestObject("Mobile/Page/NavigationMenu/Container - Risk Profile"), 2): Failed to check for element 'Object Repository/Mobile/Page/NavigationMenu/Container - Risk Profile' exist (Root cause: com.kms.katalon.core.exception.StepFailedException: Element 'Object Repository/Mobile/Page/NavigationMenu/Container - Risk Profile' not found
	at com.kms.katalon.core.keyword.internal.KeywordMain.stepFailed(KeywordMain.groovy:50)
	at com.kms.katalon.core.mobile.keyword.internal.MobileKeywordMain.stepFailed(MobileKeywordMain.groovy:40)
	at com.kms.katalon.core.mobile.keyword.builtin.VerifyElementExistKeyword$_verifyElementExist_closure1.doCall(VerifyElementExistKeyword.groovy:77)
	at com.kms.katalon.core.mobile.keyword.builtin.VerifyElementExistKeyword$_verifyElementExist_closure1.call(VerifyElementExistKeyword.groovy)
	at com.kms.katalon.core.mobile.keyword.internal.MobileKeywordMain.runKeyword(MobileKeywordMain.groovy:21)
	at com.kms.katalon.core.mobile.keyword.builtin.VerifyElementExistKeyword.verifyElementExist(VerifyElementExistKeyword.groovy:80)
	at com.kms.katalon.core.mobile.keyword.builtin.VerifyElementExistKeyword.execute(VerifyElementExistKeyword.groovy:64)
	at com.kms.katalon.core.keyword.internal.KeywordExecutor.executeKeywordForPlatform(KeywordExecutor.groovy:73)
	at com.kms.katalon.core.mobile.keyword.MobileBuiltInKeywords.verifyElementExist(MobileBuiltInKeywords.groovy:1586)
	at com.kms.katalon.core.mobile.keyword.MobileBuiltInKeywords$verifyElementExist$11.call(Unknown Source)
	at NavigationMenu.run(NavigationMenu:51)
	at com.kms.katalon.core.main.ScriptEngine.run(ScriptEngine.java:194)
	at com.kms.katalon.core.main.ScriptEngine.runScriptAsRawText(ScriptEngine.java:119)
	at com.kms.katalon.core.main.TestCaseExecutor.runScript(TestCaseExecutor.java:398)
	at com.kms.katalon.core.main.TestCaseExecutor.doExecute(TestCaseExecutor.java:389)
	at com.kms.katalon.core.main.TestCaseExecutor.processExecutionPhase(TestCaseExecutor.java:368)
	at com.kms.katalon.core.main.TestCaseExecutor.accessMainPhase(TestCaseExecutor.java:360)
	at com.kms.katalon.core.main.TestCaseExecutor.execute(TestCaseExecutor.java:255)
	at com.kms.katalon.core.main.TestCaseMain.runTestCase(TestCaseMain.java:114)
	at com.kms.katalon.core.keyword.builtin.CallTestCaseKeyword$_callTestCase_closure1.doCall(CallTestCaseKeyword.groovy:59)
	at com.kms.katalon.core.keyword.builtin.CallTestCaseKeyword$_callTestCase_closure1.call(CallTestCaseKeyword.groovy)
	at com.kms.katalon.core.keyword.internal.KeywordMain.runKeyword(KeywordMain.groovy:68)
	at com.kms.katalon.core.keyword.builtin.CallTestCaseKeyword.callTestCase(CallTestCaseKeyword.groovy:81)
	at com.kms.katalon.core.keyword.builtin.CallTestCaseKeyword.execute(CallTestCaseKeyword.groovy:44)
	at com.kms.katalon.core.keyword.internal.KeywordExecutor.executeKeywordForPlatform(KeywordExecutor.groovy:73)
	at com.kms.katalon.core.keyword.BuiltinKeywords.callTestCase(BuiltinKeywords.groovy:334)
	at 002 - Risk Profile analysis.run(002 - Risk Profile analysis:22)
	at com.kms.katalon.core.main.ScriptEngine.run(ScriptEngine.java:194)
	at com.kms.katalon.core.main.ScriptEngine.runScriptAsRawText(ScriptEngine.java:119)
	at com.kms.katalon.core.main.TestCaseExecutor.runScript(TestCaseExecutor.java:398)
	at com.kms.katalon.core.main.TestCaseExecutor.doExecute(TestCaseExecutor.java:389)
	at com.kms.katalon.core.main.TestCaseExecutor.processExecutionPhase(TestCaseExecutor.java:368)
	at com.kms.katalon.core.main.TestCaseExecutor.accessMainPhase(TestCaseExecutor.java:360)
	at com.kms.katalon.core.main.TestCaseExecutor.execute(TestCaseExecutor.java:255)
	at com.kms.katalon.core.main.TestSuiteExecutor.accessTestCaseMainPhase(TestSuiteExecutor.java:203)
	at com.kms.katalon.core.main.TestSuiteExecutor.accessTestSuiteMainPhase(TestSuiteExecutor.java:152)
	at com.kms.katalon.core.main.TestSuiteExecutor.execute(TestSuiteExecutor.java:95)
	at com.kms.katalon.core.main.TestCaseMain.startTestSuite(TestCaseMain.java:157)
	at com.kms.katalon.core.main.TestCaseMain$startTestSuite$0.call(Unknown Source)
	at TempTestSuite1640315158547.run(TempTestSuite1640315158547.groovy:39)
)

2021-12-24 10:22:13 - [MESSAGE][FAILED] - Element 'Object Repository/Mobile/Page/NavigationMenu/Container - Risk Profile' not found
[[ATTACHMENT|C:\\Users\\Owner\\Documents\\kerjaan\\KatalonProject\\qa_katalon_pwm\\qa_katalon_pwm\\Reports\\20211224_100549\\navigationmenu\\20211224_100558\\1640316131892.png]]

2021-12-24 10:22:14 - [MESSAGE][FAILED] - Failed to check for element 'Object Repository/Mobile/Page/NavigationMenu/Container - Risk Profile' exist (Root cause: com.kms.katalon.core.exception.StepFailedException: Element 'Object Repository/Mobile/Page/NavigationMenu/Container - Risk Profile' not found
	at com.kms.katalon.core.keyword.internal.KeywordMain.stepFailed(KeywordMain.groovy:50)
	at com.kms.katalon.core.mobile.keyword.internal.MobileKeywordMain.stepFailed(MobileKeywordMain.groovy:40)
	at com.kms.katalon.core.mobile.keyword.builtin.VerifyElementExistKeyword$_verifyElementExist_closure1.doCall(VerifyElementExistKeyword.groovy:77)
	at com.kms.katalon.core.mobile.keyword.builtin.VerifyElementExistKeyword$_verifyElementExist_closure1.call(VerifyElementExistKeyword.groovy)
	at com.kms.katalon.core.mobile.keyword.internal.MobileKeywordMain.runKeyword(MobileKeywordMain.groovy:21)
	at com.kms.katalon.core.mobile.keyword.builtin.VerifyElementExistKeyword.verifyElementExist(VerifyElementExistKeyword.groovy:80)
	at com.kms.katalon.core.mobile.keyword.builtin.VerifyElementExistKeyword.execute(VerifyElementExistKeyword.groovy:64)
	at com.kms.katalon.core.keyword.internal.KeywordExecutor.executeKeywordForPlatform(KeywordExecutor.groovy:73)
	at com.kms.katalon.core.mobile.keyword.MobileBuiltInKeywords.verifyElementExist(MobileBuiltInKeywords.groovy:1586)
	at com.kms.katalon.core.mobile.keyword.MobileBuiltInKeywords$verifyElementExist$11.call(Unknown Source)
	at NavigationMenu.run(NavigationMenu:51)
	at com.kms.katalon.core.main.ScriptEngine.run(ScriptEngine.java:194)
	at com.kms.katalon.core.main.ScriptEngine.runScriptAsRawText(ScriptEngine.java:119)
	at com.kms.katalon.core.main.TestCaseExecutor.runScript(TestCaseExecutor.java:398)
	at com.kms.katalon.core.main.TestCaseExecutor.doExecute(TestCaseExecutor.java:389)
	at com.kms.katalon.core.main.TestCaseExecutor.processExecutionPhase(TestCaseExecutor.java:368)
	at com.kms.katalon.core.main.TestCaseExecutor.accessMainPhase(TestCaseExecutor.java:360)
	at com.kms.katalon.core.main.TestCaseExecutor.execute(TestCaseExecutor.java:255)
	at com.kms.katalon.core.main.TestCaseMain.runTestCase(TestCaseMain.java:114)
	at com.kms.katalon.core.keyword.builtin.CallTestCaseKeyword$_callTestCase_closure1.doCall(CallTestCaseKeyword.groovy:59)
	at com.kms.katalon.core.keyword.builtin.CallTestCaseKeyword$_callTestCase_closure1.call(CallTestCaseKeyword.groovy)
	at com.kms.katalon.core.keyword.internal.KeywordMain.runKeyword(KeywordMain.groovy:68)
	at com.kms.katalon.core.keyword.builtin.CallTestCaseKeyword.callTestCase(CallTestCaseKeyword.groovy:81)
	at com.kms.katalon.core.keyword.builtin.CallTestCaseKeyword.execute(CallTestCaseKeyword.groovy:44)
	at com.kms.katalon.core.keyword.internal.KeywordExecutor.executeKeywordForPlatform(KeywordExecutor.groovy:73)
	at com.kms.katalon.core.keyword.BuiltinKeywords.callTestCase(BuiltinKeywords.groovy:334)
	at 002 - Risk Profile analysis.run(002 - Risk Profile analysis:22)
	at com.kms.katalon.core.main.ScriptEngine.run(ScriptEngine.java:194)
	at com.kms.katalon.core.main.ScriptEngine.runScriptAsRawText(ScriptEngine.java:119)
	at com.kms.katalon.core.main.TestCaseExecutor.runScript(TestCaseExecutor.java:398)
	at com.kms.katalon.core.main.TestCaseExecutor.doExecute(TestCaseExecutor.java:389)
	at com.kms.katalon.core.main.TestCaseExecutor.processExecutionPhase(TestCaseExecutor.java:368)
	at com.kms.katalon.core.main.TestCaseExecutor.accessMainPhase(TestCaseExecutor.java:360)
	at com.kms.katalon.core.main.TestCaseExecutor.execute(TestCaseExecutor.java:255)
	at com.kms.katalon.core.main.TestSuiteExecutor.accessTestCaseMainPhase(TestSuiteExecutor.java:203)
	at com.kms.katalon.core.main.TestSuiteExecutor.accessTestSuiteMainPhase(TestSuiteExecutor.java:152)
	at com.kms.katalon.core.main.TestSuiteExecutor.execute(TestSuiteExecutor.java:95)
	at com.kms.katalon.core.main.TestCaseMain.startTestSuite(TestCaseMain.java:157)
	at com.kms.katalon.core.main.TestCaseMain$startTestSuite$0.call(Unknown Source)
	at TempTestSuite1640315158547.run(TempTestSuite1640315158547.groovy:39)
)
[[ATTACHMENT|C:\\Users\\Owner\\Documents\\kerjaan\\KatalonProject\\qa_katalon_pwm\\qa_katalon_pwm\\Reports\\20211224_100549\\navigationmenu\\20211224_100558\\1640316133337.png]]

2021-12-24 10:22:14 - [TEST_STEP][PASSED] - catch (Exception e): null

2021-12-24 10:22:14 - [TEST_STEP][PASSED] - rand = new java.util.Random(): null

2021-12-24 10:22:14 - [TEST_STEP][PASSED] - random = rand.nextInt(2): null

2021-12-24 10:22:14 - [TEST_STEP][PASSED] - positionclick.positionclick.clickButtonInBottom(findTestObject("Mobile/Page/NavigationMenu/Risk Profile/Dropdown - How Long")): positionclick.positionclick.clickButtonInBottom is PASSED

2021-12-24 10:22:14 - [MESSAGE][PASSED] - Current device physical width is 720

2021-12-24 10:22:14 - [MESSAGE][WARNING] - Timeout '0' is invalid. Using default page load timeout: '60'

2021-12-24 10:22:15 - [MESSAGE][PASSED] - Object 'Object Repository/Mobile/Page/NavigationMenu/Risk Profile/Dropdown - How Long' has top position '151'

2021-12-24 10:22:15 - [MESSAGE][WARNING] - Timeout '0' is invalid. Using default page load timeout: '60'

2021-12-24 10:22:15 - [MESSAGE][PASSED] - Object 'Object Repository/Mobile/Page/NavigationMenu/Risk Profile/Dropdown - How Long' has height: '126'

2021-12-24 10:22:15 - [MESSAGE][PASSED] - Tapped at [360, 251]

2021-12-24 10:22:15 - [MESSAGE][PASSED] - positionclick.positionclick.clickButtonInBottom is PASSED

2021-12-24 10:22:15 - [TEST_STEP][PASSED] - delay(1): Delayed 1 second(s)

2021-12-24 10:22:16 - [MESSAGE][PASSED] - Delayed 1 second(s)

2021-12-24 10:22:16 - [TEST_STEP][PASSED] - if (random == 0): Tapped on element 'Object Repository/Mobile/Page/NavigationMenu/Risk Profile/Option How Long - 1 to 3'

2021-12-24 10:22:16 - [MESSAGE][WARNING] - Timeout '0' is invalid. Using default page load timeout: '60'

2021-12-24 10:22:17 - [MESSAGE][PASSED] - Tapped on element 'Object Repository/Mobile/Page/NavigationMenu/Risk Profile/Option How Long - 1 to 3'

2021-12-24 10:22:17 - [TEST_STEP][PASSED] - delay(1): Delayed 1 second(s)

2021-12-24 10:22:19 - [MESSAGE][PASSED] - Delayed 1 second(s)

2021-12-24 10:22:19 - [TEST_STEP][PASSED] - random = rand.nextInt(2): null

2021-12-24 10:22:19 - [TEST_STEP][PASSED] - positionclick.positionclick.clickButtonInBottom(findTestObject("Mobile/Page/NavigationMenu/Risk Profile/Dropdown - Investment Goal")): positionclick.positionclick.clickButtonInBottom is PASSED

2021-12-24 10:22:19 - [MESSAGE][PASSED] - Current device physical width is 720

2021-12-24 10:22:19 - [MESSAGE][WARNING] - Timeout '0' is invalid. Using default page load timeout: '60'

2021-12-24 10:22:19 - [MESSAGE][PASSED] - Object 'Object Repository/Mobile/Page/NavigationMenu/Risk Profile/Dropdown - Investment Goal' has top position '303'

2021-12-24 10:22:19 - [MESSAGE][WARNING] - Timeout '0' is invalid. Using default page load timeout: '60'

2021-12-24 10:22:19 - [MESSAGE][PASSED] - Object 'Object Repository/Mobile/Page/NavigationMenu/Risk Profile/Dropdown - Investment Goal' has height: '126'

2021-12-24 10:22:20 - [MESSAGE][PASSED] - Tapped at [360, 403]

2021-12-24 10:22:20 - [MESSAGE][PASSED] - positionclick.positionclick.clickButtonInBottom is PASSED

2021-12-24 10:22:20 - [TEST_STEP][PASSED] - delay(1): Delayed 1 second(s)

2021-12-24 10:22:21 - [MESSAGE][PASSED] - Delayed 1 second(s)

2021-12-24 10:22:21 - [TEST_STEP][PASSED] - if (random == 0): null

2021-12-24 10:22:21 - [TEST_STEP][PASSED] - else: Tapped on element 'Object Repository/Mobile/Page/NavigationMenu/Risk Profile/Option Investment Goal - Profit'

2021-12-24 10:22:21 - [TEST_STEP][PASSED] - tap(findTestObject("Mobile/Page/NavigationMenu/Risk Profile/Option Investment Goal - Profit"), 0): Tapped on element 'Object Repository/Mobile/Page/NavigationMenu/Risk Profile/Option Investment Goal - Profit'

2021-12-24 10:22:21 - [MESSAGE][WARNING] - Timeout '0' is invalid. Using default page load timeout: '60'

2021-12-24 10:22:23 - [MESSAGE][PASSED] - Tapped on element 'Object Repository/Mobile/Page/NavigationMenu/Risk Profile/Option Investment Goal - Profit'

2021-12-24 10:22:23 - [TEST_STEP][PASSED] - delay(1): Delayed 1 second(s)

2021-12-24 10:22:24 - [MESSAGE][PASSED] - Delayed 1 second(s)

2021-12-24 10:22:24 - [TEST_STEP][PASSED] - random = rand.nextInt(2): null

2021-12-24 10:22:24 - [TEST_STEP][PASSED] - positionclick.positionclick.clickButtonInBottom(findTestObject("Mobile/Page/NavigationMenu/Risk Profile/Dropdown - General Knowledge")): positionclick.positionclick.clickButtonInBottom is PASSED

2021-12-24 10:22:24 - [MESSAGE][PASSED] - Current device physical width is 720

2021-12-24 10:22:24 - [MESSAGE][WARNING] - Timeout '0' is invalid. Using default page load timeout: '60'

2021-12-24 10:22:25 - [MESSAGE][PASSED] - Object 'Object Repository/Mobile/Page/NavigationMenu/Risk Profile/Dropdown - General Knowledge' has top position '456'

2021-12-24 10:22:25 - [MESSAGE][WARNING] - Timeout '0' is invalid. Using default page load timeout: '60'

2021-12-24 10:22:25 - [MESSAGE][PASSED] - Object 'Object Repository/Mobile/Page/NavigationMenu/Risk Profile/Dropdown - General Knowledge' has height: '126'

2021-12-24 10:22:26 - [MESSAGE][PASSED] - Tapped at [360, 556]

2021-12-24 10:22:26 - [MESSAGE][PASSED] - positionclick.positionclick.clickButtonInBottom is PASSED

2021-12-24 10:22:26 - [TEST_STEP][PASSED] - delay(1): Delayed 1 second(s)

2021-12-24 10:22:27 - [MESSAGE][PASSED] - Delayed 1 second(s)

2021-12-24 10:22:27 - [TEST_STEP][PASSED] - if (random == 0): null

2021-12-24 10:22:27 - [TEST_STEP][PASSED] - else: Tapped on element 'Object Repository/Mobile/Page/NavigationMenu/Risk Profile/Option General Knowledge - Quite Good'

2021-12-24 10:22:27 - [TEST_STEP][PASSED] - tap(findTestObject("Mobile/Page/NavigationMenu/Risk Profile/Option General Knowledge - Quite Good"), 0): Tapped on element 'Object Repository/Mobile/Page/NavigationMenu/Risk Profile/Option General Knowledge - Quite Good'

2021-12-24 10:22:27 - [MESSAGE][WARNING] - Timeout '0' is invalid. Using default page load timeout: '60'

2021-12-24 10:22:28 - [MESSAGE][PASSED] - Tapped on element 'Object Repository/Mobile/Page/NavigationMenu/Risk Profile/Option General Knowledge - Quite Good'

2021-12-24 10:22:28 - [TEST_STEP][PASSED] - delay(1): Delayed 1 second(s)

2021-12-24 10:22:29 - [MESSAGE][PASSED] - Delayed 1 second(s)

2021-12-24 10:22:29 - [TEST_STEP][PASSED] - random = rand.nextInt(2): null

2021-12-24 10:22:29 - [TEST_STEP][PASSED] - positionclick.positionclick.clickButtonInBottom(findTestObject("Mobile/Page/NavigationMenu/Risk Profile/Dropdown - Total Amount")): positionclick.positionclick.clickButtonInBottom is PASSED

2021-12-24 10:22:30 - [MESSAGE][PASSED] - Current device physical width is 720

2021-12-24 10:22:30 - [MESSAGE][WARNING] - Timeout '0' is invalid. Using default page load timeout: '60'

2021-12-24 10:22:30 - [MESSAGE][PASSED] - Object 'Object Repository/Mobile/Page/NavigationMenu/Risk Profile/Dropdown - Total Amount' has top position '608'

2021-12-24 10:22:30 - [MESSAGE][WARNING] - Timeout '0' is invalid. Using default page load timeout: '60'

2021-12-24 10:22:30 - [MESSAGE][PASSED] - Object 'Object Repository/Mobile/Page/NavigationMenu/Risk Profile/Dropdown - Total Amount' has height: '126'

2021-12-24 10:22:31 - [MESSAGE][PASSED] - Tapped at [360, 708]

2021-12-24 10:22:31 - [MESSAGE][PASSED] - positionclick.positionclick.clickButtonInBottom is PASSED

2021-12-24 10:22:31 - [TEST_STEP][PASSED] - delay(1): Delayed 1 second(s)

2021-12-24 10:22:32 - [MESSAGE][PASSED] - Delayed 1 second(s)

2021-12-24 10:22:32 - [TEST_STEP][PASSED] - if (random == 0): Tapped on element 'Object Repository/Mobile/Page/NavigationMenu/Risk Profile/Option Total Amount - Between 10 and 20'

2021-12-24 10:22:32 - [MESSAGE][WARNING] - Timeout '0' is invalid. Using default page load timeout: '60'

2021-12-24 10:22:33 - [MESSAGE][PASSED] - Tapped on element 'Object Repository/Mobile/Page/NavigationMenu/Risk Profile/Option Total Amount - Between 10 and 20'

2021-12-24 10:22:33 - [TEST_STEP][PASSED] - delay(1): Delayed 1 second(s)

2021-12-24 10:22:34 - [MESSAGE][PASSED] - Delayed 1 second(s)

2021-12-24 10:22:34 - [TEST_STEP][PASSED] - random = rand.nextInt(2): null

2021-12-24 10:22:34 - [TEST_STEP][PASSED] - positionclick.positionclick.clickButtonInBottom(findTestObject("Mobile/Page/NavigationMenu/Risk Profile/Dropdown - Investment Goal")): positionclick.positionclick.clickButtonInBottom is PASSED

2021-12-24 10:22:35 - [MESSAGE][PASSED] - Current device physical width is 720

2021-12-24 10:22:35 - [MESSAGE][WARNING] - Timeout '0' is invalid. Using default page load timeout: '60'

2021-12-24 10:22:35 - [MESSAGE][PASSED] - Object 'Object Repository/Mobile/Page/NavigationMenu/Risk Profile/Dropdown - Investment Goal' has top position '303'

2021-12-24 10:22:35 - [MESSAGE][WARNING] - Timeout '0' is invalid. Using default page load timeout: '60'

2021-12-24 10:22:35 - [MESSAGE][PASSED] - Object 'Object Repository/Mobile/Page/NavigationMenu/Risk Profile/Dropdown - Investment Goal' has height: '126'

2021-12-24 10:22:36 - [MESSAGE][PASSED] - Tapped at [360, 403]

2021-12-24 10:22:36 - [MESSAGE][PASSED] - positionclick.positionclick.clickButtonInBottom is PASSED

2021-12-24 10:22:36 - [TEST_STEP][PASSED] - delay(1): Delayed 1 second(s)

2021-12-24 10:22:37 - [MESSAGE][PASSED] - Delayed 1 second(s)

2021-12-24 10:22:37 - [TEST_STEP][PASSED] - if (random == 0): null

2021-12-24 10:22:37 - [TEST_STEP][PASSED] - else: Tapped on element 'Object Repository/Mobile/Page/NavigationMenu/Risk Profile/Option Risk Level - None'

2021-12-24 10:22:37 - [TEST_STEP][PASSED] - tap(findTestObject("Mobile/Page/NavigationMenu/Risk Profile/Option Risk Level - None"), 0): Tapped on element 'Object Repository/Mobile/Page/NavigationMenu/Risk Profile/Option Risk Level - None'

2021-12-24 10:22:37 - [MESSAGE][WARNING] - Timeout '0' is invalid. Using default page load timeout: '60'

2021-12-24 10:22:38 - [MESSAGE][PASSED] - Tapped on element 'Object Repository/Mobile/Page/NavigationMenu/Risk Profile/Option Risk Level - None'

2021-12-24 10:22:38 - [TEST_STEP][PASSED] - delay(1): Delayed 1 second(s)

2021-12-24 10:22:39 - [MESSAGE][PASSED] - Delayed 1 second(s)

2021-12-24 10:22:39 - [TEST_STEP][PASSED] - random = rand.nextInt(2): null

2021-12-24 10:22:39 - [TEST_STEP][PASSED] - positionclick.positionclick.clickButtonInBottom(findTestObject("Mobile/Page/NavigationMenu/Risk Profile/Dropdown - Best Suited")): positionclick.positionclick.clickButtonInBottom is PASSED

2021-12-24 10:22:40 - [MESSAGE][PASSED] - Current device physical width is 720

2021-12-24 10:22:40 - [MESSAGE][WARNING] - Timeout '0' is invalid. Using default page load timeout: '60'

2021-12-24 10:22:40 - [MESSAGE][PASSED] - Object 'Object Repository/Mobile/Page/NavigationMenu/Risk Profile/Dropdown - Best Suited' has top position '912'

2021-12-24 10:22:40 - [MESSAGE][WARNING] - Timeout '0' is invalid. Using default page load timeout: '60'

2021-12-24 10:22:40 - [MESSAGE][PASSED] - Object 'Object Repository/Mobile/Page/NavigationMenu/Risk Profile/Dropdown - Best Suited' has height: '154'

2021-12-24 10:22:40 - [MESSAGE][PASSED] - Tapped at [360, 1,035]

2021-12-24 10:22:40 - [MESSAGE][PASSED] - positionclick.positionclick.clickButtonInBottom is PASSED

2021-12-24 10:22:40 - [TEST_STEP][PASSED] - delay(1): Delayed 1 second(s)

2021-12-24 10:22:41 - [MESSAGE][PASSED] - Delayed 1 second(s)

2021-12-24 10:22:41 - [TEST_STEP][PASSED] - if (random == 0): Tapped on element 'Object Repository/Mobile/Page/NavigationMenu/Risk Profile/Option Best Suited - Bonds'

2021-12-24 10:22:42 - [MESSAGE][WARNING] - Timeout '0' is invalid. Using default page load timeout: '60'

2021-12-24 10:22:43 - [MESSAGE][PASSED] - Tapped on element 'Object Repository/Mobile/Page/NavigationMenu/Risk Profile/Option Best Suited - Bonds'

2021-12-24 10:22:43 - [TEST_STEP][PASSED] - delay(1): Delayed 1 second(s)

2021-12-24 10:22:44 - [MESSAGE][PASSED] - Delayed 1 second(s)

2021-12-24 10:22:44 - [TEST_STEP][PASSED] - tap(findTestObject("Mobile/Page/NavigationMenu/Risk Profile/Button - Calculate Risk Profile"), 0): Tapped on element 'Object Repository/Mobile/Page/NavigationMenu/Risk Profile/Button - Calculate Risk Profile'

2021-12-24 10:22:44 - [MESSAGE][WARNING] - Timeout '0' is invalid. Using default page load timeout: '60'

2021-12-24 10:22:44 - [MESSAGE][PASSED] - Tapped on element 'Object Repository/Mobile/Page/NavigationMenu/Risk Profile/Button - Calculate Risk Profile'

2021-12-24 10:22:44 - [TEST_STEP][PASSED] - delay(1): Delayed 1 second(s)

2021-12-24 10:22:45 - [MESSAGE][PASSED] - Delayed 1 second(s)

2021-12-24 10:22:45 - [TEST_STEP][PASSED] - pressBack(): Press back button successfully

2021-12-24 10:22:46 - [MESSAGE][PASSED] - Press back button successfully

2021-12-24 10:22:46 - [MESSAGE][PASSED] - Call Test Case 'Test Cases/Mobile/Page/NavigationMenu/NavigationMenu' successfully

2021-12-24 10:22:46 - [TEST_STEP][PASSED] - callTestCase(findTestCase("Mobile/Page/Run App/Terminate App"), [:], STOP_ON_FAILURE): Call Test Case 'Test Cases/Mobile/Page/Run App/Terminate App' successfully

2021-12-24 10:22:46 - [TEST_CASE][PASSED] - Test Cases/Mobile/Page/Run App/Terminate App: Test Cases/Mobile/Page/Run App/Terminate App

2021-12-24 10:22:46 - [TEST_STEP][PASSED] - startApp.OpenApp.terminateApplication(): startApp.OpenApp.terminateApplication is PASSED

2021-12-24 10:22:50 - [MESSAGE][PASSED] - Delayed 3 second(s)

2021-12-24 10:22:50 - [MESSAGE][PASSED] - Current device physical width is 720

2021-12-24 10:22:50 - [MESSAGE][PASSED] - Current device physical height is 1423

2021-12-24 10:22:52 - [MESSAGE][PASSED] - Swiped from 360,853 to 360,142

2021-12-24 10:22:53 - [MESSAGE][PASSED] - Delayed 1 second(s)

2021-12-24 10:22:54 - [MESSAGE][PASSED] - Swiped from 360,853 to 360,142

2021-12-24 10:22:57 - [MESSAGE][PASSED] - Delayed 3 second(s)

2021-12-24 10:22:57 - [MESSAGE][PASSED] - startApp.OpenApp.terminateApplication is PASSED

2021-12-24 10:22:57 - [MESSAGE][PASSED] - Call Test Case 'Test Cases/Mobile/Page/Run App/Terminate App' successfully]]></system-out>
         <system-err><![CDATA[]]></system-err>
      </testcase>
      <testcase name="Test Cases/Mobile/Scenario/NavigationMenu/003 - Whatsapp message" time="147.663" classname="Test Cases/Mobile/Scenario/NavigationMenu/003 - Whatsapp message" status="FAILED">
         <failure type="FAILED" message="Test Cases/Mobile/Scenario/NavigationMenu/003 - Whatsapp message FAILED.
Reason:
com.kms.katalon.core.exception.StepFailedException: Unable to call Test Case 'Test Cases/Mobile/Page/NavigationMenu/NavigationMenu' (Root cause: com.kms.katalon.core.exception.StepFailedException: Call Test Case 'Test Cases/Mobile/Page/NavigationMenu/NavigationMenu' failed
	at com.kms.katalon.core.keyword.builtin.CallTestCaseKeyword$_callTestCase_closure1.doCall(CallTestCaseKeyword.groovy:63)
	at com.kms.katalon.core.keyword.builtin.CallTestCaseKeyword$_callTestCase_closure1.call(CallTestCaseKeyword.groovy)
	at com.kms.katalon.core.keyword.internal.KeywordMain.runKeyword(KeywordMain.groovy:68)
	at com.kms.katalon.core.keyword.builtin.CallTestCaseKeyword.callTestCase(CallTestCaseKeyword.groovy:81)
	at com.kms.katalon.core.keyword.builtin.CallTestCaseKeyword.execute(CallTestCaseKeyword.groovy:44)
	at com.kms.katalon.core.keyword.internal.KeywordExecutor.executeKeywordForPlatform(KeywordExecutor.groovy:73)
	at com.kms.katalon.core.keyword.BuiltinKeywords.callTestCase(BuiltinKeywords.groovy:334)
	at 003 - Whatsapp message.run(003 - Whatsapp message:22)
	at com.kms.katalon.core.main.ScriptEngine.run(ScriptEngine.java:194)
	at com.kms.katalon.core.main.ScriptEngine.runScriptAsRawText(ScriptEngine.java:119)
	at com.kms.katalon.core.main.TestCaseExecutor.runScript(TestCaseExecutor.java:398)
	at com.kms.katalon.core.main.TestCaseExecutor.doExecute(TestCaseExecutor.java:389)
	at com.kms.katalon.core.main.TestCaseExecutor.processExecutionPhase(TestCaseExecutor.java:368)
	at com.kms.katalon.core.main.TestCaseExecutor.accessMainPhase(TestCaseExecutor.java:360)
	at com.kms.katalon.core.main.TestCaseExecutor.execute(TestCaseExecutor.java:255)
	at com.kms.katalon.core.main.TestSuiteExecutor.accessTestCaseMainPhase(TestSuiteExecutor.java:203)
	at com.kms.katalon.core.main.TestSuiteExecutor.accessTestSuiteMainPhase(TestSuiteExecutor.java:152)
	at com.kms.katalon.core.main.TestSuiteExecutor.execute(TestSuiteExecutor.java:95)
	at com.kms.katalon.core.main.TestCaseMain.startTestSuite(TestCaseMain.java:157)
	at com.kms.katalon.core.main.TestCaseMain$startTestSuite$0.call(Unknown Source)
	at TempTestSuite1640315158547.run(TempTestSuite1640315158547.groovy:39)
Caused by: com.kms.katalon.core.exception.StepFailedException: Object Object Repository/Mobile/Page/NavigationMenu/Button - Whatsapp not found
	at com.kms.katalon.core.keyword.internal.KeywordMain.stepFailed(KeywordMain.groovy:50)
	at com.kms.katalon.core.mobile.keyword.internal.MobileKeywordMain.stepFailed(MobileKeywordMain.groovy:40)
	at com.kms.katalon.core.mobile.keyword.builtin.TapKeyword$_tap_closure1.doCall(TapKeyword.groovy:79)
	at com.kms.katalon.core.mobile.keyword.builtin.TapKeyword$_tap_closure1.call(TapKeyword.groovy)
	at com.kms.katalon.core.mobile.keyword.internal.MobileKeywordMain.runKeyword(MobileKeywordMain.groovy:21)
	at com.kms.katalon.core.mobile.keyword.builtin.TapKeyword.tap(TapKeyword.groovy:86)
	at com.kms.katalon.core.mobile.keyword.builtin.TapKeyword.execute(TapKeyword.groovy:68)
	at com.kms.katalon.core.keyword.internal.KeywordExecutor.executeKeywordForPlatform(KeywordExecutor.groovy:73)
	at com.kms.katalon.core.mobile.keyword.MobileBuiltInKeywords.tap(MobileBuiltInKeywords.groovy:1354)
	at com.kms.katalon.core.mobile.keyword.MobileBuiltInKeywords$tap$1.call(Unknown Source)
	at NavigationMenu.run(NavigationMenu:125)
	at com.kms.katalon.core.main.ScriptEngine.run(ScriptEngine.java:194)
	at com.kms.katalon.core.main.ScriptEngine.runScriptAsRawText(ScriptEngine.java:119)
	at com.kms.katalon.core.main.TestCaseExecutor.runScript(TestCaseExecutor.java:398)
	at com.kms.katalon.core.main.TestCaseExecutor.doExecute(TestCaseExecutor.java:389)
	at com.kms.katalon.core.main.TestCaseExecutor.processExecutionPhase(TestCaseExecutor.java:368)
	at com.kms.katalon.core.main.TestCaseExecutor.accessMainPhase(TestCaseExecutor.java:360)
	at com.kms.katalon.core.main.TestCaseExecutor.execute(TestCaseExecutor.java:255)
	at com.kms.katalon.core.main.TestCaseMain.runTestCase(TestCaseMain.java:114)
	at com.kms.katalon.core.keyword.builtin.CallTestCaseKeyword$_callTestCase_closure1.doCall(CallTestCaseKeyword.groovy:59)
	... 20 more
)
	at com.kms.katalon.core.keyword.internal.KeywordMain.stepFailed(KeywordMain.groovy:39)
	at com.kms.katalon.core.keyword.internal.KeywordMain.stepFailed(KeywordMain.groovy)
	at com.kms.katalon.core.keyword.internal.KeywordMain.runKeyword(KeywordMain.groovy:70)
	at com.kms.katalon.core.keyword.builtin.CallTestCaseKeyword.callTestCase(CallTestCaseKeyword.groovy:81)
	at com.kms.katalon.core.keyword.builtin.CallTestCaseKeyword.execute(CallTestCaseKeyword.groovy:44)
	at com.kms.katalon.core.keyword.internal.KeywordExecutor.executeKeywordForPlatform(KeywordExecutor.groovy:73)
	at com.kms.katalon.core.keyword.BuiltinKeywords.callTestCase(BuiltinKeywords.groovy:334)
	at 003 - Whatsapp message.run(003 - Whatsapp message:22)
	at com.kms.katalon.core.main.ScriptEngine.run(ScriptEngine.java:194)
	at com.kms.katalon.core.main.ScriptEngine.runScriptAsRawText(ScriptEngine.java:119)
	at com.kms.katalon.core.main.TestCaseExecutor.runScript(TestCaseExecutor.java:398)
	at com.kms.katalon.core.main.TestCaseExecutor.doExecute(TestCaseExecutor.java:389)
	at com.kms.katalon.core.main.TestCaseExecutor.processExecutionPhase(TestCaseExecutor.java:368)
	at com.kms.katalon.core.main.TestCaseExecutor.accessMainPhase(TestCaseExecutor.java:360)
	at com.kms.katalon.core.main.TestCaseExecutor.execute(TestCaseExecutor.java:255)
	at com.kms.katalon.core.main.TestSuiteExecutor.accessTestCaseMainPhase(TestSuiteExecutor.java:203)
	at com.kms.katalon.core.main.TestSuiteExecutor.accessTestSuiteMainPhase(TestSuiteExecutor.java:152)
	at com.kms.katalon.core.main.TestSuiteExecutor.execute(TestSuiteExecutor.java:95)
	at com.kms.katalon.core.main.TestCaseMain.startTestSuite(TestCaseMain.java:157)
	at com.kms.katalon.core.main.TestCaseMain$startTestSuite$0.call(Unknown Source)
	at TempTestSuite1640315158547.run(TempTestSuite1640315158547.groovy:39)
Caused by: com.kms.katalon.core.exception.StepFailedException: Call Test Case 'Test Cases/Mobile/Page/NavigationMenu/NavigationMenu' failed
	at com.kms.katalon.core.keyword.builtin.CallTestCaseKeyword$_callTestCase_closure1.doCall(CallTestCaseKeyword.groovy:63)
	at com.kms.katalon.core.keyword.builtin.CallTestCaseKeyword$_callTestCase_closure1.call(CallTestCaseKeyword.groovy)
	at com.kms.katalon.core.keyword.internal.KeywordMain.runKeyword(KeywordMain.groovy:68)
	... 18 more
Caused by: com.kms.katalon.core.exception.StepFailedException: Object Object Repository/Mobile/Page/NavigationMenu/Button - Whatsapp not found
	at com.kms.katalon.core.keyword.internal.KeywordMain.stepFailed(KeywordMain.groovy:50)
	at com.kms.katalon.core.mobile.keyword.internal.MobileKeywordMain.stepFailed(MobileKeywordMain.groovy:40)
	at com.kms.katalon.core.mobile.keyword.builtin.TapKeyword$_tap_closure1.doCall(TapKeyword.groovy:79)
	at com.kms.katalon.core.mobile.keyword.builtin.TapKeyword$_tap_closure1.call(TapKeyword.groovy)
	at com.kms.katalon.core.mobile.keyword.internal.MobileKeywordMain.runKeyword(MobileKeywordMain.groovy:21)
	at com.kms.katalon.core.mobile.keyword.builtin.TapKeyword.tap(TapKeyword.groovy:86)
	at com.kms.katalon.core.mobile.keyword.builtin.TapKeyword.execute(TapKeyword.groovy:68)
	at com.kms.katalon.core.keyword.internal.KeywordExecutor.executeKeywordForPlatform(KeywordExecutor.groovy:73)
	at com.kms.katalon.core.mobile.keyword.MobileBuiltInKeywords.tap(MobileBuiltInKeywords.groovy:1354)
	at com.kms.katalon.core.mobile.keyword.MobileBuiltInKeywords$tap$1.call(Unknown Source)
	at NavigationMenu.run(NavigationMenu:125)
	at com.kms.katalon.core.main.ScriptEngine.run(ScriptEngine.java:194)
	at com.kms.katalon.core.main.ScriptEngine.runScriptAsRawText(ScriptEngine.java:119)
	at com.kms.katalon.core.main.TestCaseExecutor.runScript(TestCaseExecutor.java:398)
	at com.kms.katalon.core.main.TestCaseExecutor.doExecute(TestCaseExecutor.java:389)
	at com.kms.katalon.core.main.TestCaseExecutor.processExecutionPhase(TestCaseExecutor.java:368)
	at com.kms.katalon.core.main.TestCaseExecutor.accessMainPhase(TestCaseExecutor.java:360)
	at com.kms.katalon.core.main.TestCaseExecutor.execute(TestCaseExecutor.java:255)
	at com.kms.katalon.core.main.TestCaseMain.runTestCase(TestCaseMain.java:114)
	at com.kms.katalon.core.keyword.builtin.CallTestCaseKeyword$_callTestCase_closure1.doCall(CallTestCaseKeyword.groovy:59)
	... 20 more
"/>
         <system-out><![CDATA[2021-12-24 10:22:57 - [TEST_CASE][FAILED] - Test Cases/Mobile/Scenario/NavigationMenu/003 - Whatsapp message: Test Cases/Mobile/Scenario/NavigationMenu/003 - Whatsapp message FAILED.
Reason:
com.kms.katalon.core.exception.StepFailedException: Unable to call Test Case 'Test Cases/Mobile/Page/NavigationMenu/NavigationMenu' (Root cause: com.kms.katalon.core.exception.StepFailedException: Call Test Case 'Test Cases/Mobile/Page/NavigationMenu/NavigationMenu' failed
	at com.kms.katalon.core.keyword.builtin.CallTestCaseKeyword$_callTestCase_closure1.doCall(CallTestCaseKeyword.groovy:63)
	at com.kms.katalon.core.keyword.builtin.CallTestCaseKeyword$_callTestCase_closure1.call(CallTestCaseKeyword.groovy)
	at com.kms.katalon.core.keyword.internal.KeywordMain.runKeyword(KeywordMain.groovy:68)
	at com.kms.katalon.core.keyword.builtin.CallTestCaseKeyword.callTestCase(CallTestCaseKeyword.groovy:81)
	at com.kms.katalon.core.keyword.builtin.CallTestCaseKeyword.execute(CallTestCaseKeyword.groovy:44)
	at com.kms.katalon.core.keyword.internal.KeywordExecutor.executeKeywordForPlatform(KeywordExecutor.groovy:73)
	at com.kms.katalon.core.keyword.BuiltinKeywords.callTestCase(BuiltinKeywords.groovy:334)
	at 003 - Whatsapp message.run(003 - Whatsapp message:22)
	at com.kms.katalon.core.main.ScriptEngine.run(ScriptEngine.java:194)
	at com.kms.katalon.core.main.ScriptEngine.runScriptAsRawText(ScriptEngine.java:119)
	at com.kms.katalon.core.main.TestCaseExecutor.runScript(TestCaseExecutor.java:398)
	at com.kms.katalon.core.main.TestCaseExecutor.doExecute(TestCaseExecutor.java:389)
	at com.kms.katalon.core.main.TestCaseExecutor.processExecutionPhase(TestCaseExecutor.java:368)
	at com.kms.katalon.core.main.TestCaseExecutor.accessMainPhase(TestCaseExecutor.java:360)
	at com.kms.katalon.core.main.TestCaseExecutor.execute(TestCaseExecutor.java:255)
	at com.kms.katalon.core.main.TestSuiteExecutor.accessTestCaseMainPhase(TestSuiteExecutor.java:203)
	at com.kms.katalon.core.main.TestSuiteExecutor.accessTestSuiteMainPhase(TestSuiteExecutor.java:152)
	at com.kms.katalon.core.main.TestSuiteExecutor.execute(TestSuiteExecutor.java:95)
	at com.kms.katalon.core.main.TestCaseMain.startTestSuite(TestCaseMain.java:157)
	at com.kms.katalon.core.main.TestCaseMain$startTestSuite$0.call(Unknown Source)
	at TempTestSuite1640315158547.run(TempTestSuite1640315158547.groovy:39)
Caused by: com.kms.katalon.core.exception.StepFailedException: Object Object Repository/Mobile/Page/NavigationMenu/Button - Whatsapp not found
	at com.kms.katalon.core.keyword.internal.KeywordMain.stepFailed(KeywordMain.groovy:50)
	at com.kms.katalon.core.mobile.keyword.internal.MobileKeywordMain.stepFailed(MobileKeywordMain.groovy:40)
	at com.kms.katalon.core.mobile.keyword.builtin.TapKeyword$_tap_closure1.doCall(TapKeyword.groovy:79)
	at com.kms.katalon.core.mobile.keyword.builtin.TapKeyword$_tap_closure1.call(TapKeyword.groovy)
	at com.kms.katalon.core.mobile.keyword.internal.MobileKeywordMain.runKeyword(MobileKeywordMain.groovy:21)
	at com.kms.katalon.core.mobile.keyword.builtin.TapKeyword.tap(TapKeyword.groovy:86)
	at com.kms.katalon.core.mobile.keyword.builtin.TapKeyword.execute(TapKeyword.groovy:68)
	at com.kms.katalon.core.keyword.internal.KeywordExecutor.executeKeywordForPlatform(KeywordExecutor.groovy:73)
	at com.kms.katalon.core.mobile.keyword.MobileBuiltInKeywords.tap(MobileBuiltInKeywords.groovy:1354)
	at com.kms.katalon.core.mobile.keyword.MobileBuiltInKeywords$tap$1.call(Unknown Source)
	at NavigationMenu.run(NavigationMenu:125)
	at com.kms.katalon.core.main.ScriptEngine.run(ScriptEngine.java:194)
	at com.kms.katalon.core.main.ScriptEngine.runScriptAsRawText(ScriptEngine.java:119)
	at com.kms.katalon.core.main.TestCaseExecutor.runScript(TestCaseExecutor.java:398)
	at com.kms.katalon.core.main.TestCaseExecutor.doExecute(TestCaseExecutor.java:389)
	at com.kms.katalon.core.main.TestCaseExecutor.processExecutionPhase(TestCaseExecutor.java:368)
	at com.kms.katalon.core.main.TestCaseExecutor.accessMainPhase(TestCaseExecutor.java:360)
	at com.kms.katalon.core.main.TestCaseExecutor.execute(TestCaseExecutor.java:255)
	at com.kms.katalon.core.main.TestCaseMain.runTestCase(TestCaseMain.java:114)
	at com.kms.katalon.core.keyword.builtin.CallTestCaseKeyword$_callTestCase_closure1.doCall(CallTestCaseKeyword.groovy:59)
	... 20 more
)
	at com.kms.katalon.core.keyword.internal.KeywordMain.stepFailed(KeywordMain.groovy:39)
	at com.kms.katalon.core.keyword.internal.KeywordMain.stepFailed(KeywordMain.groovy)
	at com.kms.katalon.core.keyword.internal.KeywordMain.runKeyword(KeywordMain.groovy:70)
	at com.kms.katalon.core.keyword.builtin.CallTestCaseKeyword.callTestCase(CallTestCaseKeyword.groovy:81)
	at com.kms.katalon.core.keyword.builtin.CallTestCaseKeyword.execute(CallTestCaseKeyword.groovy:44)
	at com.kms.katalon.core.keyword.internal.KeywordExecutor.executeKeywordForPlatform(KeywordExecutor.groovy:73)
	at com.kms.katalon.core.keyword.BuiltinKeywords.callTestCase(BuiltinKeywords.groovy:334)
	at 003 - Whatsapp message.run(003 - Whatsapp message:22)
	at com.kms.katalon.core.main.ScriptEngine.run(ScriptEngine.java:194)
	at com.kms.katalon.core.main.ScriptEngine.runScriptAsRawText(ScriptEngine.java:119)
	at com.kms.katalon.core.main.TestCaseExecutor.runScript(TestCaseExecutor.java:398)
	at com.kms.katalon.core.main.TestCaseExecutor.doExecute(TestCaseExecutor.java:389)
	at com.kms.katalon.core.main.TestCaseExecutor.processExecutionPhase(TestCaseExecutor.java:368)
	at com.kms.katalon.core.main.TestCaseExecutor.accessMainPhase(TestCaseExecutor.java:360)
	at com.kms.katalon.core.main.TestCaseExecutor.execute(TestCaseExecutor.java:255)
	at com.kms.katalon.core.main.TestSuiteExecutor.accessTestCaseMainPhase(TestSuiteExecutor.java:203)
	at com.kms.katalon.core.main.TestSuiteExecutor.accessTestSuiteMainPhase(TestSuiteExecutor.java:152)
	at com.kms.katalon.core.main.TestSuiteExecutor.execute(TestSuiteExecutor.java:95)
	at com.kms.katalon.core.main.TestCaseMain.startTestSuite(TestCaseMain.java:157)
	at com.kms.katalon.core.main.TestCaseMain$startTestSuite$0.call(Unknown Source)
	at TempTestSuite1640315158547.run(TempTestSuite1640315158547.groovy:39)
Caused by: com.kms.katalon.core.exception.StepFailedException: Call Test Case 'Test Cases/Mobile/Page/NavigationMenu/NavigationMenu' failed
	at com.kms.katalon.core.keyword.builtin.CallTestCaseKeyword$_callTestCase_closure1.doCall(CallTestCaseKeyword.groovy:63)
	at com.kms.katalon.core.keyword.builtin.CallTestCaseKeyword$_callTestCase_closure1.call(CallTestCaseKeyword.groovy)
	at com.kms.katalon.core.keyword.internal.KeywordMain.runKeyword(KeywordMain.groovy:68)
	... 18 more
Caused by: com.kms.katalon.core.exception.StepFailedException: Object Object Repository/Mobile/Page/NavigationMenu/Button - Whatsapp not found
	at com.kms.katalon.core.keyword.internal.KeywordMain.stepFailed(KeywordMain.groovy:50)
	at com.kms.katalon.core.mobile.keyword.internal.MobileKeywordMain.stepFailed(MobileKeywordMain.groovy:40)
	at com.kms.katalon.core.mobile.keyword.builtin.TapKeyword$_tap_closure1.doCall(TapKeyword.groovy:79)
	at com.kms.katalon.core.mobile.keyword.builtin.TapKeyword$_tap_closure1.call(TapKeyword.groovy)
	at com.kms.katalon.core.mobile.keyword.internal.MobileKeywordMain.runKeyword(MobileKeywordMain.groovy:21)
	at com.kms.katalon.core.mobile.keyword.builtin.TapKeyword.tap(TapKeyword.groovy:86)
	at com.kms.katalon.core.mobile.keyword.builtin.TapKeyword.execute(TapKeyword.groovy:68)
	at com.kms.katalon.core.keyword.internal.KeywordExecutor.executeKeywordForPlatform(KeywordExecutor.groovy:73)
	at com.kms.katalon.core.mobile.keyword.MobileBuiltInKeywords.tap(MobileBuiltInKeywords.groovy:1354)
	at com.kms.katalon.core.mobile.keyword.MobileBuiltInKeywords$tap$1.call(Unknown Source)
	at NavigationMenu.run(NavigationMenu:125)
	at com.kms.katalon.core.main.ScriptEngine.run(ScriptEngine.java:194)
	at com.kms.katalon.core.main.ScriptEngine.runScriptAsRawText(ScriptEngine.java:119)
	at com.kms.katalon.core.main.TestCaseExecutor.runScript(TestCaseExecutor.java:398)
	at com.kms.katalon.core.main.TestCaseExecutor.doExecute(TestCaseExecutor.java:389)
	at com.kms.katalon.core.main.TestCaseExecutor.processExecutionPhase(TestCaseExecutor.java:368)
	at com.kms.katalon.core.main.TestCaseExecutor.accessMainPhase(TestCaseExecutor.java:360)
	at com.kms.katalon.core.main.TestCaseExecutor.execute(TestCaseExecutor.java:255)
	at com.kms.katalon.core.main.TestCaseMain.runTestCase(TestCaseMain.java:114)
	at com.kms.katalon.core.keyword.builtin.CallTestCaseKeyword$_callTestCase_closure1.doCall(CallTestCaseKeyword.groovy:59)
	... 20 more


2021-12-24 10:22:58 - [TEST_STEP][PASSED] - callTestCase(findTestCase("Mobile/Page/Run App/Run App byID"), [:], STOP_ON_FAILURE): Call Test Case 'Test Cases/Mobile/Page/Run App/Run App byID' successfully

2021-12-24 10:22:58 - [TEST_CASE][PASSED] - Test Cases/Mobile/Page/Run App/Run App byID: Test Cases/Mobile/Page/Run App/Run App byID

2021-12-24 10:22:58 - [TEST_STEP][PASSED] - startApp.OpenApp.startApplication("id.co.miraeasset.sageclub"): startApp.OpenApp.startApplication is PASSED

2021-12-24 10:23:18 - [MESSAGE][PASSED] - Starting app with application ID: 'id.co.miraeasset.sageclub'

2021-12-24 10:23:18 - [MESSAGE][PASSED] - startApp.OpenApp.startApplication is PASSED

2021-12-24 10:23:18 - [MESSAGE][PASSED] - Call Test Case 'Test Cases/Mobile/Page/Run App/Run App byID' successfully

2021-12-24 10:23:18 - [TEST_STEP][FAILED] - callTestCase(findTestCase("Mobile/Page/NavigationMenu/NavigationMenu"), ["action":"wa"], CONTINUE_ON_FAILURE): Unable to call Test Case 'Test Cases/Mobile/Page/NavigationMenu/NavigationMenu' (Root cause: com.kms.katalon.core.exception.StepFailedException: Call Test Case 'Test Cases/Mobile/Page/NavigationMenu/NavigationMenu' failed
	at com.kms.katalon.core.keyword.builtin.CallTestCaseKeyword$_callTestCase_closure1.doCall(CallTestCaseKeyword.groovy:63)
	at com.kms.katalon.core.keyword.builtin.CallTestCaseKeyword$_callTestCase_closure1.call(CallTestCaseKeyword.groovy)
	at com.kms.katalon.core.keyword.internal.KeywordMain.runKeyword(KeywordMain.groovy:68)
	at com.kms.katalon.core.keyword.builtin.CallTestCaseKeyword.callTestCase(CallTestCaseKeyword.groovy:81)
	at com.kms.katalon.core.keyword.builtin.CallTestCaseKeyword.execute(CallTestCaseKeyword.groovy:44)
	at com.kms.katalon.core.keyword.internal.KeywordExecutor.executeKeywordForPlatform(KeywordExecutor.groovy:73)
	at com.kms.katalon.core.keyword.BuiltinKeywords.callTestCase(BuiltinKeywords.groovy:334)
	at 003 - Whatsapp message.run(003 - Whatsapp message:22)
	at com.kms.katalon.core.main.ScriptEngine.run(ScriptEngine.java:194)
	at com.kms.katalon.core.main.ScriptEngine.runScriptAsRawText(ScriptEngine.java:119)
	at com.kms.katalon.core.main.TestCaseExecutor.runScript(TestCaseExecutor.java:398)
	at com.kms.katalon.core.main.TestCaseExecutor.doExecute(TestCaseExecutor.java:389)
	at com.kms.katalon.core.main.TestCaseExecutor.processExecutionPhase(TestCaseExecutor.java:368)
	at com.kms.katalon.core.main.TestCaseExecutor.accessMainPhase(TestCaseExecutor.java:360)
	at com.kms.katalon.core.main.TestCaseExecutor.execute(TestCaseExecutor.java:255)
	at com.kms.katalon.core.main.TestSuiteExecutor.accessTestCaseMainPhase(TestSuiteExecutor.java:203)
	at com.kms.katalon.core.main.TestSuiteExecutor.accessTestSuiteMainPhase(TestSuiteExecutor.java:152)
	at com.kms.katalon.core.main.TestSuiteExecutor.execute(TestSuiteExecutor.java:95)
	at com.kms.katalon.core.main.TestCaseMain.startTestSuite(TestCaseMain.java:157)
	at com.kms.katalon.core.main.TestCaseMain$startTestSuite$0.call(Unknown Source)
	at TempTestSuite1640315158547.run(TempTestSuite1640315158547.groovy:39)
Caused by: com.kms.katalon.core.exception.StepFailedException: Object Object Repository/Mobile/Page/NavigationMenu/Button - Whatsapp not found
	at com.kms.katalon.core.keyword.internal.KeywordMain.stepFailed(KeywordMain.groovy:50)
	at com.kms.katalon.core.mobile.keyword.internal.MobileKeywordMain.stepFailed(MobileKeywordMain.groovy:40)
	at com.kms.katalon.core.mobile.keyword.builtin.TapKeyword$_tap_closure1.doCall(TapKeyword.groovy:79)
	at com.kms.katalon.core.mobile.keyword.builtin.TapKeyword$_tap_closure1.call(TapKeyword.groovy)
	at com.kms.katalon.core.mobile.keyword.internal.MobileKeywordMain.runKeyword(MobileKeywordMain.groovy:21)
	at com.kms.katalon.core.mobile.keyword.builtin.TapKeyword.tap(TapKeyword.groovy:86)
	at com.kms.katalon.core.mobile.keyword.builtin.TapKeyword.execute(TapKeyword.groovy:68)
	at com.kms.katalon.core.keyword.internal.KeywordExecutor.executeKeywordForPlatform(KeywordExecutor.groovy:73)
	at com.kms.katalon.core.mobile.keyword.MobileBuiltInKeywords.tap(MobileBuiltInKeywords.groovy:1354)
	at com.kms.katalon.core.mobile.keyword.MobileBuiltInKeywords$tap$1.call(Unknown Source)
	at NavigationMenu.run(NavigationMenu:125)
	at com.kms.katalon.core.main.ScriptEngine.run(ScriptEngine.java:194)
	at com.kms.katalon.core.main.ScriptEngine.runScriptAsRawText(ScriptEngine.java:119)
	at com.kms.katalon.core.main.TestCaseExecutor.runScript(TestCaseExecutor.java:398)
	at com.kms.katalon.core.main.TestCaseExecutor.doExecute(TestCaseExecutor.java:389)
	at com.kms.katalon.core.main.TestCaseExecutor.processExecutionPhase(TestCaseExecutor.java:368)
	at com.kms.katalon.core.main.TestCaseExecutor.accessMainPhase(TestCaseExecutor.java:360)
	at com.kms.katalon.core.main.TestCaseExecutor.execute(TestCaseExecutor.java:255)
	at com.kms.katalon.core.main.TestCaseMain.runTestCase(TestCaseMain.java:114)
	at com.kms.katalon.core.keyword.builtin.CallTestCaseKeyword$_callTestCase_closure1.doCall(CallTestCaseKeyword.groovy:59)
	... 20 more
)

2021-12-24 10:23:18 - [TEST_CASE][FAILED] - Test Cases/Mobile/Page/NavigationMenu/NavigationMenu: Test Cases/Mobile/Page/NavigationMenu/NavigationMenu FAILED.
Reason:
com.kms.katalon.core.exception.StepFailedException: Object Object Repository/Mobile/Page/NavigationMenu/Button - Whatsapp not found
	at com.kms.katalon.core.keyword.internal.KeywordMain.stepFailed(KeywordMain.groovy:50)
	at com.kms.katalon.core.mobile.keyword.internal.MobileKeywordMain.stepFailed(MobileKeywordMain.groovy:40)
	at com.kms.katalon.core.mobile.keyword.builtin.TapKeyword$_tap_closure1.doCall(TapKeyword.groovy:79)
	at com.kms.katalon.core.mobile.keyword.builtin.TapKeyword$_tap_closure1.call(TapKeyword.groovy)
	at com.kms.katalon.core.mobile.keyword.internal.MobileKeywordMain.runKeyword(MobileKeywordMain.groovy:21)
	at com.kms.katalon.core.mobile.keyword.builtin.TapKeyword.tap(TapKeyword.groovy:86)
	at com.kms.katalon.core.mobile.keyword.builtin.TapKeyword.execute(TapKeyword.groovy:68)
	at com.kms.katalon.core.keyword.internal.KeywordExecutor.executeKeywordForPlatform(KeywordExecutor.groovy:73)
	at com.kms.katalon.core.mobile.keyword.MobileBuiltInKeywords.tap(MobileBuiltInKeywords.groovy:1354)
	at com.kms.katalon.core.mobile.keyword.MobileBuiltInKeywords$tap$1.call(Unknown Source)
	at NavigationMenu.run(NavigationMenu:125)
	at com.kms.katalon.core.main.ScriptEngine.run(ScriptEngine.java:194)
	at com.kms.katalon.core.main.ScriptEngine.runScriptAsRawText(ScriptEngine.java:119)
	at com.kms.katalon.core.main.TestCaseExecutor.runScript(TestCaseExecutor.java:398)
	at com.kms.katalon.core.main.TestCaseExecutor.doExecute(TestCaseExecutor.java:389)
	at com.kms.katalon.core.main.TestCaseExecutor.processExecutionPhase(TestCaseExecutor.java:368)
	at com.kms.katalon.core.main.TestCaseExecutor.accessMainPhase(TestCaseExecutor.java:360)
	at com.kms.katalon.core.main.TestCaseExecutor.execute(TestCaseExecutor.java:255)
	at com.kms.katalon.core.main.TestCaseMain.runTestCase(TestCaseMain.java:114)
	at com.kms.katalon.core.keyword.builtin.CallTestCaseKeyword$_callTestCase_closure1.doCall(CallTestCaseKeyword.groovy:59)
	at com.kms.katalon.core.keyword.builtin.CallTestCaseKeyword$_callTestCase_closure1.call(CallTestCaseKeyword.groovy)
	at com.kms.katalon.core.keyword.internal.KeywordMain.runKeyword(KeywordMain.groovy:68)
	at com.kms.katalon.core.keyword.builtin.CallTestCaseKeyword.callTestCase(CallTestCaseKeyword.groovy:81)
	at com.kms.katalon.core.keyword.builtin.CallTestCaseKeyword.execute(CallTestCaseKeyword.groovy:44)
	at com.kms.katalon.core.keyword.internal.KeywordExecutor.executeKeywordForPlatform(KeywordExecutor.groovy:73)
	at com.kms.katalon.core.keyword.BuiltinKeywords.callTestCase(BuiltinKeywords.groovy:334)
	at 003 - Whatsapp message.run(003 - Whatsapp message:22)
	at com.kms.katalon.core.main.ScriptEngine.run(ScriptEngine.java:194)
	at com.kms.katalon.core.main.ScriptEngine.runScriptAsRawText(ScriptEngine.java:119)
	at com.kms.katalon.core.main.TestCaseExecutor.runScript(TestCaseExecutor.java:398)
	at com.kms.katalon.core.main.TestCaseExecutor.doExecute(TestCaseExecutor.java:389)
	at com.kms.katalon.core.main.TestCaseExecutor.processExecutionPhase(TestCaseExecutor.java:368)
	at com.kms.katalon.core.main.TestCaseExecutor.accessMainPhase(TestCaseExecutor.java:360)
	at com.kms.katalon.core.main.TestCaseExecutor.execute(TestCaseExecutor.java:255)
	at com.kms.katalon.core.main.TestSuiteExecutor.accessTestCaseMainPhase(TestSuiteExecutor.java:203)
	at com.kms.katalon.core.main.TestSuiteExecutor.accessTestSuiteMainPhase(TestSuiteExecutor.java:152)
	at com.kms.katalon.core.main.TestSuiteExecutor.execute(TestSuiteExecutor.java:95)
	at com.kms.katalon.core.main.TestCaseMain.startTestSuite(TestCaseMain.java:157)
	at com.kms.katalon.core.main.TestCaseMain$startTestSuite$0.call(Unknown Source)
	at TempTestSuite1640315158547.run(TempTestSuite1640315158547.groovy:39)


2021-12-24 10:23:18 - [TEST_STEP][PASSED] - callTestCase(findTestCase("Mobile/Page/CheckLogin"), [:], CONTINUE_ON_FAILURE): Call Test Case 'Test Cases/Mobile/Page/CheckLogin' successfully

2021-12-24 10:23:18 - [TEST_CASE][PASSED] - Test Cases/Mobile/Page/CheckLogin: Test Cases/Mobile/Page/CheckLogin

2021-12-24 10:23:18 - [TEST_STEP][PASSED] - loginCheck = verifyElementExist(findTestObject("Mobile/Page/Login/Button - Login"), 5, CONTINUE_ON_FAILURE): Element 'Object Repository/Mobile/Page/Login/Button - Login' is exist

2021-12-24 10:23:21 - [MESSAGE][PASSED] - Element 'Object Repository/Mobile/Page/Login/Button - Login' is exist

2021-12-24 10:23:21 - [TEST_STEP][PASSED] - if (loginCheck): Call Test Case 'Test Cases/Mobile/Page/Login/Login' successfully

2021-12-24 10:23:21 - [TEST_STEP][PASSED] - callTestCase(findTestCase("Mobile/Page/Login/Login"), [:], CONTINUE_ON_FAILURE): Call Test Case 'Test Cases/Mobile/Page/Login/Login' successfully

2021-12-24 10:23:21 - [TEST_CASE][PASSED] - Test Cases/Mobile/Page/Login/Login: Test Cases/Mobile/Page/Login/Login

2021-12-24 10:23:21 - [TEST_STEP][PASSED] - delay(2): Delayed 2 second(s)

2021-12-24 10:23:23 - [MESSAGE][PASSED] - Delayed 2 second(s)

2021-12-24 10:23:23 - [TEST_STEP][PASSED] - tap(findTestObject("Mobile/Page/Login/Input - UserID"), 0): Tapped on element 'Object Repository/Mobile/Page/Login/Input - UserID'

2021-12-24 10:23:23 - [MESSAGE][WARNING] - Timeout '0' is invalid. Using default page load timeout: '60'

2021-12-24 10:23:24 - [MESSAGE][PASSED] - Tapped on element 'Object Repository/Mobile/Page/Login/Input - UserID'

2021-12-24 10:23:24 - [TEST_STEP][PASSED] - delay(1): Delayed 1 second(s)

2021-12-24 10:23:25 - [MESSAGE][PASSED] - Delayed 1 second(s)

2021-12-24 10:23:25 - [TEST_STEP][PASSED] - setText(findTestObject("Mobile/Page/Login/Input Rdy - UserID"), "anggaaditya", 0): Text 'anggaaditya' has been set to element 'Object Repository/Mobile/Page/Login/Input Rdy - UserID'

2021-12-24 10:23:25 - [MESSAGE][WARNING] - Timeout '0' is invalid. Using default page load timeout: '60'

2021-12-24 10:23:26 - [MESSAGE][PASSED] - Text 'anggaaditya' has been set to element 'Object Repository/Mobile/Page/Login/Input Rdy - UserID'

2021-12-24 10:23:26 - [TEST_STEP][PASSED] - delay(1): Delayed 1 second(s)

2021-12-24 10:23:27 - [MESSAGE][PASSED] - Delayed 1 second(s)

2021-12-24 10:23:27 - [TEST_STEP][PASSED] - hideKeyboard(): Keyboard is hidden

2021-12-24 10:23:35 - [MESSAGE][PASSED] - Keyboard is hidden

2021-12-24 10:23:35 - [TEST_STEP][PASSED] - tap(findTestObject("Mobile/Page/Login/Input - Password"), 0): Tapped on element 'Object Repository/Mobile/Page/Login/Input - Password'

2021-12-24 10:23:36 - [MESSAGE][WARNING] - Timeout '0' is invalid. Using default page load timeout: '60'

2021-12-24 10:23:36 - [MESSAGE][PASSED] - Tapped on element 'Object Repository/Mobile/Page/Login/Input - Password'

2021-12-24 10:23:36 - [TEST_STEP][PASSED] - delay(1): Delayed 1 second(s)

2021-12-24 10:23:37 - [MESSAGE][PASSED] - Delayed 1 second(s)

2021-12-24 10:23:37 - [TEST_STEP][PASSED] - setText(findTestObject("Mobile/Page/Login/Input Rdy - Password"), "Shalawa18", 0): Text 'Shalawa18' has been set to element 'Object Repository/Mobile/Page/Login/Input Rdy - Password'

2021-12-24 10:23:37 - [MESSAGE][WARNING] - Timeout '0' is invalid. Using default page load timeout: '60'

2021-12-24 10:23:38 - [MESSAGE][PASSED] - Text 'Shalawa18' has been set to element 'Object Repository/Mobile/Page/Login/Input Rdy - Password'

2021-12-24 10:23:38 - [TEST_STEP][PASSED] - delay(1): Delayed 1 second(s)

2021-12-24 10:23:39 - [MESSAGE][PASSED] - Delayed 1 second(s)

2021-12-24 10:23:39 - [TEST_STEP][PASSED] - hideKeyboard(): Keyboard is hidden

2021-12-24 10:23:50 - [MESSAGE][PASSED] - Keyboard is hidden

2021-12-24 10:23:50 - [TEST_STEP][PASSED] - tap(findTestObject("Mobile/Page/Login/Button - Login"), 0): Tapped on element 'Object Repository/Mobile/Page/Login/Button - Login'

2021-12-24 10:23:50 - [MESSAGE][WARNING] - Timeout '0' is invalid. Using default page load timeout: '60'

2021-12-24 10:23:51 - [MESSAGE][PASSED] - Tapped on element 'Object Repository/Mobile/Page/Login/Button - Login'

2021-12-24 10:23:51 - [TEST_STEP][PASSED] - delay(2): Delayed 2 second(s)

2021-12-24 10:23:53 - [MESSAGE][PASSED] - Delayed 2 second(s)

2021-12-24 10:23:53 - [MESSAGE][PASSED] - Call Test Case 'Test Cases/Mobile/Page/Login/Login' successfully

2021-12-24 10:23:53 - [MESSAGE][PASSED] - Call Test Case 'Test Cases/Mobile/Page/CheckLogin' successfully

2021-12-24 10:23:53 - [TEST_STEP][PASSED] - delay(3): Delayed 3 second(s)

2021-12-24 10:23:56 - [MESSAGE][PASSED] - Delayed 3 second(s)

2021-12-24 10:23:56 - [TEST_STEP][PASSED] - scroll.scroll.scrollScreenLeftToRight(): scroll.scroll.scrollScreenLeftToRight is PASSED

2021-12-24 10:23:57 - [MESSAGE][PASSED] - Current device physical height is 1423

2021-12-24 10:23:57 - [MESSAGE][PASSED] - Current device physical width is 720

2021-12-24 10:23:58 - [MESSAGE][PASSED] - Current device physical height is 1423

2021-12-24 10:23:59 - [MESSAGE][PASSED] - Swiped from 10,711 to 710,711

2021-12-24 10:23:59 - [MESSAGE][PASSED] - scroll.scroll.scrollScreenLeftToRight is PASSED

2021-12-24 10:23:59 - [TEST_STEP][PASSED] - delay(1): Delayed 1 second(s)

2021-12-24 10:24:00 - [MESSAGE][PASSED] - Delayed 1 second(s)

2021-12-24 10:24:00 - [TEST_STEP][FAILED] - for ([i = 0, i < 1, (i++)]): Failed to tap on element 'Object Repository/Mobile/Page/NavigationMenu/Button - Whatsapp' (Root cause: com.kms.katalon.core.exception.StepFailedException: Object Object Repository/Mobile/Page/NavigationMenu/Button - Whatsapp not found
	at com.kms.katalon.core.keyword.internal.KeywordMain.stepFailed(KeywordMain.groovy:50)
	at com.kms.katalon.core.mobile.keyword.internal.MobileKeywordMain.stepFailed(MobileKeywordMain.groovy:40)
	at com.kms.katalon.core.mobile.keyword.builtin.TapKeyword$_tap_closure1.doCall(TapKeyword.groovy:79)
	at com.kms.katalon.core.mobile.keyword.builtin.TapKeyword$_tap_closure1.call(TapKeyword.groovy)
	at com.kms.katalon.core.mobile.keyword.internal.MobileKeywordMain.runKeyword(MobileKeywordMain.groovy:21)
	at com.kms.katalon.core.mobile.keyword.builtin.TapKeyword.tap(TapKeyword.groovy:86)
	at com.kms.katalon.core.mobile.keyword.builtin.TapKeyword.execute(TapKeyword.groovy:68)
	at com.kms.katalon.core.keyword.internal.KeywordExecutor.executeKeywordForPlatform(KeywordExecutor.groovy:73)
	at com.kms.katalon.core.mobile.keyword.MobileBuiltInKeywords.tap(MobileBuiltInKeywords.groovy:1354)
	at com.kms.katalon.core.mobile.keyword.MobileBuiltInKeywords$tap$1.call(Unknown Source)
	at NavigationMenu.run(NavigationMenu:125)
	at com.kms.katalon.core.main.ScriptEngine.run(ScriptEngine.java:194)
	at com.kms.katalon.core.main.ScriptEngine.runScriptAsRawText(ScriptEngine.java:119)
	at com.kms.katalon.core.main.TestCaseExecutor.runScript(TestCaseExecutor.java:398)
	at com.kms.katalon.core.main.TestCaseExecutor.doExecute(TestCaseExecutor.java:389)
	at com.kms.katalon.core.main.TestCaseExecutor.processExecutionPhase(TestCaseExecutor.java:368)
	at com.kms.katalon.core.main.TestCaseExecutor.accessMainPhase(TestCaseExecutor.java:360)
	at com.kms.katalon.core.main.TestCaseExecutor.execute(TestCaseExecutor.java:255)
	at com.kms.katalon.core.main.TestCaseMain.runTestCase(TestCaseMain.java:114)
	at com.kms.katalon.core.keyword.builtin.CallTestCaseKeyword$_callTestCase_closure1.doCall(CallTestCaseKeyword.groovy:59)
	at com.kms.katalon.core.keyword.builtin.CallTestCaseKeyword$_callTestCase_closure1.call(CallTestCaseKeyword.groovy)
	at com.kms.katalon.core.keyword.internal.KeywordMain.runKeyword(KeywordMain.groovy:68)
	at com.kms.katalon.core.keyword.builtin.CallTestCaseKeyword.callTestCase(CallTestCaseKeyword.groovy:81)
	at com.kms.katalon.core.keyword.builtin.CallTestCaseKeyword.execute(CallTestCaseKeyword.groovy:44)
	at com.kms.katalon.core.keyword.internal.KeywordExecutor.executeKeywordForPlatform(KeywordExecutor.groovy:73)
	at com.kms.katalon.core.keyword.BuiltinKeywords.callTestCase(BuiltinKeywords.groovy:334)
	at 003 - Whatsapp message.run(003 - Whatsapp message:22)
	at com.kms.katalon.core.main.ScriptEngine.run(ScriptEngine.java:194)
	at com.kms.katalon.core.main.ScriptEngine.runScriptAsRawText(ScriptEngine.java:119)
	at com.kms.katalon.core.main.TestCaseExecutor.runScript(TestCaseExecutor.java:398)
	at com.kms.katalon.core.main.TestCaseExecutor.doExecute(TestCaseExecutor.java:389)
	at com.kms.katalon.core.main.TestCaseExecutor.processExecutionPhase(TestCaseExecutor.java:368)
	at com.kms.katalon.core.main.TestCaseExecutor.accessMainPhase(TestCaseExecutor.java:360)
	at com.kms.katalon.core.main.TestCaseExecutor.execute(TestCaseExecutor.java:255)
	at com.kms.katalon.core.main.TestSuiteExecutor.accessTestCaseMainPhase(TestSuiteExecutor.java:203)
	at com.kms.katalon.core.main.TestSuiteExecutor.accessTestSuiteMainPhase(TestSuiteExecutor.java:152)
	at com.kms.katalon.core.main.TestSuiteExecutor.execute(TestSuiteExecutor.java:95)
	at com.kms.katalon.core.main.TestCaseMain.startTestSuite(TestCaseMain.java:157)
	at com.kms.katalon.core.main.TestCaseMain$startTestSuite$0.call(Unknown Source)
	at TempTestSuite1640315158547.run(TempTestSuite1640315158547.groovy:39)
)

2021-12-24 10:24:00 - [TEST_STEP][PASSED] - if (action == "downloadtaxreport"): null

2021-12-24 10:24:00 - [TEST_STEP][PASSED] - else if (action == "analyzeprofile"): null

2021-12-24 10:24:00 - [TEST_STEP][FAILED] - else if (action == "wa"): Failed to tap on element 'Object Repository/Mobile/Page/NavigationMenu/Button - Whatsapp' (Root cause: com.kms.katalon.core.exception.StepFailedException: Object Object Repository/Mobile/Page/NavigationMenu/Button - Whatsapp not found
	at com.kms.katalon.core.keyword.internal.KeywordMain.stepFailed(KeywordMain.groovy:50)
	at com.kms.katalon.core.mobile.keyword.internal.MobileKeywordMain.stepFailed(MobileKeywordMain.groovy:40)
	at com.kms.katalon.core.mobile.keyword.builtin.TapKeyword$_tap_closure1.doCall(TapKeyword.groovy:79)
	at com.kms.katalon.core.mobile.keyword.builtin.TapKeyword$_tap_closure1.call(TapKeyword.groovy)
	at com.kms.katalon.core.mobile.keyword.internal.MobileKeywordMain.runKeyword(MobileKeywordMain.groovy:21)
	at com.kms.katalon.core.mobile.keyword.builtin.TapKeyword.tap(TapKeyword.groovy:86)
	at com.kms.katalon.core.mobile.keyword.builtin.TapKeyword.execute(TapKeyword.groovy:68)
	at com.kms.katalon.core.keyword.internal.KeywordExecutor.executeKeywordForPlatform(KeywordExecutor.groovy:73)
	at com.kms.katalon.core.mobile.keyword.MobileBuiltInKeywords.tap(MobileBuiltInKeywords.groovy:1354)
	at com.kms.katalon.core.mobile.keyword.MobileBuiltInKeywords$tap$1.call(Unknown Source)
	at NavigationMenu.run(NavigationMenu:125)
	at com.kms.katalon.core.main.ScriptEngine.run(ScriptEngine.java:194)
	at com.kms.katalon.core.main.ScriptEngine.runScriptAsRawText(ScriptEngine.java:119)
	at com.kms.katalon.core.main.TestCaseExecutor.runScript(TestCaseExecutor.java:398)
	at com.kms.katalon.core.main.TestCaseExecutor.doExecute(TestCaseExecutor.java:389)
	at com.kms.katalon.core.main.TestCaseExecutor.processExecutionPhase(TestCaseExecutor.java:368)
	at com.kms.katalon.core.main.TestCaseExecutor.accessMainPhase(TestCaseExecutor.java:360)
	at com.kms.katalon.core.main.TestCaseExecutor.execute(TestCaseExecutor.java:255)
	at com.kms.katalon.core.main.TestCaseMain.runTestCase(TestCaseMain.java:114)
	at com.kms.katalon.core.keyword.builtin.CallTestCaseKeyword$_callTestCase_closure1.doCall(CallTestCaseKeyword.groovy:59)
	at com.kms.katalon.core.keyword.builtin.CallTestCaseKeyword$_callTestCase_closure1.call(CallTestCaseKeyword.groovy)
	at com.kms.katalon.core.keyword.internal.KeywordMain.runKeyword(KeywordMain.groovy:68)
	at com.kms.katalon.core.keyword.builtin.CallTestCaseKeyword.callTestCase(CallTestCaseKeyword.groovy:81)
	at com.kms.katalon.core.keyword.builtin.CallTestCaseKeyword.execute(CallTestCaseKeyword.groovy:44)
	at com.kms.katalon.core.keyword.internal.KeywordExecutor.executeKeywordForPlatform(KeywordExecutor.groovy:73)
	at com.kms.katalon.core.keyword.BuiltinKeywords.callTestCase(BuiltinKeywords.groovy:334)
	at 003 - Whatsapp message.run(003 - Whatsapp message:22)
	at com.kms.katalon.core.main.ScriptEngine.run(ScriptEngine.java:194)
	at com.kms.katalon.core.main.ScriptEngine.runScriptAsRawText(ScriptEngine.java:119)
	at com.kms.katalon.core.main.TestCaseExecutor.runScript(TestCaseExecutor.java:398)
	at com.kms.katalon.core.main.TestCaseExecutor.doExecute(TestCaseExecutor.java:389)
	at com.kms.katalon.core.main.TestCaseExecutor.processExecutionPhase(TestCaseExecutor.java:368)
	at com.kms.katalon.core.main.TestCaseExecutor.accessMainPhase(TestCaseExecutor.java:360)
	at com.kms.katalon.core.main.TestCaseExecutor.execute(TestCaseExecutor.java:255)
	at com.kms.katalon.core.main.TestSuiteExecutor.accessTestCaseMainPhase(TestSuiteExecutor.java:203)
	at com.kms.katalon.core.main.TestSuiteExecutor.accessTestSuiteMainPhase(TestSuiteExecutor.java:152)
	at com.kms.katalon.core.main.TestSuiteExecutor.execute(TestSuiteExecutor.java:95)
	at com.kms.katalon.core.main.TestCaseMain.startTestSuite(TestCaseMain.java:157)
	at com.kms.katalon.core.main.TestCaseMain$startTestSuite$0.call(Unknown Source)
	at TempTestSuite1640315158547.run(TempTestSuite1640315158547.groovy:39)
)

2021-12-24 10:24:00 - [TEST_STEP][FAILED] - tap(findTestObject("Mobile/Page/NavigationMenu/Button - Whatsapp"), 0): Failed to tap on element 'Object Repository/Mobile/Page/NavigationMenu/Button - Whatsapp' (Root cause: com.kms.katalon.core.exception.StepFailedException: Object Object Repository/Mobile/Page/NavigationMenu/Button - Whatsapp not found
	at com.kms.katalon.core.keyword.internal.KeywordMain.stepFailed(KeywordMain.groovy:50)
	at com.kms.katalon.core.mobile.keyword.internal.MobileKeywordMain.stepFailed(MobileKeywordMain.groovy:40)
	at com.kms.katalon.core.mobile.keyword.builtin.TapKeyword$_tap_closure1.doCall(TapKeyword.groovy:79)
	at com.kms.katalon.core.mobile.keyword.builtin.TapKeyword$_tap_closure1.call(TapKeyword.groovy)
	at com.kms.katalon.core.mobile.keyword.internal.MobileKeywordMain.runKeyword(MobileKeywordMain.groovy:21)
	at com.kms.katalon.core.mobile.keyword.builtin.TapKeyword.tap(TapKeyword.groovy:86)
	at com.kms.katalon.core.mobile.keyword.builtin.TapKeyword.execute(TapKeyword.groovy:68)
	at com.kms.katalon.core.keyword.internal.KeywordExecutor.executeKeywordForPlatform(KeywordExecutor.groovy:73)
	at com.kms.katalon.core.mobile.keyword.MobileBuiltInKeywords.tap(MobileBuiltInKeywords.groovy:1354)
	at com.kms.katalon.core.mobile.keyword.MobileBuiltInKeywords$tap$1.call(Unknown Source)
	at NavigationMenu.run(NavigationMenu:125)
	at com.kms.katalon.core.main.ScriptEngine.run(ScriptEngine.java:194)
	at com.kms.katalon.core.main.ScriptEngine.runScriptAsRawText(ScriptEngine.java:119)
	at com.kms.katalon.core.main.TestCaseExecutor.runScript(TestCaseExecutor.java:398)
	at com.kms.katalon.core.main.TestCaseExecutor.doExecute(TestCaseExecutor.java:389)
	at com.kms.katalon.core.main.TestCaseExecutor.processExecutionPhase(TestCaseExecutor.java:368)
	at com.kms.katalon.core.main.TestCaseExecutor.accessMainPhase(TestCaseExecutor.java:360)
	at com.kms.katalon.core.main.TestCaseExecutor.execute(TestCaseExecutor.java:255)
	at com.kms.katalon.core.main.TestCaseMain.runTestCase(TestCaseMain.java:114)
	at com.kms.katalon.core.keyword.builtin.CallTestCaseKeyword$_callTestCase_closure1.doCall(CallTestCaseKeyword.groovy:59)
	at com.kms.katalon.core.keyword.builtin.CallTestCaseKeyword$_callTestCase_closure1.call(CallTestCaseKeyword.groovy)
	at com.kms.katalon.core.keyword.internal.KeywordMain.runKeyword(KeywordMain.groovy:68)
	at com.kms.katalon.core.keyword.builtin.CallTestCaseKeyword.callTestCase(CallTestCaseKeyword.groovy:81)
	at com.kms.katalon.core.keyword.builtin.CallTestCaseKeyword.execute(CallTestCaseKeyword.groovy:44)
	at com.kms.katalon.core.keyword.internal.KeywordExecutor.executeKeywordForPlatform(KeywordExecutor.groovy:73)
	at com.kms.katalon.core.keyword.BuiltinKeywords.callTestCase(BuiltinKeywords.groovy:334)
	at 003 - Whatsapp message.run(003 - Whatsapp message:22)
	at com.kms.katalon.core.main.ScriptEngine.run(ScriptEngine.java:194)
	at com.kms.katalon.core.main.ScriptEngine.runScriptAsRawText(ScriptEngine.java:119)
	at com.kms.katalon.core.main.TestCaseExecutor.runScript(TestCaseExecutor.java:398)
	at com.kms.katalon.core.main.TestCaseExecutor.doExecute(TestCaseExecutor.java:389)
	at com.kms.katalon.core.main.TestCaseExecutor.processExecutionPhase(TestCaseExecutor.java:368)
	at com.kms.katalon.core.main.TestCaseExecutor.accessMainPhase(TestCaseExecutor.java:360)
	at com.kms.katalon.core.main.TestCaseExecutor.execute(TestCaseExecutor.java:255)
	at com.kms.katalon.core.main.TestSuiteExecutor.accessTestCaseMainPhase(TestSuiteExecutor.java:203)
	at com.kms.katalon.core.main.TestSuiteExecutor.accessTestSuiteMainPhase(TestSuiteExecutor.java:152)
	at com.kms.katalon.core.main.TestSuiteExecutor.execute(TestSuiteExecutor.java:95)
	at com.kms.katalon.core.main.TestCaseMain.startTestSuite(TestCaseMain.java:157)
	at com.kms.katalon.core.main.TestCaseMain$startTestSuite$0.call(Unknown Source)
	at TempTestSuite1640315158547.run(TempTestSuite1640315158547.groovy:39)
)

2021-12-24 10:24:01 - [MESSAGE][WARNING] - Timeout '0' is invalid. Using default page load timeout: '60'

2021-12-24 10:25:03 - [MESSAGE][FAILED] - Object Object Repository/Mobile/Page/NavigationMenu/Button - Whatsapp not found
[[ATTACHMENT|C:\\Users\\Owner\\Documents\\kerjaan\\KatalonProject\\qa_katalon_pwm\\qa_katalon_pwm\\Reports\\20211224_100549\\navigationmenu\\20211224_100558\\1640316301357.png]]

2021-12-24 10:25:04 - [MESSAGE][FAILED] - Failed to tap on element 'Object Repository/Mobile/Page/NavigationMenu/Button - Whatsapp' (Root cause: com.kms.katalon.core.exception.StepFailedException: Object Object Repository/Mobile/Page/NavigationMenu/Button - Whatsapp not found
	at com.kms.katalon.core.keyword.internal.KeywordMain.stepFailed(KeywordMain.groovy:50)
	at com.kms.katalon.core.mobile.keyword.internal.MobileKeywordMain.stepFailed(MobileKeywordMain.groovy:40)
	at com.kms.katalon.core.mobile.keyword.builtin.TapKeyword$_tap_closure1.doCall(TapKeyword.groovy:79)
	at com.kms.katalon.core.mobile.keyword.builtin.TapKeyword$_tap_closure1.call(TapKeyword.groovy)
	at com.kms.katalon.core.mobile.keyword.internal.MobileKeywordMain.runKeyword(MobileKeywordMain.groovy:21)
	at com.kms.katalon.core.mobile.keyword.builtin.TapKeyword.tap(TapKeyword.groovy:86)
	at com.kms.katalon.core.mobile.keyword.builtin.TapKeyword.execute(TapKeyword.groovy:68)
	at com.kms.katalon.core.keyword.internal.KeywordExecutor.executeKeywordForPlatform(KeywordExecutor.groovy:73)
	at com.kms.katalon.core.mobile.keyword.MobileBuiltInKeywords.tap(MobileBuiltInKeywords.groovy:1354)
	at com.kms.katalon.core.mobile.keyword.MobileBuiltInKeywords$tap$1.call(Unknown Source)
	at NavigationMenu.run(NavigationMenu:125)
	at com.kms.katalon.core.main.ScriptEngine.run(ScriptEngine.java:194)
	at com.kms.katalon.core.main.ScriptEngine.runScriptAsRawText(ScriptEngine.java:119)
	at com.kms.katalon.core.main.TestCaseExecutor.runScript(TestCaseExecutor.java:398)
	at com.kms.katalon.core.main.TestCaseExecutor.doExecute(TestCaseExecutor.java:389)
	at com.kms.katalon.core.main.TestCaseExecutor.processExecutionPhase(TestCaseExecutor.java:368)
	at com.kms.katalon.core.main.TestCaseExecutor.accessMainPhase(TestCaseExecutor.java:360)
	at com.kms.katalon.core.main.TestCaseExecutor.execute(TestCaseExecutor.java:255)
	at com.kms.katalon.core.main.TestCaseMain.runTestCase(TestCaseMain.java:114)
	at com.kms.katalon.core.keyword.builtin.CallTestCaseKeyword$_callTestCase_closure1.doCall(CallTestCaseKeyword.groovy:59)
	at com.kms.katalon.core.keyword.builtin.CallTestCaseKeyword$_callTestCase_closure1.call(CallTestCaseKeyword.groovy)
	at com.kms.katalon.core.keyword.internal.KeywordMain.runKeyword(KeywordMain.groovy:68)
	at com.kms.katalon.core.keyword.builtin.CallTestCaseKeyword.callTestCase(CallTestCaseKeyword.groovy:81)
	at com.kms.katalon.core.keyword.builtin.CallTestCaseKeyword.execute(CallTestCaseKeyword.groovy:44)
	at com.kms.katalon.core.keyword.internal.KeywordExecutor.executeKeywordForPlatform(KeywordExecutor.groovy:73)
	at com.kms.katalon.core.keyword.BuiltinKeywords.callTestCase(BuiltinKeywords.groovy:334)
	at 003 - Whatsapp message.run(003 - Whatsapp message:22)
	at com.kms.katalon.core.main.ScriptEngine.run(ScriptEngine.java:194)
	at com.kms.katalon.core.main.ScriptEngine.runScriptAsRawText(ScriptEngine.java:119)
	at com.kms.katalon.core.main.TestCaseExecutor.runScript(TestCaseExecutor.java:398)
	at com.kms.katalon.core.main.TestCaseExecutor.doExecute(TestCaseExecutor.java:389)
	at com.kms.katalon.core.main.TestCaseExecutor.processExecutionPhase(TestCaseExecutor.java:368)
	at com.kms.katalon.core.main.TestCaseExecutor.accessMainPhase(TestCaseExecutor.java:360)
	at com.kms.katalon.core.main.TestCaseExecutor.execute(TestCaseExecutor.java:255)
	at com.kms.katalon.core.main.TestSuiteExecutor.accessTestCaseMainPhase(TestSuiteExecutor.java:203)
	at com.kms.katalon.core.main.TestSuiteExecutor.accessTestSuiteMainPhase(TestSuiteExecutor.java:152)
	at com.kms.katalon.core.main.TestSuiteExecutor.execute(TestSuiteExecutor.java:95)
	at com.kms.katalon.core.main.TestCaseMain.startTestSuite(TestCaseMain.java:157)
	at com.kms.katalon.core.main.TestCaseMain$startTestSuite$0.call(Unknown Source)
	at TempTestSuite1640315158547.run(TempTestSuite1640315158547.groovy:39)
)
[[ATTACHMENT|C:\\Users\\Owner\\Documents\\kerjaan\\KatalonProject\\qa_katalon_pwm\\qa_katalon_pwm\\Reports\\20211224_100549\\navigationmenu\\20211224_100558\\1640316303271.png]]

2021-12-24 10:25:04 - [MESSAGE][FAILED] - Unable to call Test Case 'Test Cases/Mobile/Page/NavigationMenu/NavigationMenu' (Root cause: com.kms.katalon.core.exception.StepFailedException: Call Test Case 'Test Cases/Mobile/Page/NavigationMenu/NavigationMenu' failed
	at com.kms.katalon.core.keyword.builtin.CallTestCaseKeyword$_callTestCase_closure1.doCall(CallTestCaseKeyword.groovy:63)
	at com.kms.katalon.core.keyword.builtin.CallTestCaseKeyword$_callTestCase_closure1.call(CallTestCaseKeyword.groovy)
	at com.kms.katalon.core.keyword.internal.KeywordMain.runKeyword(KeywordMain.groovy:68)
	at com.kms.katalon.core.keyword.builtin.CallTestCaseKeyword.callTestCase(CallTestCaseKeyword.groovy:81)
	at com.kms.katalon.core.keyword.builtin.CallTestCaseKeyword.execute(CallTestCaseKeyword.groovy:44)
	at com.kms.katalon.core.keyword.internal.KeywordExecutor.executeKeywordForPlatform(KeywordExecutor.groovy:73)
	at com.kms.katalon.core.keyword.BuiltinKeywords.callTestCase(BuiltinKeywords.groovy:334)
	at 003 - Whatsapp message.run(003 - Whatsapp message:22)
	at com.kms.katalon.core.main.ScriptEngine.run(ScriptEngine.java:194)
	at com.kms.katalon.core.main.ScriptEngine.runScriptAsRawText(ScriptEngine.java:119)
	at com.kms.katalon.core.main.TestCaseExecutor.runScript(TestCaseExecutor.java:398)
	at com.kms.katalon.core.main.TestCaseExecutor.doExecute(TestCaseExecutor.java:389)
	at com.kms.katalon.core.main.TestCaseExecutor.processExecutionPhase(TestCaseExecutor.java:368)
	at com.kms.katalon.core.main.TestCaseExecutor.accessMainPhase(TestCaseExecutor.java:360)
	at com.kms.katalon.core.main.TestCaseExecutor.execute(TestCaseExecutor.java:255)
	at com.kms.katalon.core.main.TestSuiteExecutor.accessTestCaseMainPhase(TestSuiteExecutor.java:203)
	at com.kms.katalon.core.main.TestSuiteExecutor.accessTestSuiteMainPhase(TestSuiteExecutor.java:152)
	at com.kms.katalon.core.main.TestSuiteExecutor.execute(TestSuiteExecutor.java:95)
	at com.kms.katalon.core.main.TestCaseMain.startTestSuite(TestCaseMain.java:157)
	at com.kms.katalon.core.main.TestCaseMain$startTestSuite$0.call(Unknown Source)
	at TempTestSuite1640315158547.run(TempTestSuite1640315158547.groovy:39)
Caused by: com.kms.katalon.core.exception.StepFailedException: Object Object Repository/Mobile/Page/NavigationMenu/Button - Whatsapp not found
	at com.kms.katalon.core.keyword.internal.KeywordMain.stepFailed(KeywordMain.groovy:50)
	at com.kms.katalon.core.mobile.keyword.internal.MobileKeywordMain.stepFailed(MobileKeywordMain.groovy:40)
	at com.kms.katalon.core.mobile.keyword.builtin.TapKeyword$_tap_closure1.doCall(TapKeyword.groovy:79)
	at com.kms.katalon.core.mobile.keyword.builtin.TapKeyword$_tap_closure1.call(TapKeyword.groovy)
	at com.kms.katalon.core.mobile.keyword.internal.MobileKeywordMain.runKeyword(MobileKeywordMain.groovy:21)
	at com.kms.katalon.core.mobile.keyword.builtin.TapKeyword.tap(TapKeyword.groovy:86)
	at com.kms.katalon.core.mobile.keyword.builtin.TapKeyword.execute(TapKeyword.groovy:68)
	at com.kms.katalon.core.keyword.internal.KeywordExecutor.executeKeywordForPlatform(KeywordExecutor.groovy:73)
	at com.kms.katalon.core.mobile.keyword.MobileBuiltInKeywords.tap(MobileBuiltInKeywords.groovy:1354)
	at com.kms.katalon.core.mobile.keyword.MobileBuiltInKeywords$tap$1.call(Unknown Source)
	at NavigationMenu.run(NavigationMenu:125)
	at com.kms.katalon.core.main.ScriptEngine.run(ScriptEngine.java:194)
	at com.kms.katalon.core.main.ScriptEngine.runScriptAsRawText(ScriptEngine.java:119)
	at com.kms.katalon.core.main.TestCaseExecutor.runScript(TestCaseExecutor.java:398)
	at com.kms.katalon.core.main.TestCaseExecutor.doExecute(TestCaseExecutor.java:389)
	at com.kms.katalon.core.main.TestCaseExecutor.processExecutionPhase(TestCaseExecutor.java:368)
	at com.kms.katalon.core.main.TestCaseExecutor.accessMainPhase(TestCaseExecutor.java:360)
	at com.kms.katalon.core.main.TestCaseExecutor.execute(TestCaseExecutor.java:255)
	at com.kms.katalon.core.main.TestCaseMain.runTestCase(TestCaseMain.java:114)
	at com.kms.katalon.core.keyword.builtin.CallTestCaseKeyword$_callTestCase_closure1.doCall(CallTestCaseKeyword.groovy:59)
	... 20 more
)

2021-12-24 10:25:04 - [TEST_STEP][PASSED] - callTestCase(findTestCase("Mobile/Page/Run App/Terminate App"), [:], STOP_ON_FAILURE): Call Test Case 'Test Cases/Mobile/Page/Run App/Terminate App' successfully

2021-12-24 10:25:04 - [TEST_CASE][PASSED] - Test Cases/Mobile/Page/Run App/Terminate App: Test Cases/Mobile/Page/Run App/Terminate App

2021-12-24 10:25:04 - [TEST_STEP][PASSED] - startApp.OpenApp.terminateApplication(): startApp.OpenApp.terminateApplication is PASSED

2021-12-24 10:25:07 - [MESSAGE][PASSED] - Delayed 3 second(s)

2021-12-24 10:25:07 - [MESSAGE][PASSED] - Current device physical width is 720

2021-12-24 10:25:08 - [MESSAGE][PASSED] - Current device physical height is 1423

2021-12-24 10:25:09 - [MESSAGE][PASSED] - Swiped from 360,853 to 360,142

2021-12-24 10:25:10 - [MESSAGE][PASSED] - Delayed 1 second(s)

2021-12-24 10:25:11 - [MESSAGE][PASSED] - Swiped from 360,853 to 360,142

2021-12-24 10:25:14 - [MESSAGE][PASSED] - Delayed 3 second(s)

2021-12-24 10:25:14 - [MESSAGE][PASSED] - startApp.OpenApp.terminateApplication is PASSED

2021-12-24 10:25:14 - [MESSAGE][PASSED] - Call Test Case 'Test Cases/Mobile/Page/Run App/Terminate App' successfully

2021-12-24 10:25:14 - [TEST_STEP][PASSED] - callTestCase(findTestCase("Mobile/Page/Run App/Terminate App"), [:], STOP_ON_FAILURE): Call Test Case 'Test Cases/Mobile/Page/Run App/Terminate App' successfully

2021-12-24 10:25:15 - [TEST_CASE][PASSED] - Test Cases/Mobile/Page/Run App/Terminate App: Test Cases/Mobile/Page/Run App/Terminate App

2021-12-24 10:25:15 - [TEST_STEP][PASSED] - startApp.OpenApp.terminateApplication(): startApp.OpenApp.terminateApplication is PASSED

2021-12-24 10:25:18 - [MESSAGE][PASSED] - Delayed 3 second(s)

2021-12-24 10:25:18 - [MESSAGE][PASSED] - Current device physical width is 720

2021-12-24 10:25:18 - [MESSAGE][PASSED] - Current device physical height is 1423

2021-12-24 10:25:20 - [MESSAGE][PASSED] - Swiped from 360,853 to 360,142

2021-12-24 10:25:21 - [MESSAGE][PASSED] - Delayed 1 second(s)

2021-12-24 10:25:22 - [MESSAGE][PASSED] - Swiped from 360,853 to 360,142

2021-12-24 10:25:25 - [MESSAGE][PASSED] - Delayed 3 second(s)

2021-12-24 10:25:25 - [MESSAGE][PASSED] - startApp.OpenApp.terminateApplication is PASSED

2021-12-24 10:25:25 - [MESSAGE][PASSED] - Call Test Case 'Test Cases/Mobile/Page/Run App/Terminate App' successfully]]></system-out>
         <system-err><![CDATA[2021-12-24 10:22:57 - [TEST_CASE][FAILED] - Test Cases/Mobile/Scenario/NavigationMenu/003 - Whatsapp message: Test Cases/Mobile/Scenario/NavigationMenu/003 - Whatsapp message FAILED.
Reason:
com.kms.katalon.core.exception.StepFailedException: Unable to call Test Case 'Test Cases/Mobile/Page/NavigationMenu/NavigationMenu' (Root cause: com.kms.katalon.core.exception.StepFailedException: Call Test Case 'Test Cases/Mobile/Page/NavigationMenu/NavigationMenu' failed
	at com.kms.katalon.core.keyword.builtin.CallTestCaseKeyword$_callTestCase_closure1.doCall(CallTestCaseKeyword.groovy:63)
	at com.kms.katalon.core.keyword.builtin.CallTestCaseKeyword$_callTestCase_closure1.call(CallTestCaseKeyword.groovy)
	at com.kms.katalon.core.keyword.internal.KeywordMain.runKeyword(KeywordMain.groovy:68)
	at com.kms.katalon.core.keyword.builtin.CallTestCaseKeyword.callTestCase(CallTestCaseKeyword.groovy:81)
	at com.kms.katalon.core.keyword.builtin.CallTestCaseKeyword.execute(CallTestCaseKeyword.groovy:44)
	at com.kms.katalon.core.keyword.internal.KeywordExecutor.executeKeywordForPlatform(KeywordExecutor.groovy:73)
	at com.kms.katalon.core.keyword.BuiltinKeywords.callTestCase(BuiltinKeywords.groovy:334)
	at 003 - Whatsapp message.run(003 - Whatsapp message:22)
	at com.kms.katalon.core.main.ScriptEngine.run(ScriptEngine.java:194)
	at com.kms.katalon.core.main.ScriptEngine.runScriptAsRawText(ScriptEngine.java:119)
	at com.kms.katalon.core.main.TestCaseExecutor.runScript(TestCaseExecutor.java:398)
	at com.kms.katalon.core.main.TestCaseExecutor.doExecute(TestCaseExecutor.java:389)
	at com.kms.katalon.core.main.TestCaseExecutor.processExecutionPhase(TestCaseExecutor.java:368)
	at com.kms.katalon.core.main.TestCaseExecutor.accessMainPhase(TestCaseExecutor.java:360)
	at com.kms.katalon.core.main.TestCaseExecutor.execute(TestCaseExecutor.java:255)
	at com.kms.katalon.core.main.TestSuiteExecutor.accessTestCaseMainPhase(TestSuiteExecutor.java:203)
	at com.kms.katalon.core.main.TestSuiteExecutor.accessTestSuiteMainPhase(TestSuiteExecutor.java:152)
	at com.kms.katalon.core.main.TestSuiteExecutor.execute(TestSuiteExecutor.java:95)
	at com.kms.katalon.core.main.TestCaseMain.startTestSuite(TestCaseMain.java:157)
	at com.kms.katalon.core.main.TestCaseMain$startTestSuite$0.call(Unknown Source)
	at TempTestSuite1640315158547.run(TempTestSuite1640315158547.groovy:39)
Caused by: com.kms.katalon.core.exception.StepFailedException: Object Object Repository/Mobile/Page/NavigationMenu/Button - Whatsapp not found
	at com.kms.katalon.core.keyword.internal.KeywordMain.stepFailed(KeywordMain.groovy:50)
	at com.kms.katalon.core.mobile.keyword.internal.MobileKeywordMain.stepFailed(MobileKeywordMain.groovy:40)
	at com.kms.katalon.core.mobile.keyword.builtin.TapKeyword$_tap_closure1.doCall(TapKeyword.groovy:79)
	at com.kms.katalon.core.mobile.keyword.builtin.TapKeyword$_tap_closure1.call(TapKeyword.groovy)
	at com.kms.katalon.core.mobile.keyword.internal.MobileKeywordMain.runKeyword(MobileKeywordMain.groovy:21)
	at com.kms.katalon.core.mobile.keyword.builtin.TapKeyword.tap(TapKeyword.groovy:86)
	at com.kms.katalon.core.mobile.keyword.builtin.TapKeyword.execute(TapKeyword.groovy:68)
	at com.kms.katalon.core.keyword.internal.KeywordExecutor.executeKeywordForPlatform(KeywordExecutor.groovy:73)
	at com.kms.katalon.core.mobile.keyword.MobileBuiltInKeywords.tap(MobileBuiltInKeywords.groovy:1354)
	at com.kms.katalon.core.mobile.keyword.MobileBuiltInKeywords$tap$1.call(Unknown Source)
	at NavigationMenu.run(NavigationMenu:125)
	at com.kms.katalon.core.main.ScriptEngine.run(ScriptEngine.java:194)
	at com.kms.katalon.core.main.ScriptEngine.runScriptAsRawText(ScriptEngine.java:119)
	at com.kms.katalon.core.main.TestCaseExecutor.runScript(TestCaseExecutor.java:398)
	at com.kms.katalon.core.main.TestCaseExecutor.doExecute(TestCaseExecutor.java:389)
	at com.kms.katalon.core.main.TestCaseExecutor.processExecutionPhase(TestCaseExecutor.java:368)
	at com.kms.katalon.core.main.TestCaseExecutor.accessMainPhase(TestCaseExecutor.java:360)
	at com.kms.katalon.core.main.TestCaseExecutor.execute(TestCaseExecutor.java:255)
	at com.kms.katalon.core.main.TestCaseMain.runTestCase(TestCaseMain.java:114)
	at com.kms.katalon.core.keyword.builtin.CallTestCaseKeyword$_callTestCase_closure1.doCall(CallTestCaseKeyword.groovy:59)
	... 20 more
)
	at com.kms.katalon.core.keyword.internal.KeywordMain.stepFailed(KeywordMain.groovy:39)
	at com.kms.katalon.core.keyword.internal.KeywordMain.stepFailed(KeywordMain.groovy)
	at com.kms.katalon.core.keyword.internal.KeywordMain.runKeyword(KeywordMain.groovy:70)
	at com.kms.katalon.core.keyword.builtin.CallTestCaseKeyword.callTestCase(CallTestCaseKeyword.groovy:81)
	at com.kms.katalon.core.keyword.builtin.CallTestCaseKeyword.execute(CallTestCaseKeyword.groovy:44)
	at com.kms.katalon.core.keyword.internal.KeywordExecutor.executeKeywordForPlatform(KeywordExecutor.groovy:73)
	at com.kms.katalon.core.keyword.BuiltinKeywords.callTestCase(BuiltinKeywords.groovy:334)
	at 003 - Whatsapp message.run(003 - Whatsapp message:22)
	at com.kms.katalon.core.main.ScriptEngine.run(ScriptEngine.java:194)
	at com.kms.katalon.core.main.ScriptEngine.runScriptAsRawText(ScriptEngine.java:119)
	at com.kms.katalon.core.main.TestCaseExecutor.runScript(TestCaseExecutor.java:398)
	at com.kms.katalon.core.main.TestCaseExecutor.doExecute(TestCaseExecutor.java:389)
	at com.kms.katalon.core.main.TestCaseExecutor.processExecutionPhase(TestCaseExecutor.java:368)
	at com.kms.katalon.core.main.TestCaseExecutor.accessMainPhase(TestCaseExecutor.java:360)
	at com.kms.katalon.core.main.TestCaseExecutor.execute(TestCaseExecutor.java:255)
	at com.kms.katalon.core.main.TestSuiteExecutor.accessTestCaseMainPhase(TestSuiteExecutor.java:203)
	at com.kms.katalon.core.main.TestSuiteExecutor.accessTestSuiteMainPhase(TestSuiteExecutor.java:152)
	at com.kms.katalon.core.main.TestSuiteExecutor.execute(TestSuiteExecutor.java:95)
	at com.kms.katalon.core.main.TestCaseMain.startTestSuite(TestCaseMain.java:157)
	at com.kms.katalon.core.main.TestCaseMain$startTestSuite$0.call(Unknown Source)
	at TempTestSuite1640315158547.run(TempTestSuite1640315158547.groovy:39)
Caused by: com.kms.katalon.core.exception.StepFailedException: Call Test Case 'Test Cases/Mobile/Page/NavigationMenu/NavigationMenu' failed
	at com.kms.katalon.core.keyword.builtin.CallTestCaseKeyword$_callTestCase_closure1.doCall(CallTestCaseKeyword.groovy:63)
	at com.kms.katalon.core.keyword.builtin.CallTestCaseKeyword$_callTestCase_closure1.call(CallTestCaseKeyword.groovy)
	at com.kms.katalon.core.keyword.internal.KeywordMain.runKeyword(KeywordMain.groovy:68)
	... 18 more
Caused by: com.kms.katalon.core.exception.StepFailedException: Object Object Repository/Mobile/Page/NavigationMenu/Button - Whatsapp not found
	at com.kms.katalon.core.keyword.internal.KeywordMain.stepFailed(KeywordMain.groovy:50)
	at com.kms.katalon.core.mobile.keyword.internal.MobileKeywordMain.stepFailed(MobileKeywordMain.groovy:40)
	at com.kms.katalon.core.mobile.keyword.builtin.TapKeyword$_tap_closure1.doCall(TapKeyword.groovy:79)
	at com.kms.katalon.core.mobile.keyword.builtin.TapKeyword$_tap_closure1.call(TapKeyword.groovy)
	at com.kms.katalon.core.mobile.keyword.internal.MobileKeywordMain.runKeyword(MobileKeywordMain.groovy:21)
	at com.kms.katalon.core.mobile.keyword.builtin.TapKeyword.tap(TapKeyword.groovy:86)
	at com.kms.katalon.core.mobile.keyword.builtin.TapKeyword.execute(TapKeyword.groovy:68)
	at com.kms.katalon.core.keyword.internal.KeywordExecutor.executeKeywordForPlatform(KeywordExecutor.groovy:73)
	at com.kms.katalon.core.mobile.keyword.MobileBuiltInKeywords.tap(MobileBuiltInKeywords.groovy:1354)
	at com.kms.katalon.core.mobile.keyword.MobileBuiltInKeywords$tap$1.call(Unknown Source)
	at NavigationMenu.run(NavigationMenu:125)
	at com.kms.katalon.core.main.ScriptEngine.run(ScriptEngine.java:194)
	at com.kms.katalon.core.main.ScriptEngine.runScriptAsRawText(ScriptEngine.java:119)
	at com.kms.katalon.core.main.TestCaseExecutor.runScript(TestCaseExecutor.java:398)
	at com.kms.katalon.core.main.TestCaseExecutor.doExecute(TestCaseExecutor.java:389)
	at com.kms.katalon.core.main.TestCaseExecutor.processExecutionPhase(TestCaseExecutor.java:368)
	at com.kms.katalon.core.main.TestCaseExecutor.accessMainPhase(TestCaseExecutor.java:360)
	at com.kms.katalon.core.main.TestCaseExecutor.execute(TestCaseExecutor.java:255)
	at com.kms.katalon.core.main.TestCaseMain.runTestCase(TestCaseMain.java:114)
	at com.kms.katalon.core.keyword.builtin.CallTestCaseKeyword$_callTestCase_closure1.doCall(CallTestCaseKeyword.groovy:59)
	... 20 more]]></system-err>
      </testcase>
      <testcase name="Test Cases/Mobile/Scenario/NavigationMenu/004 - Email button" time="83.964" classname="Test Cases/Mobile/Scenario/NavigationMenu/004 - Email button" status="PASSED">
         <system-out><![CDATA[2021-12-24 10:25:25 - [TEST_CASE][PASSED] - Test Cases/Mobile/Scenario/NavigationMenu/004 - Email button: Test Cases/Mobile/Scenario/NavigationMenu/004 - Email button

2021-12-24 10:25:26 - [TEST_STEP][PASSED] - callTestCase(findTestCase("Mobile/Page/Run App/Run App byID"), [:], STOP_ON_FAILURE): Call Test Case 'Test Cases/Mobile/Page/Run App/Run App byID' successfully

2021-12-24 10:25:26 - [TEST_CASE][PASSED] - Test Cases/Mobile/Page/Run App/Run App byID: Test Cases/Mobile/Page/Run App/Run App byID

2021-12-24 10:25:26 - [TEST_STEP][PASSED] - startApp.OpenApp.startApplication("id.co.miraeasset.sageclub"): startApp.OpenApp.startApplication is PASSED

2021-12-24 10:25:44 - [MESSAGE][PASSED] - Starting app with application ID: 'id.co.miraeasset.sageclub'

2021-12-24 10:25:44 - [MESSAGE][PASSED] - startApp.OpenApp.startApplication is PASSED

2021-12-24 10:25:44 - [MESSAGE][PASSED] - Call Test Case 'Test Cases/Mobile/Page/Run App/Run App byID' successfully

2021-12-24 10:25:44 - [TEST_STEP][PASSED] - callTestCase(findTestCase("Mobile/Page/NavigationMenu/NavigationMenu"), ["action":"email"], CONTINUE_ON_FAILURE): Call Test Case 'Test Cases/Mobile/Page/NavigationMenu/NavigationMenu' successfully

2021-12-24 10:25:44 - [TEST_CASE][PASSED] - Test Cases/Mobile/Page/NavigationMenu/NavigationMenu: Test Cases/Mobile/Page/NavigationMenu/NavigationMenu

2021-12-24 10:25:44 - [TEST_STEP][PASSED] - callTestCase(findTestCase("Mobile/Page/CheckLogin"), [:], CONTINUE_ON_FAILURE): Call Test Case 'Test Cases/Mobile/Page/CheckLogin' successfully

2021-12-24 10:25:44 - [TEST_CASE][PASSED] - Test Cases/Mobile/Page/CheckLogin: Test Cases/Mobile/Page/CheckLogin

2021-12-24 10:25:44 - [TEST_STEP][PASSED] - loginCheck = verifyElementExist(findTestObject("Mobile/Page/Login/Button - Login"), 5, CONTINUE_ON_FAILURE): Element 'Object Repository/Mobile/Page/Login/Button - Login' is exist

2021-12-24 10:25:47 - [MESSAGE][PASSED] - Element 'Object Repository/Mobile/Page/Login/Button - Login' is exist

2021-12-24 10:25:47 - [TEST_STEP][PASSED] - if (loginCheck): Call Test Case 'Test Cases/Mobile/Page/Login/Login' successfully

2021-12-24 10:25:47 - [TEST_STEP][PASSED] - callTestCase(findTestCase("Mobile/Page/Login/Login"), [:], CONTINUE_ON_FAILURE): Call Test Case 'Test Cases/Mobile/Page/Login/Login' successfully

2021-12-24 10:25:47 - [TEST_CASE][PASSED] - Test Cases/Mobile/Page/Login/Login: Test Cases/Mobile/Page/Login/Login

2021-12-24 10:25:47 - [TEST_STEP][PASSED] - delay(2): Delayed 2 second(s)

2021-12-24 10:25:49 - [MESSAGE][PASSED] - Delayed 2 second(s)

2021-12-24 10:25:49 - [TEST_STEP][PASSED] - tap(findTestObject("Mobile/Page/Login/Input - UserID"), 0): Tapped on element 'Object Repository/Mobile/Page/Login/Input - UserID'

2021-12-24 10:25:49 - [MESSAGE][WARNING] - Timeout '0' is invalid. Using default page load timeout: '60'

2021-12-24 10:25:49 - [MESSAGE][PASSED] - Tapped on element 'Object Repository/Mobile/Page/Login/Input - UserID'

2021-12-24 10:25:49 - [TEST_STEP][PASSED] - delay(1): Delayed 1 second(s)

2021-12-24 10:25:51 - [MESSAGE][PASSED] - Delayed 1 second(s)

2021-12-24 10:25:51 - [TEST_STEP][PASSED] - setText(findTestObject("Mobile/Page/Login/Input Rdy - UserID"), "anggaaditya", 0): Text 'anggaaditya' has been set to element 'Object Repository/Mobile/Page/Login/Input Rdy - UserID'

2021-12-24 10:25:51 - [MESSAGE][WARNING] - Timeout '0' is invalid. Using default page load timeout: '60'

2021-12-24 10:25:52 - [MESSAGE][PASSED] - Text 'anggaaditya' has been set to element 'Object Repository/Mobile/Page/Login/Input Rdy - UserID'

2021-12-24 10:25:52 - [TEST_STEP][PASSED] - delay(1): Delayed 1 second(s)

2021-12-24 10:25:53 - [MESSAGE][PASSED] - Delayed 1 second(s)

2021-12-24 10:25:53 - [TEST_STEP][PASSED] - hideKeyboard(): Keyboard is hidden

2021-12-24 10:25:59 - [MESSAGE][PASSED] - Keyboard is hidden

2021-12-24 10:26:00 - [TEST_STEP][PASSED] - tap(findTestObject("Mobile/Page/Login/Input - Password"), 0): Tapped on element 'Object Repository/Mobile/Page/Login/Input - Password'

2021-12-24 10:26:00 - [MESSAGE][WARNING] - Timeout '0' is invalid. Using default page load timeout: '60'

2021-12-24 10:26:02 - [MESSAGE][PASSED] - Tapped on element 'Object Repository/Mobile/Page/Login/Input - Password'

2021-12-24 10:26:02 - [TEST_STEP][PASSED] - delay(1): Delayed 1 second(s)

2021-12-24 10:26:03 - [MESSAGE][PASSED] - Delayed 1 second(s)

2021-12-24 10:26:03 - [TEST_STEP][PASSED] - setText(findTestObject("Mobile/Page/Login/Input Rdy - Password"), "Shalawa18", 0): Text 'Shalawa18' has been set to element 'Object Repository/Mobile/Page/Login/Input Rdy - Password'

2021-12-24 10:26:03 - [MESSAGE][WARNING] - Timeout '0' is invalid. Using default page load timeout: '60'

2021-12-24 10:26:04 - [MESSAGE][PASSED] - Text 'Shalawa18' has been set to element 'Object Repository/Mobile/Page/Login/Input Rdy - Password'

2021-12-24 10:26:04 - [TEST_STEP][PASSED] - delay(1): Delayed 1 second(s)

2021-12-24 10:26:05 - [MESSAGE][PASSED] - Delayed 1 second(s)

2021-12-24 10:26:05 - [TEST_STEP][PASSED] - hideKeyboard(): Keyboard is hidden

2021-12-24 10:26:16 - [MESSAGE][PASSED] - Keyboard is hidden

2021-12-24 10:26:16 - [TEST_STEP][PASSED] - tap(findTestObject("Mobile/Page/Login/Button - Login"), 0): Tapped on element 'Object Repository/Mobile/Page/Login/Button - Login'

2021-12-24 10:26:16 - [MESSAGE][WARNING] - Timeout '0' is invalid. Using default page load timeout: '60'

2021-12-24 10:26:17 - [MESSAGE][PASSED] - Tapped on element 'Object Repository/Mobile/Page/Login/Button - Login'

2021-12-24 10:26:17 - [TEST_STEP][PASSED] - delay(2): Delayed 2 second(s)

2021-12-24 10:26:19 - [MESSAGE][PASSED] - Delayed 2 second(s)

2021-12-24 10:26:19 - [MESSAGE][PASSED] - Call Test Case 'Test Cases/Mobile/Page/Login/Login' successfully

2021-12-24 10:26:19 - [MESSAGE][PASSED] - Call Test Case 'Test Cases/Mobile/Page/CheckLogin' successfully

2021-12-24 10:26:19 - [TEST_STEP][PASSED] - delay(3): Delayed 3 second(s)

2021-12-24 10:26:22 - [MESSAGE][PASSED] - Delayed 3 second(s)

2021-12-24 10:26:22 - [TEST_STEP][PASSED] - scroll.scroll.scrollScreenLeftToRight(): scroll.scroll.scrollScreenLeftToRight is PASSED

2021-12-24 10:26:22 - [MESSAGE][PASSED] - Current device physical height is 1423

2021-12-24 10:26:22 - [MESSAGE][PASSED] - Current device physical width is 720

2021-12-24 10:26:23 - [MESSAGE][PASSED] - Current device physical height is 1423

2021-12-24 10:26:24 - [MESSAGE][PASSED] - Swiped from 10,711 to 710,711

2021-12-24 10:26:24 - [MESSAGE][PASSED] - scroll.scroll.scrollScreenLeftToRight is PASSED

2021-12-24 10:26:24 - [TEST_STEP][PASSED] - delay(1): Delayed 1 second(s)

2021-12-24 10:26:25 - [MESSAGE][PASSED] - Delayed 1 second(s)

2021-12-24 10:26:25 - [TEST_STEP][PASSED] - for ([i = 0, i < 1, (i++)]): Delayed 2 second(s)

2021-12-24 10:26:25 - [TEST_STEP][PASSED] - if (action == "downloadtaxreport"): null

2021-12-24 10:26:25 - [TEST_STEP][PASSED] - else if (action == "analyzeprofile"): null

2021-12-24 10:26:25 - [TEST_STEP][PASSED] - else if (action == "wa"): null

2021-12-24 10:26:25 - [TEST_STEP][PASSED] - else if (action == "email"): Delayed 2 second(s)

2021-12-24 10:26:25 - [TEST_STEP][PASSED] - tap(findTestObject("Mobile/Page/NavigationMenu/Button - Email"), 0): Tapped on element 'Object Repository/Mobile/Page/NavigationMenu/Button - Email'

2021-12-24 10:26:25 - [MESSAGE][WARNING] - Timeout '0' is invalid. Using default page load timeout: '60'

2021-12-24 10:26:25 - [MESSAGE][PASSED] - Tapped on element 'Object Repository/Mobile/Page/NavigationMenu/Button - Email'

2021-12-24 10:26:25 - [TEST_STEP][PASSED] - delay(2): Delayed 2 second(s)

2021-12-24 10:26:27 - [MESSAGE][PASSED] - Delayed 2 second(s)

2021-12-24 10:26:27 - [MESSAGE][PASSED] - Call Test Case 'Test Cases/Mobile/Page/NavigationMenu/NavigationMenu' successfully

2021-12-24 10:26:27 - [TEST_STEP][PASSED] - callTestCase(findTestCase("Mobile/Page/Run App/Terminate App"), [:], STOP_ON_FAILURE): Call Test Case 'Test Cases/Mobile/Page/Run App/Terminate App' successfully

2021-12-24 10:26:27 - [TEST_CASE][PASSED] - Test Cases/Mobile/Page/Run App/Terminate App: Test Cases/Mobile/Page/Run App/Terminate App

2021-12-24 10:26:27 - [TEST_STEP][PASSED] - startApp.OpenApp.terminateApplication(): startApp.OpenApp.terminateApplication is PASSED

2021-12-24 10:26:31 - [MESSAGE][PASSED] - Delayed 3 second(s)

2021-12-24 10:26:31 - [MESSAGE][PASSED] - Current device physical width is 720

2021-12-24 10:26:31 - [MESSAGE][PASSED] - Current device physical height is 1423

2021-12-24 10:26:33 - [MESSAGE][PASSED] - Swiped from 360,853 to 360,142

2021-12-24 10:26:34 - [MESSAGE][PASSED] - Delayed 1 second(s)

2021-12-24 10:26:35 - [MESSAGE][PASSED] - Swiped from 360,853 to 360,142

2021-12-24 10:26:38 - [MESSAGE][PASSED] - Delayed 3 second(s)

2021-12-24 10:26:38 - [MESSAGE][PASSED] - startApp.OpenApp.terminateApplication is PASSED

2021-12-24 10:26:38 - [MESSAGE][PASSED] - Call Test Case 'Test Cases/Mobile/Page/Run App/Terminate App' successfully

2021-12-24 10:26:38 - [TEST_STEP][PASSED] - callTestCase(findTestCase("Mobile/Page/Run App/Terminate App"), [:], STOP_ON_FAILURE): Call Test Case 'Test Cases/Mobile/Page/Run App/Terminate App' successfully

2021-12-24 10:26:38 - [TEST_CASE][PASSED] - Test Cases/Mobile/Page/Run App/Terminate App: Test Cases/Mobile/Page/Run App/Terminate App

2021-12-24 10:26:38 - [TEST_STEP][PASSED] - startApp.OpenApp.terminateApplication(): startApp.OpenApp.terminateApplication is PASSED

2021-12-24 10:26:41 - [MESSAGE][PASSED] - Delayed 3 second(s)

2021-12-24 10:26:42 - [MESSAGE][PASSED] - Current device physical width is 720

2021-12-24 10:26:42 - [MESSAGE][PASSED] - Current device physical height is 1423

2021-12-24 10:26:44 - [MESSAGE][PASSED] - Swiped from 360,853 to 360,142

2021-12-24 10:26:45 - [MESSAGE][PASSED] - Delayed 1 second(s)

2021-12-24 10:26:46 - [MESSAGE][PASSED] - Swiped from 360,853 to 360,142

2021-12-24 10:26:49 - [MESSAGE][PASSED] - Delayed 3 second(s)

2021-12-24 10:26:49 - [MESSAGE][PASSED] - startApp.OpenApp.terminateApplication is PASSED

2021-12-24 10:26:49 - [MESSAGE][PASSED] - Call Test Case 'Test Cases/Mobile/Page/Run App/Terminate App' successfully]]></system-out>
         <system-err><![CDATA[]]></system-err>
      </testcase>
      <testcase name="Test Cases/Mobile/Scenario/NavigationMenu/005 - Settings" time="125.315" classname="Test Cases/Mobile/Scenario/NavigationMenu/005 - Settings" status="FAILED">
         <failure type="FAILED" message="Test Cases/Mobile/Scenario/NavigationMenu/005 - Settings FAILED.
Reason:
com.kms.katalon.core.exception.StepFailedException: Unable to call Test Case 'Test Cases/Mobile/Page/NavigationMenu/NavigationMenu' (Root cause: com.kms.katalon.core.exception.StepFailedException: Call Test Case 'Test Cases/Mobile/Page/NavigationMenu/NavigationMenu' failed
	at com.kms.katalon.core.keyword.builtin.CallTestCaseKeyword$_callTestCase_closure1.doCall(CallTestCaseKeyword.groovy:63)
	at com.kms.katalon.core.keyword.builtin.CallTestCaseKeyword$_callTestCase_closure1.call(CallTestCaseKeyword.groovy)
	at com.kms.katalon.core.keyword.internal.KeywordMain.runKeyword(KeywordMain.groovy:68)
	at com.kms.katalon.core.keyword.builtin.CallTestCaseKeyword.callTestCase(CallTestCaseKeyword.groovy:81)
	at com.kms.katalon.core.keyword.builtin.CallTestCaseKeyword.execute(CallTestCaseKeyword.groovy:44)
	at com.kms.katalon.core.keyword.internal.KeywordExecutor.executeKeywordForPlatform(KeywordExecutor.groovy:73)
	at com.kms.katalon.core.keyword.BuiltinKeywords.callTestCase(BuiltinKeywords.groovy:334)
	at 005 - Settings.run(005 - Settings:22)
	at com.kms.katalon.core.main.ScriptEngine.run(ScriptEngine.java:194)
	at com.kms.katalon.core.main.ScriptEngine.runScriptAsRawText(ScriptEngine.java:119)
	at com.kms.katalon.core.main.TestCaseExecutor.runScript(TestCaseExecutor.java:398)
	at com.kms.katalon.core.main.TestCaseExecutor.doExecute(TestCaseExecutor.java:389)
	at com.kms.katalon.core.main.TestCaseExecutor.processExecutionPhase(TestCaseExecutor.java:368)
	at com.kms.katalon.core.main.TestCaseExecutor.accessMainPhase(TestCaseExecutor.java:360)
	at com.kms.katalon.core.main.TestCaseExecutor.execute(TestCaseExecutor.java:255)
	at com.kms.katalon.core.main.TestSuiteExecutor.accessTestCaseMainPhase(TestSuiteExecutor.java:203)
	at com.kms.katalon.core.main.TestSuiteExecutor.accessTestSuiteMainPhase(TestSuiteExecutor.java:152)
	at com.kms.katalon.core.main.TestSuiteExecutor.execute(TestSuiteExecutor.java:95)
	at com.kms.katalon.core.main.TestCaseMain.startTestSuite(TestCaseMain.java:157)
	at com.kms.katalon.core.main.TestCaseMain$startTestSuite$0.call(Unknown Source)
	at TempTestSuite1640315158547.run(TempTestSuite1640315158547.groovy:39)
Caused by: com.kms.katalon.core.exception.StepFailedException: Object Object Repository/Mobile/Page/NavigationMenu/Button - Settings not found
	at com.kms.katalon.core.mobile.helper.MobileElementCommonHelper.findElementWithCheck(MobileElementCommonHelper.java:159)
	at com.kms.katalon.core.mobile.helper.MobileElementCommonHelper.getElementTopPosition(MobileElementCommonHelper.java:357)
	at com.kms.katalon.core.mobile.keyword.builtin.GetElementTopPositionKeyword$_getElementTopPosition_closure1.doCall(GetElementTopPositionKeyword.groovy:70)
	at com.kms.katalon.core.mobile.keyword.builtin.GetElementTopPositionKeyword$_getElementTopPosition_closure1.call(GetElementTopPositionKeyword.groovy)
	at com.kms.katalon.core.mobile.keyword.internal.MobileKeywordMain.runKeywordAndReturnInt(MobileKeywordMain.groovy:30)
	at com.kms.katalon.core.mobile.keyword.builtin.GetElementTopPositionKeyword.getElementTopPosition(GetElementTopPositionKeyword.groovy:71)
	at com.kms.katalon.core.mobile.keyword.builtin.GetElementTopPositionKeyword.execute(GetElementTopPositionKeyword.groovy:64)
	at com.kms.katalon.core.keyword.internal.KeywordExecutor.executeKeywordForPlatform(KeywordExecutor.groovy:73)
	at com.kms.katalon.core.mobile.keyword.MobileBuiltInKeywords.getElementTopPosition(MobileBuiltInKeywords.groovy:2600)
	at com.kms.katalon.core.mobile.keyword.MobileBuiltInKeywords$getElementTopPosition$7.call(Unknown Source)
	at NavigationMenu.run(NavigationMenu:133)
	at com.kms.katalon.core.main.ScriptEngine.run(ScriptEngine.java:194)
	at com.kms.katalon.core.main.ScriptEngine.runScriptAsRawText(ScriptEngine.java:119)
	at com.kms.katalon.core.main.TestCaseExecutor.runScript(TestCaseExecutor.java:398)
	at com.kms.katalon.core.main.TestCaseExecutor.doExecute(TestCaseExecutor.java:389)
	at com.kms.katalon.core.main.TestCaseExecutor.processExecutionPhase(TestCaseExecutor.java:368)
	at com.kms.katalon.core.main.TestCaseExecutor.accessMainPhase(TestCaseExecutor.java:360)
	at com.kms.katalon.core.main.TestCaseExecutor.execute(TestCaseExecutor.java:255)
	at com.kms.katalon.core.main.TestCaseMain.runTestCase(TestCaseMain.java:114)
	at com.kms.katalon.core.keyword.builtin.CallTestCaseKeyword$_callTestCase_closure1.doCall(CallTestCaseKeyword.groovy:59)
	... 20 more
)
	at com.kms.katalon.core.keyword.internal.KeywordMain.stepFailed(KeywordMain.groovy:39)
	at com.kms.katalon.core.keyword.internal.KeywordMain.stepFailed(KeywordMain.groovy)
	at com.kms.katalon.core.keyword.internal.KeywordMain.runKeyword(KeywordMain.groovy:70)
	at com.kms.katalon.core.keyword.builtin.CallTestCaseKeyword.callTestCase(CallTestCaseKeyword.groovy:81)
	at com.kms.katalon.core.keyword.builtin.CallTestCaseKeyword.execute(CallTestCaseKeyword.groovy:44)
	at com.kms.katalon.core.keyword.internal.KeywordExecutor.executeKeywordForPlatform(KeywordExecutor.groovy:73)
	at com.kms.katalon.core.keyword.BuiltinKeywords.callTestCase(BuiltinKeywords.groovy:334)
	at 005 - Settings.run(005 - Settings:22)
	at com.kms.katalon.core.main.ScriptEngine.run(ScriptEngine.java:194)
	at com.kms.katalon.core.main.ScriptEngine.runScriptAsRawText(ScriptEngine.java:119)
	at com.kms.katalon.core.main.TestCaseExecutor.runScript(TestCaseExecutor.java:398)
	at com.kms.katalon.core.main.TestCaseExecutor.doExecute(TestCaseExecutor.java:389)
	at com.kms.katalon.core.main.TestCaseExecutor.processExecutionPhase(TestCaseExecutor.java:368)
	at com.kms.katalon.core.main.TestCaseExecutor.accessMainPhase(TestCaseExecutor.java:360)
	at com.kms.katalon.core.main.TestCaseExecutor.execute(TestCaseExecutor.java:255)
	at com.kms.katalon.core.main.TestSuiteExecutor.accessTestCaseMainPhase(TestSuiteExecutor.java:203)
	at com.kms.katalon.core.main.TestSuiteExecutor.accessTestSuiteMainPhase(TestSuiteExecutor.java:152)
	at com.kms.katalon.core.main.TestSuiteExecutor.execute(TestSuiteExecutor.java:95)
	at com.kms.katalon.core.main.TestCaseMain.startTestSuite(TestCaseMain.java:157)
	at com.kms.katalon.core.main.TestCaseMain$startTestSuite$0.call(Unknown Source)
	at TempTestSuite1640315158547.run(TempTestSuite1640315158547.groovy:39)
Caused by: com.kms.katalon.core.exception.StepFailedException: Call Test Case 'Test Cases/Mobile/Page/NavigationMenu/NavigationMenu' failed
	at com.kms.katalon.core.keyword.builtin.CallTestCaseKeyword$_callTestCase_closure1.doCall(CallTestCaseKeyword.groovy:63)
	at com.kms.katalon.core.keyword.builtin.CallTestCaseKeyword$_callTestCase_closure1.call(CallTestCaseKeyword.groovy)
	at com.kms.katalon.core.keyword.internal.KeywordMain.runKeyword(KeywordMain.groovy:68)
	... 18 more
Caused by: com.kms.katalon.core.exception.StepFailedException: Object Object Repository/Mobile/Page/NavigationMenu/Button - Settings not found
	at com.kms.katalon.core.mobile.helper.MobileElementCommonHelper.findElementWithCheck(MobileElementCommonHelper.java:159)
	at com.kms.katalon.core.mobile.helper.MobileElementCommonHelper.getElementTopPosition(MobileElementCommonHelper.java:357)
	at com.kms.katalon.core.mobile.keyword.builtin.GetElementTopPositionKeyword$_getElementTopPosition_closure1.doCall(GetElementTopPositionKeyword.groovy:70)
	at com.kms.katalon.core.mobile.keyword.builtin.GetElementTopPositionKeyword$_getElementTopPosition_closure1.call(GetElementTopPositionKeyword.groovy)
	at com.kms.katalon.core.mobile.keyword.internal.MobileKeywordMain.runKeywordAndReturnInt(MobileKeywordMain.groovy:30)
	at com.kms.katalon.core.mobile.keyword.builtin.GetElementTopPositionKeyword.getElementTopPosition(GetElementTopPositionKeyword.groovy:71)
	at com.kms.katalon.core.mobile.keyword.builtin.GetElementTopPositionKeyword.execute(GetElementTopPositionKeyword.groovy:64)
	at com.kms.katalon.core.keyword.internal.KeywordExecutor.executeKeywordForPlatform(KeywordExecutor.groovy:73)
	at com.kms.katalon.core.mobile.keyword.MobileBuiltInKeywords.getElementTopPosition(MobileBuiltInKeywords.groovy:2600)
	at com.kms.katalon.core.mobile.keyword.MobileBuiltInKeywords$getElementTopPosition$7.call(Unknown Source)
	at NavigationMenu.run(NavigationMenu:133)
	at com.kms.katalon.core.main.ScriptEngine.run(ScriptEngine.java:194)
	at com.kms.katalon.core.main.ScriptEngine.runScriptAsRawText(ScriptEngine.java:119)
	at com.kms.katalon.core.main.TestCaseExecutor.runScript(TestCaseExecutor.java:398)
	at com.kms.katalon.core.main.TestCaseExecutor.doExecute(TestCaseExecutor.java:389)
	at com.kms.katalon.core.main.TestCaseExecutor.processExecutionPhase(TestCaseExecutor.java:368)
	at com.kms.katalon.core.main.TestCaseExecutor.accessMainPhase(TestCaseExecutor.java:360)
	at com.kms.katalon.core.main.TestCaseExecutor.execute(TestCaseExecutor.java:255)
	at com.kms.katalon.core.main.TestCaseMain.runTestCase(TestCaseMain.java:114)
	at com.kms.katalon.core.keyword.builtin.CallTestCaseKeyword$_callTestCase_closure1.doCall(CallTestCaseKeyword.groovy:59)
	... 20 more
"/>
         <system-out><![CDATA[2021-12-24 10:26:49 - [TEST_CASE][FAILED] - Test Cases/Mobile/Scenario/NavigationMenu/005 - Settings: Test Cases/Mobile/Scenario/NavigationMenu/005 - Settings FAILED.
Reason:
com.kms.katalon.core.exception.StepFailedException: Unable to call Test Case 'Test Cases/Mobile/Page/NavigationMenu/NavigationMenu' (Root cause: com.kms.katalon.core.exception.StepFailedException: Call Test Case 'Test Cases/Mobile/Page/NavigationMenu/NavigationMenu' failed
	at com.kms.katalon.core.keyword.builtin.CallTestCaseKeyword$_callTestCase_closure1.doCall(CallTestCaseKeyword.groovy:63)
	at com.kms.katalon.core.keyword.builtin.CallTestCaseKeyword$_callTestCase_closure1.call(CallTestCaseKeyword.groovy)
	at com.kms.katalon.core.keyword.internal.KeywordMain.runKeyword(KeywordMain.groovy:68)
	at com.kms.katalon.core.keyword.builtin.CallTestCaseKeyword.callTestCase(CallTestCaseKeyword.groovy:81)
	at com.kms.katalon.core.keyword.builtin.CallTestCaseKeyword.execute(CallTestCaseKeyword.groovy:44)
	at com.kms.katalon.core.keyword.internal.KeywordExecutor.executeKeywordForPlatform(KeywordExecutor.groovy:73)
	at com.kms.katalon.core.keyword.BuiltinKeywords.callTestCase(BuiltinKeywords.groovy:334)
	at 005 - Settings.run(005 - Settings:22)
	at com.kms.katalon.core.main.ScriptEngine.run(ScriptEngine.java:194)
	at com.kms.katalon.core.main.ScriptEngine.runScriptAsRawText(ScriptEngine.java:119)
	at com.kms.katalon.core.main.TestCaseExecutor.runScript(TestCaseExecutor.java:398)
	at com.kms.katalon.core.main.TestCaseExecutor.doExecute(TestCaseExecutor.java:389)
	at com.kms.katalon.core.main.TestCaseExecutor.processExecutionPhase(TestCaseExecutor.java:368)
	at com.kms.katalon.core.main.TestCaseExecutor.accessMainPhase(TestCaseExecutor.java:360)
	at com.kms.katalon.core.main.TestCaseExecutor.execute(TestCaseExecutor.java:255)
	at com.kms.katalon.core.main.TestSuiteExecutor.accessTestCaseMainPhase(TestSuiteExecutor.java:203)
	at com.kms.katalon.core.main.TestSuiteExecutor.accessTestSuiteMainPhase(TestSuiteExecutor.java:152)
	at com.kms.katalon.core.main.TestSuiteExecutor.execute(TestSuiteExecutor.java:95)
	at com.kms.katalon.core.main.TestCaseMain.startTestSuite(TestCaseMain.java:157)
	at com.kms.katalon.core.main.TestCaseMain$startTestSuite$0.call(Unknown Source)
	at TempTestSuite1640315158547.run(TempTestSuite1640315158547.groovy:39)
Caused by: com.kms.katalon.core.exception.StepFailedException: Object Object Repository/Mobile/Page/NavigationMenu/Button - Settings not found
	at com.kms.katalon.core.mobile.helper.MobileElementCommonHelper.findElementWithCheck(MobileElementCommonHelper.java:159)
	at com.kms.katalon.core.mobile.helper.MobileElementCommonHelper.getElementTopPosition(MobileElementCommonHelper.java:357)
	at com.kms.katalon.core.mobile.keyword.builtin.GetElementTopPositionKeyword$_getElementTopPosition_closure1.doCall(GetElementTopPositionKeyword.groovy:70)
	at com.kms.katalon.core.mobile.keyword.builtin.GetElementTopPositionKeyword$_getElementTopPosition_closure1.call(GetElementTopPositionKeyword.groovy)
	at com.kms.katalon.core.mobile.keyword.internal.MobileKeywordMain.runKeywordAndReturnInt(MobileKeywordMain.groovy:30)
	at com.kms.katalon.core.mobile.keyword.builtin.GetElementTopPositionKeyword.getElementTopPosition(GetElementTopPositionKeyword.groovy:71)
	at com.kms.katalon.core.mobile.keyword.builtin.GetElementTopPositionKeyword.execute(GetElementTopPositionKeyword.groovy:64)
	at com.kms.katalon.core.keyword.internal.KeywordExecutor.executeKeywordForPlatform(KeywordExecutor.groovy:73)
	at com.kms.katalon.core.mobile.keyword.MobileBuiltInKeywords.getElementTopPosition(MobileBuiltInKeywords.groovy:2600)
	at com.kms.katalon.core.mobile.keyword.MobileBuiltInKeywords$getElementTopPosition$7.call(Unknown Source)
	at NavigationMenu.run(NavigationMenu:133)
	at com.kms.katalon.core.main.ScriptEngine.run(ScriptEngine.java:194)
	at com.kms.katalon.core.main.ScriptEngine.runScriptAsRawText(ScriptEngine.java:119)
	at com.kms.katalon.core.main.TestCaseExecutor.runScript(TestCaseExecutor.java:398)
	at com.kms.katalon.core.main.TestCaseExecutor.doExecute(TestCaseExecutor.java:389)
	at com.kms.katalon.core.main.TestCaseExecutor.processExecutionPhase(TestCaseExecutor.java:368)
	at com.kms.katalon.core.main.TestCaseExecutor.accessMainPhase(TestCaseExecutor.java:360)
	at com.kms.katalon.core.main.TestCaseExecutor.execute(TestCaseExecutor.java:255)
	at com.kms.katalon.core.main.TestCaseMain.runTestCase(TestCaseMain.java:114)
	at com.kms.katalon.core.keyword.builtin.CallTestCaseKeyword$_callTestCase_closure1.doCall(CallTestCaseKeyword.groovy:59)
	... 20 more
)
	at com.kms.katalon.core.keyword.internal.KeywordMain.stepFailed(KeywordMain.groovy:39)
	at com.kms.katalon.core.keyword.internal.KeywordMain.stepFailed(KeywordMain.groovy)
	at com.kms.katalon.core.keyword.internal.KeywordMain.runKeyword(KeywordMain.groovy:70)
	at com.kms.katalon.core.keyword.builtin.CallTestCaseKeyword.callTestCase(CallTestCaseKeyword.groovy:81)
	at com.kms.katalon.core.keyword.builtin.CallTestCaseKeyword.execute(CallTestCaseKeyword.groovy:44)
	at com.kms.katalon.core.keyword.internal.KeywordExecutor.executeKeywordForPlatform(KeywordExecutor.groovy:73)
	at com.kms.katalon.core.keyword.BuiltinKeywords.callTestCase(BuiltinKeywords.groovy:334)
	at 005 - Settings.run(005 - Settings:22)
	at com.kms.katalon.core.main.ScriptEngine.run(ScriptEngine.java:194)
	at com.kms.katalon.core.main.ScriptEngine.runScriptAsRawText(ScriptEngine.java:119)
	at com.kms.katalon.core.main.TestCaseExecutor.runScript(TestCaseExecutor.java:398)
	at com.kms.katalon.core.main.TestCaseExecutor.doExecute(TestCaseExecutor.java:389)
	at com.kms.katalon.core.main.TestCaseExecutor.processExecutionPhase(TestCaseExecutor.java:368)
	at com.kms.katalon.core.main.TestCaseExecutor.accessMainPhase(TestCaseExecutor.java:360)
	at com.kms.katalon.core.main.TestCaseExecutor.execute(TestCaseExecutor.java:255)
	at com.kms.katalon.core.main.TestSuiteExecutor.accessTestCaseMainPhase(TestSuiteExecutor.java:203)
	at com.kms.katalon.core.main.TestSuiteExecutor.accessTestSuiteMainPhase(TestSuiteExecutor.java:152)
	at com.kms.katalon.core.main.TestSuiteExecutor.execute(TestSuiteExecutor.java:95)
	at com.kms.katalon.core.main.TestCaseMain.startTestSuite(TestCaseMain.java:157)
	at com.kms.katalon.core.main.TestCaseMain$startTestSuite$0.call(Unknown Source)
	at TempTestSuite1640315158547.run(TempTestSuite1640315158547.groovy:39)
Caused by: com.kms.katalon.core.exception.StepFailedException: Call Test Case 'Test Cases/Mobile/Page/NavigationMenu/NavigationMenu' failed
	at com.kms.katalon.core.keyword.builtin.CallTestCaseKeyword$_callTestCase_closure1.doCall(CallTestCaseKeyword.groovy:63)
	at com.kms.katalon.core.keyword.builtin.CallTestCaseKeyword$_callTestCase_closure1.call(CallTestCaseKeyword.groovy)
	at com.kms.katalon.core.keyword.internal.KeywordMain.runKeyword(KeywordMain.groovy:68)
	... 18 more
Caused by: com.kms.katalon.core.exception.StepFailedException: Object Object Repository/Mobile/Page/NavigationMenu/Button - Settings not found
	at com.kms.katalon.core.mobile.helper.MobileElementCommonHelper.findElementWithCheck(MobileElementCommonHelper.java:159)
	at com.kms.katalon.core.mobile.helper.MobileElementCommonHelper.getElementTopPosition(MobileElementCommonHelper.java:357)
	at com.kms.katalon.core.mobile.keyword.builtin.GetElementTopPositionKeyword$_getElementTopPosition_closure1.doCall(GetElementTopPositionKeyword.groovy:70)
	at com.kms.katalon.core.mobile.keyword.builtin.GetElementTopPositionKeyword$_getElementTopPosition_closure1.call(GetElementTopPositionKeyword.groovy)
	at com.kms.katalon.core.mobile.keyword.internal.MobileKeywordMain.runKeywordAndReturnInt(MobileKeywordMain.groovy:30)
	at com.kms.katalon.core.mobile.keyword.builtin.GetElementTopPositionKeyword.getElementTopPosition(GetElementTopPositionKeyword.groovy:71)
	at com.kms.katalon.core.mobile.keyword.builtin.GetElementTopPositionKeyword.execute(GetElementTopPositionKeyword.groovy:64)
	at com.kms.katalon.core.keyword.internal.KeywordExecutor.executeKeywordForPlatform(KeywordExecutor.groovy:73)
	at com.kms.katalon.core.mobile.keyword.MobileBuiltInKeywords.getElementTopPosition(MobileBuiltInKeywords.groovy:2600)
	at com.kms.katalon.core.mobile.keyword.MobileBuiltInKeywords$getElementTopPosition$7.call(Unknown Source)
	at NavigationMenu.run(NavigationMenu:133)
	at com.kms.katalon.core.main.ScriptEngine.run(ScriptEngine.java:194)
	at com.kms.katalon.core.main.ScriptEngine.runScriptAsRawText(ScriptEngine.java:119)
	at com.kms.katalon.core.main.TestCaseExecutor.runScript(TestCaseExecutor.java:398)
	at com.kms.katalon.core.main.TestCaseExecutor.doExecute(TestCaseExecutor.java:389)
	at com.kms.katalon.core.main.TestCaseExecutor.processExecutionPhase(TestCaseExecutor.java:368)
	at com.kms.katalon.core.main.TestCaseExecutor.accessMainPhase(TestCaseExecutor.java:360)
	at com.kms.katalon.core.main.TestCaseExecutor.execute(TestCaseExecutor.java:255)
	at com.kms.katalon.core.main.TestCaseMain.runTestCase(TestCaseMain.java:114)
	at com.kms.katalon.core.keyword.builtin.CallTestCaseKeyword$_callTestCase_closure1.doCall(CallTestCaseKeyword.groovy:59)
	... 20 more


2021-12-24 10:26:50 - [TEST_STEP][PASSED] - callTestCase(findTestCase("Mobile/Page/Run App/Run App byID"), [:], STOP_ON_FAILURE): Call Test Case 'Test Cases/Mobile/Page/Run App/Run App byID' successfully

2021-12-24 10:26:50 - [TEST_CASE][PASSED] - Test Cases/Mobile/Page/Run App/Run App byID: Test Cases/Mobile/Page/Run App/Run App byID

2021-12-24 10:26:50 - [TEST_STEP][PASSED] - startApp.OpenApp.startApplication("id.co.miraeasset.sageclub"): startApp.OpenApp.startApplication is PASSED

2021-12-24 10:27:08 - [MESSAGE][PASSED] - Starting app with application ID: 'id.co.miraeasset.sageclub'

2021-12-24 10:27:08 - [MESSAGE][PASSED] - startApp.OpenApp.startApplication is PASSED

2021-12-24 10:27:08 - [MESSAGE][PASSED] - Call Test Case 'Test Cases/Mobile/Page/Run App/Run App byID' successfully

2021-12-24 10:27:08 - [TEST_STEP][FAILED] - callTestCase(findTestCase("Mobile/Page/NavigationMenu/NavigationMenu"), ["action":"setting"], CONTINUE_ON_FAILURE): Unable to call Test Case 'Test Cases/Mobile/Page/NavigationMenu/NavigationMenu' (Root cause: com.kms.katalon.core.exception.StepFailedException: Call Test Case 'Test Cases/Mobile/Page/NavigationMenu/NavigationMenu' failed
	at com.kms.katalon.core.keyword.builtin.CallTestCaseKeyword$_callTestCase_closure1.doCall(CallTestCaseKeyword.groovy:63)
	at com.kms.katalon.core.keyword.builtin.CallTestCaseKeyword$_callTestCase_closure1.call(CallTestCaseKeyword.groovy)
	at com.kms.katalon.core.keyword.internal.KeywordMain.runKeyword(KeywordMain.groovy:68)
	at com.kms.katalon.core.keyword.builtin.CallTestCaseKeyword.callTestCase(CallTestCaseKeyword.groovy:81)
	at com.kms.katalon.core.keyword.builtin.CallTestCaseKeyword.execute(CallTestCaseKeyword.groovy:44)
	at com.kms.katalon.core.keyword.internal.KeywordExecutor.executeKeywordForPlatform(KeywordExecutor.groovy:73)
	at com.kms.katalon.core.keyword.BuiltinKeywords.callTestCase(BuiltinKeywords.groovy:334)
	at 005 - Settings.run(005 - Settings:22)
	at com.kms.katalon.core.main.ScriptEngine.run(ScriptEngine.java:194)
	at com.kms.katalon.core.main.ScriptEngine.runScriptAsRawText(ScriptEngine.java:119)
	at com.kms.katalon.core.main.TestCaseExecutor.runScript(TestCaseExecutor.java:398)
	at com.kms.katalon.core.main.TestCaseExecutor.doExecute(TestCaseExecutor.java:389)
	at com.kms.katalon.core.main.TestCaseExecutor.processExecutionPhase(TestCaseExecutor.java:368)
	at com.kms.katalon.core.main.TestCaseExecutor.accessMainPhase(TestCaseExecutor.java:360)
	at com.kms.katalon.core.main.TestCaseExecutor.execute(TestCaseExecutor.java:255)
	at com.kms.katalon.core.main.TestSuiteExecutor.accessTestCaseMainPhase(TestSuiteExecutor.java:203)
	at com.kms.katalon.core.main.TestSuiteExecutor.accessTestSuiteMainPhase(TestSuiteExecutor.java:152)
	at com.kms.katalon.core.main.TestSuiteExecutor.execute(TestSuiteExecutor.java:95)
	at com.kms.katalon.core.main.TestCaseMain.startTestSuite(TestCaseMain.java:157)
	at com.kms.katalon.core.main.TestCaseMain$startTestSuite$0.call(Unknown Source)
	at TempTestSuite1640315158547.run(TempTestSuite1640315158547.groovy:39)
Caused by: com.kms.katalon.core.exception.StepFailedException: Object Object Repository/Mobile/Page/NavigationMenu/Button - Settings not found
	at com.kms.katalon.core.mobile.helper.MobileElementCommonHelper.findElementWithCheck(MobileElementCommonHelper.java:159)
	at com.kms.katalon.core.mobile.helper.MobileElementCommonHelper.getElementTopPosition(MobileElementCommonHelper.java:357)
	at com.kms.katalon.core.mobile.keyword.builtin.GetElementTopPositionKeyword$_getElementTopPosition_closure1.doCall(GetElementTopPositionKeyword.groovy:70)
	at com.kms.katalon.core.mobile.keyword.builtin.GetElementTopPositionKeyword$_getElementTopPosition_closure1.call(GetElementTopPositionKeyword.groovy)
	at com.kms.katalon.core.mobile.keyword.internal.MobileKeywordMain.runKeywordAndReturnInt(MobileKeywordMain.groovy:30)
	at com.kms.katalon.core.mobile.keyword.builtin.GetElementTopPositionKeyword.getElementTopPosition(GetElementTopPositionKeyword.groovy:71)
	at com.kms.katalon.core.mobile.keyword.builtin.GetElementTopPositionKeyword.execute(GetElementTopPositionKeyword.groovy:64)
	at com.kms.katalon.core.keyword.internal.KeywordExecutor.executeKeywordForPlatform(KeywordExecutor.groovy:73)
	at com.kms.katalon.core.mobile.keyword.MobileBuiltInKeywords.getElementTopPosition(MobileBuiltInKeywords.groovy:2600)
	at com.kms.katalon.core.mobile.keyword.MobileBuiltInKeywords$getElementTopPosition$7.call(Unknown Source)
	at NavigationMenu.run(NavigationMenu:133)
	at com.kms.katalon.core.main.ScriptEngine.run(ScriptEngine.java:194)
	at com.kms.katalon.core.main.ScriptEngine.runScriptAsRawText(ScriptEngine.java:119)
	at com.kms.katalon.core.main.TestCaseExecutor.runScript(TestCaseExecutor.java:398)
	at com.kms.katalon.core.main.TestCaseExecutor.doExecute(TestCaseExecutor.java:389)
	at com.kms.katalon.core.main.TestCaseExecutor.processExecutionPhase(TestCaseExecutor.java:368)
	at com.kms.katalon.core.main.TestCaseExecutor.accessMainPhase(TestCaseExecutor.java:360)
	at com.kms.katalon.core.main.TestCaseExecutor.execute(TestCaseExecutor.java:255)
	at com.kms.katalon.core.main.TestCaseMain.runTestCase(TestCaseMain.java:114)
	at com.kms.katalon.core.keyword.builtin.CallTestCaseKeyword$_callTestCase_closure1.doCall(CallTestCaseKeyword.groovy:59)
	... 20 more
)

2021-12-24 10:27:08 - [TEST_CASE][FAILED] - Test Cases/Mobile/Page/NavigationMenu/NavigationMenu: Test Cases/Mobile/Page/NavigationMenu/NavigationMenu FAILED.
Reason:
com.kms.katalon.core.exception.StepFailedException: Object Object Repository/Mobile/Page/NavigationMenu/Button - Settings not found
	at com.kms.katalon.core.mobile.helper.MobileElementCommonHelper.findElementWithCheck(MobileElementCommonHelper.java:159)
	at com.kms.katalon.core.mobile.helper.MobileElementCommonHelper.getElementTopPosition(MobileElementCommonHelper.java:357)
	at com.kms.katalon.core.mobile.keyword.builtin.GetElementTopPositionKeyword$_getElementTopPosition_closure1.doCall(GetElementTopPositionKeyword.groovy:70)
	at com.kms.katalon.core.mobile.keyword.builtin.GetElementTopPositionKeyword$_getElementTopPosition_closure1.call(GetElementTopPositionKeyword.groovy)
	at com.kms.katalon.core.mobile.keyword.internal.MobileKeywordMain.runKeywordAndReturnInt(MobileKeywordMain.groovy:30)
	at com.kms.katalon.core.mobile.keyword.builtin.GetElementTopPositionKeyword.getElementTopPosition(GetElementTopPositionKeyword.groovy:71)
	at com.kms.katalon.core.mobile.keyword.builtin.GetElementTopPositionKeyword.execute(GetElementTopPositionKeyword.groovy:64)
	at com.kms.katalon.core.keyword.internal.KeywordExecutor.executeKeywordForPlatform(KeywordExecutor.groovy:73)
	at com.kms.katalon.core.mobile.keyword.MobileBuiltInKeywords.getElementTopPosition(MobileBuiltInKeywords.groovy:2600)
	at com.kms.katalon.core.mobile.keyword.MobileBuiltInKeywords$getElementTopPosition$7.call(Unknown Source)
	at NavigationMenu.run(NavigationMenu:133)
	at com.kms.katalon.core.main.ScriptEngine.run(ScriptEngine.java:194)
	at com.kms.katalon.core.main.ScriptEngine.runScriptAsRawText(ScriptEngine.java:119)
	at com.kms.katalon.core.main.TestCaseExecutor.runScript(TestCaseExecutor.java:398)
	at com.kms.katalon.core.main.TestCaseExecutor.doExecute(TestCaseExecutor.java:389)
	at com.kms.katalon.core.main.TestCaseExecutor.processExecutionPhase(TestCaseExecutor.java:368)
	at com.kms.katalon.core.main.TestCaseExecutor.accessMainPhase(TestCaseExecutor.java:360)
	at com.kms.katalon.core.main.TestCaseExecutor.execute(TestCaseExecutor.java:255)
	at com.kms.katalon.core.main.TestCaseMain.runTestCase(TestCaseMain.java:114)
	at com.kms.katalon.core.keyword.builtin.CallTestCaseKeyword$_callTestCase_closure1.doCall(CallTestCaseKeyword.groovy:59)
	at com.kms.katalon.core.keyword.builtin.CallTestCaseKeyword$_callTestCase_closure1.call(CallTestCaseKeyword.groovy)
	at com.kms.katalon.core.keyword.internal.KeywordMain.runKeyword(KeywordMain.groovy:68)
	at com.kms.katalon.core.keyword.builtin.CallTestCaseKeyword.callTestCase(CallTestCaseKeyword.groovy:81)
	at com.kms.katalon.core.keyword.builtin.CallTestCaseKeyword.execute(CallTestCaseKeyword.groovy:44)
	at com.kms.katalon.core.keyword.internal.KeywordExecutor.executeKeywordForPlatform(KeywordExecutor.groovy:73)
	at com.kms.katalon.core.keyword.BuiltinKeywords.callTestCase(BuiltinKeywords.groovy:334)
	at 005 - Settings.run(005 - Settings:22)
	at com.kms.katalon.core.main.ScriptEngine.run(ScriptEngine.java:194)
	at com.kms.katalon.core.main.ScriptEngine.runScriptAsRawText(ScriptEngine.java:119)
	at com.kms.katalon.core.main.TestCaseExecutor.runScript(TestCaseExecutor.java:398)
	at com.kms.katalon.core.main.TestCaseExecutor.doExecute(TestCaseExecutor.java:389)
	at com.kms.katalon.core.main.TestCaseExecutor.processExecutionPhase(TestCaseExecutor.java:368)
	at com.kms.katalon.core.main.TestCaseExecutor.accessMainPhase(TestCaseExecutor.java:360)
	at com.kms.katalon.core.main.TestCaseExecutor.execute(TestCaseExecutor.java:255)
	at com.kms.katalon.core.main.TestSuiteExecutor.accessTestCaseMainPhase(TestSuiteExecutor.java:203)
	at com.kms.katalon.core.main.TestSuiteExecutor.accessTestSuiteMainPhase(TestSuiteExecutor.java:152)
	at com.kms.katalon.core.main.TestSuiteExecutor.execute(TestSuiteExecutor.java:95)
	at com.kms.katalon.core.main.TestCaseMain.startTestSuite(TestCaseMain.java:157)
	at com.kms.katalon.core.main.TestCaseMain$startTestSuite$0.call(Unknown Source)
	at TempTestSuite1640315158547.run(TempTestSuite1640315158547.groovy:39)


2021-12-24 10:27:08 - [TEST_STEP][PASSED] - callTestCase(findTestCase("Mobile/Page/CheckLogin"), [:], CONTINUE_ON_FAILURE): Call Test Case 'Test Cases/Mobile/Page/CheckLogin' successfully

2021-12-24 10:27:08 - [TEST_CASE][PASSED] - Test Cases/Mobile/Page/CheckLogin: Test Cases/Mobile/Page/CheckLogin

2021-12-24 10:27:08 - [TEST_STEP][PASSED] - loginCheck = verifyElementExist(findTestObject("Mobile/Page/Login/Button - Login"), 5, CONTINUE_ON_FAILURE): Element 'Object Repository/Mobile/Page/Login/Button - Login' is exist

2021-12-24 10:27:10 - [MESSAGE][PASSED] - Element 'Object Repository/Mobile/Page/Login/Button - Login' is exist

2021-12-24 10:27:10 - [TEST_STEP][PASSED] - if (loginCheck): Call Test Case 'Test Cases/Mobile/Page/Login/Login' successfully

2021-12-24 10:27:10 - [TEST_STEP][PASSED] - callTestCase(findTestCase("Mobile/Page/Login/Login"), [:], CONTINUE_ON_FAILURE): Call Test Case 'Test Cases/Mobile/Page/Login/Login' successfully

2021-12-24 10:27:10 - [TEST_CASE][PASSED] - Test Cases/Mobile/Page/Login/Login: Test Cases/Mobile/Page/Login/Login

2021-12-24 10:27:10 - [TEST_STEP][PASSED] - delay(2): Delayed 2 second(s)

2021-12-24 10:27:12 - [MESSAGE][PASSED] - Delayed 2 second(s)

2021-12-24 10:27:12 - [TEST_STEP][PASSED] - tap(findTestObject("Mobile/Page/Login/Input - UserID"), 0): Tapped on element 'Object Repository/Mobile/Page/Login/Input - UserID'

2021-12-24 10:27:12 - [MESSAGE][WARNING] - Timeout '0' is invalid. Using default page load timeout: '60'

2021-12-24 10:27:12 - [MESSAGE][PASSED] - Tapped on element 'Object Repository/Mobile/Page/Login/Input - UserID'

2021-12-24 10:27:12 - [TEST_STEP][PASSED] - delay(1): Delayed 1 second(s)

2021-12-24 10:27:13 - [MESSAGE][PASSED] - Delayed 1 second(s)

2021-12-24 10:27:13 - [TEST_STEP][PASSED] - setText(findTestObject("Mobile/Page/Login/Input Rdy - UserID"), "anggaaditya", 0): Text 'anggaaditya' has been set to element 'Object Repository/Mobile/Page/Login/Input Rdy - UserID'

2021-12-24 10:27:14 - [MESSAGE][WARNING] - Timeout '0' is invalid. Using default page load timeout: '60'

2021-12-24 10:27:14 - [MESSAGE][PASSED] - Text 'anggaaditya' has been set to element 'Object Repository/Mobile/Page/Login/Input Rdy - UserID'

2021-12-24 10:27:14 - [TEST_STEP][PASSED] - delay(1): Delayed 1 second(s)

2021-12-24 10:27:15 - [MESSAGE][PASSED] - Delayed 1 second(s)

2021-12-24 10:27:15 - [TEST_STEP][PASSED] - hideKeyboard(): Keyboard is hidden

2021-12-24 10:27:23 - [MESSAGE][PASSED] - Keyboard is hidden

2021-12-24 10:27:23 - [TEST_STEP][PASSED] - tap(findTestObject("Mobile/Page/Login/Input - Password"), 0): Tapped on element 'Object Repository/Mobile/Page/Login/Input - Password'

2021-12-24 10:27:23 - [MESSAGE][WARNING] - Timeout '0' is invalid. Using default page load timeout: '60'

2021-12-24 10:27:24 - [MESSAGE][PASSED] - Tapped on element 'Object Repository/Mobile/Page/Login/Input - Password'

2021-12-24 10:27:24 - [TEST_STEP][PASSED] - delay(1): Delayed 1 second(s)

2021-12-24 10:27:25 - [MESSAGE][PASSED] - Delayed 1 second(s)

2021-12-24 10:27:25 - [TEST_STEP][PASSED] - setText(findTestObject("Mobile/Page/Login/Input Rdy - Password"), "Shalawa18", 0): Text 'Shalawa18' has been set to element 'Object Repository/Mobile/Page/Login/Input Rdy - Password'

2021-12-24 10:27:25 - [MESSAGE][WARNING] - Timeout '0' is invalid. Using default page load timeout: '60'

2021-12-24 10:27:26 - [MESSAGE][PASSED] - Text 'Shalawa18' has been set to element 'Object Repository/Mobile/Page/Login/Input Rdy - Password'

2021-12-24 10:27:26 - [TEST_STEP][PASSED] - delay(1): Delayed 1 second(s)

2021-12-24 10:27:27 - [MESSAGE][PASSED] - Delayed 1 second(s)

2021-12-24 10:27:27 - [TEST_STEP][PASSED] - hideKeyboard(): Keyboard is hidden

2021-12-24 10:27:33 - [MESSAGE][PASSED] - Keyboard is hidden

2021-12-24 10:27:33 - [TEST_STEP][PASSED] - tap(findTestObject("Mobile/Page/Login/Button - Login"), 0): Tapped on element 'Object Repository/Mobile/Page/Login/Button - Login'

2021-12-24 10:27:33 - [MESSAGE][WARNING] - Timeout '0' is invalid. Using default page load timeout: '60'

2021-12-24 10:27:34 - [MESSAGE][PASSED] - Tapped on element 'Object Repository/Mobile/Page/Login/Button - Login'

2021-12-24 10:27:34 - [TEST_STEP][PASSED] - delay(2): Delayed 2 second(s)

2021-12-24 10:27:36 - [MESSAGE][PASSED] - Delayed 2 second(s)

2021-12-24 10:27:36 - [MESSAGE][PASSED] - Call Test Case 'Test Cases/Mobile/Page/Login/Login' successfully

2021-12-24 10:27:36 - [MESSAGE][PASSED] - Call Test Case 'Test Cases/Mobile/Page/CheckLogin' successfully

2021-12-24 10:27:36 - [TEST_STEP][PASSED] - delay(3): Delayed 3 second(s)

2021-12-24 10:27:39 - [MESSAGE][PASSED] - Delayed 3 second(s)

2021-12-24 10:27:39 - [TEST_STEP][PASSED] - scroll.scroll.scrollScreenLeftToRight(): scroll.scroll.scrollScreenLeftToRight is PASSED

2021-12-24 10:27:40 - [MESSAGE][PASSED] - Current device physical height is 1423

2021-12-24 10:27:40 - [MESSAGE][PASSED] - Current device physical width is 720

2021-12-24 10:27:40 - [MESSAGE][PASSED] - Current device physical height is 1423

2021-12-24 10:27:42 - [MESSAGE][PASSED] - Swiped from 10,711 to 710,711

2021-12-24 10:27:42 - [MESSAGE][PASSED] - scroll.scroll.scrollScreenLeftToRight is PASSED

2021-12-24 10:27:42 - [TEST_STEP][PASSED] - delay(1): Delayed 1 second(s)

2021-12-24 10:27:43 - [MESSAGE][PASSED] - Delayed 1 second(s)

2021-12-24 10:27:43 - [TEST_STEP][FAILED] - for ([i = 0, i < 1, (i++)]): Failed to get top position of element 'Object Repository/Mobile/Page/NavigationMenu/Button - Settings' (Root cause: com.kms.katalon.core.exception.StepFailedException: Object Object Repository/Mobile/Page/NavigationMenu/Button - Settings not found
	at com.kms.katalon.core.mobile.helper.MobileElementCommonHelper.findElementWithCheck(MobileElementCommonHelper.java:159)
	at com.kms.katalon.core.mobile.helper.MobileElementCommonHelper.getElementTopPosition(MobileElementCommonHelper.java:357)
	at com.kms.katalon.core.mobile.keyword.builtin.GetElementTopPositionKeyword$_getElementTopPosition_closure1.doCall(GetElementTopPositionKeyword.groovy:70)
	at com.kms.katalon.core.mobile.keyword.builtin.GetElementTopPositionKeyword$_getElementTopPosition_closure1.call(GetElementTopPositionKeyword.groovy)
	at com.kms.katalon.core.mobile.keyword.internal.MobileKeywordMain.runKeywordAndReturnInt(MobileKeywordMain.groovy:30)
	at com.kms.katalon.core.mobile.keyword.builtin.GetElementTopPositionKeyword.getElementTopPosition(GetElementTopPositionKeyword.groovy:71)
	at com.kms.katalon.core.mobile.keyword.builtin.GetElementTopPositionKeyword.execute(GetElementTopPositionKeyword.groovy:64)
	at com.kms.katalon.core.keyword.internal.KeywordExecutor.executeKeywordForPlatform(KeywordExecutor.groovy:73)
	at com.kms.katalon.core.mobile.keyword.MobileBuiltInKeywords.getElementTopPosition(MobileBuiltInKeywords.groovy:2600)
	at com.kms.katalon.core.mobile.keyword.MobileBuiltInKeywords$getElementTopPosition$7.call(Unknown Source)
	at NavigationMenu.run(NavigationMenu:133)
	at com.kms.katalon.core.main.ScriptEngine.run(ScriptEngine.java:194)
	at com.kms.katalon.core.main.ScriptEngine.runScriptAsRawText(ScriptEngine.java:119)
	at com.kms.katalon.core.main.TestCaseExecutor.runScript(TestCaseExecutor.java:398)
	at com.kms.katalon.core.main.TestCaseExecutor.doExecute(TestCaseExecutor.java:389)
	at com.kms.katalon.core.main.TestCaseExecutor.processExecutionPhase(TestCaseExecutor.java:368)
	at com.kms.katalon.core.main.TestCaseExecutor.accessMainPhase(TestCaseExecutor.java:360)
	at com.kms.katalon.core.main.TestCaseExecutor.execute(TestCaseExecutor.java:255)
	at com.kms.katalon.core.main.TestCaseMain.runTestCase(TestCaseMain.java:114)
	at com.kms.katalon.core.keyword.builtin.CallTestCaseKeyword$_callTestCase_closure1.doCall(CallTestCaseKeyword.groovy:59)
	at com.kms.katalon.core.keyword.builtin.CallTestCaseKeyword$_callTestCase_closure1.call(CallTestCaseKeyword.groovy)
	at com.kms.katalon.core.keyword.internal.KeywordMain.runKeyword(KeywordMain.groovy:68)
	at com.kms.katalon.core.keyword.builtin.CallTestCaseKeyword.callTestCase(CallTestCaseKeyword.groovy:81)
	at com.kms.katalon.core.keyword.builtin.CallTestCaseKeyword.execute(CallTestCaseKeyword.groovy:44)
	at com.kms.katalon.core.keyword.internal.KeywordExecutor.executeKeywordForPlatform(KeywordExecutor.groovy:73)
	at com.kms.katalon.core.keyword.BuiltinKeywords.callTestCase(BuiltinKeywords.groovy:334)
	at 005 - Settings.run(005 - Settings:22)
	at com.kms.katalon.core.main.ScriptEngine.run(ScriptEngine.java:194)
	at com.kms.katalon.core.main.ScriptEngine.runScriptAsRawText(ScriptEngine.java:119)
	at com.kms.katalon.core.main.TestCaseExecutor.runScript(TestCaseExecutor.java:398)
	at com.kms.katalon.core.main.TestCaseExecutor.doExecute(TestCaseExecutor.java:389)
	at com.kms.katalon.core.main.TestCaseExecutor.processExecutionPhase(TestCaseExecutor.java:368)
	at com.kms.katalon.core.main.TestCaseExecutor.accessMainPhase(TestCaseExecutor.java:360)
	at com.kms.katalon.core.main.TestCaseExecutor.execute(TestCaseExecutor.java:255)
	at com.kms.katalon.core.main.TestSuiteExecutor.accessTestCaseMainPhase(TestSuiteExecutor.java:203)
	at com.kms.katalon.core.main.TestSuiteExecutor.accessTestSuiteMainPhase(TestSuiteExecutor.java:152)
	at com.kms.katalon.core.main.TestSuiteExecutor.execute(TestSuiteExecutor.java:95)
	at com.kms.katalon.core.main.TestCaseMain.startTestSuite(TestCaseMain.java:157)
	at com.kms.katalon.core.main.TestCaseMain$startTestSuite$0.call(Unknown Source)
	at TempTestSuite1640315158547.run(TempTestSuite1640315158547.groovy:39)
)

2021-12-24 10:27:43 - [TEST_STEP][PASSED] - if (action == "downloadtaxreport"): null

2021-12-24 10:27:43 - [TEST_STEP][PASSED] - else if (action == "analyzeprofile"): null

2021-12-24 10:27:43 - [TEST_STEP][PASSED] - else if (action == "wa"): null

2021-12-24 10:27:43 - [TEST_STEP][PASSED] - else if (action == "email"): null

2021-12-24 10:27:43 - [TEST_STEP][FAILED] - else if (action == "setting"): Failed to get top position of element 'Object Repository/Mobile/Page/NavigationMenu/Button - Settings' (Root cause: com.kms.katalon.core.exception.StepFailedException: Object Object Repository/Mobile/Page/NavigationMenu/Button - Settings not found
	at com.kms.katalon.core.mobile.helper.MobileElementCommonHelper.findElementWithCheck(MobileElementCommonHelper.java:159)
	at com.kms.katalon.core.mobile.helper.MobileElementCommonHelper.getElementTopPosition(MobileElementCommonHelper.java:357)
	at com.kms.katalon.core.mobile.keyword.builtin.GetElementTopPositionKeyword$_getElementTopPosition_closure1.doCall(GetElementTopPositionKeyword.groovy:70)
	at com.kms.katalon.core.mobile.keyword.builtin.GetElementTopPositionKeyword$_getElementTopPosition_closure1.call(GetElementTopPositionKeyword.groovy)
	at com.kms.katalon.core.mobile.keyword.internal.MobileKeywordMain.runKeywordAndReturnInt(MobileKeywordMain.groovy:30)
	at com.kms.katalon.core.mobile.keyword.builtin.GetElementTopPositionKeyword.getElementTopPosition(GetElementTopPositionKeyword.groovy:71)
	at com.kms.katalon.core.mobile.keyword.builtin.GetElementTopPositionKeyword.execute(GetElementTopPositionKeyword.groovy:64)
	at com.kms.katalon.core.keyword.internal.KeywordExecutor.executeKeywordForPlatform(KeywordExecutor.groovy:73)
	at com.kms.katalon.core.mobile.keyword.MobileBuiltInKeywords.getElementTopPosition(MobileBuiltInKeywords.groovy:2600)
	at com.kms.katalon.core.mobile.keyword.MobileBuiltInKeywords$getElementTopPosition$7.call(Unknown Source)
	at NavigationMenu.run(NavigationMenu:133)
	at com.kms.katalon.core.main.ScriptEngine.run(ScriptEngine.java:194)
	at com.kms.katalon.core.main.ScriptEngine.runScriptAsRawText(ScriptEngine.java:119)
	at com.kms.katalon.core.main.TestCaseExecutor.runScript(TestCaseExecutor.java:398)
	at com.kms.katalon.core.main.TestCaseExecutor.doExecute(TestCaseExecutor.java:389)
	at com.kms.katalon.core.main.TestCaseExecutor.processExecutionPhase(TestCaseExecutor.java:368)
	at com.kms.katalon.core.main.TestCaseExecutor.accessMainPhase(TestCaseExecutor.java:360)
	at com.kms.katalon.core.main.TestCaseExecutor.execute(TestCaseExecutor.java:255)
	at com.kms.katalon.core.main.TestCaseMain.runTestCase(TestCaseMain.java:114)
	at com.kms.katalon.core.keyword.builtin.CallTestCaseKeyword$_callTestCase_closure1.doCall(CallTestCaseKeyword.groovy:59)
	at com.kms.katalon.core.keyword.builtin.CallTestCaseKeyword$_callTestCase_closure1.call(CallTestCaseKeyword.groovy)
	at com.kms.katalon.core.keyword.internal.KeywordMain.runKeyword(KeywordMain.groovy:68)
	at com.kms.katalon.core.keyword.builtin.CallTestCaseKeyword.callTestCase(CallTestCaseKeyword.groovy:81)
	at com.kms.katalon.core.keyword.builtin.CallTestCaseKeyword.execute(CallTestCaseKeyword.groovy:44)
	at com.kms.katalon.core.keyword.internal.KeywordExecutor.executeKeywordForPlatform(KeywordExecutor.groovy:73)
	at com.kms.katalon.core.keyword.BuiltinKeywords.callTestCase(BuiltinKeywords.groovy:334)
	at 005 - Settings.run(005 - Settings:22)
	at com.kms.katalon.core.main.ScriptEngine.run(ScriptEngine.java:194)
	at com.kms.katalon.core.main.ScriptEngine.runScriptAsRawText(ScriptEngine.java:119)
	at com.kms.katalon.core.main.TestCaseExecutor.runScript(TestCaseExecutor.java:398)
	at com.kms.katalon.core.main.TestCaseExecutor.doExecute(TestCaseExecutor.java:389)
	at com.kms.katalon.core.main.TestCaseExecutor.processExecutionPhase(TestCaseExecutor.java:368)
	at com.kms.katalon.core.main.TestCaseExecutor.accessMainPhase(TestCaseExecutor.java:360)
	at com.kms.katalon.core.main.TestCaseExecutor.execute(TestCaseExecutor.java:255)
	at com.kms.katalon.core.main.TestSuiteExecutor.accessTestCaseMainPhase(TestSuiteExecutor.java:203)
	at com.kms.katalon.core.main.TestSuiteExecutor.accessTestSuiteMainPhase(TestSuiteExecutor.java:152)
	at com.kms.katalon.core.main.TestSuiteExecutor.execute(TestSuiteExecutor.java:95)
	at com.kms.katalon.core.main.TestCaseMain.startTestSuite(TestCaseMain.java:157)
	at com.kms.katalon.core.main.TestCaseMain$startTestSuite$0.call(Unknown Source)
	at TempTestSuite1640315158547.run(TempTestSuite1640315158547.groovy:39)
)

2021-12-24 10:27:43 - [TEST_STEP][PASSED] - setting = findTestObject("Mobile/Page/NavigationMenu/Button - Settings"): null

2021-12-24 10:27:43 - [TEST_STEP][FAILED] - top = getElementTopPosition(setting, 0): Failed to get top position of element 'Object Repository/Mobile/Page/NavigationMenu/Button - Settings' (Root cause: com.kms.katalon.core.exception.StepFailedException: Object Object Repository/Mobile/Page/NavigationMenu/Button - Settings not found
	at com.kms.katalon.core.mobile.helper.MobileElementCommonHelper.findElementWithCheck(MobileElementCommonHelper.java:159)
	at com.kms.katalon.core.mobile.helper.MobileElementCommonHelper.getElementTopPosition(MobileElementCommonHelper.java:357)
	at com.kms.katalon.core.mobile.keyword.builtin.GetElementTopPositionKeyword$_getElementTopPosition_closure1.doCall(GetElementTopPositionKeyword.groovy:70)
	at com.kms.katalon.core.mobile.keyword.builtin.GetElementTopPositionKeyword$_getElementTopPosition_closure1.call(GetElementTopPositionKeyword.groovy)
	at com.kms.katalon.core.mobile.keyword.internal.MobileKeywordMain.runKeywordAndReturnInt(MobileKeywordMain.groovy:30)
	at com.kms.katalon.core.mobile.keyword.builtin.GetElementTopPositionKeyword.getElementTopPosition(GetElementTopPositionKeyword.groovy:71)
	at com.kms.katalon.core.mobile.keyword.builtin.GetElementTopPositionKeyword.execute(GetElementTopPositionKeyword.groovy:64)
	at com.kms.katalon.core.keyword.internal.KeywordExecutor.executeKeywordForPlatform(KeywordExecutor.groovy:73)
	at com.kms.katalon.core.mobile.keyword.MobileBuiltInKeywords.getElementTopPosition(MobileBuiltInKeywords.groovy:2600)
	at com.kms.katalon.core.mobile.keyword.MobileBuiltInKeywords$getElementTopPosition$7.call(Unknown Source)
	at NavigationMenu.run(NavigationMenu:133)
	at com.kms.katalon.core.main.ScriptEngine.run(ScriptEngine.java:194)
	at com.kms.katalon.core.main.ScriptEngine.runScriptAsRawText(ScriptEngine.java:119)
	at com.kms.katalon.core.main.TestCaseExecutor.runScript(TestCaseExecutor.java:398)
	at com.kms.katalon.core.main.TestCaseExecutor.doExecute(TestCaseExecutor.java:389)
	at com.kms.katalon.core.main.TestCaseExecutor.processExecutionPhase(TestCaseExecutor.java:368)
	at com.kms.katalon.core.main.TestCaseExecutor.accessMainPhase(TestCaseExecutor.java:360)
	at com.kms.katalon.core.main.TestCaseExecutor.execute(TestCaseExecutor.java:255)
	at com.kms.katalon.core.main.TestCaseMain.runTestCase(TestCaseMain.java:114)
	at com.kms.katalon.core.keyword.builtin.CallTestCaseKeyword$_callTestCase_closure1.doCall(CallTestCaseKeyword.groovy:59)
	at com.kms.katalon.core.keyword.builtin.CallTestCaseKeyword$_callTestCase_closure1.call(CallTestCaseKeyword.groovy)
	at com.kms.katalon.core.keyword.internal.KeywordMain.runKeyword(KeywordMain.groovy:68)
	at com.kms.katalon.core.keyword.builtin.CallTestCaseKeyword.callTestCase(CallTestCaseKeyword.groovy:81)
	at com.kms.katalon.core.keyword.builtin.CallTestCaseKeyword.execute(CallTestCaseKeyword.groovy:44)
	at com.kms.katalon.core.keyword.internal.KeywordExecutor.executeKeywordForPlatform(KeywordExecutor.groovy:73)
	at com.kms.katalon.core.keyword.BuiltinKeywords.callTestCase(BuiltinKeywords.groovy:334)
	at 005 - Settings.run(005 - Settings:22)
	at com.kms.katalon.core.main.ScriptEngine.run(ScriptEngine.java:194)
	at com.kms.katalon.core.main.ScriptEngine.runScriptAsRawText(ScriptEngine.java:119)
	at com.kms.katalon.core.main.TestCaseExecutor.runScript(TestCaseExecutor.java:398)
	at com.kms.katalon.core.main.TestCaseExecutor.doExecute(TestCaseExecutor.java:389)
	at com.kms.katalon.core.main.TestCaseExecutor.processExecutionPhase(TestCaseExecutor.java:368)
	at com.kms.katalon.core.main.TestCaseExecutor.accessMainPhase(TestCaseExecutor.java:360)
	at com.kms.katalon.core.main.TestCaseExecutor.execute(TestCaseExecutor.java:255)
	at com.kms.katalon.core.main.TestSuiteExecutor.accessTestCaseMainPhase(TestSuiteExecutor.java:203)
	at com.kms.katalon.core.main.TestSuiteExecutor.accessTestSuiteMainPhase(TestSuiteExecutor.java:152)
	at com.kms.katalon.core.main.TestSuiteExecutor.execute(TestSuiteExecutor.java:95)
	at com.kms.katalon.core.main.TestCaseMain.startTestSuite(TestCaseMain.java:157)
	at com.kms.katalon.core.main.TestCaseMain$startTestSuite$0.call(Unknown Source)
	at TempTestSuite1640315158547.run(TempTestSuite1640315158547.groovy:39)
)

2021-12-24 10:27:43 - [MESSAGE][WARNING] - Timeout '0' is invalid. Using default page load timeout: '60'

2021-12-24 10:28:44 - [MESSAGE][FAILED] - Failed to get top position of element 'Object Repository/Mobile/Page/NavigationMenu/Button - Settings' (Root cause: com.kms.katalon.core.exception.StepFailedException: Object Object Repository/Mobile/Page/NavigationMenu/Button - Settings not found
	at com.kms.katalon.core.mobile.helper.MobileElementCommonHelper.findElementWithCheck(MobileElementCommonHelper.java:159)
	at com.kms.katalon.core.mobile.helper.MobileElementCommonHelper.getElementTopPosition(MobileElementCommonHelper.java:357)
	at com.kms.katalon.core.mobile.keyword.builtin.GetElementTopPositionKeyword$_getElementTopPosition_closure1.doCall(GetElementTopPositionKeyword.groovy:70)
	at com.kms.katalon.core.mobile.keyword.builtin.GetElementTopPositionKeyword$_getElementTopPosition_closure1.call(GetElementTopPositionKeyword.groovy)
	at com.kms.katalon.core.mobile.keyword.internal.MobileKeywordMain.runKeywordAndReturnInt(MobileKeywordMain.groovy:30)
	at com.kms.katalon.core.mobile.keyword.builtin.GetElementTopPositionKeyword.getElementTopPosition(GetElementTopPositionKeyword.groovy:71)
	at com.kms.katalon.core.mobile.keyword.builtin.GetElementTopPositionKeyword.execute(GetElementTopPositionKeyword.groovy:64)
	at com.kms.katalon.core.keyword.internal.KeywordExecutor.executeKeywordForPlatform(KeywordExecutor.groovy:73)
	at com.kms.katalon.core.mobile.keyword.MobileBuiltInKeywords.getElementTopPosition(MobileBuiltInKeywords.groovy:2600)
	at com.kms.katalon.core.mobile.keyword.MobileBuiltInKeywords$getElementTopPosition$7.call(Unknown Source)
	at NavigationMenu.run(NavigationMenu:133)
	at com.kms.katalon.core.main.ScriptEngine.run(ScriptEngine.java:194)
	at com.kms.katalon.core.main.ScriptEngine.runScriptAsRawText(ScriptEngine.java:119)
	at com.kms.katalon.core.main.TestCaseExecutor.runScript(TestCaseExecutor.java:398)
	at com.kms.katalon.core.main.TestCaseExecutor.doExecute(TestCaseExecutor.java:389)
	at com.kms.katalon.core.main.TestCaseExecutor.processExecutionPhase(TestCaseExecutor.java:368)
	at com.kms.katalon.core.main.TestCaseExecutor.accessMainPhase(TestCaseExecutor.java:360)
	at com.kms.katalon.core.main.TestCaseExecutor.execute(TestCaseExecutor.java:255)
	at com.kms.katalon.core.main.TestCaseMain.runTestCase(TestCaseMain.java:114)
	at com.kms.katalon.core.keyword.builtin.CallTestCaseKeyword$_callTestCase_closure1.doCall(CallTestCaseKeyword.groovy:59)
	at com.kms.katalon.core.keyword.builtin.CallTestCaseKeyword$_callTestCase_closure1.call(CallTestCaseKeyword.groovy)
	at com.kms.katalon.core.keyword.internal.KeywordMain.runKeyword(KeywordMain.groovy:68)
	at com.kms.katalon.core.keyword.builtin.CallTestCaseKeyword.callTestCase(CallTestCaseKeyword.groovy:81)
	at com.kms.katalon.core.keyword.builtin.CallTestCaseKeyword.execute(CallTestCaseKeyword.groovy:44)
	at com.kms.katalon.core.keyword.internal.KeywordExecutor.executeKeywordForPlatform(KeywordExecutor.groovy:73)
	at com.kms.katalon.core.keyword.BuiltinKeywords.callTestCase(BuiltinKeywords.groovy:334)
	at 005 - Settings.run(005 - Settings:22)
	at com.kms.katalon.core.main.ScriptEngine.run(ScriptEngine.java:194)
	at com.kms.katalon.core.main.ScriptEngine.runScriptAsRawText(ScriptEngine.java:119)
	at com.kms.katalon.core.main.TestCaseExecutor.runScript(TestCaseExecutor.java:398)
	at com.kms.katalon.core.main.TestCaseExecutor.doExecute(TestCaseExecutor.java:389)
	at com.kms.katalon.core.main.TestCaseExecutor.processExecutionPhase(TestCaseExecutor.java:368)
	at com.kms.katalon.core.main.TestCaseExecutor.accessMainPhase(TestCaseExecutor.java:360)
	at com.kms.katalon.core.main.TestCaseExecutor.execute(TestCaseExecutor.java:255)
	at com.kms.katalon.core.main.TestSuiteExecutor.accessTestCaseMainPhase(TestSuiteExecutor.java:203)
	at com.kms.katalon.core.main.TestSuiteExecutor.accessTestSuiteMainPhase(TestSuiteExecutor.java:152)
	at com.kms.katalon.core.main.TestSuiteExecutor.execute(TestSuiteExecutor.java:95)
	at com.kms.katalon.core.main.TestCaseMain.startTestSuite(TestCaseMain.java:157)
	at com.kms.katalon.core.main.TestCaseMain$startTestSuite$0.call(Unknown Source)
	at TempTestSuite1640315158547.run(TempTestSuite1640315158547.groovy:39)
)
[[ATTACHMENT|C:\\Users\\Owner\\Documents\\kerjaan\\KatalonProject\\qa_katalon_pwm\\qa_katalon_pwm\\Reports\\20211224_100549\\navigationmenu\\20211224_100558\\1640316523485.png]]

2021-12-24 10:28:44 - [MESSAGE][FAILED] - Unable to call Test Case 'Test Cases/Mobile/Page/NavigationMenu/NavigationMenu' (Root cause: com.kms.katalon.core.exception.StepFailedException: Call Test Case 'Test Cases/Mobile/Page/NavigationMenu/NavigationMenu' failed
	at com.kms.katalon.core.keyword.builtin.CallTestCaseKeyword$_callTestCase_closure1.doCall(CallTestCaseKeyword.groovy:63)
	at com.kms.katalon.core.keyword.builtin.CallTestCaseKeyword$_callTestCase_closure1.call(CallTestCaseKeyword.groovy)
	at com.kms.katalon.core.keyword.internal.KeywordMain.runKeyword(KeywordMain.groovy:68)
	at com.kms.katalon.core.keyword.builtin.CallTestCaseKeyword.callTestCase(CallTestCaseKeyword.groovy:81)
	at com.kms.katalon.core.keyword.builtin.CallTestCaseKeyword.execute(CallTestCaseKeyword.groovy:44)
	at com.kms.katalon.core.keyword.internal.KeywordExecutor.executeKeywordForPlatform(KeywordExecutor.groovy:73)
	at com.kms.katalon.core.keyword.BuiltinKeywords.callTestCase(BuiltinKeywords.groovy:334)
	at 005 - Settings.run(005 - Settings:22)
	at com.kms.katalon.core.main.ScriptEngine.run(ScriptEngine.java:194)
	at com.kms.katalon.core.main.ScriptEngine.runScriptAsRawText(ScriptEngine.java:119)
	at com.kms.katalon.core.main.TestCaseExecutor.runScript(TestCaseExecutor.java:398)
	at com.kms.katalon.core.main.TestCaseExecutor.doExecute(TestCaseExecutor.java:389)
	at com.kms.katalon.core.main.TestCaseExecutor.processExecutionPhase(TestCaseExecutor.java:368)
	at com.kms.katalon.core.main.TestCaseExecutor.accessMainPhase(TestCaseExecutor.java:360)
	at com.kms.katalon.core.main.TestCaseExecutor.execute(TestCaseExecutor.java:255)
	at com.kms.katalon.core.main.TestSuiteExecutor.accessTestCaseMainPhase(TestSuiteExecutor.java:203)
	at com.kms.katalon.core.main.TestSuiteExecutor.accessTestSuiteMainPhase(TestSuiteExecutor.java:152)
	at com.kms.katalon.core.main.TestSuiteExecutor.execute(TestSuiteExecutor.java:95)
	at com.kms.katalon.core.main.TestCaseMain.startTestSuite(TestCaseMain.java:157)
	at com.kms.katalon.core.main.TestCaseMain$startTestSuite$0.call(Unknown Source)
	at TempTestSuite1640315158547.run(TempTestSuite1640315158547.groovy:39)
Caused by: com.kms.katalon.core.exception.StepFailedException: Object Object Repository/Mobile/Page/NavigationMenu/Button - Settings not found
	at com.kms.katalon.core.mobile.helper.MobileElementCommonHelper.findElementWithCheck(MobileElementCommonHelper.java:159)
	at com.kms.katalon.core.mobile.helper.MobileElementCommonHelper.getElementTopPosition(MobileElementCommonHelper.java:357)
	at com.kms.katalon.core.mobile.keyword.builtin.GetElementTopPositionKeyword$_getElementTopPosition_closure1.doCall(GetElementTopPositionKeyword.groovy:70)
	at com.kms.katalon.core.mobile.keyword.builtin.GetElementTopPositionKeyword$_getElementTopPosition_closure1.call(GetElementTopPositionKeyword.groovy)
	at com.kms.katalon.core.mobile.keyword.internal.MobileKeywordMain.runKeywordAndReturnInt(MobileKeywordMain.groovy:30)
	at com.kms.katalon.core.mobile.keyword.builtin.GetElementTopPositionKeyword.getElementTopPosition(GetElementTopPositionKeyword.groovy:71)
	at com.kms.katalon.core.mobile.keyword.builtin.GetElementTopPositionKeyword.execute(GetElementTopPositionKeyword.groovy:64)
	at com.kms.katalon.core.keyword.internal.KeywordExecutor.executeKeywordForPlatform(KeywordExecutor.groovy:73)
	at com.kms.katalon.core.mobile.keyword.MobileBuiltInKeywords.getElementTopPosition(MobileBuiltInKeywords.groovy:2600)
	at com.kms.katalon.core.mobile.keyword.MobileBuiltInKeywords$getElementTopPosition$7.call(Unknown Source)
	at NavigationMenu.run(NavigationMenu:133)
	at com.kms.katalon.core.main.ScriptEngine.run(ScriptEngine.java:194)
	at com.kms.katalon.core.main.ScriptEngine.runScriptAsRawText(ScriptEngine.java:119)
	at com.kms.katalon.core.main.TestCaseExecutor.runScript(TestCaseExecutor.java:398)
	at com.kms.katalon.core.main.TestCaseExecutor.doExecute(TestCaseExecutor.java:389)
	at com.kms.katalon.core.main.TestCaseExecutor.processExecutionPhase(TestCaseExecutor.java:368)
	at com.kms.katalon.core.main.TestCaseExecutor.accessMainPhase(TestCaseExecutor.java:360)
	at com.kms.katalon.core.main.TestCaseExecutor.execute(TestCaseExecutor.java:255)
	at com.kms.katalon.core.main.TestCaseMain.runTestCase(TestCaseMain.java:114)
	at com.kms.katalon.core.keyword.builtin.CallTestCaseKeyword$_callTestCase_closure1.doCall(CallTestCaseKeyword.groovy:59)
	... 20 more
)

2021-12-24 10:28:44 - [TEST_STEP][PASSED] - callTestCase(findTestCase("Mobile/Page/Run App/Terminate App"), [:], STOP_ON_FAILURE): Call Test Case 'Test Cases/Mobile/Page/Run App/Terminate App' successfully

2021-12-24 10:28:44 - [TEST_CASE][PASSED] - Test Cases/Mobile/Page/Run App/Terminate App: Test Cases/Mobile/Page/Run App/Terminate App

2021-12-24 10:28:44 - [TEST_STEP][PASSED] - startApp.OpenApp.terminateApplication(): startApp.OpenApp.terminateApplication is PASSED

2021-12-24 10:28:47 - [MESSAGE][PASSED] - Delayed 3 second(s)

2021-12-24 10:28:47 - [MESSAGE][PASSED] - Current device physical width is 720

2021-12-24 10:28:48 - [MESSAGE][PASSED] - Current device physical height is 1423

2021-12-24 10:28:49 - [MESSAGE][PASSED] - Swiped from 360,853 to 360,142

2021-12-24 10:28:50 - [MESSAGE][PASSED] - Delayed 1 second(s)

2021-12-24 10:28:51 - [MESSAGE][PASSED] - Swiped from 360,853 to 360,142

2021-12-24 10:28:54 - [MESSAGE][PASSED] - Delayed 3 second(s)

2021-12-24 10:28:54 - [MESSAGE][PASSED] - startApp.OpenApp.terminateApplication is PASSED

2021-12-24 10:28:54 - [MESSAGE][PASSED] - Call Test Case 'Test Cases/Mobile/Page/Run App/Terminate App' successfully]]></system-out>
         <system-err><![CDATA[2021-12-24 10:26:49 - [TEST_CASE][FAILED] - Test Cases/Mobile/Scenario/NavigationMenu/005 - Settings: Test Cases/Mobile/Scenario/NavigationMenu/005 - Settings FAILED.
Reason:
com.kms.katalon.core.exception.StepFailedException: Unable to call Test Case 'Test Cases/Mobile/Page/NavigationMenu/NavigationMenu' (Root cause: com.kms.katalon.core.exception.StepFailedException: Call Test Case 'Test Cases/Mobile/Page/NavigationMenu/NavigationMenu' failed
	at com.kms.katalon.core.keyword.builtin.CallTestCaseKeyword$_callTestCase_closure1.doCall(CallTestCaseKeyword.groovy:63)
	at com.kms.katalon.core.keyword.builtin.CallTestCaseKeyword$_callTestCase_closure1.call(CallTestCaseKeyword.groovy)
	at com.kms.katalon.core.keyword.internal.KeywordMain.runKeyword(KeywordMain.groovy:68)
	at com.kms.katalon.core.keyword.builtin.CallTestCaseKeyword.callTestCase(CallTestCaseKeyword.groovy:81)
	at com.kms.katalon.core.keyword.builtin.CallTestCaseKeyword.execute(CallTestCaseKeyword.groovy:44)
	at com.kms.katalon.core.keyword.internal.KeywordExecutor.executeKeywordForPlatform(KeywordExecutor.groovy:73)
	at com.kms.katalon.core.keyword.BuiltinKeywords.callTestCase(BuiltinKeywords.groovy:334)
	at 005 - Settings.run(005 - Settings:22)
	at com.kms.katalon.core.main.ScriptEngine.run(ScriptEngine.java:194)
	at com.kms.katalon.core.main.ScriptEngine.runScriptAsRawText(ScriptEngine.java:119)
	at com.kms.katalon.core.main.TestCaseExecutor.runScript(TestCaseExecutor.java:398)
	at com.kms.katalon.core.main.TestCaseExecutor.doExecute(TestCaseExecutor.java:389)
	at com.kms.katalon.core.main.TestCaseExecutor.processExecutionPhase(TestCaseExecutor.java:368)
	at com.kms.katalon.core.main.TestCaseExecutor.accessMainPhase(TestCaseExecutor.java:360)
	at com.kms.katalon.core.main.TestCaseExecutor.execute(TestCaseExecutor.java:255)
	at com.kms.katalon.core.main.TestSuiteExecutor.accessTestCaseMainPhase(TestSuiteExecutor.java:203)
	at com.kms.katalon.core.main.TestSuiteExecutor.accessTestSuiteMainPhase(TestSuiteExecutor.java:152)
	at com.kms.katalon.core.main.TestSuiteExecutor.execute(TestSuiteExecutor.java:95)
	at com.kms.katalon.core.main.TestCaseMain.startTestSuite(TestCaseMain.java:157)
	at com.kms.katalon.core.main.TestCaseMain$startTestSuite$0.call(Unknown Source)
	at TempTestSuite1640315158547.run(TempTestSuite1640315158547.groovy:39)
Caused by: com.kms.katalon.core.exception.StepFailedException: Object Object Repository/Mobile/Page/NavigationMenu/Button - Settings not found
	at com.kms.katalon.core.mobile.helper.MobileElementCommonHelper.findElementWithCheck(MobileElementCommonHelper.java:159)
	at com.kms.katalon.core.mobile.helper.MobileElementCommonHelper.getElementTopPosition(MobileElementCommonHelper.java:357)
	at com.kms.katalon.core.mobile.keyword.builtin.GetElementTopPositionKeyword$_getElementTopPosition_closure1.doCall(GetElementTopPositionKeyword.groovy:70)
	at com.kms.katalon.core.mobile.keyword.builtin.GetElementTopPositionKeyword$_getElementTopPosition_closure1.call(GetElementTopPositionKeyword.groovy)
	at com.kms.katalon.core.mobile.keyword.internal.MobileKeywordMain.runKeywordAndReturnInt(MobileKeywordMain.groovy:30)
	at com.kms.katalon.core.mobile.keyword.builtin.GetElementTopPositionKeyword.getElementTopPosition(GetElementTopPositionKeyword.groovy:71)
	at com.kms.katalon.core.mobile.keyword.builtin.GetElementTopPositionKeyword.execute(GetElementTopPositionKeyword.groovy:64)
	at com.kms.katalon.core.keyword.internal.KeywordExecutor.executeKeywordForPlatform(KeywordExecutor.groovy:73)
	at com.kms.katalon.core.mobile.keyword.MobileBuiltInKeywords.getElementTopPosition(MobileBuiltInKeywords.groovy:2600)
	at com.kms.katalon.core.mobile.keyword.MobileBuiltInKeywords$getElementTopPosition$7.call(Unknown Source)
	at NavigationMenu.run(NavigationMenu:133)
	at com.kms.katalon.core.main.ScriptEngine.run(ScriptEngine.java:194)
	at com.kms.katalon.core.main.ScriptEngine.runScriptAsRawText(ScriptEngine.java:119)
	at com.kms.katalon.core.main.TestCaseExecutor.runScript(TestCaseExecutor.java:398)
	at com.kms.katalon.core.main.TestCaseExecutor.doExecute(TestCaseExecutor.java:389)
	at com.kms.katalon.core.main.TestCaseExecutor.processExecutionPhase(TestCaseExecutor.java:368)
	at com.kms.katalon.core.main.TestCaseExecutor.accessMainPhase(TestCaseExecutor.java:360)
	at com.kms.katalon.core.main.TestCaseExecutor.execute(TestCaseExecutor.java:255)
	at com.kms.katalon.core.main.TestCaseMain.runTestCase(TestCaseMain.java:114)
	at com.kms.katalon.core.keyword.builtin.CallTestCaseKeyword$_callTestCase_closure1.doCall(CallTestCaseKeyword.groovy:59)
	... 20 more
)
	at com.kms.katalon.core.keyword.internal.KeywordMain.stepFailed(KeywordMain.groovy:39)
	at com.kms.katalon.core.keyword.internal.KeywordMain.stepFailed(KeywordMain.groovy)
	at com.kms.katalon.core.keyword.internal.KeywordMain.runKeyword(KeywordMain.groovy:70)
	at com.kms.katalon.core.keyword.builtin.CallTestCaseKeyword.callTestCase(CallTestCaseKeyword.groovy:81)
	at com.kms.katalon.core.keyword.builtin.CallTestCaseKeyword.execute(CallTestCaseKeyword.groovy:44)
	at com.kms.katalon.core.keyword.internal.KeywordExecutor.executeKeywordForPlatform(KeywordExecutor.groovy:73)
	at com.kms.katalon.core.keyword.BuiltinKeywords.callTestCase(BuiltinKeywords.groovy:334)
	at 005 - Settings.run(005 - Settings:22)
	at com.kms.katalon.core.main.ScriptEngine.run(ScriptEngine.java:194)
	at com.kms.katalon.core.main.ScriptEngine.runScriptAsRawText(ScriptEngine.java:119)
	at com.kms.katalon.core.main.TestCaseExecutor.runScript(TestCaseExecutor.java:398)
	at com.kms.katalon.core.main.TestCaseExecutor.doExecute(TestCaseExecutor.java:389)
	at com.kms.katalon.core.main.TestCaseExecutor.processExecutionPhase(TestCaseExecutor.java:368)
	at com.kms.katalon.core.main.TestCaseExecutor.accessMainPhase(TestCaseExecutor.java:360)
	at com.kms.katalon.core.main.TestCaseExecutor.execute(TestCaseExecutor.java:255)
	at com.kms.katalon.core.main.TestSuiteExecutor.accessTestCaseMainPhase(TestSuiteExecutor.java:203)
	at com.kms.katalon.core.main.TestSuiteExecutor.accessTestSuiteMainPhase(TestSuiteExecutor.java:152)
	at com.kms.katalon.core.main.TestSuiteExecutor.execute(TestSuiteExecutor.java:95)
	at com.kms.katalon.core.main.TestCaseMain.startTestSuite(TestCaseMain.java:157)
	at com.kms.katalon.core.main.TestCaseMain$startTestSuite$0.call(Unknown Source)
	at TempTestSuite1640315158547.run(TempTestSuite1640315158547.groovy:39)
Caused by: com.kms.katalon.core.exception.StepFailedException: Call Test Case 'Test Cases/Mobile/Page/NavigationMenu/NavigationMenu' failed
	at com.kms.katalon.core.keyword.builtin.CallTestCaseKeyword$_callTestCase_closure1.doCall(CallTestCaseKeyword.groovy:63)
	at com.kms.katalon.core.keyword.builtin.CallTestCaseKeyword$_callTestCase_closure1.call(CallTestCaseKeyword.groovy)
	at com.kms.katalon.core.keyword.internal.KeywordMain.runKeyword(KeywordMain.groovy:68)
	... 18 more
Caused by: com.kms.katalon.core.exception.StepFailedException: Object Object Repository/Mobile/Page/NavigationMenu/Button - Settings not found
	at com.kms.katalon.core.mobile.helper.MobileElementCommonHelper.findElementWithCheck(MobileElementCommonHelper.java:159)
	at com.kms.katalon.core.mobile.helper.MobileElementCommonHelper.getElementTopPosition(MobileElementCommonHelper.java:357)
	at com.kms.katalon.core.mobile.keyword.builtin.GetElementTopPositionKeyword$_getElementTopPosition_closure1.doCall(GetElementTopPositionKeyword.groovy:70)
	at com.kms.katalon.core.mobile.keyword.builtin.GetElementTopPositionKeyword$_getElementTopPosition_closure1.call(GetElementTopPositionKeyword.groovy)
	at com.kms.katalon.core.mobile.keyword.internal.MobileKeywordMain.runKeywordAndReturnInt(MobileKeywordMain.groovy:30)
	at com.kms.katalon.core.mobile.keyword.builtin.GetElementTopPositionKeyword.getElementTopPosition(GetElementTopPositionKeyword.groovy:71)
	at com.kms.katalon.core.mobile.keyword.builtin.GetElementTopPositionKeyword.execute(GetElementTopPositionKeyword.groovy:64)
	at com.kms.katalon.core.keyword.internal.KeywordExecutor.executeKeywordForPlatform(KeywordExecutor.groovy:73)
	at com.kms.katalon.core.mobile.keyword.MobileBuiltInKeywords.getElementTopPosition(MobileBuiltInKeywords.groovy:2600)
	at com.kms.katalon.core.mobile.keyword.MobileBuiltInKeywords$getElementTopPosition$7.call(Unknown Source)
	at NavigationMenu.run(NavigationMenu:133)
	at com.kms.katalon.core.main.ScriptEngine.run(ScriptEngine.java:194)
	at com.kms.katalon.core.main.ScriptEngine.runScriptAsRawText(ScriptEngine.java:119)
	at com.kms.katalon.core.main.TestCaseExecutor.runScript(TestCaseExecutor.java:398)
	at com.kms.katalon.core.main.TestCaseExecutor.doExecute(TestCaseExecutor.java:389)
	at com.kms.katalon.core.main.TestCaseExecutor.processExecutionPhase(TestCaseExecutor.java:368)
	at com.kms.katalon.core.main.TestCaseExecutor.accessMainPhase(TestCaseExecutor.java:360)
	at com.kms.katalon.core.main.TestCaseExecutor.execute(TestCaseExecutor.java:255)
	at com.kms.katalon.core.main.TestCaseMain.runTestCase(TestCaseMain.java:114)
	at com.kms.katalon.core.keyword.builtin.CallTestCaseKeyword$_callTestCase_closure1.doCall(CallTestCaseKeyword.groovy:59)
	... 20 more]]></system-err>
      </testcase>
      <testcase name="Test Cases/Mobile/Scenario/NavigationMenu/006 - Logout" time="116.806" classname="Test Cases/Mobile/Scenario/NavigationMenu/006 - Logout" status="FAILED">
         <failure type="FAILED" message="Test Cases/Mobile/Scenario/NavigationMenu/006 - Logout FAILED.
Reason:
com.kms.katalon.core.exception.StepFailedException: Unable to call Test Case 'Test Cases/Mobile/Page/NavigationMenu/NavigationMenu' (Root cause: com.kms.katalon.core.exception.StepFailedException: Call Test Case 'Test Cases/Mobile/Page/NavigationMenu/NavigationMenu' failed
	at com.kms.katalon.core.keyword.builtin.CallTestCaseKeyword$_callTestCase_closure1.doCall(CallTestCaseKeyword.groovy:63)
	at com.kms.katalon.core.keyword.builtin.CallTestCaseKeyword$_callTestCase_closure1.call(CallTestCaseKeyword.groovy)
	at com.kms.katalon.core.keyword.internal.KeywordMain.runKeyword(KeywordMain.groovy:68)
	at com.kms.katalon.core.keyword.builtin.CallTestCaseKeyword.callTestCase(CallTestCaseKeyword.groovy:81)
	at com.kms.katalon.core.keyword.builtin.CallTestCaseKeyword.execute(CallTestCaseKeyword.groovy:44)
	at com.kms.katalon.core.keyword.internal.KeywordExecutor.executeKeywordForPlatform(KeywordExecutor.groovy:73)
	at com.kms.katalon.core.keyword.BuiltinKeywords.callTestCase(BuiltinKeywords.groovy:334)
	at 006 - Logout.run(006 - Logout:22)
	at com.kms.katalon.core.main.ScriptEngine.run(ScriptEngine.java:194)
	at com.kms.katalon.core.main.ScriptEngine.runScriptAsRawText(ScriptEngine.java:119)
	at com.kms.katalon.core.main.TestCaseExecutor.runScript(TestCaseExecutor.java:398)
	at com.kms.katalon.core.main.TestCaseExecutor.doExecute(TestCaseExecutor.java:389)
	at com.kms.katalon.core.main.TestCaseExecutor.processExecutionPhase(TestCaseExecutor.java:368)
	at com.kms.katalon.core.main.TestCaseExecutor.accessMainPhase(TestCaseExecutor.java:360)
	at com.kms.katalon.core.main.TestCaseExecutor.execute(TestCaseExecutor.java:255)
	at com.kms.katalon.core.main.TestSuiteExecutor.accessTestCaseMainPhase(TestSuiteExecutor.java:203)
	at com.kms.katalon.core.main.TestSuiteExecutor.accessTestSuiteMainPhase(TestSuiteExecutor.java:152)
	at com.kms.katalon.core.main.TestSuiteExecutor.execute(TestSuiteExecutor.java:95)
	at com.kms.katalon.core.main.TestCaseMain.startTestSuite(TestCaseMain.java:157)
	at com.kms.katalon.core.main.TestCaseMain$startTestSuite$0.call(Unknown Source)
	at TempTestSuite1640315158547.run(TempTestSuite1640315158547.groovy:39)
Caused by: com.kms.katalon.core.exception.StepFailedException: Object Object Repository/Mobile/Page/NavigationMenu/Container - Logout not found
	at com.kms.katalon.core.mobile.helper.MobileElementCommonHelper.findElementWithCheck(MobileElementCommonHelper.java:159)
	at com.kms.katalon.core.mobile.helper.MobileElementCommonHelper.getElementTopPosition(MobileElementCommonHelper.java:357)
	at com.kms.katalon.core.mobile.keyword.builtin.GetElementTopPositionKeyword$_getElementTopPosition_closure1.doCall(GetElementTopPositionKeyword.groovy:70)
	at com.kms.katalon.core.mobile.keyword.builtin.GetElementTopPositionKeyword$_getElementTopPosition_closure1.call(GetElementTopPositionKeyword.groovy)
	at com.kms.katalon.core.mobile.keyword.internal.MobileKeywordMain.runKeywordAndReturnInt(MobileKeywordMain.groovy:30)
	at com.kms.katalon.core.mobile.keyword.builtin.GetElementTopPositionKeyword.getElementTopPosition(GetElementTopPositionKeyword.groovy:71)
	at com.kms.katalon.core.mobile.keyword.builtin.GetElementTopPositionKeyword.execute(GetElementTopPositionKeyword.groovy:64)
	at com.kms.katalon.core.keyword.internal.KeywordExecutor.executeKeywordForPlatform(KeywordExecutor.groovy:73)
	at com.kms.katalon.core.mobile.keyword.MobileBuiltInKeywords.getElementTopPosition(MobileBuiltInKeywords.groovy:2600)
	at com.kms.katalon.core.mobile.keyword.MobileBuiltInKeywords$getElementTopPosition$7.call(Unknown Source)
	at NavigationMenu.run(NavigationMenu:188)
	at com.kms.katalon.core.main.ScriptEngine.run(ScriptEngine.java:194)
	at com.kms.katalon.core.main.ScriptEngine.runScriptAsRawText(ScriptEngine.java:119)
	at com.kms.katalon.core.main.TestCaseExecutor.runScript(TestCaseExecutor.java:398)
	at com.kms.katalon.core.main.TestCaseExecutor.doExecute(TestCaseExecutor.java:389)
	at com.kms.katalon.core.main.TestCaseExecutor.processExecutionPhase(TestCaseExecutor.java:368)
	at com.kms.katalon.core.main.TestCaseExecutor.accessMainPhase(TestCaseExecutor.java:360)
	at com.kms.katalon.core.main.TestCaseExecutor.execute(TestCaseExecutor.java:255)
	at com.kms.katalon.core.main.TestCaseMain.runTestCase(TestCaseMain.java:114)
	at com.kms.katalon.core.keyword.builtin.CallTestCaseKeyword$_callTestCase_closure1.doCall(CallTestCaseKeyword.groovy:59)
	... 20 more
)
	at com.kms.katalon.core.keyword.internal.KeywordMain.stepFailed(KeywordMain.groovy:39)
	at com.kms.katalon.core.keyword.internal.KeywordMain.stepFailed(KeywordMain.groovy)
	at com.kms.katalon.core.keyword.internal.KeywordMain.runKeyword(KeywordMain.groovy:70)
	at com.kms.katalon.core.keyword.builtin.CallTestCaseKeyword.callTestCase(CallTestCaseKeyword.groovy:81)
	at com.kms.katalon.core.keyword.builtin.CallTestCaseKeyword.execute(CallTestCaseKeyword.groovy:44)
	at com.kms.katalon.core.keyword.internal.KeywordExecutor.executeKeywordForPlatform(KeywordExecutor.groovy:73)
	at com.kms.katalon.core.keyword.BuiltinKeywords.callTestCase(BuiltinKeywords.groovy:334)
	at 006 - Logout.run(006 - Logout:22)
	at com.kms.katalon.core.main.ScriptEngine.run(ScriptEngine.java:194)
	at com.kms.katalon.core.main.ScriptEngine.runScriptAsRawText(ScriptEngine.java:119)
	at com.kms.katalon.core.main.TestCaseExecutor.runScript(TestCaseExecutor.java:398)
	at com.kms.katalon.core.main.TestCaseExecutor.doExecute(TestCaseExecutor.java:389)
	at com.kms.katalon.core.main.TestCaseExecutor.processExecutionPhase(TestCaseExecutor.java:368)
	at com.kms.katalon.core.main.TestCaseExecutor.accessMainPhase(TestCaseExecutor.java:360)
	at com.kms.katalon.core.main.TestCaseExecutor.execute(TestCaseExecutor.java:255)
	at com.kms.katalon.core.main.TestSuiteExecutor.accessTestCaseMainPhase(TestSuiteExecutor.java:203)
	at com.kms.katalon.core.main.TestSuiteExecutor.accessTestSuiteMainPhase(TestSuiteExecutor.java:152)
	at com.kms.katalon.core.main.TestSuiteExecutor.execute(TestSuiteExecutor.java:95)
	at com.kms.katalon.core.main.TestCaseMain.startTestSuite(TestCaseMain.java:157)
	at com.kms.katalon.core.main.TestCaseMain$startTestSuite$0.call(Unknown Source)
	at TempTestSuite1640315158547.run(TempTestSuite1640315158547.groovy:39)
Caused by: com.kms.katalon.core.exception.StepFailedException: Call Test Case 'Test Cases/Mobile/Page/NavigationMenu/NavigationMenu' failed
	at com.kms.katalon.core.keyword.builtin.CallTestCaseKeyword$_callTestCase_closure1.doCall(CallTestCaseKeyword.groovy:63)
	at com.kms.katalon.core.keyword.builtin.CallTestCaseKeyword$_callTestCase_closure1.call(CallTestCaseKeyword.groovy)
	at com.kms.katalon.core.keyword.internal.KeywordMain.runKeyword(KeywordMain.groovy:68)
	... 18 more
Caused by: com.kms.katalon.core.exception.StepFailedException: Object Object Repository/Mobile/Page/NavigationMenu/Container - Logout not found
	at com.kms.katalon.core.mobile.helper.MobileElementCommonHelper.findElementWithCheck(MobileElementCommonHelper.java:159)
	at com.kms.katalon.core.mobile.helper.MobileElementCommonHelper.getElementTopPosition(MobileElementCommonHelper.java:357)
	at com.kms.katalon.core.mobile.keyword.builtin.GetElementTopPositionKeyword$_getElementTopPosition_closure1.doCall(GetElementTopPositionKeyword.groovy:70)
	at com.kms.katalon.core.mobile.keyword.builtin.GetElementTopPositionKeyword$_getElementTopPosition_closure1.call(GetElementTopPositionKeyword.groovy)
	at com.kms.katalon.core.mobile.keyword.internal.MobileKeywordMain.runKeywordAndReturnInt(MobileKeywordMain.groovy:30)
	at com.kms.katalon.core.mobile.keyword.builtin.GetElementTopPositionKeyword.getElementTopPosition(GetElementTopPositionKeyword.groovy:71)
	at com.kms.katalon.core.mobile.keyword.builtin.GetElementTopPositionKeyword.execute(GetElementTopPositionKeyword.groovy:64)
	at com.kms.katalon.core.keyword.internal.KeywordExecutor.executeKeywordForPlatform(KeywordExecutor.groovy:73)
	at com.kms.katalon.core.mobile.keyword.MobileBuiltInKeywords.getElementTopPosition(MobileBuiltInKeywords.groovy:2600)
	at com.kms.katalon.core.mobile.keyword.MobileBuiltInKeywords$getElementTopPosition$7.call(Unknown Source)
	at NavigationMenu.run(NavigationMenu:188)
	at com.kms.katalon.core.main.ScriptEngine.run(ScriptEngine.java:194)
	at com.kms.katalon.core.main.ScriptEngine.runScriptAsRawText(ScriptEngine.java:119)
	at com.kms.katalon.core.main.TestCaseExecutor.runScript(TestCaseExecutor.java:398)
	at com.kms.katalon.core.main.TestCaseExecutor.doExecute(TestCaseExecutor.java:389)
	at com.kms.katalon.core.main.TestCaseExecutor.processExecutionPhase(TestCaseExecutor.java:368)
	at com.kms.katalon.core.main.TestCaseExecutor.accessMainPhase(TestCaseExecutor.java:360)
	at com.kms.katalon.core.main.TestCaseExecutor.execute(TestCaseExecutor.java:255)
	at com.kms.katalon.core.main.TestCaseMain.runTestCase(TestCaseMain.java:114)
	at com.kms.katalon.core.keyword.builtin.CallTestCaseKeyword$_callTestCase_closure1.doCall(CallTestCaseKeyword.groovy:59)
	... 20 more
"/>
         <system-out><![CDATA[2021-12-24 10:28:54 - [TEST_CASE][FAILED] - Test Cases/Mobile/Scenario/NavigationMenu/006 - Logout: Test Cases/Mobile/Scenario/NavigationMenu/006 - Logout FAILED.
Reason:
com.kms.katalon.core.exception.StepFailedException: Unable to call Test Case 'Test Cases/Mobile/Page/NavigationMenu/NavigationMenu' (Root cause: com.kms.katalon.core.exception.StepFailedException: Call Test Case 'Test Cases/Mobile/Page/NavigationMenu/NavigationMenu' failed
	at com.kms.katalon.core.keyword.builtin.CallTestCaseKeyword$_callTestCase_closure1.doCall(CallTestCaseKeyword.groovy:63)
	at com.kms.katalon.core.keyword.builtin.CallTestCaseKeyword$_callTestCase_closure1.call(CallTestCaseKeyword.groovy)
	at com.kms.katalon.core.keyword.internal.KeywordMain.runKeyword(KeywordMain.groovy:68)
	at com.kms.katalon.core.keyword.builtin.CallTestCaseKeyword.callTestCase(CallTestCaseKeyword.groovy:81)
	at com.kms.katalon.core.keyword.builtin.CallTestCaseKeyword.execute(CallTestCaseKeyword.groovy:44)
	at com.kms.katalon.core.keyword.internal.KeywordExecutor.executeKeywordForPlatform(KeywordExecutor.groovy:73)
	at com.kms.katalon.core.keyword.BuiltinKeywords.callTestCase(BuiltinKeywords.groovy:334)
	at 006 - Logout.run(006 - Logout:22)
	at com.kms.katalon.core.main.ScriptEngine.run(ScriptEngine.java:194)
	at com.kms.katalon.core.main.ScriptEngine.runScriptAsRawText(ScriptEngine.java:119)
	at com.kms.katalon.core.main.TestCaseExecutor.runScript(TestCaseExecutor.java:398)
	at com.kms.katalon.core.main.TestCaseExecutor.doExecute(TestCaseExecutor.java:389)
	at com.kms.katalon.core.main.TestCaseExecutor.processExecutionPhase(TestCaseExecutor.java:368)
	at com.kms.katalon.core.main.TestCaseExecutor.accessMainPhase(TestCaseExecutor.java:360)
	at com.kms.katalon.core.main.TestCaseExecutor.execute(TestCaseExecutor.java:255)
	at com.kms.katalon.core.main.TestSuiteExecutor.accessTestCaseMainPhase(TestSuiteExecutor.java:203)
	at com.kms.katalon.core.main.TestSuiteExecutor.accessTestSuiteMainPhase(TestSuiteExecutor.java:152)
	at com.kms.katalon.core.main.TestSuiteExecutor.execute(TestSuiteExecutor.java:95)
	at com.kms.katalon.core.main.TestCaseMain.startTestSuite(TestCaseMain.java:157)
	at com.kms.katalon.core.main.TestCaseMain$startTestSuite$0.call(Unknown Source)
	at TempTestSuite1640315158547.run(TempTestSuite1640315158547.groovy:39)
Caused by: com.kms.katalon.core.exception.StepFailedException: Object Object Repository/Mobile/Page/NavigationMenu/Container - Logout not found
	at com.kms.katalon.core.mobile.helper.MobileElementCommonHelper.findElementWithCheck(MobileElementCommonHelper.java:159)
	at com.kms.katalon.core.mobile.helper.MobileElementCommonHelper.getElementTopPosition(MobileElementCommonHelper.java:357)
	at com.kms.katalon.core.mobile.keyword.builtin.GetElementTopPositionKeyword$_getElementTopPosition_closure1.doCall(GetElementTopPositionKeyword.groovy:70)
	at com.kms.katalon.core.mobile.keyword.builtin.GetElementTopPositionKeyword$_getElementTopPosition_closure1.call(GetElementTopPositionKeyword.groovy)
	at com.kms.katalon.core.mobile.keyword.internal.MobileKeywordMain.runKeywordAndReturnInt(MobileKeywordMain.groovy:30)
	at com.kms.katalon.core.mobile.keyword.builtin.GetElementTopPositionKeyword.getElementTopPosition(GetElementTopPositionKeyword.groovy:71)
	at com.kms.katalon.core.mobile.keyword.builtin.GetElementTopPositionKeyword.execute(GetElementTopPositionKeyword.groovy:64)
	at com.kms.katalon.core.keyword.internal.KeywordExecutor.executeKeywordForPlatform(KeywordExecutor.groovy:73)
	at com.kms.katalon.core.mobile.keyword.MobileBuiltInKeywords.getElementTopPosition(MobileBuiltInKeywords.groovy:2600)
	at com.kms.katalon.core.mobile.keyword.MobileBuiltInKeywords$getElementTopPosition$7.call(Unknown Source)
	at NavigationMenu.run(NavigationMenu:188)
	at com.kms.katalon.core.main.ScriptEngine.run(ScriptEngine.java:194)
	at com.kms.katalon.core.main.ScriptEngine.runScriptAsRawText(ScriptEngine.java:119)
	at com.kms.katalon.core.main.TestCaseExecutor.runScript(TestCaseExecutor.java:398)
	at com.kms.katalon.core.main.TestCaseExecutor.doExecute(TestCaseExecutor.java:389)
	at com.kms.katalon.core.main.TestCaseExecutor.processExecutionPhase(TestCaseExecutor.java:368)
	at com.kms.katalon.core.main.TestCaseExecutor.accessMainPhase(TestCaseExecutor.java:360)
	at com.kms.katalon.core.main.TestCaseExecutor.execute(TestCaseExecutor.java:255)
	at com.kms.katalon.core.main.TestCaseMain.runTestCase(TestCaseMain.java:114)
	at com.kms.katalon.core.keyword.builtin.CallTestCaseKeyword$_callTestCase_closure1.doCall(CallTestCaseKeyword.groovy:59)
	... 20 more
)
	at com.kms.katalon.core.keyword.internal.KeywordMain.stepFailed(KeywordMain.groovy:39)
	at com.kms.katalon.core.keyword.internal.KeywordMain.stepFailed(KeywordMain.groovy)
	at com.kms.katalon.core.keyword.internal.KeywordMain.runKeyword(KeywordMain.groovy:70)
	at com.kms.katalon.core.keyword.builtin.CallTestCaseKeyword.callTestCase(CallTestCaseKeyword.groovy:81)
	at com.kms.katalon.core.keyword.builtin.CallTestCaseKeyword.execute(CallTestCaseKeyword.groovy:44)
	at com.kms.katalon.core.keyword.internal.KeywordExecutor.executeKeywordForPlatform(KeywordExecutor.groovy:73)
	at com.kms.katalon.core.keyword.BuiltinKeywords.callTestCase(BuiltinKeywords.groovy:334)
	at 006 - Logout.run(006 - Logout:22)
	at com.kms.katalon.core.main.ScriptEngine.run(ScriptEngine.java:194)
	at com.kms.katalon.core.main.ScriptEngine.runScriptAsRawText(ScriptEngine.java:119)
	at com.kms.katalon.core.main.TestCaseExecutor.runScript(TestCaseExecutor.java:398)
	at com.kms.katalon.core.main.TestCaseExecutor.doExecute(TestCaseExecutor.java:389)
	at com.kms.katalon.core.main.TestCaseExecutor.processExecutionPhase(TestCaseExecutor.java:368)
	at com.kms.katalon.core.main.TestCaseExecutor.accessMainPhase(TestCaseExecutor.java:360)
	at com.kms.katalon.core.main.TestCaseExecutor.execute(TestCaseExecutor.java:255)
	at com.kms.katalon.core.main.TestSuiteExecutor.accessTestCaseMainPhase(TestSuiteExecutor.java:203)
	at com.kms.katalon.core.main.TestSuiteExecutor.accessTestSuiteMainPhase(TestSuiteExecutor.java:152)
	at com.kms.katalon.core.main.TestSuiteExecutor.execute(TestSuiteExecutor.java:95)
	at com.kms.katalon.core.main.TestCaseMain.startTestSuite(TestCaseMain.java:157)
	at com.kms.katalon.core.main.TestCaseMain$startTestSuite$0.call(Unknown Source)
	at TempTestSuite1640315158547.run(TempTestSuite1640315158547.groovy:39)
Caused by: com.kms.katalon.core.exception.StepFailedException: Call Test Case 'Test Cases/Mobile/Page/NavigationMenu/NavigationMenu' failed
	at com.kms.katalon.core.keyword.builtin.CallTestCaseKeyword$_callTestCase_closure1.doCall(CallTestCaseKeyword.groovy:63)
	at com.kms.katalon.core.keyword.builtin.CallTestCaseKeyword$_callTestCase_closure1.call(CallTestCaseKeyword.groovy)
	at com.kms.katalon.core.keyword.internal.KeywordMain.runKeyword(KeywordMain.groovy:68)
	... 18 more
Caused by: com.kms.katalon.core.exception.StepFailedException: Object Object Repository/Mobile/Page/NavigationMenu/Container - Logout not found
	at com.kms.katalon.core.mobile.helper.MobileElementCommonHelper.findElementWithCheck(MobileElementCommonHelper.java:159)
	at com.kms.katalon.core.mobile.helper.MobileElementCommonHelper.getElementTopPosition(MobileElementCommonHelper.java:357)
	at com.kms.katalon.core.mobile.keyword.builtin.GetElementTopPositionKeyword$_getElementTopPosition_closure1.doCall(GetElementTopPositionKeyword.groovy:70)
	at com.kms.katalon.core.mobile.keyword.builtin.GetElementTopPositionKeyword$_getElementTopPosition_closure1.call(GetElementTopPositionKeyword.groovy)
	at com.kms.katalon.core.mobile.keyword.internal.MobileKeywordMain.runKeywordAndReturnInt(MobileKeywordMain.groovy:30)
	at com.kms.katalon.core.mobile.keyword.builtin.GetElementTopPositionKeyword.getElementTopPosition(GetElementTopPositionKeyword.groovy:71)
	at com.kms.katalon.core.mobile.keyword.builtin.GetElementTopPositionKeyword.execute(GetElementTopPositionKeyword.groovy:64)
	at com.kms.katalon.core.keyword.internal.KeywordExecutor.executeKeywordForPlatform(KeywordExecutor.groovy:73)
	at com.kms.katalon.core.mobile.keyword.MobileBuiltInKeywords.getElementTopPosition(MobileBuiltInKeywords.groovy:2600)
	at com.kms.katalon.core.mobile.keyword.MobileBuiltInKeywords$getElementTopPosition$7.call(Unknown Source)
	at NavigationMenu.run(NavigationMenu:188)
	at com.kms.katalon.core.main.ScriptEngine.run(ScriptEngine.java:194)
	at com.kms.katalon.core.main.ScriptEngine.runScriptAsRawText(ScriptEngine.java:119)
	at com.kms.katalon.core.main.TestCaseExecutor.runScript(TestCaseExecutor.java:398)
	at com.kms.katalon.core.main.TestCaseExecutor.doExecute(TestCaseExecutor.java:389)
	at com.kms.katalon.core.main.TestCaseExecutor.processExecutionPhase(TestCaseExecutor.java:368)
	at com.kms.katalon.core.main.TestCaseExecutor.accessMainPhase(TestCaseExecutor.java:360)
	at com.kms.katalon.core.main.TestCaseExecutor.execute(TestCaseExecutor.java:255)
	at com.kms.katalon.core.main.TestCaseMain.runTestCase(TestCaseMain.java:114)
	at com.kms.katalon.core.keyword.builtin.CallTestCaseKeyword$_callTestCase_closure1.doCall(CallTestCaseKeyword.groovy:59)
	... 20 more


2021-12-24 10:28:55 - [TEST_STEP][PASSED] - callTestCase(findTestCase("Mobile/Page/Run App/Run App byID"), [:], STOP_ON_FAILURE): Call Test Case 'Test Cases/Mobile/Page/Run App/Run App byID' successfully

2021-12-24 10:28:55 - [TEST_CASE][PASSED] - Test Cases/Mobile/Page/Run App/Run App byID: Test Cases/Mobile/Page/Run App/Run App byID

2021-12-24 10:28:55 - [TEST_STEP][PASSED] - startApp.OpenApp.startApplication("id.co.miraeasset.sageclub"): startApp.OpenApp.startApplication is PASSED

2021-12-24 10:29:08 - [MESSAGE][PASSED] - Starting app with application ID: 'id.co.miraeasset.sageclub'

2021-12-24 10:29:08 - [MESSAGE][PASSED] - startApp.OpenApp.startApplication is PASSED

2021-12-24 10:29:08 - [MESSAGE][PASSED] - Call Test Case 'Test Cases/Mobile/Page/Run App/Run App byID' successfully

2021-12-24 10:29:08 - [TEST_STEP][FAILED] - callTestCase(findTestCase("Mobile/Page/NavigationMenu/NavigationMenu"), ["action":"logout"], CONTINUE_ON_FAILURE): Unable to call Test Case 'Test Cases/Mobile/Page/NavigationMenu/NavigationMenu' (Root cause: com.kms.katalon.core.exception.StepFailedException: Call Test Case 'Test Cases/Mobile/Page/NavigationMenu/NavigationMenu' failed
	at com.kms.katalon.core.keyword.builtin.CallTestCaseKeyword$_callTestCase_closure1.doCall(CallTestCaseKeyword.groovy:63)
	at com.kms.katalon.core.keyword.builtin.CallTestCaseKeyword$_callTestCase_closure1.call(CallTestCaseKeyword.groovy)
	at com.kms.katalon.core.keyword.internal.KeywordMain.runKeyword(KeywordMain.groovy:68)
	at com.kms.katalon.core.keyword.builtin.CallTestCaseKeyword.callTestCase(CallTestCaseKeyword.groovy:81)
	at com.kms.katalon.core.keyword.builtin.CallTestCaseKeyword.execute(CallTestCaseKeyword.groovy:44)
	at com.kms.katalon.core.keyword.internal.KeywordExecutor.executeKeywordForPlatform(KeywordExecutor.groovy:73)
	at com.kms.katalon.core.keyword.BuiltinKeywords.callTestCase(BuiltinKeywords.groovy:334)
	at 006 - Logout.run(006 - Logout:22)
	at com.kms.katalon.core.main.ScriptEngine.run(ScriptEngine.java:194)
	at com.kms.katalon.core.main.ScriptEngine.runScriptAsRawText(ScriptEngine.java:119)
	at com.kms.katalon.core.main.TestCaseExecutor.runScript(TestCaseExecutor.java:398)
	at com.kms.katalon.core.main.TestCaseExecutor.doExecute(TestCaseExecutor.java:389)
	at com.kms.katalon.core.main.TestCaseExecutor.processExecutionPhase(TestCaseExecutor.java:368)
	at com.kms.katalon.core.main.TestCaseExecutor.accessMainPhase(TestCaseExecutor.java:360)
	at com.kms.katalon.core.main.TestCaseExecutor.execute(TestCaseExecutor.java:255)
	at com.kms.katalon.core.main.TestSuiteExecutor.accessTestCaseMainPhase(TestSuiteExecutor.java:203)
	at com.kms.katalon.core.main.TestSuiteExecutor.accessTestSuiteMainPhase(TestSuiteExecutor.java:152)
	at com.kms.katalon.core.main.TestSuiteExecutor.execute(TestSuiteExecutor.java:95)
	at com.kms.katalon.core.main.TestCaseMain.startTestSuite(TestCaseMain.java:157)
	at com.kms.katalon.core.main.TestCaseMain$startTestSuite$0.call(Unknown Source)
	at TempTestSuite1640315158547.run(TempTestSuite1640315158547.groovy:39)
Caused by: com.kms.katalon.core.exception.StepFailedException: Object Object Repository/Mobile/Page/NavigationMenu/Container - Logout not found
	at com.kms.katalon.core.mobile.helper.MobileElementCommonHelper.findElementWithCheck(MobileElementCommonHelper.java:159)
	at com.kms.katalon.core.mobile.helper.MobileElementCommonHelper.getElementTopPosition(MobileElementCommonHelper.java:357)
	at com.kms.katalon.core.mobile.keyword.builtin.GetElementTopPositionKeyword$_getElementTopPosition_closure1.doCall(GetElementTopPositionKeyword.groovy:70)
	at com.kms.katalon.core.mobile.keyword.builtin.GetElementTopPositionKeyword$_getElementTopPosition_closure1.call(GetElementTopPositionKeyword.groovy)
	at com.kms.katalon.core.mobile.keyword.internal.MobileKeywordMain.runKeywordAndReturnInt(MobileKeywordMain.groovy:30)
	at com.kms.katalon.core.mobile.keyword.builtin.GetElementTopPositionKeyword.getElementTopPosition(GetElementTopPositionKeyword.groovy:71)
	at com.kms.katalon.core.mobile.keyword.builtin.GetElementTopPositionKeyword.execute(GetElementTopPositionKeyword.groovy:64)
	at com.kms.katalon.core.keyword.internal.KeywordExecutor.executeKeywordForPlatform(KeywordExecutor.groovy:73)
	at com.kms.katalon.core.mobile.keyword.MobileBuiltInKeywords.getElementTopPosition(MobileBuiltInKeywords.groovy:2600)
	at com.kms.katalon.core.mobile.keyword.MobileBuiltInKeywords$getElementTopPosition$7.call(Unknown Source)
	at NavigationMenu.run(NavigationMenu:188)
	at com.kms.katalon.core.main.ScriptEngine.run(ScriptEngine.java:194)
	at com.kms.katalon.core.main.ScriptEngine.runScriptAsRawText(ScriptEngine.java:119)
	at com.kms.katalon.core.main.TestCaseExecutor.runScript(TestCaseExecutor.java:398)
	at com.kms.katalon.core.main.TestCaseExecutor.doExecute(TestCaseExecutor.java:389)
	at com.kms.katalon.core.main.TestCaseExecutor.processExecutionPhase(TestCaseExecutor.java:368)
	at com.kms.katalon.core.main.TestCaseExecutor.accessMainPhase(TestCaseExecutor.java:360)
	at com.kms.katalon.core.main.TestCaseExecutor.execute(TestCaseExecutor.java:255)
	at com.kms.katalon.core.main.TestCaseMain.runTestCase(TestCaseMain.java:114)
	at com.kms.katalon.core.keyword.builtin.CallTestCaseKeyword$_callTestCase_closure1.doCall(CallTestCaseKeyword.groovy:59)
	... 20 more
)

2021-12-24 10:29:08 - [TEST_CASE][FAILED] - Test Cases/Mobile/Page/NavigationMenu/NavigationMenu: Test Cases/Mobile/Page/NavigationMenu/NavigationMenu FAILED.
Reason:
com.kms.katalon.core.exception.StepFailedException: Object Object Repository/Mobile/Page/NavigationMenu/Container - Logout not found
	at com.kms.katalon.core.mobile.helper.MobileElementCommonHelper.findElementWithCheck(MobileElementCommonHelper.java:159)
	at com.kms.katalon.core.mobile.helper.MobileElementCommonHelper.getElementTopPosition(MobileElementCommonHelper.java:357)
	at com.kms.katalon.core.mobile.keyword.builtin.GetElementTopPositionKeyword$_getElementTopPosition_closure1.doCall(GetElementTopPositionKeyword.groovy:70)
	at com.kms.katalon.core.mobile.keyword.builtin.GetElementTopPositionKeyword$_getElementTopPosition_closure1.call(GetElementTopPositionKeyword.groovy)
	at com.kms.katalon.core.mobile.keyword.internal.MobileKeywordMain.runKeywordAndReturnInt(MobileKeywordMain.groovy:30)
	at com.kms.katalon.core.mobile.keyword.builtin.GetElementTopPositionKeyword.getElementTopPosition(GetElementTopPositionKeyword.groovy:71)
	at com.kms.katalon.core.mobile.keyword.builtin.GetElementTopPositionKeyword.execute(GetElementTopPositionKeyword.groovy:64)
	at com.kms.katalon.core.keyword.internal.KeywordExecutor.executeKeywordForPlatform(KeywordExecutor.groovy:73)
	at com.kms.katalon.core.mobile.keyword.MobileBuiltInKeywords.getElementTopPosition(MobileBuiltInKeywords.groovy:2600)
	at com.kms.katalon.core.mobile.keyword.MobileBuiltInKeywords$getElementTopPosition$7.call(Unknown Source)
	at NavigationMenu.run(NavigationMenu:188)
	at com.kms.katalon.core.main.ScriptEngine.run(ScriptEngine.java:194)
	at com.kms.katalon.core.main.ScriptEngine.runScriptAsRawText(ScriptEngine.java:119)
	at com.kms.katalon.core.main.TestCaseExecutor.runScript(TestCaseExecutor.java:398)
	at com.kms.katalon.core.main.TestCaseExecutor.doExecute(TestCaseExecutor.java:389)
	at com.kms.katalon.core.main.TestCaseExecutor.processExecutionPhase(TestCaseExecutor.java:368)
	at com.kms.katalon.core.main.TestCaseExecutor.accessMainPhase(TestCaseExecutor.java:360)
	at com.kms.katalon.core.main.TestCaseExecutor.execute(TestCaseExecutor.java:255)
	at com.kms.katalon.core.main.TestCaseMain.runTestCase(TestCaseMain.java:114)
	at com.kms.katalon.core.keyword.builtin.CallTestCaseKeyword$_callTestCase_closure1.doCall(CallTestCaseKeyword.groovy:59)
	at com.kms.katalon.core.keyword.builtin.CallTestCaseKeyword$_callTestCase_closure1.call(CallTestCaseKeyword.groovy)
	at com.kms.katalon.core.keyword.internal.KeywordMain.runKeyword(KeywordMain.groovy:68)
	at com.kms.katalon.core.keyword.builtin.CallTestCaseKeyword.callTestCase(CallTestCaseKeyword.groovy:81)
	at com.kms.katalon.core.keyword.builtin.CallTestCaseKeyword.execute(CallTestCaseKeyword.groovy:44)
	at com.kms.katalon.core.keyword.internal.KeywordExecutor.executeKeywordForPlatform(KeywordExecutor.groovy:73)
	at com.kms.katalon.core.keyword.BuiltinKeywords.callTestCase(BuiltinKeywords.groovy:334)
	at 006 - Logout.run(006 - Logout:22)
	at com.kms.katalon.core.main.ScriptEngine.run(ScriptEngine.java:194)
	at com.kms.katalon.core.main.ScriptEngine.runScriptAsRawText(ScriptEngine.java:119)
	at com.kms.katalon.core.main.TestCaseExecutor.runScript(TestCaseExecutor.java:398)
	at com.kms.katalon.core.main.TestCaseExecutor.doExecute(TestCaseExecutor.java:389)
	at com.kms.katalon.core.main.TestCaseExecutor.processExecutionPhase(TestCaseExecutor.java:368)
	at com.kms.katalon.core.main.TestCaseExecutor.accessMainPhase(TestCaseExecutor.java:360)
	at com.kms.katalon.core.main.TestCaseExecutor.execute(TestCaseExecutor.java:255)
	at com.kms.katalon.core.main.TestSuiteExecutor.accessTestCaseMainPhase(TestSuiteExecutor.java:203)
	at com.kms.katalon.core.main.TestSuiteExecutor.accessTestSuiteMainPhase(TestSuiteExecutor.java:152)
	at com.kms.katalon.core.main.TestSuiteExecutor.execute(TestSuiteExecutor.java:95)
	at com.kms.katalon.core.main.TestCaseMain.startTestSuite(TestCaseMain.java:157)
	at com.kms.katalon.core.main.TestCaseMain$startTestSuite$0.call(Unknown Source)
	at TempTestSuite1640315158547.run(TempTestSuite1640315158547.groovy:39)


2021-12-24 10:29:08 - [TEST_STEP][PASSED] - callTestCase(findTestCase("Mobile/Page/CheckLogin"), [:], CONTINUE_ON_FAILURE): Call Test Case 'Test Cases/Mobile/Page/CheckLogin' successfully

2021-12-24 10:29:08 - [TEST_CASE][PASSED] - Test Cases/Mobile/Page/CheckLogin: Test Cases/Mobile/Page/CheckLogin

2021-12-24 10:29:08 - [TEST_STEP][PASSED] - loginCheck = verifyElementExist(findTestObject("Mobile/Page/Login/Button - Login"), 5, CONTINUE_ON_FAILURE): Element 'Object Repository/Mobile/Page/Login/Button - Login' is exist

2021-12-24 10:29:10 - [MESSAGE][PASSED] - Element 'Object Repository/Mobile/Page/Login/Button - Login' is exist

2021-12-24 10:29:10 - [TEST_STEP][PASSED] - if (loginCheck): Call Test Case 'Test Cases/Mobile/Page/Login/Login' successfully

2021-12-24 10:29:10 - [TEST_STEP][PASSED] - callTestCase(findTestCase("Mobile/Page/Login/Login"), [:], CONTINUE_ON_FAILURE): Call Test Case 'Test Cases/Mobile/Page/Login/Login' successfully

2021-12-24 10:29:10 - [TEST_CASE][PASSED] - Test Cases/Mobile/Page/Login/Login: Test Cases/Mobile/Page/Login/Login

2021-12-24 10:29:10 - [TEST_STEP][PASSED] - delay(2): Delayed 2 second(s)

2021-12-24 10:29:12 - [MESSAGE][PASSED] - Delayed 2 second(s)

2021-12-24 10:29:12 - [TEST_STEP][PASSED] - tap(findTestObject("Mobile/Page/Login/Input - UserID"), 0): Tapped on element 'Object Repository/Mobile/Page/Login/Input - UserID'

2021-12-24 10:29:12 - [MESSAGE][WARNING] - Timeout '0' is invalid. Using default page load timeout: '60'

2021-12-24 10:29:13 - [MESSAGE][PASSED] - Tapped on element 'Object Repository/Mobile/Page/Login/Input - UserID'

2021-12-24 10:29:13 - [TEST_STEP][PASSED] - delay(1): Delayed 1 second(s)

2021-12-24 10:29:14 - [MESSAGE][PASSED] - Delayed 1 second(s)

2021-12-24 10:29:14 - [TEST_STEP][PASSED] - setText(findTestObject("Mobile/Page/Login/Input Rdy - UserID"), "anggaaditya", 0): Text 'anggaaditya' has been set to element 'Object Repository/Mobile/Page/Login/Input Rdy - UserID'

2021-12-24 10:29:14 - [MESSAGE][WARNING] - Timeout '0' is invalid. Using default page load timeout: '60'

2021-12-24 10:29:14 - [MESSAGE][PASSED] - Text 'anggaaditya' has been set to element 'Object Repository/Mobile/Page/Login/Input Rdy - UserID'

2021-12-24 10:29:14 - [TEST_STEP][PASSED] - delay(1): Delayed 1 second(s)

2021-12-24 10:29:15 - [MESSAGE][PASSED] - Delayed 1 second(s)

2021-12-24 10:29:15 - [TEST_STEP][PASSED] - hideKeyboard(): Keyboard is hidden

2021-12-24 10:29:20 - [MESSAGE][PASSED] - Keyboard is hidden

2021-12-24 10:29:20 - [TEST_STEP][PASSED] - tap(findTestObject("Mobile/Page/Login/Input - Password"), 0): Tapped on element 'Object Repository/Mobile/Page/Login/Input - Password'

2021-12-24 10:29:20 - [MESSAGE][WARNING] - Timeout '0' is invalid. Using default page load timeout: '60'

2021-12-24 10:29:21 - [MESSAGE][PASSED] - Tapped on element 'Object Repository/Mobile/Page/Login/Input - Password'

2021-12-24 10:29:21 - [TEST_STEP][PASSED] - delay(1): Delayed 1 second(s)

2021-12-24 10:29:22 - [MESSAGE][PASSED] - Delayed 1 second(s)

2021-12-24 10:29:22 - [TEST_STEP][PASSED] - setText(findTestObject("Mobile/Page/Login/Input Rdy - Password"), "Shalawa18", 0): Text 'Shalawa18' has been set to element 'Object Repository/Mobile/Page/Login/Input Rdy - Password'

2021-12-24 10:29:22 - [MESSAGE][WARNING] - Timeout '0' is invalid. Using default page load timeout: '60'

2021-12-24 10:29:22 - [MESSAGE][PASSED] - Text 'Shalawa18' has been set to element 'Object Repository/Mobile/Page/Login/Input Rdy - Password'

2021-12-24 10:29:22 - [TEST_STEP][PASSED] - delay(1): Delayed 1 second(s)

2021-12-24 10:29:23 - [MESSAGE][PASSED] - Delayed 1 second(s)

2021-12-24 10:29:23 - [TEST_STEP][PASSED] - hideKeyboard(): Keyboard is hidden

2021-12-24 10:29:30 - [MESSAGE][PASSED] - Keyboard is hidden

2021-12-24 10:29:30 - [TEST_STEP][PASSED] - tap(findTestObject("Mobile/Page/Login/Button - Login"), 0): Tapped on element 'Object Repository/Mobile/Page/Login/Button - Login'

2021-12-24 10:29:30 - [MESSAGE][WARNING] - Timeout '0' is invalid. Using default page load timeout: '60'

2021-12-24 10:29:31 - [MESSAGE][PASSED] - Tapped on element 'Object Repository/Mobile/Page/Login/Button - Login'

2021-12-24 10:29:31 - [TEST_STEP][PASSED] - delay(2): Delayed 2 second(s)

2021-12-24 10:29:33 - [MESSAGE][PASSED] - Delayed 2 second(s)

2021-12-24 10:29:33 - [MESSAGE][PASSED] - Call Test Case 'Test Cases/Mobile/Page/Login/Login' successfully

2021-12-24 10:29:33 - [MESSAGE][PASSED] - Call Test Case 'Test Cases/Mobile/Page/CheckLogin' successfully

2021-12-24 10:29:33 - [TEST_STEP][PASSED] - delay(3): Delayed 3 second(s)

2021-12-24 10:29:36 - [MESSAGE][PASSED] - Delayed 3 second(s)

2021-12-24 10:29:36 - [TEST_STEP][PASSED] - scroll.scroll.scrollScreenLeftToRight(): scroll.scroll.scrollScreenLeftToRight is PASSED

2021-12-24 10:29:36 - [MESSAGE][PASSED] - Current device physical height is 1423

2021-12-24 10:29:36 - [MESSAGE][PASSED] - Current device physical width is 720

2021-12-24 10:29:37 - [MESSAGE][PASSED] - Current device physical height is 1423

2021-12-24 10:29:38 - [MESSAGE][PASSED] - Swiped from 10,711 to 710,711

2021-12-24 10:29:38 - [MESSAGE][PASSED] - scroll.scroll.scrollScreenLeftToRight is PASSED

2021-12-24 10:29:38 - [TEST_STEP][PASSED] - delay(1): Delayed 1 second(s)

2021-12-24 10:29:39 - [MESSAGE][PASSED] - Delayed 1 second(s)

2021-12-24 10:29:39 - [TEST_STEP][FAILED] - for ([i = 0, i < 1, (i++)]): Failed to get top position of element 'Object Repository/Mobile/Page/NavigationMenu/Container - Logout' (Root cause: com.kms.katalon.core.exception.StepFailedException: Object Object Repository/Mobile/Page/NavigationMenu/Container - Logout not found
	at com.kms.katalon.core.mobile.helper.MobileElementCommonHelper.findElementWithCheck(MobileElementCommonHelper.java:159)
	at com.kms.katalon.core.mobile.helper.MobileElementCommonHelper.getElementTopPosition(MobileElementCommonHelper.java:357)
	at com.kms.katalon.core.mobile.keyword.builtin.GetElementTopPositionKeyword$_getElementTopPosition_closure1.doCall(GetElementTopPositionKeyword.groovy:70)
	at com.kms.katalon.core.mobile.keyword.builtin.GetElementTopPositionKeyword$_getElementTopPosition_closure1.call(GetElementTopPositionKeyword.groovy)
	at com.kms.katalon.core.mobile.keyword.internal.MobileKeywordMain.runKeywordAndReturnInt(MobileKeywordMain.groovy:30)
	at com.kms.katalon.core.mobile.keyword.builtin.GetElementTopPositionKeyword.getElementTopPosition(GetElementTopPositionKeyword.groovy:71)
	at com.kms.katalon.core.mobile.keyword.builtin.GetElementTopPositionKeyword.execute(GetElementTopPositionKeyword.groovy:64)
	at com.kms.katalon.core.keyword.internal.KeywordExecutor.executeKeywordForPlatform(KeywordExecutor.groovy:73)
	at com.kms.katalon.core.mobile.keyword.MobileBuiltInKeywords.getElementTopPosition(MobileBuiltInKeywords.groovy:2600)
	at com.kms.katalon.core.mobile.keyword.MobileBuiltInKeywords$getElementTopPosition$7.call(Unknown Source)
	at NavigationMenu.run(NavigationMenu:188)
	at com.kms.katalon.core.main.ScriptEngine.run(ScriptEngine.java:194)
	at com.kms.katalon.core.main.ScriptEngine.runScriptAsRawText(ScriptEngine.java:119)
	at com.kms.katalon.core.main.TestCaseExecutor.runScript(TestCaseExecutor.java:398)
	at com.kms.katalon.core.main.TestCaseExecutor.doExecute(TestCaseExecutor.java:389)
	at com.kms.katalon.core.main.TestCaseExecutor.processExecutionPhase(TestCaseExecutor.java:368)
	at com.kms.katalon.core.main.TestCaseExecutor.accessMainPhase(TestCaseExecutor.java:360)
	at com.kms.katalon.core.main.TestCaseExecutor.execute(TestCaseExecutor.java:255)
	at com.kms.katalon.core.main.TestCaseMain.runTestCase(TestCaseMain.java:114)
	at com.kms.katalon.core.keyword.builtin.CallTestCaseKeyword$_callTestCase_closure1.doCall(CallTestCaseKeyword.groovy:59)
	at com.kms.katalon.core.keyword.builtin.CallTestCaseKeyword$_callTestCase_closure1.call(CallTestCaseKeyword.groovy)
	at com.kms.katalon.core.keyword.internal.KeywordMain.runKeyword(KeywordMain.groovy:68)
	at com.kms.katalon.core.keyword.builtin.CallTestCaseKeyword.callTestCase(CallTestCaseKeyword.groovy:81)
	at com.kms.katalon.core.keyword.builtin.CallTestCaseKeyword.execute(CallTestCaseKeyword.groovy:44)
	at com.kms.katalon.core.keyword.internal.KeywordExecutor.executeKeywordForPlatform(KeywordExecutor.groovy:73)
	at com.kms.katalon.core.keyword.BuiltinKeywords.callTestCase(BuiltinKeywords.groovy:334)
	at 006 - Logout.run(006 - Logout:22)
	at com.kms.katalon.core.main.ScriptEngine.run(ScriptEngine.java:194)
	at com.kms.katalon.core.main.ScriptEngine.runScriptAsRawText(ScriptEngine.java:119)
	at com.kms.katalon.core.main.TestCaseExecutor.runScript(TestCaseExecutor.java:398)
	at com.kms.katalon.core.main.TestCaseExecutor.doExecute(TestCaseExecutor.java:389)
	at com.kms.katalon.core.main.TestCaseExecutor.processExecutionPhase(TestCaseExecutor.java:368)
	at com.kms.katalon.core.main.TestCaseExecutor.accessMainPhase(TestCaseExecutor.java:360)
	at com.kms.katalon.core.main.TestCaseExecutor.execute(TestCaseExecutor.java:255)
	at com.kms.katalon.core.main.TestSuiteExecutor.accessTestCaseMainPhase(TestSuiteExecutor.java:203)
	at com.kms.katalon.core.main.TestSuiteExecutor.accessTestSuiteMainPhase(TestSuiteExecutor.java:152)
	at com.kms.katalon.core.main.TestSuiteExecutor.execute(TestSuiteExecutor.java:95)
	at com.kms.katalon.core.main.TestCaseMain.startTestSuite(TestCaseMain.java:157)
	at com.kms.katalon.core.main.TestCaseMain$startTestSuite$0.call(Unknown Source)
	at TempTestSuite1640315158547.run(TempTestSuite1640315158547.groovy:39)
)

2021-12-24 10:29:39 - [TEST_STEP][PASSED] - if (action == "downloadtaxreport"): null

2021-12-24 10:29:39 - [TEST_STEP][PASSED] - else if (action == "analyzeprofile"): null

2021-12-24 10:29:39 - [TEST_STEP][PASSED] - else if (action == "wa"): null

2021-12-24 10:29:39 - [TEST_STEP][PASSED] - else if (action == "email"): null

2021-12-24 10:29:39 - [TEST_STEP][PASSED] - else if (action == "setting"): null

2021-12-24 10:29:39 - [TEST_STEP][FAILED] - else if (action == "logout"): Failed to get top position of element 'Object Repository/Mobile/Page/NavigationMenu/Container - Logout' (Root cause: com.kms.katalon.core.exception.StepFailedException: Object Object Repository/Mobile/Page/NavigationMenu/Container - Logout not found
	at com.kms.katalon.core.mobile.helper.MobileElementCommonHelper.findElementWithCheck(MobileElementCommonHelper.java:159)
	at com.kms.katalon.core.mobile.helper.MobileElementCommonHelper.getElementTopPosition(MobileElementCommonHelper.java:357)
	at com.kms.katalon.core.mobile.keyword.builtin.GetElementTopPositionKeyword$_getElementTopPosition_closure1.doCall(GetElementTopPositionKeyword.groovy:70)
	at com.kms.katalon.core.mobile.keyword.builtin.GetElementTopPositionKeyword$_getElementTopPosition_closure1.call(GetElementTopPositionKeyword.groovy)
	at com.kms.katalon.core.mobile.keyword.internal.MobileKeywordMain.runKeywordAndReturnInt(MobileKeywordMain.groovy:30)
	at com.kms.katalon.core.mobile.keyword.builtin.GetElementTopPositionKeyword.getElementTopPosition(GetElementTopPositionKeyword.groovy:71)
	at com.kms.katalon.core.mobile.keyword.builtin.GetElementTopPositionKeyword.execute(GetElementTopPositionKeyword.groovy:64)
	at com.kms.katalon.core.keyword.internal.KeywordExecutor.executeKeywordForPlatform(KeywordExecutor.groovy:73)
	at com.kms.katalon.core.mobile.keyword.MobileBuiltInKeywords.getElementTopPosition(MobileBuiltInKeywords.groovy:2600)
	at com.kms.katalon.core.mobile.keyword.MobileBuiltInKeywords$getElementTopPosition$7.call(Unknown Source)
	at NavigationMenu.run(NavigationMenu:188)
	at com.kms.katalon.core.main.ScriptEngine.run(ScriptEngine.java:194)
	at com.kms.katalon.core.main.ScriptEngine.runScriptAsRawText(ScriptEngine.java:119)
	at com.kms.katalon.core.main.TestCaseExecutor.runScript(TestCaseExecutor.java:398)
	at com.kms.katalon.core.main.TestCaseExecutor.doExecute(TestCaseExecutor.java:389)
	at com.kms.katalon.core.main.TestCaseExecutor.processExecutionPhase(TestCaseExecutor.java:368)
	at com.kms.katalon.core.main.TestCaseExecutor.accessMainPhase(TestCaseExecutor.java:360)
	at com.kms.katalon.core.main.TestCaseExecutor.execute(TestCaseExecutor.java:255)
	at com.kms.katalon.core.main.TestCaseMain.runTestCase(TestCaseMain.java:114)
	at com.kms.katalon.core.keyword.builtin.CallTestCaseKeyword$_callTestCase_closure1.doCall(CallTestCaseKeyword.groovy:59)
	at com.kms.katalon.core.keyword.builtin.CallTestCaseKeyword$_callTestCase_closure1.call(CallTestCaseKeyword.groovy)
	at com.kms.katalon.core.keyword.internal.KeywordMain.runKeyword(KeywordMain.groovy:68)
	at com.kms.katalon.core.keyword.builtin.CallTestCaseKeyword.callTestCase(CallTestCaseKeyword.groovy:81)
	at com.kms.katalon.core.keyword.builtin.CallTestCaseKeyword.execute(CallTestCaseKeyword.groovy:44)
	at com.kms.katalon.core.keyword.internal.KeywordExecutor.executeKeywordForPlatform(KeywordExecutor.groovy:73)
	at com.kms.katalon.core.keyword.BuiltinKeywords.callTestCase(BuiltinKeywords.groovy:334)
	at 006 - Logout.run(006 - Logout:22)
	at com.kms.katalon.core.main.ScriptEngine.run(ScriptEngine.java:194)
	at com.kms.katalon.core.main.ScriptEngine.runScriptAsRawText(ScriptEngine.java:119)
	at com.kms.katalon.core.main.TestCaseExecutor.runScript(TestCaseExecutor.java:398)
	at com.kms.katalon.core.main.TestCaseExecutor.doExecute(TestCaseExecutor.java:389)
	at com.kms.katalon.core.main.TestCaseExecutor.processExecutionPhase(TestCaseExecutor.java:368)
	at com.kms.katalon.core.main.TestCaseExecutor.accessMainPhase(TestCaseExecutor.java:360)
	at com.kms.katalon.core.main.TestCaseExecutor.execute(TestCaseExecutor.java:255)
	at com.kms.katalon.core.main.TestSuiteExecutor.accessTestCaseMainPhase(TestSuiteExecutor.java:203)
	at com.kms.katalon.core.main.TestSuiteExecutor.accessTestSuiteMainPhase(TestSuiteExecutor.java:152)
	at com.kms.katalon.core.main.TestSuiteExecutor.execute(TestSuiteExecutor.java:95)
	at com.kms.katalon.core.main.TestCaseMain.startTestSuite(TestCaseMain.java:157)
	at com.kms.katalon.core.main.TestCaseMain$startTestSuite$0.call(Unknown Source)
	at TempTestSuite1640315158547.run(TempTestSuite1640315158547.groovy:39)
)

2021-12-24 10:29:39 - [TEST_STEP][PASSED] - logout = findTestObject("Mobile/Page/NavigationMenu/Container - Logout"): null

2021-12-24 10:29:39 - [TEST_STEP][FAILED] - top = getElementTopPosition(logout, 0): Failed to get top position of element 'Object Repository/Mobile/Page/NavigationMenu/Container - Logout' (Root cause: com.kms.katalon.core.exception.StepFailedException: Object Object Repository/Mobile/Page/NavigationMenu/Container - Logout not found
	at com.kms.katalon.core.mobile.helper.MobileElementCommonHelper.findElementWithCheck(MobileElementCommonHelper.java:159)
	at com.kms.katalon.core.mobile.helper.MobileElementCommonHelper.getElementTopPosition(MobileElementCommonHelper.java:357)
	at com.kms.katalon.core.mobile.keyword.builtin.GetElementTopPositionKeyword$_getElementTopPosition_closure1.doCall(GetElementTopPositionKeyword.groovy:70)
	at com.kms.katalon.core.mobile.keyword.builtin.GetElementTopPositionKeyword$_getElementTopPosition_closure1.call(GetElementTopPositionKeyword.groovy)
	at com.kms.katalon.core.mobile.keyword.internal.MobileKeywordMain.runKeywordAndReturnInt(MobileKeywordMain.groovy:30)
	at com.kms.katalon.core.mobile.keyword.builtin.GetElementTopPositionKeyword.getElementTopPosition(GetElementTopPositionKeyword.groovy:71)
	at com.kms.katalon.core.mobile.keyword.builtin.GetElementTopPositionKeyword.execute(GetElementTopPositionKeyword.groovy:64)
	at com.kms.katalon.core.keyword.internal.KeywordExecutor.executeKeywordForPlatform(KeywordExecutor.groovy:73)
	at com.kms.katalon.core.mobile.keyword.MobileBuiltInKeywords.getElementTopPosition(MobileBuiltInKeywords.groovy:2600)
	at com.kms.katalon.core.mobile.keyword.MobileBuiltInKeywords$getElementTopPosition$7.call(Unknown Source)
	at NavigationMenu.run(NavigationMenu:188)
	at com.kms.katalon.core.main.ScriptEngine.run(ScriptEngine.java:194)
	at com.kms.katalon.core.main.ScriptEngine.runScriptAsRawText(ScriptEngine.java:119)
	at com.kms.katalon.core.main.TestCaseExecutor.runScript(TestCaseExecutor.java:398)
	at com.kms.katalon.core.main.TestCaseExecutor.doExecute(TestCaseExecutor.java:389)
	at com.kms.katalon.core.main.TestCaseExecutor.processExecutionPhase(TestCaseExecutor.java:368)
	at com.kms.katalon.core.main.TestCaseExecutor.accessMainPhase(TestCaseExecutor.java:360)
	at com.kms.katalon.core.main.TestCaseExecutor.execute(TestCaseExecutor.java:255)
	at com.kms.katalon.core.main.TestCaseMain.runTestCase(TestCaseMain.java:114)
	at com.kms.katalon.core.keyword.builtin.CallTestCaseKeyword$_callTestCase_closure1.doCall(CallTestCaseKeyword.groovy:59)
	at com.kms.katalon.core.keyword.builtin.CallTestCaseKeyword$_callTestCase_closure1.call(CallTestCaseKeyword.groovy)
	at com.kms.katalon.core.keyword.internal.KeywordMain.runKeyword(KeywordMain.groovy:68)
	at com.kms.katalon.core.keyword.builtin.CallTestCaseKeyword.callTestCase(CallTestCaseKeyword.groovy:81)
	at com.kms.katalon.core.keyword.builtin.CallTestCaseKeyword.execute(CallTestCaseKeyword.groovy:44)
	at com.kms.katalon.core.keyword.internal.KeywordExecutor.executeKeywordForPlatform(KeywordExecutor.groovy:73)
	at com.kms.katalon.core.keyword.BuiltinKeywords.callTestCase(BuiltinKeywords.groovy:334)
	at 006 - Logout.run(006 - Logout:22)
	at com.kms.katalon.core.main.ScriptEngine.run(ScriptEngine.java:194)
	at com.kms.katalon.core.main.ScriptEngine.runScriptAsRawText(ScriptEngine.java:119)
	at com.kms.katalon.core.main.TestCaseExecutor.runScript(TestCaseExecutor.java:398)
	at com.kms.katalon.core.main.TestCaseExecutor.doExecute(TestCaseExecutor.java:389)
	at com.kms.katalon.core.main.TestCaseExecutor.processExecutionPhase(TestCaseExecutor.java:368)
	at com.kms.katalon.core.main.TestCaseExecutor.accessMainPhase(TestCaseExecutor.java:360)
	at com.kms.katalon.core.main.TestCaseExecutor.execute(TestCaseExecutor.java:255)
	at com.kms.katalon.core.main.TestSuiteExecutor.accessTestCaseMainPhase(TestSuiteExecutor.java:203)
	at com.kms.katalon.core.main.TestSuiteExecutor.accessTestSuiteMainPhase(TestSuiteExecutor.java:152)
	at com.kms.katalon.core.main.TestSuiteExecutor.execute(TestSuiteExecutor.java:95)
	at com.kms.katalon.core.main.TestCaseMain.startTestSuite(TestCaseMain.java:157)
	at com.kms.katalon.core.main.TestCaseMain$startTestSuite$0.call(Unknown Source)
	at TempTestSuite1640315158547.run(TempTestSuite1640315158547.groovy:39)
)

2021-12-24 10:29:39 - [MESSAGE][WARNING] - Timeout '0' is invalid. Using default page load timeout: '60'

2021-12-24 10:30:40 - [MESSAGE][FAILED] - Failed to get top position of element 'Object Repository/Mobile/Page/NavigationMenu/Container - Logout' (Root cause: com.kms.katalon.core.exception.StepFailedException: Object Object Repository/Mobile/Page/NavigationMenu/Container - Logout not found
	at com.kms.katalon.core.mobile.helper.MobileElementCommonHelper.findElementWithCheck(MobileElementCommonHelper.java:159)
	at com.kms.katalon.core.mobile.helper.MobileElementCommonHelper.getElementTopPosition(MobileElementCommonHelper.java:357)
	at com.kms.katalon.core.mobile.keyword.builtin.GetElementTopPositionKeyword$_getElementTopPosition_closure1.doCall(GetElementTopPositionKeyword.groovy:70)
	at com.kms.katalon.core.mobile.keyword.builtin.GetElementTopPositionKeyword$_getElementTopPosition_closure1.call(GetElementTopPositionKeyword.groovy)
	at com.kms.katalon.core.mobile.keyword.internal.MobileKeywordMain.runKeywordAndReturnInt(MobileKeywordMain.groovy:30)
	at com.kms.katalon.core.mobile.keyword.builtin.GetElementTopPositionKeyword.getElementTopPosition(GetElementTopPositionKeyword.groovy:71)
	at com.kms.katalon.core.mobile.keyword.builtin.GetElementTopPositionKeyword.execute(GetElementTopPositionKeyword.groovy:64)
	at com.kms.katalon.core.keyword.internal.KeywordExecutor.executeKeywordForPlatform(KeywordExecutor.groovy:73)
	at com.kms.katalon.core.mobile.keyword.MobileBuiltInKeywords.getElementTopPosition(MobileBuiltInKeywords.groovy:2600)
	at com.kms.katalon.core.mobile.keyword.MobileBuiltInKeywords$getElementTopPosition$7.call(Unknown Source)
	at NavigationMenu.run(NavigationMenu:188)
	at com.kms.katalon.core.main.ScriptEngine.run(ScriptEngine.java:194)
	at com.kms.katalon.core.main.ScriptEngine.runScriptAsRawText(ScriptEngine.java:119)
	at com.kms.katalon.core.main.TestCaseExecutor.runScript(TestCaseExecutor.java:398)
	at com.kms.katalon.core.main.TestCaseExecutor.doExecute(TestCaseExecutor.java:389)
	at com.kms.katalon.core.main.TestCaseExecutor.processExecutionPhase(TestCaseExecutor.java:368)
	at com.kms.katalon.core.main.TestCaseExecutor.accessMainPhase(TestCaseExecutor.java:360)
	at com.kms.katalon.core.main.TestCaseExecutor.execute(TestCaseExecutor.java:255)
	at com.kms.katalon.core.main.TestCaseMain.runTestCase(TestCaseMain.java:114)
	at com.kms.katalon.core.keyword.builtin.CallTestCaseKeyword$_callTestCase_closure1.doCall(CallTestCaseKeyword.groovy:59)
	at com.kms.katalon.core.keyword.builtin.CallTestCaseKeyword$_callTestCase_closure1.call(CallTestCaseKeyword.groovy)
	at com.kms.katalon.core.keyword.internal.KeywordMain.runKeyword(KeywordMain.groovy:68)
	at com.kms.katalon.core.keyword.builtin.CallTestCaseKeyword.callTestCase(CallTestCaseKeyword.groovy:81)
	at com.kms.katalon.core.keyword.builtin.CallTestCaseKeyword.execute(CallTestCaseKeyword.groovy:44)
	at com.kms.katalon.core.keyword.internal.KeywordExecutor.executeKeywordForPlatform(KeywordExecutor.groovy:73)
	at com.kms.katalon.core.keyword.BuiltinKeywords.callTestCase(BuiltinKeywords.groovy:334)
	at 006 - Logout.run(006 - Logout:22)
	at com.kms.katalon.core.main.ScriptEngine.run(ScriptEngine.java:194)
	at com.kms.katalon.core.main.ScriptEngine.runScriptAsRawText(ScriptEngine.java:119)
	at com.kms.katalon.core.main.TestCaseExecutor.runScript(TestCaseExecutor.java:398)
	at com.kms.katalon.core.main.TestCaseExecutor.doExecute(TestCaseExecutor.java:389)
	at com.kms.katalon.core.main.TestCaseExecutor.processExecutionPhase(TestCaseExecutor.java:368)
	at com.kms.katalon.core.main.TestCaseExecutor.accessMainPhase(TestCaseExecutor.java:360)
	at com.kms.katalon.core.main.TestCaseExecutor.execute(TestCaseExecutor.java:255)
	at com.kms.katalon.core.main.TestSuiteExecutor.accessTestCaseMainPhase(TestSuiteExecutor.java:203)
	at com.kms.katalon.core.main.TestSuiteExecutor.accessTestSuiteMainPhase(TestSuiteExecutor.java:152)
	at com.kms.katalon.core.main.TestSuiteExecutor.execute(TestSuiteExecutor.java:95)
	at com.kms.katalon.core.main.TestCaseMain.startTestSuite(TestCaseMain.java:157)
	at com.kms.katalon.core.main.TestCaseMain$startTestSuite$0.call(Unknown Source)
	at TempTestSuite1640315158547.run(TempTestSuite1640315158547.groovy:39)
)
[[ATTACHMENT|C:\\Users\\Owner\\Documents\\kerjaan\\KatalonProject\\qa_katalon_pwm\\qa_katalon_pwm\\Reports\\20211224_100549\\navigationmenu\\20211224_100558\\1640316639777.png]]

2021-12-24 10:30:40 - [MESSAGE][FAILED] - Unable to call Test Case 'Test Cases/Mobile/Page/NavigationMenu/NavigationMenu' (Root cause: com.kms.katalon.core.exception.StepFailedException: Call Test Case 'Test Cases/Mobile/Page/NavigationMenu/NavigationMenu' failed
	at com.kms.katalon.core.keyword.builtin.CallTestCaseKeyword$_callTestCase_closure1.doCall(CallTestCaseKeyword.groovy:63)
	at com.kms.katalon.core.keyword.builtin.CallTestCaseKeyword$_callTestCase_closure1.call(CallTestCaseKeyword.groovy)
	at com.kms.katalon.core.keyword.internal.KeywordMain.runKeyword(KeywordMain.groovy:68)
	at com.kms.katalon.core.keyword.builtin.CallTestCaseKeyword.callTestCase(CallTestCaseKeyword.groovy:81)
	at com.kms.katalon.core.keyword.builtin.CallTestCaseKeyword.execute(CallTestCaseKeyword.groovy:44)
	at com.kms.katalon.core.keyword.internal.KeywordExecutor.executeKeywordForPlatform(KeywordExecutor.groovy:73)
	at com.kms.katalon.core.keyword.BuiltinKeywords.callTestCase(BuiltinKeywords.groovy:334)
	at 006 - Logout.run(006 - Logout:22)
	at com.kms.katalon.core.main.ScriptEngine.run(ScriptEngine.java:194)
	at com.kms.katalon.core.main.ScriptEngine.runScriptAsRawText(ScriptEngine.java:119)
	at com.kms.katalon.core.main.TestCaseExecutor.runScript(TestCaseExecutor.java:398)
	at com.kms.katalon.core.main.TestCaseExecutor.doExecute(TestCaseExecutor.java:389)
	at com.kms.katalon.core.main.TestCaseExecutor.processExecutionPhase(TestCaseExecutor.java:368)
	at com.kms.katalon.core.main.TestCaseExecutor.accessMainPhase(TestCaseExecutor.java:360)
	at com.kms.katalon.core.main.TestCaseExecutor.execute(TestCaseExecutor.java:255)
	at com.kms.katalon.core.main.TestSuiteExecutor.accessTestCaseMainPhase(TestSuiteExecutor.java:203)
	at com.kms.katalon.core.main.TestSuiteExecutor.accessTestSuiteMainPhase(TestSuiteExecutor.java:152)
	at com.kms.katalon.core.main.TestSuiteExecutor.execute(TestSuiteExecutor.java:95)
	at com.kms.katalon.core.main.TestCaseMain.startTestSuite(TestCaseMain.java:157)
	at com.kms.katalon.core.main.TestCaseMain$startTestSuite$0.call(Unknown Source)
	at TempTestSuite1640315158547.run(TempTestSuite1640315158547.groovy:39)
Caused by: com.kms.katalon.core.exception.StepFailedException: Object Object Repository/Mobile/Page/NavigationMenu/Container - Logout not found
	at com.kms.katalon.core.mobile.helper.MobileElementCommonHelper.findElementWithCheck(MobileElementCommonHelper.java:159)
	at com.kms.katalon.core.mobile.helper.MobileElementCommonHelper.getElementTopPosition(MobileElementCommonHelper.java:357)
	at com.kms.katalon.core.mobile.keyword.builtin.GetElementTopPositionKeyword$_getElementTopPosition_closure1.doCall(GetElementTopPositionKeyword.groovy:70)
	at com.kms.katalon.core.mobile.keyword.builtin.GetElementTopPositionKeyword$_getElementTopPosition_closure1.call(GetElementTopPositionKeyword.groovy)
	at com.kms.katalon.core.mobile.keyword.internal.MobileKeywordMain.runKeywordAndReturnInt(MobileKeywordMain.groovy:30)
	at com.kms.katalon.core.mobile.keyword.builtin.GetElementTopPositionKeyword.getElementTopPosition(GetElementTopPositionKeyword.groovy:71)
	at com.kms.katalon.core.mobile.keyword.builtin.GetElementTopPositionKeyword.execute(GetElementTopPositionKeyword.groovy:64)
	at com.kms.katalon.core.keyword.internal.KeywordExecutor.executeKeywordForPlatform(KeywordExecutor.groovy:73)
	at com.kms.katalon.core.mobile.keyword.MobileBuiltInKeywords.getElementTopPosition(MobileBuiltInKeywords.groovy:2600)
	at com.kms.katalon.core.mobile.keyword.MobileBuiltInKeywords$getElementTopPosition$7.call(Unknown Source)
	at NavigationMenu.run(NavigationMenu:188)
	at com.kms.katalon.core.main.ScriptEngine.run(ScriptEngine.java:194)
	at com.kms.katalon.core.main.ScriptEngine.runScriptAsRawText(ScriptEngine.java:119)
	at com.kms.katalon.core.main.TestCaseExecutor.runScript(TestCaseExecutor.java:398)
	at com.kms.katalon.core.main.TestCaseExecutor.doExecute(TestCaseExecutor.java:389)
	at com.kms.katalon.core.main.TestCaseExecutor.processExecutionPhase(TestCaseExecutor.java:368)
	at com.kms.katalon.core.main.TestCaseExecutor.accessMainPhase(TestCaseExecutor.java:360)
	at com.kms.katalon.core.main.TestCaseExecutor.execute(TestCaseExecutor.java:255)
	at com.kms.katalon.core.main.TestCaseMain.runTestCase(TestCaseMain.java:114)
	at com.kms.katalon.core.keyword.builtin.CallTestCaseKeyword$_callTestCase_closure1.doCall(CallTestCaseKeyword.groovy:59)
	... 20 more
)

2021-12-24 10:30:40 - [TEST_STEP][PASSED] - callTestCase(findTestCase("Mobile/Page/Run App/Terminate App"), [:], STOP_ON_FAILURE): Call Test Case 'Test Cases/Mobile/Page/Run App/Terminate App' successfully

2021-12-24 10:30:40 - [TEST_CASE][PASSED] - Test Cases/Mobile/Page/Run App/Terminate App: Test Cases/Mobile/Page/Run App/Terminate App

2021-12-24 10:30:40 - [TEST_STEP][PASSED] - startApp.OpenApp.terminateApplication(): startApp.OpenApp.terminateApplication is PASSED

2021-12-24 10:30:44 - [MESSAGE][PASSED] - Delayed 3 second(s)

2021-12-24 10:30:44 - [MESSAGE][PASSED] - Current device physical width is 720

2021-12-24 10:30:44 - [MESSAGE][PASSED] - Current device physical height is 1423

2021-12-24 10:30:46 - [MESSAGE][PASSED] - Swiped from 360,853 to 360,142

2021-12-24 10:30:47 - [MESSAGE][PASSED] - Delayed 1 second(s)

2021-12-24 10:30:48 - [MESSAGE][PASSED] - Swiped from 360,853 to 360,142

2021-12-24 10:30:51 - [MESSAGE][PASSED] - Delayed 3 second(s)

2021-12-24 10:30:51 - [MESSAGE][PASSED] - startApp.OpenApp.terminateApplication is PASSED

2021-12-24 10:30:51 - [MESSAGE][PASSED] - Call Test Case 'Test Cases/Mobile/Page/Run App/Terminate App' successfully]]></system-out>
         <system-err><![CDATA[2021-12-24 10:28:54 - [TEST_CASE][FAILED] - Test Cases/Mobile/Scenario/NavigationMenu/006 - Logout: Test Cases/Mobile/Scenario/NavigationMenu/006 - Logout FAILED.
Reason:
com.kms.katalon.core.exception.StepFailedException: Unable to call Test Case 'Test Cases/Mobile/Page/NavigationMenu/NavigationMenu' (Root cause: com.kms.katalon.core.exception.StepFailedException: Call Test Case 'Test Cases/Mobile/Page/NavigationMenu/NavigationMenu' failed
	at com.kms.katalon.core.keyword.builtin.CallTestCaseKeyword$_callTestCase_closure1.doCall(CallTestCaseKeyword.groovy:63)
	at com.kms.katalon.core.keyword.builtin.CallTestCaseKeyword$_callTestCase_closure1.call(CallTestCaseKeyword.groovy)
	at com.kms.katalon.core.keyword.internal.KeywordMain.runKeyword(KeywordMain.groovy:68)
	at com.kms.katalon.core.keyword.builtin.CallTestCaseKeyword.callTestCase(CallTestCaseKeyword.groovy:81)
	at com.kms.katalon.core.keyword.builtin.CallTestCaseKeyword.execute(CallTestCaseKeyword.groovy:44)
	at com.kms.katalon.core.keyword.internal.KeywordExecutor.executeKeywordForPlatform(KeywordExecutor.groovy:73)
	at com.kms.katalon.core.keyword.BuiltinKeywords.callTestCase(BuiltinKeywords.groovy:334)
	at 006 - Logout.run(006 - Logout:22)
	at com.kms.katalon.core.main.ScriptEngine.run(ScriptEngine.java:194)
	at com.kms.katalon.core.main.ScriptEngine.runScriptAsRawText(ScriptEngine.java:119)
	at com.kms.katalon.core.main.TestCaseExecutor.runScript(TestCaseExecutor.java:398)
	at com.kms.katalon.core.main.TestCaseExecutor.doExecute(TestCaseExecutor.java:389)
	at com.kms.katalon.core.main.TestCaseExecutor.processExecutionPhase(TestCaseExecutor.java:368)
	at com.kms.katalon.core.main.TestCaseExecutor.accessMainPhase(TestCaseExecutor.java:360)
	at com.kms.katalon.core.main.TestCaseExecutor.execute(TestCaseExecutor.java:255)
	at com.kms.katalon.core.main.TestSuiteExecutor.accessTestCaseMainPhase(TestSuiteExecutor.java:203)
	at com.kms.katalon.core.main.TestSuiteExecutor.accessTestSuiteMainPhase(TestSuiteExecutor.java:152)
	at com.kms.katalon.core.main.TestSuiteExecutor.execute(TestSuiteExecutor.java:95)
	at com.kms.katalon.core.main.TestCaseMain.startTestSuite(TestCaseMain.java:157)
	at com.kms.katalon.core.main.TestCaseMain$startTestSuite$0.call(Unknown Source)
	at TempTestSuite1640315158547.run(TempTestSuite1640315158547.groovy:39)
Caused by: com.kms.katalon.core.exception.StepFailedException: Object Object Repository/Mobile/Page/NavigationMenu/Container - Logout not found
	at com.kms.katalon.core.mobile.helper.MobileElementCommonHelper.findElementWithCheck(MobileElementCommonHelper.java:159)
	at com.kms.katalon.core.mobile.helper.MobileElementCommonHelper.getElementTopPosition(MobileElementCommonHelper.java:357)
	at com.kms.katalon.core.mobile.keyword.builtin.GetElementTopPositionKeyword$_getElementTopPosition_closure1.doCall(GetElementTopPositionKeyword.groovy:70)
	at com.kms.katalon.core.mobile.keyword.builtin.GetElementTopPositionKeyword$_getElementTopPosition_closure1.call(GetElementTopPositionKeyword.groovy)
	at com.kms.katalon.core.mobile.keyword.internal.MobileKeywordMain.runKeywordAndReturnInt(MobileKeywordMain.groovy:30)
	at com.kms.katalon.core.mobile.keyword.builtin.GetElementTopPositionKeyword.getElementTopPosition(GetElementTopPositionKeyword.groovy:71)
	at com.kms.katalon.core.mobile.keyword.builtin.GetElementTopPositionKeyword.execute(GetElementTopPositionKeyword.groovy:64)
	at com.kms.katalon.core.keyword.internal.KeywordExecutor.executeKeywordForPlatform(KeywordExecutor.groovy:73)
	at com.kms.katalon.core.mobile.keyword.MobileBuiltInKeywords.getElementTopPosition(MobileBuiltInKeywords.groovy:2600)
	at com.kms.katalon.core.mobile.keyword.MobileBuiltInKeywords$getElementTopPosition$7.call(Unknown Source)
	at NavigationMenu.run(NavigationMenu:188)
	at com.kms.katalon.core.main.ScriptEngine.run(ScriptEngine.java:194)
	at com.kms.katalon.core.main.ScriptEngine.runScriptAsRawText(ScriptEngine.java:119)
	at com.kms.katalon.core.main.TestCaseExecutor.runScript(TestCaseExecutor.java:398)
	at com.kms.katalon.core.main.TestCaseExecutor.doExecute(TestCaseExecutor.java:389)
	at com.kms.katalon.core.main.TestCaseExecutor.processExecutionPhase(TestCaseExecutor.java:368)
	at com.kms.katalon.core.main.TestCaseExecutor.accessMainPhase(TestCaseExecutor.java:360)
	at com.kms.katalon.core.main.TestCaseExecutor.execute(TestCaseExecutor.java:255)
	at com.kms.katalon.core.main.TestCaseMain.runTestCase(TestCaseMain.java:114)
	at com.kms.katalon.core.keyword.builtin.CallTestCaseKeyword$_callTestCase_closure1.doCall(CallTestCaseKeyword.groovy:59)
	... 20 more
)
	at com.kms.katalon.core.keyword.internal.KeywordMain.stepFailed(KeywordMain.groovy:39)
	at com.kms.katalon.core.keyword.internal.KeywordMain.stepFailed(KeywordMain.groovy)
	at com.kms.katalon.core.keyword.internal.KeywordMain.runKeyword(KeywordMain.groovy:70)
	at com.kms.katalon.core.keyword.builtin.CallTestCaseKeyword.callTestCase(CallTestCaseKeyword.groovy:81)
	at com.kms.katalon.core.keyword.builtin.CallTestCaseKeyword.execute(CallTestCaseKeyword.groovy:44)
	at com.kms.katalon.core.keyword.internal.KeywordExecutor.executeKeywordForPlatform(KeywordExecutor.groovy:73)
	at com.kms.katalon.core.keyword.BuiltinKeywords.callTestCase(BuiltinKeywords.groovy:334)
	at 006 - Logout.run(006 - Logout:22)
	at com.kms.katalon.core.main.ScriptEngine.run(ScriptEngine.java:194)
	at com.kms.katalon.core.main.ScriptEngine.runScriptAsRawText(ScriptEngine.java:119)
	at com.kms.katalon.core.main.TestCaseExecutor.runScript(TestCaseExecutor.java:398)
	at com.kms.katalon.core.main.TestCaseExecutor.doExecute(TestCaseExecutor.java:389)
	at com.kms.katalon.core.main.TestCaseExecutor.processExecutionPhase(TestCaseExecutor.java:368)
	at com.kms.katalon.core.main.TestCaseExecutor.accessMainPhase(TestCaseExecutor.java:360)
	at com.kms.katalon.core.main.TestCaseExecutor.execute(TestCaseExecutor.java:255)
	at com.kms.katalon.core.main.TestSuiteExecutor.accessTestCaseMainPhase(TestSuiteExecutor.java:203)
	at com.kms.katalon.core.main.TestSuiteExecutor.accessTestSuiteMainPhase(TestSuiteExecutor.java:152)
	at com.kms.katalon.core.main.TestSuiteExecutor.execute(TestSuiteExecutor.java:95)
	at com.kms.katalon.core.main.TestCaseMain.startTestSuite(TestCaseMain.java:157)
	at com.kms.katalon.core.main.TestCaseMain$startTestSuite$0.call(Unknown Source)
	at TempTestSuite1640315158547.run(TempTestSuite1640315158547.groovy:39)
Caused by: com.kms.katalon.core.exception.StepFailedException: Call Test Case 'Test Cases/Mobile/Page/NavigationMenu/NavigationMenu' failed
	at com.kms.katalon.core.keyword.builtin.CallTestCaseKeyword$_callTestCase_closure1.doCall(CallTestCaseKeyword.groovy:63)
	at com.kms.katalon.core.keyword.builtin.CallTestCaseKeyword$_callTestCase_closure1.call(CallTestCaseKeyword.groovy)
	at com.kms.katalon.core.keyword.internal.KeywordMain.runKeyword(KeywordMain.groovy:68)
	... 18 more
Caused by: com.kms.katalon.core.exception.StepFailedException: Object Object Repository/Mobile/Page/NavigationMenu/Container - Logout not found
	at com.kms.katalon.core.mobile.helper.MobileElementCommonHelper.findElementWithCheck(MobileElementCommonHelper.java:159)
	at com.kms.katalon.core.mobile.helper.MobileElementCommonHelper.getElementTopPosition(MobileElementCommonHelper.java:357)
	at com.kms.katalon.core.mobile.keyword.builtin.GetElementTopPositionKeyword$_getElementTopPosition_closure1.doCall(GetElementTopPositionKeyword.groovy:70)
	at com.kms.katalon.core.mobile.keyword.builtin.GetElementTopPositionKeyword$_getElementTopPosition_closure1.call(GetElementTopPositionKeyword.groovy)
	at com.kms.katalon.core.mobile.keyword.internal.MobileKeywordMain.runKeywordAndReturnInt(MobileKeywordMain.groovy:30)
	at com.kms.katalon.core.mobile.keyword.builtin.GetElementTopPositionKeyword.getElementTopPosition(GetElementTopPositionKeyword.groovy:71)
	at com.kms.katalon.core.mobile.keyword.builtin.GetElementTopPositionKeyword.execute(GetElementTopPositionKeyword.groovy:64)
	at com.kms.katalon.core.keyword.internal.KeywordExecutor.executeKeywordForPlatform(KeywordExecutor.groovy:73)
	at com.kms.katalon.core.mobile.keyword.MobileBuiltInKeywords.getElementTopPosition(MobileBuiltInKeywords.groovy:2600)
	at com.kms.katalon.core.mobile.keyword.MobileBuiltInKeywords$getElementTopPosition$7.call(Unknown Source)
	at NavigationMenu.run(NavigationMenu:188)
	at com.kms.katalon.core.main.ScriptEngine.run(ScriptEngine.java:194)
	at com.kms.katalon.core.main.ScriptEngine.runScriptAsRawText(ScriptEngine.java:119)
	at com.kms.katalon.core.main.TestCaseExecutor.runScript(TestCaseExecutor.java:398)
	at com.kms.katalon.core.main.TestCaseExecutor.doExecute(TestCaseExecutor.java:389)
	at com.kms.katalon.core.main.TestCaseExecutor.processExecutionPhase(TestCaseExecutor.java:368)
	at com.kms.katalon.core.main.TestCaseExecutor.accessMainPhase(TestCaseExecutor.java:360)
	at com.kms.katalon.core.main.TestCaseExecutor.execute(TestCaseExecutor.java:255)
	at com.kms.katalon.core.main.TestCaseMain.runTestCase(TestCaseMain.java:114)
	at com.kms.katalon.core.keyword.builtin.CallTestCaseKeyword$_callTestCase_closure1.doCall(CallTestCaseKeyword.groovy:59)
	... 20 more]]></system-err>
      </testcase>
      <system-out><![CDATA[2021-12-24 10:19:40 - [TEST_SUITE][FAILED] - navigationmenu: Test Cases/Mobile/Scenario/NavigationMenu/003 - Whatsapp message FAILED.
Reason:
com.kms.katalon.core.exception.StepFailedException: Unable to call Test Case 'Test Cases/Mobile/Page/NavigationMenu/NavigationMenu' (Root cause: com.kms.katalon.core.exception.StepFailedException: Call Test Case 'Test Cases/Mobile/Page/NavigationMenu/NavigationMenu' failed
	at com.kms.katalon.core.keyword.builtin.CallTestCaseKeyword$_callTestCase_closure1.doCall(CallTestCaseKeyword.groovy:63)
	at com.kms.katalon.core.keyword.builtin.CallTestCaseKeyword$_callTestCase_closure1.call(CallTestCaseKeyword.groovy)
	at com.kms.katalon.core.keyword.internal.KeywordMain.runKeyword(KeywordMain.groovy:68)
	at com.kms.katalon.core.keyword.builtin.CallTestCaseKeyword.callTestCase(CallTestCaseKeyword.groovy:81)
	at com.kms.katalon.core.keyword.builtin.CallTestCaseKeyword.execute(CallTestCaseKeyword.groovy:44)
	at com.kms.katalon.core.keyword.internal.KeywordExecutor.executeKeywordForPlatform(KeywordExecutor.groovy:73)
	at com.kms.katalon.core.keyword.BuiltinKeywords.callTestCase(BuiltinKeywords.groovy:334)
	at 003 - Whatsapp message.run(003 - Whatsapp message:22)
	at com.kms.katalon.core.main.ScriptEngine.run(ScriptEngine.java:194)
	at com.kms.katalon.core.main.ScriptEngine.runScriptAsRawText(ScriptEngine.java:119)
	at com.kms.katalon.core.main.TestCaseExecutor.runScript(TestCaseExecutor.java:398)
	at com.kms.katalon.core.main.TestCaseExecutor.doExecute(TestCaseExecutor.java:389)
	at com.kms.katalon.core.main.TestCaseExecutor.processExecutionPhase(TestCaseExecutor.java:368)
	at com.kms.katalon.core.main.TestCaseExecutor.accessMainPhase(TestCaseExecutor.java:360)
	at com.kms.katalon.core.main.TestCaseExecutor.execute(TestCaseExecutor.java:255)
	at com.kms.katalon.core.main.TestSuiteExecutor.accessTestCaseMainPhase(TestSuiteExecutor.java:203)
	at com.kms.katalon.core.main.TestSuiteExecutor.accessTestSuiteMainPhase(TestSuiteExecutor.java:152)
	at com.kms.katalon.core.main.TestSuiteExecutor.execute(TestSuiteExecutor.java:95)
	at com.kms.katalon.core.main.TestCaseMain.startTestSuite(TestCaseMain.java:157)
	at com.kms.katalon.core.main.TestCaseMain$startTestSuite$0.call(Unknown Source)
	at TempTestSuite1640315158547.run(TempTestSuite1640315158547.groovy:39)
Caused by: com.kms.katalon.core.exception.StepFailedException: Object Object Repository/Mobile/Page/NavigationMenu/Button - Whatsapp not found
	at com.kms.katalon.core.keyword.internal.KeywordMain.stepFailed(KeywordMain.groovy:50)
	at com.kms.katalon.core.mobile.keyword.internal.MobileKeywordMain.stepFailed(MobileKeywordMain.groovy:40)
	at com.kms.katalon.core.mobile.keyword.builtin.TapKeyword$_tap_closure1.doCall(TapKeyword.groovy:79)
	at com.kms.katalon.core.mobile.keyword.builtin.TapKeyword$_tap_closure1.call(TapKeyword.groovy)
	at com.kms.katalon.core.mobile.keyword.internal.MobileKeywordMain.runKeyword(MobileKeywordMain.groovy:21)
	at com.kms.katalon.core.mobile.keyword.builtin.TapKeyword.tap(TapKeyword.groovy:86)
	at com.kms.katalon.core.mobile.keyword.builtin.TapKeyword.execute(TapKeyword.groovy:68)
	at com.kms.katalon.core.keyword.internal.KeywordExecutor.executeKeywordForPlatform(KeywordExecutor.groovy:73)
	at com.kms.katalon.core.mobile.keyword.MobileBuiltInKeywords.tap(MobileBuiltInKeywords.groovy:1354)
	at com.kms.katalon.core.mobile.keyword.MobileBuiltInKeywords$tap$1.call(Unknown Source)
	at NavigationMenu.run(NavigationMenu:125)
	at com.kms.katalon.core.main.ScriptEngine.run(ScriptEngine.java:194)
	at com.kms.katalon.core.main.ScriptEngine.runScriptAsRawText(ScriptEngine.java:119)
	at com.kms.katalon.core.main.TestCaseExecutor.runScript(TestCaseExecutor.java:398)
	at com.kms.katalon.core.main.TestCaseExecutor.doExecute(TestCaseExecutor.java:389)
	at com.kms.katalon.core.main.TestCaseExecutor.processExecutionPhase(TestCaseExecutor.java:368)
	at com.kms.katalon.core.main.TestCaseExecutor.accessMainPhase(TestCaseExecutor.java:360)
	at com.kms.katalon.core.main.TestCaseExecutor.execute(TestCaseExecutor.java:255)
	at com.kms.katalon.core.main.TestCaseMain.runTestCase(TestCaseMain.java:114)
	at com.kms.katalon.core.keyword.builtin.CallTestCaseKeyword$_callTestCase_closure1.doCall(CallTestCaseKeyword.groovy:59)
	... 20 more
)
	at com.kms.katalon.core.keyword.internal.KeywordMain.stepFailed(KeywordMain.groovy:39)
	at com.kms.katalon.core.keyword.internal.KeywordMain.stepFailed(KeywordMain.groovy)
	at com.kms.katalon.core.keyword.internal.KeywordMain.runKeyword(KeywordMain.groovy:70)
	at com.kms.katalon.core.keyword.builtin.CallTestCaseKeyword.callTestCase(CallTestCaseKeyword.groovy:81)
	at com.kms.katalon.core.keyword.builtin.CallTestCaseKeyword.execute(CallTestCaseKeyword.groovy:44)
	at com.kms.katalon.core.keyword.internal.KeywordExecutor.executeKeywordForPlatform(KeywordExecutor.groovy:73)
	at com.kms.katalon.core.keyword.BuiltinKeywords.callTestCase(BuiltinKeywords.groovy:334)
	at 003 - Whatsapp message.run(003 - Whatsapp message:22)
	at com.kms.katalon.core.main.ScriptEngine.run(ScriptEngine.java:194)
	at com.kms.katalon.core.main.ScriptEngine.runScriptAsRawText(ScriptEngine.java:119)
	at com.kms.katalon.core.main.TestCaseExecutor.runScript(TestCaseExecutor.java:398)
	at com.kms.katalon.core.main.TestCaseExecutor.doExecute(TestCaseExecutor.java:389)
	at com.kms.katalon.core.main.TestCaseExecutor.processExecutionPhase(TestCaseExecutor.java:368)
	at com.kms.katalon.core.main.TestCaseExecutor.accessMainPhase(TestCaseExecutor.java:360)
	at com.kms.katalon.core.main.TestCaseExecutor.execute(TestCaseExecutor.java:255)
	at com.kms.katalon.core.main.TestSuiteExecutor.accessTestCaseMainPhase(TestSuiteExecutor.java:203)
	at com.kms.katalon.core.main.TestSuiteExecutor.accessTestSuiteMainPhase(TestSuiteExecutor.java:152)
	at com.kms.katalon.core.main.TestSuiteExecutor.execute(TestSuiteExecutor.java:95)
	at com.kms.katalon.core.main.TestCaseMain.startTestSuite(TestCaseMain.java:157)
	at com.kms.katalon.core.main.TestCaseMain$startTestSuite$0.call(Unknown Source)
	at TempTestSuite1640315158547.run(TempTestSuite1640315158547.groovy:39)
Caused by: com.kms.katalon.core.exception.StepFailedException: Call Test Case 'Test Cases/Mobile/Page/NavigationMenu/NavigationMenu' failed
	at com.kms.katalon.core.keyword.builtin.CallTestCaseKeyword$_callTestCase_closure1.doCall(CallTestCaseKeyword.groovy:63)
	at com.kms.katalon.core.keyword.builtin.CallTestCaseKeyword$_callTestCase_closure1.call(CallTestCaseKeyword.groovy)
	at com.kms.katalon.core.keyword.internal.KeywordMain.runKeyword(KeywordMain.groovy:68)
	... 18 more
Caused by: com.kms.katalon.core.exception.StepFailedException: Object Object Repository/Mobile/Page/NavigationMenu/Button - Whatsapp not found
	at com.kms.katalon.core.keyword.internal.KeywordMain.stepFailed(KeywordMain.groovy:50)
	at com.kms.katalon.core.mobile.keyword.internal.MobileKeywordMain.stepFailed(MobileKeywordMain.groovy:40)
	at com.kms.katalon.core.mobile.keyword.builtin.TapKeyword$_tap_closure1.doCall(TapKeyword.groovy:79)
	at com.kms.katalon.core.mobile.keyword.builtin.TapKeyword$_tap_closure1.call(TapKeyword.groovy)
	at com.kms.katalon.core.mobile.keyword.internal.MobileKeywordMain.runKeyword(MobileKeywordMain.groovy:21)
	at com.kms.katalon.core.mobile.keyword.builtin.TapKeyword.tap(TapKeyword.groovy:86)
	at com.kms.katalon.core.mobile.keyword.builtin.TapKeyword.execute(TapKeyword.groovy:68)
	at com.kms.katalon.core.keyword.internal.KeywordExecutor.executeKeywordForPlatform(KeywordExecutor.groovy:73)
	at com.kms.katalon.core.mobile.keyword.MobileBuiltInKeywords.tap(MobileBuiltInKeywords.groovy:1354)
	at com.kms.katalon.core.mobile.keyword.MobileBuiltInKeywords$tap$1.call(Unknown Source)
	at NavigationMenu.run(NavigationMenu:125)
	at com.kms.katalon.core.main.ScriptEngine.run(ScriptEngine.java:194)
	at com.kms.katalon.core.main.ScriptEngine.runScriptAsRawText(ScriptEngine.java:119)
	at com.kms.katalon.core.main.TestCaseExecutor.runScript(TestCaseExecutor.java:398)
	at com.kms.katalon.core.main.TestCaseExecutor.doExecute(TestCaseExecutor.java:389)
	at com.kms.katalon.core.main.TestCaseExecutor.processExecutionPhase(TestCaseExecutor.java:368)
	at com.kms.katalon.core.main.TestCaseExecutor.accessMainPhase(TestCaseExecutor.java:360)
	at com.kms.katalon.core.main.TestCaseExecutor.execute(TestCaseExecutor.java:255)
	at com.kms.katalon.core.main.TestCaseMain.runTestCase(TestCaseMain.java:114)
	at com.kms.katalon.core.keyword.builtin.CallTestCaseKeyword$_callTestCase_closure1.doCall(CallTestCaseKeyword.groovy:59)
	... 20 more]]></system-out>
      <system-err><![CDATA[2021-12-24 10:19:40 - [TEST_SUITE][FAILED] - navigationmenu: Test Cases/Mobile/Scenario/NavigationMenu/003 - Whatsapp message FAILED.
Reason:
com.kms.katalon.core.exception.StepFailedException: Unable to call Test Case 'Test Cases/Mobile/Page/NavigationMenu/NavigationMenu' (Root cause: com.kms.katalon.core.exception.StepFailedException: Call Test Case 'Test Cases/Mobile/Page/NavigationMenu/NavigationMenu' failed
	at com.kms.katalon.core.keyword.builtin.CallTestCaseKeyword$_callTestCase_closure1.doCall(CallTestCaseKeyword.groovy:63)
	at com.kms.katalon.core.keyword.builtin.CallTestCaseKeyword$_callTestCase_closure1.call(CallTestCaseKeyword.groovy)
	at com.kms.katalon.core.keyword.internal.KeywordMain.runKeyword(KeywordMain.groovy:68)
	at com.kms.katalon.core.keyword.builtin.CallTestCaseKeyword.callTestCase(CallTestCaseKeyword.groovy:81)
	at com.kms.katalon.core.keyword.builtin.CallTestCaseKeyword.execute(CallTestCaseKeyword.groovy:44)
	at com.kms.katalon.core.keyword.internal.KeywordExecutor.executeKeywordForPlatform(KeywordExecutor.groovy:73)
	at com.kms.katalon.core.keyword.BuiltinKeywords.callTestCase(BuiltinKeywords.groovy:334)
	at 003 - Whatsapp message.run(003 - Whatsapp message:22)
	at com.kms.katalon.core.main.ScriptEngine.run(ScriptEngine.java:194)
	at com.kms.katalon.core.main.ScriptEngine.runScriptAsRawText(ScriptEngine.java:119)
	at com.kms.katalon.core.main.TestCaseExecutor.runScript(TestCaseExecutor.java:398)
	at com.kms.katalon.core.main.TestCaseExecutor.doExecute(TestCaseExecutor.java:389)
	at com.kms.katalon.core.main.TestCaseExecutor.processExecutionPhase(TestCaseExecutor.java:368)
	at com.kms.katalon.core.main.TestCaseExecutor.accessMainPhase(TestCaseExecutor.java:360)
	at com.kms.katalon.core.main.TestCaseExecutor.execute(TestCaseExecutor.java:255)
	at com.kms.katalon.core.main.TestSuiteExecutor.accessTestCaseMainPhase(TestSuiteExecutor.java:203)
	at com.kms.katalon.core.main.TestSuiteExecutor.accessTestSuiteMainPhase(TestSuiteExecutor.java:152)
	at com.kms.katalon.core.main.TestSuiteExecutor.execute(TestSuiteExecutor.java:95)
	at com.kms.katalon.core.main.TestCaseMain.startTestSuite(TestCaseMain.java:157)
	at com.kms.katalon.core.main.TestCaseMain$startTestSuite$0.call(Unknown Source)
	at TempTestSuite1640315158547.run(TempTestSuite1640315158547.groovy:39)
Caused by: com.kms.katalon.core.exception.StepFailedException: Object Object Repository/Mobile/Page/NavigationMenu/Button - Whatsapp not found
	at com.kms.katalon.core.keyword.internal.KeywordMain.stepFailed(KeywordMain.groovy:50)
	at com.kms.katalon.core.mobile.keyword.internal.MobileKeywordMain.stepFailed(MobileKeywordMain.groovy:40)
	at com.kms.katalon.core.mobile.keyword.builtin.TapKeyword$_tap_closure1.doCall(TapKeyword.groovy:79)
	at com.kms.katalon.core.mobile.keyword.builtin.TapKeyword$_tap_closure1.call(TapKeyword.groovy)
	at com.kms.katalon.core.mobile.keyword.internal.MobileKeywordMain.runKeyword(MobileKeywordMain.groovy:21)
	at com.kms.katalon.core.mobile.keyword.builtin.TapKeyword.tap(TapKeyword.groovy:86)
	at com.kms.katalon.core.mobile.keyword.builtin.TapKeyword.execute(TapKeyword.groovy:68)
	at com.kms.katalon.core.keyword.internal.KeywordExecutor.executeKeywordForPlatform(KeywordExecutor.groovy:73)
	at com.kms.katalon.core.mobile.keyword.MobileBuiltInKeywords.tap(MobileBuiltInKeywords.groovy:1354)
	at com.kms.katalon.core.mobile.keyword.MobileBuiltInKeywords$tap$1.call(Unknown Source)
	at NavigationMenu.run(NavigationMenu:125)
	at com.kms.katalon.core.main.ScriptEngine.run(ScriptEngine.java:194)
	at com.kms.katalon.core.main.ScriptEngine.runScriptAsRawText(ScriptEngine.java:119)
	at com.kms.katalon.core.main.TestCaseExecutor.runScript(TestCaseExecutor.java:398)
	at com.kms.katalon.core.main.TestCaseExecutor.doExecute(TestCaseExecutor.java:389)
	at com.kms.katalon.core.main.TestCaseExecutor.processExecutionPhase(TestCaseExecutor.java:368)
	at com.kms.katalon.core.main.TestCaseExecutor.accessMainPhase(TestCaseExecutor.java:360)
	at com.kms.katalon.core.main.TestCaseExecutor.execute(TestCaseExecutor.java:255)
	at com.kms.katalon.core.main.TestCaseMain.runTestCase(TestCaseMain.java:114)
	at com.kms.katalon.core.keyword.builtin.CallTestCaseKeyword$_callTestCase_closure1.doCall(CallTestCaseKeyword.groovy:59)
	... 20 more
)
	at com.kms.katalon.core.keyword.internal.KeywordMain.stepFailed(KeywordMain.groovy:39)
	at com.kms.katalon.core.keyword.internal.KeywordMain.stepFailed(KeywordMain.groovy)
	at com.kms.katalon.core.keyword.internal.KeywordMain.runKeyword(KeywordMain.groovy:70)
	at com.kms.katalon.core.keyword.builtin.CallTestCaseKeyword.callTestCase(CallTestCaseKeyword.groovy:81)
	at com.kms.katalon.core.keyword.builtin.CallTestCaseKeyword.execute(CallTestCaseKeyword.groovy:44)
	at com.kms.katalon.core.keyword.internal.KeywordExecutor.executeKeywordForPlatform(KeywordExecutor.groovy:73)
	at com.kms.katalon.core.keyword.BuiltinKeywords.callTestCase(BuiltinKeywords.groovy:334)
	at 003 - Whatsapp message.run(003 - Whatsapp message:22)
	at com.kms.katalon.core.main.ScriptEngine.run(ScriptEngine.java:194)
	at com.kms.katalon.core.main.ScriptEngine.runScriptAsRawText(ScriptEngine.java:119)
	at com.kms.katalon.core.main.TestCaseExecutor.runScript(TestCaseExecutor.java:398)
	at com.kms.katalon.core.main.TestCaseExecutor.doExecute(TestCaseExecutor.java:389)
	at com.kms.katalon.core.main.TestCaseExecutor.processExecutionPhase(TestCaseExecutor.java:368)
	at com.kms.katalon.core.main.TestCaseExecutor.accessMainPhase(TestCaseExecutor.java:360)
	at com.kms.katalon.core.main.TestCaseExecutor.execute(TestCaseExecutor.java:255)
	at com.kms.katalon.core.main.TestSuiteExecutor.accessTestCaseMainPhase(TestSuiteExecutor.java:203)
	at com.kms.katalon.core.main.TestSuiteExecutor.accessTestSuiteMainPhase(TestSuiteExecutor.java:152)
	at com.kms.katalon.core.main.TestSuiteExecutor.execute(TestSuiteExecutor.java:95)
	at com.kms.katalon.core.main.TestCaseMain.startTestSuite(TestCaseMain.java:157)
	at com.kms.katalon.core.main.TestCaseMain$startTestSuite$0.call(Unknown Source)
	at TempTestSuite1640315158547.run(TempTestSuite1640315158547.groovy:39)
Caused by: com.kms.katalon.core.exception.StepFailedException: Call Test Case 'Test Cases/Mobile/Page/NavigationMenu/NavigationMenu' failed
	at com.kms.katalon.core.keyword.builtin.CallTestCaseKeyword$_callTestCase_closure1.doCall(CallTestCaseKeyword.groovy:63)
	at com.kms.katalon.core.keyword.builtin.CallTestCaseKeyword$_callTestCase_closure1.call(CallTestCaseKeyword.groovy)
	at com.kms.katalon.core.keyword.internal.KeywordMain.runKeyword(KeywordMain.groovy:68)
	... 18 more
Caused by: com.kms.katalon.core.exception.StepFailedException: Object Object Repository/Mobile/Page/NavigationMenu/Button - Whatsapp not found
	at com.kms.katalon.core.keyword.internal.KeywordMain.stepFailed(KeywordMain.groovy:50)
	at com.kms.katalon.core.mobile.keyword.internal.MobileKeywordMain.stepFailed(MobileKeywordMain.groovy:40)
	at com.kms.katalon.core.mobile.keyword.builtin.TapKeyword$_tap_closure1.doCall(TapKeyword.groovy:79)
	at com.kms.katalon.core.mobile.keyword.builtin.TapKeyword$_tap_closure1.call(TapKeyword.groovy)
	at com.kms.katalon.core.mobile.keyword.internal.MobileKeywordMain.runKeyword(MobileKeywordMain.groovy:21)
	at com.kms.katalon.core.mobile.keyword.builtin.TapKeyword.tap(TapKeyword.groovy:86)
	at com.kms.katalon.core.mobile.keyword.builtin.TapKeyword.execute(TapKeyword.groovy:68)
	at com.kms.katalon.core.keyword.internal.KeywordExecutor.executeKeywordForPlatform(KeywordExecutor.groovy:73)
	at com.kms.katalon.core.mobile.keyword.MobileBuiltInKeywords.tap(MobileBuiltInKeywords.groovy:1354)
	at com.kms.katalon.core.mobile.keyword.MobileBuiltInKeywords$tap$1.call(Unknown Source)
	at NavigationMenu.run(NavigationMenu:125)
	at com.kms.katalon.core.main.ScriptEngine.run(ScriptEngine.java:194)
	at com.kms.katalon.core.main.ScriptEngine.runScriptAsRawText(ScriptEngine.java:119)
	at com.kms.katalon.core.main.TestCaseExecutor.runScript(TestCaseExecutor.java:398)
	at com.kms.katalon.core.main.TestCaseExecutor.doExecute(TestCaseExecutor.java:389)
	at com.kms.katalon.core.main.TestCaseExecutor.processExecutionPhase(TestCaseExecutor.java:368)
	at com.kms.katalon.core.main.TestCaseExecutor.accessMainPhase(TestCaseExecutor.java:360)
	at com.kms.katalon.core.main.TestCaseExecutor.execute(TestCaseExecutor.java:255)
	at com.kms.katalon.core.main.TestCaseMain.runTestCase(TestCaseMain.java:114)
	at com.kms.katalon.core.keyword.builtin.CallTestCaseKeyword$_callTestCase_closure1.doCall(CallTestCaseKeyword.groovy:59)
	... 20 more]]></system-err>
   </testsuite>
</testsuites>
