<?xml version="1.0" encoding="UTF-8"?>
<testsuites name="news" time="400.843" tests="5" failures="0" skips="0" errors="0">
   <testsuite name="news" tests="5" failures="0" errors="0" time="400.843" skips="0" timestamp="2022-02-15 00:58:48" hostname="Owner - aldy-tft" id="Test Suites/news">
      <properties>
         <property name="deviceName" value="samsung SM-A205F (Android 11)"/>
         <property name="devicePlatform" value=""/>
         <property name="logFolder" value="C:\\Users\\Owner\\Documents\\kerjaan\\KatalonProject\\qa_katalon_pwm\\qa_katalon_pwm\\Reports\\20220215_005834\\news\\20220215_005836"/>
         <property name="logFiles" value="C:\\Users\\Owner\\Documents\\kerjaan\\KatalonProject\\qa_katalon_pwm\\qa_katalon_pwm\\Reports\\20220215_005834\\news\\20220215_005836\\appium.log, C:\\Users\\Owner\\Documents\\kerjaan\\KatalonProject\\qa_katalon_pwm\\qa_katalon_pwm\\Reports\\20220215_005834\\news\\20220215_005836\\execution0.log"/>
         <property name="attachments" value=""/>
         <property name="hostName" value="Owner - aldy-tft"/>
         <property name="os" value="Windows 10 64bit"/>
         <property name="appiumServerStatus" value="{&quot;value&quot;:{&quot;build&quot;:{&quot;version&quot;:&quot;1.22.0&quot;}},&quot;sessionId&quot;:null,&quot;status&quot;:0}"/>
         <property name="katalonVersion" value="7.9.1.208"/>
         <property name="deviceOS" value="Android"/>
         <property name="appiumVersion" value="1.22.0"/>
         <property name="deviceModel" value="SM-A205F"/>
         <property name="hostAddress" value="192.168.100.33"/>
         <property name="deviceManufacturer" value="samsung"/>
         <property name="deviceId" value="RR8M40C9AXE"/>
         <property name="deviceName" value="samsung SM-A205F (Android 11)"/>
         <property name="deviceOSVersion" value="11"/>
      </properties>
      <testcase name="Test Cases/Mobile/Scenario/News/001 - News World Indices" time="99.291" classname="Test Cases/Mobile/Scenario/News/001 - News World Indices" status="PASSED">
         <system-out><![CDATA[2022-02-15 00:58:49 - [TEST_CASE][PASSED] - Test Cases/Mobile/Scenario/News/001 - News World Indices: Test Cases/Mobile/Scenario/News/001 - News World Indices

2022-02-15 00:58:50 - [TEST_STEP][PASSED] - callTestCase(findTestCase("Mobile/Page/Run App/Run App byID"), [:], STOP_ON_FAILURE): Call Test Case 'Test Cases/Mobile/Page/Run App/Run App byID' successfully

2022-02-15 00:58:50 - [TEST_CASE][PASSED] - Test Cases/Mobile/Page/Run App/Run App byID: Test Cases/Mobile/Page/Run App/Run App byID

2022-02-15 00:58:50 - [TEST_STEP][PASSED] - startApp.OpenApp.startApplication("id.co.miraeasset.sageclub"): startApp.OpenApp.startApplication is PASSED

2022-02-15 00:58:52 - [MESSAGE][INFO] - Appium server started on port 58,365

2022-02-15 00:59:10 - [MESSAGE][PASSED] - Starting app with application ID: 'id.co.miraeasset.sageclub'

2022-02-15 00:59:10 - [MESSAGE][PASSED] - startApp.OpenApp.startApplication is PASSED

2022-02-15 00:59:10 - [MESSAGE][PASSED] - Call Test Case 'Test Cases/Mobile/Page/Run App/Run App byID' successfully

2022-02-15 00:59:10 - [TEST_STEP][PASSED] - callTestCase(findTestCase("Mobile/Page/News/News"), ["tab":"worldindices"], CONTINUE_ON_FAILURE): Call Test Case 'Test Cases/Mobile/Page/News/News' successfully

2022-02-15 00:59:10 - [TEST_CASE][PASSED] - Test Cases/Mobile/Page/News/News: Test Cases/Mobile/Page/News/News

2022-02-15 00:59:10 - [TEST_STEP][PASSED] - callTestCase(findTestCase("Mobile/Page/CheckLogin"), [:], CONTINUE_ON_FAILURE): Call Test Case 'Test Cases/Mobile/Page/CheckLogin' successfully

2022-02-15 00:59:10 - [TEST_CASE][PASSED] - Test Cases/Mobile/Page/CheckLogin: Test Cases/Mobile/Page/CheckLogin

2022-02-15 00:59:11 - [TEST_STEP][PASSED] - loginCheck = verifyElementExist(LOGN_BtnLogin, 5, CONTINUE_ON_FAILURE): Element 'Object Repository/Mobile/Page/Login/Button - Login' is exist

2022-02-15 00:59:12 - [MESSAGE][WARNING] - Test object with id 'Object Repository/Mobile/Page/Home/Button -  Add Watchlist' does not exist

2022-02-15 00:59:12 - [MESSAGE][WARNING] - Test object with id 'Object Repository/Mobile/Page/Home/Button - Open with Just Once' does not exist

2022-02-15 00:59:12 - [MESSAGE][WARNING] - Test object with id 'Object Repository/Mobile/Page/Home/Container - Notification' does not exist

2022-02-15 00:59:13 - [MESSAGE][WARNING] - Test object with id 'Object Repository/Mobile/Page/Home/Watchlist/Input - Search' does not exist

2022-02-15 00:59:13 - [MESSAGE][WARNING] - Test object with id 'Object Repository/Mobile/Page/Home/Watchlist/Item - Top Search' does not exist

2022-02-15 00:59:13 - [MESSAGE][WARNING] - Test object with id 'Object Repository/Mobile/Page/Home/Watchlist/Detail Watchlist/Item - Watchlist' does not exist

2022-02-15 00:59:20 - [MESSAGE][WARNING] - Test object with id 'Object Repository/Mobile/Page/Home/Button -  Add Watchlist' does not exist

2022-02-15 00:59:20 - [MESSAGE][WARNING] - Test object with id 'Object Repository/Mobile/Page/Home/Button - Open with Just Once' does not exist

2022-02-15 00:59:20 - [MESSAGE][WARNING] - Test object with id 'Object Repository/Mobile/Page/Home/Container - Notification' does not exist

2022-02-15 00:59:21 - [MESSAGE][WARNING] - Test object with id 'Object Repository/Mobile/Page/Home/Watchlist/Input - Search' does not exist

2022-02-15 00:59:21 - [MESSAGE][WARNING] - Test object with id 'Object Repository/Mobile/Page/Home/Watchlist/Item - Top Search' does not exist

2022-02-15 00:59:21 - [MESSAGE][WARNING] - Test object with id 'Object Repository/Mobile/Page/Home/Watchlist/Detail Watchlist/Item - Watchlist' does not exist

2022-02-15 00:59:26 - [MESSAGE][PASSED] - Element 'Object Repository/Mobile/Page/Login/Button - Login' is exist

2022-02-15 00:59:26 - [TEST_STEP][PASSED] - if (loginCheck): Call Test Case 'Test Cases/Mobile/Page/Login/Login' successfully

2022-02-15 00:59:26 - [TEST_STEP][PASSED] - callTestCase(findTestCase("Mobile/Page/Login/Login"), ["action":"username"], CONTINUE_ON_FAILURE): Call Test Case 'Test Cases/Mobile/Page/Login/Login' successfully

2022-02-15 00:59:26 - [TEST_CASE][PASSED] - Test Cases/Mobile/Page/Login/Login: Test Cases/Mobile/Page/Login/Login

2022-02-15 00:59:27 - [TEST_STEP][PASSED] - delay(2): Delayed 2 second(s)

2022-02-15 00:59:29 - [MESSAGE][PASSED] - Delayed 2 second(s)

2022-02-15 00:59:29 - [TEST_STEP][PASSED] - for ([i = 0, i < 1, (i++)]): null

2022-02-15 00:59:29 - [TEST_STEP][PASSED] - if (action == "username"): null

2022-02-15 00:59:29 - [TEST_STEP][PASSED] - tap(LOGN_EdtUserID, 0): Tapped on element 'Object Repository/Mobile/Page/Login/Input - UserID'

2022-02-15 00:59:29 - [MESSAGE][WARNING] - Timeout '0' is invalid. Using default page load timeout: '60'

2022-02-15 00:59:29 - [MESSAGE][PASSED] - Tapped on element 'Object Repository/Mobile/Page/Login/Input - UserID'

2022-02-15 00:59:29 - [TEST_STEP][PASSED] - delay(1): Delayed 1 second(s)

2022-02-15 00:59:30 - [MESSAGE][PASSED] - Delayed 1 second(s)

2022-02-15 00:59:30 - [TEST_STEP][PASSED] - setText(LOGN_EdtRdyUserID, "anggaaditya", 0): Text 'anggaaditya' has been set to element 'Object Repository/Mobile/Page/Login/Input Rdy - UserID'

2022-02-15 00:59:30 - [MESSAGE][WARNING] - Timeout '0' is invalid. Using default page load timeout: '60'

2022-02-15 00:59:33 - [MESSAGE][PASSED] - Text 'anggaaditya' has been set to element 'Object Repository/Mobile/Page/Login/Input Rdy - UserID'

2022-02-15 00:59:33 - [TEST_STEP][PASSED] - delay(1): Delayed 1 second(s)

2022-02-15 00:59:34 - [MESSAGE][PASSED] - Delayed 1 second(s)

2022-02-15 00:59:34 - [TEST_STEP][PASSED] - hideKeyboard(): Keyboard is hidden

2022-02-15 00:59:42 - [MESSAGE][PASSED] - Keyboard is hidden

2022-02-15 00:59:42 - [TEST_STEP][PASSED] - tap(LOGN_EdtPassword, 0): Tapped on element 'Object Repository/Mobile/Page/Login/Input - Password'

2022-02-15 00:59:42 - [MESSAGE][WARNING] - Timeout '0' is invalid. Using default page load timeout: '60'

2022-02-15 00:59:42 - [MESSAGE][PASSED] - Tapped on element 'Object Repository/Mobile/Page/Login/Input - Password'

2022-02-15 00:59:42 - [TEST_STEP][PASSED] - delay(1): Delayed 1 second(s)

2022-02-15 00:59:43 - [MESSAGE][PASSED] - Delayed 1 second(s)

2022-02-15 00:59:43 - [TEST_STEP][PASSED] - setText(LOGN_EdtRdyPassword, "Shalawa18", 0): Text 'Shalawa18' has been set to element 'Object Repository/Mobile/Page/Login/Input Rdy - Password'

2022-02-15 00:59:43 - [MESSAGE][WARNING] - Timeout '0' is invalid. Using default page load timeout: '60'

2022-02-15 00:59:44 - [MESSAGE][PASSED] - Text 'Shalawa18' has been set to element 'Object Repository/Mobile/Page/Login/Input Rdy - Password'

2022-02-15 00:59:44 - [TEST_STEP][PASSED] - delay(1): Delayed 1 second(s)

2022-02-15 00:59:45 - [MESSAGE][PASSED] - Delayed 1 second(s)

2022-02-15 00:59:45 - [TEST_STEP][PASSED] - hideKeyboard(): Keyboard is hidden

2022-02-15 00:59:53 - [MESSAGE][PASSED] - Keyboard is hidden

2022-02-15 00:59:53 - [TEST_STEP][PASSED] - tap(LOGN_BtnLogin, 0): Tapped on element 'Object Repository/Mobile/Page/Login/Button - Login'

2022-02-15 00:59:53 - [MESSAGE][WARNING] - Timeout '0' is invalid. Using default page load timeout: '60'

2022-02-15 00:59:54 - [MESSAGE][PASSED] - Tapped on element 'Object Repository/Mobile/Page/Login/Button - Login'

2022-02-15 00:59:54 - [TEST_STEP][PASSED] - delay(2): Delayed 2 second(s)

2022-02-15 00:59:56 - [MESSAGE][PASSED] - Delayed 2 second(s)

2022-02-15 00:59:56 - [TEST_STEP][PASSED] - break: null

2022-02-15 00:59:56 - [MESSAGE][PASSED] - Call Test Case 'Test Cases/Mobile/Page/Login/Login' successfully

2022-02-15 00:59:56 - [MESSAGE][PASSED] - Call Test Case 'Test Cases/Mobile/Page/CheckLogin' successfully

2022-02-15 00:59:56 - [TEST_STEP][PASSED] - tap(HOME_MenubarNews, 0): Tapped on element 'Object Repository/Mobile/Page/Home/Menubar - News'

2022-02-15 00:59:56 - [MESSAGE][WARNING] - Timeout '0' is invalid. Using default page load timeout: '60'

2022-02-15 00:59:58 - [MESSAGE][PASSED] - Tapped on element 'Object Repository/Mobile/Page/Home/Menubar - News'

2022-02-15 00:59:58 - [TEST_STEP][PASSED] - delay(1): Delayed 1 second(s)

2022-02-15 00:59:59 - [MESSAGE][PASSED] - Delayed 1 second(s)

2022-02-15 00:59:59 - [TEST_STEP][PASSED] - for ([i = 0, i < 1, (i++)]): null

2022-02-15 00:59:59 - [TEST_STEP][PASSED] - if (tab == "macronews"): null

2022-02-15 00:59:59 - [TEST_STEP][PASSED] - else if (tab == "stocknews"): null

2022-02-15 00:59:59 - [TEST_STEP][PASSED] - else if (tab == "fundnews"): null

2022-02-15 00:59:59 - [TEST_STEP][PASSED] - else if (tab == "bondnews"): null

2022-02-15 00:59:59 - [TEST_STEP][PASSED] - else if (tab == "worldindices"): Delayed 3 second(s)

2022-02-15 00:59:59 - [TEST_STEP][PASSED] - scroll.scroll.scrollScreenRightToLeft(NEWS_TabMacro): scroll.scroll.scrollScreenRightToLeft is PASSED

2022-02-15 00:59:59 - [MESSAGE][WARNING] - Timeout '0' is invalid. Using default page load timeout: '60'

2022-02-15 00:59:59 - [MESSAGE][PASSED] - Object 'Object Repository/Mobile/Page/News/Tab - Macro' has left position '14'

2022-02-15 00:59:59 - [MESSAGE][WARNING] - Timeout '0' is invalid. Using default page load timeout: '60'

2022-02-15 01:00:00 - [MESSAGE][PASSED] - Object 'Object Repository/Mobile/Page/News/Tab - Macro' has top position '245'

2022-02-15 01:00:00 - [MESSAGE][WARNING] - Timeout '0' is invalid. Using default page load timeout: '60'

2022-02-15 01:00:00 - [MESSAGE][PASSED] - Object 'Object Repository/Mobile/Page/News/Tab - Macro' has width: '215'

2022-02-15 01:00:00 - [MESSAGE][WARNING] - Timeout '0' is invalid. Using default page load timeout: '60'

2022-02-15 01:00:01 - [MESSAGE][PASSED] - Object 'Object Repository/Mobile/Page/News/Tab - Macro' has height: '84'

2022-02-15 01:00:01 - [MESSAGE][PASSED] - Current device physical width is 720

2022-02-15 01:00:02 - [MESSAGE][PASSED] - Swiped from 620,287 to 100,287

2022-02-15 01:00:02 - [MESSAGE][PASSED] - scroll.scroll.scrollScreenRightToLeft is PASSED

2022-02-15 01:00:02 - [TEST_STEP][PASSED] - delay(1): Delayed 1 second(s)

2022-02-15 01:00:03 - [MESSAGE][PASSED] - Delayed 1 second(s)

2022-02-15 01:00:03 - [TEST_STEP][PASSED] - tap(NEWS_TabWorldIndices, 0): Tapped on element 'Object Repository/Mobile/Page/News/Tab - World Indices'

2022-02-15 01:00:03 - [MESSAGE][WARNING] - Timeout '0' is invalid. Using default page load timeout: '60'

2022-02-15 01:00:04 - [MESSAGE][PASSED] - Tapped on element 'Object Repository/Mobile/Page/News/Tab - World Indices'

2022-02-15 01:00:04 - [TEST_STEP][PASSED] - delay(1): Delayed 1 second(s)

2022-02-15 01:00:05 - [MESSAGE][PASSED] - Delayed 1 second(s)

2022-02-15 01:00:05 - [TEST_STEP][PASSED] - tap(NEWS_BtnIndices, 0): Tapped on element 'Object Repository/Mobile/Page/News/Button - Indices'

2022-02-15 01:00:05 - [MESSAGE][WARNING] - Timeout '0' is invalid. Using default page load timeout: '60'

2022-02-15 01:00:06 - [MESSAGE][PASSED] - Tapped on element 'Object Repository/Mobile/Page/News/Button - Indices'

2022-02-15 01:00:06 - [TEST_STEP][PASSED] - delay(3): Delayed 3 second(s)

2022-02-15 01:00:09 - [MESSAGE][PASSED] - Delayed 3 second(s)

2022-02-15 01:00:09 - [TEST_STEP][PASSED] - tap(NEWS_BtnCurrencies, 0): Tapped on element 'Object Repository/Mobile/Page/News/Button - Currencies'

2022-02-15 01:00:09 - [MESSAGE][WARNING] - Timeout '0' is invalid. Using default page load timeout: '60'

2022-02-15 01:00:10 - [MESSAGE][PASSED] - Tapped on element 'Object Repository/Mobile/Page/News/Button - Currencies'

2022-02-15 01:00:10 - [TEST_STEP][PASSED] - delay(3): Delayed 3 second(s)

2022-02-15 01:00:13 - [MESSAGE][PASSED] - Delayed 3 second(s)

2022-02-15 01:00:13 - [TEST_STEP][PASSED] - tap(NEWS_BtnCommodities, 0): Tapped on element 'Object Repository/Mobile/Page/News/Button - Commodities'

2022-02-15 01:00:13 - [MESSAGE][WARNING] - Timeout '0' is invalid. Using default page load timeout: '60'

2022-02-15 01:00:14 - [MESSAGE][PASSED] - Tapped on element 'Object Repository/Mobile/Page/News/Button - Commodities'

2022-02-15 01:00:14 - [TEST_STEP][PASSED] - delay(3): Delayed 3 second(s)

2022-02-15 01:00:17 - [MESSAGE][PASSED] - Delayed 3 second(s)

2022-02-15 01:00:17 - [TEST_STEP][PASSED] - delay(1): Delayed 1 second(s)

2022-02-15 01:00:18 - [MESSAGE][PASSED] - Delayed 1 second(s)

2022-02-15 01:00:18 - [TEST_STEP][PASSED] - if (tab != "worldindices"): null

2022-02-15 01:00:18 - [MESSAGE][PASSED] - Call Test Case 'Test Cases/Mobile/Page/News/News' successfully

2022-02-15 01:00:18 - [TEST_STEP][PASSED] - callTestCase(findTestCase("Mobile/Page/Run App/Terminate App"), [:], STOP_ON_FAILURE): Call Test Case 'Test Cases/Mobile/Page/Run App/Terminate App' successfully

2022-02-15 01:00:18 - [TEST_CASE][PASSED] - Test Cases/Mobile/Page/Run App/Terminate App: Test Cases/Mobile/Page/Run App/Terminate App

2022-02-15 01:00:18 - [TEST_STEP][PASSED] - startApp.OpenApp.terminateApplication(): startApp.OpenApp.terminateApplication is PASSED

2022-02-15 01:00:22 - [MESSAGE][PASSED] - Delayed 3 second(s)

2022-02-15 01:00:22 - [MESSAGE][PASSED] - Current device physical width is 720

2022-02-15 01:00:22 - [MESSAGE][PASSED] - Current device physical height is 1423

2022-02-15 01:00:23 - [MESSAGE][PASSED] - Swiped from 360,853 to 360,142

2022-02-15 01:00:24 - [MESSAGE][PASSED] - Delayed 1 second(s)

2022-02-15 01:00:26 - [MESSAGE][PASSED] - Swiped from 360,853 to 360,142

2022-02-15 01:00:29 - [MESSAGE][PASSED] - Delayed 3 second(s)

2022-02-15 01:00:29 - [MESSAGE][PASSED] - startApp.OpenApp.terminateApplication is PASSED

2022-02-15 01:00:29 - [MESSAGE][PASSED] - Call Test Case 'Test Cases/Mobile/Page/Run App/Terminate App' successfully]]></system-out>
         <system-err><![CDATA[]]></system-err>
      </testcase>
      <testcase name="Test Cases/Mobile/Scenario/News/002 - News Stock" time="90.301" classname="Test Cases/Mobile/Scenario/News/002 - News Stock" status="PASSED">
         <system-out><![CDATA[2022-02-15 01:00:29 - [TEST_CASE][PASSED] - Test Cases/Mobile/Scenario/News/002 - News Stock: Test Cases/Mobile/Scenario/News/002 - News Stock

2022-02-15 01:00:29 - [TEST_STEP][PASSED] - callTestCase(findTestCase("Mobile/Page/Run App/Run App byID"), [:], STOP_ON_FAILURE): Call Test Case 'Test Cases/Mobile/Page/Run App/Run App byID' successfully

2022-02-15 01:00:29 - [TEST_CASE][PASSED] - Test Cases/Mobile/Page/Run App/Run App byID: Test Cases/Mobile/Page/Run App/Run App byID

2022-02-15 01:00:29 - [TEST_STEP][PASSED] - startApp.OpenApp.startApplication("id.co.miraeasset.sageclub"): startApp.OpenApp.startApplication is PASSED

2022-02-15 01:01:01 - [MESSAGE][PASSED] - Starting app with application ID: 'id.co.miraeasset.sageclub'

2022-02-15 01:01:01 - [MESSAGE][PASSED] - startApp.OpenApp.startApplication is PASSED

2022-02-15 01:01:01 - [MESSAGE][PASSED] - Call Test Case 'Test Cases/Mobile/Page/Run App/Run App byID' successfully

2022-02-15 01:01:01 - [TEST_STEP][PASSED] - callTestCase(findTestCase("Mobile/Page/News/News"), ["tab":"stocknews"], CONTINUE_ON_FAILURE): Call Test Case 'Test Cases/Mobile/Page/News/News' successfully

2022-02-15 01:01:01 - [TEST_CASE][PASSED] - Test Cases/Mobile/Page/News/News: Test Cases/Mobile/Page/News/News

2022-02-15 01:01:01 - [TEST_STEP][PASSED] - callTestCase(findTestCase("Mobile/Page/CheckLogin"), [:], CONTINUE_ON_FAILURE): Call Test Case 'Test Cases/Mobile/Page/CheckLogin' successfully

2022-02-15 01:01:01 - [TEST_CASE][PASSED] - Test Cases/Mobile/Page/CheckLogin: Test Cases/Mobile/Page/CheckLogin

2022-02-15 01:01:01 - [TEST_STEP][PASSED] - loginCheck = verifyElementExist(LOGN_BtnLogin, 5, CONTINUE_ON_FAILURE): Element 'Object Repository/Mobile/Page/Login/Button - Login' is exist

2022-02-15 01:01:03 - [MESSAGE][PASSED] - Element 'Object Repository/Mobile/Page/Login/Button - Login' is exist

2022-02-15 01:01:03 - [TEST_STEP][PASSED] - if (loginCheck): Call Test Case 'Test Cases/Mobile/Page/Login/Login' successfully

2022-02-15 01:01:03 - [TEST_STEP][PASSED] - callTestCase(findTestCase("Mobile/Page/Login/Login"), ["action":"username"], CONTINUE_ON_FAILURE): Call Test Case 'Test Cases/Mobile/Page/Login/Login' successfully

2022-02-15 01:01:03 - [TEST_CASE][PASSED] - Test Cases/Mobile/Page/Login/Login: Test Cases/Mobile/Page/Login/Login

2022-02-15 01:01:03 - [TEST_STEP][PASSED] - delay(2): Delayed 2 second(s)

2022-02-15 01:01:05 - [MESSAGE][PASSED] - Delayed 2 second(s)

2022-02-15 01:01:05 - [TEST_STEP][PASSED] - for ([i = 0, i < 1, (i++)]): null

2022-02-15 01:01:05 - [TEST_STEP][PASSED] - if (action == "username"): null

2022-02-15 01:01:05 - [TEST_STEP][PASSED] - tap(LOGN_EdtUserID, 0): Tapped on element 'Object Repository/Mobile/Page/Login/Input - UserID'

2022-02-15 01:01:05 - [MESSAGE][WARNING] - Timeout '0' is invalid. Using default page load timeout: '60'

2022-02-15 01:01:05 - [MESSAGE][PASSED] - Tapped on element 'Object Repository/Mobile/Page/Login/Input - UserID'

2022-02-15 01:01:05 - [TEST_STEP][PASSED] - delay(1): Delayed 1 second(s)

2022-02-15 01:01:06 - [MESSAGE][PASSED] - Delayed 1 second(s)

2022-02-15 01:01:06 - [TEST_STEP][PASSED] - setText(LOGN_EdtRdyUserID, "anggaaditya", 0): Text 'anggaaditya' has been set to element 'Object Repository/Mobile/Page/Login/Input Rdy - UserID'

2022-02-15 01:01:06 - [MESSAGE][WARNING] - Timeout '0' is invalid. Using default page load timeout: '60'

2022-02-15 01:01:08 - [MESSAGE][PASSED] - Text 'anggaaditya' has been set to element 'Object Repository/Mobile/Page/Login/Input Rdy - UserID'

2022-02-15 01:01:08 - [TEST_STEP][PASSED] - delay(1): Delayed 1 second(s)

2022-02-15 01:01:09 - [MESSAGE][PASSED] - Delayed 1 second(s)

2022-02-15 01:01:09 - [TEST_STEP][PASSED] - hideKeyboard(): Keyboard is hidden

2022-02-15 01:01:18 - [MESSAGE][PASSED] - Keyboard is hidden

2022-02-15 01:01:18 - [TEST_STEP][PASSED] - tap(LOGN_EdtPassword, 0): Tapped on element 'Object Repository/Mobile/Page/Login/Input - Password'

2022-02-15 01:01:18 - [MESSAGE][WARNING] - Timeout '0' is invalid. Using default page load timeout: '60'

2022-02-15 01:01:18 - [MESSAGE][PASSED] - Tapped on element 'Object Repository/Mobile/Page/Login/Input - Password'

2022-02-15 01:01:18 - [TEST_STEP][PASSED] - delay(1): Delayed 1 second(s)

2022-02-15 01:01:19 - [MESSAGE][PASSED] - Delayed 1 second(s)

2022-02-15 01:01:19 - [TEST_STEP][PASSED] - setText(LOGN_EdtRdyPassword, "Shalawa18", 0): Text 'Shalawa18' has been set to element 'Object Repository/Mobile/Page/Login/Input Rdy - Password'

2022-02-15 01:01:19 - [MESSAGE][WARNING] - Timeout '0' is invalid. Using default page load timeout: '60'

2022-02-15 01:01:20 - [MESSAGE][PASSED] - Text 'Shalawa18' has been set to element 'Object Repository/Mobile/Page/Login/Input Rdy - Password'

2022-02-15 01:01:20 - [TEST_STEP][PASSED] - delay(1): Delayed 1 second(s)

2022-02-15 01:01:21 - [MESSAGE][PASSED] - Delayed 1 second(s)

2022-02-15 01:01:21 - [TEST_STEP][PASSED] - hideKeyboard(): Keyboard is hidden

2022-02-15 01:01:32 - [MESSAGE][PASSED] - Keyboard is hidden

2022-02-15 01:01:32 - [TEST_STEP][PASSED] - tap(LOGN_BtnLogin, 0): Tapped on element 'Object Repository/Mobile/Page/Login/Button - Login'

2022-02-15 01:01:32 - [MESSAGE][WARNING] - Timeout '0' is invalid. Using default page load timeout: '60'

2022-02-15 01:01:32 - [MESSAGE][PASSED] - Tapped on element 'Object Repository/Mobile/Page/Login/Button - Login'

2022-02-15 01:01:32 - [TEST_STEP][PASSED] - delay(2): Delayed 2 second(s)

2022-02-15 01:01:34 - [MESSAGE][PASSED] - Delayed 2 second(s)

2022-02-15 01:01:34 - [TEST_STEP][PASSED] - break: null

2022-02-15 01:01:34 - [MESSAGE][PASSED] - Call Test Case 'Test Cases/Mobile/Page/Login/Login' successfully

2022-02-15 01:01:34 - [MESSAGE][PASSED] - Call Test Case 'Test Cases/Mobile/Page/CheckLogin' successfully

2022-02-15 01:01:34 - [TEST_STEP][PASSED] - tap(HOME_MenubarNews, 0): Tapped on element 'Object Repository/Mobile/Page/Home/Menubar - News'

2022-02-15 01:01:34 - [MESSAGE][WARNING] - Timeout '0' is invalid. Using default page load timeout: '60'

2022-02-15 01:01:37 - [MESSAGE][PASSED] - Tapped on element 'Object Repository/Mobile/Page/Home/Menubar - News'

2022-02-15 01:01:37 - [TEST_STEP][PASSED] - delay(1): Delayed 1 second(s)

2022-02-15 01:01:38 - [MESSAGE][PASSED] - Delayed 1 second(s)

2022-02-15 01:01:38 - [TEST_STEP][PASSED] - for ([i = 0, i < 1, (i++)]): Delayed 3 second(s)

2022-02-15 01:01:38 - [TEST_STEP][PASSED] - if (tab == "macronews"): null

2022-02-15 01:01:38 - [TEST_STEP][PASSED] - else if (tab == "stocknews"): Tapped on element 'Object Repository/Mobile/Page/News/Tab - Stock'

2022-02-15 01:01:38 - [TEST_STEP][PASSED] - tap(NEWS_TabStock, 0): Tapped on element 'Object Repository/Mobile/Page/News/Tab - Stock'

2022-02-15 01:01:38 - [MESSAGE][WARNING] - Timeout '0' is invalid. Using default page load timeout: '60'

2022-02-15 01:01:39 - [MESSAGE][PASSED] - Tapped on element 'Object Repository/Mobile/Page/News/Tab - Stock'

2022-02-15 01:01:39 - [TEST_STEP][PASSED] - delay(1): Delayed 1 second(s)

2022-02-15 01:01:40 - [MESSAGE][PASSED] - Delayed 1 second(s)

2022-02-15 01:01:40 - [TEST_STEP][PASSED] - if (tab != "worldindices"): Delayed 3 second(s)

2022-02-15 01:01:40 - [TEST_STEP][PASSED] - try: Delayed 3 second(s)

2022-02-15 01:01:40 - [TEST_STEP][PASSED] - tapAndHold(NEWS_ItemTopNews, 1, 10): Tapped and held on element 'Object Repository/Mobile/Page/News/Item - Top News' with duration 1

2022-02-15 01:01:43 - [MESSAGE][PASSED] - Tapped and held on element 'Object Repository/Mobile/Page/News/Item - Top News' with duration 1

2022-02-15 01:01:43 - [TEST_STEP][PASSED] - delay(1): Delayed 1 second(s)

2022-02-15 01:01:44 - [MESSAGE][PASSED] - Delayed 1 second(s)

2022-02-15 01:01:44 - [TEST_STEP][PASSED] - scroll.scroll.scrollScreenBottomToTop(): scroll.scroll.scrollScreenBottomToTop is PASSED

2022-02-15 01:01:44 - [MESSAGE][PASSED] - Current device physical height is 1423

2022-02-15 01:01:44 - [MESSAGE][PASSED] - Current device physical width is 720

2022-02-15 01:01:46 - [MESSAGE][PASSED] - Swiped from 360,1,138 to 360,284

2022-02-15 01:01:46 - [MESSAGE][PASSED] - scroll.scroll.scrollScreenBottomToTop is PASSED

2022-02-15 01:01:46 - [TEST_STEP][PASSED] - delay(3): Delayed 3 second(s)

2022-02-15 01:01:49 - [MESSAGE][PASSED] - Delayed 3 second(s)

2022-02-15 01:01:49 - [MESSAGE][PASSED] - Call Test Case 'Test Cases/Mobile/Page/News/News' successfully

2022-02-15 01:01:49 - [TEST_STEP][PASSED] - callTestCase(findTestCase("Mobile/Page/Run App/Terminate App"), [:], STOP_ON_FAILURE): Call Test Case 'Test Cases/Mobile/Page/Run App/Terminate App' successfully

2022-02-15 01:01:49 - [TEST_CASE][PASSED] - Test Cases/Mobile/Page/Run App/Terminate App: Test Cases/Mobile/Page/Run App/Terminate App

2022-02-15 01:01:49 - [TEST_STEP][PASSED] - startApp.OpenApp.terminateApplication(): startApp.OpenApp.terminateApplication is PASSED

2022-02-15 01:01:52 - [MESSAGE][PASSED] - Delayed 3 second(s)

2022-02-15 01:01:52 - [MESSAGE][PASSED] - Current device physical width is 720

2022-02-15 01:01:52 - [MESSAGE][PASSED] - Current device physical height is 1423

2022-02-15 01:01:54 - [MESSAGE][PASSED] - Swiped from 360,853 to 360,142

2022-02-15 01:01:55 - [MESSAGE][PASSED] - Delayed 1 second(s)

2022-02-15 01:01:56 - [MESSAGE][PASSED] - Swiped from 360,853 to 360,142

2022-02-15 01:01:59 - [MESSAGE][PASSED] - Delayed 3 second(s)

2022-02-15 01:01:59 - [MESSAGE][PASSED] - startApp.OpenApp.terminateApplication is PASSED

2022-02-15 01:01:59 - [MESSAGE][PASSED] - Call Test Case 'Test Cases/Mobile/Page/Run App/Terminate App' successfully]]></system-out>
         <system-err><![CDATA[]]></system-err>
      </testcase>
      <testcase name="Test Cases/Mobile/Scenario/News/003 - News Fund" time="70.748" classname="Test Cases/Mobile/Scenario/News/003 - News Fund" status="PASSED">
         <system-out><![CDATA[2022-02-15 01:01:59 - [TEST_CASE][PASSED] - Test Cases/Mobile/Scenario/News/003 - News Fund: Test Cases/Mobile/Scenario/News/003 - News Fund

2022-02-15 01:01:59 - [TEST_STEP][PASSED] - callTestCase(findTestCase("Mobile/Page/Run App/Run App byID"), [:], STOP_ON_FAILURE): Call Test Case 'Test Cases/Mobile/Page/Run App/Run App byID' successfully

2022-02-15 01:01:59 - [TEST_CASE][PASSED] - Test Cases/Mobile/Page/Run App/Run App byID: Test Cases/Mobile/Page/Run App/Run App byID

2022-02-15 01:01:59 - [TEST_STEP][PASSED] - startApp.OpenApp.startApplication("id.co.miraeasset.sageclub"): startApp.OpenApp.startApplication is PASSED

2022-02-15 01:02:15 - [MESSAGE][PASSED] - Starting app with application ID: 'id.co.miraeasset.sageclub'

2022-02-15 01:02:15 - [MESSAGE][PASSED] - startApp.OpenApp.startApplication is PASSED

2022-02-15 01:02:15 - [MESSAGE][PASSED] - Call Test Case 'Test Cases/Mobile/Page/Run App/Run App byID' successfully

2022-02-15 01:02:15 - [TEST_STEP][PASSED] - callTestCase(findTestCase("Mobile/Page/News/News"), ["tab":"fundnews"], CONTINUE_ON_FAILURE): Call Test Case 'Test Cases/Mobile/Page/News/News' successfully

2022-02-15 01:02:15 - [TEST_CASE][PASSED] - Test Cases/Mobile/Page/News/News: Test Cases/Mobile/Page/News/News

2022-02-15 01:02:15 - [TEST_STEP][PASSED] - callTestCase(findTestCase("Mobile/Page/CheckLogin"), [:], CONTINUE_ON_FAILURE): Call Test Case 'Test Cases/Mobile/Page/CheckLogin' successfully

2022-02-15 01:02:15 - [TEST_CASE][PASSED] - Test Cases/Mobile/Page/CheckLogin: Test Cases/Mobile/Page/CheckLogin

2022-02-15 01:02:15 - [TEST_STEP][PASSED] - loginCheck = verifyElementExist(LOGN_BtnLogin, 5, CONTINUE_ON_FAILURE): Element 'Object Repository/Mobile/Page/Login/Button - Login' is exist

2022-02-15 01:02:17 - [MESSAGE][PASSED] - Element 'Object Repository/Mobile/Page/Login/Button - Login' is exist

2022-02-15 01:02:17 - [TEST_STEP][PASSED] - if (loginCheck): Call Test Case 'Test Cases/Mobile/Page/Login/Login' successfully

2022-02-15 01:02:17 - [TEST_STEP][PASSED] - callTestCase(findTestCase("Mobile/Page/Login/Login"), ["action":"username"], CONTINUE_ON_FAILURE): Call Test Case 'Test Cases/Mobile/Page/Login/Login' successfully

2022-02-15 01:02:17 - [TEST_CASE][PASSED] - Test Cases/Mobile/Page/Login/Login: Test Cases/Mobile/Page/Login/Login

2022-02-15 01:02:17 - [TEST_STEP][PASSED] - delay(2): Delayed 2 second(s)

2022-02-15 01:02:19 - [MESSAGE][PASSED] - Delayed 2 second(s)

2022-02-15 01:02:19 - [TEST_STEP][PASSED] - for ([i = 0, i < 1, (i++)]): null

2022-02-15 01:02:19 - [TEST_STEP][PASSED] - if (action == "username"): null

2022-02-15 01:02:19 - [TEST_STEP][PASSED] - tap(LOGN_EdtUserID, 0): Tapped on element 'Object Repository/Mobile/Page/Login/Input - UserID'

2022-02-15 01:02:19 - [MESSAGE][WARNING] - Timeout '0' is invalid. Using default page load timeout: '60'

2022-02-15 01:02:19 - [MESSAGE][PASSED] - Tapped on element 'Object Repository/Mobile/Page/Login/Input - UserID'

2022-02-15 01:02:19 - [TEST_STEP][PASSED] - delay(1): Delayed 1 second(s)

2022-02-15 01:02:20 - [MESSAGE][PASSED] - Delayed 1 second(s)

2022-02-15 01:02:20 - [TEST_STEP][PASSED] - setText(LOGN_EdtRdyUserID, "anggaaditya", 0): Text 'anggaaditya' has been set to element 'Object Repository/Mobile/Page/Login/Input Rdy - UserID'

2022-02-15 01:02:20 - [MESSAGE][WARNING] - Timeout '0' is invalid. Using default page load timeout: '60'

2022-02-15 01:02:21 - [MESSAGE][PASSED] - Text 'anggaaditya' has been set to element 'Object Repository/Mobile/Page/Login/Input Rdy - UserID'

2022-02-15 01:02:21 - [TEST_STEP][PASSED] - delay(1): Delayed 1 second(s)

2022-02-15 01:02:23 - [MESSAGE][PASSED] - Delayed 1 second(s)

2022-02-15 01:02:23 - [TEST_STEP][PASSED] - hideKeyboard(): Keyboard is hidden

2022-02-15 01:02:29 - [MESSAGE][PASSED] - Keyboard is hidden

2022-02-15 01:02:29 - [TEST_STEP][PASSED] - tap(LOGN_EdtPassword, 0): Tapped on element 'Object Repository/Mobile/Page/Login/Input - Password'

2022-02-15 01:02:29 - [MESSAGE][WARNING] - Timeout '0' is invalid. Using default page load timeout: '60'

2022-02-15 01:02:29 - [MESSAGE][PASSED] - Tapped on element 'Object Repository/Mobile/Page/Login/Input - Password'

2022-02-15 01:02:29 - [TEST_STEP][PASSED] - delay(1): Delayed 1 second(s)

2022-02-15 01:02:30 - [MESSAGE][PASSED] - Delayed 1 second(s)

2022-02-15 01:02:30 - [TEST_STEP][PASSED] - setText(LOGN_EdtRdyPassword, "Shalawa18", 0): Text 'Shalawa18' has been set to element 'Object Repository/Mobile/Page/Login/Input Rdy - Password'

2022-02-15 01:02:30 - [MESSAGE][WARNING] - Timeout '0' is invalid. Using default page load timeout: '60'

2022-02-15 01:02:31 - [MESSAGE][PASSED] - Text 'Shalawa18' has been set to element 'Object Repository/Mobile/Page/Login/Input Rdy - Password'

2022-02-15 01:02:31 - [TEST_STEP][PASSED] - delay(1): Delayed 1 second(s)

2022-02-15 01:02:32 - [MESSAGE][PASSED] - Delayed 1 second(s)

2022-02-15 01:02:32 - [TEST_STEP][PASSED] - hideKeyboard(): Keyboard is hidden

2022-02-15 01:02:42 - [MESSAGE][PASSED] - Keyboard is hidden

2022-02-15 01:02:42 - [TEST_STEP][PASSED] - tap(LOGN_BtnLogin, 0): Tapped on element 'Object Repository/Mobile/Page/Login/Button - Login'

2022-02-15 01:02:42 - [MESSAGE][WARNING] - Timeout '0' is invalid. Using default page load timeout: '60'

2022-02-15 01:02:42 - [MESSAGE][PASSED] - Tapped on element 'Object Repository/Mobile/Page/Login/Button - Login'

2022-02-15 01:02:42 - [TEST_STEP][PASSED] - delay(2): Delayed 2 second(s)

2022-02-15 01:02:44 - [MESSAGE][PASSED] - Delayed 2 second(s)

2022-02-15 01:02:44 - [TEST_STEP][PASSED] - break: null

2022-02-15 01:02:44 - [MESSAGE][PASSED] - Call Test Case 'Test Cases/Mobile/Page/Login/Login' successfully

2022-02-15 01:02:44 - [MESSAGE][PASSED] - Call Test Case 'Test Cases/Mobile/Page/CheckLogin' successfully

2022-02-15 01:02:44 - [TEST_STEP][PASSED] - tap(HOME_MenubarNews, 0): Tapped on element 'Object Repository/Mobile/Page/Home/Menubar - News'

2022-02-15 01:02:44 - [MESSAGE][WARNING] - Timeout '0' is invalid. Using default page load timeout: '60'

2022-02-15 01:02:47 - [MESSAGE][PASSED] - Tapped on element 'Object Repository/Mobile/Page/Home/Menubar - News'

2022-02-15 01:02:47 - [TEST_STEP][PASSED] - delay(1): Delayed 1 second(s)

2022-02-15 01:02:48 - [MESSAGE][PASSED] - Delayed 1 second(s)

2022-02-15 01:02:48 - [TEST_STEP][PASSED] - for ([i = 0, i < 1, (i++)]): Delayed 3 second(s)

2022-02-15 01:02:48 - [TEST_STEP][PASSED] - if (tab == "macronews"): null

2022-02-15 01:02:48 - [TEST_STEP][PASSED] - else if (tab == "stocknews"): null

2022-02-15 01:02:48 - [TEST_STEP][PASSED] - else if (tab == "fundnews"): Tapped on element 'Object Repository/Mobile/Page/News/Tab - Fund'

2022-02-15 01:02:48 - [TEST_STEP][PASSED] - tap(NEWS_TabFund, 0): Tapped on element 'Object Repository/Mobile/Page/News/Tab - Fund'

2022-02-15 01:02:48 - [MESSAGE][WARNING] - Timeout '0' is invalid. Using default page load timeout: '60'

2022-02-15 01:02:50 - [MESSAGE][PASSED] - Tapped on element 'Object Repository/Mobile/Page/News/Tab - Fund'

2022-02-15 01:02:50 - [TEST_STEP][PASSED] - delay(1): Delayed 1 second(s)

2022-02-15 01:02:51 - [MESSAGE][PASSED] - Delayed 1 second(s)

2022-02-15 01:02:51 - [TEST_STEP][PASSED] - if (tab != "worldindices"): Delayed 3 second(s)

2022-02-15 01:02:51 - [TEST_STEP][PASSED] - try: Delayed 3 second(s)

2022-02-15 01:02:51 - [TEST_STEP][PASSED] - tapAndHold(NEWS_ItemTopNews, 1, 10): Tapped and held on element 'Object Repository/Mobile/Page/News/Item - Top News' with duration 1

2022-02-15 01:02:54 - [MESSAGE][PASSED] - Tapped and held on element 'Object Repository/Mobile/Page/News/Item - Top News' with duration 1

2022-02-15 01:02:54 - [TEST_STEP][PASSED] - delay(1): Delayed 1 second(s)

2022-02-15 01:02:55 - [MESSAGE][PASSED] - Delayed 1 second(s)

2022-02-15 01:02:55 - [TEST_STEP][PASSED] - scroll.scroll.scrollScreenBottomToTop(): scroll.scroll.scrollScreenBottomToTop is PASSED

2022-02-15 01:02:55 - [MESSAGE][PASSED] - Current device physical height is 1423

2022-02-15 01:02:55 - [MESSAGE][PASSED] - Current device physical width is 720

2022-02-15 01:02:56 - [MESSAGE][PASSED] - Swiped from 360,1,138 to 360,284

2022-02-15 01:02:56 - [MESSAGE][PASSED] - scroll.scroll.scrollScreenBottomToTop is PASSED

2022-02-15 01:02:56 - [TEST_STEP][PASSED] - delay(3): Delayed 3 second(s)

2022-02-15 01:02:59 - [MESSAGE][PASSED] - Delayed 3 second(s)

2022-02-15 01:02:59 - [MESSAGE][PASSED] - Call Test Case 'Test Cases/Mobile/Page/News/News' successfully

2022-02-15 01:02:59 - [TEST_STEP][PASSED] - callTestCase(findTestCase("Mobile/Page/Run App/Terminate App"), [:], STOP_ON_FAILURE): Call Test Case 'Test Cases/Mobile/Page/Run App/Terminate App' successfully

2022-02-15 01:02:59 - [TEST_CASE][PASSED] - Test Cases/Mobile/Page/Run App/Terminate App: Test Cases/Mobile/Page/Run App/Terminate App

2022-02-15 01:02:59 - [TEST_STEP][PASSED] - startApp.OpenApp.terminateApplication(): startApp.OpenApp.terminateApplication is PASSED

2022-02-15 01:03:03 - [MESSAGE][PASSED] - Delayed 3 second(s)

2022-02-15 01:03:03 - [MESSAGE][PASSED] - Current device physical width is 720

2022-02-15 01:03:03 - [MESSAGE][PASSED] - Current device physical height is 1423

2022-02-15 01:03:04 - [MESSAGE][PASSED] - Swiped from 360,853 to 360,142

2022-02-15 01:03:05 - [MESSAGE][PASSED] - Delayed 1 second(s)

2022-02-15 01:03:07 - [MESSAGE][PASSED] - Swiped from 360,853 to 360,142

2022-02-15 01:03:10 - [MESSAGE][PASSED] - Delayed 3 second(s)

2022-02-15 01:03:10 - [MESSAGE][PASSED] - startApp.OpenApp.terminateApplication is PASSED

2022-02-15 01:03:10 - [MESSAGE][PASSED] - Call Test Case 'Test Cases/Mobile/Page/Run App/Terminate App' successfully]]></system-out>
         <system-err><![CDATA[]]></system-err>
      </testcase>
      <testcase name="Test Cases/Mobile/Scenario/News/004 - Bond News" time="67.341" classname="Test Cases/Mobile/Scenario/News/004 - Bond News" status="PASSED">
         <system-out><![CDATA[2022-02-15 01:03:10 - [TEST_CASE][PASSED] - Test Cases/Mobile/Scenario/News/004 - Bond News: Test Cases/Mobile/Scenario/News/004 - Bond News

2022-02-15 01:03:10 - [TEST_STEP][PASSED] - callTestCase(findTestCase("Mobile/Page/Run App/Run App byID"), [:], STOP_ON_FAILURE): Call Test Case 'Test Cases/Mobile/Page/Run App/Run App byID' successfully

2022-02-15 01:03:10 - [TEST_CASE][PASSED] - Test Cases/Mobile/Page/Run App/Run App byID: Test Cases/Mobile/Page/Run App/Run App byID

2022-02-15 01:03:10 - [TEST_STEP][PASSED] - startApp.OpenApp.startApplication("id.co.miraeasset.sageclub"): startApp.OpenApp.startApplication is PASSED

2022-02-15 01:03:24 - [MESSAGE][PASSED] - Starting app with application ID: 'id.co.miraeasset.sageclub'

2022-02-15 01:03:24 - [MESSAGE][PASSED] - startApp.OpenApp.startApplication is PASSED

2022-02-15 01:03:24 - [MESSAGE][PASSED] - Call Test Case 'Test Cases/Mobile/Page/Run App/Run App byID' successfully

2022-02-15 01:03:24 - [TEST_STEP][PASSED] - callTestCase(findTestCase("Mobile/Page/News/News"), ["tab":"bondnews"], CONTINUE_ON_FAILURE): Call Test Case 'Test Cases/Mobile/Page/News/News' successfully

2022-02-15 01:03:24 - [TEST_CASE][PASSED] - Test Cases/Mobile/Page/News/News: Test Cases/Mobile/Page/News/News

2022-02-15 01:03:24 - [TEST_STEP][PASSED] - callTestCase(findTestCase("Mobile/Page/CheckLogin"), [:], CONTINUE_ON_FAILURE): Call Test Case 'Test Cases/Mobile/Page/CheckLogin' successfully

2022-02-15 01:03:24 - [TEST_CASE][PASSED] - Test Cases/Mobile/Page/CheckLogin: Test Cases/Mobile/Page/CheckLogin

2022-02-15 01:03:24 - [TEST_STEP][PASSED] - loginCheck = verifyElementExist(LOGN_BtnLogin, 5, CONTINUE_ON_FAILURE): Element 'Object Repository/Mobile/Page/Login/Button - Login' is exist

2022-02-15 01:03:26 - [MESSAGE][PASSED] - Element 'Object Repository/Mobile/Page/Login/Button - Login' is exist

2022-02-15 01:03:26 - [TEST_STEP][PASSED] - if (loginCheck): Call Test Case 'Test Cases/Mobile/Page/Login/Login' successfully

2022-02-15 01:03:26 - [TEST_STEP][PASSED] - callTestCase(findTestCase("Mobile/Page/Login/Login"), ["action":"username"], CONTINUE_ON_FAILURE): Call Test Case 'Test Cases/Mobile/Page/Login/Login' successfully

2022-02-15 01:03:26 - [TEST_CASE][PASSED] - Test Cases/Mobile/Page/Login/Login: Test Cases/Mobile/Page/Login/Login

2022-02-15 01:03:26 - [TEST_STEP][PASSED] - delay(2): Delayed 2 second(s)

2022-02-15 01:03:28 - [MESSAGE][PASSED] - Delayed 2 second(s)

2022-02-15 01:03:28 - [TEST_STEP][PASSED] - for ([i = 0, i < 1, (i++)]): null

2022-02-15 01:03:28 - [TEST_STEP][PASSED] - if (action == "username"): null

2022-02-15 01:03:28 - [TEST_STEP][PASSED] - tap(LOGN_EdtUserID, 0): Tapped on element 'Object Repository/Mobile/Page/Login/Input - UserID'

2022-02-15 01:03:28 - [MESSAGE][WARNING] - Timeout '0' is invalid. Using default page load timeout: '60'

2022-02-15 01:03:29 - [MESSAGE][PASSED] - Tapped on element 'Object Repository/Mobile/Page/Login/Input - UserID'

2022-02-15 01:03:29 - [TEST_STEP][PASSED] - delay(1): Delayed 1 second(s)

2022-02-15 01:03:30 - [MESSAGE][PASSED] - Delayed 1 second(s)

2022-02-15 01:03:30 - [TEST_STEP][PASSED] - setText(LOGN_EdtRdyUserID, "anggaaditya", 0): Text 'anggaaditya' has been set to element 'Object Repository/Mobile/Page/Login/Input Rdy - UserID'

2022-02-15 01:03:30 - [MESSAGE][WARNING] - Timeout '0' is invalid. Using default page load timeout: '60'

2022-02-15 01:03:31 - [MESSAGE][PASSED] - Text 'anggaaditya' has been set to element 'Object Repository/Mobile/Page/Login/Input Rdy - UserID'

2022-02-15 01:03:31 - [TEST_STEP][PASSED] - delay(1): Delayed 1 second(s)

2022-02-15 01:03:32 - [MESSAGE][PASSED] - Delayed 1 second(s)

2022-02-15 01:03:32 - [TEST_STEP][PASSED] - hideKeyboard(): Keyboard is hidden

2022-02-15 01:03:39 - [MESSAGE][PASSED] - Keyboard is hidden

2022-02-15 01:03:39 - [TEST_STEP][PASSED] - tap(LOGN_EdtPassword, 0): Tapped on element 'Object Repository/Mobile/Page/Login/Input - Password'

2022-02-15 01:03:39 - [MESSAGE][WARNING] - Timeout '0' is invalid. Using default page load timeout: '60'

2022-02-15 01:03:40 - [MESSAGE][PASSED] - Tapped on element 'Object Repository/Mobile/Page/Login/Input - Password'

2022-02-15 01:03:40 - [TEST_STEP][PASSED] - delay(1): Delayed 1 second(s)

2022-02-15 01:03:41 - [MESSAGE][PASSED] - Delayed 1 second(s)

2022-02-15 01:03:41 - [TEST_STEP][PASSED] - setText(LOGN_EdtRdyPassword, "Shalawa18", 0): Text 'Shalawa18' has been set to element 'Object Repository/Mobile/Page/Login/Input Rdy - Password'

2022-02-15 01:03:41 - [MESSAGE][WARNING] - Timeout '0' is invalid. Using default page load timeout: '60'

2022-02-15 01:03:42 - [MESSAGE][PASSED] - Text 'Shalawa18' has been set to element 'Object Repository/Mobile/Page/Login/Input Rdy - Password'

2022-02-15 01:03:42 - [TEST_STEP][PASSED] - delay(1): Delayed 1 second(s)

2022-02-15 01:03:43 - [MESSAGE][PASSED] - Delayed 1 second(s)

2022-02-15 01:03:43 - [TEST_STEP][PASSED] - hideKeyboard(): Keyboard is hidden

2022-02-15 01:03:50 - [MESSAGE][PASSED] - Keyboard is hidden

2022-02-15 01:03:50 - [TEST_STEP][PASSED] - tap(LOGN_BtnLogin, 0): Tapped on element 'Object Repository/Mobile/Page/Login/Button - Login'

2022-02-15 01:03:50 - [MESSAGE][WARNING] - Timeout '0' is invalid. Using default page load timeout: '60'

2022-02-15 01:03:51 - [MESSAGE][PASSED] - Tapped on element 'Object Repository/Mobile/Page/Login/Button - Login'

2022-02-15 01:03:51 - [TEST_STEP][PASSED] - delay(2): Delayed 2 second(s)

2022-02-15 01:03:53 - [MESSAGE][PASSED] - Delayed 2 second(s)

2022-02-15 01:03:53 - [TEST_STEP][PASSED] - break: null

2022-02-15 01:03:53 - [MESSAGE][PASSED] - Call Test Case 'Test Cases/Mobile/Page/Login/Login' successfully

2022-02-15 01:03:53 - [MESSAGE][PASSED] - Call Test Case 'Test Cases/Mobile/Page/CheckLogin' successfully

2022-02-15 01:03:53 - [TEST_STEP][PASSED] - tap(HOME_MenubarNews, 0): Tapped on element 'Object Repository/Mobile/Page/Home/Menubar - News'

2022-02-15 01:03:53 - [MESSAGE][WARNING] - Timeout '0' is invalid. Using default page load timeout: '60'

2022-02-15 01:03:54 - [MESSAGE][PASSED] - Tapped on element 'Object Repository/Mobile/Page/Home/Menubar - News'

2022-02-15 01:03:54 - [TEST_STEP][PASSED] - delay(1): Delayed 1 second(s)

2022-02-15 01:03:55 - [MESSAGE][PASSED] - Delayed 1 second(s)

2022-02-15 01:03:55 - [TEST_STEP][PASSED] - for ([i = 0, i < 1, (i++)]): Delayed 3 second(s)

2022-02-15 01:03:55 - [TEST_STEP][PASSED] - if (tab == "macronews"): null

2022-02-15 01:03:55 - [TEST_STEP][PASSED] - else if (tab == "stocknews"): null

2022-02-15 01:03:55 - [TEST_STEP][PASSED] - else if (tab == "fundnews"): null

2022-02-15 01:03:55 - [TEST_STEP][PASSED] - else if (tab == "bondnews"): Tapped on element 'Object Repository/Mobile/Page/News/Tab - Bond'

2022-02-15 01:03:55 - [TEST_STEP][PASSED] - tap(NEWS_TabBond, 0): Tapped on element 'Object Repository/Mobile/Page/News/Tab - Bond'

2022-02-15 01:03:55 - [MESSAGE][WARNING] - Timeout '0' is invalid. Using default page load timeout: '60'

2022-02-15 01:03:57 - [MESSAGE][PASSED] - Tapped on element 'Object Repository/Mobile/Page/News/Tab - Bond'

2022-02-15 01:03:57 - [TEST_STEP][PASSED] - delay(1): Delayed 1 second(s)

2022-02-15 01:03:58 - [MESSAGE][PASSED] - Delayed 1 second(s)

2022-02-15 01:03:58 - [TEST_STEP][PASSED] - if (tab != "worldindices"): Delayed 3 second(s)

2022-02-15 01:03:58 - [TEST_STEP][PASSED] - try: Delayed 3 second(s)

2022-02-15 01:03:58 - [TEST_STEP][PASSED] - tapAndHold(NEWS_ItemTopNews, 1, 10): Tapped and held on element 'Object Repository/Mobile/Page/News/Item - Top News' with duration 1

2022-02-15 01:04:01 - [MESSAGE][PASSED] - Tapped and held on element 'Object Repository/Mobile/Page/News/Item - Top News' with duration 1

2022-02-15 01:04:01 - [TEST_STEP][PASSED] - delay(1): Delayed 1 second(s)

2022-02-15 01:04:02 - [MESSAGE][PASSED] - Delayed 1 second(s)

2022-02-15 01:04:02 - [TEST_STEP][PASSED] - scroll.scroll.scrollScreenBottomToTop(): scroll.scroll.scrollScreenBottomToTop is PASSED

2022-02-15 01:04:02 - [MESSAGE][PASSED] - Current device physical height is 1423

2022-02-15 01:04:02 - [MESSAGE][PASSED] - Current device physical width is 720

2022-02-15 01:04:04 - [MESSAGE][PASSED] - Swiped from 360,1,138 to 360,284

2022-02-15 01:04:04 - [MESSAGE][PASSED] - scroll.scroll.scrollScreenBottomToTop is PASSED

2022-02-15 01:04:04 - [TEST_STEP][PASSED] - delay(3): Delayed 3 second(s)

2022-02-15 01:04:07 - [MESSAGE][PASSED] - Delayed 3 second(s)

2022-02-15 01:04:07 - [MESSAGE][PASSED] - Call Test Case 'Test Cases/Mobile/Page/News/News' successfully

2022-02-15 01:04:07 - [TEST_STEP][PASSED] - callTestCase(findTestCase("Mobile/Page/Run App/Terminate App"), [:], STOP_ON_FAILURE): Call Test Case 'Test Cases/Mobile/Page/Run App/Terminate App' successfully

2022-02-15 01:04:07 - [TEST_CASE][PASSED] - Test Cases/Mobile/Page/Run App/Terminate App: Test Cases/Mobile/Page/Run App/Terminate App

2022-02-15 01:04:07 - [TEST_STEP][PASSED] - startApp.OpenApp.terminateApplication(): startApp.OpenApp.terminateApplication is PASSED

2022-02-15 01:04:10 - [MESSAGE][PASSED] - Delayed 3 second(s)

2022-02-15 01:04:10 - [MESSAGE][PASSED] - Current device physical width is 720

2022-02-15 01:04:10 - [MESSAGE][PASSED] - Current device physical height is 1423

2022-02-15 01:04:12 - [MESSAGE][PASSED] - Swiped from 360,853 to 360,142

2022-02-15 01:04:13 - [MESSAGE][PASSED] - Delayed 1 second(s)

2022-02-15 01:04:14 - [MESSAGE][PASSED] - Swiped from 360,853 to 360,142

2022-02-15 01:04:17 - [MESSAGE][PASSED] - Delayed 3 second(s)

2022-02-15 01:04:17 - [MESSAGE][PASSED] - startApp.OpenApp.terminateApplication is PASSED

2022-02-15 01:04:17 - [MESSAGE][PASSED] - Call Test Case 'Test Cases/Mobile/Page/Run App/Terminate App' successfully]]></system-out>
         <system-err><![CDATA[]]></system-err>
      </testcase>
      <testcase name="Test Cases/Mobile/Scenario/News/005 - Macro News" time="72.139" classname="Test Cases/Mobile/Scenario/News/005 - Macro News" status="PASSED">
         <system-out><![CDATA[2022-02-15 01:04:17 - [TEST_CASE][PASSED] - Test Cases/Mobile/Scenario/News/005 - Macro News: Test Cases/Mobile/Scenario/News/005 - Macro News

2022-02-15 01:04:17 - [TEST_STEP][PASSED] - callTestCase(findTestCase("Mobile/Page/Run App/Run App byID"), [:], STOP_ON_FAILURE): Call Test Case 'Test Cases/Mobile/Page/Run App/Run App byID' successfully

2022-02-15 01:04:17 - [TEST_CASE][PASSED] - Test Cases/Mobile/Page/Run App/Run App byID: Test Cases/Mobile/Page/Run App/Run App byID

2022-02-15 01:04:17 - [TEST_STEP][PASSED] - startApp.OpenApp.startApplication("id.co.miraeasset.sageclub"): startApp.OpenApp.startApplication is PASSED

2022-02-15 01:04:31 - [MESSAGE][PASSED] - Starting app with application ID: 'id.co.miraeasset.sageclub'

2022-02-15 01:04:31 - [MESSAGE][PASSED] - startApp.OpenApp.startApplication is PASSED

2022-02-15 01:04:31 - [MESSAGE][PASSED] - Call Test Case 'Test Cases/Mobile/Page/Run App/Run App byID' successfully

2022-02-15 01:04:31 - [TEST_STEP][PASSED] - callTestCase(findTestCase("Mobile/Page/News/News"), ["tab":"macronews"], CONTINUE_ON_FAILURE): Call Test Case 'Test Cases/Mobile/Page/News/News' successfully

2022-02-15 01:04:31 - [TEST_CASE][PASSED] - Test Cases/Mobile/Page/News/News: Test Cases/Mobile/Page/News/News

2022-02-15 01:04:31 - [TEST_STEP][PASSED] - callTestCase(findTestCase("Mobile/Page/CheckLogin"), [:], CONTINUE_ON_FAILURE): Call Test Case 'Test Cases/Mobile/Page/CheckLogin' successfully

2022-02-15 01:04:31 - [TEST_CASE][PASSED] - Test Cases/Mobile/Page/CheckLogin: Test Cases/Mobile/Page/CheckLogin

2022-02-15 01:04:31 - [TEST_STEP][PASSED] - loginCheck = verifyElementExist(LOGN_BtnLogin, 5, CONTINUE_ON_FAILURE): Element 'Object Repository/Mobile/Page/Login/Button - Login' is exist

2022-02-15 01:04:34 - [MESSAGE][PASSED] - Element 'Object Repository/Mobile/Page/Login/Button - Login' is exist

2022-02-15 01:04:34 - [TEST_STEP][PASSED] - if (loginCheck): Call Test Case 'Test Cases/Mobile/Page/Login/Login' successfully

2022-02-15 01:04:34 - [TEST_STEP][PASSED] - callTestCase(findTestCase("Mobile/Page/Login/Login"), ["action":"username"], CONTINUE_ON_FAILURE): Call Test Case 'Test Cases/Mobile/Page/Login/Login' successfully

2022-02-15 01:04:34 - [TEST_CASE][PASSED] - Test Cases/Mobile/Page/Login/Login: Test Cases/Mobile/Page/Login/Login

2022-02-15 01:04:34 - [TEST_STEP][PASSED] - delay(2): Delayed 2 second(s)

2022-02-15 01:04:36 - [MESSAGE][PASSED] - Delayed 2 second(s)

2022-02-15 01:04:36 - [TEST_STEP][PASSED] - for ([i = 0, i < 1, (i++)]): null

2022-02-15 01:04:36 - [TEST_STEP][PASSED] - if (action == "username"): null

2022-02-15 01:04:36 - [TEST_STEP][PASSED] - tap(LOGN_EdtUserID, 0): Tapped on element 'Object Repository/Mobile/Page/Login/Input - UserID'

2022-02-15 01:04:36 - [MESSAGE][WARNING] - Timeout '0' is invalid. Using default page load timeout: '60'

2022-02-15 01:04:36 - [MESSAGE][PASSED] - Tapped on element 'Object Repository/Mobile/Page/Login/Input - UserID'

2022-02-15 01:04:36 - [TEST_STEP][PASSED] - delay(1): Delayed 1 second(s)

2022-02-15 01:04:37 - [MESSAGE][PASSED] - Delayed 1 second(s)

2022-02-15 01:04:37 - [TEST_STEP][PASSED] - setText(LOGN_EdtRdyUserID, "anggaaditya", 0): Text 'anggaaditya' has been set to element 'Object Repository/Mobile/Page/Login/Input Rdy - UserID'

2022-02-15 01:04:37 - [MESSAGE][WARNING] - Timeout '0' is invalid. Using default page load timeout: '60'

2022-02-15 01:04:38 - [MESSAGE][PASSED] - Text 'anggaaditya' has been set to element 'Object Repository/Mobile/Page/Login/Input Rdy - UserID'

2022-02-15 01:04:38 - [TEST_STEP][PASSED] - delay(1): Delayed 1 second(s)

2022-02-15 01:04:39 - [MESSAGE][PASSED] - Delayed 1 second(s)

2022-02-15 01:04:39 - [TEST_STEP][PASSED] - hideKeyboard(): Keyboard is hidden

2022-02-15 01:04:49 - [MESSAGE][PASSED] - Keyboard is hidden

2022-02-15 01:04:49 - [TEST_STEP][PASSED] - tap(LOGN_EdtPassword, 0): Tapped on element 'Object Repository/Mobile/Page/Login/Input - Password'

2022-02-15 01:04:49 - [MESSAGE][WARNING] - Timeout '0' is invalid. Using default page load timeout: '60'

2022-02-15 01:04:50 - [MESSAGE][PASSED] - Tapped on element 'Object Repository/Mobile/Page/Login/Input - Password'

2022-02-15 01:04:50 - [TEST_STEP][PASSED] - delay(1): Delayed 1 second(s)

2022-02-15 01:04:51 - [MESSAGE][PASSED] - Delayed 1 second(s)

2022-02-15 01:04:51 - [TEST_STEP][PASSED] - setText(LOGN_EdtRdyPassword, "Shalawa18", 0): Text 'Shalawa18' has been set to element 'Object Repository/Mobile/Page/Login/Input Rdy - Password'

2022-02-15 01:04:51 - [MESSAGE][WARNING] - Timeout '0' is invalid. Using default page load timeout: '60'

2022-02-15 01:04:52 - [MESSAGE][PASSED] - Text 'Shalawa18' has been set to element 'Object Repository/Mobile/Page/Login/Input Rdy - Password'

2022-02-15 01:04:52 - [TEST_STEP][PASSED] - delay(1): Delayed 1 second(s)

2022-02-15 01:04:53 - [MESSAGE][PASSED] - Delayed 1 second(s)

2022-02-15 01:04:53 - [TEST_STEP][PASSED] - hideKeyboard(): Keyboard is hidden

2022-02-15 01:05:02 - [MESSAGE][PASSED] - Keyboard is hidden

2022-02-15 01:05:02 - [TEST_STEP][PASSED] - tap(LOGN_BtnLogin, 0): Tapped on element 'Object Repository/Mobile/Page/Login/Button - Login'

2022-02-15 01:05:02 - [MESSAGE][WARNING] - Timeout '0' is invalid. Using default page load timeout: '60'

2022-02-15 01:05:03 - [MESSAGE][PASSED] - Tapped on element 'Object Repository/Mobile/Page/Login/Button - Login'

2022-02-15 01:05:03 - [TEST_STEP][PASSED] - delay(2): Delayed 2 second(s)

2022-02-15 01:05:05 - [MESSAGE][PASSED] - Delayed 2 second(s)

2022-02-15 01:05:05 - [TEST_STEP][PASSED] - break: null

2022-02-15 01:05:05 - [MESSAGE][PASSED] - Call Test Case 'Test Cases/Mobile/Page/Login/Login' successfully

2022-02-15 01:05:05 - [MESSAGE][PASSED] - Call Test Case 'Test Cases/Mobile/Page/CheckLogin' successfully

2022-02-15 01:05:05 - [TEST_STEP][PASSED] - tap(HOME_MenubarNews, 0): Tapped on element 'Object Repository/Mobile/Page/Home/Menubar - News'

2022-02-15 01:05:05 - [MESSAGE][WARNING] - Timeout '0' is invalid. Using default page load timeout: '60'

2022-02-15 01:05:07 - [MESSAGE][PASSED] - Tapped on element 'Object Repository/Mobile/Page/Home/Menubar - News'

2022-02-15 01:05:07 - [TEST_STEP][PASSED] - delay(1): Delayed 1 second(s)

2022-02-15 01:05:08 - [MESSAGE][PASSED] - Delayed 1 second(s)

2022-02-15 01:05:08 - [TEST_STEP][PASSED] - for ([i = 0, i < 1, (i++)]): Delayed 3 second(s)

2022-02-15 01:05:08 - [TEST_STEP][PASSED] - if (tab == "macronews"): Tapped on element 'Object Repository/Mobile/Page/News/Tab - Macro'

2022-02-15 01:05:08 - [TEST_STEP][PASSED] - tap(NEWS_TabMacro, 0): Tapped on element 'Object Repository/Mobile/Page/News/Tab - Macro'

2022-02-15 01:05:08 - [MESSAGE][WARNING] - Timeout '0' is invalid. Using default page load timeout: '60'

2022-02-15 01:05:10 - [MESSAGE][PASSED] - Tapped on element 'Object Repository/Mobile/Page/News/Tab - Macro'

2022-02-15 01:05:10 - [TEST_STEP][PASSED] - delay(1): Delayed 1 second(s)

2022-02-15 01:05:11 - [MESSAGE][PASSED] - Delayed 1 second(s)

2022-02-15 01:05:11 - [TEST_STEP][PASSED] - if (tab != "worldindices"): Delayed 3 second(s)

2022-02-15 01:05:11 - [TEST_STEP][PASSED] - try: Delayed 3 second(s)

2022-02-15 01:05:11 - [TEST_STEP][PASSED] - tapAndHold(NEWS_ItemTopNews, 1, 10): Tapped and held on element 'Object Repository/Mobile/Page/News/Item - Top News' with duration 1

2022-02-15 01:05:13 - [MESSAGE][PASSED] - Tapped and held on element 'Object Repository/Mobile/Page/News/Item - Top News' with duration 1

2022-02-15 01:05:13 - [TEST_STEP][PASSED] - delay(1): Delayed 1 second(s)

2022-02-15 01:05:14 - [MESSAGE][PASSED] - Delayed 1 second(s)

2022-02-15 01:05:14 - [TEST_STEP][PASSED] - scroll.scroll.scrollScreenBottomToTop(): scroll.scroll.scrollScreenBottomToTop is PASSED

2022-02-15 01:05:15 - [MESSAGE][PASSED] - Current device physical height is 1423

2022-02-15 01:05:15 - [MESSAGE][PASSED] - Current device physical width is 720

2022-02-15 01:05:16 - [MESSAGE][PASSED] - Swiped from 360,1,138 to 360,284

2022-02-15 01:05:16 - [MESSAGE][PASSED] - scroll.scroll.scrollScreenBottomToTop is PASSED

2022-02-15 01:05:16 - [TEST_STEP][PASSED] - delay(3): Delayed 3 second(s)

2022-02-15 01:05:19 - [MESSAGE][PASSED] - Delayed 3 second(s)

2022-02-15 01:05:19 - [MESSAGE][PASSED] - Call Test Case 'Test Cases/Mobile/Page/News/News' successfully

2022-02-15 01:05:19 - [TEST_STEP][PASSED] - callTestCase(findTestCase("Mobile/Page/Run App/Terminate App"), [:], STOP_ON_FAILURE): Call Test Case 'Test Cases/Mobile/Page/Run App/Terminate App' successfully

2022-02-15 01:05:19 - [TEST_CASE][PASSED] - Test Cases/Mobile/Page/Run App/Terminate App: Test Cases/Mobile/Page/Run App/Terminate App

2022-02-15 01:05:19 - [TEST_STEP][PASSED] - startApp.OpenApp.terminateApplication(): startApp.OpenApp.terminateApplication is PASSED

2022-02-15 01:05:22 - [MESSAGE][PASSED] - Delayed 3 second(s)

2022-02-15 01:05:22 - [MESSAGE][PASSED] - Current device physical width is 720

2022-02-15 01:05:23 - [MESSAGE][PASSED] - Current device physical height is 1423

2022-02-15 01:05:24 - [MESSAGE][PASSED] - Swiped from 360,853 to 360,142

2022-02-15 01:05:25 - [MESSAGE][PASSED] - Delayed 1 second(s)

2022-02-15 01:05:26 - [MESSAGE][PASSED] - Swiped from 360,853 to 360,142

2022-02-15 01:05:29 - [MESSAGE][PASSED] - Delayed 3 second(s)

2022-02-15 01:05:29 - [MESSAGE][PASSED] - startApp.OpenApp.terminateApplication is PASSED

2022-02-15 01:05:29 - [MESSAGE][PASSED] - Call Test Case 'Test Cases/Mobile/Page/Run App/Terminate App' successfully]]></system-out>
         <system-err><![CDATA[]]></system-err>
      </testcase>
      <system-out><![CDATA[2022-02-15 00:58:48 - [TEST_SUITE][PASSED] - news: Test Cases/Mobile/Scenario/News/005 - Macro News]]></system-out>
      <system-err><![CDATA[]]></system-err>
   </testsuite>
</testsuites>
