<?xml version="1.0" encoding="UTF-8"?>
<testsuites name="login" time="342.211" tests="5" failures="0" skips="0" errors="0">
   <testsuite name="login" tests="5" failures="0" errors="0" time="342.211" skips="0" timestamp="2022-02-17 15:38:49" hostname="Owner - aldy-tft" id="Test Suites/login">
      <properties>
         <property name="deviceName" value="samsung SM-A205F (Android 11)"/>
         <property name="devicePlatform" value=""/>
         <property name="logFolder" value="C:\\Users\\Owner\\Documents\\kerjaan\\KatalonProject\\qa_katalon_pwm\\qa_katalon_pwm\\Reports\\20220217_152917\\login\\20220217_152922"/>
         <property name="logFiles" value="C:\\Users\\Owner\\Documents\\kerjaan\\KatalonProject\\qa_katalon_pwm\\qa_katalon_pwm\\Reports\\20220217_152917\\login\\20220217_152922\\appium.log, C:\\Users\\Owner\\Documents\\kerjaan\\KatalonProject\\qa_katalon_pwm\\qa_katalon_pwm\\Reports\\20220217_152917\\login\\20220217_152922\\execution0.log"/>
         <property name="attachments" value=""/>
         <property name="hostName" value="Owner - aldy-tft"/>
         <property name="os" value="Windows 10 64bit"/>
         <property name="appiumServerStatus" value="{&quot;value&quot;:{&quot;build&quot;:{&quot;version&quot;:&quot;1.22.0&quot;}},&quot;sessionId&quot;:null,&quot;status&quot;:0}"/>
         <property name="katalonVersion" value="7.9.1.208"/>
         <property name="deviceOS" value="Android"/>
         <property name="appiumVersion" value="1.22.0"/>
         <property name="deviceModel" value="SM-A205F"/>
         <property name="hostAddress" value="192.168.100.33"/>
         <property name="deviceManufacturer" value="samsung"/>
         <property name="deviceId" value="RR8M40C9AXE"/>
         <property name="deviceName" value="samsung SM-A205F (Android 11)"/>
         <property name="deviceOSVersion" value="11"/>
      </properties>
      <testcase name="Test Cases/Mobile/Scenario/Login/001 - Login dengan username" time="105.627" classname="Test Cases/Mobile/Scenario/Login/001 - Login dengan username" status="PASSED">
         <system-out><![CDATA[2022-02-17 15:38:51 - [TEST_CASE][PASSED] - Test Cases/Mobile/Scenario/Login/001 - Login dengan username: Test Cases/Mobile/Scenario/Login/001 - Login dengan username

2022-02-17 15:38:53 - [TEST_STEP][PASSED] - callTestCase(findTestCase("Mobile/Page/Run App/Run App byID"), [:], STOP_ON_FAILURE): Call Test Case 'Test Cases/Mobile/Page/Run App/Run App byID' successfully

2022-02-17 15:38:53 - [TEST_CASE][PASSED] - Test Cases/Mobile/Page/Run App/Run App byID: Test Cases/Mobile/Page/Run App/Run App byID

2022-02-17 15:38:55 - [TEST_STEP][PASSED] - startApp.OpenApp.startApplication("id.co.miraeasset.sageclub"): startApp.OpenApp.startApplication is PASSED

2022-02-17 15:39:00 - [MESSAGE][INFO] - Appium server started on port 50,403

2022-02-17 15:39:22 - [MESSAGE][PASSED] - Starting app with application ID: 'id.co.miraeasset.sageclub'

2022-02-17 15:39:22 - [MESSAGE][PASSED] - startApp.OpenApp.startApplication is PASSED

2022-02-17 15:39:22 - [MESSAGE][PASSED] - Call Test Case 'Test Cases/Mobile/Page/Run App/Run App byID' successfully

2022-02-17 15:39:22 - [TEST_STEP][PASSED] - callTestCase(findTestCase("Mobile/Page/Login/Login"), ["action":"username"], CONTINUE_ON_FAILURE): Call Test Case 'Test Cases/Mobile/Page/Login/Login' successfully

2022-02-17 15:39:22 - [TEST_CASE][PASSED] - Test Cases/Mobile/Page/Login/Login: Test Cases/Mobile/Page/Login/Login

2022-02-17 15:39:24 - [TEST_STEP][PASSED] - delay(2): Delayed 2 second(s)

2022-02-17 15:39:26 - [MESSAGE][PASSED] - Delayed 2 second(s)

2022-02-17 15:39:26 - [TEST_STEP][PASSED] - for ([i = 0, i < 1, (i++)]): null

2022-02-17 15:39:26 - [TEST_STEP][PASSED] - if (action == "username"): null

2022-02-17 15:39:26 - [TEST_STEP][PASSED] - tap(LOGN_EdtUserID, 0): Tapped on element 'Object Repository/Mobile/Page/Login/Input - UserID'

2022-02-17 15:39:26 - [MESSAGE][WARNING] - Test object with id 'Object Repository/Mobile/Page/Analysis/Button - Open With Just Once' does not exist

2022-02-17 15:39:26 - [MESSAGE][WARNING] - Test object with id 'Object Repository/Mobile/Page/Analysis/Button - Search' does not exist

2022-02-17 15:39:31 - [MESSAGE][WARNING] - Test object with id 'Object Repository/Mobile/Page/Home/Button -  Add Watchlist' does not exist

2022-02-17 15:39:31 - [MESSAGE][WARNING] - Test object with id 'Object Repository/Mobile/Page/Home/Button - Open with Just Once' does not exist

2022-02-17 15:39:31 - [MESSAGE][WARNING] - Test object with id 'Object Repository/Mobile/Page/Home/Container - Notification' does not exist

2022-02-17 15:39:33 - [MESSAGE][WARNING] - Test object with id 'Object Repository/Mobile/Page/Home/Watchlist/Input - Search' does not exist

2022-02-17 15:39:33 - [MESSAGE][WARNING] - Test object with id 'Object Repository/Mobile/Page/Home/Watchlist/Item - Top Search' does not exist

2022-02-17 15:39:34 - [MESSAGE][WARNING] - Test object with id 'Object Repository/Mobile/Page/Home/Watchlist/Detail Watchlist/Input - Expiry Date' does not exist

2022-02-17 15:39:35 - [MESSAGE][WARNING] - Test object with id 'Object Repository/Mobile/Page/Home/Watchlist/Detail Watchlist/Item - Watchlist' does not exist

2022-02-17 15:39:37 - [MESSAGE][WARNING] - Test object with id 'Object Repository/Mobile/Page/NavigationMenu/Button - Open Just Once' does not exist

2022-02-17 15:39:37 - [MESSAGE][WARNING] - Test object with id 'Object Repository/Mobile/Page/NavigationMenu/Container - Logout' does not exist

2022-02-17 15:39:45 - [MESSAGE][WARNING] - Test object with id 'Object Repository/Mobile/Page/Analysis/Button - Open With Just Once' does not exist

2022-02-17 15:39:45 - [MESSAGE][WARNING] - Test object with id 'Object Repository/Mobile/Page/Analysis/Button - Search' does not exist

2022-02-17 15:39:47 - [MESSAGE][WARNING] - Test object with id 'Object Repository/Mobile/Page/Home/Button -  Add Watchlist' does not exist

2022-02-17 15:39:47 - [MESSAGE][WARNING] - Test object with id 'Object Repository/Mobile/Page/Home/Button - Open with Just Once' does not exist

2022-02-17 15:39:47 - [MESSAGE][WARNING] - Test object with id 'Object Repository/Mobile/Page/Home/Container - Notification' does not exist

2022-02-17 15:39:48 - [MESSAGE][WARNING] - Test object with id 'Object Repository/Mobile/Page/Home/Watchlist/Input - Search' does not exist

2022-02-17 15:39:48 - [MESSAGE][WARNING] - Test object with id 'Object Repository/Mobile/Page/Home/Watchlist/Item - Top Search' does not exist

2022-02-17 15:39:49 - [MESSAGE][WARNING] - Test object with id 'Object Repository/Mobile/Page/Home/Watchlist/Detail Watchlist/Input - Expiry Date' does not exist

2022-02-17 15:39:49 - [MESSAGE][WARNING] - Test object with id 'Object Repository/Mobile/Page/Home/Watchlist/Detail Watchlist/Item - Watchlist' does not exist

2022-02-17 15:39:52 - [MESSAGE][WARNING] - Test object with id 'Object Repository/Mobile/Page/NavigationMenu/Button - Open Just Once' does not exist

2022-02-17 15:39:52 - [MESSAGE][WARNING] - Test object with id 'Object Repository/Mobile/Page/NavigationMenu/Container - Logout' does not exist

2022-02-17 15:40:03 - [MESSAGE][WARNING] - Timeout '0' is invalid. Using default page load timeout: '60'

2022-02-17 15:40:04 - [MESSAGE][PASSED] - Tapped on element 'Object Repository/Mobile/Page/Login/Input - UserID'

2022-02-17 15:40:04 - [TEST_STEP][PASSED] - delay(1): Delayed 1 second(s)

2022-02-17 15:40:05 - [MESSAGE][PASSED] - Delayed 1 second(s)

2022-02-17 15:40:05 - [TEST_STEP][PASSED] - setText(LOGN_EdtRdyUserID, "anggaaditya", 0): Text 'anggaaditya' has been set to element 'Object Repository/Mobile/Page/Login/Input Rdy - UserID'

2022-02-17 15:40:05 - [MESSAGE][WARNING] - Timeout '0' is invalid. Using default page load timeout: '60'

2022-02-17 15:40:05 - [MESSAGE][PASSED] - Text 'anggaaditya' has been set to element 'Object Repository/Mobile/Page/Login/Input Rdy - UserID'

2022-02-17 15:40:05 - [TEST_STEP][PASSED] - delay(1): Delayed 1 second(s)

2022-02-17 15:40:06 - [MESSAGE][PASSED] - Delayed 1 second(s)

2022-02-17 15:40:06 - [TEST_STEP][PASSED] - hideKeyboard(): Keyboard is hidden

2022-02-17 15:40:11 - [MESSAGE][PASSED] - Keyboard is hidden

2022-02-17 15:40:11 - [TEST_STEP][PASSED] - tap(LOGN_EdtPassword, 0): Tapped on element 'Object Repository/Mobile/Page/Login/Input - Password'

2022-02-17 15:40:11 - [MESSAGE][WARNING] - Timeout '0' is invalid. Using default page load timeout: '60'

2022-02-17 15:40:12 - [MESSAGE][PASSED] - Tapped on element 'Object Repository/Mobile/Page/Login/Input - Password'

2022-02-17 15:40:12 - [TEST_STEP][PASSED] - delay(1): Delayed 1 second(s)

2022-02-17 15:40:13 - [MESSAGE][PASSED] - Delayed 1 second(s)

2022-02-17 15:40:13 - [TEST_STEP][PASSED] - setText(LOGN_EdtRdyPassword, "Shalawa18", 0): Text 'Shalawa18' has been set to element 'Object Repository/Mobile/Page/Login/Input Rdy - Password'

2022-02-17 15:40:13 - [MESSAGE][WARNING] - Timeout '0' is invalid. Using default page load timeout: '60'

2022-02-17 15:40:13 - [MESSAGE][PASSED] - Text 'Shalawa18' has been set to element 'Object Repository/Mobile/Page/Login/Input Rdy - Password'

2022-02-17 15:40:13 - [TEST_STEP][PASSED] - delay(1): Delayed 1 second(s)

2022-02-17 15:40:14 - [MESSAGE][PASSED] - Delayed 1 second(s)

2022-02-17 15:40:14 - [TEST_STEP][PASSED] - hideKeyboard(): Keyboard is hidden

2022-02-17 15:40:22 - [MESSAGE][PASSED] - Keyboard is hidden

2022-02-17 15:40:22 - [TEST_STEP][PASSED] - tap(LOGN_BtnLogin, 0): Tapped on element 'Object Repository/Mobile/Page/Login/Button - Login'

2022-02-17 15:40:22 - [MESSAGE][WARNING] - Timeout '0' is invalid. Using default page load timeout: '60'

2022-02-17 15:40:23 - [MESSAGE][PASSED] - Tapped on element 'Object Repository/Mobile/Page/Login/Button - Login'

2022-02-17 15:40:23 - [TEST_STEP][PASSED] - delay(2): Delayed 2 second(s)

2022-02-17 15:40:25 - [MESSAGE][PASSED] - Delayed 2 second(s)

2022-02-17 15:40:25 - [TEST_STEP][PASSED] - break: null

2022-02-17 15:40:25 - [MESSAGE][PASSED] - Call Test Case 'Test Cases/Mobile/Page/Login/Login' successfully

2022-02-17 15:40:25 - [TEST_STEP][PASSED] - callTestCase(findTestCase("Mobile/Page/Run App/Terminate App"), [:], STOP_ON_FAILURE): Call Test Case 'Test Cases/Mobile/Page/Run App/Terminate App' successfully

2022-02-17 15:40:25 - [TEST_CASE][PASSED] - Test Cases/Mobile/Page/Run App/Terminate App: Test Cases/Mobile/Page/Run App/Terminate App

2022-02-17 15:40:26 - [TEST_STEP][PASSED] - startApp.OpenApp.terminateApplication(): startApp.OpenApp.terminateApplication is PASSED

2022-02-17 15:40:29 - [MESSAGE][PASSED] - Delayed 3 second(s)

2022-02-17 15:40:30 - [MESSAGE][PASSED] - Current device physical width is 720

2022-02-17 15:40:30 - [MESSAGE][PASSED] - Current device physical height is 1423

2022-02-17 15:40:32 - [MESSAGE][PASSED] - Swiped from 360,853 to 360,142

2022-02-17 15:40:33 - [MESSAGE][PASSED] - Delayed 1 second(s)

2022-02-17 15:40:34 - [MESSAGE][PASSED] - Swiped from 360,853 to 360,142

2022-02-17 15:40:37 - [MESSAGE][PASSED] - Delayed 3 second(s)

2022-02-17 15:40:37 - [MESSAGE][PASSED] - startApp.OpenApp.terminateApplication is PASSED

2022-02-17 15:40:37 - [MESSAGE][PASSED] - Call Test Case 'Test Cases/Mobile/Page/Run App/Terminate App' successfully]]></system-out>
         <system-err><![CDATA[]]></system-err>
      </testcase>
      <testcase name="Test Cases/Mobile/Scenario/Login/002 - Login dengan password salah" time="50.116" classname="Test Cases/Mobile/Scenario/Login/002 - Login dengan password salah" status="PASSED">
         <system-out><![CDATA[2022-02-17 15:40:37 - [TEST_CASE][PASSED] - Test Cases/Mobile/Scenario/Login/002 - Login dengan password salah: Test Cases/Mobile/Scenario/Login/002 - Login dengan password salah

2022-02-17 15:40:38 - [TEST_STEP][PASSED] - callTestCase(findTestCase("Mobile/Page/Run App/Run App byID"), [:], STOP_ON_FAILURE): Call Test Case 'Test Cases/Mobile/Page/Run App/Run App byID' successfully

2022-02-17 15:40:38 - [TEST_CASE][PASSED] - Test Cases/Mobile/Page/Run App/Run App byID: Test Cases/Mobile/Page/Run App/Run App byID

2022-02-17 15:40:38 - [TEST_STEP][PASSED] - startApp.OpenApp.startApplication("id.co.miraeasset.sageclub"): startApp.OpenApp.startApplication is PASSED

2022-02-17 15:40:54 - [MESSAGE][PASSED] - Starting app with application ID: 'id.co.miraeasset.sageclub'

2022-02-17 15:40:54 - [MESSAGE][PASSED] - startApp.OpenApp.startApplication is PASSED

2022-02-17 15:40:54 - [MESSAGE][PASSED] - Call Test Case 'Test Cases/Mobile/Page/Run App/Run App byID' successfully

2022-02-17 15:40:54 - [TEST_STEP][PASSED] - callTestCase(findTestCase("Mobile/Page/Login/Login"), ["action":"wrongpassword"], CONTINUE_ON_FAILURE): Call Test Case 'Test Cases/Mobile/Page/Login/Login' successfully

2022-02-17 15:40:54 - [TEST_CASE][PASSED] - Test Cases/Mobile/Page/Login/Login: Test Cases/Mobile/Page/Login/Login

2022-02-17 15:40:54 - [TEST_STEP][PASSED] - delay(2): Delayed 2 second(s)

2022-02-17 15:40:56 - [MESSAGE][PASSED] - Delayed 2 second(s)

2022-02-17 15:40:56 - [TEST_STEP][PASSED] - for ([i = 0, i < 1, (i++)]): null

2022-02-17 15:40:56 - [TEST_STEP][PASSED] - if (action == "username"): null

2022-02-17 15:40:56 - [TEST_STEP][PASSED] - else if (action == "wrongpassword"): null

2022-02-17 15:40:56 - [TEST_STEP][PASSED] - tap(LOGN_EdtUserID, 0): Tapped on element 'Object Repository/Mobile/Page/Login/Input - UserID'

2022-02-17 15:40:56 - [MESSAGE][WARNING] - Timeout '0' is invalid. Using default page load timeout: '60'

2022-02-17 15:40:56 - [MESSAGE][PASSED] - Tapped on element 'Object Repository/Mobile/Page/Login/Input - UserID'

2022-02-17 15:40:56 - [TEST_STEP][PASSED] - delay(1): Delayed 1 second(s)

2022-02-17 15:40:57 - [MESSAGE][PASSED] - Delayed 1 second(s)

2022-02-17 15:40:57 - [TEST_STEP][PASSED] - setText(LOGN_EdtRdyUserID, "anggaaditya", 0): Text 'anggaaditya' has been set to element 'Object Repository/Mobile/Page/Login/Input Rdy - UserID'

2022-02-17 15:40:57 - [MESSAGE][WARNING] - Timeout '0' is invalid. Using default page load timeout: '60'

2022-02-17 15:40:58 - [MESSAGE][PASSED] - Text 'anggaaditya' has been set to element 'Object Repository/Mobile/Page/Login/Input Rdy - UserID'

2022-02-17 15:40:58 - [TEST_STEP][PASSED] - delay(1): Delayed 1 second(s)

2022-02-17 15:40:59 - [MESSAGE][PASSED] - Delayed 1 second(s)

2022-02-17 15:40:59 - [TEST_STEP][PASSED] - hideKeyboard(): Keyboard is hidden

2022-02-17 15:41:03 - [MESSAGE][PASSED] - Keyboard is hidden

2022-02-17 15:41:03 - [TEST_STEP][PASSED] - tap(LOGN_EdtPassword, 0): Tapped on element 'Object Repository/Mobile/Page/Login/Input - Password'

2022-02-17 15:41:03 - [MESSAGE][WARNING] - Timeout '0' is invalid. Using default page load timeout: '60'

2022-02-17 15:41:04 - [MESSAGE][PASSED] - Tapped on element 'Object Repository/Mobile/Page/Login/Input - Password'

2022-02-17 15:41:04 - [TEST_STEP][PASSED] - delay(1): Delayed 1 second(s)

2022-02-17 15:41:05 - [MESSAGE][PASSED] - Delayed 1 second(s)

2022-02-17 15:41:05 - [TEST_STEP][PASSED] - setText(LOGN_EdtRdyPassword, "Shalawa181", 0): Text 'Shalawa181' has been set to element 'Object Repository/Mobile/Page/Login/Input Rdy - Password'

2022-02-17 15:41:05 - [MESSAGE][WARNING] - Timeout '0' is invalid. Using default page load timeout: '60'

2022-02-17 15:41:05 - [MESSAGE][PASSED] - Text 'Shalawa181' has been set to element 'Object Repository/Mobile/Page/Login/Input Rdy - Password'

2022-02-17 15:41:05 - [TEST_STEP][PASSED] - delay(1): Delayed 1 second(s)

2022-02-17 15:41:06 - [MESSAGE][PASSED] - Delayed 1 second(s)

2022-02-17 15:41:06 - [TEST_STEP][PASSED] - hideKeyboard(): Keyboard is hidden

2022-02-17 15:41:13 - [MESSAGE][PASSED] - Keyboard is hidden

2022-02-17 15:41:13 - [TEST_STEP][PASSED] - tap(LOGN_BtnLogin, 0): Tapped on element 'Object Repository/Mobile/Page/Login/Button - Login'

2022-02-17 15:41:13 - [MESSAGE][WARNING] - Timeout '0' is invalid. Using default page load timeout: '60'

2022-02-17 15:41:14 - [MESSAGE][PASSED] - Tapped on element 'Object Repository/Mobile/Page/Login/Button - Login'

2022-02-17 15:41:14 - [TEST_STEP][PASSED] - delay(2): Delayed 2 second(s)

2022-02-17 15:41:16 - [MESSAGE][PASSED] - Delayed 2 second(s)

2022-02-17 15:41:16 - [TEST_STEP][PASSED] - verify = verifyElementExist(LOGN_AlertInvalidCredentials, 5, STOP_ON_FAILURE): Element 'Object Repository/Mobile/Page/Login/Alert - Invalid credentials' is exist

2022-02-17 15:41:16 - [MESSAGE][PASSED] - Element 'Object Repository/Mobile/Page/Login/Alert - Invalid credentials' is exist

2022-02-17 15:41:16 - [TEST_STEP][PASSED] - break: null

2022-02-17 15:41:16 - [MESSAGE][PASSED] - Call Test Case 'Test Cases/Mobile/Page/Login/Login' successfully

2022-02-17 15:41:16 - [TEST_STEP][PASSED] - callTestCase(findTestCase("Mobile/Page/Run App/Terminate App"), [:], STOP_ON_FAILURE): Call Test Case 'Test Cases/Mobile/Page/Run App/Terminate App' successfully

2022-02-17 15:41:16 - [TEST_CASE][PASSED] - Test Cases/Mobile/Page/Run App/Terminate App: Test Cases/Mobile/Page/Run App/Terminate App

2022-02-17 15:41:16 - [TEST_STEP][PASSED] - startApp.OpenApp.terminateApplication(): startApp.OpenApp.terminateApplication is PASSED

2022-02-17 15:41:19 - [MESSAGE][PASSED] - Delayed 3 second(s)

2022-02-17 15:41:20 - [MESSAGE][PASSED] - Current device physical width is 720

2022-02-17 15:41:20 - [MESSAGE][PASSED] - Current device physical height is 1423

2022-02-17 15:41:22 - [MESSAGE][PASSED] - Swiped from 360,853 to 360,142

2022-02-17 15:41:23 - [MESSAGE][PASSED] - Delayed 1 second(s)

2022-02-17 15:41:24 - [MESSAGE][PASSED] - Swiped from 360,853 to 360,142

2022-02-17 15:41:27 - [MESSAGE][PASSED] - Delayed 3 second(s)

2022-02-17 15:41:27 - [MESSAGE][PASSED] - startApp.OpenApp.terminateApplication is PASSED

2022-02-17 15:41:27 - [MESSAGE][PASSED] - Call Test Case 'Test Cases/Mobile/Page/Run App/Terminate App' successfully]]></system-out>
         <system-err><![CDATA[]]></system-err>
      </testcase>
      <testcase name="Test Cases/Mobile/Scenario/Login/003 - Login tanpa internet" time="63.828" classname="Test Cases/Mobile/Scenario/Login/003 - Login tanpa internet" status="PASSED">
         <system-out><![CDATA[2022-02-17 15:41:27 - [TEST_CASE][PASSED] - Test Cases/Mobile/Scenario/Login/003 - Login tanpa internet: Test Cases/Mobile/Scenario/Login/003 - Login tanpa internet

2022-02-17 15:41:28 - [TEST_STEP][PASSED] - callTestCase(findTestCase("Mobile/Page/Run App/Run App byID"), [:], STOP_ON_FAILURE): Call Test Case 'Test Cases/Mobile/Page/Run App/Run App byID' successfully

2022-02-17 15:41:28 - [TEST_CASE][PASSED] - Test Cases/Mobile/Page/Run App/Run App byID: Test Cases/Mobile/Page/Run App/Run App byID

2022-02-17 15:41:28 - [TEST_STEP][PASSED] - startApp.OpenApp.startApplication("id.co.miraeasset.sageclub"): startApp.OpenApp.startApplication is PASSED

2022-02-17 15:41:44 - [MESSAGE][PASSED] - Starting app with application ID: 'id.co.miraeasset.sageclub'

2022-02-17 15:41:44 - [MESSAGE][PASSED] - startApp.OpenApp.startApplication is PASSED

2022-02-17 15:41:44 - [MESSAGE][PASSED] - Call Test Case 'Test Cases/Mobile/Page/Run App/Run App byID' successfully

2022-02-17 15:41:44 - [TEST_STEP][PASSED] - callTestCase(findTestCase("Mobile/Page/Login/Login"), ["action":"nointernet"], CONTINUE_ON_FAILURE): Call Test Case 'Test Cases/Mobile/Page/Login/Login' successfully

2022-02-17 15:41:44 - [TEST_CASE][PASSED] - Test Cases/Mobile/Page/Login/Login: Test Cases/Mobile/Page/Login/Login

2022-02-17 15:41:44 - [TEST_STEP][PASSED] - delay(2): Delayed 2 second(s)

2022-02-17 15:41:46 - [MESSAGE][PASSED] - Delayed 2 second(s)

2022-02-17 15:41:46 - [TEST_STEP][PASSED] - for ([i = 0, i < 1, (i++)]): null

2022-02-17 15:41:46 - [TEST_STEP][PASSED] - if (action == "username"): null

2022-02-17 15:41:46 - [TEST_STEP][PASSED] - else if (action == "wrongpassword"): null

2022-02-17 15:41:46 - [TEST_STEP][PASSED] - else if (action == "nointernet"): null

2022-02-17 15:41:46 - [TEST_STEP][PASSED] - scroll.scroll.scrollNotificationBar(): scroll.scroll.scrollNotificationBar is PASSED

2022-02-17 15:41:47 - [MESSAGE][PASSED] - Current device physical height is 1423

2022-02-17 15:41:49 - [MESSAGE][PASSED] - Swiped from 50,50 to 50,1,138

2022-02-17 15:41:49 - [MESSAGE][PASSED] - scroll.scroll.scrollNotificationBar is PASSED

2022-02-17 15:41:49 - [TEST_STEP][PASSED] - delay(1): Delayed 1 second(s)

2022-02-17 15:41:50 - [MESSAGE][PASSED] - Delayed 1 second(s)

2022-02-17 15:41:50 - [TEST_STEP][PASSED] - tap(OTHR_BtnWifi, 0): Tapped on element 'Object Repository/Mobile/Page/Others/Button - Wifi'

2022-02-17 15:41:50 - [MESSAGE][WARNING] - Timeout '0' is invalid. Using default page load timeout: '60'

2022-02-17 15:41:51 - [MESSAGE][PASSED] - Tapped on element 'Object Repository/Mobile/Page/Others/Button - Wifi'

2022-02-17 15:41:51 - [TEST_STEP][PASSED] - delay(1): Delayed 1 second(s)

2022-02-17 15:41:52 - [MESSAGE][PASSED] - Delayed 1 second(s)

2022-02-17 15:41:52 - [TEST_STEP][PASSED] - pressBack(): Press back button successfully

2022-02-17 15:41:52 - [MESSAGE][PASSED] - Press back button successfully

2022-02-17 15:41:52 - [TEST_STEP][PASSED] - tap(LOGN_EdtUserID, 0): Tapped on element 'Object Repository/Mobile/Page/Login/Input - UserID'

2022-02-17 15:41:52 - [MESSAGE][WARNING] - Timeout '0' is invalid. Using default page load timeout: '60'

2022-02-17 15:41:54 - [MESSAGE][PASSED] - Tapped on element 'Object Repository/Mobile/Page/Login/Input - UserID'

2022-02-17 15:41:54 - [TEST_STEP][PASSED] - delay(1): Delayed 1 second(s)

2022-02-17 15:41:55 - [MESSAGE][PASSED] - Delayed 1 second(s)

2022-02-17 15:41:55 - [TEST_STEP][PASSED] - setText(LOGN_EdtRdyUserID, "anggaaditya", 0): Text 'anggaaditya' has been set to element 'Object Repository/Mobile/Page/Login/Input Rdy - UserID'

2022-02-17 15:41:55 - [MESSAGE][WARNING] - Timeout '0' is invalid. Using default page load timeout: '60'

2022-02-17 15:41:56 - [MESSAGE][PASSED] - Text 'anggaaditya' has been set to element 'Object Repository/Mobile/Page/Login/Input Rdy - UserID'

2022-02-17 15:41:56 - [TEST_STEP][PASSED] - delay(1): Delayed 1 second(s)

2022-02-17 15:41:57 - [MESSAGE][PASSED] - Delayed 1 second(s)

2022-02-17 15:41:57 - [TEST_STEP][PASSED] - hideKeyboard(): Keyboard is hidden

2022-02-17 15:42:01 - [MESSAGE][PASSED] - Keyboard is hidden

2022-02-17 15:42:01 - [TEST_STEP][PASSED] - tap(LOGN_EdtPassword, 0): Tapped on element 'Object Repository/Mobile/Page/Login/Input - Password'

2022-02-17 15:42:01 - [MESSAGE][WARNING] - Timeout '0' is invalid. Using default page load timeout: '60'

2022-02-17 15:42:01 - [MESSAGE][PASSED] - Tapped on element 'Object Repository/Mobile/Page/Login/Input - Password'

2022-02-17 15:42:01 - [TEST_STEP][PASSED] - delay(1): Delayed 1 second(s)

2022-02-17 15:42:02 - [MESSAGE][PASSED] - Delayed 1 second(s)

2022-02-17 15:42:02 - [TEST_STEP][PASSED] - setText(LOGN_EdtRdyPassword, "Shalawa18", 0): Text 'Shalawa18' has been set to element 'Object Repository/Mobile/Page/Login/Input Rdy - Password'

2022-02-17 15:42:02 - [MESSAGE][WARNING] - Timeout '0' is invalid. Using default page load timeout: '60'

2022-02-17 15:42:03 - [MESSAGE][PASSED] - Text 'Shalawa18' has been set to element 'Object Repository/Mobile/Page/Login/Input Rdy - Password'

2022-02-17 15:42:03 - [TEST_STEP][PASSED] - delay(1): Delayed 1 second(s)

2022-02-17 15:42:04 - [MESSAGE][PASSED] - Delayed 1 second(s)

2022-02-17 15:42:04 - [TEST_STEP][PASSED] - hideKeyboard(): Keyboard is hidden

2022-02-17 15:42:10 - [MESSAGE][PASSED] - Keyboard is hidden

2022-02-17 15:42:10 - [TEST_STEP][PASSED] - tap(LOGN_BtnLogin, 0): Tapped on element 'Object Repository/Mobile/Page/Login/Button - Login'

2022-02-17 15:42:10 - [MESSAGE][WARNING] - Timeout '0' is invalid. Using default page load timeout: '60'

2022-02-17 15:42:12 - [MESSAGE][PASSED] - Tapped on element 'Object Repository/Mobile/Page/Login/Button - Login'

2022-02-17 15:42:12 - [TEST_STEP][PASSED] - delay(2): Delayed 2 second(s)

2022-02-17 15:42:14 - [MESSAGE][PASSED] - Delayed 2 second(s)

2022-02-17 15:42:14 - [TEST_STEP][PASSED] - verify = verifyElementExist(LOGN_AlertCheckYourNetwork, 5, STOP_ON_FAILURE): Element 'Object Repository/Mobile/Page/Login/Alert - Check your network' is exist

2022-02-17 15:42:14 - [MESSAGE][PASSED] - Element 'Object Repository/Mobile/Page/Login/Alert - Check your network' is exist

2022-02-17 15:42:14 - [TEST_STEP][PASSED] - scroll.scroll.scrollNotificationBar(): scroll.scroll.scrollNotificationBar is PASSED

2022-02-17 15:42:14 - [MESSAGE][PASSED] - Current device physical height is 1423

2022-02-17 15:42:16 - [MESSAGE][PASSED] - Swiped from 50,50 to 50,1,138

2022-02-17 15:42:16 - [MESSAGE][PASSED] - scroll.scroll.scrollNotificationBar is PASSED

2022-02-17 15:42:16 - [TEST_STEP][PASSED] - delay(1): Delayed 1 second(s)

2022-02-17 15:42:17 - [MESSAGE][PASSED] - Delayed 1 second(s)

2022-02-17 15:42:17 - [TEST_STEP][PASSED] - tap(OTHR_BtnWifi, 0): Tapped on element 'Object Repository/Mobile/Page/Others/Button - Wifi'

2022-02-17 15:42:17 - [MESSAGE][WARNING] - Timeout '0' is invalid. Using default page load timeout: '60'

2022-02-17 15:42:17 - [MESSAGE][PASSED] - Tapped on element 'Object Repository/Mobile/Page/Others/Button - Wifi'

2022-02-17 15:42:17 - [TEST_STEP][PASSED] - delay(1): Delayed 1 second(s)

2022-02-17 15:42:18 - [MESSAGE][PASSED] - Delayed 1 second(s)

2022-02-17 15:42:18 - [TEST_STEP][PASSED] - pressBack(): Press back button successfully

2022-02-17 15:42:19 - [MESSAGE][PASSED] - Press back button successfully

2022-02-17 15:42:19 - [TEST_STEP][PASSED] - break: null

2022-02-17 15:42:19 - [MESSAGE][PASSED] - Call Test Case 'Test Cases/Mobile/Page/Login/Login' successfully

2022-02-17 15:42:19 - [TEST_STEP][PASSED] - callTestCase(findTestCase("Mobile/Page/Run App/Terminate App"), [:], STOP_ON_FAILURE): Call Test Case 'Test Cases/Mobile/Page/Run App/Terminate App' successfully

2022-02-17 15:42:19 - [TEST_CASE][PASSED] - Test Cases/Mobile/Page/Run App/Terminate App: Test Cases/Mobile/Page/Run App/Terminate App

2022-02-17 15:42:19 - [TEST_STEP][PASSED] - startApp.OpenApp.terminateApplication(): startApp.OpenApp.terminateApplication is PASSED

2022-02-17 15:42:23 - [MESSAGE][PASSED] - Delayed 3 second(s)

2022-02-17 15:42:24 - [MESSAGE][PASSED] - Current device physical width is 720

2022-02-17 15:42:24 - [MESSAGE][PASSED] - Current device physical height is 1423

2022-02-17 15:42:25 - [MESSAGE][PASSED] - Swiped from 360,853 to 360,142

2022-02-17 15:42:26 - [MESSAGE][PASSED] - Delayed 1 second(s)

2022-02-17 15:42:28 - [MESSAGE][PASSED] - Swiped from 360,853 to 360,142

2022-02-17 15:42:31 - [MESSAGE][PASSED] - Delayed 3 second(s)

2022-02-17 15:42:31 - [MESSAGE][PASSED] - startApp.OpenApp.terminateApplication is PASSED

2022-02-17 15:42:31 - [MESSAGE][PASSED] - Call Test Case 'Test Cases/Mobile/Page/Run App/Terminate App' successfully]]></system-out>
         <system-err><![CDATA[]]></system-err>
      </testcase>
      <testcase name="Test Cases/Mobile/Scenario/Login/004 - Login dengan mengaktifkan visible password" time="59.615" classname="Test Cases/Mobile/Scenario/Login/004 - Login dengan mengaktifkan visible password" status="PASSED">
         <system-out><![CDATA[2022-02-17 15:42:31 - [TEST_CASE][PASSED] - Test Cases/Mobile/Scenario/Login/004 - Login dengan mengaktifkan visible password: Test Cases/Mobile/Scenario/Login/004 - Login dengan mengaktifkan visible password

2022-02-17 15:42:32 - [TEST_STEP][PASSED] - callTestCase(findTestCase("Mobile/Page/Run App/Run App byID"), [:], STOP_ON_FAILURE): Call Test Case 'Test Cases/Mobile/Page/Run App/Run App byID' successfully

2022-02-17 15:42:32 - [TEST_CASE][PASSED] - Test Cases/Mobile/Page/Run App/Run App byID: Test Cases/Mobile/Page/Run App/Run App byID

2022-02-17 15:42:32 - [TEST_STEP][PASSED] - startApp.OpenApp.startApplication("id.co.miraeasset.sageclub"): startApp.OpenApp.startApplication is PASSED

2022-02-17 15:42:51 - [MESSAGE][PASSED] - Starting app with application ID: 'id.co.miraeasset.sageclub'

2022-02-17 15:42:51 - [MESSAGE][PASSED] - startApp.OpenApp.startApplication is PASSED

2022-02-17 15:42:51 - [MESSAGE][PASSED] - Call Test Case 'Test Cases/Mobile/Page/Run App/Run App byID' successfully

2022-02-17 15:42:51 - [TEST_STEP][PASSED] - callTestCase(findTestCase("Mobile/Page/Login/Login"), ["action":"visiblepassword"], CONTINUE_ON_FAILURE): Call Test Case 'Test Cases/Mobile/Page/Login/Login' successfully

2022-02-17 15:42:51 - [TEST_CASE][PASSED] - Test Cases/Mobile/Page/Login/Login: Test Cases/Mobile/Page/Login/Login

2022-02-17 15:42:51 - [TEST_STEP][PASSED] - delay(2): Delayed 2 second(s)

2022-02-17 15:42:53 - [MESSAGE][PASSED] - Delayed 2 second(s)

2022-02-17 15:42:53 - [TEST_STEP][PASSED] - for ([i = 0, i < 1, (i++)]): null

2022-02-17 15:42:53 - [TEST_STEP][PASSED] - if (action == "username"): null

2022-02-17 15:42:53 - [TEST_STEP][PASSED] - else if (action == "wrongpassword"): null

2022-02-17 15:42:53 - [TEST_STEP][PASSED] - else if (action == "nointernet"): null

2022-02-17 15:42:53 - [TEST_STEP][PASSED] - else if (action == "visiblepassword"): null

2022-02-17 15:42:53 - [TEST_STEP][PASSED] - tap(LOGN_EdtUserID, 0): Tapped on element 'Object Repository/Mobile/Page/Login/Input - UserID'

2022-02-17 15:42:53 - [MESSAGE][WARNING] - Timeout '0' is invalid. Using default page load timeout: '60'

2022-02-17 15:42:56 - [MESSAGE][PASSED] - Tapped on element 'Object Repository/Mobile/Page/Login/Input - UserID'

2022-02-17 15:42:56 - [TEST_STEP][PASSED] - delay(1): Delayed 1 second(s)

2022-02-17 15:42:57 - [MESSAGE][PASSED] - Delayed 1 second(s)

2022-02-17 15:42:57 - [TEST_STEP][PASSED] - setText(LOGN_EdtRdyUserID, "anggaaditya", 0): Text 'anggaaditya' has been set to element 'Object Repository/Mobile/Page/Login/Input Rdy - UserID'

2022-02-17 15:42:57 - [MESSAGE][WARNING] - Timeout '0' is invalid. Using default page load timeout: '60'

2022-02-17 15:42:58 - [MESSAGE][PASSED] - Text 'anggaaditya' has been set to element 'Object Repository/Mobile/Page/Login/Input Rdy - UserID'

2022-02-17 15:42:58 - [TEST_STEP][PASSED] - delay(1): Delayed 1 second(s)

2022-02-17 15:42:59 - [MESSAGE][PASSED] - Delayed 1 second(s)

2022-02-17 15:42:59 - [TEST_STEP][PASSED] - hideKeyboard(): Keyboard is hidden

2022-02-17 15:43:05 - [MESSAGE][PASSED] - Keyboard is hidden

2022-02-17 15:43:05 - [TEST_STEP][PASSED] - top = getElementTopPosition(LOGN_EdtPassword, 0): Object 'Object Repository/Mobile/Page/Login/Input - Password' has top position '842'

2022-02-17 15:43:05 - [MESSAGE][WARNING] - Timeout '0' is invalid. Using default page load timeout: '60'

2022-02-17 15:43:05 - [MESSAGE][PASSED] - Object 'Object Repository/Mobile/Page/Login/Input - Password' has top position '842'

2022-02-17 15:43:05 - [TEST_STEP][PASSED] - left = getElementLeftPosition(LOGN_EdtPassword, 0): Object 'Object Repository/Mobile/Page/Login/Input - Password' has left position '32'

2022-02-17 15:43:05 - [MESSAGE][WARNING] - Timeout '0' is invalid. Using default page load timeout: '60'

2022-02-17 15:43:05 - [MESSAGE][PASSED] - Object 'Object Repository/Mobile/Page/Login/Input - Password' has left position '32'

2022-02-17 15:43:05 - [TEST_STEP][PASSED] - x = left + getElementWidth(LOGN_EdtPassword, 0) * 0.9: Object 'Object Repository/Mobile/Page/Login/Input - Password' has width: '657'

2022-02-17 15:43:05 - [MESSAGE][WARNING] - Timeout '0' is invalid. Using default page load timeout: '60'

2022-02-17 15:43:06 - [MESSAGE][PASSED] - Object 'Object Repository/Mobile/Page/Login/Input - Password' has width: '657'

2022-02-17 15:43:06 - [TEST_STEP][PASSED] - y = top + getElementHeight(LOGN_EdtPassword, 0) / 2: Object 'Object Repository/Mobile/Page/Login/Input - Password' has height: '84'

2022-02-17 15:43:06 - [MESSAGE][WARNING] - Timeout '0' is invalid. Using default page load timeout: '60'

2022-02-17 15:43:06 - [MESSAGE][PASSED] - Object 'Object Repository/Mobile/Page/Login/Input - Password' has height: '84'

2022-02-17 15:43:06 - [TEST_STEP][PASSED] - tapAtPosition(x, y): Tapped at [623, 884]

2022-02-17 15:43:07 - [MESSAGE][PASSED] - Tapped at [623, 884]

2022-02-17 15:43:07 - [TEST_STEP][PASSED] - delay(1): Delayed 1 second(s)

2022-02-17 15:43:08 - [MESSAGE][PASSED] - Delayed 1 second(s)

2022-02-17 15:43:08 - [TEST_STEP][PASSED] - tap(LOGN_EdtPassword, 0): Tapped on element 'Object Repository/Mobile/Page/Login/Input - Password'

2022-02-17 15:43:08 - [MESSAGE][WARNING] - Timeout '0' is invalid. Using default page load timeout: '60'

2022-02-17 15:43:08 - [MESSAGE][PASSED] - Tapped on element 'Object Repository/Mobile/Page/Login/Input - Password'

2022-02-17 15:43:08 - [TEST_STEP][PASSED] - delay(1): Delayed 1 second(s)

2022-02-17 15:43:09 - [MESSAGE][PASSED] - Delayed 1 second(s)

2022-02-17 15:43:09 - [TEST_STEP][PASSED] - setText(LOGN_EdtRdyPassword, "Shalawa18", 0): Text 'Shalawa18' has been set to element 'Object Repository/Mobile/Page/Login/Input Rdy - Password'

2022-02-17 15:43:09 - [MESSAGE][WARNING] - Timeout '0' is invalid. Using default page load timeout: '60'

2022-02-17 15:43:10 - [MESSAGE][PASSED] - Text 'Shalawa18' has been set to element 'Object Repository/Mobile/Page/Login/Input Rdy - Password'

2022-02-17 15:43:10 - [TEST_STEP][PASSED] - delay(1): Delayed 1 second(s)

2022-02-17 15:43:11 - [MESSAGE][PASSED] - Delayed 1 second(s)

2022-02-17 15:43:11 - [TEST_STEP][PASSED] - hideKeyboard(): Keyboard is hidden

2022-02-17 15:43:17 - [MESSAGE][PASSED] - Keyboard is hidden

2022-02-17 15:43:17 - [TEST_STEP][PASSED] - tap(LOGN_BtnLogin, 0): Tapped on element 'Object Repository/Mobile/Page/Login/Button - Login'

2022-02-17 15:43:17 - [MESSAGE][WARNING] - Timeout '0' is invalid. Using default page load timeout: '60'

2022-02-17 15:43:18 - [MESSAGE][PASSED] - Tapped on element 'Object Repository/Mobile/Page/Login/Button - Login'

2022-02-17 15:43:18 - [TEST_STEP][PASSED] - delay(2): Delayed 2 second(s)

2022-02-17 15:43:20 - [MESSAGE][PASSED] - Delayed 2 second(s)

2022-02-17 15:43:20 - [TEST_STEP][PASSED] - break: null

2022-02-17 15:43:20 - [MESSAGE][PASSED] - Call Test Case 'Test Cases/Mobile/Page/Login/Login' successfully

2022-02-17 15:43:20 - [TEST_STEP][PASSED] - callTestCase(findTestCase("Mobile/Page/Run App/Terminate App"), [:], STOP_ON_FAILURE): Call Test Case 'Test Cases/Mobile/Page/Run App/Terminate App' successfully

2022-02-17 15:43:20 - [TEST_CASE][PASSED] - Test Cases/Mobile/Page/Run App/Terminate App: Test Cases/Mobile/Page/Run App/Terminate App

2022-02-17 15:43:20 - [TEST_STEP][PASSED] - startApp.OpenApp.terminateApplication(): startApp.OpenApp.terminateApplication is PASSED

2022-02-17 15:43:23 - [MESSAGE][PASSED] - Delayed 3 second(s)

2022-02-17 15:43:23 - [MESSAGE][PASSED] - Current device physical width is 720

2022-02-17 15:43:24 - [MESSAGE][PASSED] - Current device physical height is 1423

2022-02-17 15:43:25 - [MESSAGE][PASSED] - Swiped from 360,853 to 360,142

2022-02-17 15:43:26 - [MESSAGE][PASSED] - Delayed 1 second(s)

2022-02-17 15:43:28 - [MESSAGE][PASSED] - Swiped from 360,853 to 360,142

2022-02-17 15:43:31 - [MESSAGE][PASSED] - Delayed 3 second(s)

2022-02-17 15:43:31 - [MESSAGE][PASSED] - startApp.OpenApp.terminateApplication is PASSED

2022-02-17 15:43:31 - [MESSAGE][PASSED] - Call Test Case 'Test Cases/Mobile/Page/Run App/Terminate App' successfully]]></system-out>
         <system-err><![CDATA[]]></system-err>
      </testcase>
      <testcase name="Test Cases/Mobile/Scenario/Login/005 - Login menggunakan username dengan membatalkan fingerprint" time="59.837" classname="Test Cases/Mobile/Scenario/Login/005 - Login menggunakan username dengan membatalkan fingerprint" status="PASSED">
         <system-out><![CDATA[2022-02-17 15:43:31 - [TEST_CASE][PASSED] - Test Cases/Mobile/Scenario/Login/005 - Login menggunakan username dengan membatalkan fingerprint: Test Cases/Mobile/Scenario/Login/005 - Login menggunakan username dengan membatalkan fingerprint

2022-02-17 15:43:31 - [TEST_STEP][PASSED] - callTestCase(findTestCase("Mobile/Page/Run App/Run App byID"), [:], STOP_ON_FAILURE): Call Test Case 'Test Cases/Mobile/Page/Run App/Run App byID' successfully

2022-02-17 15:43:31 - [TEST_CASE][PASSED] - Test Cases/Mobile/Page/Run App/Run App byID: Test Cases/Mobile/Page/Run App/Run App byID

2022-02-17 15:43:31 - [TEST_STEP][PASSED] - startApp.OpenApp.startApplication("id.co.miraeasset.sageclub"): startApp.OpenApp.startApplication is PASSED

2022-02-17 15:43:50 - [MESSAGE][PASSED] - Starting app with application ID: 'id.co.miraeasset.sageclub'

2022-02-17 15:43:50 - [MESSAGE][PASSED] - startApp.OpenApp.startApplication is PASSED

2022-02-17 15:43:50 - [MESSAGE][PASSED] - Call Test Case 'Test Cases/Mobile/Page/Run App/Run App byID' successfully

2022-02-17 15:43:50 - [TEST_STEP][PASSED] - callTestCase(findTestCase("Mobile/Page/Login/Login"), ["action":"cancelfingerprint"], CONTINUE_ON_FAILURE): Call Test Case 'Test Cases/Mobile/Page/Login/Login' successfully

2022-02-17 15:43:50 - [TEST_CASE][PASSED] - Test Cases/Mobile/Page/Login/Login: Test Cases/Mobile/Page/Login/Login

2022-02-17 15:43:50 - [TEST_STEP][PASSED] - delay(2): Delayed 2 second(s)

2022-02-17 15:43:53 - [MESSAGE][PASSED] - Delayed 2 second(s)

2022-02-17 15:43:53 - [TEST_STEP][PASSED] - for ([i = 0, i < 1, (i++)]): Delayed 2 second(s)

2022-02-17 15:43:53 - [TEST_STEP][PASSED] - if (action == "username"): null

2022-02-17 15:43:53 - [TEST_STEP][PASSED] - else if (action == "wrongpassword"): null

2022-02-17 15:43:53 - [TEST_STEP][PASSED] - else if (action == "nointernet"): null

2022-02-17 15:43:53 - [TEST_STEP][PASSED] - else if (action == "visiblepassword"): null

2022-02-17 15:43:53 - [TEST_STEP][PASSED] - else if (action == "cancelfingerprint"): Delayed 2 second(s)

2022-02-17 15:43:53 - [TEST_STEP][PASSED] - tap(LOGN_BtnFingerprint, 0): Tapped on element 'Object Repository/Mobile/Page/Login/Button - Fingerprint'

2022-02-17 15:43:53 - [MESSAGE][WARNING] - Timeout '0' is invalid. Using default page load timeout: '60'

2022-02-17 15:43:53 - [MESSAGE][PASSED] - Tapped on element 'Object Repository/Mobile/Page/Login/Button - Fingerprint'

2022-02-17 15:43:53 - [TEST_STEP][PASSED] - delay(1): Delayed 1 second(s)

2022-02-17 15:43:54 - [MESSAGE][PASSED] - Delayed 1 second(s)

2022-02-17 15:43:54 - [TEST_STEP][PASSED] - pressBack(): Press back button successfully

2022-02-17 15:43:55 - [MESSAGE][PASSED] - Press back button successfully

2022-02-17 15:43:55 - [TEST_STEP][PASSED] - delay(1): Delayed 1 second(s)

2022-02-17 15:43:56 - [MESSAGE][PASSED] - Delayed 1 second(s)

2022-02-17 15:43:56 - [TEST_STEP][PASSED] - tap(LOGN_EdtUserID, 0): Tapped on element 'Object Repository/Mobile/Page/Login/Input - UserID'

2022-02-17 15:43:56 - [MESSAGE][WARNING] - Timeout '0' is invalid. Using default page load timeout: '60'

2022-02-17 15:43:57 - [MESSAGE][PASSED] - Tapped on element 'Object Repository/Mobile/Page/Login/Input - UserID'

2022-02-17 15:43:57 - [TEST_STEP][PASSED] - delay(1): Delayed 1 second(s)

2022-02-17 15:43:58 - [MESSAGE][PASSED] - Delayed 1 second(s)

2022-02-17 15:43:58 - [TEST_STEP][PASSED] - setText(LOGN_EdtRdyUserID, "anggaaditya", 0): Text 'anggaaditya' has been set to element 'Object Repository/Mobile/Page/Login/Input Rdy - UserID'

2022-02-17 15:43:58 - [MESSAGE][WARNING] - Timeout '0' is invalid. Using default page load timeout: '60'

2022-02-17 15:43:58 - [MESSAGE][PASSED] - Text 'anggaaditya' has been set to element 'Object Repository/Mobile/Page/Login/Input Rdy - UserID'

2022-02-17 15:43:58 - [TEST_STEP][PASSED] - delay(1): Delayed 1 second(s)

2022-02-17 15:43:59 - [MESSAGE][PASSED] - Delayed 1 second(s)

2022-02-17 15:43:59 - [TEST_STEP][PASSED] - hideKeyboard(): Keyboard is hidden

2022-02-17 15:44:05 - [MESSAGE][PASSED] - Keyboard is hidden

2022-02-17 15:44:05 - [TEST_STEP][PASSED] - tap(LOGN_EdtPassword, 0): Tapped on element 'Object Repository/Mobile/Page/Login/Input - Password'

2022-02-17 15:44:05 - [MESSAGE][WARNING] - Timeout '0' is invalid. Using default page load timeout: '60'

2022-02-17 15:44:05 - [MESSAGE][PASSED] - Tapped on element 'Object Repository/Mobile/Page/Login/Input - Password'

2022-02-17 15:44:05 - [TEST_STEP][PASSED] - delay(1): Delayed 1 second(s)

2022-02-17 15:44:06 - [MESSAGE][PASSED] - Delayed 1 second(s)

2022-02-17 15:44:06 - [TEST_STEP][PASSED] - setText(LOGN_EdtRdyPassword, "Shalawa18", 0): Text 'Shalawa18' has been set to element 'Object Repository/Mobile/Page/Login/Input Rdy - Password'

2022-02-17 15:44:06 - [MESSAGE][WARNING] - Timeout '0' is invalid. Using default page load timeout: '60'

2022-02-17 15:44:07 - [MESSAGE][PASSED] - Text 'Shalawa18' has been set to element 'Object Repository/Mobile/Page/Login/Input Rdy - Password'

2022-02-17 15:44:07 - [TEST_STEP][PASSED] - delay(1): Delayed 1 second(s)

2022-02-17 15:44:08 - [MESSAGE][PASSED] - Delayed 1 second(s)

2022-02-17 15:44:08 - [TEST_STEP][PASSED] - hideKeyboard(): Keyboard is hidden

2022-02-17 15:44:15 - [MESSAGE][PASSED] - Keyboard is hidden

2022-02-17 15:44:15 - [TEST_STEP][PASSED] - tap(LOGN_BtnLogin, 0): Tapped on element 'Object Repository/Mobile/Page/Login/Button - Login'

2022-02-17 15:44:15 - [MESSAGE][WARNING] - Timeout '0' is invalid. Using default page load timeout: '60'

2022-02-17 15:44:16 - [MESSAGE][PASSED] - Tapped on element 'Object Repository/Mobile/Page/Login/Button - Login'

2022-02-17 15:44:16 - [TEST_STEP][PASSED] - delay(2): Delayed 2 second(s)

2022-02-17 15:44:18 - [MESSAGE][PASSED] - Delayed 2 second(s)

2022-02-17 15:44:18 - [MESSAGE][PASSED] - Call Test Case 'Test Cases/Mobile/Page/Login/Login' successfully

2022-02-17 15:44:18 - [TEST_STEP][PASSED] - callTestCase(findTestCase("Mobile/Page/Run App/Terminate App"), [:], STOP_ON_FAILURE): Call Test Case 'Test Cases/Mobile/Page/Run App/Terminate App' successfully

2022-02-17 15:44:18 - [TEST_CASE][PASSED] - Test Cases/Mobile/Page/Run App/Terminate App: Test Cases/Mobile/Page/Run App/Terminate App

2022-02-17 15:44:18 - [TEST_STEP][PASSED] - startApp.OpenApp.terminateApplication(): startApp.OpenApp.terminateApplication is PASSED

2022-02-17 15:44:23 - [MESSAGE][PASSED] - Delayed 3 second(s)

2022-02-17 15:44:23 - [MESSAGE][PASSED] - Current device physical width is 720

2022-02-17 15:44:23 - [MESSAGE][PASSED] - Current device physical height is 1423

2022-02-17 15:44:25 - [MESSAGE][PASSED] - Swiped from 360,853 to 360,142

2022-02-17 15:44:26 - [MESSAGE][PASSED] - Delayed 1 second(s)

2022-02-17 15:44:27 - [MESSAGE][PASSED] - Swiped from 360,853 to 360,142

2022-02-17 15:44:30 - [MESSAGE][PASSED] - Delayed 3 second(s)

2022-02-17 15:44:30 - [MESSAGE][PASSED] - startApp.OpenApp.terminateApplication is PASSED

2022-02-17 15:44:30 - [MESSAGE][PASSED] - Call Test Case 'Test Cases/Mobile/Page/Run App/Terminate App' successfully]]></system-out>
         <system-err><![CDATA[]]></system-err>
      </testcase>
      <system-out><![CDATA[2022-02-17 15:38:49 - [TEST_SUITE][PASSED] - login: Test Cases/Mobile/Scenario/Login/005 - Login menggunakan username dengan membatalkan fingerprint]]></system-out>
      <system-err><![CDATA[]]></system-err>
   </testsuite>
</testsuites>
