<?xml version="1.0" encoding="UTF-8"?>
<testsuites name="analysis" time="542.842" tests="7" failures="0" skips="0" errors="0">
   <testsuite name="analysis" tests="7" failures="0" errors="0" time="542.842" skips="0" timestamp="2022-01-03 07:49:21" hostname="Owner - aldy-tft" id="Test Suites/analysis">
      <properties>
         <property name="deviceName" value="samsung SM-A205F (Android 11)"/>
         <property name="devicePlatform" value=""/>
         <property name="logFolder" value="C:\\Users\\Owner\\Documents\\kerjaan\\KatalonProject\\qa_katalon_pwm\\qa_katalon_pwm\\Reports\\20220103_074849\\analysis\\20220103_074851"/>
         <property name="logFiles" value="C:\\Users\\Owner\\Documents\\kerjaan\\KatalonProject\\qa_katalon_pwm\\qa_katalon_pwm\\Reports\\20220103_074849\\analysis\\20220103_074851\\appium.log, C:\\Users\\Owner\\Documents\\kerjaan\\KatalonProject\\qa_katalon_pwm\\qa_katalon_pwm\\Reports\\20220103_074849\\analysis\\20220103_074851\\execution0.log"/>
         <property name="attachments" value=""/>
         <property name="hostName" value="Owner - aldy-tft"/>
         <property name="os" value="Windows 10 64bit"/>
         <property name="appiumServerStatus" value="{&quot;value&quot;:{&quot;build&quot;:{&quot;version&quot;:&quot;1.22.0&quot;}},&quot;sessionId&quot;:null,&quot;status&quot;:0}"/>
         <property name="katalonVersion" value="7.9.1.208"/>
         <property name="deviceOS" value="Android"/>
         <property name="appiumVersion" value="1.22.0"/>
         <property name="deviceModel" value="SM-A205F"/>
         <property name="hostAddress" value="10.0.30.143"/>
         <property name="deviceManufacturer" value="samsung"/>
         <property name="deviceId" value="RR8M40C9AXE"/>
         <property name="deviceName" value="samsung SM-A205F (Android 11)"/>
         <property name="deviceOSVersion" value="11"/>
      </properties>
      <testcase name="Test Cases/Mobile/Scenario/Analysis/001 - Melihat list stock technical analysis" time="124.85" classname="Test Cases/Mobile/Scenario/Analysis/001 - Melihat list stock technical analysis" status="PASSED">
         <system-out><![CDATA[2022-01-03 07:49:22 - [TEST_CASE][PASSED] - Test Cases/Mobile/Scenario/Analysis/001 - Melihat list stock technical analysis: Test Cases/Mobile/Scenario/Analysis/001 - Melihat list stock technical analysis

2022-01-03 07:49:22 - [TEST_STEP][PASSED] - callTestCase(findTestCase("Mobile/Page/Run App/Run App byID"), [:], STOP_ON_FAILURE): Call Test Case 'Test Cases/Mobile/Page/Run App/Run App byID' successfully

2022-01-03 07:49:23 - [TEST_CASE][PASSED] - Test Cases/Mobile/Page/Run App/Run App byID: Test Cases/Mobile/Page/Run App/Run App byID

2022-01-03 07:49:23 - [TEST_STEP][PASSED] - startApp.OpenApp.startApplication("id.co.miraeasset.sageclub"): startApp.OpenApp.startApplication is PASSED

2022-01-03 07:49:25 - [MESSAGE][INFO] - Appium server started on port 51,597

2022-01-03 07:49:51 - [MESSAGE][PASSED] - Starting app with application ID: 'id.co.miraeasset.sageclub'

2022-01-03 07:49:51 - [MESSAGE][PASSED] - startApp.OpenApp.startApplication is PASSED

2022-01-03 07:49:51 - [MESSAGE][PASSED] - Call Test Case 'Test Cases/Mobile/Page/Run App/Run App byID' successfully

2022-01-03 07:49:51 - [TEST_STEP][PASSED] - callTestCase(findTestCase("Mobile/Page/Analysis/Analysis"), ["action":"technicalsearch"], CONTINUE_ON_FAILURE): Call Test Case 'Test Cases/Mobile/Page/Analysis/Analysis' successfully

2022-01-03 07:49:51 - [TEST_CASE][PASSED] - Test Cases/Mobile/Page/Analysis/Analysis: Test Cases/Mobile/Page/Analysis/Analysis

2022-01-03 07:49:52 - [TEST_STEP][PASSED] - callTestCase(findTestCase("Mobile/Page/CheckLogin"), [:], CONTINUE_ON_FAILURE): Call Test Case 'Test Cases/Mobile/Page/CheckLogin' successfully

2022-01-03 07:49:52 - [TEST_CASE][PASSED] - Test Cases/Mobile/Page/CheckLogin: Test Cases/Mobile/Page/CheckLogin

2022-01-03 07:49:53 - [TEST_STEP][PASSED] - loginCheck = verifyElementExist(LOGN_BtnLogin, 5, CONTINUE_ON_FAILURE): Element 'Object Repository/Mobile/Page/Login/Button - Login' is exist

2022-01-03 07:50:19 - [MESSAGE][PASSED] - Element 'Object Repository/Mobile/Page/Login/Button - Login' is exist

2022-01-03 07:50:19 - [TEST_STEP][PASSED] - if (loginCheck): Call Test Case 'Test Cases/Mobile/Page/Login/Login' successfully

2022-01-03 07:50:19 - [TEST_STEP][PASSED] - callTestCase(findTestCase("Mobile/Page/Login/Login"), ["action":"username"], CONTINUE_ON_FAILURE): Call Test Case 'Test Cases/Mobile/Page/Login/Login' successfully

2022-01-03 07:50:19 - [TEST_CASE][PASSED] - Test Cases/Mobile/Page/Login/Login: Test Cases/Mobile/Page/Login/Login

2022-01-03 07:50:19 - [TEST_STEP][PASSED] - delay(2): Delayed 2 second(s)

2022-01-03 07:50:21 - [MESSAGE][PASSED] - Delayed 2 second(s)

2022-01-03 07:50:21 - [TEST_STEP][PASSED] - for ([i = 0, i < 1, (i++)]): null

2022-01-03 07:50:21 - [TEST_STEP][PASSED] - if (action == "username"): null

2022-01-03 07:50:21 - [TEST_STEP][PASSED] - tap(LOGN_EdtUserID, 0): Tapped on element 'Object Repository/Mobile/Page/Login/Input - UserID'

2022-01-03 07:50:21 - [MESSAGE][WARNING] - Timeout '0' is invalid. Using default page load timeout: '60'

2022-01-03 07:50:22 - [MESSAGE][PASSED] - Tapped on element 'Object Repository/Mobile/Page/Login/Input - UserID'

2022-01-03 07:50:22 - [TEST_STEP][PASSED] - delay(1): Delayed 1 second(s)

2022-01-03 07:50:23 - [MESSAGE][PASSED] - Delayed 1 second(s)

2022-01-03 07:50:23 - [TEST_STEP][PASSED] - setText(LOGN_EdtRdyUserID, "anggaaditya", 0): Text 'anggaaditya' has been set to element 'Object Repository/Mobile/Page/Login/Input Rdy - UserID'

2022-01-03 07:50:23 - [MESSAGE][WARNING] - Timeout '0' is invalid. Using default page load timeout: '60'

2022-01-03 07:50:25 - [MESSAGE][PASSED] - Text 'anggaaditya' has been set to element 'Object Repository/Mobile/Page/Login/Input Rdy - UserID'

2022-01-03 07:50:25 - [TEST_STEP][PASSED] - delay(1): Delayed 1 second(s)

2022-01-03 07:50:26 - [MESSAGE][PASSED] - Delayed 1 second(s)

2022-01-03 07:50:26 - [TEST_STEP][PASSED] - hideKeyboard(): Keyboard is hidden

2022-01-03 07:50:34 - [MESSAGE][PASSED] - Keyboard is hidden

2022-01-03 07:50:34 - [TEST_STEP][PASSED] - tap(LOGN_EdtPassword, 0): Tapped on element 'Object Repository/Mobile/Page/Login/Input - Password'

2022-01-03 07:50:34 - [MESSAGE][WARNING] - Timeout '0' is invalid. Using default page load timeout: '60'

2022-01-03 07:50:35 - [MESSAGE][PASSED] - Tapped on element 'Object Repository/Mobile/Page/Login/Input - Password'

2022-01-03 07:50:35 - [TEST_STEP][PASSED] - delay(1): Delayed 1 second(s)

2022-01-03 07:50:36 - [MESSAGE][PASSED] - Delayed 1 second(s)

2022-01-03 07:50:36 - [TEST_STEP][PASSED] - setText(LOGN_EdtRdyPassword, "Shalawa18", 0): Text 'Shalawa18' has been set to element 'Object Repository/Mobile/Page/Login/Input Rdy - Password'

2022-01-03 07:50:36 - [MESSAGE][WARNING] - Timeout '0' is invalid. Using default page load timeout: '60'

2022-01-03 07:50:36 - [MESSAGE][PASSED] - Text 'Shalawa18' has been set to element 'Object Repository/Mobile/Page/Login/Input Rdy - Password'

2022-01-03 07:50:36 - [TEST_STEP][PASSED] - delay(1): Delayed 1 second(s)

2022-01-03 07:50:37 - [MESSAGE][PASSED] - Delayed 1 second(s)

2022-01-03 07:50:37 - [TEST_STEP][PASSED] - hideKeyboard(): Keyboard is hidden

2022-01-03 07:50:48 - [MESSAGE][PASSED] - Keyboard is hidden

2022-01-03 07:50:48 - [TEST_STEP][PASSED] - tap(LOGN_BtnLogin, 0): Tapped on element 'Object Repository/Mobile/Page/Login/Button - Login'

2022-01-03 07:50:48 - [MESSAGE][WARNING] - Timeout '0' is invalid. Using default page load timeout: '60'

2022-01-03 07:50:49 - [MESSAGE][PASSED] - Tapped on element 'Object Repository/Mobile/Page/Login/Button - Login'

2022-01-03 07:50:49 - [TEST_STEP][PASSED] - delay(2): Delayed 2 second(s)

2022-01-03 07:50:51 - [MESSAGE][PASSED] - Delayed 2 second(s)

2022-01-03 07:50:51 - [TEST_STEP][PASSED] - break: null

2022-01-03 07:50:51 - [MESSAGE][PASSED] - Call Test Case 'Test Cases/Mobile/Page/Login/Login' successfully

2022-01-03 07:50:51 - [MESSAGE][PASSED] - Call Test Case 'Test Cases/Mobile/Page/CheckLogin' successfully

2022-01-03 07:50:51 - [TEST_STEP][PASSED] - tap(HOME_MenubarAnalysis, 0): Tapped on element 'Object Repository/Mobile/Page/Home/Menubar - Analysis'

2022-01-03 07:50:51 - [MESSAGE][WARNING] - Timeout '0' is invalid. Using default page load timeout: '60'

2022-01-03 07:50:53 - [MESSAGE][PASSED] - Tapped on element 'Object Repository/Mobile/Page/Home/Menubar - Analysis'

2022-01-03 07:50:53 - [TEST_STEP][PASSED] - delay(1): Delayed 1 second(s)

2022-01-03 07:50:54 - [MESSAGE][PASSED] - Delayed 1 second(s)

2022-01-03 07:50:54 - [TEST_STEP][PASSED] - for ([i = 0, i < 1, (i++)]): Delayed 2 second(s)

2022-01-03 07:50:54 - [TEST_STEP][PASSED] - if (action == "technicalsearch"): Delayed 2 second(s)

2022-01-03 07:50:54 - [TEST_STEP][PASSED] - tap(ANAL_DropTechIndicator, 0): Tapped on element 'Object Repository/Mobile/Page/Analysis/Dropdown - Technical Indicator'

2022-01-03 07:50:54 - [MESSAGE][WARNING] - Timeout '0' is invalid. Using default page load timeout: '60'

2022-01-03 07:50:55 - [MESSAGE][PASSED] - Tapped on element 'Object Repository/Mobile/Page/Analysis/Dropdown - Technical Indicator'

2022-01-03 07:50:55 - [TEST_STEP][PASSED] - delay(1): Delayed 1 second(s)

2022-01-03 07:50:56 - [MESSAGE][PASSED] - Delayed 1 second(s)

2022-01-03 07:50:56 - [TEST_STEP][PASSED] - tap(ANAL_OptTechIndicatorAll, 0): Tapped on element 'Object Repository/Mobile/Page/Analysis/Option Technical Indicator - All'

2022-01-03 07:50:56 - [MESSAGE][WARNING] - Timeout '0' is invalid. Using default page load timeout: '60'

2022-01-03 07:50:57 - [MESSAGE][PASSED] - Tapped on element 'Object Repository/Mobile/Page/Analysis/Option Technical Indicator - All'

2022-01-03 07:50:57 - [TEST_STEP][PASSED] - delay(1): Delayed 1 second(s)

2022-01-03 07:50:58 - [MESSAGE][PASSED] - Delayed 1 second(s)

2022-01-03 07:50:58 - [TEST_STEP][PASSED] - tap(ANAL_DropMarketCap, 0): Tapped on element 'Object Repository/Mobile/Page/Analysis/Dropdown - Market Cap'

2022-01-03 07:50:58 - [MESSAGE][WARNING] - Timeout '0' is invalid. Using default page load timeout: '60'

2022-01-03 07:51:00 - [MESSAGE][PASSED] - Tapped on element 'Object Repository/Mobile/Page/Analysis/Dropdown - Market Cap'

2022-01-03 07:51:00 - [TEST_STEP][PASSED] - delay(1): Delayed 1 second(s)

2022-01-03 07:51:01 - [MESSAGE][PASSED] - Delayed 1 second(s)

2022-01-03 07:51:01 - [TEST_STEP][PASSED] - tap(ANAL_OptMarketCap1T, 0): Tapped on element 'Object Repository/Mobile/Page/Analysis/Option Market Cap - 1 Trillion'

2022-01-03 07:51:01 - [MESSAGE][WARNING] - Timeout '0' is invalid. Using default page load timeout: '60'

2022-01-03 07:51:03 - [MESSAGE][PASSED] - Tapped on element 'Object Repository/Mobile/Page/Analysis/Option Market Cap - 1 Trillion'

2022-01-03 07:51:03 - [TEST_STEP][PASSED] - delay(1): Delayed 1 second(s)

2022-01-03 07:51:04 - [MESSAGE][PASSED] - Delayed 1 second(s)

2022-01-03 07:51:04 - [TEST_STEP][PASSED] - tap(ANAL_DropTransaction, 0): Tapped on element 'Object Repository/Mobile/Page/Analysis/Dropdown - Transaction'

2022-01-03 07:51:04 - [MESSAGE][WARNING] - Timeout '0' is invalid. Using default page load timeout: '60'

2022-01-03 07:51:04 - [MESSAGE][PASSED] - Tapped on element 'Object Repository/Mobile/Page/Analysis/Dropdown - Transaction'

2022-01-03 07:51:04 - [TEST_STEP][PASSED] - delay(1): Delayed 1 second(s)

2022-01-03 07:51:05 - [MESSAGE][PASSED] - Delayed 1 second(s)

2022-01-03 07:51:05 - [TEST_STEP][PASSED] - tap(ANAL_OptTransaction1B, 0): Tapped on element 'Object Repository/Mobile/Page/Analysis/Option Transaction - 1 Billion'

2022-01-03 07:51:05 - [MESSAGE][WARNING] - Timeout '0' is invalid. Using default page load timeout: '60'

2022-01-03 07:51:06 - [MESSAGE][PASSED] - Tapped on element 'Object Repository/Mobile/Page/Analysis/Option Transaction - 1 Billion'

2022-01-03 07:51:06 - [TEST_STEP][PASSED] - delay(1): Delayed 1 second(s)

2022-01-03 07:51:07 - [MESSAGE][PASSED] - Delayed 1 second(s)

2022-01-03 07:51:07 - [TEST_STEP][PASSED] - tap(ANAL_DropTimeFrame, 0): Tapped on element 'Object Repository/Mobile/Page/Analysis/Dropdown - Time Frame'

2022-01-03 07:51:07 - [MESSAGE][WARNING] - Timeout '0' is invalid. Using default page load timeout: '60'

2022-01-03 07:51:07 - [MESSAGE][PASSED] - Tapped on element 'Object Repository/Mobile/Page/Analysis/Dropdown - Time Frame'

2022-01-03 07:51:07 - [TEST_STEP][PASSED] - delay(1): Delayed 1 second(s)

2022-01-03 07:51:08 - [MESSAGE][PASSED] - Delayed 1 second(s)

2022-01-03 07:51:08 - [TEST_STEP][PASSED] - tap(ANAL_OptTimeFrameDaily, 0): Tapped on element 'Object Repository/Mobile/Page/Analysis/Option Time Frame - Daily'

2022-01-03 07:51:08 - [MESSAGE][WARNING] - Timeout '0' is invalid. Using default page load timeout: '60'

2022-01-03 07:51:10 - [MESSAGE][PASSED] - Tapped on element 'Object Repository/Mobile/Page/Analysis/Option Time Frame - Daily'

2022-01-03 07:51:10 - [TEST_STEP][PASSED] - delay(1): Delayed 1 second(s)

2022-01-03 07:51:11 - [MESSAGE][PASSED] - Delayed 1 second(s)

2022-01-03 07:51:11 - [TEST_STEP][PASSED] - tap(ANAL_DropIndex, 0): Tapped on element 'Object Repository/Mobile/Page/Analysis/Dropdown - Index'

2022-01-03 07:51:11 - [MESSAGE][WARNING] - Timeout '0' is invalid. Using default page load timeout: '60'

2022-01-03 07:51:11 - [MESSAGE][PASSED] - Tapped on element 'Object Repository/Mobile/Page/Analysis/Dropdown - Index'

2022-01-03 07:51:11 - [TEST_STEP][PASSED] - delay(1): Delayed 1 second(s)

2022-01-03 07:51:12 - [MESSAGE][PASSED] - Delayed 1 second(s)

2022-01-03 07:51:12 - [TEST_STEP][PASSED] - tap(ANAL_OptIndexIdx30, 0): Tapped on element 'Object Repository/Mobile/Page/Analysis/Option Index - Idx30'

2022-01-03 07:51:12 - [MESSAGE][WARNING] - Timeout '0' is invalid. Using default page load timeout: '60'

2022-01-03 07:51:13 - [MESSAGE][PASSED] - Tapped on element 'Object Repository/Mobile/Page/Analysis/Option Index - Idx30'

2022-01-03 07:51:13 - [TEST_STEP][PASSED] - delay(2): Delayed 2 second(s)

2022-01-03 07:51:15 - [MESSAGE][PASSED] - Delayed 2 second(s)

2022-01-03 07:51:15 - [MESSAGE][PASSED] - Call Test Case 'Test Cases/Mobile/Page/Analysis/Analysis' successfully

2022-01-03 07:51:15 - [TEST_STEP][PASSED] - callTestCase(findTestCase("Mobile/Page/Run App/Terminate App"), [:], STOP_ON_FAILURE): Call Test Case 'Test Cases/Mobile/Page/Run App/Terminate App' successfully

2022-01-03 07:51:15 - [TEST_CASE][PASSED] - Test Cases/Mobile/Page/Run App/Terminate App: Test Cases/Mobile/Page/Run App/Terminate App

2022-01-03 07:51:16 - [TEST_STEP][PASSED] - startApp.OpenApp.terminateApplication(): startApp.OpenApp.terminateApplication is PASSED

2022-01-03 07:51:19 - [MESSAGE][PASSED] - Delayed 3 second(s)

2022-01-03 07:51:20 - [MESSAGE][PASSED] - Current device physical width is 720

2022-01-03 07:51:20 - [MESSAGE][PASSED] - Current device physical height is 1423

2022-01-03 07:51:21 - [MESSAGE][PASSED] - Swiped from 360,853 to 360,142

2022-01-03 07:51:22 - [MESSAGE][PASSED] - Delayed 1 second(s)

2022-01-03 07:51:24 - [MESSAGE][PASSED] - Swiped from 360,853 to 360,142

2022-01-03 07:51:27 - [MESSAGE][PASSED] - Delayed 3 second(s)

2022-01-03 07:51:27 - [MESSAGE][PASSED] - startApp.OpenApp.terminateApplication is PASSED

2022-01-03 07:51:27 - [MESSAGE][PASSED] - Call Test Case 'Test Cases/Mobile/Page/Run App/Terminate App' successfully]]></system-out>
         <system-err><![CDATA[]]></system-err>
      </testcase>
      <testcase name="Test Cases/Mobile/Scenario/Analysis/002 - Melihat detail stock kategori day" time="72.03" classname="Test Cases/Mobile/Scenario/Analysis/002 - Melihat detail stock kategori day" status="PASSED">
         <system-out><![CDATA[2022-01-03 07:51:27 - [TEST_CASE][PASSED] - Test Cases/Mobile/Scenario/Analysis/002 - Melihat detail stock kategori day: Test Cases/Mobile/Scenario/Analysis/002 - Melihat detail stock kategori day

2022-01-03 07:51:27 - [TEST_STEP][PASSED] - callTestCase(findTestCase("Mobile/Page/Run App/Run App byID"), [:], STOP_ON_FAILURE): Call Test Case 'Test Cases/Mobile/Page/Run App/Run App byID' successfully

2022-01-03 07:51:28 - [TEST_CASE][PASSED] - Test Cases/Mobile/Page/Run App/Run App byID: Test Cases/Mobile/Page/Run App/Run App byID

2022-01-03 07:51:28 - [TEST_STEP][PASSED] - startApp.OpenApp.startApplication("id.co.miraeasset.sageclub"): startApp.OpenApp.startApplication is PASSED

2022-01-03 07:51:44 - [MESSAGE][PASSED] - Starting app with application ID: 'id.co.miraeasset.sageclub'

2022-01-03 07:51:44 - [MESSAGE][PASSED] - startApp.OpenApp.startApplication is PASSED

2022-01-03 07:51:44 - [MESSAGE][PASSED] - Call Test Case 'Test Cases/Mobile/Page/Run App/Run App byID' successfully

2022-01-03 07:51:44 - [TEST_STEP][PASSED] - callTestCase(findTestCase("Mobile/Page/Analysis/Analysis"), ["action":"technicaldetail", "action2":"day"], CONTINUE_ON_FAILURE): Call Test Case 'Test Cases/Mobile/Page/Analysis/Analysis' successfully

2022-01-03 07:51:45 - [TEST_CASE][PASSED] - Test Cases/Mobile/Page/Analysis/Analysis: Test Cases/Mobile/Page/Analysis/Analysis

2022-01-03 07:51:45 - [TEST_STEP][PASSED] - callTestCase(findTestCase("Mobile/Page/CheckLogin"), [:], CONTINUE_ON_FAILURE): Call Test Case 'Test Cases/Mobile/Page/CheckLogin' successfully

2022-01-03 07:51:45 - [TEST_CASE][PASSED] - Test Cases/Mobile/Page/CheckLogin: Test Cases/Mobile/Page/CheckLogin

2022-01-03 07:51:45 - [TEST_STEP][PASSED] - loginCheck = verifyElementExist(LOGN_BtnLogin, 5, CONTINUE_ON_FAILURE): Element 'Object Repository/Mobile/Page/Login/Button - Login' is exist

2022-01-03 07:51:47 - [MESSAGE][PASSED] - Element 'Object Repository/Mobile/Page/Login/Button - Login' is exist

2022-01-03 07:51:47 - [TEST_STEP][PASSED] - if (loginCheck): Call Test Case 'Test Cases/Mobile/Page/Login/Login' successfully

2022-01-03 07:51:47 - [TEST_STEP][PASSED] - callTestCase(findTestCase("Mobile/Page/Login/Login"), ["action":"username"], CONTINUE_ON_FAILURE): Call Test Case 'Test Cases/Mobile/Page/Login/Login' successfully

2022-01-03 07:51:47 - [TEST_CASE][PASSED] - Test Cases/Mobile/Page/Login/Login: Test Cases/Mobile/Page/Login/Login

2022-01-03 07:51:47 - [TEST_STEP][PASSED] - delay(2): Delayed 2 second(s)

2022-01-03 07:51:49 - [MESSAGE][PASSED] - Delayed 2 second(s)

2022-01-03 07:51:49 - [TEST_STEP][PASSED] - for ([i = 0, i < 1, (i++)]): null

2022-01-03 07:51:49 - [TEST_STEP][PASSED] - if (action == "username"): null

2022-01-03 07:51:49 - [TEST_STEP][PASSED] - tap(LOGN_EdtUserID, 0): Tapped on element 'Object Repository/Mobile/Page/Login/Input - UserID'

2022-01-03 07:51:49 - [MESSAGE][WARNING] - Timeout '0' is invalid. Using default page load timeout: '60'

2022-01-03 07:51:50 - [MESSAGE][PASSED] - Tapped on element 'Object Repository/Mobile/Page/Login/Input - UserID'

2022-01-03 07:51:50 - [TEST_STEP][PASSED] - delay(1): Delayed 1 second(s)

2022-01-03 07:51:51 - [MESSAGE][PASSED] - Delayed 1 second(s)

2022-01-03 07:51:51 - [TEST_STEP][PASSED] - setText(LOGN_EdtRdyUserID, "anggaaditya", 0): Text 'anggaaditya' has been set to element 'Object Repository/Mobile/Page/Login/Input Rdy - UserID'

2022-01-03 07:51:51 - [MESSAGE][WARNING] - Timeout '0' is invalid. Using default page load timeout: '60'

2022-01-03 07:51:52 - [MESSAGE][PASSED] - Text 'anggaaditya' has been set to element 'Object Repository/Mobile/Page/Login/Input Rdy - UserID'

2022-01-03 07:51:52 - [TEST_STEP][PASSED] - delay(1): Delayed 1 second(s)

2022-01-03 07:51:53 - [MESSAGE][PASSED] - Delayed 1 second(s)

2022-01-03 07:51:53 - [TEST_STEP][PASSED] - hideKeyboard(): Keyboard is hidden

2022-01-03 07:52:02 - [MESSAGE][PASSED] - Keyboard is hidden

2022-01-03 07:52:02 - [TEST_STEP][PASSED] - tap(LOGN_EdtPassword, 0): Tapped on element 'Object Repository/Mobile/Page/Login/Input - Password'

2022-01-03 07:52:02 - [MESSAGE][WARNING] - Timeout '0' is invalid. Using default page load timeout: '60'

2022-01-03 07:52:03 - [MESSAGE][PASSED] - Tapped on element 'Object Repository/Mobile/Page/Login/Input - Password'

2022-01-03 07:52:03 - [TEST_STEP][PASSED] - delay(1): Delayed 1 second(s)

2022-01-03 07:52:04 - [MESSAGE][PASSED] - Delayed 1 second(s)

2022-01-03 07:52:04 - [TEST_STEP][PASSED] - setText(LOGN_EdtRdyPassword, "Shalawa18", 0): Text 'Shalawa18' has been set to element 'Object Repository/Mobile/Page/Login/Input Rdy - Password'

2022-01-03 07:52:04 - [MESSAGE][WARNING] - Timeout '0' is invalid. Using default page load timeout: '60'

2022-01-03 07:52:04 - [MESSAGE][PASSED] - Text 'Shalawa18' has been set to element 'Object Repository/Mobile/Page/Login/Input Rdy - Password'

2022-01-03 07:52:04 - [TEST_STEP][PASSED] - delay(1): Delayed 1 second(s)

2022-01-03 07:52:05 - [MESSAGE][PASSED] - Delayed 1 second(s)

2022-01-03 07:52:05 - [TEST_STEP][PASSED] - hideKeyboard(): Keyboard is hidden

2022-01-03 07:52:13 - [MESSAGE][PASSED] - Keyboard is hidden

2022-01-03 07:52:13 - [TEST_STEP][PASSED] - tap(LOGN_BtnLogin, 0): Tapped on element 'Object Repository/Mobile/Page/Login/Button - Login'

2022-01-03 07:52:13 - [MESSAGE][WARNING] - Timeout '0' is invalid. Using default page load timeout: '60'

2022-01-03 07:52:14 - [MESSAGE][PASSED] - Tapped on element 'Object Repository/Mobile/Page/Login/Button - Login'

2022-01-03 07:52:14 - [TEST_STEP][PASSED] - delay(2): Delayed 2 second(s)

2022-01-03 07:52:16 - [MESSAGE][PASSED] - Delayed 2 second(s)

2022-01-03 07:52:16 - [TEST_STEP][PASSED] - break: null

2022-01-03 07:52:16 - [MESSAGE][PASSED] - Call Test Case 'Test Cases/Mobile/Page/Login/Login' successfully

2022-01-03 07:52:16 - [MESSAGE][PASSED] - Call Test Case 'Test Cases/Mobile/Page/CheckLogin' successfully

2022-01-03 07:52:16 - [TEST_STEP][PASSED] - tap(HOME_MenubarAnalysis, 0): Tapped on element 'Object Repository/Mobile/Page/Home/Menubar - Analysis'

2022-01-03 07:52:16 - [MESSAGE][WARNING] - Timeout '0' is invalid. Using default page load timeout: '60'

2022-01-03 07:52:20 - [MESSAGE][PASSED] - Tapped on element 'Object Repository/Mobile/Page/Home/Menubar - Analysis'

2022-01-03 07:52:20 - [TEST_STEP][PASSED] - delay(1): Delayed 1 second(s)

2022-01-03 07:52:21 - [MESSAGE][PASSED] - Delayed 1 second(s)

2022-01-03 07:52:21 - [TEST_STEP][PASSED] - for ([i = 0, i < 1, (i++)]): Delayed 2 second(s)

2022-01-03 07:52:21 - [TEST_STEP][PASSED] - if (action == "technicalsearch"): null

2022-01-03 07:52:21 - [TEST_STEP][PASSED] - else if (action == "technicaldetail"): Delayed 2 second(s)

2022-01-03 07:52:21 - [TEST_STEP][PASSED] - tap(ANAL_ItemTopResultTech, 0): Tapped on element 'Object Repository/Mobile/Page/Analysis/Item - Top Technical'

2022-01-03 07:52:21 - [MESSAGE][WARNING] - Timeout '0' is invalid. Using default page load timeout: '60'

2022-01-03 07:52:23 - [MESSAGE][PASSED] - Tapped on element 'Object Repository/Mobile/Page/Analysis/Item - Top Technical'

2022-01-03 07:52:23 - [TEST_STEP][PASSED] - delay(3): Delayed 3 second(s)

2022-01-03 07:52:26 - [MESSAGE][PASSED] - Delayed 3 second(s)

2022-01-03 07:52:26 - [TEST_STEP][PASSED] - switch (action2): null

2022-01-03 07:52:26 - [TEST_STEP][PASSED] - case "day":: null

2022-01-03 07:52:26 - [TEST_STEP][PASSED] - tap(ANAL_DETL_BtnD, 0): Tapped on element 'Object Repository/Mobile/Page/Analysis/Detail/Button - D'

2022-01-03 07:52:26 - [MESSAGE][WARNING] - Timeout '0' is invalid. Using default page load timeout: '60'

2022-01-03 07:52:26 - [MESSAGE][PASSED] - Tapped on element 'Object Repository/Mobile/Page/Analysis/Detail/Button - D'

2022-01-03 07:52:26 - [TEST_STEP][PASSED] - break: null

2022-01-03 07:52:26 - [TEST_STEP][PASSED] - delay(2): Delayed 2 second(s)

2022-01-03 07:52:28 - [MESSAGE][PASSED] - Delayed 2 second(s)

2022-01-03 07:52:28 - [MESSAGE][PASSED] - Call Test Case 'Test Cases/Mobile/Page/Analysis/Analysis' successfully

2022-01-03 07:52:28 - [TEST_STEP][PASSED] - callTestCase(findTestCase("Mobile/Page/Run App/Terminate App"), [:], STOP_ON_FAILURE): Call Test Case 'Test Cases/Mobile/Page/Run App/Terminate App' successfully

2022-01-03 07:52:28 - [TEST_CASE][PASSED] - Test Cases/Mobile/Page/Run App/Terminate App: Test Cases/Mobile/Page/Run App/Terminate App

2022-01-03 07:52:28 - [TEST_STEP][PASSED] - startApp.OpenApp.terminateApplication(): startApp.OpenApp.terminateApplication is PASSED

2022-01-03 07:52:31 - [MESSAGE][PASSED] - Delayed 3 second(s)

2022-01-03 07:52:32 - [MESSAGE][PASSED] - Current device physical width is 720

2022-01-03 07:52:32 - [MESSAGE][PASSED] - Current device physical height is 1423

2022-01-03 07:52:33 - [MESSAGE][PASSED] - Swiped from 360,853 to 360,142

2022-01-03 07:52:34 - [MESSAGE][PASSED] - Delayed 1 second(s)

2022-01-03 07:52:36 - [MESSAGE][PASSED] - Swiped from 360,853 to 360,142

2022-01-03 07:52:39 - [MESSAGE][PASSED] - Delayed 3 second(s)

2022-01-03 07:52:39 - [MESSAGE][PASSED] - startApp.OpenApp.terminateApplication is PASSED

2022-01-03 07:52:39 - [MESSAGE][PASSED] - Call Test Case 'Test Cases/Mobile/Page/Run App/Terminate App' successfully]]></system-out>
         <system-err><![CDATA[]]></system-err>
      </testcase>
      <testcase name="Test Cases/Mobile/Scenario/Analysis/003 - Melihat detail stock kategori week" time="66.094" classname="Test Cases/Mobile/Scenario/Analysis/003 - Melihat detail stock kategori week" status="PASSED">
         <system-out><![CDATA[2022-01-03 07:52:39 - [TEST_CASE][PASSED] - Test Cases/Mobile/Scenario/Analysis/003 - Melihat detail stock kategori week: Test Cases/Mobile/Scenario/Analysis/003 - Melihat detail stock kategori week

2022-01-03 07:52:40 - [TEST_STEP][PASSED] - callTestCase(findTestCase("Mobile/Page/Run App/Run App byID"), [:], STOP_ON_FAILURE): Call Test Case 'Test Cases/Mobile/Page/Run App/Run App byID' successfully

2022-01-03 07:52:40 - [TEST_CASE][PASSED] - Test Cases/Mobile/Page/Run App/Run App byID: Test Cases/Mobile/Page/Run App/Run App byID

2022-01-03 07:52:40 - [TEST_STEP][PASSED] - startApp.OpenApp.startApplication("id.co.miraeasset.sageclub"): startApp.OpenApp.startApplication is PASSED

2022-01-03 07:52:56 - [MESSAGE][PASSED] - Starting app with application ID: 'id.co.miraeasset.sageclub'

2022-01-03 07:52:56 - [MESSAGE][PASSED] - startApp.OpenApp.startApplication is PASSED

2022-01-03 07:52:56 - [MESSAGE][PASSED] - Call Test Case 'Test Cases/Mobile/Page/Run App/Run App byID' successfully

2022-01-03 07:52:56 - [TEST_STEP][PASSED] - callTestCase(findTestCase("Mobile/Page/Analysis/Analysis"), ["action":"technicaldetail", "action2":"week"], CONTINUE_ON_FAILURE): Call Test Case 'Test Cases/Mobile/Page/Analysis/Analysis' successfully

2022-01-03 07:52:56 - [TEST_CASE][PASSED] - Test Cases/Mobile/Page/Analysis/Analysis: Test Cases/Mobile/Page/Analysis/Analysis

2022-01-03 07:52:56 - [TEST_STEP][PASSED] - callTestCase(findTestCase("Mobile/Page/CheckLogin"), [:], CONTINUE_ON_FAILURE): Call Test Case 'Test Cases/Mobile/Page/CheckLogin' successfully

2022-01-03 07:52:56 - [TEST_CASE][PASSED] - Test Cases/Mobile/Page/CheckLogin: Test Cases/Mobile/Page/CheckLogin

2022-01-03 07:52:56 - [TEST_STEP][PASSED] - loginCheck = verifyElementExist(LOGN_BtnLogin, 5, CONTINUE_ON_FAILURE): Element 'Object Repository/Mobile/Page/Login/Button - Login' is exist

2022-01-03 07:52:59 - [MESSAGE][PASSED] - Element 'Object Repository/Mobile/Page/Login/Button - Login' is exist

2022-01-03 07:52:59 - [TEST_STEP][PASSED] - if (loginCheck): Call Test Case 'Test Cases/Mobile/Page/Login/Login' successfully

2022-01-03 07:52:59 - [TEST_STEP][PASSED] - callTestCase(findTestCase("Mobile/Page/Login/Login"), ["action":"username"], CONTINUE_ON_FAILURE): Call Test Case 'Test Cases/Mobile/Page/Login/Login' successfully

2022-01-03 07:52:59 - [TEST_CASE][PASSED] - Test Cases/Mobile/Page/Login/Login: Test Cases/Mobile/Page/Login/Login

2022-01-03 07:52:59 - [TEST_STEP][PASSED] - delay(2): Delayed 2 second(s)

2022-01-03 07:53:02 - [MESSAGE][PASSED] - Delayed 2 second(s)

2022-01-03 07:53:02 - [TEST_STEP][PASSED] - for ([i = 0, i < 1, (i++)]): null

2022-01-03 07:53:02 - [TEST_STEP][PASSED] - if (action == "username"): null

2022-01-03 07:53:02 - [TEST_STEP][PASSED] - tap(LOGN_EdtUserID, 0): Tapped on element 'Object Repository/Mobile/Page/Login/Input - UserID'

2022-01-03 07:53:02 - [MESSAGE][WARNING] - Timeout '0' is invalid. Using default page load timeout: '60'

2022-01-03 07:53:03 - [MESSAGE][PASSED] - Tapped on element 'Object Repository/Mobile/Page/Login/Input - UserID'

2022-01-03 07:53:03 - [TEST_STEP][PASSED] - delay(1): Delayed 1 second(s)

2022-01-03 07:53:04 - [MESSAGE][PASSED] - Delayed 1 second(s)

2022-01-03 07:53:04 - [TEST_STEP][PASSED] - setText(LOGN_EdtRdyUserID, "anggaaditya", 0): Text 'anggaaditya' has been set to element 'Object Repository/Mobile/Page/Login/Input Rdy - UserID'

2022-01-03 07:53:04 - [MESSAGE][WARNING] - Timeout '0' is invalid. Using default page load timeout: '60'

2022-01-03 07:53:04 - [MESSAGE][PASSED] - Text 'anggaaditya' has been set to element 'Object Repository/Mobile/Page/Login/Input Rdy - UserID'

2022-01-03 07:53:04 - [TEST_STEP][PASSED] - delay(1): Delayed 1 second(s)

2022-01-03 07:53:05 - [MESSAGE][PASSED] - Delayed 1 second(s)

2022-01-03 07:53:05 - [TEST_STEP][PASSED] - hideKeyboard(): Keyboard is hidden

2022-01-03 07:53:10 - [MESSAGE][PASSED] - Keyboard is hidden

2022-01-03 07:53:10 - [TEST_STEP][PASSED] - tap(LOGN_EdtPassword, 0): Tapped on element 'Object Repository/Mobile/Page/Login/Input - Password'

2022-01-03 07:53:10 - [MESSAGE][WARNING] - Timeout '0' is invalid. Using default page load timeout: '60'

2022-01-03 07:53:10 - [MESSAGE][PASSED] - Tapped on element 'Object Repository/Mobile/Page/Login/Input - Password'

2022-01-03 07:53:10 - [TEST_STEP][PASSED] - delay(1): Delayed 1 second(s)

2022-01-03 07:53:11 - [MESSAGE][PASSED] - Delayed 1 second(s)

2022-01-03 07:53:11 - [TEST_STEP][PASSED] - setText(LOGN_EdtRdyPassword, "Shalawa18", 0): Text 'Shalawa18' has been set to element 'Object Repository/Mobile/Page/Login/Input Rdy - Password'

2022-01-03 07:53:11 - [MESSAGE][WARNING] - Timeout '0' is invalid. Using default page load timeout: '60'

2022-01-03 07:53:12 - [MESSAGE][PASSED] - Text 'Shalawa18' has been set to element 'Object Repository/Mobile/Page/Login/Input Rdy - Password'

2022-01-03 07:53:12 - [TEST_STEP][PASSED] - delay(1): Delayed 1 second(s)

2022-01-03 07:53:13 - [MESSAGE][PASSED] - Delayed 1 second(s)

2022-01-03 07:53:13 - [TEST_STEP][PASSED] - hideKeyboard(): Keyboard is hidden

2022-01-03 07:53:22 - [MESSAGE][PASSED] - Keyboard is hidden

2022-01-03 07:53:22 - [TEST_STEP][PASSED] - tap(LOGN_BtnLogin, 0): Tapped on element 'Object Repository/Mobile/Page/Login/Button - Login'

2022-01-03 07:53:22 - [MESSAGE][WARNING] - Timeout '0' is invalid. Using default page load timeout: '60'

2022-01-03 07:53:22 - [MESSAGE][PASSED] - Tapped on element 'Object Repository/Mobile/Page/Login/Button - Login'

2022-01-03 07:53:22 - [TEST_STEP][PASSED] - delay(2): Delayed 2 second(s)

2022-01-03 07:53:24 - [MESSAGE][PASSED] - Delayed 2 second(s)

2022-01-03 07:53:24 - [TEST_STEP][PASSED] - break: null

2022-01-03 07:53:24 - [MESSAGE][PASSED] - Call Test Case 'Test Cases/Mobile/Page/Login/Login' successfully

2022-01-03 07:53:24 - [MESSAGE][PASSED] - Call Test Case 'Test Cases/Mobile/Page/CheckLogin' successfully

2022-01-03 07:53:24 - [TEST_STEP][PASSED] - tap(HOME_MenubarAnalysis, 0): Tapped on element 'Object Repository/Mobile/Page/Home/Menubar - Analysis'

2022-01-03 07:53:24 - [MESSAGE][WARNING] - Timeout '0' is invalid. Using default page load timeout: '60'

2022-01-03 07:53:26 - [MESSAGE][PASSED] - Tapped on element 'Object Repository/Mobile/Page/Home/Menubar - Analysis'

2022-01-03 07:53:26 - [TEST_STEP][PASSED] - delay(1): Delayed 1 second(s)

2022-01-03 07:53:27 - [MESSAGE][PASSED] - Delayed 1 second(s)

2022-01-03 07:53:27 - [TEST_STEP][PASSED] - for ([i = 0, i < 1, (i++)]): Delayed 2 second(s)

2022-01-03 07:53:27 - [TEST_STEP][PASSED] - if (action == "technicalsearch"): null

2022-01-03 07:53:27 - [TEST_STEP][PASSED] - else if (action == "technicaldetail"): Delayed 2 second(s)

2022-01-03 07:53:27 - [TEST_STEP][PASSED] - tap(ANAL_ItemTopResultTech, 0): Tapped on element 'Object Repository/Mobile/Page/Analysis/Item - Top Technical'

2022-01-03 07:53:27 - [MESSAGE][WARNING] - Timeout '0' is invalid. Using default page load timeout: '60'

2022-01-03 07:53:28 - [MESSAGE][PASSED] - Tapped on element 'Object Repository/Mobile/Page/Analysis/Item - Top Technical'

2022-01-03 07:53:28 - [TEST_STEP][PASSED] - delay(3): Delayed 3 second(s)

2022-01-03 07:53:31 - [MESSAGE][PASSED] - Delayed 3 second(s)

2022-01-03 07:53:31 - [TEST_STEP][PASSED] - switch (action2): null

2022-01-03 07:53:31 - [TEST_STEP][PASSED] - case "week":: null

2022-01-03 07:53:31 - [TEST_STEP][PASSED] - tap(ANAL_DETL_BtnW, 0): Tapped on element 'Object Repository/Mobile/Page/Analysis/Detail/Button - W'

2022-01-03 07:53:31 - [MESSAGE][WARNING] - Timeout '0' is invalid. Using default page load timeout: '60'

2022-01-03 07:53:32 - [MESSAGE][PASSED] - Tapped on element 'Object Repository/Mobile/Page/Analysis/Detail/Button - W'

2022-01-03 07:53:32 - [TEST_STEP][PASSED] - break: null

2022-01-03 07:53:32 - [TEST_STEP][PASSED] - delay(2): Delayed 2 second(s)

2022-01-03 07:53:34 - [MESSAGE][PASSED] - Delayed 2 second(s)

2022-01-03 07:53:34 - [MESSAGE][PASSED] - Call Test Case 'Test Cases/Mobile/Page/Analysis/Analysis' successfully

2022-01-03 07:53:34 - [TEST_STEP][PASSED] - callTestCase(findTestCase("Mobile/Page/Run App/Terminate App"), [:], STOP_ON_FAILURE): Call Test Case 'Test Cases/Mobile/Page/Run App/Terminate App' successfully

2022-01-03 07:53:34 - [TEST_CASE][PASSED] - Test Cases/Mobile/Page/Run App/Terminate App: Test Cases/Mobile/Page/Run App/Terminate App

2022-01-03 07:53:34 - [TEST_STEP][PASSED] - startApp.OpenApp.terminateApplication(): startApp.OpenApp.terminateApplication is PASSED

2022-01-03 07:53:37 - [MESSAGE][PASSED] - Delayed 3 second(s)

2022-01-03 07:53:38 - [MESSAGE][PASSED] - Current device physical width is 720

2022-01-03 07:53:38 - [MESSAGE][PASSED] - Current device physical height is 1423

2022-01-03 07:53:40 - [MESSAGE][PASSED] - Swiped from 360,853 to 360,142

2022-01-03 07:53:41 - [MESSAGE][PASSED] - Delayed 1 second(s)

2022-01-03 07:53:42 - [MESSAGE][PASSED] - Swiped from 360,853 to 360,142

2022-01-03 07:53:45 - [MESSAGE][PASSED] - Delayed 3 second(s)

2022-01-03 07:53:45 - [MESSAGE][PASSED] - startApp.OpenApp.terminateApplication is PASSED

2022-01-03 07:53:45 - [MESSAGE][PASSED] - Call Test Case 'Test Cases/Mobile/Page/Run App/Terminate App' successfully]]></system-out>
         <system-err><![CDATA[]]></system-err>
      </testcase>
      <testcase name="Test Cases/Mobile/Scenario/Analysis/004 - Melihat detail stock kategori month" time="66.859" classname="Test Cases/Mobile/Scenario/Analysis/004 - Melihat detail stock kategori month" status="PASSED">
         <system-out><![CDATA[2022-01-03 07:53:45 - [TEST_CASE][PASSED] - Test Cases/Mobile/Scenario/Analysis/004 - Melihat detail stock kategori month: Test Cases/Mobile/Scenario/Analysis/004 - Melihat detail stock kategori month

2022-01-03 07:53:46 - [TEST_STEP][PASSED] - callTestCase(findTestCase("Mobile/Page/Run App/Run App byID"), [:], STOP_ON_FAILURE): Call Test Case 'Test Cases/Mobile/Page/Run App/Run App byID' successfully

2022-01-03 07:53:46 - [TEST_CASE][PASSED] - Test Cases/Mobile/Page/Run App/Run App byID: Test Cases/Mobile/Page/Run App/Run App byID

2022-01-03 07:53:46 - [TEST_STEP][PASSED] - startApp.OpenApp.startApplication("id.co.miraeasset.sageclub"): startApp.OpenApp.startApplication is PASSED

2022-01-03 07:54:04 - [MESSAGE][PASSED] - Starting app with application ID: 'id.co.miraeasset.sageclub'

2022-01-03 07:54:04 - [MESSAGE][PASSED] - startApp.OpenApp.startApplication is PASSED

2022-01-03 07:54:04 - [MESSAGE][PASSED] - Call Test Case 'Test Cases/Mobile/Page/Run App/Run App byID' successfully

2022-01-03 07:54:04 - [TEST_STEP][PASSED] - callTestCase(findTestCase("Mobile/Page/Analysis/Analysis"), ["action":"technicaldetail", "action2":"month"], CONTINUE_ON_FAILURE): Call Test Case 'Test Cases/Mobile/Page/Analysis/Analysis' successfully

2022-01-03 07:54:04 - [TEST_CASE][PASSED] - Test Cases/Mobile/Page/Analysis/Analysis: Test Cases/Mobile/Page/Analysis/Analysis

2022-01-03 07:54:04 - [TEST_STEP][PASSED] - callTestCase(findTestCase("Mobile/Page/CheckLogin"), [:], CONTINUE_ON_FAILURE): Call Test Case 'Test Cases/Mobile/Page/CheckLogin' successfully

2022-01-03 07:54:04 - [TEST_CASE][PASSED] - Test Cases/Mobile/Page/CheckLogin: Test Cases/Mobile/Page/CheckLogin

2022-01-03 07:54:04 - [TEST_STEP][PASSED] - loginCheck = verifyElementExist(LOGN_BtnLogin, 5, CONTINUE_ON_FAILURE): Element 'Object Repository/Mobile/Page/Login/Button - Login' is exist

2022-01-03 07:54:06 - [MESSAGE][PASSED] - Element 'Object Repository/Mobile/Page/Login/Button - Login' is exist

2022-01-03 07:54:06 - [TEST_STEP][PASSED] - if (loginCheck): Call Test Case 'Test Cases/Mobile/Page/Login/Login' successfully

2022-01-03 07:54:06 - [TEST_STEP][PASSED] - callTestCase(findTestCase("Mobile/Page/Login/Login"), ["action":"username"], CONTINUE_ON_FAILURE): Call Test Case 'Test Cases/Mobile/Page/Login/Login' successfully

2022-01-03 07:54:06 - [TEST_CASE][PASSED] - Test Cases/Mobile/Page/Login/Login: Test Cases/Mobile/Page/Login/Login

2022-01-03 07:54:06 - [TEST_STEP][PASSED] - delay(2): Delayed 2 second(s)

2022-01-03 07:54:08 - [MESSAGE][PASSED] - Delayed 2 second(s)

2022-01-03 07:54:08 - [TEST_STEP][PASSED] - for ([i = 0, i < 1, (i++)]): null

2022-01-03 07:54:08 - [TEST_STEP][PASSED] - if (action == "username"): null

2022-01-03 07:54:08 - [TEST_STEP][PASSED] - tap(LOGN_EdtUserID, 0): Tapped on element 'Object Repository/Mobile/Page/Login/Input - UserID'

2022-01-03 07:54:08 - [MESSAGE][WARNING] - Timeout '0' is invalid. Using default page load timeout: '60'

2022-01-03 07:54:09 - [MESSAGE][PASSED] - Tapped on element 'Object Repository/Mobile/Page/Login/Input - UserID'

2022-01-03 07:54:09 - [TEST_STEP][PASSED] - delay(1): Delayed 1 second(s)

2022-01-03 07:54:10 - [MESSAGE][PASSED] - Delayed 1 second(s)

2022-01-03 07:54:10 - [TEST_STEP][PASSED] - setText(LOGN_EdtRdyUserID, "anggaaditya", 0): Text 'anggaaditya' has been set to element 'Object Repository/Mobile/Page/Login/Input Rdy - UserID'

2022-01-03 07:54:10 - [MESSAGE][WARNING] - Timeout '0' is invalid. Using default page load timeout: '60'

2022-01-03 07:54:11 - [MESSAGE][PASSED] - Text 'anggaaditya' has been set to element 'Object Repository/Mobile/Page/Login/Input Rdy - UserID'

2022-01-03 07:54:11 - [TEST_STEP][PASSED] - delay(1): Delayed 1 second(s)

2022-01-03 07:54:12 - [MESSAGE][PASSED] - Delayed 1 second(s)

2022-01-03 07:54:12 - [TEST_STEP][PASSED] - hideKeyboard(): Keyboard is hidden

2022-01-03 07:54:19 - [MESSAGE][PASSED] - Keyboard is hidden

2022-01-03 07:54:19 - [TEST_STEP][PASSED] - tap(LOGN_EdtPassword, 0): Tapped on element 'Object Repository/Mobile/Page/Login/Input - Password'

2022-01-03 07:54:19 - [MESSAGE][WARNING] - Timeout '0' is invalid. Using default page load timeout: '60'

2022-01-03 07:54:20 - [MESSAGE][PASSED] - Tapped on element 'Object Repository/Mobile/Page/Login/Input - Password'

2022-01-03 07:54:20 - [TEST_STEP][PASSED] - delay(1): Delayed 1 second(s)

2022-01-03 07:54:21 - [MESSAGE][PASSED] - Delayed 1 second(s)

2022-01-03 07:54:21 - [TEST_STEP][PASSED] - setText(LOGN_EdtRdyPassword, "Shalawa18", 0): Text 'Shalawa18' has been set to element 'Object Repository/Mobile/Page/Login/Input Rdy - Password'

2022-01-03 07:54:21 - [MESSAGE][WARNING] - Timeout '0' is invalid. Using default page load timeout: '60'

2022-01-03 07:54:21 - [MESSAGE][PASSED] - Text 'Shalawa18' has been set to element 'Object Repository/Mobile/Page/Login/Input Rdy - Password'

2022-01-03 07:54:21 - [TEST_STEP][PASSED] - delay(1): Delayed 1 second(s)

2022-01-03 07:54:22 - [MESSAGE][PASSED] - Delayed 1 second(s)

2022-01-03 07:54:22 - [TEST_STEP][PASSED] - hideKeyboard(): Keyboard is hidden

2022-01-03 07:54:29 - [MESSAGE][PASSED] - Keyboard is hidden

2022-01-03 07:54:29 - [TEST_STEP][PASSED] - tap(LOGN_BtnLogin, 0): Tapped on element 'Object Repository/Mobile/Page/Login/Button - Login'

2022-01-03 07:54:29 - [MESSAGE][WARNING] - Timeout '0' is invalid. Using default page load timeout: '60'

2022-01-03 07:54:30 - [MESSAGE][PASSED] - Tapped on element 'Object Repository/Mobile/Page/Login/Button - Login'

2022-01-03 07:54:30 - [TEST_STEP][PASSED] - delay(2): Delayed 2 second(s)

2022-01-03 07:54:32 - [MESSAGE][PASSED] - Delayed 2 second(s)

2022-01-03 07:54:32 - [TEST_STEP][PASSED] - break: null

2022-01-03 07:54:32 - [MESSAGE][PASSED] - Call Test Case 'Test Cases/Mobile/Page/Login/Login' successfully

2022-01-03 07:54:32 - [MESSAGE][PASSED] - Call Test Case 'Test Cases/Mobile/Page/CheckLogin' successfully

2022-01-03 07:54:32 - [TEST_STEP][PASSED] - tap(HOME_MenubarAnalysis, 0): Tapped on element 'Object Repository/Mobile/Page/Home/Menubar - Analysis'

2022-01-03 07:54:32 - [MESSAGE][WARNING] - Timeout '0' is invalid. Using default page load timeout: '60'

2022-01-03 07:54:33 - [MESSAGE][PASSED] - Tapped on element 'Object Repository/Mobile/Page/Home/Menubar - Analysis'

2022-01-03 07:54:33 - [TEST_STEP][PASSED] - delay(1): Delayed 1 second(s)

2022-01-03 07:54:34 - [MESSAGE][PASSED] - Delayed 1 second(s)

2022-01-03 07:54:34 - [TEST_STEP][PASSED] - for ([i = 0, i < 1, (i++)]): Delayed 2 second(s)

2022-01-03 07:54:34 - [TEST_STEP][PASSED] - if (action == "technicalsearch"): null

2022-01-03 07:54:34 - [TEST_STEP][PASSED] - else if (action == "technicaldetail"): Delayed 2 second(s)

2022-01-03 07:54:34 - [TEST_STEP][PASSED] - tap(ANAL_ItemTopResultTech, 0): Tapped on element 'Object Repository/Mobile/Page/Analysis/Item - Top Technical'

2022-01-03 07:54:34 - [MESSAGE][WARNING] - Timeout '0' is invalid. Using default page load timeout: '60'

2022-01-03 07:54:36 - [MESSAGE][PASSED] - Tapped on element 'Object Repository/Mobile/Page/Analysis/Item - Top Technical'

2022-01-03 07:54:36 - [TEST_STEP][PASSED] - delay(3): Delayed 3 second(s)

2022-01-03 07:54:39 - [MESSAGE][PASSED] - Delayed 3 second(s)

2022-01-03 07:54:39 - [TEST_STEP][PASSED] - switch (action2): null

2022-01-03 07:54:39 - [TEST_STEP][PASSED] - case "month":: null

2022-01-03 07:54:39 - [TEST_STEP][PASSED] - tap(ANAL_DETL_BtnM, 0): Tapped on element 'Object Repository/Mobile/Page/Analysis/Detail/Button - M'

2022-01-03 07:54:39 - [MESSAGE][WARNING] - Timeout '0' is invalid. Using default page load timeout: '60'

2022-01-03 07:54:39 - [MESSAGE][PASSED] - Tapped on element 'Object Repository/Mobile/Page/Analysis/Detail/Button - M'

2022-01-03 07:54:39 - [TEST_STEP][PASSED] - break: null

2022-01-03 07:54:39 - [TEST_STEP][PASSED] - delay(2): Delayed 2 second(s)

2022-01-03 07:54:41 - [MESSAGE][PASSED] - Delayed 2 second(s)

2022-01-03 07:54:41 - [MESSAGE][PASSED] - Call Test Case 'Test Cases/Mobile/Page/Analysis/Analysis' successfully

2022-01-03 07:54:41 - [TEST_STEP][PASSED] - callTestCase(findTestCase("Mobile/Page/Run App/Terminate App"), [:], STOP_ON_FAILURE): Call Test Case 'Test Cases/Mobile/Page/Run App/Terminate App' successfully

2022-01-03 07:54:41 - [TEST_CASE][PASSED] - Test Cases/Mobile/Page/Run App/Terminate App: Test Cases/Mobile/Page/Run App/Terminate App

2022-01-03 07:54:41 - [TEST_STEP][PASSED] - startApp.OpenApp.terminateApplication(): startApp.OpenApp.terminateApplication is PASSED

2022-01-03 07:54:44 - [MESSAGE][PASSED] - Delayed 3 second(s)

2022-01-03 07:54:45 - [MESSAGE][PASSED] - Current device physical width is 720

2022-01-03 07:54:45 - [MESSAGE][PASSED] - Current device physical height is 1423

2022-01-03 07:54:46 - [MESSAGE][PASSED] - Swiped from 360,853 to 360,142

2022-01-03 07:54:47 - [MESSAGE][PASSED] - Delayed 1 second(s)

2022-01-03 07:54:49 - [MESSAGE][PASSED] - Swiped from 360,853 to 360,142

2022-01-03 07:54:52 - [MESSAGE][PASSED] - Delayed 3 second(s)

2022-01-03 07:54:52 - [MESSAGE][PASSED] - startApp.OpenApp.terminateApplication is PASSED

2022-01-03 07:54:52 - [MESSAGE][PASSED] - Call Test Case 'Test Cases/Mobile/Page/Run App/Terminate App' successfully]]></system-out>
         <system-err><![CDATA[]]></system-err>
      </testcase>
      <testcase name="Test Cases/Mobile/Scenario/Analysis/005 - Melihat detail stock kategori year" time="67.164" classname="Test Cases/Mobile/Scenario/Analysis/005 - Melihat detail stock kategori year" status="PASSED">
         <system-out><![CDATA[2022-01-03 07:54:52 - [TEST_CASE][PASSED] - Test Cases/Mobile/Scenario/Analysis/005 - Melihat detail stock kategori year: Test Cases/Mobile/Scenario/Analysis/005 - Melihat detail stock kategori year

2022-01-03 07:54:52 - [TEST_STEP][PASSED] - callTestCase(findTestCase("Mobile/Page/Run App/Run App byID"), [:], STOP_ON_FAILURE): Call Test Case 'Test Cases/Mobile/Page/Run App/Run App byID' successfully

2022-01-03 07:54:52 - [TEST_CASE][PASSED] - Test Cases/Mobile/Page/Run App/Run App byID: Test Cases/Mobile/Page/Run App/Run App byID

2022-01-03 07:54:52 - [TEST_STEP][PASSED] - startApp.OpenApp.startApplication("id.co.miraeasset.sageclub"): startApp.OpenApp.startApplication is PASSED

2022-01-03 07:55:10 - [MESSAGE][PASSED] - Starting app with application ID: 'id.co.miraeasset.sageclub'

2022-01-03 07:55:10 - [MESSAGE][PASSED] - startApp.OpenApp.startApplication is PASSED

2022-01-03 07:55:10 - [MESSAGE][PASSED] - Call Test Case 'Test Cases/Mobile/Page/Run App/Run App byID' successfully

2022-01-03 07:55:10 - [TEST_STEP][PASSED] - callTestCase(findTestCase("Mobile/Page/Analysis/Analysis"), ["action":"technicaldetail", "action2":"year"], CONTINUE_ON_FAILURE): Call Test Case 'Test Cases/Mobile/Page/Analysis/Analysis' successfully

2022-01-03 07:55:10 - [TEST_CASE][PASSED] - Test Cases/Mobile/Page/Analysis/Analysis: Test Cases/Mobile/Page/Analysis/Analysis

2022-01-03 07:55:10 - [TEST_STEP][PASSED] - callTestCase(findTestCase("Mobile/Page/CheckLogin"), [:], CONTINUE_ON_FAILURE): Call Test Case 'Test Cases/Mobile/Page/CheckLogin' successfully

2022-01-03 07:55:10 - [TEST_CASE][PASSED] - Test Cases/Mobile/Page/CheckLogin: Test Cases/Mobile/Page/CheckLogin

2022-01-03 07:55:10 - [TEST_STEP][PASSED] - loginCheck = verifyElementExist(LOGN_BtnLogin, 5, CONTINUE_ON_FAILURE): Element 'Object Repository/Mobile/Page/Login/Button - Login' is exist

2022-01-03 07:55:13 - [MESSAGE][PASSED] - Element 'Object Repository/Mobile/Page/Login/Button - Login' is exist

2022-01-03 07:55:13 - [TEST_STEP][PASSED] - if (loginCheck): Call Test Case 'Test Cases/Mobile/Page/Login/Login' successfully

2022-01-03 07:55:13 - [TEST_STEP][PASSED] - callTestCase(findTestCase("Mobile/Page/Login/Login"), ["action":"username"], CONTINUE_ON_FAILURE): Call Test Case 'Test Cases/Mobile/Page/Login/Login' successfully

2022-01-03 07:55:13 - [TEST_CASE][PASSED] - Test Cases/Mobile/Page/Login/Login: Test Cases/Mobile/Page/Login/Login

2022-01-03 07:55:13 - [TEST_STEP][PASSED] - delay(2): Delayed 2 second(s)

2022-01-03 07:55:15 - [MESSAGE][PASSED] - Delayed 2 second(s)

2022-01-03 07:55:15 - [TEST_STEP][PASSED] - for ([i = 0, i < 1, (i++)]): null

2022-01-03 07:55:15 - [TEST_STEP][PASSED] - if (action == "username"): null

2022-01-03 07:55:15 - [TEST_STEP][PASSED] - tap(LOGN_EdtUserID, 0): Tapped on element 'Object Repository/Mobile/Page/Login/Input - UserID'

2022-01-03 07:55:15 - [MESSAGE][WARNING] - Timeout '0' is invalid. Using default page load timeout: '60'

2022-01-03 07:55:15 - [MESSAGE][PASSED] - Tapped on element 'Object Repository/Mobile/Page/Login/Input - UserID'

2022-01-03 07:55:15 - [TEST_STEP][PASSED] - delay(1): Delayed 1 second(s)

2022-01-03 07:55:16 - [MESSAGE][PASSED] - Delayed 1 second(s)

2022-01-03 07:55:16 - [TEST_STEP][PASSED] - setText(LOGN_EdtRdyUserID, "anggaaditya", 0): Text 'anggaaditya' has been set to element 'Object Repository/Mobile/Page/Login/Input Rdy - UserID'

2022-01-03 07:55:16 - [MESSAGE][WARNING] - Timeout '0' is invalid. Using default page load timeout: '60'

2022-01-03 07:55:17 - [MESSAGE][PASSED] - Text 'anggaaditya' has been set to element 'Object Repository/Mobile/Page/Login/Input Rdy - UserID'

2022-01-03 07:55:17 - [TEST_STEP][PASSED] - delay(1): Delayed 1 second(s)

2022-01-03 07:55:18 - [MESSAGE][PASSED] - Delayed 1 second(s)

2022-01-03 07:55:18 - [TEST_STEP][PASSED] - hideKeyboard(): Keyboard is hidden

2022-01-03 07:55:24 - [MESSAGE][PASSED] - Keyboard is hidden

2022-01-03 07:55:24 - [TEST_STEP][PASSED] - tap(LOGN_EdtPassword, 0): Tapped on element 'Object Repository/Mobile/Page/Login/Input - Password'

2022-01-03 07:55:24 - [MESSAGE][WARNING] - Timeout '0' is invalid. Using default page load timeout: '60'

2022-01-03 07:55:24 - [MESSAGE][PASSED] - Tapped on element 'Object Repository/Mobile/Page/Login/Input - Password'

2022-01-03 07:55:24 - [TEST_STEP][PASSED] - delay(1): Delayed 1 second(s)

2022-01-03 07:55:25 - [MESSAGE][PASSED] - Delayed 1 second(s)

2022-01-03 07:55:25 - [TEST_STEP][PASSED] - setText(LOGN_EdtRdyPassword, "Shalawa18", 0): Text 'Shalawa18' has been set to element 'Object Repository/Mobile/Page/Login/Input Rdy - Password'

2022-01-03 07:55:25 - [MESSAGE][WARNING] - Timeout '0' is invalid. Using default page load timeout: '60'

2022-01-03 07:55:26 - [MESSAGE][PASSED] - Text 'Shalawa18' has been set to element 'Object Repository/Mobile/Page/Login/Input Rdy - Password'

2022-01-03 07:55:26 - [TEST_STEP][PASSED] - delay(1): Delayed 1 second(s)

2022-01-03 07:55:27 - [MESSAGE][PASSED] - Delayed 1 second(s)

2022-01-03 07:55:27 - [TEST_STEP][PASSED] - hideKeyboard(): Keyboard is hidden

2022-01-03 07:55:36 - [MESSAGE][PASSED] - Keyboard is hidden

2022-01-03 07:55:36 - [TEST_STEP][PASSED] - tap(LOGN_BtnLogin, 0): Tapped on element 'Object Repository/Mobile/Page/Login/Button - Login'

2022-01-03 07:55:36 - [MESSAGE][WARNING] - Timeout '0' is invalid. Using default page load timeout: '60'

2022-01-03 07:55:37 - [MESSAGE][PASSED] - Tapped on element 'Object Repository/Mobile/Page/Login/Button - Login'

2022-01-03 07:55:37 - [TEST_STEP][PASSED] - delay(2): Delayed 2 second(s)

2022-01-03 07:55:39 - [MESSAGE][PASSED] - Delayed 2 second(s)

2022-01-03 07:55:39 - [TEST_STEP][PASSED] - break: null

2022-01-03 07:55:39 - [MESSAGE][PASSED] - Call Test Case 'Test Cases/Mobile/Page/Login/Login' successfully

2022-01-03 07:55:39 - [MESSAGE][PASSED] - Call Test Case 'Test Cases/Mobile/Page/CheckLogin' successfully

2022-01-03 07:55:39 - [TEST_STEP][PASSED] - tap(HOME_MenubarAnalysis, 0): Tapped on element 'Object Repository/Mobile/Page/Home/Menubar - Analysis'

2022-01-03 07:55:39 - [MESSAGE][WARNING] - Timeout '0' is invalid. Using default page load timeout: '60'

2022-01-03 07:55:40 - [MESSAGE][PASSED] - Tapped on element 'Object Repository/Mobile/Page/Home/Menubar - Analysis'

2022-01-03 07:55:40 - [TEST_STEP][PASSED] - delay(1): Delayed 1 second(s)

2022-01-03 07:55:41 - [MESSAGE][PASSED] - Delayed 1 second(s)

2022-01-03 07:55:41 - [TEST_STEP][PASSED] - for ([i = 0, i < 1, (i++)]): Delayed 2 second(s)

2022-01-03 07:55:41 - [TEST_STEP][PASSED] - if (action == "technicalsearch"): null

2022-01-03 07:55:41 - [TEST_STEP][PASSED] - else if (action == "technicaldetail"): Delayed 2 second(s)

2022-01-03 07:55:41 - [TEST_STEP][PASSED] - tap(ANAL_ItemTopResultTech, 0): Tapped on element 'Object Repository/Mobile/Page/Analysis/Item - Top Technical'

2022-01-03 07:55:41 - [MESSAGE][WARNING] - Timeout '0' is invalid. Using default page load timeout: '60'

2022-01-03 07:55:43 - [MESSAGE][PASSED] - Tapped on element 'Object Repository/Mobile/Page/Analysis/Item - Top Technical'

2022-01-03 07:55:43 - [TEST_STEP][PASSED] - delay(3): Delayed 3 second(s)

2022-01-03 07:55:46 - [MESSAGE][PASSED] - Delayed 3 second(s)

2022-01-03 07:55:46 - [TEST_STEP][PASSED] - switch (action2): null

2022-01-03 07:55:46 - [TEST_STEP][PASSED] - case "year":: null

2022-01-03 07:55:46 - [TEST_STEP][PASSED] - tap(ANAL_DETL_BtnY, 0): Tapped on element 'Object Repository/Mobile/Page/Analysis/Detail/Button - Y'

2022-01-03 07:55:46 - [MESSAGE][WARNING] - Timeout '0' is invalid. Using default page load timeout: '60'

2022-01-03 07:55:47 - [MESSAGE][PASSED] - Tapped on element 'Object Repository/Mobile/Page/Analysis/Detail/Button - Y'

2022-01-03 07:55:47 - [TEST_STEP][PASSED] - break: null

2022-01-03 07:55:47 - [TEST_STEP][PASSED] - delay(2): Delayed 2 second(s)

2022-01-03 07:55:49 - [MESSAGE][PASSED] - Delayed 2 second(s)

2022-01-03 07:55:49 - [MESSAGE][PASSED] - Call Test Case 'Test Cases/Mobile/Page/Analysis/Analysis' successfully

2022-01-03 07:55:49 - [TEST_STEP][PASSED] - callTestCase(findTestCase("Mobile/Page/Run App/Terminate App"), [:], STOP_ON_FAILURE): Call Test Case 'Test Cases/Mobile/Page/Run App/Terminate App' successfully

2022-01-03 07:55:49 - [TEST_CASE][PASSED] - Test Cases/Mobile/Page/Run App/Terminate App: Test Cases/Mobile/Page/Run App/Terminate App

2022-01-03 07:55:49 - [TEST_STEP][PASSED] - startApp.OpenApp.terminateApplication(): startApp.OpenApp.terminateApplication is PASSED

2022-01-03 07:55:52 - [MESSAGE][PASSED] - Delayed 3 second(s)

2022-01-03 07:55:52 - [MESSAGE][PASSED] - Current device physical width is 720

2022-01-03 07:55:52 - [MESSAGE][PASSED] - Current device physical height is 1423

2022-01-03 07:55:54 - [MESSAGE][PASSED] - Swiped from 360,853 to 360,142

2022-01-03 07:55:55 - [MESSAGE][PASSED] - Delayed 1 second(s)

2022-01-03 07:55:56 - [MESSAGE][PASSED] - Swiped from 360,853 to 360,142

2022-01-03 07:55:59 - [MESSAGE][PASSED] - Delayed 3 second(s)

2022-01-03 07:55:59 - [MESSAGE][PASSED] - startApp.OpenApp.terminateApplication is PASSED

2022-01-03 07:55:59 - [MESSAGE][PASSED] - Call Test Case 'Test Cases/Mobile/Page/Run App/Terminate App' successfully]]></system-out>
         <system-err><![CDATA[]]></system-err>
      </testcase>
      <testcase name="Test Cases/Mobile/Scenario/Analysis/006 - Melihat Research Report" time="66.292" classname="Test Cases/Mobile/Scenario/Analysis/006 - Melihat Research Report" status="PASSED">
         <system-out><![CDATA[2022-01-03 07:55:59 - [TEST_CASE][PASSED] - Test Cases/Mobile/Scenario/Analysis/006 - Melihat Research Report: Test Cases/Mobile/Scenario/Analysis/006 - Melihat Research Report

2022-01-03 07:55:59 - [TEST_STEP][PASSED] - callTestCase(findTestCase("Mobile/Page/Run App/Run App byID"), [:], STOP_ON_FAILURE): Call Test Case 'Test Cases/Mobile/Page/Run App/Run App byID' successfully

2022-01-03 07:55:59 - [TEST_CASE][PASSED] - Test Cases/Mobile/Page/Run App/Run App byID: Test Cases/Mobile/Page/Run App/Run App byID

2022-01-03 07:55:59 - [TEST_STEP][PASSED] - startApp.OpenApp.startApplication("id.co.miraeasset.sageclub"): startApp.OpenApp.startApplication is PASSED

2022-01-03 07:56:14 - [MESSAGE][PASSED] - Starting app with application ID: 'id.co.miraeasset.sageclub'

2022-01-03 07:56:14 - [MESSAGE][PASSED] - startApp.OpenApp.startApplication is PASSED

2022-01-03 07:56:14 - [MESSAGE][PASSED] - Call Test Case 'Test Cases/Mobile/Page/Run App/Run App byID' successfully

2022-01-03 07:56:14 - [TEST_STEP][PASSED] - callTestCase(findTestCase("Mobile/Page/Analysis/Analysis"), ["action":"researchdetail"], CONTINUE_ON_FAILURE): Call Test Case 'Test Cases/Mobile/Page/Analysis/Analysis' successfully

2022-01-03 07:56:14 - [TEST_CASE][PASSED] - Test Cases/Mobile/Page/Analysis/Analysis: Test Cases/Mobile/Page/Analysis/Analysis

2022-01-03 07:56:14 - [TEST_STEP][PASSED] - callTestCase(findTestCase("Mobile/Page/CheckLogin"), [:], CONTINUE_ON_FAILURE): Call Test Case 'Test Cases/Mobile/Page/CheckLogin' successfully

2022-01-03 07:56:14 - [TEST_CASE][PASSED] - Test Cases/Mobile/Page/CheckLogin: Test Cases/Mobile/Page/CheckLogin

2022-01-03 07:56:14 - [TEST_STEP][PASSED] - loginCheck = verifyElementExist(LOGN_BtnLogin, 5, CONTINUE_ON_FAILURE): Element 'Object Repository/Mobile/Page/Login/Button - Login' is exist

2022-01-03 07:56:16 - [MESSAGE][PASSED] - Element 'Object Repository/Mobile/Page/Login/Button - Login' is exist

2022-01-03 07:56:16 - [TEST_STEP][PASSED] - if (loginCheck): Call Test Case 'Test Cases/Mobile/Page/Login/Login' successfully

2022-01-03 07:56:16 - [TEST_STEP][PASSED] - callTestCase(findTestCase("Mobile/Page/Login/Login"), ["action":"username"], CONTINUE_ON_FAILURE): Call Test Case 'Test Cases/Mobile/Page/Login/Login' successfully

2022-01-03 07:56:16 - [TEST_CASE][PASSED] - Test Cases/Mobile/Page/Login/Login: Test Cases/Mobile/Page/Login/Login

2022-01-03 07:56:17 - [TEST_STEP][PASSED] - delay(2): Delayed 2 second(s)

2022-01-03 07:56:19 - [MESSAGE][PASSED] - Delayed 2 second(s)

2022-01-03 07:56:19 - [TEST_STEP][PASSED] - for ([i = 0, i < 1, (i++)]): null

2022-01-03 07:56:19 - [TEST_STEP][PASSED] - if (action == "username"): null

2022-01-03 07:56:19 - [TEST_STEP][PASSED] - tap(LOGN_EdtUserID, 0): Tapped on element 'Object Repository/Mobile/Page/Login/Input - UserID'

2022-01-03 07:56:19 - [MESSAGE][WARNING] - Timeout '0' is invalid. Using default page load timeout: '60'

2022-01-03 07:56:19 - [MESSAGE][PASSED] - Tapped on element 'Object Repository/Mobile/Page/Login/Input - UserID'

2022-01-03 07:56:19 - [TEST_STEP][PASSED] - delay(1): Delayed 1 second(s)

2022-01-03 07:56:20 - [MESSAGE][PASSED] - Delayed 1 second(s)

2022-01-03 07:56:20 - [TEST_STEP][PASSED] - setText(LOGN_EdtRdyUserID, "anggaaditya", 0): Text 'anggaaditya' has been set to element 'Object Repository/Mobile/Page/Login/Input Rdy - UserID'

2022-01-03 07:56:20 - [MESSAGE][WARNING] - Timeout '0' is invalid. Using default page load timeout: '60'

2022-01-03 07:56:21 - [MESSAGE][PASSED] - Text 'anggaaditya' has been set to element 'Object Repository/Mobile/Page/Login/Input Rdy - UserID'

2022-01-03 07:56:21 - [TEST_STEP][PASSED] - delay(1): Delayed 1 second(s)

2022-01-03 07:56:22 - [MESSAGE][PASSED] - Delayed 1 second(s)

2022-01-03 07:56:22 - [TEST_STEP][PASSED] - hideKeyboard(): Keyboard is hidden

2022-01-03 07:56:30 - [MESSAGE][PASSED] - Keyboard is hidden

2022-01-03 07:56:30 - [TEST_STEP][PASSED] - tap(LOGN_EdtPassword, 0): Tapped on element 'Object Repository/Mobile/Page/Login/Input - Password'

2022-01-03 07:56:30 - [MESSAGE][WARNING] - Timeout '0' is invalid. Using default page load timeout: '60'

2022-01-03 07:56:31 - [MESSAGE][PASSED] - Tapped on element 'Object Repository/Mobile/Page/Login/Input - Password'

2022-01-03 07:56:31 - [TEST_STEP][PASSED] - delay(1): Delayed 1 second(s)

2022-01-03 07:56:32 - [MESSAGE][PASSED] - Delayed 1 second(s)

2022-01-03 07:56:32 - [TEST_STEP][PASSED] - setText(LOGN_EdtRdyPassword, "Shalawa18", 0): Text 'Shalawa18' has been set to element 'Object Repository/Mobile/Page/Login/Input Rdy - Password'

2022-01-03 07:56:32 - [MESSAGE][WARNING] - Timeout '0' is invalid. Using default page load timeout: '60'

2022-01-03 07:56:33 - [MESSAGE][PASSED] - Text 'Shalawa18' has been set to element 'Object Repository/Mobile/Page/Login/Input Rdy - Password'

2022-01-03 07:56:33 - [TEST_STEP][PASSED] - delay(1): Delayed 1 second(s)

2022-01-03 07:56:34 - [MESSAGE][PASSED] - Delayed 1 second(s)

2022-01-03 07:56:34 - [TEST_STEP][PASSED] - hideKeyboard(): Keyboard is hidden

2022-01-03 07:56:41 - [MESSAGE][PASSED] - Keyboard is hidden

2022-01-03 07:56:41 - [TEST_STEP][PASSED] - tap(LOGN_BtnLogin, 0): Tapped on element 'Object Repository/Mobile/Page/Login/Button - Login'

2022-01-03 07:56:41 - [MESSAGE][WARNING] - Timeout '0' is invalid. Using default page load timeout: '60'

2022-01-03 07:56:42 - [MESSAGE][PASSED] - Tapped on element 'Object Repository/Mobile/Page/Login/Button - Login'

2022-01-03 07:56:42 - [TEST_STEP][PASSED] - delay(2): Delayed 2 second(s)

2022-01-03 07:56:44 - [MESSAGE][PASSED] - Delayed 2 second(s)

2022-01-03 07:56:44 - [TEST_STEP][PASSED] - break: null

2022-01-03 07:56:44 - [MESSAGE][PASSED] - Call Test Case 'Test Cases/Mobile/Page/Login/Login' successfully

2022-01-03 07:56:44 - [MESSAGE][PASSED] - Call Test Case 'Test Cases/Mobile/Page/CheckLogin' successfully

2022-01-03 07:56:44 - [TEST_STEP][PASSED] - tap(HOME_MenubarAnalysis, 0): Tapped on element 'Object Repository/Mobile/Page/Home/Menubar - Analysis'

2022-01-03 07:56:44 - [MESSAGE][WARNING] - Timeout '0' is invalid. Using default page load timeout: '60'

2022-01-03 07:56:46 - [MESSAGE][PASSED] - Tapped on element 'Object Repository/Mobile/Page/Home/Menubar - Analysis'

2022-01-03 07:56:46 - [TEST_STEP][PASSED] - delay(1): Delayed 1 second(s)

2022-01-03 07:56:47 - [MESSAGE][PASSED] - Delayed 1 second(s)

2022-01-03 07:56:47 - [TEST_STEP][PASSED] - for ([i = 0, i < 1, (i++)]): Press back button successfully

2022-01-03 07:56:47 - [TEST_STEP][PASSED] - if (action == "technicalsearch"): null

2022-01-03 07:56:47 - [TEST_STEP][PASSED] - else if (action == "technicaldetail"): null

2022-01-03 07:56:47 - [TEST_STEP][PASSED] - else if (action == "researchdetail"): Press back button successfully

2022-01-03 07:56:47 - [TEST_STEP][PASSED] - tap(ANAL_TabResearchReport, 0): Tapped on element 'Object Repository/Mobile/Page/Analysis/Tab - Research Report'

2022-01-03 07:56:47 - [MESSAGE][WARNING] - Timeout '0' is invalid. Using default page load timeout: '60'

2022-01-03 07:56:47 - [MESSAGE][PASSED] - Tapped on element 'Object Repository/Mobile/Page/Analysis/Tab - Research Report'

2022-01-03 07:56:47 - [TEST_STEP][PASSED] - delay(1): Delayed 1 second(s)

2022-01-03 07:56:48 - [MESSAGE][PASSED] - Delayed 1 second(s)

2022-01-03 07:56:48 - [TEST_STEP][PASSED] - tapAndHold(ANAL_ItemTopSearch, 1, 0): Tapped and held on element 'Object Repository/Mobile/Page/Analysis/Item - Top Search' with duration 1

2022-01-03 07:56:48 - [MESSAGE][WARNING] - Timeout '0' is invalid. Using default page load timeout: '60'

2022-01-03 07:56:51 - [MESSAGE][PASSED] - Tapped and held on element 'Object Repository/Mobile/Page/Analysis/Item - Top Search' with duration 1

2022-01-03 07:56:51 - [TEST_STEP][PASSED] - delay(3): Delayed 3 second(s)

2022-01-03 07:56:54 - [MESSAGE][PASSED] - Delayed 3 second(s)

2022-01-03 07:56:54 - [TEST_STEP][PASSED] - pressBack(): Press back button successfully

2022-01-03 07:56:54 - [MESSAGE][PASSED] - Press back button successfully

2022-01-03 07:56:54 - [MESSAGE][PASSED] - Call Test Case 'Test Cases/Mobile/Page/Analysis/Analysis' successfully

2022-01-03 07:56:54 - [TEST_STEP][PASSED] - callTestCase(findTestCase("Mobile/Page/Run App/Terminate App"), [:], STOP_ON_FAILURE): Call Test Case 'Test Cases/Mobile/Page/Run App/Terminate App' successfully

2022-01-03 07:56:54 - [TEST_CASE][PASSED] - Test Cases/Mobile/Page/Run App/Terminate App: Test Cases/Mobile/Page/Run App/Terminate App

2022-01-03 07:56:54 - [TEST_STEP][PASSED] - startApp.OpenApp.terminateApplication(): startApp.OpenApp.terminateApplication is PASSED

2022-01-03 07:56:58 - [MESSAGE][PASSED] - Delayed 3 second(s)

2022-01-03 07:56:58 - [MESSAGE][PASSED] - Current device physical width is 720

2022-01-03 07:56:59 - [MESSAGE][PASSED] - Current device physical height is 1423

2022-01-03 07:57:00 - [MESSAGE][PASSED] - Swiped from 360,853 to 360,142

2022-01-03 07:57:01 - [MESSAGE][PASSED] - Delayed 1 second(s)

2022-01-03 07:57:02 - [MESSAGE][PASSED] - Swiped from 360,853 to 360,142

2022-01-03 07:57:05 - [MESSAGE][PASSED] - Delayed 3 second(s)

2022-01-03 07:57:05 - [MESSAGE][PASSED] - startApp.OpenApp.terminateApplication is PASSED

2022-01-03 07:57:05 - [MESSAGE][PASSED] - Call Test Case 'Test Cases/Mobile/Page/Run App/Terminate App' successfully]]></system-out>
         <system-err><![CDATA[]]></system-err>
      </testcase>
      <testcase name="Test Cases/Mobile/Scenario/Analysis/007 - Mencari research report" time="78.369" classname="Test Cases/Mobile/Scenario/Analysis/007 - Mencari research report" status="PASSED">
         <system-out><![CDATA[2022-01-03 07:57:05 - [TEST_CASE][PASSED] - Test Cases/Mobile/Scenario/Analysis/007 - Mencari research report: Test Cases/Mobile/Scenario/Analysis/007 - Mencari research report

2022-01-03 07:57:06 - [TEST_STEP][PASSED] - callTestCase(findTestCase("Mobile/Page/Run App/Run App byID"), [:], STOP_ON_FAILURE): Call Test Case 'Test Cases/Mobile/Page/Run App/Run App byID' successfully

2022-01-03 07:57:06 - [TEST_CASE][PASSED] - Test Cases/Mobile/Page/Run App/Run App byID: Test Cases/Mobile/Page/Run App/Run App byID

2022-01-03 07:57:06 - [TEST_STEP][PASSED] - startApp.OpenApp.startApplication("id.co.miraeasset.sageclub"): startApp.OpenApp.startApplication is PASSED

2022-01-03 07:57:23 - [MESSAGE][PASSED] - Starting app with application ID: 'id.co.miraeasset.sageclub'

2022-01-03 07:57:23 - [MESSAGE][PASSED] - startApp.OpenApp.startApplication is PASSED

2022-01-03 07:57:23 - [MESSAGE][PASSED] - Call Test Case 'Test Cases/Mobile/Page/Run App/Run App byID' successfully

2022-01-03 07:57:23 - [TEST_STEP][PASSED] - callTestCase(findTestCase("Mobile/Page/Analysis/Analysis"), ["action":"researchsearch"], CONTINUE_ON_FAILURE): Call Test Case 'Test Cases/Mobile/Page/Analysis/Analysis' successfully

2022-01-03 07:57:23 - [TEST_CASE][PASSED] - Test Cases/Mobile/Page/Analysis/Analysis: Test Cases/Mobile/Page/Analysis/Analysis

2022-01-03 07:57:23 - [TEST_STEP][PASSED] - callTestCase(findTestCase("Mobile/Page/CheckLogin"), [:], CONTINUE_ON_FAILURE): Call Test Case 'Test Cases/Mobile/Page/CheckLogin' successfully

2022-01-03 07:57:23 - [TEST_CASE][PASSED] - Test Cases/Mobile/Page/CheckLogin: Test Cases/Mobile/Page/CheckLogin

2022-01-03 07:57:23 - [TEST_STEP][PASSED] - loginCheck = verifyElementExist(LOGN_BtnLogin, 5, CONTINUE_ON_FAILURE): Element 'Object Repository/Mobile/Page/Login/Button - Login' is exist

2022-01-03 07:57:25 - [MESSAGE][PASSED] - Element 'Object Repository/Mobile/Page/Login/Button - Login' is exist

2022-01-03 07:57:25 - [TEST_STEP][PASSED] - if (loginCheck): Call Test Case 'Test Cases/Mobile/Page/Login/Login' successfully

2022-01-03 07:57:25 - [TEST_STEP][PASSED] - callTestCase(findTestCase("Mobile/Page/Login/Login"), ["action":"username"], CONTINUE_ON_FAILURE): Call Test Case 'Test Cases/Mobile/Page/Login/Login' successfully

2022-01-03 07:57:25 - [TEST_CASE][PASSED] - Test Cases/Mobile/Page/Login/Login: Test Cases/Mobile/Page/Login/Login

2022-01-03 07:57:25 - [TEST_STEP][PASSED] - delay(2): Delayed 2 second(s)

2022-01-03 07:57:27 - [MESSAGE][PASSED] - Delayed 2 second(s)

2022-01-03 07:57:27 - [TEST_STEP][PASSED] - for ([i = 0, i < 1, (i++)]): null

2022-01-03 07:57:27 - [TEST_STEP][PASSED] - if (action == "username"): null

2022-01-03 07:57:27 - [TEST_STEP][PASSED] - tap(LOGN_EdtUserID, 0): Tapped on element 'Object Repository/Mobile/Page/Login/Input - UserID'

2022-01-03 07:57:27 - [MESSAGE][WARNING] - Timeout '0' is invalid. Using default page load timeout: '60'

2022-01-03 07:57:28 - [MESSAGE][PASSED] - Tapped on element 'Object Repository/Mobile/Page/Login/Input - UserID'

2022-01-03 07:57:28 - [TEST_STEP][PASSED] - delay(1): Delayed 1 second(s)

2022-01-03 07:57:29 - [MESSAGE][PASSED] - Delayed 1 second(s)

2022-01-03 07:57:29 - [TEST_STEP][PASSED] - setText(LOGN_EdtRdyUserID, "anggaaditya", 0): Text 'anggaaditya' has been set to element 'Object Repository/Mobile/Page/Login/Input Rdy - UserID'

2022-01-03 07:57:29 - [MESSAGE][WARNING] - Timeout '0' is invalid. Using default page load timeout: '60'

2022-01-03 07:57:30 - [MESSAGE][PASSED] - Text 'anggaaditya' has been set to element 'Object Repository/Mobile/Page/Login/Input Rdy - UserID'

2022-01-03 07:57:30 - [TEST_STEP][PASSED] - delay(1): Delayed 1 second(s)

2022-01-03 07:57:31 - [MESSAGE][PASSED] - Delayed 1 second(s)

2022-01-03 07:57:31 - [TEST_STEP][PASSED] - hideKeyboard(): Keyboard is hidden

2022-01-03 07:57:37 - [MESSAGE][PASSED] - Keyboard is hidden

2022-01-03 07:57:37 - [TEST_STEP][PASSED] - tap(LOGN_EdtPassword, 0): Tapped on element 'Object Repository/Mobile/Page/Login/Input - Password'

2022-01-03 07:57:37 - [MESSAGE][WARNING] - Timeout '0' is invalid. Using default page load timeout: '60'

2022-01-03 07:57:38 - [MESSAGE][PASSED] - Tapped on element 'Object Repository/Mobile/Page/Login/Input - Password'

2022-01-03 07:57:38 - [TEST_STEP][PASSED] - delay(1): Delayed 1 second(s)

2022-01-03 07:57:39 - [MESSAGE][PASSED] - Delayed 1 second(s)

2022-01-03 07:57:39 - [TEST_STEP][PASSED] - setText(LOGN_EdtRdyPassword, "Shalawa18", 0): Text 'Shalawa18' has been set to element 'Object Repository/Mobile/Page/Login/Input Rdy - Password'

2022-01-03 07:57:39 - [MESSAGE][WARNING] - Timeout '0' is invalid. Using default page load timeout: '60'

2022-01-03 07:57:40 - [MESSAGE][PASSED] - Text 'Shalawa18' has been set to element 'Object Repository/Mobile/Page/Login/Input Rdy - Password'

2022-01-03 07:57:40 - [TEST_STEP][PASSED] - delay(1): Delayed 1 second(s)

2022-01-03 07:57:41 - [MESSAGE][PASSED] - Delayed 1 second(s)

2022-01-03 07:57:41 - [TEST_STEP][PASSED] - hideKeyboard(): Keyboard is hidden

2022-01-03 07:57:51 - [MESSAGE][PASSED] - Keyboard is hidden

2022-01-03 07:57:51 - [TEST_STEP][PASSED] - tap(LOGN_BtnLogin, 0): Tapped on element 'Object Repository/Mobile/Page/Login/Button - Login'

2022-01-03 07:57:51 - [MESSAGE][WARNING] - Timeout '0' is invalid. Using default page load timeout: '60'

2022-01-03 07:57:52 - [MESSAGE][PASSED] - Tapped on element 'Object Repository/Mobile/Page/Login/Button - Login'

2022-01-03 07:57:52 - [TEST_STEP][PASSED] - delay(2): Delayed 2 second(s)

2022-01-03 07:57:54 - [MESSAGE][PASSED] - Delayed 2 second(s)

2022-01-03 07:57:54 - [TEST_STEP][PASSED] - break: null

2022-01-03 07:57:54 - [MESSAGE][PASSED] - Call Test Case 'Test Cases/Mobile/Page/Login/Login' successfully

2022-01-03 07:57:54 - [MESSAGE][PASSED] - Call Test Case 'Test Cases/Mobile/Page/CheckLogin' successfully

2022-01-03 07:57:54 - [TEST_STEP][PASSED] - tap(HOME_MenubarAnalysis, 0): Tapped on element 'Object Repository/Mobile/Page/Home/Menubar - Analysis'

2022-01-03 07:57:54 - [MESSAGE][WARNING] - Timeout '0' is invalid. Using default page load timeout: '60'

2022-01-03 07:57:55 - [MESSAGE][PASSED] - Tapped on element 'Object Repository/Mobile/Page/Home/Menubar - Analysis'

2022-01-03 07:57:55 - [TEST_STEP][PASSED] - delay(1): Delayed 1 second(s)

2022-01-03 07:57:56 - [MESSAGE][PASSED] - Delayed 1 second(s)

2022-01-03 07:57:56 - [TEST_STEP][PASSED] - for ([i = 0, i < 1, (i++)]): Press back button successfully

2022-01-03 07:57:56 - [TEST_STEP][PASSED] - if (action == "technicalsearch"): null

2022-01-03 07:57:56 - [TEST_STEP][PASSED] - else if (action == "technicaldetail"): null

2022-01-03 07:57:56 - [TEST_STEP][PASSED] - else if (action == "researchdetail"): null

2022-01-03 07:57:56 - [TEST_STEP][PASSED] - else if (action == "researchsearch"): Press back button successfully

2022-01-03 07:57:56 - [TEST_STEP][PASSED] - tap(ANAL_TabResearchReport, 0): Tapped on element 'Object Repository/Mobile/Page/Analysis/Tab - Research Report'

2022-01-03 07:57:56 - [MESSAGE][WARNING] - Timeout '0' is invalid. Using default page load timeout: '60'

2022-01-03 07:57:57 - [MESSAGE][PASSED] - Tapped on element 'Object Repository/Mobile/Page/Analysis/Tab - Research Report'

2022-01-03 07:57:57 - [TEST_STEP][PASSED] - delay(1): Delayed 1 second(s)

2022-01-03 07:57:58 - [MESSAGE][PASSED] - Delayed 1 second(s)

2022-01-03 07:57:58 - [TEST_STEP][PASSED] - tap(ANAL_EdtSearch, 0): Tapped on element 'Object Repository/Mobile/Page/Analysis/Input - Search'

2022-01-03 07:57:58 - [MESSAGE][WARNING] - Timeout '0' is invalid. Using default page load timeout: '60'

2022-01-03 07:57:59 - [MESSAGE][PASSED] - Tapped on element 'Object Repository/Mobile/Page/Analysis/Input - Search'

2022-01-03 07:57:59 - [TEST_STEP][PASSED] - delay(1): Delayed 1 second(s)

2022-01-03 07:58:00 - [MESSAGE][PASSED] - Delayed 1 second(s)

2022-01-03 07:58:00 - [TEST_STEP][PASSED] - setText(ANAL_EdtSearch, "surya", 0): Text 'surya' has been set to element 'Object Repository/Mobile/Page/Analysis/Input - Search'

2022-01-03 07:58:00 - [MESSAGE][WARNING] - Timeout '0' is invalid. Using default page load timeout: '60'

2022-01-03 07:58:00 - [MESSAGE][PASSED] - Text 'surya' has been set to element 'Object Repository/Mobile/Page/Analysis/Input - Search'

2022-01-03 07:58:00 - [TEST_STEP][PASSED] - hideKeyboard(): Keyboard is hidden

2022-01-03 07:58:06 - [MESSAGE][PASSED] - Keyboard is hidden

2022-01-03 07:58:06 - [TEST_STEP][PASSED] - tapAndHold(ANAL_ItemTopSearch, 1, 0): Tapped and held on element 'Object Repository/Mobile/Page/Analysis/Item - Top Search' with duration 1

2022-01-03 07:58:06 - [MESSAGE][WARNING] - Timeout '0' is invalid. Using default page load timeout: '60'

2022-01-03 07:58:09 - [MESSAGE][PASSED] - Tapped and held on element 'Object Repository/Mobile/Page/Analysis/Item - Top Search' with duration 1

2022-01-03 07:58:09 - [TEST_STEP][PASSED] - delay(3): Delayed 3 second(s)

2022-01-03 07:58:12 - [MESSAGE][PASSED] - Delayed 3 second(s)

2022-01-03 07:58:12 - [TEST_STEP][PASSED] - pressBack(): Press back button successfully

2022-01-03 07:58:12 - [MESSAGE][PASSED] - Press back button successfully

2022-01-03 07:58:12 - [MESSAGE][PASSED] - Call Test Case 'Test Cases/Mobile/Page/Analysis/Analysis' successfully

2022-01-03 07:58:12 - [TEST_STEP][PASSED] - callTestCase(findTestCase("Mobile/Page/Run App/Terminate App"), [:], STOP_ON_FAILURE): Call Test Case 'Test Cases/Mobile/Page/Run App/Terminate App' successfully

2022-01-03 07:58:12 - [TEST_CASE][PASSED] - Test Cases/Mobile/Page/Run App/Terminate App: Test Cases/Mobile/Page/Run App/Terminate App

2022-01-03 07:58:12 - [TEST_STEP][PASSED] - startApp.OpenApp.terminateApplication(): startApp.OpenApp.terminateApplication is PASSED

2022-01-03 07:58:16 - [MESSAGE][PASSED] - Delayed 3 second(s)

2022-01-03 07:58:17 - [MESSAGE][PASSED] - Current device physical width is 720

2022-01-03 07:58:17 - [MESSAGE][PASSED] - Current device physical height is 1423

2022-01-03 07:58:18 - [MESSAGE][PASSED] - Swiped from 360,853 to 360,142

2022-01-03 07:58:19 - [MESSAGE][PASSED] - Delayed 1 second(s)

2022-01-03 07:58:21 - [MESSAGE][PASSED] - Swiped from 360,853 to 360,142

2022-01-03 07:58:24 - [MESSAGE][PASSED] - Delayed 3 second(s)

2022-01-03 07:58:24 - [MESSAGE][PASSED] - startApp.OpenApp.terminateApplication is PASSED

2022-01-03 07:58:24 - [MESSAGE][PASSED] - Call Test Case 'Test Cases/Mobile/Page/Run App/Terminate App' successfully]]></system-out>
         <system-err><![CDATA[]]></system-err>
      </testcase>
      <system-out><![CDATA[2022-01-03 07:49:21 - [TEST_SUITE][PASSED] - analysis: Test Cases/Mobile/Scenario/Analysis/007 - Mencari research report]]></system-out>
      <system-err><![CDATA[]]></system-err>
   </testsuite>
</testsuites>
