<?xml version="1.0" encoding="UTF-8"?>
<testsuites name="analysis" time="475.323" tests="7" failures="0" skips="0" errors="0">
   <testsuite name="analysis" tests="7" failures="0" errors="0" time="475.323" skips="0" timestamp="2022-01-12 07:39:46" hostname="Owner - aldy-tft" id="Test Suites/analysis">
      <properties>
         <property name="deviceName" value="samsung SM-A205F (Android 11)"/>
         <property name="devicePlatform" value=""/>
         <property name="logFolder" value="C:\\Users\\Owner\\Documents\\kerjaan\\KatalonProject\\qa_katalon_pwm\\qa_katalon_pwm\\Reports\\20220112_073909\\analysis\\20220112_073914"/>
         <property name="logFiles" value="C:\\Users\\Owner\\Documents\\kerjaan\\KatalonProject\\qa_katalon_pwm\\qa_katalon_pwm\\Reports\\20220112_073909\\analysis\\20220112_073914\\appium.log, C:\\Users\\Owner\\Documents\\kerjaan\\KatalonProject\\qa_katalon_pwm\\qa_katalon_pwm\\Reports\\20220112_073909\\analysis\\20220112_073914\\execution0.log"/>
         <property name="attachments" value=""/>
         <property name="hostName" value="Owner - aldy-tft"/>
         <property name="os" value="Windows 10 64bit"/>
         <property name="appiumServerStatus" value="{&quot;value&quot;:{&quot;build&quot;:{&quot;version&quot;:&quot;1.22.0&quot;}},&quot;sessionId&quot;:null,&quot;status&quot;:0}"/>
         <property name="katalonVersion" value="7.9.1.208"/>
         <property name="deviceOS" value="Android"/>
         <property name="appiumVersion" value="1.22.0"/>
         <property name="deviceModel" value="SM-A205F"/>
         <property name="hostAddress" value="10.0.30.144"/>
         <property name="deviceManufacturer" value="samsung"/>
         <property name="deviceId" value="RR8M40C9AXE"/>
         <property name="deviceName" value="samsung SM-A205F (Android 11)"/>
         <property name="deviceOSVersion" value="11"/>
      </properties>
      <testcase name="Test Cases/Mobile/Scenario/Analysis/001 - Melihat list stock technical analysis" time="106.434" classname="Test Cases/Mobile/Scenario/Analysis/001 - Melihat list stock technical analysis" status="PASSED">
         <system-out><![CDATA[2022-01-12 07:39:47 - [TEST_CASE][PASSED] - Test Cases/Mobile/Scenario/Analysis/001 - Melihat list stock technical analysis: Test Cases/Mobile/Scenario/Analysis/001 - Melihat list stock technical analysis

2022-01-12 07:39:47 - [TEST_STEP][PASSED] - callTestCase(findTestCase("Mobile/Page/Run App/Run App byID"), [:], STOP_ON_FAILURE): Call Test Case 'Test Cases/Mobile/Page/Run App/Run App byID' successfully

2022-01-12 07:39:47 - [TEST_CASE][PASSED] - Test Cases/Mobile/Page/Run App/Run App byID: Test Cases/Mobile/Page/Run App/Run App byID

2022-01-12 07:39:48 - [TEST_STEP][PASSED] - startApp.OpenApp.startApplication("id.co.miraeasset.sageclub"): startApp.OpenApp.startApplication is PASSED

2022-01-12 07:39:56 - [MESSAGE][INFO] - Appium server started on port 64,913

2022-01-12 07:40:15 - [MESSAGE][PASSED] - Starting app with application ID: 'id.co.miraeasset.sageclub'

2022-01-12 07:40:15 - [MESSAGE][PASSED] - startApp.OpenApp.startApplication is PASSED

2022-01-12 07:40:15 - [MESSAGE][PASSED] - Call Test Case 'Test Cases/Mobile/Page/Run App/Run App byID' successfully

2022-01-12 07:40:15 - [TEST_STEP][PASSED] - callTestCase(findTestCase("Mobile/Page/Analysis/Analysis"), ["action":"technicalsearch"], CONTINUE_ON_FAILURE): Call Test Case 'Test Cases/Mobile/Page/Analysis/Analysis' successfully

2022-01-12 07:40:16 - [TEST_CASE][PASSED] - Test Cases/Mobile/Page/Analysis/Analysis: Test Cases/Mobile/Page/Analysis/Analysis

2022-01-12 07:40:16 - [TEST_STEP][PASSED] - callTestCase(findTestCase("Mobile/Page/CheckLogin"), [:], CONTINUE_ON_FAILURE): Call Test Case 'Test Cases/Mobile/Page/CheckLogin' successfully

2022-01-12 07:40:16 - [TEST_CASE][PASSED] - Test Cases/Mobile/Page/CheckLogin: Test Cases/Mobile/Page/CheckLogin

2022-01-12 07:40:16 - [TEST_STEP][PASSED] - loginCheck = verifyElementExist(LOGN_BtnLogin, 5, CONTINUE_ON_FAILURE): Element 'Object Repository/Mobile/Page/Login/Button - Login' is exist

2022-01-12 07:40:33 - [MESSAGE][PASSED] - Element 'Object Repository/Mobile/Page/Login/Button - Login' is exist

2022-01-12 07:40:33 - [TEST_STEP][PASSED] - if (loginCheck): Call Test Case 'Test Cases/Mobile/Page/Login/Login' successfully

2022-01-12 07:40:33 - [TEST_STEP][PASSED] - callTestCase(findTestCase("Mobile/Page/Login/Login"), ["action":"username"], CONTINUE_ON_FAILURE): Call Test Case 'Test Cases/Mobile/Page/Login/Login' successfully

2022-01-12 07:40:33 - [TEST_CASE][PASSED] - Test Cases/Mobile/Page/Login/Login: Test Cases/Mobile/Page/Login/Login

2022-01-12 07:40:34 - [TEST_STEP][PASSED] - delay(2): Delayed 2 second(s)

2022-01-12 07:40:36 - [MESSAGE][PASSED] - Delayed 2 second(s)

2022-01-12 07:40:36 - [TEST_STEP][PASSED] - for ([i = 0, i < 1, (i++)]): null

2022-01-12 07:40:36 - [TEST_STEP][PASSED] - if (action == "username"): null

2022-01-12 07:40:36 - [TEST_STEP][PASSED] - tap(LOGN_EdtUserID, 0): Tapped on element 'Object Repository/Mobile/Page/Login/Input - UserID'

2022-01-12 07:40:36 - [MESSAGE][WARNING] - Timeout '0' is invalid. Using default page load timeout: '60'

2022-01-12 07:40:36 - [MESSAGE][PASSED] - Tapped on element 'Object Repository/Mobile/Page/Login/Input - UserID'

2022-01-12 07:40:36 - [TEST_STEP][PASSED] - delay(1): Delayed 1 second(s)

2022-01-12 07:40:37 - [MESSAGE][PASSED] - Delayed 1 second(s)

2022-01-12 07:40:37 - [TEST_STEP][PASSED] - setText(LOGN_EdtRdyUserID, "anggaaditya", 0): Text 'anggaaditya' has been set to element 'Object Repository/Mobile/Page/Login/Input Rdy - UserID'

2022-01-12 07:40:37 - [MESSAGE][WARNING] - Timeout '0' is invalid. Using default page load timeout: '60'

2022-01-12 07:40:38 - [MESSAGE][PASSED] - Text 'anggaaditya' has been set to element 'Object Repository/Mobile/Page/Login/Input Rdy - UserID'

2022-01-12 07:40:38 - [TEST_STEP][PASSED] - delay(1): Delayed 1 second(s)

2022-01-12 07:40:39 - [MESSAGE][PASSED] - Delayed 1 second(s)

2022-01-12 07:40:39 - [TEST_STEP][PASSED] - hideKeyboard(): Keyboard is hidden

2022-01-12 07:40:43 - [MESSAGE][PASSED] - Keyboard is hidden

2022-01-12 07:40:44 - [TEST_STEP][PASSED] - tap(LOGN_EdtPassword, 0): Tapped on element 'Object Repository/Mobile/Page/Login/Input - Password'

2022-01-12 07:40:44 - [MESSAGE][WARNING] - Timeout '0' is invalid. Using default page load timeout: '60'

2022-01-12 07:40:44 - [MESSAGE][PASSED] - Tapped on element 'Object Repository/Mobile/Page/Login/Input - Password'

2022-01-12 07:40:44 - [TEST_STEP][PASSED] - delay(1): Delayed 1 second(s)

2022-01-12 07:40:45 - [MESSAGE][PASSED] - Delayed 1 second(s)

2022-01-12 07:40:45 - [TEST_STEP][PASSED] - setText(LOGN_EdtRdyPassword, "Shalawa18", 0): Text 'Shalawa18' has been set to element 'Object Repository/Mobile/Page/Login/Input Rdy - Password'

2022-01-12 07:40:45 - [MESSAGE][WARNING] - Timeout '0' is invalid. Using default page load timeout: '60'

2022-01-12 07:40:46 - [MESSAGE][PASSED] - Text 'Shalawa18' has been set to element 'Object Repository/Mobile/Page/Login/Input Rdy - Password'

2022-01-12 07:40:46 - [TEST_STEP][PASSED] - delay(1): Delayed 1 second(s)

2022-01-12 07:40:47 - [MESSAGE][PASSED] - Delayed 1 second(s)

2022-01-12 07:40:47 - [TEST_STEP][PASSED] - hideKeyboard(): Keyboard is hidden

2022-01-12 07:40:53 - [MESSAGE][PASSED] - Keyboard is hidden

2022-01-12 07:40:53 - [TEST_STEP][PASSED] - tap(LOGN_BtnLogin, 0): Tapped on element 'Object Repository/Mobile/Page/Login/Button - Login'

2022-01-12 07:40:53 - [MESSAGE][WARNING] - Timeout '0' is invalid. Using default page load timeout: '60'

2022-01-12 07:40:54 - [MESSAGE][PASSED] - Tapped on element 'Object Repository/Mobile/Page/Login/Button - Login'

2022-01-12 07:40:54 - [TEST_STEP][PASSED] - delay(2): Delayed 2 second(s)

2022-01-12 07:40:56 - [MESSAGE][PASSED] - Delayed 2 second(s)

2022-01-12 07:40:56 - [TEST_STEP][PASSED] - break: null

2022-01-12 07:40:56 - [MESSAGE][PASSED] - Call Test Case 'Test Cases/Mobile/Page/Login/Login' successfully

2022-01-12 07:40:56 - [MESSAGE][PASSED] - Call Test Case 'Test Cases/Mobile/Page/CheckLogin' successfully

2022-01-12 07:40:56 - [TEST_STEP][PASSED] - tap(HOME_MenubarAnalysis, 0): Tapped on element 'Object Repository/Mobile/Page/Home/Menubar - Analysis'

2022-01-12 07:40:56 - [MESSAGE][WARNING] - Timeout '0' is invalid. Using default page load timeout: '60'

2022-01-12 07:40:58 - [MESSAGE][PASSED] - Tapped on element 'Object Repository/Mobile/Page/Home/Menubar - Analysis'

2022-01-12 07:40:58 - [TEST_STEP][PASSED] - delay(1): Delayed 1 second(s)

2022-01-12 07:40:59 - [MESSAGE][PASSED] - Delayed 1 second(s)

2022-01-12 07:40:59 - [TEST_STEP][PASSED] - for ([i = 0, i < 1, (i++)]): Delayed 2 second(s)

2022-01-12 07:40:59 - [TEST_STEP][PASSED] - if (action == "technicalsearch"): Delayed 2 second(s)

2022-01-12 07:40:59 - [TEST_STEP][PASSED] - tap(ANAL_DropTechIndicator, 0): Tapped on element 'Object Repository/Mobile/Page/Analysis/Dropdown - Technical Indicator'

2022-01-12 07:40:59 - [MESSAGE][WARNING] - Timeout '0' is invalid. Using default page load timeout: '60'

2022-01-12 07:41:01 - [MESSAGE][PASSED] - Tapped on element 'Object Repository/Mobile/Page/Analysis/Dropdown - Technical Indicator'

2022-01-12 07:41:01 - [TEST_STEP][PASSED] - delay(1): Delayed 1 second(s)

2022-01-12 07:41:02 - [MESSAGE][PASSED] - Delayed 1 second(s)

2022-01-12 07:41:02 - [TEST_STEP][PASSED] - tap(ANAL_OptTechIndicatorAll, 0): Tapped on element 'Object Repository/Mobile/Page/Analysis/Option Technical Indicator - All'

2022-01-12 07:41:02 - [MESSAGE][WARNING] - Timeout '0' is invalid. Using default page load timeout: '60'

2022-01-12 07:41:03 - [MESSAGE][PASSED] - Tapped on element 'Object Repository/Mobile/Page/Analysis/Option Technical Indicator - All'

2022-01-12 07:41:03 - [TEST_STEP][PASSED] - delay(1): Delayed 1 second(s)

2022-01-12 07:41:04 - [MESSAGE][PASSED] - Delayed 1 second(s)

2022-01-12 07:41:04 - [TEST_STEP][PASSED] - tap(ANAL_DropMarketCap, 0): Tapped on element 'Object Repository/Mobile/Page/Analysis/Dropdown - Market Cap'

2022-01-12 07:41:04 - [MESSAGE][WARNING] - Timeout '0' is invalid. Using default page load timeout: '60'

2022-01-12 07:41:05 - [MESSAGE][PASSED] - Tapped on element 'Object Repository/Mobile/Page/Analysis/Dropdown - Market Cap'

2022-01-12 07:41:05 - [TEST_STEP][PASSED] - delay(1): Delayed 1 second(s)

2022-01-12 07:41:06 - [MESSAGE][PASSED] - Delayed 1 second(s)

2022-01-12 07:41:06 - [TEST_STEP][PASSED] - tap(ANAL_OptMarketCap1T, 0): Tapped on element 'Object Repository/Mobile/Page/Analysis/Option Market Cap - 1 Trillion'

2022-01-12 07:41:06 - [MESSAGE][WARNING] - Timeout '0' is invalid. Using default page load timeout: '60'

2022-01-12 07:41:07 - [MESSAGE][PASSED] - Tapped on element 'Object Repository/Mobile/Page/Analysis/Option Market Cap - 1 Trillion'

2022-01-12 07:41:07 - [TEST_STEP][PASSED] - delay(1): Delayed 1 second(s)

2022-01-12 07:41:08 - [MESSAGE][PASSED] - Delayed 1 second(s)

2022-01-12 07:41:08 - [TEST_STEP][PASSED] - tap(ANAL_DropTransaction, 0): Tapped on element 'Object Repository/Mobile/Page/Analysis/Dropdown - Transaction'

2022-01-12 07:41:08 - [MESSAGE][WARNING] - Timeout '0' is invalid. Using default page load timeout: '60'

2022-01-12 07:41:09 - [MESSAGE][PASSED] - Tapped on element 'Object Repository/Mobile/Page/Analysis/Dropdown - Transaction'

2022-01-12 07:41:09 - [TEST_STEP][PASSED] - delay(1): Delayed 1 second(s)

2022-01-12 07:41:10 - [MESSAGE][PASSED] - Delayed 1 second(s)

2022-01-12 07:41:10 - [TEST_STEP][PASSED] - tap(ANAL_OptTransaction1B, 0): Tapped on element 'Object Repository/Mobile/Page/Analysis/Option Transaction - 1 Billion'

2022-01-12 07:41:10 - [MESSAGE][WARNING] - Timeout '0' is invalid. Using default page load timeout: '60'

2022-01-12 07:41:11 - [MESSAGE][PASSED] - Tapped on element 'Object Repository/Mobile/Page/Analysis/Option Transaction - 1 Billion'

2022-01-12 07:41:11 - [TEST_STEP][PASSED] - delay(1): Delayed 1 second(s)

2022-01-12 07:41:12 - [MESSAGE][PASSED] - Delayed 1 second(s)

2022-01-12 07:41:12 - [TEST_STEP][PASSED] - tap(ANAL_DropTimeFrame, 0): Tapped on element 'Object Repository/Mobile/Page/Analysis/Dropdown - Time Frame'

2022-01-12 07:41:12 - [MESSAGE][WARNING] - Timeout '0' is invalid. Using default page load timeout: '60'

2022-01-12 07:41:14 - [MESSAGE][PASSED] - Tapped on element 'Object Repository/Mobile/Page/Analysis/Dropdown - Time Frame'

2022-01-12 07:41:14 - [TEST_STEP][PASSED] - delay(1): Delayed 1 second(s)

2022-01-12 07:41:15 - [MESSAGE][PASSED] - Delayed 1 second(s)

2022-01-12 07:41:15 - [TEST_STEP][PASSED] - tap(ANAL_OptTimeFrameDaily, 0): Tapped on element 'Object Repository/Mobile/Page/Analysis/Option Time Frame - Daily'

2022-01-12 07:41:15 - [MESSAGE][WARNING] - Timeout '0' is invalid. Using default page load timeout: '60'

2022-01-12 07:41:16 - [MESSAGE][PASSED] - Tapped on element 'Object Repository/Mobile/Page/Analysis/Option Time Frame - Daily'

2022-01-12 07:41:16 - [TEST_STEP][PASSED] - delay(1): Delayed 1 second(s)

2022-01-12 07:41:17 - [MESSAGE][PASSED] - Delayed 1 second(s)

2022-01-12 07:41:17 - [TEST_STEP][PASSED] - tap(ANAL_DropIndex, 0): Tapped on element 'Object Repository/Mobile/Page/Analysis/Dropdown - Index'

2022-01-12 07:41:17 - [MESSAGE][WARNING] - Timeout '0' is invalid. Using default page load timeout: '60'

2022-01-12 07:41:18 - [MESSAGE][PASSED] - Tapped on element 'Object Repository/Mobile/Page/Analysis/Dropdown - Index'

2022-01-12 07:41:18 - [TEST_STEP][PASSED] - delay(1): Delayed 1 second(s)

2022-01-12 07:41:19 - [MESSAGE][PASSED] - Delayed 1 second(s)

2022-01-12 07:41:19 - [TEST_STEP][PASSED] - tap(ANAL_OptIndexIdx30, 0): Tapped on element 'Object Repository/Mobile/Page/Analysis/Option Index - Idx30'

2022-01-12 07:41:19 - [MESSAGE][WARNING] - Timeout '0' is invalid. Using default page load timeout: '60'

2022-01-12 07:41:20 - [MESSAGE][PASSED] - Tapped on element 'Object Repository/Mobile/Page/Analysis/Option Index - Idx30'

2022-01-12 07:41:20 - [TEST_STEP][PASSED] - delay(2): Delayed 2 second(s)

2022-01-12 07:41:22 - [MESSAGE][PASSED] - Delayed 2 second(s)

2022-01-12 07:41:22 - [MESSAGE][PASSED] - Call Test Case 'Test Cases/Mobile/Page/Analysis/Analysis' successfully

2022-01-12 07:41:22 - [TEST_STEP][PASSED] - callTestCase(findTestCase("Mobile/Page/Run App/Terminate App"), [:], STOP_ON_FAILURE): Call Test Case 'Test Cases/Mobile/Page/Run App/Terminate App' successfully

2022-01-12 07:41:22 - [TEST_CASE][PASSED] - Test Cases/Mobile/Page/Run App/Terminate App: Test Cases/Mobile/Page/Run App/Terminate App

2022-01-12 07:41:23 - [TEST_STEP][PASSED] - startApp.OpenApp.terminateApplication(): startApp.OpenApp.terminateApplication is PASSED

2022-01-12 07:41:26 - [MESSAGE][PASSED] - Delayed 3 second(s)

2022-01-12 07:41:26 - [MESSAGE][PASSED] - Current device physical width is 720

2022-01-12 07:41:26 - [MESSAGE][PASSED] - Current device physical height is 1423

2022-01-12 07:41:28 - [MESSAGE][PASSED] - Swiped from 360,853 to 360,142

2022-01-12 07:41:29 - [MESSAGE][PASSED] - Delayed 1 second(s)

2022-01-12 07:41:30 - [MESSAGE][PASSED] - Swiped from 360,853 to 360,142

2022-01-12 07:41:33 - [MESSAGE][PASSED] - Delayed 3 second(s)

2022-01-12 07:41:33 - [MESSAGE][PASSED] - startApp.OpenApp.terminateApplication is PASSED

2022-01-12 07:41:33 - [MESSAGE][PASSED] - Call Test Case 'Test Cases/Mobile/Page/Run App/Terminate App' successfully]]></system-out>
         <system-err><![CDATA[]]></system-err>
      </testcase>
      <testcase name="Test Cases/Mobile/Scenario/Analysis/002 - Melihat detail stock kategori day" time="60.578" classname="Test Cases/Mobile/Scenario/Analysis/002 - Melihat detail stock kategori day" status="PASSED">
         <system-out><![CDATA[2022-01-12 07:41:33 - [TEST_CASE][PASSED] - Test Cases/Mobile/Scenario/Analysis/002 - Melihat detail stock kategori day: Test Cases/Mobile/Scenario/Analysis/002 - Melihat detail stock kategori day

2022-01-12 07:41:33 - [TEST_STEP][PASSED] - callTestCase(findTestCase("Mobile/Page/Run App/Run App byID"), [:], STOP_ON_FAILURE): Call Test Case 'Test Cases/Mobile/Page/Run App/Run App byID' successfully

2022-01-12 07:41:33 - [TEST_CASE][PASSED] - Test Cases/Mobile/Page/Run App/Run App byID: Test Cases/Mobile/Page/Run App/Run App byID

2022-01-12 07:41:33 - [TEST_STEP][PASSED] - startApp.OpenApp.startApplication("id.co.miraeasset.sageclub"): startApp.OpenApp.startApplication is PASSED

2022-01-12 07:41:48 - [MESSAGE][PASSED] - Starting app with application ID: 'id.co.miraeasset.sageclub'

2022-01-12 07:41:48 - [MESSAGE][PASSED] - startApp.OpenApp.startApplication is PASSED

2022-01-12 07:41:48 - [MESSAGE][PASSED] - Call Test Case 'Test Cases/Mobile/Page/Run App/Run App byID' successfully

2022-01-12 07:41:48 - [TEST_STEP][PASSED] - callTestCase(findTestCase("Mobile/Page/Analysis/Analysis"), ["action":"technicaldetail", "action2":"day"], CONTINUE_ON_FAILURE): Call Test Case 'Test Cases/Mobile/Page/Analysis/Analysis' successfully

2022-01-12 07:41:48 - [TEST_CASE][PASSED] - Test Cases/Mobile/Page/Analysis/Analysis: Test Cases/Mobile/Page/Analysis/Analysis

2022-01-12 07:41:48 - [TEST_STEP][PASSED] - callTestCase(findTestCase("Mobile/Page/CheckLogin"), [:], CONTINUE_ON_FAILURE): Call Test Case 'Test Cases/Mobile/Page/CheckLogin' successfully

2022-01-12 07:41:48 - [TEST_CASE][PASSED] - Test Cases/Mobile/Page/CheckLogin: Test Cases/Mobile/Page/CheckLogin

2022-01-12 07:41:48 - [TEST_STEP][PASSED] - loginCheck = verifyElementExist(LOGN_BtnLogin, 5, CONTINUE_ON_FAILURE): Element 'Object Repository/Mobile/Page/Login/Button - Login' is exist

2022-01-12 07:41:50 - [MESSAGE][PASSED] - Element 'Object Repository/Mobile/Page/Login/Button - Login' is exist

2022-01-12 07:41:50 - [TEST_STEP][PASSED] - if (loginCheck): Call Test Case 'Test Cases/Mobile/Page/Login/Login' successfully

2022-01-12 07:41:50 - [TEST_STEP][PASSED] - callTestCase(findTestCase("Mobile/Page/Login/Login"), ["action":"username"], CONTINUE_ON_FAILURE): Call Test Case 'Test Cases/Mobile/Page/Login/Login' successfully

2022-01-12 07:41:50 - [TEST_CASE][PASSED] - Test Cases/Mobile/Page/Login/Login: Test Cases/Mobile/Page/Login/Login

2022-01-12 07:41:50 - [TEST_STEP][PASSED] - delay(2): Delayed 2 second(s)

2022-01-12 07:41:52 - [MESSAGE][PASSED] - Delayed 2 second(s)

2022-01-12 07:41:52 - [TEST_STEP][PASSED] - for ([i = 0, i < 1, (i++)]): null

2022-01-12 07:41:52 - [TEST_STEP][PASSED] - if (action == "username"): null

2022-01-12 07:41:52 - [TEST_STEP][PASSED] - tap(LOGN_EdtUserID, 0): Tapped on element 'Object Repository/Mobile/Page/Login/Input - UserID'

2022-01-12 07:41:52 - [MESSAGE][WARNING] - Timeout '0' is invalid. Using default page load timeout: '60'

2022-01-12 07:41:53 - [MESSAGE][PASSED] - Tapped on element 'Object Repository/Mobile/Page/Login/Input - UserID'

2022-01-12 07:41:53 - [TEST_STEP][PASSED] - delay(1): Delayed 1 second(s)

2022-01-12 07:41:54 - [MESSAGE][PASSED] - Delayed 1 second(s)

2022-01-12 07:41:54 - [TEST_STEP][PASSED] - setText(LOGN_EdtRdyUserID, "anggaaditya", 0): Text 'anggaaditya' has been set to element 'Object Repository/Mobile/Page/Login/Input Rdy - UserID'

2022-01-12 07:41:54 - [MESSAGE][WARNING] - Timeout '0' is invalid. Using default page load timeout: '60'

2022-01-12 07:41:54 - [MESSAGE][PASSED] - Text 'anggaaditya' has been set to element 'Object Repository/Mobile/Page/Login/Input Rdy - UserID'

2022-01-12 07:41:54 - [TEST_STEP][PASSED] - delay(1): Delayed 1 second(s)

2022-01-12 07:41:55 - [MESSAGE][PASSED] - Delayed 1 second(s)

2022-01-12 07:41:55 - [TEST_STEP][PASSED] - hideKeyboard(): Keyboard is hidden

2022-01-12 07:42:01 - [MESSAGE][PASSED] - Keyboard is hidden

2022-01-12 07:42:01 - [TEST_STEP][PASSED] - tap(LOGN_EdtPassword, 0): Tapped on element 'Object Repository/Mobile/Page/Login/Input - Password'

2022-01-12 07:42:01 - [MESSAGE][WARNING] - Timeout '0' is invalid. Using default page load timeout: '60'

2022-01-12 07:42:01 - [MESSAGE][PASSED] - Tapped on element 'Object Repository/Mobile/Page/Login/Input - Password'

2022-01-12 07:42:01 - [TEST_STEP][PASSED] - delay(1): Delayed 1 second(s)

2022-01-12 07:42:02 - [MESSAGE][PASSED] - Delayed 1 second(s)

2022-01-12 07:42:02 - [TEST_STEP][PASSED] - setText(LOGN_EdtRdyPassword, "Shalawa18", 0): Text 'Shalawa18' has been set to element 'Object Repository/Mobile/Page/Login/Input Rdy - Password'

2022-01-12 07:42:02 - [MESSAGE][WARNING] - Timeout '0' is invalid. Using default page load timeout: '60'

2022-01-12 07:42:03 - [MESSAGE][PASSED] - Text 'Shalawa18' has been set to element 'Object Repository/Mobile/Page/Login/Input Rdy - Password'

2022-01-12 07:42:03 - [TEST_STEP][PASSED] - delay(1): Delayed 1 second(s)

2022-01-12 07:42:04 - [MESSAGE][PASSED] - Delayed 1 second(s)

2022-01-12 07:42:04 - [TEST_STEP][PASSED] - hideKeyboard(): Keyboard is hidden

2022-01-12 07:42:10 - [MESSAGE][PASSED] - Keyboard is hidden

2022-01-12 07:42:10 - [TEST_STEP][PASSED] - tap(LOGN_BtnLogin, 0): Tapped on element 'Object Repository/Mobile/Page/Login/Button - Login'

2022-01-12 07:42:10 - [MESSAGE][WARNING] - Timeout '0' is invalid. Using default page load timeout: '60'

2022-01-12 07:42:11 - [MESSAGE][PASSED] - Tapped on element 'Object Repository/Mobile/Page/Login/Button - Login'

2022-01-12 07:42:11 - [TEST_STEP][PASSED] - delay(2): Delayed 2 second(s)

2022-01-12 07:42:13 - [MESSAGE][PASSED] - Delayed 2 second(s)

2022-01-12 07:42:13 - [TEST_STEP][PASSED] - break: null

2022-01-12 07:42:13 - [MESSAGE][PASSED] - Call Test Case 'Test Cases/Mobile/Page/Login/Login' successfully

2022-01-12 07:42:13 - [MESSAGE][PASSED] - Call Test Case 'Test Cases/Mobile/Page/CheckLogin' successfully

2022-01-12 07:42:13 - [TEST_STEP][PASSED] - tap(HOME_MenubarAnalysis, 0): Tapped on element 'Object Repository/Mobile/Page/Home/Menubar - Analysis'

2022-01-12 07:42:13 - [MESSAGE][WARNING] - Timeout '0' is invalid. Using default page load timeout: '60'

2022-01-12 07:42:14 - [MESSAGE][PASSED] - Tapped on element 'Object Repository/Mobile/Page/Home/Menubar - Analysis'

2022-01-12 07:42:14 - [TEST_STEP][PASSED] - delay(1): Delayed 1 second(s)

2022-01-12 07:42:15 - [MESSAGE][PASSED] - Delayed 1 second(s)

2022-01-12 07:42:15 - [TEST_STEP][PASSED] - for ([i = 0, i < 1, (i++)]): Delayed 2 second(s)

2022-01-12 07:42:15 - [TEST_STEP][PASSED] - if (action == "technicalsearch"): null

2022-01-12 07:42:15 - [TEST_STEP][PASSED] - else if (action == "technicaldetail"): Delayed 2 second(s)

2022-01-12 07:42:15 - [TEST_STEP][PASSED] - tap(ANAL_ItemTopResultTech, 0): Tapped on element 'Object Repository/Mobile/Page/Analysis/Item - Top Technical'

2022-01-12 07:42:15 - [MESSAGE][WARNING] - Timeout '0' is invalid. Using default page load timeout: '60'

2022-01-12 07:42:17 - [MESSAGE][PASSED] - Tapped on element 'Object Repository/Mobile/Page/Analysis/Item - Top Technical'

2022-01-12 07:42:17 - [TEST_STEP][PASSED] - delay(3): Delayed 3 second(s)

2022-01-12 07:42:20 - [MESSAGE][PASSED] - Delayed 3 second(s)

2022-01-12 07:42:20 - [TEST_STEP][PASSED] - switch (action2): null

2022-01-12 07:42:20 - [TEST_STEP][PASSED] - case "day":: null

2022-01-12 07:42:20 - [TEST_STEP][PASSED] - tap(ANAL_DETL_BtnD, 0): Tapped on element 'Object Repository/Mobile/Page/Analysis/Detail/Button - D'

2022-01-12 07:42:20 - [MESSAGE][WARNING] - Timeout '0' is invalid. Using default page load timeout: '60'

2022-01-12 07:42:21 - [MESSAGE][PASSED] - Tapped on element 'Object Repository/Mobile/Page/Analysis/Detail/Button - D'

2022-01-12 07:42:21 - [TEST_STEP][PASSED] - break: null

2022-01-12 07:42:21 - [TEST_STEP][PASSED] - delay(2): Delayed 2 second(s)

2022-01-12 07:42:23 - [MESSAGE][PASSED] - Delayed 2 second(s)

2022-01-12 07:42:23 - [MESSAGE][PASSED] - Call Test Case 'Test Cases/Mobile/Page/Analysis/Analysis' successfully

2022-01-12 07:42:23 - [TEST_STEP][PASSED] - callTestCase(findTestCase("Mobile/Page/Run App/Terminate App"), [:], STOP_ON_FAILURE): Call Test Case 'Test Cases/Mobile/Page/Run App/Terminate App' successfully

2022-01-12 07:42:23 - [TEST_CASE][PASSED] - Test Cases/Mobile/Page/Run App/Terminate App: Test Cases/Mobile/Page/Run App/Terminate App

2022-01-12 07:42:23 - [TEST_STEP][PASSED] - startApp.OpenApp.terminateApplication(): startApp.OpenApp.terminateApplication is PASSED

2022-01-12 07:42:26 - [MESSAGE][PASSED] - Delayed 3 second(s)

2022-01-12 07:42:27 - [MESSAGE][PASSED] - Current device physical width is 720

2022-01-12 07:42:27 - [MESSAGE][PASSED] - Current device physical height is 1423

2022-01-12 07:42:28 - [MESSAGE][PASSED] - Swiped from 360,853 to 360,142

2022-01-12 07:42:29 - [MESSAGE][PASSED] - Delayed 1 second(s)

2022-01-12 07:42:31 - [MESSAGE][PASSED] - Swiped from 360,853 to 360,142

2022-01-12 07:42:34 - [MESSAGE][PASSED] - Delayed 3 second(s)

2022-01-12 07:42:34 - [MESSAGE][PASSED] - startApp.OpenApp.terminateApplication is PASSED

2022-01-12 07:42:34 - [MESSAGE][PASSED] - Call Test Case 'Test Cases/Mobile/Page/Run App/Terminate App' successfully]]></system-out>
         <system-err><![CDATA[]]></system-err>
      </testcase>
      <testcase name="Test Cases/Mobile/Scenario/Analysis/003 - Melihat detail stock kategori week" time="59.907" classname="Test Cases/Mobile/Scenario/Analysis/003 - Melihat detail stock kategori week" status="PASSED">
         <system-out><![CDATA[2022-01-12 07:42:34 - [TEST_CASE][PASSED] - Test Cases/Mobile/Scenario/Analysis/003 - Melihat detail stock kategori week: Test Cases/Mobile/Scenario/Analysis/003 - Melihat detail stock kategori week

2022-01-12 07:42:34 - [TEST_STEP][PASSED] - callTestCase(findTestCase("Mobile/Page/Run App/Run App byID"), [:], STOP_ON_FAILURE): Call Test Case 'Test Cases/Mobile/Page/Run App/Run App byID' successfully

2022-01-12 07:42:34 - [TEST_CASE][PASSED] - Test Cases/Mobile/Page/Run App/Run App byID: Test Cases/Mobile/Page/Run App/Run App byID

2022-01-12 07:42:34 - [TEST_STEP][PASSED] - startApp.OpenApp.startApplication("id.co.miraeasset.sageclub"): startApp.OpenApp.startApplication is PASSED

2022-01-12 07:42:49 - [MESSAGE][PASSED] - Starting app with application ID: 'id.co.miraeasset.sageclub'

2022-01-12 07:42:49 - [MESSAGE][PASSED] - startApp.OpenApp.startApplication is PASSED

2022-01-12 07:42:49 - [MESSAGE][PASSED] - Call Test Case 'Test Cases/Mobile/Page/Run App/Run App byID' successfully

2022-01-12 07:42:49 - [TEST_STEP][PASSED] - callTestCase(findTestCase("Mobile/Page/Analysis/Analysis"), ["action":"technicaldetail", "action2":"week"], CONTINUE_ON_FAILURE): Call Test Case 'Test Cases/Mobile/Page/Analysis/Analysis' successfully

2022-01-12 07:42:49 - [TEST_CASE][PASSED] - Test Cases/Mobile/Page/Analysis/Analysis: Test Cases/Mobile/Page/Analysis/Analysis

2022-01-12 07:42:49 - [TEST_STEP][PASSED] - callTestCase(findTestCase("Mobile/Page/CheckLogin"), [:], CONTINUE_ON_FAILURE): Call Test Case 'Test Cases/Mobile/Page/CheckLogin' successfully

2022-01-12 07:42:49 - [TEST_CASE][PASSED] - Test Cases/Mobile/Page/CheckLogin: Test Cases/Mobile/Page/CheckLogin

2022-01-12 07:42:49 - [TEST_STEP][PASSED] - loginCheck = verifyElementExist(LOGN_BtnLogin, 5, CONTINUE_ON_FAILURE): Element 'Object Repository/Mobile/Page/Login/Button - Login' is exist

2022-01-12 07:42:51 - [MESSAGE][PASSED] - Element 'Object Repository/Mobile/Page/Login/Button - Login' is exist

2022-01-12 07:42:51 - [TEST_STEP][PASSED] - if (loginCheck): Call Test Case 'Test Cases/Mobile/Page/Login/Login' successfully

2022-01-12 07:42:51 - [TEST_STEP][PASSED] - callTestCase(findTestCase("Mobile/Page/Login/Login"), ["action":"username"], CONTINUE_ON_FAILURE): Call Test Case 'Test Cases/Mobile/Page/Login/Login' successfully

2022-01-12 07:42:51 - [TEST_CASE][PASSED] - Test Cases/Mobile/Page/Login/Login: Test Cases/Mobile/Page/Login/Login

2022-01-12 07:42:51 - [TEST_STEP][PASSED] - delay(2): Delayed 2 second(s)

2022-01-12 07:42:53 - [MESSAGE][PASSED] - Delayed 2 second(s)

2022-01-12 07:42:53 - [TEST_STEP][PASSED] - for ([i = 0, i < 1, (i++)]): null

2022-01-12 07:42:53 - [TEST_STEP][PASSED] - if (action == "username"): null

2022-01-12 07:42:53 - [TEST_STEP][PASSED] - tap(LOGN_EdtUserID, 0): Tapped on element 'Object Repository/Mobile/Page/Login/Input - UserID'

2022-01-12 07:42:53 - [MESSAGE][WARNING] - Timeout '0' is invalid. Using default page load timeout: '60'

2022-01-12 07:42:53 - [MESSAGE][PASSED] - Tapped on element 'Object Repository/Mobile/Page/Login/Input - UserID'

2022-01-12 07:42:53 - [TEST_STEP][PASSED] - delay(1): Delayed 1 second(s)

2022-01-12 07:42:54 - [MESSAGE][PASSED] - Delayed 1 second(s)

2022-01-12 07:42:54 - [TEST_STEP][PASSED] - setText(LOGN_EdtRdyUserID, "anggaaditya", 0): Text 'anggaaditya' has been set to element 'Object Repository/Mobile/Page/Login/Input Rdy - UserID'

2022-01-12 07:42:54 - [MESSAGE][WARNING] - Timeout '0' is invalid. Using default page load timeout: '60'

2022-01-12 07:42:55 - [MESSAGE][PASSED] - Text 'anggaaditya' has been set to element 'Object Repository/Mobile/Page/Login/Input Rdy - UserID'

2022-01-12 07:42:55 - [TEST_STEP][PASSED] - delay(1): Delayed 1 second(s)

2022-01-12 07:42:56 - [MESSAGE][PASSED] - Delayed 1 second(s)

2022-01-12 07:42:56 - [TEST_STEP][PASSED] - hideKeyboard(): Keyboard is hidden

2022-01-12 07:43:00 - [MESSAGE][PASSED] - Keyboard is hidden

2022-01-12 07:43:00 - [TEST_STEP][PASSED] - tap(LOGN_EdtPassword, 0): Tapped on element 'Object Repository/Mobile/Page/Login/Input - Password'

2022-01-12 07:43:00 - [MESSAGE][WARNING] - Timeout '0' is invalid. Using default page load timeout: '60'

2022-01-12 07:43:01 - [MESSAGE][PASSED] - Tapped on element 'Object Repository/Mobile/Page/Login/Input - Password'

2022-01-12 07:43:01 - [TEST_STEP][PASSED] - delay(1): Delayed 1 second(s)

2022-01-12 07:43:02 - [MESSAGE][PASSED] - Delayed 1 second(s)

2022-01-12 07:43:02 - [TEST_STEP][PASSED] - setText(LOGN_EdtRdyPassword, "Shalawa18", 0): Text 'Shalawa18' has been set to element 'Object Repository/Mobile/Page/Login/Input Rdy - Password'

2022-01-12 07:43:02 - [MESSAGE][WARNING] - Timeout '0' is invalid. Using default page load timeout: '60'

2022-01-12 07:43:03 - [MESSAGE][PASSED] - Text 'Shalawa18' has been set to element 'Object Repository/Mobile/Page/Login/Input Rdy - Password'

2022-01-12 07:43:03 - [TEST_STEP][PASSED] - delay(1): Delayed 1 second(s)

2022-01-12 07:43:04 - [MESSAGE][PASSED] - Delayed 1 second(s)

2022-01-12 07:43:04 - [TEST_STEP][PASSED] - hideKeyboard(): Keyboard is hidden

2022-01-12 07:43:10 - [MESSAGE][PASSED] - Keyboard is hidden

2022-01-12 07:43:10 - [TEST_STEP][PASSED] - tap(LOGN_BtnLogin, 0): Tapped on element 'Object Repository/Mobile/Page/Login/Button - Login'

2022-01-12 07:43:10 - [MESSAGE][WARNING] - Timeout '0' is invalid. Using default page load timeout: '60'

2022-01-12 07:43:11 - [MESSAGE][PASSED] - Tapped on element 'Object Repository/Mobile/Page/Login/Button - Login'

2022-01-12 07:43:11 - [TEST_STEP][PASSED] - delay(2): Delayed 2 second(s)

2022-01-12 07:43:13 - [MESSAGE][PASSED] - Delayed 2 second(s)

2022-01-12 07:43:13 - [TEST_STEP][PASSED] - break: null

2022-01-12 07:43:13 - [MESSAGE][PASSED] - Call Test Case 'Test Cases/Mobile/Page/Login/Login' successfully

2022-01-12 07:43:13 - [MESSAGE][PASSED] - Call Test Case 'Test Cases/Mobile/Page/CheckLogin' successfully

2022-01-12 07:43:13 - [TEST_STEP][PASSED] - tap(HOME_MenubarAnalysis, 0): Tapped on element 'Object Repository/Mobile/Page/Home/Menubar - Analysis'

2022-01-12 07:43:13 - [MESSAGE][WARNING] - Timeout '0' is invalid. Using default page load timeout: '60'

2022-01-12 07:43:14 - [MESSAGE][PASSED] - Tapped on element 'Object Repository/Mobile/Page/Home/Menubar - Analysis'

2022-01-12 07:43:14 - [TEST_STEP][PASSED] - delay(1): Delayed 1 second(s)

2022-01-12 07:43:15 - [MESSAGE][PASSED] - Delayed 1 second(s)

2022-01-12 07:43:15 - [TEST_STEP][PASSED] - for ([i = 0, i < 1, (i++)]): Delayed 2 second(s)

2022-01-12 07:43:15 - [TEST_STEP][PASSED] - if (action == "technicalsearch"): null

2022-01-12 07:43:15 - [TEST_STEP][PASSED] - else if (action == "technicaldetail"): Delayed 2 second(s)

2022-01-12 07:43:15 - [TEST_STEP][PASSED] - tap(ANAL_ItemTopResultTech, 0): Tapped on element 'Object Repository/Mobile/Page/Analysis/Item - Top Technical'

2022-01-12 07:43:15 - [MESSAGE][WARNING] - Timeout '0' is invalid. Using default page load timeout: '60'

2022-01-12 07:43:17 - [MESSAGE][PASSED] - Tapped on element 'Object Repository/Mobile/Page/Analysis/Item - Top Technical'

2022-01-12 07:43:17 - [TEST_STEP][PASSED] - delay(3): Delayed 3 second(s)

2022-01-12 07:43:20 - [MESSAGE][PASSED] - Delayed 3 second(s)

2022-01-12 07:43:20 - [TEST_STEP][PASSED] - switch (action2): null

2022-01-12 07:43:20 - [TEST_STEP][PASSED] - case "week":: null

2022-01-12 07:43:20 - [TEST_STEP][PASSED] - tap(ANAL_DETL_BtnW, 0): Tapped on element 'Object Repository/Mobile/Page/Analysis/Detail/Button - W'

2022-01-12 07:43:20 - [MESSAGE][WARNING] - Timeout '0' is invalid. Using default page load timeout: '60'

2022-01-12 07:43:21 - [MESSAGE][PASSED] - Tapped on element 'Object Repository/Mobile/Page/Analysis/Detail/Button - W'

2022-01-12 07:43:21 - [TEST_STEP][PASSED] - break: null

2022-01-12 07:43:21 - [TEST_STEP][PASSED] - delay(2): Delayed 2 second(s)

2022-01-12 07:43:23 - [MESSAGE][PASSED] - Delayed 2 second(s)

2022-01-12 07:43:23 - [MESSAGE][PASSED] - Call Test Case 'Test Cases/Mobile/Page/Analysis/Analysis' successfully

2022-01-12 07:43:23 - [TEST_STEP][PASSED] - callTestCase(findTestCase("Mobile/Page/Run App/Terminate App"), [:], STOP_ON_FAILURE): Call Test Case 'Test Cases/Mobile/Page/Run App/Terminate App' successfully

2022-01-12 07:43:23 - [TEST_CASE][PASSED] - Test Cases/Mobile/Page/Run App/Terminate App: Test Cases/Mobile/Page/Run App/Terminate App

2022-01-12 07:43:23 - [TEST_STEP][PASSED] - startApp.OpenApp.terminateApplication(): startApp.OpenApp.terminateApplication is PASSED

2022-01-12 07:43:26 - [MESSAGE][PASSED] - Delayed 3 second(s)

2022-01-12 07:43:26 - [MESSAGE][PASSED] - Current device physical width is 720

2022-01-12 07:43:27 - [MESSAGE][PASSED] - Current device physical height is 1423

2022-01-12 07:43:28 - [MESSAGE][PASSED] - Swiped from 360,853 to 360,142

2022-01-12 07:43:29 - [MESSAGE][PASSED] - Delayed 1 second(s)

2022-01-12 07:43:31 - [MESSAGE][PASSED] - Swiped from 360,853 to 360,142

2022-01-12 07:43:34 - [MESSAGE][PASSED] - Delayed 3 second(s)

2022-01-12 07:43:34 - [MESSAGE][PASSED] - startApp.OpenApp.terminateApplication is PASSED

2022-01-12 07:43:34 - [MESSAGE][PASSED] - Call Test Case 'Test Cases/Mobile/Page/Run App/Terminate App' successfully]]></system-out>
         <system-err><![CDATA[]]></system-err>
      </testcase>
      <testcase name="Test Cases/Mobile/Scenario/Analysis/004 - Melihat detail stock kategori month" time="60.727" classname="Test Cases/Mobile/Scenario/Analysis/004 - Melihat detail stock kategori month" status="PASSED">
         <system-out><![CDATA[2022-01-12 07:43:34 - [TEST_CASE][PASSED] - Test Cases/Mobile/Scenario/Analysis/004 - Melihat detail stock kategori month: Test Cases/Mobile/Scenario/Analysis/004 - Melihat detail stock kategori month

2022-01-12 07:43:34 - [TEST_STEP][PASSED] - callTestCase(findTestCase("Mobile/Page/Run App/Run App byID"), [:], STOP_ON_FAILURE): Call Test Case 'Test Cases/Mobile/Page/Run App/Run App byID' successfully

2022-01-12 07:43:34 - [TEST_CASE][PASSED] - Test Cases/Mobile/Page/Run App/Run App byID: Test Cases/Mobile/Page/Run App/Run App byID

2022-01-12 07:43:34 - [TEST_STEP][PASSED] - startApp.OpenApp.startApplication("id.co.miraeasset.sageclub"): startApp.OpenApp.startApplication is PASSED

2022-01-12 07:43:51 - [MESSAGE][PASSED] - Starting app with application ID: 'id.co.miraeasset.sageclub'

2022-01-12 07:43:51 - [MESSAGE][PASSED] - startApp.OpenApp.startApplication is PASSED

2022-01-12 07:43:51 - [MESSAGE][PASSED] - Call Test Case 'Test Cases/Mobile/Page/Run App/Run App byID' successfully

2022-01-12 07:43:51 - [TEST_STEP][PASSED] - callTestCase(findTestCase("Mobile/Page/Analysis/Analysis"), ["action":"technicaldetail", "action2":"month"], CONTINUE_ON_FAILURE): Call Test Case 'Test Cases/Mobile/Page/Analysis/Analysis' successfully

2022-01-12 07:43:51 - [TEST_CASE][PASSED] - Test Cases/Mobile/Page/Analysis/Analysis: Test Cases/Mobile/Page/Analysis/Analysis

2022-01-12 07:43:51 - [TEST_STEP][PASSED] - callTestCase(findTestCase("Mobile/Page/CheckLogin"), [:], CONTINUE_ON_FAILURE): Call Test Case 'Test Cases/Mobile/Page/CheckLogin' successfully

2022-01-12 07:43:51 - [TEST_CASE][PASSED] - Test Cases/Mobile/Page/CheckLogin: Test Cases/Mobile/Page/CheckLogin

2022-01-12 07:43:51 - [TEST_STEP][PASSED] - loginCheck = verifyElementExist(LOGN_BtnLogin, 5, CONTINUE_ON_FAILURE): Element 'Object Repository/Mobile/Page/Login/Button - Login' is exist

2022-01-12 07:43:53 - [MESSAGE][PASSED] - Element 'Object Repository/Mobile/Page/Login/Button - Login' is exist

2022-01-12 07:43:53 - [TEST_STEP][PASSED] - if (loginCheck): Call Test Case 'Test Cases/Mobile/Page/Login/Login' successfully

2022-01-12 07:43:53 - [TEST_STEP][PASSED] - callTestCase(findTestCase("Mobile/Page/Login/Login"), ["action":"username"], CONTINUE_ON_FAILURE): Call Test Case 'Test Cases/Mobile/Page/Login/Login' successfully

2022-01-12 07:43:53 - [TEST_CASE][PASSED] - Test Cases/Mobile/Page/Login/Login: Test Cases/Mobile/Page/Login/Login

2022-01-12 07:43:54 - [TEST_STEP][PASSED] - delay(2): Delayed 2 second(s)

2022-01-12 07:43:56 - [MESSAGE][PASSED] - Delayed 2 second(s)

2022-01-12 07:43:56 - [TEST_STEP][PASSED] - for ([i = 0, i < 1, (i++)]): null

2022-01-12 07:43:56 - [TEST_STEP][PASSED] - if (action == "username"): null

2022-01-12 07:43:56 - [TEST_STEP][PASSED] - tap(LOGN_EdtUserID, 0): Tapped on element 'Object Repository/Mobile/Page/Login/Input - UserID'

2022-01-12 07:43:56 - [MESSAGE][WARNING] - Timeout '0' is invalid. Using default page load timeout: '60'

2022-01-12 07:43:56 - [MESSAGE][PASSED] - Tapped on element 'Object Repository/Mobile/Page/Login/Input - UserID'

2022-01-12 07:43:56 - [TEST_STEP][PASSED] - delay(1): Delayed 1 second(s)

2022-01-12 07:43:57 - [MESSAGE][PASSED] - Delayed 1 second(s)

2022-01-12 07:43:57 - [TEST_STEP][PASSED] - setText(LOGN_EdtRdyUserID, "anggaaditya", 0): Text 'anggaaditya' has been set to element 'Object Repository/Mobile/Page/Login/Input Rdy - UserID'

2022-01-12 07:43:57 - [MESSAGE][WARNING] - Timeout '0' is invalid. Using default page load timeout: '60'

2022-01-12 07:43:58 - [MESSAGE][PASSED] - Text 'anggaaditya' has been set to element 'Object Repository/Mobile/Page/Login/Input Rdy - UserID'

2022-01-12 07:43:58 - [TEST_STEP][PASSED] - delay(1): Delayed 1 second(s)

2022-01-12 07:43:59 - [MESSAGE][PASSED] - Delayed 1 second(s)

2022-01-12 07:43:59 - [TEST_STEP][PASSED] - hideKeyboard(): Keyboard is hidden

2022-01-12 07:44:02 - [MESSAGE][PASSED] - Keyboard is hidden

2022-01-12 07:44:02 - [TEST_STEP][PASSED] - tap(LOGN_EdtPassword, 0): Tapped on element 'Object Repository/Mobile/Page/Login/Input - Password'

2022-01-12 07:44:02 - [MESSAGE][WARNING] - Timeout '0' is invalid. Using default page load timeout: '60'

2022-01-12 07:44:03 - [MESSAGE][PASSED] - Tapped on element 'Object Repository/Mobile/Page/Login/Input - Password'

2022-01-12 07:44:03 - [TEST_STEP][PASSED] - delay(1): Delayed 1 second(s)

2022-01-12 07:44:04 - [MESSAGE][PASSED] - Delayed 1 second(s)

2022-01-12 07:44:04 - [TEST_STEP][PASSED] - setText(LOGN_EdtRdyPassword, "Shalawa18", 0): Text 'Shalawa18' has been set to element 'Object Repository/Mobile/Page/Login/Input Rdy - Password'

2022-01-12 07:44:04 - [MESSAGE][WARNING] - Timeout '0' is invalid. Using default page load timeout: '60'

2022-01-12 07:44:04 - [MESSAGE][PASSED] - Text 'Shalawa18' has been set to element 'Object Repository/Mobile/Page/Login/Input Rdy - Password'

2022-01-12 07:44:04 - [TEST_STEP][PASSED] - delay(1): Delayed 1 second(s)

2022-01-12 07:44:05 - [MESSAGE][PASSED] - Delayed 1 second(s)

2022-01-12 07:44:05 - [TEST_STEP][PASSED] - hideKeyboard(): Keyboard is hidden

2022-01-12 07:44:12 - [MESSAGE][PASSED] - Keyboard is hidden

2022-01-12 07:44:12 - [TEST_STEP][PASSED] - tap(LOGN_BtnLogin, 0): Tapped on element 'Object Repository/Mobile/Page/Login/Button - Login'

2022-01-12 07:44:12 - [MESSAGE][WARNING] - Timeout '0' is invalid. Using default page load timeout: '60'

2022-01-12 07:44:13 - [MESSAGE][PASSED] - Tapped on element 'Object Repository/Mobile/Page/Login/Button - Login'

2022-01-12 07:44:13 - [TEST_STEP][PASSED] - delay(2): Delayed 2 second(s)

2022-01-12 07:44:15 - [MESSAGE][PASSED] - Delayed 2 second(s)

2022-01-12 07:44:15 - [TEST_STEP][PASSED] - break: null

2022-01-12 07:44:15 - [MESSAGE][PASSED] - Call Test Case 'Test Cases/Mobile/Page/Login/Login' successfully

2022-01-12 07:44:15 - [MESSAGE][PASSED] - Call Test Case 'Test Cases/Mobile/Page/CheckLogin' successfully

2022-01-12 07:44:15 - [TEST_STEP][PASSED] - tap(HOME_MenubarAnalysis, 0): Tapped on element 'Object Repository/Mobile/Page/Home/Menubar - Analysis'

2022-01-12 07:44:15 - [MESSAGE][WARNING] - Timeout '0' is invalid. Using default page load timeout: '60'

2022-01-12 07:44:16 - [MESSAGE][PASSED] - Tapped on element 'Object Repository/Mobile/Page/Home/Menubar - Analysis'

2022-01-12 07:44:16 - [TEST_STEP][PASSED] - delay(1): Delayed 1 second(s)

2022-01-12 07:44:17 - [MESSAGE][PASSED] - Delayed 1 second(s)

2022-01-12 07:44:17 - [TEST_STEP][PASSED] - for ([i = 0, i < 1, (i++)]): Delayed 2 second(s)

2022-01-12 07:44:17 - [TEST_STEP][PASSED] - if (action == "technicalsearch"): null

2022-01-12 07:44:17 - [TEST_STEP][PASSED] - else if (action == "technicaldetail"): Delayed 2 second(s)

2022-01-12 07:44:17 - [TEST_STEP][PASSED] - tap(ANAL_ItemTopResultTech, 0): Tapped on element 'Object Repository/Mobile/Page/Analysis/Item - Top Technical'

2022-01-12 07:44:17 - [MESSAGE][WARNING] - Timeout '0' is invalid. Using default page load timeout: '60'

2022-01-12 07:44:18 - [MESSAGE][PASSED] - Tapped on element 'Object Repository/Mobile/Page/Analysis/Item - Top Technical'

2022-01-12 07:44:18 - [TEST_STEP][PASSED] - delay(3): Delayed 3 second(s)

2022-01-12 07:44:21 - [MESSAGE][PASSED] - Delayed 3 second(s)

2022-01-12 07:44:21 - [TEST_STEP][PASSED] - switch (action2): null

2022-01-12 07:44:21 - [TEST_STEP][PASSED] - case "month":: null

2022-01-12 07:44:21 - [TEST_STEP][PASSED] - tap(ANAL_DETL_BtnM, 0): Tapped on element 'Object Repository/Mobile/Page/Analysis/Detail/Button - M'

2022-01-12 07:44:21 - [MESSAGE][WARNING] - Timeout '0' is invalid. Using default page load timeout: '60'

2022-01-12 07:44:22 - [MESSAGE][PASSED] - Tapped on element 'Object Repository/Mobile/Page/Analysis/Detail/Button - M'

2022-01-12 07:44:22 - [TEST_STEP][PASSED] - break: null

2022-01-12 07:44:22 - [TEST_STEP][PASSED] - delay(2): Delayed 2 second(s)

2022-01-12 07:44:24 - [MESSAGE][PASSED] - Delayed 2 second(s)

2022-01-12 07:44:24 - [MESSAGE][PASSED] - Call Test Case 'Test Cases/Mobile/Page/Analysis/Analysis' successfully

2022-01-12 07:44:24 - [TEST_STEP][PASSED] - callTestCase(findTestCase("Mobile/Page/Run App/Terminate App"), [:], STOP_ON_FAILURE): Call Test Case 'Test Cases/Mobile/Page/Run App/Terminate App' successfully

2022-01-12 07:44:24 - [TEST_CASE][PASSED] - Test Cases/Mobile/Page/Run App/Terminate App: Test Cases/Mobile/Page/Run App/Terminate App

2022-01-12 07:44:24 - [TEST_STEP][PASSED] - startApp.OpenApp.terminateApplication(): startApp.OpenApp.terminateApplication is PASSED

2022-01-12 07:44:27 - [MESSAGE][PASSED] - Delayed 3 second(s)

2022-01-12 07:44:27 - [MESSAGE][PASSED] - Current device physical width is 720

2022-01-12 07:44:28 - [MESSAGE][PASSED] - Current device physical height is 1423

2022-01-12 07:44:29 - [MESSAGE][PASSED] - Swiped from 360,853 to 360,142

2022-01-12 07:44:30 - [MESSAGE][PASSED] - Delayed 1 second(s)

2022-01-12 07:44:31 - [MESSAGE][PASSED] - Swiped from 360,853 to 360,142

2022-01-12 07:44:34 - [MESSAGE][PASSED] - Delayed 3 second(s)

2022-01-12 07:44:34 - [MESSAGE][PASSED] - startApp.OpenApp.terminateApplication is PASSED

2022-01-12 07:44:34 - [MESSAGE][PASSED] - Call Test Case 'Test Cases/Mobile/Page/Run App/Terminate App' successfully]]></system-out>
         <system-err><![CDATA[]]></system-err>
      </testcase>
      <testcase name="Test Cases/Mobile/Scenario/Analysis/005 - Melihat detail stock kategori year" time="59.165" classname="Test Cases/Mobile/Scenario/Analysis/005 - Melihat detail stock kategori year" status="PASSED">
         <system-out><![CDATA[2022-01-12 07:44:34 - [TEST_CASE][PASSED] - Test Cases/Mobile/Scenario/Analysis/005 - Melihat detail stock kategori year: Test Cases/Mobile/Scenario/Analysis/005 - Melihat detail stock kategori year

2022-01-12 07:44:35 - [TEST_STEP][PASSED] - callTestCase(findTestCase("Mobile/Page/Run App/Run App byID"), [:], STOP_ON_FAILURE): Call Test Case 'Test Cases/Mobile/Page/Run App/Run App byID' successfully

2022-01-12 07:44:35 - [TEST_CASE][PASSED] - Test Cases/Mobile/Page/Run App/Run App byID: Test Cases/Mobile/Page/Run App/Run App byID

2022-01-12 07:44:35 - [TEST_STEP][PASSED] - startApp.OpenApp.startApplication("id.co.miraeasset.sageclub"): startApp.OpenApp.startApplication is PASSED

2022-01-12 07:44:50 - [MESSAGE][PASSED] - Starting app with application ID: 'id.co.miraeasset.sageclub'

2022-01-12 07:44:50 - [MESSAGE][PASSED] - startApp.OpenApp.startApplication is PASSED

2022-01-12 07:44:50 - [MESSAGE][PASSED] - Call Test Case 'Test Cases/Mobile/Page/Run App/Run App byID' successfully

2022-01-12 07:44:50 - [TEST_STEP][PASSED] - callTestCase(findTestCase("Mobile/Page/Analysis/Analysis"), ["action":"technicaldetail", "action2":"year"], CONTINUE_ON_FAILURE): Call Test Case 'Test Cases/Mobile/Page/Analysis/Analysis' successfully

2022-01-12 07:44:50 - [TEST_CASE][PASSED] - Test Cases/Mobile/Page/Analysis/Analysis: Test Cases/Mobile/Page/Analysis/Analysis

2022-01-12 07:44:50 - [TEST_STEP][PASSED] - callTestCase(findTestCase("Mobile/Page/CheckLogin"), [:], CONTINUE_ON_FAILURE): Call Test Case 'Test Cases/Mobile/Page/CheckLogin' successfully

2022-01-12 07:44:50 - [TEST_CASE][PASSED] - Test Cases/Mobile/Page/CheckLogin: Test Cases/Mobile/Page/CheckLogin

2022-01-12 07:44:50 - [TEST_STEP][PASSED] - loginCheck = verifyElementExist(LOGN_BtnLogin, 5, CONTINUE_ON_FAILURE): Element 'Object Repository/Mobile/Page/Login/Button - Login' is exist

2022-01-12 07:44:52 - [MESSAGE][PASSED] - Element 'Object Repository/Mobile/Page/Login/Button - Login' is exist

2022-01-12 07:44:52 - [TEST_STEP][PASSED] - if (loginCheck): Call Test Case 'Test Cases/Mobile/Page/Login/Login' successfully

2022-01-12 07:44:52 - [TEST_STEP][PASSED] - callTestCase(findTestCase("Mobile/Page/Login/Login"), ["action":"username"], CONTINUE_ON_FAILURE): Call Test Case 'Test Cases/Mobile/Page/Login/Login' successfully

2022-01-12 07:44:52 - [TEST_CASE][PASSED] - Test Cases/Mobile/Page/Login/Login: Test Cases/Mobile/Page/Login/Login

2022-01-12 07:44:52 - [TEST_STEP][PASSED] - delay(2): Delayed 2 second(s)

2022-01-12 07:44:54 - [MESSAGE][PASSED] - Delayed 2 second(s)

2022-01-12 07:44:54 - [TEST_STEP][PASSED] - for ([i = 0, i < 1, (i++)]): null

2022-01-12 07:44:54 - [TEST_STEP][PASSED] - if (action == "username"): null

2022-01-12 07:44:54 - [TEST_STEP][PASSED] - tap(LOGN_EdtUserID, 0): Tapped on element 'Object Repository/Mobile/Page/Login/Input - UserID'

2022-01-12 07:44:54 - [MESSAGE][WARNING] - Timeout '0' is invalid. Using default page load timeout: '60'

2022-01-12 07:44:54 - [MESSAGE][PASSED] - Tapped on element 'Object Repository/Mobile/Page/Login/Input - UserID'

2022-01-12 07:44:54 - [TEST_STEP][PASSED] - delay(1): Delayed 1 second(s)

2022-01-12 07:44:55 - [MESSAGE][PASSED] - Delayed 1 second(s)

2022-01-12 07:44:55 - [TEST_STEP][PASSED] - setText(LOGN_EdtRdyUserID, "anggaaditya", 0): Text 'anggaaditya' has been set to element 'Object Repository/Mobile/Page/Login/Input Rdy - UserID'

2022-01-12 07:44:55 - [MESSAGE][WARNING] - Timeout '0' is invalid. Using default page load timeout: '60'

2022-01-12 07:44:56 - [MESSAGE][PASSED] - Text 'anggaaditya' has been set to element 'Object Repository/Mobile/Page/Login/Input Rdy - UserID'

2022-01-12 07:44:56 - [TEST_STEP][PASSED] - delay(1): Delayed 1 second(s)

2022-01-12 07:44:57 - [MESSAGE][PASSED] - Delayed 1 second(s)

2022-01-12 07:44:57 - [TEST_STEP][PASSED] - hideKeyboard(): Keyboard is hidden

2022-01-12 07:45:00 - [MESSAGE][PASSED] - Keyboard is hidden

2022-01-12 07:45:00 - [TEST_STEP][PASSED] - tap(LOGN_EdtPassword, 0): Tapped on element 'Object Repository/Mobile/Page/Login/Input - Password'

2022-01-12 07:45:00 - [MESSAGE][WARNING] - Timeout '0' is invalid. Using default page load timeout: '60'

2022-01-12 07:45:01 - [MESSAGE][PASSED] - Tapped on element 'Object Repository/Mobile/Page/Login/Input - Password'

2022-01-12 07:45:01 - [TEST_STEP][PASSED] - delay(1): Delayed 1 second(s)

2022-01-12 07:45:02 - [MESSAGE][PASSED] - Delayed 1 second(s)

2022-01-12 07:45:02 - [TEST_STEP][PASSED] - setText(LOGN_EdtRdyPassword, "Shalawa18", 0): Text 'Shalawa18' has been set to element 'Object Repository/Mobile/Page/Login/Input Rdy - Password'

2022-01-12 07:45:02 - [MESSAGE][WARNING] - Timeout '0' is invalid. Using default page load timeout: '60'

2022-01-12 07:45:03 - [MESSAGE][PASSED] - Text 'Shalawa18' has been set to element 'Object Repository/Mobile/Page/Login/Input Rdy - Password'

2022-01-12 07:45:03 - [TEST_STEP][PASSED] - delay(1): Delayed 1 second(s)

2022-01-12 07:45:04 - [MESSAGE][PASSED] - Delayed 1 second(s)

2022-01-12 07:45:04 - [TEST_STEP][PASSED] - hideKeyboard(): Keyboard is hidden

2022-01-12 07:45:10 - [MESSAGE][PASSED] - Keyboard is hidden

2022-01-12 07:45:10 - [TEST_STEP][PASSED] - tap(LOGN_BtnLogin, 0): Tapped on element 'Object Repository/Mobile/Page/Login/Button - Login'

2022-01-12 07:45:10 - [MESSAGE][WARNING] - Timeout '0' is invalid. Using default page load timeout: '60'

2022-01-12 07:45:11 - [MESSAGE][PASSED] - Tapped on element 'Object Repository/Mobile/Page/Login/Button - Login'

2022-01-12 07:45:11 - [TEST_STEP][PASSED] - delay(2): Delayed 2 second(s)

2022-01-12 07:45:13 - [MESSAGE][PASSED] - Delayed 2 second(s)

2022-01-12 07:45:13 - [TEST_STEP][PASSED] - break: null

2022-01-12 07:45:13 - [MESSAGE][PASSED] - Call Test Case 'Test Cases/Mobile/Page/Login/Login' successfully

2022-01-12 07:45:13 - [MESSAGE][PASSED] - Call Test Case 'Test Cases/Mobile/Page/CheckLogin' successfully

2022-01-12 07:45:13 - [TEST_STEP][PASSED] - tap(HOME_MenubarAnalysis, 0): Tapped on element 'Object Repository/Mobile/Page/Home/Menubar - Analysis'

2022-01-12 07:45:13 - [MESSAGE][WARNING] - Timeout '0' is invalid. Using default page load timeout: '60'

2022-01-12 07:45:14 - [MESSAGE][PASSED] - Tapped on element 'Object Repository/Mobile/Page/Home/Menubar - Analysis'

2022-01-12 07:45:14 - [TEST_STEP][PASSED] - delay(1): Delayed 1 second(s)

2022-01-12 07:45:15 - [MESSAGE][PASSED] - Delayed 1 second(s)

2022-01-12 07:45:15 - [TEST_STEP][PASSED] - for ([i = 0, i < 1, (i++)]): Delayed 2 second(s)

2022-01-12 07:45:15 - [TEST_STEP][PASSED] - if (action == "technicalsearch"): null

2022-01-12 07:45:15 - [TEST_STEP][PASSED] - else if (action == "technicaldetail"): Delayed 2 second(s)

2022-01-12 07:45:15 - [TEST_STEP][PASSED] - tap(ANAL_ItemTopResultTech, 0): Tapped on element 'Object Repository/Mobile/Page/Analysis/Item - Top Technical'

2022-01-12 07:45:15 - [MESSAGE][WARNING] - Timeout '0' is invalid. Using default page load timeout: '60'

2022-01-12 07:45:17 - [MESSAGE][PASSED] - Tapped on element 'Object Repository/Mobile/Page/Analysis/Item - Top Technical'

2022-01-12 07:45:17 - [TEST_STEP][PASSED] - delay(3): Delayed 3 second(s)

2022-01-12 07:45:20 - [MESSAGE][PASSED] - Delayed 3 second(s)

2022-01-12 07:45:20 - [TEST_STEP][PASSED] - switch (action2): null

2022-01-12 07:45:20 - [TEST_STEP][PASSED] - case "year":: null

2022-01-12 07:45:20 - [TEST_STEP][PASSED] - tap(ANAL_DETL_BtnY, 0): Tapped on element 'Object Repository/Mobile/Page/Analysis/Detail/Button - Y'

2022-01-12 07:45:20 - [MESSAGE][WARNING] - Timeout '0' is invalid. Using default page load timeout: '60'

2022-01-12 07:45:21 - [MESSAGE][PASSED] - Tapped on element 'Object Repository/Mobile/Page/Analysis/Detail/Button - Y'

2022-01-12 07:45:21 - [TEST_STEP][PASSED] - break: null

2022-01-12 07:45:21 - [TEST_STEP][PASSED] - delay(2): Delayed 2 second(s)

2022-01-12 07:45:23 - [MESSAGE][PASSED] - Delayed 2 second(s)

2022-01-12 07:45:23 - [MESSAGE][PASSED] - Call Test Case 'Test Cases/Mobile/Page/Analysis/Analysis' successfully

2022-01-12 07:45:23 - [TEST_STEP][PASSED] - callTestCase(findTestCase("Mobile/Page/Run App/Terminate App"), [:], STOP_ON_FAILURE): Call Test Case 'Test Cases/Mobile/Page/Run App/Terminate App' successfully

2022-01-12 07:45:23 - [TEST_CASE][PASSED] - Test Cases/Mobile/Page/Run App/Terminate App: Test Cases/Mobile/Page/Run App/Terminate App

2022-01-12 07:45:23 - [TEST_STEP][PASSED] - startApp.OpenApp.terminateApplication(): startApp.OpenApp.terminateApplication is PASSED

2022-01-12 07:45:26 - [MESSAGE][PASSED] - Delayed 3 second(s)

2022-01-12 07:45:26 - [MESSAGE][PASSED] - Current device physical width is 720

2022-01-12 07:45:27 - [MESSAGE][PASSED] - Current device physical height is 1423

2022-01-12 07:45:28 - [MESSAGE][PASSED] - Swiped from 360,853 to 360,142

2022-01-12 07:45:29 - [MESSAGE][PASSED] - Delayed 1 second(s)

2022-01-12 07:45:30 - [MESSAGE][PASSED] - Swiped from 360,853 to 360,142

2022-01-12 07:45:33 - [MESSAGE][PASSED] - Delayed 3 second(s)

2022-01-12 07:45:33 - [MESSAGE][PASSED] - startApp.OpenApp.terminateApplication is PASSED

2022-01-12 07:45:33 - [MESSAGE][PASSED] - Call Test Case 'Test Cases/Mobile/Page/Run App/Terminate App' successfully]]></system-out>
         <system-err><![CDATA[]]></system-err>
      </testcase>
      <testcase name="Test Cases/Mobile/Scenario/Analysis/006 - Melihat Research Report" time="61.865" classname="Test Cases/Mobile/Scenario/Analysis/006 - Melihat Research Report" status="PASSED">
         <system-out><![CDATA[2022-01-12 07:45:33 - [TEST_CASE][PASSED] - Test Cases/Mobile/Scenario/Analysis/006 - Melihat Research Report: Test Cases/Mobile/Scenario/Analysis/006 - Melihat Research Report

2022-01-12 07:45:34 - [TEST_STEP][PASSED] - callTestCase(findTestCase("Mobile/Page/Run App/Run App byID"), [:], STOP_ON_FAILURE): Call Test Case 'Test Cases/Mobile/Page/Run App/Run App byID' successfully

2022-01-12 07:45:34 - [TEST_CASE][PASSED] - Test Cases/Mobile/Page/Run App/Run App byID: Test Cases/Mobile/Page/Run App/Run App byID

2022-01-12 07:45:34 - [TEST_STEP][PASSED] - startApp.OpenApp.startApplication("id.co.miraeasset.sageclub"): startApp.OpenApp.startApplication is PASSED

2022-01-12 07:45:49 - [MESSAGE][PASSED] - Starting app with application ID: 'id.co.miraeasset.sageclub'

2022-01-12 07:45:49 - [MESSAGE][PASSED] - startApp.OpenApp.startApplication is PASSED

2022-01-12 07:45:49 - [MESSAGE][PASSED] - Call Test Case 'Test Cases/Mobile/Page/Run App/Run App byID' successfully

2022-01-12 07:45:49 - [TEST_STEP][PASSED] - callTestCase(findTestCase("Mobile/Page/Analysis/Analysis"), ["action":"researchdetail"], CONTINUE_ON_FAILURE): Call Test Case 'Test Cases/Mobile/Page/Analysis/Analysis' successfully

2022-01-12 07:45:49 - [TEST_CASE][PASSED] - Test Cases/Mobile/Page/Analysis/Analysis: Test Cases/Mobile/Page/Analysis/Analysis

2022-01-12 07:45:49 - [TEST_STEP][PASSED] - callTestCase(findTestCase("Mobile/Page/CheckLogin"), [:], CONTINUE_ON_FAILURE): Call Test Case 'Test Cases/Mobile/Page/CheckLogin' successfully

2022-01-12 07:45:49 - [TEST_CASE][PASSED] - Test Cases/Mobile/Page/CheckLogin: Test Cases/Mobile/Page/CheckLogin

2022-01-12 07:45:49 - [TEST_STEP][PASSED] - loginCheck = verifyElementExist(LOGN_BtnLogin, 5, CONTINUE_ON_FAILURE): Element 'Object Repository/Mobile/Page/Login/Button - Login' is exist

2022-01-12 07:45:51 - [MESSAGE][PASSED] - Element 'Object Repository/Mobile/Page/Login/Button - Login' is exist

2022-01-12 07:45:51 - [TEST_STEP][PASSED] - if (loginCheck): Call Test Case 'Test Cases/Mobile/Page/Login/Login' successfully

2022-01-12 07:45:51 - [TEST_STEP][PASSED] - callTestCase(findTestCase("Mobile/Page/Login/Login"), ["action":"username"], CONTINUE_ON_FAILURE): Call Test Case 'Test Cases/Mobile/Page/Login/Login' successfully

2022-01-12 07:45:51 - [TEST_CASE][PASSED] - Test Cases/Mobile/Page/Login/Login: Test Cases/Mobile/Page/Login/Login

2022-01-12 07:45:51 - [TEST_STEP][PASSED] - delay(2): Delayed 2 second(s)

2022-01-12 07:45:53 - [MESSAGE][PASSED] - Delayed 2 second(s)

2022-01-12 07:45:53 - [TEST_STEP][PASSED] - for ([i = 0, i < 1, (i++)]): null

2022-01-12 07:45:53 - [TEST_STEP][PASSED] - if (action == "username"): null

2022-01-12 07:45:53 - [TEST_STEP][PASSED] - tap(LOGN_EdtUserID, 0): Tapped on element 'Object Repository/Mobile/Page/Login/Input - UserID'

2022-01-12 07:45:53 - [MESSAGE][WARNING] - Timeout '0' is invalid. Using default page load timeout: '60'

2022-01-12 07:45:53 - [MESSAGE][PASSED] - Tapped on element 'Object Repository/Mobile/Page/Login/Input - UserID'

2022-01-12 07:45:53 - [TEST_STEP][PASSED] - delay(1): Delayed 1 second(s)

2022-01-12 07:45:54 - [MESSAGE][PASSED] - Delayed 1 second(s)

2022-01-12 07:45:54 - [TEST_STEP][PASSED] - setText(LOGN_EdtRdyUserID, "anggaaditya", 0): Text 'anggaaditya' has been set to element 'Object Repository/Mobile/Page/Login/Input Rdy - UserID'

2022-01-12 07:45:54 - [MESSAGE][WARNING] - Timeout '0' is invalid. Using default page load timeout: '60'

2022-01-12 07:45:55 - [MESSAGE][PASSED] - Text 'anggaaditya' has been set to element 'Object Repository/Mobile/Page/Login/Input Rdy - UserID'

2022-01-12 07:45:55 - [TEST_STEP][PASSED] - delay(1): Delayed 1 second(s)

2022-01-12 07:45:56 - [MESSAGE][PASSED] - Delayed 1 second(s)

2022-01-12 07:45:56 - [TEST_STEP][PASSED] - hideKeyboard(): Keyboard is hidden

2022-01-12 07:46:00 - [MESSAGE][PASSED] - Keyboard is hidden

2022-01-12 07:46:00 - [TEST_STEP][PASSED] - tap(LOGN_EdtPassword, 0): Tapped on element 'Object Repository/Mobile/Page/Login/Input - Password'

2022-01-12 07:46:00 - [MESSAGE][WARNING] - Timeout '0' is invalid. Using default page load timeout: '60'

2022-01-12 07:46:01 - [MESSAGE][PASSED] - Tapped on element 'Object Repository/Mobile/Page/Login/Input - Password'

2022-01-12 07:46:01 - [TEST_STEP][PASSED] - delay(1): Delayed 1 second(s)

2022-01-12 07:46:02 - [MESSAGE][PASSED] - Delayed 1 second(s)

2022-01-12 07:46:02 - [TEST_STEP][PASSED] - setText(LOGN_EdtRdyPassword, "Shalawa18", 0): Text 'Shalawa18' has been set to element 'Object Repository/Mobile/Page/Login/Input Rdy - Password'

2022-01-12 07:46:02 - [MESSAGE][WARNING] - Timeout '0' is invalid. Using default page load timeout: '60'

2022-01-12 07:46:03 - [MESSAGE][PASSED] - Text 'Shalawa18' has been set to element 'Object Repository/Mobile/Page/Login/Input Rdy - Password'

2022-01-12 07:46:03 - [TEST_STEP][PASSED] - delay(1): Delayed 1 second(s)

2022-01-12 07:46:04 - [MESSAGE][PASSED] - Delayed 1 second(s)

2022-01-12 07:46:04 - [TEST_STEP][PASSED] - hideKeyboard(): Keyboard is hidden

2022-01-12 07:46:10 - [MESSAGE][PASSED] - Keyboard is hidden

2022-01-12 07:46:10 - [TEST_STEP][PASSED] - tap(LOGN_BtnLogin, 0): Tapped on element 'Object Repository/Mobile/Page/Login/Button - Login'

2022-01-12 07:46:10 - [MESSAGE][WARNING] - Timeout '0' is invalid. Using default page load timeout: '60'

2022-01-12 07:46:11 - [MESSAGE][PASSED] - Tapped on element 'Object Repository/Mobile/Page/Login/Button - Login'

2022-01-12 07:46:11 - [TEST_STEP][PASSED] - delay(2): Delayed 2 second(s)

2022-01-12 07:46:13 - [MESSAGE][PASSED] - Delayed 2 second(s)

2022-01-12 07:46:13 - [TEST_STEP][PASSED] - break: null

2022-01-12 07:46:13 - [MESSAGE][PASSED] - Call Test Case 'Test Cases/Mobile/Page/Login/Login' successfully

2022-01-12 07:46:13 - [MESSAGE][PASSED] - Call Test Case 'Test Cases/Mobile/Page/CheckLogin' successfully

2022-01-12 07:46:13 - [TEST_STEP][PASSED] - tap(HOME_MenubarAnalysis, 0): Tapped on element 'Object Repository/Mobile/Page/Home/Menubar - Analysis'

2022-01-12 07:46:13 - [MESSAGE][WARNING] - Timeout '0' is invalid. Using default page load timeout: '60'

2022-01-12 07:46:14 - [MESSAGE][PASSED] - Tapped on element 'Object Repository/Mobile/Page/Home/Menubar - Analysis'

2022-01-12 07:46:14 - [TEST_STEP][PASSED] - delay(1): Delayed 1 second(s)

2022-01-12 07:46:15 - [MESSAGE][PASSED] - Delayed 1 second(s)

2022-01-12 07:46:15 - [TEST_STEP][PASSED] - for ([i = 0, i < 1, (i++)]): Press back button successfully

2022-01-12 07:46:15 - [TEST_STEP][PASSED] - if (action == "technicalsearch"): null

2022-01-12 07:46:15 - [TEST_STEP][PASSED] - else if (action == "technicaldetail"): null

2022-01-12 07:46:15 - [TEST_STEP][PASSED] - else if (action == "researchdetail"): Press back button successfully

2022-01-12 07:46:15 - [TEST_STEP][PASSED] - tap(ANAL_TabResearchReport, 0): Tapped on element 'Object Repository/Mobile/Page/Analysis/Tab - Research Report'

2022-01-12 07:46:15 - [MESSAGE][WARNING] - Timeout '0' is invalid. Using default page load timeout: '60'

2022-01-12 07:46:17 - [MESSAGE][PASSED] - Tapped on element 'Object Repository/Mobile/Page/Analysis/Tab - Research Report'

2022-01-12 07:46:17 - [TEST_STEP][PASSED] - delay(1): Delayed 1 second(s)

2022-01-12 07:46:18 - [MESSAGE][PASSED] - Delayed 1 second(s)

2022-01-12 07:46:18 - [TEST_STEP][PASSED] - tapAndHold(ANAL_ItemTopSearch, 1, 0): Tapped and held on element 'Object Repository/Mobile/Page/Analysis/Item - Top Search' with duration 1

2022-01-12 07:46:18 - [MESSAGE][WARNING] - Timeout '0' is invalid. Using default page load timeout: '60'

2022-01-12 07:46:21 - [MESSAGE][PASSED] - Tapped and held on element 'Object Repository/Mobile/Page/Analysis/Item - Top Search' with duration 1

2022-01-12 07:46:21 - [TEST_STEP][PASSED] - delay(3): Delayed 3 second(s)

2022-01-12 07:46:24 - [MESSAGE][PASSED] - Delayed 3 second(s)

2022-01-12 07:46:24 - [TEST_STEP][PASSED] - pressBack(): Press back button successfully

2022-01-12 07:46:24 - [MESSAGE][PASSED] - Press back button successfully

2022-01-12 07:46:24 - [MESSAGE][PASSED] - Call Test Case 'Test Cases/Mobile/Page/Analysis/Analysis' successfully

2022-01-12 07:46:24 - [TEST_STEP][PASSED] - callTestCase(findTestCase("Mobile/Page/Run App/Terminate App"), [:], STOP_ON_FAILURE): Call Test Case 'Test Cases/Mobile/Page/Run App/Terminate App' successfully

2022-01-12 07:46:24 - [TEST_CASE][PASSED] - Test Cases/Mobile/Page/Run App/Terminate App: Test Cases/Mobile/Page/Run App/Terminate App

2022-01-12 07:46:24 - [TEST_STEP][PASSED] - startApp.OpenApp.terminateApplication(): startApp.OpenApp.terminateApplication is PASSED

2022-01-12 07:46:28 - [MESSAGE][PASSED] - Delayed 3 second(s)

2022-01-12 07:46:28 - [MESSAGE][PASSED] - Current device physical width is 720

2022-01-12 07:46:29 - [MESSAGE][PASSED] - Current device physical height is 1423

2022-01-12 07:46:30 - [MESSAGE][PASSED] - Swiped from 360,853 to 360,142

2022-01-12 07:46:31 - [MESSAGE][PASSED] - Delayed 1 second(s)

2022-01-12 07:46:32 - [MESSAGE][PASSED] - Swiped from 360,853 to 360,142

2022-01-12 07:46:35 - [MESSAGE][PASSED] - Delayed 3 second(s)

2022-01-12 07:46:35 - [MESSAGE][PASSED] - startApp.OpenApp.terminateApplication is PASSED

2022-01-12 07:46:35 - [MESSAGE][PASSED] - Call Test Case 'Test Cases/Mobile/Page/Run App/Terminate App' successfully]]></system-out>
         <system-err><![CDATA[]]></system-err>
      </testcase>
      <testcase name="Test Cases/Mobile/Scenario/Analysis/007 - Mencari research report" time="65.166" classname="Test Cases/Mobile/Scenario/Analysis/007 - Mencari research report" status="PASSED">
         <system-out><![CDATA[2022-01-12 07:46:35 - [TEST_CASE][PASSED] - Test Cases/Mobile/Scenario/Analysis/007 - Mencari research report: Test Cases/Mobile/Scenario/Analysis/007 - Mencari research report

2022-01-12 07:46:36 - [TEST_STEP][PASSED] - callTestCase(findTestCase("Mobile/Page/Run App/Run App byID"), [:], STOP_ON_FAILURE): Call Test Case 'Test Cases/Mobile/Page/Run App/Run App byID' successfully

2022-01-12 07:46:36 - [TEST_CASE][PASSED] - Test Cases/Mobile/Page/Run App/Run App byID: Test Cases/Mobile/Page/Run App/Run App byID

2022-01-12 07:46:36 - [TEST_STEP][PASSED] - startApp.OpenApp.startApplication("id.co.miraeasset.sageclub"): startApp.OpenApp.startApplication is PASSED

2022-01-12 07:46:51 - [MESSAGE][PASSED] - Starting app with application ID: 'id.co.miraeasset.sageclub'

2022-01-12 07:46:51 - [MESSAGE][PASSED] - startApp.OpenApp.startApplication is PASSED

2022-01-12 07:46:51 - [MESSAGE][PASSED] - Call Test Case 'Test Cases/Mobile/Page/Run App/Run App byID' successfully

2022-01-12 07:46:51 - [TEST_STEP][PASSED] - callTestCase(findTestCase("Mobile/Page/Analysis/Analysis"), ["action":"researchsearch"], CONTINUE_ON_FAILURE): Call Test Case 'Test Cases/Mobile/Page/Analysis/Analysis' successfully

2022-01-12 07:46:51 - [TEST_CASE][PASSED] - Test Cases/Mobile/Page/Analysis/Analysis: Test Cases/Mobile/Page/Analysis/Analysis

2022-01-12 07:46:51 - [TEST_STEP][PASSED] - callTestCase(findTestCase("Mobile/Page/CheckLogin"), [:], CONTINUE_ON_FAILURE): Call Test Case 'Test Cases/Mobile/Page/CheckLogin' successfully

2022-01-12 07:46:51 - [TEST_CASE][PASSED] - Test Cases/Mobile/Page/CheckLogin: Test Cases/Mobile/Page/CheckLogin

2022-01-12 07:46:51 - [TEST_STEP][PASSED] - loginCheck = verifyElementExist(LOGN_BtnLogin, 5, CONTINUE_ON_FAILURE): Element 'Object Repository/Mobile/Page/Login/Button - Login' is exist

2022-01-12 07:46:53 - [MESSAGE][PASSED] - Element 'Object Repository/Mobile/Page/Login/Button - Login' is exist

2022-01-12 07:46:53 - [TEST_STEP][PASSED] - if (loginCheck): Call Test Case 'Test Cases/Mobile/Page/Login/Login' successfully

2022-01-12 07:46:53 - [TEST_STEP][PASSED] - callTestCase(findTestCase("Mobile/Page/Login/Login"), ["action":"username"], CONTINUE_ON_FAILURE): Call Test Case 'Test Cases/Mobile/Page/Login/Login' successfully

2022-01-12 07:46:53 - [TEST_CASE][PASSED] - Test Cases/Mobile/Page/Login/Login: Test Cases/Mobile/Page/Login/Login

2022-01-12 07:46:53 - [TEST_STEP][PASSED] - delay(2): Delayed 2 second(s)

2022-01-12 07:46:55 - [MESSAGE][PASSED] - Delayed 2 second(s)

2022-01-12 07:46:55 - [TEST_STEP][PASSED] - for ([i = 0, i < 1, (i++)]): null

2022-01-12 07:46:55 - [TEST_STEP][PASSED] - if (action == "username"): null

2022-01-12 07:46:55 - [TEST_STEP][PASSED] - tap(LOGN_EdtUserID, 0): Tapped on element 'Object Repository/Mobile/Page/Login/Input - UserID'

2022-01-12 07:46:55 - [MESSAGE][WARNING] - Timeout '0' is invalid. Using default page load timeout: '60'

2022-01-12 07:46:56 - [MESSAGE][PASSED] - Tapped on element 'Object Repository/Mobile/Page/Login/Input - UserID'

2022-01-12 07:46:56 - [TEST_STEP][PASSED] - delay(1): Delayed 1 second(s)

2022-01-12 07:46:57 - [MESSAGE][PASSED] - Delayed 1 second(s)

2022-01-12 07:46:57 - [TEST_STEP][PASSED] - setText(LOGN_EdtRdyUserID, "anggaaditya", 0): Text 'anggaaditya' has been set to element 'Object Repository/Mobile/Page/Login/Input Rdy - UserID'

2022-01-12 07:46:57 - [MESSAGE][WARNING] - Timeout '0' is invalid. Using default page load timeout: '60'

2022-01-12 07:46:57 - [MESSAGE][PASSED] - Text 'anggaaditya' has been set to element 'Object Repository/Mobile/Page/Login/Input Rdy - UserID'

2022-01-12 07:46:57 - [TEST_STEP][PASSED] - delay(1): Delayed 1 second(s)

2022-01-12 07:46:58 - [MESSAGE][PASSED] - Delayed 1 second(s)

2022-01-12 07:46:58 - [TEST_STEP][PASSED] - hideKeyboard(): Keyboard is hidden

2022-01-12 07:47:02 - [MESSAGE][PASSED] - Keyboard is hidden

2022-01-12 07:47:02 - [TEST_STEP][PASSED] - tap(LOGN_EdtPassword, 0): Tapped on element 'Object Repository/Mobile/Page/Login/Input - Password'

2022-01-12 07:47:02 - [MESSAGE][WARNING] - Timeout '0' is invalid. Using default page load timeout: '60'

2022-01-12 07:47:03 - [MESSAGE][PASSED] - Tapped on element 'Object Repository/Mobile/Page/Login/Input - Password'

2022-01-12 07:47:03 - [TEST_STEP][PASSED] - delay(1): Delayed 1 second(s)

2022-01-12 07:47:04 - [MESSAGE][PASSED] - Delayed 1 second(s)

2022-01-12 07:47:04 - [TEST_STEP][PASSED] - setText(LOGN_EdtRdyPassword, "Shalawa18", 0): Text 'Shalawa18' has been set to element 'Object Repository/Mobile/Page/Login/Input Rdy - Password'

2022-01-12 07:47:04 - [MESSAGE][WARNING] - Timeout '0' is invalid. Using default page load timeout: '60'

2022-01-12 07:47:04 - [MESSAGE][PASSED] - Text 'Shalawa18' has been set to element 'Object Repository/Mobile/Page/Login/Input Rdy - Password'

2022-01-12 07:47:04 - [TEST_STEP][PASSED] - delay(1): Delayed 1 second(s)

2022-01-12 07:47:05 - [MESSAGE][PASSED] - Delayed 1 second(s)

2022-01-12 07:47:05 - [TEST_STEP][PASSED] - hideKeyboard(): Keyboard is hidden

2022-01-12 07:47:12 - [MESSAGE][PASSED] - Keyboard is hidden

2022-01-12 07:47:12 - [TEST_STEP][PASSED] - tap(LOGN_BtnLogin, 0): Tapped on element 'Object Repository/Mobile/Page/Login/Button - Login'

2022-01-12 07:47:12 - [MESSAGE][WARNING] - Timeout '0' is invalid. Using default page load timeout: '60'

2022-01-12 07:47:12 - [MESSAGE][PASSED] - Tapped on element 'Object Repository/Mobile/Page/Login/Button - Login'

2022-01-12 07:47:12 - [TEST_STEP][PASSED] - delay(2): Delayed 2 second(s)

2022-01-12 07:47:14 - [MESSAGE][PASSED] - Delayed 2 second(s)

2022-01-12 07:47:14 - [TEST_STEP][PASSED] - break: null

2022-01-12 07:47:14 - [MESSAGE][PASSED] - Call Test Case 'Test Cases/Mobile/Page/Login/Login' successfully

2022-01-12 07:47:14 - [MESSAGE][PASSED] - Call Test Case 'Test Cases/Mobile/Page/CheckLogin' successfully

2022-01-12 07:47:14 - [TEST_STEP][PASSED] - tap(HOME_MenubarAnalysis, 0): Tapped on element 'Object Repository/Mobile/Page/Home/Menubar - Analysis'

2022-01-12 07:47:14 - [MESSAGE][WARNING] - Timeout '0' is invalid. Using default page load timeout: '60'

2022-01-12 07:47:16 - [MESSAGE][PASSED] - Tapped on element 'Object Repository/Mobile/Page/Home/Menubar - Analysis'

2022-01-12 07:47:16 - [TEST_STEP][PASSED] - delay(1): Delayed 1 second(s)

2022-01-12 07:47:17 - [MESSAGE][PASSED] - Delayed 1 second(s)

2022-01-12 07:47:17 - [TEST_STEP][PASSED] - for ([i = 0, i < 1, (i++)]): Press back button successfully

2022-01-12 07:47:17 - [TEST_STEP][PASSED] - if (action == "technicalsearch"): null

2022-01-12 07:47:17 - [TEST_STEP][PASSED] - else if (action == "technicaldetail"): null

2022-01-12 07:47:17 - [TEST_STEP][PASSED] - else if (action == "researchdetail"): null

2022-01-12 07:47:17 - [TEST_STEP][PASSED] - else if (action == "researchsearch"): Press back button successfully

2022-01-12 07:47:17 - [TEST_STEP][PASSED] - tap(ANAL_TabResearchReport, 0): Tapped on element 'Object Repository/Mobile/Page/Analysis/Tab - Research Report'

2022-01-12 07:47:17 - [MESSAGE][WARNING] - Timeout '0' is invalid. Using default page load timeout: '60'

2022-01-12 07:47:18 - [MESSAGE][PASSED] - Tapped on element 'Object Repository/Mobile/Page/Analysis/Tab - Research Report'

2022-01-12 07:47:18 - [TEST_STEP][PASSED] - delay(1): Delayed 1 second(s)

2022-01-12 07:47:19 - [MESSAGE][PASSED] - Delayed 1 second(s)

2022-01-12 07:47:19 - [TEST_STEP][PASSED] - tap(ANAL_EdtSearch, 0): Tapped on element 'Object Repository/Mobile/Page/Analysis/Input - Search'

2022-01-12 07:47:19 - [MESSAGE][WARNING] - Timeout '0' is invalid. Using default page load timeout: '60'

2022-01-12 07:47:20 - [MESSAGE][PASSED] - Tapped on element 'Object Repository/Mobile/Page/Analysis/Input - Search'

2022-01-12 07:47:20 - [TEST_STEP][PASSED] - delay(1): Delayed 1 second(s)

2022-01-12 07:47:21 - [MESSAGE][PASSED] - Delayed 1 second(s)

2022-01-12 07:47:21 - [TEST_STEP][PASSED] - setText(ANAL_EdtSearch, "surya", 0): Text 'surya' has been set to element 'Object Repository/Mobile/Page/Analysis/Input - Search'

2022-01-12 07:47:21 - [MESSAGE][WARNING] - Timeout '0' is invalid. Using default page load timeout: '60'

2022-01-12 07:47:21 - [MESSAGE][PASSED] - Text 'surya' has been set to element 'Object Repository/Mobile/Page/Analysis/Input - Search'

2022-01-12 07:47:21 - [TEST_STEP][PASSED] - hideKeyboard(): Keyboard is hidden

2022-01-12 07:47:23 - [MESSAGE][PASSED] - Keyboard is hidden

2022-01-12 07:47:23 - [TEST_STEP][PASSED] - tapAndHold(ANAL_ItemTopSearch, 1, 0): Tapped and held on element 'Object Repository/Mobile/Page/Analysis/Item - Top Search' with duration 1

2022-01-12 07:47:23 - [MESSAGE][WARNING] - Timeout '0' is invalid. Using default page load timeout: '60'

2022-01-12 07:47:26 - [MESSAGE][PASSED] - Tapped and held on element 'Object Repository/Mobile/Page/Analysis/Item - Top Search' with duration 1

2022-01-12 07:47:26 - [TEST_STEP][PASSED] - delay(3): Delayed 3 second(s)

2022-01-12 07:47:29 - [MESSAGE][PASSED] - Delayed 3 second(s)

2022-01-12 07:47:29 - [TEST_STEP][PASSED] - pressBack(): Press back button successfully

2022-01-12 07:47:29 - [MESSAGE][PASSED] - Press back button successfully

2022-01-12 07:47:29 - [MESSAGE][PASSED] - Call Test Case 'Test Cases/Mobile/Page/Analysis/Analysis' successfully

2022-01-12 07:47:29 - [TEST_STEP][PASSED] - callTestCase(findTestCase("Mobile/Page/Run App/Terminate App"), [:], STOP_ON_FAILURE): Call Test Case 'Test Cases/Mobile/Page/Run App/Terminate App' successfully

2022-01-12 07:47:29 - [TEST_CASE][PASSED] - Test Cases/Mobile/Page/Run App/Terminate App: Test Cases/Mobile/Page/Run App/Terminate App

2022-01-12 07:47:29 - [TEST_STEP][PASSED] - startApp.OpenApp.terminateApplication(): startApp.OpenApp.terminateApplication is PASSED

2022-01-12 07:47:33 - [MESSAGE][PASSED] - Delayed 3 second(s)

2022-01-12 07:47:33 - [MESSAGE][PASSED] - Current device physical width is 720

2022-01-12 07:47:34 - [MESSAGE][PASSED] - Current device physical height is 1423

2022-01-12 07:47:35 - [MESSAGE][PASSED] - Swiped from 360,853 to 360,142

2022-01-12 07:47:36 - [MESSAGE][PASSED] - Delayed 1 second(s)

2022-01-12 07:47:37 - [MESSAGE][PASSED] - Swiped from 360,853 to 360,142

2022-01-12 07:47:41 - [MESSAGE][PASSED] - Delayed 3 second(s)

2022-01-12 07:47:41 - [MESSAGE][PASSED] - startApp.OpenApp.terminateApplication is PASSED

2022-01-12 07:47:41 - [MESSAGE][PASSED] - Call Test Case 'Test Cases/Mobile/Page/Run App/Terminate App' successfully]]></system-out>
         <system-err><![CDATA[]]></system-err>
      </testcase>
      <system-out><![CDATA[2022-01-12 07:39:46 - [TEST_SUITE][PASSED] - analysis: Test Cases/Mobile/Scenario/Analysis/007 - Mencari research report]]></system-out>
      <system-err><![CDATA[]]></system-err>
   </testsuite>
</testsuites>
