<?xml version="1.0" encoding="UTF-8"?>
<testsuites name="portfolio" time="1222.418" tests="19" failures="0" skips="0" errors="0">
   <testsuite name="portfolio" tests="19" failures="0" errors="0" time="1222.418" skips="0" timestamp="2022-01-17 15:09:12" hostname="Owner - aldy-tft" id="Test Suites/portfolio">
      <properties>
         <property name="deviceName" value="samsung SM-A205F (Android 11)"/>
         <property name="devicePlatform" value=""/>
         <property name="logFolder" value="C:\\Users\\Owner\\Documents\\kerjaan\\KatalonProject\\qa_katalon_pwm\\qa_katalon_pwm\\Reports\\20220117_150904\\portfolio\\20220117_150904"/>
         <property name="logFiles" value="C:\\Users\\Owner\\Documents\\kerjaan\\KatalonProject\\qa_katalon_pwm\\qa_katalon_pwm\\Reports\\20220117_150904\\portfolio\\20220117_150904\\appium.log, C:\\Users\\Owner\\Documents\\kerjaan\\KatalonProject\\qa_katalon_pwm\\qa_katalon_pwm\\Reports\\20220117_150904\\portfolio\\20220117_150904\\execution0.log"/>
         <property name="attachments" value=""/>
         <property name="hostName" value="Owner - aldy-tft"/>
         <property name="os" value="Windows 10 64bit"/>
         <property name="appiumServerStatus" value="{&quot;value&quot;:{&quot;build&quot;:{&quot;version&quot;:&quot;1.22.0&quot;}},&quot;sessionId&quot;:null,&quot;status&quot;:0}"/>
         <property name="katalonVersion" value="7.9.1.208"/>
         <property name="deviceOS" value="Android"/>
         <property name="appiumVersion" value="1.22.0"/>
         <property name="deviceModel" value="SM-A205F"/>
         <property name="hostAddress" value="192.168.100.36"/>
         <property name="deviceManufacturer" value="samsung"/>
         <property name="deviceId" value="RR8M40C9AXE"/>
         <property name="deviceName" value="samsung SM-A205F (Android 11)"/>
         <property name="deviceOSVersion" value="11"/>
      </properties>
      <testcase name="Test Cases/Mobile/Scenario/Portfolio/001 - Summary" time="82.477" classname="Test Cases/Mobile/Scenario/Portfolio/001 - Summary" status="PASSED">
         <system-out><![CDATA[2022-01-17 15:09:13 - [TEST_CASE][PASSED] - Test Cases/Mobile/Scenario/Portfolio/001 - Summary: Test Cases/Mobile/Scenario/Portfolio/001 - Summary

2022-01-17 15:09:13 - [TEST_STEP][PASSED] - callTestCase(findTestCase("Mobile/Page/Run App/Run App byID"), [:], STOP_ON_FAILURE): Call Test Case 'Test Cases/Mobile/Page/Run App/Run App byID' successfully

2022-01-17 15:09:14 - [TEST_CASE][PASSED] - Test Cases/Mobile/Page/Run App/Run App byID: Test Cases/Mobile/Page/Run App/Run App byID

2022-01-17 15:09:14 - [TEST_STEP][PASSED] - startApp.OpenApp.startApplication("id.co.miraeasset.sageclub"): startApp.OpenApp.startApplication is PASSED

2022-01-17 15:09:16 - [MESSAGE][INFO] - Appium server started on port 50,185

2022-01-17 15:09:37 - [MESSAGE][PASSED] - Starting app with application ID: 'id.co.miraeasset.sageclub'

2022-01-17 15:09:37 - [MESSAGE][PASSED] - startApp.OpenApp.startApplication is PASSED

2022-01-17 15:09:37 - [MESSAGE][PASSED] - Call Test Case 'Test Cases/Mobile/Page/Run App/Run App byID' successfully

2022-01-17 15:09:37 - [TEST_STEP][PASSED] - callTestCase(findTestCase("Mobile/Page/Portfolio/Portfolio"), ["tab":"summary", "action":"summary"], CONTINUE_ON_FAILURE): Call Test Case 'Test Cases/Mobile/Page/Portfolio/Portfolio' successfully

2022-01-17 15:09:37 - [TEST_CASE][PASSED] - Test Cases/Mobile/Page/Portfolio/Portfolio: Test Cases/Mobile/Page/Portfolio/Portfolio

2022-01-17 15:09:37 - [TEST_STEP][PASSED] - callTestCase(findTestCase("Mobile/Page/CheckLogin"), [:], CONTINUE_ON_FAILURE): Call Test Case 'Test Cases/Mobile/Page/CheckLogin' successfully

2022-01-17 15:09:37 - [TEST_CASE][PASSED] - Test Cases/Mobile/Page/CheckLogin: Test Cases/Mobile/Page/CheckLogin

2022-01-17 15:09:38 - [TEST_STEP][PASSED] - loginCheck = verifyElementExist(LOGN_BtnLogin, 5, CONTINUE_ON_FAILURE): Element 'Object Repository/Mobile/Page/Login/Button - Login' is exist

2022-01-17 15:09:51 - [MESSAGE][PASSED] - Element 'Object Repository/Mobile/Page/Login/Button - Login' is exist

2022-01-17 15:09:51 - [TEST_STEP][PASSED] - if (loginCheck): Call Test Case 'Test Cases/Mobile/Page/Login/Login' successfully

2022-01-17 15:09:51 - [TEST_STEP][PASSED] - callTestCase(findTestCase("Mobile/Page/Login/Login"), ["action":"username"], CONTINUE_ON_FAILURE): Call Test Case 'Test Cases/Mobile/Page/Login/Login' successfully

2022-01-17 15:09:51 - [TEST_CASE][PASSED] - Test Cases/Mobile/Page/Login/Login: Test Cases/Mobile/Page/Login/Login

2022-01-17 15:09:52 - [TEST_STEP][PASSED] - delay(2): Delayed 2 second(s)

2022-01-17 15:09:54 - [MESSAGE][PASSED] - Delayed 2 second(s)

2022-01-17 15:09:54 - [TEST_STEP][PASSED] - for ([i = 0, i < 1, (i++)]): null

2022-01-17 15:09:54 - [TEST_STEP][PASSED] - if (action == "username"): null

2022-01-17 15:09:54 - [TEST_STEP][PASSED] - tap(LOGN_EdtUserID, 0): Tapped on element 'Object Repository/Mobile/Page/Login/Input - UserID'

2022-01-17 15:09:54 - [MESSAGE][WARNING] - Timeout '0' is invalid. Using default page load timeout: '60'

2022-01-17 15:09:54 - [MESSAGE][PASSED] - Tapped on element 'Object Repository/Mobile/Page/Login/Input - UserID'

2022-01-17 15:09:54 - [TEST_STEP][PASSED] - delay(1): Delayed 1 second(s)

2022-01-17 15:09:55 - [MESSAGE][PASSED] - Delayed 1 second(s)

2022-01-17 15:09:55 - [TEST_STEP][PASSED] - setText(LOGN_EdtRdyUserID, "anggaaditya", 0): Text 'anggaaditya' has been set to element 'Object Repository/Mobile/Page/Login/Input Rdy - UserID'

2022-01-17 15:09:55 - [MESSAGE][WARNING] - Timeout '0' is invalid. Using default page load timeout: '60'

2022-01-17 15:09:57 - [MESSAGE][PASSED] - Text 'anggaaditya' has been set to element 'Object Repository/Mobile/Page/Login/Input Rdy - UserID'

2022-01-17 15:09:57 - [TEST_STEP][PASSED] - delay(1): Delayed 1 second(s)

2022-01-17 15:09:58 - [MESSAGE][PASSED] - Delayed 1 second(s)

2022-01-17 15:09:58 - [TEST_STEP][PASSED] - hideKeyboard(): Keyboard is hidden

2022-01-17 15:10:03 - [MESSAGE][PASSED] - Keyboard is hidden

2022-01-17 15:10:03 - [TEST_STEP][PASSED] - tap(LOGN_EdtPassword, 0): Tapped on element 'Object Repository/Mobile/Page/Login/Input - Password'

2022-01-17 15:10:03 - [MESSAGE][WARNING] - Timeout '0' is invalid. Using default page load timeout: '60'

2022-01-17 15:10:03 - [MESSAGE][PASSED] - Tapped on element 'Object Repository/Mobile/Page/Login/Input - Password'

2022-01-17 15:10:03 - [TEST_STEP][PASSED] - delay(1): Delayed 1 second(s)

2022-01-17 15:10:04 - [MESSAGE][PASSED] - Delayed 1 second(s)

2022-01-17 15:10:04 - [TEST_STEP][PASSED] - setText(LOGN_EdtRdyPassword, "Shalawa18", 0): Text 'Shalawa18' has been set to element 'Object Repository/Mobile/Page/Login/Input Rdy - Password'

2022-01-17 15:10:04 - [MESSAGE][WARNING] - Timeout '0' is invalid. Using default page load timeout: '60'

2022-01-17 15:10:05 - [MESSAGE][PASSED] - Text 'Shalawa18' has been set to element 'Object Repository/Mobile/Page/Login/Input Rdy - Password'

2022-01-17 15:10:05 - [TEST_STEP][PASSED] - delay(1): Delayed 1 second(s)

2022-01-17 15:10:06 - [MESSAGE][PASSED] - Delayed 1 second(s)

2022-01-17 15:10:06 - [TEST_STEP][PASSED] - hideKeyboard(): Keyboard is hidden

2022-01-17 15:10:17 - [MESSAGE][PASSED] - Keyboard is hidden

2022-01-17 15:10:17 - [TEST_STEP][PASSED] - tap(LOGN_BtnLogin, 0): Tapped on element 'Object Repository/Mobile/Page/Login/Button - Login'

2022-01-17 15:10:17 - [MESSAGE][WARNING] - Timeout '0' is invalid. Using default page load timeout: '60'

2022-01-17 15:10:17 - [MESSAGE][PASSED] - Tapped on element 'Object Repository/Mobile/Page/Login/Button - Login'

2022-01-17 15:10:17 - [TEST_STEP][PASSED] - delay(2): Delayed 2 second(s)

2022-01-17 15:10:19 - [MESSAGE][PASSED] - Delayed 2 second(s)

2022-01-17 15:10:19 - [TEST_STEP][PASSED] - break: null

2022-01-17 15:10:19 - [MESSAGE][PASSED] - Call Test Case 'Test Cases/Mobile/Page/Login/Login' successfully

2022-01-17 15:10:19 - [MESSAGE][PASSED] - Call Test Case 'Test Cases/Mobile/Page/CheckLogin' successfully

2022-01-17 15:10:19 - [TEST_STEP][PASSED] - tap(HOME_MenubarPortfolio, 0): Tapped on element 'Object Repository/Mobile/Page/Home/Menubar - Portfolio'

2022-01-17 15:10:19 - [MESSAGE][WARNING] - Timeout '0' is invalid. Using default page load timeout: '60'

2022-01-17 15:10:21 - [MESSAGE][PASSED] - Tapped on element 'Object Repository/Mobile/Page/Home/Menubar - Portfolio'

2022-01-17 15:10:21 - [TEST_STEP][PASSED] - delay(1): Delayed 1 second(s)

2022-01-17 15:10:22 - [MESSAGE][PASSED] - Delayed 1 second(s)

2022-01-17 15:10:22 - [TEST_STEP][PASSED] - for ([i = 0, i < 1, (i++)]): null

2022-01-17 15:10:22 - [TEST_STEP][PASSED] - if (tab == "summary"): null

2022-01-17 15:10:22 - [TEST_STEP][PASSED] - idr = PORT_BtnIDR: null

2022-01-17 15:10:22 - [TEST_STEP][PASSED] - persen = PORT_BtnPersen: null

2022-01-17 15:10:22 - [TEST_STEP][PASSED] - if (action == "summary"): Delayed 3 second(s)

2022-01-17 15:10:22 - [TEST_STEP][PASSED] - delay(3): Delayed 3 second(s)

2022-01-17 15:10:25 - [MESSAGE][PASSED] - Delayed 3 second(s)

2022-01-17 15:10:25 - [TEST_STEP][PASSED] - if (action != "summary"): null

2022-01-17 15:10:25 - [MESSAGE][PASSED] - Call Test Case 'Test Cases/Mobile/Page/Portfolio/Portfolio' successfully

2022-01-17 15:10:25 - [TEST_STEP][PASSED] - callTestCase(findTestCase("Mobile/Page/Run App/Terminate App"), [:], STOP_ON_FAILURE): Call Test Case 'Test Cases/Mobile/Page/Run App/Terminate App' successfully

2022-01-17 15:10:25 - [TEST_CASE][PASSED] - Test Cases/Mobile/Page/Run App/Terminate App: Test Cases/Mobile/Page/Run App/Terminate App

2022-01-17 15:10:25 - [TEST_STEP][PASSED] - startApp.OpenApp.terminateApplication(): startApp.OpenApp.terminateApplication is PASSED

2022-01-17 15:10:29 - [MESSAGE][PASSED] - Delayed 3 second(s)

2022-01-17 15:10:29 - [MESSAGE][PASSED] - Current device physical width is 720

2022-01-17 15:10:29 - [MESSAGE][PASSED] - Current device physical height is 1423

2022-01-17 15:10:30 - [MESSAGE][PASSED] - Swiped from 360,853 to 360,142

2022-01-17 15:10:31 - [MESSAGE][PASSED] - Delayed 1 second(s)

2022-01-17 15:10:32 - [MESSAGE][PASSED] - Swiped from 360,853 to 360,142

2022-01-17 15:10:35 - [MESSAGE][PASSED] - Delayed 3 second(s)

2022-01-17 15:10:35 - [MESSAGE][PASSED] - startApp.OpenApp.terminateApplication is PASSED

2022-01-17 15:10:36 - [MESSAGE][PASSED] - Call Test Case 'Test Cases/Mobile/Page/Run App/Terminate App' successfully]]></system-out>
         <system-err><![CDATA[]]></system-err>
      </testcase>
      <testcase name="Test Cases/Mobile/Scenario/Portfolio/002 - Portfolio Performance Daily IDR" time="69.963" classname="Test Cases/Mobile/Scenario/Portfolio/002 - Portfolio Performance Daily IDR" status="PASSED">
         <system-out><![CDATA[2022-01-17 15:10:36 - [TEST_CASE][PASSED] - Test Cases/Mobile/Scenario/Portfolio/002 - Portfolio Performance Daily IDR: Test Cases/Mobile/Scenario/Portfolio/002 - Portfolio Performance Daily IDR

2022-01-17 15:10:36 - [TEST_STEP][PASSED] - callTestCase(findTestCase("Mobile/Page/Run App/Run App byID"), [:], STOP_ON_FAILURE): Call Test Case 'Test Cases/Mobile/Page/Run App/Run App byID' successfully

2022-01-17 15:10:36 - [TEST_CASE][PASSED] - Test Cases/Mobile/Page/Run App/Run App byID: Test Cases/Mobile/Page/Run App/Run App byID

2022-01-17 15:10:36 - [TEST_STEP][PASSED] - startApp.OpenApp.startApplication("id.co.miraeasset.sageclub"): startApp.OpenApp.startApplication is PASSED

2022-01-17 15:10:51 - [MESSAGE][PASSED] - Starting app with application ID: 'id.co.miraeasset.sageclub'

2022-01-17 15:10:51 - [MESSAGE][PASSED] - startApp.OpenApp.startApplication is PASSED

2022-01-17 15:10:51 - [MESSAGE][PASSED] - Call Test Case 'Test Cases/Mobile/Page/Run App/Run App byID' successfully

2022-01-17 15:10:51 - [TEST_STEP][PASSED] - callTestCase(findTestCase("Mobile/Page/Portfolio/Portfolio"), ["tab":"summary", "action":"perf_daily", "action2":"idr"], CONTINUE_ON_FAILURE): Call Test Case 'Test Cases/Mobile/Page/Portfolio/Portfolio' successfully

2022-01-17 15:10:51 - [TEST_CASE][PASSED] - Test Cases/Mobile/Page/Portfolio/Portfolio: Test Cases/Mobile/Page/Portfolio/Portfolio

2022-01-17 15:10:51 - [TEST_STEP][PASSED] - callTestCase(findTestCase("Mobile/Page/CheckLogin"), [:], CONTINUE_ON_FAILURE): Call Test Case 'Test Cases/Mobile/Page/CheckLogin' successfully

2022-01-17 15:10:51 - [TEST_CASE][PASSED] - Test Cases/Mobile/Page/CheckLogin: Test Cases/Mobile/Page/CheckLogin

2022-01-17 15:10:51 - [TEST_STEP][PASSED] - loginCheck = verifyElementExist(LOGN_BtnLogin, 5, CONTINUE_ON_FAILURE): Element 'Object Repository/Mobile/Page/Login/Button - Login' is exist

2022-01-17 15:10:54 - [MESSAGE][PASSED] - Element 'Object Repository/Mobile/Page/Login/Button - Login' is exist

2022-01-17 15:10:54 - [TEST_STEP][PASSED] - if (loginCheck): Call Test Case 'Test Cases/Mobile/Page/Login/Login' successfully

2022-01-17 15:10:54 - [TEST_STEP][PASSED] - callTestCase(findTestCase("Mobile/Page/Login/Login"), ["action":"username"], CONTINUE_ON_FAILURE): Call Test Case 'Test Cases/Mobile/Page/Login/Login' successfully

2022-01-17 15:10:54 - [TEST_CASE][PASSED] - Test Cases/Mobile/Page/Login/Login: Test Cases/Mobile/Page/Login/Login

2022-01-17 15:10:54 - [TEST_STEP][PASSED] - delay(2): Delayed 2 second(s)

2022-01-17 15:10:56 - [MESSAGE][PASSED] - Delayed 2 second(s)

2022-01-17 15:10:56 - [TEST_STEP][PASSED] - for ([i = 0, i < 1, (i++)]): null

2022-01-17 15:10:56 - [TEST_STEP][PASSED] - if (action == "username"): null

2022-01-17 15:10:56 - [TEST_STEP][PASSED] - tap(LOGN_EdtUserID, 0): Tapped on element 'Object Repository/Mobile/Page/Login/Input - UserID'

2022-01-17 15:10:56 - [MESSAGE][WARNING] - Timeout '0' is invalid. Using default page load timeout: '60'

2022-01-17 15:10:56 - [MESSAGE][PASSED] - Tapped on element 'Object Repository/Mobile/Page/Login/Input - UserID'

2022-01-17 15:10:56 - [TEST_STEP][PASSED] - delay(1): Delayed 1 second(s)

2022-01-17 15:10:57 - [MESSAGE][PASSED] - Delayed 1 second(s)

2022-01-17 15:10:57 - [TEST_STEP][PASSED] - setText(LOGN_EdtRdyUserID, "anggaaditya", 0): Text 'anggaaditya' has been set to element 'Object Repository/Mobile/Page/Login/Input Rdy - UserID'

2022-01-17 15:10:57 - [MESSAGE][WARNING] - Timeout '0' is invalid. Using default page load timeout: '60'

2022-01-17 15:10:58 - [MESSAGE][PASSED] - Text 'anggaaditya' has been set to element 'Object Repository/Mobile/Page/Login/Input Rdy - UserID'

2022-01-17 15:10:58 - [TEST_STEP][PASSED] - delay(1): Delayed 1 second(s)

2022-01-17 15:10:59 - [MESSAGE][PASSED] - Delayed 1 second(s)

2022-01-17 15:10:59 - [TEST_STEP][PASSED] - hideKeyboard(): Keyboard is hidden

2022-01-17 15:11:06 - [MESSAGE][PASSED] - Keyboard is hidden

2022-01-17 15:11:06 - [TEST_STEP][PASSED] - tap(LOGN_EdtPassword, 0): Tapped on element 'Object Repository/Mobile/Page/Login/Input - Password'

2022-01-17 15:11:06 - [MESSAGE][WARNING] - Timeout '0' is invalid. Using default page load timeout: '60'

2022-01-17 15:11:07 - [MESSAGE][PASSED] - Tapped on element 'Object Repository/Mobile/Page/Login/Input - Password'

2022-01-17 15:11:07 - [TEST_STEP][PASSED] - delay(1): Delayed 1 second(s)

2022-01-17 15:11:08 - [MESSAGE][PASSED] - Delayed 1 second(s)

2022-01-17 15:11:08 - [TEST_STEP][PASSED] - setText(LOGN_EdtRdyPassword, "Shalawa18", 0): Text 'Shalawa18' has been set to element 'Object Repository/Mobile/Page/Login/Input Rdy - Password'

2022-01-17 15:11:08 - [MESSAGE][WARNING] - Timeout '0' is invalid. Using default page load timeout: '60'

2022-01-17 15:11:08 - [MESSAGE][PASSED] - Text 'Shalawa18' has been set to element 'Object Repository/Mobile/Page/Login/Input Rdy - Password'

2022-01-17 15:11:08 - [TEST_STEP][PASSED] - delay(1): Delayed 1 second(s)

2022-01-17 15:11:09 - [MESSAGE][PASSED] - Delayed 1 second(s)

2022-01-17 15:11:09 - [TEST_STEP][PASSED] - hideKeyboard(): Keyboard is hidden

2022-01-17 15:11:19 - [MESSAGE][PASSED] - Keyboard is hidden

2022-01-17 15:11:19 - [TEST_STEP][PASSED] - tap(LOGN_BtnLogin, 0): Tapped on element 'Object Repository/Mobile/Page/Login/Button - Login'

2022-01-17 15:11:19 - [MESSAGE][WARNING] - Timeout '0' is invalid. Using default page load timeout: '60'

2022-01-17 15:11:20 - [MESSAGE][PASSED] - Tapped on element 'Object Repository/Mobile/Page/Login/Button - Login'

2022-01-17 15:11:20 - [TEST_STEP][PASSED] - delay(2): Delayed 2 second(s)

2022-01-17 15:11:22 - [MESSAGE][PASSED] - Delayed 2 second(s)

2022-01-17 15:11:22 - [TEST_STEP][PASSED] - break: null

2022-01-17 15:11:22 - [MESSAGE][PASSED] - Call Test Case 'Test Cases/Mobile/Page/Login/Login' successfully

2022-01-17 15:11:22 - [MESSAGE][PASSED] - Call Test Case 'Test Cases/Mobile/Page/CheckLogin' successfully

2022-01-17 15:11:22 - [TEST_STEP][PASSED] - tap(HOME_MenubarPortfolio, 0): Tapped on element 'Object Repository/Mobile/Page/Home/Menubar - Portfolio'

2022-01-17 15:11:22 - [MESSAGE][WARNING] - Timeout '0' is invalid. Using default page load timeout: '60'

2022-01-17 15:11:24 - [MESSAGE][PASSED] - Tapped on element 'Object Repository/Mobile/Page/Home/Menubar - Portfolio'

2022-01-17 15:11:24 - [TEST_STEP][PASSED] - delay(1): Delayed 1 second(s)

2022-01-17 15:11:25 - [MESSAGE][PASSED] - Delayed 1 second(s)

2022-01-17 15:11:25 - [TEST_STEP][PASSED] - for ([i = 0, i < 1, (i++)]): Delayed 3 second(s)

2022-01-17 15:11:25 - [TEST_STEP][PASSED] - if (tab == "summary"): Delayed 3 second(s)

2022-01-17 15:11:25 - [TEST_STEP][PASSED] - idr = PORT_BtnIDR: null

2022-01-17 15:11:25 - [TEST_STEP][PASSED] - persen = PORT_BtnPersen: null

2022-01-17 15:11:25 - [TEST_STEP][PASSED] - if (action == "summary"): null

2022-01-17 15:11:25 - [TEST_STEP][PASSED] - else if (action == "perf_daily"): scroll.scroll.scrollScreenBottomToTop is PASSED

2022-01-17 15:11:25 - [TEST_STEP][PASSED] - scroll.scroll.scrollScreenBottomToTop(): scroll.scroll.scrollScreenBottomToTop is PASSED

2022-01-17 15:11:25 - [MESSAGE][PASSED] - Current device physical height is 1423

2022-01-17 15:11:25 - [MESSAGE][PASSED] - Current device physical width is 720

2022-01-17 15:11:26 - [MESSAGE][PASSED] - Swiped from 360,1,138 to 360,284

2022-01-17 15:11:26 - [MESSAGE][PASSED] - scroll.scroll.scrollScreenBottomToTop is PASSED

2022-01-17 15:11:26 - [TEST_STEP][PASSED] - if (action != "summary"): Delayed 3 second(s)

2022-01-17 15:11:26 - [TEST_STEP][PASSED] - delay(1): Delayed 1 second(s)

2022-01-17 15:11:27 - [MESSAGE][PASSED] - Delayed 1 second(s)

2022-01-17 15:11:27 - [TEST_STEP][PASSED] - scroll.scroll.scrollScreenBottomToTop(): scroll.scroll.scrollScreenBottomToTop is PASSED

2022-01-17 15:11:27 - [MESSAGE][PASSED] - Current device physical height is 1423

2022-01-17 15:11:28 - [MESSAGE][PASSED] - Current device physical width is 720

2022-01-17 15:11:29 - [MESSAGE][PASSED] - Swiped from 360,1,138 to 360,284

2022-01-17 15:11:29 - [MESSAGE][PASSED] - scroll.scroll.scrollScreenBottomToTop is PASSED

2022-01-17 15:11:29 - [TEST_STEP][PASSED] - delay(3): Delayed 3 second(s)

2022-01-17 15:11:32 - [MESSAGE][PASSED] - Delayed 3 second(s)

2022-01-17 15:11:32 - [TEST_STEP][PASSED] - if (action2 == "idr"): Delayed 3 second(s)

2022-01-17 15:11:32 - [TEST_STEP][PASSED] - tap(idr, 10): Tapped on element 'Object Repository/Mobile/Page/Portfolio/Button - IDR'

2022-01-17 15:11:32 - [MESSAGE][PASSED] - Tapped on element 'Object Repository/Mobile/Page/Portfolio/Button - IDR'

2022-01-17 15:11:32 - [TEST_STEP][PASSED] - delay(3): Delayed 3 second(s)

2022-01-17 15:11:35 - [MESSAGE][PASSED] - Delayed 3 second(s)

2022-01-17 15:11:35 - [MESSAGE][PASSED] - Call Test Case 'Test Cases/Mobile/Page/Portfolio/Portfolio' successfully

2022-01-17 15:11:35 - [TEST_STEP][PASSED] - callTestCase(findTestCase("Mobile/Page/Run App/Terminate App"), [:], STOP_ON_FAILURE): Call Test Case 'Test Cases/Mobile/Page/Run App/Terminate App' successfully

2022-01-17 15:11:35 - [TEST_CASE][PASSED] - Test Cases/Mobile/Page/Run App/Terminate App: Test Cases/Mobile/Page/Run App/Terminate App

2022-01-17 15:11:35 - [TEST_STEP][PASSED] - startApp.OpenApp.terminateApplication(): startApp.OpenApp.terminateApplication is PASSED

2022-01-17 15:11:38 - [MESSAGE][PASSED] - Delayed 3 second(s)

2022-01-17 15:11:39 - [MESSAGE][PASSED] - Current device physical width is 720

2022-01-17 15:11:39 - [MESSAGE][PASSED] - Current device physical height is 1423

2022-01-17 15:11:40 - [MESSAGE][PASSED] - Swiped from 360,853 to 360,142

2022-01-17 15:11:41 - [MESSAGE][PASSED] - Delayed 1 second(s)

2022-01-17 15:11:42 - [MESSAGE][PASSED] - Swiped from 360,853 to 360,142

2022-01-17 15:11:45 - [MESSAGE][PASSED] - Delayed 3 second(s)

2022-01-17 15:11:45 - [MESSAGE][PASSED] - startApp.OpenApp.terminateApplication is PASSED

2022-01-17 15:11:45 - [MESSAGE][PASSED] - Call Test Case 'Test Cases/Mobile/Page/Run App/Terminate App' successfully]]></system-out>
         <system-err><![CDATA[]]></system-err>
      </testcase>
      <testcase name="Test Cases/Mobile/Scenario/Portfolio/003 - Portfolio Performance Month to Date IDR" time="77.196" classname="Test Cases/Mobile/Scenario/Portfolio/003 - Portfolio Performance Month to Date IDR" status="PASSED">
         <system-out><![CDATA[2022-01-17 15:11:45 - [TEST_CASE][PASSED] - Test Cases/Mobile/Scenario/Portfolio/003 - Portfolio Performance Month to Date IDR: Test Cases/Mobile/Scenario/Portfolio/003 - Portfolio Performance Month to Date IDR

2022-01-17 15:11:46 - [TEST_STEP][PASSED] - callTestCase(findTestCase("Mobile/Page/Run App/Run App byID"), [:], STOP_ON_FAILURE): Call Test Case 'Test Cases/Mobile/Page/Run App/Run App byID' successfully

2022-01-17 15:11:46 - [TEST_CASE][PASSED] - Test Cases/Mobile/Page/Run App/Run App byID: Test Cases/Mobile/Page/Run App/Run App byID

2022-01-17 15:11:46 - [TEST_STEP][PASSED] - startApp.OpenApp.startApplication("id.co.miraeasset.sageclub"): startApp.OpenApp.startApplication is PASSED

2022-01-17 15:12:04 - [MESSAGE][PASSED] - Starting app with application ID: 'id.co.miraeasset.sageclub'

2022-01-17 15:12:04 - [MESSAGE][PASSED] - startApp.OpenApp.startApplication is PASSED

2022-01-17 15:12:04 - [MESSAGE][PASSED] - Call Test Case 'Test Cases/Mobile/Page/Run App/Run App byID' successfully

2022-01-17 15:12:04 - [TEST_STEP][PASSED] - callTestCase(findTestCase("Mobile/Page/Portfolio/Portfolio"), ["tab":"summary", "action":"perf_month", "action2":"idr"], CONTINUE_ON_FAILURE): Call Test Case 'Test Cases/Mobile/Page/Portfolio/Portfolio' successfully

2022-01-17 15:12:04 - [TEST_CASE][PASSED] - Test Cases/Mobile/Page/Portfolio/Portfolio: Test Cases/Mobile/Page/Portfolio/Portfolio

2022-01-17 15:12:04 - [TEST_STEP][PASSED] - callTestCase(findTestCase("Mobile/Page/CheckLogin"), [:], CONTINUE_ON_FAILURE): Call Test Case 'Test Cases/Mobile/Page/CheckLogin' successfully

2022-01-17 15:12:04 - [TEST_CASE][PASSED] - Test Cases/Mobile/Page/CheckLogin: Test Cases/Mobile/Page/CheckLogin

2022-01-17 15:12:04 - [TEST_STEP][PASSED] - loginCheck = verifyElementExist(LOGN_BtnLogin, 5, CONTINUE_ON_FAILURE): Element 'Object Repository/Mobile/Page/Login/Button - Login' is exist

2022-01-17 15:12:07 - [MESSAGE][PASSED] - Element 'Object Repository/Mobile/Page/Login/Button - Login' is exist

2022-01-17 15:12:07 - [TEST_STEP][PASSED] - if (loginCheck): Call Test Case 'Test Cases/Mobile/Page/Login/Login' successfully

2022-01-17 15:12:07 - [TEST_STEP][PASSED] - callTestCase(findTestCase("Mobile/Page/Login/Login"), ["action":"username"], CONTINUE_ON_FAILURE): Call Test Case 'Test Cases/Mobile/Page/Login/Login' successfully

2022-01-17 15:12:07 - [TEST_CASE][PASSED] - Test Cases/Mobile/Page/Login/Login: Test Cases/Mobile/Page/Login/Login

2022-01-17 15:12:07 - [TEST_STEP][PASSED] - delay(2): Delayed 2 second(s)

2022-01-17 15:12:09 - [MESSAGE][PASSED] - Delayed 2 second(s)

2022-01-17 15:12:09 - [TEST_STEP][PASSED] - for ([i = 0, i < 1, (i++)]): null

2022-01-17 15:12:09 - [TEST_STEP][PASSED] - if (action == "username"): null

2022-01-17 15:12:09 - [TEST_STEP][PASSED] - tap(LOGN_EdtUserID, 0): Tapped on element 'Object Repository/Mobile/Page/Login/Input - UserID'

2022-01-17 15:12:09 - [MESSAGE][WARNING] - Timeout '0' is invalid. Using default page load timeout: '60'

2022-01-17 15:12:09 - [MESSAGE][PASSED] - Tapped on element 'Object Repository/Mobile/Page/Login/Input - UserID'

2022-01-17 15:12:09 - [TEST_STEP][PASSED] - delay(1): Delayed 1 second(s)

2022-01-17 15:12:10 - [MESSAGE][PASSED] - Delayed 1 second(s)

2022-01-17 15:12:10 - [TEST_STEP][PASSED] - setText(LOGN_EdtRdyUserID, "anggaaditya", 0): Text 'anggaaditya' has been set to element 'Object Repository/Mobile/Page/Login/Input Rdy - UserID'

2022-01-17 15:12:10 - [MESSAGE][WARNING] - Timeout '0' is invalid. Using default page load timeout: '60'

2022-01-17 15:12:12 - [MESSAGE][PASSED] - Text 'anggaaditya' has been set to element 'Object Repository/Mobile/Page/Login/Input Rdy - UserID'

2022-01-17 15:12:12 - [TEST_STEP][PASSED] - delay(1): Delayed 1 second(s)

2022-01-17 15:12:13 - [MESSAGE][PASSED] - Delayed 1 second(s)

2022-01-17 15:12:13 - [TEST_STEP][PASSED] - hideKeyboard(): Keyboard is hidden

2022-01-17 15:12:21 - [MESSAGE][PASSED] - Keyboard is hidden

2022-01-17 15:12:21 - [TEST_STEP][PASSED] - tap(LOGN_EdtPassword, 0): Tapped on element 'Object Repository/Mobile/Page/Login/Input - Password'

2022-01-17 15:12:21 - [MESSAGE][WARNING] - Timeout '0' is invalid. Using default page load timeout: '60'

2022-01-17 15:12:21 - [MESSAGE][PASSED] - Tapped on element 'Object Repository/Mobile/Page/Login/Input - Password'

2022-01-17 15:12:21 - [TEST_STEP][PASSED] - delay(1): Delayed 1 second(s)

2022-01-17 15:12:22 - [MESSAGE][PASSED] - Delayed 1 second(s)

2022-01-17 15:12:22 - [TEST_STEP][PASSED] - setText(LOGN_EdtRdyPassword, "Shalawa18", 0): Text 'Shalawa18' has been set to element 'Object Repository/Mobile/Page/Login/Input Rdy - Password'

2022-01-17 15:12:22 - [MESSAGE][WARNING] - Timeout '0' is invalid. Using default page load timeout: '60'

2022-01-17 15:12:23 - [MESSAGE][PASSED] - Text 'Shalawa18' has been set to element 'Object Repository/Mobile/Page/Login/Input Rdy - Password'

2022-01-17 15:12:23 - [TEST_STEP][PASSED] - delay(1): Delayed 1 second(s)

2022-01-17 15:12:24 - [MESSAGE][PASSED] - Delayed 1 second(s)

2022-01-17 15:12:24 - [TEST_STEP][PASSED] - hideKeyboard(): Keyboard is hidden

2022-01-17 15:12:34 - [MESSAGE][PASSED] - Keyboard is hidden

2022-01-17 15:12:34 - [TEST_STEP][PASSED] - tap(LOGN_BtnLogin, 0): Tapped on element 'Object Repository/Mobile/Page/Login/Button - Login'

2022-01-17 15:12:34 - [MESSAGE][WARNING] - Timeout '0' is invalid. Using default page load timeout: '60'

2022-01-17 15:12:35 - [MESSAGE][PASSED] - Tapped on element 'Object Repository/Mobile/Page/Login/Button - Login'

2022-01-17 15:12:35 - [TEST_STEP][PASSED] - delay(2): Delayed 2 second(s)

2022-01-17 15:12:37 - [MESSAGE][PASSED] - Delayed 2 second(s)

2022-01-17 15:12:37 - [TEST_STEP][PASSED] - break: null

2022-01-17 15:12:37 - [MESSAGE][PASSED] - Call Test Case 'Test Cases/Mobile/Page/Login/Login' successfully

2022-01-17 15:12:37 - [MESSAGE][PASSED] - Call Test Case 'Test Cases/Mobile/Page/CheckLogin' successfully

2022-01-17 15:12:37 - [TEST_STEP][PASSED] - tap(HOME_MenubarPortfolio, 0): Tapped on element 'Object Repository/Mobile/Page/Home/Menubar - Portfolio'

2022-01-17 15:12:37 - [MESSAGE][WARNING] - Timeout '0' is invalid. Using default page load timeout: '60'

2022-01-17 15:12:39 - [MESSAGE][PASSED] - Tapped on element 'Object Repository/Mobile/Page/Home/Menubar - Portfolio'

2022-01-17 15:12:39 - [TEST_STEP][PASSED] - delay(1): Delayed 1 second(s)

2022-01-17 15:12:40 - [MESSAGE][PASSED] - Delayed 1 second(s)

2022-01-17 15:12:40 - [TEST_STEP][PASSED] - for ([i = 0, i < 1, (i++)]): Delayed 3 second(s)

2022-01-17 15:12:40 - [TEST_STEP][PASSED] - if (tab == "summary"): Delayed 3 second(s)

2022-01-17 15:12:40 - [TEST_STEP][PASSED] - idr = PORT_BtnIDR: null

2022-01-17 15:12:40 - [TEST_STEP][PASSED] - persen = PORT_BtnPersen: null

2022-01-17 15:12:40 - [TEST_STEP][PASSED] - if (action == "summary"): null

2022-01-17 15:12:40 - [TEST_STEP][PASSED] - else if (action == "perf_daily"): null

2022-01-17 15:12:40 - [TEST_STEP][PASSED] - else if (action == "perf_month"): Tapped on element 'Object Repository/Mobile/Page/Portfolio/Tab - Summary Month to Date'

2022-01-17 15:12:40 - [TEST_STEP][PASSED] - scroll.scroll.scrollScreenBottomToTop(): scroll.scroll.scrollScreenBottomToTop is PASSED

2022-01-17 15:12:40 - [MESSAGE][PASSED] - Current device physical height is 1423

2022-01-17 15:12:41 - [MESSAGE][PASSED] - Current device physical width is 720

2022-01-17 15:12:42 - [MESSAGE][PASSED] - Swiped from 360,1,138 to 360,284

2022-01-17 15:12:42 - [MESSAGE][PASSED] - scroll.scroll.scrollScreenBottomToTop is PASSED

2022-01-17 15:12:42 - [TEST_STEP][PASSED] - delay(1): Delayed 1 second(s)

2022-01-17 15:12:43 - [MESSAGE][PASSED] - Delayed 1 second(s)

2022-01-17 15:12:43 - [TEST_STEP][PASSED] - tap(PORT_TabSummaryMonth, 0): Tapped on element 'Object Repository/Mobile/Page/Portfolio/Tab - Summary Month to Date'

2022-01-17 15:12:43 - [MESSAGE][WARNING] - Timeout '0' is invalid. Using default page load timeout: '60'

2022-01-17 15:12:43 - [MESSAGE][PASSED] - Tapped on element 'Object Repository/Mobile/Page/Portfolio/Tab - Summary Month to Date'

2022-01-17 15:12:43 - [TEST_STEP][PASSED] - if (action != "summary"): Delayed 3 second(s)

2022-01-17 15:12:43 - [TEST_STEP][PASSED] - delay(1): Delayed 1 second(s)

2022-01-17 15:12:44 - [MESSAGE][PASSED] - Delayed 1 second(s)

2022-01-17 15:12:44 - [TEST_STEP][PASSED] - scroll.scroll.scrollScreenBottomToTop(): scroll.scroll.scrollScreenBottomToTop is PASSED

2022-01-17 15:12:45 - [MESSAGE][PASSED] - Current device physical height is 1423

2022-01-17 15:12:45 - [MESSAGE][PASSED] - Current device physical width is 720

2022-01-17 15:12:46 - [MESSAGE][PASSED] - Swiped from 360,1,138 to 360,284

2022-01-17 15:12:46 - [MESSAGE][PASSED] - scroll.scroll.scrollScreenBottomToTop is PASSED

2022-01-17 15:12:46 - [TEST_STEP][PASSED] - delay(3): Delayed 3 second(s)

2022-01-17 15:12:49 - [MESSAGE][PASSED] - Delayed 3 second(s)

2022-01-17 15:12:49 - [TEST_STEP][PASSED] - if (action2 == "idr"): Delayed 3 second(s)

2022-01-17 15:12:49 - [TEST_STEP][PASSED] - tap(idr, 10): Tapped on element 'Object Repository/Mobile/Page/Portfolio/Button - IDR'

2022-01-17 15:12:50 - [MESSAGE][PASSED] - Tapped on element 'Object Repository/Mobile/Page/Portfolio/Button - IDR'

2022-01-17 15:12:50 - [TEST_STEP][PASSED] - delay(3): Delayed 3 second(s)

2022-01-17 15:12:53 - [MESSAGE][PASSED] - Delayed 3 second(s)

2022-01-17 15:12:53 - [MESSAGE][PASSED] - Call Test Case 'Test Cases/Mobile/Page/Portfolio/Portfolio' successfully

2022-01-17 15:12:53 - [TEST_STEP][PASSED] - callTestCase(findTestCase("Mobile/Page/Run App/Terminate App"), [:], STOP_ON_FAILURE): Call Test Case 'Test Cases/Mobile/Page/Run App/Terminate App' successfully

2022-01-17 15:12:53 - [TEST_CASE][PASSED] - Test Cases/Mobile/Page/Run App/Terminate App: Test Cases/Mobile/Page/Run App/Terminate App

2022-01-17 15:12:53 - [TEST_STEP][PASSED] - startApp.OpenApp.terminateApplication(): startApp.OpenApp.terminateApplication is PASSED

2022-01-17 15:12:56 - [MESSAGE][PASSED] - Delayed 3 second(s)

2022-01-17 15:12:56 - [MESSAGE][PASSED] - Current device physical width is 720

2022-01-17 15:12:56 - [MESSAGE][PASSED] - Current device physical height is 1423

2022-01-17 15:12:57 - [MESSAGE][PASSED] - Swiped from 360,853 to 360,142

2022-01-17 15:12:58 - [MESSAGE][PASSED] - Delayed 1 second(s)

2022-01-17 15:13:00 - [MESSAGE][PASSED] - Swiped from 360,853 to 360,142

2022-01-17 15:13:03 - [MESSAGE][PASSED] - Delayed 3 second(s)

2022-01-17 15:13:03 - [MESSAGE][PASSED] - startApp.OpenApp.terminateApplication is PASSED

2022-01-17 15:13:03 - [MESSAGE][PASSED] - Call Test Case 'Test Cases/Mobile/Page/Run App/Terminate App' successfully]]></system-out>
         <system-err><![CDATA[]]></system-err>
      </testcase>
      <testcase name="Test Cases/Mobile/Scenario/Portfolio/004 - Portfolio Performance Quarter to Date IDR" time="72.572" classname="Test Cases/Mobile/Scenario/Portfolio/004 - Portfolio Performance Quarter to Date IDR" status="PASSED">
         <system-out><![CDATA[2022-01-17 15:13:03 - [TEST_CASE][PASSED] - Test Cases/Mobile/Scenario/Portfolio/004 - Portfolio Performance Quarter to Date IDR: Test Cases/Mobile/Scenario/Portfolio/004 - Portfolio Performance Quarter to Date IDR

2022-01-17 15:13:03 - [TEST_STEP][PASSED] - callTestCase(findTestCase("Mobile/Page/Run App/Run App byID"), [:], STOP_ON_FAILURE): Call Test Case 'Test Cases/Mobile/Page/Run App/Run App byID' successfully

2022-01-17 15:13:03 - [TEST_CASE][PASSED] - Test Cases/Mobile/Page/Run App/Run App byID: Test Cases/Mobile/Page/Run App/Run App byID

2022-01-17 15:13:03 - [TEST_STEP][PASSED] - startApp.OpenApp.startApplication("id.co.miraeasset.sageclub"): startApp.OpenApp.startApplication is PASSED

2022-01-17 15:13:19 - [MESSAGE][PASSED] - Starting app with application ID: 'id.co.miraeasset.sageclub'

2022-01-17 15:13:19 - [MESSAGE][PASSED] - startApp.OpenApp.startApplication is PASSED

2022-01-17 15:13:19 - [MESSAGE][PASSED] - Call Test Case 'Test Cases/Mobile/Page/Run App/Run App byID' successfully

2022-01-17 15:13:19 - [TEST_STEP][PASSED] - callTestCase(findTestCase("Mobile/Page/Portfolio/Portfolio"), ["tab":"summary", "action":"perf_quarter", "action2":"idr"], CONTINUE_ON_FAILURE): Call Test Case 'Test Cases/Mobile/Page/Portfolio/Portfolio' successfully

2022-01-17 15:13:19 - [TEST_CASE][PASSED] - Test Cases/Mobile/Page/Portfolio/Portfolio: Test Cases/Mobile/Page/Portfolio/Portfolio

2022-01-17 15:13:19 - [TEST_STEP][PASSED] - callTestCase(findTestCase("Mobile/Page/CheckLogin"), [:], CONTINUE_ON_FAILURE): Call Test Case 'Test Cases/Mobile/Page/CheckLogin' successfully

2022-01-17 15:13:19 - [TEST_CASE][PASSED] - Test Cases/Mobile/Page/CheckLogin: Test Cases/Mobile/Page/CheckLogin

2022-01-17 15:13:19 - [TEST_STEP][PASSED] - loginCheck = verifyElementExist(LOGN_BtnLogin, 5, CONTINUE_ON_FAILURE): Element 'Object Repository/Mobile/Page/Login/Button - Login' is exist

2022-01-17 15:13:22 - [MESSAGE][PASSED] - Element 'Object Repository/Mobile/Page/Login/Button - Login' is exist

2022-01-17 15:13:22 - [TEST_STEP][PASSED] - if (loginCheck): Call Test Case 'Test Cases/Mobile/Page/Login/Login' successfully

2022-01-17 15:13:22 - [TEST_STEP][PASSED] - callTestCase(findTestCase("Mobile/Page/Login/Login"), ["action":"username"], CONTINUE_ON_FAILURE): Call Test Case 'Test Cases/Mobile/Page/Login/Login' successfully

2022-01-17 15:13:22 - [TEST_CASE][PASSED] - Test Cases/Mobile/Page/Login/Login: Test Cases/Mobile/Page/Login/Login

2022-01-17 15:13:22 - [TEST_STEP][PASSED] - delay(2): Delayed 2 second(s)

2022-01-17 15:13:24 - [MESSAGE][PASSED] - Delayed 2 second(s)

2022-01-17 15:13:24 - [TEST_STEP][PASSED] - for ([i = 0, i < 1, (i++)]): null

2022-01-17 15:13:24 - [TEST_STEP][PASSED] - if (action == "username"): null

2022-01-17 15:13:24 - [TEST_STEP][PASSED] - tap(LOGN_EdtUserID, 0): Tapped on element 'Object Repository/Mobile/Page/Login/Input - UserID'

2022-01-17 15:13:24 - [MESSAGE][WARNING] - Timeout '0' is invalid. Using default page load timeout: '60'

2022-01-17 15:13:24 - [MESSAGE][PASSED] - Tapped on element 'Object Repository/Mobile/Page/Login/Input - UserID'

2022-01-17 15:13:24 - [TEST_STEP][PASSED] - delay(1): Delayed 1 second(s)

2022-01-17 15:13:25 - [MESSAGE][PASSED] - Delayed 1 second(s)

2022-01-17 15:13:25 - [TEST_STEP][PASSED] - setText(LOGN_EdtRdyUserID, "anggaaditya", 0): Text 'anggaaditya' has been set to element 'Object Repository/Mobile/Page/Login/Input Rdy - UserID'

2022-01-17 15:13:25 - [MESSAGE][WARNING] - Timeout '0' is invalid. Using default page load timeout: '60'

2022-01-17 15:13:27 - [MESSAGE][PASSED] - Text 'anggaaditya' has been set to element 'Object Repository/Mobile/Page/Login/Input Rdy - UserID'

2022-01-17 15:13:27 - [TEST_STEP][PASSED] - delay(1): Delayed 1 second(s)

2022-01-17 15:13:28 - [MESSAGE][PASSED] - Delayed 1 second(s)

2022-01-17 15:13:28 - [TEST_STEP][PASSED] - hideKeyboard(): Keyboard is hidden

2022-01-17 15:13:33 - [MESSAGE][PASSED] - Keyboard is hidden

2022-01-17 15:13:33 - [TEST_STEP][PASSED] - tap(LOGN_EdtPassword, 0): Tapped on element 'Object Repository/Mobile/Page/Login/Input - Password'

2022-01-17 15:13:33 - [MESSAGE][WARNING] - Timeout '0' is invalid. Using default page load timeout: '60'

2022-01-17 15:13:34 - [MESSAGE][PASSED] - Tapped on element 'Object Repository/Mobile/Page/Login/Input - Password'

2022-01-17 15:13:34 - [TEST_STEP][PASSED] - delay(1): Delayed 1 second(s)

2022-01-17 15:13:35 - [MESSAGE][PASSED] - Delayed 1 second(s)

2022-01-17 15:13:35 - [TEST_STEP][PASSED] - setText(LOGN_EdtRdyPassword, "Shalawa18", 0): Text 'Shalawa18' has been set to element 'Object Repository/Mobile/Page/Login/Input Rdy - Password'

2022-01-17 15:13:35 - [MESSAGE][WARNING] - Timeout '0' is invalid. Using default page load timeout: '60'

2022-01-17 15:13:36 - [MESSAGE][PASSED] - Text 'Shalawa18' has been set to element 'Object Repository/Mobile/Page/Login/Input Rdy - Password'

2022-01-17 15:13:36 - [TEST_STEP][PASSED] - delay(1): Delayed 1 second(s)

2022-01-17 15:13:37 - [MESSAGE][PASSED] - Delayed 1 second(s)

2022-01-17 15:13:37 - [TEST_STEP][PASSED] - hideKeyboard(): Keyboard is hidden

2022-01-17 15:13:47 - [MESSAGE][PASSED] - Keyboard is hidden

2022-01-17 15:13:47 - [TEST_STEP][PASSED] - tap(LOGN_BtnLogin, 0): Tapped on element 'Object Repository/Mobile/Page/Login/Button - Login'

2022-01-17 15:13:47 - [MESSAGE][WARNING] - Timeout '0' is invalid. Using default page load timeout: '60'

2022-01-17 15:13:47 - [MESSAGE][PASSED] - Tapped on element 'Object Repository/Mobile/Page/Login/Button - Login'

2022-01-17 15:13:47 - [TEST_STEP][PASSED] - delay(2): Delayed 2 second(s)

2022-01-17 15:13:49 - [MESSAGE][PASSED] - Delayed 2 second(s)

2022-01-17 15:13:49 - [TEST_STEP][PASSED] - break: null

2022-01-17 15:13:49 - [MESSAGE][PASSED] - Call Test Case 'Test Cases/Mobile/Page/Login/Login' successfully

2022-01-17 15:13:49 - [MESSAGE][PASSED] - Call Test Case 'Test Cases/Mobile/Page/CheckLogin' successfully

2022-01-17 15:13:49 - [TEST_STEP][PASSED] - tap(HOME_MenubarPortfolio, 0): Tapped on element 'Object Repository/Mobile/Page/Home/Menubar - Portfolio'

2022-01-17 15:13:49 - [MESSAGE][WARNING] - Timeout '0' is invalid. Using default page load timeout: '60'

2022-01-17 15:13:51 - [MESSAGE][PASSED] - Tapped on element 'Object Repository/Mobile/Page/Home/Menubar - Portfolio'

2022-01-17 15:13:51 - [TEST_STEP][PASSED] - delay(1): Delayed 1 second(s)

2022-01-17 15:13:52 - [MESSAGE][PASSED] - Delayed 1 second(s)

2022-01-17 15:13:52 - [TEST_STEP][PASSED] - for ([i = 0, i < 1, (i++)]): Delayed 3 second(s)

2022-01-17 15:13:52 - [TEST_STEP][PASSED] - if (tab == "summary"): Delayed 3 second(s)

2022-01-17 15:13:52 - [TEST_STEP][PASSED] - idr = PORT_BtnIDR: null

2022-01-17 15:13:52 - [TEST_STEP][PASSED] - persen = PORT_BtnPersen: null

2022-01-17 15:13:52 - [TEST_STEP][PASSED] - if (action == "summary"): null

2022-01-17 15:13:52 - [TEST_STEP][PASSED] - else if (action == "perf_daily"): null

2022-01-17 15:13:52 - [TEST_STEP][PASSED] - else if (action == "perf_month"): null

2022-01-17 15:13:52 - [TEST_STEP][PASSED] - else if (action == "perf_quarter"): Tapped on element 'Object Repository/Mobile/Page/Portfolio/Tab - Summary Quarter to Date'

2022-01-17 15:13:52 - [TEST_STEP][PASSED] - scroll.scroll.scrollScreenBottomToTop(): scroll.scroll.scrollScreenBottomToTop is PASSED

2022-01-17 15:13:52 - [MESSAGE][PASSED] - Current device physical height is 1423

2022-01-17 15:13:53 - [MESSAGE][PASSED] - Current device physical width is 720

2022-01-17 15:13:54 - [MESSAGE][PASSED] - Swiped from 360,1,138 to 360,284

2022-01-17 15:13:54 - [MESSAGE][PASSED] - scroll.scroll.scrollScreenBottomToTop is PASSED

2022-01-17 15:13:54 - [TEST_STEP][PASSED] - delay(1): Delayed 1 second(s)

2022-01-17 15:13:55 - [MESSAGE][PASSED] - Delayed 1 second(s)

2022-01-17 15:13:55 - [TEST_STEP][PASSED] - tap(PORT_TabSummaryQuarter, 0): Tapped on element 'Object Repository/Mobile/Page/Portfolio/Tab - Summary Quarter to Date'

2022-01-17 15:13:55 - [MESSAGE][WARNING] - Timeout '0' is invalid. Using default page load timeout: '60'

2022-01-17 15:13:55 - [MESSAGE][PASSED] - Tapped on element 'Object Repository/Mobile/Page/Portfolio/Tab - Summary Quarter to Date'

2022-01-17 15:13:55 - [TEST_STEP][PASSED] - if (action != "summary"): Delayed 3 second(s)

2022-01-17 15:13:55 - [TEST_STEP][PASSED] - delay(1): Delayed 1 second(s)

2022-01-17 15:13:56 - [MESSAGE][PASSED] - Delayed 1 second(s)

2022-01-17 15:13:56 - [TEST_STEP][PASSED] - scroll.scroll.scrollScreenBottomToTop(): scroll.scroll.scrollScreenBottomToTop is PASSED

2022-01-17 15:13:57 - [MESSAGE][PASSED] - Current device physical height is 1423

2022-01-17 15:13:57 - [MESSAGE][PASSED] - Current device physical width is 720

2022-01-17 15:13:58 - [MESSAGE][PASSED] - Swiped from 360,1,138 to 360,284

2022-01-17 15:13:58 - [MESSAGE][PASSED] - scroll.scroll.scrollScreenBottomToTop is PASSED

2022-01-17 15:13:58 - [TEST_STEP][PASSED] - delay(3): Delayed 3 second(s)

2022-01-17 15:14:01 - [MESSAGE][PASSED] - Delayed 3 second(s)

2022-01-17 15:14:01 - [TEST_STEP][PASSED] - if (action2 == "idr"): Delayed 3 second(s)

2022-01-17 15:14:01 - [TEST_STEP][PASSED] - tap(idr, 10): Tapped on element 'Object Repository/Mobile/Page/Portfolio/Button - IDR'

2022-01-17 15:14:02 - [MESSAGE][PASSED] - Tapped on element 'Object Repository/Mobile/Page/Portfolio/Button - IDR'

2022-01-17 15:14:02 - [TEST_STEP][PASSED] - delay(3): Delayed 3 second(s)

2022-01-17 15:14:05 - [MESSAGE][PASSED] - Delayed 3 second(s)

2022-01-17 15:14:05 - [MESSAGE][PASSED] - Call Test Case 'Test Cases/Mobile/Page/Portfolio/Portfolio' successfully

2022-01-17 15:14:05 - [TEST_STEP][PASSED] - callTestCase(findTestCase("Mobile/Page/Run App/Terminate App"), [:], STOP_ON_FAILURE): Call Test Case 'Test Cases/Mobile/Page/Run App/Terminate App' successfully

2022-01-17 15:14:05 - [TEST_CASE][PASSED] - Test Cases/Mobile/Page/Run App/Terminate App: Test Cases/Mobile/Page/Run App/Terminate App

2022-01-17 15:14:05 - [TEST_STEP][PASSED] - startApp.OpenApp.terminateApplication(): startApp.OpenApp.terminateApplication is PASSED

2022-01-17 15:14:08 - [MESSAGE][PASSED] - Delayed 3 second(s)

2022-01-17 15:14:08 - [MESSAGE][PASSED] - Current device physical width is 720

2022-01-17 15:14:09 - [MESSAGE][PASSED] - Current device physical height is 1423

2022-01-17 15:14:10 - [MESSAGE][PASSED] - Swiped from 360,853 to 360,142

2022-01-17 15:14:11 - [MESSAGE][PASSED] - Delayed 1 second(s)

2022-01-17 15:14:12 - [MESSAGE][PASSED] - Swiped from 360,853 to 360,142

2022-01-17 15:14:15 - [MESSAGE][PASSED] - Delayed 3 second(s)

2022-01-17 15:14:15 - [MESSAGE][PASSED] - startApp.OpenApp.terminateApplication is PASSED

2022-01-17 15:14:15 - [MESSAGE][PASSED] - Call Test Case 'Test Cases/Mobile/Page/Run App/Terminate App' successfully]]></system-out>
         <system-err><![CDATA[]]></system-err>
      </testcase>
      <testcase name="Test Cases/Mobile/Scenario/Portfolio/005 - Portfolio Performance Year to Date IDR" time="68.431" classname="Test Cases/Mobile/Scenario/Portfolio/005 - Portfolio Performance Year to Date IDR" status="PASSED">
         <system-out><![CDATA[2022-01-17 15:14:15 - [TEST_CASE][PASSED] - Test Cases/Mobile/Scenario/Portfolio/005 - Portfolio Performance Year to Date IDR: Test Cases/Mobile/Scenario/Portfolio/005 - Portfolio Performance Year to Date IDR

2022-01-17 15:14:15 - [TEST_STEP][PASSED] - callTestCase(findTestCase("Mobile/Page/Run App/Run App byID"), [:], STOP_ON_FAILURE): Call Test Case 'Test Cases/Mobile/Page/Run App/Run App byID' successfully

2022-01-17 15:14:16 - [TEST_CASE][PASSED] - Test Cases/Mobile/Page/Run App/Run App byID: Test Cases/Mobile/Page/Run App/Run App byID

2022-01-17 15:14:16 - [TEST_STEP][PASSED] - startApp.OpenApp.startApplication("id.co.miraeasset.sageclub"): startApp.OpenApp.startApplication is PASSED

2022-01-17 15:14:31 - [MESSAGE][PASSED] - Starting app with application ID: 'id.co.miraeasset.sageclub'

2022-01-17 15:14:31 - [MESSAGE][PASSED] - startApp.OpenApp.startApplication is PASSED

2022-01-17 15:14:31 - [MESSAGE][PASSED] - Call Test Case 'Test Cases/Mobile/Page/Run App/Run App byID' successfully

2022-01-17 15:14:31 - [TEST_STEP][PASSED] - callTestCase(findTestCase("Mobile/Page/Portfolio/Portfolio"), ["tab":"summary", "action":"perf_year", "action2":"idr"], CONTINUE_ON_FAILURE): Call Test Case 'Test Cases/Mobile/Page/Portfolio/Portfolio' successfully

2022-01-17 15:14:31 - [TEST_CASE][PASSED] - Test Cases/Mobile/Page/Portfolio/Portfolio: Test Cases/Mobile/Page/Portfolio/Portfolio

2022-01-17 15:14:31 - [TEST_STEP][PASSED] - callTestCase(findTestCase("Mobile/Page/CheckLogin"), [:], CONTINUE_ON_FAILURE): Call Test Case 'Test Cases/Mobile/Page/CheckLogin' successfully

2022-01-17 15:14:31 - [TEST_CASE][PASSED] - Test Cases/Mobile/Page/CheckLogin: Test Cases/Mobile/Page/CheckLogin

2022-01-17 15:14:31 - [TEST_STEP][PASSED] - loginCheck = verifyElementExist(LOGN_BtnLogin, 5, CONTINUE_ON_FAILURE): Element 'Object Repository/Mobile/Page/Login/Button - Login' is exist

2022-01-17 15:14:33 - [MESSAGE][PASSED] - Element 'Object Repository/Mobile/Page/Login/Button - Login' is exist

2022-01-17 15:14:33 - [TEST_STEP][PASSED] - if (loginCheck): Call Test Case 'Test Cases/Mobile/Page/Login/Login' successfully

2022-01-17 15:14:33 - [TEST_STEP][PASSED] - callTestCase(findTestCase("Mobile/Page/Login/Login"), ["action":"username"], CONTINUE_ON_FAILURE): Call Test Case 'Test Cases/Mobile/Page/Login/Login' successfully

2022-01-17 15:14:33 - [TEST_CASE][PASSED] - Test Cases/Mobile/Page/Login/Login: Test Cases/Mobile/Page/Login/Login

2022-01-17 15:14:33 - [TEST_STEP][PASSED] - delay(2): Delayed 2 second(s)

2022-01-17 15:14:35 - [MESSAGE][PASSED] - Delayed 2 second(s)

2022-01-17 15:14:35 - [TEST_STEP][PASSED] - for ([i = 0, i < 1, (i++)]): null

2022-01-17 15:14:35 - [TEST_STEP][PASSED] - if (action == "username"): null

2022-01-17 15:14:35 - [TEST_STEP][PASSED] - tap(LOGN_EdtUserID, 0): Tapped on element 'Object Repository/Mobile/Page/Login/Input - UserID'

2022-01-17 15:14:35 - [MESSAGE][WARNING] - Timeout '0' is invalid. Using default page load timeout: '60'

2022-01-17 15:14:36 - [MESSAGE][PASSED] - Tapped on element 'Object Repository/Mobile/Page/Login/Input - UserID'

2022-01-17 15:14:36 - [TEST_STEP][PASSED] - delay(1): Delayed 1 second(s)

2022-01-17 15:14:37 - [MESSAGE][PASSED] - Delayed 1 second(s)

2022-01-17 15:14:37 - [TEST_STEP][PASSED] - setText(LOGN_EdtRdyUserID, "anggaaditya", 0): Text 'anggaaditya' has been set to element 'Object Repository/Mobile/Page/Login/Input Rdy - UserID'

2022-01-17 15:14:37 - [MESSAGE][WARNING] - Timeout '0' is invalid. Using default page load timeout: '60'

2022-01-17 15:14:38 - [MESSAGE][PASSED] - Text 'anggaaditya' has been set to element 'Object Repository/Mobile/Page/Login/Input Rdy - UserID'

2022-01-17 15:14:38 - [TEST_STEP][PASSED] - delay(1): Delayed 1 second(s)

2022-01-17 15:14:39 - [MESSAGE][PASSED] - Delayed 1 second(s)

2022-01-17 15:14:39 - [TEST_STEP][PASSED] - hideKeyboard(): Keyboard is hidden

2022-01-17 15:14:47 - [MESSAGE][PASSED] - Keyboard is hidden

2022-01-17 15:14:47 - [TEST_STEP][PASSED] - tap(LOGN_EdtPassword, 0): Tapped on element 'Object Repository/Mobile/Page/Login/Input - Password'

2022-01-17 15:14:47 - [MESSAGE][WARNING] - Timeout '0' is invalid. Using default page load timeout: '60'

2022-01-17 15:14:47 - [MESSAGE][PASSED] - Tapped on element 'Object Repository/Mobile/Page/Login/Input - Password'

2022-01-17 15:14:47 - [TEST_STEP][PASSED] - delay(1): Delayed 1 second(s)

2022-01-17 15:14:48 - [MESSAGE][PASSED] - Delayed 1 second(s)

2022-01-17 15:14:48 - [TEST_STEP][PASSED] - setText(LOGN_EdtRdyPassword, "Shalawa18", 0): Text 'Shalawa18' has been set to element 'Object Repository/Mobile/Page/Login/Input Rdy - Password'

2022-01-17 15:14:48 - [MESSAGE][WARNING] - Timeout '0' is invalid. Using default page load timeout: '60'

2022-01-17 15:14:49 - [MESSAGE][PASSED] - Text 'Shalawa18' has been set to element 'Object Repository/Mobile/Page/Login/Input Rdy - Password'

2022-01-17 15:14:49 - [TEST_STEP][PASSED] - delay(1): Delayed 1 second(s)

2022-01-17 15:14:50 - [MESSAGE][PASSED] - Delayed 1 second(s)

2022-01-17 15:14:50 - [TEST_STEP][PASSED] - hideKeyboard(): Keyboard is hidden

2022-01-17 15:14:57 - [MESSAGE][PASSED] - Keyboard is hidden

2022-01-17 15:14:57 - [TEST_STEP][PASSED] - tap(LOGN_BtnLogin, 0): Tapped on element 'Object Repository/Mobile/Page/Login/Button - Login'

2022-01-17 15:14:57 - [MESSAGE][WARNING] - Timeout '0' is invalid. Using default page load timeout: '60'

2022-01-17 15:14:57 - [MESSAGE][PASSED] - Tapped on element 'Object Repository/Mobile/Page/Login/Button - Login'

2022-01-17 15:14:57 - [TEST_STEP][PASSED] - delay(2): Delayed 2 second(s)

2022-01-17 15:14:59 - [MESSAGE][PASSED] - Delayed 2 second(s)

2022-01-17 15:14:59 - [TEST_STEP][PASSED] - break: null

2022-01-17 15:14:59 - [MESSAGE][PASSED] - Call Test Case 'Test Cases/Mobile/Page/Login/Login' successfully

2022-01-17 15:14:59 - [MESSAGE][PASSED] - Call Test Case 'Test Cases/Mobile/Page/CheckLogin' successfully

2022-01-17 15:14:59 - [TEST_STEP][PASSED] - tap(HOME_MenubarPortfolio, 0): Tapped on element 'Object Repository/Mobile/Page/Home/Menubar - Portfolio'

2022-01-17 15:14:59 - [MESSAGE][WARNING] - Timeout '0' is invalid. Using default page load timeout: '60'

2022-01-17 15:15:01 - [MESSAGE][PASSED] - Tapped on element 'Object Repository/Mobile/Page/Home/Menubar - Portfolio'

2022-01-17 15:15:01 - [TEST_STEP][PASSED] - delay(1): Delayed 1 second(s)

2022-01-17 15:15:02 - [MESSAGE][PASSED] - Delayed 1 second(s)

2022-01-17 15:15:02 - [TEST_STEP][PASSED] - for ([i = 0, i < 1, (i++)]): Delayed 3 second(s)

2022-01-17 15:15:02 - [TEST_STEP][PASSED] - if (tab == "summary"): Delayed 3 second(s)

2022-01-17 15:15:02 - [TEST_STEP][PASSED] - idr = PORT_BtnIDR: null

2022-01-17 15:15:02 - [TEST_STEP][PASSED] - persen = PORT_BtnPersen: null

2022-01-17 15:15:02 - [TEST_STEP][PASSED] - if (action == "summary"): null

2022-01-17 15:15:02 - [TEST_STEP][PASSED] - else if (action == "perf_daily"): null

2022-01-17 15:15:02 - [TEST_STEP][PASSED] - else if (action == "perf_month"): null

2022-01-17 15:15:02 - [TEST_STEP][PASSED] - else if (action == "perf_quarter"): null

2022-01-17 15:15:02 - [TEST_STEP][PASSED] - else if (action == "perf_year"): Tapped on element 'Object Repository/Mobile/Page/Portfolio/Tab - Summary Year to Date'

2022-01-17 15:15:02 - [TEST_STEP][PASSED] - scroll.scroll.scrollScreenBottomToTop(): scroll.scroll.scrollScreenBottomToTop is PASSED

2022-01-17 15:15:02 - [MESSAGE][PASSED] - Current device physical height is 1423

2022-01-17 15:15:02 - [MESSAGE][PASSED] - Current device physical width is 720

2022-01-17 15:15:03 - [MESSAGE][PASSED] - Swiped from 360,1,138 to 360,284

2022-01-17 15:15:03 - [MESSAGE][PASSED] - scroll.scroll.scrollScreenBottomToTop is PASSED

2022-01-17 15:15:03 - [TEST_STEP][PASSED] - delay(1): Delayed 1 second(s)

2022-01-17 15:15:04 - [MESSAGE][PASSED] - Delayed 1 second(s)

2022-01-17 15:15:04 - [TEST_STEP][PASSED] - tap(PORT_TabSummaryYear, 0): Tapped on element 'Object Repository/Mobile/Page/Portfolio/Tab - Summary Year to Date'

2022-01-17 15:15:04 - [MESSAGE][WARNING] - Timeout '0' is invalid. Using default page load timeout: '60'

2022-01-17 15:15:04 - [MESSAGE][PASSED] - Tapped on element 'Object Repository/Mobile/Page/Portfolio/Tab - Summary Year to Date'

2022-01-17 15:15:04 - [TEST_STEP][PASSED] - if (action != "summary"): Delayed 3 second(s)

2022-01-17 15:15:04 - [TEST_STEP][PASSED] - delay(1): Delayed 1 second(s)

2022-01-17 15:15:05 - [MESSAGE][PASSED] - Delayed 1 second(s)

2022-01-17 15:15:05 - [TEST_STEP][PASSED] - scroll.scroll.scrollScreenBottomToTop(): scroll.scroll.scrollScreenBottomToTop is PASSED

2022-01-17 15:15:06 - [MESSAGE][PASSED] - Current device physical height is 1423

2022-01-17 15:15:06 - [MESSAGE][PASSED] - Current device physical width is 720

2022-01-17 15:15:07 - [MESSAGE][PASSED] - Swiped from 360,1,138 to 360,284

2022-01-17 15:15:07 - [MESSAGE][PASSED] - scroll.scroll.scrollScreenBottomToTop is PASSED

2022-01-17 15:15:07 - [TEST_STEP][PASSED] - delay(3): Delayed 3 second(s)

2022-01-17 15:15:10 - [MESSAGE][PASSED] - Delayed 3 second(s)

2022-01-17 15:15:10 - [TEST_STEP][PASSED] - if (action2 == "idr"): Delayed 3 second(s)

2022-01-17 15:15:10 - [TEST_STEP][PASSED] - tap(idr, 10): Tapped on element 'Object Repository/Mobile/Page/Portfolio/Button - IDR'

2022-01-17 15:15:11 - [MESSAGE][PASSED] - Tapped on element 'Object Repository/Mobile/Page/Portfolio/Button - IDR'

2022-01-17 15:15:11 - [TEST_STEP][PASSED] - delay(3): Delayed 3 second(s)

2022-01-17 15:15:14 - [MESSAGE][PASSED] - Delayed 3 second(s)

2022-01-17 15:15:14 - [MESSAGE][PASSED] - Call Test Case 'Test Cases/Mobile/Page/Portfolio/Portfolio' successfully

2022-01-17 15:15:14 - [TEST_STEP][PASSED] - callTestCase(findTestCase("Mobile/Page/Run App/Terminate App"), [:], STOP_ON_FAILURE): Call Test Case 'Test Cases/Mobile/Page/Run App/Terminate App' successfully

2022-01-17 15:15:14 - [TEST_CASE][PASSED] - Test Cases/Mobile/Page/Run App/Terminate App: Test Cases/Mobile/Page/Run App/Terminate App

2022-01-17 15:15:14 - [TEST_STEP][PASSED] - startApp.OpenApp.terminateApplication(): startApp.OpenApp.terminateApplication is PASSED

2022-01-17 15:15:17 - [MESSAGE][PASSED] - Delayed 3 second(s)

2022-01-17 15:15:17 - [MESSAGE][PASSED] - Current device physical width is 720

2022-01-17 15:15:17 - [MESSAGE][PASSED] - Current device physical height is 1423

2022-01-17 15:15:18 - [MESSAGE][PASSED] - Swiped from 360,853 to 360,142

2022-01-17 15:15:19 - [MESSAGE][PASSED] - Delayed 1 second(s)

2022-01-17 15:15:21 - [MESSAGE][PASSED] - Swiped from 360,853 to 360,142

2022-01-17 15:15:24 - [MESSAGE][PASSED] - Delayed 3 second(s)

2022-01-17 15:15:24 - [MESSAGE][PASSED] - startApp.OpenApp.terminateApplication is PASSED

2022-01-17 15:15:24 - [MESSAGE][PASSED] - Call Test Case 'Test Cases/Mobile/Page/Run App/Terminate App' successfully]]></system-out>
         <system-err><![CDATA[]]></system-err>
      </testcase>
      <testcase name="Test Cases/Mobile/Scenario/Portfolio/006 - Portfolio Performance Daily Persen" time="65.132" classname="Test Cases/Mobile/Scenario/Portfolio/006 - Portfolio Performance Daily Persen" status="PASSED">
         <system-out><![CDATA[2022-01-17 15:15:24 - [TEST_CASE][PASSED] - Test Cases/Mobile/Scenario/Portfolio/006 - Portfolio Performance Daily Persen: Test Cases/Mobile/Scenario/Portfolio/006 - Portfolio Performance Daily Persen

2022-01-17 15:15:24 - [TEST_STEP][PASSED] - callTestCase(findTestCase("Mobile/Page/Run App/Run App byID"), [:], STOP_ON_FAILURE): Call Test Case 'Test Cases/Mobile/Page/Run App/Run App byID' successfully

2022-01-17 15:15:24 - [TEST_CASE][PASSED] - Test Cases/Mobile/Page/Run App/Run App byID: Test Cases/Mobile/Page/Run App/Run App byID

2022-01-17 15:15:24 - [TEST_STEP][PASSED] - startApp.OpenApp.startApplication("id.co.miraeasset.sageclub"): startApp.OpenApp.startApplication is PASSED

2022-01-17 15:15:37 - [MESSAGE][PASSED] - Starting app with application ID: 'id.co.miraeasset.sageclub'

2022-01-17 15:15:37 - [MESSAGE][PASSED] - startApp.OpenApp.startApplication is PASSED

2022-01-17 15:15:37 - [MESSAGE][PASSED] - Call Test Case 'Test Cases/Mobile/Page/Run App/Run App byID' successfully

2022-01-17 15:15:37 - [TEST_STEP][PASSED] - callTestCase(findTestCase("Mobile/Page/Portfolio/Portfolio"), ["tab":"summary", "action":"perf_daily", "action2":"persen"], CONTINUE_ON_FAILURE): Call Test Case 'Test Cases/Mobile/Page/Portfolio/Portfolio' successfully

2022-01-17 15:15:37 - [TEST_CASE][PASSED] - Test Cases/Mobile/Page/Portfolio/Portfolio: Test Cases/Mobile/Page/Portfolio/Portfolio

2022-01-17 15:15:37 - [TEST_STEP][PASSED] - callTestCase(findTestCase("Mobile/Page/CheckLogin"), [:], CONTINUE_ON_FAILURE): Call Test Case 'Test Cases/Mobile/Page/CheckLogin' successfully

2022-01-17 15:15:38 - [TEST_CASE][PASSED] - Test Cases/Mobile/Page/CheckLogin: Test Cases/Mobile/Page/CheckLogin

2022-01-17 15:15:38 - [TEST_STEP][PASSED] - loginCheck = verifyElementExist(LOGN_BtnLogin, 5, CONTINUE_ON_FAILURE): Element 'Object Repository/Mobile/Page/Login/Button - Login' is exist

2022-01-17 15:15:40 - [MESSAGE][PASSED] - Element 'Object Repository/Mobile/Page/Login/Button - Login' is exist

2022-01-17 15:15:40 - [TEST_STEP][PASSED] - if (loginCheck): Call Test Case 'Test Cases/Mobile/Page/Login/Login' successfully

2022-01-17 15:15:40 - [TEST_STEP][PASSED] - callTestCase(findTestCase("Mobile/Page/Login/Login"), ["action":"username"], CONTINUE_ON_FAILURE): Call Test Case 'Test Cases/Mobile/Page/Login/Login' successfully

2022-01-17 15:15:40 - [TEST_CASE][PASSED] - Test Cases/Mobile/Page/Login/Login: Test Cases/Mobile/Page/Login/Login

2022-01-17 15:15:40 - [TEST_STEP][PASSED] - delay(2): Delayed 2 second(s)

2022-01-17 15:15:42 - [MESSAGE][PASSED] - Delayed 2 second(s)

2022-01-17 15:15:42 - [TEST_STEP][PASSED] - for ([i = 0, i < 1, (i++)]): null

2022-01-17 15:15:42 - [TEST_STEP][PASSED] - if (action == "username"): null

2022-01-17 15:15:42 - [TEST_STEP][PASSED] - tap(LOGN_EdtUserID, 0): Tapped on element 'Object Repository/Mobile/Page/Login/Input - UserID'

2022-01-17 15:15:42 - [MESSAGE][WARNING] - Timeout '0' is invalid. Using default page load timeout: '60'

2022-01-17 15:15:43 - [MESSAGE][PASSED] - Tapped on element 'Object Repository/Mobile/Page/Login/Input - UserID'

2022-01-17 15:15:43 - [TEST_STEP][PASSED] - delay(1): Delayed 1 second(s)

2022-01-17 15:15:44 - [MESSAGE][PASSED] - Delayed 1 second(s)

2022-01-17 15:15:44 - [TEST_STEP][PASSED] - setText(LOGN_EdtRdyUserID, "anggaaditya", 0): Text 'anggaaditya' has been set to element 'Object Repository/Mobile/Page/Login/Input Rdy - UserID'

2022-01-17 15:15:44 - [MESSAGE][WARNING] - Timeout '0' is invalid. Using default page load timeout: '60'

2022-01-17 15:15:44 - [MESSAGE][PASSED] - Text 'anggaaditya' has been set to element 'Object Repository/Mobile/Page/Login/Input Rdy - UserID'

2022-01-17 15:15:44 - [TEST_STEP][PASSED] - delay(1): Delayed 1 second(s)

2022-01-17 15:15:45 - [MESSAGE][PASSED] - Delayed 1 second(s)

2022-01-17 15:15:45 - [TEST_STEP][PASSED] - hideKeyboard(): Keyboard is hidden

2022-01-17 15:15:52 - [MESSAGE][PASSED] - Keyboard is hidden

2022-01-17 15:15:52 - [TEST_STEP][PASSED] - tap(LOGN_EdtPassword, 0): Tapped on element 'Object Repository/Mobile/Page/Login/Input - Password'

2022-01-17 15:15:52 - [MESSAGE][WARNING] - Timeout '0' is invalid. Using default page load timeout: '60'

2022-01-17 15:15:53 - [MESSAGE][PASSED] - Tapped on element 'Object Repository/Mobile/Page/Login/Input - Password'

2022-01-17 15:15:53 - [TEST_STEP][PASSED] - delay(1): Delayed 1 second(s)

2022-01-17 15:15:54 - [MESSAGE][PASSED] - Delayed 1 second(s)

2022-01-17 15:15:54 - [TEST_STEP][PASSED] - setText(LOGN_EdtRdyPassword, "Shalawa18", 0): Text 'Shalawa18' has been set to element 'Object Repository/Mobile/Page/Login/Input Rdy - Password'

2022-01-17 15:15:54 - [MESSAGE][WARNING] - Timeout '0' is invalid. Using default page load timeout: '60'

2022-01-17 15:15:55 - [MESSAGE][PASSED] - Text 'Shalawa18' has been set to element 'Object Repository/Mobile/Page/Login/Input Rdy - Password'

2022-01-17 15:15:55 - [TEST_STEP][PASSED] - delay(1): Delayed 1 second(s)

2022-01-17 15:15:56 - [MESSAGE][PASSED] - Delayed 1 second(s)

2022-01-17 15:15:56 - [TEST_STEP][PASSED] - hideKeyboard(): Keyboard is hidden

2022-01-17 15:16:03 - [MESSAGE][PASSED] - Keyboard is hidden

2022-01-17 15:16:03 - [TEST_STEP][PASSED] - tap(LOGN_BtnLogin, 0): Tapped on element 'Object Repository/Mobile/Page/Login/Button - Login'

2022-01-17 15:16:03 - [MESSAGE][WARNING] - Timeout '0' is invalid. Using default page load timeout: '60'

2022-01-17 15:16:04 - [MESSAGE][PASSED] - Tapped on element 'Object Repository/Mobile/Page/Login/Button - Login'

2022-01-17 15:16:04 - [TEST_STEP][PASSED] - delay(2): Delayed 2 second(s)

2022-01-17 15:16:06 - [MESSAGE][PASSED] - Delayed 2 second(s)

2022-01-17 15:16:06 - [TEST_STEP][PASSED] - break: null

2022-01-17 15:16:06 - [MESSAGE][PASSED] - Call Test Case 'Test Cases/Mobile/Page/Login/Login' successfully

2022-01-17 15:16:06 - [MESSAGE][PASSED] - Call Test Case 'Test Cases/Mobile/Page/CheckLogin' successfully

2022-01-17 15:16:06 - [TEST_STEP][PASSED] - tap(HOME_MenubarPortfolio, 0): Tapped on element 'Object Repository/Mobile/Page/Home/Menubar - Portfolio'

2022-01-17 15:16:06 - [MESSAGE][WARNING] - Timeout '0' is invalid. Using default page load timeout: '60'

2022-01-17 15:16:07 - [MESSAGE][PASSED] - Tapped on element 'Object Repository/Mobile/Page/Home/Menubar - Portfolio'

2022-01-17 15:16:07 - [TEST_STEP][PASSED] - delay(1): Delayed 1 second(s)

2022-01-17 15:16:08 - [MESSAGE][PASSED] - Delayed 1 second(s)

2022-01-17 15:16:08 - [TEST_STEP][PASSED] - for ([i = 0, i < 1, (i++)]): Delayed 3 second(s)

2022-01-17 15:16:08 - [TEST_STEP][PASSED] - if (tab == "summary"): Delayed 3 second(s)

2022-01-17 15:16:08 - [TEST_STEP][PASSED] - idr = PORT_BtnIDR: null

2022-01-17 15:16:08 - [TEST_STEP][PASSED] - persen = PORT_BtnPersen: null

2022-01-17 15:16:08 - [TEST_STEP][PASSED] - if (action == "summary"): null

2022-01-17 15:16:08 - [TEST_STEP][PASSED] - else if (action == "perf_daily"): scroll.scroll.scrollScreenBottomToTop is PASSED

2022-01-17 15:16:08 - [TEST_STEP][PASSED] - scroll.scroll.scrollScreenBottomToTop(): scroll.scroll.scrollScreenBottomToTop is PASSED

2022-01-17 15:16:08 - [MESSAGE][PASSED] - Current device physical height is 1423

2022-01-17 15:16:09 - [MESSAGE][PASSED] - Current device physical width is 720

2022-01-17 15:16:10 - [MESSAGE][PASSED] - Swiped from 360,1,138 to 360,284

2022-01-17 15:16:10 - [MESSAGE][PASSED] - scroll.scroll.scrollScreenBottomToTop is PASSED

2022-01-17 15:16:10 - [TEST_STEP][PASSED] - if (action != "summary"): Delayed 3 second(s)

2022-01-17 15:16:10 - [TEST_STEP][PASSED] - delay(1): Delayed 1 second(s)

2022-01-17 15:16:11 - [MESSAGE][PASSED] - Delayed 1 second(s)

2022-01-17 15:16:11 - [TEST_STEP][PASSED] - scroll.scroll.scrollScreenBottomToTop(): scroll.scroll.scrollScreenBottomToTop is PASSED

2022-01-17 15:16:11 - [MESSAGE][PASSED] - Current device physical height is 1423

2022-01-17 15:16:11 - [MESSAGE][PASSED] - Current device physical width is 720

2022-01-17 15:16:12 - [MESSAGE][PASSED] - Swiped from 360,1,138 to 360,284

2022-01-17 15:16:12 - [MESSAGE][PASSED] - scroll.scroll.scrollScreenBottomToTop is PASSED

2022-01-17 15:16:12 - [TEST_STEP][PASSED] - delay(3): Delayed 3 second(s)

2022-01-17 15:16:15 - [MESSAGE][PASSED] - Delayed 3 second(s)

2022-01-17 15:16:15 - [TEST_STEP][PASSED] - if (action2 == "idr"): null

2022-01-17 15:16:15 - [TEST_STEP][PASSED] - else if (action2 == "persen"): Delayed 3 second(s)

2022-01-17 15:16:15 - [TEST_STEP][PASSED] - tap(persen, 10): Tapped on element 'Object Repository/Mobile/Page/Portfolio/Button - Persen'

2022-01-17 15:16:16 - [MESSAGE][PASSED] - Tapped on element 'Object Repository/Mobile/Page/Portfolio/Button - Persen'

2022-01-17 15:16:16 - [TEST_STEP][PASSED] - delay(3): Delayed 3 second(s)

2022-01-17 15:16:19 - [MESSAGE][PASSED] - Delayed 3 second(s)

2022-01-17 15:16:19 - [MESSAGE][PASSED] - Call Test Case 'Test Cases/Mobile/Page/Portfolio/Portfolio' successfully

2022-01-17 15:16:19 - [TEST_STEP][PASSED] - callTestCase(findTestCase("Mobile/Page/Run App/Terminate App"), [:], STOP_ON_FAILURE): Call Test Case 'Test Cases/Mobile/Page/Run App/Terminate App' successfully

2022-01-17 15:16:19 - [TEST_CASE][PASSED] - Test Cases/Mobile/Page/Run App/Terminate App: Test Cases/Mobile/Page/Run App/Terminate App

2022-01-17 15:16:19 - [TEST_STEP][PASSED] - startApp.OpenApp.terminateApplication(): startApp.OpenApp.terminateApplication is PASSED

2022-01-17 15:16:22 - [MESSAGE][PASSED] - Delayed 3 second(s)

2022-01-17 15:16:22 - [MESSAGE][PASSED] - Current device physical width is 720

2022-01-17 15:16:22 - [MESSAGE][PASSED] - Current device physical height is 1423

2022-01-17 15:16:24 - [MESSAGE][PASSED] - Swiped from 360,853 to 360,142

2022-01-17 15:16:25 - [MESSAGE][PASSED] - Delayed 1 second(s)

2022-01-17 15:16:26 - [MESSAGE][PASSED] - Swiped from 360,853 to 360,142

2022-01-17 15:16:29 - [MESSAGE][PASSED] - Delayed 3 second(s)

2022-01-17 15:16:29 - [MESSAGE][PASSED] - startApp.OpenApp.terminateApplication is PASSED

2022-01-17 15:16:29 - [MESSAGE][PASSED] - Call Test Case 'Test Cases/Mobile/Page/Run App/Terminate App' successfully]]></system-out>
         <system-err><![CDATA[]]></system-err>
      </testcase>
      <testcase name="Test Cases/Mobile/Scenario/Portfolio/007 - Portfolio Performance Month to Date Persen" time="60.384" classname="Test Cases/Mobile/Scenario/Portfolio/007 - Portfolio Performance Month to Date Persen" status="PASSED">
         <system-out><![CDATA[2022-01-17 15:16:29 - [TEST_CASE][PASSED] - Test Cases/Mobile/Scenario/Portfolio/007 - Portfolio Performance Month to Date Persen: Test Cases/Mobile/Scenario/Portfolio/007 - Portfolio Performance Month to Date Persen

2022-01-17 15:16:29 - [TEST_STEP][PASSED] - callTestCase(findTestCase("Mobile/Page/Run App/Run App byID"), [:], STOP_ON_FAILURE): Call Test Case 'Test Cases/Mobile/Page/Run App/Run App byID' successfully

2022-01-17 15:16:29 - [TEST_CASE][PASSED] - Test Cases/Mobile/Page/Run App/Run App byID: Test Cases/Mobile/Page/Run App/Run App byID

2022-01-17 15:16:29 - [TEST_STEP][PASSED] - startApp.OpenApp.startApplication("id.co.miraeasset.sageclub"): startApp.OpenApp.startApplication is PASSED

2022-01-17 15:16:42 - [MESSAGE][PASSED] - Starting app with application ID: 'id.co.miraeasset.sageclub'

2022-01-17 15:16:42 - [MESSAGE][PASSED] - startApp.OpenApp.startApplication is PASSED

2022-01-17 15:16:42 - [MESSAGE][PASSED] - Call Test Case 'Test Cases/Mobile/Page/Run App/Run App byID' successfully

2022-01-17 15:16:42 - [TEST_STEP][PASSED] - callTestCase(findTestCase("Mobile/Page/Portfolio/Portfolio"), ["tab":"summary", "action":"perf_month", "action2":"persen"], CONTINUE_ON_FAILURE): Call Test Case 'Test Cases/Mobile/Page/Portfolio/Portfolio' successfully

2022-01-17 15:16:42 - [TEST_CASE][PASSED] - Test Cases/Mobile/Page/Portfolio/Portfolio: Test Cases/Mobile/Page/Portfolio/Portfolio

2022-01-17 15:16:42 - [TEST_STEP][PASSED] - callTestCase(findTestCase("Mobile/Page/CheckLogin"), [:], CONTINUE_ON_FAILURE): Call Test Case 'Test Cases/Mobile/Page/CheckLogin' successfully

2022-01-17 15:16:43 - [TEST_CASE][PASSED] - Test Cases/Mobile/Page/CheckLogin: Test Cases/Mobile/Page/CheckLogin

2022-01-17 15:16:43 - [TEST_STEP][PASSED] - loginCheck = verifyElementExist(LOGN_BtnLogin, 5, CONTINUE_ON_FAILURE): Element 'Object Repository/Mobile/Page/Login/Button - Login' is exist

2022-01-17 15:16:44 - [MESSAGE][PASSED] - Element 'Object Repository/Mobile/Page/Login/Button - Login' is exist

2022-01-17 15:16:44 - [TEST_STEP][PASSED] - if (loginCheck): Call Test Case 'Test Cases/Mobile/Page/Login/Login' successfully

2022-01-17 15:16:44 - [TEST_STEP][PASSED] - callTestCase(findTestCase("Mobile/Page/Login/Login"), ["action":"username"], CONTINUE_ON_FAILURE): Call Test Case 'Test Cases/Mobile/Page/Login/Login' successfully

2022-01-17 15:16:44 - [TEST_CASE][PASSED] - Test Cases/Mobile/Page/Login/Login: Test Cases/Mobile/Page/Login/Login

2022-01-17 15:16:44 - [TEST_STEP][PASSED] - delay(2): Delayed 2 second(s)

2022-01-17 15:16:46 - [MESSAGE][PASSED] - Delayed 2 second(s)

2022-01-17 15:16:46 - [TEST_STEP][PASSED] - for ([i = 0, i < 1, (i++)]): null

2022-01-17 15:16:46 - [TEST_STEP][PASSED] - if (action == "username"): null

2022-01-17 15:16:46 - [TEST_STEP][PASSED] - tap(LOGN_EdtUserID, 0): Tapped on element 'Object Repository/Mobile/Page/Login/Input - UserID'

2022-01-17 15:16:46 - [MESSAGE][WARNING] - Timeout '0' is invalid. Using default page load timeout: '60'

2022-01-17 15:16:47 - [MESSAGE][PASSED] - Tapped on element 'Object Repository/Mobile/Page/Login/Input - UserID'

2022-01-17 15:16:47 - [TEST_STEP][PASSED] - delay(1): Delayed 1 second(s)

2022-01-17 15:16:48 - [MESSAGE][PASSED] - Delayed 1 second(s)

2022-01-17 15:16:48 - [TEST_STEP][PASSED] - setText(LOGN_EdtRdyUserID, "anggaaditya", 0): Text 'anggaaditya' has been set to element 'Object Repository/Mobile/Page/Login/Input Rdy - UserID'

2022-01-17 15:16:48 - [MESSAGE][WARNING] - Timeout '0' is invalid. Using default page load timeout: '60'

2022-01-17 15:16:49 - [MESSAGE][PASSED] - Text 'anggaaditya' has been set to element 'Object Repository/Mobile/Page/Login/Input Rdy - UserID'

2022-01-17 15:16:49 - [TEST_STEP][PASSED] - delay(1): Delayed 1 second(s)

2022-01-17 15:16:50 - [MESSAGE][PASSED] - Delayed 1 second(s)

2022-01-17 15:16:50 - [TEST_STEP][PASSED] - hideKeyboard(): Keyboard is hidden

2022-01-17 15:16:53 - [MESSAGE][PASSED] - Keyboard is hidden

2022-01-17 15:16:53 - [TEST_STEP][PASSED] - tap(LOGN_EdtPassword, 0): Tapped on element 'Object Repository/Mobile/Page/Login/Input - Password'

2022-01-17 15:16:53 - [MESSAGE][WARNING] - Timeout '0' is invalid. Using default page load timeout: '60'

2022-01-17 15:16:54 - [MESSAGE][PASSED] - Tapped on element 'Object Repository/Mobile/Page/Login/Input - Password'

2022-01-17 15:16:54 - [TEST_STEP][PASSED] - delay(1): Delayed 1 second(s)

2022-01-17 15:16:55 - [MESSAGE][PASSED] - Delayed 1 second(s)

2022-01-17 15:16:55 - [TEST_STEP][PASSED] - setText(LOGN_EdtRdyPassword, "Shalawa18", 0): Text 'Shalawa18' has been set to element 'Object Repository/Mobile/Page/Login/Input Rdy - Password'

2022-01-17 15:16:55 - [MESSAGE][WARNING] - Timeout '0' is invalid. Using default page load timeout: '60'

2022-01-17 15:16:55 - [MESSAGE][PASSED] - Text 'Shalawa18' has been set to element 'Object Repository/Mobile/Page/Login/Input Rdy - Password'

2022-01-17 15:16:55 - [TEST_STEP][PASSED] - delay(1): Delayed 1 second(s)

2022-01-17 15:16:56 - [MESSAGE][PASSED] - Delayed 1 second(s)

2022-01-17 15:16:56 - [TEST_STEP][PASSED] - hideKeyboard(): Keyboard is hidden

2022-01-17 15:17:02 - [MESSAGE][PASSED] - Keyboard is hidden

2022-01-17 15:17:02 - [TEST_STEP][PASSED] - tap(LOGN_BtnLogin, 0): Tapped on element 'Object Repository/Mobile/Page/Login/Button - Login'

2022-01-17 15:17:02 - [MESSAGE][WARNING] - Timeout '0' is invalid. Using default page load timeout: '60'

2022-01-17 15:17:03 - [MESSAGE][PASSED] - Tapped on element 'Object Repository/Mobile/Page/Login/Button - Login'

2022-01-17 15:17:03 - [TEST_STEP][PASSED] - delay(2): Delayed 2 second(s)

2022-01-17 15:17:05 - [MESSAGE][PASSED] - Delayed 2 second(s)

2022-01-17 15:17:05 - [TEST_STEP][PASSED] - break: null

2022-01-17 15:17:05 - [MESSAGE][PASSED] - Call Test Case 'Test Cases/Mobile/Page/Login/Login' successfully

2022-01-17 15:17:05 - [MESSAGE][PASSED] - Call Test Case 'Test Cases/Mobile/Page/CheckLogin' successfully

2022-01-17 15:17:05 - [TEST_STEP][PASSED] - tap(HOME_MenubarPortfolio, 0): Tapped on element 'Object Repository/Mobile/Page/Home/Menubar - Portfolio'

2022-01-17 15:17:05 - [MESSAGE][WARNING] - Timeout '0' is invalid. Using default page load timeout: '60'

2022-01-17 15:17:06 - [MESSAGE][PASSED] - Tapped on element 'Object Repository/Mobile/Page/Home/Menubar - Portfolio'

2022-01-17 15:17:06 - [TEST_STEP][PASSED] - delay(1): Delayed 1 second(s)

2022-01-17 15:17:07 - [MESSAGE][PASSED] - Delayed 1 second(s)

2022-01-17 15:17:07 - [TEST_STEP][PASSED] - for ([i = 0, i < 1, (i++)]): Delayed 3 second(s)

2022-01-17 15:17:07 - [TEST_STEP][PASSED] - if (tab == "summary"): Delayed 3 second(s)

2022-01-17 15:17:07 - [TEST_STEP][PASSED] - idr = PORT_BtnIDR: null

2022-01-17 15:17:07 - [TEST_STEP][PASSED] - persen = PORT_BtnPersen: null

2022-01-17 15:17:07 - [TEST_STEP][PASSED] - if (action == "summary"): null

2022-01-17 15:17:07 - [TEST_STEP][PASSED] - else if (action == "perf_daily"): null

2022-01-17 15:17:07 - [TEST_STEP][PASSED] - else if (action == "perf_month"): Tapped on element 'Object Repository/Mobile/Page/Portfolio/Tab - Summary Month to Date'

2022-01-17 15:17:07 - [TEST_STEP][PASSED] - scroll.scroll.scrollScreenBottomToTop(): scroll.scroll.scrollScreenBottomToTop is PASSED

2022-01-17 15:17:07 - [MESSAGE][PASSED] - Current device physical height is 1423

2022-01-17 15:17:07 - [MESSAGE][PASSED] - Current device physical width is 720

2022-01-17 15:17:09 - [MESSAGE][PASSED] - Swiped from 360,1,138 to 360,284

2022-01-17 15:17:09 - [MESSAGE][PASSED] - scroll.scroll.scrollScreenBottomToTop is PASSED

2022-01-17 15:17:09 - [TEST_STEP][PASSED] - delay(1): Delayed 1 second(s)

2022-01-17 15:17:10 - [MESSAGE][PASSED] - Delayed 1 second(s)

2022-01-17 15:17:10 - [TEST_STEP][PASSED] - tap(PORT_TabSummaryMonth, 0): Tapped on element 'Object Repository/Mobile/Page/Portfolio/Tab - Summary Month to Date'

2022-01-17 15:17:10 - [MESSAGE][WARNING] - Timeout '0' is invalid. Using default page load timeout: '60'

2022-01-17 15:17:10 - [MESSAGE][PASSED] - Tapped on element 'Object Repository/Mobile/Page/Portfolio/Tab - Summary Month to Date'

2022-01-17 15:17:10 - [TEST_STEP][PASSED] - if (action != "summary"): Delayed 3 second(s)

2022-01-17 15:17:10 - [TEST_STEP][PASSED] - delay(1): Delayed 1 second(s)

2022-01-17 15:17:11 - [MESSAGE][PASSED] - Delayed 1 second(s)

2022-01-17 15:17:11 - [TEST_STEP][PASSED] - scroll.scroll.scrollScreenBottomToTop(): scroll.scroll.scrollScreenBottomToTop is PASSED

2022-01-17 15:17:11 - [MESSAGE][PASSED] - Current device physical height is 1423

2022-01-17 15:17:11 - [MESSAGE][PASSED] - Current device physical width is 720

2022-01-17 15:17:13 - [MESSAGE][PASSED] - Swiped from 360,1,138 to 360,284

2022-01-17 15:17:13 - [MESSAGE][PASSED] - scroll.scroll.scrollScreenBottomToTop is PASSED

2022-01-17 15:17:13 - [TEST_STEP][PASSED] - delay(3): Delayed 3 second(s)

2022-01-17 15:17:16 - [MESSAGE][PASSED] - Delayed 3 second(s)

2022-01-17 15:17:16 - [TEST_STEP][PASSED] - if (action2 == "idr"): null

2022-01-17 15:17:16 - [TEST_STEP][PASSED] - else if (action2 == "persen"): Delayed 3 second(s)

2022-01-17 15:17:16 - [TEST_STEP][PASSED] - tap(persen, 10): Tapped on element 'Object Repository/Mobile/Page/Portfolio/Button - Persen'

2022-01-17 15:17:16 - [MESSAGE][PASSED] - Tapped on element 'Object Repository/Mobile/Page/Portfolio/Button - Persen'

2022-01-17 15:17:16 - [TEST_STEP][PASSED] - delay(3): Delayed 3 second(s)

2022-01-17 15:17:19 - [MESSAGE][PASSED] - Delayed 3 second(s)

2022-01-17 15:17:19 - [MESSAGE][PASSED] - Call Test Case 'Test Cases/Mobile/Page/Portfolio/Portfolio' successfully

2022-01-17 15:17:19 - [TEST_STEP][PASSED] - callTestCase(findTestCase("Mobile/Page/Run App/Terminate App"), [:], STOP_ON_FAILURE): Call Test Case 'Test Cases/Mobile/Page/Run App/Terminate App' successfully

2022-01-17 15:17:19 - [TEST_CASE][PASSED] - Test Cases/Mobile/Page/Run App/Terminate App: Test Cases/Mobile/Page/Run App/Terminate App

2022-01-17 15:17:19 - [TEST_STEP][PASSED] - startApp.OpenApp.terminateApplication(): startApp.OpenApp.terminateApplication is PASSED

2022-01-17 15:17:22 - [MESSAGE][PASSED] - Delayed 3 second(s)

2022-01-17 15:17:22 - [MESSAGE][PASSED] - Current device physical width is 720

2022-01-17 15:17:23 - [MESSAGE][PASSED] - Current device physical height is 1423

2022-01-17 15:17:24 - [MESSAGE][PASSED] - Swiped from 360,853 to 360,142

2022-01-17 15:17:25 - [MESSAGE][PASSED] - Delayed 1 second(s)

2022-01-17 15:17:26 - [MESSAGE][PASSED] - Swiped from 360,853 to 360,142

2022-01-17 15:17:29 - [MESSAGE][PASSED] - Delayed 3 second(s)

2022-01-17 15:17:29 - [MESSAGE][PASSED] - startApp.OpenApp.terminateApplication is PASSED

2022-01-17 15:17:29 - [MESSAGE][PASSED] - Call Test Case 'Test Cases/Mobile/Page/Run App/Terminate App' successfully]]></system-out>
         <system-err><![CDATA[]]></system-err>
      </testcase>
      <testcase name="Test Cases/Mobile/Scenario/Portfolio/008 - Portfolio Performance Quarter to Date Persen" time="61.09" classname="Test Cases/Mobile/Scenario/Portfolio/008 - Portfolio Performance Quarter to Date Persen" status="PASSED">
         <system-out><![CDATA[2022-01-17 15:17:29 - [TEST_CASE][PASSED] - Test Cases/Mobile/Scenario/Portfolio/008 - Portfolio Performance Quarter to Date Persen: Test Cases/Mobile/Scenario/Portfolio/008 - Portfolio Performance Quarter to Date Persen

2022-01-17 15:17:29 - [TEST_STEP][PASSED] - callTestCase(findTestCase("Mobile/Page/Run App/Run App byID"), [:], STOP_ON_FAILURE): Call Test Case 'Test Cases/Mobile/Page/Run App/Run App byID' successfully

2022-01-17 15:17:29 - [TEST_CASE][PASSED] - Test Cases/Mobile/Page/Run App/Run App byID: Test Cases/Mobile/Page/Run App/Run App byID

2022-01-17 15:17:29 - [TEST_STEP][PASSED] - startApp.OpenApp.startApplication("id.co.miraeasset.sageclub"): startApp.OpenApp.startApplication is PASSED

2022-01-17 15:17:41 - [MESSAGE][PASSED] - Starting app with application ID: 'id.co.miraeasset.sageclub'

2022-01-17 15:17:41 - [MESSAGE][PASSED] - startApp.OpenApp.startApplication is PASSED

2022-01-17 15:17:41 - [MESSAGE][PASSED] - Call Test Case 'Test Cases/Mobile/Page/Run App/Run App byID' successfully

2022-01-17 15:17:41 - [TEST_STEP][PASSED] - callTestCase(findTestCase("Mobile/Page/Portfolio/Portfolio"), ["tab":"summary", "action":"perf_quarter", "action2":"persen"], CONTINUE_ON_FAILURE): Call Test Case 'Test Cases/Mobile/Page/Portfolio/Portfolio' successfully

2022-01-17 15:17:41 - [TEST_CASE][PASSED] - Test Cases/Mobile/Page/Portfolio/Portfolio: Test Cases/Mobile/Page/Portfolio/Portfolio

2022-01-17 15:17:41 - [TEST_STEP][PASSED] - callTestCase(findTestCase("Mobile/Page/CheckLogin"), [:], CONTINUE_ON_FAILURE): Call Test Case 'Test Cases/Mobile/Page/CheckLogin' successfully

2022-01-17 15:17:42 - [TEST_CASE][PASSED] - Test Cases/Mobile/Page/CheckLogin: Test Cases/Mobile/Page/CheckLogin

2022-01-17 15:17:42 - [TEST_STEP][PASSED] - loginCheck = verifyElementExist(LOGN_BtnLogin, 5, CONTINUE_ON_FAILURE): Element 'Object Repository/Mobile/Page/Login/Button - Login' is exist

2022-01-17 15:17:43 - [MESSAGE][PASSED] - Element 'Object Repository/Mobile/Page/Login/Button - Login' is exist

2022-01-17 15:17:43 - [TEST_STEP][PASSED] - if (loginCheck): Call Test Case 'Test Cases/Mobile/Page/Login/Login' successfully

2022-01-17 15:17:43 - [TEST_STEP][PASSED] - callTestCase(findTestCase("Mobile/Page/Login/Login"), ["action":"username"], CONTINUE_ON_FAILURE): Call Test Case 'Test Cases/Mobile/Page/Login/Login' successfully

2022-01-17 15:17:44 - [TEST_CASE][PASSED] - Test Cases/Mobile/Page/Login/Login: Test Cases/Mobile/Page/Login/Login

2022-01-17 15:17:44 - [TEST_STEP][PASSED] - delay(2): Delayed 2 second(s)

2022-01-17 15:17:46 - [MESSAGE][PASSED] - Delayed 2 second(s)

2022-01-17 15:17:46 - [TEST_STEP][PASSED] - for ([i = 0, i < 1, (i++)]): null

2022-01-17 15:17:46 - [TEST_STEP][PASSED] - if (action == "username"): null

2022-01-17 15:17:46 - [TEST_STEP][PASSED] - tap(LOGN_EdtUserID, 0): Tapped on element 'Object Repository/Mobile/Page/Login/Input - UserID'

2022-01-17 15:17:46 - [MESSAGE][WARNING] - Timeout '0' is invalid. Using default page load timeout: '60'

2022-01-17 15:17:46 - [MESSAGE][PASSED] - Tapped on element 'Object Repository/Mobile/Page/Login/Input - UserID'

2022-01-17 15:17:46 - [TEST_STEP][PASSED] - delay(1): Delayed 1 second(s)

2022-01-17 15:17:47 - [MESSAGE][PASSED] - Delayed 1 second(s)

2022-01-17 15:17:47 - [TEST_STEP][PASSED] - setText(LOGN_EdtRdyUserID, "anggaaditya", 0): Text 'anggaaditya' has been set to element 'Object Repository/Mobile/Page/Login/Input Rdy - UserID'

2022-01-17 15:17:47 - [MESSAGE][WARNING] - Timeout '0' is invalid. Using default page load timeout: '60'

2022-01-17 15:17:48 - [MESSAGE][PASSED] - Text 'anggaaditya' has been set to element 'Object Repository/Mobile/Page/Login/Input Rdy - UserID'

2022-01-17 15:17:48 - [TEST_STEP][PASSED] - delay(1): Delayed 1 second(s)

2022-01-17 15:17:49 - [MESSAGE][PASSED] - Delayed 1 second(s)

2022-01-17 15:17:49 - [TEST_STEP][PASSED] - hideKeyboard(): Keyboard is hidden

2022-01-17 15:17:54 - [MESSAGE][PASSED] - Keyboard is hidden

2022-01-17 15:17:54 - [TEST_STEP][PASSED] - tap(LOGN_EdtPassword, 0): Tapped on element 'Object Repository/Mobile/Page/Login/Input - Password'

2022-01-17 15:17:54 - [MESSAGE][WARNING] - Timeout '0' is invalid. Using default page load timeout: '60'

2022-01-17 15:17:54 - [MESSAGE][PASSED] - Tapped on element 'Object Repository/Mobile/Page/Login/Input - Password'

2022-01-17 15:17:54 - [TEST_STEP][PASSED] - delay(1): Delayed 1 second(s)

2022-01-17 15:17:55 - [MESSAGE][PASSED] - Delayed 1 second(s)

2022-01-17 15:17:55 - [TEST_STEP][PASSED] - setText(LOGN_EdtRdyPassword, "Shalawa18", 0): Text 'Shalawa18' has been set to element 'Object Repository/Mobile/Page/Login/Input Rdy - Password'

2022-01-17 15:17:55 - [MESSAGE][WARNING] - Timeout '0' is invalid. Using default page load timeout: '60'

2022-01-17 15:17:56 - [MESSAGE][PASSED] - Text 'Shalawa18' has been set to element 'Object Repository/Mobile/Page/Login/Input Rdy - Password'

2022-01-17 15:17:56 - [TEST_STEP][PASSED] - delay(1): Delayed 1 second(s)

2022-01-17 15:17:57 - [MESSAGE][PASSED] - Delayed 1 second(s)

2022-01-17 15:17:57 - [TEST_STEP][PASSED] - hideKeyboard(): Keyboard is hidden

2022-01-17 15:18:03 - [MESSAGE][PASSED] - Keyboard is hidden

2022-01-17 15:18:03 - [TEST_STEP][PASSED] - tap(LOGN_BtnLogin, 0): Tapped on element 'Object Repository/Mobile/Page/Login/Button - Login'

2022-01-17 15:18:03 - [MESSAGE][WARNING] - Timeout '0' is invalid. Using default page load timeout: '60'

2022-01-17 15:18:03 - [MESSAGE][PASSED] - Tapped on element 'Object Repository/Mobile/Page/Login/Button - Login'

2022-01-17 15:18:03 - [TEST_STEP][PASSED] - delay(2): Delayed 2 second(s)

2022-01-17 15:18:05 - [MESSAGE][PASSED] - Delayed 2 second(s)

2022-01-17 15:18:05 - [TEST_STEP][PASSED] - break: null

2022-01-17 15:18:05 - [MESSAGE][PASSED] - Call Test Case 'Test Cases/Mobile/Page/Login/Login' successfully

2022-01-17 15:18:05 - [MESSAGE][PASSED] - Call Test Case 'Test Cases/Mobile/Page/CheckLogin' successfully

2022-01-17 15:18:05 - [TEST_STEP][PASSED] - tap(HOME_MenubarPortfolio, 0): Tapped on element 'Object Repository/Mobile/Page/Home/Menubar - Portfolio'

2022-01-17 15:18:05 - [MESSAGE][WARNING] - Timeout '0' is invalid. Using default page load timeout: '60'

2022-01-17 15:18:07 - [MESSAGE][PASSED] - Tapped on element 'Object Repository/Mobile/Page/Home/Menubar - Portfolio'

2022-01-17 15:18:07 - [TEST_STEP][PASSED] - delay(1): Delayed 1 second(s)

2022-01-17 15:18:08 - [MESSAGE][PASSED] - Delayed 1 second(s)

2022-01-17 15:18:08 - [TEST_STEP][PASSED] - for ([i = 0, i < 1, (i++)]): Delayed 3 second(s)

2022-01-17 15:18:08 - [TEST_STEP][PASSED] - if (tab == "summary"): Delayed 3 second(s)

2022-01-17 15:18:08 - [TEST_STEP][PASSED] - idr = PORT_BtnIDR: null

2022-01-17 15:18:08 - [TEST_STEP][PASSED] - persen = PORT_BtnPersen: null

2022-01-17 15:18:08 - [TEST_STEP][PASSED] - if (action == "summary"): null

2022-01-17 15:18:08 - [TEST_STEP][PASSED] - else if (action == "perf_daily"): null

2022-01-17 15:18:08 - [TEST_STEP][PASSED] - else if (action == "perf_month"): null

2022-01-17 15:18:08 - [TEST_STEP][PASSED] - else if (action == "perf_quarter"): Tapped on element 'Object Repository/Mobile/Page/Portfolio/Tab - Summary Quarter to Date'

2022-01-17 15:18:08 - [TEST_STEP][PASSED] - scroll.scroll.scrollScreenBottomToTop(): scroll.scroll.scrollScreenBottomToTop is PASSED

2022-01-17 15:18:08 - [MESSAGE][PASSED] - Current device physical height is 1423

2022-01-17 15:18:08 - [MESSAGE][PASSED] - Current device physical width is 720

2022-01-17 15:18:10 - [MESSAGE][PASSED] - Swiped from 360,1,138 to 360,284

2022-01-17 15:18:10 - [MESSAGE][PASSED] - scroll.scroll.scrollScreenBottomToTop is PASSED

2022-01-17 15:18:10 - [TEST_STEP][PASSED] - delay(1): Delayed 1 second(s)

2022-01-17 15:18:11 - [MESSAGE][PASSED] - Delayed 1 second(s)

2022-01-17 15:18:11 - [TEST_STEP][PASSED] - tap(PORT_TabSummaryQuarter, 0): Tapped on element 'Object Repository/Mobile/Page/Portfolio/Tab - Summary Quarter to Date'

2022-01-17 15:18:11 - [MESSAGE][WARNING] - Timeout '0' is invalid. Using default page load timeout: '60'

2022-01-17 15:18:11 - [MESSAGE][PASSED] - Tapped on element 'Object Repository/Mobile/Page/Portfolio/Tab - Summary Quarter to Date'

2022-01-17 15:18:11 - [TEST_STEP][PASSED] - if (action != "summary"): Delayed 3 second(s)

2022-01-17 15:18:11 - [TEST_STEP][PASSED] - delay(1): Delayed 1 second(s)

2022-01-17 15:18:12 - [MESSAGE][PASSED] - Delayed 1 second(s)

2022-01-17 15:18:12 - [TEST_STEP][PASSED] - scroll.scroll.scrollScreenBottomToTop(): scroll.scroll.scrollScreenBottomToTop is PASSED

2022-01-17 15:18:12 - [MESSAGE][PASSED] - Current device physical height is 1423

2022-01-17 15:18:12 - [MESSAGE][PASSED] - Current device physical width is 720

2022-01-17 15:18:14 - [MESSAGE][PASSED] - Swiped from 360,1,138 to 360,284

2022-01-17 15:18:14 - [MESSAGE][PASSED] - scroll.scroll.scrollScreenBottomToTop is PASSED

2022-01-17 15:18:14 - [TEST_STEP][PASSED] - delay(3): Delayed 3 second(s)

2022-01-17 15:18:17 - [MESSAGE][PASSED] - Delayed 3 second(s)

2022-01-17 15:18:17 - [TEST_STEP][PASSED] - if (action2 == "idr"): null

2022-01-17 15:18:17 - [TEST_STEP][PASSED] - else if (action2 == "persen"): Delayed 3 second(s)

2022-01-17 15:18:17 - [TEST_STEP][PASSED] - tap(persen, 10): Tapped on element 'Object Repository/Mobile/Page/Portfolio/Button - Persen'

2022-01-17 15:18:17 - [MESSAGE][PASSED] - Tapped on element 'Object Repository/Mobile/Page/Portfolio/Button - Persen'

2022-01-17 15:18:17 - [TEST_STEP][PASSED] - delay(3): Delayed 3 second(s)

2022-01-17 15:18:20 - [MESSAGE][PASSED] - Delayed 3 second(s)

2022-01-17 15:18:20 - [MESSAGE][PASSED] - Call Test Case 'Test Cases/Mobile/Page/Portfolio/Portfolio' successfully

2022-01-17 15:18:20 - [TEST_STEP][PASSED] - callTestCase(findTestCase("Mobile/Page/Run App/Terminate App"), [:], STOP_ON_FAILURE): Call Test Case 'Test Cases/Mobile/Page/Run App/Terminate App' successfully

2022-01-17 15:18:20 - [TEST_CASE][PASSED] - Test Cases/Mobile/Page/Run App/Terminate App: Test Cases/Mobile/Page/Run App/Terminate App

2022-01-17 15:18:20 - [TEST_STEP][PASSED] - startApp.OpenApp.terminateApplication(): startApp.OpenApp.terminateApplication is PASSED

2022-01-17 15:18:23 - [MESSAGE][PASSED] - Delayed 3 second(s)

2022-01-17 15:18:24 - [MESSAGE][PASSED] - Current device physical width is 720

2022-01-17 15:18:24 - [MESSAGE][PASSED] - Current device physical height is 1423

2022-01-17 15:18:25 - [MESSAGE][PASSED] - Swiped from 360,853 to 360,142

2022-01-17 15:18:26 - [MESSAGE][PASSED] - Delayed 1 second(s)

2022-01-17 15:18:27 - [MESSAGE][PASSED] - Swiped from 360,853 to 360,142

2022-01-17 15:18:30 - [MESSAGE][PASSED] - Delayed 3 second(s)

2022-01-17 15:18:30 - [MESSAGE][PASSED] - startApp.OpenApp.terminateApplication is PASSED

2022-01-17 15:18:30 - [MESSAGE][PASSED] - Call Test Case 'Test Cases/Mobile/Page/Run App/Terminate App' successfully]]></system-out>
         <system-err><![CDATA[]]></system-err>
      </testcase>
      <testcase name="Test Cases/Mobile/Scenario/Portfolio/009 - Portfolio Performance Year to Date Persen" time="59.325" classname="Test Cases/Mobile/Scenario/Portfolio/009 - Portfolio Performance Year to Date Persen" status="PASSED">
         <system-out><![CDATA[2022-01-17 15:18:30 - [TEST_CASE][PASSED] - Test Cases/Mobile/Scenario/Portfolio/009 - Portfolio Performance Year to Date Persen: Test Cases/Mobile/Scenario/Portfolio/009 - Portfolio Performance Year to Date Persen

2022-01-17 15:18:31 - [TEST_STEP][PASSED] - callTestCase(findTestCase("Mobile/Page/Run App/Run App byID"), [:], STOP_ON_FAILURE): Call Test Case 'Test Cases/Mobile/Page/Run App/Run App byID' successfully

2022-01-17 15:18:31 - [TEST_CASE][PASSED] - Test Cases/Mobile/Page/Run App/Run App byID: Test Cases/Mobile/Page/Run App/Run App byID

2022-01-17 15:18:31 - [TEST_STEP][PASSED] - startApp.OpenApp.startApplication("id.co.miraeasset.sageclub"): startApp.OpenApp.startApplication is PASSED

2022-01-17 15:18:42 - [MESSAGE][PASSED] - Starting app with application ID: 'id.co.miraeasset.sageclub'

2022-01-17 15:18:42 - [MESSAGE][PASSED] - startApp.OpenApp.startApplication is PASSED

2022-01-17 15:18:42 - [MESSAGE][PASSED] - Call Test Case 'Test Cases/Mobile/Page/Run App/Run App byID' successfully

2022-01-17 15:18:42 - [TEST_STEP][PASSED] - callTestCase(findTestCase("Mobile/Page/Portfolio/Portfolio"), ["tab":"summary", "action":"perf_year", "action2":"persen"], CONTINUE_ON_FAILURE): Call Test Case 'Test Cases/Mobile/Page/Portfolio/Portfolio' successfully

2022-01-17 15:18:42 - [TEST_CASE][PASSED] - Test Cases/Mobile/Page/Portfolio/Portfolio: Test Cases/Mobile/Page/Portfolio/Portfolio

2022-01-17 15:18:42 - [TEST_STEP][PASSED] - callTestCase(findTestCase("Mobile/Page/CheckLogin"), [:], CONTINUE_ON_FAILURE): Call Test Case 'Test Cases/Mobile/Page/CheckLogin' successfully

2022-01-17 15:18:42 - [TEST_CASE][PASSED] - Test Cases/Mobile/Page/CheckLogin: Test Cases/Mobile/Page/CheckLogin

2022-01-17 15:18:42 - [TEST_STEP][PASSED] - loginCheck = verifyElementExist(LOGN_BtnLogin, 5, CONTINUE_ON_FAILURE): Element 'Object Repository/Mobile/Page/Login/Button - Login' is exist

2022-01-17 15:18:45 - [MESSAGE][PASSED] - Element 'Object Repository/Mobile/Page/Login/Button - Login' is exist

2022-01-17 15:18:45 - [TEST_STEP][PASSED] - if (loginCheck): Call Test Case 'Test Cases/Mobile/Page/Login/Login' successfully

2022-01-17 15:18:45 - [TEST_STEP][PASSED] - callTestCase(findTestCase("Mobile/Page/Login/Login"), ["action":"username"], CONTINUE_ON_FAILURE): Call Test Case 'Test Cases/Mobile/Page/Login/Login' successfully

2022-01-17 15:18:45 - [TEST_CASE][PASSED] - Test Cases/Mobile/Page/Login/Login: Test Cases/Mobile/Page/Login/Login

2022-01-17 15:18:45 - [TEST_STEP][PASSED] - delay(2): Delayed 2 second(s)

2022-01-17 15:18:47 - [MESSAGE][PASSED] - Delayed 2 second(s)

2022-01-17 15:18:47 - [TEST_STEP][PASSED] - for ([i = 0, i < 1, (i++)]): null

2022-01-17 15:18:47 - [TEST_STEP][PASSED] - if (action == "username"): null

2022-01-17 15:18:47 - [TEST_STEP][PASSED] - tap(LOGN_EdtUserID, 0): Tapped on element 'Object Repository/Mobile/Page/Login/Input - UserID'

2022-01-17 15:18:47 - [MESSAGE][WARNING] - Timeout '0' is invalid. Using default page load timeout: '60'

2022-01-17 15:18:47 - [MESSAGE][PASSED] - Tapped on element 'Object Repository/Mobile/Page/Login/Input - UserID'

2022-01-17 15:18:47 - [TEST_STEP][PASSED] - delay(1): Delayed 1 second(s)

2022-01-17 15:18:48 - [MESSAGE][PASSED] - Delayed 1 second(s)

2022-01-17 15:18:48 - [TEST_STEP][PASSED] - setText(LOGN_EdtRdyUserID, "anggaaditya", 0): Text 'anggaaditya' has been set to element 'Object Repository/Mobile/Page/Login/Input Rdy - UserID'

2022-01-17 15:18:48 - [MESSAGE][WARNING] - Timeout '0' is invalid. Using default page load timeout: '60'

2022-01-17 15:18:49 - [MESSAGE][PASSED] - Text 'anggaaditya' has been set to element 'Object Repository/Mobile/Page/Login/Input Rdy - UserID'

2022-01-17 15:18:49 - [TEST_STEP][PASSED] - delay(1): Delayed 1 second(s)

2022-01-17 15:18:50 - [MESSAGE][PASSED] - Delayed 1 second(s)

2022-01-17 15:18:50 - [TEST_STEP][PASSED] - hideKeyboard(): Keyboard is hidden

2022-01-17 15:18:53 - [MESSAGE][PASSED] - Keyboard is hidden

2022-01-17 15:18:53 - [TEST_STEP][PASSED] - tap(LOGN_EdtPassword, 0): Tapped on element 'Object Repository/Mobile/Page/Login/Input - Password'

2022-01-17 15:18:53 - [MESSAGE][WARNING] - Timeout '0' is invalid. Using default page load timeout: '60'

2022-01-17 15:18:53 - [MESSAGE][PASSED] - Tapped on element 'Object Repository/Mobile/Page/Login/Input - Password'

2022-01-17 15:18:53 - [TEST_STEP][PASSED] - delay(1): Delayed 1 second(s)

2022-01-17 15:18:54 - [MESSAGE][PASSED] - Delayed 1 second(s)

2022-01-17 15:18:54 - [TEST_STEP][PASSED] - setText(LOGN_EdtRdyPassword, "Shalawa18", 0): Text 'Shalawa18' has been set to element 'Object Repository/Mobile/Page/Login/Input Rdy - Password'

2022-01-17 15:18:54 - [MESSAGE][WARNING] - Timeout '0' is invalid. Using default page load timeout: '60'

2022-01-17 15:18:55 - [MESSAGE][PASSED] - Text 'Shalawa18' has been set to element 'Object Repository/Mobile/Page/Login/Input Rdy - Password'

2022-01-17 15:18:55 - [TEST_STEP][PASSED] - delay(1): Delayed 1 second(s)

2022-01-17 15:18:56 - [MESSAGE][PASSED] - Delayed 1 second(s)

2022-01-17 15:18:56 - [TEST_STEP][PASSED] - hideKeyboard(): Keyboard is hidden

2022-01-17 15:19:02 - [MESSAGE][PASSED] - Keyboard is hidden

2022-01-17 15:19:02 - [TEST_STEP][PASSED] - tap(LOGN_BtnLogin, 0): Tapped on element 'Object Repository/Mobile/Page/Login/Button - Login'

2022-01-17 15:19:02 - [MESSAGE][WARNING] - Timeout '0' is invalid. Using default page load timeout: '60'

2022-01-17 15:19:03 - [MESSAGE][PASSED] - Tapped on element 'Object Repository/Mobile/Page/Login/Button - Login'

2022-01-17 15:19:03 - [TEST_STEP][PASSED] - delay(2): Delayed 2 second(s)

2022-01-17 15:19:05 - [MESSAGE][PASSED] - Delayed 2 second(s)

2022-01-17 15:19:05 - [TEST_STEP][PASSED] - break: null

2022-01-17 15:19:05 - [MESSAGE][PASSED] - Call Test Case 'Test Cases/Mobile/Page/Login/Login' successfully

2022-01-17 15:19:05 - [MESSAGE][PASSED] - Call Test Case 'Test Cases/Mobile/Page/CheckLogin' successfully

2022-01-17 15:19:05 - [TEST_STEP][PASSED] - tap(HOME_MenubarPortfolio, 0): Tapped on element 'Object Repository/Mobile/Page/Home/Menubar - Portfolio'

2022-01-17 15:19:05 - [MESSAGE][WARNING] - Timeout '0' is invalid. Using default page load timeout: '60'

2022-01-17 15:19:06 - [MESSAGE][PASSED] - Tapped on element 'Object Repository/Mobile/Page/Home/Menubar - Portfolio'

2022-01-17 15:19:06 - [TEST_STEP][PASSED] - delay(1): Delayed 1 second(s)

2022-01-17 15:19:07 - [MESSAGE][PASSED] - Delayed 1 second(s)

2022-01-17 15:19:07 - [TEST_STEP][PASSED] - for ([i = 0, i < 1, (i++)]): Delayed 3 second(s)

2022-01-17 15:19:07 - [TEST_STEP][PASSED] - if (tab == "summary"): Delayed 3 second(s)

2022-01-17 15:19:07 - [TEST_STEP][PASSED] - idr = PORT_BtnIDR: null

2022-01-17 15:19:07 - [TEST_STEP][PASSED] - persen = PORT_BtnPersen: null

2022-01-17 15:19:07 - [TEST_STEP][PASSED] - if (action == "summary"): null

2022-01-17 15:19:07 - [TEST_STEP][PASSED] - else if (action == "perf_daily"): null

2022-01-17 15:19:07 - [TEST_STEP][PASSED] - else if (action == "perf_month"): null

2022-01-17 15:19:07 - [TEST_STEP][PASSED] - else if (action == "perf_quarter"): null

2022-01-17 15:19:07 - [TEST_STEP][PASSED] - else if (action == "perf_year"): Tapped on element 'Object Repository/Mobile/Page/Portfolio/Tab - Summary Year to Date'

2022-01-17 15:19:07 - [TEST_STEP][PASSED] - scroll.scroll.scrollScreenBottomToTop(): scroll.scroll.scrollScreenBottomToTop is PASSED

2022-01-17 15:19:08 - [MESSAGE][PASSED] - Current device physical height is 1423

2022-01-17 15:19:08 - [MESSAGE][PASSED] - Current device physical width is 720

2022-01-17 15:19:09 - [MESSAGE][PASSED] - Swiped from 360,1,138 to 360,284

2022-01-17 15:19:09 - [MESSAGE][PASSED] - scroll.scroll.scrollScreenBottomToTop is PASSED

2022-01-17 15:19:09 - [TEST_STEP][PASSED] - delay(1): Delayed 1 second(s)

2022-01-17 15:19:10 - [MESSAGE][PASSED] - Delayed 1 second(s)

2022-01-17 15:19:10 - [TEST_STEP][PASSED] - tap(PORT_TabSummaryYear, 0): Tapped on element 'Object Repository/Mobile/Page/Portfolio/Tab - Summary Year to Date'

2022-01-17 15:19:10 - [MESSAGE][WARNING] - Timeout '0' is invalid. Using default page load timeout: '60'

2022-01-17 15:19:10 - [MESSAGE][PASSED] - Tapped on element 'Object Repository/Mobile/Page/Portfolio/Tab - Summary Year to Date'

2022-01-17 15:19:10 - [TEST_STEP][PASSED] - if (action != "summary"): Delayed 3 second(s)

2022-01-17 15:19:10 - [TEST_STEP][PASSED] - delay(1): Delayed 1 second(s)

2022-01-17 15:19:11 - [MESSAGE][PASSED] - Delayed 1 second(s)

2022-01-17 15:19:11 - [TEST_STEP][PASSED] - scroll.scroll.scrollScreenBottomToTop(): scroll.scroll.scrollScreenBottomToTop is PASSED

2022-01-17 15:19:12 - [MESSAGE][PASSED] - Current device physical height is 1423

2022-01-17 15:19:12 - [MESSAGE][PASSED] - Current device physical width is 720

2022-01-17 15:19:13 - [MESSAGE][PASSED] - Swiped from 360,1,138 to 360,284

2022-01-17 15:19:13 - [MESSAGE][PASSED] - scroll.scroll.scrollScreenBottomToTop is PASSED

2022-01-17 15:19:13 - [TEST_STEP][PASSED] - delay(3): Delayed 3 second(s)

2022-01-17 15:19:16 - [MESSAGE][PASSED] - Delayed 3 second(s)

2022-01-17 15:19:16 - [TEST_STEP][PASSED] - if (action2 == "idr"): null

2022-01-17 15:19:16 - [TEST_STEP][PASSED] - else if (action2 == "persen"): Delayed 3 second(s)

2022-01-17 15:19:16 - [TEST_STEP][PASSED] - tap(persen, 10): Tapped on element 'Object Repository/Mobile/Page/Portfolio/Button - Persen'

2022-01-17 15:19:16 - [MESSAGE][PASSED] - Tapped on element 'Object Repository/Mobile/Page/Portfolio/Button - Persen'

2022-01-17 15:19:16 - [TEST_STEP][PASSED] - delay(3): Delayed 3 second(s)

2022-01-17 15:19:19 - [MESSAGE][PASSED] - Delayed 3 second(s)

2022-01-17 15:19:19 - [MESSAGE][PASSED] - Call Test Case 'Test Cases/Mobile/Page/Portfolio/Portfolio' successfully

2022-01-17 15:19:19 - [TEST_STEP][PASSED] - callTestCase(findTestCase("Mobile/Page/Run App/Terminate App"), [:], STOP_ON_FAILURE): Call Test Case 'Test Cases/Mobile/Page/Run App/Terminate App' successfully

2022-01-17 15:19:20 - [TEST_CASE][PASSED] - Test Cases/Mobile/Page/Run App/Terminate App: Test Cases/Mobile/Page/Run App/Terminate App

2022-01-17 15:19:20 - [TEST_STEP][PASSED] - startApp.OpenApp.terminateApplication(): startApp.OpenApp.terminateApplication is PASSED

2022-01-17 15:19:23 - [MESSAGE][PASSED] - Delayed 3 second(s)

2022-01-17 15:19:23 - [MESSAGE][PASSED] - Current device physical width is 720

2022-01-17 15:19:23 - [MESSAGE][PASSED] - Current device physical height is 1423

2022-01-17 15:19:24 - [MESSAGE][PASSED] - Swiped from 360,853 to 360,142

2022-01-17 15:19:25 - [MESSAGE][PASSED] - Delayed 1 second(s)

2022-01-17 15:19:27 - [MESSAGE][PASSED] - Swiped from 360,853 to 360,142

2022-01-17 15:19:30 - [MESSAGE][PASSED] - Delayed 3 second(s)

2022-01-17 15:19:30 - [MESSAGE][PASSED] - startApp.OpenApp.terminateApplication is PASSED

2022-01-17 15:19:30 - [MESSAGE][PASSED] - Call Test Case 'Test Cases/Mobile/Page/Run App/Terminate App' successfully]]></system-out>
         <system-err><![CDATA[]]></system-err>
      </testcase>
      <testcase name="Test Cases/Mobile/Scenario/Portfolio/010 - Melihat list stock" time="53.223" classname="Test Cases/Mobile/Scenario/Portfolio/010 - Melihat list stock" status="PASSED">
         <system-out><![CDATA[2022-01-17 15:19:30 - [TEST_CASE][PASSED] - Test Cases/Mobile/Scenario/Portfolio/010 - Melihat list stock: Test Cases/Mobile/Scenario/Portfolio/010 - Melihat list stock

2022-01-17 15:19:30 - [TEST_STEP][PASSED] - callTestCase(findTestCase("Mobile/Page/Run App/Run App byID"), [:], STOP_ON_FAILURE): Call Test Case 'Test Cases/Mobile/Page/Run App/Run App byID' successfully

2022-01-17 15:19:30 - [TEST_CASE][PASSED] - Test Cases/Mobile/Page/Run App/Run App byID: Test Cases/Mobile/Page/Run App/Run App byID

2022-01-17 15:19:30 - [TEST_STEP][PASSED] - startApp.OpenApp.startApplication("id.co.miraeasset.sageclub"): startApp.OpenApp.startApplication is PASSED

2022-01-17 15:19:42 - [MESSAGE][PASSED] - Starting app with application ID: 'id.co.miraeasset.sageclub'

2022-01-17 15:19:42 - [MESSAGE][PASSED] - startApp.OpenApp.startApplication is PASSED

2022-01-17 15:19:42 - [MESSAGE][PASSED] - Call Test Case 'Test Cases/Mobile/Page/Run App/Run App byID' successfully

2022-01-17 15:19:42 - [TEST_STEP][PASSED] - callTestCase(findTestCase("Mobile/Page/Portfolio/Portfolio"), ["tab":"stock"], CONTINUE_ON_FAILURE): Call Test Case 'Test Cases/Mobile/Page/Portfolio/Portfolio' successfully

2022-01-17 15:19:42 - [TEST_CASE][PASSED] - Test Cases/Mobile/Page/Portfolio/Portfolio: Test Cases/Mobile/Page/Portfolio/Portfolio

2022-01-17 15:19:42 - [TEST_STEP][PASSED] - callTestCase(findTestCase("Mobile/Page/CheckLogin"), [:], CONTINUE_ON_FAILURE): Call Test Case 'Test Cases/Mobile/Page/CheckLogin' successfully

2022-01-17 15:19:42 - [TEST_CASE][PASSED] - Test Cases/Mobile/Page/CheckLogin: Test Cases/Mobile/Page/CheckLogin

2022-01-17 15:19:42 - [TEST_STEP][PASSED] - loginCheck = verifyElementExist(LOGN_BtnLogin, 5, CONTINUE_ON_FAILURE): Element 'Object Repository/Mobile/Page/Login/Button - Login' is exist

2022-01-17 15:19:44 - [MESSAGE][PASSED] - Element 'Object Repository/Mobile/Page/Login/Button - Login' is exist

2022-01-17 15:19:44 - [TEST_STEP][PASSED] - if (loginCheck): Call Test Case 'Test Cases/Mobile/Page/Login/Login' successfully

2022-01-17 15:19:44 - [TEST_STEP][PASSED] - callTestCase(findTestCase("Mobile/Page/Login/Login"), ["action":"username"], CONTINUE_ON_FAILURE): Call Test Case 'Test Cases/Mobile/Page/Login/Login' successfully

2022-01-17 15:19:44 - [TEST_CASE][PASSED] - Test Cases/Mobile/Page/Login/Login: Test Cases/Mobile/Page/Login/Login

2022-01-17 15:19:44 - [TEST_STEP][PASSED] - delay(2): Delayed 2 second(s)

2022-01-17 15:19:46 - [MESSAGE][PASSED] - Delayed 2 second(s)

2022-01-17 15:19:46 - [TEST_STEP][PASSED] - for ([i = 0, i < 1, (i++)]): null

2022-01-17 15:19:46 - [TEST_STEP][PASSED] - if (action == "username"): null

2022-01-17 15:19:46 - [TEST_STEP][PASSED] - tap(LOGN_EdtUserID, 0): Tapped on element 'Object Repository/Mobile/Page/Login/Input - UserID'

2022-01-17 15:19:46 - [MESSAGE][WARNING] - Timeout '0' is invalid. Using default page load timeout: '60'

2022-01-17 15:19:46 - [MESSAGE][PASSED] - Tapped on element 'Object Repository/Mobile/Page/Login/Input - UserID'

2022-01-17 15:19:46 - [TEST_STEP][PASSED] - delay(1): Delayed 1 second(s)

2022-01-17 15:19:47 - [MESSAGE][PASSED] - Delayed 1 second(s)

2022-01-17 15:19:47 - [TEST_STEP][PASSED] - setText(LOGN_EdtRdyUserID, "anggaaditya", 0): Text 'anggaaditya' has been set to element 'Object Repository/Mobile/Page/Login/Input Rdy - UserID'

2022-01-17 15:19:47 - [MESSAGE][WARNING] - Timeout '0' is invalid. Using default page load timeout: '60'

2022-01-17 15:19:48 - [MESSAGE][PASSED] - Text 'anggaaditya' has been set to element 'Object Repository/Mobile/Page/Login/Input Rdy - UserID'

2022-01-17 15:19:48 - [TEST_STEP][PASSED] - delay(1): Delayed 1 second(s)

2022-01-17 15:19:49 - [MESSAGE][PASSED] - Delayed 1 second(s)

2022-01-17 15:19:49 - [TEST_STEP][PASSED] - hideKeyboard(): Keyboard is hidden

2022-01-17 15:19:52 - [MESSAGE][PASSED] - Keyboard is hidden

2022-01-17 15:19:52 - [TEST_STEP][PASSED] - tap(LOGN_EdtPassword, 0): Tapped on element 'Object Repository/Mobile/Page/Login/Input - Password'

2022-01-17 15:19:52 - [MESSAGE][WARNING] - Timeout '0' is invalid. Using default page load timeout: '60'

2022-01-17 15:19:52 - [MESSAGE][PASSED] - Tapped on element 'Object Repository/Mobile/Page/Login/Input - Password'

2022-01-17 15:19:52 - [TEST_STEP][PASSED] - delay(1): Delayed 1 second(s)

2022-01-17 15:19:53 - [MESSAGE][PASSED] - Delayed 1 second(s)

2022-01-17 15:19:53 - [TEST_STEP][PASSED] - setText(LOGN_EdtRdyPassword, "Shalawa18", 0): Text 'Shalawa18' has been set to element 'Object Repository/Mobile/Page/Login/Input Rdy - Password'

2022-01-17 15:19:53 - [MESSAGE][WARNING] - Timeout '0' is invalid. Using default page load timeout: '60'

2022-01-17 15:19:54 - [MESSAGE][PASSED] - Text 'Shalawa18' has been set to element 'Object Repository/Mobile/Page/Login/Input Rdy - Password'

2022-01-17 15:19:54 - [TEST_STEP][PASSED] - delay(1): Delayed 1 second(s)

2022-01-17 15:19:55 - [MESSAGE][PASSED] - Delayed 1 second(s)

2022-01-17 15:19:55 - [TEST_STEP][PASSED] - hideKeyboard(): Keyboard is hidden

2022-01-17 15:20:01 - [MESSAGE][PASSED] - Keyboard is hidden

2022-01-17 15:20:01 - [TEST_STEP][PASSED] - tap(LOGN_BtnLogin, 0): Tapped on element 'Object Repository/Mobile/Page/Login/Button - Login'

2022-01-17 15:20:01 - [MESSAGE][WARNING] - Timeout '0' is invalid. Using default page load timeout: '60'

2022-01-17 15:20:02 - [MESSAGE][PASSED] - Tapped on element 'Object Repository/Mobile/Page/Login/Button - Login'

2022-01-17 15:20:02 - [TEST_STEP][PASSED] - delay(2): Delayed 2 second(s)

2022-01-17 15:20:04 - [MESSAGE][PASSED] - Delayed 2 second(s)

2022-01-17 15:20:04 - [TEST_STEP][PASSED] - break: null

2022-01-17 15:20:04 - [MESSAGE][PASSED] - Call Test Case 'Test Cases/Mobile/Page/Login/Login' successfully

2022-01-17 15:20:04 - [MESSAGE][PASSED] - Call Test Case 'Test Cases/Mobile/Page/CheckLogin' successfully

2022-01-17 15:20:04 - [TEST_STEP][PASSED] - tap(HOME_MenubarPortfolio, 0): Tapped on element 'Object Repository/Mobile/Page/Home/Menubar - Portfolio'

2022-01-17 15:20:04 - [MESSAGE][WARNING] - Timeout '0' is invalid. Using default page load timeout: '60'

2022-01-17 15:20:05 - [MESSAGE][PASSED] - Tapped on element 'Object Repository/Mobile/Page/Home/Menubar - Portfolio'

2022-01-17 15:20:05 - [TEST_STEP][PASSED] - delay(1): Delayed 1 second(s)

2022-01-17 15:20:06 - [MESSAGE][PASSED] - Delayed 1 second(s)

2022-01-17 15:20:06 - [TEST_STEP][PASSED] - for ([i = 0, i < 1, (i++)]): Delayed 3 second(s)

2022-01-17 15:20:06 - [TEST_STEP][PASSED] - if (tab == "summary"): null

2022-01-17 15:20:06 - [TEST_STEP][PASSED] - else if (tab == "stock"): Delayed 3 second(s)

2022-01-17 15:20:06 - [TEST_STEP][PASSED] - tap(PORT_TabStock, 0): Tapped on element 'Object Repository/Mobile/Page/Portfolio/Tab - Stock'

2022-01-17 15:20:06 - [MESSAGE][WARNING] - Timeout '0' is invalid. Using default page load timeout: '60'

2022-01-17 15:20:08 - [MESSAGE][PASSED] - Tapped on element 'Object Repository/Mobile/Page/Portfolio/Tab - Stock'

2022-01-17 15:20:08 - [TEST_STEP][PASSED] - scroll.scroll.scrollScreenBottomToTop(): scroll.scroll.scrollScreenBottomToTop is PASSED

2022-01-17 15:20:08 - [MESSAGE][PASSED] - Current device physical height is 1423

2022-01-17 15:20:08 - [MESSAGE][PASSED] - Current device physical width is 720

2022-01-17 15:20:10 - [MESSAGE][PASSED] - Swiped from 360,1,138 to 360,284

2022-01-17 15:20:10 - [MESSAGE][PASSED] - scroll.scroll.scrollScreenBottomToTop is PASSED

2022-01-17 15:20:10 - [TEST_STEP][PASSED] - delay(3): Delayed 3 second(s)

2022-01-17 15:20:13 - [MESSAGE][PASSED] - Delayed 3 second(s)

2022-01-17 15:20:13 - [MESSAGE][PASSED] - Call Test Case 'Test Cases/Mobile/Page/Portfolio/Portfolio' successfully

2022-01-17 15:20:13 - [TEST_STEP][PASSED] - callTestCase(findTestCase("Mobile/Page/Run App/Terminate App"), [:], STOP_ON_FAILURE): Call Test Case 'Test Cases/Mobile/Page/Run App/Terminate App' successfully

2022-01-17 15:20:13 - [TEST_CASE][PASSED] - Test Cases/Mobile/Page/Run App/Terminate App: Test Cases/Mobile/Page/Run App/Terminate App

2022-01-17 15:20:13 - [TEST_STEP][PASSED] - startApp.OpenApp.terminateApplication(): startApp.OpenApp.terminateApplication is PASSED

2022-01-17 15:20:16 - [MESSAGE][PASSED] - Delayed 3 second(s)

2022-01-17 15:20:16 - [MESSAGE][PASSED] - Current device physical width is 720

2022-01-17 15:20:16 - [MESSAGE][PASSED] - Current device physical height is 1423

2022-01-17 15:20:18 - [MESSAGE][PASSED] - Swiped from 360,853 to 360,142

2022-01-17 15:20:19 - [MESSAGE][PASSED] - Delayed 1 second(s)

2022-01-17 15:20:20 - [MESSAGE][PASSED] - Swiped from 360,853 to 360,142

2022-01-17 15:20:23 - [MESSAGE][PASSED] - Delayed 3 second(s)

2022-01-17 15:20:23 - [MESSAGE][PASSED] - startApp.OpenApp.terminateApplication is PASSED

2022-01-17 15:20:23 - [MESSAGE][PASSED] - Call Test Case 'Test Cases/Mobile/Page/Run App/Terminate App' successfully]]></system-out>
         <system-err><![CDATA[]]></system-err>
      </testcase>
      <testcase name="Test Cases/Mobile/Scenario/Portfolio/011 - Melihat list mutual fund" time="59.368" classname="Test Cases/Mobile/Scenario/Portfolio/011 - Melihat list mutual fund" status="PASSED">
         <system-out><![CDATA[2022-01-17 15:20:23 - [TEST_CASE][PASSED] - Test Cases/Mobile/Scenario/Portfolio/011 - Melihat list mutual fund: Test Cases/Mobile/Scenario/Portfolio/011 - Melihat list mutual fund

2022-01-17 15:20:23 - [TEST_STEP][PASSED] - callTestCase(findTestCase("Mobile/Page/Run App/Run App byID"), [:], STOP_ON_FAILURE): Call Test Case 'Test Cases/Mobile/Page/Run App/Run App byID' successfully

2022-01-17 15:20:23 - [TEST_CASE][PASSED] - Test Cases/Mobile/Page/Run App/Run App byID: Test Cases/Mobile/Page/Run App/Run App byID

2022-01-17 15:20:23 - [TEST_STEP][PASSED] - startApp.OpenApp.startApplication("id.co.miraeasset.sageclub"): startApp.OpenApp.startApplication is PASSED

2022-01-17 15:20:35 - [MESSAGE][PASSED] - Starting app with application ID: 'id.co.miraeasset.sageclub'

2022-01-17 15:20:35 - [MESSAGE][PASSED] - startApp.OpenApp.startApplication is PASSED

2022-01-17 15:20:35 - [MESSAGE][PASSED] - Call Test Case 'Test Cases/Mobile/Page/Run App/Run App byID' successfully

2022-01-17 15:20:35 - [TEST_STEP][PASSED] - callTestCase(findTestCase("Mobile/Page/Portfolio/Portfolio"), ["tab":"mutualfund", "action2":"none"], CONTINUE_ON_FAILURE): Call Test Case 'Test Cases/Mobile/Page/Portfolio/Portfolio' successfully

2022-01-17 15:20:35 - [TEST_CASE][PASSED] - Test Cases/Mobile/Page/Portfolio/Portfolio: Test Cases/Mobile/Page/Portfolio/Portfolio

2022-01-17 15:20:35 - [TEST_STEP][PASSED] - callTestCase(findTestCase("Mobile/Page/CheckLogin"), [:], CONTINUE_ON_FAILURE): Call Test Case 'Test Cases/Mobile/Page/CheckLogin' successfully

2022-01-17 15:20:35 - [TEST_CASE][PASSED] - Test Cases/Mobile/Page/CheckLogin: Test Cases/Mobile/Page/CheckLogin

2022-01-17 15:20:35 - [TEST_STEP][PASSED] - loginCheck = verifyElementExist(LOGN_BtnLogin, 5, CONTINUE_ON_FAILURE): Element 'Object Repository/Mobile/Page/Login/Button - Login' is exist

2022-01-17 15:20:37 - [MESSAGE][PASSED] - Element 'Object Repository/Mobile/Page/Login/Button - Login' is exist

2022-01-17 15:20:37 - [TEST_STEP][PASSED] - if (loginCheck): Call Test Case 'Test Cases/Mobile/Page/Login/Login' successfully

2022-01-17 15:20:37 - [TEST_STEP][PASSED] - callTestCase(findTestCase("Mobile/Page/Login/Login"), ["action":"username"], CONTINUE_ON_FAILURE): Call Test Case 'Test Cases/Mobile/Page/Login/Login' successfully

2022-01-17 15:20:37 - [TEST_CASE][PASSED] - Test Cases/Mobile/Page/Login/Login: Test Cases/Mobile/Page/Login/Login

2022-01-17 15:20:37 - [TEST_STEP][PASSED] - delay(2): Delayed 2 second(s)

2022-01-17 15:20:39 - [MESSAGE][PASSED] - Delayed 2 second(s)

2022-01-17 15:20:39 - [TEST_STEP][PASSED] - for ([i = 0, i < 1, (i++)]): null

2022-01-17 15:20:39 - [TEST_STEP][PASSED] - if (action == "username"): null

2022-01-17 15:20:39 - [TEST_STEP][PASSED] - tap(LOGN_EdtUserID, 0): Tapped on element 'Object Repository/Mobile/Page/Login/Input - UserID'

2022-01-17 15:20:39 - [MESSAGE][WARNING] - Timeout '0' is invalid. Using default page load timeout: '60'

2022-01-17 15:20:39 - [MESSAGE][PASSED] - Tapped on element 'Object Repository/Mobile/Page/Login/Input - UserID'

2022-01-17 15:20:39 - [TEST_STEP][PASSED] - delay(1): Delayed 1 second(s)

2022-01-17 15:20:41 - [MESSAGE][PASSED] - Delayed 1 second(s)

2022-01-17 15:20:41 - [TEST_STEP][PASSED] - setText(LOGN_EdtRdyUserID, "anggaaditya", 0): Text 'anggaaditya' has been set to element 'Object Repository/Mobile/Page/Login/Input Rdy - UserID'

2022-01-17 15:20:41 - [MESSAGE][WARNING] - Timeout '0' is invalid. Using default page load timeout: '60'

2022-01-17 15:20:41 - [MESSAGE][PASSED] - Text 'anggaaditya' has been set to element 'Object Repository/Mobile/Page/Login/Input Rdy - UserID'

2022-01-17 15:20:41 - [TEST_STEP][PASSED] - delay(1): Delayed 1 second(s)

2022-01-17 15:20:42 - [MESSAGE][PASSED] - Delayed 1 second(s)

2022-01-17 15:20:42 - [TEST_STEP][PASSED] - hideKeyboard(): Keyboard is hidden

2022-01-17 15:20:45 - [MESSAGE][PASSED] - Keyboard is hidden

2022-01-17 15:20:45 - [TEST_STEP][PASSED] - tap(LOGN_EdtPassword, 0): Tapped on element 'Object Repository/Mobile/Page/Login/Input - Password'

2022-01-17 15:20:45 - [MESSAGE][WARNING] - Timeout '0' is invalid. Using default page load timeout: '60'

2022-01-17 15:20:46 - [MESSAGE][PASSED] - Tapped on element 'Object Repository/Mobile/Page/Login/Input - Password'

2022-01-17 15:20:46 - [TEST_STEP][PASSED] - delay(1): Delayed 1 second(s)

2022-01-17 15:20:47 - [MESSAGE][PASSED] - Delayed 1 second(s)

2022-01-17 15:20:47 - [TEST_STEP][PASSED] - setText(LOGN_EdtRdyPassword, "Shalawa18", 0): Text 'Shalawa18' has been set to element 'Object Repository/Mobile/Page/Login/Input Rdy - Password'

2022-01-17 15:20:47 - [MESSAGE][WARNING] - Timeout '0' is invalid. Using default page load timeout: '60'

2022-01-17 15:20:47 - [MESSAGE][PASSED] - Text 'Shalawa18' has been set to element 'Object Repository/Mobile/Page/Login/Input Rdy - Password'

2022-01-17 15:20:47 - [TEST_STEP][PASSED] - delay(1): Delayed 1 second(s)

2022-01-17 15:20:48 - [MESSAGE][PASSED] - Delayed 1 second(s)

2022-01-17 15:20:48 - [TEST_STEP][PASSED] - hideKeyboard(): Keyboard is hidden

2022-01-17 15:20:55 - [MESSAGE][PASSED] - Keyboard is hidden

2022-01-17 15:20:55 - [TEST_STEP][PASSED] - tap(LOGN_BtnLogin, 0): Tapped on element 'Object Repository/Mobile/Page/Login/Button - Login'

2022-01-17 15:20:55 - [MESSAGE][WARNING] - Timeout '0' is invalid. Using default page load timeout: '60'

2022-01-17 15:20:55 - [MESSAGE][PASSED] - Tapped on element 'Object Repository/Mobile/Page/Login/Button - Login'

2022-01-17 15:20:55 - [TEST_STEP][PASSED] - delay(2): Delayed 2 second(s)

2022-01-17 15:20:57 - [MESSAGE][PASSED] - Delayed 2 second(s)

2022-01-17 15:20:57 - [TEST_STEP][PASSED] - break: null

2022-01-17 15:20:57 - [MESSAGE][PASSED] - Call Test Case 'Test Cases/Mobile/Page/Login/Login' successfully

2022-01-17 15:20:57 - [MESSAGE][PASSED] - Call Test Case 'Test Cases/Mobile/Page/CheckLogin' successfully

2022-01-17 15:20:57 - [TEST_STEP][PASSED] - tap(HOME_MenubarPortfolio, 0): Tapped on element 'Object Repository/Mobile/Page/Home/Menubar - Portfolio'

2022-01-17 15:20:57 - [MESSAGE][WARNING] - Timeout '0' is invalid. Using default page load timeout: '60'

2022-01-17 15:20:59 - [MESSAGE][PASSED] - Tapped on element 'Object Repository/Mobile/Page/Home/Menubar - Portfolio'

2022-01-17 15:20:59 - [TEST_STEP][PASSED] - delay(1): Delayed 1 second(s)

2022-01-17 15:21:00 - [MESSAGE][PASSED] - Delayed 1 second(s)

2022-01-17 15:21:00 - [TEST_STEP][PASSED] - for ([i = 0, i < 1, (i++)]): scroll.scroll.scrollScreenBottomToTop is PASSED

2022-01-17 15:21:00 - [TEST_STEP][PASSED] - if (tab == "summary"): null

2022-01-17 15:21:00 - [TEST_STEP][PASSED] - else if (tab == "stock"): null

2022-01-17 15:21:00 - [TEST_STEP][PASSED] - else if (tab == "mutualfund"): scroll.scroll.scrollScreenBottomToTop is PASSED

2022-01-17 15:21:00 - [TEST_STEP][PASSED] - tap(PORT_TabMutualFund, 0): Tapped on element 'Object Repository/Mobile/Page/Portfolio/Tab - Mutual Fund'

2022-01-17 15:21:00 - [MESSAGE][WARNING] - Timeout '0' is invalid. Using default page load timeout: '60'

2022-01-17 15:21:02 - [MESSAGE][PASSED] - Tapped on element 'Object Repository/Mobile/Page/Portfolio/Tab - Mutual Fund'

2022-01-17 15:21:02 - [TEST_STEP][PASSED] - delay(1): Delayed 1 second(s)

2022-01-17 15:21:03 - [MESSAGE][PASSED] - Delayed 1 second(s)

2022-01-17 15:21:03 - [TEST_STEP][PASSED] - try: scroll.scroll.scrollScreenBottomToTop is PASSED

2022-01-17 15:21:03 - [TEST_STEP][PASSED] - tapAndHold(PORT_ItemTopMutualFund, 1, 10): Tapped and held on element 'Object Repository/Mobile/Page/Portfolio/Item - Top Mutual Fund' with duration 1

2022-01-17 15:21:05 - [MESSAGE][PASSED] - Tapped and held on element 'Object Repository/Mobile/Page/Portfolio/Item - Top Mutual Fund' with duration 1

2022-01-17 15:21:05 - [TEST_STEP][PASSED] - delay(2): Delayed 2 second(s)

2022-01-17 15:21:07 - [MESSAGE][PASSED] - Delayed 2 second(s)

2022-01-17 15:21:07 - [TEST_STEP][PASSED] - switch (action2): null

2022-01-17 15:21:07 - [TEST_STEP][PASSED] - delay(3): Delayed 3 second(s)

2022-01-17 15:21:11 - [MESSAGE][PASSED] - Delayed 3 second(s)

2022-01-17 15:21:11 - [TEST_STEP][PASSED] - scroll.scroll.scrollScreenBottomToTop(): scroll.scroll.scrollScreenBottomToTop is PASSED

2022-01-17 15:21:11 - [MESSAGE][PASSED] - Current device physical height is 1423

2022-01-17 15:21:11 - [MESSAGE][PASSED] - Current device physical width is 720

2022-01-17 15:21:12 - [MESSAGE][PASSED] - Swiped from 360,1,138 to 360,284

2022-01-17 15:21:12 - [MESSAGE][PASSED] - scroll.scroll.scrollScreenBottomToTop is PASSED

2022-01-17 15:21:12 - [MESSAGE][PASSED] - Call Test Case 'Test Cases/Mobile/Page/Portfolio/Portfolio' successfully

2022-01-17 15:21:12 - [TEST_STEP][PASSED] - callTestCase(findTestCase("Mobile/Page/Run App/Terminate App"), [:], STOP_ON_FAILURE): Call Test Case 'Test Cases/Mobile/Page/Run App/Terminate App' successfully

2022-01-17 15:21:12 - [TEST_CASE][PASSED] - Test Cases/Mobile/Page/Run App/Terminate App: Test Cases/Mobile/Page/Run App/Terminate App

2022-01-17 15:21:12 - [TEST_STEP][PASSED] - startApp.OpenApp.terminateApplication(): startApp.OpenApp.terminateApplication is PASSED

2022-01-17 15:21:15 - [MESSAGE][PASSED] - Delayed 3 second(s)

2022-01-17 15:21:15 - [MESSAGE][PASSED] - Current device physical width is 720

2022-01-17 15:21:16 - [MESSAGE][PASSED] - Current device physical height is 1423

2022-01-17 15:21:17 - [MESSAGE][PASSED] - Swiped from 360,853 to 360,142

2022-01-17 15:21:18 - [MESSAGE][PASSED] - Delayed 1 second(s)

2022-01-17 15:21:19 - [MESSAGE][PASSED] - Swiped from 360,853 to 360,142

2022-01-17 15:21:22 - [MESSAGE][PASSED] - Delayed 3 second(s)

2022-01-17 15:21:22 - [MESSAGE][PASSED] - startApp.OpenApp.terminateApplication is PASSED

2022-01-17 15:21:22 - [MESSAGE][PASSED] - Call Test Case 'Test Cases/Mobile/Page/Run App/Terminate App' successfully]]></system-out>
         <system-err><![CDATA[]]></system-err>
      </testcase>
      <testcase name="Test Cases/Mobile/Scenario/Portfolio/012 - Melihat list bond" time="52.412" classname="Test Cases/Mobile/Scenario/Portfolio/012 - Melihat list bond" status="PASSED">
         <system-out><![CDATA[2022-01-17 15:21:22 - [TEST_CASE][PASSED] - Test Cases/Mobile/Scenario/Portfolio/012 - Melihat list bond: Test Cases/Mobile/Scenario/Portfolio/012 - Melihat list bond

2022-01-17 15:21:22 - [TEST_STEP][PASSED] - callTestCase(findTestCase("Mobile/Page/Run App/Run App byID"), [:], STOP_ON_FAILURE): Call Test Case 'Test Cases/Mobile/Page/Run App/Run App byID' successfully

2022-01-17 15:21:23 - [TEST_CASE][PASSED] - Test Cases/Mobile/Page/Run App/Run App byID: Test Cases/Mobile/Page/Run App/Run App byID

2022-01-17 15:21:23 - [TEST_STEP][PASSED] - startApp.OpenApp.startApplication("id.co.miraeasset.sageclub"): startApp.OpenApp.startApplication is PASSED

2022-01-17 15:21:34 - [MESSAGE][PASSED] - Starting app with application ID: 'id.co.miraeasset.sageclub'

2022-01-17 15:21:34 - [MESSAGE][PASSED] - startApp.OpenApp.startApplication is PASSED

2022-01-17 15:21:34 - [MESSAGE][PASSED] - Call Test Case 'Test Cases/Mobile/Page/Run App/Run App byID' successfully

2022-01-17 15:21:34 - [TEST_STEP][PASSED] - callTestCase(findTestCase("Mobile/Page/Portfolio/Portfolio"), ["tab":"stock", "action":"none"], CONTINUE_ON_FAILURE): Call Test Case 'Test Cases/Mobile/Page/Portfolio/Portfolio' successfully

2022-01-17 15:21:34 - [TEST_CASE][PASSED] - Test Cases/Mobile/Page/Portfolio/Portfolio: Test Cases/Mobile/Page/Portfolio/Portfolio

2022-01-17 15:21:34 - [TEST_STEP][PASSED] - callTestCase(findTestCase("Mobile/Page/CheckLogin"), [:], CONTINUE_ON_FAILURE): Call Test Case 'Test Cases/Mobile/Page/CheckLogin' successfully

2022-01-17 15:21:34 - [TEST_CASE][PASSED] - Test Cases/Mobile/Page/CheckLogin: Test Cases/Mobile/Page/CheckLogin

2022-01-17 15:21:34 - [TEST_STEP][PASSED] - loginCheck = verifyElementExist(LOGN_BtnLogin, 5, CONTINUE_ON_FAILURE): Element 'Object Repository/Mobile/Page/Login/Button - Login' is exist

2022-01-17 15:21:36 - [MESSAGE][PASSED] - Element 'Object Repository/Mobile/Page/Login/Button - Login' is exist

2022-01-17 15:21:36 - [TEST_STEP][PASSED] - if (loginCheck): Call Test Case 'Test Cases/Mobile/Page/Login/Login' successfully

2022-01-17 15:21:36 - [TEST_STEP][PASSED] - callTestCase(findTestCase("Mobile/Page/Login/Login"), ["action":"username"], CONTINUE_ON_FAILURE): Call Test Case 'Test Cases/Mobile/Page/Login/Login' successfully

2022-01-17 15:21:36 - [TEST_CASE][PASSED] - Test Cases/Mobile/Page/Login/Login: Test Cases/Mobile/Page/Login/Login

2022-01-17 15:21:36 - [TEST_STEP][PASSED] - delay(2): Delayed 2 second(s)

2022-01-17 15:21:38 - [MESSAGE][PASSED] - Delayed 2 second(s)

2022-01-17 15:21:38 - [TEST_STEP][PASSED] - for ([i = 0, i < 1, (i++)]): null

2022-01-17 15:21:38 - [TEST_STEP][PASSED] - if (action == "username"): null

2022-01-17 15:21:38 - [TEST_STEP][PASSED] - tap(LOGN_EdtUserID, 0): Tapped on element 'Object Repository/Mobile/Page/Login/Input - UserID'

2022-01-17 15:21:38 - [MESSAGE][WARNING] - Timeout '0' is invalid. Using default page load timeout: '60'

2022-01-17 15:21:39 - [MESSAGE][PASSED] - Tapped on element 'Object Repository/Mobile/Page/Login/Input - UserID'

2022-01-17 15:21:39 - [TEST_STEP][PASSED] - delay(1): Delayed 1 second(s)

2022-01-17 15:21:40 - [MESSAGE][PASSED] - Delayed 1 second(s)

2022-01-17 15:21:40 - [TEST_STEP][PASSED] - setText(LOGN_EdtRdyUserID, "anggaaditya", 0): Text 'anggaaditya' has been set to element 'Object Repository/Mobile/Page/Login/Input Rdy - UserID'

2022-01-17 15:21:40 - [MESSAGE][WARNING] - Timeout '0' is invalid. Using default page load timeout: '60'

2022-01-17 15:21:41 - [MESSAGE][PASSED] - Text 'anggaaditya' has been set to element 'Object Repository/Mobile/Page/Login/Input Rdy - UserID'

2022-01-17 15:21:41 - [TEST_STEP][PASSED] - delay(1): Delayed 1 second(s)

2022-01-17 15:21:42 - [MESSAGE][PASSED] - Delayed 1 second(s)

2022-01-17 15:21:42 - [TEST_STEP][PASSED] - hideKeyboard(): Keyboard is hidden

2022-01-17 15:21:45 - [MESSAGE][PASSED] - Keyboard is hidden

2022-01-17 15:21:45 - [TEST_STEP][PASSED] - tap(LOGN_EdtPassword, 0): Tapped on element 'Object Repository/Mobile/Page/Login/Input - Password'

2022-01-17 15:21:45 - [MESSAGE][WARNING] - Timeout '0' is invalid. Using default page load timeout: '60'

2022-01-17 15:21:45 - [MESSAGE][PASSED] - Tapped on element 'Object Repository/Mobile/Page/Login/Input - Password'

2022-01-17 15:21:45 - [TEST_STEP][PASSED] - delay(1): Delayed 1 second(s)

2022-01-17 15:21:46 - [MESSAGE][PASSED] - Delayed 1 second(s)

2022-01-17 15:21:46 - [TEST_STEP][PASSED] - setText(LOGN_EdtRdyPassword, "Shalawa18", 0): Text 'Shalawa18' has been set to element 'Object Repository/Mobile/Page/Login/Input Rdy - Password'

2022-01-17 15:21:46 - [MESSAGE][WARNING] - Timeout '0' is invalid. Using default page load timeout: '60'

2022-01-17 15:21:47 - [MESSAGE][PASSED] - Text 'Shalawa18' has been set to element 'Object Repository/Mobile/Page/Login/Input Rdy - Password'

2022-01-17 15:21:47 - [TEST_STEP][PASSED] - delay(1): Delayed 1 second(s)

2022-01-17 15:21:48 - [MESSAGE][PASSED] - Delayed 1 second(s)

2022-01-17 15:21:48 - [TEST_STEP][PASSED] - hideKeyboard(): Keyboard is hidden

2022-01-17 15:21:54 - [MESSAGE][PASSED] - Keyboard is hidden

2022-01-17 15:21:54 - [TEST_STEP][PASSED] - tap(LOGN_BtnLogin, 0): Tapped on element 'Object Repository/Mobile/Page/Login/Button - Login'

2022-01-17 15:21:54 - [MESSAGE][WARNING] - Timeout '0' is invalid. Using default page load timeout: '60'

2022-01-17 15:21:55 - [MESSAGE][PASSED] - Tapped on element 'Object Repository/Mobile/Page/Login/Button - Login'

2022-01-17 15:21:55 - [TEST_STEP][PASSED] - delay(2): Delayed 2 second(s)

2022-01-17 15:21:57 - [MESSAGE][PASSED] - Delayed 2 second(s)

2022-01-17 15:21:57 - [TEST_STEP][PASSED] - break: null

2022-01-17 15:21:57 - [MESSAGE][PASSED] - Call Test Case 'Test Cases/Mobile/Page/Login/Login' successfully

2022-01-17 15:21:57 - [MESSAGE][PASSED] - Call Test Case 'Test Cases/Mobile/Page/CheckLogin' successfully

2022-01-17 15:21:57 - [TEST_STEP][PASSED] - tap(HOME_MenubarPortfolio, 0): Tapped on element 'Object Repository/Mobile/Page/Home/Menubar - Portfolio'

2022-01-17 15:21:57 - [MESSAGE][WARNING] - Timeout '0' is invalid. Using default page load timeout: '60'

2022-01-17 15:21:58 - [MESSAGE][PASSED] - Tapped on element 'Object Repository/Mobile/Page/Home/Menubar - Portfolio'

2022-01-17 15:21:58 - [TEST_STEP][PASSED] - delay(1): Delayed 1 second(s)

2022-01-17 15:21:59 - [MESSAGE][PASSED] - Delayed 1 second(s)

2022-01-17 15:21:59 - [TEST_STEP][PASSED] - for ([i = 0, i < 1, (i++)]): Delayed 3 second(s)

2022-01-17 15:21:59 - [TEST_STEP][PASSED] - if (tab == "summary"): null

2022-01-17 15:21:59 - [TEST_STEP][PASSED] - else if (tab == "stock"): Delayed 3 second(s)

2022-01-17 15:21:59 - [TEST_STEP][PASSED] - tap(PORT_TabStock, 0): Tapped on element 'Object Repository/Mobile/Page/Portfolio/Tab - Stock'

2022-01-17 15:21:59 - [MESSAGE][WARNING] - Timeout '0' is invalid. Using default page load timeout: '60'

2022-01-17 15:22:00 - [MESSAGE][PASSED] - Tapped on element 'Object Repository/Mobile/Page/Portfolio/Tab - Stock'

2022-01-17 15:22:00 - [TEST_STEP][PASSED] - scroll.scroll.scrollScreenBottomToTop(): scroll.scroll.scrollScreenBottomToTop is PASSED

2022-01-17 15:22:00 - [MESSAGE][PASSED] - Current device physical height is 1423

2022-01-17 15:22:00 - [MESSAGE][PASSED] - Current device physical width is 720

2022-01-17 15:22:01 - [MESSAGE][PASSED] - Swiped from 360,1,138 to 360,284

2022-01-17 15:22:01 - [MESSAGE][PASSED] - scroll.scroll.scrollScreenBottomToTop is PASSED

2022-01-17 15:22:01 - [TEST_STEP][PASSED] - delay(3): Delayed 3 second(s)

2022-01-17 15:22:04 - [MESSAGE][PASSED] - Delayed 3 second(s)

2022-01-17 15:22:04 - [MESSAGE][PASSED] - Call Test Case 'Test Cases/Mobile/Page/Portfolio/Portfolio' successfully

2022-01-17 15:22:04 - [TEST_STEP][PASSED] - callTestCase(findTestCase("Mobile/Page/Run App/Terminate App"), [:], STOP_ON_FAILURE): Call Test Case 'Test Cases/Mobile/Page/Run App/Terminate App' successfully

2022-01-17 15:22:04 - [TEST_CASE][PASSED] - Test Cases/Mobile/Page/Run App/Terminate App: Test Cases/Mobile/Page/Run App/Terminate App

2022-01-17 15:22:04 - [TEST_STEP][PASSED] - startApp.OpenApp.terminateApplication(): startApp.OpenApp.terminateApplication is PASSED

2022-01-17 15:22:08 - [MESSAGE][PASSED] - Delayed 3 second(s)

2022-01-17 15:22:08 - [MESSAGE][PASSED] - Current device physical width is 720

2022-01-17 15:22:08 - [MESSAGE][PASSED] - Current device physical height is 1423

2022-01-17 15:22:09 - [MESSAGE][PASSED] - Swiped from 360,853 to 360,142

2022-01-17 15:22:10 - [MESSAGE][PASSED] - Delayed 1 second(s)

2022-01-17 15:22:12 - [MESSAGE][PASSED] - Swiped from 360,853 to 360,142

2022-01-17 15:22:15 - [MESSAGE][PASSED] - Delayed 3 second(s)

2022-01-17 15:22:15 - [MESSAGE][PASSED] - startApp.OpenApp.terminateApplication is PASSED

2022-01-17 15:22:15 - [MESSAGE][PASSED] - Call Test Case 'Test Cases/Mobile/Page/Run App/Terminate App' successfully]]></system-out>
         <system-err><![CDATA[]]></system-err>
      </testcase>
      <testcase name="Test Cases/Mobile/Scenario/Portfolio/013 - Melihat detail mutual fund 1 month" time="64.676" classname="Test Cases/Mobile/Scenario/Portfolio/013 - Melihat detail mutual fund 1 month" status="PASSED">
         <system-out><![CDATA[2022-01-17 15:22:15 - [TEST_CASE][PASSED] - Test Cases/Mobile/Scenario/Portfolio/013 - Melihat detail mutual fund 1 month: Test Cases/Mobile/Scenario/Portfolio/013 - Melihat detail mutual fund 1 month

2022-01-17 15:22:15 - [TEST_STEP][PASSED] - callTestCase(findTestCase("Mobile/Page/Run App/Run App byID"), [:], STOP_ON_FAILURE): Call Test Case 'Test Cases/Mobile/Page/Run App/Run App byID' successfully

2022-01-17 15:22:15 - [TEST_CASE][PASSED] - Test Cases/Mobile/Page/Run App/Run App byID: Test Cases/Mobile/Page/Run App/Run App byID

2022-01-17 15:22:15 - [TEST_STEP][PASSED] - startApp.OpenApp.startApplication("id.co.miraeasset.sageclub"): startApp.OpenApp.startApplication is PASSED

2022-01-17 15:22:28 - [MESSAGE][PASSED] - Starting app with application ID: 'id.co.miraeasset.sageclub'

2022-01-17 15:22:28 - [MESSAGE][PASSED] - startApp.OpenApp.startApplication is PASSED

2022-01-17 15:22:28 - [MESSAGE][PASSED] - Call Test Case 'Test Cases/Mobile/Page/Run App/Run App byID' successfully

2022-01-17 15:22:28 - [TEST_STEP][PASSED] - callTestCase(findTestCase("Mobile/Page/Portfolio/Portfolio"), ["tab":"mutualfund", "action2":"1 month"], CONTINUE_ON_FAILURE): Call Test Case 'Test Cases/Mobile/Page/Portfolio/Portfolio' successfully

2022-01-17 15:22:28 - [TEST_CASE][PASSED] - Test Cases/Mobile/Page/Portfolio/Portfolio: Test Cases/Mobile/Page/Portfolio/Portfolio

2022-01-17 15:22:28 - [TEST_STEP][PASSED] - callTestCase(findTestCase("Mobile/Page/CheckLogin"), [:], CONTINUE_ON_FAILURE): Call Test Case 'Test Cases/Mobile/Page/CheckLogin' successfully

2022-01-17 15:22:28 - [TEST_CASE][PASSED] - Test Cases/Mobile/Page/CheckLogin: Test Cases/Mobile/Page/CheckLogin

2022-01-17 15:22:28 - [TEST_STEP][PASSED] - loginCheck = verifyElementExist(LOGN_BtnLogin, 5, CONTINUE_ON_FAILURE): Element 'Object Repository/Mobile/Page/Login/Button - Login' is exist

2022-01-17 15:22:30 - [MESSAGE][PASSED] - Element 'Object Repository/Mobile/Page/Login/Button - Login' is exist

2022-01-17 15:22:30 - [TEST_STEP][PASSED] - if (loginCheck): Call Test Case 'Test Cases/Mobile/Page/Login/Login' successfully

2022-01-17 15:22:30 - [TEST_STEP][PASSED] - callTestCase(findTestCase("Mobile/Page/Login/Login"), ["action":"username"], CONTINUE_ON_FAILURE): Call Test Case 'Test Cases/Mobile/Page/Login/Login' successfully

2022-01-17 15:22:30 - [TEST_CASE][PASSED] - Test Cases/Mobile/Page/Login/Login: Test Cases/Mobile/Page/Login/Login

2022-01-17 15:22:30 - [TEST_STEP][PASSED] - delay(2): Delayed 2 second(s)

2022-01-17 15:22:32 - [MESSAGE][PASSED] - Delayed 2 second(s)

2022-01-17 15:22:32 - [TEST_STEP][PASSED] - for ([i = 0, i < 1, (i++)]): null

2022-01-17 15:22:32 - [TEST_STEP][PASSED] - if (action == "username"): null

2022-01-17 15:22:32 - [TEST_STEP][PASSED] - tap(LOGN_EdtUserID, 0): Tapped on element 'Object Repository/Mobile/Page/Login/Input - UserID'

2022-01-17 15:22:32 - [MESSAGE][WARNING] - Timeout '0' is invalid. Using default page load timeout: '60'

2022-01-17 15:22:33 - [MESSAGE][PASSED] - Tapped on element 'Object Repository/Mobile/Page/Login/Input - UserID'

2022-01-17 15:22:33 - [TEST_STEP][PASSED] - delay(1): Delayed 1 second(s)

2022-01-17 15:22:34 - [MESSAGE][PASSED] - Delayed 1 second(s)

2022-01-17 15:22:34 - [TEST_STEP][PASSED] - setText(LOGN_EdtRdyUserID, "anggaaditya", 0): Text 'anggaaditya' has been set to element 'Object Repository/Mobile/Page/Login/Input Rdy - UserID'

2022-01-17 15:22:34 - [MESSAGE][WARNING] - Timeout '0' is invalid. Using default page load timeout: '60'

2022-01-17 15:22:35 - [MESSAGE][PASSED] - Text 'anggaaditya' has been set to element 'Object Repository/Mobile/Page/Login/Input Rdy - UserID'

2022-01-17 15:22:35 - [TEST_STEP][PASSED] - delay(1): Delayed 1 second(s)

2022-01-17 15:22:36 - [MESSAGE][PASSED] - Delayed 1 second(s)

2022-01-17 15:22:36 - [TEST_STEP][PASSED] - hideKeyboard(): Keyboard is hidden

2022-01-17 15:22:39 - [MESSAGE][PASSED] - Keyboard is hidden

2022-01-17 15:22:39 - [TEST_STEP][PASSED] - tap(LOGN_EdtPassword, 0): Tapped on element 'Object Repository/Mobile/Page/Login/Input - Password'

2022-01-17 15:22:39 - [MESSAGE][WARNING] - Timeout '0' is invalid. Using default page load timeout: '60'

2022-01-17 15:22:41 - [MESSAGE][PASSED] - Tapped on element 'Object Repository/Mobile/Page/Login/Input - Password'

2022-01-17 15:22:41 - [TEST_STEP][PASSED] - delay(1): Delayed 1 second(s)

2022-01-17 15:22:42 - [MESSAGE][PASSED] - Delayed 1 second(s)

2022-01-17 15:22:42 - [TEST_STEP][PASSED] - setText(LOGN_EdtRdyPassword, "Shalawa18", 0): Text 'Shalawa18' has been set to element 'Object Repository/Mobile/Page/Login/Input Rdy - Password'

2022-01-17 15:22:42 - [MESSAGE][WARNING] - Timeout '0' is invalid. Using default page load timeout: '60'

2022-01-17 15:22:42 - [MESSAGE][PASSED] - Text 'Shalawa18' has been set to element 'Object Repository/Mobile/Page/Login/Input Rdy - Password'

2022-01-17 15:22:42 - [TEST_STEP][PASSED] - delay(1): Delayed 1 second(s)

2022-01-17 15:22:43 - [MESSAGE][PASSED] - Delayed 1 second(s)

2022-01-17 15:22:43 - [TEST_STEP][PASSED] - hideKeyboard(): Keyboard is hidden

2022-01-17 15:22:49 - [MESSAGE][PASSED] - Keyboard is hidden

2022-01-17 15:22:49 - [TEST_STEP][PASSED] - tap(LOGN_BtnLogin, 0): Tapped on element 'Object Repository/Mobile/Page/Login/Button - Login'

2022-01-17 15:22:49 - [MESSAGE][WARNING] - Timeout '0' is invalid. Using default page load timeout: '60'

2022-01-17 15:22:50 - [MESSAGE][PASSED] - Tapped on element 'Object Repository/Mobile/Page/Login/Button - Login'

2022-01-17 15:22:50 - [TEST_STEP][PASSED] - delay(2): Delayed 2 second(s)

2022-01-17 15:22:52 - [MESSAGE][PASSED] - Delayed 2 second(s)

2022-01-17 15:22:52 - [TEST_STEP][PASSED] - break: null

2022-01-17 15:22:52 - [MESSAGE][PASSED] - Call Test Case 'Test Cases/Mobile/Page/Login/Login' successfully

2022-01-17 15:22:52 - [MESSAGE][PASSED] - Call Test Case 'Test Cases/Mobile/Page/CheckLogin' successfully

2022-01-17 15:22:52 - [TEST_STEP][PASSED] - tap(HOME_MenubarPortfolio, 0): Tapped on element 'Object Repository/Mobile/Page/Home/Menubar - Portfolio'

2022-01-17 15:22:52 - [MESSAGE][WARNING] - Timeout '0' is invalid. Using default page load timeout: '60'

2022-01-17 15:22:53 - [MESSAGE][PASSED] - Tapped on element 'Object Repository/Mobile/Page/Home/Menubar - Portfolio'

2022-01-17 15:22:53 - [TEST_STEP][PASSED] - delay(1): Delayed 1 second(s)

2022-01-17 15:22:54 - [MESSAGE][PASSED] - Delayed 1 second(s)

2022-01-17 15:22:54 - [TEST_STEP][PASSED] - for ([i = 0, i < 1, (i++)]): scroll.scroll.scrollScreenBottomToTop is PASSED

2022-01-17 15:22:54 - [TEST_STEP][PASSED] - if (tab == "summary"): null

2022-01-17 15:22:54 - [TEST_STEP][PASSED] - else if (tab == "stock"): null

2022-01-17 15:22:54 - [TEST_STEP][PASSED] - else if (tab == "mutualfund"): scroll.scroll.scrollScreenBottomToTop is PASSED

2022-01-17 15:22:54 - [TEST_STEP][PASSED] - tap(PORT_TabMutualFund, 0): Tapped on element 'Object Repository/Mobile/Page/Portfolio/Tab - Mutual Fund'

2022-01-17 15:22:54 - [MESSAGE][WARNING] - Timeout '0' is invalid. Using default page load timeout: '60'

2022-01-17 15:22:56 - [MESSAGE][PASSED] - Tapped on element 'Object Repository/Mobile/Page/Portfolio/Tab - Mutual Fund'

2022-01-17 15:22:56 - [TEST_STEP][PASSED] - delay(1): Delayed 1 second(s)

2022-01-17 15:22:57 - [MESSAGE][PASSED] - Delayed 1 second(s)

2022-01-17 15:22:57 - [TEST_STEP][PASSED] - try: scroll.scroll.scrollScreenBottomToTop is PASSED

2022-01-17 15:22:57 - [TEST_STEP][PASSED] - tapAndHold(PORT_ItemTopMutualFund, 1, 10): Tapped and held on element 'Object Repository/Mobile/Page/Portfolio/Item - Top Mutual Fund' with duration 1

2022-01-17 15:23:00 - [MESSAGE][PASSED] - Tapped and held on element 'Object Repository/Mobile/Page/Portfolio/Item - Top Mutual Fund' with duration 1

2022-01-17 15:23:00 - [TEST_STEP][PASSED] - delay(2): Delayed 2 second(s)

2022-01-17 15:23:02 - [MESSAGE][PASSED] - Delayed 2 second(s)

2022-01-17 15:23:02 - [TEST_STEP][PASSED] - switch (action2): null

2022-01-17 15:23:02 - [TEST_STEP][PASSED] - case "1 month":: null

2022-01-17 15:23:02 - [TEST_STEP][PASSED] - tapAndHold(PORT_DETL_Btn1Month, 1, 0): Tapped and held on element 'Object Repository/Mobile/Page/Portfolio/Detail Mutual Funds/Button - 1 Month' with duration 1

2022-01-17 15:23:02 - [MESSAGE][WARNING] - Timeout '0' is invalid. Using default page load timeout: '60'

2022-01-17 15:23:04 - [MESSAGE][PASSED] - Tapped and held on element 'Object Repository/Mobile/Page/Portfolio/Detail Mutual Funds/Button - 1 Month' with duration 1

2022-01-17 15:23:04 - [TEST_STEP][PASSED] - break: null

2022-01-17 15:23:04 - [TEST_STEP][PASSED] - delay(3): Delayed 3 second(s)

2022-01-17 15:23:07 - [MESSAGE][PASSED] - Delayed 3 second(s)

2022-01-17 15:23:07 - [TEST_STEP][PASSED] - scroll.scroll.scrollScreenBottomToTop(): scroll.scroll.scrollScreenBottomToTop is PASSED

2022-01-17 15:23:08 - [MESSAGE][PASSED] - Current device physical height is 1423

2022-01-17 15:23:08 - [MESSAGE][PASSED] - Current device physical width is 720

2022-01-17 15:23:09 - [MESSAGE][PASSED] - Swiped from 360,1,138 to 360,284

2022-01-17 15:23:09 - [MESSAGE][PASSED] - scroll.scroll.scrollScreenBottomToTop is PASSED

2022-01-17 15:23:09 - [MESSAGE][PASSED] - Call Test Case 'Test Cases/Mobile/Page/Portfolio/Portfolio' successfully

2022-01-17 15:23:09 - [TEST_STEP][PASSED] - callTestCase(findTestCase("Mobile/Page/Run App/Terminate App"), [:], STOP_ON_FAILURE): Call Test Case 'Test Cases/Mobile/Page/Run App/Terminate App' successfully

2022-01-17 15:23:09 - [TEST_CASE][PASSED] - Test Cases/Mobile/Page/Run App/Terminate App: Test Cases/Mobile/Page/Run App/Terminate App

2022-01-17 15:23:09 - [TEST_STEP][PASSED] - startApp.OpenApp.terminateApplication(): startApp.OpenApp.terminateApplication is PASSED

2022-01-17 15:23:12 - [MESSAGE][PASSED] - Delayed 3 second(s)

2022-01-17 15:23:12 - [MESSAGE][PASSED] - Current device physical width is 720

2022-01-17 15:23:13 - [MESSAGE][PASSED] - Current device physical height is 1423

2022-01-17 15:23:14 - [MESSAGE][PASSED] - Swiped from 360,853 to 360,142

2022-01-17 15:23:15 - [MESSAGE][PASSED] - Delayed 1 second(s)

2022-01-17 15:23:16 - [MESSAGE][PASSED] - Swiped from 360,853 to 360,142

2022-01-17 15:23:19 - [MESSAGE][PASSED] - Delayed 3 second(s)

2022-01-17 15:23:19 - [MESSAGE][PASSED] - startApp.OpenApp.terminateApplication is PASSED

2022-01-17 15:23:19 - [MESSAGE][PASSED] - Call Test Case 'Test Cases/Mobile/Page/Run App/Terminate App' successfully]]></system-out>
         <system-err><![CDATA[]]></system-err>
      </testcase>
      <testcase name="Test Cases/Mobile/Scenario/Portfolio/014 - Melihat detail mutual fund 3 month" time="63.243" classname="Test Cases/Mobile/Scenario/Portfolio/014 - Melihat detail mutual fund 3 month" status="PASSED">
         <system-out><![CDATA[2022-01-17 15:23:19 - [TEST_CASE][PASSED] - Test Cases/Mobile/Scenario/Portfolio/014 - Melihat detail mutual fund 3 month: Test Cases/Mobile/Scenario/Portfolio/014 - Melihat detail mutual fund 3 month

2022-01-17 15:23:20 - [TEST_STEP][PASSED] - callTestCase(findTestCase("Mobile/Page/Run App/Run App byID"), [:], STOP_ON_FAILURE): Call Test Case 'Test Cases/Mobile/Page/Run App/Run App byID' successfully

2022-01-17 15:23:20 - [TEST_CASE][PASSED] - Test Cases/Mobile/Page/Run App/Run App byID: Test Cases/Mobile/Page/Run App/Run App byID

2022-01-17 15:23:20 - [TEST_STEP][PASSED] - startApp.OpenApp.startApplication("id.co.miraeasset.sageclub"): startApp.OpenApp.startApplication is PASSED

2022-01-17 15:23:31 - [MESSAGE][PASSED] - Starting app with application ID: 'id.co.miraeasset.sageclub'

2022-01-17 15:23:31 - [MESSAGE][PASSED] - startApp.OpenApp.startApplication is PASSED

2022-01-17 15:23:31 - [MESSAGE][PASSED] - Call Test Case 'Test Cases/Mobile/Page/Run App/Run App byID' successfully

2022-01-17 15:23:31 - [TEST_STEP][PASSED] - callTestCase(findTestCase("Mobile/Page/Portfolio/Portfolio"), ["tab":"mutualfund", "action2":"3 month"], CONTINUE_ON_FAILURE): Call Test Case 'Test Cases/Mobile/Page/Portfolio/Portfolio' successfully

2022-01-17 15:23:31 - [TEST_CASE][PASSED] - Test Cases/Mobile/Page/Portfolio/Portfolio: Test Cases/Mobile/Page/Portfolio/Portfolio

2022-01-17 15:23:31 - [TEST_STEP][PASSED] - callTestCase(findTestCase("Mobile/Page/CheckLogin"), [:], CONTINUE_ON_FAILURE): Call Test Case 'Test Cases/Mobile/Page/CheckLogin' successfully

2022-01-17 15:23:31 - [TEST_CASE][PASSED] - Test Cases/Mobile/Page/CheckLogin: Test Cases/Mobile/Page/CheckLogin

2022-01-17 15:23:31 - [TEST_STEP][PASSED] - loginCheck = verifyElementExist(LOGN_BtnLogin, 5, CONTINUE_ON_FAILURE): Element 'Object Repository/Mobile/Page/Login/Button - Login' is exist

2022-01-17 15:23:33 - [MESSAGE][PASSED] - Element 'Object Repository/Mobile/Page/Login/Button - Login' is exist

2022-01-17 15:23:33 - [TEST_STEP][PASSED] - if (loginCheck): Call Test Case 'Test Cases/Mobile/Page/Login/Login' successfully

2022-01-17 15:23:33 - [TEST_STEP][PASSED] - callTestCase(findTestCase("Mobile/Page/Login/Login"), ["action":"username"], CONTINUE_ON_FAILURE): Call Test Case 'Test Cases/Mobile/Page/Login/Login' successfully

2022-01-17 15:23:33 - [TEST_CASE][PASSED] - Test Cases/Mobile/Page/Login/Login: Test Cases/Mobile/Page/Login/Login

2022-01-17 15:23:33 - [TEST_STEP][PASSED] - delay(2): Delayed 2 second(s)

2022-01-17 15:23:35 - [MESSAGE][PASSED] - Delayed 2 second(s)

2022-01-17 15:23:35 - [TEST_STEP][PASSED] - for ([i = 0, i < 1, (i++)]): null

2022-01-17 15:23:35 - [TEST_STEP][PASSED] - if (action == "username"): null

2022-01-17 15:23:35 - [TEST_STEP][PASSED] - tap(LOGN_EdtUserID, 0): Tapped on element 'Object Repository/Mobile/Page/Login/Input - UserID'

2022-01-17 15:23:35 - [MESSAGE][WARNING] - Timeout '0' is invalid. Using default page load timeout: '60'

2022-01-17 15:23:36 - [MESSAGE][PASSED] - Tapped on element 'Object Repository/Mobile/Page/Login/Input - UserID'

2022-01-17 15:23:36 - [TEST_STEP][PASSED] - delay(1): Delayed 1 second(s)

2022-01-17 15:23:37 - [MESSAGE][PASSED] - Delayed 1 second(s)

2022-01-17 15:23:37 - [TEST_STEP][PASSED] - setText(LOGN_EdtRdyUserID, "anggaaditya", 0): Text 'anggaaditya' has been set to element 'Object Repository/Mobile/Page/Login/Input Rdy - UserID'

2022-01-17 15:23:37 - [MESSAGE][WARNING] - Timeout '0' is invalid. Using default page load timeout: '60'

2022-01-17 15:23:37 - [MESSAGE][PASSED] - Text 'anggaaditya' has been set to element 'Object Repository/Mobile/Page/Login/Input Rdy - UserID'

2022-01-17 15:23:37 - [TEST_STEP][PASSED] - delay(1): Delayed 1 second(s)

2022-01-17 15:23:38 - [MESSAGE][PASSED] - Delayed 1 second(s)

2022-01-17 15:23:38 - [TEST_STEP][PASSED] - hideKeyboard(): Keyboard is hidden

2022-01-17 15:23:42 - [MESSAGE][PASSED] - Keyboard is hidden

2022-01-17 15:23:42 - [TEST_STEP][PASSED] - tap(LOGN_EdtPassword, 0): Tapped on element 'Object Repository/Mobile/Page/Login/Input - Password'

2022-01-17 15:23:42 - [MESSAGE][WARNING] - Timeout '0' is invalid. Using default page load timeout: '60'

2022-01-17 15:23:42 - [MESSAGE][PASSED] - Tapped on element 'Object Repository/Mobile/Page/Login/Input - Password'

2022-01-17 15:23:42 - [TEST_STEP][PASSED] - delay(1): Delayed 1 second(s)

2022-01-17 15:23:43 - [MESSAGE][PASSED] - Delayed 1 second(s)

2022-01-17 15:23:43 - [TEST_STEP][PASSED] - setText(LOGN_EdtRdyPassword, "Shalawa18", 0): Text 'Shalawa18' has been set to element 'Object Repository/Mobile/Page/Login/Input Rdy - Password'

2022-01-17 15:23:43 - [MESSAGE][WARNING] - Timeout '0' is invalid. Using default page load timeout: '60'

2022-01-17 15:23:44 - [MESSAGE][PASSED] - Text 'Shalawa18' has been set to element 'Object Repository/Mobile/Page/Login/Input Rdy - Password'

2022-01-17 15:23:44 - [TEST_STEP][PASSED] - delay(1): Delayed 1 second(s)

2022-01-17 15:23:45 - [MESSAGE][PASSED] - Delayed 1 second(s)

2022-01-17 15:23:45 - [TEST_STEP][PASSED] - hideKeyboard(): Keyboard is hidden

2022-01-17 15:23:51 - [MESSAGE][PASSED] - Keyboard is hidden

2022-01-17 15:23:51 - [TEST_STEP][PASSED] - tap(LOGN_BtnLogin, 0): Tapped on element 'Object Repository/Mobile/Page/Login/Button - Login'

2022-01-17 15:23:51 - [MESSAGE][WARNING] - Timeout '0' is invalid. Using default page load timeout: '60'

2022-01-17 15:23:53 - [MESSAGE][PASSED] - Tapped on element 'Object Repository/Mobile/Page/Login/Button - Login'

2022-01-17 15:23:53 - [TEST_STEP][PASSED] - delay(2): Delayed 2 second(s)

2022-01-17 15:23:55 - [MESSAGE][PASSED] - Delayed 2 second(s)

2022-01-17 15:23:55 - [TEST_STEP][PASSED] - break: null

2022-01-17 15:23:55 - [MESSAGE][PASSED] - Call Test Case 'Test Cases/Mobile/Page/Login/Login' successfully

2022-01-17 15:23:55 - [MESSAGE][PASSED] - Call Test Case 'Test Cases/Mobile/Page/CheckLogin' successfully

2022-01-17 15:23:55 - [TEST_STEP][PASSED] - tap(HOME_MenubarPortfolio, 0): Tapped on element 'Object Repository/Mobile/Page/Home/Menubar - Portfolio'

2022-01-17 15:23:55 - [MESSAGE][WARNING] - Timeout '0' is invalid. Using default page load timeout: '60'

2022-01-17 15:23:56 - [MESSAGE][PASSED] - Tapped on element 'Object Repository/Mobile/Page/Home/Menubar - Portfolio'

2022-01-17 15:23:56 - [TEST_STEP][PASSED] - delay(1): Delayed 1 second(s)

2022-01-17 15:23:57 - [MESSAGE][PASSED] - Delayed 1 second(s)

2022-01-17 15:23:57 - [TEST_STEP][PASSED] - for ([i = 0, i < 1, (i++)]): scroll.scroll.scrollScreenBottomToTop is PASSED

2022-01-17 15:23:57 - [TEST_STEP][PASSED] - if (tab == "summary"): null

2022-01-17 15:23:57 - [TEST_STEP][PASSED] - else if (tab == "stock"): null

2022-01-17 15:23:57 - [TEST_STEP][PASSED] - else if (tab == "mutualfund"): scroll.scroll.scrollScreenBottomToTop is PASSED

2022-01-17 15:23:57 - [TEST_STEP][PASSED] - tap(PORT_TabMutualFund, 0): Tapped on element 'Object Repository/Mobile/Page/Portfolio/Tab - Mutual Fund'

2022-01-17 15:23:57 - [MESSAGE][WARNING] - Timeout '0' is invalid. Using default page load timeout: '60'

2022-01-17 15:23:59 - [MESSAGE][PASSED] - Tapped on element 'Object Repository/Mobile/Page/Portfolio/Tab - Mutual Fund'

2022-01-17 15:23:59 - [TEST_STEP][PASSED] - delay(1): Delayed 1 second(s)

2022-01-17 15:24:00 - [MESSAGE][PASSED] - Delayed 1 second(s)

2022-01-17 15:24:00 - [TEST_STEP][PASSED] - try: scroll.scroll.scrollScreenBottomToTop is PASSED

2022-01-17 15:24:00 - [TEST_STEP][PASSED] - tapAndHold(PORT_ItemTopMutualFund, 1, 10): Tapped and held on element 'Object Repository/Mobile/Page/Portfolio/Item - Top Mutual Fund' with duration 1

2022-01-17 15:24:03 - [MESSAGE][PASSED] - Tapped and held on element 'Object Repository/Mobile/Page/Portfolio/Item - Top Mutual Fund' with duration 1

2022-01-17 15:24:03 - [TEST_STEP][PASSED] - delay(2): Delayed 2 second(s)

2022-01-17 15:24:05 - [MESSAGE][PASSED] - Delayed 2 second(s)

2022-01-17 15:24:05 - [TEST_STEP][PASSED] - switch (action2): null

2022-01-17 15:24:05 - [TEST_STEP][PASSED] - case "3 month":: null

2022-01-17 15:24:05 - [TEST_STEP][PASSED] - tapAndHold(PORT_DETL_Btn3Month, 1, 0): Tapped and held on element 'Object Repository/Mobile/Page/Portfolio/Detail Mutual Funds/Button - 3 Month' with duration 1

2022-01-17 15:24:05 - [MESSAGE][WARNING] - Timeout '0' is invalid. Using default page load timeout: '60'

2022-01-17 15:24:07 - [MESSAGE][PASSED] - Tapped and held on element 'Object Repository/Mobile/Page/Portfolio/Detail Mutual Funds/Button - 3 Month' with duration 1

2022-01-17 15:24:07 - [TEST_STEP][PASSED] - break: null

2022-01-17 15:24:07 - [TEST_STEP][PASSED] - delay(3): Delayed 3 second(s)

2022-01-17 15:24:10 - [MESSAGE][PASSED] - Delayed 3 second(s)

2022-01-17 15:24:10 - [TEST_STEP][PASSED] - scroll.scroll.scrollScreenBottomToTop(): scroll.scroll.scrollScreenBottomToTop is PASSED

2022-01-17 15:24:11 - [MESSAGE][PASSED] - Current device physical height is 1423

2022-01-17 15:24:11 - [MESSAGE][PASSED] - Current device physical width is 720

2022-01-17 15:24:12 - [MESSAGE][PASSED] - Swiped from 360,1,138 to 360,284

2022-01-17 15:24:12 - [MESSAGE][PASSED] - scroll.scroll.scrollScreenBottomToTop is PASSED

2022-01-17 15:24:12 - [MESSAGE][PASSED] - Call Test Case 'Test Cases/Mobile/Page/Portfolio/Portfolio' successfully

2022-01-17 15:24:12 - [TEST_STEP][PASSED] - callTestCase(findTestCase("Mobile/Page/Run App/Terminate App"), [:], STOP_ON_FAILURE): Call Test Case 'Test Cases/Mobile/Page/Run App/Terminate App' successfully

2022-01-17 15:24:12 - [TEST_CASE][PASSED] - Test Cases/Mobile/Page/Run App/Terminate App: Test Cases/Mobile/Page/Run App/Terminate App

2022-01-17 15:24:12 - [TEST_STEP][PASSED] - startApp.OpenApp.terminateApplication(): startApp.OpenApp.terminateApplication is PASSED

2022-01-17 15:24:15 - [MESSAGE][PASSED] - Delayed 3 second(s)

2022-01-17 15:24:16 - [MESSAGE][PASSED] - Current device physical width is 720

2022-01-17 15:24:16 - [MESSAGE][PASSED] - Current device physical height is 1423

2022-01-17 15:24:17 - [MESSAGE][PASSED] - Swiped from 360,853 to 360,142

2022-01-17 15:24:18 - [MESSAGE][PASSED] - Delayed 1 second(s)

2022-01-17 15:24:20 - [MESSAGE][PASSED] - Swiped from 360,853 to 360,142

2022-01-17 15:24:23 - [MESSAGE][PASSED] - Delayed 3 second(s)

2022-01-17 15:24:23 - [MESSAGE][PASSED] - startApp.OpenApp.terminateApplication is PASSED

2022-01-17 15:24:23 - [MESSAGE][PASSED] - Call Test Case 'Test Cases/Mobile/Page/Run App/Terminate App' successfully]]></system-out>
         <system-err><![CDATA[]]></system-err>
      </testcase>
      <testcase name="Test Cases/Mobile/Scenario/Portfolio/015 - Melihat detail mutual fund 6 month" time="61.325" classname="Test Cases/Mobile/Scenario/Portfolio/015 - Melihat detail mutual fund 6 month" status="PASSED">
         <system-out><![CDATA[2022-01-17 15:24:23 - [TEST_CASE][PASSED] - Test Cases/Mobile/Scenario/Portfolio/015 - Melihat detail mutual fund 6 month: Test Cases/Mobile/Scenario/Portfolio/015 - Melihat detail mutual fund 6 month

2022-01-17 15:24:23 - [TEST_STEP][PASSED] - callTestCase(findTestCase("Mobile/Page/Run App/Run App byID"), [:], STOP_ON_FAILURE): Call Test Case 'Test Cases/Mobile/Page/Run App/Run App byID' successfully

2022-01-17 15:24:23 - [TEST_CASE][PASSED] - Test Cases/Mobile/Page/Run App/Run App byID: Test Cases/Mobile/Page/Run App/Run App byID

2022-01-17 15:24:23 - [TEST_STEP][PASSED] - startApp.OpenApp.startApplication("id.co.miraeasset.sageclub"): startApp.OpenApp.startApplication is PASSED

2022-01-17 15:24:35 - [MESSAGE][PASSED] - Starting app with application ID: 'id.co.miraeasset.sageclub'

2022-01-17 15:24:35 - [MESSAGE][PASSED] - startApp.OpenApp.startApplication is PASSED

2022-01-17 15:24:35 - [MESSAGE][PASSED] - Call Test Case 'Test Cases/Mobile/Page/Run App/Run App byID' successfully

2022-01-17 15:24:35 - [TEST_STEP][PASSED] - callTestCase(findTestCase("Mobile/Page/Portfolio/Portfolio"), ["tab":"mutualfund", "action2":"6 month"], CONTINUE_ON_FAILURE): Call Test Case 'Test Cases/Mobile/Page/Portfolio/Portfolio' successfully

2022-01-17 15:24:35 - [TEST_CASE][PASSED] - Test Cases/Mobile/Page/Portfolio/Portfolio: Test Cases/Mobile/Page/Portfolio/Portfolio

2022-01-17 15:24:35 - [TEST_STEP][PASSED] - callTestCase(findTestCase("Mobile/Page/CheckLogin"), [:], CONTINUE_ON_FAILURE): Call Test Case 'Test Cases/Mobile/Page/CheckLogin' successfully

2022-01-17 15:24:35 - [TEST_CASE][PASSED] - Test Cases/Mobile/Page/CheckLogin: Test Cases/Mobile/Page/CheckLogin

2022-01-17 15:24:35 - [TEST_STEP][PASSED] - loginCheck = verifyElementExist(LOGN_BtnLogin, 5, CONTINUE_ON_FAILURE): Element 'Object Repository/Mobile/Page/Login/Button - Login' is exist

2022-01-17 15:24:37 - [MESSAGE][PASSED] - Element 'Object Repository/Mobile/Page/Login/Button - Login' is exist

2022-01-17 15:24:37 - [TEST_STEP][PASSED] - if (loginCheck): Call Test Case 'Test Cases/Mobile/Page/Login/Login' successfully

2022-01-17 15:24:37 - [TEST_STEP][PASSED] - callTestCase(findTestCase("Mobile/Page/Login/Login"), ["action":"username"], CONTINUE_ON_FAILURE): Call Test Case 'Test Cases/Mobile/Page/Login/Login' successfully

2022-01-17 15:24:37 - [TEST_CASE][PASSED] - Test Cases/Mobile/Page/Login/Login: Test Cases/Mobile/Page/Login/Login

2022-01-17 15:24:37 - [TEST_STEP][PASSED] - delay(2): Delayed 2 second(s)

2022-01-17 15:24:39 - [MESSAGE][PASSED] - Delayed 2 second(s)

2022-01-17 15:24:39 - [TEST_STEP][PASSED] - for ([i = 0, i < 1, (i++)]): null

2022-01-17 15:24:39 - [TEST_STEP][PASSED] - if (action == "username"): null

2022-01-17 15:24:39 - [TEST_STEP][PASSED] - tap(LOGN_EdtUserID, 0): Tapped on element 'Object Repository/Mobile/Page/Login/Input - UserID'

2022-01-17 15:24:39 - [MESSAGE][WARNING] - Timeout '0' is invalid. Using default page load timeout: '60'

2022-01-17 15:24:39 - [MESSAGE][PASSED] - Tapped on element 'Object Repository/Mobile/Page/Login/Input - UserID'

2022-01-17 15:24:39 - [TEST_STEP][PASSED] - delay(1): Delayed 1 second(s)

2022-01-17 15:24:40 - [MESSAGE][PASSED] - Delayed 1 second(s)

2022-01-17 15:24:40 - [TEST_STEP][PASSED] - setText(LOGN_EdtRdyUserID, "anggaaditya", 0): Text 'anggaaditya' has been set to element 'Object Repository/Mobile/Page/Login/Input Rdy - UserID'

2022-01-17 15:24:40 - [MESSAGE][WARNING] - Timeout '0' is invalid. Using default page load timeout: '60'

2022-01-17 15:24:41 - [MESSAGE][PASSED] - Text 'anggaaditya' has been set to element 'Object Repository/Mobile/Page/Login/Input Rdy - UserID'

2022-01-17 15:24:41 - [TEST_STEP][PASSED] - delay(1): Delayed 1 second(s)

2022-01-17 15:24:42 - [MESSAGE][PASSED] - Delayed 1 second(s)

2022-01-17 15:24:42 - [TEST_STEP][PASSED] - hideKeyboard(): Keyboard is hidden

2022-01-17 15:24:45 - [MESSAGE][PASSED] - Keyboard is hidden

2022-01-17 15:24:45 - [TEST_STEP][PASSED] - tap(LOGN_EdtPassword, 0): Tapped on element 'Object Repository/Mobile/Page/Login/Input - Password'

2022-01-17 15:24:45 - [MESSAGE][WARNING] - Timeout '0' is invalid. Using default page load timeout: '60'

2022-01-17 15:24:46 - [MESSAGE][PASSED] - Tapped on element 'Object Repository/Mobile/Page/Login/Input - Password'

2022-01-17 15:24:46 - [TEST_STEP][PASSED] - delay(1): Delayed 1 second(s)

2022-01-17 15:24:47 - [MESSAGE][PASSED] - Delayed 1 second(s)

2022-01-17 15:24:47 - [TEST_STEP][PASSED] - setText(LOGN_EdtRdyPassword, "Shalawa18", 0): Text 'Shalawa18' has been set to element 'Object Repository/Mobile/Page/Login/Input Rdy - Password'

2022-01-17 15:24:47 - [MESSAGE][WARNING] - Timeout '0' is invalid. Using default page load timeout: '60'

2022-01-17 15:24:47 - [MESSAGE][PASSED] - Text 'Shalawa18' has been set to element 'Object Repository/Mobile/Page/Login/Input Rdy - Password'

2022-01-17 15:24:47 - [TEST_STEP][PASSED] - delay(1): Delayed 1 second(s)

2022-01-17 15:24:48 - [MESSAGE][PASSED] - Delayed 1 second(s)

2022-01-17 15:24:48 - [TEST_STEP][PASSED] - hideKeyboard(): Keyboard is hidden

2022-01-17 15:24:54 - [MESSAGE][PASSED] - Keyboard is hidden

2022-01-17 15:24:54 - [TEST_STEP][PASSED] - tap(LOGN_BtnLogin, 0): Tapped on element 'Object Repository/Mobile/Page/Login/Button - Login'

2022-01-17 15:24:54 - [MESSAGE][WARNING] - Timeout '0' is invalid. Using default page load timeout: '60'

2022-01-17 15:24:55 - [MESSAGE][PASSED] - Tapped on element 'Object Repository/Mobile/Page/Login/Button - Login'

2022-01-17 15:24:55 - [TEST_STEP][PASSED] - delay(2): Delayed 2 second(s)

2022-01-17 15:24:57 - [MESSAGE][PASSED] - Delayed 2 second(s)

2022-01-17 15:24:57 - [TEST_STEP][PASSED] - break: null

2022-01-17 15:24:57 - [MESSAGE][PASSED] - Call Test Case 'Test Cases/Mobile/Page/Login/Login' successfully

2022-01-17 15:24:57 - [MESSAGE][PASSED] - Call Test Case 'Test Cases/Mobile/Page/CheckLogin' successfully

2022-01-17 15:24:57 - [TEST_STEP][PASSED] - tap(HOME_MenubarPortfolio, 0): Tapped on element 'Object Repository/Mobile/Page/Home/Menubar - Portfolio'

2022-01-17 15:24:57 - [MESSAGE][WARNING] - Timeout '0' is invalid. Using default page load timeout: '60'

2022-01-17 15:24:58 - [MESSAGE][PASSED] - Tapped on element 'Object Repository/Mobile/Page/Home/Menubar - Portfolio'

2022-01-17 15:24:58 - [TEST_STEP][PASSED] - delay(1): Delayed 1 second(s)

2022-01-17 15:24:59 - [MESSAGE][PASSED] - Delayed 1 second(s)

2022-01-17 15:24:59 - [TEST_STEP][PASSED] - for ([i = 0, i < 1, (i++)]): scroll.scroll.scrollScreenBottomToTop is PASSED

2022-01-17 15:24:59 - [TEST_STEP][PASSED] - if (tab == "summary"): null

2022-01-17 15:24:59 - [TEST_STEP][PASSED] - else if (tab == "stock"): null

2022-01-17 15:24:59 - [TEST_STEP][PASSED] - else if (tab == "mutualfund"): scroll.scroll.scrollScreenBottomToTop is PASSED

2022-01-17 15:24:59 - [TEST_STEP][PASSED] - tap(PORT_TabMutualFund, 0): Tapped on element 'Object Repository/Mobile/Page/Portfolio/Tab - Mutual Fund'

2022-01-17 15:24:59 - [MESSAGE][WARNING] - Timeout '0' is invalid. Using default page load timeout: '60'

2022-01-17 15:25:00 - [MESSAGE][PASSED] - Tapped on element 'Object Repository/Mobile/Page/Portfolio/Tab - Mutual Fund'

2022-01-17 15:25:00 - [TEST_STEP][PASSED] - delay(1): Delayed 1 second(s)

2022-01-17 15:25:01 - [MESSAGE][PASSED] - Delayed 1 second(s)

2022-01-17 15:25:01 - [TEST_STEP][PASSED] - try: scroll.scroll.scrollScreenBottomToTop is PASSED

2022-01-17 15:25:01 - [TEST_STEP][PASSED] - tapAndHold(PORT_ItemTopMutualFund, 1, 10): Tapped and held on element 'Object Repository/Mobile/Page/Portfolio/Item - Top Mutual Fund' with duration 1

2022-01-17 15:25:04 - [MESSAGE][PASSED] - Tapped and held on element 'Object Repository/Mobile/Page/Portfolio/Item - Top Mutual Fund' with duration 1

2022-01-17 15:25:04 - [TEST_STEP][PASSED] - delay(2): Delayed 2 second(s)

2022-01-17 15:25:06 - [MESSAGE][PASSED] - Delayed 2 second(s)

2022-01-17 15:25:06 - [TEST_STEP][PASSED] - switch (action2): null

2022-01-17 15:25:06 - [TEST_STEP][PASSED] - case "6 month":: null

2022-01-17 15:25:06 - [TEST_STEP][PASSED] - tapAndHold(PORT_DETL_Btn6Month, 1, 0): Tapped and held on element 'Object Repository/Mobile/Page/Portfolio/Detail Mutual Funds/Button - 6 Month' with duration 1

2022-01-17 15:25:06 - [MESSAGE][WARNING] - Timeout '0' is invalid. Using default page load timeout: '60'

2022-01-17 15:25:09 - [MESSAGE][PASSED] - Tapped and held on element 'Object Repository/Mobile/Page/Portfolio/Detail Mutual Funds/Button - 6 Month' with duration 1

2022-01-17 15:25:09 - [TEST_STEP][PASSED] - break: null

2022-01-17 15:25:09 - [TEST_STEP][PASSED] - delay(3): Delayed 3 second(s)

2022-01-17 15:25:12 - [MESSAGE][PASSED] - Delayed 3 second(s)

2022-01-17 15:25:12 - [TEST_STEP][PASSED] - scroll.scroll.scrollScreenBottomToTop(): scroll.scroll.scrollScreenBottomToTop is PASSED

2022-01-17 15:25:12 - [MESSAGE][PASSED] - Current device physical height is 1423

2022-01-17 15:25:13 - [MESSAGE][PASSED] - Current device physical width is 720

2022-01-17 15:25:14 - [MESSAGE][PASSED] - Swiped from 360,1,138 to 360,284

2022-01-17 15:25:14 - [MESSAGE][PASSED] - scroll.scroll.scrollScreenBottomToTop is PASSED

2022-01-17 15:25:14 - [MESSAGE][PASSED] - Call Test Case 'Test Cases/Mobile/Page/Portfolio/Portfolio' successfully

2022-01-17 15:25:14 - [TEST_STEP][PASSED] - callTestCase(findTestCase("Mobile/Page/Run App/Terminate App"), [:], STOP_ON_FAILURE): Call Test Case 'Test Cases/Mobile/Page/Run App/Terminate App' successfully

2022-01-17 15:25:14 - [TEST_CASE][PASSED] - Test Cases/Mobile/Page/Run App/Terminate App: Test Cases/Mobile/Page/Run App/Terminate App

2022-01-17 15:25:14 - [TEST_STEP][PASSED] - startApp.OpenApp.terminateApplication(): startApp.OpenApp.terminateApplication is PASSED

2022-01-17 15:25:17 - [MESSAGE][PASSED] - Delayed 3 second(s)

2022-01-17 15:25:17 - [MESSAGE][PASSED] - Current device physical width is 720

2022-01-17 15:25:17 - [MESSAGE][PASSED] - Current device physical height is 1423

2022-01-17 15:25:19 - [MESSAGE][PASSED] - Swiped from 360,853 to 360,142

2022-01-17 15:25:20 - [MESSAGE][PASSED] - Delayed 1 second(s)

2022-01-17 15:25:21 - [MESSAGE][PASSED] - Swiped from 360,853 to 360,142

2022-01-17 15:25:24 - [MESSAGE][PASSED] - Delayed 3 second(s)

2022-01-17 15:25:24 - [MESSAGE][PASSED] - startApp.OpenApp.terminateApplication is PASSED

2022-01-17 15:25:24 - [MESSAGE][PASSED] - Call Test Case 'Test Cases/Mobile/Page/Run App/Terminate App' successfully]]></system-out>
         <system-err><![CDATA[]]></system-err>
      </testcase>
      <testcase name="Test Cases/Mobile/Scenario/Portfolio/016 - Melihat detail mutual fund 1 year" time="61.564" classname="Test Cases/Mobile/Scenario/Portfolio/016 - Melihat detail mutual fund 1 year" status="PASSED">
         <system-out><![CDATA[2022-01-17 15:25:24 - [TEST_CASE][PASSED] - Test Cases/Mobile/Scenario/Portfolio/016 - Melihat detail mutual fund 1 year: Test Cases/Mobile/Scenario/Portfolio/016 - Melihat detail mutual fund 1 year

2022-01-17 15:25:24 - [TEST_STEP][PASSED] - callTestCase(findTestCase("Mobile/Page/Run App/Run App byID"), [:], STOP_ON_FAILURE): Call Test Case 'Test Cases/Mobile/Page/Run App/Run App byID' successfully

2022-01-17 15:25:24 - [TEST_CASE][PASSED] - Test Cases/Mobile/Page/Run App/Run App byID: Test Cases/Mobile/Page/Run App/Run App byID

2022-01-17 15:25:24 - [TEST_STEP][PASSED] - startApp.OpenApp.startApplication("id.co.miraeasset.sageclub"): startApp.OpenApp.startApplication is PASSED

2022-01-17 15:25:36 - [MESSAGE][PASSED] - Starting app with application ID: 'id.co.miraeasset.sageclub'

2022-01-17 15:25:36 - [MESSAGE][PASSED] - startApp.OpenApp.startApplication is PASSED

2022-01-17 15:25:36 - [MESSAGE][PASSED] - Call Test Case 'Test Cases/Mobile/Page/Run App/Run App byID' successfully

2022-01-17 15:25:36 - [TEST_STEP][PASSED] - callTestCase(findTestCase("Mobile/Page/Portfolio/Portfolio"), ["tab":"mutualfund", "action2":"1 year"], CONTINUE_ON_FAILURE): Call Test Case 'Test Cases/Mobile/Page/Portfolio/Portfolio' successfully

2022-01-17 15:25:36 - [TEST_CASE][PASSED] - Test Cases/Mobile/Page/Portfolio/Portfolio: Test Cases/Mobile/Page/Portfolio/Portfolio

2022-01-17 15:25:36 - [TEST_STEP][PASSED] - callTestCase(findTestCase("Mobile/Page/CheckLogin"), [:], CONTINUE_ON_FAILURE): Call Test Case 'Test Cases/Mobile/Page/CheckLogin' successfully

2022-01-17 15:25:36 - [TEST_CASE][PASSED] - Test Cases/Mobile/Page/CheckLogin: Test Cases/Mobile/Page/CheckLogin

2022-01-17 15:25:36 - [TEST_STEP][PASSED] - loginCheck = verifyElementExist(LOGN_BtnLogin, 5, CONTINUE_ON_FAILURE): Element 'Object Repository/Mobile/Page/Login/Button - Login' is exist

2022-01-17 15:25:38 - [MESSAGE][PASSED] - Element 'Object Repository/Mobile/Page/Login/Button - Login' is exist

2022-01-17 15:25:38 - [TEST_STEP][PASSED] - if (loginCheck): Call Test Case 'Test Cases/Mobile/Page/Login/Login' successfully

2022-01-17 15:25:38 - [TEST_STEP][PASSED] - callTestCase(findTestCase("Mobile/Page/Login/Login"), ["action":"username"], CONTINUE_ON_FAILURE): Call Test Case 'Test Cases/Mobile/Page/Login/Login' successfully

2022-01-17 15:25:38 - [TEST_CASE][PASSED] - Test Cases/Mobile/Page/Login/Login: Test Cases/Mobile/Page/Login/Login

2022-01-17 15:25:38 - [TEST_STEP][PASSED] - delay(2): Delayed 2 second(s)

2022-01-17 15:25:40 - [MESSAGE][PASSED] - Delayed 2 second(s)

2022-01-17 15:25:40 - [TEST_STEP][PASSED] - for ([i = 0, i < 1, (i++)]): null

2022-01-17 15:25:40 - [TEST_STEP][PASSED] - if (action == "username"): null

2022-01-17 15:25:40 - [TEST_STEP][PASSED] - tap(LOGN_EdtUserID, 0): Tapped on element 'Object Repository/Mobile/Page/Login/Input - UserID'

2022-01-17 15:25:40 - [MESSAGE][WARNING] - Timeout '0' is invalid. Using default page load timeout: '60'

2022-01-17 15:25:40 - [MESSAGE][PASSED] - Tapped on element 'Object Repository/Mobile/Page/Login/Input - UserID'

2022-01-17 15:25:40 - [TEST_STEP][PASSED] - delay(1): Delayed 1 second(s)

2022-01-17 15:25:41 - [MESSAGE][PASSED] - Delayed 1 second(s)

2022-01-17 15:25:41 - [TEST_STEP][PASSED] - setText(LOGN_EdtRdyUserID, "anggaaditya", 0): Text 'anggaaditya' has been set to element 'Object Repository/Mobile/Page/Login/Input Rdy - UserID'

2022-01-17 15:25:41 - [MESSAGE][WARNING] - Timeout '0' is invalid. Using default page load timeout: '60'

2022-01-17 15:25:42 - [MESSAGE][PASSED] - Text 'anggaaditya' has been set to element 'Object Repository/Mobile/Page/Login/Input Rdy - UserID'

2022-01-17 15:25:42 - [TEST_STEP][PASSED] - delay(1): Delayed 1 second(s)

2022-01-17 15:25:43 - [MESSAGE][PASSED] - Delayed 1 second(s)

2022-01-17 15:25:43 - [TEST_STEP][PASSED] - hideKeyboard(): Keyboard is hidden

2022-01-17 15:25:46 - [MESSAGE][PASSED] - Keyboard is hidden

2022-01-17 15:25:46 - [TEST_STEP][PASSED] - tap(LOGN_EdtPassword, 0): Tapped on element 'Object Repository/Mobile/Page/Login/Input - Password'

2022-01-17 15:25:46 - [MESSAGE][WARNING] - Timeout '0' is invalid. Using default page load timeout: '60'

2022-01-17 15:25:47 - [MESSAGE][PASSED] - Tapped on element 'Object Repository/Mobile/Page/Login/Input - Password'

2022-01-17 15:25:47 - [TEST_STEP][PASSED] - delay(1): Delayed 1 second(s)

2022-01-17 15:25:48 - [MESSAGE][PASSED] - Delayed 1 second(s)

2022-01-17 15:25:48 - [TEST_STEP][PASSED] - setText(LOGN_EdtRdyPassword, "Shalawa18", 0): Text 'Shalawa18' has been set to element 'Object Repository/Mobile/Page/Login/Input Rdy - Password'

2022-01-17 15:25:48 - [MESSAGE][WARNING] - Timeout '0' is invalid. Using default page load timeout: '60'

2022-01-17 15:25:48 - [MESSAGE][PASSED] - Text 'Shalawa18' has been set to element 'Object Repository/Mobile/Page/Login/Input Rdy - Password'

2022-01-17 15:25:48 - [TEST_STEP][PASSED] - delay(1): Delayed 1 second(s)

2022-01-17 15:25:49 - [MESSAGE][PASSED] - Delayed 1 second(s)

2022-01-17 15:25:49 - [TEST_STEP][PASSED] - hideKeyboard(): Keyboard is hidden

2022-01-17 15:25:55 - [MESSAGE][PASSED] - Keyboard is hidden

2022-01-17 15:25:55 - [TEST_STEP][PASSED] - tap(LOGN_BtnLogin, 0): Tapped on element 'Object Repository/Mobile/Page/Login/Button - Login'

2022-01-17 15:25:55 - [MESSAGE][WARNING] - Timeout '0' is invalid. Using default page load timeout: '60'

2022-01-17 15:25:56 - [MESSAGE][PASSED] - Tapped on element 'Object Repository/Mobile/Page/Login/Button - Login'

2022-01-17 15:25:56 - [TEST_STEP][PASSED] - delay(2): Delayed 2 second(s)

2022-01-17 15:25:58 - [MESSAGE][PASSED] - Delayed 2 second(s)

2022-01-17 15:25:58 - [TEST_STEP][PASSED] - break: null

2022-01-17 15:25:58 - [MESSAGE][PASSED] - Call Test Case 'Test Cases/Mobile/Page/Login/Login' successfully

2022-01-17 15:25:58 - [MESSAGE][PASSED] - Call Test Case 'Test Cases/Mobile/Page/CheckLogin' successfully

2022-01-17 15:25:58 - [TEST_STEP][PASSED] - tap(HOME_MenubarPortfolio, 0): Tapped on element 'Object Repository/Mobile/Page/Home/Menubar - Portfolio'

2022-01-17 15:25:58 - [MESSAGE][WARNING] - Timeout '0' is invalid. Using default page load timeout: '60'

2022-01-17 15:25:59 - [MESSAGE][PASSED] - Tapped on element 'Object Repository/Mobile/Page/Home/Menubar - Portfolio'

2022-01-17 15:25:59 - [TEST_STEP][PASSED] - delay(1): Delayed 1 second(s)

2022-01-17 15:26:00 - [MESSAGE][PASSED] - Delayed 1 second(s)

2022-01-17 15:26:00 - [TEST_STEP][PASSED] - for ([i = 0, i < 1, (i++)]): scroll.scroll.scrollScreenBottomToTop is PASSED

2022-01-17 15:26:00 - [TEST_STEP][PASSED] - if (tab == "summary"): null

2022-01-17 15:26:00 - [TEST_STEP][PASSED] - else if (tab == "stock"): null

2022-01-17 15:26:00 - [TEST_STEP][PASSED] - else if (tab == "mutualfund"): scroll.scroll.scrollScreenBottomToTop is PASSED

2022-01-17 15:26:00 - [TEST_STEP][PASSED] - tap(PORT_TabMutualFund, 0): Tapped on element 'Object Repository/Mobile/Page/Portfolio/Tab - Mutual Fund'

2022-01-17 15:26:00 - [MESSAGE][WARNING] - Timeout '0' is invalid. Using default page load timeout: '60'

2022-01-17 15:26:02 - [MESSAGE][PASSED] - Tapped on element 'Object Repository/Mobile/Page/Portfolio/Tab - Mutual Fund'

2022-01-17 15:26:02 - [TEST_STEP][PASSED] - delay(1): Delayed 1 second(s)

2022-01-17 15:26:03 - [MESSAGE][PASSED] - Delayed 1 second(s)

2022-01-17 15:26:03 - [TEST_STEP][PASSED] - try: scroll.scroll.scrollScreenBottomToTop is PASSED

2022-01-17 15:26:03 - [TEST_STEP][PASSED] - tapAndHold(PORT_ItemTopMutualFund, 1, 10): Tapped and held on element 'Object Repository/Mobile/Page/Portfolio/Item - Top Mutual Fund' with duration 1

2022-01-17 15:26:06 - [MESSAGE][PASSED] - Tapped and held on element 'Object Repository/Mobile/Page/Portfolio/Item - Top Mutual Fund' with duration 1

2022-01-17 15:26:06 - [TEST_STEP][PASSED] - delay(2): Delayed 2 second(s)

2022-01-17 15:26:08 - [MESSAGE][PASSED] - Delayed 2 second(s)

2022-01-17 15:26:08 - [TEST_STEP][PASSED] - switch (action2): null

2022-01-17 15:26:08 - [TEST_STEP][PASSED] - case "1 year":: null

2022-01-17 15:26:08 - [TEST_STEP][PASSED] - tapAndHold(PORT_DETL_Btn1Year, 1, 0): Tapped and held on element 'Object Repository/Mobile/Page/Portfolio/Detail Mutual Funds/Button - 1 Year' with duration 1

2022-01-17 15:26:08 - [MESSAGE][WARNING] - Timeout '0' is invalid. Using default page load timeout: '60'

2022-01-17 15:26:11 - [MESSAGE][PASSED] - Tapped and held on element 'Object Repository/Mobile/Page/Portfolio/Detail Mutual Funds/Button - 1 Year' with duration 1

2022-01-17 15:26:11 - [TEST_STEP][PASSED] - break: null

2022-01-17 15:26:11 - [TEST_STEP][PASSED] - delay(3): Delayed 3 second(s)

2022-01-17 15:26:14 - [MESSAGE][PASSED] - Delayed 3 second(s)

2022-01-17 15:26:14 - [TEST_STEP][PASSED] - scroll.scroll.scrollScreenBottomToTop(): scroll.scroll.scrollScreenBottomToTop is PASSED

2022-01-17 15:26:14 - [MESSAGE][PASSED] - Current device physical height is 1423

2022-01-17 15:26:14 - [MESSAGE][PASSED] - Current device physical width is 720

2022-01-17 15:26:15 - [MESSAGE][PASSED] - Swiped from 360,1,138 to 360,284

2022-01-17 15:26:15 - [MESSAGE][PASSED] - scroll.scroll.scrollScreenBottomToTop is PASSED

2022-01-17 15:26:15 - [MESSAGE][PASSED] - Call Test Case 'Test Cases/Mobile/Page/Portfolio/Portfolio' successfully

2022-01-17 15:26:15 - [TEST_STEP][PASSED] - callTestCase(findTestCase("Mobile/Page/Run App/Terminate App"), [:], STOP_ON_FAILURE): Call Test Case 'Test Cases/Mobile/Page/Run App/Terminate App' successfully

2022-01-17 15:26:15 - [TEST_CASE][PASSED] - Test Cases/Mobile/Page/Run App/Terminate App: Test Cases/Mobile/Page/Run App/Terminate App

2022-01-17 15:26:15 - [TEST_STEP][PASSED] - startApp.OpenApp.terminateApplication(): startApp.OpenApp.terminateApplication is PASSED

2022-01-17 15:26:18 - [MESSAGE][PASSED] - Delayed 3 second(s)

2022-01-17 15:26:19 - [MESSAGE][PASSED] - Current device physical width is 720

2022-01-17 15:26:19 - [MESSAGE][PASSED] - Current device physical height is 1423

2022-01-17 15:26:20 - [MESSAGE][PASSED] - Swiped from 360,853 to 360,142

2022-01-17 15:26:21 - [MESSAGE][PASSED] - Delayed 1 second(s)

2022-01-17 15:26:22 - [MESSAGE][PASSED] - Swiped from 360,853 to 360,142

2022-01-17 15:26:25 - [MESSAGE][PASSED] - Delayed 3 second(s)

2022-01-17 15:26:25 - [MESSAGE][PASSED] - startApp.OpenApp.terminateApplication is PASSED

2022-01-17 15:26:25 - [MESSAGE][PASSED] - Call Test Case 'Test Cases/Mobile/Page/Run App/Terminate App' successfully]]></system-out>
         <system-err><![CDATA[]]></system-err>
      </testcase>
      <testcase name="Test Cases/Mobile/Scenario/Portfolio/017 - Melihat detail mutual fund 3 year" time="63.479" classname="Test Cases/Mobile/Scenario/Portfolio/017 - Melihat detail mutual fund 3 year" status="PASSED">
         <system-out><![CDATA[2022-01-17 15:26:25 - [TEST_CASE][PASSED] - Test Cases/Mobile/Scenario/Portfolio/017 - Melihat detail mutual fund 3 year: Test Cases/Mobile/Scenario/Portfolio/017 - Melihat detail mutual fund 3 year

2022-01-17 15:26:26 - [TEST_STEP][PASSED] - callTestCase(findTestCase("Mobile/Page/Run App/Run App byID"), [:], STOP_ON_FAILURE): Call Test Case 'Test Cases/Mobile/Page/Run App/Run App byID' successfully

2022-01-17 15:26:26 - [TEST_CASE][PASSED] - Test Cases/Mobile/Page/Run App/Run App byID: Test Cases/Mobile/Page/Run App/Run App byID

2022-01-17 15:26:26 - [TEST_STEP][PASSED] - startApp.OpenApp.startApplication("id.co.miraeasset.sageclub"): startApp.OpenApp.startApplication is PASSED

2022-01-17 15:26:38 - [MESSAGE][PASSED] - Starting app with application ID: 'id.co.miraeasset.sageclub'

2022-01-17 15:26:38 - [MESSAGE][PASSED] - startApp.OpenApp.startApplication is PASSED

2022-01-17 15:26:38 - [MESSAGE][PASSED] - Call Test Case 'Test Cases/Mobile/Page/Run App/Run App byID' successfully

2022-01-17 15:26:38 - [TEST_STEP][PASSED] - callTestCase(findTestCase("Mobile/Page/Portfolio/Portfolio"), ["tab":"mutualfund", "action2":"3 year"], CONTINUE_ON_FAILURE): Call Test Case 'Test Cases/Mobile/Page/Portfolio/Portfolio' successfully

2022-01-17 15:26:38 - [TEST_CASE][PASSED] - Test Cases/Mobile/Page/Portfolio/Portfolio: Test Cases/Mobile/Page/Portfolio/Portfolio

2022-01-17 15:26:38 - [TEST_STEP][PASSED] - callTestCase(findTestCase("Mobile/Page/CheckLogin"), [:], CONTINUE_ON_FAILURE): Call Test Case 'Test Cases/Mobile/Page/CheckLogin' successfully

2022-01-17 15:26:38 - [TEST_CASE][PASSED] - Test Cases/Mobile/Page/CheckLogin: Test Cases/Mobile/Page/CheckLogin

2022-01-17 15:26:38 - [TEST_STEP][PASSED] - loginCheck = verifyElementExist(LOGN_BtnLogin, 5, CONTINUE_ON_FAILURE): Element 'Object Repository/Mobile/Page/Login/Button - Login' is exist

2022-01-17 15:26:40 - [MESSAGE][PASSED] - Element 'Object Repository/Mobile/Page/Login/Button - Login' is exist

2022-01-17 15:26:40 - [TEST_STEP][PASSED] - if (loginCheck): Call Test Case 'Test Cases/Mobile/Page/Login/Login' successfully

2022-01-17 15:26:40 - [TEST_STEP][PASSED] - callTestCase(findTestCase("Mobile/Page/Login/Login"), ["action":"username"], CONTINUE_ON_FAILURE): Call Test Case 'Test Cases/Mobile/Page/Login/Login' successfully

2022-01-17 15:26:40 - [TEST_CASE][PASSED] - Test Cases/Mobile/Page/Login/Login: Test Cases/Mobile/Page/Login/Login

2022-01-17 15:26:40 - [TEST_STEP][PASSED] - delay(2): Delayed 2 second(s)

2022-01-17 15:26:42 - [MESSAGE][PASSED] - Delayed 2 second(s)

2022-01-17 15:26:42 - [TEST_STEP][PASSED] - for ([i = 0, i < 1, (i++)]): null

2022-01-17 15:26:42 - [TEST_STEP][PASSED] - if (action == "username"): null

2022-01-17 15:26:42 - [TEST_STEP][PASSED] - tap(LOGN_EdtUserID, 0): Tapped on element 'Object Repository/Mobile/Page/Login/Input - UserID'

2022-01-17 15:26:42 - [MESSAGE][WARNING] - Timeout '0' is invalid. Using default page load timeout: '60'

2022-01-17 15:26:42 - [MESSAGE][PASSED] - Tapped on element 'Object Repository/Mobile/Page/Login/Input - UserID'

2022-01-17 15:26:42 - [TEST_STEP][PASSED] - delay(1): Delayed 1 second(s)

2022-01-17 15:26:43 - [MESSAGE][PASSED] - Delayed 1 second(s)

2022-01-17 15:26:43 - [TEST_STEP][PASSED] - setText(LOGN_EdtRdyUserID, "anggaaditya", 0): Text 'anggaaditya' has been set to element 'Object Repository/Mobile/Page/Login/Input Rdy - UserID'

2022-01-17 15:26:43 - [MESSAGE][WARNING] - Timeout '0' is invalid. Using default page load timeout: '60'

2022-01-17 15:26:44 - [MESSAGE][PASSED] - Text 'anggaaditya' has been set to element 'Object Repository/Mobile/Page/Login/Input Rdy - UserID'

2022-01-17 15:26:44 - [TEST_STEP][PASSED] - delay(1): Delayed 1 second(s)

2022-01-17 15:26:45 - [MESSAGE][PASSED] - Delayed 1 second(s)

2022-01-17 15:26:45 - [TEST_STEP][PASSED] - hideKeyboard(): Keyboard is hidden

2022-01-17 15:26:48 - [MESSAGE][PASSED] - Keyboard is hidden

2022-01-17 15:26:48 - [TEST_STEP][PASSED] - tap(LOGN_EdtPassword, 0): Tapped on element 'Object Repository/Mobile/Page/Login/Input - Password'

2022-01-17 15:26:48 - [MESSAGE][WARNING] - Timeout '0' is invalid. Using default page load timeout: '60'

2022-01-17 15:26:49 - [MESSAGE][PASSED] - Tapped on element 'Object Repository/Mobile/Page/Login/Input - Password'

2022-01-17 15:26:49 - [TEST_STEP][PASSED] - delay(1): Delayed 1 second(s)

2022-01-17 15:26:50 - [MESSAGE][PASSED] - Delayed 1 second(s)

2022-01-17 15:26:50 - [TEST_STEP][PASSED] - setText(LOGN_EdtRdyPassword, "Shalawa18", 0): Text 'Shalawa18' has been set to element 'Object Repository/Mobile/Page/Login/Input Rdy - Password'

2022-01-17 15:26:50 - [MESSAGE][WARNING] - Timeout '0' is invalid. Using default page load timeout: '60'

2022-01-17 15:26:50 - [MESSAGE][PASSED] - Text 'Shalawa18' has been set to element 'Object Repository/Mobile/Page/Login/Input Rdy - Password'

2022-01-17 15:26:50 - [TEST_STEP][PASSED] - delay(1): Delayed 1 second(s)

2022-01-17 15:26:51 - [MESSAGE][PASSED] - Delayed 1 second(s)

2022-01-17 15:26:51 - [TEST_STEP][PASSED] - hideKeyboard(): Keyboard is hidden

2022-01-17 15:26:57 - [MESSAGE][PASSED] - Keyboard is hidden

2022-01-17 15:26:57 - [TEST_STEP][PASSED] - tap(LOGN_BtnLogin, 0): Tapped on element 'Object Repository/Mobile/Page/Login/Button - Login'

2022-01-17 15:26:57 - [MESSAGE][WARNING] - Timeout '0' is invalid. Using default page load timeout: '60'

2022-01-17 15:26:58 - [MESSAGE][PASSED] - Tapped on element 'Object Repository/Mobile/Page/Login/Button - Login'

2022-01-17 15:26:58 - [TEST_STEP][PASSED] - delay(2): Delayed 2 second(s)

2022-01-17 15:27:00 - [MESSAGE][PASSED] - Delayed 2 second(s)

2022-01-17 15:27:00 - [TEST_STEP][PASSED] - break: null

2022-01-17 15:27:00 - [MESSAGE][PASSED] - Call Test Case 'Test Cases/Mobile/Page/Login/Login' successfully

2022-01-17 15:27:00 - [MESSAGE][PASSED] - Call Test Case 'Test Cases/Mobile/Page/CheckLogin' successfully

2022-01-17 15:27:00 - [TEST_STEP][PASSED] - tap(HOME_MenubarPortfolio, 0): Tapped on element 'Object Repository/Mobile/Page/Home/Menubar - Portfolio'

2022-01-17 15:27:00 - [MESSAGE][WARNING] - Timeout '0' is invalid. Using default page load timeout: '60'

2022-01-17 15:27:02 - [MESSAGE][PASSED] - Tapped on element 'Object Repository/Mobile/Page/Home/Menubar - Portfolio'

2022-01-17 15:27:02 - [TEST_STEP][PASSED] - delay(1): Delayed 1 second(s)

2022-01-17 15:27:03 - [MESSAGE][PASSED] - Delayed 1 second(s)

2022-01-17 15:27:03 - [TEST_STEP][PASSED] - for ([i = 0, i < 1, (i++)]): scroll.scroll.scrollScreenBottomToTop is PASSED

2022-01-17 15:27:03 - [TEST_STEP][PASSED] - if (tab == "summary"): null

2022-01-17 15:27:03 - [TEST_STEP][PASSED] - else if (tab == "stock"): null

2022-01-17 15:27:03 - [TEST_STEP][PASSED] - else if (tab == "mutualfund"): scroll.scroll.scrollScreenBottomToTop is PASSED

2022-01-17 15:27:03 - [TEST_STEP][PASSED] - tap(PORT_TabMutualFund, 0): Tapped on element 'Object Repository/Mobile/Page/Portfolio/Tab - Mutual Fund'

2022-01-17 15:27:03 - [MESSAGE][WARNING] - Timeout '0' is invalid. Using default page load timeout: '60'

2022-01-17 15:27:05 - [MESSAGE][PASSED] - Tapped on element 'Object Repository/Mobile/Page/Portfolio/Tab - Mutual Fund'

2022-01-17 15:27:05 - [TEST_STEP][PASSED] - delay(1): Delayed 1 second(s)

2022-01-17 15:27:06 - [MESSAGE][PASSED] - Delayed 1 second(s)

2022-01-17 15:27:06 - [TEST_STEP][PASSED] - try: scroll.scroll.scrollScreenBottomToTop is PASSED

2022-01-17 15:27:06 - [TEST_STEP][PASSED] - tapAndHold(PORT_ItemTopMutualFund, 1, 10): Tapped and held on element 'Object Repository/Mobile/Page/Portfolio/Item - Top Mutual Fund' with duration 1

2022-01-17 15:27:09 - [MESSAGE][PASSED] - Tapped and held on element 'Object Repository/Mobile/Page/Portfolio/Item - Top Mutual Fund' with duration 1

2022-01-17 15:27:09 - [TEST_STEP][PASSED] - delay(2): Delayed 2 second(s)

2022-01-17 15:27:11 - [MESSAGE][PASSED] - Delayed 2 second(s)

2022-01-17 15:27:11 - [TEST_STEP][PASSED] - switch (action2): null

2022-01-17 15:27:11 - [TEST_STEP][PASSED] - case "3 year":: null

2022-01-17 15:27:11 - [TEST_STEP][PASSED] - tapAndHold(PORT_DETL_Btn3Year, 1, 0): Tapped and held on element 'Object Repository/Mobile/Page/Portfolio/Detail Mutual Funds/Button - 3 Year' with duration 1

2022-01-17 15:27:11 - [MESSAGE][WARNING] - Timeout '0' is invalid. Using default page load timeout: '60'

2022-01-17 15:27:14 - [MESSAGE][PASSED] - Tapped and held on element 'Object Repository/Mobile/Page/Portfolio/Detail Mutual Funds/Button - 3 Year' with duration 1

2022-01-17 15:27:14 - [TEST_STEP][PASSED] - break: null

2022-01-17 15:27:14 - [TEST_STEP][PASSED] - delay(3): Delayed 3 second(s)

2022-01-17 15:27:17 - [MESSAGE][PASSED] - Delayed 3 second(s)

2022-01-17 15:27:17 - [TEST_STEP][PASSED] - scroll.scroll.scrollScreenBottomToTop(): scroll.scroll.scrollScreenBottomToTop is PASSED

2022-01-17 15:27:17 - [MESSAGE][PASSED] - Current device physical height is 1423

2022-01-17 15:27:18 - [MESSAGE][PASSED] - Current device physical width is 720

2022-01-17 15:27:19 - [MESSAGE][PASSED] - Swiped from 360,1,138 to 360,284

2022-01-17 15:27:19 - [MESSAGE][PASSED] - scroll.scroll.scrollScreenBottomToTop is PASSED

2022-01-17 15:27:19 - [MESSAGE][PASSED] - Call Test Case 'Test Cases/Mobile/Page/Portfolio/Portfolio' successfully

2022-01-17 15:27:19 - [TEST_STEP][PASSED] - callTestCase(findTestCase("Mobile/Page/Run App/Terminate App"), [:], STOP_ON_FAILURE): Call Test Case 'Test Cases/Mobile/Page/Run App/Terminate App' successfully

2022-01-17 15:27:19 - [TEST_CASE][PASSED] - Test Cases/Mobile/Page/Run App/Terminate App: Test Cases/Mobile/Page/Run App/Terminate App

2022-01-17 15:27:19 - [TEST_STEP][PASSED] - startApp.OpenApp.terminateApplication(): startApp.OpenApp.terminateApplication is PASSED

2022-01-17 15:27:22 - [MESSAGE][PASSED] - Delayed 3 second(s)

2022-01-17 15:27:22 - [MESSAGE][PASSED] - Current device physical width is 720

2022-01-17 15:27:22 - [MESSAGE][PASSED] - Current device physical height is 1423

2022-01-17 15:27:24 - [MESSAGE][PASSED] - Swiped from 360,853 to 360,142

2022-01-17 15:27:25 - [MESSAGE][PASSED] - Delayed 1 second(s)

2022-01-17 15:27:26 - [MESSAGE][PASSED] - Swiped from 360,853 to 360,142

2022-01-17 15:27:29 - [MESSAGE][PASSED] - Delayed 3 second(s)

2022-01-17 15:27:29 - [MESSAGE][PASSED] - startApp.OpenApp.terminateApplication is PASSED

2022-01-17 15:27:29 - [MESSAGE][PASSED] - Call Test Case 'Test Cases/Mobile/Page/Run App/Terminate App' successfully]]></system-out>
         <system-err><![CDATA[]]></system-err>
      </testcase>
      <testcase name="Test Cases/Mobile/Scenario/Portfolio/018 - Melihat detail mutual fund 5 year" time="62.577" classname="Test Cases/Mobile/Scenario/Portfolio/018 - Melihat detail mutual fund 5 year" status="PASSED">
         <system-out><![CDATA[2022-01-17 15:27:29 - [TEST_CASE][PASSED] - Test Cases/Mobile/Scenario/Portfolio/018 - Melihat detail mutual fund 5 year: Test Cases/Mobile/Scenario/Portfolio/018 - Melihat detail mutual fund 5 year

2022-01-17 15:27:29 - [TEST_STEP][PASSED] - callTestCase(findTestCase("Mobile/Page/Run App/Run App byID"), [:], STOP_ON_FAILURE): Call Test Case 'Test Cases/Mobile/Page/Run App/Run App byID' successfully

2022-01-17 15:27:29 - [TEST_CASE][PASSED] - Test Cases/Mobile/Page/Run App/Run App byID: Test Cases/Mobile/Page/Run App/Run App byID

2022-01-17 15:27:29 - [TEST_STEP][PASSED] - startApp.OpenApp.startApplication("id.co.miraeasset.sageclub"): startApp.OpenApp.startApplication is PASSED

2022-01-17 15:27:41 - [MESSAGE][PASSED] - Starting app with application ID: 'id.co.miraeasset.sageclub'

2022-01-17 15:27:41 - [MESSAGE][PASSED] - startApp.OpenApp.startApplication is PASSED

2022-01-17 15:27:41 - [MESSAGE][PASSED] - Call Test Case 'Test Cases/Mobile/Page/Run App/Run App byID' successfully

2022-01-17 15:27:41 - [TEST_STEP][PASSED] - callTestCase(findTestCase("Mobile/Page/Portfolio/Portfolio"), ["tab":"mutualfund", "action2":"5 year"], CONTINUE_ON_FAILURE): Call Test Case 'Test Cases/Mobile/Page/Portfolio/Portfolio' successfully

2022-01-17 15:27:41 - [TEST_CASE][PASSED] - Test Cases/Mobile/Page/Portfolio/Portfolio: Test Cases/Mobile/Page/Portfolio/Portfolio

2022-01-17 15:27:41 - [TEST_STEP][PASSED] - callTestCase(findTestCase("Mobile/Page/CheckLogin"), [:], CONTINUE_ON_FAILURE): Call Test Case 'Test Cases/Mobile/Page/CheckLogin' successfully

2022-01-17 15:27:41 - [TEST_CASE][PASSED] - Test Cases/Mobile/Page/CheckLogin: Test Cases/Mobile/Page/CheckLogin

2022-01-17 15:27:41 - [TEST_STEP][PASSED] - loginCheck = verifyElementExist(LOGN_BtnLogin, 5, CONTINUE_ON_FAILURE): Element 'Object Repository/Mobile/Page/Login/Button - Login' is exist

2022-01-17 15:27:43 - [MESSAGE][PASSED] - Element 'Object Repository/Mobile/Page/Login/Button - Login' is exist

2022-01-17 15:27:43 - [TEST_STEP][PASSED] - if (loginCheck): Call Test Case 'Test Cases/Mobile/Page/Login/Login' successfully

2022-01-17 15:27:43 - [TEST_STEP][PASSED] - callTestCase(findTestCase("Mobile/Page/Login/Login"), ["action":"username"], CONTINUE_ON_FAILURE): Call Test Case 'Test Cases/Mobile/Page/Login/Login' successfully

2022-01-17 15:27:43 - [TEST_CASE][PASSED] - Test Cases/Mobile/Page/Login/Login: Test Cases/Mobile/Page/Login/Login

2022-01-17 15:27:43 - [TEST_STEP][PASSED] - delay(2): Delayed 2 second(s)

2022-01-17 15:27:45 - [MESSAGE][PASSED] - Delayed 2 second(s)

2022-01-17 15:27:45 - [TEST_STEP][PASSED] - for ([i = 0, i < 1, (i++)]): null

2022-01-17 15:27:45 - [TEST_STEP][PASSED] - if (action == "username"): null

2022-01-17 15:27:45 - [TEST_STEP][PASSED] - tap(LOGN_EdtUserID, 0): Tapped on element 'Object Repository/Mobile/Page/Login/Input - UserID'

2022-01-17 15:27:45 - [MESSAGE][WARNING] - Timeout '0' is invalid. Using default page load timeout: '60'

2022-01-17 15:27:46 - [MESSAGE][PASSED] - Tapped on element 'Object Repository/Mobile/Page/Login/Input - UserID'

2022-01-17 15:27:46 - [TEST_STEP][PASSED] - delay(1): Delayed 1 second(s)

2022-01-17 15:27:47 - [MESSAGE][PASSED] - Delayed 1 second(s)

2022-01-17 15:27:47 - [TEST_STEP][PASSED] - setText(LOGN_EdtRdyUserID, "anggaaditya", 0): Text 'anggaaditya' has been set to element 'Object Repository/Mobile/Page/Login/Input Rdy - UserID'

2022-01-17 15:27:47 - [MESSAGE][WARNING] - Timeout '0' is invalid. Using default page load timeout: '60'

2022-01-17 15:27:48 - [MESSAGE][PASSED] - Text 'anggaaditya' has been set to element 'Object Repository/Mobile/Page/Login/Input Rdy - UserID'

2022-01-17 15:27:48 - [TEST_STEP][PASSED] - delay(1): Delayed 1 second(s)

2022-01-17 15:27:49 - [MESSAGE][PASSED] - Delayed 1 second(s)

2022-01-17 15:27:49 - [TEST_STEP][PASSED] - hideKeyboard(): Keyboard is hidden

2022-01-17 15:27:52 - [MESSAGE][PASSED] - Keyboard is hidden

2022-01-17 15:27:52 - [TEST_STEP][PASSED] - tap(LOGN_EdtPassword, 0): Tapped on element 'Object Repository/Mobile/Page/Login/Input - Password'

2022-01-17 15:27:52 - [MESSAGE][WARNING] - Timeout '0' is invalid. Using default page load timeout: '60'

2022-01-17 15:27:53 - [MESSAGE][PASSED] - Tapped on element 'Object Repository/Mobile/Page/Login/Input - Password'

2022-01-17 15:27:53 - [TEST_STEP][PASSED] - delay(1): Delayed 1 second(s)

2022-01-17 15:27:54 - [MESSAGE][PASSED] - Delayed 1 second(s)

2022-01-17 15:27:54 - [TEST_STEP][PASSED] - setText(LOGN_EdtRdyPassword, "Shalawa18", 0): Text 'Shalawa18' has been set to element 'Object Repository/Mobile/Page/Login/Input Rdy - Password'

2022-01-17 15:27:54 - [MESSAGE][WARNING] - Timeout '0' is invalid. Using default page load timeout: '60'

2022-01-17 15:27:54 - [MESSAGE][PASSED] - Text 'Shalawa18' has been set to element 'Object Repository/Mobile/Page/Login/Input Rdy - Password'

2022-01-17 15:27:54 - [TEST_STEP][PASSED] - delay(1): Delayed 1 second(s)

2022-01-17 15:27:55 - [MESSAGE][PASSED] - Delayed 1 second(s)

2022-01-17 15:27:55 - [TEST_STEP][PASSED] - hideKeyboard(): Keyboard is hidden

2022-01-17 15:28:01 - [MESSAGE][PASSED] - Keyboard is hidden

2022-01-17 15:28:01 - [TEST_STEP][PASSED] - tap(LOGN_BtnLogin, 0): Tapped on element 'Object Repository/Mobile/Page/Login/Button - Login'

2022-01-17 15:28:01 - [MESSAGE][WARNING] - Timeout '0' is invalid. Using default page load timeout: '60'

2022-01-17 15:28:02 - [MESSAGE][PASSED] - Tapped on element 'Object Repository/Mobile/Page/Login/Button - Login'

2022-01-17 15:28:02 - [TEST_STEP][PASSED] - delay(2): Delayed 2 second(s)

2022-01-17 15:28:04 - [MESSAGE][PASSED] - Delayed 2 second(s)

2022-01-17 15:28:04 - [TEST_STEP][PASSED] - break: null

2022-01-17 15:28:04 - [MESSAGE][PASSED] - Call Test Case 'Test Cases/Mobile/Page/Login/Login' successfully

2022-01-17 15:28:04 - [MESSAGE][PASSED] - Call Test Case 'Test Cases/Mobile/Page/CheckLogin' successfully

2022-01-17 15:28:04 - [TEST_STEP][PASSED] - tap(HOME_MenubarPortfolio, 0): Tapped on element 'Object Repository/Mobile/Page/Home/Menubar - Portfolio'

2022-01-17 15:28:04 - [MESSAGE][WARNING] - Timeout '0' is invalid. Using default page load timeout: '60'

2022-01-17 15:28:06 - [MESSAGE][PASSED] - Tapped on element 'Object Repository/Mobile/Page/Home/Menubar - Portfolio'

2022-01-17 15:28:06 - [TEST_STEP][PASSED] - delay(1): Delayed 1 second(s)

2022-01-17 15:28:07 - [MESSAGE][PASSED] - Delayed 1 second(s)

2022-01-17 15:28:07 - [TEST_STEP][PASSED] - for ([i = 0, i < 1, (i++)]): scroll.scroll.scrollScreenBottomToTop is PASSED

2022-01-17 15:28:07 - [TEST_STEP][PASSED] - if (tab == "summary"): null

2022-01-17 15:28:07 - [TEST_STEP][PASSED] - else if (tab == "stock"): null

2022-01-17 15:28:07 - [TEST_STEP][PASSED] - else if (tab == "mutualfund"): scroll.scroll.scrollScreenBottomToTop is PASSED

2022-01-17 15:28:07 - [TEST_STEP][PASSED] - tap(PORT_TabMutualFund, 0): Tapped on element 'Object Repository/Mobile/Page/Portfolio/Tab - Mutual Fund'

2022-01-17 15:28:07 - [MESSAGE][WARNING] - Timeout '0' is invalid. Using default page load timeout: '60'

2022-01-17 15:28:08 - [MESSAGE][PASSED] - Tapped on element 'Object Repository/Mobile/Page/Portfolio/Tab - Mutual Fund'

2022-01-17 15:28:08 - [TEST_STEP][PASSED] - delay(1): Delayed 1 second(s)

2022-01-17 15:28:09 - [MESSAGE][PASSED] - Delayed 1 second(s)

2022-01-17 15:28:09 - [TEST_STEP][PASSED] - try: scroll.scroll.scrollScreenBottomToTop is PASSED

2022-01-17 15:28:09 - [TEST_STEP][PASSED] - tapAndHold(PORT_ItemTopMutualFund, 1, 10): Tapped and held on element 'Object Repository/Mobile/Page/Portfolio/Item - Top Mutual Fund' with duration 1

2022-01-17 15:28:12 - [MESSAGE][PASSED] - Tapped and held on element 'Object Repository/Mobile/Page/Portfolio/Item - Top Mutual Fund' with duration 1

2022-01-17 15:28:12 - [TEST_STEP][PASSED] - delay(2): Delayed 2 second(s)

2022-01-17 15:28:14 - [MESSAGE][PASSED] - Delayed 2 second(s)

2022-01-17 15:28:14 - [TEST_STEP][PASSED] - switch (action2): null

2022-01-17 15:28:14 - [TEST_STEP][PASSED] - case "5 year":: null

2022-01-17 15:28:14 - [TEST_STEP][PASSED] - tapAndHold(PORT_DETL_Btn5Year, 1, 0): Tapped and held on element 'Object Repository/Mobile/Page/Portfolio/Detail Mutual Funds/Button - 5 Year' with duration 1

2022-01-17 15:28:14 - [MESSAGE][WARNING] - Timeout '0' is invalid. Using default page load timeout: '60'

2022-01-17 15:28:17 - [MESSAGE][PASSED] - Tapped and held on element 'Object Repository/Mobile/Page/Portfolio/Detail Mutual Funds/Button - 5 Year' with duration 1

2022-01-17 15:28:17 - [TEST_STEP][PASSED] - break: null

2022-01-17 15:28:17 - [TEST_STEP][PASSED] - delay(3): Delayed 3 second(s)

2022-01-17 15:28:20 - [MESSAGE][PASSED] - Delayed 3 second(s)

2022-01-17 15:28:20 - [TEST_STEP][PASSED] - scroll.scroll.scrollScreenBottomToTop(): scroll.scroll.scrollScreenBottomToTop is PASSED

2022-01-17 15:28:20 - [MESSAGE][PASSED] - Current device physical height is 1423

2022-01-17 15:28:20 - [MESSAGE][PASSED] - Current device physical width is 720

2022-01-17 15:28:21 - [MESSAGE][PASSED] - Swiped from 360,1,138 to 360,284

2022-01-17 15:28:21 - [MESSAGE][PASSED] - scroll.scroll.scrollScreenBottomToTop is PASSED

2022-01-17 15:28:21 - [MESSAGE][PASSED] - Call Test Case 'Test Cases/Mobile/Page/Portfolio/Portfolio' successfully

2022-01-17 15:28:21 - [TEST_STEP][PASSED] - callTestCase(findTestCase("Mobile/Page/Run App/Terminate App"), [:], STOP_ON_FAILURE): Call Test Case 'Test Cases/Mobile/Page/Run App/Terminate App' successfully

2022-01-17 15:28:22 - [TEST_CASE][PASSED] - Test Cases/Mobile/Page/Run App/Terminate App: Test Cases/Mobile/Page/Run App/Terminate App

2022-01-17 15:28:22 - [TEST_STEP][PASSED] - startApp.OpenApp.terminateApplication(): startApp.OpenApp.terminateApplication is PASSED

2022-01-17 15:28:25 - [MESSAGE][PASSED] - Delayed 3 second(s)

2022-01-17 15:28:25 - [MESSAGE][PASSED] - Current device physical width is 720

2022-01-17 15:28:25 - [MESSAGE][PASSED] - Current device physical height is 1423

2022-01-17 15:28:26 - [MESSAGE][PASSED] - Swiped from 360,853 to 360,142

2022-01-17 15:28:27 - [MESSAGE][PASSED] - Delayed 1 second(s)

2022-01-17 15:28:28 - [MESSAGE][PASSED] - Swiped from 360,853 to 360,142

2022-01-17 15:28:32 - [MESSAGE][PASSED] - Delayed 3 second(s)

2022-01-17 15:28:32 - [MESSAGE][PASSED] - startApp.OpenApp.terminateApplication is PASSED

2022-01-17 15:28:32 - [MESSAGE][PASSED] - Call Test Case 'Test Cases/Mobile/Page/Run App/Terminate App' successfully]]></system-out>
         <system-err><![CDATA[]]></system-err>
      </testcase>
      <testcase name="Test Cases/Mobile/Scenario/Portfolio/019 - Melihat detail mutual fund 10 year" time="62.795" classname="Test Cases/Mobile/Scenario/Portfolio/019 - Melihat detail mutual fund 10 year" status="PASSED">
         <system-out><![CDATA[2022-01-17 15:28:32 - [TEST_CASE][PASSED] - Test Cases/Mobile/Scenario/Portfolio/019 - Melihat detail mutual fund 10 year: Test Cases/Mobile/Scenario/Portfolio/019 - Melihat detail mutual fund 10 year

2022-01-17 15:28:32 - [TEST_STEP][PASSED] - callTestCase(findTestCase("Mobile/Page/Run App/Run App byID"), [:], STOP_ON_FAILURE): Call Test Case 'Test Cases/Mobile/Page/Run App/Run App byID' successfully

2022-01-17 15:28:32 - [TEST_CASE][PASSED] - Test Cases/Mobile/Page/Run App/Run App byID: Test Cases/Mobile/Page/Run App/Run App byID

2022-01-17 15:28:32 - [TEST_STEP][PASSED] - startApp.OpenApp.startApplication("id.co.miraeasset.sageclub"): startApp.OpenApp.startApplication is PASSED

2022-01-17 15:28:44 - [MESSAGE][PASSED] - Starting app with application ID: 'id.co.miraeasset.sageclub'

2022-01-17 15:28:44 - [MESSAGE][PASSED] - startApp.OpenApp.startApplication is PASSED

2022-01-17 15:28:44 - [MESSAGE][PASSED] - Call Test Case 'Test Cases/Mobile/Page/Run App/Run App byID' successfully

2022-01-17 15:28:44 - [TEST_STEP][PASSED] - callTestCase(findTestCase("Mobile/Page/Portfolio/Portfolio"), ["tab":"mutualfund", "action2":"10 year"], CONTINUE_ON_FAILURE): Call Test Case 'Test Cases/Mobile/Page/Portfolio/Portfolio' successfully

2022-01-17 15:28:44 - [TEST_CASE][PASSED] - Test Cases/Mobile/Page/Portfolio/Portfolio: Test Cases/Mobile/Page/Portfolio/Portfolio

2022-01-17 15:28:44 - [TEST_STEP][PASSED] - callTestCase(findTestCase("Mobile/Page/CheckLogin"), [:], CONTINUE_ON_FAILURE): Call Test Case 'Test Cases/Mobile/Page/CheckLogin' successfully

2022-01-17 15:28:44 - [TEST_CASE][PASSED] - Test Cases/Mobile/Page/CheckLogin: Test Cases/Mobile/Page/CheckLogin

2022-01-17 15:28:44 - [TEST_STEP][PASSED] - loginCheck = verifyElementExist(LOGN_BtnLogin, 5, CONTINUE_ON_FAILURE): Element 'Object Repository/Mobile/Page/Login/Button - Login' is exist

2022-01-17 15:28:46 - [MESSAGE][PASSED] - Element 'Object Repository/Mobile/Page/Login/Button - Login' is exist

2022-01-17 15:28:46 - [TEST_STEP][PASSED] - if (loginCheck): Call Test Case 'Test Cases/Mobile/Page/Login/Login' successfully

2022-01-17 15:28:46 - [TEST_STEP][PASSED] - callTestCase(findTestCase("Mobile/Page/Login/Login"), ["action":"username"], CONTINUE_ON_FAILURE): Call Test Case 'Test Cases/Mobile/Page/Login/Login' successfully

2022-01-17 15:28:46 - [TEST_CASE][PASSED] - Test Cases/Mobile/Page/Login/Login: Test Cases/Mobile/Page/Login/Login

2022-01-17 15:28:46 - [TEST_STEP][PASSED] - delay(2): Delayed 2 second(s)

2022-01-17 15:28:48 - [MESSAGE][PASSED] - Delayed 2 second(s)

2022-01-17 15:28:48 - [TEST_STEP][PASSED] - for ([i = 0, i < 1, (i++)]): null

2022-01-17 15:28:48 - [TEST_STEP][PASSED] - if (action == "username"): null

2022-01-17 15:28:48 - [TEST_STEP][PASSED] - tap(LOGN_EdtUserID, 0): Tapped on element 'Object Repository/Mobile/Page/Login/Input - UserID'

2022-01-17 15:28:48 - [MESSAGE][WARNING] - Timeout '0' is invalid. Using default page load timeout: '60'

2022-01-17 15:28:48 - [MESSAGE][PASSED] - Tapped on element 'Object Repository/Mobile/Page/Login/Input - UserID'

2022-01-17 15:28:48 - [TEST_STEP][PASSED] - delay(1): Delayed 1 second(s)

2022-01-17 15:28:49 - [MESSAGE][PASSED] - Delayed 1 second(s)

2022-01-17 15:28:49 - [TEST_STEP][PASSED] - setText(LOGN_EdtRdyUserID, "anggaaditya", 0): Text 'anggaaditya' has been set to element 'Object Repository/Mobile/Page/Login/Input Rdy - UserID'

2022-01-17 15:28:49 - [MESSAGE][WARNING] - Timeout '0' is invalid. Using default page load timeout: '60'

2022-01-17 15:28:50 - [MESSAGE][PASSED] - Text 'anggaaditya' has been set to element 'Object Repository/Mobile/Page/Login/Input Rdy - UserID'

2022-01-17 15:28:50 - [TEST_STEP][PASSED] - delay(1): Delayed 1 second(s)

2022-01-17 15:28:51 - [MESSAGE][PASSED] - Delayed 1 second(s)

2022-01-17 15:28:51 - [TEST_STEP][PASSED] - hideKeyboard(): Keyboard is hidden

2022-01-17 15:28:54 - [MESSAGE][PASSED] - Keyboard is hidden

2022-01-17 15:28:54 - [TEST_STEP][PASSED] - tap(LOGN_EdtPassword, 0): Tapped on element 'Object Repository/Mobile/Page/Login/Input - Password'

2022-01-17 15:28:54 - [MESSAGE][WARNING] - Timeout '0' is invalid. Using default page load timeout: '60'

2022-01-17 15:28:55 - [MESSAGE][PASSED] - Tapped on element 'Object Repository/Mobile/Page/Login/Input - Password'

2022-01-17 15:28:55 - [TEST_STEP][PASSED] - delay(1): Delayed 1 second(s)

2022-01-17 15:28:56 - [MESSAGE][PASSED] - Delayed 1 second(s)

2022-01-17 15:28:56 - [TEST_STEP][PASSED] - setText(LOGN_EdtRdyPassword, "Shalawa18", 0): Text 'Shalawa18' has been set to element 'Object Repository/Mobile/Page/Login/Input Rdy - Password'

2022-01-17 15:28:56 - [MESSAGE][WARNING] - Timeout '0' is invalid. Using default page load timeout: '60'

2022-01-17 15:28:57 - [MESSAGE][PASSED] - Text 'Shalawa18' has been set to element 'Object Repository/Mobile/Page/Login/Input Rdy - Password'

2022-01-17 15:28:57 - [TEST_STEP][PASSED] - delay(1): Delayed 1 second(s)

2022-01-17 15:28:58 - [MESSAGE][PASSED] - Delayed 1 second(s)

2022-01-17 15:28:58 - [TEST_STEP][PASSED] - hideKeyboard(): Keyboard is hidden

2022-01-17 15:29:04 - [MESSAGE][PASSED] - Keyboard is hidden

2022-01-17 15:29:04 - [TEST_STEP][PASSED] - tap(LOGN_BtnLogin, 0): Tapped on element 'Object Repository/Mobile/Page/Login/Button - Login'

2022-01-17 15:29:04 - [MESSAGE][WARNING] - Timeout '0' is invalid. Using default page load timeout: '60'

2022-01-17 15:29:05 - [MESSAGE][PASSED] - Tapped on element 'Object Repository/Mobile/Page/Login/Button - Login'

2022-01-17 15:29:05 - [TEST_STEP][PASSED] - delay(2): Delayed 2 second(s)

2022-01-17 15:29:07 - [MESSAGE][PASSED] - Delayed 2 second(s)

2022-01-17 15:29:07 - [TEST_STEP][PASSED] - break: null

2022-01-17 15:29:07 - [MESSAGE][PASSED] - Call Test Case 'Test Cases/Mobile/Page/Login/Login' successfully

2022-01-17 15:29:07 - [MESSAGE][PASSED] - Call Test Case 'Test Cases/Mobile/Page/CheckLogin' successfully

2022-01-17 15:29:07 - [TEST_STEP][PASSED] - tap(HOME_MenubarPortfolio, 0): Tapped on element 'Object Repository/Mobile/Page/Home/Menubar - Portfolio'

2022-01-17 15:29:07 - [MESSAGE][WARNING] - Timeout '0' is invalid. Using default page load timeout: '60'

2022-01-17 15:29:08 - [MESSAGE][PASSED] - Tapped on element 'Object Repository/Mobile/Page/Home/Menubar - Portfolio'

2022-01-17 15:29:08 - [TEST_STEP][PASSED] - delay(1): Delayed 1 second(s)

2022-01-17 15:29:09 - [MESSAGE][PASSED] - Delayed 1 second(s)

2022-01-17 15:29:09 - [TEST_STEP][PASSED] - for ([i = 0, i < 1, (i++)]): scroll.scroll.scrollScreenBottomToTop is PASSED

2022-01-17 15:29:09 - [TEST_STEP][PASSED] - if (tab == "summary"): null

2022-01-17 15:29:09 - [TEST_STEP][PASSED] - else if (tab == "stock"): null

2022-01-17 15:29:09 - [TEST_STEP][PASSED] - else if (tab == "mutualfund"): scroll.scroll.scrollScreenBottomToTop is PASSED

2022-01-17 15:29:09 - [TEST_STEP][PASSED] - tap(PORT_TabMutualFund, 0): Tapped on element 'Object Repository/Mobile/Page/Portfolio/Tab - Mutual Fund'

2022-01-17 15:29:09 - [MESSAGE][WARNING] - Timeout '0' is invalid. Using default page load timeout: '60'

2022-01-17 15:29:11 - [MESSAGE][PASSED] - Tapped on element 'Object Repository/Mobile/Page/Portfolio/Tab - Mutual Fund'

2022-01-17 15:29:11 - [TEST_STEP][PASSED] - delay(1): Delayed 1 second(s)

2022-01-17 15:29:12 - [MESSAGE][PASSED] - Delayed 1 second(s)

2022-01-17 15:29:12 - [TEST_STEP][PASSED] - try: scroll.scroll.scrollScreenBottomToTop is PASSED

2022-01-17 15:29:12 - [TEST_STEP][PASSED] - tapAndHold(PORT_ItemTopMutualFund, 1, 10): Tapped and held on element 'Object Repository/Mobile/Page/Portfolio/Item - Top Mutual Fund' with duration 1

2022-01-17 15:29:15 - [MESSAGE][PASSED] - Tapped and held on element 'Object Repository/Mobile/Page/Portfolio/Item - Top Mutual Fund' with duration 1

2022-01-17 15:29:15 - [TEST_STEP][PASSED] - delay(2): Delayed 2 second(s)

2022-01-17 15:29:17 - [MESSAGE][PASSED] - Delayed 2 second(s)

2022-01-17 15:29:17 - [TEST_STEP][PASSED] - switch (action2): null

2022-01-17 15:29:17 - [TEST_STEP][PASSED] - case "10 year":: null

2022-01-17 15:29:17 - [TEST_STEP][PASSED] - tapAndHold(PORT_DETL_Btn10Year, 1, 0): Tapped and held on element 'Object Repository/Mobile/Page/Portfolio/Detail Mutual Funds/Button - 10 Year' with duration 1

2022-01-17 15:29:17 - [MESSAGE][WARNING] - Timeout '0' is invalid. Using default page load timeout: '60'

2022-01-17 15:29:19 - [MESSAGE][PASSED] - Tapped and held on element 'Object Repository/Mobile/Page/Portfolio/Detail Mutual Funds/Button - 10 Year' with duration 1

2022-01-17 15:29:19 - [TEST_STEP][PASSED] - break: null

2022-01-17 15:29:19 - [TEST_STEP][PASSED] - delay(3): Delayed 3 second(s)

2022-01-17 15:29:22 - [MESSAGE][PASSED] - Delayed 3 second(s)

2022-01-17 15:29:22 - [TEST_STEP][PASSED] - scroll.scroll.scrollScreenBottomToTop(): scroll.scroll.scrollScreenBottomToTop is PASSED

2022-01-17 15:29:23 - [MESSAGE][PASSED] - Current device physical height is 1423

2022-01-17 15:29:23 - [MESSAGE][PASSED] - Current device physical width is 720

2022-01-17 15:29:24 - [MESSAGE][PASSED] - Swiped from 360,1,138 to 360,284

2022-01-17 15:29:24 - [MESSAGE][PASSED] - scroll.scroll.scrollScreenBottomToTop is PASSED

2022-01-17 15:29:24 - [MESSAGE][PASSED] - Call Test Case 'Test Cases/Mobile/Page/Portfolio/Portfolio' successfully

2022-01-17 15:29:24 - [TEST_STEP][PASSED] - callTestCase(findTestCase("Mobile/Page/Run App/Terminate App"), [:], STOP_ON_FAILURE): Call Test Case 'Test Cases/Mobile/Page/Run App/Terminate App' successfully

2022-01-17 15:29:24 - [TEST_CASE][PASSED] - Test Cases/Mobile/Page/Run App/Terminate App: Test Cases/Mobile/Page/Run App/Terminate App

2022-01-17 15:29:24 - [TEST_STEP][PASSED] - startApp.OpenApp.terminateApplication(): startApp.OpenApp.terminateApplication is PASSED

2022-01-17 15:29:27 - [MESSAGE][PASSED] - Delayed 3 second(s)

2022-01-17 15:29:27 - [MESSAGE][PASSED] - Current device physical width is 720

2022-01-17 15:29:28 - [MESSAGE][PASSED] - Current device physical height is 1423

2022-01-17 15:29:29 - [MESSAGE][PASSED] - Swiped from 360,853 to 360,142

2022-01-17 15:29:30 - [MESSAGE][PASSED] - Delayed 1 second(s)

2022-01-17 15:29:31 - [MESSAGE][PASSED] - Swiped from 360,853 to 360,142

2022-01-17 15:29:34 - [MESSAGE][PASSED] - Delayed 3 second(s)

2022-01-17 15:29:34 - [MESSAGE][PASSED] - startApp.OpenApp.terminateApplication is PASSED

2022-01-17 15:29:34 - [MESSAGE][PASSED] - Call Test Case 'Test Cases/Mobile/Page/Run App/Terminate App' successfully]]></system-out>
         <system-err><![CDATA[]]></system-err>
      </testcase>
      <system-out><![CDATA[2022-01-17 15:09:12 - [TEST_SUITE][PASSED] - portfolio: Test Cases/Mobile/Scenario/Portfolio/019 - Melihat detail mutual fund 10 year]]></system-out>
      <system-err><![CDATA[]]></system-err>
   </testsuite>
</testsuites>
