<?xml version="1.0" encoding="UTF-8"?>
<testsuites name="login" time="256.09" tests="5" failures="0" skips="0" errors="0">
   <testsuite name="login" tests="5" failures="0" errors="0" time="256.09" skips="0" timestamp="2022-02-23 13:03:40" hostname="Owner - aldy-tft" id="Test Suites/login">
      <properties>
         <property name="deviceName" value="samsung SM-A205F (Android 11)"/>
         <property name="devicePlatform" value=""/>
         <property name="logFolder" value="C:\\Users\\Owner\\Documents\\kerjaan\\KatalonProject\\qa_katalon_pwm\\qa_katalon_pwm\\Reports\\20220223_125403\\login\\20220223_125408"/>
         <property name="logFiles" value="C:\\Users\\Owner\\Documents\\kerjaan\\KatalonProject\\qa_katalon_pwm\\qa_katalon_pwm\\Reports\\20220223_125403\\login\\20220223_125408\\appium.log, C:\\Users\\Owner\\Documents\\kerjaan\\KatalonProject\\qa_katalon_pwm\\qa_katalon_pwm\\Reports\\20220223_125403\\login\\20220223_125408\\execution0.log"/>
         <property name="attachments" value=""/>
         <property name="hostName" value="Owner - aldy-tft"/>
         <property name="os" value="Windows 10 64bit"/>
         <property name="appiumServerStatus" value="{&quot;value&quot;:{&quot;build&quot;:{&quot;version&quot;:&quot;1.22.0&quot;}},&quot;sessionId&quot;:null,&quot;status&quot;:0}"/>
         <property name="katalonVersion" value="7.9.1.208"/>
         <property name="deviceOS" value="Android"/>
         <property name="appiumVersion" value="1.22.0"/>
         <property name="deviceModel" value="SM-A205F"/>
         <property name="hostAddress" value="192.168.100.14"/>
         <property name="deviceManufacturer" value="samsung"/>
         <property name="deviceId" value="RR8M40C9AXE"/>
         <property name="deviceName" value="samsung SM-A205F (Android 11)"/>
         <property name="deviceOSVersion" value="11"/>
      </properties>
      <testcase name="Test Cases/Mobile/Scenario/Login/001 - Login dengan username" time="61.334" classname="Test Cases/Mobile/Scenario/Login/001 - Login dengan username" status="PASSED">
         <system-out><![CDATA[2022-02-23 13:03:41 - [TEST_CASE][PASSED] - Test Cases/Mobile/Scenario/Login/001 - Login dengan username: Test Cases/Mobile/Scenario/Login/001 - Login dengan username

2022-02-23 13:03:41 - [TEST_STEP][PASSED] - callTestCase(findTestCase("Mobile/Page/Run App/Run App byID"), [:], STOP_ON_FAILURE): Call Test Case 'Test Cases/Mobile/Page/Run App/Run App byID' successfully

2022-02-23 13:03:41 - [TEST_CASE][PASSED] - Test Cases/Mobile/Page/Run App/Run App byID: Test Cases/Mobile/Page/Run App/Run App byID

2022-02-23 13:03:41 - [TEST_STEP][PASSED] - startApp.OpenApp.startApplication("id.co.miraeasset.sageclub"): startApp.OpenApp.startApplication is PASSED

2022-02-23 13:03:43 - [MESSAGE][INFO] - Appium server started on port 50,091

2022-02-23 13:03:57 - [MESSAGE][PASSED] - Starting app with application ID: 'id.co.miraeasset.sageclub'

2022-02-23 13:03:57 - [MESSAGE][PASSED] - startApp.OpenApp.startApplication is PASSED

2022-02-23 13:03:57 - [MESSAGE][PASSED] - Call Test Case 'Test Cases/Mobile/Page/Run App/Run App byID' successfully

2022-02-23 13:03:57 - [TEST_STEP][PASSED] - callTestCase(findTestCase("Mobile/Page/Login/Login"), ["action":"username"], CONTINUE_ON_FAILURE): Call Test Case 'Test Cases/Mobile/Page/Login/Login' successfully

2022-02-23 13:03:57 - [TEST_CASE][PASSED] - Test Cases/Mobile/Page/Login/Login: Test Cases/Mobile/Page/Login/Login

2022-02-23 13:03:57 - [TEST_STEP][PASSED] - delay(2): Delayed 2 second(s)

2022-02-23 13:03:59 - [MESSAGE][PASSED] - Delayed 2 second(s)

2022-02-23 13:03:59 - [TEST_STEP][PASSED] - for ([i = 0, i < 1, (i++)]): null

2022-02-23 13:03:59 - [TEST_STEP][PASSED] - if (action == "username"): null

2022-02-23 13:03:59 - [TEST_STEP][PASSED] - tap(LOGN_EdtUserID, 0): Tapped on element 'Object Repository/Mobile/Page/Login/Input - UserID'

2022-02-23 13:03:59 - [MESSAGE][WARNING] - Test object with id 'Object Repository/Mobile/Page/Analysis/Button - Open With Just Once' does not exist

2022-02-23 13:03:59 - [MESSAGE][WARNING] - Test object with id 'Object Repository/Mobile/Page/Analysis/Button - Search' does not exist

2022-02-23 13:04:00 - [MESSAGE][WARNING] - Test object with id 'Object Repository/Mobile/Page/Home/Button -  Add Watchlist' does not exist

2022-02-23 13:04:00 - [MESSAGE][WARNING] - Test object with id 'Object Repository/Mobile/Page/Home/Button - Open with Just Once' does not exist

2022-02-23 13:04:01 - [MESSAGE][WARNING] - Test object with id 'Object Repository/Mobile/Page/Home/Container - Notification' does not exist

2022-02-23 13:04:01 - [MESSAGE][WARNING] - Test object with id 'Object Repository/Mobile/Page/Home/Watchlist/Input - Search' does not exist

2022-02-23 13:04:01 - [MESSAGE][WARNING] - Test object with id 'Object Repository/Mobile/Page/Home/Watchlist/Item - Top Search' does not exist

2022-02-23 13:04:01 - [MESSAGE][WARNING] - Test object with id 'Object Repository/Mobile/Page/Home/Watchlist/Detail Watchlist/Input - Expiry Date' does not exist

2022-02-23 13:04:01 - [MESSAGE][WARNING] - Test object with id 'Object Repository/Mobile/Page/Home/Watchlist/Detail Watchlist/Item - Watchlist' does not exist

2022-02-23 13:04:02 - [MESSAGE][WARNING] - Test object with id 'Object Repository/Mobile/Page/NavigationMenu/Button - Open Just Once' does not exist

2022-02-23 13:04:02 - [MESSAGE][WARNING] - Test object with id 'Object Repository/Mobile/Page/NavigationMenu/Container - Logout' does not exist

2022-02-23 13:04:05 - [MESSAGE][WARNING] - Test object with id 'Object Repository/Mobile/Page/Analysis/Button - Open With Just Once' does not exist

2022-02-23 13:04:05 - [MESSAGE][WARNING] - Test object with id 'Object Repository/Mobile/Page/Analysis/Button - Search' does not exist

2022-02-23 13:04:06 - [MESSAGE][WARNING] - Test object with id 'Object Repository/Mobile/Page/Home/Button -  Add Watchlist' does not exist

2022-02-23 13:04:06 - [MESSAGE][WARNING] - Test object with id 'Object Repository/Mobile/Page/Home/Button - Open with Just Once' does not exist

2022-02-23 13:04:06 - [MESSAGE][WARNING] - Test object with id 'Object Repository/Mobile/Page/Home/Container - Notification' does not exist

2022-02-23 13:04:07 - [MESSAGE][WARNING] - Test object with id 'Object Repository/Mobile/Page/Home/Watchlist/Input - Search' does not exist

2022-02-23 13:04:07 - [MESSAGE][WARNING] - Test object with id 'Object Repository/Mobile/Page/Home/Watchlist/Item - Top Search' does not exist

2022-02-23 13:04:07 - [MESSAGE][WARNING] - Test object with id 'Object Repository/Mobile/Page/Home/Watchlist/Detail Watchlist/Input - Expiry Date' does not exist

2022-02-23 13:04:07 - [MESSAGE][WARNING] - Test object with id 'Object Repository/Mobile/Page/Home/Watchlist/Detail Watchlist/Item - Watchlist' does not exist

2022-02-23 13:04:08 - [MESSAGE][WARNING] - Test object with id 'Object Repository/Mobile/Page/NavigationMenu/Button - Open Just Once' does not exist

2022-02-23 13:04:08 - [MESSAGE][WARNING] - Test object with id 'Object Repository/Mobile/Page/NavigationMenu/Container - Logout' does not exist

2022-02-23 13:04:11 - [MESSAGE][WARNING] - Timeout '0' is invalid. Using default page load timeout: '60'

2022-02-23 13:04:12 - [MESSAGE][PASSED] - Tapped on element 'Object Repository/Mobile/Page/Login/Input - UserID'

2022-02-23 13:04:12 - [TEST_STEP][PASSED] - delay(1): Delayed 1 second(s)

2022-02-23 13:04:13 - [MESSAGE][PASSED] - Delayed 1 second(s)

2022-02-23 13:04:13 - [TEST_STEP][PASSED] - setText(LOGN_EdtRdyUserID, "anggaaditya", 0): Text 'anggaaditya' has been set to element 'Object Repository/Mobile/Page/Login/Input Rdy - UserID'

2022-02-23 13:04:13 - [MESSAGE][WARNING] - Timeout '0' is invalid. Using default page load timeout: '60'

2022-02-23 13:04:14 - [MESSAGE][PASSED] - Text 'anggaaditya' has been set to element 'Object Repository/Mobile/Page/Login/Input Rdy - UserID'

2022-02-23 13:04:14 - [TEST_STEP][PASSED] - delay(1): Delayed 1 second(s)

2022-02-23 13:04:15 - [MESSAGE][PASSED] - Delayed 1 second(s)

2022-02-23 13:04:15 - [TEST_STEP][PASSED] - hideKeyboard(): Keyboard is hidden

2022-02-23 13:04:18 - [MESSAGE][PASSED] - Keyboard is hidden

2022-02-23 13:04:18 - [TEST_STEP][PASSED] - tap(LOGN_EdtPassword, 0): Tapped on element 'Object Repository/Mobile/Page/Login/Input - Password'

2022-02-23 13:04:18 - [MESSAGE][WARNING] - Timeout '0' is invalid. Using default page load timeout: '60'

2022-02-23 13:04:19 - [MESSAGE][PASSED] - Tapped on element 'Object Repository/Mobile/Page/Login/Input - Password'

2022-02-23 13:04:19 - [TEST_STEP][PASSED] - delay(1): Delayed 1 second(s)

2022-02-23 13:04:20 - [MESSAGE][PASSED] - Delayed 1 second(s)

2022-02-23 13:04:20 - [TEST_STEP][PASSED] - setText(LOGN_EdtRdyPassword, "Shalawa18", 0): Text 'Shalawa18' has been set to element 'Object Repository/Mobile/Page/Login/Input Rdy - Password'

2022-02-23 13:04:20 - [MESSAGE][WARNING] - Timeout '0' is invalid. Using default page load timeout: '60'

2022-02-23 13:04:20 - [MESSAGE][PASSED] - Text 'Shalawa18' has been set to element 'Object Repository/Mobile/Page/Login/Input Rdy - Password'

2022-02-23 13:04:20 - [TEST_STEP][PASSED] - delay(1): Delayed 1 second(s)

2022-02-23 13:04:21 - [MESSAGE][PASSED] - Delayed 1 second(s)

2022-02-23 13:04:21 - [TEST_STEP][PASSED] - hideKeyboard(): Keyboard is hidden

2022-02-23 13:04:27 - [MESSAGE][PASSED] - Keyboard is hidden

2022-02-23 13:04:27 - [TEST_STEP][PASSED] - tap(LOGN_BtnLogin, 0): Tapped on element 'Object Repository/Mobile/Page/Login/Button - Login'

2022-02-23 13:04:27 - [MESSAGE][WARNING] - Timeout '0' is invalid. Using default page load timeout: '60'

2022-02-23 13:04:28 - [MESSAGE][PASSED] - Tapped on element 'Object Repository/Mobile/Page/Login/Button - Login'

2022-02-23 13:04:28 - [TEST_STEP][PASSED] - delay(2): Delayed 2 second(s)

2022-02-23 13:04:30 - [MESSAGE][PASSED] - Delayed 2 second(s)

2022-02-23 13:04:30 - [TEST_STEP][PASSED] - break: null

2022-02-23 13:04:30 - [MESSAGE][PASSED] - Call Test Case 'Test Cases/Mobile/Page/Login/Login' successfully

2022-02-23 13:04:30 - [TEST_STEP][PASSED] - callTestCase(findTestCase("Mobile/Page/Run App/Terminate App"), [:], STOP_ON_FAILURE): Call Test Case 'Test Cases/Mobile/Page/Run App/Terminate App' successfully

2022-02-23 13:04:30 - [TEST_CASE][PASSED] - Test Cases/Mobile/Page/Run App/Terminate App: Test Cases/Mobile/Page/Run App/Terminate App

2022-02-23 13:04:31 - [TEST_STEP][PASSED] - startApp.OpenApp.terminateApplication(): startApp.OpenApp.terminateApplication is PASSED

2022-02-23 13:04:35 - [MESSAGE][PASSED] - Delayed 3 second(s)

2022-02-23 13:04:35 - [MESSAGE][PASSED] - Current device physical width is 720

2022-02-23 13:04:35 - [MESSAGE][PASSED] - Current device physical height is 1423

2022-02-23 13:04:37 - [MESSAGE][PASSED] - Swiped from 360,853 to 360,142

2022-02-23 13:04:38 - [MESSAGE][PASSED] - Delayed 1 second(s)

2022-02-23 13:04:39 - [MESSAGE][PASSED] - Swiped from 360,853 to 360,142

2022-02-23 13:04:42 - [MESSAGE][PASSED] - Delayed 3 second(s)

2022-02-23 13:04:42 - [MESSAGE][PASSED] - startApp.OpenApp.terminateApplication is PASSED

2022-02-23 13:04:42 - [MESSAGE][PASSED] - Call Test Case 'Test Cases/Mobile/Page/Run App/Terminate App' successfully]]></system-out>
         <system-err><![CDATA[]]></system-err>
      </testcase>
      <testcase name="Test Cases/Mobile/Scenario/Login/002 - Login dengan password salah" time="44.308" classname="Test Cases/Mobile/Scenario/Login/002 - Login dengan password salah" status="PASSED">
         <system-out><![CDATA[2022-02-23 13:04:42 - [TEST_CASE][PASSED] - Test Cases/Mobile/Scenario/Login/002 - Login dengan password salah: Test Cases/Mobile/Scenario/Login/002 - Login dengan password salah

2022-02-23 13:04:42 - [TEST_STEP][PASSED] - callTestCase(findTestCase("Mobile/Page/Run App/Run App byID"), [:], STOP_ON_FAILURE): Call Test Case 'Test Cases/Mobile/Page/Run App/Run App byID' successfully

2022-02-23 13:04:42 - [TEST_CASE][PASSED] - Test Cases/Mobile/Page/Run App/Run App byID: Test Cases/Mobile/Page/Run App/Run App byID

2022-02-23 13:04:42 - [TEST_STEP][PASSED] - startApp.OpenApp.startApplication("id.co.miraeasset.sageclub"): startApp.OpenApp.startApplication is PASSED

2022-02-23 13:04:55 - [MESSAGE][PASSED] - Starting app with application ID: 'id.co.miraeasset.sageclub'

2022-02-23 13:04:55 - [MESSAGE][PASSED] - startApp.OpenApp.startApplication is PASSED

2022-02-23 13:04:55 - [MESSAGE][PASSED] - Call Test Case 'Test Cases/Mobile/Page/Run App/Run App byID' successfully

2022-02-23 13:04:55 - [TEST_STEP][PASSED] - callTestCase(findTestCase("Mobile/Page/Login/Login"), ["action":"wrongpassword"], CONTINUE_ON_FAILURE): Call Test Case 'Test Cases/Mobile/Page/Login/Login' successfully

2022-02-23 13:04:55 - [TEST_CASE][PASSED] - Test Cases/Mobile/Page/Login/Login: Test Cases/Mobile/Page/Login/Login

2022-02-23 13:04:55 - [TEST_STEP][PASSED] - delay(2): Delayed 2 second(s)

2022-02-23 13:04:57 - [MESSAGE][PASSED] - Delayed 2 second(s)

2022-02-23 13:04:57 - [TEST_STEP][PASSED] - for ([i = 0, i < 1, (i++)]): null

2022-02-23 13:04:57 - [TEST_STEP][PASSED] - if (action == "username"): null

2022-02-23 13:04:57 - [TEST_STEP][PASSED] - else if (action == "wrongpassword"): null

2022-02-23 13:04:57 - [TEST_STEP][PASSED] - tap(LOGN_EdtUserID, 0): Tapped on element 'Object Repository/Mobile/Page/Login/Input - UserID'

2022-02-23 13:04:57 - [MESSAGE][WARNING] - Timeout '0' is invalid. Using default page load timeout: '60'

2022-02-23 13:04:58 - [MESSAGE][PASSED] - Tapped on element 'Object Repository/Mobile/Page/Login/Input - UserID'

2022-02-23 13:04:58 - [TEST_STEP][PASSED] - delay(1): Delayed 1 second(s)

2022-02-23 13:04:59 - [MESSAGE][PASSED] - Delayed 1 second(s)

2022-02-23 13:04:59 - [TEST_STEP][PASSED] - setText(LOGN_EdtRdyUserID, "anggaaditya", 0): Text 'anggaaditya' has been set to element 'Object Repository/Mobile/Page/Login/Input Rdy - UserID'

2022-02-23 13:04:59 - [MESSAGE][WARNING] - Timeout '0' is invalid. Using default page load timeout: '60'

2022-02-23 13:04:59 - [MESSAGE][PASSED] - Text 'anggaaditya' has been set to element 'Object Repository/Mobile/Page/Login/Input Rdy - UserID'

2022-02-23 13:04:59 - [TEST_STEP][PASSED] - delay(1): Delayed 1 second(s)

2022-02-23 13:05:00 - [MESSAGE][PASSED] - Delayed 1 second(s)

2022-02-23 13:05:00 - [TEST_STEP][PASSED] - hideKeyboard(): Keyboard is hidden

2022-02-23 13:05:04 - [MESSAGE][PASSED] - Keyboard is hidden

2022-02-23 13:05:04 - [TEST_STEP][PASSED] - tap(LOGN_EdtPassword, 0): Tapped on element 'Object Repository/Mobile/Page/Login/Input - Password'

2022-02-23 13:05:04 - [MESSAGE][WARNING] - Timeout '0' is invalid. Using default page load timeout: '60'

2022-02-23 13:05:04 - [MESSAGE][PASSED] - Tapped on element 'Object Repository/Mobile/Page/Login/Input - Password'

2022-02-23 13:05:04 - [TEST_STEP][PASSED] - delay(1): Delayed 1 second(s)

2022-02-23 13:05:05 - [MESSAGE][PASSED] - Delayed 1 second(s)

2022-02-23 13:05:05 - [TEST_STEP][PASSED] - setText(LOGN_EdtRdyPassword, "Shalawa181", 0): Text 'Shalawa181' has been set to element 'Object Repository/Mobile/Page/Login/Input Rdy - Password'

2022-02-23 13:05:05 - [MESSAGE][WARNING] - Timeout '0' is invalid. Using default page load timeout: '60'

2022-02-23 13:05:06 - [MESSAGE][PASSED] - Text 'Shalawa181' has been set to element 'Object Repository/Mobile/Page/Login/Input Rdy - Password'

2022-02-23 13:05:06 - [TEST_STEP][PASSED] - delay(1): Delayed 1 second(s)

2022-02-23 13:05:07 - [MESSAGE][PASSED] - Delayed 1 second(s)

2022-02-23 13:05:07 - [TEST_STEP][PASSED] - hideKeyboard(): Keyboard is hidden

2022-02-23 13:05:13 - [MESSAGE][PASSED] - Keyboard is hidden

2022-02-23 13:05:13 - [TEST_STEP][PASSED] - tap(LOGN_BtnLogin, 0): Tapped on element 'Object Repository/Mobile/Page/Login/Button - Login'

2022-02-23 13:05:13 - [MESSAGE][WARNING] - Timeout '0' is invalid. Using default page load timeout: '60'

2022-02-23 13:05:14 - [MESSAGE][PASSED] - Tapped on element 'Object Repository/Mobile/Page/Login/Button - Login'

2022-02-23 13:05:14 - [TEST_STEP][PASSED] - delay(2): Delayed 2 second(s)

2022-02-23 13:05:16 - [MESSAGE][PASSED] - Delayed 2 second(s)

2022-02-23 13:05:16 - [TEST_STEP][PASSED] - verify = verifyElementExist(LOGN_AlertInvalidCredentials, 5, STOP_ON_FAILURE): Element 'Object Repository/Mobile/Page/Login/Alert - Invalid credentials' is exist

2022-02-23 13:05:16 - [MESSAGE][PASSED] - Element 'Object Repository/Mobile/Page/Login/Alert - Invalid credentials' is exist

2022-02-23 13:05:16 - [TEST_STEP][PASSED] - break: null

2022-02-23 13:05:16 - [MESSAGE][PASSED] - Call Test Case 'Test Cases/Mobile/Page/Login/Login' successfully

2022-02-23 13:05:16 - [TEST_STEP][PASSED] - callTestCase(findTestCase("Mobile/Page/Run App/Terminate App"), [:], STOP_ON_FAILURE): Call Test Case 'Test Cases/Mobile/Page/Run App/Terminate App' successfully

2022-02-23 13:05:16 - [TEST_CASE][PASSED] - Test Cases/Mobile/Page/Run App/Terminate App: Test Cases/Mobile/Page/Run App/Terminate App

2022-02-23 13:05:16 - [TEST_STEP][PASSED] - startApp.OpenApp.terminateApplication(): startApp.OpenApp.terminateApplication is PASSED

2022-02-23 13:05:19 - [MESSAGE][PASSED] - Delayed 3 second(s)

2022-02-23 13:05:19 - [MESSAGE][PASSED] - Current device physical width is 720

2022-02-23 13:05:20 - [MESSAGE][PASSED] - Current device physical height is 1423

2022-02-23 13:05:21 - [MESSAGE][PASSED] - Swiped from 360,853 to 360,142

2022-02-23 13:05:22 - [MESSAGE][PASSED] - Delayed 1 second(s)

2022-02-23 13:05:23 - [MESSAGE][PASSED] - Swiped from 360,853 to 360,142

2022-02-23 13:05:26 - [MESSAGE][PASSED] - Delayed 3 second(s)

2022-02-23 13:05:26 - [MESSAGE][PASSED] - startApp.OpenApp.terminateApplication is PASSED

2022-02-23 13:05:26 - [MESSAGE][PASSED] - Call Test Case 'Test Cases/Mobile/Page/Run App/Terminate App' successfully]]></system-out>
         <system-err><![CDATA[]]></system-err>
      </testcase>
      <testcase name="Test Cases/Mobile/Scenario/Login/003 - Login tanpa internet" time="56.141" classname="Test Cases/Mobile/Scenario/Login/003 - Login tanpa internet" status="PASSED">
         <system-out><![CDATA[2022-02-23 13:05:26 - [TEST_CASE][PASSED] - Test Cases/Mobile/Scenario/Login/003 - Login tanpa internet: Test Cases/Mobile/Scenario/Login/003 - Login tanpa internet

2022-02-23 13:05:26 - [TEST_STEP][PASSED] - callTestCase(findTestCase("Mobile/Page/Run App/Run App byID"), [:], STOP_ON_FAILURE): Call Test Case 'Test Cases/Mobile/Page/Run App/Run App byID' successfully

2022-02-23 13:05:27 - [TEST_CASE][PASSED] - Test Cases/Mobile/Page/Run App/Run App byID: Test Cases/Mobile/Page/Run App/Run App byID

2022-02-23 13:05:27 - [TEST_STEP][PASSED] - startApp.OpenApp.startApplication("id.co.miraeasset.sageclub"): startApp.OpenApp.startApplication is PASSED

2022-02-23 13:05:38 - [MESSAGE][PASSED] - Starting app with application ID: 'id.co.miraeasset.sageclub'

2022-02-23 13:05:38 - [MESSAGE][PASSED] - startApp.OpenApp.startApplication is PASSED

2022-02-23 13:05:38 - [MESSAGE][PASSED] - Call Test Case 'Test Cases/Mobile/Page/Run App/Run App byID' successfully

2022-02-23 13:05:38 - [TEST_STEP][PASSED] - callTestCase(findTestCase("Mobile/Page/Login/Login"), ["action":"nointernet"], CONTINUE_ON_FAILURE): Call Test Case 'Test Cases/Mobile/Page/Login/Login' successfully

2022-02-23 13:05:38 - [TEST_CASE][PASSED] - Test Cases/Mobile/Page/Login/Login: Test Cases/Mobile/Page/Login/Login

2022-02-23 13:05:38 - [TEST_STEP][PASSED] - delay(2): Delayed 2 second(s)

2022-02-23 13:05:40 - [MESSAGE][PASSED] - Delayed 2 second(s)

2022-02-23 13:05:40 - [TEST_STEP][PASSED] - for ([i = 0, i < 1, (i++)]): null

2022-02-23 13:05:40 - [TEST_STEP][PASSED] - if (action == "username"): null

2022-02-23 13:05:40 - [TEST_STEP][PASSED] - else if (action == "wrongpassword"): null

2022-02-23 13:05:40 - [TEST_STEP][PASSED] - else if (action == "nointernet"): null

2022-02-23 13:05:40 - [TEST_STEP][PASSED] - scroll.scroll.scrollNotificationBar(): scroll.scroll.scrollNotificationBar is PASSED

2022-02-23 13:05:40 - [MESSAGE][PASSED] - Current device physical height is 1423

2022-02-23 13:05:42 - [MESSAGE][PASSED] - Swiped from 50,50 to 50,1,138

2022-02-23 13:05:42 - [MESSAGE][PASSED] - scroll.scroll.scrollNotificationBar is PASSED

2022-02-23 13:05:42 - [TEST_STEP][PASSED] - delay(1): Delayed 1 second(s)

2022-02-23 13:05:43 - [MESSAGE][PASSED] - Delayed 1 second(s)

2022-02-23 13:05:43 - [TEST_STEP][PASSED] - tap(OTHR_BtnWifi, 0): Tapped on element 'Object Repository/Mobile/Page/Others/Button - Wifi'

2022-02-23 13:05:43 - [MESSAGE][WARNING] - Timeout '0' is invalid. Using default page load timeout: '60'

2022-02-23 13:05:44 - [MESSAGE][PASSED] - Tapped on element 'Object Repository/Mobile/Page/Others/Button - Wifi'

2022-02-23 13:05:44 - [TEST_STEP][PASSED] - delay(1): Delayed 1 second(s)

2022-02-23 13:05:45 - [MESSAGE][PASSED] - Delayed 1 second(s)

2022-02-23 13:05:45 - [TEST_STEP][PASSED] - pressBack(): Press back button successfully

2022-02-23 13:05:46 - [MESSAGE][PASSED] - Press back button successfully

2022-02-23 13:05:46 - [TEST_STEP][PASSED] - tap(LOGN_EdtUserID, 0): Tapped on element 'Object Repository/Mobile/Page/Login/Input - UserID'

2022-02-23 13:05:46 - [MESSAGE][WARNING] - Timeout '0' is invalid. Using default page load timeout: '60'

2022-02-23 13:05:47 - [MESSAGE][PASSED] - Tapped on element 'Object Repository/Mobile/Page/Login/Input - UserID'

2022-02-23 13:05:47 - [TEST_STEP][PASSED] - delay(1): Delayed 1 second(s)

2022-02-23 13:05:48 - [MESSAGE][PASSED] - Delayed 1 second(s)

2022-02-23 13:05:48 - [TEST_STEP][PASSED] - setText(LOGN_EdtRdyUserID, "anggaaditya", 0): Text 'anggaaditya' has been set to element 'Object Repository/Mobile/Page/Login/Input Rdy - UserID'

2022-02-23 13:05:48 - [MESSAGE][WARNING] - Timeout '0' is invalid. Using default page load timeout: '60'

2022-02-23 13:05:49 - [MESSAGE][PASSED] - Text 'anggaaditya' has been set to element 'Object Repository/Mobile/Page/Login/Input Rdy - UserID'

2022-02-23 13:05:49 - [TEST_STEP][PASSED] - delay(1): Delayed 1 second(s)

2022-02-23 13:05:50 - [MESSAGE][PASSED] - Delayed 1 second(s)

2022-02-23 13:05:50 - [TEST_STEP][PASSED] - hideKeyboard(): Keyboard is hidden

2022-02-23 13:05:53 - [MESSAGE][PASSED] - Keyboard is hidden

2022-02-23 13:05:53 - [TEST_STEP][PASSED] - tap(LOGN_EdtPassword, 0): Tapped on element 'Object Repository/Mobile/Page/Login/Input - Password'

2022-02-23 13:05:53 - [MESSAGE][WARNING] - Timeout '0' is invalid. Using default page load timeout: '60'

2022-02-23 13:05:54 - [MESSAGE][PASSED] - Tapped on element 'Object Repository/Mobile/Page/Login/Input - Password'

2022-02-23 13:05:54 - [TEST_STEP][PASSED] - delay(1): Delayed 1 second(s)

2022-02-23 13:05:55 - [MESSAGE][PASSED] - Delayed 1 second(s)

2022-02-23 13:05:55 - [TEST_STEP][PASSED] - setText(LOGN_EdtRdyPassword, "Shalawa18", 0): Text 'Shalawa18' has been set to element 'Object Repository/Mobile/Page/Login/Input Rdy - Password'

2022-02-23 13:05:55 - [MESSAGE][WARNING] - Timeout '0' is invalid. Using default page load timeout: '60'

2022-02-23 13:05:56 - [MESSAGE][PASSED] - Text 'Shalawa18' has been set to element 'Object Repository/Mobile/Page/Login/Input Rdy - Password'

2022-02-23 13:05:56 - [TEST_STEP][PASSED] - delay(1): Delayed 1 second(s)

2022-02-23 13:05:57 - [MESSAGE][PASSED] - Delayed 1 second(s)

2022-02-23 13:05:57 - [TEST_STEP][PASSED] - hideKeyboard(): Keyboard is hidden

2022-02-23 13:06:03 - [MESSAGE][PASSED] - Keyboard is hidden

2022-02-23 13:06:03 - [TEST_STEP][PASSED] - tap(LOGN_BtnLogin, 0): Tapped on element 'Object Repository/Mobile/Page/Login/Button - Login'

2022-02-23 13:06:03 - [MESSAGE][WARNING] - Timeout '0' is invalid. Using default page load timeout: '60'

2022-02-23 13:06:04 - [MESSAGE][PASSED] - Tapped on element 'Object Repository/Mobile/Page/Login/Button - Login'

2022-02-23 13:06:04 - [TEST_STEP][PASSED] - delay(2): Delayed 2 second(s)

2022-02-23 13:06:06 - [MESSAGE][PASSED] - Delayed 2 second(s)

2022-02-23 13:06:06 - [TEST_STEP][PASSED] - verify = verifyElementExist(LOGN_AlertCheckYourNetwork, 5, STOP_ON_FAILURE): Element 'Object Repository/Mobile/Page/Login/Alert - Check your network' is exist

2022-02-23 13:06:07 - [MESSAGE][PASSED] - Element 'Object Repository/Mobile/Page/Login/Alert - Check your network' is exist

2022-02-23 13:06:07 - [TEST_STEP][PASSED] - scroll.scroll.scrollNotificationBar(): scroll.scroll.scrollNotificationBar is PASSED

2022-02-23 13:06:07 - [MESSAGE][PASSED] - Current device physical height is 1423

2022-02-23 13:06:08 - [MESSAGE][PASSED] - Swiped from 50,50 to 50,1,138

2022-02-23 13:06:08 - [MESSAGE][PASSED] - scroll.scroll.scrollNotificationBar is PASSED

2022-02-23 13:06:08 - [TEST_STEP][PASSED] - delay(1): Delayed 1 second(s)

2022-02-23 13:06:09 - [MESSAGE][PASSED] - Delayed 1 second(s)

2022-02-23 13:06:09 - [TEST_STEP][PASSED] - tap(OTHR_BtnWifi, 0): Tapped on element 'Object Repository/Mobile/Page/Others/Button - Wifi'

2022-02-23 13:06:09 - [MESSAGE][WARNING] - Timeout '0' is invalid. Using default page load timeout: '60'

2022-02-23 13:06:10 - [MESSAGE][PASSED] - Tapped on element 'Object Repository/Mobile/Page/Others/Button - Wifi'

2022-02-23 13:06:10 - [TEST_STEP][PASSED] - delay(1): Delayed 1 second(s)

2022-02-23 13:06:11 - [MESSAGE][PASSED] - Delayed 1 second(s)

2022-02-23 13:06:11 - [TEST_STEP][PASSED] - pressBack(): Press back button successfully

2022-02-23 13:06:11 - [MESSAGE][PASSED] - Press back button successfully

2022-02-23 13:06:11 - [TEST_STEP][PASSED] - break: null

2022-02-23 13:06:11 - [MESSAGE][PASSED] - Call Test Case 'Test Cases/Mobile/Page/Login/Login' successfully

2022-02-23 13:06:11 - [TEST_STEP][PASSED] - callTestCase(findTestCase("Mobile/Page/Run App/Terminate App"), [:], STOP_ON_FAILURE): Call Test Case 'Test Cases/Mobile/Page/Run App/Terminate App' successfully

2022-02-23 13:06:11 - [TEST_CASE][PASSED] - Test Cases/Mobile/Page/Run App/Terminate App: Test Cases/Mobile/Page/Run App/Terminate App

2022-02-23 13:06:11 - [TEST_STEP][PASSED] - startApp.OpenApp.terminateApplication(): startApp.OpenApp.terminateApplication is PASSED

2022-02-23 13:06:16 - [MESSAGE][PASSED] - Delayed 3 second(s)

2022-02-23 13:06:16 - [MESSAGE][PASSED] - Current device physical width is 720

2022-02-23 13:06:16 - [MESSAGE][PASSED] - Current device physical height is 1423

2022-02-23 13:06:17 - [MESSAGE][PASSED] - Swiped from 360,853 to 360,142

2022-02-23 13:06:18 - [MESSAGE][PASSED] - Delayed 1 second(s)

2022-02-23 13:06:19 - [MESSAGE][PASSED] - Swiped from 360,853 to 360,142

2022-02-23 13:06:22 - [MESSAGE][PASSED] - Delayed 3 second(s)

2022-02-23 13:06:22 - [MESSAGE][PASSED] - startApp.OpenApp.terminateApplication is PASSED

2022-02-23 13:06:22 - [MESSAGE][PASSED] - Call Test Case 'Test Cases/Mobile/Page/Run App/Terminate App' successfully]]></system-out>
         <system-err><![CDATA[]]></system-err>
      </testcase>
      <testcase name="Test Cases/Mobile/Scenario/Login/004 - Login dengan mengaktifkan visible password" time="43.498" classname="Test Cases/Mobile/Scenario/Login/004 - Login dengan mengaktifkan visible password" status="PASSED">
         <system-out><![CDATA[2022-02-23 13:06:22 - [TEST_CASE][PASSED] - Test Cases/Mobile/Scenario/Login/004 - Login dengan mengaktifkan visible password: Test Cases/Mobile/Scenario/Login/004 - Login dengan mengaktifkan visible password

2022-02-23 13:06:23 - [TEST_STEP][PASSED] - callTestCase(findTestCase("Mobile/Page/Run App/Run App byID"), [:], STOP_ON_FAILURE): Call Test Case 'Test Cases/Mobile/Page/Run App/Run App byID' successfully

2022-02-23 13:06:23 - [TEST_CASE][PASSED] - Test Cases/Mobile/Page/Run App/Run App byID: Test Cases/Mobile/Page/Run App/Run App byID

2022-02-23 13:06:23 - [TEST_STEP][PASSED] - startApp.OpenApp.startApplication("id.co.miraeasset.sageclub"): startApp.OpenApp.startApplication is PASSED

2022-02-23 13:06:34 - [MESSAGE][PASSED] - Starting app with application ID: 'id.co.miraeasset.sageclub'

2022-02-23 13:06:34 - [MESSAGE][PASSED] - startApp.OpenApp.startApplication is PASSED

2022-02-23 13:06:34 - [MESSAGE][PASSED] - Call Test Case 'Test Cases/Mobile/Page/Run App/Run App byID' successfully

2022-02-23 13:06:34 - [TEST_STEP][PASSED] - callTestCase(findTestCase("Mobile/Page/Login/Login"), ["action":"visiblepassword"], CONTINUE_ON_FAILURE): Call Test Case 'Test Cases/Mobile/Page/Login/Login' successfully

2022-02-23 13:06:34 - [TEST_CASE][PASSED] - Test Cases/Mobile/Page/Login/Login: Test Cases/Mobile/Page/Login/Login

2022-02-23 13:06:34 - [TEST_STEP][PASSED] - delay(2): Delayed 2 second(s)

2022-02-23 13:06:36 - [MESSAGE][PASSED] - Delayed 2 second(s)

2022-02-23 13:06:36 - [TEST_STEP][PASSED] - for ([i = 0, i < 1, (i++)]): null

2022-02-23 13:06:36 - [TEST_STEP][PASSED] - if (action == "username"): null

2022-02-23 13:06:36 - [TEST_STEP][PASSED] - else if (action == "wrongpassword"): null

2022-02-23 13:06:36 - [TEST_STEP][PASSED] - else if (action == "nointernet"): null

2022-02-23 13:06:36 - [TEST_STEP][PASSED] - else if (action == "visiblepassword"): null

2022-02-23 13:06:36 - [TEST_STEP][PASSED] - tap(LOGN_EdtUserID, 0): Tapped on element 'Object Repository/Mobile/Page/Login/Input - UserID'

2022-02-23 13:06:36 - [MESSAGE][WARNING] - Timeout '0' is invalid. Using default page load timeout: '60'

2022-02-23 13:06:37 - [MESSAGE][PASSED] - Tapped on element 'Object Repository/Mobile/Page/Login/Input - UserID'

2022-02-23 13:06:37 - [TEST_STEP][PASSED] - delay(1): Delayed 1 second(s)

2022-02-23 13:06:38 - [MESSAGE][PASSED] - Delayed 1 second(s)

2022-02-23 13:06:38 - [TEST_STEP][PASSED] - setText(LOGN_EdtRdyUserID, "anggaaditya", 0): Text 'anggaaditya' has been set to element 'Object Repository/Mobile/Page/Login/Input Rdy - UserID'

2022-02-23 13:06:38 - [MESSAGE][WARNING] - Timeout '0' is invalid. Using default page load timeout: '60'

2022-02-23 13:06:38 - [MESSAGE][PASSED] - Text 'anggaaditya' has been set to element 'Object Repository/Mobile/Page/Login/Input Rdy - UserID'

2022-02-23 13:06:38 - [TEST_STEP][PASSED] - delay(1): Delayed 1 second(s)

2022-02-23 13:06:39 - [MESSAGE][PASSED] - Delayed 1 second(s)

2022-02-23 13:06:39 - [TEST_STEP][PASSED] - hideKeyboard(): Keyboard is hidden

2022-02-23 13:06:43 - [MESSAGE][PASSED] - Keyboard is hidden

2022-02-23 13:06:43 - [TEST_STEP][PASSED] - top = getElementTopPosition(LOGN_EdtPassword, 0): Object 'Object Repository/Mobile/Page/Login/Input - Password' has top position '842'

2022-02-23 13:06:43 - [MESSAGE][WARNING] - Timeout '0' is invalid. Using default page load timeout: '60'

2022-02-23 13:06:43 - [MESSAGE][PASSED] - Object 'Object Repository/Mobile/Page/Login/Input - Password' has top position '842'

2022-02-23 13:06:43 - [TEST_STEP][PASSED] - left = getElementLeftPosition(LOGN_EdtPassword, 0): Object 'Object Repository/Mobile/Page/Login/Input - Password' has left position '32'

2022-02-23 13:06:43 - [MESSAGE][WARNING] - Timeout '0' is invalid. Using default page load timeout: '60'

2022-02-23 13:06:43 - [MESSAGE][PASSED] - Object 'Object Repository/Mobile/Page/Login/Input - Password' has left position '32'

2022-02-23 13:06:43 - [TEST_STEP][PASSED] - x = left + getElementWidth(LOGN_EdtPassword, 0) * 0.9: Object 'Object Repository/Mobile/Page/Login/Input - Password' has width: '657'

2022-02-23 13:06:43 - [MESSAGE][WARNING] - Timeout '0' is invalid. Using default page load timeout: '60'

2022-02-23 13:06:43 - [MESSAGE][PASSED] - Object 'Object Repository/Mobile/Page/Login/Input - Password' has width: '657'

2022-02-23 13:06:43 - [TEST_STEP][PASSED] - y = top + getElementHeight(LOGN_EdtPassword, 0) / 2: Object 'Object Repository/Mobile/Page/Login/Input - Password' has height: '84'

2022-02-23 13:06:43 - [MESSAGE][WARNING] - Timeout '0' is invalid. Using default page load timeout: '60'

2022-02-23 13:06:43 - [MESSAGE][PASSED] - Object 'Object Repository/Mobile/Page/Login/Input - Password' has height: '84'

2022-02-23 13:06:43 - [TEST_STEP][PASSED] - tapAtPosition(x, y): Tapped at [623, 884]

2022-02-23 13:06:44 - [MESSAGE][PASSED] - Tapped at [623, 884]

2022-02-23 13:06:44 - [TEST_STEP][PASSED] - delay(1): Delayed 1 second(s)

2022-02-23 13:06:45 - [MESSAGE][PASSED] - Delayed 1 second(s)

2022-02-23 13:06:45 - [TEST_STEP][PASSED] - tap(LOGN_EdtPassword, 0): Tapped on element 'Object Repository/Mobile/Page/Login/Input - Password'

2022-02-23 13:06:45 - [MESSAGE][WARNING] - Timeout '0' is invalid. Using default page load timeout: '60'

2022-02-23 13:06:46 - [MESSAGE][PASSED] - Tapped on element 'Object Repository/Mobile/Page/Login/Input - Password'

2022-02-23 13:06:46 - [TEST_STEP][PASSED] - delay(1): Delayed 1 second(s)

2022-02-23 13:06:47 - [MESSAGE][PASSED] - Delayed 1 second(s)

2022-02-23 13:06:47 - [TEST_STEP][PASSED] - setText(LOGN_EdtRdyPassword, "Shalawa18", 0): Text 'Shalawa18' has been set to element 'Object Repository/Mobile/Page/Login/Input Rdy - Password'

2022-02-23 13:06:47 - [MESSAGE][WARNING] - Timeout '0' is invalid. Using default page load timeout: '60'

2022-02-23 13:06:47 - [MESSAGE][PASSED] - Text 'Shalawa18' has been set to element 'Object Repository/Mobile/Page/Login/Input Rdy - Password'

2022-02-23 13:06:47 - [TEST_STEP][PASSED] - delay(1): Delayed 1 second(s)

2022-02-23 13:06:48 - [MESSAGE][PASSED] - Delayed 1 second(s)

2022-02-23 13:06:48 - [TEST_STEP][PASSED] - hideKeyboard(): Keyboard is hidden

2022-02-23 13:06:52 - [MESSAGE][PASSED] - Keyboard is hidden

2022-02-23 13:06:52 - [TEST_STEP][PASSED] - tap(LOGN_BtnLogin, 0): Tapped on element 'Object Repository/Mobile/Page/Login/Button - Login'

2022-02-23 13:06:52 - [MESSAGE][WARNING] - Timeout '0' is invalid. Using default page load timeout: '60'

2022-02-23 13:06:52 - [MESSAGE][PASSED] - Tapped on element 'Object Repository/Mobile/Page/Login/Button - Login'

2022-02-23 13:06:52 - [TEST_STEP][PASSED] - delay(2): Delayed 2 second(s)

2022-02-23 13:06:54 - [MESSAGE][PASSED] - Delayed 2 second(s)

2022-02-23 13:06:54 - [TEST_STEP][PASSED] - break: null

2022-02-23 13:06:54 - [MESSAGE][PASSED] - Call Test Case 'Test Cases/Mobile/Page/Login/Login' successfully

2022-02-23 13:06:54 - [TEST_STEP][PASSED] - callTestCase(findTestCase("Mobile/Page/Run App/Terminate App"), [:], STOP_ON_FAILURE): Call Test Case 'Test Cases/Mobile/Page/Run App/Terminate App' successfully

2022-02-23 13:06:54 - [TEST_CASE][PASSED] - Test Cases/Mobile/Page/Run App/Terminate App: Test Cases/Mobile/Page/Run App/Terminate App

2022-02-23 13:06:54 - [TEST_STEP][PASSED] - startApp.OpenApp.terminateApplication(): startApp.OpenApp.terminateApplication is PASSED

2022-02-23 13:06:59 - [MESSAGE][PASSED] - Delayed 3 second(s)

2022-02-23 13:06:59 - [MESSAGE][PASSED] - Current device physical width is 720

2022-02-23 13:06:59 - [MESSAGE][PASSED] - Current device physical height is 1423

2022-02-23 13:07:01 - [MESSAGE][PASSED] - Swiped from 360,853 to 360,142

2022-02-23 13:07:02 - [MESSAGE][PASSED] - Delayed 1 second(s)

2022-02-23 13:07:03 - [MESSAGE][PASSED] - Swiped from 360,853 to 360,142

2022-02-23 13:07:06 - [MESSAGE][PASSED] - Delayed 3 second(s)

2022-02-23 13:07:06 - [MESSAGE][PASSED] - startApp.OpenApp.terminateApplication is PASSED

2022-02-23 13:07:06 - [MESSAGE][PASSED] - Call Test Case 'Test Cases/Mobile/Page/Run App/Terminate App' successfully]]></system-out>
         <system-err><![CDATA[]]></system-err>
      </testcase>
      <testcase name="Test Cases/Mobile/Scenario/Login/005 - Login menggunakan username dengan membatalkan fingerprint" time="49.945" classname="Test Cases/Mobile/Scenario/Login/005 - Login menggunakan username dengan membatalkan fingerprint" status="PASSED">
         <system-out><![CDATA[2022-02-23 13:07:06 - [TEST_CASE][PASSED] - Test Cases/Mobile/Scenario/Login/005 - Login menggunakan username dengan membatalkan fingerprint: Test Cases/Mobile/Scenario/Login/005 - Login menggunakan username dengan membatalkan fingerprint

2022-02-23 13:07:06 - [TEST_STEP][PASSED] - callTestCase(findTestCase("Mobile/Page/Run App/Run App byID"), [:], STOP_ON_FAILURE): Call Test Case 'Test Cases/Mobile/Page/Run App/Run App byID' successfully

2022-02-23 13:07:06 - [TEST_CASE][PASSED] - Test Cases/Mobile/Page/Run App/Run App byID: Test Cases/Mobile/Page/Run App/Run App byID

2022-02-23 13:07:06 - [TEST_STEP][PASSED] - startApp.OpenApp.startApplication("id.co.miraeasset.sageclub"): startApp.OpenApp.startApplication is PASSED

2022-02-23 13:07:18 - [MESSAGE][PASSED] - Starting app with application ID: 'id.co.miraeasset.sageclub'

2022-02-23 13:07:18 - [MESSAGE][PASSED] - startApp.OpenApp.startApplication is PASSED

2022-02-23 13:07:18 - [MESSAGE][PASSED] - Call Test Case 'Test Cases/Mobile/Page/Run App/Run App byID' successfully

2022-02-23 13:07:18 - [TEST_STEP][PASSED] - callTestCase(findTestCase("Mobile/Page/Login/Login"), ["action":"cancelfingerprint"], CONTINUE_ON_FAILURE): Call Test Case 'Test Cases/Mobile/Page/Login/Login' successfully

2022-02-23 13:07:18 - [TEST_CASE][PASSED] - Test Cases/Mobile/Page/Login/Login: Test Cases/Mobile/Page/Login/Login

2022-02-23 13:07:18 - [TEST_STEP][PASSED] - delay(2): Delayed 2 second(s)

2022-02-23 13:07:20 - [MESSAGE][PASSED] - Delayed 2 second(s)

2022-02-23 13:07:20 - [TEST_STEP][PASSED] - for ([i = 0, i < 1, (i++)]): Delayed 2 second(s)

2022-02-23 13:07:20 - [TEST_STEP][PASSED] - if (action == "username"): null

2022-02-23 13:07:20 - [TEST_STEP][PASSED] - else if (action == "wrongpassword"): null

2022-02-23 13:07:20 - [TEST_STEP][PASSED] - else if (action == "nointernet"): null

2022-02-23 13:07:20 - [TEST_STEP][PASSED] - else if (action == "visiblepassword"): null

2022-02-23 13:07:20 - [TEST_STEP][PASSED] - else if (action == "cancelfingerprint"): Delayed 2 second(s)

2022-02-23 13:07:20 - [TEST_STEP][PASSED] - tap(LOGN_BtnFingerprint, 0): Tapped on element 'Object Repository/Mobile/Page/Login/Button - Fingerprint'

2022-02-23 13:07:20 - [MESSAGE][WARNING] - Timeout '0' is invalid. Using default page load timeout: '60'

2022-02-23 13:07:21 - [MESSAGE][PASSED] - Tapped on element 'Object Repository/Mobile/Page/Login/Button - Fingerprint'

2022-02-23 13:07:21 - [TEST_STEP][PASSED] - delay(1): Delayed 1 second(s)

2022-02-23 13:07:22 - [MESSAGE][PASSED] - Delayed 1 second(s)

2022-02-23 13:07:22 - [TEST_STEP][PASSED] - pressBack(): Press back button successfully

2022-02-23 13:07:23 - [MESSAGE][PASSED] - Press back button successfully

2022-02-23 13:07:23 - [TEST_STEP][PASSED] - delay(1): Delayed 1 second(s)

2022-02-23 13:07:24 - [MESSAGE][PASSED] - Delayed 1 second(s)

2022-02-23 13:07:24 - [TEST_STEP][PASSED] - tap(LOGN_EdtUserID, 0): Tapped on element 'Object Repository/Mobile/Page/Login/Input - UserID'

2022-02-23 13:07:24 - [MESSAGE][WARNING] - Timeout '0' is invalid. Using default page load timeout: '60'

2022-02-23 13:07:24 - [MESSAGE][PASSED] - Tapped on element 'Object Repository/Mobile/Page/Login/Input - UserID'

2022-02-23 13:07:24 - [TEST_STEP][PASSED] - delay(1): Delayed 1 second(s)

2022-02-23 13:07:25 - [MESSAGE][PASSED] - Delayed 1 second(s)

2022-02-23 13:07:25 - [TEST_STEP][PASSED] - setText(LOGN_EdtRdyUserID, "anggaaditya", 0): Text 'anggaaditya' has been set to element 'Object Repository/Mobile/Page/Login/Input Rdy - UserID'

2022-02-23 13:07:25 - [MESSAGE][WARNING] - Timeout '0' is invalid. Using default page load timeout: '60'

2022-02-23 13:07:26 - [MESSAGE][PASSED] - Text 'anggaaditya' has been set to element 'Object Repository/Mobile/Page/Login/Input Rdy - UserID'

2022-02-23 13:07:26 - [TEST_STEP][PASSED] - delay(1): Delayed 1 second(s)

2022-02-23 13:07:27 - [MESSAGE][PASSED] - Delayed 1 second(s)

2022-02-23 13:07:27 - [TEST_STEP][PASSED] - hideKeyboard(): Keyboard is hidden

2022-02-23 13:07:31 - [MESSAGE][PASSED] - Keyboard is hidden

2022-02-23 13:07:31 - [TEST_STEP][PASSED] - tap(LOGN_EdtPassword, 0): Tapped on element 'Object Repository/Mobile/Page/Login/Input - Password'

2022-02-23 13:07:31 - [MESSAGE][WARNING] - Timeout '0' is invalid. Using default page load timeout: '60'

2022-02-23 13:07:33 - [MESSAGE][PASSED] - Tapped on element 'Object Repository/Mobile/Page/Login/Input - Password'

2022-02-23 13:07:33 - [TEST_STEP][PASSED] - delay(1): Delayed 1 second(s)

2022-02-23 13:07:34 - [MESSAGE][PASSED] - Delayed 1 second(s)

2022-02-23 13:07:34 - [TEST_STEP][PASSED] - setText(LOGN_EdtRdyPassword, "Shalawa18", 0): Text 'Shalawa18' has been set to element 'Object Repository/Mobile/Page/Login/Input Rdy - Password'

2022-02-23 13:07:34 - [MESSAGE][WARNING] - Timeout '0' is invalid. Using default page load timeout: '60'

2022-02-23 13:07:35 - [MESSAGE][PASSED] - Text 'Shalawa18' has been set to element 'Object Repository/Mobile/Page/Login/Input Rdy - Password'

2022-02-23 13:07:35 - [TEST_STEP][PASSED] - delay(1): Delayed 1 second(s)

2022-02-23 13:07:36 - [MESSAGE][PASSED] - Delayed 1 second(s)

2022-02-23 13:07:36 - [TEST_STEP][PASSED] - hideKeyboard(): Keyboard is hidden

2022-02-23 13:07:42 - [MESSAGE][PASSED] - Keyboard is hidden

2022-02-23 13:07:42 - [TEST_STEP][PASSED] - tap(LOGN_BtnLogin, 0): Tapped on element 'Object Repository/Mobile/Page/Login/Button - Login'

2022-02-23 13:07:42 - [MESSAGE][WARNING] - Timeout '0' is invalid. Using default page load timeout: '60'

2022-02-23 13:07:43 - [MESSAGE][PASSED] - Tapped on element 'Object Repository/Mobile/Page/Login/Button - Login'

2022-02-23 13:07:43 - [TEST_STEP][PASSED] - delay(2): Delayed 2 second(s)

2022-02-23 13:07:45 - [MESSAGE][PASSED] - Delayed 2 second(s)

2022-02-23 13:07:45 - [MESSAGE][PASSED] - Call Test Case 'Test Cases/Mobile/Page/Login/Login' successfully

2022-02-23 13:07:45 - [TEST_STEP][PASSED] - callTestCase(findTestCase("Mobile/Page/Run App/Terminate App"), [:], STOP_ON_FAILURE): Call Test Case 'Test Cases/Mobile/Page/Run App/Terminate App' successfully

2022-02-23 13:07:45 - [TEST_CASE][PASSED] - Test Cases/Mobile/Page/Run App/Terminate App: Test Cases/Mobile/Page/Run App/Terminate App

2022-02-23 13:07:45 - [TEST_STEP][PASSED] - startApp.OpenApp.terminateApplication(): startApp.OpenApp.terminateApplication is PASSED

2022-02-23 13:07:49 - [MESSAGE][PASSED] - Delayed 3 second(s)

2022-02-23 13:07:49 - [MESSAGE][PASSED] - Current device physical width is 720

2022-02-23 13:07:49 - [MESSAGE][PASSED] - Current device physical height is 1423

2022-02-23 13:07:51 - [MESSAGE][PASSED] - Swiped from 360,853 to 360,142

2022-02-23 13:07:52 - [MESSAGE][PASSED] - Delayed 1 second(s)

2022-02-23 13:07:53 - [MESSAGE][PASSED] - Swiped from 360,853 to 360,142

2022-02-23 13:07:56 - [MESSAGE][PASSED] - Delayed 3 second(s)

2022-02-23 13:07:56 - [MESSAGE][PASSED] - startApp.OpenApp.terminateApplication is PASSED

2022-02-23 13:07:56 - [MESSAGE][PASSED] - Call Test Case 'Test Cases/Mobile/Page/Run App/Terminate App' successfully]]></system-out>
         <system-err><![CDATA[]]></system-err>
      </testcase>
      <system-out><![CDATA[2022-02-23 13:03:40 - [TEST_SUITE][PASSED] - login: Test Cases/Mobile/Scenario/Login/005 - Login menggunakan username dengan membatalkan fingerprint]]></system-out>
      <system-err><![CDATA[]]></system-err>
   </testsuite>
</testsuites>
