<?xml version="1.0" encoding="UTF-8"?>
<testsuites name="news" time="351.475" tests="5" failures="0" skips="0" errors="0">
   <testsuite name="news" tests="5" failures="0" errors="0" time="351.475" skips="0" timestamp="2022-03-02 20:26:41" hostname="Owner - aldy-tft" id="Test Suites/news">
      <properties>
         <property name="deviceName" value="samsung SM-A205F (Android 11)"/>
         <property name="devicePlatform" value=""/>
         <property name="logFolder" value="C:\\Users\\Owner\\Documents\\kerjaan\\KatalonProject\\qa_katalon_pwm\\qa_katalon_pwm\\Reports\\20220302_200300\\news\\20220302_200314"/>
         <property name="logFiles" value="C:\\Users\\Owner\\Documents\\kerjaan\\KatalonProject\\qa_katalon_pwm\\qa_katalon_pwm\\Reports\\20220302_200300\\news\\20220302_200314\\appium.log, C:\\Users\\Owner\\Documents\\kerjaan\\KatalonProject\\qa_katalon_pwm\\qa_katalon_pwm\\Reports\\20220302_200300\\news\\20220302_200314\\execution0.log"/>
         <property name="attachments" value=""/>
         <property name="hostName" value="Owner - aldy-tft"/>
         <property name="os" value="Windows 10 64bit"/>
         <property name="appiumServerStatus" value="{&quot;value&quot;:{&quot;build&quot;:{&quot;version&quot;:&quot;1.22.0&quot;}},&quot;sessionId&quot;:null,&quot;status&quot;:0}"/>
         <property name="katalonVersion" value="7.9.1.208"/>
         <property name="deviceOS" value="Android"/>
         <property name="appiumVersion" value="1.22.0"/>
         <property name="deviceModel" value="SM-A205F"/>
         <property name="hostAddress" value="192.168.100.14"/>
         <property name="deviceManufacturer" value="samsung"/>
         <property name="deviceId" value="RR8M40C9AXE"/>
         <property name="deviceName" value="samsung SM-A205F (Android 11)"/>
         <property name="deviceOSVersion" value="11"/>
      </properties>
      <testcase name="Test Cases/Mobile/Scenario/News/001 - News World Indices" time="92.344" classname="Test Cases/Mobile/Scenario/News/001 - News World Indices" status="PASSED">
         <system-out><![CDATA[2022-03-02 20:26:42 - [TEST_CASE][PASSED] - Test Cases/Mobile/Scenario/News/001 - News World Indices: Test Cases/Mobile/Scenario/News/001 - News World Indices

2022-03-02 20:26:43 - [TEST_STEP][PASSED] - callTestCase(findTestCase("Mobile/Page/Run App/Run App byID"), [:], STOP_ON_FAILURE): Call Test Case 'Test Cases/Mobile/Page/Run App/Run App byID' successfully

2022-03-02 20:26:43 - [TEST_CASE][PASSED] - Test Cases/Mobile/Page/Run App/Run App byID: Test Cases/Mobile/Page/Run App/Run App byID

2022-03-02 20:26:43 - [TEST_STEP][PASSED] - startApp.OpenApp.startApplication("id.co.miraeasset.sageclub"): startApp.OpenApp.startApplication is PASSED

2022-03-02 20:26:45 - [MESSAGE][INFO] - Appium server started on port 61,963

2022-03-02 20:27:01 - [MESSAGE][PASSED] - Starting app with application ID: 'id.co.miraeasset.sageclub'

2022-03-02 20:27:01 - [MESSAGE][PASSED] - startApp.OpenApp.startApplication is PASSED

2022-03-02 20:27:01 - [MESSAGE][PASSED] - Call Test Case 'Test Cases/Mobile/Page/Run App/Run App byID' successfully

2022-03-02 20:27:01 - [TEST_STEP][PASSED] - callTestCase(findTestCase("Mobile/Page/News/News"), ["tab":"worldindices"], CONTINUE_ON_FAILURE): Call Test Case 'Test Cases/Mobile/Page/News/News' successfully

2022-03-02 20:27:01 - [TEST_CASE][PASSED] - Test Cases/Mobile/Page/News/News: Test Cases/Mobile/Page/News/News

2022-03-02 20:27:02 - [TEST_STEP][PASSED] - callTestCase(findTestCase("Mobile/Page/CheckLogin"), [:], CONTINUE_ON_FAILURE): Call Test Case 'Test Cases/Mobile/Page/CheckLogin' successfully

2022-03-02 20:27:02 - [TEST_CASE][PASSED] - Test Cases/Mobile/Page/CheckLogin: Test Cases/Mobile/Page/CheckLogin

2022-03-02 20:27:03 - [TEST_STEP][PASSED] - loginCheck = verifyElementExist(LOGN_BtnLogin, 5, CONTINUE_ON_FAILURE): Element 'Object Repository/Mobile/Page/Login/Button - Login' is exist

2022-03-02 20:27:03 - [MESSAGE][WARNING] - Test object with id 'Object Repository/Mobile/Page/Analysis/Button - Open With Just Once' does not exist

2022-03-02 20:27:03 - [MESSAGE][WARNING] - Test object with id 'Object Repository/Mobile/Page/Analysis/Button - Search' does not exist

2022-03-02 20:27:05 - [MESSAGE][WARNING] - Test object with id 'Object Repository/Mobile/Page/Home/Button -  Add Watchlist' does not exist

2022-03-02 20:27:05 - [MESSAGE][WARNING] - Test object with id 'Object Repository/Mobile/Page/Home/Button - Open with Just Once' does not exist

2022-03-02 20:27:05 - [MESSAGE][WARNING] - Test object with id 'Object Repository/Mobile/Page/Home/Container - Notification' does not exist

2022-03-02 20:27:06 - [MESSAGE][WARNING] - Test object with id 'Object Repository/Mobile/Page/Home/Watchlist/Input - Search' does not exist

2022-03-02 20:27:06 - [MESSAGE][WARNING] - Test object with id 'Object Repository/Mobile/Page/Home/Watchlist/Item - Top Search' does not exist

2022-03-02 20:27:06 - [MESSAGE][WARNING] - Test object with id 'Object Repository/Mobile/Page/Home/Watchlist/Detail Watchlist/Input - Expiry Date' does not exist

2022-03-02 20:27:06 - [MESSAGE][WARNING] - Test object with id 'Object Repository/Mobile/Page/Home/Watchlist/Detail Watchlist/Item - Watchlist' does not exist

2022-03-02 20:27:07 - [MESSAGE][WARNING] - Test object with id 'Object Repository/Mobile/Page/NavigationMenu/Button - Open Just Once' does not exist

2022-03-02 20:27:07 - [MESSAGE][WARNING] - Test object with id 'Object Repository/Mobile/Page/NavigationMenu/Container - Logout' does not exist

2022-03-02 20:27:12 - [MESSAGE][WARNING] - Test object with id 'Object Repository/Mobile/Page/Analysis/Button - Open With Just Once' does not exist

2022-03-02 20:27:12 - [MESSAGE][WARNING] - Test object with id 'Object Repository/Mobile/Page/Analysis/Button - Search' does not exist

2022-03-02 20:27:14 - [MESSAGE][WARNING] - Test object with id 'Object Repository/Mobile/Page/Home/Button -  Add Watchlist' does not exist

2022-03-02 20:27:14 - [MESSAGE][WARNING] - Test object with id 'Object Repository/Mobile/Page/Home/Button - Open with Just Once' does not exist

2022-03-02 20:27:14 - [MESSAGE][WARNING] - Test object with id 'Object Repository/Mobile/Page/Home/Container - Notification' does not exist

2022-03-02 20:27:15 - [MESSAGE][WARNING] - Test object with id 'Object Repository/Mobile/Page/Home/Watchlist/Input - Search' does not exist

2022-03-02 20:27:15 - [MESSAGE][WARNING] - Test object with id 'Object Repository/Mobile/Page/Home/Watchlist/Item - Top Search' does not exist

2022-03-02 20:27:15 - [MESSAGE][WARNING] - Test object with id 'Object Repository/Mobile/Page/Home/Watchlist/Detail Watchlist/Input - Expiry Date' does not exist

2022-03-02 20:27:15 - [MESSAGE][WARNING] - Test object with id 'Object Repository/Mobile/Page/Home/Watchlist/Detail Watchlist/Item - Watchlist' does not exist

2022-03-02 20:27:16 - [MESSAGE][WARNING] - Test object with id 'Object Repository/Mobile/Page/NavigationMenu/Button - Open Just Once' does not exist

2022-03-02 20:27:16 - [MESSAGE][WARNING] - Test object with id 'Object Repository/Mobile/Page/NavigationMenu/Container - Logout' does not exist

2022-03-02 20:27:21 - [MESSAGE][PASSED] - Element 'Object Repository/Mobile/Page/Login/Button - Login' is exist

2022-03-02 20:27:21 - [TEST_STEP][PASSED] - if (loginCheck): Call Test Case 'Test Cases/Mobile/Page/Login/Login' successfully

2022-03-02 20:27:21 - [TEST_STEP][PASSED] - callTestCase(findTestCase("Mobile/Page/Login/Login"), ["action":"username"], CONTINUE_ON_FAILURE): Call Test Case 'Test Cases/Mobile/Page/Login/Login' successfully

2022-03-02 20:27:21 - [TEST_CASE][PASSED] - Test Cases/Mobile/Page/Login/Login: Test Cases/Mobile/Page/Login/Login

2022-03-02 20:27:22 - [TEST_STEP][PASSED] - delay(2): Delayed 2 second(s)

2022-03-02 20:27:24 - [MESSAGE][PASSED] - Delayed 2 second(s)

2022-03-02 20:27:24 - [TEST_STEP][PASSED] - for ([i = 0, i < 1, (i++)]): null

2022-03-02 20:27:24 - [TEST_STEP][PASSED] - if (action == "username"): null

2022-03-02 20:27:24 - [TEST_STEP][PASSED] - tap(LOGN_EdtUserID, 0): Tapped on element 'Object Repository/Mobile/Page/Login/Input - UserID'

2022-03-02 20:27:24 - [MESSAGE][WARNING] - Timeout '0' is invalid. Using default page load timeout: '60'

2022-03-02 20:27:24 - [MESSAGE][PASSED] - Tapped on element 'Object Repository/Mobile/Page/Login/Input - UserID'

2022-03-02 20:27:24 - [TEST_STEP][PASSED] - delay(1): Delayed 1 second(s)

2022-03-02 20:27:25 - [MESSAGE][PASSED] - Delayed 1 second(s)

2022-03-02 20:27:25 - [TEST_STEP][PASSED] - setText(LOGN_EdtRdyUserID, "anggaaditya", 0): Text 'anggaaditya' has been set to element 'Object Repository/Mobile/Page/Login/Input Rdy - UserID'

2022-03-02 20:27:25 - [MESSAGE][WARNING] - Timeout '0' is invalid. Using default page load timeout: '60'

2022-03-02 20:27:26 - [MESSAGE][PASSED] - Text 'anggaaditya' has been set to element 'Object Repository/Mobile/Page/Login/Input Rdy - UserID'

2022-03-02 20:27:26 - [TEST_STEP][PASSED] - delay(1): Delayed 1 second(s)

2022-03-02 20:27:27 - [MESSAGE][PASSED] - Delayed 1 second(s)

2022-03-02 20:27:27 - [TEST_STEP][PASSED] - hideKeyboard(): Keyboard is hidden

2022-03-02 20:27:30 - [MESSAGE][PASSED] - Keyboard is hidden

2022-03-02 20:27:30 - [TEST_STEP][PASSED] - tap(LOGN_EdtPassword, 0): Tapped on element 'Object Repository/Mobile/Page/Login/Input - Password'

2022-03-02 20:27:30 - [MESSAGE][WARNING] - Timeout '0' is invalid. Using default page load timeout: '60'

2022-03-02 20:27:31 - [MESSAGE][PASSED] - Tapped on element 'Object Repository/Mobile/Page/Login/Input - Password'

2022-03-02 20:27:31 - [TEST_STEP][PASSED] - delay(1): Delayed 1 second(s)

2022-03-02 20:27:32 - [MESSAGE][PASSED] - Delayed 1 second(s)

2022-03-02 20:27:32 - [TEST_STEP][PASSED] - setText(LOGN_EdtRdyPassword, "Shalawa18", 0): Text 'Shalawa18' has been set to element 'Object Repository/Mobile/Page/Login/Input Rdy - Password'

2022-03-02 20:27:32 - [MESSAGE][WARNING] - Timeout '0' is invalid. Using default page load timeout: '60'

2022-03-02 20:27:32 - [MESSAGE][PASSED] - Text 'Shalawa18' has been set to element 'Object Repository/Mobile/Page/Login/Input Rdy - Password'

2022-03-02 20:27:32 - [TEST_STEP][PASSED] - delay(1): Delayed 1 second(s)

2022-03-02 20:27:33 - [MESSAGE][PASSED] - Delayed 1 second(s)

2022-03-02 20:27:33 - [TEST_STEP][PASSED] - hideKeyboard(): Keyboard is hidden

2022-03-02 20:27:40 - [MESSAGE][PASSED] - Keyboard is hidden

2022-03-02 20:27:40 - [TEST_STEP][PASSED] - tap(LOGN_BtnLogin, 0): Tapped on element 'Object Repository/Mobile/Page/Login/Button - Login'

2022-03-02 20:27:40 - [MESSAGE][WARNING] - Timeout '0' is invalid. Using default page load timeout: '60'

2022-03-02 20:27:41 - [MESSAGE][PASSED] - Tapped on element 'Object Repository/Mobile/Page/Login/Button - Login'

2022-03-02 20:27:41 - [TEST_STEP][PASSED] - delay(2): Delayed 2 second(s)

2022-03-02 20:27:43 - [MESSAGE][PASSED] - Delayed 2 second(s)

2022-03-02 20:27:43 - [TEST_STEP][PASSED] - break: null

2022-03-02 20:27:43 - [MESSAGE][PASSED] - Call Test Case 'Test Cases/Mobile/Page/Login/Login' successfully

2022-03-02 20:27:43 - [MESSAGE][PASSED] - Call Test Case 'Test Cases/Mobile/Page/CheckLogin' successfully

2022-03-02 20:27:43 - [TEST_STEP][PASSED] - tap(HOME_MenubarNews, 0): Tapped on element 'Object Repository/Mobile/Page/Home/Menubar - News'

2022-03-02 20:27:43 - [MESSAGE][WARNING] - Timeout '0' is invalid. Using default page load timeout: '60'

2022-03-02 20:27:44 - [MESSAGE][PASSED] - Tapped on element 'Object Repository/Mobile/Page/Home/Menubar - News'

2022-03-02 20:27:44 - [TEST_STEP][PASSED] - delay(1): Delayed 1 second(s)

2022-03-02 20:27:46 - [MESSAGE][PASSED] - Delayed 1 second(s)

2022-03-02 20:27:46 - [TEST_STEP][PASSED] - for ([i = 0, i < 1, (i++)]): null

2022-03-02 20:27:46 - [TEST_STEP][PASSED] - if (tab == "macronews"): null

2022-03-02 20:27:46 - [TEST_STEP][PASSED] - else if (tab == "stocknews"): null

2022-03-02 20:27:46 - [TEST_STEP][PASSED] - else if (tab == "fundnews"): null

2022-03-02 20:27:46 - [TEST_STEP][PASSED] - else if (tab == "bondnews"): null

2022-03-02 20:27:46 - [TEST_STEP][PASSED] - else if (tab == "worldindices"): Delayed 3 second(s)

2022-03-02 20:27:46 - [TEST_STEP][PASSED] - scroll.scroll.scrollScreenRightToLeft(NEWS_TabMacro): scroll.scroll.scrollScreenRightToLeft is PASSED

2022-03-02 20:27:46 - [MESSAGE][WARNING] - Timeout '0' is invalid. Using default page load timeout: '60'

2022-03-02 20:27:46 - [MESSAGE][PASSED] - Object 'Object Repository/Mobile/Page/News/Tab - Macro' has left position '14'

2022-03-02 20:27:46 - [MESSAGE][WARNING] - Timeout '0' is invalid. Using default page load timeout: '60'

2022-03-02 20:27:46 - [MESSAGE][PASSED] - Object 'Object Repository/Mobile/Page/News/Tab - Macro' has top position '245'

2022-03-02 20:27:46 - [MESSAGE][WARNING] - Timeout '0' is invalid. Using default page load timeout: '60'

2022-03-02 20:27:46 - [MESSAGE][PASSED] - Object 'Object Repository/Mobile/Page/News/Tab - Macro' has width: '215'

2022-03-02 20:27:46 - [MESSAGE][WARNING] - Timeout '0' is invalid. Using default page load timeout: '60'

2022-03-02 20:27:47 - [MESSAGE][PASSED] - Object 'Object Repository/Mobile/Page/News/Tab - Macro' has height: '84'

2022-03-02 20:27:47 - [MESSAGE][PASSED] - Current device physical width is 720

2022-03-02 20:27:48 - [MESSAGE][PASSED] - Swiped from 620,287 to 100,287

2022-03-02 20:27:48 - [MESSAGE][PASSED] - scroll.scroll.scrollScreenRightToLeft is PASSED

2022-03-02 20:27:48 - [TEST_STEP][PASSED] - delay(1): Delayed 1 second(s)

2022-03-02 20:27:49 - [MESSAGE][PASSED] - Delayed 1 second(s)

2022-03-02 20:27:49 - [TEST_STEP][PASSED] - tap(NEWS_TabWorldIndices, 0): Tapped on element 'Object Repository/Mobile/Page/News/Tab - World Indices'

2022-03-02 20:27:49 - [MESSAGE][WARNING] - Timeout '0' is invalid. Using default page load timeout: '60'

2022-03-02 20:27:50 - [MESSAGE][PASSED] - Tapped on element 'Object Repository/Mobile/Page/News/Tab - World Indices'

2022-03-02 20:27:50 - [TEST_STEP][PASSED] - delay(1): Delayed 1 second(s)

2022-03-02 20:27:51 - [MESSAGE][PASSED] - Delayed 1 second(s)

2022-03-02 20:27:51 - [TEST_STEP][PASSED] - tap(NEWS_BtnIndices, 0): Tapped on element 'Object Repository/Mobile/Page/News/Button - Indices'

2022-03-02 20:27:51 - [MESSAGE][WARNING] - Timeout '0' is invalid. Using default page load timeout: '60'

2022-03-02 20:27:52 - [MESSAGE][PASSED] - Tapped on element 'Object Repository/Mobile/Page/News/Button - Indices'

2022-03-02 20:27:52 - [TEST_STEP][PASSED] - delay(3): Delayed 3 second(s)

2022-03-02 20:27:55 - [MESSAGE][PASSED] - Delayed 3 second(s)

2022-03-02 20:27:55 - [TEST_STEP][PASSED] - tap(NEWS_BtnCurrencies, 0): Tapped on element 'Object Repository/Mobile/Page/News/Button - Currencies'

2022-03-02 20:27:55 - [MESSAGE][WARNING] - Timeout '0' is invalid. Using default page load timeout: '60'

2022-03-02 20:27:56 - [MESSAGE][PASSED] - Tapped on element 'Object Repository/Mobile/Page/News/Button - Currencies'

2022-03-02 20:27:56 - [TEST_STEP][PASSED] - delay(3): Delayed 3 second(s)

2022-03-02 20:27:59 - [MESSAGE][PASSED] - Delayed 3 second(s)

2022-03-02 20:27:59 - [TEST_STEP][PASSED] - tap(NEWS_BtnCommodities, 0): Tapped on element 'Object Repository/Mobile/Page/News/Button - Commodities'

2022-03-02 20:27:59 - [MESSAGE][WARNING] - Timeout '0' is invalid. Using default page load timeout: '60'

2022-03-02 20:28:00 - [MESSAGE][PASSED] - Tapped on element 'Object Repository/Mobile/Page/News/Button - Commodities'

2022-03-02 20:28:00 - [TEST_STEP][PASSED] - delay(3): Delayed 3 second(s)

2022-03-02 20:28:03 - [MESSAGE][PASSED] - Delayed 3 second(s)

2022-03-02 20:28:03 - [TEST_STEP][PASSED] - delay(1): Delayed 1 second(s)

2022-03-02 20:28:04 - [MESSAGE][PASSED] - Delayed 1 second(s)

2022-03-02 20:28:04 - [TEST_STEP][PASSED] - if (tab != "worldindices"): null

2022-03-02 20:28:04 - [MESSAGE][PASSED] - Call Test Case 'Test Cases/Mobile/Page/News/News' successfully

2022-03-02 20:28:04 - [TEST_STEP][PASSED] - callTestCase(findTestCase("Mobile/Page/Run App/Terminate App"), [:], STOP_ON_FAILURE): Call Test Case 'Test Cases/Mobile/Page/Run App/Terminate App' successfully

2022-03-02 20:28:04 - [TEST_CASE][PASSED] - Test Cases/Mobile/Page/Run App/Terminate App: Test Cases/Mobile/Page/Run App/Terminate App

2022-03-02 20:28:04 - [TEST_STEP][PASSED] - startApp.OpenApp.terminateApplication(): startApp.OpenApp.terminateApplication is PASSED

2022-03-02 20:28:07 - [MESSAGE][PASSED] - Delayed 3 second(s)

2022-03-02 20:28:08 - [MESSAGE][PASSED] - Current device physical width is 720

2022-03-02 20:28:08 - [MESSAGE][PASSED] - Current device physical height is 1423

2022-03-02 20:28:09 - [MESSAGE][PASSED] - Swiped from 360,853 to 360,142

2022-03-02 20:28:10 - [MESSAGE][PASSED] - Delayed 1 second(s)

2022-03-02 20:28:12 - [MESSAGE][PASSED] - Swiped from 360,853 to 360,142

2022-03-02 20:28:15 - [MESSAGE][PASSED] - Delayed 3 second(s)

2022-03-02 20:28:15 - [MESSAGE][PASSED] - startApp.OpenApp.terminateApplication is PASSED

2022-03-02 20:28:15 - [MESSAGE][PASSED] - Call Test Case 'Test Cases/Mobile/Page/Run App/Terminate App' successfully]]></system-out>
         <system-err><![CDATA[]]></system-err>
      </testcase>
      <testcase name="Test Cases/Mobile/Scenario/News/002 - News Stock" time="64.928" classname="Test Cases/Mobile/Scenario/News/002 - News Stock" status="PASSED">
         <system-out><![CDATA[2022-03-02 20:28:15 - [TEST_CASE][PASSED] - Test Cases/Mobile/Scenario/News/002 - News Stock: Test Cases/Mobile/Scenario/News/002 - News Stock

2022-03-02 20:28:15 - [TEST_STEP][PASSED] - callTestCase(findTestCase("Mobile/Page/Run App/Run App byID"), [:], STOP_ON_FAILURE): Call Test Case 'Test Cases/Mobile/Page/Run App/Run App byID' successfully

2022-03-02 20:28:15 - [TEST_CASE][PASSED] - Test Cases/Mobile/Page/Run App/Run App byID: Test Cases/Mobile/Page/Run App/Run App byID

2022-03-02 20:28:15 - [TEST_STEP][PASSED] - startApp.OpenApp.startApplication("id.co.miraeasset.sageclub"): startApp.OpenApp.startApplication is PASSED

2022-03-02 20:28:27 - [MESSAGE][PASSED] - Starting app with application ID: 'id.co.miraeasset.sageclub'

2022-03-02 20:28:27 - [MESSAGE][PASSED] - startApp.OpenApp.startApplication is PASSED

2022-03-02 20:28:27 - [MESSAGE][PASSED] - Call Test Case 'Test Cases/Mobile/Page/Run App/Run App byID' successfully

2022-03-02 20:28:27 - [TEST_STEP][PASSED] - callTestCase(findTestCase("Mobile/Page/News/News"), ["tab":"stocknews"], CONTINUE_ON_FAILURE): Call Test Case 'Test Cases/Mobile/Page/News/News' successfully

2022-03-02 20:28:27 - [TEST_CASE][PASSED] - Test Cases/Mobile/Page/News/News: Test Cases/Mobile/Page/News/News

2022-03-02 20:28:27 - [TEST_STEP][PASSED] - callTestCase(findTestCase("Mobile/Page/CheckLogin"), [:], CONTINUE_ON_FAILURE): Call Test Case 'Test Cases/Mobile/Page/CheckLogin' successfully

2022-03-02 20:28:27 - [TEST_CASE][PASSED] - Test Cases/Mobile/Page/CheckLogin: Test Cases/Mobile/Page/CheckLogin

2022-03-02 20:28:27 - [TEST_STEP][PASSED] - loginCheck = verifyElementExist(LOGN_BtnLogin, 5, CONTINUE_ON_FAILURE): Element 'Object Repository/Mobile/Page/Login/Button - Login' is exist

2022-03-02 20:28:29 - [MESSAGE][PASSED] - Element 'Object Repository/Mobile/Page/Login/Button - Login' is exist

2022-03-02 20:28:29 - [TEST_STEP][PASSED] - if (loginCheck): Call Test Case 'Test Cases/Mobile/Page/Login/Login' successfully

2022-03-02 20:28:29 - [TEST_STEP][PASSED] - callTestCase(findTestCase("Mobile/Page/Login/Login"), ["action":"username"], CONTINUE_ON_FAILURE): Call Test Case 'Test Cases/Mobile/Page/Login/Login' successfully

2022-03-02 20:28:29 - [TEST_CASE][PASSED] - Test Cases/Mobile/Page/Login/Login: Test Cases/Mobile/Page/Login/Login

2022-03-02 20:28:29 - [TEST_STEP][PASSED] - delay(2): Delayed 2 second(s)

2022-03-02 20:28:31 - [MESSAGE][PASSED] - Delayed 2 second(s)

2022-03-02 20:28:31 - [TEST_STEP][PASSED] - for ([i = 0, i < 1, (i++)]): null

2022-03-02 20:28:31 - [TEST_STEP][PASSED] - if (action == "username"): null

2022-03-02 20:28:31 - [TEST_STEP][PASSED] - tap(LOGN_EdtUserID, 0): Tapped on element 'Object Repository/Mobile/Page/Login/Input - UserID'

2022-03-02 20:28:31 - [MESSAGE][WARNING] - Timeout '0' is invalid. Using default page load timeout: '60'

2022-03-02 20:28:32 - [MESSAGE][PASSED] - Tapped on element 'Object Repository/Mobile/Page/Login/Input - UserID'

2022-03-02 20:28:32 - [TEST_STEP][PASSED] - delay(1): Delayed 1 second(s)

2022-03-02 20:28:33 - [MESSAGE][PASSED] - Delayed 1 second(s)

2022-03-02 20:28:33 - [TEST_STEP][PASSED] - setText(LOGN_EdtRdyUserID, "anggaaditya", 0): Text 'anggaaditya' has been set to element 'Object Repository/Mobile/Page/Login/Input Rdy - UserID'

2022-03-02 20:28:33 - [MESSAGE][WARNING] - Timeout '0' is invalid. Using default page load timeout: '60'

2022-03-02 20:28:33 - [MESSAGE][PASSED] - Text 'anggaaditya' has been set to element 'Object Repository/Mobile/Page/Login/Input Rdy - UserID'

2022-03-02 20:28:33 - [TEST_STEP][PASSED] - delay(1): Delayed 1 second(s)

2022-03-02 20:28:34 - [MESSAGE][PASSED] - Delayed 1 second(s)

2022-03-02 20:28:34 - [TEST_STEP][PASSED] - hideKeyboard(): Keyboard is hidden

2022-03-02 20:28:38 - [MESSAGE][PASSED] - Keyboard is hidden

2022-03-02 20:28:38 - [TEST_STEP][PASSED] - tap(LOGN_EdtPassword, 0): Tapped on element 'Object Repository/Mobile/Page/Login/Input - Password'

2022-03-02 20:28:38 - [MESSAGE][WARNING] - Timeout '0' is invalid. Using default page load timeout: '60'

2022-03-02 20:28:39 - [MESSAGE][PASSED] - Tapped on element 'Object Repository/Mobile/Page/Login/Input - Password'

2022-03-02 20:28:39 - [TEST_STEP][PASSED] - delay(1): Delayed 1 second(s)

2022-03-02 20:28:40 - [MESSAGE][PASSED] - Delayed 1 second(s)

2022-03-02 20:28:40 - [TEST_STEP][PASSED] - setText(LOGN_EdtRdyPassword, "Shalawa18", 0): Text 'Shalawa18' has been set to element 'Object Repository/Mobile/Page/Login/Input Rdy - Password'

2022-03-02 20:28:40 - [MESSAGE][WARNING] - Timeout '0' is invalid. Using default page load timeout: '60'

2022-03-02 20:28:40 - [MESSAGE][PASSED] - Text 'Shalawa18' has been set to element 'Object Repository/Mobile/Page/Login/Input Rdy - Password'

2022-03-02 20:28:40 - [TEST_STEP][PASSED] - delay(1): Delayed 1 second(s)

2022-03-02 20:28:41 - [MESSAGE][PASSED] - Delayed 1 second(s)

2022-03-02 20:28:41 - [TEST_STEP][PASSED] - hideKeyboard(): Keyboard is hidden

2022-03-02 20:28:52 - [MESSAGE][PASSED] - Keyboard is hidden

2022-03-02 20:28:52 - [TEST_STEP][PASSED] - tap(LOGN_BtnLogin, 0): Tapped on element 'Object Repository/Mobile/Page/Login/Button - Login'

2022-03-02 20:28:52 - [MESSAGE][WARNING] - Timeout '0' is invalid. Using default page load timeout: '60'

2022-03-02 20:28:53 - [MESSAGE][PASSED] - Tapped on element 'Object Repository/Mobile/Page/Login/Button - Login'

2022-03-02 20:28:53 - [TEST_STEP][PASSED] - delay(2): Delayed 2 second(s)

2022-03-02 20:28:55 - [MESSAGE][PASSED] - Delayed 2 second(s)

2022-03-02 20:28:55 - [TEST_STEP][PASSED] - break: null

2022-03-02 20:28:55 - [MESSAGE][PASSED] - Call Test Case 'Test Cases/Mobile/Page/Login/Login' successfully

2022-03-02 20:28:55 - [MESSAGE][PASSED] - Call Test Case 'Test Cases/Mobile/Page/CheckLogin' successfully

2022-03-02 20:28:55 - [TEST_STEP][PASSED] - tap(HOME_MenubarNews, 0): Tapped on element 'Object Repository/Mobile/Page/Home/Menubar - News'

2022-03-02 20:28:55 - [MESSAGE][WARNING] - Timeout '0' is invalid. Using default page load timeout: '60'

2022-03-02 20:28:57 - [MESSAGE][PASSED] - Tapped on element 'Object Repository/Mobile/Page/Home/Menubar - News'

2022-03-02 20:28:57 - [TEST_STEP][PASSED] - delay(1): Delayed 1 second(s)

2022-03-02 20:28:58 - [MESSAGE][PASSED] - Delayed 1 second(s)

2022-03-02 20:28:58 - [TEST_STEP][PASSED] - for ([i = 0, i < 1, (i++)]): Delayed 3 second(s)

2022-03-02 20:28:58 - [TEST_STEP][PASSED] - if (tab == "macronews"): null

2022-03-02 20:28:58 - [TEST_STEP][PASSED] - else if (tab == "stocknews"): Tapped on element 'Object Repository/Mobile/Page/News/Tab - Stock'

2022-03-02 20:28:58 - [TEST_STEP][PASSED] - tap(NEWS_TabStock, 0): Tapped on element 'Object Repository/Mobile/Page/News/Tab - Stock'

2022-03-02 20:28:58 - [MESSAGE][WARNING] - Timeout '0' is invalid. Using default page load timeout: '60'

2022-03-02 20:28:59 - [MESSAGE][PASSED] - Tapped on element 'Object Repository/Mobile/Page/News/Tab - Stock'

2022-03-02 20:28:59 - [TEST_STEP][PASSED] - delay(1): Delayed 1 second(s)

2022-03-02 20:29:00 - [MESSAGE][PASSED] - Delayed 1 second(s)

2022-03-02 20:29:00 - [TEST_STEP][PASSED] - if (tab != "worldindices"): Delayed 3 second(s)

2022-03-02 20:29:00 - [TEST_STEP][PASSED] - try: Delayed 3 second(s)

2022-03-02 20:29:00 - [TEST_STEP][PASSED] - tapAndHold(NEWS_ItemTopNews, 1, 10): Tapped and held on element 'Object Repository/Mobile/Page/News/Item - Top News' with duration 1

2022-03-02 20:29:03 - [MESSAGE][PASSED] - Tapped and held on element 'Object Repository/Mobile/Page/News/Item - Top News' with duration 1

2022-03-02 20:29:03 - [TEST_STEP][PASSED] - delay(1): Delayed 1 second(s)

2022-03-02 20:29:04 - [MESSAGE][PASSED] - Delayed 1 second(s)

2022-03-02 20:29:04 - [TEST_STEP][PASSED] - scroll.scroll.scrollScreenBottomToTop(): scroll.scroll.scrollScreenBottomToTop is PASSED

2022-03-02 20:29:05 - [MESSAGE][PASSED] - Current device physical height is 1423

2022-03-02 20:29:05 - [MESSAGE][PASSED] - Current device physical width is 720

2022-03-02 20:29:06 - [MESSAGE][PASSED] - Swiped from 360,1,138 to 360,284

2022-03-02 20:29:06 - [MESSAGE][PASSED] - scroll.scroll.scrollScreenBottomToTop is PASSED

2022-03-02 20:29:06 - [TEST_STEP][PASSED] - delay(3): Delayed 3 second(s)

2022-03-02 20:29:09 - [MESSAGE][PASSED] - Delayed 3 second(s)

2022-03-02 20:29:09 - [MESSAGE][PASSED] - Call Test Case 'Test Cases/Mobile/Page/News/News' successfully

2022-03-02 20:29:09 - [TEST_STEP][PASSED] - callTestCase(findTestCase("Mobile/Page/Run App/Terminate App"), [:], STOP_ON_FAILURE): Call Test Case 'Test Cases/Mobile/Page/Run App/Terminate App' successfully

2022-03-02 20:29:09 - [TEST_CASE][PASSED] - Test Cases/Mobile/Page/Run App/Terminate App: Test Cases/Mobile/Page/Run App/Terminate App

2022-03-02 20:29:09 - [TEST_STEP][PASSED] - startApp.OpenApp.terminateApplication(): startApp.OpenApp.terminateApplication is PASSED

2022-03-02 20:29:12 - [MESSAGE][PASSED] - Delayed 3 second(s)

2022-03-02 20:29:13 - [MESSAGE][PASSED] - Current device physical width is 720

2022-03-02 20:29:13 - [MESSAGE][PASSED] - Current device physical height is 1423

2022-03-02 20:29:14 - [MESSAGE][PASSED] - Swiped from 360,853 to 360,142

2022-03-02 20:29:15 - [MESSAGE][PASSED] - Delayed 1 second(s)

2022-03-02 20:29:16 - [MESSAGE][PASSED] - Swiped from 360,853 to 360,142

2022-03-02 20:29:19 - [MESSAGE][PASSED] - Delayed 3 second(s)

2022-03-02 20:29:19 - [MESSAGE][PASSED] - startApp.OpenApp.terminateApplication is PASSED

2022-03-02 20:29:19 - [MESSAGE][PASSED] - Call Test Case 'Test Cases/Mobile/Page/Run App/Terminate App' successfully]]></system-out>
         <system-err><![CDATA[]]></system-err>
      </testcase>
      <testcase name="Test Cases/Mobile/Scenario/News/003 - News Fund" time="65.589" classname="Test Cases/Mobile/Scenario/News/003 - News Fund" status="PASSED">
         <system-out><![CDATA[2022-03-02 20:29:19 - [TEST_CASE][PASSED] - Test Cases/Mobile/Scenario/News/003 - News Fund: Test Cases/Mobile/Scenario/News/003 - News Fund

2022-03-02 20:29:20 - [TEST_STEP][PASSED] - callTestCase(findTestCase("Mobile/Page/Run App/Run App byID"), [:], STOP_ON_FAILURE): Call Test Case 'Test Cases/Mobile/Page/Run App/Run App byID' successfully

2022-03-02 20:29:20 - [TEST_CASE][PASSED] - Test Cases/Mobile/Page/Run App/Run App byID: Test Cases/Mobile/Page/Run App/Run App byID

2022-03-02 20:29:20 - [TEST_STEP][PASSED] - startApp.OpenApp.startApplication("id.co.miraeasset.sageclub"): startApp.OpenApp.startApplication is PASSED

2022-03-02 20:29:35 - [MESSAGE][PASSED] - Starting app with application ID: 'id.co.miraeasset.sageclub'

2022-03-02 20:29:35 - [MESSAGE][PASSED] - startApp.OpenApp.startApplication is PASSED

2022-03-02 20:29:35 - [MESSAGE][PASSED] - Call Test Case 'Test Cases/Mobile/Page/Run App/Run App byID' successfully

2022-03-02 20:29:35 - [TEST_STEP][PASSED] - callTestCase(findTestCase("Mobile/Page/News/News"), ["tab":"fundnews"], CONTINUE_ON_FAILURE): Call Test Case 'Test Cases/Mobile/Page/News/News' successfully

2022-03-02 20:29:35 - [TEST_CASE][PASSED] - Test Cases/Mobile/Page/News/News: Test Cases/Mobile/Page/News/News

2022-03-02 20:29:35 - [TEST_STEP][PASSED] - callTestCase(findTestCase("Mobile/Page/CheckLogin"), [:], CONTINUE_ON_FAILURE): Call Test Case 'Test Cases/Mobile/Page/CheckLogin' successfully

2022-03-02 20:29:35 - [TEST_CASE][PASSED] - Test Cases/Mobile/Page/CheckLogin: Test Cases/Mobile/Page/CheckLogin

2022-03-02 20:29:35 - [TEST_STEP][PASSED] - loginCheck = verifyElementExist(LOGN_BtnLogin, 5, CONTINUE_ON_FAILURE): Element 'Object Repository/Mobile/Page/Login/Button - Login' is exist

2022-03-02 20:29:38 - [MESSAGE][PASSED] - Element 'Object Repository/Mobile/Page/Login/Button - Login' is exist

2022-03-02 20:29:38 - [TEST_STEP][PASSED] - if (loginCheck): Call Test Case 'Test Cases/Mobile/Page/Login/Login' successfully

2022-03-02 20:29:38 - [TEST_STEP][PASSED] - callTestCase(findTestCase("Mobile/Page/Login/Login"), ["action":"username"], CONTINUE_ON_FAILURE): Call Test Case 'Test Cases/Mobile/Page/Login/Login' successfully

2022-03-02 20:29:38 - [TEST_CASE][PASSED] - Test Cases/Mobile/Page/Login/Login: Test Cases/Mobile/Page/Login/Login

2022-03-02 20:29:38 - [TEST_STEP][PASSED] - delay(2): Delayed 2 second(s)

2022-03-02 20:29:40 - [MESSAGE][PASSED] - Delayed 2 second(s)

2022-03-02 20:29:40 - [TEST_STEP][PASSED] - for ([i = 0, i < 1, (i++)]): null

2022-03-02 20:29:40 - [TEST_STEP][PASSED] - if (action == "username"): null

2022-03-02 20:29:40 - [TEST_STEP][PASSED] - tap(LOGN_EdtUserID, 0): Tapped on element 'Object Repository/Mobile/Page/Login/Input - UserID'

2022-03-02 20:29:40 - [MESSAGE][WARNING] - Timeout '0' is invalid. Using default page load timeout: '60'

2022-03-02 20:29:41 - [MESSAGE][PASSED] - Tapped on element 'Object Repository/Mobile/Page/Login/Input - UserID'

2022-03-02 20:29:41 - [TEST_STEP][PASSED] - delay(1): Delayed 1 second(s)

2022-03-02 20:29:42 - [MESSAGE][PASSED] - Delayed 1 second(s)

2022-03-02 20:29:42 - [TEST_STEP][PASSED] - setText(LOGN_EdtRdyUserID, "anggaaditya", 0): Text 'anggaaditya' has been set to element 'Object Repository/Mobile/Page/Login/Input Rdy - UserID'

2022-03-02 20:29:42 - [MESSAGE][WARNING] - Timeout '0' is invalid. Using default page load timeout: '60'

2022-03-02 20:29:43 - [MESSAGE][PASSED] - Text 'anggaaditya' has been set to element 'Object Repository/Mobile/Page/Login/Input Rdy - UserID'

2022-03-02 20:29:43 - [TEST_STEP][PASSED] - delay(1): Delayed 1 second(s)

2022-03-02 20:29:44 - [MESSAGE][PASSED] - Delayed 1 second(s)

2022-03-02 20:29:44 - [TEST_STEP][PASSED] - hideKeyboard(): Keyboard is hidden

2022-03-02 20:29:48 - [MESSAGE][PASSED] - Keyboard is hidden

2022-03-02 20:29:48 - [TEST_STEP][PASSED] - tap(LOGN_EdtPassword, 0): Tapped on element 'Object Repository/Mobile/Page/Login/Input - Password'

2022-03-02 20:29:48 - [MESSAGE][WARNING] - Timeout '0' is invalid. Using default page load timeout: '60'

2022-03-02 20:29:49 - [MESSAGE][PASSED] - Tapped on element 'Object Repository/Mobile/Page/Login/Input - Password'

2022-03-02 20:29:49 - [TEST_STEP][PASSED] - delay(1): Delayed 1 second(s)

2022-03-02 20:29:50 - [MESSAGE][PASSED] - Delayed 1 second(s)

2022-03-02 20:29:50 - [TEST_STEP][PASSED] - setText(LOGN_EdtRdyPassword, "Shalawa18", 0): Text 'Shalawa18' has been set to element 'Object Repository/Mobile/Page/Login/Input Rdy - Password'

2022-03-02 20:29:50 - [MESSAGE][WARNING] - Timeout '0' is invalid. Using default page load timeout: '60'

2022-03-02 20:29:51 - [MESSAGE][PASSED] - Text 'Shalawa18' has been set to element 'Object Repository/Mobile/Page/Login/Input Rdy - Password'

2022-03-02 20:29:51 - [TEST_STEP][PASSED] - delay(1): Delayed 1 second(s)

2022-03-02 20:29:52 - [MESSAGE][PASSED] - Delayed 1 second(s)

2022-03-02 20:29:52 - [TEST_STEP][PASSED] - hideKeyboard(): Keyboard is hidden

2022-03-02 20:29:58 - [MESSAGE][PASSED] - Keyboard is hidden

2022-03-02 20:29:58 - [TEST_STEP][PASSED] - tap(LOGN_BtnLogin, 0): Tapped on element 'Object Repository/Mobile/Page/Login/Button - Login'

2022-03-02 20:29:58 - [MESSAGE][WARNING] - Timeout '0' is invalid. Using default page load timeout: '60'

2022-03-02 20:29:59 - [MESSAGE][PASSED] - Tapped on element 'Object Repository/Mobile/Page/Login/Button - Login'

2022-03-02 20:29:59 - [TEST_STEP][PASSED] - delay(2): Delayed 2 second(s)

2022-03-02 20:30:01 - [MESSAGE][PASSED] - Delayed 2 second(s)

2022-03-02 20:30:01 - [TEST_STEP][PASSED] - break: null

2022-03-02 20:30:01 - [MESSAGE][PASSED] - Call Test Case 'Test Cases/Mobile/Page/Login/Login' successfully

2022-03-02 20:30:01 - [MESSAGE][PASSED] - Call Test Case 'Test Cases/Mobile/Page/CheckLogin' successfully

2022-03-02 20:30:01 - [TEST_STEP][PASSED] - tap(HOME_MenubarNews, 0): Tapped on element 'Object Repository/Mobile/Page/Home/Menubar - News'

2022-03-02 20:30:01 - [MESSAGE][WARNING] - Timeout '0' is invalid. Using default page load timeout: '60'

2022-03-02 20:30:02 - [MESSAGE][PASSED] - Tapped on element 'Object Repository/Mobile/Page/Home/Menubar - News'

2022-03-02 20:30:02 - [TEST_STEP][PASSED] - delay(1): Delayed 1 second(s)

2022-03-02 20:30:03 - [MESSAGE][PASSED] - Delayed 1 second(s)

2022-03-02 20:30:03 - [TEST_STEP][PASSED] - for ([i = 0, i < 1, (i++)]): Delayed 3 second(s)

2022-03-02 20:30:03 - [TEST_STEP][PASSED] - if (tab == "macronews"): null

2022-03-02 20:30:03 - [TEST_STEP][PASSED] - else if (tab == "stocknews"): null

2022-03-02 20:30:03 - [TEST_STEP][PASSED] - else if (tab == "fundnews"): Tapped on element 'Object Repository/Mobile/Page/News/Tab - Fund'

2022-03-02 20:30:03 - [TEST_STEP][PASSED] - tap(NEWS_TabFund, 0): Tapped on element 'Object Repository/Mobile/Page/News/Tab - Fund'

2022-03-02 20:30:03 - [MESSAGE][WARNING] - Timeout '0' is invalid. Using default page load timeout: '60'

2022-03-02 20:30:05 - [MESSAGE][PASSED] - Tapped on element 'Object Repository/Mobile/Page/News/Tab - Fund'

2022-03-02 20:30:05 - [TEST_STEP][PASSED] - delay(1): Delayed 1 second(s)

2022-03-02 20:30:06 - [MESSAGE][PASSED] - Delayed 1 second(s)

2022-03-02 20:30:06 - [TEST_STEP][PASSED] - if (tab != "worldindices"): Delayed 3 second(s)

2022-03-02 20:30:06 - [TEST_STEP][PASSED] - try: Delayed 3 second(s)

2022-03-02 20:30:06 - [TEST_STEP][PASSED] - tapAndHold(NEWS_ItemTopNews, 1, 10): Tapped and held on element 'Object Repository/Mobile/Page/News/Item - Top News' with duration 1

2022-03-02 20:30:09 - [MESSAGE][PASSED] - Tapped and held on element 'Object Repository/Mobile/Page/News/Item - Top News' with duration 1

2022-03-02 20:30:09 - [TEST_STEP][PASSED] - delay(1): Delayed 1 second(s)

2022-03-02 20:30:10 - [MESSAGE][PASSED] - Delayed 1 second(s)

2022-03-02 20:30:10 - [TEST_STEP][PASSED] - scroll.scroll.scrollScreenBottomToTop(): scroll.scroll.scrollScreenBottomToTop is PASSED

2022-03-02 20:30:10 - [MESSAGE][PASSED] - Current device physical height is 1423

2022-03-02 20:30:11 - [MESSAGE][PASSED] - Current device physical width is 720

2022-03-02 20:30:12 - [MESSAGE][PASSED] - Swiped from 360,1,138 to 360,284

2022-03-02 20:30:12 - [MESSAGE][PASSED] - scroll.scroll.scrollScreenBottomToTop is PASSED

2022-03-02 20:30:12 - [TEST_STEP][PASSED] - delay(3): Delayed 3 second(s)

2022-03-02 20:30:15 - [MESSAGE][PASSED] - Delayed 3 second(s)

2022-03-02 20:30:15 - [MESSAGE][PASSED] - Call Test Case 'Test Cases/Mobile/Page/News/News' successfully

2022-03-02 20:30:15 - [TEST_STEP][PASSED] - callTestCase(findTestCase("Mobile/Page/Run App/Terminate App"), [:], STOP_ON_FAILURE): Call Test Case 'Test Cases/Mobile/Page/Run App/Terminate App' successfully

2022-03-02 20:30:15 - [TEST_CASE][PASSED] - Test Cases/Mobile/Page/Run App/Terminate App: Test Cases/Mobile/Page/Run App/Terminate App

2022-03-02 20:30:15 - [TEST_STEP][PASSED] - startApp.OpenApp.terminateApplication(): startApp.OpenApp.terminateApplication is PASSED

2022-03-02 20:30:18 - [MESSAGE][PASSED] - Delayed 3 second(s)

2022-03-02 20:30:18 - [MESSAGE][PASSED] - Current device physical width is 720

2022-03-02 20:30:18 - [MESSAGE][PASSED] - Current device physical height is 1423

2022-03-02 20:30:20 - [MESSAGE][PASSED] - Swiped from 360,853 to 360,142

2022-03-02 20:30:21 - [MESSAGE][PASSED] - Delayed 1 second(s)

2022-03-02 20:30:22 - [MESSAGE][PASSED] - Swiped from 360,853 to 360,142

2022-03-02 20:30:25 - [MESSAGE][PASSED] - Delayed 3 second(s)

2022-03-02 20:30:25 - [MESSAGE][PASSED] - startApp.OpenApp.terminateApplication is PASSED

2022-03-02 20:30:25 - [MESSAGE][PASSED] - Call Test Case 'Test Cases/Mobile/Page/Run App/Terminate App' successfully]]></system-out>
         <system-err><![CDATA[]]></system-err>
      </testcase>
      <testcase name="Test Cases/Mobile/Scenario/News/004 - Bond News" time="64.069" classname="Test Cases/Mobile/Scenario/News/004 - Bond News" status="PASSED">
         <system-out><![CDATA[2022-03-02 20:30:25 - [TEST_CASE][PASSED] - Test Cases/Mobile/Scenario/News/004 - Bond News: Test Cases/Mobile/Scenario/News/004 - Bond News

2022-03-02 20:30:25 - [TEST_STEP][PASSED] - callTestCase(findTestCase("Mobile/Page/Run App/Run App byID"), [:], STOP_ON_FAILURE): Call Test Case 'Test Cases/Mobile/Page/Run App/Run App byID' successfully

2022-03-02 20:30:25 - [TEST_CASE][PASSED] - Test Cases/Mobile/Page/Run App/Run App byID: Test Cases/Mobile/Page/Run App/Run App byID

2022-03-02 20:30:25 - [TEST_STEP][PASSED] - startApp.OpenApp.startApplication("id.co.miraeasset.sageclub"): startApp.OpenApp.startApplication is PASSED

2022-03-02 20:30:39 - [MESSAGE][PASSED] - Starting app with application ID: 'id.co.miraeasset.sageclub'

2022-03-02 20:30:39 - [MESSAGE][PASSED] - startApp.OpenApp.startApplication is PASSED

2022-03-02 20:30:39 - [MESSAGE][PASSED] - Call Test Case 'Test Cases/Mobile/Page/Run App/Run App byID' successfully

2022-03-02 20:30:39 - [TEST_STEP][PASSED] - callTestCase(findTestCase("Mobile/Page/News/News"), ["tab":"bondnews"], CONTINUE_ON_FAILURE): Call Test Case 'Test Cases/Mobile/Page/News/News' successfully

2022-03-02 20:30:39 - [TEST_CASE][PASSED] - Test Cases/Mobile/Page/News/News: Test Cases/Mobile/Page/News/News

2022-03-02 20:30:39 - [TEST_STEP][PASSED] - callTestCase(findTestCase("Mobile/Page/CheckLogin"), [:], CONTINUE_ON_FAILURE): Call Test Case 'Test Cases/Mobile/Page/CheckLogin' successfully

2022-03-02 20:30:39 - [TEST_CASE][PASSED] - Test Cases/Mobile/Page/CheckLogin: Test Cases/Mobile/Page/CheckLogin

2022-03-02 20:30:39 - [TEST_STEP][PASSED] - loginCheck = verifyElementExist(LOGN_BtnLogin, 5, CONTINUE_ON_FAILURE): Element 'Object Repository/Mobile/Page/Login/Button - Login' is exist

2022-03-02 20:30:42 - [MESSAGE][PASSED] - Element 'Object Repository/Mobile/Page/Login/Button - Login' is exist

2022-03-02 20:30:42 - [TEST_STEP][PASSED] - if (loginCheck): Call Test Case 'Test Cases/Mobile/Page/Login/Login' successfully

2022-03-02 20:30:42 - [TEST_STEP][PASSED] - callTestCase(findTestCase("Mobile/Page/Login/Login"), ["action":"username"], CONTINUE_ON_FAILURE): Call Test Case 'Test Cases/Mobile/Page/Login/Login' successfully

2022-03-02 20:30:42 - [TEST_CASE][PASSED] - Test Cases/Mobile/Page/Login/Login: Test Cases/Mobile/Page/Login/Login

2022-03-02 20:30:42 - [TEST_STEP][PASSED] - delay(2): Delayed 2 second(s)

2022-03-02 20:30:44 - [MESSAGE][PASSED] - Delayed 2 second(s)

2022-03-02 20:30:44 - [TEST_STEP][PASSED] - for ([i = 0, i < 1, (i++)]): null

2022-03-02 20:30:44 - [TEST_STEP][PASSED] - if (action == "username"): null

2022-03-02 20:30:44 - [TEST_STEP][PASSED] - tap(LOGN_EdtUserID, 0): Tapped on element 'Object Repository/Mobile/Page/Login/Input - UserID'

2022-03-02 20:30:44 - [MESSAGE][WARNING] - Timeout '0' is invalid. Using default page load timeout: '60'

2022-03-02 20:30:44 - [MESSAGE][PASSED] - Tapped on element 'Object Repository/Mobile/Page/Login/Input - UserID'

2022-03-02 20:30:44 - [TEST_STEP][PASSED] - delay(1): Delayed 1 second(s)

2022-03-02 20:30:45 - [MESSAGE][PASSED] - Delayed 1 second(s)

2022-03-02 20:30:45 - [TEST_STEP][PASSED] - setText(LOGN_EdtRdyUserID, "anggaaditya", 0): Text 'anggaaditya' has been set to element 'Object Repository/Mobile/Page/Login/Input Rdy - UserID'

2022-03-02 20:30:45 - [MESSAGE][WARNING] - Timeout '0' is invalid. Using default page load timeout: '60'

2022-03-02 20:30:46 - [MESSAGE][PASSED] - Text 'anggaaditya' has been set to element 'Object Repository/Mobile/Page/Login/Input Rdy - UserID'

2022-03-02 20:30:46 - [TEST_STEP][PASSED] - delay(1): Delayed 1 second(s)

2022-03-02 20:30:47 - [MESSAGE][PASSED] - Delayed 1 second(s)

2022-03-02 20:30:47 - [TEST_STEP][PASSED] - hideKeyboard(): Keyboard is hidden

2022-03-02 20:30:50 - [MESSAGE][PASSED] - Keyboard is hidden

2022-03-02 20:30:51 - [TEST_STEP][PASSED] - tap(LOGN_EdtPassword, 0): Tapped on element 'Object Repository/Mobile/Page/Login/Input - Password'

2022-03-02 20:30:51 - [MESSAGE][WARNING] - Timeout '0' is invalid. Using default page load timeout: '60'

2022-03-02 20:30:51 - [MESSAGE][PASSED] - Tapped on element 'Object Repository/Mobile/Page/Login/Input - Password'

2022-03-02 20:30:51 - [TEST_STEP][PASSED] - delay(1): Delayed 1 second(s)

2022-03-02 20:30:52 - [MESSAGE][PASSED] - Delayed 1 second(s)

2022-03-02 20:30:52 - [TEST_STEP][PASSED] - setText(LOGN_EdtRdyPassword, "Shalawa18", 0): Text 'Shalawa18' has been set to element 'Object Repository/Mobile/Page/Login/Input Rdy - Password'

2022-03-02 20:30:52 - [MESSAGE][WARNING] - Timeout '0' is invalid. Using default page load timeout: '60'

2022-03-02 20:30:53 - [MESSAGE][PASSED] - Text 'Shalawa18' has been set to element 'Object Repository/Mobile/Page/Login/Input Rdy - Password'

2022-03-02 20:30:53 - [TEST_STEP][PASSED] - delay(1): Delayed 1 second(s)

2022-03-02 20:30:54 - [MESSAGE][PASSED] - Delayed 1 second(s)

2022-03-02 20:30:54 - [TEST_STEP][PASSED] - hideKeyboard(): Keyboard is hidden

2022-03-02 20:31:01 - [MESSAGE][PASSED] - Keyboard is hidden

2022-03-02 20:31:01 - [TEST_STEP][PASSED] - tap(LOGN_BtnLogin, 0): Tapped on element 'Object Repository/Mobile/Page/Login/Button - Login'

2022-03-02 20:31:01 - [MESSAGE][WARNING] - Timeout '0' is invalid. Using default page load timeout: '60'

2022-03-02 20:31:02 - [MESSAGE][PASSED] - Tapped on element 'Object Repository/Mobile/Page/Login/Button - Login'

2022-03-02 20:31:02 - [TEST_STEP][PASSED] - delay(2): Delayed 2 second(s)

2022-03-02 20:31:04 - [MESSAGE][PASSED] - Delayed 2 second(s)

2022-03-02 20:31:04 - [TEST_STEP][PASSED] - break: null

2022-03-02 20:31:04 - [MESSAGE][PASSED] - Call Test Case 'Test Cases/Mobile/Page/Login/Login' successfully

2022-03-02 20:31:04 - [MESSAGE][PASSED] - Call Test Case 'Test Cases/Mobile/Page/CheckLogin' successfully

2022-03-02 20:31:04 - [TEST_STEP][PASSED] - tap(HOME_MenubarNews, 0): Tapped on element 'Object Repository/Mobile/Page/Home/Menubar - News'

2022-03-02 20:31:04 - [MESSAGE][WARNING] - Timeout '0' is invalid. Using default page load timeout: '60'

2022-03-02 20:31:06 - [MESSAGE][PASSED] - Tapped on element 'Object Repository/Mobile/Page/Home/Menubar - News'

2022-03-02 20:31:06 - [TEST_STEP][PASSED] - delay(1): Delayed 1 second(s)

2022-03-02 20:31:07 - [MESSAGE][PASSED] - Delayed 1 second(s)

2022-03-02 20:31:07 - [TEST_STEP][PASSED] - for ([i = 0, i < 1, (i++)]): Delayed 3 second(s)

2022-03-02 20:31:07 - [TEST_STEP][PASSED] - if (tab == "macronews"): null

2022-03-02 20:31:07 - [TEST_STEP][PASSED] - else if (tab == "stocknews"): null

2022-03-02 20:31:07 - [TEST_STEP][PASSED] - else if (tab == "fundnews"): null

2022-03-02 20:31:07 - [TEST_STEP][PASSED] - else if (tab == "bondnews"): Tapped on element 'Object Repository/Mobile/Page/News/Tab - Bond'

2022-03-02 20:31:07 - [TEST_STEP][PASSED] - tap(NEWS_TabBond, 0): Tapped on element 'Object Repository/Mobile/Page/News/Tab - Bond'

2022-03-02 20:31:07 - [MESSAGE][WARNING] - Timeout '0' is invalid. Using default page load timeout: '60'

2022-03-02 20:31:09 - [MESSAGE][PASSED] - Tapped on element 'Object Repository/Mobile/Page/News/Tab - Bond'

2022-03-02 20:31:09 - [TEST_STEP][PASSED] - delay(1): Delayed 1 second(s)

2022-03-02 20:31:10 - [MESSAGE][PASSED] - Delayed 1 second(s)

2022-03-02 20:31:10 - [TEST_STEP][PASSED] - if (tab != "worldindices"): Delayed 3 second(s)

2022-03-02 20:31:10 - [TEST_STEP][PASSED] - try: Delayed 3 second(s)

2022-03-02 20:31:10 - [TEST_STEP][PASSED] - tapAndHold(NEWS_ItemTopNews, 1, 10): Tapped and held on element 'Object Repository/Mobile/Page/News/Item - Top News' with duration 1

2022-03-02 20:31:13 - [MESSAGE][PASSED] - Tapped and held on element 'Object Repository/Mobile/Page/News/Item - Top News' with duration 1

2022-03-02 20:31:13 - [TEST_STEP][PASSED] - delay(1): Delayed 1 second(s)

2022-03-02 20:31:14 - [MESSAGE][PASSED] - Delayed 1 second(s)

2022-03-02 20:31:14 - [TEST_STEP][PASSED] - scroll.scroll.scrollScreenBottomToTop(): scroll.scroll.scrollScreenBottomToTop is PASSED

2022-03-02 20:31:14 - [MESSAGE][PASSED] - Current device physical height is 1423

2022-03-02 20:31:15 - [MESSAGE][PASSED] - Current device physical width is 720

2022-03-02 20:31:16 - [MESSAGE][PASSED] - Swiped from 360,1,138 to 360,284

2022-03-02 20:31:16 - [MESSAGE][PASSED] - scroll.scroll.scrollScreenBottomToTop is PASSED

2022-03-02 20:31:16 - [TEST_STEP][PASSED] - delay(3): Delayed 3 second(s)

2022-03-02 20:31:19 - [MESSAGE][PASSED] - Delayed 3 second(s)

2022-03-02 20:31:19 - [MESSAGE][PASSED] - Call Test Case 'Test Cases/Mobile/Page/News/News' successfully

2022-03-02 20:31:19 - [TEST_STEP][PASSED] - callTestCase(findTestCase("Mobile/Page/Run App/Terminate App"), [:], STOP_ON_FAILURE): Call Test Case 'Test Cases/Mobile/Page/Run App/Terminate App' successfully

2022-03-02 20:31:19 - [TEST_CASE][PASSED] - Test Cases/Mobile/Page/Run App/Terminate App: Test Cases/Mobile/Page/Run App/Terminate App

2022-03-02 20:31:19 - [TEST_STEP][PASSED] - startApp.OpenApp.terminateApplication(): startApp.OpenApp.terminateApplication is PASSED

2022-03-02 20:31:22 - [MESSAGE][PASSED] - Delayed 3 second(s)

2022-03-02 20:31:22 - [MESSAGE][PASSED] - Current device physical width is 720

2022-03-02 20:31:22 - [MESSAGE][PASSED] - Current device physical height is 1423

2022-03-02 20:31:24 - [MESSAGE][PASSED] - Swiped from 360,853 to 360,142

2022-03-02 20:31:25 - [MESSAGE][PASSED] - Delayed 1 second(s)

2022-03-02 20:31:26 - [MESSAGE][PASSED] - Swiped from 360,853 to 360,142

2022-03-02 20:31:29 - [MESSAGE][PASSED] - Delayed 3 second(s)

2022-03-02 20:31:29 - [MESSAGE][PASSED] - startApp.OpenApp.terminateApplication is PASSED

2022-03-02 20:31:29 - [MESSAGE][PASSED] - Call Test Case 'Test Cases/Mobile/Page/Run App/Terminate App' successfully]]></system-out>
         <system-err><![CDATA[]]></system-err>
      </testcase>
      <testcase name="Test Cases/Mobile/Scenario/News/005 - Macro News" time="63.559" classname="Test Cases/Mobile/Scenario/News/005 - Macro News" status="PASSED">
         <system-out><![CDATA[2022-03-02 20:31:29 - [TEST_CASE][PASSED] - Test Cases/Mobile/Scenario/News/005 - Macro News: Test Cases/Mobile/Scenario/News/005 - Macro News

2022-03-02 20:31:29 - [TEST_STEP][PASSED] - callTestCase(findTestCase("Mobile/Page/Run App/Run App byID"), [:], STOP_ON_FAILURE): Call Test Case 'Test Cases/Mobile/Page/Run App/Run App byID' successfully

2022-03-02 20:31:29 - [TEST_CASE][PASSED] - Test Cases/Mobile/Page/Run App/Run App byID: Test Cases/Mobile/Page/Run App/Run App byID

2022-03-02 20:31:29 - [TEST_STEP][PASSED] - startApp.OpenApp.startApplication("id.co.miraeasset.sageclub"): startApp.OpenApp.startApplication is PASSED

2022-03-02 20:31:44 - [MESSAGE][PASSED] - Starting app with application ID: 'id.co.miraeasset.sageclub'

2022-03-02 20:31:44 - [MESSAGE][PASSED] - startApp.OpenApp.startApplication is PASSED

2022-03-02 20:31:44 - [MESSAGE][PASSED] - Call Test Case 'Test Cases/Mobile/Page/Run App/Run App byID' successfully

2022-03-02 20:31:44 - [TEST_STEP][PASSED] - callTestCase(findTestCase("Mobile/Page/News/News"), ["tab":"macronews"], CONTINUE_ON_FAILURE): Call Test Case 'Test Cases/Mobile/Page/News/News' successfully

2022-03-02 20:31:44 - [TEST_CASE][PASSED] - Test Cases/Mobile/Page/News/News: Test Cases/Mobile/Page/News/News

2022-03-02 20:31:44 - [TEST_STEP][PASSED] - callTestCase(findTestCase("Mobile/Page/CheckLogin"), [:], CONTINUE_ON_FAILURE): Call Test Case 'Test Cases/Mobile/Page/CheckLogin' successfully

2022-03-02 20:31:44 - [TEST_CASE][PASSED] - Test Cases/Mobile/Page/CheckLogin: Test Cases/Mobile/Page/CheckLogin

2022-03-02 20:31:44 - [TEST_STEP][PASSED] - loginCheck = verifyElementExist(LOGN_BtnLogin, 5, CONTINUE_ON_FAILURE): Element 'Object Repository/Mobile/Page/Login/Button - Login' is exist

2022-03-02 20:31:47 - [MESSAGE][PASSED] - Element 'Object Repository/Mobile/Page/Login/Button - Login' is exist

2022-03-02 20:31:47 - [TEST_STEP][PASSED] - if (loginCheck): Call Test Case 'Test Cases/Mobile/Page/Login/Login' successfully

2022-03-02 20:31:47 - [TEST_STEP][PASSED] - callTestCase(findTestCase("Mobile/Page/Login/Login"), ["action":"username"], CONTINUE_ON_FAILURE): Call Test Case 'Test Cases/Mobile/Page/Login/Login' successfully

2022-03-02 20:31:47 - [TEST_CASE][PASSED] - Test Cases/Mobile/Page/Login/Login: Test Cases/Mobile/Page/Login/Login

2022-03-02 20:31:47 - [TEST_STEP][PASSED] - delay(2): Delayed 2 second(s)

2022-03-02 20:31:49 - [MESSAGE][PASSED] - Delayed 2 second(s)

2022-03-02 20:31:49 - [TEST_STEP][PASSED] - for ([i = 0, i < 1, (i++)]): null

2022-03-02 20:31:49 - [TEST_STEP][PASSED] - if (action == "username"): null

2022-03-02 20:31:49 - [TEST_STEP][PASSED] - tap(LOGN_EdtUserID, 0): Tapped on element 'Object Repository/Mobile/Page/Login/Input - UserID'

2022-03-02 20:31:49 - [MESSAGE][WARNING] - Timeout '0' is invalid. Using default page load timeout: '60'

2022-03-02 20:31:49 - [MESSAGE][PASSED] - Tapped on element 'Object Repository/Mobile/Page/Login/Input - UserID'

2022-03-02 20:31:49 - [TEST_STEP][PASSED] - delay(1): Delayed 1 second(s)

2022-03-02 20:31:50 - [MESSAGE][PASSED] - Delayed 1 second(s)

2022-03-02 20:31:50 - [TEST_STEP][PASSED] - setText(LOGN_EdtRdyUserID, "anggaaditya", 0): Text 'anggaaditya' has been set to element 'Object Repository/Mobile/Page/Login/Input Rdy - UserID'

2022-03-02 20:31:50 - [MESSAGE][WARNING] - Timeout '0' is invalid. Using default page load timeout: '60'

2022-03-02 20:31:51 - [MESSAGE][PASSED] - Text 'anggaaditya' has been set to element 'Object Repository/Mobile/Page/Login/Input Rdy - UserID'

2022-03-02 20:31:51 - [TEST_STEP][PASSED] - delay(1): Delayed 1 second(s)

2022-03-02 20:31:52 - [MESSAGE][PASSED] - Delayed 1 second(s)

2022-03-02 20:31:52 - [TEST_STEP][PASSED] - hideKeyboard(): Keyboard is hidden

2022-03-02 20:31:56 - [MESSAGE][PASSED] - Keyboard is hidden

2022-03-02 20:31:56 - [TEST_STEP][PASSED] - tap(LOGN_EdtPassword, 0): Tapped on element 'Object Repository/Mobile/Page/Login/Input - Password'

2022-03-02 20:31:56 - [MESSAGE][WARNING] - Timeout '0' is invalid. Using default page load timeout: '60'

2022-03-02 20:31:57 - [MESSAGE][PASSED] - Tapped on element 'Object Repository/Mobile/Page/Login/Input - Password'

2022-03-02 20:31:57 - [TEST_STEP][PASSED] - delay(1): Delayed 1 second(s)

2022-03-02 20:31:58 - [MESSAGE][PASSED] - Delayed 1 second(s)

2022-03-02 20:31:58 - [TEST_STEP][PASSED] - setText(LOGN_EdtRdyPassword, "Shalawa18", 0): Text 'Shalawa18' has been set to element 'Object Repository/Mobile/Page/Login/Input Rdy - Password'

2022-03-02 20:31:58 - [MESSAGE][WARNING] - Timeout '0' is invalid. Using default page load timeout: '60'

2022-03-02 20:31:58 - [MESSAGE][PASSED] - Text 'Shalawa18' has been set to element 'Object Repository/Mobile/Page/Login/Input Rdy - Password'

2022-03-02 20:31:58 - [TEST_STEP][PASSED] - delay(1): Delayed 1 second(s)

2022-03-02 20:31:59 - [MESSAGE][PASSED] - Delayed 1 second(s)

2022-03-02 20:31:59 - [TEST_STEP][PASSED] - hideKeyboard(): Keyboard is hidden

2022-03-02 20:32:06 - [MESSAGE][PASSED] - Keyboard is hidden

2022-03-02 20:32:06 - [TEST_STEP][PASSED] - tap(LOGN_BtnLogin, 0): Tapped on element 'Object Repository/Mobile/Page/Login/Button - Login'

2022-03-02 20:32:06 - [MESSAGE][WARNING] - Timeout '0' is invalid. Using default page load timeout: '60'

2022-03-02 20:32:06 - [MESSAGE][PASSED] - Tapped on element 'Object Repository/Mobile/Page/Login/Button - Login'

2022-03-02 20:32:06 - [TEST_STEP][PASSED] - delay(2): Delayed 2 second(s)

2022-03-02 20:32:08 - [MESSAGE][PASSED] - Delayed 2 second(s)

2022-03-02 20:32:08 - [TEST_STEP][PASSED] - break: null

2022-03-02 20:32:08 - [MESSAGE][PASSED] - Call Test Case 'Test Cases/Mobile/Page/Login/Login' successfully

2022-03-02 20:32:08 - [MESSAGE][PASSED] - Call Test Case 'Test Cases/Mobile/Page/CheckLogin' successfully

2022-03-02 20:32:08 - [TEST_STEP][PASSED] - tap(HOME_MenubarNews, 0): Tapped on element 'Object Repository/Mobile/Page/Home/Menubar - News'

2022-03-02 20:32:08 - [MESSAGE][WARNING] - Timeout '0' is invalid. Using default page load timeout: '60'

2022-03-02 20:32:11 - [MESSAGE][PASSED] - Tapped on element 'Object Repository/Mobile/Page/Home/Menubar - News'

2022-03-02 20:32:11 - [TEST_STEP][PASSED] - delay(1): Delayed 1 second(s)

2022-03-02 20:32:12 - [MESSAGE][PASSED] - Delayed 1 second(s)

2022-03-02 20:32:12 - [TEST_STEP][PASSED] - for ([i = 0, i < 1, (i++)]): Delayed 3 second(s)

2022-03-02 20:32:12 - [TEST_STEP][PASSED] - if (tab == "macronews"): Tapped on element 'Object Repository/Mobile/Page/News/Tab - Macro'

2022-03-02 20:32:12 - [TEST_STEP][PASSED] - tap(NEWS_TabMacro, 0): Tapped on element 'Object Repository/Mobile/Page/News/Tab - Macro'

2022-03-02 20:32:12 - [MESSAGE][WARNING] - Timeout '0' is invalid. Using default page load timeout: '60'

2022-03-02 20:32:12 - [MESSAGE][PASSED] - Tapped on element 'Object Repository/Mobile/Page/News/Tab - Macro'

2022-03-02 20:32:12 - [TEST_STEP][PASSED] - delay(1): Delayed 1 second(s)

2022-03-02 20:32:13 - [MESSAGE][PASSED] - Delayed 1 second(s)

2022-03-02 20:32:13 - [TEST_STEP][PASSED] - if (tab != "worldindices"): Delayed 3 second(s)

2022-03-02 20:32:13 - [TEST_STEP][PASSED] - try: Delayed 3 second(s)

2022-03-02 20:32:13 - [TEST_STEP][PASSED] - tapAndHold(NEWS_ItemTopNews, 1, 10): Tapped and held on element 'Object Repository/Mobile/Page/News/Item - Top News' with duration 1

2022-03-02 20:32:17 - [MESSAGE][PASSED] - Tapped and held on element 'Object Repository/Mobile/Page/News/Item - Top News' with duration 1

2022-03-02 20:32:17 - [TEST_STEP][PASSED] - delay(1): Delayed 1 second(s)

2022-03-02 20:32:18 - [MESSAGE][PASSED] - Delayed 1 second(s)

2022-03-02 20:32:18 - [TEST_STEP][PASSED] - scroll.scroll.scrollScreenBottomToTop(): scroll.scroll.scrollScreenBottomToTop is PASSED

2022-03-02 20:32:18 - [MESSAGE][PASSED] - Current device physical height is 1423

2022-03-02 20:32:18 - [MESSAGE][PASSED] - Current device physical width is 720

2022-03-02 20:32:19 - [MESSAGE][PASSED] - Swiped from 360,1,138 to 360,284

2022-03-02 20:32:19 - [MESSAGE][PASSED] - scroll.scroll.scrollScreenBottomToTop is PASSED

2022-03-02 20:32:19 - [TEST_STEP][PASSED] - delay(3): Delayed 3 second(s)

2022-03-02 20:32:22 - [MESSAGE][PASSED] - Delayed 3 second(s)

2022-03-02 20:32:22 - [MESSAGE][PASSED] - Call Test Case 'Test Cases/Mobile/Page/News/News' successfully

2022-03-02 20:32:22 - [TEST_STEP][PASSED] - callTestCase(findTestCase("Mobile/Page/Run App/Terminate App"), [:], STOP_ON_FAILURE): Call Test Case 'Test Cases/Mobile/Page/Run App/Terminate App' successfully

2022-03-02 20:32:22 - [TEST_CASE][PASSED] - Test Cases/Mobile/Page/Run App/Terminate App: Test Cases/Mobile/Page/Run App/Terminate App

2022-03-02 20:32:22 - [TEST_STEP][PASSED] - startApp.OpenApp.terminateApplication(): startApp.OpenApp.terminateApplication is PASSED

2022-03-02 20:32:26 - [MESSAGE][PASSED] - Delayed 3 second(s)

2022-03-02 20:32:26 - [MESSAGE][PASSED] - Current device physical width is 720

2022-03-02 20:32:26 - [MESSAGE][PASSED] - Current device physical height is 1423

2022-03-02 20:32:27 - [MESSAGE][PASSED] - Swiped from 360,853 to 360,142

2022-03-02 20:32:28 - [MESSAGE][PASSED] - Delayed 1 second(s)

2022-03-02 20:32:30 - [MESSAGE][PASSED] - Swiped from 360,853 to 360,142

2022-03-02 20:32:33 - [MESSAGE][PASSED] - Delayed 3 second(s)

2022-03-02 20:32:33 - [MESSAGE][PASSED] - startApp.OpenApp.terminateApplication is PASSED

2022-03-02 20:32:33 - [MESSAGE][PASSED] - Call Test Case 'Test Cases/Mobile/Page/Run App/Terminate App' successfully]]></system-out>
         <system-err><![CDATA[]]></system-err>
      </testcase>
      <system-out><![CDATA[2022-03-02 20:26:41 - [TEST_SUITE][PASSED] - news: Test Cases/Mobile/Scenario/News/005 - Macro News]]></system-out>
      <system-err><![CDATA[]]></system-err>
   </testsuite>
</testsuites>
