<?xml version="1.0" encoding="UTF-8"?>
<testsuites name="login" time="260.727" tests="5" failures="0" skips="0" errors="0">
   <testsuite name="login" tests="5" failures="0" errors="0" time="260.727" skips="0" timestamp="2022-03-04 08:21:46" hostname="Owner - aldy-tft" id="Test Suites/login">
      <properties>
         <property name="deviceName" value="samsung SM-A205F (Android 11)"/>
         <property name="devicePlatform" value=""/>
         <property name="logFolder" value="C:\\Users\\Owner\\Documents\\kerjaan\\KatalonProject\\qa_katalon_pwm\\qa_katalon_pwm\\Reports\\20220304_081253\\login\\20220304_081302"/>
         <property name="logFiles" value="C:\\Users\\Owner\\Documents\\kerjaan\\KatalonProject\\qa_katalon_pwm\\qa_katalon_pwm\\Reports\\20220304_081253\\login\\20220304_081302\\appium.log, C:\\Users\\Owner\\Documents\\kerjaan\\KatalonProject\\qa_katalon_pwm\\qa_katalon_pwm\\Reports\\20220304_081253\\login\\20220304_081302\\execution0.log"/>
         <property name="attachments" value=""/>
         <property name="hostName" value="Owner - aldy-tft"/>
         <property name="os" value="Windows 10 64bit"/>
         <property name="appiumServerStatus" value="{&quot;value&quot;:{&quot;build&quot;:{&quot;version&quot;:&quot;1.22.0&quot;}},&quot;sessionId&quot;:null,&quot;status&quot;:0}"/>
         <property name="katalonVersion" value="7.9.1.208"/>
         <property name="deviceOS" value="Android"/>
         <property name="appiumVersion" value="1.22.0"/>
         <property name="deviceModel" value="SM-A205F"/>
         <property name="hostAddress" value="10.0.30.78"/>
         <property name="deviceManufacturer" value="samsung"/>
         <property name="deviceId" value="RR8M40C9AXE"/>
         <property name="deviceName" value="samsung SM-A205F (Android 11)"/>
         <property name="deviceOSVersion" value="11"/>
      </properties>
      <testcase name="Test Cases/Mobile/Scenario/Login/001 - Login dengan username" time="64.205" classname="Test Cases/Mobile/Scenario/Login/001 - Login dengan username" status="PASSED">
         <system-out><![CDATA[2022-03-04 08:21:47 - [TEST_CASE][PASSED] - Test Cases/Mobile/Scenario/Login/001 - Login dengan username: Test Cases/Mobile/Scenario/Login/001 - Login dengan username

2022-03-04 08:21:47 - [TEST_STEP][PASSED] - callTestCase(findTestCase("Mobile/Page/Run App/Run App byID"), [:], STOP_ON_FAILURE): Call Test Case 'Test Cases/Mobile/Page/Run App/Run App byID' successfully

2022-03-04 08:21:48 - [TEST_CASE][PASSED] - Test Cases/Mobile/Page/Run App/Run App byID: Test Cases/Mobile/Page/Run App/Run App byID

2022-03-04 08:21:48 - [TEST_STEP][PASSED] - startApp.OpenApp.startApplication("id.co.miraeasset.sageclub"): startApp.OpenApp.startApplication is PASSED

2022-03-04 08:21:49 - [MESSAGE][INFO] - Appium server started on port 50,296

2022-03-04 08:22:04 - [MESSAGE][PASSED] - Starting app with application ID: 'id.co.miraeasset.sageclub'

2022-03-04 08:22:04 - [MESSAGE][PASSED] - startApp.OpenApp.startApplication is PASSED

2022-03-04 08:22:04 - [MESSAGE][PASSED] - Call Test Case 'Test Cases/Mobile/Page/Run App/Run App byID' successfully

2022-03-04 08:22:04 - [TEST_STEP][PASSED] - callTestCase(findTestCase("Mobile/Page/Login/Login"), ["action":"username"], CONTINUE_ON_FAILURE): Call Test Case 'Test Cases/Mobile/Page/Login/Login' successfully

2022-03-04 08:22:05 - [TEST_CASE][PASSED] - Test Cases/Mobile/Page/Login/Login: Test Cases/Mobile/Page/Login/Login

2022-03-04 08:22:05 - [TEST_STEP][PASSED] - delay(2): Delayed 2 second(s)

2022-03-04 08:22:07 - [MESSAGE][PASSED] - Delayed 2 second(s)

2022-03-04 08:22:07 - [TEST_STEP][PASSED] - for ([i = 0, i < 1, (i++)]): null

2022-03-04 08:22:07 - [TEST_STEP][PASSED] - if (action == "username"): null

2022-03-04 08:22:07 - [TEST_STEP][PASSED] - tap(LOGN_EdtUserID, 0): Tapped on element 'Object Repository/Mobile/Page/Login/Input - UserID'

2022-03-04 08:22:07 - [MESSAGE][WARNING] - Test object with id 'Object Repository/Mobile/Page/Analysis/Button - Open With Just Once' does not exist

2022-03-04 08:22:07 - [MESSAGE][WARNING] - Test object with id 'Object Repository/Mobile/Page/Analysis/Button - Search' does not exist

2022-03-04 08:22:08 - [MESSAGE][WARNING] - Test object with id 'Object Repository/Mobile/Page/Home/Button -  Add Watchlist' does not exist

2022-03-04 08:22:08 - [MESSAGE][WARNING] - Test object with id 'Object Repository/Mobile/Page/Home/Button - Open with Just Once' does not exist

2022-03-04 08:22:09 - [MESSAGE][WARNING] - Test object with id 'Object Repository/Mobile/Page/Home/Container - Notification' does not exist

2022-03-04 08:22:09 - [MESSAGE][WARNING] - Test object with id 'Object Repository/Mobile/Page/Home/Watchlist/Input - Search' does not exist

2022-03-04 08:22:09 - [MESSAGE][WARNING] - Test object with id 'Object Repository/Mobile/Page/Home/Watchlist/Item - Top Search' does not exist

2022-03-04 08:22:09 - [MESSAGE][WARNING] - Test object with id 'Object Repository/Mobile/Page/Home/Watchlist/Detail Watchlist/Input - Expiry Date' does not exist

2022-03-04 08:22:09 - [MESSAGE][WARNING] - Test object with id 'Object Repository/Mobile/Page/Home/Watchlist/Detail Watchlist/Item - Watchlist' does not exist

2022-03-04 08:22:10 - [MESSAGE][WARNING] - Test object with id 'Object Repository/Mobile/Page/NavigationMenu/Button - Open Just Once' does not exist

2022-03-04 08:22:10 - [MESSAGE][WARNING] - Test object with id 'Object Repository/Mobile/Page/NavigationMenu/Container - Logout' does not exist

2022-03-04 08:22:14 - [MESSAGE][WARNING] - Test object with id 'Object Repository/Mobile/Page/Analysis/Button - Open With Just Once' does not exist

2022-03-04 08:22:14 - [MESSAGE][WARNING] - Test object with id 'Object Repository/Mobile/Page/Analysis/Button - Search' does not exist

2022-03-04 08:22:15 - [MESSAGE][WARNING] - Test object with id 'Object Repository/Mobile/Page/Home/Button -  Add Watchlist' does not exist

2022-03-04 08:22:15 - [MESSAGE][WARNING] - Test object with id 'Object Repository/Mobile/Page/Home/Button - Open with Just Once' does not exist

2022-03-04 08:22:15 - [MESSAGE][WARNING] - Test object with id 'Object Repository/Mobile/Page/Home/Container - Notification' does not exist

2022-03-04 08:22:15 - [MESSAGE][WARNING] - Test object with id 'Object Repository/Mobile/Page/Home/Watchlist/Input - Search' does not exist

2022-03-04 08:22:15 - [MESSAGE][WARNING] - Test object with id 'Object Repository/Mobile/Page/Home/Watchlist/Item - Top Search' does not exist

2022-03-04 08:22:16 - [MESSAGE][WARNING] - Test object with id 'Object Repository/Mobile/Page/Home/Watchlist/Detail Watchlist/Input - Expiry Date' does not exist

2022-03-04 08:22:16 - [MESSAGE][WARNING] - Test object with id 'Object Repository/Mobile/Page/Home/Watchlist/Detail Watchlist/Item - Watchlist' does not exist

2022-03-04 08:22:16 - [MESSAGE][WARNING] - Test object with id 'Object Repository/Mobile/Page/NavigationMenu/Button - Open Just Once' does not exist

2022-03-04 08:22:17 - [MESSAGE][WARNING] - Test object with id 'Object Repository/Mobile/Page/NavigationMenu/Container - Logout' does not exist

2022-03-04 08:22:20 - [MESSAGE][WARNING] - Timeout '0' is invalid. Using default page load timeout: '60'

2022-03-04 08:22:21 - [MESSAGE][PASSED] - Tapped on element 'Object Repository/Mobile/Page/Login/Input - UserID'

2022-03-04 08:22:21 - [TEST_STEP][PASSED] - delay(1): Delayed 1 second(s)

2022-03-04 08:22:22 - [MESSAGE][PASSED] - Delayed 1 second(s)

2022-03-04 08:22:22 - [TEST_STEP][PASSED] - setText(LOGN_EdtRdyUserID, "anggaaditya", 0): Text 'anggaaditya' has been set to element 'Object Repository/Mobile/Page/Login/Input Rdy - UserID'

2022-03-04 08:22:22 - [MESSAGE][WARNING] - Timeout '0' is invalid. Using default page load timeout: '60'

2022-03-04 08:22:23 - [MESSAGE][PASSED] - Text 'anggaaditya' has been set to element 'Object Repository/Mobile/Page/Login/Input Rdy - UserID'

2022-03-04 08:22:23 - [TEST_STEP][PASSED] - delay(1): Delayed 1 second(s)

2022-03-04 08:22:24 - [MESSAGE][PASSED] - Delayed 1 second(s)

2022-03-04 08:22:24 - [TEST_STEP][PASSED] - hideKeyboard(): Keyboard is hidden

2022-03-04 08:22:27 - [MESSAGE][PASSED] - Keyboard is hidden

2022-03-04 08:22:27 - [TEST_STEP][PASSED] - tap(LOGN_EdtPassword, 0): Tapped on element 'Object Repository/Mobile/Page/Login/Input - Password'

2022-03-04 08:22:27 - [MESSAGE][WARNING] - Timeout '0' is invalid. Using default page load timeout: '60'

2022-03-04 08:22:28 - [MESSAGE][PASSED] - Tapped on element 'Object Repository/Mobile/Page/Login/Input - Password'

2022-03-04 08:22:28 - [TEST_STEP][PASSED] - delay(1): Delayed 1 second(s)

2022-03-04 08:22:29 - [MESSAGE][PASSED] - Delayed 1 second(s)

2022-03-04 08:22:29 - [TEST_STEP][PASSED] - setText(LOGN_EdtRdyPassword, "Shalawa18", 0): Text 'Shalawa18' has been set to element 'Object Repository/Mobile/Page/Login/Input Rdy - Password'

2022-03-04 08:22:29 - [MESSAGE][WARNING] - Timeout '0' is invalid. Using default page load timeout: '60'

2022-03-04 08:22:29 - [MESSAGE][PASSED] - Text 'Shalawa18' has been set to element 'Object Repository/Mobile/Page/Login/Input Rdy - Password'

2022-03-04 08:22:29 - [TEST_STEP][PASSED] - delay(1): Delayed 1 second(s)

2022-03-04 08:22:30 - [MESSAGE][PASSED] - Delayed 1 second(s)

2022-03-04 08:22:30 - [TEST_STEP][PASSED] - hideKeyboard(): Keyboard is hidden

2022-03-04 08:22:37 - [MESSAGE][PASSED] - Keyboard is hidden

2022-03-04 08:22:37 - [TEST_STEP][PASSED] - tap(LOGN_BtnLogin, 0): Tapped on element 'Object Repository/Mobile/Page/Login/Button - Login'

2022-03-04 08:22:37 - [MESSAGE][WARNING] - Timeout '0' is invalid. Using default page load timeout: '60'

2022-03-04 08:22:38 - [MESSAGE][PASSED] - Tapped on element 'Object Repository/Mobile/Page/Login/Button - Login'

2022-03-04 08:22:38 - [TEST_STEP][PASSED] - delay(2): Delayed 2 second(s)

2022-03-04 08:22:40 - [MESSAGE][PASSED] - Delayed 2 second(s)

2022-03-04 08:22:40 - [TEST_STEP][PASSED] - break: null

2022-03-04 08:22:40 - [MESSAGE][PASSED] - Call Test Case 'Test Cases/Mobile/Page/Login/Login' successfully

2022-03-04 08:22:40 - [TEST_STEP][PASSED] - callTestCase(findTestCase("Mobile/Page/Run App/Terminate App"), [:], STOP_ON_FAILURE): Call Test Case 'Test Cases/Mobile/Page/Run App/Terminate App' successfully

2022-03-04 08:22:40 - [TEST_CASE][PASSED] - Test Cases/Mobile/Page/Run App/Terminate App: Test Cases/Mobile/Page/Run App/Terminate App

2022-03-04 08:22:40 - [TEST_STEP][PASSED] - startApp.OpenApp.terminateApplication(): startApp.OpenApp.terminateApplication is PASSED

2022-03-04 08:22:44 - [MESSAGE][PASSED] - Delayed 3 second(s)

2022-03-04 08:22:45 - [MESSAGE][PASSED] - Current device physical width is 720

2022-03-04 08:22:45 - [MESSAGE][PASSED] - Current device physical height is 1423

2022-03-04 08:22:46 - [MESSAGE][PASSED] - Swiped from 360,853 to 360,142

2022-03-04 08:22:47 - [MESSAGE][PASSED] - Delayed 1 second(s)

2022-03-04 08:22:48 - [MESSAGE][PASSED] - Swiped from 360,853 to 360,142

2022-03-04 08:22:51 - [MESSAGE][PASSED] - Delayed 3 second(s)

2022-03-04 08:22:51 - [MESSAGE][PASSED] - startApp.OpenApp.terminateApplication is PASSED

2022-03-04 08:22:51 - [MESSAGE][PASSED] - Call Test Case 'Test Cases/Mobile/Page/Run App/Terminate App' successfully]]></system-out>
         <system-err><![CDATA[]]></system-err>
      </testcase>
      <testcase name="Test Cases/Mobile/Scenario/Login/002 - Login dengan password salah" time="44.756" classname="Test Cases/Mobile/Scenario/Login/002 - Login dengan password salah" status="PASSED">
         <system-out><![CDATA[2022-03-04 08:22:51 - [TEST_CASE][PASSED] - Test Cases/Mobile/Scenario/Login/002 - Login dengan password salah: Test Cases/Mobile/Scenario/Login/002 - Login dengan password salah

2022-03-04 08:22:52 - [TEST_STEP][PASSED] - callTestCase(findTestCase("Mobile/Page/Run App/Run App byID"), [:], STOP_ON_FAILURE): Call Test Case 'Test Cases/Mobile/Page/Run App/Run App byID' successfully

2022-03-04 08:22:52 - [TEST_CASE][PASSED] - Test Cases/Mobile/Page/Run App/Run App byID: Test Cases/Mobile/Page/Run App/Run App byID

2022-03-04 08:22:52 - [TEST_STEP][PASSED] - startApp.OpenApp.startApplication("id.co.miraeasset.sageclub"): startApp.OpenApp.startApplication is PASSED

2022-03-04 08:23:04 - [MESSAGE][PASSED] - Starting app with application ID: 'id.co.miraeasset.sageclub'

2022-03-04 08:23:04 - [MESSAGE][PASSED] - startApp.OpenApp.startApplication is PASSED

2022-03-04 08:23:04 - [MESSAGE][PASSED] - Call Test Case 'Test Cases/Mobile/Page/Run App/Run App byID' successfully

2022-03-04 08:23:04 - [TEST_STEP][PASSED] - callTestCase(findTestCase("Mobile/Page/Login/Login"), ["action":"wrongpassword"], CONTINUE_ON_FAILURE): Call Test Case 'Test Cases/Mobile/Page/Login/Login' successfully

2022-03-04 08:23:04 - [TEST_CASE][PASSED] - Test Cases/Mobile/Page/Login/Login: Test Cases/Mobile/Page/Login/Login

2022-03-04 08:23:04 - [TEST_STEP][PASSED] - delay(2): Delayed 2 second(s)

2022-03-04 08:23:06 - [MESSAGE][PASSED] - Delayed 2 second(s)

2022-03-04 08:23:06 - [TEST_STEP][PASSED] - for ([i = 0, i < 1, (i++)]): null

2022-03-04 08:23:06 - [TEST_STEP][PASSED] - if (action == "username"): null

2022-03-04 08:23:06 - [TEST_STEP][PASSED] - else if (action == "wrongpassword"): null

2022-03-04 08:23:06 - [TEST_STEP][PASSED] - tap(LOGN_EdtUserID, 0): Tapped on element 'Object Repository/Mobile/Page/Login/Input - UserID'

2022-03-04 08:23:06 - [MESSAGE][WARNING] - Timeout '0' is invalid. Using default page load timeout: '60'

2022-03-04 08:23:07 - [MESSAGE][PASSED] - Tapped on element 'Object Repository/Mobile/Page/Login/Input - UserID'

2022-03-04 08:23:07 - [TEST_STEP][PASSED] - delay(1): Delayed 1 second(s)

2022-03-04 08:23:08 - [MESSAGE][PASSED] - Delayed 1 second(s)

2022-03-04 08:23:08 - [TEST_STEP][PASSED] - setText(LOGN_EdtRdyUserID, "anggaaditya", 0): Text 'anggaaditya' has been set to element 'Object Repository/Mobile/Page/Login/Input Rdy - UserID'

2022-03-04 08:23:08 - [MESSAGE][WARNING] - Timeout '0' is invalid. Using default page load timeout: '60'

2022-03-04 08:23:09 - [MESSAGE][PASSED] - Text 'anggaaditya' has been set to element 'Object Repository/Mobile/Page/Login/Input Rdy - UserID'

2022-03-04 08:23:09 - [TEST_STEP][PASSED] - delay(1): Delayed 1 second(s)

2022-03-04 08:23:10 - [MESSAGE][PASSED] - Delayed 1 second(s)

2022-03-04 08:23:10 - [TEST_STEP][PASSED] - hideKeyboard(): Keyboard is hidden

2022-03-04 08:23:13 - [MESSAGE][PASSED] - Keyboard is hidden

2022-03-04 08:23:13 - [TEST_STEP][PASSED] - tap(LOGN_EdtPassword, 0): Tapped on element 'Object Repository/Mobile/Page/Login/Input - Password'

2022-03-04 08:23:13 - [MESSAGE][WARNING] - Timeout '0' is invalid. Using default page load timeout: '60'

2022-03-04 08:23:14 - [MESSAGE][PASSED] - Tapped on element 'Object Repository/Mobile/Page/Login/Input - Password'

2022-03-04 08:23:14 - [TEST_STEP][PASSED] - delay(1): Delayed 1 second(s)

2022-03-04 08:23:15 - [MESSAGE][PASSED] - Delayed 1 second(s)

2022-03-04 08:23:15 - [TEST_STEP][PASSED] - setText(LOGN_EdtRdyPassword, "Shalawa181", 0): Text 'Shalawa181' has been set to element 'Object Repository/Mobile/Page/Login/Input Rdy - Password'

2022-03-04 08:23:15 - [MESSAGE][WARNING] - Timeout '0' is invalid. Using default page load timeout: '60'

2022-03-04 08:23:15 - [MESSAGE][PASSED] - Text 'Shalawa181' has been set to element 'Object Repository/Mobile/Page/Login/Input Rdy - Password'

2022-03-04 08:23:15 - [TEST_STEP][PASSED] - delay(1): Delayed 1 second(s)

2022-03-04 08:23:16 - [MESSAGE][PASSED] - Delayed 1 second(s)

2022-03-04 08:23:16 - [TEST_STEP][PASSED] - hideKeyboard(): Keyboard is hidden

2022-03-04 08:23:23 - [MESSAGE][PASSED] - Keyboard is hidden

2022-03-04 08:23:23 - [TEST_STEP][PASSED] - tap(LOGN_BtnLogin, 0): Tapped on element 'Object Repository/Mobile/Page/Login/Button - Login'

2022-03-04 08:23:23 - [MESSAGE][WARNING] - Timeout '0' is invalid. Using default page load timeout: '60'

2022-03-04 08:23:24 - [MESSAGE][PASSED] - Tapped on element 'Object Repository/Mobile/Page/Login/Button - Login'

2022-03-04 08:23:24 - [TEST_STEP][PASSED] - delay(2): Delayed 2 second(s)

2022-03-04 08:23:26 - [MESSAGE][PASSED] - Delayed 2 second(s)

2022-03-04 08:23:26 - [TEST_STEP][PASSED] - verify = verifyElementExist(LOGN_AlertInvalidCredentials, 5, STOP_ON_FAILURE): Element 'Object Repository/Mobile/Page/Login/Alert - Invalid credentials' is exist

2022-03-04 08:23:26 - [MESSAGE][PASSED] - Element 'Object Repository/Mobile/Page/Login/Alert - Invalid credentials' is exist

2022-03-04 08:23:26 - [TEST_STEP][PASSED] - break: null

2022-03-04 08:23:26 - [MESSAGE][PASSED] - Call Test Case 'Test Cases/Mobile/Page/Login/Login' successfully

2022-03-04 08:23:26 - [TEST_STEP][PASSED] - callTestCase(findTestCase("Mobile/Page/Run App/Terminate App"), [:], STOP_ON_FAILURE): Call Test Case 'Test Cases/Mobile/Page/Run App/Terminate App' successfully

2022-03-04 08:23:26 - [TEST_CASE][PASSED] - Test Cases/Mobile/Page/Run App/Terminate App: Test Cases/Mobile/Page/Run App/Terminate App

2022-03-04 08:23:26 - [TEST_STEP][PASSED] - startApp.OpenApp.terminateApplication(): startApp.OpenApp.terminateApplication is PASSED

2022-03-04 08:23:29 - [MESSAGE][PASSED] - Delayed 3 second(s)

2022-03-04 08:23:29 - [MESSAGE][PASSED] - Current device physical width is 720

2022-03-04 08:23:29 - [MESSAGE][PASSED] - Current device physical height is 1423

2022-03-04 08:23:31 - [MESSAGE][PASSED] - Swiped from 360,853 to 360,142

2022-03-04 08:23:32 - [MESSAGE][PASSED] - Delayed 1 second(s)

2022-03-04 08:23:33 - [MESSAGE][PASSED] - Swiped from 360,853 to 360,142

2022-03-04 08:23:36 - [MESSAGE][PASSED] - Delayed 3 second(s)

2022-03-04 08:23:36 - [MESSAGE][PASSED] - startApp.OpenApp.terminateApplication is PASSED

2022-03-04 08:23:36 - [MESSAGE][PASSED] - Call Test Case 'Test Cases/Mobile/Page/Run App/Terminate App' successfully]]></system-out>
         <system-err><![CDATA[]]></system-err>
      </testcase>
      <testcase name="Test Cases/Mobile/Scenario/Login/003 - Login tanpa internet" time="56.517" classname="Test Cases/Mobile/Scenario/Login/003 - Login tanpa internet" status="PASSED">
         <system-out><![CDATA[2022-03-04 08:23:36 - [TEST_CASE][PASSED] - Test Cases/Mobile/Scenario/Login/003 - Login tanpa internet: Test Cases/Mobile/Scenario/Login/003 - Login tanpa internet

2022-03-04 08:23:36 - [TEST_STEP][PASSED] - callTestCase(findTestCase("Mobile/Page/Run App/Run App byID"), [:], STOP_ON_FAILURE): Call Test Case 'Test Cases/Mobile/Page/Run App/Run App byID' successfully

2022-03-04 08:23:36 - [TEST_CASE][PASSED] - Test Cases/Mobile/Page/Run App/Run App byID: Test Cases/Mobile/Page/Run App/Run App byID

2022-03-04 08:23:36 - [TEST_STEP][PASSED] - startApp.OpenApp.startApplication("id.co.miraeasset.sageclub"): startApp.OpenApp.startApplication is PASSED

2022-03-04 08:23:49 - [MESSAGE][PASSED] - Starting app with application ID: 'id.co.miraeasset.sageclub'

2022-03-04 08:23:49 - [MESSAGE][PASSED] - startApp.OpenApp.startApplication is PASSED

2022-03-04 08:23:49 - [MESSAGE][PASSED] - Call Test Case 'Test Cases/Mobile/Page/Run App/Run App byID' successfully

2022-03-04 08:23:49 - [TEST_STEP][PASSED] - callTestCase(findTestCase("Mobile/Page/Login/Login"), ["action":"nointernet"], CONTINUE_ON_FAILURE): Call Test Case 'Test Cases/Mobile/Page/Login/Login' successfully

2022-03-04 08:23:49 - [TEST_CASE][PASSED] - Test Cases/Mobile/Page/Login/Login: Test Cases/Mobile/Page/Login/Login

2022-03-04 08:23:49 - [TEST_STEP][PASSED] - delay(2): Delayed 2 second(s)

2022-03-04 08:23:51 - [MESSAGE][PASSED] - Delayed 2 second(s)

2022-03-04 08:23:51 - [TEST_STEP][PASSED] - for ([i = 0, i < 1, (i++)]): null

2022-03-04 08:23:51 - [TEST_STEP][PASSED] - if (action == "username"): null

2022-03-04 08:23:51 - [TEST_STEP][PASSED] - else if (action == "wrongpassword"): null

2022-03-04 08:23:51 - [TEST_STEP][PASSED] - else if (action == "nointernet"): null

2022-03-04 08:23:51 - [TEST_STEP][PASSED] - scroll.scroll.scrollNotificationBar(): scroll.scroll.scrollNotificationBar is PASSED

2022-03-04 08:23:51 - [MESSAGE][PASSED] - Current device physical height is 1423

2022-03-04 08:23:53 - [MESSAGE][PASSED] - Swiped from 50,50 to 50,1,138

2022-03-04 08:23:53 - [MESSAGE][PASSED] - scroll.scroll.scrollNotificationBar is PASSED

2022-03-04 08:23:53 - [TEST_STEP][PASSED] - delay(1): Delayed 1 second(s)

2022-03-04 08:23:54 - [MESSAGE][PASSED] - Delayed 1 second(s)

2022-03-04 08:23:54 - [TEST_STEP][PASSED] - tap(OTHR_BtnWifi, 0): Tapped on element 'Object Repository/Mobile/Page/Others/Button - Wifi'

2022-03-04 08:23:54 - [MESSAGE][WARNING] - Timeout '0' is invalid. Using default page load timeout: '60'

2022-03-04 08:23:55 - [MESSAGE][PASSED] - Tapped on element 'Object Repository/Mobile/Page/Others/Button - Wifi'

2022-03-04 08:23:55 - [TEST_STEP][PASSED] - delay(1): Delayed 1 second(s)

2022-03-04 08:23:56 - [MESSAGE][PASSED] - Delayed 1 second(s)

2022-03-04 08:23:56 - [TEST_STEP][PASSED] - pressBack(): Press back button successfully

2022-03-04 08:23:57 - [MESSAGE][PASSED] - Press back button successfully

2022-03-04 08:23:57 - [TEST_STEP][PASSED] - tap(LOGN_EdtUserID, 0): Tapped on element 'Object Repository/Mobile/Page/Login/Input - UserID'

2022-03-04 08:23:57 - [MESSAGE][WARNING] - Timeout '0' is invalid. Using default page load timeout: '60'

2022-03-04 08:23:58 - [MESSAGE][PASSED] - Tapped on element 'Object Repository/Mobile/Page/Login/Input - UserID'

2022-03-04 08:23:58 - [TEST_STEP][PASSED] - delay(1): Delayed 1 second(s)

2022-03-04 08:23:59 - [MESSAGE][PASSED] - Delayed 1 second(s)

2022-03-04 08:23:59 - [TEST_STEP][PASSED] - setText(LOGN_EdtRdyUserID, "anggaaditya", 0): Text 'anggaaditya' has been set to element 'Object Repository/Mobile/Page/Login/Input Rdy - UserID'

2022-03-04 08:23:59 - [MESSAGE][WARNING] - Timeout '0' is invalid. Using default page load timeout: '60'

2022-03-04 08:24:00 - [MESSAGE][PASSED] - Text 'anggaaditya' has been set to element 'Object Repository/Mobile/Page/Login/Input Rdy - UserID'

2022-03-04 08:24:00 - [TEST_STEP][PASSED] - delay(1): Delayed 1 second(s)

2022-03-04 08:24:01 - [MESSAGE][PASSED] - Delayed 1 second(s)

2022-03-04 08:24:01 - [TEST_STEP][PASSED] - hideKeyboard(): Keyboard is hidden

2022-03-04 08:24:04 - [MESSAGE][PASSED] - Keyboard is hidden

2022-03-04 08:24:04 - [TEST_STEP][PASSED] - tap(LOGN_EdtPassword, 0): Tapped on element 'Object Repository/Mobile/Page/Login/Input - Password'

2022-03-04 08:24:04 - [MESSAGE][WARNING] - Timeout '0' is invalid. Using default page load timeout: '60'

2022-03-04 08:24:05 - [MESSAGE][PASSED] - Tapped on element 'Object Repository/Mobile/Page/Login/Input - Password'

2022-03-04 08:24:05 - [TEST_STEP][PASSED] - delay(1): Delayed 1 second(s)

2022-03-04 08:24:06 - [MESSAGE][PASSED] - Delayed 1 second(s)

2022-03-04 08:24:06 - [TEST_STEP][PASSED] - setText(LOGN_EdtRdyPassword, "Shalawa18", 0): Text 'Shalawa18' has been set to element 'Object Repository/Mobile/Page/Login/Input Rdy - Password'

2022-03-04 08:24:06 - [MESSAGE][WARNING] - Timeout '0' is invalid. Using default page load timeout: '60'

2022-03-04 08:24:06 - [MESSAGE][PASSED] - Text 'Shalawa18' has been set to element 'Object Repository/Mobile/Page/Login/Input Rdy - Password'

2022-03-04 08:24:06 - [TEST_STEP][PASSED] - delay(1): Delayed 1 second(s)

2022-03-04 08:24:07 - [MESSAGE][PASSED] - Delayed 1 second(s)

2022-03-04 08:24:07 - [TEST_STEP][PASSED] - hideKeyboard(): Keyboard is hidden

2022-03-04 08:24:14 - [MESSAGE][PASSED] - Keyboard is hidden

2022-03-04 08:24:14 - [TEST_STEP][PASSED] - tap(LOGN_BtnLogin, 0): Tapped on element 'Object Repository/Mobile/Page/Login/Button - Login'

2022-03-04 08:24:14 - [MESSAGE][WARNING] - Timeout '0' is invalid. Using default page load timeout: '60'

2022-03-04 08:24:14 - [MESSAGE][PASSED] - Tapped on element 'Object Repository/Mobile/Page/Login/Button - Login'

2022-03-04 08:24:14 - [TEST_STEP][PASSED] - delay(2): Delayed 2 second(s)

2022-03-04 08:24:16 - [MESSAGE][PASSED] - Delayed 2 second(s)

2022-03-04 08:24:16 - [TEST_STEP][PASSED] - verify = verifyElementExist(LOGN_AlertCheckYourNetwork, 5, STOP_ON_FAILURE): Element 'Object Repository/Mobile/Page/Login/Alert - Check your network' is exist

2022-03-04 08:24:16 - [MESSAGE][PASSED] - Element 'Object Repository/Mobile/Page/Login/Alert - Check your network' is exist

2022-03-04 08:24:16 - [TEST_STEP][PASSED] - scroll.scroll.scrollNotificationBar(): scroll.scroll.scrollNotificationBar is PASSED

2022-03-04 08:24:17 - [MESSAGE][PASSED] - Current device physical height is 1423

2022-03-04 08:24:18 - [MESSAGE][PASSED] - Swiped from 50,50 to 50,1,138

2022-03-04 08:24:18 - [MESSAGE][PASSED] - scroll.scroll.scrollNotificationBar is PASSED

2022-03-04 08:24:18 - [TEST_STEP][PASSED] - delay(1): Delayed 1 second(s)

2022-03-04 08:24:19 - [MESSAGE][PASSED] - Delayed 1 second(s)

2022-03-04 08:24:19 - [TEST_STEP][PASSED] - tap(OTHR_BtnWifi, 0): Tapped on element 'Object Repository/Mobile/Page/Others/Button - Wifi'

2022-03-04 08:24:19 - [MESSAGE][WARNING] - Timeout '0' is invalid. Using default page load timeout: '60'

2022-03-04 08:24:20 - [MESSAGE][PASSED] - Tapped on element 'Object Repository/Mobile/Page/Others/Button - Wifi'

2022-03-04 08:24:20 - [TEST_STEP][PASSED] - delay(1): Delayed 1 second(s)

2022-03-04 08:24:21 - [MESSAGE][PASSED] - Delayed 1 second(s)

2022-03-04 08:24:21 - [TEST_STEP][PASSED] - pressBack(): Press back button successfully

2022-03-04 08:24:21 - [MESSAGE][PASSED] - Press back button successfully

2022-03-04 08:24:21 - [TEST_STEP][PASSED] - break: null

2022-03-04 08:24:21 - [MESSAGE][PASSED] - Call Test Case 'Test Cases/Mobile/Page/Login/Login' successfully

2022-03-04 08:24:21 - [TEST_STEP][PASSED] - callTestCase(findTestCase("Mobile/Page/Run App/Terminate App"), [:], STOP_ON_FAILURE): Call Test Case 'Test Cases/Mobile/Page/Run App/Terminate App' successfully

2022-03-04 08:24:21 - [TEST_CASE][PASSED] - Test Cases/Mobile/Page/Run App/Terminate App: Test Cases/Mobile/Page/Run App/Terminate App

2022-03-04 08:24:21 - [TEST_STEP][PASSED] - startApp.OpenApp.terminateApplication(): startApp.OpenApp.terminateApplication is PASSED

2022-03-04 08:24:26 - [MESSAGE][PASSED] - Delayed 3 second(s)

2022-03-04 08:24:26 - [MESSAGE][PASSED] - Current device physical width is 720

2022-03-04 08:24:26 - [MESSAGE][PASSED] - Current device physical height is 1423

2022-03-04 08:24:27 - [MESSAGE][PASSED] - Swiped from 360,853 to 360,142

2022-03-04 08:24:28 - [MESSAGE][PASSED] - Delayed 1 second(s)

2022-03-04 08:24:30 - [MESSAGE][PASSED] - Swiped from 360,853 to 360,142

2022-03-04 08:24:33 - [MESSAGE][PASSED] - Delayed 3 second(s)

2022-03-04 08:24:33 - [MESSAGE][PASSED] - startApp.OpenApp.terminateApplication is PASSED

2022-03-04 08:24:33 - [MESSAGE][PASSED] - Call Test Case 'Test Cases/Mobile/Page/Run App/Terminate App' successfully]]></system-out>
         <system-err><![CDATA[]]></system-err>
      </testcase>
      <testcase name="Test Cases/Mobile/Scenario/Login/004 - Login dengan mengaktifkan visible password" time="45.486" classname="Test Cases/Mobile/Scenario/Login/004 - Login dengan mengaktifkan visible password" status="PASSED">
         <system-out><![CDATA[2022-03-04 08:24:33 - [TEST_CASE][PASSED] - Test Cases/Mobile/Scenario/Login/004 - Login dengan mengaktifkan visible password: Test Cases/Mobile/Scenario/Login/004 - Login dengan mengaktifkan visible password

2022-03-04 08:24:33 - [TEST_STEP][PASSED] - callTestCase(findTestCase("Mobile/Page/Run App/Run App byID"), [:], STOP_ON_FAILURE): Call Test Case 'Test Cases/Mobile/Page/Run App/Run App byID' successfully

2022-03-04 08:24:33 - [TEST_CASE][PASSED] - Test Cases/Mobile/Page/Run App/Run App byID: Test Cases/Mobile/Page/Run App/Run App byID

2022-03-04 08:24:33 - [TEST_STEP][PASSED] - startApp.OpenApp.startApplication("id.co.miraeasset.sageclub"): startApp.OpenApp.startApplication is PASSED

2022-03-04 08:24:45 - [MESSAGE][PASSED] - Starting app with application ID: 'id.co.miraeasset.sageclub'

2022-03-04 08:24:45 - [MESSAGE][PASSED] - startApp.OpenApp.startApplication is PASSED

2022-03-04 08:24:45 - [MESSAGE][PASSED] - Call Test Case 'Test Cases/Mobile/Page/Run App/Run App byID' successfully

2022-03-04 08:24:45 - [TEST_STEP][PASSED] - callTestCase(findTestCase("Mobile/Page/Login/Login"), ["action":"visiblepassword"], CONTINUE_ON_FAILURE): Call Test Case 'Test Cases/Mobile/Page/Login/Login' successfully

2022-03-04 08:24:46 - [TEST_CASE][PASSED] - Test Cases/Mobile/Page/Login/Login: Test Cases/Mobile/Page/Login/Login

2022-03-04 08:24:46 - [TEST_STEP][PASSED] - delay(2): Delayed 2 second(s)

2022-03-04 08:24:48 - [MESSAGE][PASSED] - Delayed 2 second(s)

2022-03-04 08:24:48 - [TEST_STEP][PASSED] - for ([i = 0, i < 1, (i++)]): null

2022-03-04 08:24:48 - [TEST_STEP][PASSED] - if (action == "username"): null

2022-03-04 08:24:48 - [TEST_STEP][PASSED] - else if (action == "wrongpassword"): null

2022-03-04 08:24:48 - [TEST_STEP][PASSED] - else if (action == "nointernet"): null

2022-03-04 08:24:48 - [TEST_STEP][PASSED] - else if (action == "visiblepassword"): null

2022-03-04 08:24:48 - [TEST_STEP][PASSED] - tap(LOGN_EdtUserID, 0): Tapped on element 'Object Repository/Mobile/Page/Login/Input - UserID'

2022-03-04 08:24:48 - [MESSAGE][WARNING] - Timeout '0' is invalid. Using default page load timeout: '60'

2022-03-04 08:24:48 - [MESSAGE][PASSED] - Tapped on element 'Object Repository/Mobile/Page/Login/Input - UserID'

2022-03-04 08:24:48 - [TEST_STEP][PASSED] - delay(1): Delayed 1 second(s)

2022-03-04 08:24:49 - [MESSAGE][PASSED] - Delayed 1 second(s)

2022-03-04 08:24:49 - [TEST_STEP][PASSED] - setText(LOGN_EdtRdyUserID, "anggaaditya", 0): Text 'anggaaditya' has been set to element 'Object Repository/Mobile/Page/Login/Input Rdy - UserID'

2022-03-04 08:24:49 - [MESSAGE][WARNING] - Timeout '0' is invalid. Using default page load timeout: '60'

2022-03-04 08:24:50 - [MESSAGE][PASSED] - Text 'anggaaditya' has been set to element 'Object Repository/Mobile/Page/Login/Input Rdy - UserID'

2022-03-04 08:24:50 - [TEST_STEP][PASSED] - delay(1): Delayed 1 second(s)

2022-03-04 08:24:51 - [MESSAGE][PASSED] - Delayed 1 second(s)

2022-03-04 08:24:51 - [TEST_STEP][PASSED] - hideKeyboard(): Keyboard is hidden

2022-03-04 08:24:55 - [MESSAGE][PASSED] - Keyboard is hidden

2022-03-04 08:24:55 - [TEST_STEP][PASSED] - top = getElementTopPosition(LOGN_EdtPassword, 0): Object 'Object Repository/Mobile/Page/Login/Input - Password' has top position '842'

2022-03-04 08:24:55 - [MESSAGE][WARNING] - Timeout '0' is invalid. Using default page load timeout: '60'

2022-03-04 08:24:55 - [MESSAGE][PASSED] - Object 'Object Repository/Mobile/Page/Login/Input - Password' has top position '842'

2022-03-04 08:24:55 - [TEST_STEP][PASSED] - left = getElementLeftPosition(LOGN_EdtPassword, 0): Object 'Object Repository/Mobile/Page/Login/Input - Password' has left position '32'

2022-03-04 08:24:55 - [MESSAGE][WARNING] - Timeout '0' is invalid. Using default page load timeout: '60'

2022-03-04 08:24:55 - [MESSAGE][PASSED] - Object 'Object Repository/Mobile/Page/Login/Input - Password' has left position '32'

2022-03-04 08:24:55 - [TEST_STEP][PASSED] - x = left + getElementWidth(LOGN_EdtPassword, 0) * 0.9: Object 'Object Repository/Mobile/Page/Login/Input - Password' has width: '657'

2022-03-04 08:24:55 - [MESSAGE][WARNING] - Timeout '0' is invalid. Using default page load timeout: '60'

2022-03-04 08:24:55 - [MESSAGE][PASSED] - Object 'Object Repository/Mobile/Page/Login/Input - Password' has width: '657'

2022-03-04 08:24:55 - [TEST_STEP][PASSED] - y = top + getElementHeight(LOGN_EdtPassword, 0) / 2: Object 'Object Repository/Mobile/Page/Login/Input - Password' has height: '84'

2022-03-04 08:24:55 - [MESSAGE][WARNING] - Timeout '0' is invalid. Using default page load timeout: '60'

2022-03-04 08:24:56 - [MESSAGE][PASSED] - Object 'Object Repository/Mobile/Page/Login/Input - Password' has height: '84'

2022-03-04 08:24:56 - [TEST_STEP][PASSED] - tapAtPosition(x, y): Tapped at [623, 884]

2022-03-04 08:24:56 - [MESSAGE][PASSED] - Tapped at [623, 884]

2022-03-04 08:24:56 - [TEST_STEP][PASSED] - delay(1): Delayed 1 second(s)

2022-03-04 08:24:57 - [MESSAGE][PASSED] - Delayed 1 second(s)

2022-03-04 08:24:57 - [TEST_STEP][PASSED] - tap(LOGN_EdtPassword, 0): Tapped on element 'Object Repository/Mobile/Page/Login/Input - Password'

2022-03-04 08:24:57 - [MESSAGE][WARNING] - Timeout '0' is invalid. Using default page load timeout: '60'

2022-03-04 08:24:57 - [MESSAGE][PASSED] - Tapped on element 'Object Repository/Mobile/Page/Login/Input - Password'

2022-03-04 08:24:57 - [TEST_STEP][PASSED] - delay(1): Delayed 1 second(s)

2022-03-04 08:24:58 - [MESSAGE][PASSED] - Delayed 1 second(s)

2022-03-04 08:24:58 - [TEST_STEP][PASSED] - setText(LOGN_EdtRdyPassword, "Shalawa18", 0): Text 'Shalawa18' has been set to element 'Object Repository/Mobile/Page/Login/Input Rdy - Password'

2022-03-04 08:24:58 - [MESSAGE][WARNING] - Timeout '0' is invalid. Using default page load timeout: '60'

2022-03-04 08:25:00 - [MESSAGE][PASSED] - Text 'Shalawa18' has been set to element 'Object Repository/Mobile/Page/Login/Input Rdy - Password'

2022-03-04 08:25:00 - [TEST_STEP][PASSED] - delay(1): Delayed 1 second(s)

2022-03-04 08:25:01 - [MESSAGE][PASSED] - Delayed 1 second(s)

2022-03-04 08:25:01 - [TEST_STEP][PASSED] - hideKeyboard(): Keyboard is hidden

2022-03-04 08:25:04 - [MESSAGE][PASSED] - Keyboard is hidden

2022-03-04 08:25:04 - [TEST_STEP][PASSED] - tap(LOGN_BtnLogin, 0): Tapped on element 'Object Repository/Mobile/Page/Login/Button - Login'

2022-03-04 08:25:04 - [MESSAGE][WARNING] - Timeout '0' is invalid. Using default page load timeout: '60'

2022-03-04 08:25:06 - [MESSAGE][PASSED] - Tapped on element 'Object Repository/Mobile/Page/Login/Button - Login'

2022-03-04 08:25:06 - [TEST_STEP][PASSED] - delay(2): Delayed 2 second(s)

2022-03-04 08:25:08 - [MESSAGE][PASSED] - Delayed 2 second(s)

2022-03-04 08:25:08 - [TEST_STEP][PASSED] - break: null

2022-03-04 08:25:08 - [MESSAGE][PASSED] - Call Test Case 'Test Cases/Mobile/Page/Login/Login' successfully

2022-03-04 08:25:08 - [TEST_STEP][PASSED] - callTestCase(findTestCase("Mobile/Page/Run App/Terminate App"), [:], STOP_ON_FAILURE): Call Test Case 'Test Cases/Mobile/Page/Run App/Terminate App' successfully

2022-03-04 08:25:08 - [TEST_CASE][PASSED] - Test Cases/Mobile/Page/Run App/Terminate App: Test Cases/Mobile/Page/Run App/Terminate App

2022-03-04 08:25:08 - [TEST_STEP][PASSED] - startApp.OpenApp.terminateApplication(): startApp.OpenApp.terminateApplication is PASSED

2022-03-04 08:25:11 - [MESSAGE][PASSED] - Delayed 3 second(s)

2022-03-04 08:25:11 - [MESSAGE][PASSED] - Current device physical width is 720

2022-03-04 08:25:11 - [MESSAGE][PASSED] - Current device physical height is 1423

2022-03-04 08:25:13 - [MESSAGE][PASSED] - Swiped from 360,853 to 360,142

2022-03-04 08:25:14 - [MESSAGE][PASSED] - Delayed 1 second(s)

2022-03-04 08:25:15 - [MESSAGE][PASSED] - Swiped from 360,853 to 360,142

2022-03-04 08:25:18 - [MESSAGE][PASSED] - Delayed 3 second(s)

2022-03-04 08:25:18 - [MESSAGE][PASSED] - startApp.OpenApp.terminateApplication is PASSED

2022-03-04 08:25:18 - [MESSAGE][PASSED] - Call Test Case 'Test Cases/Mobile/Page/Run App/Terminate App' successfully]]></system-out>
         <system-err><![CDATA[]]></system-err>
      </testcase>
      <testcase name="Test Cases/Mobile/Scenario/Login/005 - Login menggunakan username dengan membatalkan fingerprint" time="48.824" classname="Test Cases/Mobile/Scenario/Login/005 - Login menggunakan username dengan membatalkan fingerprint" status="PASSED">
         <system-out><![CDATA[2022-03-04 08:25:18 - [TEST_CASE][PASSED] - Test Cases/Mobile/Scenario/Login/005 - Login menggunakan username dengan membatalkan fingerprint: Test Cases/Mobile/Scenario/Login/005 - Login menggunakan username dengan membatalkan fingerprint

2022-03-04 08:25:18 - [TEST_STEP][PASSED] - callTestCase(findTestCase("Mobile/Page/Run App/Run App byID"), [:], STOP_ON_FAILURE): Call Test Case 'Test Cases/Mobile/Page/Run App/Run App byID' successfully

2022-03-04 08:25:18 - [TEST_CASE][PASSED] - Test Cases/Mobile/Page/Run App/Run App byID: Test Cases/Mobile/Page/Run App/Run App byID

2022-03-04 08:25:18 - [TEST_STEP][PASSED] - startApp.OpenApp.startApplication("id.co.miraeasset.sageclub"): startApp.OpenApp.startApplication is PASSED

2022-03-04 08:25:31 - [MESSAGE][PASSED] - Starting app with application ID: 'id.co.miraeasset.sageclub'

2022-03-04 08:25:31 - [MESSAGE][PASSED] - startApp.OpenApp.startApplication is PASSED

2022-03-04 08:25:31 - [MESSAGE][PASSED] - Call Test Case 'Test Cases/Mobile/Page/Run App/Run App byID' successfully

2022-03-04 08:25:31 - [TEST_STEP][PASSED] - callTestCase(findTestCase("Mobile/Page/Login/Login"), ["action":"cancelfingerprint"], CONTINUE_ON_FAILURE): Call Test Case 'Test Cases/Mobile/Page/Login/Login' successfully

2022-03-04 08:25:31 - [TEST_CASE][PASSED] - Test Cases/Mobile/Page/Login/Login: Test Cases/Mobile/Page/Login/Login

2022-03-04 08:25:31 - [TEST_STEP][PASSED] - delay(2): Delayed 2 second(s)

2022-03-04 08:25:33 - [MESSAGE][PASSED] - Delayed 2 second(s)

2022-03-04 08:25:33 - [TEST_STEP][PASSED] - for ([i = 0, i < 1, (i++)]): Delayed 2 second(s)

2022-03-04 08:25:33 - [TEST_STEP][PASSED] - if (action == "username"): null

2022-03-04 08:25:33 - [TEST_STEP][PASSED] - else if (action == "wrongpassword"): null

2022-03-04 08:25:33 - [TEST_STEP][PASSED] - else if (action == "nointernet"): null

2022-03-04 08:25:33 - [TEST_STEP][PASSED] - else if (action == "visiblepassword"): null

2022-03-04 08:25:33 - [TEST_STEP][PASSED] - else if (action == "cancelfingerprint"): Delayed 2 second(s)

2022-03-04 08:25:33 - [TEST_STEP][PASSED] - tap(LOGN_BtnFingerprint, 0): Tapped on element 'Object Repository/Mobile/Page/Login/Button - Fingerprint'

2022-03-04 08:25:33 - [MESSAGE][WARNING] - Timeout '0' is invalid. Using default page load timeout: '60'

2022-03-04 08:25:34 - [MESSAGE][PASSED] - Tapped on element 'Object Repository/Mobile/Page/Login/Button - Fingerprint'

2022-03-04 08:25:34 - [TEST_STEP][PASSED] - delay(1): Delayed 1 second(s)

2022-03-04 08:25:35 - [MESSAGE][PASSED] - Delayed 1 second(s)

2022-03-04 08:25:35 - [TEST_STEP][PASSED] - pressBack(): Press back button successfully

2022-03-04 08:25:35 - [MESSAGE][PASSED] - Press back button successfully

2022-03-04 08:25:35 - [TEST_STEP][PASSED] - delay(1): Delayed 1 second(s)

2022-03-04 08:25:36 - [MESSAGE][PASSED] - Delayed 1 second(s)

2022-03-04 08:25:36 - [TEST_STEP][PASSED] - tap(LOGN_EdtUserID, 0): Tapped on element 'Object Repository/Mobile/Page/Login/Input - UserID'

2022-03-04 08:25:36 - [MESSAGE][WARNING] - Timeout '0' is invalid. Using default page load timeout: '60'

2022-03-04 08:25:37 - [MESSAGE][PASSED] - Tapped on element 'Object Repository/Mobile/Page/Login/Input - UserID'

2022-03-04 08:25:37 - [TEST_STEP][PASSED] - delay(1): Delayed 1 second(s)

2022-03-04 08:25:38 - [MESSAGE][PASSED] - Delayed 1 second(s)

2022-03-04 08:25:38 - [TEST_STEP][PASSED] - setText(LOGN_EdtRdyUserID, "anggaaditya", 0): Text 'anggaaditya' has been set to element 'Object Repository/Mobile/Page/Login/Input Rdy - UserID'

2022-03-04 08:25:38 - [MESSAGE][WARNING] - Timeout '0' is invalid. Using default page load timeout: '60'

2022-03-04 08:25:38 - [MESSAGE][PASSED] - Text 'anggaaditya' has been set to element 'Object Repository/Mobile/Page/Login/Input Rdy - UserID'

2022-03-04 08:25:38 - [TEST_STEP][PASSED] - delay(1): Delayed 1 second(s)

2022-03-04 08:25:39 - [MESSAGE][PASSED] - Delayed 1 second(s)

2022-03-04 08:25:39 - [TEST_STEP][PASSED] - hideKeyboard(): Keyboard is hidden

2022-03-04 08:25:43 - [MESSAGE][PASSED] - Keyboard is hidden

2022-03-04 08:25:43 - [TEST_STEP][PASSED] - tap(LOGN_EdtPassword, 0): Tapped on element 'Object Repository/Mobile/Page/Login/Input - Password'

2022-03-04 08:25:43 - [MESSAGE][WARNING] - Timeout '0' is invalid. Using default page load timeout: '60'

2022-03-04 08:25:44 - [MESSAGE][PASSED] - Tapped on element 'Object Repository/Mobile/Page/Login/Input - Password'

2022-03-04 08:25:44 - [TEST_STEP][PASSED] - delay(1): Delayed 1 second(s)

2022-03-04 08:25:45 - [MESSAGE][PASSED] - Delayed 1 second(s)

2022-03-04 08:25:45 - [TEST_STEP][PASSED] - setText(LOGN_EdtRdyPassword, "Shalawa18", 0): Text 'Shalawa18' has been set to element 'Object Repository/Mobile/Page/Login/Input Rdy - Password'

2022-03-04 08:25:45 - [MESSAGE][WARNING] - Timeout '0' is invalid. Using default page load timeout: '60'

2022-03-04 08:25:45 - [MESSAGE][PASSED] - Text 'Shalawa18' has been set to element 'Object Repository/Mobile/Page/Login/Input Rdy - Password'

2022-03-04 08:25:45 - [TEST_STEP][PASSED] - delay(1): Delayed 1 second(s)

2022-03-04 08:25:46 - [MESSAGE][PASSED] - Delayed 1 second(s)

2022-03-04 08:25:46 - [TEST_STEP][PASSED] - hideKeyboard(): Keyboard is hidden

2022-03-04 08:25:53 - [MESSAGE][PASSED] - Keyboard is hidden

2022-03-04 08:25:53 - [TEST_STEP][PASSED] - tap(LOGN_BtnLogin, 0): Tapped on element 'Object Repository/Mobile/Page/Login/Button - Login'

2022-03-04 08:25:53 - [MESSAGE][WARNING] - Timeout '0' is invalid. Using default page load timeout: '60'

2022-03-04 08:25:54 - [MESSAGE][PASSED] - Tapped on element 'Object Repository/Mobile/Page/Login/Button - Login'

2022-03-04 08:25:54 - [TEST_STEP][PASSED] - delay(2): Delayed 2 second(s)

2022-03-04 08:25:56 - [MESSAGE][PASSED] - Delayed 2 second(s)

2022-03-04 08:25:56 - [MESSAGE][PASSED] - Call Test Case 'Test Cases/Mobile/Page/Login/Login' successfully

2022-03-04 08:25:56 - [TEST_STEP][PASSED] - callTestCase(findTestCase("Mobile/Page/Run App/Terminate App"), [:], STOP_ON_FAILURE): Call Test Case 'Test Cases/Mobile/Page/Run App/Terminate App' successfully

2022-03-04 08:25:56 - [TEST_CASE][PASSED] - Test Cases/Mobile/Page/Run App/Terminate App: Test Cases/Mobile/Page/Run App/Terminate App

2022-03-04 08:25:56 - [TEST_STEP][PASSED] - startApp.OpenApp.terminateApplication(): startApp.OpenApp.terminateApplication is PASSED

2022-03-04 08:26:00 - [MESSAGE][PASSED] - Delayed 3 second(s)

2022-03-04 08:26:00 - [MESSAGE][PASSED] - Current device physical width is 720

2022-03-04 08:26:00 - [MESSAGE][PASSED] - Current device physical height is 1423

2022-03-04 08:26:02 - [MESSAGE][PASSED] - Swiped from 360,853 to 360,142

2022-03-04 08:26:03 - [MESSAGE][PASSED] - Delayed 1 second(s)

2022-03-04 08:26:04 - [MESSAGE][PASSED] - Swiped from 360,853 to 360,142

2022-03-04 08:26:07 - [MESSAGE][PASSED] - Delayed 3 second(s)

2022-03-04 08:26:07 - [MESSAGE][PASSED] - startApp.OpenApp.terminateApplication is PASSED

2022-03-04 08:26:07 - [MESSAGE][PASSED] - Call Test Case 'Test Cases/Mobile/Page/Run App/Terminate App' successfully]]></system-out>
         <system-err><![CDATA[]]></system-err>
      </testcase>
      <system-out><![CDATA[2022-03-04 08:21:46 - [TEST_SUITE][PASSED] - login: Test Cases/Mobile/Scenario/Login/005 - Login menggunakan username dengan membatalkan fingerprint]]></system-out>
      <system-err><![CDATA[]]></system-err>
   </testsuite>
</testsuites>
