<?xml version="1.0" encoding="UTF-8"?>
<testsuites name="login" time="284.915" tests="5" failures="0" skips="0" errors="0">
   <testsuite name="login" tests="5" failures="0" errors="0" time="284.915" skips="0" timestamp="2022-01-04 07:55:29" hostname="Owner - aldy-tft" id="Test Suites/login">
      <properties>
         <property name="deviceName" value="samsung SM-A205F (Android 11)"/>
         <property name="devicePlatform" value=""/>
         <property name="logFolder" value="C:\\Users\\Owner\\Documents\\kerjaan\\KatalonProject\\qa_katalon_pwm\\qa_katalon_pwm\\Reports\\20220104_074645\\login\\20220104_074653"/>
         <property name="logFiles" value="C:\\Users\\Owner\\Documents\\kerjaan\\KatalonProject\\qa_katalon_pwm\\qa_katalon_pwm\\Reports\\20220104_074645\\login\\20220104_074653\\appium.log, C:\\Users\\Owner\\Documents\\kerjaan\\KatalonProject\\qa_katalon_pwm\\qa_katalon_pwm\\Reports\\20220104_074645\\login\\20220104_074653\\execution0.log"/>
         <property name="attachments" value=""/>
         <property name="hostName" value="Owner - aldy-tft"/>
         <property name="os" value="Windows 10 64bit"/>
         <property name="appiumServerStatus" value="{&quot;value&quot;:{&quot;build&quot;:{&quot;version&quot;:&quot;1.22.0&quot;}},&quot;sessionId&quot;:null,&quot;status&quot;:0}"/>
         <property name="katalonVersion" value="7.9.1.208"/>
         <property name="deviceOS" value="Android"/>
         <property name="appiumVersion" value="1.22.0"/>
         <property name="deviceModel" value="SM-A205F"/>
         <property name="hostAddress" value="10.0.30.143"/>
         <property name="deviceManufacturer" value="samsung"/>
         <property name="deviceId" value="RR8M40C9AXE"/>
         <property name="deviceName" value="samsung SM-A205F (Android 11)"/>
         <property name="deviceOSVersion" value="11"/>
      </properties>
      <testcase name="Test Cases/Mobile/Scenario/Login/001 - Login dengan username" time="70.115" classname="Test Cases/Mobile/Scenario/Login/001 - Login dengan username" status="PASSED">
         <system-out><![CDATA[2022-01-04 07:55:30 - [TEST_CASE][PASSED] - Test Cases/Mobile/Scenario/Login/001 - Login dengan username: Test Cases/Mobile/Scenario/Login/001 - Login dengan username

2022-01-04 07:55:30 - [TEST_STEP][PASSED] - callTestCase(findTestCase("Mobile/Page/Run App/Run App byID"), [:], STOP_ON_FAILURE): Call Test Case 'Test Cases/Mobile/Page/Run App/Run App byID' successfully

2022-01-04 07:55:30 - [TEST_CASE][PASSED] - Test Cases/Mobile/Page/Run App/Run App byID: Test Cases/Mobile/Page/Run App/Run App byID

2022-01-04 07:55:30 - [TEST_STEP][PASSED] - startApp.OpenApp.startApplication("id.co.miraeasset.sageclub"): startApp.OpenApp.startApplication is PASSED

2022-01-04 07:55:32 - [MESSAGE][INFO] - Appium server started on port 64,900

2022-01-04 07:55:49 - [MESSAGE][PASSED] - Starting app with application ID: 'id.co.miraeasset.sageclub'

2022-01-04 07:55:49 - [MESSAGE][PASSED] - startApp.OpenApp.startApplication is PASSED

2022-01-04 07:55:49 - [MESSAGE][PASSED] - Call Test Case 'Test Cases/Mobile/Page/Run App/Run App byID' successfully

2022-01-04 07:55:49 - [TEST_STEP][PASSED] - callTestCase(findTestCase("Mobile/Page/Login/Login"), ["action":"username"], CONTINUE_ON_FAILURE): Call Test Case 'Test Cases/Mobile/Page/Login/Login' successfully

2022-01-04 07:55:49 - [TEST_CASE][PASSED] - Test Cases/Mobile/Page/Login/Login: Test Cases/Mobile/Page/Login/Login

2022-01-04 07:55:50 - [TEST_STEP][PASSED] - delay(2): Delayed 2 second(s)

2022-01-04 07:55:52 - [MESSAGE][PASSED] - Delayed 2 second(s)

2022-01-04 07:55:52 - [TEST_STEP][PASSED] - for ([i = 0, i < 1, (i++)]): null

2022-01-04 07:55:52 - [TEST_STEP][PASSED] - if (action == "username"): null

2022-01-04 07:55:52 - [TEST_STEP][PASSED] - tap(LOGN_EdtUserID, 0): Tapped on element 'Object Repository/Mobile/Page/Login/Input - UserID'

2022-01-04 07:56:08 - [MESSAGE][WARNING] - Timeout '0' is invalid. Using default page load timeout: '60'

2022-01-04 07:56:09 - [MESSAGE][PASSED] - Tapped on element 'Object Repository/Mobile/Page/Login/Input - UserID'

2022-01-04 07:56:09 - [TEST_STEP][PASSED] - delay(1): Delayed 1 second(s)

2022-01-04 07:56:10 - [MESSAGE][PASSED] - Delayed 1 second(s)

2022-01-04 07:56:10 - [TEST_STEP][PASSED] - setText(LOGN_EdtRdyUserID, "anggaaditya", 0): Text 'anggaaditya' has been set to element 'Object Repository/Mobile/Page/Login/Input Rdy - UserID'

2022-01-04 07:56:10 - [MESSAGE][WARNING] - Timeout '0' is invalid. Using default page load timeout: '60'

2022-01-04 07:56:11 - [MESSAGE][PASSED] - Text 'anggaaditya' has been set to element 'Object Repository/Mobile/Page/Login/Input Rdy - UserID'

2022-01-04 07:56:11 - [TEST_STEP][PASSED] - delay(1): Delayed 1 second(s)

2022-01-04 07:56:12 - [MESSAGE][PASSED] - Delayed 1 second(s)

2022-01-04 07:56:12 - [TEST_STEP][PASSED] - hideKeyboard(): Keyboard is hidden

2022-01-04 07:56:16 - [MESSAGE][PASSED] - Keyboard is hidden

2022-01-04 07:56:16 - [TEST_STEP][PASSED] - tap(LOGN_EdtPassword, 0): Tapped on element 'Object Repository/Mobile/Page/Login/Input - Password'

2022-01-04 07:56:16 - [MESSAGE][WARNING] - Timeout '0' is invalid. Using default page load timeout: '60'

2022-01-04 07:56:16 - [MESSAGE][PASSED] - Tapped on element 'Object Repository/Mobile/Page/Login/Input - Password'

2022-01-04 07:56:16 - [TEST_STEP][PASSED] - delay(1): Delayed 1 second(s)

2022-01-04 07:56:17 - [MESSAGE][PASSED] - Delayed 1 second(s)

2022-01-04 07:56:17 - [TEST_STEP][PASSED] - setText(LOGN_EdtRdyPassword, "Shalawa18", 0): Text 'Shalawa18' has been set to element 'Object Repository/Mobile/Page/Login/Input Rdy - Password'

2022-01-04 07:56:17 - [MESSAGE][WARNING] - Timeout '0' is invalid. Using default page load timeout: '60'

2022-01-04 07:56:18 - [MESSAGE][PASSED] - Text 'Shalawa18' has been set to element 'Object Repository/Mobile/Page/Login/Input Rdy - Password'

2022-01-04 07:56:18 - [TEST_STEP][PASSED] - delay(1): Delayed 1 second(s)

2022-01-04 07:56:19 - [MESSAGE][PASSED] - Delayed 1 second(s)

2022-01-04 07:56:19 - [TEST_STEP][PASSED] - hideKeyboard(): Keyboard is hidden

2022-01-04 07:56:25 - [MESSAGE][PASSED] - Keyboard is hidden

2022-01-04 07:56:25 - [TEST_STEP][PASSED] - tap(LOGN_BtnLogin, 0): Tapped on element 'Object Repository/Mobile/Page/Login/Button - Login'

2022-01-04 07:56:25 - [MESSAGE][WARNING] - Timeout '0' is invalid. Using default page load timeout: '60'

2022-01-04 07:56:27 - [MESSAGE][PASSED] - Tapped on element 'Object Repository/Mobile/Page/Login/Button - Login'

2022-01-04 07:56:27 - [TEST_STEP][PASSED] - delay(2): Delayed 2 second(s)

2022-01-04 07:56:29 - [MESSAGE][PASSED] - Delayed 2 second(s)

2022-01-04 07:56:29 - [TEST_STEP][PASSED] - break: null

2022-01-04 07:56:29 - [MESSAGE][PASSED] - Call Test Case 'Test Cases/Mobile/Page/Login/Login' successfully

2022-01-04 07:56:29 - [TEST_STEP][PASSED] - callTestCase(findTestCase("Mobile/Page/Run App/Terminate App"), [:], STOP_ON_FAILURE): Call Test Case 'Test Cases/Mobile/Page/Run App/Terminate App' successfully

2022-01-04 07:56:29 - [TEST_CASE][PASSED] - Test Cases/Mobile/Page/Run App/Terminate App: Test Cases/Mobile/Page/Run App/Terminate App

2022-01-04 07:56:29 - [TEST_STEP][PASSED] - startApp.OpenApp.terminateApplication(): startApp.OpenApp.terminateApplication is PASSED

2022-01-04 07:56:32 - [MESSAGE][PASSED] - Delayed 3 second(s)

2022-01-04 07:56:33 - [MESSAGE][PASSED] - Current device physical width is 720

2022-01-04 07:56:33 - [MESSAGE][PASSED] - Current device physical height is 1423

2022-01-04 07:56:34 - [MESSAGE][PASSED] - Swiped from 360,853 to 360,142

2022-01-04 07:56:35 - [MESSAGE][PASSED] - Delayed 1 second(s)

2022-01-04 07:56:37 - [MESSAGE][PASSED] - Swiped from 360,853 to 360,142

2022-01-04 07:56:40 - [MESSAGE][PASSED] - Delayed 3 second(s)

2022-01-04 07:56:40 - [MESSAGE][PASSED] - startApp.OpenApp.terminateApplication is PASSED

2022-01-04 07:56:40 - [MESSAGE][PASSED] - Call Test Case 'Test Cases/Mobile/Page/Run App/Terminate App' successfully]]></system-out>
         <system-err><![CDATA[]]></system-err>
      </testcase>
      <testcase name="Test Cases/Mobile/Scenario/Login/002 - Login dengan password salah" time="46.492" classname="Test Cases/Mobile/Scenario/Login/002 - Login dengan password salah" status="PASSED">
         <system-out><![CDATA[2022-01-04 07:56:40 - [TEST_CASE][PASSED] - Test Cases/Mobile/Scenario/Login/002 - Login dengan password salah: Test Cases/Mobile/Scenario/Login/002 - Login dengan password salah

2022-01-04 07:56:40 - [TEST_STEP][PASSED] - callTestCase(findTestCase("Mobile/Page/Run App/Run App byID"), [:], STOP_ON_FAILURE): Call Test Case 'Test Cases/Mobile/Page/Run App/Run App byID' successfully

2022-01-04 07:56:40 - [TEST_CASE][PASSED] - Test Cases/Mobile/Page/Run App/Run App byID: Test Cases/Mobile/Page/Run App/Run App byID

2022-01-04 07:56:40 - [TEST_STEP][PASSED] - startApp.OpenApp.startApplication("id.co.miraeasset.sageclub"): startApp.OpenApp.startApplication is PASSED

2022-01-04 07:56:54 - [MESSAGE][PASSED] - Starting app with application ID: 'id.co.miraeasset.sageclub'

2022-01-04 07:56:54 - [MESSAGE][PASSED] - startApp.OpenApp.startApplication is PASSED

2022-01-04 07:56:54 - [MESSAGE][PASSED] - Call Test Case 'Test Cases/Mobile/Page/Run App/Run App byID' successfully

2022-01-04 07:56:54 - [TEST_STEP][PASSED] - callTestCase(findTestCase("Mobile/Page/Login/Login"), ["action":"wrongpassword"], CONTINUE_ON_FAILURE): Call Test Case 'Test Cases/Mobile/Page/Login/Login' successfully

2022-01-04 07:56:54 - [TEST_CASE][PASSED] - Test Cases/Mobile/Page/Login/Login: Test Cases/Mobile/Page/Login/Login

2022-01-04 07:56:54 - [TEST_STEP][PASSED] - delay(2): Delayed 2 second(s)

2022-01-04 07:56:56 - [MESSAGE][PASSED] - Delayed 2 second(s)

2022-01-04 07:56:56 - [TEST_STEP][PASSED] - for ([i = 0, i < 1, (i++)]): null

2022-01-04 07:56:56 - [TEST_STEP][PASSED] - if (action == "username"): null

2022-01-04 07:56:56 - [TEST_STEP][PASSED] - else if (action == "wrongpassword"): null

2022-01-04 07:56:56 - [TEST_STEP][PASSED] - tap(LOGN_EdtUserID, 0): Tapped on element 'Object Repository/Mobile/Page/Login/Input - UserID'

2022-01-04 07:56:56 - [MESSAGE][WARNING] - Timeout '0' is invalid. Using default page load timeout: '60'

2022-01-04 07:56:57 - [MESSAGE][PASSED] - Tapped on element 'Object Repository/Mobile/Page/Login/Input - UserID'

2022-01-04 07:56:57 - [TEST_STEP][PASSED] - delay(1): Delayed 1 second(s)

2022-01-04 07:56:58 - [MESSAGE][PASSED] - Delayed 1 second(s)

2022-01-04 07:56:58 - [TEST_STEP][PASSED] - setText(LOGN_EdtRdyUserID, "anggaaditya", 0): Text 'anggaaditya' has been set to element 'Object Repository/Mobile/Page/Login/Input Rdy - UserID'

2022-01-04 07:56:58 - [MESSAGE][WARNING] - Timeout '0' is invalid. Using default page load timeout: '60'

2022-01-04 07:56:58 - [MESSAGE][PASSED] - Text 'anggaaditya' has been set to element 'Object Repository/Mobile/Page/Login/Input Rdy - UserID'

2022-01-04 07:56:58 - [TEST_STEP][PASSED] - delay(1): Delayed 1 second(s)

2022-01-04 07:56:59 - [MESSAGE][PASSED] - Delayed 1 second(s)

2022-01-04 07:56:59 - [TEST_STEP][PASSED] - hideKeyboard(): Keyboard is hidden

2022-01-04 07:57:03 - [MESSAGE][PASSED] - Keyboard is hidden

2022-01-04 07:57:03 - [TEST_STEP][PASSED] - tap(LOGN_EdtPassword, 0): Tapped on element 'Object Repository/Mobile/Page/Login/Input - Password'

2022-01-04 07:57:03 - [MESSAGE][WARNING] - Timeout '0' is invalid. Using default page load timeout: '60'

2022-01-04 07:57:04 - [MESSAGE][PASSED] - Tapped on element 'Object Repository/Mobile/Page/Login/Input - Password'

2022-01-04 07:57:04 - [TEST_STEP][PASSED] - delay(1): Delayed 1 second(s)

2022-01-04 07:57:05 - [MESSAGE][PASSED] - Delayed 1 second(s)

2022-01-04 07:57:05 - [TEST_STEP][PASSED] - setText(LOGN_EdtRdyPassword, "Shalawa181", 0): Text 'Shalawa181' has been set to element 'Object Repository/Mobile/Page/Login/Input Rdy - Password'

2022-01-04 07:57:05 - [MESSAGE][WARNING] - Timeout '0' is invalid. Using default page load timeout: '60'

2022-01-04 07:57:05 - [MESSAGE][PASSED] - Text 'Shalawa181' has been set to element 'Object Repository/Mobile/Page/Login/Input Rdy - Password'

2022-01-04 07:57:05 - [TEST_STEP][PASSED] - delay(1): Delayed 1 second(s)

2022-01-04 07:57:06 - [MESSAGE][PASSED] - Delayed 1 second(s)

2022-01-04 07:57:06 - [TEST_STEP][PASSED] - hideKeyboard(): Keyboard is hidden

2022-01-04 07:57:13 - [MESSAGE][PASSED] - Keyboard is hidden

2022-01-04 07:57:13 - [TEST_STEP][PASSED] - tap(LOGN_BtnLogin, 0): Tapped on element 'Object Repository/Mobile/Page/Login/Button - Login'

2022-01-04 07:57:13 - [MESSAGE][WARNING] - Timeout '0' is invalid. Using default page load timeout: '60'

2022-01-04 07:57:13 - [MESSAGE][PASSED] - Tapped on element 'Object Repository/Mobile/Page/Login/Button - Login'

2022-01-04 07:57:13 - [TEST_STEP][PASSED] - delay(2): Delayed 2 second(s)

2022-01-04 07:57:15 - [MESSAGE][PASSED] - Delayed 2 second(s)

2022-01-04 07:57:15 - [TEST_STEP][PASSED] - verify = verifyElementExist(LOGN_AlertInvalidCredentials, 5, STOP_ON_FAILURE): Element 'Object Repository/Mobile/Page/Login/Alert - Invalid credentials' is exist

2022-01-04 07:57:16 - [MESSAGE][PASSED] - Element 'Object Repository/Mobile/Page/Login/Alert - Invalid credentials' is exist

2022-01-04 07:57:16 - [TEST_STEP][PASSED] - break: null

2022-01-04 07:57:16 - [MESSAGE][PASSED] - Call Test Case 'Test Cases/Mobile/Page/Login/Login' successfully

2022-01-04 07:57:16 - [TEST_STEP][PASSED] - callTestCase(findTestCase("Mobile/Page/Run App/Terminate App"), [:], STOP_ON_FAILURE): Call Test Case 'Test Cases/Mobile/Page/Run App/Terminate App' successfully

2022-01-04 07:57:16 - [TEST_CASE][PASSED] - Test Cases/Mobile/Page/Run App/Terminate App: Test Cases/Mobile/Page/Run App/Terminate App

2022-01-04 07:57:16 - [TEST_STEP][PASSED] - startApp.OpenApp.terminateApplication(): startApp.OpenApp.terminateApplication is PASSED

2022-01-04 07:57:19 - [MESSAGE][PASSED] - Delayed 3 second(s)

2022-01-04 07:57:19 - [MESSAGE][PASSED] - Current device physical width is 720

2022-01-04 07:57:19 - [MESSAGE][PASSED] - Current device physical height is 1423

2022-01-04 07:57:21 - [MESSAGE][PASSED] - Swiped from 360,853 to 360,142

2022-01-04 07:57:22 - [MESSAGE][PASSED] - Delayed 1 second(s)

2022-01-04 07:57:23 - [MESSAGE][PASSED] - Swiped from 360,853 to 360,142

2022-01-04 07:57:26 - [MESSAGE][PASSED] - Delayed 3 second(s)

2022-01-04 07:57:26 - [MESSAGE][PASSED] - startApp.OpenApp.terminateApplication is PASSED

2022-01-04 07:57:26 - [MESSAGE][PASSED] - Call Test Case 'Test Cases/Mobile/Page/Run App/Terminate App' successfully]]></system-out>
         <system-err><![CDATA[]]></system-err>
      </testcase>
      <testcase name="Test Cases/Mobile/Scenario/Login/003 - Login tanpa internet" time="61.594" classname="Test Cases/Mobile/Scenario/Login/003 - Login tanpa internet" status="PASSED">
         <system-out><![CDATA[2022-01-04 07:57:26 - [TEST_CASE][PASSED] - Test Cases/Mobile/Scenario/Login/003 - Login tanpa internet: Test Cases/Mobile/Scenario/Login/003 - Login tanpa internet

2022-01-04 07:57:26 - [TEST_STEP][PASSED] - callTestCase(findTestCase("Mobile/Page/Run App/Run App byID"), [:], STOP_ON_FAILURE): Call Test Case 'Test Cases/Mobile/Page/Run App/Run App byID' successfully

2022-01-04 07:57:26 - [TEST_CASE][PASSED] - Test Cases/Mobile/Page/Run App/Run App byID: Test Cases/Mobile/Page/Run App/Run App byID

2022-01-04 07:57:26 - [TEST_STEP][PASSED] - startApp.OpenApp.startApplication("id.co.miraeasset.sageclub"): startApp.OpenApp.startApplication is PASSED

2022-01-04 07:57:41 - [MESSAGE][PASSED] - Starting app with application ID: 'id.co.miraeasset.sageclub'

2022-01-04 07:57:41 - [MESSAGE][PASSED] - startApp.OpenApp.startApplication is PASSED

2022-01-04 07:57:41 - [MESSAGE][PASSED] - Call Test Case 'Test Cases/Mobile/Page/Run App/Run App byID' successfully

2022-01-04 07:57:41 - [TEST_STEP][PASSED] - callTestCase(findTestCase("Mobile/Page/Login/Login"), ["action":"nointernet"], CONTINUE_ON_FAILURE): Call Test Case 'Test Cases/Mobile/Page/Login/Login' successfully

2022-01-04 07:57:41 - [TEST_CASE][PASSED] - Test Cases/Mobile/Page/Login/Login: Test Cases/Mobile/Page/Login/Login

2022-01-04 07:57:41 - [TEST_STEP][PASSED] - delay(2): Delayed 2 second(s)

2022-01-04 07:57:43 - [MESSAGE][PASSED] - Delayed 2 second(s)

2022-01-04 07:57:43 - [TEST_STEP][PASSED] - for ([i = 0, i < 1, (i++)]): null

2022-01-04 07:57:43 - [TEST_STEP][PASSED] - if (action == "username"): null

2022-01-04 07:57:43 - [TEST_STEP][PASSED] - else if (action == "wrongpassword"): null

2022-01-04 07:57:43 - [TEST_STEP][PASSED] - else if (action == "nointernet"): null

2022-01-04 07:57:43 - [TEST_STEP][PASSED] - scroll.scroll.scrollNotificationBar(): scroll.scroll.scrollNotificationBar is PASSED

2022-01-04 07:57:43 - [MESSAGE][PASSED] - Current device physical height is 1423

2022-01-04 07:57:45 - [MESSAGE][PASSED] - Swiped from 50,50 to 50,1,138

2022-01-04 07:57:45 - [MESSAGE][PASSED] - scroll.scroll.scrollNotificationBar is PASSED

2022-01-04 07:57:45 - [TEST_STEP][PASSED] - delay(1): Delayed 1 second(s)

2022-01-04 07:57:46 - [MESSAGE][PASSED] - Delayed 1 second(s)

2022-01-04 07:57:46 - [TEST_STEP][PASSED] - tap(OTHR_BtnWifi, 0): Tapped on element 'Object Repository/Mobile/Page/Others/Button - Wifi'

2022-01-04 07:57:46 - [MESSAGE][WARNING] - Timeout '0' is invalid. Using default page load timeout: '60'

2022-01-04 07:57:48 - [MESSAGE][PASSED] - Tapped on element 'Object Repository/Mobile/Page/Others/Button - Wifi'

2022-01-04 07:57:48 - [TEST_STEP][PASSED] - delay(1): Delayed 1 second(s)

2022-01-04 07:57:49 - [MESSAGE][PASSED] - Delayed 1 second(s)

2022-01-04 07:57:49 - [TEST_STEP][PASSED] - pressBack(): Press back button successfully

2022-01-04 07:57:50 - [MESSAGE][PASSED] - Press back button successfully

2022-01-04 07:57:50 - [TEST_STEP][PASSED] - tap(LOGN_EdtUserID, 0): Tapped on element 'Object Repository/Mobile/Page/Login/Input - UserID'

2022-01-04 07:57:50 - [MESSAGE][WARNING] - Timeout '0' is invalid. Using default page load timeout: '60'

2022-01-04 07:57:51 - [MESSAGE][PASSED] - Tapped on element 'Object Repository/Mobile/Page/Login/Input - UserID'

2022-01-04 07:57:51 - [TEST_STEP][PASSED] - delay(1): Delayed 1 second(s)

2022-01-04 07:57:52 - [MESSAGE][PASSED] - Delayed 1 second(s)

2022-01-04 07:57:52 - [TEST_STEP][PASSED] - setText(LOGN_EdtRdyUserID, "anggaaditya", 0): Text 'anggaaditya' has been set to element 'Object Repository/Mobile/Page/Login/Input Rdy - UserID'

2022-01-04 07:57:52 - [MESSAGE][WARNING] - Timeout '0' is invalid. Using default page load timeout: '60'

2022-01-04 07:57:53 - [MESSAGE][PASSED] - Text 'anggaaditya' has been set to element 'Object Repository/Mobile/Page/Login/Input Rdy - UserID'

2022-01-04 07:57:53 - [TEST_STEP][PASSED] - delay(1): Delayed 1 second(s)

2022-01-04 07:57:54 - [MESSAGE][PASSED] - Delayed 1 second(s)

2022-01-04 07:57:54 - [TEST_STEP][PASSED] - hideKeyboard(): Keyboard is hidden

2022-01-04 07:57:58 - [MESSAGE][PASSED] - Keyboard is hidden

2022-01-04 07:57:58 - [TEST_STEP][PASSED] - tap(LOGN_EdtPassword, 0): Tapped on element 'Object Repository/Mobile/Page/Login/Input - Password'

2022-01-04 07:57:58 - [MESSAGE][WARNING] - Timeout '0' is invalid. Using default page load timeout: '60'

2022-01-04 07:57:58 - [MESSAGE][PASSED] - Tapped on element 'Object Repository/Mobile/Page/Login/Input - Password'

2022-01-04 07:57:58 - [TEST_STEP][PASSED] - delay(1): Delayed 1 second(s)

2022-01-04 07:57:59 - [MESSAGE][PASSED] - Delayed 1 second(s)

2022-01-04 07:57:59 - [TEST_STEP][PASSED] - setText(LOGN_EdtRdyPassword, "Shalawa18", 0): Text 'Shalawa18' has been set to element 'Object Repository/Mobile/Page/Login/Input Rdy - Password'

2022-01-04 07:57:59 - [MESSAGE][WARNING] - Timeout '0' is invalid. Using default page load timeout: '60'

2022-01-04 07:58:00 - [MESSAGE][PASSED] - Text 'Shalawa18' has been set to element 'Object Repository/Mobile/Page/Login/Input Rdy - Password'

2022-01-04 07:58:00 - [TEST_STEP][PASSED] - delay(1): Delayed 1 second(s)

2022-01-04 07:58:01 - [MESSAGE][PASSED] - Delayed 1 second(s)

2022-01-04 07:58:01 - [TEST_STEP][PASSED] - hideKeyboard(): Keyboard is hidden

2022-01-04 07:58:08 - [MESSAGE][PASSED] - Keyboard is hidden

2022-01-04 07:58:08 - [TEST_STEP][PASSED] - tap(LOGN_BtnLogin, 0): Tapped on element 'Object Repository/Mobile/Page/Login/Button - Login'

2022-01-04 07:58:08 - [MESSAGE][WARNING] - Timeout '0' is invalid. Using default page load timeout: '60'

2022-01-04 07:58:08 - [MESSAGE][PASSED] - Tapped on element 'Object Repository/Mobile/Page/Login/Button - Login'

2022-01-04 07:58:08 - [TEST_STEP][PASSED] - delay(2): Delayed 2 second(s)

2022-01-04 07:58:10 - [MESSAGE][PASSED] - Delayed 2 second(s)

2022-01-04 07:58:10 - [TEST_STEP][PASSED] - verify = verifyElementExist(LOGN_AlertCheckYourNetwork, 5, STOP_ON_FAILURE): Element 'Object Repository/Mobile/Page/Login/Alert - Check your network' is exist

2022-01-04 07:58:11 - [MESSAGE][PASSED] - Element 'Object Repository/Mobile/Page/Login/Alert - Check your network' is exist

2022-01-04 07:58:11 - [TEST_STEP][PASSED] - scroll.scroll.scrollNotificationBar(): scroll.scroll.scrollNotificationBar is PASSED

2022-01-04 07:58:12 - [MESSAGE][PASSED] - Current device physical height is 1423

2022-01-04 07:58:13 - [MESSAGE][PASSED] - Swiped from 50,50 to 50,1,138

2022-01-04 07:58:13 - [MESSAGE][PASSED] - scroll.scroll.scrollNotificationBar is PASSED

2022-01-04 07:58:13 - [TEST_STEP][PASSED] - delay(1): Delayed 1 second(s)

2022-01-04 07:58:14 - [MESSAGE][PASSED] - Delayed 1 second(s)

2022-01-04 07:58:14 - [TEST_STEP][PASSED] - tap(OTHR_BtnWifi, 0): Tapped on element 'Object Repository/Mobile/Page/Others/Button - Wifi'

2022-01-04 07:58:14 - [MESSAGE][WARNING] - Timeout '0' is invalid. Using default page load timeout: '60'

2022-01-04 07:58:15 - [MESSAGE][PASSED] - Tapped on element 'Object Repository/Mobile/Page/Others/Button - Wifi'

2022-01-04 07:58:15 - [TEST_STEP][PASSED] - delay(1): Delayed 1 second(s)

2022-01-04 07:58:16 - [MESSAGE][PASSED] - Delayed 1 second(s)

2022-01-04 07:58:16 - [TEST_STEP][PASSED] - pressBack(): Press back button successfully

2022-01-04 07:58:16 - [MESSAGE][PASSED] - Press back button successfully

2022-01-04 07:58:16 - [TEST_STEP][PASSED] - break: null

2022-01-04 07:58:16 - [MESSAGE][PASSED] - Call Test Case 'Test Cases/Mobile/Page/Login/Login' successfully

2022-01-04 07:58:16 - [TEST_STEP][PASSED] - callTestCase(findTestCase("Mobile/Page/Run App/Terminate App"), [:], STOP_ON_FAILURE): Call Test Case 'Test Cases/Mobile/Page/Run App/Terminate App' successfully

2022-01-04 07:58:16 - [TEST_CASE][PASSED] - Test Cases/Mobile/Page/Run App/Terminate App: Test Cases/Mobile/Page/Run App/Terminate App

2022-01-04 07:58:16 - [TEST_STEP][PASSED] - startApp.OpenApp.terminateApplication(): startApp.OpenApp.terminateApplication is PASSED

2022-01-04 07:58:20 - [MESSAGE][PASSED] - Delayed 3 second(s)

2022-01-04 07:58:21 - [MESSAGE][PASSED] - Current device physical width is 720

2022-01-04 07:58:21 - [MESSAGE][PASSED] - Current device physical height is 1423

2022-01-04 07:58:22 - [MESSAGE][PASSED] - Swiped from 360,853 to 360,142

2022-01-04 07:58:23 - [MESSAGE][PASSED] - Delayed 1 second(s)

2022-01-04 07:58:25 - [MESSAGE][PASSED] - Swiped from 360,853 to 360,142

2022-01-04 07:58:28 - [MESSAGE][PASSED] - Delayed 3 second(s)

2022-01-04 07:58:28 - [MESSAGE][PASSED] - startApp.OpenApp.terminateApplication is PASSED

2022-01-04 07:58:28 - [MESSAGE][PASSED] - Call Test Case 'Test Cases/Mobile/Page/Run App/Terminate App' successfully]]></system-out>
         <system-err><![CDATA[]]></system-err>
      </testcase>
      <testcase name="Test Cases/Mobile/Scenario/Login/004 - Login dengan mengaktifkan visible password" time="51.829" classname="Test Cases/Mobile/Scenario/Login/004 - Login dengan mengaktifkan visible password" status="PASSED">
         <system-out><![CDATA[2022-01-04 07:58:28 - [TEST_CASE][PASSED] - Test Cases/Mobile/Scenario/Login/004 - Login dengan mengaktifkan visible password: Test Cases/Mobile/Scenario/Login/004 - Login dengan mengaktifkan visible password

2022-01-04 07:58:28 - [TEST_STEP][PASSED] - callTestCase(findTestCase("Mobile/Page/Run App/Run App byID"), [:], STOP_ON_FAILURE): Call Test Case 'Test Cases/Mobile/Page/Run App/Run App byID' successfully

2022-01-04 07:58:29 - [TEST_CASE][PASSED] - Test Cases/Mobile/Page/Run App/Run App byID: Test Cases/Mobile/Page/Run App/Run App byID

2022-01-04 07:58:29 - [TEST_STEP][PASSED] - startApp.OpenApp.startApplication("id.co.miraeasset.sageclub"): startApp.OpenApp.startApplication is PASSED

2022-01-04 07:58:44 - [MESSAGE][PASSED] - Starting app with application ID: 'id.co.miraeasset.sageclub'

2022-01-04 07:58:44 - [MESSAGE][PASSED] - startApp.OpenApp.startApplication is PASSED

2022-01-04 07:58:44 - [MESSAGE][PASSED] - Call Test Case 'Test Cases/Mobile/Page/Run App/Run App byID' successfully

2022-01-04 07:58:44 - [TEST_STEP][PASSED] - callTestCase(findTestCase("Mobile/Page/Login/Login"), ["action":"visiblepassword"], CONTINUE_ON_FAILURE): Call Test Case 'Test Cases/Mobile/Page/Login/Login' successfully

2022-01-04 07:58:45 - [TEST_CASE][PASSED] - Test Cases/Mobile/Page/Login/Login: Test Cases/Mobile/Page/Login/Login

2022-01-04 07:58:45 - [TEST_STEP][PASSED] - delay(2): Delayed 2 second(s)

2022-01-04 07:58:47 - [MESSAGE][PASSED] - Delayed 2 second(s)

2022-01-04 07:58:47 - [TEST_STEP][PASSED] - for ([i = 0, i < 1, (i++)]): null

2022-01-04 07:58:47 - [TEST_STEP][PASSED] - if (action == "username"): null

2022-01-04 07:58:47 - [TEST_STEP][PASSED] - else if (action == "wrongpassword"): null

2022-01-04 07:58:47 - [TEST_STEP][PASSED] - else if (action == "nointernet"): null

2022-01-04 07:58:47 - [TEST_STEP][PASSED] - else if (action == "visiblepassword"): null

2022-01-04 07:58:47 - [TEST_STEP][PASSED] - tap(LOGN_EdtUserID, 0): Tapped on element 'Object Repository/Mobile/Page/Login/Input - UserID'

2022-01-04 07:58:47 - [MESSAGE][WARNING] - Timeout '0' is invalid. Using default page load timeout: '60'

2022-01-04 07:58:47 - [MESSAGE][PASSED] - Tapped on element 'Object Repository/Mobile/Page/Login/Input - UserID'

2022-01-04 07:58:47 - [TEST_STEP][PASSED] - delay(1): Delayed 1 second(s)

2022-01-04 07:58:48 - [MESSAGE][PASSED] - Delayed 1 second(s)

2022-01-04 07:58:48 - [TEST_STEP][PASSED] - setText(LOGN_EdtRdyUserID, "anggaaditya", 0): Text 'anggaaditya' has been set to element 'Object Repository/Mobile/Page/Login/Input Rdy - UserID'

2022-01-04 07:58:48 - [MESSAGE][WARNING] - Timeout '0' is invalid. Using default page load timeout: '60'

2022-01-04 07:58:49 - [MESSAGE][PASSED] - Text 'anggaaditya' has been set to element 'Object Repository/Mobile/Page/Login/Input Rdy - UserID'

2022-01-04 07:58:49 - [TEST_STEP][PASSED] - delay(1): Delayed 1 second(s)

2022-01-04 07:58:50 - [MESSAGE][PASSED] - Delayed 1 second(s)

2022-01-04 07:58:50 - [TEST_STEP][PASSED] - hideKeyboard(): Keyboard is hidden

2022-01-04 07:58:54 - [MESSAGE][PASSED] - Keyboard is hidden

2022-01-04 07:58:54 - [TEST_STEP][PASSED] - top = getElementTopPosition(LOGN_EdtPassword, 0): Object 'Object Repository/Mobile/Page/Login/Input - Password' has top position '758'

2022-01-04 07:58:54 - [MESSAGE][WARNING] - Timeout '0' is invalid. Using default page load timeout: '60'

2022-01-04 07:58:55 - [MESSAGE][PASSED] - Object 'Object Repository/Mobile/Page/Login/Input - Password' has top position '758'

2022-01-04 07:58:55 - [TEST_STEP][PASSED] - left = getElementLeftPosition(LOGN_EdtPassword, 0): Object 'Object Repository/Mobile/Page/Login/Input - Password' has left position '32'

2022-01-04 07:58:55 - [MESSAGE][WARNING] - Timeout '0' is invalid. Using default page load timeout: '60'

2022-01-04 07:58:55 - [MESSAGE][PASSED] - Object 'Object Repository/Mobile/Page/Login/Input - Password' has left position '32'

2022-01-04 07:58:55 - [TEST_STEP][PASSED] - x = left + getElementWidth(LOGN_EdtPassword, 0) * 0.9: Object 'Object Repository/Mobile/Page/Login/Input - Password' has width: '657'

2022-01-04 07:58:55 - [MESSAGE][WARNING] - Timeout '0' is invalid. Using default page load timeout: '60'

2022-01-04 07:58:55 - [MESSAGE][PASSED] - Object 'Object Repository/Mobile/Page/Login/Input - Password' has width: '657'

2022-01-04 07:58:55 - [TEST_STEP][PASSED] - y = top + getElementHeight(LOGN_EdtPassword, 0) / 2: Object 'Object Repository/Mobile/Page/Login/Input - Password' has height: '84'

2022-01-04 07:58:55 - [MESSAGE][WARNING] - Timeout '0' is invalid. Using default page load timeout: '60'

2022-01-04 07:58:55 - [MESSAGE][PASSED] - Object 'Object Repository/Mobile/Page/Login/Input - Password' has height: '84'

2022-01-04 07:58:55 - [TEST_STEP][PASSED] - tapAtPosition(x, y): Tapped at [623, 800]

2022-01-04 07:58:56 - [MESSAGE][PASSED] - Tapped at [623, 800]

2022-01-04 07:58:56 - [TEST_STEP][PASSED] - delay(1): Delayed 1 second(s)

2022-01-04 07:58:57 - [MESSAGE][PASSED] - Delayed 1 second(s)

2022-01-04 07:58:57 - [TEST_STEP][PASSED] - tap(LOGN_EdtPassword, 0): Tapped on element 'Object Repository/Mobile/Page/Login/Input - Password'

2022-01-04 07:58:57 - [MESSAGE][WARNING] - Timeout '0' is invalid. Using default page load timeout: '60'

2022-01-04 07:58:58 - [MESSAGE][PASSED] - Tapped on element 'Object Repository/Mobile/Page/Login/Input - Password'

2022-01-04 07:58:58 - [TEST_STEP][PASSED] - delay(1): Delayed 1 second(s)

2022-01-04 07:58:59 - [MESSAGE][PASSED] - Delayed 1 second(s)

2022-01-04 07:58:59 - [TEST_STEP][PASSED] - setText(LOGN_EdtRdyPassword, "Shalawa18", 0): Text 'Shalawa18' has been set to element 'Object Repository/Mobile/Page/Login/Input Rdy - Password'

2022-01-04 07:58:59 - [MESSAGE][WARNING] - Timeout '0' is invalid. Using default page load timeout: '60'

2022-01-04 07:58:59 - [MESSAGE][PASSED] - Text 'Shalawa18' has been set to element 'Object Repository/Mobile/Page/Login/Input Rdy - Password'

2022-01-04 07:58:59 - [TEST_STEP][PASSED] - delay(1): Delayed 1 second(s)

2022-01-04 07:59:00 - [MESSAGE][PASSED] - Delayed 1 second(s)

2022-01-04 07:59:00 - [TEST_STEP][PASSED] - hideKeyboard(): Keyboard is hidden

2022-01-04 07:59:04 - [MESSAGE][PASSED] - Keyboard is hidden

2022-01-04 07:59:04 - [TEST_STEP][PASSED] - tap(LOGN_BtnLogin, 0): Tapped on element 'Object Repository/Mobile/Page/Login/Button - Login'

2022-01-04 07:59:04 - [MESSAGE][WARNING] - Timeout '0' is invalid. Using default page load timeout: '60'

2022-01-04 07:59:05 - [MESSAGE][PASSED] - Tapped on element 'Object Repository/Mobile/Page/Login/Button - Login'

2022-01-04 07:59:05 - [TEST_STEP][PASSED] - delay(2): Delayed 2 second(s)

2022-01-04 07:59:07 - [MESSAGE][PASSED] - Delayed 2 second(s)

2022-01-04 07:59:07 - [TEST_STEP][PASSED] - break: null

2022-01-04 07:59:07 - [MESSAGE][PASSED] - Call Test Case 'Test Cases/Mobile/Page/Login/Login' successfully

2022-01-04 07:59:07 - [TEST_STEP][PASSED] - callTestCase(findTestCase("Mobile/Page/Run App/Terminate App"), [:], STOP_ON_FAILURE): Call Test Case 'Test Cases/Mobile/Page/Run App/Terminate App' successfully

2022-01-04 07:59:07 - [TEST_CASE][PASSED] - Test Cases/Mobile/Page/Run App/Terminate App: Test Cases/Mobile/Page/Run App/Terminate App

2022-01-04 07:59:07 - [TEST_STEP][PASSED] - startApp.OpenApp.terminateApplication(): startApp.OpenApp.terminateApplication is PASSED

2022-01-04 07:59:12 - [MESSAGE][PASSED] - Delayed 3 second(s)

2022-01-04 07:59:12 - [MESSAGE][PASSED] - Current device physical width is 720

2022-01-04 07:59:13 - [MESSAGE][PASSED] - Current device physical height is 1423

2022-01-04 07:59:14 - [MESSAGE][PASSED] - Swiped from 360,853 to 360,142

2022-01-04 07:59:15 - [MESSAGE][PASSED] - Delayed 1 second(s)

2022-01-04 07:59:17 - [MESSAGE][PASSED] - Swiped from 360,853 to 360,142

2022-01-04 07:59:20 - [MESSAGE][PASSED] - Delayed 3 second(s)

2022-01-04 07:59:20 - [MESSAGE][PASSED] - startApp.OpenApp.terminateApplication is PASSED

2022-01-04 07:59:20 - [MESSAGE][PASSED] - Call Test Case 'Test Cases/Mobile/Page/Run App/Terminate App' successfully]]></system-out>
         <system-err><![CDATA[]]></system-err>
      </testcase>
      <testcase name="Test Cases/Mobile/Scenario/Login/005 - Login menggunakan username dengan membatalkan fingerprint" time="53.598" classname="Test Cases/Mobile/Scenario/Login/005 - Login menggunakan username dengan membatalkan fingerprint" status="PASSED">
         <system-out><![CDATA[2022-01-04 07:59:20 - [TEST_CASE][PASSED] - Test Cases/Mobile/Scenario/Login/005 - Login menggunakan username dengan membatalkan fingerprint: Test Cases/Mobile/Scenario/Login/005 - Login menggunakan username dengan membatalkan fingerprint

2022-01-04 07:59:20 - [TEST_STEP][PASSED] - callTestCase(findTestCase("Mobile/Page/Run App/Run App byID"), [:], STOP_ON_FAILURE): Call Test Case 'Test Cases/Mobile/Page/Run App/Run App byID' successfully

2022-01-04 07:59:20 - [TEST_CASE][PASSED] - Test Cases/Mobile/Page/Run App/Run App byID: Test Cases/Mobile/Page/Run App/Run App byID

2022-01-04 07:59:20 - [TEST_STEP][PASSED] - startApp.OpenApp.startApplication("id.co.miraeasset.sageclub"): startApp.OpenApp.startApplication is PASSED

2022-01-04 07:59:36 - [MESSAGE][PASSED] - Starting app with application ID: 'id.co.miraeasset.sageclub'

2022-01-04 07:59:36 - [MESSAGE][PASSED] - startApp.OpenApp.startApplication is PASSED

2022-01-04 07:59:36 - [MESSAGE][PASSED] - Call Test Case 'Test Cases/Mobile/Page/Run App/Run App byID' successfully

2022-01-04 07:59:36 - [TEST_STEP][PASSED] - callTestCase(findTestCase("Mobile/Page/Login/Login"), ["action":"cancelfingerprint"], CONTINUE_ON_FAILURE): Call Test Case 'Test Cases/Mobile/Page/Login/Login' successfully

2022-01-04 07:59:36 - [TEST_CASE][PASSED] - Test Cases/Mobile/Page/Login/Login: Test Cases/Mobile/Page/Login/Login

2022-01-04 07:59:36 - [TEST_STEP][PASSED] - delay(2): Delayed 2 second(s)

2022-01-04 07:59:38 - [MESSAGE][PASSED] - Delayed 2 second(s)

2022-01-04 07:59:38 - [TEST_STEP][PASSED] - for ([i = 0, i < 1, (i++)]): Delayed 2 second(s)

2022-01-04 07:59:38 - [TEST_STEP][PASSED] - if (action == "username"): null

2022-01-04 07:59:38 - [TEST_STEP][PASSED] - else if (action == "wrongpassword"): null

2022-01-04 07:59:38 - [TEST_STEP][PASSED] - else if (action == "nointernet"): null

2022-01-04 07:59:38 - [TEST_STEP][PASSED] - else if (action == "visiblepassword"): null

2022-01-04 07:59:38 - [TEST_STEP][PASSED] - else if (action == "cancelfingerprint"): Delayed 2 second(s)

2022-01-04 07:59:38 - [TEST_STEP][PASSED] - tap(LOGN_BtnFingerprint, 0): Tapped on element 'Object Repository/Mobile/Page/Login/Button - Fingerprint'

2022-01-04 07:59:38 - [MESSAGE][WARNING] - Timeout '0' is invalid. Using default page load timeout: '60'

2022-01-04 07:59:39 - [MESSAGE][PASSED] - Tapped on element 'Object Repository/Mobile/Page/Login/Button - Fingerprint'

2022-01-04 07:59:39 - [TEST_STEP][PASSED] - delay(1): Delayed 1 second(s)

2022-01-04 07:59:40 - [MESSAGE][PASSED] - Delayed 1 second(s)

2022-01-04 07:59:40 - [TEST_STEP][PASSED] - pressBack(): Press back button successfully

2022-01-04 07:59:41 - [MESSAGE][PASSED] - Press back button successfully

2022-01-04 07:59:41 - [TEST_STEP][PASSED] - delay(1): Delayed 1 second(s)

2022-01-04 07:59:42 - [MESSAGE][PASSED] - Delayed 1 second(s)

2022-01-04 07:59:42 - [TEST_STEP][PASSED] - tap(LOGN_EdtUserID, 0): Tapped on element 'Object Repository/Mobile/Page/Login/Input - UserID'

2022-01-04 07:59:42 - [MESSAGE][WARNING] - Timeout '0' is invalid. Using default page load timeout: '60'

2022-01-04 07:59:42 - [MESSAGE][PASSED] - Tapped on element 'Object Repository/Mobile/Page/Login/Input - UserID'

2022-01-04 07:59:42 - [TEST_STEP][PASSED] - delay(1): Delayed 1 second(s)

2022-01-04 07:59:43 - [MESSAGE][PASSED] - Delayed 1 second(s)

2022-01-04 07:59:43 - [TEST_STEP][PASSED] - setText(LOGN_EdtRdyUserID, "anggaaditya", 0): Text 'anggaaditya' has been set to element 'Object Repository/Mobile/Page/Login/Input Rdy - UserID'

2022-01-04 07:59:43 - [MESSAGE][WARNING] - Timeout '0' is invalid. Using default page load timeout: '60'

2022-01-04 07:59:44 - [MESSAGE][PASSED] - Text 'anggaaditya' has been set to element 'Object Repository/Mobile/Page/Login/Input Rdy - UserID'

2022-01-04 07:59:44 - [TEST_STEP][PASSED] - delay(1): Delayed 1 second(s)

2022-01-04 07:59:45 - [MESSAGE][PASSED] - Delayed 1 second(s)

2022-01-04 07:59:45 - [TEST_STEP][PASSED] - hideKeyboard(): Keyboard is hidden

2022-01-04 07:59:49 - [MESSAGE][PASSED] - Keyboard is hidden

2022-01-04 07:59:49 - [TEST_STEP][PASSED] - tap(LOGN_EdtPassword, 0): Tapped on element 'Object Repository/Mobile/Page/Login/Input - Password'

2022-01-04 07:59:49 - [MESSAGE][WARNING] - Timeout '0' is invalid. Using default page load timeout: '60'

2022-01-04 07:59:49 - [MESSAGE][PASSED] - Tapped on element 'Object Repository/Mobile/Page/Login/Input - Password'

2022-01-04 07:59:49 - [TEST_STEP][PASSED] - delay(1): Delayed 1 second(s)

2022-01-04 07:59:50 - [MESSAGE][PASSED] - Delayed 1 second(s)

2022-01-04 07:59:50 - [TEST_STEP][PASSED] - setText(LOGN_EdtRdyPassword, "Shalawa18", 0): Text 'Shalawa18' has been set to element 'Object Repository/Mobile/Page/Login/Input Rdy - Password'

2022-01-04 07:59:50 - [MESSAGE][WARNING] - Timeout '0' is invalid. Using default page load timeout: '60'

2022-01-04 07:59:51 - [MESSAGE][PASSED] - Text 'Shalawa18' has been set to element 'Object Repository/Mobile/Page/Login/Input Rdy - Password'

2022-01-04 07:59:51 - [TEST_STEP][PASSED] - delay(1): Delayed 1 second(s)

2022-01-04 07:59:52 - [MESSAGE][PASSED] - Delayed 1 second(s)

2022-01-04 07:59:52 - [TEST_STEP][PASSED] - hideKeyboard(): Keyboard is hidden

2022-01-04 07:59:58 - [MESSAGE][PASSED] - Keyboard is hidden

2022-01-04 07:59:58 - [TEST_STEP][PASSED] - tap(LOGN_BtnLogin, 0): Tapped on element 'Object Repository/Mobile/Page/Login/Button - Login'

2022-01-04 07:59:58 - [MESSAGE][WARNING] - Timeout '0' is invalid. Using default page load timeout: '60'

2022-01-04 08:00:00 - [MESSAGE][PASSED] - Tapped on element 'Object Repository/Mobile/Page/Login/Button - Login'

2022-01-04 08:00:00 - [TEST_STEP][PASSED] - delay(2): Delayed 2 second(s)

2022-01-04 08:00:02 - [MESSAGE][PASSED] - Delayed 2 second(s)

2022-01-04 08:00:02 - [MESSAGE][PASSED] - Call Test Case 'Test Cases/Mobile/Page/Login/Login' successfully

2022-01-04 08:00:02 - [TEST_STEP][PASSED] - callTestCase(findTestCase("Mobile/Page/Run App/Terminate App"), [:], STOP_ON_FAILURE): Call Test Case 'Test Cases/Mobile/Page/Run App/Terminate App' successfully

2022-01-04 08:00:02 - [TEST_CASE][PASSED] - Test Cases/Mobile/Page/Run App/Terminate App: Test Cases/Mobile/Page/Run App/Terminate App

2022-01-04 08:00:02 - [TEST_STEP][PASSED] - startApp.OpenApp.terminateApplication(): startApp.OpenApp.terminateApplication is PASSED

2022-01-04 08:00:06 - [MESSAGE][PASSED] - Delayed 3 second(s)

2022-01-04 08:00:06 - [MESSAGE][PASSED] - Current device physical width is 720

2022-01-04 08:00:06 - [MESSAGE][PASSED] - Current device physical height is 1423

2022-01-04 08:00:08 - [MESSAGE][PASSED] - Swiped from 360,853 to 360,142

2022-01-04 08:00:09 - [MESSAGE][PASSED] - Delayed 1 second(s)

2022-01-04 08:00:10 - [MESSAGE][PASSED] - Swiped from 360,853 to 360,142

2022-01-04 08:00:13 - [MESSAGE][PASSED] - Delayed 3 second(s)

2022-01-04 08:00:13 - [MESSAGE][PASSED] - startApp.OpenApp.terminateApplication is PASSED

2022-01-04 08:00:13 - [MESSAGE][PASSED] - Call Test Case 'Test Cases/Mobile/Page/Run App/Terminate App' successfully]]></system-out>
         <system-err><![CDATA[]]></system-err>
      </testcase>
      <system-out><![CDATA[2022-01-04 07:55:29 - [TEST_SUITE][PASSED] - login: Test Cases/Mobile/Scenario/Login/005 - Login menggunakan username dengan membatalkan fingerprint]]></system-out>
      <system-err><![CDATA[]]></system-err>
   </testsuite>
</testsuites>
