<?xml version="1.0" encoding="UTF-8"?>
<testsuites name="login" time="282.15" tests="5" failures="0" skips="0" errors="0">
   <testsuite name="login" tests="5" failures="0" errors="0" time="282.15" skips="0" timestamp="2022-03-08 10:39:56" hostname="Owner - aldy-tft" id="Test Suites/login">
      <properties>
         <property name="deviceName" value="samsung SM-A205F (Android 11)"/>
         <property name="devicePlatform" value=""/>
         <property name="logFolder" value="C:\\Users\\Owner\\Documents\\kerjaan\\KatalonProject\\qa_katalon_pwm\\qa_katalon_pwm\\Reports\\20220308_102855\\login\\20220308_102904"/>
         <property name="logFiles" value="C:\\Users\\Owner\\Documents\\kerjaan\\KatalonProject\\qa_katalon_pwm\\qa_katalon_pwm\\Reports\\20220308_102855\\login\\20220308_102904\\appium.log, C:\\Users\\Owner\\Documents\\kerjaan\\KatalonProject\\qa_katalon_pwm\\qa_katalon_pwm\\Reports\\20220308_102855\\login\\20220308_102904\\execution0.log"/>
         <property name="attachments" value=""/>
         <property name="hostName" value="Owner - aldy-tft"/>
         <property name="os" value="Windows 10 64bit"/>
         <property name="appiumServerStatus" value="{&quot;value&quot;:{&quot;build&quot;:{&quot;version&quot;:&quot;1.22.0&quot;}},&quot;sessionId&quot;:null,&quot;status&quot;:0}"/>
         <property name="katalonVersion" value="7.9.1.208"/>
         <property name="deviceOS" value="Android"/>
         <property name="appiumVersion" value="1.22.0"/>
         <property name="deviceModel" value="SM-A205F"/>
         <property name="hostAddress" value="192.168.116.52"/>
         <property name="deviceManufacturer" value="samsung"/>
         <property name="deviceId" value="RR8M40C9AXE"/>
         <property name="deviceName" value="samsung SM-A205F (Android 11)"/>
         <property name="deviceOSVersion" value="11"/>
      </properties>
      <testcase name="Test Cases/Mobile/Scenario/Login/001 - Login dengan username" time="72.088" classname="Test Cases/Mobile/Scenario/Login/001 - Login dengan username" status="PASSED">
         <system-out><![CDATA[2022-03-08 10:39:57 - [TEST_CASE][PASSED] - Test Cases/Mobile/Scenario/Login/001 - Login dengan username: Test Cases/Mobile/Scenario/Login/001 - Login dengan username

2022-03-08 10:39:57 - [TEST_STEP][PASSED] - callTestCase(findTestCase("Mobile/Page/Run App/Run App byID"), [:], STOP_ON_FAILURE): Call Test Case 'Test Cases/Mobile/Page/Run App/Run App byID' successfully

2022-03-08 10:39:58 - [TEST_CASE][PASSED] - Test Cases/Mobile/Page/Run App/Run App byID: Test Cases/Mobile/Page/Run App/Run App byID

2022-03-08 10:39:58 - [TEST_STEP][PASSED] - startApp.OpenApp.startApplication("id.co.miraeasset.sageclub"): startApp.OpenApp.startApplication is PASSED

2022-03-08 10:40:00 - [MESSAGE][INFO] - Appium server started on port 55,222

2022-03-08 10:40:16 - [MESSAGE][PASSED] - Starting app with application ID: 'id.co.miraeasset.sageclub'

2022-03-08 10:40:16 - [MESSAGE][PASSED] - startApp.OpenApp.startApplication is PASSED

2022-03-08 10:40:16 - [MESSAGE][PASSED] - Call Test Case 'Test Cases/Mobile/Page/Run App/Run App byID' successfully

2022-03-08 10:40:16 - [TEST_STEP][PASSED] - callTestCase(findTestCase("Mobile/Page/Login/Login"), ["action":"username"], CONTINUE_ON_FAILURE): Call Test Case 'Test Cases/Mobile/Page/Login/Login' successfully

2022-03-08 10:40:16 - [TEST_CASE][PASSED] - Test Cases/Mobile/Page/Login/Login: Test Cases/Mobile/Page/Login/Login

2022-03-08 10:40:17 - [TEST_STEP][PASSED] - delay(2): Delayed 2 second(s)

2022-03-08 10:40:19 - [MESSAGE][PASSED] - Delayed 2 second(s)

2022-03-08 10:40:19 - [TEST_STEP][PASSED] - for ([i = 0, i < 1, (i++)]): null

2022-03-08 10:40:19 - [TEST_STEP][PASSED] - if (action == "username"): null

2022-03-08 10:40:19 - [TEST_STEP][PASSED] - tap(LOGN_EdtUserID, 0): Tapped on element 'Object Repository/Mobile/Page/Login/Input - UserID'

2022-03-08 10:40:19 - [MESSAGE][WARNING] - Test object with id 'Object Repository/Mobile/Page/Analysis/Button - Open With Just Once' does not exist

2022-03-08 10:40:19 - [MESSAGE][WARNING] - Test object with id 'Object Repository/Mobile/Page/Analysis/Button - Search' does not exist

2022-03-08 10:40:21 - [MESSAGE][WARNING] - Test object with id 'Object Repository/Mobile/Page/Home/Button -  Add Watchlist' does not exist

2022-03-08 10:40:21 - [MESSAGE][WARNING] - Test object with id 'Object Repository/Mobile/Page/Home/Button - Open with Just Once' does not exist

2022-03-08 10:40:21 - [MESSAGE][WARNING] - Test object with id 'Object Repository/Mobile/Page/Home/Container - Notification' does not exist

2022-03-08 10:40:22 - [MESSAGE][WARNING] - Test object with id 'Object Repository/Mobile/Page/Home/Watchlist/Input - Search' does not exist

2022-03-08 10:40:22 - [MESSAGE][WARNING] - Test object with id 'Object Repository/Mobile/Page/Home/Watchlist/Item - Top Search' does not exist

2022-03-08 10:40:22 - [MESSAGE][WARNING] - Test object with id 'Object Repository/Mobile/Page/Home/Watchlist/Detail Watchlist/Input - Expiry Date' does not exist

2022-03-08 10:40:23 - [MESSAGE][WARNING] - Test object with id 'Object Repository/Mobile/Page/Home/Watchlist/Detail Watchlist/Item - Watchlist' does not exist

2022-03-08 10:40:24 - [MESSAGE][WARNING] - Test object with id 'Object Repository/Mobile/Page/NavigationMenu/Button - Open Just Once' does not exist

2022-03-08 10:40:24 - [MESSAGE][WARNING] - Test object with id 'Object Repository/Mobile/Page/NavigationMenu/Container - Logout' does not exist

2022-03-08 10:40:29 - [MESSAGE][WARNING] - Test object with id 'Object Repository/Mobile/Page/Analysis/Button - Open With Just Once' does not exist

2022-03-08 10:40:29 - [MESSAGE][WARNING] - Test object with id 'Object Repository/Mobile/Page/Analysis/Button - Search' does not exist

2022-03-08 10:40:31 - [MESSAGE][WARNING] - Test object with id 'Object Repository/Mobile/Page/Home/Button -  Add Watchlist' does not exist

2022-03-08 10:40:31 - [MESSAGE][WARNING] - Test object with id 'Object Repository/Mobile/Page/Home/Button - Open with Just Once' does not exist

2022-03-08 10:40:31 - [MESSAGE][WARNING] - Test object with id 'Object Repository/Mobile/Page/Home/Container - Notification' does not exist

2022-03-08 10:40:32 - [MESSAGE][WARNING] - Test object with id 'Object Repository/Mobile/Page/Home/Watchlist/Input - Search' does not exist

2022-03-08 10:40:32 - [MESSAGE][WARNING] - Test object with id 'Object Repository/Mobile/Page/Home/Watchlist/Item - Top Search' does not exist

2022-03-08 10:40:32 - [MESSAGE][WARNING] - Test object with id 'Object Repository/Mobile/Page/Home/Watchlist/Detail Watchlist/Input - Expiry Date' does not exist

2022-03-08 10:40:32 - [MESSAGE][WARNING] - Test object with id 'Object Repository/Mobile/Page/Home/Watchlist/Detail Watchlist/Item - Watchlist' does not exist

2022-03-08 10:40:33 - [MESSAGE][WARNING] - Test object with id 'Object Repository/Mobile/Page/NavigationMenu/Button - Open Just Once' does not exist

2022-03-08 10:40:33 - [MESSAGE][WARNING] - Test object with id 'Object Repository/Mobile/Page/NavigationMenu/Container - Logout' does not exist

2022-03-08 10:40:38 - [MESSAGE][WARNING] - Timeout '0' is invalid. Using default page load timeout: '60'

2022-03-08 10:40:39 - [MESSAGE][PASSED] - Tapped on element 'Object Repository/Mobile/Page/Login/Input - UserID'

2022-03-08 10:40:39 - [TEST_STEP][PASSED] - delay(1): Delayed 1 second(s)

2022-03-08 10:40:40 - [MESSAGE][PASSED] - Delayed 1 second(s)

2022-03-08 10:40:40 - [TEST_STEP][PASSED] - setText(LOGN_EdtRdyUserID, "anggaaditya", 0): Text 'anggaaditya' has been set to element 'Object Repository/Mobile/Page/Login/Input Rdy - UserID'

2022-03-08 10:40:40 - [MESSAGE][WARNING] - Timeout '0' is invalid. Using default page load timeout: '60'

2022-03-08 10:40:41 - [MESSAGE][PASSED] - Text 'anggaaditya' has been set to element 'Object Repository/Mobile/Page/Login/Input Rdy - UserID'

2022-03-08 10:40:41 - [TEST_STEP][PASSED] - delay(1): Delayed 1 second(s)

2022-03-08 10:40:42 - [MESSAGE][PASSED] - Delayed 1 second(s)

2022-03-08 10:40:42 - [TEST_STEP][PASSED] - hideKeyboard(): Keyboard is hidden

2022-03-08 10:40:45 - [MESSAGE][PASSED] - Keyboard is hidden

2022-03-08 10:40:45 - [TEST_STEP][PASSED] - tap(LOGN_EdtPassword, 0): Tapped on element 'Object Repository/Mobile/Page/Login/Input - Password'

2022-03-08 10:40:45 - [MESSAGE][WARNING] - Timeout '0' is invalid. Using default page load timeout: '60'

2022-03-08 10:40:45 - [MESSAGE][PASSED] - Tapped on element 'Object Repository/Mobile/Page/Login/Input - Password'

2022-03-08 10:40:45 - [TEST_STEP][PASSED] - delay(1): Delayed 1 second(s)

2022-03-08 10:40:46 - [MESSAGE][PASSED] - Delayed 1 second(s)

2022-03-08 10:40:46 - [TEST_STEP][PASSED] - setText(LOGN_EdtRdyPassword, "Shalawa18", 0): Text 'Shalawa18' has been set to element 'Object Repository/Mobile/Page/Login/Input Rdy - Password'

2022-03-08 10:40:46 - [MESSAGE][WARNING] - Timeout '0' is invalid. Using default page load timeout: '60'

2022-03-08 10:40:47 - [MESSAGE][PASSED] - Text 'Shalawa18' has been set to element 'Object Repository/Mobile/Page/Login/Input Rdy - Password'

2022-03-08 10:40:47 - [TEST_STEP][PASSED] - delay(1): Delayed 1 second(s)

2022-03-08 10:40:48 - [MESSAGE][PASSED] - Delayed 1 second(s)

2022-03-08 10:40:48 - [TEST_STEP][PASSED] - hideKeyboard(): Keyboard is hidden

2022-03-08 10:40:54 - [MESSAGE][PASSED] - Keyboard is hidden

2022-03-08 10:40:54 - [TEST_STEP][PASSED] - tap(LOGN_BtnLogin, 0): Tapped on element 'Object Repository/Mobile/Page/Login/Button - Login'

2022-03-08 10:40:54 - [MESSAGE][WARNING] - Timeout '0' is invalid. Using default page load timeout: '60'

2022-03-08 10:40:55 - [MESSAGE][PASSED] - Tapped on element 'Object Repository/Mobile/Page/Login/Button - Login'

2022-03-08 10:40:55 - [TEST_STEP][PASSED] - delay(2): Delayed 2 second(s)

2022-03-08 10:40:57 - [MESSAGE][PASSED] - Delayed 2 second(s)

2022-03-08 10:40:57 - [TEST_STEP][PASSED] - break: null

2022-03-08 10:40:57 - [MESSAGE][PASSED] - Call Test Case 'Test Cases/Mobile/Page/Login/Login' successfully

2022-03-08 10:40:57 - [TEST_STEP][PASSED] - callTestCase(findTestCase("Mobile/Page/Run App/Terminate App"), [:], STOP_ON_FAILURE): Call Test Case 'Test Cases/Mobile/Page/Run App/Terminate App' successfully

2022-03-08 10:40:57 - [TEST_CASE][PASSED] - Test Cases/Mobile/Page/Run App/Terminate App: Test Cases/Mobile/Page/Run App/Terminate App

2022-03-08 10:40:58 - [TEST_STEP][PASSED] - startApp.OpenApp.terminateApplication(): startApp.OpenApp.terminateApplication is PASSED

2022-03-08 10:41:02 - [MESSAGE][PASSED] - Delayed 3 second(s)

2022-03-08 10:41:02 - [MESSAGE][PASSED] - Current device physical width is 720

2022-03-08 10:41:02 - [MESSAGE][PASSED] - Current device physical height is 1423

2022-03-08 10:41:04 - [MESSAGE][PASSED] - Swiped from 360,853 to 360,142

2022-03-08 10:41:05 - [MESSAGE][PASSED] - Delayed 1 second(s)

2022-03-08 10:41:06 - [MESSAGE][PASSED] - Swiped from 360,853 to 360,142

2022-03-08 10:41:09 - [MESSAGE][PASSED] - Delayed 3 second(s)

2022-03-08 10:41:09 - [MESSAGE][PASSED] - startApp.OpenApp.terminateApplication is PASSED

2022-03-08 10:41:09 - [MESSAGE][PASSED] - Call Test Case 'Test Cases/Mobile/Page/Run App/Terminate App' successfully]]></system-out>
         <system-err><![CDATA[]]></system-err>
      </testcase>
      <testcase name="Test Cases/Mobile/Scenario/Login/002 - Login dengan password salah" time="47.905" classname="Test Cases/Mobile/Scenario/Login/002 - Login dengan password salah" status="PASSED">
         <system-out><![CDATA[2022-03-08 10:41:09 - [TEST_CASE][PASSED] - Test Cases/Mobile/Scenario/Login/002 - Login dengan password salah: Test Cases/Mobile/Scenario/Login/002 - Login dengan password salah

2022-03-08 10:41:10 - [TEST_STEP][PASSED] - callTestCase(findTestCase("Mobile/Page/Run App/Run App byID"), [:], STOP_ON_FAILURE): Call Test Case 'Test Cases/Mobile/Page/Run App/Run App byID' successfully

2022-03-08 10:41:10 - [TEST_CASE][PASSED] - Test Cases/Mobile/Page/Run App/Run App byID: Test Cases/Mobile/Page/Run App/Run App byID

2022-03-08 10:41:10 - [TEST_STEP][PASSED] - startApp.OpenApp.startApplication("id.co.miraeasset.sageclub"): startApp.OpenApp.startApplication is PASSED

2022-03-08 10:41:24 - [MESSAGE][PASSED] - Starting app with application ID: 'id.co.miraeasset.sageclub'

2022-03-08 10:41:24 - [MESSAGE][PASSED] - startApp.OpenApp.startApplication is PASSED

2022-03-08 10:41:24 - [MESSAGE][PASSED] - Call Test Case 'Test Cases/Mobile/Page/Run App/Run App byID' successfully

2022-03-08 10:41:24 - [TEST_STEP][PASSED] - callTestCase(findTestCase("Mobile/Page/Login/Login"), ["action":"wrongpassword"], CONTINUE_ON_FAILURE): Call Test Case 'Test Cases/Mobile/Page/Login/Login' successfully

2022-03-08 10:41:24 - [TEST_CASE][PASSED] - Test Cases/Mobile/Page/Login/Login: Test Cases/Mobile/Page/Login/Login

2022-03-08 10:41:24 - [TEST_STEP][PASSED] - delay(2): Delayed 2 second(s)

2022-03-08 10:41:26 - [MESSAGE][PASSED] - Delayed 2 second(s)

2022-03-08 10:41:26 - [TEST_STEP][PASSED] - for ([i = 0, i < 1, (i++)]): null

2022-03-08 10:41:26 - [TEST_STEP][PASSED] - if (action == "username"): null

2022-03-08 10:41:26 - [TEST_STEP][PASSED] - else if (action == "wrongpassword"): null

2022-03-08 10:41:26 - [TEST_STEP][PASSED] - tap(LOGN_EdtUserID, 0): Tapped on element 'Object Repository/Mobile/Page/Login/Input - UserID'

2022-03-08 10:41:26 - [MESSAGE][WARNING] - Timeout '0' is invalid. Using default page load timeout: '60'

2022-03-08 10:41:27 - [MESSAGE][PASSED] - Tapped on element 'Object Repository/Mobile/Page/Login/Input - UserID'

2022-03-08 10:41:27 - [TEST_STEP][PASSED] - delay(1): Delayed 1 second(s)

2022-03-08 10:41:28 - [MESSAGE][PASSED] - Delayed 1 second(s)

2022-03-08 10:41:28 - [TEST_STEP][PASSED] - setText(LOGN_EdtRdyUserID, "anggaaditya", 0): Text 'anggaaditya' has been set to element 'Object Repository/Mobile/Page/Login/Input Rdy - UserID'

2022-03-08 10:41:28 - [MESSAGE][WARNING] - Timeout '0' is invalid. Using default page load timeout: '60'

2022-03-08 10:41:29 - [MESSAGE][PASSED] - Text 'anggaaditya' has been set to element 'Object Repository/Mobile/Page/Login/Input Rdy - UserID'

2022-03-08 10:41:29 - [TEST_STEP][PASSED] - delay(1): Delayed 1 second(s)

2022-03-08 10:41:30 - [MESSAGE][PASSED] - Delayed 1 second(s)

2022-03-08 10:41:30 - [TEST_STEP][PASSED] - hideKeyboard(): Keyboard is hidden

2022-03-08 10:41:33 - [MESSAGE][PASSED] - Keyboard is hidden

2022-03-08 10:41:33 - [TEST_STEP][PASSED] - tap(LOGN_EdtPassword, 0): Tapped on element 'Object Repository/Mobile/Page/Login/Input - Password'

2022-03-08 10:41:33 - [MESSAGE][WARNING] - Timeout '0' is invalid. Using default page load timeout: '60'

2022-03-08 10:41:34 - [MESSAGE][PASSED] - Tapped on element 'Object Repository/Mobile/Page/Login/Input - Password'

2022-03-08 10:41:34 - [TEST_STEP][PASSED] - delay(1): Delayed 1 second(s)

2022-03-08 10:41:35 - [MESSAGE][PASSED] - Delayed 1 second(s)

2022-03-08 10:41:35 - [TEST_STEP][PASSED] - setText(LOGN_EdtRdyPassword, "Shalawa181", 0): Text 'Shalawa181' has been set to element 'Object Repository/Mobile/Page/Login/Input Rdy - Password'

2022-03-08 10:41:35 - [MESSAGE][WARNING] - Timeout '0' is invalid. Using default page load timeout: '60'

2022-03-08 10:41:35 - [MESSAGE][PASSED] - Text 'Shalawa181' has been set to element 'Object Repository/Mobile/Page/Login/Input Rdy - Password'

2022-03-08 10:41:35 - [TEST_STEP][PASSED] - delay(1): Delayed 1 second(s)

2022-03-08 10:41:36 - [MESSAGE][PASSED] - Delayed 1 second(s)

2022-03-08 10:41:36 - [TEST_STEP][PASSED] - hideKeyboard(): Keyboard is hidden

2022-03-08 10:41:43 - [MESSAGE][PASSED] - Keyboard is hidden

2022-03-08 10:41:43 - [TEST_STEP][PASSED] - tap(LOGN_BtnLogin, 0): Tapped on element 'Object Repository/Mobile/Page/Login/Button - Login'

2022-03-08 10:41:43 - [MESSAGE][WARNING] - Timeout '0' is invalid. Using default page load timeout: '60'

2022-03-08 10:41:44 - [MESSAGE][PASSED] - Tapped on element 'Object Repository/Mobile/Page/Login/Button - Login'

2022-03-08 10:41:44 - [TEST_STEP][PASSED] - delay(2): Delayed 2 second(s)

2022-03-08 10:41:46 - [MESSAGE][PASSED] - Delayed 2 second(s)

2022-03-08 10:41:46 - [TEST_STEP][PASSED] - verify = verifyElementExist(LOGN_AlertInvalidCredentials, 5, STOP_ON_FAILURE): Element 'Object Repository/Mobile/Page/Login/Alert - Invalid credentials' is exist

2022-03-08 10:41:46 - [MESSAGE][PASSED] - Element 'Object Repository/Mobile/Page/Login/Alert - Invalid credentials' is exist

2022-03-08 10:41:46 - [TEST_STEP][PASSED] - break: null

2022-03-08 10:41:46 - [MESSAGE][PASSED] - Call Test Case 'Test Cases/Mobile/Page/Login/Login' successfully

2022-03-08 10:41:46 - [TEST_STEP][PASSED] - callTestCase(findTestCase("Mobile/Page/Run App/Terminate App"), [:], STOP_ON_FAILURE): Call Test Case 'Test Cases/Mobile/Page/Run App/Terminate App' successfully

2022-03-08 10:41:46 - [TEST_CASE][PASSED] - Test Cases/Mobile/Page/Run App/Terminate App: Test Cases/Mobile/Page/Run App/Terminate App

2022-03-08 10:41:46 - [TEST_STEP][PASSED] - startApp.OpenApp.terminateApplication(): startApp.OpenApp.terminateApplication is PASSED

2022-03-08 10:41:49 - [MESSAGE][PASSED] - Delayed 3 second(s)

2022-03-08 10:41:50 - [MESSAGE][PASSED] - Current device physical width is 720

2022-03-08 10:41:50 - [MESSAGE][PASSED] - Current device physical height is 1423

2022-03-08 10:41:51 - [MESSAGE][PASSED] - Swiped from 360,853 to 360,142

2022-03-08 10:41:52 - [MESSAGE][PASSED] - Delayed 1 second(s)

2022-03-08 10:41:54 - [MESSAGE][PASSED] - Swiped from 360,853 to 360,142

2022-03-08 10:41:57 - [MESSAGE][PASSED] - Delayed 3 second(s)

2022-03-08 10:41:57 - [MESSAGE][PASSED] - startApp.OpenApp.terminateApplication is PASSED

2022-03-08 10:41:57 - [MESSAGE][PASSED] - Call Test Case 'Test Cases/Mobile/Page/Run App/Terminate App' successfully]]></system-out>
         <system-err><![CDATA[]]></system-err>
      </testcase>
      <testcase name="Test Cases/Mobile/Scenario/Login/003 - Login tanpa internet" time="61.474" classname="Test Cases/Mobile/Scenario/Login/003 - Login tanpa internet" status="PASSED">
         <system-out><![CDATA[2022-03-08 10:41:57 - [TEST_CASE][PASSED] - Test Cases/Mobile/Scenario/Login/003 - Login tanpa internet: Test Cases/Mobile/Scenario/Login/003 - Login tanpa internet

2022-03-08 10:41:57 - [TEST_STEP][PASSED] - callTestCase(findTestCase("Mobile/Page/Run App/Run App byID"), [:], STOP_ON_FAILURE): Call Test Case 'Test Cases/Mobile/Page/Run App/Run App byID' successfully

2022-03-08 10:41:57 - [TEST_CASE][PASSED] - Test Cases/Mobile/Page/Run App/Run App byID: Test Cases/Mobile/Page/Run App/Run App byID

2022-03-08 10:41:57 - [TEST_STEP][PASSED] - startApp.OpenApp.startApplication("id.co.miraeasset.sageclub"): startApp.OpenApp.startApplication is PASSED

2022-03-08 10:42:12 - [MESSAGE][PASSED] - Starting app with application ID: 'id.co.miraeasset.sageclub'

2022-03-08 10:42:12 - [MESSAGE][PASSED] - startApp.OpenApp.startApplication is PASSED

2022-03-08 10:42:12 - [MESSAGE][PASSED] - Call Test Case 'Test Cases/Mobile/Page/Run App/Run App byID' successfully

2022-03-08 10:42:12 - [TEST_STEP][PASSED] - callTestCase(findTestCase("Mobile/Page/Login/Login"), ["action":"nointernet"], CONTINUE_ON_FAILURE): Call Test Case 'Test Cases/Mobile/Page/Login/Login' successfully

2022-03-08 10:42:12 - [TEST_CASE][PASSED] - Test Cases/Mobile/Page/Login/Login: Test Cases/Mobile/Page/Login/Login

2022-03-08 10:42:12 - [TEST_STEP][PASSED] - delay(2): Delayed 2 second(s)

2022-03-08 10:42:14 - [MESSAGE][PASSED] - Delayed 2 second(s)

2022-03-08 10:42:14 - [TEST_STEP][PASSED] - for ([i = 0, i < 1, (i++)]): null

2022-03-08 10:42:14 - [TEST_STEP][PASSED] - if (action == "username"): null

2022-03-08 10:42:14 - [TEST_STEP][PASSED] - else if (action == "wrongpassword"): null

2022-03-08 10:42:14 - [TEST_STEP][PASSED] - else if (action == "nointernet"): null

2022-03-08 10:42:14 - [TEST_STEP][PASSED] - scroll.scroll.scrollNotificationBar(): scroll.scroll.scrollNotificationBar is PASSED

2022-03-08 10:42:14 - [MESSAGE][PASSED] - Current device physical height is 1423

2022-03-08 10:42:16 - [MESSAGE][PASSED] - Swiped from 50,50 to 50,1,138

2022-03-08 10:42:16 - [MESSAGE][PASSED] - scroll.scroll.scrollNotificationBar is PASSED

2022-03-08 10:42:16 - [TEST_STEP][PASSED] - delay(1): Delayed 1 second(s)

2022-03-08 10:42:17 - [MESSAGE][PASSED] - Delayed 1 second(s)

2022-03-08 10:42:17 - [TEST_STEP][PASSED] - tap(OTHR_BtnWifi, 0): Tapped on element 'Object Repository/Mobile/Page/Others/Button - Wifi'

2022-03-08 10:42:17 - [MESSAGE][WARNING] - Timeout '0' is invalid. Using default page load timeout: '60'

2022-03-08 10:42:18 - [MESSAGE][PASSED] - Tapped on element 'Object Repository/Mobile/Page/Others/Button - Wifi'

2022-03-08 10:42:18 - [TEST_STEP][PASSED] - delay(1): Delayed 1 second(s)

2022-03-08 10:42:19 - [MESSAGE][PASSED] - Delayed 1 second(s)

2022-03-08 10:42:19 - [TEST_STEP][PASSED] - pressBack(): Press back button successfully

2022-03-08 10:42:19 - [MESSAGE][PASSED] - Press back button successfully

2022-03-08 10:42:19 - [TEST_STEP][PASSED] - tap(LOGN_EdtUserID, 0): Tapped on element 'Object Repository/Mobile/Page/Login/Input - UserID'

2022-03-08 10:42:19 - [MESSAGE][WARNING] - Timeout '0' is invalid. Using default page load timeout: '60'

2022-03-08 10:42:21 - [MESSAGE][PASSED] - Tapped on element 'Object Repository/Mobile/Page/Login/Input - UserID'

2022-03-08 10:42:21 - [TEST_STEP][PASSED] - delay(1): Delayed 1 second(s)

2022-03-08 10:42:22 - [MESSAGE][PASSED] - Delayed 1 second(s)

2022-03-08 10:42:22 - [TEST_STEP][PASSED] - setText(LOGN_EdtRdyUserID, "anggaaditya", 0): Text 'anggaaditya' has been set to element 'Object Repository/Mobile/Page/Login/Input Rdy - UserID'

2022-03-08 10:42:22 - [MESSAGE][WARNING] - Timeout '0' is invalid. Using default page load timeout: '60'

2022-03-08 10:42:23 - [MESSAGE][PASSED] - Text 'anggaaditya' has been set to element 'Object Repository/Mobile/Page/Login/Input Rdy - UserID'

2022-03-08 10:42:23 - [TEST_STEP][PASSED] - delay(1): Delayed 1 second(s)

2022-03-08 10:42:24 - [MESSAGE][PASSED] - Delayed 1 second(s)

2022-03-08 10:42:24 - [TEST_STEP][PASSED] - hideKeyboard(): Keyboard is hidden

2022-03-08 10:42:27 - [MESSAGE][PASSED] - Keyboard is hidden

2022-03-08 10:42:27 - [TEST_STEP][PASSED] - tap(LOGN_EdtPassword, 0): Tapped on element 'Object Repository/Mobile/Page/Login/Input - Password'

2022-03-08 10:42:27 - [MESSAGE][WARNING] - Timeout '0' is invalid. Using default page load timeout: '60'

2022-03-08 10:42:27 - [MESSAGE][PASSED] - Tapped on element 'Object Repository/Mobile/Page/Login/Input - Password'

2022-03-08 10:42:27 - [TEST_STEP][PASSED] - delay(1): Delayed 1 second(s)

2022-03-08 10:42:28 - [MESSAGE][PASSED] - Delayed 1 second(s)

2022-03-08 10:42:28 - [TEST_STEP][PASSED] - setText(LOGN_EdtRdyPassword, "Shalawa18", 0): Text 'Shalawa18' has been set to element 'Object Repository/Mobile/Page/Login/Input Rdy - Password'

2022-03-08 10:42:28 - [MESSAGE][WARNING] - Timeout '0' is invalid. Using default page load timeout: '60'

2022-03-08 10:42:29 - [MESSAGE][PASSED] - Text 'Shalawa18' has been set to element 'Object Repository/Mobile/Page/Login/Input Rdy - Password'

2022-03-08 10:42:29 - [TEST_STEP][PASSED] - delay(1): Delayed 1 second(s)

2022-03-08 10:42:30 - [MESSAGE][PASSED] - Delayed 1 second(s)

2022-03-08 10:42:30 - [TEST_STEP][PASSED] - hideKeyboard(): Keyboard is hidden

2022-03-08 10:42:36 - [MESSAGE][PASSED] - Keyboard is hidden

2022-03-08 10:42:36 - [TEST_STEP][PASSED] - tap(LOGN_BtnLogin, 0): Tapped on element 'Object Repository/Mobile/Page/Login/Button - Login'

2022-03-08 10:42:36 - [MESSAGE][WARNING] - Timeout '0' is invalid. Using default page load timeout: '60'

2022-03-08 10:42:38 - [MESSAGE][PASSED] - Tapped on element 'Object Repository/Mobile/Page/Login/Button - Login'

2022-03-08 10:42:38 - [TEST_STEP][PASSED] - delay(2): Delayed 2 second(s)

2022-03-08 10:42:40 - [MESSAGE][PASSED] - Delayed 2 second(s)

2022-03-08 10:42:40 - [TEST_STEP][PASSED] - verify = verifyElementExist(LOGN_AlertCheckYourNetwork, 5, STOP_ON_FAILURE): Element 'Object Repository/Mobile/Page/Login/Alert - Check your network' is exist

2022-03-08 10:42:40 - [MESSAGE][PASSED] - Element 'Object Repository/Mobile/Page/Login/Alert - Check your network' is exist

2022-03-08 10:42:40 - [TEST_STEP][PASSED] - scroll.scroll.scrollNotificationBar(): scroll.scroll.scrollNotificationBar is PASSED

2022-03-08 10:42:40 - [MESSAGE][PASSED] - Current device physical height is 1423

2022-03-08 10:42:42 - [MESSAGE][PASSED] - Swiped from 50,50 to 50,1,138

2022-03-08 10:42:42 - [MESSAGE][PASSED] - scroll.scroll.scrollNotificationBar is PASSED

2022-03-08 10:42:42 - [TEST_STEP][PASSED] - delay(1): Delayed 1 second(s)

2022-03-08 10:42:43 - [MESSAGE][PASSED] - Delayed 1 second(s)

2022-03-08 10:42:43 - [TEST_STEP][PASSED] - tap(OTHR_BtnWifi, 0): Tapped on element 'Object Repository/Mobile/Page/Others/Button - Wifi'

2022-03-08 10:42:43 - [MESSAGE][WARNING] - Timeout '0' is invalid. Using default page load timeout: '60'

2022-03-08 10:42:45 - [MESSAGE][PASSED] - Tapped on element 'Object Repository/Mobile/Page/Others/Button - Wifi'

2022-03-08 10:42:45 - [TEST_STEP][PASSED] - delay(1): Delayed 1 second(s)

2022-03-08 10:42:46 - [MESSAGE][PASSED] - Delayed 1 second(s)

2022-03-08 10:42:46 - [TEST_STEP][PASSED] - pressBack(): Press back button successfully

2022-03-08 10:42:47 - [MESSAGE][PASSED] - Press back button successfully

2022-03-08 10:42:47 - [TEST_STEP][PASSED] - break: null

2022-03-08 10:42:47 - [MESSAGE][PASSED] - Call Test Case 'Test Cases/Mobile/Page/Login/Login' successfully

2022-03-08 10:42:47 - [TEST_STEP][PASSED] - callTestCase(findTestCase("Mobile/Page/Run App/Terminate App"), [:], STOP_ON_FAILURE): Call Test Case 'Test Cases/Mobile/Page/Run App/Terminate App' successfully

2022-03-08 10:42:47 - [TEST_CASE][PASSED] - Test Cases/Mobile/Page/Run App/Terminate App: Test Cases/Mobile/Page/Run App/Terminate App

2022-03-08 10:42:47 - [TEST_STEP][PASSED] - startApp.OpenApp.terminateApplication(): startApp.OpenApp.terminateApplication is PASSED

2022-03-08 10:42:51 - [MESSAGE][PASSED] - Delayed 3 second(s)

2022-03-08 10:42:51 - [MESSAGE][PASSED] - Current device physical width is 720

2022-03-08 10:42:52 - [MESSAGE][PASSED] - Current device physical height is 1423

2022-03-08 10:42:53 - [MESSAGE][PASSED] - Swiped from 360,853 to 360,142

2022-03-08 10:42:54 - [MESSAGE][PASSED] - Delayed 1 second(s)

2022-03-08 10:42:55 - [MESSAGE][PASSED] - Swiped from 360,853 to 360,142

2022-03-08 10:42:58 - [MESSAGE][PASSED] - Delayed 3 second(s)

2022-03-08 10:42:58 - [MESSAGE][PASSED] - startApp.OpenApp.terminateApplication is PASSED

2022-03-08 10:42:58 - [MESSAGE][PASSED] - Call Test Case 'Test Cases/Mobile/Page/Run App/Terminate App' successfully]]></system-out>
         <system-err><![CDATA[]]></system-err>
      </testcase>
      <testcase name="Test Cases/Mobile/Scenario/Login/004 - Login dengan mengaktifkan visible password" time="49.258" classname="Test Cases/Mobile/Scenario/Login/004 - Login dengan mengaktifkan visible password" status="PASSED">
         <system-out><![CDATA[2022-03-08 10:42:58 - [TEST_CASE][PASSED] - Test Cases/Mobile/Scenario/Login/004 - Login dengan mengaktifkan visible password: Test Cases/Mobile/Scenario/Login/004 - Login dengan mengaktifkan visible password

2022-03-08 10:42:59 - [TEST_STEP][PASSED] - callTestCase(findTestCase("Mobile/Page/Run App/Run App byID"), [:], STOP_ON_FAILURE): Call Test Case 'Test Cases/Mobile/Page/Run App/Run App byID' successfully

2022-03-08 10:42:59 - [TEST_CASE][PASSED] - Test Cases/Mobile/Page/Run App/Run App byID: Test Cases/Mobile/Page/Run App/Run App byID

2022-03-08 10:42:59 - [TEST_STEP][PASSED] - startApp.OpenApp.startApplication("id.co.miraeasset.sageclub"): startApp.OpenApp.startApplication is PASSED

2022-03-08 10:43:12 - [MESSAGE][PASSED] - Starting app with application ID: 'id.co.miraeasset.sageclub'

2022-03-08 10:43:12 - [MESSAGE][PASSED] - startApp.OpenApp.startApplication is PASSED

2022-03-08 10:43:12 - [MESSAGE][PASSED] - Call Test Case 'Test Cases/Mobile/Page/Run App/Run App byID' successfully

2022-03-08 10:43:12 - [TEST_STEP][PASSED] - callTestCase(findTestCase("Mobile/Page/Login/Login"), ["action":"visiblepassword"], CONTINUE_ON_FAILURE): Call Test Case 'Test Cases/Mobile/Page/Login/Login' successfully

2022-03-08 10:43:12 - [TEST_CASE][PASSED] - Test Cases/Mobile/Page/Login/Login: Test Cases/Mobile/Page/Login/Login

2022-03-08 10:43:12 - [TEST_STEP][PASSED] - delay(2): Delayed 2 second(s)

2022-03-08 10:43:14 - [MESSAGE][PASSED] - Delayed 2 second(s)

2022-03-08 10:43:14 - [TEST_STEP][PASSED] - for ([i = 0, i < 1, (i++)]): null

2022-03-08 10:43:14 - [TEST_STEP][PASSED] - if (action == "username"): null

2022-03-08 10:43:14 - [TEST_STEP][PASSED] - else if (action == "wrongpassword"): null

2022-03-08 10:43:14 - [TEST_STEP][PASSED] - else if (action == "nointernet"): null

2022-03-08 10:43:14 - [TEST_STEP][PASSED] - else if (action == "visiblepassword"): null

2022-03-08 10:43:14 - [TEST_STEP][PASSED] - tap(LOGN_EdtUserID, 0): Tapped on element 'Object Repository/Mobile/Page/Login/Input - UserID'

2022-03-08 10:43:14 - [MESSAGE][WARNING] - Timeout '0' is invalid. Using default page load timeout: '60'

2022-03-08 10:43:15 - [MESSAGE][PASSED] - Tapped on element 'Object Repository/Mobile/Page/Login/Input - UserID'

2022-03-08 10:43:15 - [TEST_STEP][PASSED] - delay(1): Delayed 1 second(s)

2022-03-08 10:43:16 - [MESSAGE][PASSED] - Delayed 1 second(s)

2022-03-08 10:43:16 - [TEST_STEP][PASSED] - setText(LOGN_EdtRdyUserID, "anggaaditya", 0): Text 'anggaaditya' has been set to element 'Object Repository/Mobile/Page/Login/Input Rdy - UserID'

2022-03-08 10:43:16 - [MESSAGE][WARNING] - Timeout '0' is invalid. Using default page load timeout: '60'

2022-03-08 10:43:17 - [MESSAGE][PASSED] - Text 'anggaaditya' has been set to element 'Object Repository/Mobile/Page/Login/Input Rdy - UserID'

2022-03-08 10:43:17 - [TEST_STEP][PASSED] - delay(1): Delayed 1 second(s)

2022-03-08 10:43:18 - [MESSAGE][PASSED] - Delayed 1 second(s)

2022-03-08 10:43:18 - [TEST_STEP][PASSED] - hideKeyboard(): Keyboard is hidden

2022-03-08 10:43:22 - [MESSAGE][PASSED] - Keyboard is hidden

2022-03-08 10:43:22 - [TEST_STEP][PASSED] - top = getElementTopPosition(LOGN_EdtPassword, 0): Object 'Object Repository/Mobile/Page/Login/Input - Password' has top position '842'

2022-03-08 10:43:22 - [MESSAGE][WARNING] - Timeout '0' is invalid. Using default page load timeout: '60'

2022-03-08 10:43:22 - [MESSAGE][PASSED] - Object 'Object Repository/Mobile/Page/Login/Input - Password' has top position '842'

2022-03-08 10:43:22 - [TEST_STEP][PASSED] - left = getElementLeftPosition(LOGN_EdtPassword, 0): Object 'Object Repository/Mobile/Page/Login/Input - Password' has left position '32'

2022-03-08 10:43:22 - [MESSAGE][WARNING] - Timeout '0' is invalid. Using default page load timeout: '60'

2022-03-08 10:43:22 - [MESSAGE][PASSED] - Object 'Object Repository/Mobile/Page/Login/Input - Password' has left position '32'

2022-03-08 10:43:22 - [TEST_STEP][PASSED] - x = left + getElementWidth(LOGN_EdtPassword, 0) * 0.9: Object 'Object Repository/Mobile/Page/Login/Input - Password' has width: '657'

2022-03-08 10:43:22 - [MESSAGE][WARNING] - Timeout '0' is invalid. Using default page load timeout: '60'

2022-03-08 10:43:23 - [MESSAGE][PASSED] - Object 'Object Repository/Mobile/Page/Login/Input - Password' has width: '657'

2022-03-08 10:43:23 - [TEST_STEP][PASSED] - y = top + getElementHeight(LOGN_EdtPassword, 0) / 2: Object 'Object Repository/Mobile/Page/Login/Input - Password' has height: '84'

2022-03-08 10:43:23 - [MESSAGE][WARNING] - Timeout '0' is invalid. Using default page load timeout: '60'

2022-03-08 10:43:23 - [MESSAGE][PASSED] - Object 'Object Repository/Mobile/Page/Login/Input - Password' has height: '84'

2022-03-08 10:43:23 - [TEST_STEP][PASSED] - tapAtPosition(x, y): Tapped at [623, 884]

2022-03-08 10:43:24 - [MESSAGE][PASSED] - Tapped at [623, 884]

2022-03-08 10:43:24 - [TEST_STEP][PASSED] - delay(1): Delayed 1 second(s)

2022-03-08 10:43:25 - [MESSAGE][PASSED] - Delayed 1 second(s)

2022-03-08 10:43:25 - [TEST_STEP][PASSED] - tap(LOGN_EdtPassword, 0): Tapped on element 'Object Repository/Mobile/Page/Login/Input - Password'

2022-03-08 10:43:25 - [MESSAGE][WARNING] - Timeout '0' is invalid. Using default page load timeout: '60'

2022-03-08 10:43:25 - [MESSAGE][PASSED] - Tapped on element 'Object Repository/Mobile/Page/Login/Input - Password'

2022-03-08 10:43:25 - [TEST_STEP][PASSED] - delay(1): Delayed 1 second(s)

2022-03-08 10:43:26 - [MESSAGE][PASSED] - Delayed 1 second(s)

2022-03-08 10:43:26 - [TEST_STEP][PASSED] - setText(LOGN_EdtRdyPassword, "Shalawa18", 0): Text 'Shalawa18' has been set to element 'Object Repository/Mobile/Page/Login/Input Rdy - Password'

2022-03-08 10:43:26 - [MESSAGE][WARNING] - Timeout '0' is invalid. Using default page load timeout: '60'

2022-03-08 10:43:27 - [MESSAGE][PASSED] - Text 'Shalawa18' has been set to element 'Object Repository/Mobile/Page/Login/Input Rdy - Password'

2022-03-08 10:43:27 - [TEST_STEP][PASSED] - delay(1): Delayed 1 second(s)

2022-03-08 10:43:28 - [MESSAGE][PASSED] - Delayed 1 second(s)

2022-03-08 10:43:28 - [TEST_STEP][PASSED] - hideKeyboard(): Keyboard is hidden

2022-03-08 10:43:31 - [MESSAGE][PASSED] - Keyboard is hidden

2022-03-08 10:43:31 - [TEST_STEP][PASSED] - tap(LOGN_BtnLogin, 0): Tapped on element 'Object Repository/Mobile/Page/Login/Button - Login'

2022-03-08 10:43:31 - [MESSAGE][WARNING] - Timeout '0' is invalid. Using default page load timeout: '60'

2022-03-08 10:43:32 - [MESSAGE][PASSED] - Tapped on element 'Object Repository/Mobile/Page/Login/Button - Login'

2022-03-08 10:43:32 - [TEST_STEP][PASSED] - delay(2): Delayed 2 second(s)

2022-03-08 10:43:34 - [MESSAGE][PASSED] - Delayed 2 second(s)

2022-03-08 10:43:34 - [TEST_STEP][PASSED] - break: null

2022-03-08 10:43:34 - [MESSAGE][PASSED] - Call Test Case 'Test Cases/Mobile/Page/Login/Login' successfully

2022-03-08 10:43:34 - [TEST_STEP][PASSED] - callTestCase(findTestCase("Mobile/Page/Run App/Terminate App"), [:], STOP_ON_FAILURE): Call Test Case 'Test Cases/Mobile/Page/Run App/Terminate App' successfully

2022-03-08 10:43:34 - [TEST_CASE][PASSED] - Test Cases/Mobile/Page/Run App/Terminate App: Test Cases/Mobile/Page/Run App/Terminate App

2022-03-08 10:43:34 - [TEST_STEP][PASSED] - startApp.OpenApp.terminateApplication(): startApp.OpenApp.terminateApplication is PASSED

2022-03-08 10:43:40 - [MESSAGE][PASSED] - Delayed 3 second(s)

2022-03-08 10:43:41 - [MESSAGE][PASSED] - Current device physical width is 720

2022-03-08 10:43:41 - [MESSAGE][PASSED] - Current device physical height is 1423

2022-03-08 10:43:42 - [MESSAGE][PASSED] - Swiped from 360,853 to 360,142

2022-03-08 10:43:43 - [MESSAGE][PASSED] - Delayed 1 second(s)

2022-03-08 10:43:45 - [MESSAGE][PASSED] - Swiped from 360,853 to 360,142

2022-03-08 10:43:48 - [MESSAGE][PASSED] - Delayed 3 second(s)

2022-03-08 10:43:48 - [MESSAGE][PASSED] - startApp.OpenApp.terminateApplication is PASSED

2022-03-08 10:43:48 - [MESSAGE][PASSED] - Call Test Case 'Test Cases/Mobile/Page/Run App/Terminate App' successfully]]></system-out>
         <system-err><![CDATA[]]></system-err>
      </testcase>
      <testcase name="Test Cases/Mobile/Scenario/Login/005 - Login menggunakan username dengan membatalkan fingerprint" time="50.069" classname="Test Cases/Mobile/Scenario/Login/005 - Login menggunakan username dengan membatalkan fingerprint" status="PASSED">
         <system-out><![CDATA[2022-03-08 10:43:48 - [TEST_CASE][PASSED] - Test Cases/Mobile/Scenario/Login/005 - Login menggunakan username dengan membatalkan fingerprint: Test Cases/Mobile/Scenario/Login/005 - Login menggunakan username dengan membatalkan fingerprint

2022-03-08 10:43:48 - [TEST_STEP][PASSED] - callTestCase(findTestCase("Mobile/Page/Run App/Run App byID"), [:], STOP_ON_FAILURE): Call Test Case 'Test Cases/Mobile/Page/Run App/Run App byID' successfully

2022-03-08 10:43:48 - [TEST_CASE][PASSED] - Test Cases/Mobile/Page/Run App/Run App byID: Test Cases/Mobile/Page/Run App/Run App byID

2022-03-08 10:43:48 - [TEST_STEP][PASSED] - startApp.OpenApp.startApplication("id.co.miraeasset.sageclub"): startApp.OpenApp.startApplication is PASSED

2022-03-08 10:44:01 - [MESSAGE][PASSED] - Starting app with application ID: 'id.co.miraeasset.sageclub'

2022-03-08 10:44:01 - [MESSAGE][PASSED] - startApp.OpenApp.startApplication is PASSED

2022-03-08 10:44:01 - [MESSAGE][PASSED] - Call Test Case 'Test Cases/Mobile/Page/Run App/Run App byID' successfully

2022-03-08 10:44:01 - [TEST_STEP][PASSED] - callTestCase(findTestCase("Mobile/Page/Login/Login"), ["action":"cancelfingerprint"], CONTINUE_ON_FAILURE): Call Test Case 'Test Cases/Mobile/Page/Login/Login' successfully

2022-03-08 10:44:01 - [TEST_CASE][PASSED] - Test Cases/Mobile/Page/Login/Login: Test Cases/Mobile/Page/Login/Login

2022-03-08 10:44:01 - [TEST_STEP][PASSED] - delay(2): Delayed 2 second(s)

2022-03-08 10:44:03 - [MESSAGE][PASSED] - Delayed 2 second(s)

2022-03-08 10:44:03 - [TEST_STEP][PASSED] - for ([i = 0, i < 1, (i++)]): Delayed 2 second(s)

2022-03-08 10:44:03 - [TEST_STEP][PASSED] - if (action == "username"): null

2022-03-08 10:44:03 - [TEST_STEP][PASSED] - else if (action == "wrongpassword"): null

2022-03-08 10:44:03 - [TEST_STEP][PASSED] - else if (action == "nointernet"): null

2022-03-08 10:44:03 - [TEST_STEP][PASSED] - else if (action == "visiblepassword"): null

2022-03-08 10:44:03 - [TEST_STEP][PASSED] - else if (action == "cancelfingerprint"): Delayed 2 second(s)

2022-03-08 10:44:03 - [TEST_STEP][PASSED] - tap(LOGN_BtnFingerprint, 0): Tapped on element 'Object Repository/Mobile/Page/Login/Button - Fingerprint'

2022-03-08 10:44:03 - [MESSAGE][WARNING] - Timeout '0' is invalid. Using default page load timeout: '60'

2022-03-08 10:44:05 - [MESSAGE][PASSED] - Tapped on element 'Object Repository/Mobile/Page/Login/Button - Fingerprint'

2022-03-08 10:44:05 - [TEST_STEP][PASSED] - delay(1): Delayed 1 second(s)

2022-03-08 10:44:06 - [MESSAGE][PASSED] - Delayed 1 second(s)

2022-03-08 10:44:06 - [TEST_STEP][PASSED] - pressBack(): Press back button successfully

2022-03-08 10:44:06 - [MESSAGE][PASSED] - Press back button successfully

2022-03-08 10:44:06 - [TEST_STEP][PASSED] - delay(1): Delayed 1 second(s)

2022-03-08 10:44:07 - [MESSAGE][PASSED] - Delayed 1 second(s)

2022-03-08 10:44:07 - [TEST_STEP][PASSED] - tap(LOGN_EdtUserID, 0): Tapped on element 'Object Repository/Mobile/Page/Login/Input - UserID'

2022-03-08 10:44:07 - [MESSAGE][WARNING] - Timeout '0' is invalid. Using default page load timeout: '60'

2022-03-08 10:44:08 - [MESSAGE][PASSED] - Tapped on element 'Object Repository/Mobile/Page/Login/Input - UserID'

2022-03-08 10:44:08 - [TEST_STEP][PASSED] - delay(1): Delayed 1 second(s)

2022-03-08 10:44:09 - [MESSAGE][PASSED] - Delayed 1 second(s)

2022-03-08 10:44:09 - [TEST_STEP][PASSED] - setText(LOGN_EdtRdyUserID, "anggaaditya", 0): Text 'anggaaditya' has been set to element 'Object Repository/Mobile/Page/Login/Input Rdy - UserID'

2022-03-08 10:44:09 - [MESSAGE][WARNING] - Timeout '0' is invalid. Using default page load timeout: '60'

2022-03-08 10:44:09 - [MESSAGE][PASSED] - Text 'anggaaditya' has been set to element 'Object Repository/Mobile/Page/Login/Input Rdy - UserID'

2022-03-08 10:44:09 - [TEST_STEP][PASSED] - delay(1): Delayed 1 second(s)

2022-03-08 10:44:10 - [MESSAGE][PASSED] - Delayed 1 second(s)

2022-03-08 10:44:10 - [TEST_STEP][PASSED] - hideKeyboard(): Keyboard is hidden

2022-03-08 10:44:14 - [MESSAGE][PASSED] - Keyboard is hidden

2022-03-08 10:44:14 - [TEST_STEP][PASSED] - tap(LOGN_EdtPassword, 0): Tapped on element 'Object Repository/Mobile/Page/Login/Input - Password'

2022-03-08 10:44:14 - [MESSAGE][WARNING] - Timeout '0' is invalid. Using default page load timeout: '60'

2022-03-08 10:44:14 - [MESSAGE][PASSED] - Tapped on element 'Object Repository/Mobile/Page/Login/Input - Password'

2022-03-08 10:44:14 - [TEST_STEP][PASSED] - delay(1): Delayed 1 second(s)

2022-03-08 10:44:15 - [MESSAGE][PASSED] - Delayed 1 second(s)

2022-03-08 10:44:15 - [TEST_STEP][PASSED] - setText(LOGN_EdtRdyPassword, "Shalawa18", 0): Text 'Shalawa18' has been set to element 'Object Repository/Mobile/Page/Login/Input Rdy - Password'

2022-03-08 10:44:15 - [MESSAGE][WARNING] - Timeout '0' is invalid. Using default page load timeout: '60'

2022-03-08 10:44:16 - [MESSAGE][PASSED] - Text 'Shalawa18' has been set to element 'Object Repository/Mobile/Page/Login/Input Rdy - Password'

2022-03-08 10:44:16 - [TEST_STEP][PASSED] - delay(1): Delayed 1 second(s)

2022-03-08 10:44:17 - [MESSAGE][PASSED] - Delayed 1 second(s)

2022-03-08 10:44:17 - [TEST_STEP][PASSED] - hideKeyboard(): Keyboard is hidden

2022-03-08 10:44:23 - [MESSAGE][PASSED] - Keyboard is hidden

2022-03-08 10:44:23 - [TEST_STEP][PASSED] - tap(LOGN_BtnLogin, 0): Tapped on element 'Object Repository/Mobile/Page/Login/Button - Login'

2022-03-08 10:44:23 - [MESSAGE][WARNING] - Timeout '0' is invalid. Using default page load timeout: '60'

2022-03-08 10:44:24 - [MESSAGE][PASSED] - Tapped on element 'Object Repository/Mobile/Page/Login/Button - Login'

2022-03-08 10:44:24 - [TEST_STEP][PASSED] - delay(2): Delayed 2 second(s)

2022-03-08 10:44:26 - [MESSAGE][PASSED] - Delayed 2 second(s)

2022-03-08 10:44:26 - [MESSAGE][PASSED] - Call Test Case 'Test Cases/Mobile/Page/Login/Login' successfully

2022-03-08 10:44:26 - [TEST_STEP][PASSED] - callTestCase(findTestCase("Mobile/Page/Run App/Terminate App"), [:], STOP_ON_FAILURE): Call Test Case 'Test Cases/Mobile/Page/Run App/Terminate App' successfully

2022-03-08 10:44:26 - [TEST_CASE][PASSED] - Test Cases/Mobile/Page/Run App/Terminate App: Test Cases/Mobile/Page/Run App/Terminate App

2022-03-08 10:44:26 - [TEST_STEP][PASSED] - startApp.OpenApp.terminateApplication(): startApp.OpenApp.terminateApplication is PASSED

2022-03-08 10:44:31 - [MESSAGE][PASSED] - Delayed 3 second(s)

2022-03-08 10:44:31 - [MESSAGE][PASSED] - Current device physical width is 720

2022-03-08 10:44:31 - [MESSAGE][PASSED] - Current device physical height is 1423

2022-03-08 10:44:32 - [MESSAGE][PASSED] - Swiped from 360,853 to 360,142

2022-03-08 10:44:33 - [MESSAGE][PASSED] - Delayed 1 second(s)

2022-03-08 10:44:35 - [MESSAGE][PASSED] - Swiped from 360,853 to 360,142

2022-03-08 10:44:38 - [MESSAGE][PASSED] - Delayed 3 second(s)

2022-03-08 10:44:38 - [MESSAGE][PASSED] - startApp.OpenApp.terminateApplication is PASSED

2022-03-08 10:44:38 - [MESSAGE][PASSED] - Call Test Case 'Test Cases/Mobile/Page/Run App/Terminate App' successfully]]></system-out>
         <system-err><![CDATA[]]></system-err>
      </testcase>
      <system-out><![CDATA[2022-03-08 10:39:56 - [TEST_SUITE][PASSED] - login: Test Cases/Mobile/Scenario/Login/005 - Login menggunakan username dengan membatalkan fingerprint]]></system-out>
      <system-err><![CDATA[]]></system-err>
   </testsuite>
</testsuites>
