<?xml version="1.0" encoding="UTF-8"?>
<testsuites name="Register" time="1022.195" tests="5" failures="1" skips="0" errors="0">
   <testsuite name="Register" tests="5" failures="1" errors="0" time="1022.195" skips="0" timestamp="2021-10-12 14:55:56" hostname="Owner - LAPTOP-566NLE9H" id="Test Suites/Register">
      <properties>
         <property name="deviceName" value="samsung SM-A205F (Android 11)"/>
         <property name="devicePlatform" value=""/>
         <property name="logFolder" value="C:\\Users\\Owner\\Documents\\kerjaan\\KatalonProject\\qa-katalon-maxfund\\Reports\\20211012_145548\\Register\\20211012_145548"/>
         <property name="logFiles" value="C:\\Users\\Owner\\Documents\\kerjaan\\KatalonProject\\qa-katalon-maxfund\\Reports\\20211012_145548\\Register\\20211012_145548\\appium.log, C:\\Users\\Owner\\Documents\\kerjaan\\KatalonProject\\qa-katalon-maxfund\\Reports\\20211012_145548\\Register\\20211012_145548\\execution0.log"/>
         <property name="attachments" value="C:\\Users\\Owner\\Documents\\kerjaan\\KatalonProject\\qa-katalon-maxfund\\Reports\\20211012_145548\\Register\\20211012_145548\\1634025450829.png, C:\\Users\\Owner\\Documents\\kerjaan\\KatalonProject\\qa-katalon-maxfund\\Reports\\20211012_145548\\Register\\20211012_145548\\1634025453219.png, C:\\Users\\Owner\\Documents\\kerjaan\\KatalonProject\\qa-katalon-maxfund\\Reports\\20211012_145548\\Register\\20211012_145548\\1634025468143.png, C:\\Users\\Owner\\Documents\\kerjaan\\KatalonProject\\qa-katalon-maxfund\\Reports\\20211012_145548\\Register\\20211012_145548\\1634025470763.png, C:\\Users\\Owner\\Documents\\kerjaan\\KatalonProject\\qa-katalon-maxfund\\Reports\\20211012_145548\\Register\\20211012_145548\\1634025662625.png, C:\\Users\\Owner\\Documents\\kerjaan\\KatalonProject\\qa-katalon-maxfund\\Reports\\20211012_145548\\Register\\20211012_145548\\1634025665015.png, C:\\Users\\Owner\\Documents\\kerjaan\\KatalonProject\\qa-katalon-maxfund\\Reports\\20211012_145548\\Register\\20211012_145548\\1634025682569.png, C:\\Users\\Owner\\Documents\\kerjaan\\KatalonProject\\qa-katalon-maxfund\\Reports\\20211012_145548\\Register\\20211012_145548\\1634025685261.png, C:\\Users\\Owner\\Documents\\kerjaan\\KatalonProject\\qa-katalon-maxfund\\Reports\\20211012_145548\\Register\\20211012_145548\\1634025835826.png, C:\\Users\\Owner\\Documents\\kerjaan\\KatalonProject\\qa-katalon-maxfund\\Reports\\20211012_145548\\Register\\20211012_145548\\1634025838219.png, C:\\Users\\Owner\\Documents\\kerjaan\\KatalonProject\\qa-katalon-maxfund\\Reports\\20211012_145548\\Register\\20211012_145548\\1634025855574.png, C:\\Users\\Owner\\Documents\\kerjaan\\KatalonProject\\qa-katalon-maxfund\\Reports\\20211012_145548\\Register\\20211012_145548\\1634025858169.png, C:\\Users\\Owner\\Documents\\kerjaan\\KatalonProject\\qa-katalon-maxfund\\Reports\\20211012_145548\\Register\\20211012_145548\\1634026058457.png, C:\\Users\\Owner\\Documents\\kerjaan\\KatalonProject\\qa-katalon-maxfund\\Reports\\20211012_145548\\Register\\20211012_145548\\1634026061073.png, C:\\Users\\Owner\\Documents\\kerjaan\\KatalonProject\\qa-katalon-maxfund\\Reports\\20211012_145548\\Register\\20211012_145548\\1634026079023.png, C:\\Users\\Owner\\Documents\\kerjaan\\KatalonProject\\qa-katalon-maxfund\\Reports\\20211012_145548\\Register\\20211012_145548\\1634026081678.png, C:\\Users\\Owner\\Documents\\kerjaan\\KatalonProject\\qa-katalon-maxfund\\Reports\\20211012_145548\\Register\\20211012_145548\\1634026235401.png, C:\\Users\\Owner\\Documents\\kerjaan\\KatalonProject\\qa-katalon-maxfund\\Reports\\20211012_145548\\Register\\20211012_145548\\1634026237969.png, C:\\Users\\Owner\\Documents\\kerjaan\\KatalonProject\\qa-katalon-maxfund\\Reports\\20211012_145548\\Register\\20211012_145548\\1634026254573.png, C:\\Users\\Owner\\Documents\\kerjaan\\KatalonProject\\qa-katalon-maxfund\\Reports\\20211012_145548\\Register\\20211012_145548\\1634026257176.png, C:\\Users\\Owner\\Documents\\kerjaan\\KatalonProject\\qa-katalon-maxfund\\Reports\\20211012_145548\\Register\\20211012_145548\\1634026376700.png, C:\\Users\\Owner\\Documents\\kerjaan\\KatalonProject\\qa-katalon-maxfund\\Reports\\20211012_145548\\Register\\20211012_145548\\1634026377377.png"/>
         <property name="hostName" value="Owner - LAPTOP-566NLE9H"/>
         <property name="os" value="Windows 10 64bit"/>
         <property name="appiumServerStatus" value="{&quot;value&quot;:{&quot;build&quot;:{&quot;version&quot;:&quot;1.22.0&quot;}},&quot;sessionId&quot;:null,&quot;status&quot;:0}"/>
         <property name="katalonVersion" value="7.9.1.208"/>
         <property name="deviceOS" value="Android"/>
         <property name="appiumVersion" value="1.22.0"/>
         <property name="deviceModel" value="SM-A205F"/>
         <property name="hostAddress" value="10.0.30.169"/>
         <property name="deviceManufacturer" value="samsung"/>
         <property name="deviceId" value="RR8M40C9AXE"/>
         <property name="deviceName" value="samsung SM-A205F (Android 11)"/>
         <property name="deviceOSVersion" value="11"/>
      </properties>
      <testcase name="Test Cases/Mobile/Scenario/Register/002 - Registrasi akun baru dengan alamat sesuai KTP" time="177.375" classname="Test Cases/Mobile/Scenario/Register/002 - Registrasi akun baru dengan alamat sesuai KTP" status="PASSED">
         <system-out><![CDATA[2021-10-12 14:55:57 - [TEST_CASE][PASSED] - Test Cases/Mobile/Scenario/Register/002 - Registrasi akun baru dengan alamat sesuai KTP: Test Cases/Mobile/Scenario/Register/002 - Registrasi akun baru dengan alamat sesuai KTP

2021-10-12 14:55:57 - [TEST_STEP][PASSED] - callTestCase(findTestCase("Mobile/Page/Run App/Run App byID"), [:], STOP_ON_FAILURE): Call Test Case 'Test Cases/Mobile/Page/Run App/Run App byID' successfully

2021-10-12 14:55:57 - [TEST_CASE][PASSED] - Test Cases/Mobile/Page/Run App/Run App byID: Test Cases/Mobile/Page/Run App/Run App byID

2021-10-12 14:55:58 - [TEST_STEP][PASSED] - startApp.OpenApp.startApplication("com.mirae.maxfund"): startApp.OpenApp.startApplication is PASSED

2021-10-12 14:55:59 - [MESSAGE][INFO] - Appium server started on port 54,867

2021-10-12 14:56:14 - [MESSAGE][PASSED] - Starting app with application ID: 'com.mirae.maxfund'

2021-10-12 14:56:14 - [MESSAGE][PASSED] - startApp.OpenApp.startApplication is PASSED

2021-10-12 14:56:14 - [MESSAGE][PASSED] - Call Test Case 'Test Cases/Mobile/Page/Run App/Run App byID' successfully

2021-10-12 14:56:14 - [TEST_STEP][PASSED] - callTestCase(findTestCase("Mobile/Page/Register/Register"), ["isFromLoginPage":0, "isRegistered":0, "isBedaAlamat":0, "isUseSignature":1, "isUseReferralCode":0], STOP_ON_FAILURE): Call Test Case 'Test Cases/Mobile/Page/Register/Register' successfully

2021-10-12 14:56:14 - [TEST_CASE][PASSED] - Test Cases/Mobile/Page/Register/Register: Test Cases/Mobile/Page/Register/Register

2021-10-12 14:56:15 - [TEST_STEP][PASSED] - fullname = "qatesting" + acak.acak.randomStringWord(): acak.acak.randomStringWord is PASSED

2021-10-12 14:56:15 - [MESSAGE][PASSED] - acak.acak.randomStringWord is PASSED

2021-10-12 14:56:15 - [TEST_STEP][PASSED] - birthdate = "1/1/1998": null

2021-10-12 14:56:15 - [TEST_STEP][PASSED] - phone = "082257" + acak.acak.randomStringNumber(6): acak.acak.randomStringNumber is PASSED

2021-10-12 14:56:15 - [MESSAGE][PASSED] - acak.acak.randomStringNumber is PASSED

2021-10-12 14:56:15 - [TEST_STEP][PASSED] - email = fullname + "@gmail.com": null

2021-10-12 14:56:15 - [TEST_STEP][PASSED] - password = "Mirae1234": null

2021-10-12 14:56:15 - [TEST_STEP][PASSED] - branch = "qa cabang": null

2021-10-12 14:56:15 - [TEST_STEP][PASSED] - accountnumber = "222444222444": null

2021-10-12 14:56:15 - [TEST_STEP][PASSED] - nameowner = fullname: null

2021-10-12 14:56:15 - [TEST_STEP][PASSED] - alamat = "Jl. Cempaka Putih Barat 12 F No.12, RT.8/RW.8": null

2021-10-12 14:56:15 - [TEST_STEP][PASSED] - kodepos = "15412": null

2021-10-12 14:56:15 - [TEST_STEP][PASSED] - referralcode = "15412": null

2021-10-12 14:56:15 - [TEST_STEP][PASSED] - if (isFromLoginPage == 1): null

2021-10-12 14:56:15 - [TEST_STEP][PASSED] - else: Delayed 1 second(s)

2021-10-12 14:56:15 - [TEST_STEP][PASSED] - tap(findTestObject("Object Repository/Mobile/Page/Dashboard/Button - Register"), 0, STOP_ON_FAILURE): Tapped on element 'Object Repository/Mobile/Page/Dashboard/Button - Register'

2021-10-12 14:56:15 - [MESSAGE][WARNING] - Timeout '0' is invalid. Using default page load timeout: '60'

2021-10-12 14:56:16 - [MESSAGE][PASSED] - Tapped on element 'Object Repository/Mobile/Page/Dashboard/Button - Register'

2021-10-12 14:56:16 - [TEST_STEP][PASSED] - delay(1): Delayed 1 second(s)

2021-10-12 14:56:17 - [MESSAGE][PASSED] - Delayed 1 second(s)

2021-10-12 14:56:17 - [TEST_STEP][PASSED] - if (isRegistered == 1): null

2021-10-12 14:56:17 - [TEST_STEP][PASSED] - else: Delayed 1 second(s)

2021-10-12 14:56:17 - [TEST_STEP][PASSED] - tap(findTestObject("Object Repository/Mobile/Page/Register/Radio Button - Not registered yet"), 0, STOP_ON_FAILURE): Tapped on element 'Object Repository/Mobile/Page/Register/Radio Button - Not registered yet'

2021-10-12 14:56:17 - [MESSAGE][WARNING] - Timeout '0' is invalid. Using default page load timeout: '60'

2021-10-12 14:56:18 - [MESSAGE][PASSED] - Tapped on element 'Object Repository/Mobile/Page/Register/Radio Button - Not registered yet'

2021-10-12 14:56:18 - [TEST_STEP][PASSED] - delay(1): Delayed 1 second(s)

2021-10-12 14:56:19 - [MESSAGE][PASSED] - Delayed 1 second(s)

2021-10-12 14:56:19 - [TEST_STEP][PASSED] - tap(findTestObject("Object Repository/Mobile/Page/Register/Not Registered/Button - Next"), 0, STOP_ON_FAILURE): Tapped on element 'Object Repository/Mobile/Page/Register/Not Registered/Button - Next'

2021-10-12 14:56:19 - [MESSAGE][WARNING] - Timeout '0' is invalid. Using default page load timeout: '60'

2021-10-12 14:56:20 - [MESSAGE][PASSED] - Tapped on element 'Object Repository/Mobile/Page/Register/Not Registered/Button - Next'

2021-10-12 14:56:20 - [TEST_STEP][PASSED] - delay(1): Delayed 1 second(s)

2021-10-12 14:56:21 - [MESSAGE][PASSED] - Delayed 1 second(s)

2021-10-12 14:56:21 - [TEST_STEP][PASSED] - tap(findTestObject("Object Repository/Mobile/Page/Register/Not Registered/Informasi Pribadi/Edit Text - Fullname"), 0, STOP_ON_FAILURE): Tapped on element 'Object Repository/Mobile/Page/Register/Not Registered/Informasi Pribadi/Edit Text - Fullname'

2021-10-12 14:56:21 - [MESSAGE][WARNING] - Timeout '0' is invalid. Using default page load timeout: '60'

2021-10-12 14:56:22 - [MESSAGE][PASSED] - Tapped on element 'Object Repository/Mobile/Page/Register/Not Registered/Informasi Pribadi/Edit Text - Fullname'

2021-10-12 14:56:22 - [TEST_STEP][PASSED] - setText(findTestObject("Object Repository/Mobile/Page/Register/Not Registered/Informasi Pribadi/Edit Text - Fullname"), fullname, 0): Text 'qatestingCUNarOLtQV' has been set to element 'Object Repository/Mobile/Page/Register/Not Registered/Informasi Pribadi/Edit Text - Fullname'

2021-10-12 14:56:22 - [MESSAGE][WARNING] - Timeout '0' is invalid. Using default page load timeout: '60'

2021-10-12 14:56:23 - [MESSAGE][PASSED] - Text 'qatestingCUNarOLtQV' has been set to element 'Object Repository/Mobile/Page/Register/Not Registered/Informasi Pribadi/Edit Text - Fullname'

2021-10-12 14:56:23 - [TEST_STEP][PASSED] - hideKeyboard(): Keyboard is hidden

2021-10-12 14:56:31 - [MESSAGE][PASSED] - Keyboard is hidden

2021-10-12 14:56:31 - [TEST_STEP][PASSED] - delay(1): Delayed 1 second(s)

2021-10-12 14:56:32 - [MESSAGE][PASSED] - Delayed 1 second(s)

2021-10-12 14:56:32 - [TEST_STEP][PASSED] - tap(findTestObject("Object Repository/Mobile/Page/Register/Not Registered/Informasi Pribadi/Date Picker - Date of Birth"), 0, STOP_ON_FAILURE): Tapped on element 'Object Repository/Mobile/Page/Register/Not Registered/Informasi Pribadi/Date Picker - Date of Birth'

2021-10-12 14:56:32 - [MESSAGE][WARNING] - Timeout '0' is invalid. Using default page load timeout: '60'

2021-10-12 14:56:32 - [MESSAGE][PASSED] - Tapped on element 'Object Repository/Mobile/Page/Register/Not Registered/Informasi Pribadi/Date Picker - Date of Birth'

2021-10-12 14:56:32 - [TEST_STEP][PASSED] - tap(findTestObject("Object Repository/Mobile/Page/Register/Not Registered/Informasi Pribadi/Date Picker - Icon Edit"), 0, STOP_ON_FAILURE): Tapped on element 'Object Repository/Mobile/Page/Register/Not Registered/Informasi Pribadi/Date Picker - Icon Edit'

2021-10-12 14:56:32 - [MESSAGE][WARNING] - Timeout '0' is invalid. Using default page load timeout: '60'

2021-10-12 14:56:35 - [MESSAGE][PASSED] - Tapped on element 'Object Repository/Mobile/Page/Register/Not Registered/Informasi Pribadi/Date Picker - Icon Edit'

2021-10-12 14:56:35 - [TEST_STEP][PASSED] - setText(findTestObject("Mobile/Page/Register/Not Registered/Informasi Pribadi/Date Picker - Edit Text Date"), birthdate, 0): Text '1/1/1998' has been set to element 'Object Repository/Mobile/Page/Register/Not Registered/Informasi Pribadi/Date Picker - Edit Text Date'

2021-10-12 14:56:35 - [MESSAGE][WARNING] - Timeout '0' is invalid. Using default page load timeout: '60'

2021-10-12 14:56:35 - [MESSAGE][PASSED] - Text '1/1/1998' has been set to element 'Object Repository/Mobile/Page/Register/Not Registered/Informasi Pribadi/Date Picker - Edit Text Date'

2021-10-12 14:56:35 - [TEST_STEP][PASSED] - tap(findTestObject("Mobile/Page/Register/Not Registered/Informasi Pribadi/Date Picker - Button OK"), 0, STOP_ON_FAILURE): Tapped on element 'Object Repository/Mobile/Page/Register/Not Registered/Informasi Pribadi/Date Picker - Button OK'

2021-10-12 14:56:35 - [MESSAGE][WARNING] - Timeout '0' is invalid. Using default page load timeout: '60'

2021-10-12 14:56:36 - [MESSAGE][PASSED] - Tapped on element 'Object Repository/Mobile/Page/Register/Not Registered/Informasi Pribadi/Date Picker - Button OK'

2021-10-12 14:56:36 - [TEST_STEP][PASSED] - delay(1): Delayed 1 second(s)

2021-10-12 14:56:37 - [MESSAGE][PASSED] - Delayed 1 second(s)

2021-10-12 14:56:37 - [TEST_STEP][PASSED] - tap(findTestObject("Object Repository/Mobile/Page/Register/Not Registered/Informasi Pribadi/Edit Text - Phone Number"), 0, STOP_ON_FAILURE): Tapped on element 'Object Repository/Mobile/Page/Register/Not Registered/Informasi Pribadi/Edit Text - Phone Number'

2021-10-12 14:56:37 - [MESSAGE][WARNING] - Timeout '0' is invalid. Using default page load timeout: '60'

2021-10-12 14:56:38 - [MESSAGE][PASSED] - Tapped on element 'Object Repository/Mobile/Page/Register/Not Registered/Informasi Pribadi/Edit Text - Phone Number'

2021-10-12 14:56:38 - [TEST_STEP][PASSED] - setText(findTestObject("Object Repository/Mobile/Page/Register/Not Registered/Informasi Pribadi/Edit Text - Phone Number"), phone, 0): Text '082257126577' has been set to element 'Object Repository/Mobile/Page/Register/Not Registered/Informasi Pribadi/Edit Text - Phone Number'

2021-10-12 14:56:38 - [MESSAGE][WARNING] - Timeout '0' is invalid. Using default page load timeout: '60'

2021-10-12 14:56:39 - [MESSAGE][PASSED] - Text '082257126577' has been set to element 'Object Repository/Mobile/Page/Register/Not Registered/Informasi Pribadi/Edit Text - Phone Number'

2021-10-12 14:56:39 - [TEST_STEP][PASSED] - hideKeyboard(): Keyboard is hidden

2021-10-12 14:56:47 - [MESSAGE][PASSED] - Keyboard is hidden

2021-10-12 14:56:47 - [TEST_STEP][PASSED] - delay(1): Delayed 1 second(s)

2021-10-12 14:56:48 - [MESSAGE][PASSED] - Delayed 1 second(s)

2021-10-12 14:56:48 - [TEST_STEP][PASSED] - tap(findTestObject("Object Repository/Mobile/Page/Register/Not Registered/Informasi Pribadi/Edit Text - Re Phone Number"), 0, STOP_ON_FAILURE): Tapped on element 'Object Repository/Mobile/Page/Register/Not Registered/Informasi Pribadi/Edit Text - Re Phone Number'

2021-10-12 14:56:48 - [MESSAGE][WARNING] - Timeout '0' is invalid. Using default page load timeout: '60'

2021-10-12 14:56:48 - [MESSAGE][PASSED] - Tapped on element 'Object Repository/Mobile/Page/Register/Not Registered/Informasi Pribadi/Edit Text - Re Phone Number'

2021-10-12 14:56:48 - [TEST_STEP][PASSED] - setText(findTestObject("Object Repository/Mobile/Page/Register/Not Registered/Informasi Pribadi/Edit Text - Re Phone Number"), phone, 0): Text '082257126577' has been set to element 'Object Repository/Mobile/Page/Register/Not Registered/Informasi Pribadi/Edit Text - Re Phone Number'

2021-10-12 14:56:48 - [MESSAGE][WARNING] - Timeout '0' is invalid. Using default page load timeout: '60'

2021-10-12 14:56:50 - [MESSAGE][PASSED] - Text '082257126577' has been set to element 'Object Repository/Mobile/Page/Register/Not Registered/Informasi Pribadi/Edit Text - Re Phone Number'

2021-10-12 14:56:50 - [TEST_STEP][PASSED] - hideKeyboard(): Keyboard is hidden

2021-10-12 14:56:57 - [MESSAGE][PASSED] - Keyboard is hidden

2021-10-12 14:56:57 - [TEST_STEP][PASSED] - delay(1): Delayed 1 second(s)

2021-10-12 14:56:58 - [MESSAGE][PASSED] - Delayed 1 second(s)

2021-10-12 14:56:58 - [TEST_STEP][PASSED] - tap(findTestObject("Object Repository/Mobile/Page/Register/Not Registered/Informasi Pribadi/Edit Text - Email"), 0, STOP_ON_FAILURE): Tapped on element 'Object Repository/Mobile/Page/Register/Not Registered/Informasi Pribadi/Edit Text - Email'

2021-10-12 14:56:58 - [MESSAGE][WARNING] - Timeout '0' is invalid. Using default page load timeout: '60'

2021-10-12 14:56:58 - [MESSAGE][PASSED] - Tapped on element 'Object Repository/Mobile/Page/Register/Not Registered/Informasi Pribadi/Edit Text - Email'

2021-10-12 14:56:58 - [TEST_STEP][PASSED] - setText(findTestObject("Object Repository/Mobile/Page/Register/Not Registered/Informasi Pribadi/Edit Text - Email"), email, 0): Text 'qatestingCUNarOLtQV@gmail.com' has been set to element 'Object Repository/Mobile/Page/Register/Not Registered/Informasi Pribadi/Edit Text - Email'

2021-10-12 14:56:58 - [MESSAGE][WARNING] - Timeout '0' is invalid. Using default page load timeout: '60'

2021-10-12 14:57:00 - [MESSAGE][PASSED] - Text 'qatestingCUNarOLtQV@gmail.com' has been set to element 'Object Repository/Mobile/Page/Register/Not Registered/Informasi Pribadi/Edit Text - Email'

2021-10-12 14:57:00 - [TEST_STEP][PASSED] - hideKeyboard(): Keyboard is hidden

2021-10-12 14:57:03 - [MESSAGE][PASSED] - Keyboard is hidden

2021-10-12 14:57:03 - [TEST_STEP][PASSED] - delay(1): Delayed 1 second(s)

2021-10-12 14:57:04 - [MESSAGE][PASSED] - Delayed 1 second(s)

2021-10-12 14:57:04 - [TEST_STEP][PASSED] - tap(findTestObject("Object Repository/Mobile/Page/Register/Not Registered/Informasi Pribadi/Edit Text - Re Email"), 0, STOP_ON_FAILURE): Tapped on element 'Object Repository/Mobile/Page/Register/Not Registered/Informasi Pribadi/Edit Text - Re Email'

2021-10-12 14:57:04 - [MESSAGE][WARNING] - Timeout '0' is invalid. Using default page load timeout: '60'

2021-10-12 14:57:05 - [MESSAGE][PASSED] - Tapped on element 'Object Repository/Mobile/Page/Register/Not Registered/Informasi Pribadi/Edit Text - Re Email'

2021-10-12 14:57:05 - [TEST_STEP][PASSED] - setText(findTestObject("Object Repository/Mobile/Page/Register/Not Registered/Informasi Pribadi/Edit Text - Re Email"), email, 0): Text 'qatestingCUNarOLtQV@gmail.com' has been set to element 'Object Repository/Mobile/Page/Register/Not Registered/Informasi Pribadi/Edit Text - Re Email'

2021-10-12 14:57:05 - [MESSAGE][WARNING] - Timeout '0' is invalid. Using default page load timeout: '60'

2021-10-12 14:57:06 - [MESSAGE][PASSED] - Text 'qatestingCUNarOLtQV@gmail.com' has been set to element 'Object Repository/Mobile/Page/Register/Not Registered/Informasi Pribadi/Edit Text - Re Email'

2021-10-12 14:57:06 - [TEST_STEP][PASSED] - hideKeyboard(): Keyboard is hidden

2021-10-12 14:57:10 - [MESSAGE][PASSED] - Keyboard is hidden

2021-10-12 14:57:10 - [TEST_STEP][PASSED] - delay(1): Delayed 1 second(s)

2021-10-12 14:57:11 - [MESSAGE][PASSED] - Delayed 1 second(s)

2021-10-12 14:57:11 - [TEST_STEP][PASSED] - tap(findTestObject("Object Repository/Mobile/Page/Register/Not Registered/Informasi Pribadi/Edit Text - Password"), 0, STOP_ON_FAILURE): Tapped on element 'Object Repository/Mobile/Page/Register/Not Registered/Informasi Pribadi/Edit Text - Password'

2021-10-12 14:57:11 - [MESSAGE][WARNING] - Timeout '0' is invalid. Using default page load timeout: '60'

2021-10-12 14:57:11 - [MESSAGE][PASSED] - Tapped on element 'Object Repository/Mobile/Page/Register/Not Registered/Informasi Pribadi/Edit Text - Password'

2021-10-12 14:57:11 - [TEST_STEP][PASSED] - setText(findTestObject("Object Repository/Mobile/Page/Register/Not Registered/Informasi Pribadi/Edit Text - Password"), password, 0): Text 'Mirae1234' has been set to element 'Object Repository/Mobile/Page/Register/Not Registered/Informasi Pribadi/Edit Text - Password'

2021-10-12 14:57:11 - [MESSAGE][WARNING] - Timeout '0' is invalid. Using default page load timeout: '60'

2021-10-12 14:57:13 - [MESSAGE][PASSED] - Text 'Mirae1234' has been set to element 'Object Repository/Mobile/Page/Register/Not Registered/Informasi Pribadi/Edit Text - Password'

2021-10-12 14:57:13 - [TEST_STEP][PASSED] - hideKeyboard(): Keyboard is hidden

2021-10-12 14:57:19 - [MESSAGE][PASSED] - Keyboard is hidden

2021-10-12 14:57:19 - [TEST_STEP][PASSED] - delay(1): Delayed 1 second(s)

2021-10-12 14:57:20 - [MESSAGE][PASSED] - Delayed 1 second(s)

2021-10-12 14:57:20 - [TEST_STEP][PASSED] - tap(findTestObject("Object Repository/Mobile/Page/Register/Not Registered/Informasi Pribadi/Edit Text - Re Password"), 0, STOP_ON_FAILURE): Tapped on element 'Object Repository/Mobile/Page/Register/Not Registered/Informasi Pribadi/Edit Text - Re Password'

2021-10-12 14:57:20 - [MESSAGE][WARNING] - Timeout '0' is invalid. Using default page load timeout: '60'

2021-10-12 14:57:20 - [MESSAGE][PASSED] - Tapped on element 'Object Repository/Mobile/Page/Register/Not Registered/Informasi Pribadi/Edit Text - Re Password'

2021-10-12 14:57:20 - [TEST_STEP][PASSED] - setText(findTestObject("Object Repository/Mobile/Page/Register/Not Registered/Informasi Pribadi/Edit Text - Re Password"), password, 0): Text 'Mirae1234' has been set to element 'Object Repository/Mobile/Page/Register/Not Registered/Informasi Pribadi/Edit Text - Re Password'

2021-10-12 14:57:20 - [MESSAGE][WARNING] - Timeout '0' is invalid. Using default page load timeout: '60'

2021-10-12 14:57:22 - [MESSAGE][PASSED] - Text 'Mirae1234' has been set to element 'Object Repository/Mobile/Page/Register/Not Registered/Informasi Pribadi/Edit Text - Re Password'

2021-10-12 14:57:22 - [TEST_STEP][PASSED] - hideKeyboard(): Keyboard is hidden

2021-10-12 14:57:28 - [MESSAGE][PASSED] - Keyboard is hidden

2021-10-12 14:57:28 - [TEST_STEP][PASSED] - delay(1): Delayed 1 second(s)

2021-10-12 14:57:29 - [MESSAGE][PASSED] - Delayed 1 second(s)

2021-10-12 14:57:29 - [TEST_STEP][PASSED] - if (isBedaAlamat == 1): null

2021-10-12 14:57:29 - [TEST_STEP][PASSED] - tap(findTestObject("Object Repository/Mobile/Page/Register/Not Registered/Informasi Pribadi/Button - Icon KTP"), 0, STOP_ON_FAILURE): Tapped on element 'Object Repository/Mobile/Page/Register/Not Registered/Informasi Pribadi/Button - Icon KTP'

2021-10-12 14:57:29 - [MESSAGE][WARNING] - Timeout '0' is invalid. Using default page load timeout: '60'

2021-10-12 14:57:29 - [MESSAGE][PASSED] - Tapped on element 'Object Repository/Mobile/Page/Register/Not Registered/Informasi Pribadi/Button - Icon KTP'

2021-10-12 14:57:29 - [TEST_STEP][PASSED] - permission = verifyElementExist(findTestObject("Object Repository/Mobile/Page/Register/Not Registered/Informasi Pribadi/Permission - Only this time"), 1, OPTIONAL): Element 'Object Repository/Mobile/Page/Register/Not Registered/Informasi Pribadi/Permission - Only this time' not found

2021-10-12 14:57:32 - [MESSAGE][WARNING] - Element 'Object Repository/Mobile/Page/Register/Not Registered/Informasi Pribadi/Permission - Only this time' not found
[[ATTACHMENT|C:\\Users\\Owner\\Documents\\kerjaan\\KatalonProject\\qa-katalon-maxfund\\Reports\\20211012_145548\\Register\\20211012_145548\\1634025450829.png]]

2021-10-12 14:57:32 - [TEST_STEP][PASSED] - if (permission): null

2021-10-12 14:57:32 - [TEST_STEP][PASSED] - permission = verifyElementExist(findTestObject("Object Repository/Mobile/Page/Register/Not Registered/Informasi Pribadi/Permission - Only this time"), 1, OPTIONAL): Element 'Object Repository/Mobile/Page/Register/Not Registered/Informasi Pribadi/Permission - Only this time' not found

2021-10-12 14:57:34 - [MESSAGE][WARNING] - Element 'Object Repository/Mobile/Page/Register/Not Registered/Informasi Pribadi/Permission - Only this time' not found
[[ATTACHMENT|C:\\Users\\Owner\\Documents\\kerjaan\\KatalonProject\\qa-katalon-maxfund\\Reports\\20211012_145548\\Register\\20211012_145548\\1634025453219.png]]

2021-10-12 14:57:34 - [TEST_STEP][PASSED] - if (permission): null

2021-10-12 14:57:34 - [TEST_STEP][PASSED] - tap(findTestObject("Object Repository/Mobile/Page/Register/Not Registered/Informasi Pribadi/Button - Capture KTP"), 0, STOP_ON_FAILURE): Tapped on element 'Object Repository/Mobile/Page/Register/Not Registered/Informasi Pribadi/Button - Capture KTP'

2021-10-12 14:57:34 - [MESSAGE][WARNING] - Timeout '0' is invalid. Using default page load timeout: '60'

2021-10-12 14:57:35 - [MESSAGE][PASSED] - Tapped on element 'Object Repository/Mobile/Page/Register/Not Registered/Informasi Pribadi/Button - Capture KTP'

2021-10-12 14:57:35 - [TEST_STEP][PASSED] - delay(2): Delayed 2 second(s)

2021-10-12 14:57:37 - [MESSAGE][PASSED] - Delayed 2 second(s)

2021-10-12 14:57:37 - [TEST_STEP][PASSED] - hideKeyboard(): Keyboard is hidden

2021-10-12 14:57:44 - [MESSAGE][PASSED] - Keyboard is hidden

2021-10-12 14:57:44 - [TEST_STEP][PASSED] - delay(1): Delayed 1 second(s)

2021-10-12 14:57:45 - [MESSAGE][PASSED] - Delayed 1 second(s)

2021-10-12 14:57:45 - [TEST_STEP][PASSED] - scroll.scroll.scrollToBottomOpenKeyboard(): scroll.scroll.scrollToBottomOpenKeyboard is PASSED

2021-10-12 14:57:45 - [MESSAGE][PASSED] - Current device physical height is 1423

2021-10-12 14:57:45 - [MESSAGE][PASSED] - Current device physical width is 720

2021-10-12 14:57:46 - [MESSAGE][PASSED] - Swiped from 360,853 to 360,284

2021-10-12 14:57:46 - [MESSAGE][PASSED] - scroll.scroll.scrollToBottomOpenKeyboard is PASSED

2021-10-12 14:57:46 - [TEST_STEP][PASSED] - tap(findTestObject("Object Repository/Mobile/Page/Register/Not Registered/Informasi Pribadi/Button - Icon Face with KTP"), 0, STOP_ON_FAILURE): Tapped on element 'Object Repository/Mobile/Page/Register/Not Registered/Informasi Pribadi/Button - Icon Face with KTP'

2021-10-12 14:57:46 - [MESSAGE][WARNING] - Timeout '0' is invalid. Using default page load timeout: '60'

2021-10-12 14:57:46 - [MESSAGE][PASSED] - Tapped on element 'Object Repository/Mobile/Page/Register/Not Registered/Informasi Pribadi/Button - Icon Face with KTP'

2021-10-12 14:57:46 - [TEST_STEP][PASSED] - permission = verifyElementExist(findTestObject("Object Repository/Mobile/Page/Register/Not Registered/Informasi Pribadi/Permission - Only this time"), 1, OPTIONAL): Element 'Object Repository/Mobile/Page/Register/Not Registered/Informasi Pribadi/Permission - Only this time' not found

2021-10-12 14:57:49 - [MESSAGE][WARNING] - Element 'Object Repository/Mobile/Page/Register/Not Registered/Informasi Pribadi/Permission - Only this time' not found
[[ATTACHMENT|C:\\Users\\Owner\\Documents\\kerjaan\\KatalonProject\\qa-katalon-maxfund\\Reports\\20211012_145548\\Register\\20211012_145548\\1634025468143.png]]

2021-10-12 14:57:49 - [TEST_STEP][PASSED] - if (permission): null

2021-10-12 14:57:49 - [TEST_STEP][PASSED] - permission = verifyElementExist(findTestObject("Object Repository/Mobile/Page/Register/Not Registered/Informasi Pribadi/Permission - Only this time"), 1, OPTIONAL): Element 'Object Repository/Mobile/Page/Register/Not Registered/Informasi Pribadi/Permission - Only this time' not found

2021-10-12 14:57:52 - [MESSAGE][WARNING] - Element 'Object Repository/Mobile/Page/Register/Not Registered/Informasi Pribadi/Permission - Only this time' not found
[[ATTACHMENT|C:\\Users\\Owner\\Documents\\kerjaan\\KatalonProject\\qa-katalon-maxfund\\Reports\\20211012_145548\\Register\\20211012_145548\\1634025470763.png]]

2021-10-12 14:57:52 - [TEST_STEP][PASSED] - if (permission): null

2021-10-12 14:57:52 - [TEST_STEP][PASSED] - tap(findTestObject("Object Repository/Mobile/Page/Register/Not Registered/Informasi Pribadi/Button - Capture Face with KTP"), 0, STOP_ON_FAILURE): Tapped on element 'Object Repository/Mobile/Page/Register/Not Registered/Informasi Pribadi/Button - Capture Face with KTP'

2021-10-12 14:57:52 - [MESSAGE][WARNING] - Timeout '0' is invalid. Using default page load timeout: '60'

2021-10-12 14:57:54 - [MESSAGE][PASSED] - Tapped on element 'Object Repository/Mobile/Page/Register/Not Registered/Informasi Pribadi/Button - Capture Face with KTP'

2021-10-12 14:57:54 - [TEST_STEP][PASSED] - delay(2): Delayed 2 second(s)

2021-10-12 14:57:56 - [MESSAGE][PASSED] - Delayed 2 second(s)

2021-10-12 14:57:56 - [TEST_STEP][PASSED] - hideKeyboard(): Keyboard is hidden

2021-10-12 14:58:02 - [MESSAGE][PASSED] - Keyboard is hidden

2021-10-12 14:58:02 - [TEST_STEP][PASSED] - delay(1): Delayed 1 second(s)

2021-10-12 14:58:03 - [MESSAGE][PASSED] - Delayed 1 second(s)

2021-10-12 14:58:03 - [TEST_STEP][PASSED] - scroll.scroll.scrollToBottomOpenKeyboard(): scroll.scroll.scrollToBottomOpenKeyboard is PASSED

2021-10-12 14:58:03 - [MESSAGE][PASSED] - Current device physical height is 1423

2021-10-12 14:58:03 - [MESSAGE][PASSED] - Current device physical width is 720

2021-10-12 14:58:04 - [MESSAGE][PASSED] - Swiped from 360,853 to 360,284

2021-10-12 14:58:04 - [MESSAGE][PASSED] - scroll.scroll.scrollToBottomOpenKeyboard is PASSED

2021-10-12 14:58:04 - [TEST_STEP][PASSED] - tap(findTestObject("Object Repository/Mobile/Page/Register/Not Registered/Informasi Pribadi/Radio Button - Low Risk"), 0, STOP_ON_FAILURE): Tapped on element 'Object Repository/Mobile/Page/Register/Not Registered/Informasi Pribadi/Radio Button - Low Risk'

2021-10-12 14:58:04 - [MESSAGE][WARNING] - Timeout '0' is invalid. Using default page load timeout: '60'

2021-10-12 14:58:05 - [MESSAGE][PASSED] - Tapped on element 'Object Repository/Mobile/Page/Register/Not Registered/Informasi Pribadi/Radio Button - Low Risk'

2021-10-12 14:58:05 - [TEST_STEP][PASSED] - delay(1): Delayed 1 second(s)

2021-10-12 14:58:06 - [MESSAGE][PASSED] - Delayed 1 second(s)

2021-10-12 14:58:06 - [TEST_STEP][PASSED] - tap(findTestObject("Object Repository/Mobile/Page/Register/Not Registered/Informasi Pribadi/Radio Button - Medium Risk"), 0, STOP_ON_FAILURE): Tapped on element 'Object Repository/Mobile/Page/Register/Not Registered/Informasi Pribadi/Radio Button - Medium Risk'

2021-10-12 14:58:06 - [MESSAGE][WARNING] - Timeout '0' is invalid. Using default page load timeout: '60'

2021-10-12 14:58:07 - [MESSAGE][PASSED] - Tapped on element 'Object Repository/Mobile/Page/Register/Not Registered/Informasi Pribadi/Radio Button - Medium Risk'

2021-10-12 14:58:07 - [TEST_STEP][PASSED] - delay(1): Delayed 1 second(s)

2021-10-12 14:58:08 - [MESSAGE][PASSED] - Delayed 1 second(s)

2021-10-12 14:58:08 - [TEST_STEP][PASSED] - tap(findTestObject("Object Repository/Mobile/Page/Register/Not Registered/Informasi Pribadi/Radio Button - High Risk"), 0, STOP_ON_FAILURE): Tapped on element 'Object Repository/Mobile/Page/Register/Not Registered/Informasi Pribadi/Radio Button - High Risk'

2021-10-12 14:58:08 - [MESSAGE][WARNING] - Timeout '0' is invalid. Using default page load timeout: '60'

2021-10-12 14:58:09 - [MESSAGE][PASSED] - Tapped on element 'Object Repository/Mobile/Page/Register/Not Registered/Informasi Pribadi/Radio Button - High Risk'

2021-10-12 14:58:09 - [TEST_STEP][PASSED] - delay(1): Delayed 1 second(s)

2021-10-12 14:58:10 - [MESSAGE][PASSED] - Delayed 1 second(s)

2021-10-12 14:58:10 - [TEST_STEP][PASSED] - tap(findTestObject("Object Repository/Mobile/Page/Register/Not Registered/Informasi Pribadi/Button - Next"), 0, STOP_ON_FAILURE): Tapped on element 'Object Repository/Mobile/Page/Register/Not Registered/Informasi Pribadi/Button - Next'

2021-10-12 14:58:10 - [MESSAGE][WARNING] - Timeout '0' is invalid. Using default page load timeout: '60'

2021-10-12 14:58:11 - [MESSAGE][PASSED] - Tapped on element 'Object Repository/Mobile/Page/Register/Not Registered/Informasi Pribadi/Button - Next'

2021-10-12 14:58:11 - [TEST_STEP][PASSED] - delay(1): Delayed 1 second(s)

2021-10-12 14:58:12 - [MESSAGE][PASSED] - Delayed 1 second(s)

2021-10-12 14:58:12 - [TEST_STEP][PASSED] - tapAndHold(findTestObject("Mobile/Page/Register/Not Registered/Akun Bank/Dropdown - Bank"), 1, 0, STOP_ON_FAILURE): Tapped and held on element 'Object Repository/Mobile/Page/Register/Not Registered/Akun Bank/Dropdown - Bank' with duration 1

2021-10-12 14:58:12 - [MESSAGE][WARNING] - Timeout '0' is invalid. Using default page load timeout: '60'

2021-10-12 14:58:15 - [MESSAGE][PASSED] - Tapped and held on element 'Object Repository/Mobile/Page/Register/Not Registered/Akun Bank/Dropdown - Bank' with duration 1

2021-10-12 14:58:15 - [TEST_STEP][PASSED] - tap(findTestObject("Object Repository/Mobile/Page/Register/Not Registered/Akun Bank/Dropdown - Bank Option Citibank"), 0, STOP_ON_FAILURE): Tapped on element 'Object Repository/Mobile/Page/Register/Not Registered/Akun Bank/Dropdown - Bank Option Citibank'

2021-10-12 14:58:15 - [MESSAGE][WARNING] - Timeout '0' is invalid. Using default page load timeout: '60'

2021-10-12 14:58:16 - [MESSAGE][PASSED] - Tapped on element 'Object Repository/Mobile/Page/Register/Not Registered/Akun Bank/Dropdown - Bank Option Citibank'

2021-10-12 14:58:16 - [TEST_STEP][PASSED] - delay(1): Delayed 1 second(s)

2021-10-12 14:58:17 - [MESSAGE][PASSED] - Delayed 1 second(s)

2021-10-12 14:58:17 - [TEST_STEP][PASSED] - tapAndHold(findTestObject("Mobile/Page/Register/Not Registered/Akun Bank/Dropdown - Country"), 1, 0, STOP_ON_FAILURE): Tapped and held on element 'Object Repository/Mobile/Page/Register/Not Registered/Akun Bank/Dropdown - Country' with duration 1

2021-10-12 14:58:17 - [MESSAGE][WARNING] - Timeout '0' is invalid. Using default page load timeout: '60'

2021-10-12 14:58:20 - [MESSAGE][PASSED] - Tapped and held on element 'Object Repository/Mobile/Page/Register/Not Registered/Akun Bank/Dropdown - Country' with duration 1

2021-10-12 14:58:20 - [TEST_STEP][PASSED] - tap(findTestObject("Object Repository/Mobile/Page/Register/Not Registered/Akun Bank/Dropdown - Country Option Indonesia"), 0, STOP_ON_FAILURE): Tapped on element 'Object Repository/Mobile/Page/Register/Not Registered/Akun Bank/Dropdown - Country Option Indonesia'

2021-10-12 14:58:20 - [MESSAGE][WARNING] - Timeout '0' is invalid. Using default page load timeout: '60'

2021-10-12 14:58:20 - [MESSAGE][PASSED] - Tapped on element 'Object Repository/Mobile/Page/Register/Not Registered/Akun Bank/Dropdown - Country Option Indonesia'

2021-10-12 14:58:20 - [TEST_STEP][PASSED] - delay(1): Delayed 1 second(s)

2021-10-12 14:58:21 - [MESSAGE][PASSED] - Delayed 1 second(s)

2021-10-12 14:58:21 - [TEST_STEP][PASSED] - tap(findTestObject("Object Repository/Mobile/Page/Register/Not Registered/Akun Bank/Edit Text - Branch"), 0, STOP_ON_FAILURE): Tapped on element 'Object Repository/Mobile/Page/Register/Not Registered/Akun Bank/Edit Text - Branch'

2021-10-12 14:58:21 - [MESSAGE][WARNING] - Timeout '0' is invalid. Using default page load timeout: '60'

2021-10-12 14:58:22 - [MESSAGE][PASSED] - Tapped on element 'Object Repository/Mobile/Page/Register/Not Registered/Akun Bank/Edit Text - Branch'

2021-10-12 14:58:22 - [TEST_STEP][PASSED] - setText(findTestObject("Object Repository/Mobile/Page/Register/Not Registered/Akun Bank/Edit Text - Branch"), branch, 0, STOP_ON_FAILURE): Text 'qa cabang' has been set to element 'Object Repository/Mobile/Page/Register/Not Registered/Akun Bank/Edit Text - Branch'

2021-10-12 14:58:22 - [MESSAGE][WARNING] - Timeout '0' is invalid. Using default page load timeout: '60'

2021-10-12 14:58:23 - [MESSAGE][PASSED] - Text 'qa cabang' has been set to element 'Object Repository/Mobile/Page/Register/Not Registered/Akun Bank/Edit Text - Branch'

2021-10-12 14:58:23 - [TEST_STEP][PASSED] - hideKeyboard(): Keyboard is hidden

2021-10-12 14:58:27 - [MESSAGE][PASSED] - Keyboard is hidden

2021-10-12 14:58:27 - [TEST_STEP][PASSED] - delay(1): Delayed 1 second(s)

2021-10-12 14:58:28 - [MESSAGE][PASSED] - Delayed 1 second(s)

2021-10-12 14:58:28 - [TEST_STEP][PASSED] - tap(findTestObject("Object Repository/Mobile/Page/Register/Not Registered/Akun Bank/Edit Text - Account Number"), 0, STOP_ON_FAILURE): Tapped on element 'Object Repository/Mobile/Page/Register/Not Registered/Akun Bank/Edit Text - Account Number'

2021-10-12 14:58:28 - [MESSAGE][WARNING] - Timeout '0' is invalid. Using default page load timeout: '60'

2021-10-12 14:58:28 - [MESSAGE][PASSED] - Tapped on element 'Object Repository/Mobile/Page/Register/Not Registered/Akun Bank/Edit Text - Account Number'

2021-10-12 14:58:28 - [TEST_STEP][PASSED] - setText(findTestObject("Object Repository/Mobile/Page/Register/Not Registered/Akun Bank/Edit Text - Account Number"), accountnumber, 0, STOP_ON_FAILURE): Text '222444222444' has been set to element 'Object Repository/Mobile/Page/Register/Not Registered/Akun Bank/Edit Text - Account Number'

2021-10-12 14:58:28 - [MESSAGE][WARNING] - Timeout '0' is invalid. Using default page load timeout: '60'

2021-10-12 14:58:29 - [MESSAGE][PASSED] - Text '222444222444' has been set to element 'Object Repository/Mobile/Page/Register/Not Registered/Akun Bank/Edit Text - Account Number'

2021-10-12 14:58:29 - [TEST_STEP][PASSED] - hideKeyboard(): Keyboard is hidden

2021-10-12 14:58:35 - [MESSAGE][PASSED] - Keyboard is hidden

2021-10-12 14:58:35 - [TEST_STEP][PASSED] - delay(1): Delayed 1 second(s)

2021-10-12 14:58:36 - [MESSAGE][PASSED] - Delayed 1 second(s)

2021-10-12 14:58:36 - [TEST_STEP][PASSED] - tap(findTestObject("Object Repository/Mobile/Page/Register/Not Registered/Akun Bank/Edit Text - Name Owner"), 0, STOP_ON_FAILURE): Tapped on element 'Object Repository/Mobile/Page/Register/Not Registered/Akun Bank/Edit Text - Name Owner'

2021-10-12 14:58:37 - [MESSAGE][WARNING] - Timeout '0' is invalid. Using default page load timeout: '60'

2021-10-12 14:58:37 - [MESSAGE][PASSED] - Tapped on element 'Object Repository/Mobile/Page/Register/Not Registered/Akun Bank/Edit Text - Name Owner'

2021-10-12 14:58:37 - [TEST_STEP][PASSED] - setText(findTestObject("Object Repository/Mobile/Page/Register/Not Registered/Akun Bank/Edit Text - Name Owner"), nameowner, 0, STOP_ON_FAILURE): Text 'qatestingCUNarOLtQV' has been set to element 'Object Repository/Mobile/Page/Register/Not Registered/Akun Bank/Edit Text - Name Owner'

2021-10-12 14:58:37 - [MESSAGE][WARNING] - Timeout '0' is invalid. Using default page load timeout: '60'

2021-10-12 14:58:38 - [MESSAGE][PASSED] - Text 'qatestingCUNarOLtQV' has been set to element 'Object Repository/Mobile/Page/Register/Not Registered/Akun Bank/Edit Text - Name Owner'

2021-10-12 14:58:38 - [TEST_STEP][PASSED] - hideKeyboard(): Keyboard is hidden

2021-10-12 14:58:42 - [MESSAGE][PASSED] - Keyboard is hidden

2021-10-12 14:58:42 - [TEST_STEP][PASSED] - delay(1): Delayed 1 second(s)

2021-10-12 14:58:43 - [MESSAGE][PASSED] - Delayed 1 second(s)

2021-10-12 14:58:43 - [TEST_STEP][PASSED] - tap(findTestObject("Object Repository/Mobile/Page/Register/Not Registered/Akun Bank/Button - Next"), 0, STOP_ON_FAILURE): Tapped on element 'Object Repository/Mobile/Page/Register/Not Registered/Akun Bank/Button - Next'

2021-10-12 14:58:43 - [MESSAGE][WARNING] - Timeout '0' is invalid. Using default page load timeout: '60'

2021-10-12 14:58:44 - [MESSAGE][PASSED] - Tapped on element 'Object Repository/Mobile/Page/Register/Not Registered/Akun Bank/Button - Next'

2021-10-12 14:58:44 - [TEST_STEP][PASSED] - delay(1): Delayed 1 second(s)

2021-10-12 14:58:45 - [MESSAGE][PASSED] - Delayed 1 second(s)

2021-10-12 14:58:45 - [TEST_STEP][PASSED] - if (isUseReferralCode == 1): null

2021-10-12 14:58:45 - [TEST_STEP][PASSED] - if (isUseSignature == 1): Delayed 1 second(s)

2021-10-12 14:58:45 - [TEST_STEP][PASSED] - scroll.scroll.scrollSignature(): scroll.scroll.scrollSignature is PASSED

2021-10-12 14:58:45 - [MESSAGE][PASSED] - Current device physical height is 1423

2021-10-12 14:58:45 - [MESSAGE][PASSED] - Current device physical width is 720

2021-10-12 14:58:46 - [MESSAGE][PASSED] - Swiped from 240,853 to 480,853

2021-10-12 14:58:46 - [MESSAGE][PASSED] - scroll.scroll.scrollSignature is PASSED

2021-10-12 14:58:46 - [TEST_STEP][PASSED] - delay(1): Delayed 1 second(s)

2021-10-12 14:58:47 - [MESSAGE][PASSED] - Delayed 1 second(s)

2021-10-12 14:58:47 - [TEST_STEP][PASSED] - tap(findTestObject("Object Repository/Mobile/Page/Register/Not Registered/Konfirmasi/Checkbox - Agreement"), 0, STOP_ON_FAILURE): Tapped on element 'Object Repository/Mobile/Page/Register/Not Registered/Konfirmasi/Checkbox - Agreement'

2021-10-12 14:58:47 - [MESSAGE][WARNING] - Timeout '0' is invalid. Using default page load timeout: '60'

2021-10-12 14:58:48 - [MESSAGE][PASSED] - Tapped on element 'Object Repository/Mobile/Page/Register/Not Registered/Konfirmasi/Checkbox - Agreement'

2021-10-12 14:58:48 - [TEST_STEP][PASSED] - delay(1): Delayed 1 second(s)

2021-10-12 14:58:49 - [MESSAGE][PASSED] - Delayed 1 second(s)

2021-10-12 14:58:49 - [TEST_STEP][PASSED] - tap(findTestObject("Object Repository/Mobile/Page/Register/Not Registered/Konfirmasi/Button - Next"), 0, STOP_ON_FAILURE): Tapped on element 'Object Repository/Mobile/Page/Register/Not Registered/Konfirmasi/Button - Next'

2021-10-12 14:58:49 - [MESSAGE][WARNING] - Timeout '0' is invalid. Using default page load timeout: '60'

2021-10-12 14:58:50 - [MESSAGE][PASSED] - Tapped on element 'Object Repository/Mobile/Page/Register/Not Registered/Konfirmasi/Button - Next'

2021-10-12 14:58:50 - [TEST_STEP][PASSED] - delay(1): Delayed 1 second(s)

2021-10-12 14:58:51 - [MESSAGE][PASSED] - Delayed 1 second(s)

2021-10-12 14:58:51 - [TEST_STEP][PASSED] - tap(findTestObject("Object Repository/Mobile/Page/Register/Not Registered/Konfirmasi/Button - Back to Home"), 0, STOP_ON_FAILURE): Tapped on element 'Object Repository/Mobile/Page/Register/Not Registered/Konfirmasi/Button - Back to Home'

2021-10-12 14:58:51 - [MESSAGE][WARNING] - Timeout '0' is invalid. Using default page load timeout: '60'

2021-10-12 14:58:53 - [MESSAGE][PASSED] - Tapped on element 'Object Repository/Mobile/Page/Register/Not Registered/Konfirmasi/Button - Back to Home'

2021-10-12 14:58:53 - [TEST_STEP][PASSED] - delay(1): Delayed 1 second(s)

2021-10-12 14:58:54 - [MESSAGE][PASSED] - Delayed 1 second(s)

2021-10-12 14:58:54 - [MESSAGE][PASSED] - Call Test Case 'Test Cases/Mobile/Page/Register/Register' successfully]]></system-out>
         <system-err><![CDATA[]]></system-err>
      </testcase>
      <testcase name="Test Cases/Mobile/Scenario/Register/003 - Registrasi akun baru dengan alamat berbeda dengan KTP" time="216.808" classname="Test Cases/Mobile/Scenario/Register/003 - Registrasi akun baru dengan alamat berbeda dengan KTP" status="PASSED">
         <system-out><![CDATA[2021-10-12 14:58:54 - [TEST_CASE][PASSED] - Test Cases/Mobile/Scenario/Register/003 - Registrasi akun baru dengan alamat berbeda dengan KTP: Test Cases/Mobile/Scenario/Register/003 - Registrasi akun baru dengan alamat berbeda dengan KTP

2021-10-12 14:58:55 - [TEST_STEP][PASSED] - callTestCase(findTestCase("Mobile/Page/Run App/Run App byID"), [:], STOP_ON_FAILURE): Call Test Case 'Test Cases/Mobile/Page/Run App/Run App byID' successfully

2021-10-12 14:58:55 - [TEST_CASE][PASSED] - Test Cases/Mobile/Page/Run App/Run App byID: Test Cases/Mobile/Page/Run App/Run App byID

2021-10-12 14:58:55 - [TEST_STEP][PASSED] - startApp.OpenApp.startApplication("com.mirae.maxfund"): startApp.OpenApp.startApplication is PASSED

2021-10-12 14:59:08 - [MESSAGE][PASSED] - Starting app with application ID: 'com.mirae.maxfund'

2021-10-12 14:59:08 - [MESSAGE][PASSED] - startApp.OpenApp.startApplication is PASSED

2021-10-12 14:59:08 - [MESSAGE][PASSED] - Call Test Case 'Test Cases/Mobile/Page/Run App/Run App byID' successfully

2021-10-12 14:59:08 - [TEST_STEP][PASSED] - callTestCase(findTestCase("Mobile/Page/Register/Register"), ["isFromLoginPage":0, "isRegistered":0, "isBedaAlamat":1, "isUseSignature":1, "isUseReferralCode":0], STOP_ON_FAILURE): Call Test Case 'Test Cases/Mobile/Page/Register/Register' successfully

2021-10-12 14:59:08 - [TEST_CASE][PASSED] - Test Cases/Mobile/Page/Register/Register: Test Cases/Mobile/Page/Register/Register

2021-10-12 14:59:08 - [TEST_STEP][PASSED] - fullname = "qatesting" + acak.acak.randomStringWord(): acak.acak.randomStringWord is PASSED

2021-10-12 14:59:08 - [MESSAGE][PASSED] - acak.acak.randomStringWord is PASSED

2021-10-12 14:59:08 - [TEST_STEP][PASSED] - birthdate = "1/1/1998": null

2021-10-12 14:59:08 - [TEST_STEP][PASSED] - phone = "082257" + acak.acak.randomStringNumber(6): acak.acak.randomStringNumber is PASSED

2021-10-12 14:59:08 - [MESSAGE][PASSED] - acak.acak.randomStringNumber is PASSED

2021-10-12 14:59:08 - [TEST_STEP][PASSED] - email = fullname + "@gmail.com": null

2021-10-12 14:59:08 - [TEST_STEP][PASSED] - password = "Mirae1234": null

2021-10-12 14:59:08 - [TEST_STEP][PASSED] - branch = "qa cabang": null

2021-10-12 14:59:08 - [TEST_STEP][PASSED] - accountnumber = "222444222444": null

2021-10-12 14:59:08 - [TEST_STEP][PASSED] - nameowner = fullname: null

2021-10-12 14:59:08 - [TEST_STEP][PASSED] - alamat = "Jl. Cempaka Putih Barat 12 F No.12, RT.8/RW.8": null

2021-10-12 14:59:08 - [TEST_STEP][PASSED] - kodepos = "15412": null

2021-10-12 14:59:08 - [TEST_STEP][PASSED] - referralcode = "15412": null

2021-10-12 14:59:08 - [TEST_STEP][PASSED] - if (isFromLoginPage == 1): null

2021-10-12 14:59:08 - [TEST_STEP][PASSED] - else: Delayed 1 second(s)

2021-10-12 14:59:08 - [TEST_STEP][PASSED] - tap(findTestObject("Object Repository/Mobile/Page/Dashboard/Button - Register"), 0, STOP_ON_FAILURE): Tapped on element 'Object Repository/Mobile/Page/Dashboard/Button - Register'

2021-10-12 14:59:08 - [MESSAGE][WARNING] - Timeout '0' is invalid. Using default page load timeout: '60'

2021-10-12 14:59:10 - [MESSAGE][PASSED] - Tapped on element 'Object Repository/Mobile/Page/Dashboard/Button - Register'

2021-10-12 14:59:10 - [TEST_STEP][PASSED] - delay(1): Delayed 1 second(s)

2021-10-12 14:59:11 - [MESSAGE][PASSED] - Delayed 1 second(s)

2021-10-12 14:59:11 - [TEST_STEP][PASSED] - if (isRegistered == 1): null

2021-10-12 14:59:11 - [TEST_STEP][PASSED] - else: Delayed 1 second(s)

2021-10-12 14:59:11 - [TEST_STEP][PASSED] - tap(findTestObject("Object Repository/Mobile/Page/Register/Radio Button - Not registered yet"), 0, STOP_ON_FAILURE): Tapped on element 'Object Repository/Mobile/Page/Register/Radio Button - Not registered yet'

2021-10-12 14:59:11 - [MESSAGE][WARNING] - Timeout '0' is invalid. Using default page load timeout: '60'

2021-10-12 14:59:12 - [MESSAGE][PASSED] - Tapped on element 'Object Repository/Mobile/Page/Register/Radio Button - Not registered yet'

2021-10-12 14:59:12 - [TEST_STEP][PASSED] - delay(1): Delayed 1 second(s)

2021-10-12 14:59:13 - [MESSAGE][PASSED] - Delayed 1 second(s)

2021-10-12 14:59:13 - [TEST_STEP][PASSED] - tap(findTestObject("Object Repository/Mobile/Page/Register/Not Registered/Button - Next"), 0, STOP_ON_FAILURE): Tapped on element 'Object Repository/Mobile/Page/Register/Not Registered/Button - Next'

2021-10-12 14:59:13 - [MESSAGE][WARNING] - Timeout '0' is invalid. Using default page load timeout: '60'

2021-10-12 14:59:14 - [MESSAGE][PASSED] - Tapped on element 'Object Repository/Mobile/Page/Register/Not Registered/Button - Next'

2021-10-12 14:59:14 - [TEST_STEP][PASSED] - delay(1): Delayed 1 second(s)

2021-10-12 14:59:15 - [MESSAGE][PASSED] - Delayed 1 second(s)

2021-10-12 14:59:15 - [TEST_STEP][PASSED] - tap(findTestObject("Object Repository/Mobile/Page/Register/Not Registered/Informasi Pribadi/Edit Text - Fullname"), 0, STOP_ON_FAILURE): Tapped on element 'Object Repository/Mobile/Page/Register/Not Registered/Informasi Pribadi/Edit Text - Fullname'

2021-10-12 14:59:15 - [MESSAGE][WARNING] - Timeout '0' is invalid. Using default page load timeout: '60'

2021-10-12 14:59:16 - [MESSAGE][PASSED] - Tapped on element 'Object Repository/Mobile/Page/Register/Not Registered/Informasi Pribadi/Edit Text - Fullname'

2021-10-12 14:59:16 - [TEST_STEP][PASSED] - setText(findTestObject("Object Repository/Mobile/Page/Register/Not Registered/Informasi Pribadi/Edit Text - Fullname"), fullname, 0): Text 'qatestinghiJTviiPVz' has been set to element 'Object Repository/Mobile/Page/Register/Not Registered/Informasi Pribadi/Edit Text - Fullname'

2021-10-12 14:59:16 - [MESSAGE][WARNING] - Timeout '0' is invalid. Using default page load timeout: '60'

2021-10-12 14:59:17 - [MESSAGE][PASSED] - Text 'qatestinghiJTviiPVz' has been set to element 'Object Repository/Mobile/Page/Register/Not Registered/Informasi Pribadi/Edit Text - Fullname'

2021-10-12 14:59:17 - [TEST_STEP][PASSED] - hideKeyboard(): Keyboard is hidden

2021-10-12 14:59:21 - [MESSAGE][PASSED] - Keyboard is hidden

2021-10-12 14:59:21 - [TEST_STEP][PASSED] - delay(1): Delayed 1 second(s)

2021-10-12 14:59:22 - [MESSAGE][PASSED] - Delayed 1 second(s)

2021-10-12 14:59:22 - [TEST_STEP][PASSED] - tap(findTestObject("Object Repository/Mobile/Page/Register/Not Registered/Informasi Pribadi/Date Picker - Date of Birth"), 0, STOP_ON_FAILURE): Tapped on element 'Object Repository/Mobile/Page/Register/Not Registered/Informasi Pribadi/Date Picker - Date of Birth'

2021-10-12 14:59:22 - [MESSAGE][WARNING] - Timeout '0' is invalid. Using default page load timeout: '60'

2021-10-12 14:59:23 - [MESSAGE][PASSED] - Tapped on element 'Object Repository/Mobile/Page/Register/Not Registered/Informasi Pribadi/Date Picker - Date of Birth'

2021-10-12 14:59:23 - [TEST_STEP][PASSED] - tap(findTestObject("Object Repository/Mobile/Page/Register/Not Registered/Informasi Pribadi/Date Picker - Icon Edit"), 0, STOP_ON_FAILURE): Tapped on element 'Object Repository/Mobile/Page/Register/Not Registered/Informasi Pribadi/Date Picker - Icon Edit'

2021-10-12 14:59:23 - [MESSAGE][WARNING] - Timeout '0' is invalid. Using default page load timeout: '60'

2021-10-12 14:59:25 - [MESSAGE][PASSED] - Tapped on element 'Object Repository/Mobile/Page/Register/Not Registered/Informasi Pribadi/Date Picker - Icon Edit'

2021-10-12 14:59:25 - [TEST_STEP][PASSED] - setText(findTestObject("Mobile/Page/Register/Not Registered/Informasi Pribadi/Date Picker - Edit Text Date"), birthdate, 0): Text '1/1/1998' has been set to element 'Object Repository/Mobile/Page/Register/Not Registered/Informasi Pribadi/Date Picker - Edit Text Date'

2021-10-12 14:59:25 - [MESSAGE][WARNING] - Timeout '0' is invalid. Using default page load timeout: '60'

2021-10-12 14:59:26 - [MESSAGE][PASSED] - Text '1/1/1998' has been set to element 'Object Repository/Mobile/Page/Register/Not Registered/Informasi Pribadi/Date Picker - Edit Text Date'

2021-10-12 14:59:26 - [TEST_STEP][PASSED] - tap(findTestObject("Mobile/Page/Register/Not Registered/Informasi Pribadi/Date Picker - Button OK"), 0, STOP_ON_FAILURE): Tapped on element 'Object Repository/Mobile/Page/Register/Not Registered/Informasi Pribadi/Date Picker - Button OK'

2021-10-12 14:59:26 - [MESSAGE][WARNING] - Timeout '0' is invalid. Using default page load timeout: '60'

2021-10-12 14:59:28 - [MESSAGE][PASSED] - Tapped on element 'Object Repository/Mobile/Page/Register/Not Registered/Informasi Pribadi/Date Picker - Button OK'

2021-10-12 14:59:28 - [TEST_STEP][PASSED] - delay(1): Delayed 1 second(s)

2021-10-12 14:59:29 - [MESSAGE][PASSED] - Delayed 1 second(s)

2021-10-12 14:59:29 - [TEST_STEP][PASSED] - tap(findTestObject("Object Repository/Mobile/Page/Register/Not Registered/Informasi Pribadi/Edit Text - Phone Number"), 0, STOP_ON_FAILURE): Tapped on element 'Object Repository/Mobile/Page/Register/Not Registered/Informasi Pribadi/Edit Text - Phone Number'

2021-10-12 14:59:29 - [MESSAGE][WARNING] - Timeout '0' is invalid. Using default page load timeout: '60'

2021-10-12 14:59:29 - [MESSAGE][PASSED] - Tapped on element 'Object Repository/Mobile/Page/Register/Not Registered/Informasi Pribadi/Edit Text - Phone Number'

2021-10-12 14:59:29 - [TEST_STEP][PASSED] - setText(findTestObject("Object Repository/Mobile/Page/Register/Not Registered/Informasi Pribadi/Edit Text - Phone Number"), phone, 0): Text '082257838572' has been set to element 'Object Repository/Mobile/Page/Register/Not Registered/Informasi Pribadi/Edit Text - Phone Number'

2021-10-12 14:59:30 - [MESSAGE][WARNING] - Timeout '0' is invalid. Using default page load timeout: '60'

2021-10-12 14:59:31 - [MESSAGE][PASSED] - Text '082257838572' has been set to element 'Object Repository/Mobile/Page/Register/Not Registered/Informasi Pribadi/Edit Text - Phone Number'

2021-10-12 14:59:31 - [TEST_STEP][PASSED] - hideKeyboard(): Keyboard is hidden

2021-10-12 14:59:37 - [MESSAGE][PASSED] - Keyboard is hidden

2021-10-12 14:59:37 - [TEST_STEP][PASSED] - delay(1): Delayed 1 second(s)

2021-10-12 14:59:38 - [MESSAGE][PASSED] - Delayed 1 second(s)

2021-10-12 14:59:38 - [TEST_STEP][PASSED] - tap(findTestObject("Object Repository/Mobile/Page/Register/Not Registered/Informasi Pribadi/Edit Text - Re Phone Number"), 0, STOP_ON_FAILURE): Tapped on element 'Object Repository/Mobile/Page/Register/Not Registered/Informasi Pribadi/Edit Text - Re Phone Number'

2021-10-12 14:59:38 - [MESSAGE][WARNING] - Timeout '0' is invalid. Using default page load timeout: '60'

2021-10-12 14:59:39 - [MESSAGE][PASSED] - Tapped on element 'Object Repository/Mobile/Page/Register/Not Registered/Informasi Pribadi/Edit Text - Re Phone Number'

2021-10-12 14:59:39 - [TEST_STEP][PASSED] - setText(findTestObject("Object Repository/Mobile/Page/Register/Not Registered/Informasi Pribadi/Edit Text - Re Phone Number"), phone, 0): Text '082257838572' has been set to element 'Object Repository/Mobile/Page/Register/Not Registered/Informasi Pribadi/Edit Text - Re Phone Number'

2021-10-12 14:59:39 - [MESSAGE][WARNING] - Timeout '0' is invalid. Using default page load timeout: '60'

2021-10-12 14:59:40 - [MESSAGE][PASSED] - Text '082257838572' has been set to element 'Object Repository/Mobile/Page/Register/Not Registered/Informasi Pribadi/Edit Text - Re Phone Number'

2021-10-12 14:59:40 - [TEST_STEP][PASSED] - hideKeyboard(): Keyboard is hidden

2021-10-12 14:59:46 - [MESSAGE][PASSED] - Keyboard is hidden

2021-10-12 14:59:46 - [TEST_STEP][PASSED] - delay(1): Delayed 1 second(s)

2021-10-12 14:59:47 - [MESSAGE][PASSED] - Delayed 1 second(s)

2021-10-12 14:59:47 - [TEST_STEP][PASSED] - tap(findTestObject("Object Repository/Mobile/Page/Register/Not Registered/Informasi Pribadi/Edit Text - Email"), 0, STOP_ON_FAILURE): Tapped on element 'Object Repository/Mobile/Page/Register/Not Registered/Informasi Pribadi/Edit Text - Email'

2021-10-12 14:59:47 - [MESSAGE][WARNING] - Timeout '0' is invalid. Using default page load timeout: '60'

2021-10-12 14:59:48 - [MESSAGE][PASSED] - Tapped on element 'Object Repository/Mobile/Page/Register/Not Registered/Informasi Pribadi/Edit Text - Email'

2021-10-12 14:59:48 - [TEST_STEP][PASSED] - setText(findTestObject("Object Repository/Mobile/Page/Register/Not Registered/Informasi Pribadi/Edit Text - Email"), email, 0): Text 'qatestinghiJTviiPVz@gmail.com' has been set to element 'Object Repository/Mobile/Page/Register/Not Registered/Informasi Pribadi/Edit Text - Email'

2021-10-12 14:59:48 - [MESSAGE][WARNING] - Timeout '0' is invalid. Using default page load timeout: '60'

2021-10-12 14:59:49 - [MESSAGE][PASSED] - Text 'qatestinghiJTviiPVz@gmail.com' has been set to element 'Object Repository/Mobile/Page/Register/Not Registered/Informasi Pribadi/Edit Text - Email'

2021-10-12 14:59:49 - [TEST_STEP][PASSED] - hideKeyboard(): Keyboard is hidden

2021-10-12 14:59:53 - [MESSAGE][PASSED] - Keyboard is hidden

2021-10-12 14:59:53 - [TEST_STEP][PASSED] - delay(1): Delayed 1 second(s)

2021-10-12 14:59:54 - [MESSAGE][PASSED] - Delayed 1 second(s)

2021-10-12 14:59:54 - [TEST_STEP][PASSED] - tap(findTestObject("Object Repository/Mobile/Page/Register/Not Registered/Informasi Pribadi/Edit Text - Re Email"), 0, STOP_ON_FAILURE): Tapped on element 'Object Repository/Mobile/Page/Register/Not Registered/Informasi Pribadi/Edit Text - Re Email'

2021-10-12 14:59:54 - [MESSAGE][WARNING] - Timeout '0' is invalid. Using default page load timeout: '60'

2021-10-12 14:59:54 - [MESSAGE][PASSED] - Tapped on element 'Object Repository/Mobile/Page/Register/Not Registered/Informasi Pribadi/Edit Text - Re Email'

2021-10-12 14:59:54 - [TEST_STEP][PASSED] - setText(findTestObject("Object Repository/Mobile/Page/Register/Not Registered/Informasi Pribadi/Edit Text - Re Email"), email, 0): Text 'qatestinghiJTviiPVz@gmail.com' has been set to element 'Object Repository/Mobile/Page/Register/Not Registered/Informasi Pribadi/Edit Text - Re Email'

2021-10-12 14:59:54 - [MESSAGE][WARNING] - Timeout '0' is invalid. Using default page load timeout: '60'

2021-10-12 14:59:56 - [MESSAGE][PASSED] - Text 'qatestinghiJTviiPVz@gmail.com' has been set to element 'Object Repository/Mobile/Page/Register/Not Registered/Informasi Pribadi/Edit Text - Re Email'

2021-10-12 14:59:56 - [TEST_STEP][PASSED] - hideKeyboard(): Keyboard is hidden

2021-10-12 15:00:00 - [MESSAGE][PASSED] - Keyboard is hidden

2021-10-12 15:00:00 - [TEST_STEP][PASSED] - delay(1): Delayed 1 second(s)

2021-10-12 15:00:01 - [MESSAGE][PASSED] - Delayed 1 second(s)

2021-10-12 15:00:01 - [TEST_STEP][PASSED] - tap(findTestObject("Object Repository/Mobile/Page/Register/Not Registered/Informasi Pribadi/Edit Text - Password"), 0, STOP_ON_FAILURE): Tapped on element 'Object Repository/Mobile/Page/Register/Not Registered/Informasi Pribadi/Edit Text - Password'

2021-10-12 15:00:01 - [MESSAGE][WARNING] - Timeout '0' is invalid. Using default page load timeout: '60'

2021-10-12 15:00:01 - [MESSAGE][PASSED] - Tapped on element 'Object Repository/Mobile/Page/Register/Not Registered/Informasi Pribadi/Edit Text - Password'

2021-10-12 15:00:01 - [TEST_STEP][PASSED] - setText(findTestObject("Object Repository/Mobile/Page/Register/Not Registered/Informasi Pribadi/Edit Text - Password"), password, 0): Text 'Mirae1234' has been set to element 'Object Repository/Mobile/Page/Register/Not Registered/Informasi Pribadi/Edit Text - Password'

2021-10-12 15:00:01 - [MESSAGE][WARNING] - Timeout '0' is invalid. Using default page load timeout: '60'

2021-10-12 15:00:03 - [MESSAGE][PASSED] - Text 'Mirae1234' has been set to element 'Object Repository/Mobile/Page/Register/Not Registered/Informasi Pribadi/Edit Text - Password'

2021-10-12 15:00:03 - [TEST_STEP][PASSED] - hideKeyboard(): Keyboard is hidden

2021-10-12 15:00:09 - [MESSAGE][PASSED] - Keyboard is hidden

2021-10-12 15:00:09 - [TEST_STEP][PASSED] - delay(1): Delayed 1 second(s)

2021-10-12 15:00:10 - [MESSAGE][PASSED] - Delayed 1 second(s)

2021-10-12 15:00:10 - [TEST_STEP][PASSED] - tap(findTestObject("Object Repository/Mobile/Page/Register/Not Registered/Informasi Pribadi/Edit Text - Re Password"), 0, STOP_ON_FAILURE): Tapped on element 'Object Repository/Mobile/Page/Register/Not Registered/Informasi Pribadi/Edit Text - Re Password'

2021-10-12 15:00:10 - [MESSAGE][WARNING] - Timeout '0' is invalid. Using default page load timeout: '60'

2021-10-12 15:00:11 - [MESSAGE][PASSED] - Tapped on element 'Object Repository/Mobile/Page/Register/Not Registered/Informasi Pribadi/Edit Text - Re Password'

2021-10-12 15:00:11 - [TEST_STEP][PASSED] - setText(findTestObject("Object Repository/Mobile/Page/Register/Not Registered/Informasi Pribadi/Edit Text - Re Password"), password, 0): Text 'Mirae1234' has been set to element 'Object Repository/Mobile/Page/Register/Not Registered/Informasi Pribadi/Edit Text - Re Password'

2021-10-12 15:00:11 - [MESSAGE][WARNING] - Timeout '0' is invalid. Using default page load timeout: '60'

2021-10-12 15:00:12 - [MESSAGE][PASSED] - Text 'Mirae1234' has been set to element 'Object Repository/Mobile/Page/Register/Not Registered/Informasi Pribadi/Edit Text - Re Password'

2021-10-12 15:00:12 - [TEST_STEP][PASSED] - hideKeyboard(): Keyboard is hidden

2021-10-12 15:00:19 - [MESSAGE][PASSED] - Keyboard is hidden

2021-10-12 15:00:19 - [TEST_STEP][PASSED] - delay(1): Delayed 1 second(s)

2021-10-12 15:00:20 - [MESSAGE][PASSED] - Delayed 1 second(s)

2021-10-12 15:00:20 - [TEST_STEP][PASSED] - if (isBedaAlamat == 1): Delayed 1 second(s)

2021-10-12 15:00:20 - [TEST_STEP][PASSED] - tap(findTestObject("Object Repository/Mobile/Page/Register/Not Registered/Informasi Pribadi/Radio Button - Address different"), 0, STOP_ON_FAILURE): Tapped on element 'Object Repository/Mobile/Page/Register/Not Registered/Informasi Pribadi/Radio Button - Address different'

2021-10-12 15:00:20 - [MESSAGE][WARNING] - Timeout '0' is invalid. Using default page load timeout: '60'

2021-10-12 15:00:21 - [MESSAGE][PASSED] - Tapped on element 'Object Repository/Mobile/Page/Register/Not Registered/Informasi Pribadi/Radio Button - Address different'

2021-10-12 15:00:21 - [TEST_STEP][PASSED] - delay(1): Delayed 1 second(s)

2021-10-12 15:00:22 - [MESSAGE][PASSED] - Delayed 1 second(s)

2021-10-12 15:00:22 - [TEST_STEP][PASSED] - tap(findTestObject("Object Repository/Mobile/Page/Register/Not Registered/Informasi Pribadi/Address Different/Edit Text - Mailing Address"), 0, STOP_ON_FAILURE): Tapped on element 'Object Repository/Mobile/Page/Register/Not Registered/Informasi Pribadi/Address Different/Edit Text - Mailing Address'

2021-10-12 15:00:22 - [MESSAGE][WARNING] - Timeout '0' is invalid. Using default page load timeout: '60'

2021-10-12 15:00:22 - [MESSAGE][PASSED] - Tapped on element 'Object Repository/Mobile/Page/Register/Not Registered/Informasi Pribadi/Address Different/Edit Text - Mailing Address'

2021-10-12 15:00:22 - [TEST_STEP][PASSED] - setText(findTestObject("Object Repository/Mobile/Page/Register/Not Registered/Informasi Pribadi/Address Different/Edit Text - Mailing Address"), alamat, 0): Text 'Jl. Cempaka Putih Barat 12 F No.12, RT.8/RW.8' has been set to element 'Object Repository/Mobile/Page/Register/Not Registered/Informasi Pribadi/Address Different/Edit Text - Mailing Address'

2021-10-12 15:00:22 - [MESSAGE][WARNING] - Timeout '0' is invalid. Using default page load timeout: '60'

2021-10-12 15:00:24 - [MESSAGE][PASSED] - Text 'Jl. Cempaka Putih Barat 12 F No.12, RT.8/RW.8' has been set to element 'Object Repository/Mobile/Page/Register/Not Registered/Informasi Pribadi/Address Different/Edit Text - Mailing Address'

2021-10-12 15:00:24 - [TEST_STEP][PASSED] - hideKeyboard(): Keyboard is hidden

2021-10-12 15:00:27 - [MESSAGE][PASSED] - Keyboard is hidden

2021-10-12 15:00:27 - [TEST_STEP][PASSED] - delay(1): Delayed 1 second(s)

2021-10-12 15:00:28 - [MESSAGE][PASSED] - Delayed 1 second(s)

2021-10-12 15:00:28 - [TEST_STEP][PASSED] - tapAndHold(findTestObject("Object Repository/Mobile/Page/Register/Not Registered/Informasi Pribadi/Address Different/Dropdown - Province"), 1, 0, STOP_ON_FAILURE): Tapped and held on element 'Object Repository/Mobile/Page/Register/Not Registered/Informasi Pribadi/Address Different/Dropdown - Province' with duration 1

2021-10-12 15:00:28 - [MESSAGE][WARNING] - Timeout '0' is invalid. Using default page load timeout: '60'

2021-10-12 15:00:31 - [MESSAGE][PASSED] - Tapped and held on element 'Object Repository/Mobile/Page/Register/Not Registered/Informasi Pribadi/Address Different/Dropdown - Province' with duration 1

2021-10-12 15:00:31 - [TEST_STEP][PASSED] - tap(findTestObject("Object Repository/Mobile/Page/Register/Not Registered/Informasi Pribadi/Address Different/Dropdown - Province Option DKI Jakarta"), 0, STOP_ON_FAILURE): Tapped on element 'Object Repository/Mobile/Page/Register/Not Registered/Informasi Pribadi/Address Different/Dropdown - Province Option DKI Jakarta'

2021-10-12 15:00:31 - [MESSAGE][WARNING] - Timeout '0' is invalid. Using default page load timeout: '60'

2021-10-12 15:00:33 - [MESSAGE][PASSED] - Tapped on element 'Object Repository/Mobile/Page/Register/Not Registered/Informasi Pribadi/Address Different/Dropdown - Province Option DKI Jakarta'

2021-10-12 15:00:33 - [TEST_STEP][PASSED] - delay(2): Delayed 2 second(s)

2021-10-12 15:00:35 - [MESSAGE][PASSED] - Delayed 2 second(s)

2021-10-12 15:00:35 - [TEST_STEP][PASSED] - hideKeyboard(): Keyboard is hidden

2021-10-12 15:00:38 - [MESSAGE][PASSED] - Keyboard is hidden

2021-10-12 15:00:38 - [TEST_STEP][PASSED] - delay(1): Delayed 1 second(s)

2021-10-12 15:00:39 - [MESSAGE][PASSED] - Delayed 1 second(s)

2021-10-12 15:00:39 - [TEST_STEP][PASSED] - tapAndHold(findTestObject("Object Repository/Mobile/Page/Register/Not Registered/Informasi Pribadi/Address Different/Dropdown - City"), 1, 0, STOP_ON_FAILURE): Tapped and held on element 'Object Repository/Mobile/Page/Register/Not Registered/Informasi Pribadi/Address Different/Dropdown - City' with duration 1

2021-10-12 15:00:39 - [MESSAGE][WARNING] - Timeout '0' is invalid. Using default page load timeout: '60'

2021-10-12 15:00:42 - [MESSAGE][PASSED] - Tapped and held on element 'Object Repository/Mobile/Page/Register/Not Registered/Informasi Pribadi/Address Different/Dropdown - City' with duration 1

2021-10-12 15:00:42 - [TEST_STEP][PASSED] - tap(findTestObject("Object Repository/Mobile/Page/Register/Not Registered/Informasi Pribadi/Address Different/Dropdown - City Option Jakarta Pusat"), 0, STOP_ON_FAILURE): Tapped on element 'Object Repository/Mobile/Page/Register/Not Registered/Informasi Pribadi/Address Different/Dropdown - City Option Jakarta Pusat'

2021-10-12 15:00:42 - [MESSAGE][WARNING] - Timeout '0' is invalid. Using default page load timeout: '60'

2021-10-12 15:00:44 - [MESSAGE][PASSED] - Tapped on element 'Object Repository/Mobile/Page/Register/Not Registered/Informasi Pribadi/Address Different/Dropdown - City Option Jakarta Pusat'

2021-10-12 15:00:44 - [TEST_STEP][PASSED] - delay(2): Delayed 2 second(s)

2021-10-12 15:00:46 - [MESSAGE][PASSED] - Delayed 2 second(s)

2021-10-12 15:00:46 - [TEST_STEP][PASSED] - hideKeyboard(): Keyboard is hidden

2021-10-12 15:00:49 - [MESSAGE][PASSED] - Keyboard is hidden

2021-10-12 15:00:49 - [TEST_STEP][PASSED] - delay(1): Delayed 1 second(s)

2021-10-12 15:00:51 - [MESSAGE][PASSED] - Delayed 1 second(s)

2021-10-12 15:00:51 - [TEST_STEP][PASSED] - tap(findTestObject("Object Repository/Mobile/Page/Register/Not Registered/Informasi Pribadi/Address Different/Edit Text - Postal Code"), 0, STOP_ON_FAILURE): Tapped on element 'Object Repository/Mobile/Page/Register/Not Registered/Informasi Pribadi/Address Different/Edit Text - Postal Code'

2021-10-12 15:00:51 - [MESSAGE][WARNING] - Timeout '0' is invalid. Using default page load timeout: '60'

2021-10-12 15:00:51 - [MESSAGE][PASSED] - Tapped on element 'Object Repository/Mobile/Page/Register/Not Registered/Informasi Pribadi/Address Different/Edit Text - Postal Code'

2021-10-12 15:00:51 - [TEST_STEP][PASSED] - setText(findTestObject("Object Repository/Mobile/Page/Register/Not Registered/Informasi Pribadi/Address Different/Edit Text - Postal Code"), kodepos, 0): Text '15412' has been set to element 'Object Repository/Mobile/Page/Register/Not Registered/Informasi Pribadi/Address Different/Edit Text - Postal Code'

2021-10-12 15:00:51 - [MESSAGE][WARNING] - Timeout '0' is invalid. Using default page load timeout: '60'

2021-10-12 15:00:52 - [MESSAGE][PASSED] - Text '15412' has been set to element 'Object Repository/Mobile/Page/Register/Not Registered/Informasi Pribadi/Address Different/Edit Text - Postal Code'

2021-10-12 15:00:52 - [TEST_STEP][PASSED] - hideKeyboard(): Keyboard is hidden

2021-10-12 15:00:59 - [MESSAGE][PASSED] - Keyboard is hidden

2021-10-12 15:00:59 - [TEST_STEP][PASSED] - delay(1): Delayed 1 second(s)

2021-10-12 15:01:00 - [MESSAGE][PASSED] - Delayed 1 second(s)

2021-10-12 15:01:00 - [TEST_STEP][PASSED] - tap(findTestObject("Object Repository/Mobile/Page/Register/Not Registered/Informasi Pribadi/Button - Icon KTP"), 0, STOP_ON_FAILURE): Tapped on element 'Object Repository/Mobile/Page/Register/Not Registered/Informasi Pribadi/Button - Icon KTP'

2021-10-12 15:01:00 - [MESSAGE][WARNING] - Timeout '0' is invalid. Using default page load timeout: '60'

2021-10-12 15:01:01 - [MESSAGE][PASSED] - Tapped on element 'Object Repository/Mobile/Page/Register/Not Registered/Informasi Pribadi/Button - Icon KTP'

2021-10-12 15:01:01 - [TEST_STEP][PASSED] - permission = verifyElementExist(findTestObject("Object Repository/Mobile/Page/Register/Not Registered/Informasi Pribadi/Permission - Only this time"), 1, OPTIONAL): Element 'Object Repository/Mobile/Page/Register/Not Registered/Informasi Pribadi/Permission - Only this time' not found

2021-10-12 15:01:03 - [MESSAGE][WARNING] - Element 'Object Repository/Mobile/Page/Register/Not Registered/Informasi Pribadi/Permission - Only this time' not found
[[ATTACHMENT|C:\\Users\\Owner\\Documents\\kerjaan\\KatalonProject\\qa-katalon-maxfund\\Reports\\20211012_145548\\Register\\20211012_145548\\1634025662625.png]]

2021-10-12 15:01:03 - [TEST_STEP][PASSED] - if (permission): null

2021-10-12 15:01:03 - [TEST_STEP][PASSED] - permission = verifyElementExist(findTestObject("Object Repository/Mobile/Page/Register/Not Registered/Informasi Pribadi/Permission - Only this time"), 1, OPTIONAL): Element 'Object Repository/Mobile/Page/Register/Not Registered/Informasi Pribadi/Permission - Only this time' not found

2021-10-12 15:01:06 - [MESSAGE][WARNING] - Element 'Object Repository/Mobile/Page/Register/Not Registered/Informasi Pribadi/Permission - Only this time' not found
[[ATTACHMENT|C:\\Users\\Owner\\Documents\\kerjaan\\KatalonProject\\qa-katalon-maxfund\\Reports\\20211012_145548\\Register\\20211012_145548\\1634025665015.png]]

2021-10-12 15:01:06 - [TEST_STEP][PASSED] - if (permission): null

2021-10-12 15:01:06 - [TEST_STEP][PASSED] - tap(findTestObject("Object Repository/Mobile/Page/Register/Not Registered/Informasi Pribadi/Button - Capture KTP"), 0, STOP_ON_FAILURE): Tapped on element 'Object Repository/Mobile/Page/Register/Not Registered/Informasi Pribadi/Button - Capture KTP'

2021-10-12 15:01:06 - [MESSAGE][WARNING] - Timeout '0' is invalid. Using default page load timeout: '60'

2021-10-12 15:01:07 - [MESSAGE][PASSED] - Tapped on element 'Object Repository/Mobile/Page/Register/Not Registered/Informasi Pribadi/Button - Capture KTP'

2021-10-12 15:01:07 - [TEST_STEP][PASSED] - delay(2): Delayed 2 second(s)

2021-10-12 15:01:09 - [MESSAGE][PASSED] - Delayed 2 second(s)

2021-10-12 15:01:09 - [TEST_STEP][PASSED] - hideKeyboard(): Keyboard is hidden

2021-10-12 15:01:17 - [MESSAGE][PASSED] - Keyboard is hidden

2021-10-12 15:01:17 - [TEST_STEP][PASSED] - delay(1): Delayed 1 second(s)

2021-10-12 15:01:18 - [MESSAGE][PASSED] - Delayed 1 second(s)

2021-10-12 15:01:18 - [TEST_STEP][PASSED] - scroll.scroll.scrollToBottomOpenKeyboard(): scroll.scroll.scrollToBottomOpenKeyboard is PASSED

2021-10-12 15:01:18 - [MESSAGE][PASSED] - Current device physical height is 1423

2021-10-12 15:01:18 - [MESSAGE][PASSED] - Current device physical width is 720

2021-10-12 15:01:19 - [MESSAGE][PASSED] - Swiped from 360,853 to 360,284

2021-10-12 15:01:19 - [MESSAGE][PASSED] - scroll.scroll.scrollToBottomOpenKeyboard is PASSED

2021-10-12 15:01:19 - [TEST_STEP][PASSED] - tap(findTestObject("Object Repository/Mobile/Page/Register/Not Registered/Informasi Pribadi/Button - Icon Face with KTP"), 0, STOP_ON_FAILURE): Tapped on element 'Object Repository/Mobile/Page/Register/Not Registered/Informasi Pribadi/Button - Icon Face with KTP'

2021-10-12 15:01:19 - [MESSAGE][WARNING] - Timeout '0' is invalid. Using default page load timeout: '60'

2021-10-12 15:01:21 - [MESSAGE][PASSED] - Tapped on element 'Object Repository/Mobile/Page/Register/Not Registered/Informasi Pribadi/Button - Icon Face with KTP'

2021-10-12 15:01:21 - [TEST_STEP][PASSED] - permission = verifyElementExist(findTestObject("Object Repository/Mobile/Page/Register/Not Registered/Informasi Pribadi/Permission - Only this time"), 1, OPTIONAL): Element 'Object Repository/Mobile/Page/Register/Not Registered/Informasi Pribadi/Permission - Only this time' not found

2021-10-12 15:01:24 - [MESSAGE][WARNING] - Element 'Object Repository/Mobile/Page/Register/Not Registered/Informasi Pribadi/Permission - Only this time' not found
[[ATTACHMENT|C:\\Users\\Owner\\Documents\\kerjaan\\KatalonProject\\qa-katalon-maxfund\\Reports\\20211012_145548\\Register\\20211012_145548\\1634025682569.png]]

2021-10-12 15:01:24 - [TEST_STEP][PASSED] - if (permission): null

2021-10-12 15:01:24 - [TEST_STEP][PASSED] - permission = verifyElementExist(findTestObject("Object Repository/Mobile/Page/Register/Not Registered/Informasi Pribadi/Permission - Only this time"), 1, OPTIONAL): Element 'Object Repository/Mobile/Page/Register/Not Registered/Informasi Pribadi/Permission - Only this time' not found

2021-10-12 15:01:26 - [MESSAGE][WARNING] - Element 'Object Repository/Mobile/Page/Register/Not Registered/Informasi Pribadi/Permission - Only this time' not found
[[ATTACHMENT|C:\\Users\\Owner\\Documents\\kerjaan\\KatalonProject\\qa-katalon-maxfund\\Reports\\20211012_145548\\Register\\20211012_145548\\1634025685261.png]]

2021-10-12 15:01:26 - [TEST_STEP][PASSED] - if (permission): null

2021-10-12 15:01:26 - [TEST_STEP][PASSED] - tap(findTestObject("Object Repository/Mobile/Page/Register/Not Registered/Informasi Pribadi/Button - Capture Face with KTP"), 0, STOP_ON_FAILURE): Tapped on element 'Object Repository/Mobile/Page/Register/Not Registered/Informasi Pribadi/Button - Capture Face with KTP'

2021-10-12 15:01:26 - [MESSAGE][WARNING] - Timeout '0' is invalid. Using default page load timeout: '60'

2021-10-12 15:01:29 - [MESSAGE][PASSED] - Tapped on element 'Object Repository/Mobile/Page/Register/Not Registered/Informasi Pribadi/Button - Capture Face with KTP'

2021-10-12 15:01:29 - [TEST_STEP][PASSED] - delay(2): Delayed 2 second(s)

2021-10-12 15:01:31 - [MESSAGE][PASSED] - Delayed 2 second(s)

2021-10-12 15:01:31 - [TEST_STEP][PASSED] - hideKeyboard(): Keyboard is hidden

2021-10-12 15:01:37 - [MESSAGE][PASSED] - Keyboard is hidden

2021-10-12 15:01:37 - [TEST_STEP][PASSED] - delay(1): Delayed 1 second(s)

2021-10-12 15:01:38 - [MESSAGE][PASSED] - Delayed 1 second(s)

2021-10-12 15:01:38 - [TEST_STEP][PASSED] - scroll.scroll.scrollToBottomOpenKeyboard(): scroll.scroll.scrollToBottomOpenKeyboard is PASSED

2021-10-12 15:01:38 - [MESSAGE][PASSED] - Current device physical height is 1423

2021-10-12 15:01:38 - [MESSAGE][PASSED] - Current device physical width is 720

2021-10-12 15:01:39 - [MESSAGE][PASSED] - Swiped from 360,853 to 360,284

2021-10-12 15:01:39 - [MESSAGE][PASSED] - scroll.scroll.scrollToBottomOpenKeyboard is PASSED

2021-10-12 15:01:39 - [TEST_STEP][PASSED] - tap(findTestObject("Object Repository/Mobile/Page/Register/Not Registered/Informasi Pribadi/Radio Button - Low Risk"), 0, STOP_ON_FAILURE): Tapped on element 'Object Repository/Mobile/Page/Register/Not Registered/Informasi Pribadi/Radio Button - Low Risk'

2021-10-12 15:01:40 - [MESSAGE][WARNING] - Timeout '0' is invalid. Using default page load timeout: '60'

2021-10-12 15:01:41 - [MESSAGE][PASSED] - Tapped on element 'Object Repository/Mobile/Page/Register/Not Registered/Informasi Pribadi/Radio Button - Low Risk'

2021-10-12 15:01:41 - [TEST_STEP][PASSED] - delay(1): Delayed 1 second(s)

2021-10-12 15:01:42 - [MESSAGE][PASSED] - Delayed 1 second(s)

2021-10-12 15:01:42 - [TEST_STEP][PASSED] - tap(findTestObject("Object Repository/Mobile/Page/Register/Not Registered/Informasi Pribadi/Radio Button - Medium Risk"), 0, STOP_ON_FAILURE): Tapped on element 'Object Repository/Mobile/Page/Register/Not Registered/Informasi Pribadi/Radio Button - Medium Risk'

2021-10-12 15:01:42 - [MESSAGE][WARNING] - Timeout '0' is invalid. Using default page load timeout: '60'

2021-10-12 15:01:42 - [MESSAGE][PASSED] - Tapped on element 'Object Repository/Mobile/Page/Register/Not Registered/Informasi Pribadi/Radio Button - Medium Risk'

2021-10-12 15:01:42 - [TEST_STEP][PASSED] - delay(1): Delayed 1 second(s)

2021-10-12 15:01:43 - [MESSAGE][PASSED] - Delayed 1 second(s)

2021-10-12 15:01:43 - [TEST_STEP][PASSED] - tap(findTestObject("Object Repository/Mobile/Page/Register/Not Registered/Informasi Pribadi/Radio Button - High Risk"), 0, STOP_ON_FAILURE): Tapped on element 'Object Repository/Mobile/Page/Register/Not Registered/Informasi Pribadi/Radio Button - High Risk'

2021-10-12 15:01:43 - [MESSAGE][WARNING] - Timeout '0' is invalid. Using default page load timeout: '60'

2021-10-12 15:01:45 - [MESSAGE][PASSED] - Tapped on element 'Object Repository/Mobile/Page/Register/Not Registered/Informasi Pribadi/Radio Button - High Risk'

2021-10-12 15:01:45 - [TEST_STEP][PASSED] - delay(1): Delayed 1 second(s)

2021-10-12 15:01:46 - [MESSAGE][PASSED] - Delayed 1 second(s)

2021-10-12 15:01:46 - [TEST_STEP][PASSED] - tap(findTestObject("Object Repository/Mobile/Page/Register/Not Registered/Informasi Pribadi/Button - Next"), 0, STOP_ON_FAILURE): Tapped on element 'Object Repository/Mobile/Page/Register/Not Registered/Informasi Pribadi/Button - Next'

2021-10-12 15:01:46 - [MESSAGE][WARNING] - Timeout '0' is invalid. Using default page load timeout: '60'

2021-10-12 15:01:47 - [MESSAGE][PASSED] - Tapped on element 'Object Repository/Mobile/Page/Register/Not Registered/Informasi Pribadi/Button - Next'

2021-10-12 15:01:47 - [TEST_STEP][PASSED] - delay(1): Delayed 1 second(s)

2021-10-12 15:01:48 - [MESSAGE][PASSED] - Delayed 1 second(s)

2021-10-12 15:01:48 - [TEST_STEP][PASSED] - tapAndHold(findTestObject("Mobile/Page/Register/Not Registered/Akun Bank/Dropdown - Bank"), 1, 0, STOP_ON_FAILURE): Tapped and held on element 'Object Repository/Mobile/Page/Register/Not Registered/Akun Bank/Dropdown - Bank' with duration 1

2021-10-12 15:01:48 - [MESSAGE][WARNING] - Timeout '0' is invalid. Using default page load timeout: '60'

2021-10-12 15:01:51 - [MESSAGE][PASSED] - Tapped and held on element 'Object Repository/Mobile/Page/Register/Not Registered/Akun Bank/Dropdown - Bank' with duration 1

2021-10-12 15:01:51 - [TEST_STEP][PASSED] - tap(findTestObject("Object Repository/Mobile/Page/Register/Not Registered/Akun Bank/Dropdown - Bank Option Citibank"), 0, STOP_ON_FAILURE): Tapped on element 'Object Repository/Mobile/Page/Register/Not Registered/Akun Bank/Dropdown - Bank Option Citibank'

2021-10-12 15:01:51 - [MESSAGE][WARNING] - Timeout '0' is invalid. Using default page load timeout: '60'

2021-10-12 15:01:52 - [MESSAGE][PASSED] - Tapped on element 'Object Repository/Mobile/Page/Register/Not Registered/Akun Bank/Dropdown - Bank Option Citibank'

2021-10-12 15:01:52 - [TEST_STEP][PASSED] - delay(1): Delayed 1 second(s)

2021-10-12 15:01:53 - [MESSAGE][PASSED] - Delayed 1 second(s)

2021-10-12 15:01:53 - [TEST_STEP][PASSED] - tapAndHold(findTestObject("Mobile/Page/Register/Not Registered/Akun Bank/Dropdown - Country"), 1, 0, STOP_ON_FAILURE): Tapped and held on element 'Object Repository/Mobile/Page/Register/Not Registered/Akun Bank/Dropdown - Country' with duration 1

2021-10-12 15:01:53 - [MESSAGE][WARNING] - Timeout '0' is invalid. Using default page load timeout: '60'

2021-10-12 15:01:56 - [MESSAGE][PASSED] - Tapped and held on element 'Object Repository/Mobile/Page/Register/Not Registered/Akun Bank/Dropdown - Country' with duration 1

2021-10-12 15:01:56 - [TEST_STEP][PASSED] - tap(findTestObject("Object Repository/Mobile/Page/Register/Not Registered/Akun Bank/Dropdown - Country Option Indonesia"), 0, STOP_ON_FAILURE): Tapped on element 'Object Repository/Mobile/Page/Register/Not Registered/Akun Bank/Dropdown - Country Option Indonesia'

2021-10-12 15:01:56 - [MESSAGE][WARNING] - Timeout '0' is invalid. Using default page load timeout: '60'

2021-10-12 15:01:57 - [MESSAGE][PASSED] - Tapped on element 'Object Repository/Mobile/Page/Register/Not Registered/Akun Bank/Dropdown - Country Option Indonesia'

2021-10-12 15:01:57 - [TEST_STEP][PASSED] - delay(1): Delayed 1 second(s)

2021-10-12 15:01:58 - [MESSAGE][PASSED] - Delayed 1 second(s)

2021-10-12 15:01:58 - [TEST_STEP][PASSED] - tap(findTestObject("Object Repository/Mobile/Page/Register/Not Registered/Akun Bank/Edit Text - Branch"), 0, STOP_ON_FAILURE): Tapped on element 'Object Repository/Mobile/Page/Register/Not Registered/Akun Bank/Edit Text - Branch'

2021-10-12 15:01:58 - [MESSAGE][WARNING] - Timeout '0' is invalid. Using default page load timeout: '60'

2021-10-12 15:01:58 - [MESSAGE][PASSED] - Tapped on element 'Object Repository/Mobile/Page/Register/Not Registered/Akun Bank/Edit Text - Branch'

2021-10-12 15:01:58 - [TEST_STEP][PASSED] - setText(findTestObject("Object Repository/Mobile/Page/Register/Not Registered/Akun Bank/Edit Text - Branch"), branch, 0, STOP_ON_FAILURE): Text 'qa cabang' has been set to element 'Object Repository/Mobile/Page/Register/Not Registered/Akun Bank/Edit Text - Branch'

2021-10-12 15:01:58 - [MESSAGE][WARNING] - Timeout '0' is invalid. Using default page load timeout: '60'

2021-10-12 15:02:01 - [MESSAGE][PASSED] - Text 'qa cabang' has been set to element 'Object Repository/Mobile/Page/Register/Not Registered/Akun Bank/Edit Text - Branch'

2021-10-12 15:02:01 - [TEST_STEP][PASSED] - hideKeyboard(): Keyboard is hidden

2021-10-12 15:02:04 - [MESSAGE][PASSED] - Keyboard is hidden

2021-10-12 15:02:04 - [TEST_STEP][PASSED] - delay(1): Delayed 1 second(s)

2021-10-12 15:02:05 - [MESSAGE][PASSED] - Delayed 1 second(s)

2021-10-12 15:02:05 - [TEST_STEP][PASSED] - tap(findTestObject("Object Repository/Mobile/Page/Register/Not Registered/Akun Bank/Edit Text - Account Number"), 0, STOP_ON_FAILURE): Tapped on element 'Object Repository/Mobile/Page/Register/Not Registered/Akun Bank/Edit Text - Account Number'

2021-10-12 15:02:05 - [MESSAGE][WARNING] - Timeout '0' is invalid. Using default page load timeout: '60'

2021-10-12 15:02:05 - [MESSAGE][PASSED] - Tapped on element 'Object Repository/Mobile/Page/Register/Not Registered/Akun Bank/Edit Text - Account Number'

2021-10-12 15:02:05 - [TEST_STEP][PASSED] - setText(findTestObject("Object Repository/Mobile/Page/Register/Not Registered/Akun Bank/Edit Text - Account Number"), accountnumber, 0, STOP_ON_FAILURE): Text '222444222444' has been set to element 'Object Repository/Mobile/Page/Register/Not Registered/Akun Bank/Edit Text - Account Number'

2021-10-12 15:02:05 - [MESSAGE][WARNING] - Timeout '0' is invalid. Using default page load timeout: '60'

2021-10-12 15:02:07 - [MESSAGE][PASSED] - Text '222444222444' has been set to element 'Object Repository/Mobile/Page/Register/Not Registered/Akun Bank/Edit Text - Account Number'

2021-10-12 15:02:07 - [TEST_STEP][PASSED] - hideKeyboard(): Keyboard is hidden

2021-10-12 15:02:13 - [MESSAGE][PASSED] - Keyboard is hidden

2021-10-12 15:02:13 - [TEST_STEP][PASSED] - delay(1): Delayed 1 second(s)

2021-10-12 15:02:14 - [MESSAGE][PASSED] - Delayed 1 second(s)

2021-10-12 15:02:14 - [TEST_STEP][PASSED] - tap(findTestObject("Object Repository/Mobile/Page/Register/Not Registered/Akun Bank/Edit Text - Name Owner"), 0, STOP_ON_FAILURE): Tapped on element 'Object Repository/Mobile/Page/Register/Not Registered/Akun Bank/Edit Text - Name Owner'

2021-10-12 15:02:14 - [MESSAGE][WARNING] - Timeout '0' is invalid. Using default page load timeout: '60'

2021-10-12 15:02:14 - [MESSAGE][PASSED] - Tapped on element 'Object Repository/Mobile/Page/Register/Not Registered/Akun Bank/Edit Text - Name Owner'

2021-10-12 15:02:14 - [TEST_STEP][PASSED] - setText(findTestObject("Object Repository/Mobile/Page/Register/Not Registered/Akun Bank/Edit Text - Name Owner"), nameowner, 0, STOP_ON_FAILURE): Text 'qatestinghiJTviiPVz' has been set to element 'Object Repository/Mobile/Page/Register/Not Registered/Akun Bank/Edit Text - Name Owner'

2021-10-12 15:02:14 - [MESSAGE][WARNING] - Timeout '0' is invalid. Using default page load timeout: '60'

2021-10-12 15:02:16 - [MESSAGE][PASSED] - Text 'qatestinghiJTviiPVz' has been set to element 'Object Repository/Mobile/Page/Register/Not Registered/Akun Bank/Edit Text - Name Owner'

2021-10-12 15:02:16 - [TEST_STEP][PASSED] - hideKeyboard(): Keyboard is hidden

2021-10-12 15:02:19 - [MESSAGE][PASSED] - Keyboard is hidden

2021-10-12 15:02:19 - [TEST_STEP][PASSED] - delay(1): Delayed 1 second(s)

2021-10-12 15:02:20 - [MESSAGE][PASSED] - Delayed 1 second(s)

2021-10-12 15:02:20 - [TEST_STEP][PASSED] - tap(findTestObject("Object Repository/Mobile/Page/Register/Not Registered/Akun Bank/Button - Next"), 0, STOP_ON_FAILURE): Tapped on element 'Object Repository/Mobile/Page/Register/Not Registered/Akun Bank/Button - Next'

2021-10-12 15:02:20 - [MESSAGE][WARNING] - Timeout '0' is invalid. Using default page load timeout: '60'

2021-10-12 15:02:21 - [MESSAGE][PASSED] - Tapped on element 'Object Repository/Mobile/Page/Register/Not Registered/Akun Bank/Button - Next'

2021-10-12 15:02:21 - [TEST_STEP][PASSED] - delay(1): Delayed 1 second(s)

2021-10-12 15:02:23 - [MESSAGE][PASSED] - Delayed 1 second(s)

2021-10-12 15:02:23 - [TEST_STEP][PASSED] - if (isUseReferralCode == 1): null

2021-10-12 15:02:23 - [TEST_STEP][PASSED] - if (isUseSignature == 1): Delayed 1 second(s)

2021-10-12 15:02:23 - [TEST_STEP][PASSED] - scroll.scroll.scrollSignature(): scroll.scroll.scrollSignature is PASSED

2021-10-12 15:02:23 - [MESSAGE][PASSED] - Current device physical height is 1423

2021-10-12 15:02:23 - [MESSAGE][PASSED] - Current device physical width is 720

2021-10-12 15:02:24 - [MESSAGE][PASSED] - Swiped from 240,853 to 480,853

2021-10-12 15:02:24 - [MESSAGE][PASSED] - scroll.scroll.scrollSignature is PASSED

2021-10-12 15:02:24 - [TEST_STEP][PASSED] - delay(1): Delayed 1 second(s)

2021-10-12 15:02:25 - [MESSAGE][PASSED] - Delayed 1 second(s)

2021-10-12 15:02:25 - [TEST_STEP][PASSED] - tap(findTestObject("Object Repository/Mobile/Page/Register/Not Registered/Konfirmasi/Checkbox - Agreement"), 0, STOP_ON_FAILURE): Tapped on element 'Object Repository/Mobile/Page/Register/Not Registered/Konfirmasi/Checkbox - Agreement'

2021-10-12 15:02:25 - [MESSAGE][WARNING] - Timeout '0' is invalid. Using default page load timeout: '60'

2021-10-12 15:02:25 - [MESSAGE][PASSED] - Tapped on element 'Object Repository/Mobile/Page/Register/Not Registered/Konfirmasi/Checkbox - Agreement'

2021-10-12 15:02:25 - [TEST_STEP][PASSED] - delay(1): Delayed 1 second(s)

2021-10-12 15:02:26 - [MESSAGE][PASSED] - Delayed 1 second(s)

2021-10-12 15:02:26 - [TEST_STEP][PASSED] - tap(findTestObject("Object Repository/Mobile/Page/Register/Not Registered/Konfirmasi/Button - Next"), 0, STOP_ON_FAILURE): Tapped on element 'Object Repository/Mobile/Page/Register/Not Registered/Konfirmasi/Button - Next'

2021-10-12 15:02:27 - [MESSAGE][WARNING] - Timeout '0' is invalid. Using default page load timeout: '60'

2021-10-12 15:02:27 - [MESSAGE][PASSED] - Tapped on element 'Object Repository/Mobile/Page/Register/Not Registered/Konfirmasi/Button - Next'

2021-10-12 15:02:27 - [TEST_STEP][PASSED] - delay(1): Delayed 1 second(s)

2021-10-12 15:02:28 - [MESSAGE][PASSED] - Delayed 1 second(s)

2021-10-12 15:02:28 - [TEST_STEP][PASSED] - tap(findTestObject("Object Repository/Mobile/Page/Register/Not Registered/Konfirmasi/Button - Back to Home"), 0, STOP_ON_FAILURE): Tapped on element 'Object Repository/Mobile/Page/Register/Not Registered/Konfirmasi/Button - Back to Home'

2021-10-12 15:02:28 - [MESSAGE][WARNING] - Timeout '0' is invalid. Using default page load timeout: '60'

2021-10-12 15:02:30 - [MESSAGE][PASSED] - Tapped on element 'Object Repository/Mobile/Page/Register/Not Registered/Konfirmasi/Button - Back to Home'

2021-10-12 15:02:30 - [TEST_STEP][PASSED] - delay(1): Delayed 1 second(s)

2021-10-12 15:02:31 - [MESSAGE][PASSED] - Delayed 1 second(s)

2021-10-12 15:02:31 - [MESSAGE][PASSED] - Call Test Case 'Test Cases/Mobile/Page/Register/Register' successfully]]></system-out>
         <system-err><![CDATA[]]></system-err>
      </testcase>
      <testcase name="Test Cases/Mobile/Scenario/Register/004 - Registrasi akun baru dengan alamat sesuai KTP menggunakan Refferal Code" time="177.206" classname="Test Cases/Mobile/Scenario/Register/004 - Registrasi akun baru dengan alamat sesuai KTP menggunakan Refferal Code" status="PASSED">
         <system-out><![CDATA[2021-10-12 15:02:31 - [TEST_CASE][PASSED] - Test Cases/Mobile/Scenario/Register/004 - Registrasi akun baru dengan alamat sesuai KTP menggunakan Refferal Code: Test Cases/Mobile/Scenario/Register/004 - Registrasi akun baru dengan alamat sesuai KTP menggunakan Refferal Code

2021-10-12 15:02:31 - [TEST_STEP][PASSED] - callTestCase(findTestCase("Mobile/Page/Run App/Run App byID"), [:], STOP_ON_FAILURE): Call Test Case 'Test Cases/Mobile/Page/Run App/Run App byID' successfully

2021-10-12 15:02:31 - [TEST_CASE][PASSED] - Test Cases/Mobile/Page/Run App/Run App byID: Test Cases/Mobile/Page/Run App/Run App byID

2021-10-12 15:02:31 - [TEST_STEP][PASSED] - startApp.OpenApp.startApplication("com.mirae.maxfund"): startApp.OpenApp.startApplication is PASSED

2021-10-12 15:02:43 - [MESSAGE][PASSED] - Starting app with application ID: 'com.mirae.maxfund'

2021-10-12 15:02:43 - [MESSAGE][PASSED] - startApp.OpenApp.startApplication is PASSED

2021-10-12 15:02:43 - [MESSAGE][PASSED] - Call Test Case 'Test Cases/Mobile/Page/Run App/Run App byID' successfully

2021-10-12 15:02:43 - [TEST_STEP][PASSED] - callTestCase(findTestCase("Mobile/Page/Register/Register"), ["isFromLoginPage":0, "isRegistered":0, "isBedaAlamat":0, "isUseSignature":1, "isUseReferralCode":1], STOP_ON_FAILURE): Call Test Case 'Test Cases/Mobile/Page/Register/Register' successfully

2021-10-12 15:02:43 - [TEST_CASE][PASSED] - Test Cases/Mobile/Page/Register/Register: Test Cases/Mobile/Page/Register/Register

2021-10-12 15:02:43 - [TEST_STEP][PASSED] - fullname = "qatesting" + acak.acak.randomStringWord(): acak.acak.randomStringWord is PASSED

2021-10-12 15:02:43 - [MESSAGE][PASSED] - acak.acak.randomStringWord is PASSED

2021-10-12 15:02:43 - [TEST_STEP][PASSED] - birthdate = "1/1/1998": null

2021-10-12 15:02:43 - [TEST_STEP][PASSED] - phone = "082257" + acak.acak.randomStringNumber(6): acak.acak.randomStringNumber is PASSED

2021-10-12 15:02:43 - [MESSAGE][PASSED] - acak.acak.randomStringNumber is PASSED

2021-10-12 15:02:43 - [TEST_STEP][PASSED] - email = fullname + "@gmail.com": null

2021-10-12 15:02:43 - [TEST_STEP][PASSED] - password = "Mirae1234": null

2021-10-12 15:02:43 - [TEST_STEP][PASSED] - branch = "qa cabang": null

2021-10-12 15:02:43 - [TEST_STEP][PASSED] - accountnumber = "222444222444": null

2021-10-12 15:02:43 - [TEST_STEP][PASSED] - nameowner = fullname: null

2021-10-12 15:02:43 - [TEST_STEP][PASSED] - alamat = "Jl. Cempaka Putih Barat 12 F No.12, RT.8/RW.8": null

2021-10-12 15:02:43 - [TEST_STEP][PASSED] - kodepos = "15412": null

2021-10-12 15:02:43 - [TEST_STEP][PASSED] - referralcode = "15412": null

2021-10-12 15:02:43 - [TEST_STEP][PASSED] - if (isFromLoginPage == 1): null

2021-10-12 15:02:43 - [TEST_STEP][PASSED] - else: Delayed 1 second(s)

2021-10-12 15:02:43 - [TEST_STEP][PASSED] - tap(findTestObject("Object Repository/Mobile/Page/Dashboard/Button - Register"), 0, STOP_ON_FAILURE): Tapped on element 'Object Repository/Mobile/Page/Dashboard/Button - Register'

2021-10-12 15:02:43 - [MESSAGE][WARNING] - Timeout '0' is invalid. Using default page load timeout: '60'

2021-10-12 15:02:44 - [MESSAGE][PASSED] - Tapped on element 'Object Repository/Mobile/Page/Dashboard/Button - Register'

2021-10-12 15:02:44 - [TEST_STEP][PASSED] - delay(1): Delayed 1 second(s)

2021-10-12 15:02:45 - [MESSAGE][PASSED] - Delayed 1 second(s)

2021-10-12 15:02:45 - [TEST_STEP][PASSED] - if (isRegistered == 1): null

2021-10-12 15:02:45 - [TEST_STEP][PASSED] - else: Delayed 1 second(s)

2021-10-12 15:02:45 - [TEST_STEP][PASSED] - tap(findTestObject("Object Repository/Mobile/Page/Register/Radio Button - Not registered yet"), 0, STOP_ON_FAILURE): Tapped on element 'Object Repository/Mobile/Page/Register/Radio Button - Not registered yet'

2021-10-12 15:02:45 - [MESSAGE][WARNING] - Timeout '0' is invalid. Using default page load timeout: '60'

2021-10-12 15:02:46 - [MESSAGE][PASSED] - Tapped on element 'Object Repository/Mobile/Page/Register/Radio Button - Not registered yet'

2021-10-12 15:02:46 - [TEST_STEP][PASSED] - delay(1): Delayed 1 second(s)

2021-10-12 15:02:47 - [MESSAGE][PASSED] - Delayed 1 second(s)

2021-10-12 15:02:47 - [TEST_STEP][PASSED] - tap(findTestObject("Object Repository/Mobile/Page/Register/Not Registered/Button - Next"), 0, STOP_ON_FAILURE): Tapped on element 'Object Repository/Mobile/Page/Register/Not Registered/Button - Next'

2021-10-12 15:02:47 - [MESSAGE][WARNING] - Timeout '0' is invalid. Using default page load timeout: '60'

2021-10-12 15:02:48 - [MESSAGE][PASSED] - Tapped on element 'Object Repository/Mobile/Page/Register/Not Registered/Button - Next'

2021-10-12 15:02:48 - [TEST_STEP][PASSED] - delay(1): Delayed 1 second(s)

2021-10-12 15:02:49 - [MESSAGE][PASSED] - Delayed 1 second(s)

2021-10-12 15:02:49 - [TEST_STEP][PASSED] - tap(findTestObject("Object Repository/Mobile/Page/Register/Not Registered/Informasi Pribadi/Edit Text - Fullname"), 0, STOP_ON_FAILURE): Tapped on element 'Object Repository/Mobile/Page/Register/Not Registered/Informasi Pribadi/Edit Text - Fullname'

2021-10-12 15:02:49 - [MESSAGE][WARNING] - Timeout '0' is invalid. Using default page load timeout: '60'

2021-10-12 15:02:50 - [MESSAGE][PASSED] - Tapped on element 'Object Repository/Mobile/Page/Register/Not Registered/Informasi Pribadi/Edit Text - Fullname'

2021-10-12 15:02:50 - [TEST_STEP][PASSED] - setText(findTestObject("Object Repository/Mobile/Page/Register/Not Registered/Informasi Pribadi/Edit Text - Fullname"), fullname, 0): Text 'qatestingsMqxlNLRFu' has been set to element 'Object Repository/Mobile/Page/Register/Not Registered/Informasi Pribadi/Edit Text - Fullname'

2021-10-12 15:02:50 - [MESSAGE][WARNING] - Timeout '0' is invalid. Using default page load timeout: '60'

2021-10-12 15:02:51 - [MESSAGE][PASSED] - Text 'qatestingsMqxlNLRFu' has been set to element 'Object Repository/Mobile/Page/Register/Not Registered/Informasi Pribadi/Edit Text - Fullname'

2021-10-12 15:02:51 - [TEST_STEP][PASSED] - hideKeyboard(): Keyboard is hidden

2021-10-12 15:02:56 - [MESSAGE][PASSED] - Keyboard is hidden

2021-10-12 15:02:56 - [TEST_STEP][PASSED] - delay(1): Delayed 1 second(s)

2021-10-12 15:02:57 - [MESSAGE][PASSED] - Delayed 1 second(s)

2021-10-12 15:02:57 - [TEST_STEP][PASSED] - tap(findTestObject("Object Repository/Mobile/Page/Register/Not Registered/Informasi Pribadi/Date Picker - Date of Birth"), 0, STOP_ON_FAILURE): Tapped on element 'Object Repository/Mobile/Page/Register/Not Registered/Informasi Pribadi/Date Picker - Date of Birth'

2021-10-12 15:02:57 - [MESSAGE][WARNING] - Timeout '0' is invalid. Using default page load timeout: '60'

2021-10-12 15:02:57 - [MESSAGE][PASSED] - Tapped on element 'Object Repository/Mobile/Page/Register/Not Registered/Informasi Pribadi/Date Picker - Date of Birth'

2021-10-12 15:02:57 - [TEST_STEP][PASSED] - tap(findTestObject("Object Repository/Mobile/Page/Register/Not Registered/Informasi Pribadi/Date Picker - Icon Edit"), 0, STOP_ON_FAILURE): Tapped on element 'Object Repository/Mobile/Page/Register/Not Registered/Informasi Pribadi/Date Picker - Icon Edit'

2021-10-12 15:02:57 - [MESSAGE][WARNING] - Timeout '0' is invalid. Using default page load timeout: '60'

2021-10-12 15:03:00 - [MESSAGE][PASSED] - Tapped on element 'Object Repository/Mobile/Page/Register/Not Registered/Informasi Pribadi/Date Picker - Icon Edit'

2021-10-12 15:03:00 - [TEST_STEP][PASSED] - setText(findTestObject("Mobile/Page/Register/Not Registered/Informasi Pribadi/Date Picker - Edit Text Date"), birthdate, 0): Text '1/1/1998' has been set to element 'Object Repository/Mobile/Page/Register/Not Registered/Informasi Pribadi/Date Picker - Edit Text Date'

2021-10-12 15:03:00 - [MESSAGE][WARNING] - Timeout '0' is invalid. Using default page load timeout: '60'

2021-10-12 15:03:02 - [MESSAGE][PASSED] - Text '1/1/1998' has been set to element 'Object Repository/Mobile/Page/Register/Not Registered/Informasi Pribadi/Date Picker - Edit Text Date'

2021-10-12 15:03:02 - [TEST_STEP][PASSED] - tap(findTestObject("Mobile/Page/Register/Not Registered/Informasi Pribadi/Date Picker - Button OK"), 0, STOP_ON_FAILURE): Tapped on element 'Object Repository/Mobile/Page/Register/Not Registered/Informasi Pribadi/Date Picker - Button OK'

2021-10-12 15:03:02 - [MESSAGE][WARNING] - Timeout '0' is invalid. Using default page load timeout: '60'

2021-10-12 15:03:03 - [MESSAGE][PASSED] - Tapped on element 'Object Repository/Mobile/Page/Register/Not Registered/Informasi Pribadi/Date Picker - Button OK'

2021-10-12 15:03:03 - [TEST_STEP][PASSED] - delay(1): Delayed 1 second(s)

2021-10-12 15:03:04 - [MESSAGE][PASSED] - Delayed 1 second(s)

2021-10-12 15:03:04 - [TEST_STEP][PASSED] - tap(findTestObject("Object Repository/Mobile/Page/Register/Not Registered/Informasi Pribadi/Edit Text - Phone Number"), 0, STOP_ON_FAILURE): Tapped on element 'Object Repository/Mobile/Page/Register/Not Registered/Informasi Pribadi/Edit Text - Phone Number'

2021-10-12 15:03:04 - [MESSAGE][WARNING] - Timeout '0' is invalid. Using default page load timeout: '60'

2021-10-12 15:03:05 - [MESSAGE][PASSED] - Tapped on element 'Object Repository/Mobile/Page/Register/Not Registered/Informasi Pribadi/Edit Text - Phone Number'

2021-10-12 15:03:05 - [TEST_STEP][PASSED] - setText(findTestObject("Object Repository/Mobile/Page/Register/Not Registered/Informasi Pribadi/Edit Text - Phone Number"), phone, 0): Text '082257794837' has been set to element 'Object Repository/Mobile/Page/Register/Not Registered/Informasi Pribadi/Edit Text - Phone Number'

2021-10-12 15:03:05 - [MESSAGE][WARNING] - Timeout '0' is invalid. Using default page load timeout: '60'

2021-10-12 15:03:06 - [MESSAGE][PASSED] - Text '082257794837' has been set to element 'Object Repository/Mobile/Page/Register/Not Registered/Informasi Pribadi/Edit Text - Phone Number'

2021-10-12 15:03:06 - [TEST_STEP][PASSED] - hideKeyboard(): Keyboard is hidden

2021-10-12 15:03:13 - [MESSAGE][PASSED] - Keyboard is hidden

2021-10-12 15:03:13 - [TEST_STEP][PASSED] - delay(1): Delayed 1 second(s)

2021-10-12 15:03:14 - [MESSAGE][PASSED] - Delayed 1 second(s)

2021-10-12 15:03:14 - [TEST_STEP][PASSED] - tap(findTestObject("Object Repository/Mobile/Page/Register/Not Registered/Informasi Pribadi/Edit Text - Re Phone Number"), 0, STOP_ON_FAILURE): Tapped on element 'Object Repository/Mobile/Page/Register/Not Registered/Informasi Pribadi/Edit Text - Re Phone Number'

2021-10-12 15:03:14 - [MESSAGE][WARNING] - Timeout '0' is invalid. Using default page load timeout: '60'

2021-10-12 15:03:15 - [MESSAGE][PASSED] - Tapped on element 'Object Repository/Mobile/Page/Register/Not Registered/Informasi Pribadi/Edit Text - Re Phone Number'

2021-10-12 15:03:15 - [TEST_STEP][PASSED] - setText(findTestObject("Object Repository/Mobile/Page/Register/Not Registered/Informasi Pribadi/Edit Text - Re Phone Number"), phone, 0): Text '082257794837' has been set to element 'Object Repository/Mobile/Page/Register/Not Registered/Informasi Pribadi/Edit Text - Re Phone Number'

2021-10-12 15:03:15 - [MESSAGE][WARNING] - Timeout '0' is invalid. Using default page load timeout: '60'

2021-10-12 15:03:16 - [MESSAGE][PASSED] - Text '082257794837' has been set to element 'Object Repository/Mobile/Page/Register/Not Registered/Informasi Pribadi/Edit Text - Re Phone Number'

2021-10-12 15:03:16 - [TEST_STEP][PASSED] - hideKeyboard(): Keyboard is hidden

2021-10-12 15:03:22 - [MESSAGE][PASSED] - Keyboard is hidden

2021-10-12 15:03:22 - [TEST_STEP][PASSED] - delay(1): Delayed 1 second(s)

2021-10-12 15:03:23 - [MESSAGE][PASSED] - Delayed 1 second(s)

2021-10-12 15:03:23 - [TEST_STEP][PASSED] - tap(findTestObject("Object Repository/Mobile/Page/Register/Not Registered/Informasi Pribadi/Edit Text - Email"), 0, STOP_ON_FAILURE): Tapped on element 'Object Repository/Mobile/Page/Register/Not Registered/Informasi Pribadi/Edit Text - Email'

2021-10-12 15:03:23 - [MESSAGE][WARNING] - Timeout '0' is invalid. Using default page load timeout: '60'

2021-10-12 15:03:23 - [MESSAGE][PASSED] - Tapped on element 'Object Repository/Mobile/Page/Register/Not Registered/Informasi Pribadi/Edit Text - Email'

2021-10-12 15:03:23 - [TEST_STEP][PASSED] - setText(findTestObject("Object Repository/Mobile/Page/Register/Not Registered/Informasi Pribadi/Edit Text - Email"), email, 0): Text 'qatestingsMqxlNLRFu@gmail.com' has been set to element 'Object Repository/Mobile/Page/Register/Not Registered/Informasi Pribadi/Edit Text - Email'

2021-10-12 15:03:23 - [MESSAGE][WARNING] - Timeout '0' is invalid. Using default page load timeout: '60'

2021-10-12 15:03:25 - [MESSAGE][PASSED] - Text 'qatestingsMqxlNLRFu@gmail.com' has been set to element 'Object Repository/Mobile/Page/Register/Not Registered/Informasi Pribadi/Edit Text - Email'

2021-10-12 15:03:25 - [TEST_STEP][PASSED] - hideKeyboard(): Keyboard is hidden

2021-10-12 15:03:28 - [MESSAGE][PASSED] - Keyboard is hidden

2021-10-12 15:03:28 - [TEST_STEP][PASSED] - delay(1): Delayed 1 second(s)

2021-10-12 15:03:29 - [MESSAGE][PASSED] - Delayed 1 second(s)

2021-10-12 15:03:29 - [TEST_STEP][PASSED] - tap(findTestObject("Object Repository/Mobile/Page/Register/Not Registered/Informasi Pribadi/Edit Text - Re Email"), 0, STOP_ON_FAILURE): Tapped on element 'Object Repository/Mobile/Page/Register/Not Registered/Informasi Pribadi/Edit Text - Re Email'

2021-10-12 15:03:29 - [MESSAGE][WARNING] - Timeout '0' is invalid. Using default page load timeout: '60'

2021-10-12 15:03:30 - [MESSAGE][PASSED] - Tapped on element 'Object Repository/Mobile/Page/Register/Not Registered/Informasi Pribadi/Edit Text - Re Email'

2021-10-12 15:03:30 - [TEST_STEP][PASSED] - setText(findTestObject("Object Repository/Mobile/Page/Register/Not Registered/Informasi Pribadi/Edit Text - Re Email"), email, 0): Text 'qatestingsMqxlNLRFu@gmail.com' has been set to element 'Object Repository/Mobile/Page/Register/Not Registered/Informasi Pribadi/Edit Text - Re Email'

2021-10-12 15:03:30 - [MESSAGE][WARNING] - Timeout '0' is invalid. Using default page load timeout: '60'

2021-10-12 15:03:31 - [MESSAGE][PASSED] - Text 'qatestingsMqxlNLRFu@gmail.com' has been set to element 'Object Repository/Mobile/Page/Register/Not Registered/Informasi Pribadi/Edit Text - Re Email'

2021-10-12 15:03:31 - [TEST_STEP][PASSED] - hideKeyboard(): Keyboard is hidden

2021-10-12 15:03:35 - [MESSAGE][PASSED] - Keyboard is hidden

2021-10-12 15:03:35 - [TEST_STEP][PASSED] - delay(1): Delayed 1 second(s)

2021-10-12 15:03:36 - [MESSAGE][PASSED] - Delayed 1 second(s)

2021-10-12 15:03:36 - [TEST_STEP][PASSED] - tap(findTestObject("Object Repository/Mobile/Page/Register/Not Registered/Informasi Pribadi/Edit Text - Password"), 0, STOP_ON_FAILURE): Tapped on element 'Object Repository/Mobile/Page/Register/Not Registered/Informasi Pribadi/Edit Text - Password'

2021-10-12 15:03:36 - [MESSAGE][WARNING] - Timeout '0' is invalid. Using default page load timeout: '60'

2021-10-12 15:03:36 - [MESSAGE][PASSED] - Tapped on element 'Object Repository/Mobile/Page/Register/Not Registered/Informasi Pribadi/Edit Text - Password'

2021-10-12 15:03:36 - [TEST_STEP][PASSED] - setText(findTestObject("Object Repository/Mobile/Page/Register/Not Registered/Informasi Pribadi/Edit Text - Password"), password, 0): Text 'Mirae1234' has been set to element 'Object Repository/Mobile/Page/Register/Not Registered/Informasi Pribadi/Edit Text - Password'

2021-10-12 15:03:36 - [MESSAGE][WARNING] - Timeout '0' is invalid. Using default page load timeout: '60'

2021-10-12 15:03:37 - [MESSAGE][PASSED] - Text 'Mirae1234' has been set to element 'Object Repository/Mobile/Page/Register/Not Registered/Informasi Pribadi/Edit Text - Password'

2021-10-12 15:03:37 - [TEST_STEP][PASSED] - hideKeyboard(): Keyboard is hidden

2021-10-12 15:03:44 - [MESSAGE][PASSED] - Keyboard is hidden

2021-10-12 15:03:44 - [TEST_STEP][PASSED] - delay(1): Delayed 1 second(s)

2021-10-12 15:03:45 - [MESSAGE][PASSED] - Delayed 1 second(s)

2021-10-12 15:03:45 - [TEST_STEP][PASSED] - tap(findTestObject("Object Repository/Mobile/Page/Register/Not Registered/Informasi Pribadi/Edit Text - Re Password"), 0, STOP_ON_FAILURE): Tapped on element 'Object Repository/Mobile/Page/Register/Not Registered/Informasi Pribadi/Edit Text - Re Password'

2021-10-12 15:03:45 - [MESSAGE][WARNING] - Timeout '0' is invalid. Using default page load timeout: '60'

2021-10-12 15:03:45 - [MESSAGE][PASSED] - Tapped on element 'Object Repository/Mobile/Page/Register/Not Registered/Informasi Pribadi/Edit Text - Re Password'

2021-10-12 15:03:45 - [TEST_STEP][PASSED] - setText(findTestObject("Object Repository/Mobile/Page/Register/Not Registered/Informasi Pribadi/Edit Text - Re Password"), password, 0): Text 'Mirae1234' has been set to element 'Object Repository/Mobile/Page/Register/Not Registered/Informasi Pribadi/Edit Text - Re Password'

2021-10-12 15:03:45 - [MESSAGE][WARNING] - Timeout '0' is invalid. Using default page load timeout: '60'

2021-10-12 15:03:47 - [MESSAGE][PASSED] - Text 'Mirae1234' has been set to element 'Object Repository/Mobile/Page/Register/Not Registered/Informasi Pribadi/Edit Text - Re Password'

2021-10-12 15:03:47 - [TEST_STEP][PASSED] - hideKeyboard(): Keyboard is hidden

2021-10-12 15:03:53 - [MESSAGE][PASSED] - Keyboard is hidden

2021-10-12 15:03:53 - [TEST_STEP][PASSED] - delay(1): Delayed 1 second(s)

2021-10-12 15:03:54 - [MESSAGE][PASSED] - Delayed 1 second(s)

2021-10-12 15:03:54 - [TEST_STEP][PASSED] - if (isBedaAlamat == 1): null

2021-10-12 15:03:54 - [TEST_STEP][PASSED] - tap(findTestObject("Object Repository/Mobile/Page/Register/Not Registered/Informasi Pribadi/Button - Icon KTP"), 0, STOP_ON_FAILURE): Tapped on element 'Object Repository/Mobile/Page/Register/Not Registered/Informasi Pribadi/Button - Icon KTP'

2021-10-12 15:03:54 - [MESSAGE][WARNING] - Timeout '0' is invalid. Using default page load timeout: '60'

2021-10-12 15:03:54 - [MESSAGE][PASSED] - Tapped on element 'Object Repository/Mobile/Page/Register/Not Registered/Informasi Pribadi/Button - Icon KTP'

2021-10-12 15:03:54 - [TEST_STEP][PASSED] - permission = verifyElementExist(findTestObject("Object Repository/Mobile/Page/Register/Not Registered/Informasi Pribadi/Permission - Only this time"), 1, OPTIONAL): Element 'Object Repository/Mobile/Page/Register/Not Registered/Informasi Pribadi/Permission - Only this time' not found

2021-10-12 15:03:57 - [MESSAGE][WARNING] - Element 'Object Repository/Mobile/Page/Register/Not Registered/Informasi Pribadi/Permission - Only this time' not found
[[ATTACHMENT|C:\\Users\\Owner\\Documents\\kerjaan\\KatalonProject\\qa-katalon-maxfund\\Reports\\20211012_145548\\Register\\20211012_145548\\1634025835826.png]]

2021-10-12 15:03:57 - [TEST_STEP][PASSED] - if (permission): null

2021-10-12 15:03:57 - [TEST_STEP][PASSED] - permission = verifyElementExist(findTestObject("Object Repository/Mobile/Page/Register/Not Registered/Informasi Pribadi/Permission - Only this time"), 1, OPTIONAL): Element 'Object Repository/Mobile/Page/Register/Not Registered/Informasi Pribadi/Permission - Only this time' not found

2021-10-12 15:03:59 - [MESSAGE][WARNING] - Element 'Object Repository/Mobile/Page/Register/Not Registered/Informasi Pribadi/Permission - Only this time' not found
[[ATTACHMENT|C:\\Users\\Owner\\Documents\\kerjaan\\KatalonProject\\qa-katalon-maxfund\\Reports\\20211012_145548\\Register\\20211012_145548\\1634025838219.png]]

2021-10-12 15:03:59 - [TEST_STEP][PASSED] - if (permission): null

2021-10-12 15:03:59 - [TEST_STEP][PASSED] - tap(findTestObject("Object Repository/Mobile/Page/Register/Not Registered/Informasi Pribadi/Button - Capture KTP"), 0, STOP_ON_FAILURE): Tapped on element 'Object Repository/Mobile/Page/Register/Not Registered/Informasi Pribadi/Button - Capture KTP'

2021-10-12 15:03:59 - [MESSAGE][WARNING] - Timeout '0' is invalid. Using default page load timeout: '60'

2021-10-12 15:04:00 - [MESSAGE][PASSED] - Tapped on element 'Object Repository/Mobile/Page/Register/Not Registered/Informasi Pribadi/Button - Capture KTP'

2021-10-12 15:04:00 - [TEST_STEP][PASSED] - delay(2): Delayed 2 second(s)

2021-10-12 15:04:02 - [MESSAGE][PASSED] - Delayed 2 second(s)

2021-10-12 15:04:02 - [TEST_STEP][PASSED] - hideKeyboard(): Keyboard is hidden

2021-10-12 15:04:10 - [MESSAGE][PASSED] - Keyboard is hidden

2021-10-12 15:04:10 - [TEST_STEP][PASSED] - delay(1): Delayed 1 second(s)

2021-10-12 15:04:11 - [MESSAGE][PASSED] - Delayed 1 second(s)

2021-10-12 15:04:11 - [TEST_STEP][PASSED] - scroll.scroll.scrollToBottomOpenKeyboard(): scroll.scroll.scrollToBottomOpenKeyboard is PASSED

2021-10-12 15:04:11 - [MESSAGE][PASSED] - Current device physical height is 1423

2021-10-12 15:04:12 - [MESSAGE][PASSED] - Current device physical width is 720

2021-10-12 15:04:13 - [MESSAGE][PASSED] - Swiped from 360,853 to 360,284

2021-10-12 15:04:13 - [MESSAGE][PASSED] - scroll.scroll.scrollToBottomOpenKeyboard is PASSED

2021-10-12 15:04:13 - [TEST_STEP][PASSED] - tap(findTestObject("Object Repository/Mobile/Page/Register/Not Registered/Informasi Pribadi/Button - Icon Face with KTP"), 0, STOP_ON_FAILURE): Tapped on element 'Object Repository/Mobile/Page/Register/Not Registered/Informasi Pribadi/Button - Icon Face with KTP'

2021-10-12 15:04:13 - [MESSAGE][WARNING] - Timeout '0' is invalid. Using default page load timeout: '60'

2021-10-12 15:04:14 - [MESSAGE][PASSED] - Tapped on element 'Object Repository/Mobile/Page/Register/Not Registered/Informasi Pribadi/Button - Icon Face with KTP'

2021-10-12 15:04:14 - [TEST_STEP][PASSED] - permission = verifyElementExist(findTestObject("Object Repository/Mobile/Page/Register/Not Registered/Informasi Pribadi/Permission - Only this time"), 1, OPTIONAL): Element 'Object Repository/Mobile/Page/Register/Not Registered/Informasi Pribadi/Permission - Only this time' not found

2021-10-12 15:04:17 - [MESSAGE][WARNING] - Element 'Object Repository/Mobile/Page/Register/Not Registered/Informasi Pribadi/Permission - Only this time' not found
[[ATTACHMENT|C:\\Users\\Owner\\Documents\\kerjaan\\KatalonProject\\qa-katalon-maxfund\\Reports\\20211012_145548\\Register\\20211012_145548\\1634025855574.png]]

2021-10-12 15:04:17 - [TEST_STEP][PASSED] - if (permission): null

2021-10-12 15:04:17 - [TEST_STEP][PASSED] - permission = verifyElementExist(findTestObject("Object Repository/Mobile/Page/Register/Not Registered/Informasi Pribadi/Permission - Only this time"), 1, OPTIONAL): Element 'Object Repository/Mobile/Page/Register/Not Registered/Informasi Pribadi/Permission - Only this time' not found

2021-10-12 15:04:19 - [MESSAGE][WARNING] - Element 'Object Repository/Mobile/Page/Register/Not Registered/Informasi Pribadi/Permission - Only this time' not found
[[ATTACHMENT|C:\\Users\\Owner\\Documents\\kerjaan\\KatalonProject\\qa-katalon-maxfund\\Reports\\20211012_145548\\Register\\20211012_145548\\1634025858169.png]]

2021-10-12 15:04:19 - [TEST_STEP][PASSED] - if (permission): null

2021-10-12 15:04:19 - [TEST_STEP][PASSED] - tap(findTestObject("Object Repository/Mobile/Page/Register/Not Registered/Informasi Pribadi/Button - Capture Face with KTP"), 0, STOP_ON_FAILURE): Tapped on element 'Object Repository/Mobile/Page/Register/Not Registered/Informasi Pribadi/Button - Capture Face with KTP'

2021-10-12 15:04:19 - [MESSAGE][WARNING] - Timeout '0' is invalid. Using default page load timeout: '60'

2021-10-12 15:04:21 - [MESSAGE][PASSED] - Tapped on element 'Object Repository/Mobile/Page/Register/Not Registered/Informasi Pribadi/Button - Capture Face with KTP'

2021-10-12 15:04:21 - [TEST_STEP][PASSED] - delay(2): Delayed 2 second(s)

2021-10-12 15:04:23 - [MESSAGE][PASSED] - Delayed 2 second(s)

2021-10-12 15:04:23 - [TEST_STEP][PASSED] - hideKeyboard(): Keyboard is hidden

2021-10-12 15:04:30 - [MESSAGE][PASSED] - Keyboard is hidden

2021-10-12 15:04:30 - [TEST_STEP][PASSED] - delay(1): Delayed 1 second(s)

2021-10-12 15:04:31 - [MESSAGE][PASSED] - Delayed 1 second(s)

2021-10-12 15:04:31 - [TEST_STEP][PASSED] - scroll.scroll.scrollToBottomOpenKeyboard(): scroll.scroll.scrollToBottomOpenKeyboard is PASSED

2021-10-12 15:04:31 - [MESSAGE][PASSED] - Current device physical height is 1423

2021-10-12 15:04:31 - [MESSAGE][PASSED] - Current device physical width is 720

2021-10-12 15:04:32 - [MESSAGE][PASSED] - Swiped from 360,853 to 360,284

2021-10-12 15:04:32 - [MESSAGE][PASSED] - scroll.scroll.scrollToBottomOpenKeyboard is PASSED

2021-10-12 15:04:32 - [TEST_STEP][PASSED] - tap(findTestObject("Object Repository/Mobile/Page/Register/Not Registered/Informasi Pribadi/Radio Button - Low Risk"), 0, STOP_ON_FAILURE): Tapped on element 'Object Repository/Mobile/Page/Register/Not Registered/Informasi Pribadi/Radio Button - Low Risk'

2021-10-12 15:04:32 - [MESSAGE][WARNING] - Timeout '0' is invalid. Using default page load timeout: '60'

2021-10-12 15:04:33 - [MESSAGE][PASSED] - Tapped on element 'Object Repository/Mobile/Page/Register/Not Registered/Informasi Pribadi/Radio Button - Low Risk'

2021-10-12 15:04:33 - [TEST_STEP][PASSED] - delay(1): Delayed 1 second(s)

2021-10-12 15:04:34 - [MESSAGE][PASSED] - Delayed 1 second(s)

2021-10-12 15:04:34 - [TEST_STEP][PASSED] - tap(findTestObject("Object Repository/Mobile/Page/Register/Not Registered/Informasi Pribadi/Radio Button - Medium Risk"), 0, STOP_ON_FAILURE): Tapped on element 'Object Repository/Mobile/Page/Register/Not Registered/Informasi Pribadi/Radio Button - Medium Risk'

2021-10-12 15:04:34 - [MESSAGE][WARNING] - Timeout '0' is invalid. Using default page load timeout: '60'

2021-10-12 15:04:35 - [MESSAGE][PASSED] - Tapped on element 'Object Repository/Mobile/Page/Register/Not Registered/Informasi Pribadi/Radio Button - Medium Risk'

2021-10-12 15:04:35 - [TEST_STEP][PASSED] - delay(1): Delayed 1 second(s)

2021-10-12 15:04:36 - [MESSAGE][PASSED] - Delayed 1 second(s)

2021-10-12 15:04:36 - [TEST_STEP][PASSED] - tap(findTestObject("Object Repository/Mobile/Page/Register/Not Registered/Informasi Pribadi/Radio Button - High Risk"), 0, STOP_ON_FAILURE): Tapped on element 'Object Repository/Mobile/Page/Register/Not Registered/Informasi Pribadi/Radio Button - High Risk'

2021-10-12 15:04:36 - [MESSAGE][WARNING] - Timeout '0' is invalid. Using default page load timeout: '60'

2021-10-12 15:04:37 - [MESSAGE][PASSED] - Tapped on element 'Object Repository/Mobile/Page/Register/Not Registered/Informasi Pribadi/Radio Button - High Risk'

2021-10-12 15:04:37 - [TEST_STEP][PASSED] - delay(1): Delayed 1 second(s)

2021-10-12 15:04:38 - [MESSAGE][PASSED] - Delayed 1 second(s)

2021-10-12 15:04:38 - [TEST_STEP][PASSED] - tap(findTestObject("Object Repository/Mobile/Page/Register/Not Registered/Informasi Pribadi/Button - Next"), 0, STOP_ON_FAILURE): Tapped on element 'Object Repository/Mobile/Page/Register/Not Registered/Informasi Pribadi/Button - Next'

2021-10-12 15:04:38 - [MESSAGE][WARNING] - Timeout '0' is invalid. Using default page load timeout: '60'

2021-10-12 15:04:40 - [MESSAGE][PASSED] - Tapped on element 'Object Repository/Mobile/Page/Register/Not Registered/Informasi Pribadi/Button - Next'

2021-10-12 15:04:40 - [TEST_STEP][PASSED] - delay(1): Delayed 1 second(s)

2021-10-12 15:04:41 - [MESSAGE][PASSED] - Delayed 1 second(s)

2021-10-12 15:04:41 - [TEST_STEP][PASSED] - tapAndHold(findTestObject("Mobile/Page/Register/Not Registered/Akun Bank/Dropdown - Bank"), 1, 0, STOP_ON_FAILURE): Tapped and held on element 'Object Repository/Mobile/Page/Register/Not Registered/Akun Bank/Dropdown - Bank' with duration 1

2021-10-12 15:04:41 - [MESSAGE][WARNING] - Timeout '0' is invalid. Using default page load timeout: '60'

2021-10-12 15:04:43 - [MESSAGE][PASSED] - Tapped and held on element 'Object Repository/Mobile/Page/Register/Not Registered/Akun Bank/Dropdown - Bank' with duration 1

2021-10-12 15:04:43 - [TEST_STEP][PASSED] - tap(findTestObject("Object Repository/Mobile/Page/Register/Not Registered/Akun Bank/Dropdown - Bank Option Citibank"), 0, STOP_ON_FAILURE): Tapped on element 'Object Repository/Mobile/Page/Register/Not Registered/Akun Bank/Dropdown - Bank Option Citibank'

2021-10-12 15:04:43 - [MESSAGE][WARNING] - Timeout '0' is invalid. Using default page load timeout: '60'

2021-10-12 15:04:45 - [MESSAGE][PASSED] - Tapped on element 'Object Repository/Mobile/Page/Register/Not Registered/Akun Bank/Dropdown - Bank Option Citibank'

2021-10-12 15:04:45 - [TEST_STEP][PASSED] - delay(1): Delayed 1 second(s)

2021-10-12 15:04:46 - [MESSAGE][PASSED] - Delayed 1 second(s)

2021-10-12 15:04:46 - [TEST_STEP][PASSED] - tapAndHold(findTestObject("Mobile/Page/Register/Not Registered/Akun Bank/Dropdown - Country"), 1, 0, STOP_ON_FAILURE): Tapped and held on element 'Object Repository/Mobile/Page/Register/Not Registered/Akun Bank/Dropdown - Country' with duration 1

2021-10-12 15:04:46 - [MESSAGE][WARNING] - Timeout '0' is invalid. Using default page load timeout: '60'

2021-10-12 15:04:48 - [MESSAGE][PASSED] - Tapped and held on element 'Object Repository/Mobile/Page/Register/Not Registered/Akun Bank/Dropdown - Country' with duration 1

2021-10-12 15:04:48 - [TEST_STEP][PASSED] - tap(findTestObject("Object Repository/Mobile/Page/Register/Not Registered/Akun Bank/Dropdown - Country Option Indonesia"), 0, STOP_ON_FAILURE): Tapped on element 'Object Repository/Mobile/Page/Register/Not Registered/Akun Bank/Dropdown - Country Option Indonesia'

2021-10-12 15:04:48 - [MESSAGE][WARNING] - Timeout '0' is invalid. Using default page load timeout: '60'

2021-10-12 15:04:49 - [MESSAGE][PASSED] - Tapped on element 'Object Repository/Mobile/Page/Register/Not Registered/Akun Bank/Dropdown - Country Option Indonesia'

2021-10-12 15:04:49 - [TEST_STEP][PASSED] - delay(1): Delayed 1 second(s)

2021-10-12 15:04:50 - [MESSAGE][PASSED] - Delayed 1 second(s)

2021-10-12 15:04:50 - [TEST_STEP][PASSED] - tap(findTestObject("Object Repository/Mobile/Page/Register/Not Registered/Akun Bank/Edit Text - Branch"), 0, STOP_ON_FAILURE): Tapped on element 'Object Repository/Mobile/Page/Register/Not Registered/Akun Bank/Edit Text - Branch'

2021-10-12 15:04:50 - [MESSAGE][WARNING] - Timeout '0' is invalid. Using default page load timeout: '60'

2021-10-12 15:04:50 - [MESSAGE][PASSED] - Tapped on element 'Object Repository/Mobile/Page/Register/Not Registered/Akun Bank/Edit Text - Branch'

2021-10-12 15:04:50 - [TEST_STEP][PASSED] - setText(findTestObject("Object Repository/Mobile/Page/Register/Not Registered/Akun Bank/Edit Text - Branch"), branch, 0, STOP_ON_FAILURE): Text 'qa cabang' has been set to element 'Object Repository/Mobile/Page/Register/Not Registered/Akun Bank/Edit Text - Branch'

2021-10-12 15:04:50 - [MESSAGE][WARNING] - Timeout '0' is invalid. Using default page load timeout: '60'

2021-10-12 15:04:52 - [MESSAGE][PASSED] - Text 'qa cabang' has been set to element 'Object Repository/Mobile/Page/Register/Not Registered/Akun Bank/Edit Text - Branch'

2021-10-12 15:04:52 - [TEST_STEP][PASSED] - hideKeyboard(): Keyboard is hidden

2021-10-12 15:04:55 - [MESSAGE][PASSED] - Keyboard is hidden

2021-10-12 15:04:55 - [TEST_STEP][PASSED] - delay(1): Delayed 1 second(s)

2021-10-12 15:04:56 - [MESSAGE][PASSED] - Delayed 1 second(s)

2021-10-12 15:04:56 - [TEST_STEP][PASSED] - tap(findTestObject("Object Repository/Mobile/Page/Register/Not Registered/Akun Bank/Edit Text - Account Number"), 0, STOP_ON_FAILURE): Tapped on element 'Object Repository/Mobile/Page/Register/Not Registered/Akun Bank/Edit Text - Account Number'

2021-10-12 15:04:56 - [MESSAGE][WARNING] - Timeout '0' is invalid. Using default page load timeout: '60'

2021-10-12 15:04:57 - [MESSAGE][PASSED] - Tapped on element 'Object Repository/Mobile/Page/Register/Not Registered/Akun Bank/Edit Text - Account Number'

2021-10-12 15:04:57 - [TEST_STEP][PASSED] - setText(findTestObject("Object Repository/Mobile/Page/Register/Not Registered/Akun Bank/Edit Text - Account Number"), accountnumber, 0, STOP_ON_FAILURE): Text '222444222444' has been set to element 'Object Repository/Mobile/Page/Register/Not Registered/Akun Bank/Edit Text - Account Number'

2021-10-12 15:04:57 - [MESSAGE][WARNING] - Timeout '0' is invalid. Using default page load timeout: '60'

2021-10-12 15:04:58 - [MESSAGE][PASSED] - Text '222444222444' has been set to element 'Object Repository/Mobile/Page/Register/Not Registered/Akun Bank/Edit Text - Account Number'

2021-10-12 15:04:58 - [TEST_STEP][PASSED] - hideKeyboard(): Keyboard is hidden

2021-10-12 15:05:05 - [MESSAGE][PASSED] - Keyboard is hidden

2021-10-12 15:05:05 - [TEST_STEP][PASSED] - delay(1): Delayed 1 second(s)

2021-10-12 15:05:06 - [MESSAGE][PASSED] - Delayed 1 second(s)

2021-10-12 15:05:06 - [TEST_STEP][PASSED] - tap(findTestObject("Object Repository/Mobile/Page/Register/Not Registered/Akun Bank/Edit Text - Name Owner"), 0, STOP_ON_FAILURE): Tapped on element 'Object Repository/Mobile/Page/Register/Not Registered/Akun Bank/Edit Text - Name Owner'

2021-10-12 15:05:06 - [MESSAGE][WARNING] - Timeout '0' is invalid. Using default page load timeout: '60'

2021-10-12 15:05:06 - [MESSAGE][PASSED] - Tapped on element 'Object Repository/Mobile/Page/Register/Not Registered/Akun Bank/Edit Text - Name Owner'

2021-10-12 15:05:06 - [TEST_STEP][PASSED] - setText(findTestObject("Object Repository/Mobile/Page/Register/Not Registered/Akun Bank/Edit Text - Name Owner"), nameowner, 0, STOP_ON_FAILURE): Text 'qatestingsMqxlNLRFu' has been set to element 'Object Repository/Mobile/Page/Register/Not Registered/Akun Bank/Edit Text - Name Owner'

2021-10-12 15:05:06 - [MESSAGE][WARNING] - Timeout '0' is invalid. Using default page load timeout: '60'

2021-10-12 15:05:07 - [MESSAGE][PASSED] - Text 'qatestingsMqxlNLRFu' has been set to element 'Object Repository/Mobile/Page/Register/Not Registered/Akun Bank/Edit Text - Name Owner'

2021-10-12 15:05:07 - [TEST_STEP][PASSED] - hideKeyboard(): Keyboard is hidden

2021-10-12 15:05:11 - [MESSAGE][PASSED] - Keyboard is hidden

2021-10-12 15:05:11 - [TEST_STEP][PASSED] - delay(1): Delayed 1 second(s)

2021-10-12 15:05:12 - [MESSAGE][PASSED] - Delayed 1 second(s)

2021-10-12 15:05:12 - [TEST_STEP][PASSED] - tap(findTestObject("Object Repository/Mobile/Page/Register/Not Registered/Akun Bank/Button - Next"), 0, STOP_ON_FAILURE): Tapped on element 'Object Repository/Mobile/Page/Register/Not Registered/Akun Bank/Button - Next'

2021-10-12 15:05:12 - [MESSAGE][WARNING] - Timeout '0' is invalid. Using default page load timeout: '60'

2021-10-12 15:05:12 - [MESSAGE][PASSED] - Tapped on element 'Object Repository/Mobile/Page/Register/Not Registered/Akun Bank/Button - Next'

2021-10-12 15:05:12 - [TEST_STEP][PASSED] - delay(1): Delayed 1 second(s)

2021-10-12 15:05:13 - [MESSAGE][PASSED] - Delayed 1 second(s)

2021-10-12 15:05:13 - [TEST_STEP][PASSED] - if (isUseReferralCode == 1): Delayed 1 second(s)

2021-10-12 15:05:13 - [TEST_STEP][PASSED] - tap(findTestObject("Object Repository/Mobile/Page/Register/Not Registered/Konfirmasi/Edit Text - Referral Code"), 0, STOP_ON_FAILURE): Tapped on element 'Object Repository/Mobile/Page/Register/Not Registered/Konfirmasi/Edit Text - Referral Code'

2021-10-12 15:05:13 - [MESSAGE][WARNING] - Timeout '0' is invalid. Using default page load timeout: '60'

2021-10-12 15:05:14 - [MESSAGE][PASSED] - Tapped on element 'Object Repository/Mobile/Page/Register/Not Registered/Konfirmasi/Edit Text - Referral Code'

2021-10-12 15:05:14 - [TEST_STEP][PASSED] - setText(findTestObject("Object Repository/Mobile/Page/Register/Not Registered/Konfirmasi/Edit Text - Referral Code"), referralcode, 0, STOP_ON_FAILURE): Text '15412' has been set to element 'Object Repository/Mobile/Page/Register/Not Registered/Konfirmasi/Edit Text - Referral Code'

2021-10-12 15:05:14 - [MESSAGE][WARNING] - Timeout '0' is invalid. Using default page load timeout: '60'

2021-10-12 15:05:15 - [MESSAGE][PASSED] - Text '15412' has been set to element 'Object Repository/Mobile/Page/Register/Not Registered/Konfirmasi/Edit Text - Referral Code'

2021-10-12 15:05:15 - [TEST_STEP][PASSED] - hideKeyboard(): Keyboard is hidden

2021-10-12 15:05:19 - [MESSAGE][PASSED] - Keyboard is hidden

2021-10-12 15:05:19 - [TEST_STEP][PASSED] - delay(1): Delayed 1 second(s)

2021-10-12 15:05:20 - [MESSAGE][PASSED] - Delayed 1 second(s)

2021-10-12 15:05:20 - [TEST_STEP][PASSED] - if (isUseSignature == 1): Delayed 1 second(s)

2021-10-12 15:05:20 - [TEST_STEP][PASSED] - scroll.scroll.scrollSignature(): scroll.scroll.scrollSignature is PASSED

2021-10-12 15:05:20 - [MESSAGE][PASSED] - Current device physical height is 1423

2021-10-12 15:05:20 - [MESSAGE][PASSED] - Current device physical width is 720

2021-10-12 15:05:21 - [MESSAGE][PASSED] - Swiped from 240,853 to 480,853

2021-10-12 15:05:21 - [MESSAGE][PASSED] - scroll.scroll.scrollSignature is PASSED

2021-10-12 15:05:21 - [TEST_STEP][PASSED] - delay(1): Delayed 1 second(s)

2021-10-12 15:05:22 - [MESSAGE][PASSED] - Delayed 1 second(s)

2021-10-12 15:05:22 - [TEST_STEP][PASSED] - tap(findTestObject("Object Repository/Mobile/Page/Register/Not Registered/Konfirmasi/Checkbox - Agreement"), 0, STOP_ON_FAILURE): Tapped on element 'Object Repository/Mobile/Page/Register/Not Registered/Konfirmasi/Checkbox - Agreement'

2021-10-12 15:05:22 - [MESSAGE][WARNING] - Timeout '0' is invalid. Using default page load timeout: '60'

2021-10-12 15:05:23 - [MESSAGE][PASSED] - Tapped on element 'Object Repository/Mobile/Page/Register/Not Registered/Konfirmasi/Checkbox - Agreement'

2021-10-12 15:05:23 - [TEST_STEP][PASSED] - delay(1): Delayed 1 second(s)

2021-10-12 15:05:24 - [MESSAGE][PASSED] - Delayed 1 second(s)

2021-10-12 15:05:24 - [TEST_STEP][PASSED] - tap(findTestObject("Object Repository/Mobile/Page/Register/Not Registered/Konfirmasi/Button - Next"), 0, STOP_ON_FAILURE): Tapped on element 'Object Repository/Mobile/Page/Register/Not Registered/Konfirmasi/Button - Next'

2021-10-12 15:05:24 - [MESSAGE][WARNING] - Timeout '0' is invalid. Using default page load timeout: '60'

2021-10-12 15:05:25 - [MESSAGE][PASSED] - Tapped on element 'Object Repository/Mobile/Page/Register/Not Registered/Konfirmasi/Button - Next'

2021-10-12 15:05:25 - [TEST_STEP][PASSED] - delay(1): Delayed 1 second(s)

2021-10-12 15:05:26 - [MESSAGE][PASSED] - Delayed 1 second(s)

2021-10-12 15:05:26 - [TEST_STEP][PASSED] - tap(findTestObject("Object Repository/Mobile/Page/Register/Not Registered/Konfirmasi/Button - Back to Home"), 0, STOP_ON_FAILURE): Tapped on element 'Object Repository/Mobile/Page/Register/Not Registered/Konfirmasi/Button - Back to Home'

2021-10-12 15:05:26 - [MESSAGE][WARNING] - Timeout '0' is invalid. Using default page load timeout: '60'

2021-10-12 15:05:27 - [MESSAGE][PASSED] - Tapped on element 'Object Repository/Mobile/Page/Register/Not Registered/Konfirmasi/Button - Back to Home'

2021-10-12 15:05:27 - [TEST_STEP][PASSED] - delay(1): Delayed 1 second(s)

2021-10-12 15:05:28 - [MESSAGE][PASSED] - Delayed 1 second(s)

2021-10-12 15:05:28 - [MESSAGE][PASSED] - Call Test Case 'Test Cases/Mobile/Page/Register/Register' successfully]]></system-out>
         <system-err><![CDATA[]]></system-err>
      </testcase>
      <testcase name="Test Cases/Mobile/Scenario/Register/005 - Registrasi akun baru dengan alamat berbeda dengan KTP menggunakan Refferal Code" time="220.756" classname="Test Cases/Mobile/Scenario/Register/005 - Registrasi akun baru dengan alamat berbeda dengan KTP menggunakan Refferal Code" status="PASSED">
         <system-out><![CDATA[2021-10-12 15:05:28 - [TEST_CASE][PASSED] - Test Cases/Mobile/Scenario/Register/005 - Registrasi akun baru dengan alamat berbeda dengan KTP menggunakan Refferal Code: Test Cases/Mobile/Scenario/Register/005 - Registrasi akun baru dengan alamat berbeda dengan KTP menggunakan Refferal Code

2021-10-12 15:05:29 - [TEST_STEP][PASSED] - callTestCase(findTestCase("Mobile/Page/Run App/Run App byID"), [:], STOP_ON_FAILURE): Call Test Case 'Test Cases/Mobile/Page/Run App/Run App byID' successfully

2021-10-12 15:05:29 - [TEST_CASE][PASSED] - Test Cases/Mobile/Page/Run App/Run App byID: Test Cases/Mobile/Page/Run App/Run App byID

2021-10-12 15:05:29 - [TEST_STEP][PASSED] - startApp.OpenApp.startApplication("com.mirae.maxfund"): startApp.OpenApp.startApplication is PASSED

2021-10-12 15:05:40 - [MESSAGE][PASSED] - Starting app with application ID: 'com.mirae.maxfund'

2021-10-12 15:05:40 - [MESSAGE][PASSED] - startApp.OpenApp.startApplication is PASSED

2021-10-12 15:05:40 - [MESSAGE][PASSED] - Call Test Case 'Test Cases/Mobile/Page/Run App/Run App byID' successfully

2021-10-12 15:05:40 - [TEST_STEP][PASSED] - callTestCase(findTestCase("Mobile/Page/Register/Register"), ["isFromLoginPage":0, "isRegistered":0, "isBedaAlamat":1, "isUseSignature":1, "isUseReferralCode":1], STOP_ON_FAILURE): Call Test Case 'Test Cases/Mobile/Page/Register/Register' successfully

2021-10-12 15:05:40 - [TEST_CASE][PASSED] - Test Cases/Mobile/Page/Register/Register: Test Cases/Mobile/Page/Register/Register

2021-10-12 15:05:40 - [TEST_STEP][PASSED] - fullname = "qatesting" + acak.acak.randomStringWord(): acak.acak.randomStringWord is PASSED

2021-10-12 15:05:40 - [MESSAGE][PASSED] - acak.acak.randomStringWord is PASSED

2021-10-12 15:05:40 - [TEST_STEP][PASSED] - birthdate = "1/1/1998": null

2021-10-12 15:05:40 - [TEST_STEP][PASSED] - phone = "082257" + acak.acak.randomStringNumber(6): acak.acak.randomStringNumber is PASSED

2021-10-12 15:05:40 - [MESSAGE][PASSED] - acak.acak.randomStringNumber is PASSED

2021-10-12 15:05:40 - [TEST_STEP][PASSED] - email = fullname + "@gmail.com": null

2021-10-12 15:05:40 - [TEST_STEP][PASSED] - password = "Mirae1234": null

2021-10-12 15:05:40 - [TEST_STEP][PASSED] - branch = "qa cabang": null

2021-10-12 15:05:40 - [TEST_STEP][PASSED] - accountnumber = "222444222444": null

2021-10-12 15:05:40 - [TEST_STEP][PASSED] - nameowner = fullname: null

2021-10-12 15:05:40 - [TEST_STEP][PASSED] - alamat = "Jl. Cempaka Putih Barat 12 F No.12, RT.8/RW.8": null

2021-10-12 15:05:40 - [TEST_STEP][PASSED] - kodepos = "15412": null

2021-10-12 15:05:40 - [TEST_STEP][PASSED] - referralcode = "15412": null

2021-10-12 15:05:40 - [TEST_STEP][PASSED] - if (isFromLoginPage == 1): null

2021-10-12 15:05:40 - [TEST_STEP][PASSED] - else: Delayed 1 second(s)

2021-10-12 15:05:40 - [TEST_STEP][PASSED] - tap(findTestObject("Object Repository/Mobile/Page/Dashboard/Button - Register"), 0, STOP_ON_FAILURE): Tapped on element 'Object Repository/Mobile/Page/Dashboard/Button - Register'

2021-10-12 15:05:40 - [MESSAGE][WARNING] - Timeout '0' is invalid. Using default page load timeout: '60'

2021-10-12 15:05:41 - [MESSAGE][PASSED] - Tapped on element 'Object Repository/Mobile/Page/Dashboard/Button - Register'

2021-10-12 15:05:41 - [TEST_STEP][PASSED] - delay(1): Delayed 1 second(s)

2021-10-12 15:05:42 - [MESSAGE][PASSED] - Delayed 1 second(s)

2021-10-12 15:05:42 - [TEST_STEP][PASSED] - if (isRegistered == 1): null

2021-10-12 15:05:42 - [TEST_STEP][PASSED] - else: Delayed 1 second(s)

2021-10-12 15:05:42 - [TEST_STEP][PASSED] - tap(findTestObject("Object Repository/Mobile/Page/Register/Radio Button - Not registered yet"), 0, STOP_ON_FAILURE): Tapped on element 'Object Repository/Mobile/Page/Register/Radio Button - Not registered yet'

2021-10-12 15:05:42 - [MESSAGE][WARNING] - Timeout '0' is invalid. Using default page load timeout: '60'

2021-10-12 15:05:44 - [MESSAGE][PASSED] - Tapped on element 'Object Repository/Mobile/Page/Register/Radio Button - Not registered yet'

2021-10-12 15:05:44 - [TEST_STEP][PASSED] - delay(1): Delayed 1 second(s)

2021-10-12 15:05:45 - [MESSAGE][PASSED] - Delayed 1 second(s)

2021-10-12 15:05:45 - [TEST_STEP][PASSED] - tap(findTestObject("Object Repository/Mobile/Page/Register/Not Registered/Button - Next"), 0, STOP_ON_FAILURE): Tapped on element 'Object Repository/Mobile/Page/Register/Not Registered/Button - Next'

2021-10-12 15:05:45 - [MESSAGE][WARNING] - Timeout '0' is invalid. Using default page load timeout: '60'

2021-10-12 15:05:46 - [MESSAGE][PASSED] - Tapped on element 'Object Repository/Mobile/Page/Register/Not Registered/Button - Next'

2021-10-12 15:05:46 - [TEST_STEP][PASSED] - delay(1): Delayed 1 second(s)

2021-10-12 15:05:47 - [MESSAGE][PASSED] - Delayed 1 second(s)

2021-10-12 15:05:47 - [TEST_STEP][PASSED] - tap(findTestObject("Object Repository/Mobile/Page/Register/Not Registered/Informasi Pribadi/Edit Text - Fullname"), 0, STOP_ON_FAILURE): Tapped on element 'Object Repository/Mobile/Page/Register/Not Registered/Informasi Pribadi/Edit Text - Fullname'

2021-10-12 15:05:47 - [MESSAGE][WARNING] - Timeout '0' is invalid. Using default page load timeout: '60'

2021-10-12 15:05:48 - [MESSAGE][PASSED] - Tapped on element 'Object Repository/Mobile/Page/Register/Not Registered/Informasi Pribadi/Edit Text - Fullname'

2021-10-12 15:05:48 - [TEST_STEP][PASSED] - setText(findTestObject("Object Repository/Mobile/Page/Register/Not Registered/Informasi Pribadi/Edit Text - Fullname"), fullname, 0): Text 'qatestinghOMypLPvXx' has been set to element 'Object Repository/Mobile/Page/Register/Not Registered/Informasi Pribadi/Edit Text - Fullname'

2021-10-12 15:05:48 - [MESSAGE][WARNING] - Timeout '0' is invalid. Using default page load timeout: '60'

2021-10-12 15:05:49 - [MESSAGE][PASSED] - Text 'qatestinghOMypLPvXx' has been set to element 'Object Repository/Mobile/Page/Register/Not Registered/Informasi Pribadi/Edit Text - Fullname'

2021-10-12 15:05:49 - [TEST_STEP][PASSED] - hideKeyboard(): Keyboard is hidden

2021-10-12 15:05:55 - [MESSAGE][PASSED] - Keyboard is hidden

2021-10-12 15:05:55 - [TEST_STEP][PASSED] - delay(1): Delayed 1 second(s)

2021-10-12 15:05:56 - [MESSAGE][PASSED] - Delayed 1 second(s)

2021-10-12 15:05:56 - [TEST_STEP][PASSED] - tap(findTestObject("Object Repository/Mobile/Page/Register/Not Registered/Informasi Pribadi/Date Picker - Date of Birth"), 0, STOP_ON_FAILURE): Tapped on element 'Object Repository/Mobile/Page/Register/Not Registered/Informasi Pribadi/Date Picker - Date of Birth'

2021-10-12 15:05:56 - [MESSAGE][WARNING] - Timeout '0' is invalid. Using default page load timeout: '60'

2021-10-12 15:05:57 - [MESSAGE][PASSED] - Tapped on element 'Object Repository/Mobile/Page/Register/Not Registered/Informasi Pribadi/Date Picker - Date of Birth'

2021-10-12 15:05:57 - [TEST_STEP][PASSED] - tap(findTestObject("Object Repository/Mobile/Page/Register/Not Registered/Informasi Pribadi/Date Picker - Icon Edit"), 0, STOP_ON_FAILURE): Tapped on element 'Object Repository/Mobile/Page/Register/Not Registered/Informasi Pribadi/Date Picker - Icon Edit'

2021-10-12 15:05:57 - [MESSAGE][WARNING] - Timeout '0' is invalid. Using default page load timeout: '60'

2021-10-12 15:05:59 - [MESSAGE][PASSED] - Tapped on element 'Object Repository/Mobile/Page/Register/Not Registered/Informasi Pribadi/Date Picker - Icon Edit'

2021-10-12 15:05:59 - [TEST_STEP][PASSED] - setText(findTestObject("Mobile/Page/Register/Not Registered/Informasi Pribadi/Date Picker - Edit Text Date"), birthdate, 0): Text '1/1/1998' has been set to element 'Object Repository/Mobile/Page/Register/Not Registered/Informasi Pribadi/Date Picker - Edit Text Date'

2021-10-12 15:05:59 - [MESSAGE][WARNING] - Timeout '0' is invalid. Using default page load timeout: '60'

2021-10-12 15:06:01 - [MESSAGE][PASSED] - Text '1/1/1998' has been set to element 'Object Repository/Mobile/Page/Register/Not Registered/Informasi Pribadi/Date Picker - Edit Text Date'

2021-10-12 15:06:01 - [TEST_STEP][PASSED] - tap(findTestObject("Mobile/Page/Register/Not Registered/Informasi Pribadi/Date Picker - Button OK"), 0, STOP_ON_FAILURE): Tapped on element 'Object Repository/Mobile/Page/Register/Not Registered/Informasi Pribadi/Date Picker - Button OK'

2021-10-12 15:06:01 - [MESSAGE][WARNING] - Timeout '0' is invalid. Using default page load timeout: '60'

2021-10-12 15:06:02 - [MESSAGE][PASSED] - Tapped on element 'Object Repository/Mobile/Page/Register/Not Registered/Informasi Pribadi/Date Picker - Button OK'

2021-10-12 15:06:02 - [TEST_STEP][PASSED] - delay(1): Delayed 1 second(s)

2021-10-12 15:06:03 - [MESSAGE][PASSED] - Delayed 1 second(s)

2021-10-12 15:06:03 - [TEST_STEP][PASSED] - tap(findTestObject("Object Repository/Mobile/Page/Register/Not Registered/Informasi Pribadi/Edit Text - Phone Number"), 0, STOP_ON_FAILURE): Tapped on element 'Object Repository/Mobile/Page/Register/Not Registered/Informasi Pribadi/Edit Text - Phone Number'

2021-10-12 15:06:03 - [MESSAGE][WARNING] - Timeout '0' is invalid. Using default page load timeout: '60'

2021-10-12 15:06:04 - [MESSAGE][PASSED] - Tapped on element 'Object Repository/Mobile/Page/Register/Not Registered/Informasi Pribadi/Edit Text - Phone Number'

2021-10-12 15:06:04 - [TEST_STEP][PASSED] - setText(findTestObject("Object Repository/Mobile/Page/Register/Not Registered/Informasi Pribadi/Edit Text - Phone Number"), phone, 0): Text '082257355684' has been set to element 'Object Repository/Mobile/Page/Register/Not Registered/Informasi Pribadi/Edit Text - Phone Number'

2021-10-12 15:06:04 - [MESSAGE][WARNING] - Timeout '0' is invalid. Using default page load timeout: '60'

2021-10-12 15:06:06 - [MESSAGE][PASSED] - Text '082257355684' has been set to element 'Object Repository/Mobile/Page/Register/Not Registered/Informasi Pribadi/Edit Text - Phone Number'

2021-10-12 15:06:06 - [TEST_STEP][PASSED] - hideKeyboard(): Keyboard is hidden

2021-10-12 15:06:13 - [MESSAGE][PASSED] - Keyboard is hidden

2021-10-12 15:06:13 - [TEST_STEP][PASSED] - delay(1): Delayed 1 second(s)

2021-10-12 15:06:14 - [MESSAGE][PASSED] - Delayed 1 second(s)

2021-10-12 15:06:14 - [TEST_STEP][PASSED] - tap(findTestObject("Object Repository/Mobile/Page/Register/Not Registered/Informasi Pribadi/Edit Text - Re Phone Number"), 0, STOP_ON_FAILURE): Tapped on element 'Object Repository/Mobile/Page/Register/Not Registered/Informasi Pribadi/Edit Text - Re Phone Number'

2021-10-12 15:06:14 - [MESSAGE][WARNING] - Timeout '0' is invalid. Using default page load timeout: '60'

2021-10-12 15:06:14 - [MESSAGE][PASSED] - Tapped on element 'Object Repository/Mobile/Page/Register/Not Registered/Informasi Pribadi/Edit Text - Re Phone Number'

2021-10-12 15:06:14 - [TEST_STEP][PASSED] - setText(findTestObject("Object Repository/Mobile/Page/Register/Not Registered/Informasi Pribadi/Edit Text - Re Phone Number"), phone, 0): Text '082257355684' has been set to element 'Object Repository/Mobile/Page/Register/Not Registered/Informasi Pribadi/Edit Text - Re Phone Number'

2021-10-12 15:06:14 - [MESSAGE][WARNING] - Timeout '0' is invalid. Using default page load timeout: '60'

2021-10-12 15:06:16 - [MESSAGE][PASSED] - Text '082257355684' has been set to element 'Object Repository/Mobile/Page/Register/Not Registered/Informasi Pribadi/Edit Text - Re Phone Number'

2021-10-12 15:06:16 - [TEST_STEP][PASSED] - hideKeyboard(): Keyboard is hidden

2021-10-12 15:06:22 - [MESSAGE][PASSED] - Keyboard is hidden

2021-10-12 15:06:22 - [TEST_STEP][PASSED] - delay(1): Delayed 1 second(s)

2021-10-12 15:06:23 - [MESSAGE][PASSED] - Delayed 1 second(s)

2021-10-12 15:06:23 - [TEST_STEP][PASSED] - tap(findTestObject("Object Repository/Mobile/Page/Register/Not Registered/Informasi Pribadi/Edit Text - Email"), 0, STOP_ON_FAILURE): Tapped on element 'Object Repository/Mobile/Page/Register/Not Registered/Informasi Pribadi/Edit Text - Email'

2021-10-12 15:06:23 - [MESSAGE][WARNING] - Timeout '0' is invalid. Using default page load timeout: '60'

2021-10-12 15:06:24 - [MESSAGE][PASSED] - Tapped on element 'Object Repository/Mobile/Page/Register/Not Registered/Informasi Pribadi/Edit Text - Email'

2021-10-12 15:06:24 - [TEST_STEP][PASSED] - setText(findTestObject("Object Repository/Mobile/Page/Register/Not Registered/Informasi Pribadi/Edit Text - Email"), email, 0): Text 'qatestinghOMypLPvXx@gmail.com' has been set to element 'Object Repository/Mobile/Page/Register/Not Registered/Informasi Pribadi/Edit Text - Email'

2021-10-12 15:06:24 - [MESSAGE][WARNING] - Timeout '0' is invalid. Using default page load timeout: '60'

2021-10-12 15:06:25 - [MESSAGE][PASSED] - Text 'qatestinghOMypLPvXx@gmail.com' has been set to element 'Object Repository/Mobile/Page/Register/Not Registered/Informasi Pribadi/Edit Text - Email'

2021-10-12 15:06:25 - [TEST_STEP][PASSED] - hideKeyboard(): Keyboard is hidden

2021-10-12 15:06:29 - [MESSAGE][PASSED] - Keyboard is hidden

2021-10-12 15:06:29 - [TEST_STEP][PASSED] - delay(1): Delayed 1 second(s)

2021-10-12 15:06:30 - [MESSAGE][PASSED] - Delayed 1 second(s)

2021-10-12 15:06:30 - [TEST_STEP][PASSED] - tap(findTestObject("Object Repository/Mobile/Page/Register/Not Registered/Informasi Pribadi/Edit Text - Re Email"), 0, STOP_ON_FAILURE): Tapped on element 'Object Repository/Mobile/Page/Register/Not Registered/Informasi Pribadi/Edit Text - Re Email'

2021-10-12 15:06:30 - [MESSAGE][WARNING] - Timeout '0' is invalid. Using default page load timeout: '60'

2021-10-12 15:06:30 - [MESSAGE][PASSED] - Tapped on element 'Object Repository/Mobile/Page/Register/Not Registered/Informasi Pribadi/Edit Text - Re Email'

2021-10-12 15:06:30 - [TEST_STEP][PASSED] - setText(findTestObject("Object Repository/Mobile/Page/Register/Not Registered/Informasi Pribadi/Edit Text - Re Email"), email, 0): Text 'qatestinghOMypLPvXx@gmail.com' has been set to element 'Object Repository/Mobile/Page/Register/Not Registered/Informasi Pribadi/Edit Text - Re Email'

2021-10-12 15:06:30 - [MESSAGE][WARNING] - Timeout '0' is invalid. Using default page load timeout: '60'

2021-10-12 15:06:32 - [MESSAGE][PASSED] - Text 'qatestinghOMypLPvXx@gmail.com' has been set to element 'Object Repository/Mobile/Page/Register/Not Registered/Informasi Pribadi/Edit Text - Re Email'

2021-10-12 15:06:32 - [TEST_STEP][PASSED] - hideKeyboard(): Keyboard is hidden

2021-10-12 15:06:36 - [MESSAGE][PASSED] - Keyboard is hidden

2021-10-12 15:06:36 - [TEST_STEP][PASSED] - delay(1): Delayed 1 second(s)

2021-10-12 15:06:37 - [MESSAGE][PASSED] - Delayed 1 second(s)

2021-10-12 15:06:37 - [TEST_STEP][PASSED] - tap(findTestObject("Object Repository/Mobile/Page/Register/Not Registered/Informasi Pribadi/Edit Text - Password"), 0, STOP_ON_FAILURE): Tapped on element 'Object Repository/Mobile/Page/Register/Not Registered/Informasi Pribadi/Edit Text - Password'

2021-10-12 15:06:37 - [MESSAGE][WARNING] - Timeout '0' is invalid. Using default page load timeout: '60'

2021-10-12 15:06:37 - [MESSAGE][PASSED] - Tapped on element 'Object Repository/Mobile/Page/Register/Not Registered/Informasi Pribadi/Edit Text - Password'

2021-10-12 15:06:37 - [TEST_STEP][PASSED] - setText(findTestObject("Object Repository/Mobile/Page/Register/Not Registered/Informasi Pribadi/Edit Text - Password"), password, 0): Text 'Mirae1234' has been set to element 'Object Repository/Mobile/Page/Register/Not Registered/Informasi Pribadi/Edit Text - Password'

2021-10-12 15:06:37 - [MESSAGE][WARNING] - Timeout '0' is invalid. Using default page load timeout: '60'

2021-10-12 15:06:39 - [MESSAGE][PASSED] - Text 'Mirae1234' has been set to element 'Object Repository/Mobile/Page/Register/Not Registered/Informasi Pribadi/Edit Text - Password'

2021-10-12 15:06:39 - [TEST_STEP][PASSED] - hideKeyboard(): Keyboard is hidden

2021-10-12 15:06:45 - [MESSAGE][PASSED] - Keyboard is hidden

2021-10-12 15:06:45 - [TEST_STEP][PASSED] - delay(1): Delayed 1 second(s)

2021-10-12 15:06:46 - [MESSAGE][PASSED] - Delayed 1 second(s)

2021-10-12 15:06:46 - [TEST_STEP][PASSED] - tap(findTestObject("Object Repository/Mobile/Page/Register/Not Registered/Informasi Pribadi/Edit Text - Re Password"), 0, STOP_ON_FAILURE): Tapped on element 'Object Repository/Mobile/Page/Register/Not Registered/Informasi Pribadi/Edit Text - Re Password'

2021-10-12 15:06:46 - [MESSAGE][WARNING] - Timeout '0' is invalid. Using default page load timeout: '60'

2021-10-12 15:06:47 - [MESSAGE][PASSED] - Tapped on element 'Object Repository/Mobile/Page/Register/Not Registered/Informasi Pribadi/Edit Text - Re Password'

2021-10-12 15:06:47 - [TEST_STEP][PASSED] - setText(findTestObject("Object Repository/Mobile/Page/Register/Not Registered/Informasi Pribadi/Edit Text - Re Password"), password, 0): Text 'Mirae1234' has been set to element 'Object Repository/Mobile/Page/Register/Not Registered/Informasi Pribadi/Edit Text - Re Password'

2021-10-12 15:06:47 - [MESSAGE][WARNING] - Timeout '0' is invalid. Using default page load timeout: '60'

2021-10-12 15:06:48 - [MESSAGE][PASSED] - Text 'Mirae1234' has been set to element 'Object Repository/Mobile/Page/Register/Not Registered/Informasi Pribadi/Edit Text - Re Password'

2021-10-12 15:06:48 - [TEST_STEP][PASSED] - hideKeyboard(): Keyboard is hidden

2021-10-12 15:06:54 - [MESSAGE][PASSED] - Keyboard is hidden

2021-10-12 15:06:54 - [TEST_STEP][PASSED] - delay(1): Delayed 1 second(s)

2021-10-12 15:06:55 - [MESSAGE][PASSED] - Delayed 1 second(s)

2021-10-12 15:06:55 - [TEST_STEP][PASSED] - if (isBedaAlamat == 1): Delayed 1 second(s)

2021-10-12 15:06:55 - [TEST_STEP][PASSED] - tap(findTestObject("Object Repository/Mobile/Page/Register/Not Registered/Informasi Pribadi/Radio Button - Address different"), 0, STOP_ON_FAILURE): Tapped on element 'Object Repository/Mobile/Page/Register/Not Registered/Informasi Pribadi/Radio Button - Address different'

2021-10-12 15:06:55 - [MESSAGE][WARNING] - Timeout '0' is invalid. Using default page load timeout: '60'

2021-10-12 15:06:55 - [MESSAGE][PASSED] - Tapped on element 'Object Repository/Mobile/Page/Register/Not Registered/Informasi Pribadi/Radio Button - Address different'

2021-10-12 15:06:55 - [TEST_STEP][PASSED] - delay(1): Delayed 1 second(s)

2021-10-12 15:06:56 - [MESSAGE][PASSED] - Delayed 1 second(s)

2021-10-12 15:06:56 - [TEST_STEP][PASSED] - tap(findTestObject("Object Repository/Mobile/Page/Register/Not Registered/Informasi Pribadi/Address Different/Edit Text - Mailing Address"), 0, STOP_ON_FAILURE): Tapped on element 'Object Repository/Mobile/Page/Register/Not Registered/Informasi Pribadi/Address Different/Edit Text - Mailing Address'

2021-10-12 15:06:56 - [MESSAGE][WARNING] - Timeout '0' is invalid. Using default page load timeout: '60'

2021-10-12 15:06:57 - [MESSAGE][PASSED] - Tapped on element 'Object Repository/Mobile/Page/Register/Not Registered/Informasi Pribadi/Address Different/Edit Text - Mailing Address'

2021-10-12 15:06:57 - [TEST_STEP][PASSED] - setText(findTestObject("Object Repository/Mobile/Page/Register/Not Registered/Informasi Pribadi/Address Different/Edit Text - Mailing Address"), alamat, 0): Text 'Jl. Cempaka Putih Barat 12 F No.12, RT.8/RW.8' has been set to element 'Object Repository/Mobile/Page/Register/Not Registered/Informasi Pribadi/Address Different/Edit Text - Mailing Address'

2021-10-12 15:06:57 - [MESSAGE][WARNING] - Timeout '0' is invalid. Using default page load timeout: '60'

2021-10-12 15:06:59 - [MESSAGE][PASSED] - Text 'Jl. Cempaka Putih Barat 12 F No.12, RT.8/RW.8' has been set to element 'Object Repository/Mobile/Page/Register/Not Registered/Informasi Pribadi/Address Different/Edit Text - Mailing Address'

2021-10-12 15:06:59 - [TEST_STEP][PASSED] - hideKeyboard(): Keyboard is hidden

2021-10-12 15:07:02 - [MESSAGE][PASSED] - Keyboard is hidden

2021-10-12 15:07:02 - [TEST_STEP][PASSED] - delay(1): Delayed 1 second(s)

2021-10-12 15:07:03 - [MESSAGE][PASSED] - Delayed 1 second(s)

2021-10-12 15:07:03 - [TEST_STEP][PASSED] - tapAndHold(findTestObject("Object Repository/Mobile/Page/Register/Not Registered/Informasi Pribadi/Address Different/Dropdown - Province"), 1, 0, STOP_ON_FAILURE): Tapped and held on element 'Object Repository/Mobile/Page/Register/Not Registered/Informasi Pribadi/Address Different/Dropdown - Province' with duration 1

2021-10-12 15:07:03 - [MESSAGE][WARNING] - Timeout '0' is invalid. Using default page load timeout: '60'

2021-10-12 15:07:06 - [MESSAGE][PASSED] - Tapped and held on element 'Object Repository/Mobile/Page/Register/Not Registered/Informasi Pribadi/Address Different/Dropdown - Province' with duration 1

2021-10-12 15:07:06 - [TEST_STEP][PASSED] - tap(findTestObject("Object Repository/Mobile/Page/Register/Not Registered/Informasi Pribadi/Address Different/Dropdown - Province Option DKI Jakarta"), 0, STOP_ON_FAILURE): Tapped on element 'Object Repository/Mobile/Page/Register/Not Registered/Informasi Pribadi/Address Different/Dropdown - Province Option DKI Jakarta'

2021-10-12 15:07:06 - [MESSAGE][WARNING] - Timeout '0' is invalid. Using default page load timeout: '60'

2021-10-12 15:07:08 - [MESSAGE][PASSED] - Tapped on element 'Object Repository/Mobile/Page/Register/Not Registered/Informasi Pribadi/Address Different/Dropdown - Province Option DKI Jakarta'

2021-10-12 15:07:08 - [TEST_STEP][PASSED] - delay(2): Delayed 2 second(s)

2021-10-12 15:07:10 - [MESSAGE][PASSED] - Delayed 2 second(s)

2021-10-12 15:07:10 - [TEST_STEP][PASSED] - hideKeyboard(): Keyboard is hidden

2021-10-12 15:07:13 - [MESSAGE][PASSED] - Keyboard is hidden

2021-10-12 15:07:13 - [TEST_STEP][PASSED] - delay(1): Delayed 1 second(s)

2021-10-12 15:07:14 - [MESSAGE][PASSED] - Delayed 1 second(s)

2021-10-12 15:07:14 - [TEST_STEP][PASSED] - tapAndHold(findTestObject("Object Repository/Mobile/Page/Register/Not Registered/Informasi Pribadi/Address Different/Dropdown - City"), 1, 0, STOP_ON_FAILURE): Tapped and held on element 'Object Repository/Mobile/Page/Register/Not Registered/Informasi Pribadi/Address Different/Dropdown - City' with duration 1

2021-10-12 15:07:14 - [MESSAGE][WARNING] - Timeout '0' is invalid. Using default page load timeout: '60'

2021-10-12 15:07:17 - [MESSAGE][PASSED] - Tapped and held on element 'Object Repository/Mobile/Page/Register/Not Registered/Informasi Pribadi/Address Different/Dropdown - City' with duration 1

2021-10-12 15:07:17 - [TEST_STEP][PASSED] - tap(findTestObject("Object Repository/Mobile/Page/Register/Not Registered/Informasi Pribadi/Address Different/Dropdown - City Option Jakarta Pusat"), 0, STOP_ON_FAILURE): Tapped on element 'Object Repository/Mobile/Page/Register/Not Registered/Informasi Pribadi/Address Different/Dropdown - City Option Jakarta Pusat'

2021-10-12 15:07:17 - [MESSAGE][WARNING] - Timeout '0' is invalid. Using default page load timeout: '60'

2021-10-12 15:07:19 - [MESSAGE][PASSED] - Tapped on element 'Object Repository/Mobile/Page/Register/Not Registered/Informasi Pribadi/Address Different/Dropdown - City Option Jakarta Pusat'

2021-10-12 15:07:19 - [TEST_STEP][PASSED] - delay(2): Delayed 2 second(s)

2021-10-12 15:07:21 - [MESSAGE][PASSED] - Delayed 2 second(s)

2021-10-12 15:07:21 - [TEST_STEP][PASSED] - hideKeyboard(): Keyboard is hidden

2021-10-12 15:07:24 - [MESSAGE][PASSED] - Keyboard is hidden

2021-10-12 15:07:24 - [TEST_STEP][PASSED] - delay(1): Delayed 1 second(s)

2021-10-12 15:07:25 - [MESSAGE][PASSED] - Delayed 1 second(s)

2021-10-12 15:07:25 - [TEST_STEP][PASSED] - tap(findTestObject("Object Repository/Mobile/Page/Register/Not Registered/Informasi Pribadi/Address Different/Edit Text - Postal Code"), 0, STOP_ON_FAILURE): Tapped on element 'Object Repository/Mobile/Page/Register/Not Registered/Informasi Pribadi/Address Different/Edit Text - Postal Code'

2021-10-12 15:07:25 - [MESSAGE][WARNING] - Timeout '0' is invalid. Using default page load timeout: '60'

2021-10-12 15:07:26 - [MESSAGE][PASSED] - Tapped on element 'Object Repository/Mobile/Page/Register/Not Registered/Informasi Pribadi/Address Different/Edit Text - Postal Code'

2021-10-12 15:07:26 - [TEST_STEP][PASSED] - setText(findTestObject("Object Repository/Mobile/Page/Register/Not Registered/Informasi Pribadi/Address Different/Edit Text - Postal Code"), kodepos, 0): Text '15412' has been set to element 'Object Repository/Mobile/Page/Register/Not Registered/Informasi Pribadi/Address Different/Edit Text - Postal Code'

2021-10-12 15:07:26 - [MESSAGE][WARNING] - Timeout '0' is invalid. Using default page load timeout: '60'

2021-10-12 15:07:28 - [MESSAGE][PASSED] - Text '15412' has been set to element 'Object Repository/Mobile/Page/Register/Not Registered/Informasi Pribadi/Address Different/Edit Text - Postal Code'

2021-10-12 15:07:28 - [TEST_STEP][PASSED] - hideKeyboard(): Keyboard is hidden

2021-10-12 15:07:35 - [MESSAGE][PASSED] - Keyboard is hidden

2021-10-12 15:07:35 - [TEST_STEP][PASSED] - delay(1): Delayed 1 second(s)

2021-10-12 15:07:36 - [MESSAGE][PASSED] - Delayed 1 second(s)

2021-10-12 15:07:36 - [TEST_STEP][PASSED] - tap(findTestObject("Object Repository/Mobile/Page/Register/Not Registered/Informasi Pribadi/Button - Icon KTP"), 0, STOP_ON_FAILURE): Tapped on element 'Object Repository/Mobile/Page/Register/Not Registered/Informasi Pribadi/Button - Icon KTP'

2021-10-12 15:07:36 - [MESSAGE][WARNING] - Timeout '0' is invalid. Using default page load timeout: '60'

2021-10-12 15:07:36 - [MESSAGE][PASSED] - Tapped on element 'Object Repository/Mobile/Page/Register/Not Registered/Informasi Pribadi/Button - Icon KTP'

2021-10-12 15:07:36 - [TEST_STEP][PASSED] - permission = verifyElementExist(findTestObject("Object Repository/Mobile/Page/Register/Not Registered/Informasi Pribadi/Permission - Only this time"), 1, OPTIONAL): Element 'Object Repository/Mobile/Page/Register/Not Registered/Informasi Pribadi/Permission - Only this time' not found

2021-10-12 15:07:39 - [MESSAGE][WARNING] - Element 'Object Repository/Mobile/Page/Register/Not Registered/Informasi Pribadi/Permission - Only this time' not found
[[ATTACHMENT|C:\\Users\\Owner\\Documents\\kerjaan\\KatalonProject\\qa-katalon-maxfund\\Reports\\20211012_145548\\Register\\20211012_145548\\1634026058457.png]]

2021-10-12 15:07:39 - [TEST_STEP][PASSED] - if (permission): null

2021-10-12 15:07:39 - [TEST_STEP][PASSED] - permission = verifyElementExist(findTestObject("Object Repository/Mobile/Page/Register/Not Registered/Informasi Pribadi/Permission - Only this time"), 1, OPTIONAL): Element 'Object Repository/Mobile/Page/Register/Not Registered/Informasi Pribadi/Permission - Only this time' not found

2021-10-12 15:07:42 - [MESSAGE][WARNING] - Element 'Object Repository/Mobile/Page/Register/Not Registered/Informasi Pribadi/Permission - Only this time' not found
[[ATTACHMENT|C:\\Users\\Owner\\Documents\\kerjaan\\KatalonProject\\qa-katalon-maxfund\\Reports\\20211012_145548\\Register\\20211012_145548\\1634026061073.png]]

2021-10-12 15:07:42 - [TEST_STEP][PASSED] - if (permission): null

2021-10-12 15:07:42 - [TEST_STEP][PASSED] - tap(findTestObject("Object Repository/Mobile/Page/Register/Not Registered/Informasi Pribadi/Button - Capture KTP"), 0, STOP_ON_FAILURE): Tapped on element 'Object Repository/Mobile/Page/Register/Not Registered/Informasi Pribadi/Button - Capture KTP'

2021-10-12 15:07:42 - [MESSAGE][WARNING] - Timeout '0' is invalid. Using default page load timeout: '60'

2021-10-12 15:07:43 - [MESSAGE][PASSED] - Tapped on element 'Object Repository/Mobile/Page/Register/Not Registered/Informasi Pribadi/Button - Capture KTP'

2021-10-12 15:07:43 - [TEST_STEP][PASSED] - delay(2): Delayed 2 second(s)

2021-10-12 15:07:45 - [MESSAGE][PASSED] - Delayed 2 second(s)

2021-10-12 15:07:45 - [TEST_STEP][PASSED] - hideKeyboard(): Keyboard is hidden

2021-10-12 15:07:53 - [MESSAGE][PASSED] - Keyboard is hidden

2021-10-12 15:07:53 - [TEST_STEP][PASSED] - delay(1): Delayed 1 second(s)

2021-10-12 15:07:54 - [MESSAGE][PASSED] - Delayed 1 second(s)

2021-10-12 15:07:54 - [TEST_STEP][PASSED] - scroll.scroll.scrollToBottomOpenKeyboard(): scroll.scroll.scrollToBottomOpenKeyboard is PASSED

2021-10-12 15:07:54 - [MESSAGE][PASSED] - Current device physical height is 1423

2021-10-12 15:07:55 - [MESSAGE][PASSED] - Current device physical width is 720

2021-10-12 15:07:56 - [MESSAGE][PASSED] - Swiped from 360,853 to 360,284

2021-10-12 15:07:56 - [MESSAGE][PASSED] - scroll.scroll.scrollToBottomOpenKeyboard is PASSED

2021-10-12 15:07:56 - [TEST_STEP][PASSED] - tap(findTestObject("Object Repository/Mobile/Page/Register/Not Registered/Informasi Pribadi/Button - Icon Face with KTP"), 0, STOP_ON_FAILURE): Tapped on element 'Object Repository/Mobile/Page/Register/Not Registered/Informasi Pribadi/Button - Icon Face with KTP'

2021-10-12 15:07:56 - [MESSAGE][WARNING] - Timeout '0' is invalid. Using default page load timeout: '60'

2021-10-12 15:07:57 - [MESSAGE][PASSED] - Tapped on element 'Object Repository/Mobile/Page/Register/Not Registered/Informasi Pribadi/Button - Icon Face with KTP'

2021-10-12 15:07:57 - [TEST_STEP][PASSED] - permission = verifyElementExist(findTestObject("Object Repository/Mobile/Page/Register/Not Registered/Informasi Pribadi/Permission - Only this time"), 1, OPTIONAL): Element 'Object Repository/Mobile/Page/Register/Not Registered/Informasi Pribadi/Permission - Only this time' not found

2021-10-12 15:08:00 - [MESSAGE][WARNING] - Element 'Object Repository/Mobile/Page/Register/Not Registered/Informasi Pribadi/Permission - Only this time' not found
[[ATTACHMENT|C:\\Users\\Owner\\Documents\\kerjaan\\KatalonProject\\qa-katalon-maxfund\\Reports\\20211012_145548\\Register\\20211012_145548\\1634026079023.png]]

2021-10-12 15:08:00 - [TEST_STEP][PASSED] - if (permission): null

2021-10-12 15:08:00 - [TEST_STEP][PASSED] - permission = verifyElementExist(findTestObject("Object Repository/Mobile/Page/Register/Not Registered/Informasi Pribadi/Permission - Only this time"), 1, OPTIONAL): Element 'Object Repository/Mobile/Page/Register/Not Registered/Informasi Pribadi/Permission - Only this time' not found

2021-10-12 15:08:03 - [MESSAGE][WARNING] - Element 'Object Repository/Mobile/Page/Register/Not Registered/Informasi Pribadi/Permission - Only this time' not found
[[ATTACHMENT|C:\\Users\\Owner\\Documents\\kerjaan\\KatalonProject\\qa-katalon-maxfund\\Reports\\20211012_145548\\Register\\20211012_145548\\1634026081678.png]]

2021-10-12 15:08:03 - [TEST_STEP][PASSED] - if (permission): null

2021-10-12 15:08:03 - [TEST_STEP][PASSED] - tap(findTestObject("Object Repository/Mobile/Page/Register/Not Registered/Informasi Pribadi/Button - Capture Face with KTP"), 0, STOP_ON_FAILURE): Tapped on element 'Object Repository/Mobile/Page/Register/Not Registered/Informasi Pribadi/Button - Capture Face with KTP'

2021-10-12 15:08:03 - [MESSAGE][WARNING] - Timeout '0' is invalid. Using default page load timeout: '60'

2021-10-12 15:08:03 - [MESSAGE][PASSED] - Tapped on element 'Object Repository/Mobile/Page/Register/Not Registered/Informasi Pribadi/Button - Capture Face with KTP'

2021-10-12 15:08:03 - [TEST_STEP][PASSED] - delay(2): Delayed 2 second(s)

2021-10-12 15:08:05 - [MESSAGE][PASSED] - Delayed 2 second(s)

2021-10-12 15:08:05 - [TEST_STEP][PASSED] - hideKeyboard(): Keyboard is hidden

2021-10-12 15:08:11 - [MESSAGE][PASSED] - Keyboard is hidden

2021-10-12 15:08:11 - [TEST_STEP][PASSED] - delay(1): Delayed 1 second(s)

2021-10-12 15:08:12 - [MESSAGE][PASSED] - Delayed 1 second(s)

2021-10-12 15:08:12 - [TEST_STEP][PASSED] - scroll.scroll.scrollToBottomOpenKeyboard(): scroll.scroll.scrollToBottomOpenKeyboard is PASSED

2021-10-12 15:08:12 - [MESSAGE][PASSED] - Current device physical height is 1423

2021-10-12 15:08:13 - [MESSAGE][PASSED] - Current device physical width is 720

2021-10-12 15:08:14 - [MESSAGE][PASSED] - Swiped from 360,853 to 360,284

2021-10-12 15:08:14 - [MESSAGE][PASSED] - scroll.scroll.scrollToBottomOpenKeyboard is PASSED

2021-10-12 15:08:14 - [TEST_STEP][PASSED] - tap(findTestObject("Object Repository/Mobile/Page/Register/Not Registered/Informasi Pribadi/Radio Button - Low Risk"), 0, STOP_ON_FAILURE): Tapped on element 'Object Repository/Mobile/Page/Register/Not Registered/Informasi Pribadi/Radio Button - Low Risk'

2021-10-12 15:08:14 - [MESSAGE][WARNING] - Timeout '0' is invalid. Using default page load timeout: '60'

2021-10-12 15:08:15 - [MESSAGE][PASSED] - Tapped on element 'Object Repository/Mobile/Page/Register/Not Registered/Informasi Pribadi/Radio Button - Low Risk'

2021-10-12 15:08:15 - [TEST_STEP][PASSED] - delay(1): Delayed 1 second(s)

2021-10-12 15:08:16 - [MESSAGE][PASSED] - Delayed 1 second(s)

2021-10-12 15:08:16 - [TEST_STEP][PASSED] - tap(findTestObject("Object Repository/Mobile/Page/Register/Not Registered/Informasi Pribadi/Radio Button - Medium Risk"), 0, STOP_ON_FAILURE): Tapped on element 'Object Repository/Mobile/Page/Register/Not Registered/Informasi Pribadi/Radio Button - Medium Risk'

2021-10-12 15:08:16 - [MESSAGE][WARNING] - Timeout '0' is invalid. Using default page load timeout: '60'

2021-10-12 15:08:17 - [MESSAGE][PASSED] - Tapped on element 'Object Repository/Mobile/Page/Register/Not Registered/Informasi Pribadi/Radio Button - Medium Risk'

2021-10-12 15:08:17 - [TEST_STEP][PASSED] - delay(1): Delayed 1 second(s)

2021-10-12 15:08:18 - [MESSAGE][PASSED] - Delayed 1 second(s)

2021-10-12 15:08:18 - [TEST_STEP][PASSED] - tap(findTestObject("Object Repository/Mobile/Page/Register/Not Registered/Informasi Pribadi/Radio Button - High Risk"), 0, STOP_ON_FAILURE): Tapped on element 'Object Repository/Mobile/Page/Register/Not Registered/Informasi Pribadi/Radio Button - High Risk'

2021-10-12 15:08:18 - [MESSAGE][WARNING] - Timeout '0' is invalid. Using default page load timeout: '60'

2021-10-12 15:08:18 - [MESSAGE][PASSED] - Tapped on element 'Object Repository/Mobile/Page/Register/Not Registered/Informasi Pribadi/Radio Button - High Risk'

2021-10-12 15:08:18 - [TEST_STEP][PASSED] - delay(1): Delayed 1 second(s)

2021-10-12 15:08:19 - [MESSAGE][PASSED] - Delayed 1 second(s)

2021-10-12 15:08:19 - [TEST_STEP][PASSED] - tap(findTestObject("Object Repository/Mobile/Page/Register/Not Registered/Informasi Pribadi/Button - Next"), 0, STOP_ON_FAILURE): Tapped on element 'Object Repository/Mobile/Page/Register/Not Registered/Informasi Pribadi/Button - Next'

2021-10-12 15:08:19 - [MESSAGE][WARNING] - Timeout '0' is invalid. Using default page load timeout: '60'

2021-10-12 15:08:20 - [MESSAGE][PASSED] - Tapped on element 'Object Repository/Mobile/Page/Register/Not Registered/Informasi Pribadi/Button - Next'

2021-10-12 15:08:20 - [TEST_STEP][PASSED] - delay(1): Delayed 1 second(s)

2021-10-12 15:08:21 - [MESSAGE][PASSED] - Delayed 1 second(s)

2021-10-12 15:08:21 - [TEST_STEP][PASSED] - tapAndHold(findTestObject("Mobile/Page/Register/Not Registered/Akun Bank/Dropdown - Bank"), 1, 0, STOP_ON_FAILURE): Tapped and held on element 'Object Repository/Mobile/Page/Register/Not Registered/Akun Bank/Dropdown - Bank' with duration 1

2021-10-12 15:08:21 - [MESSAGE][WARNING] - Timeout '0' is invalid. Using default page load timeout: '60'

2021-10-12 15:08:24 - [MESSAGE][PASSED] - Tapped and held on element 'Object Repository/Mobile/Page/Register/Not Registered/Akun Bank/Dropdown - Bank' with duration 1

2021-10-12 15:08:24 - [TEST_STEP][PASSED] - tap(findTestObject("Object Repository/Mobile/Page/Register/Not Registered/Akun Bank/Dropdown - Bank Option Citibank"), 0, STOP_ON_FAILURE): Tapped on element 'Object Repository/Mobile/Page/Register/Not Registered/Akun Bank/Dropdown - Bank Option Citibank'

2021-10-12 15:08:24 - [MESSAGE][WARNING] - Timeout '0' is invalid. Using default page load timeout: '60'

2021-10-12 15:08:25 - [MESSAGE][PASSED] - Tapped on element 'Object Repository/Mobile/Page/Register/Not Registered/Akun Bank/Dropdown - Bank Option Citibank'

2021-10-12 15:08:25 - [TEST_STEP][PASSED] - delay(1): Delayed 1 second(s)

2021-10-12 15:08:26 - [MESSAGE][PASSED] - Delayed 1 second(s)

2021-10-12 15:08:26 - [TEST_STEP][PASSED] - tapAndHold(findTestObject("Mobile/Page/Register/Not Registered/Akun Bank/Dropdown - Country"), 1, 0, STOP_ON_FAILURE): Tapped and held on element 'Object Repository/Mobile/Page/Register/Not Registered/Akun Bank/Dropdown - Country' with duration 1

2021-10-12 15:08:26 - [MESSAGE][WARNING] - Timeout '0' is invalid. Using default page load timeout: '60'

2021-10-12 15:08:29 - [MESSAGE][PASSED] - Tapped and held on element 'Object Repository/Mobile/Page/Register/Not Registered/Akun Bank/Dropdown - Country' with duration 1

2021-10-12 15:08:29 - [TEST_STEP][PASSED] - tap(findTestObject("Object Repository/Mobile/Page/Register/Not Registered/Akun Bank/Dropdown - Country Option Indonesia"), 0, STOP_ON_FAILURE): Tapped on element 'Object Repository/Mobile/Page/Register/Not Registered/Akun Bank/Dropdown - Country Option Indonesia'

2021-10-12 15:08:29 - [MESSAGE][WARNING] - Timeout '0' is invalid. Using default page load timeout: '60'

2021-10-12 15:08:30 - [MESSAGE][PASSED] - Tapped on element 'Object Repository/Mobile/Page/Register/Not Registered/Akun Bank/Dropdown - Country Option Indonesia'

2021-10-12 15:08:30 - [TEST_STEP][PASSED] - delay(1): Delayed 1 second(s)

2021-10-12 15:08:31 - [MESSAGE][PASSED] - Delayed 1 second(s)

2021-10-12 15:08:31 - [TEST_STEP][PASSED] - tap(findTestObject("Object Repository/Mobile/Page/Register/Not Registered/Akun Bank/Edit Text - Branch"), 0, STOP_ON_FAILURE): Tapped on element 'Object Repository/Mobile/Page/Register/Not Registered/Akun Bank/Edit Text - Branch'

2021-10-12 15:08:31 - [MESSAGE][WARNING] - Timeout '0' is invalid. Using default page load timeout: '60'

2021-10-12 15:08:31 - [MESSAGE][PASSED] - Tapped on element 'Object Repository/Mobile/Page/Register/Not Registered/Akun Bank/Edit Text - Branch'

2021-10-12 15:08:31 - [TEST_STEP][PASSED] - setText(findTestObject("Object Repository/Mobile/Page/Register/Not Registered/Akun Bank/Edit Text - Branch"), branch, 0, STOP_ON_FAILURE): Text 'qa cabang' has been set to element 'Object Repository/Mobile/Page/Register/Not Registered/Akun Bank/Edit Text - Branch'

2021-10-12 15:08:31 - [MESSAGE][WARNING] - Timeout '0' is invalid. Using default page load timeout: '60'

2021-10-12 15:08:32 - [MESSAGE][PASSED] - Text 'qa cabang' has been set to element 'Object Repository/Mobile/Page/Register/Not Registered/Akun Bank/Edit Text - Branch'

2021-10-12 15:08:32 - [TEST_STEP][PASSED] - hideKeyboard(): Keyboard is hidden

2021-10-12 15:08:36 - [MESSAGE][PASSED] - Keyboard is hidden

2021-10-12 15:08:36 - [TEST_STEP][PASSED] - delay(1): Delayed 1 second(s)

2021-10-12 15:08:37 - [MESSAGE][PASSED] - Delayed 1 second(s)

2021-10-12 15:08:37 - [TEST_STEP][PASSED] - tap(findTestObject("Object Repository/Mobile/Page/Register/Not Registered/Akun Bank/Edit Text - Account Number"), 0, STOP_ON_FAILURE): Tapped on element 'Object Repository/Mobile/Page/Register/Not Registered/Akun Bank/Edit Text - Account Number'

2021-10-12 15:08:37 - [MESSAGE][WARNING] - Timeout '0' is invalid. Using default page load timeout: '60'

2021-10-12 15:08:37 - [MESSAGE][PASSED] - Tapped on element 'Object Repository/Mobile/Page/Register/Not Registered/Akun Bank/Edit Text - Account Number'

2021-10-12 15:08:37 - [TEST_STEP][PASSED] - setText(findTestObject("Object Repository/Mobile/Page/Register/Not Registered/Akun Bank/Edit Text - Account Number"), accountnumber, 0, STOP_ON_FAILURE): Text '222444222444' has been set to element 'Object Repository/Mobile/Page/Register/Not Registered/Akun Bank/Edit Text - Account Number'

2021-10-12 15:08:37 - [MESSAGE][WARNING] - Timeout '0' is invalid. Using default page load timeout: '60'

2021-10-12 15:08:39 - [MESSAGE][PASSED] - Text '222444222444' has been set to element 'Object Repository/Mobile/Page/Register/Not Registered/Akun Bank/Edit Text - Account Number'

2021-10-12 15:08:39 - [TEST_STEP][PASSED] - hideKeyboard(): Keyboard is hidden

2021-10-12 15:08:45 - [MESSAGE][PASSED] - Keyboard is hidden

2021-10-12 15:08:45 - [TEST_STEP][PASSED] - delay(1): Delayed 1 second(s)

2021-10-12 15:08:46 - [MESSAGE][PASSED] - Delayed 1 second(s)

2021-10-12 15:08:46 - [TEST_STEP][PASSED] - tap(findTestObject("Object Repository/Mobile/Page/Register/Not Registered/Akun Bank/Edit Text - Name Owner"), 0, STOP_ON_FAILURE): Tapped on element 'Object Repository/Mobile/Page/Register/Not Registered/Akun Bank/Edit Text - Name Owner'

2021-10-12 15:08:46 - [MESSAGE][WARNING] - Timeout '0' is invalid. Using default page load timeout: '60'

2021-10-12 15:08:46 - [MESSAGE][PASSED] - Tapped on element 'Object Repository/Mobile/Page/Register/Not Registered/Akun Bank/Edit Text - Name Owner'

2021-10-12 15:08:46 - [TEST_STEP][PASSED] - setText(findTestObject("Object Repository/Mobile/Page/Register/Not Registered/Akun Bank/Edit Text - Name Owner"), nameowner, 0, STOP_ON_FAILURE): Text 'qatestinghOMypLPvXx' has been set to element 'Object Repository/Mobile/Page/Register/Not Registered/Akun Bank/Edit Text - Name Owner'

2021-10-12 15:08:46 - [MESSAGE][WARNING] - Timeout '0' is invalid. Using default page load timeout: '60'

2021-10-12 15:08:47 - [MESSAGE][PASSED] - Text 'qatestinghOMypLPvXx' has been set to element 'Object Repository/Mobile/Page/Register/Not Registered/Akun Bank/Edit Text - Name Owner'

2021-10-12 15:08:47 - [TEST_STEP][PASSED] - hideKeyboard(): Keyboard is hidden

2021-10-12 15:08:51 - [MESSAGE][PASSED] - Keyboard is hidden

2021-10-12 15:08:51 - [TEST_STEP][PASSED] - delay(1): Delayed 1 second(s)

2021-10-12 15:08:52 - [MESSAGE][PASSED] - Delayed 1 second(s)

2021-10-12 15:08:52 - [TEST_STEP][PASSED] - tap(findTestObject("Object Repository/Mobile/Page/Register/Not Registered/Akun Bank/Button - Next"), 0, STOP_ON_FAILURE): Tapped on element 'Object Repository/Mobile/Page/Register/Not Registered/Akun Bank/Button - Next'

2021-10-12 15:08:52 - [MESSAGE][WARNING] - Timeout '0' is invalid. Using default page load timeout: '60'

2021-10-12 15:08:53 - [MESSAGE][PASSED] - Tapped on element 'Object Repository/Mobile/Page/Register/Not Registered/Akun Bank/Button - Next'

2021-10-12 15:08:53 - [TEST_STEP][PASSED] - delay(1): Delayed 1 second(s)

2021-10-12 15:08:54 - [MESSAGE][PASSED] - Delayed 1 second(s)

2021-10-12 15:08:54 - [TEST_STEP][PASSED] - if (isUseReferralCode == 1): Delayed 1 second(s)

2021-10-12 15:08:54 - [TEST_STEP][PASSED] - tap(findTestObject("Object Repository/Mobile/Page/Register/Not Registered/Konfirmasi/Edit Text - Referral Code"), 0, STOP_ON_FAILURE): Tapped on element 'Object Repository/Mobile/Page/Register/Not Registered/Konfirmasi/Edit Text - Referral Code'

2021-10-12 15:08:54 - [MESSAGE][WARNING] - Timeout '0' is invalid. Using default page load timeout: '60'

2021-10-12 15:08:54 - [MESSAGE][PASSED] - Tapped on element 'Object Repository/Mobile/Page/Register/Not Registered/Konfirmasi/Edit Text - Referral Code'

2021-10-12 15:08:54 - [TEST_STEP][PASSED] - setText(findTestObject("Object Repository/Mobile/Page/Register/Not Registered/Konfirmasi/Edit Text - Referral Code"), referralcode, 0, STOP_ON_FAILURE): Text '15412' has been set to element 'Object Repository/Mobile/Page/Register/Not Registered/Konfirmasi/Edit Text - Referral Code'

2021-10-12 15:08:54 - [MESSAGE][WARNING] - Timeout '0' is invalid. Using default page load timeout: '60'

2021-10-12 15:08:56 - [MESSAGE][PASSED] - Text '15412' has been set to element 'Object Repository/Mobile/Page/Register/Not Registered/Konfirmasi/Edit Text - Referral Code'

2021-10-12 15:08:56 - [TEST_STEP][PASSED] - hideKeyboard(): Keyboard is hidden

2021-10-12 15:08:59 - [MESSAGE][PASSED] - Keyboard is hidden

2021-10-12 15:08:59 - [TEST_STEP][PASSED] - delay(1): Delayed 1 second(s)

2021-10-12 15:09:00 - [MESSAGE][PASSED] - Delayed 1 second(s)

2021-10-12 15:09:00 - [TEST_STEP][PASSED] - if (isUseSignature == 1): Delayed 1 second(s)

2021-10-12 15:09:00 - [TEST_STEP][PASSED] - scroll.scroll.scrollSignature(): scroll.scroll.scrollSignature is PASSED

2021-10-12 15:09:00 - [MESSAGE][PASSED] - Current device physical height is 1423

2021-10-12 15:09:01 - [MESSAGE][PASSED] - Current device physical width is 720

2021-10-12 15:09:02 - [MESSAGE][PASSED] - Swiped from 240,853 to 480,853

2021-10-12 15:09:02 - [MESSAGE][PASSED] - scroll.scroll.scrollSignature is PASSED

2021-10-12 15:09:02 - [TEST_STEP][PASSED] - delay(1): Delayed 1 second(s)

2021-10-12 15:09:03 - [MESSAGE][PASSED] - Delayed 1 second(s)

2021-10-12 15:09:03 - [TEST_STEP][PASSED] - tap(findTestObject("Object Repository/Mobile/Page/Register/Not Registered/Konfirmasi/Checkbox - Agreement"), 0, STOP_ON_FAILURE): Tapped on element 'Object Repository/Mobile/Page/Register/Not Registered/Konfirmasi/Checkbox - Agreement'

2021-10-12 15:09:03 - [MESSAGE][WARNING] - Timeout '0' is invalid. Using default page load timeout: '60'

2021-10-12 15:09:03 - [MESSAGE][PASSED] - Tapped on element 'Object Repository/Mobile/Page/Register/Not Registered/Konfirmasi/Checkbox - Agreement'

2021-10-12 15:09:03 - [TEST_STEP][PASSED] - delay(1): Delayed 1 second(s)

2021-10-12 15:09:04 - [MESSAGE][PASSED] - Delayed 1 second(s)

2021-10-12 15:09:04 - [TEST_STEP][PASSED] - tap(findTestObject("Object Repository/Mobile/Page/Register/Not Registered/Konfirmasi/Button - Next"), 0, STOP_ON_FAILURE): Tapped on element 'Object Repository/Mobile/Page/Register/Not Registered/Konfirmasi/Button - Next'

2021-10-12 15:09:04 - [MESSAGE][WARNING] - Timeout '0' is invalid. Using default page load timeout: '60'

2021-10-12 15:09:05 - [MESSAGE][PASSED] - Tapped on element 'Object Repository/Mobile/Page/Register/Not Registered/Konfirmasi/Button - Next'

2021-10-12 15:09:05 - [TEST_STEP][PASSED] - delay(1): Delayed 1 second(s)

2021-10-12 15:09:06 - [MESSAGE][PASSED] - Delayed 1 second(s)

2021-10-12 15:09:06 - [TEST_STEP][PASSED] - tap(findTestObject("Object Repository/Mobile/Page/Register/Not Registered/Konfirmasi/Button - Back to Home"), 0, STOP_ON_FAILURE): Tapped on element 'Object Repository/Mobile/Page/Register/Not Registered/Konfirmasi/Button - Back to Home'

2021-10-12 15:09:06 - [MESSAGE][WARNING] - Timeout '0' is invalid. Using default page load timeout: '60'

2021-10-12 15:09:08 - [MESSAGE][PASSED] - Tapped on element 'Object Repository/Mobile/Page/Register/Not Registered/Konfirmasi/Button - Back to Home'

2021-10-12 15:09:08 - [TEST_STEP][PASSED] - delay(1): Delayed 1 second(s)

2021-10-12 15:09:09 - [MESSAGE][PASSED] - Delayed 1 second(s)

2021-10-12 15:09:09 - [MESSAGE][PASSED] - Call Test Case 'Test Cases/Mobile/Page/Register/Register' successfully]]></system-out>
         <system-err><![CDATA[]]></system-err>
      </testcase>
      <testcase name="Test Cases/Mobile/Scenario/Register/006 - Registrasi akun baru dengan alamat sesuai KTP dan tidak mengisi kolom signature" time="228.424" classname="Test Cases/Mobile/Scenario/Register/006 - Registrasi akun baru dengan alamat sesuai KTP dan tidak mengisi kolom signature" status="FAILED">
         <failure type="FAILED" message="Test Cases/Mobile/Scenario/Register/006 - Registrasi akun baru dengan alamat sesuai KTP dan tidak mengisi kolom signature FAILED.
Reason:
com.kms.katalon.core.exception.StepFailedException: Call Test Case 'Test Cases/Mobile/Page/Register/Register' failed
	at com.kms.katalon.core.keyword.builtin.CallTestCaseKeyword$_callTestCase_closure1.doCall(CallTestCaseKeyword.groovy:63)
	at com.kms.katalon.core.keyword.builtin.CallTestCaseKeyword$_callTestCase_closure1.call(CallTestCaseKeyword.groovy)
	at com.kms.katalon.core.keyword.internal.KeywordMain.runKeyword(KeywordMain.groovy:68)
	at com.kms.katalon.core.keyword.builtin.CallTestCaseKeyword.callTestCase(CallTestCaseKeyword.groovy:81)
	at com.kms.katalon.core.keyword.builtin.CallTestCaseKeyword.execute(CallTestCaseKeyword.groovy:44)
	at com.kms.katalon.core.keyword.internal.KeywordExecutor.executeKeywordForPlatform(KeywordExecutor.groovy:73)
	at com.kms.katalon.core.keyword.BuiltinKeywords.callTestCase(BuiltinKeywords.groovy:334)
	at 006 - Registrasi akun baru dengan alamat sesuai KTP dan tidak mengisi kolom signature.run(006 - Registrasi akun baru dengan alamat sesuai KTP dan tidak mengisi kolom signature:22)
	at com.kms.katalon.core.main.ScriptEngine.run(ScriptEngine.java:194)
	at com.kms.katalon.core.main.ScriptEngine.runScriptAsRawText(ScriptEngine.java:119)
	at com.kms.katalon.core.main.TestCaseExecutor.runScript(TestCaseExecutor.java:398)
	at com.kms.katalon.core.main.TestCaseExecutor.doExecute(TestCaseExecutor.java:389)
	at com.kms.katalon.core.main.TestCaseExecutor.processExecutionPhase(TestCaseExecutor.java:368)
	at com.kms.katalon.core.main.TestCaseExecutor.accessMainPhase(TestCaseExecutor.java:360)
	at com.kms.katalon.core.main.TestCaseExecutor.execute(TestCaseExecutor.java:255)
	at com.kms.katalon.core.main.TestSuiteExecutor.accessTestCaseMainPhase(TestSuiteExecutor.java:203)
	at com.kms.katalon.core.main.TestSuiteExecutor.accessTestSuiteMainPhase(TestSuiteExecutor.java:152)
	at com.kms.katalon.core.main.TestSuiteExecutor.execute(TestSuiteExecutor.java:95)
	at com.kms.katalon.core.main.TestCaseMain.startTestSuite(TestCaseMain.java:157)
	at com.kms.katalon.core.main.TestCaseMain$startTestSuite$0.call(Unknown Source)
	at TempTestSuite1634025348966.run(TempTestSuite1634025348966.groovy:39)
Caused by: com.kms.katalon.core.exception.StepFailedException: Object Object Repository/Mobile/Page/Register/Not Registered/Konfirmasi/Button - Back to Home not found
	at com.kms.katalon.core.keyword.internal.KeywordMain.stepFailed(KeywordMain.groovy:50)
	at com.kms.katalon.core.mobile.keyword.internal.MobileKeywordMain.stepFailed(MobileKeywordMain.groovy:40)
	at com.kms.katalon.core.mobile.keyword.builtin.TapKeyword$_tap_closure1.doCall(TapKeyword.groovy:79)
	at com.kms.katalon.core.mobile.keyword.builtin.TapKeyword$_tap_closure1.call(TapKeyword.groovy)
	at com.kms.katalon.core.mobile.keyword.internal.MobileKeywordMain.runKeyword(MobileKeywordMain.groovy:21)
	at com.kms.katalon.core.mobile.keyword.builtin.TapKeyword.tap(TapKeyword.groovy:86)
	at com.kms.katalon.core.mobile.keyword.builtin.TapKeyword.execute(TapKeyword.groovy:68)
	at com.kms.katalon.core.keyword.internal.KeywordExecutor.executeKeywordForPlatform(KeywordExecutor.groovy:73)
	at com.kms.katalon.core.mobile.keyword.MobileBuiltInKeywords.tap(MobileBuiltInKeywords.groovy:1340)
	at com.kms.katalon.core.mobile.keyword.MobileBuiltInKeywords$tap$0.call(Unknown Source)
	at Register.run(Register:250)
	at com.kms.katalon.core.main.ScriptEngine.run(ScriptEngine.java:194)
	at com.kms.katalon.core.main.ScriptEngine.runScriptAsRawText(ScriptEngine.java:119)
	at com.kms.katalon.core.main.TestCaseExecutor.runScript(TestCaseExecutor.java:398)
	at com.kms.katalon.core.main.TestCaseExecutor.doExecute(TestCaseExecutor.java:389)
	at com.kms.katalon.core.main.TestCaseExecutor.processExecutionPhase(TestCaseExecutor.java:368)
	at com.kms.katalon.core.main.TestCaseExecutor.accessMainPhase(TestCaseExecutor.java:360)
	at com.kms.katalon.core.main.TestCaseExecutor.execute(TestCaseExecutor.java:255)
	at com.kms.katalon.core.main.TestCaseMain.runTestCase(TestCaseMain.java:114)
	at com.kms.katalon.core.keyword.builtin.CallTestCaseKeyword$_callTestCase_closure1.doCall(CallTestCaseKeyword.groovy:59)
	... 20 more
"/>
         <system-out><![CDATA[2021-10-12 15:09:09 - [TEST_CASE][FAILED] - Test Cases/Mobile/Scenario/Register/006 - Registrasi akun baru dengan alamat sesuai KTP dan tidak mengisi kolom signature: Test Cases/Mobile/Scenario/Register/006 - Registrasi akun baru dengan alamat sesuai KTP dan tidak mengisi kolom signature FAILED.
Reason:
com.kms.katalon.core.exception.StepFailedException: Call Test Case 'Test Cases/Mobile/Page/Register/Register' failed
	at com.kms.katalon.core.keyword.builtin.CallTestCaseKeyword$_callTestCase_closure1.doCall(CallTestCaseKeyword.groovy:63)
	at com.kms.katalon.core.keyword.builtin.CallTestCaseKeyword$_callTestCase_closure1.call(CallTestCaseKeyword.groovy)
	at com.kms.katalon.core.keyword.internal.KeywordMain.runKeyword(KeywordMain.groovy:68)
	at com.kms.katalon.core.keyword.builtin.CallTestCaseKeyword.callTestCase(CallTestCaseKeyword.groovy:81)
	at com.kms.katalon.core.keyword.builtin.CallTestCaseKeyword.execute(CallTestCaseKeyword.groovy:44)
	at com.kms.katalon.core.keyword.internal.KeywordExecutor.executeKeywordForPlatform(KeywordExecutor.groovy:73)
	at com.kms.katalon.core.keyword.BuiltinKeywords.callTestCase(BuiltinKeywords.groovy:334)
	at 006 - Registrasi akun baru dengan alamat sesuai KTP dan tidak mengisi kolom signature.run(006 - Registrasi akun baru dengan alamat sesuai KTP dan tidak mengisi kolom signature:22)
	at com.kms.katalon.core.main.ScriptEngine.run(ScriptEngine.java:194)
	at com.kms.katalon.core.main.ScriptEngine.runScriptAsRawText(ScriptEngine.java:119)
	at com.kms.katalon.core.main.TestCaseExecutor.runScript(TestCaseExecutor.java:398)
	at com.kms.katalon.core.main.TestCaseExecutor.doExecute(TestCaseExecutor.java:389)
	at com.kms.katalon.core.main.TestCaseExecutor.processExecutionPhase(TestCaseExecutor.java:368)
	at com.kms.katalon.core.main.TestCaseExecutor.accessMainPhase(TestCaseExecutor.java:360)
	at com.kms.katalon.core.main.TestCaseExecutor.execute(TestCaseExecutor.java:255)
	at com.kms.katalon.core.main.TestSuiteExecutor.accessTestCaseMainPhase(TestSuiteExecutor.java:203)
	at com.kms.katalon.core.main.TestSuiteExecutor.accessTestSuiteMainPhase(TestSuiteExecutor.java:152)
	at com.kms.katalon.core.main.TestSuiteExecutor.execute(TestSuiteExecutor.java:95)
	at com.kms.katalon.core.main.TestCaseMain.startTestSuite(TestCaseMain.java:157)
	at com.kms.katalon.core.main.TestCaseMain$startTestSuite$0.call(Unknown Source)
	at TempTestSuite1634025348966.run(TempTestSuite1634025348966.groovy:39)
Caused by: com.kms.katalon.core.exception.StepFailedException: Object Object Repository/Mobile/Page/Register/Not Registered/Konfirmasi/Button - Back to Home not found
	at com.kms.katalon.core.keyword.internal.KeywordMain.stepFailed(KeywordMain.groovy:50)
	at com.kms.katalon.core.mobile.keyword.internal.MobileKeywordMain.stepFailed(MobileKeywordMain.groovy:40)
	at com.kms.katalon.core.mobile.keyword.builtin.TapKeyword$_tap_closure1.doCall(TapKeyword.groovy:79)
	at com.kms.katalon.core.mobile.keyword.builtin.TapKeyword$_tap_closure1.call(TapKeyword.groovy)
	at com.kms.katalon.core.mobile.keyword.internal.MobileKeywordMain.runKeyword(MobileKeywordMain.groovy:21)
	at com.kms.katalon.core.mobile.keyword.builtin.TapKeyword.tap(TapKeyword.groovy:86)
	at com.kms.katalon.core.mobile.keyword.builtin.TapKeyword.execute(TapKeyword.groovy:68)
	at com.kms.katalon.core.keyword.internal.KeywordExecutor.executeKeywordForPlatform(KeywordExecutor.groovy:73)
	at com.kms.katalon.core.mobile.keyword.MobileBuiltInKeywords.tap(MobileBuiltInKeywords.groovy:1340)
	at com.kms.katalon.core.mobile.keyword.MobileBuiltInKeywords$tap$0.call(Unknown Source)
	at Register.run(Register:250)
	at com.kms.katalon.core.main.ScriptEngine.run(ScriptEngine.java:194)
	at com.kms.katalon.core.main.ScriptEngine.runScriptAsRawText(ScriptEngine.java:119)
	at com.kms.katalon.core.main.TestCaseExecutor.runScript(TestCaseExecutor.java:398)
	at com.kms.katalon.core.main.TestCaseExecutor.doExecute(TestCaseExecutor.java:389)
	at com.kms.katalon.core.main.TestCaseExecutor.processExecutionPhase(TestCaseExecutor.java:368)
	at com.kms.katalon.core.main.TestCaseExecutor.accessMainPhase(TestCaseExecutor.java:360)
	at com.kms.katalon.core.main.TestCaseExecutor.execute(TestCaseExecutor.java:255)
	at com.kms.katalon.core.main.TestCaseMain.runTestCase(TestCaseMain.java:114)
	at com.kms.katalon.core.keyword.builtin.CallTestCaseKeyword$_callTestCase_closure1.doCall(CallTestCaseKeyword.groovy:59)
	... 20 more


2021-10-12 15:09:09 - [TEST_STEP][PASSED] - callTestCase(findTestCase("Mobile/Page/Run App/Run App byID"), [:], STOP_ON_FAILURE): Call Test Case 'Test Cases/Mobile/Page/Run App/Run App byID' successfully

2021-10-12 15:09:09 - [TEST_CASE][PASSED] - Test Cases/Mobile/Page/Run App/Run App byID: Test Cases/Mobile/Page/Run App/Run App byID

2021-10-12 15:09:09 - [TEST_STEP][PASSED] - startApp.OpenApp.startApplication("com.mirae.maxfund"): startApp.OpenApp.startApplication is PASSED

2021-10-12 15:09:22 - [MESSAGE][PASSED] - Starting app with application ID: 'com.mirae.maxfund'

2021-10-12 15:09:22 - [MESSAGE][PASSED] - startApp.OpenApp.startApplication is PASSED

2021-10-12 15:09:22 - [MESSAGE][PASSED] - Call Test Case 'Test Cases/Mobile/Page/Run App/Run App byID' successfully

2021-10-12 15:09:22 - [TEST_STEP][FAILED] - callTestCase(findTestCase("Mobile/Page/Register/Register"), ["isFromLoginPage":0, "isRegistered":0, "isBedaAlamat":0, "isUseSignature":0, "isUseReferralCode":0], STOP_ON_FAILURE): Unable to call Test Case 'Test Cases/Mobile/Page/Register/Register' (Root cause: com.kms.katalon.core.exception.StepFailedException: Call Test Case 'Test Cases/Mobile/Page/Register/Register' failed
	at com.kms.katalon.core.keyword.builtin.CallTestCaseKeyword$_callTestCase_closure1.doCall(CallTestCaseKeyword.groovy:63)
	at com.kms.katalon.core.keyword.builtin.CallTestCaseKeyword$_callTestCase_closure1.call(CallTestCaseKeyword.groovy)
	at com.kms.katalon.core.keyword.internal.KeywordMain.runKeyword(KeywordMain.groovy:68)
	at com.kms.katalon.core.keyword.builtin.CallTestCaseKeyword.callTestCase(CallTestCaseKeyword.groovy:81)
	at com.kms.katalon.core.keyword.builtin.CallTestCaseKeyword.execute(CallTestCaseKeyword.groovy:44)
	at com.kms.katalon.core.keyword.internal.KeywordExecutor.executeKeywordForPlatform(KeywordExecutor.groovy:73)
	at com.kms.katalon.core.keyword.BuiltinKeywords.callTestCase(BuiltinKeywords.groovy:334)
	at 006 - Registrasi akun baru dengan alamat sesuai KTP dan tidak mengisi kolom signature.run(006 - Registrasi akun baru dengan alamat sesuai KTP dan tidak mengisi kolom signature:22)
	at com.kms.katalon.core.main.ScriptEngine.run(ScriptEngine.java:194)
	at com.kms.katalon.core.main.ScriptEngine.runScriptAsRawText(ScriptEngine.java:119)
	at com.kms.katalon.core.main.TestCaseExecutor.runScript(TestCaseExecutor.java:398)
	at com.kms.katalon.core.main.TestCaseExecutor.doExecute(TestCaseExecutor.java:389)
	at com.kms.katalon.core.main.TestCaseExecutor.processExecutionPhase(TestCaseExecutor.java:368)
	at com.kms.katalon.core.main.TestCaseExecutor.accessMainPhase(TestCaseExecutor.java:360)
	at com.kms.katalon.core.main.TestCaseExecutor.execute(TestCaseExecutor.java:255)
	at com.kms.katalon.core.main.TestSuiteExecutor.accessTestCaseMainPhase(TestSuiteExecutor.java:203)
	at com.kms.katalon.core.main.TestSuiteExecutor.accessTestSuiteMainPhase(TestSuiteExecutor.java:152)
	at com.kms.katalon.core.main.TestSuiteExecutor.execute(TestSuiteExecutor.java:95)
	at com.kms.katalon.core.main.TestCaseMain.startTestSuite(TestCaseMain.java:157)
	at com.kms.katalon.core.main.TestCaseMain$startTestSuite$0.call(Unknown Source)
	at TempTestSuite1634025348966.run(TempTestSuite1634025348966.groovy:39)
Caused by: com.kms.katalon.core.exception.StepFailedException: Object Object Repository/Mobile/Page/Register/Not Registered/Konfirmasi/Button - Back to Home not found
	at com.kms.katalon.core.keyword.internal.KeywordMain.stepFailed(KeywordMain.groovy:50)
	at com.kms.katalon.core.mobile.keyword.internal.MobileKeywordMain.stepFailed(MobileKeywordMain.groovy:40)
	at com.kms.katalon.core.mobile.keyword.builtin.TapKeyword$_tap_closure1.doCall(TapKeyword.groovy:79)
	at com.kms.katalon.core.mobile.keyword.builtin.TapKeyword$_tap_closure1.call(TapKeyword.groovy)
	at com.kms.katalon.core.mobile.keyword.internal.MobileKeywordMain.runKeyword(MobileKeywordMain.groovy:21)
	at com.kms.katalon.core.mobile.keyword.builtin.TapKeyword.tap(TapKeyword.groovy:86)
	at com.kms.katalon.core.mobile.keyword.builtin.TapKeyword.execute(TapKeyword.groovy:68)
	at com.kms.katalon.core.keyword.internal.KeywordExecutor.executeKeywordForPlatform(KeywordExecutor.groovy:73)
	at com.kms.katalon.core.mobile.keyword.MobileBuiltInKeywords.tap(MobileBuiltInKeywords.groovy:1340)
	at com.kms.katalon.core.mobile.keyword.MobileBuiltInKeywords$tap$0.call(Unknown Source)
	at Register.run(Register:250)
	at com.kms.katalon.core.main.ScriptEngine.run(ScriptEngine.java:194)
	at com.kms.katalon.core.main.ScriptEngine.runScriptAsRawText(ScriptEngine.java:119)
	at com.kms.katalon.core.main.TestCaseExecutor.runScript(TestCaseExecutor.java:398)
	at com.kms.katalon.core.main.TestCaseExecutor.doExecute(TestCaseExecutor.java:389)
	at com.kms.katalon.core.main.TestCaseExecutor.processExecutionPhase(TestCaseExecutor.java:368)
	at com.kms.katalon.core.main.TestCaseExecutor.accessMainPhase(TestCaseExecutor.java:360)
	at com.kms.katalon.core.main.TestCaseExecutor.execute(TestCaseExecutor.java:255)
	at com.kms.katalon.core.main.TestCaseMain.runTestCase(TestCaseMain.java:114)
	at com.kms.katalon.core.keyword.builtin.CallTestCaseKeyword$_callTestCase_closure1.doCall(CallTestCaseKeyword.groovy:59)
	... 20 more
)

2021-10-12 15:09:22 - [TEST_CASE][FAILED] - Test Cases/Mobile/Page/Register/Register: Test Cases/Mobile/Page/Register/Register FAILED.
Reason:
com.kms.katalon.core.exception.StepFailedException: Object Object Repository/Mobile/Page/Register/Not Registered/Konfirmasi/Button - Back to Home not found
	at com.kms.katalon.core.keyword.internal.KeywordMain.stepFailed(KeywordMain.groovy:50)
	at com.kms.katalon.core.mobile.keyword.internal.MobileKeywordMain.stepFailed(MobileKeywordMain.groovy:40)
	at com.kms.katalon.core.mobile.keyword.builtin.TapKeyword$_tap_closure1.doCall(TapKeyword.groovy:79)
	at com.kms.katalon.core.mobile.keyword.builtin.TapKeyword$_tap_closure1.call(TapKeyword.groovy)
	at com.kms.katalon.core.mobile.keyword.internal.MobileKeywordMain.runKeyword(MobileKeywordMain.groovy:21)
	at com.kms.katalon.core.mobile.keyword.builtin.TapKeyword.tap(TapKeyword.groovy:86)
	at com.kms.katalon.core.mobile.keyword.builtin.TapKeyword.execute(TapKeyword.groovy:68)
	at com.kms.katalon.core.keyword.internal.KeywordExecutor.executeKeywordForPlatform(KeywordExecutor.groovy:73)
	at com.kms.katalon.core.mobile.keyword.MobileBuiltInKeywords.tap(MobileBuiltInKeywords.groovy:1340)
	at com.kms.katalon.core.mobile.keyword.MobileBuiltInKeywords$tap$0.call(Unknown Source)
	at Register.run(Register:250)
	at com.kms.katalon.core.main.ScriptEngine.run(ScriptEngine.java:194)
	at com.kms.katalon.core.main.ScriptEngine.runScriptAsRawText(ScriptEngine.java:119)
	at com.kms.katalon.core.main.TestCaseExecutor.runScript(TestCaseExecutor.java:398)
	at com.kms.katalon.core.main.TestCaseExecutor.doExecute(TestCaseExecutor.java:389)
	at com.kms.katalon.core.main.TestCaseExecutor.processExecutionPhase(TestCaseExecutor.java:368)
	at com.kms.katalon.core.main.TestCaseExecutor.accessMainPhase(TestCaseExecutor.java:360)
	at com.kms.katalon.core.main.TestCaseExecutor.execute(TestCaseExecutor.java:255)
	at com.kms.katalon.core.main.TestCaseMain.runTestCase(TestCaseMain.java:114)
	at com.kms.katalon.core.keyword.builtin.CallTestCaseKeyword$_callTestCase_closure1.doCall(CallTestCaseKeyword.groovy:59)
	at com.kms.katalon.core.keyword.builtin.CallTestCaseKeyword$_callTestCase_closure1.call(CallTestCaseKeyword.groovy)
	at com.kms.katalon.core.keyword.internal.KeywordMain.runKeyword(KeywordMain.groovy:68)
	at com.kms.katalon.core.keyword.builtin.CallTestCaseKeyword.callTestCase(CallTestCaseKeyword.groovy:81)
	at com.kms.katalon.core.keyword.builtin.CallTestCaseKeyword.execute(CallTestCaseKeyword.groovy:44)
	at com.kms.katalon.core.keyword.internal.KeywordExecutor.executeKeywordForPlatform(KeywordExecutor.groovy:73)
	at com.kms.katalon.core.keyword.BuiltinKeywords.callTestCase(BuiltinKeywords.groovy:334)
	at 006 - Registrasi akun baru dengan alamat sesuai KTP dan tidak mengisi kolom signature.run(006 - Registrasi akun baru dengan alamat sesuai KTP dan tidak mengisi kolom signature:22)
	at com.kms.katalon.core.main.ScriptEngine.run(ScriptEngine.java:194)
	at com.kms.katalon.core.main.ScriptEngine.runScriptAsRawText(ScriptEngine.java:119)
	at com.kms.katalon.core.main.TestCaseExecutor.runScript(TestCaseExecutor.java:398)
	at com.kms.katalon.core.main.TestCaseExecutor.doExecute(TestCaseExecutor.java:389)
	at com.kms.katalon.core.main.TestCaseExecutor.processExecutionPhase(TestCaseExecutor.java:368)
	at com.kms.katalon.core.main.TestCaseExecutor.accessMainPhase(TestCaseExecutor.java:360)
	at com.kms.katalon.core.main.TestCaseExecutor.execute(TestCaseExecutor.java:255)
	at com.kms.katalon.core.main.TestSuiteExecutor.accessTestCaseMainPhase(TestSuiteExecutor.java:203)
	at com.kms.katalon.core.main.TestSuiteExecutor.accessTestSuiteMainPhase(TestSuiteExecutor.java:152)
	at com.kms.katalon.core.main.TestSuiteExecutor.execute(TestSuiteExecutor.java:95)
	at com.kms.katalon.core.main.TestCaseMain.startTestSuite(TestCaseMain.java:157)
	at com.kms.katalon.core.main.TestCaseMain$startTestSuite$0.call(Unknown Source)
	at TempTestSuite1634025348966.run(TempTestSuite1634025348966.groovy:39)


2021-10-12 15:09:22 - [TEST_STEP][PASSED] - fullname = "qatesting" + acak.acak.randomStringWord(): acak.acak.randomStringWord is PASSED

2021-10-12 15:09:22 - [MESSAGE][PASSED] - acak.acak.randomStringWord is PASSED

2021-10-12 15:09:22 - [TEST_STEP][PASSED] - birthdate = "1/1/1998": null

2021-10-12 15:09:22 - [TEST_STEP][PASSED] - phone = "082257" + acak.acak.randomStringNumber(6): acak.acak.randomStringNumber is PASSED

2021-10-12 15:09:22 - [MESSAGE][PASSED] - acak.acak.randomStringNumber is PASSED

2021-10-12 15:09:22 - [TEST_STEP][PASSED] - email = fullname + "@gmail.com": null

2021-10-12 15:09:22 - [TEST_STEP][PASSED] - password = "Mirae1234": null

2021-10-12 15:09:22 - [TEST_STEP][PASSED] - branch = "qa cabang": null

2021-10-12 15:09:22 - [TEST_STEP][PASSED] - accountnumber = "222444222444": null

2021-10-12 15:09:22 - [TEST_STEP][PASSED] - nameowner = fullname: null

2021-10-12 15:09:22 - [TEST_STEP][PASSED] - alamat = "Jl. Cempaka Putih Barat 12 F No.12, RT.8/RW.8": null

2021-10-12 15:09:22 - [TEST_STEP][PASSED] - kodepos = "15412": null

2021-10-12 15:09:22 - [TEST_STEP][PASSED] - referralcode = "15412": null

2021-10-12 15:09:22 - [TEST_STEP][PASSED] - if (isFromLoginPage == 1): null

2021-10-12 15:09:22 - [TEST_STEP][PASSED] - else: Delayed 1 second(s)

2021-10-12 15:09:22 - [TEST_STEP][PASSED] - tap(findTestObject("Object Repository/Mobile/Page/Dashboard/Button - Register"), 0, STOP_ON_FAILURE): Tapped on element 'Object Repository/Mobile/Page/Dashboard/Button - Register'

2021-10-12 15:09:22 - [MESSAGE][WARNING] - Timeout '0' is invalid. Using default page load timeout: '60'

2021-10-12 15:09:23 - [MESSAGE][PASSED] - Tapped on element 'Object Repository/Mobile/Page/Dashboard/Button - Register'

2021-10-12 15:09:23 - [TEST_STEP][PASSED] - delay(1): Delayed 1 second(s)

2021-10-12 15:09:24 - [MESSAGE][PASSED] - Delayed 1 second(s)

2021-10-12 15:09:24 - [TEST_STEP][PASSED] - if (isRegistered == 1): null

2021-10-12 15:09:24 - [TEST_STEP][FAILED] - else: Failed to tap on element 'Object Repository/Mobile/Page/Register/Not Registered/Konfirmasi/Button - Back to Home' (Root cause: com.kms.katalon.core.exception.StepFailedException: Object Object Repository/Mobile/Page/Register/Not Registered/Konfirmasi/Button - Back to Home not found
	at com.kms.katalon.core.keyword.internal.KeywordMain.stepFailed(KeywordMain.groovy:50)
	at com.kms.katalon.core.mobile.keyword.internal.MobileKeywordMain.stepFailed(MobileKeywordMain.groovy:40)
	at com.kms.katalon.core.mobile.keyword.builtin.TapKeyword$_tap_closure1.doCall(TapKeyword.groovy:79)
	at com.kms.katalon.core.mobile.keyword.builtin.TapKeyword$_tap_closure1.call(TapKeyword.groovy)
	at com.kms.katalon.core.mobile.keyword.internal.MobileKeywordMain.runKeyword(MobileKeywordMain.groovy:21)
	at com.kms.katalon.core.mobile.keyword.builtin.TapKeyword.tap(TapKeyword.groovy:86)
	at com.kms.katalon.core.mobile.keyword.builtin.TapKeyword.execute(TapKeyword.groovy:68)
	at com.kms.katalon.core.keyword.internal.KeywordExecutor.executeKeywordForPlatform(KeywordExecutor.groovy:73)
	at com.kms.katalon.core.mobile.keyword.MobileBuiltInKeywords.tap(MobileBuiltInKeywords.groovy:1340)
	at com.kms.katalon.core.mobile.keyword.MobileBuiltInKeywords$tap$0.call(Unknown Source)
	at Register.run(Register:250)
	at com.kms.katalon.core.main.ScriptEngine.run(ScriptEngine.java:194)
	at com.kms.katalon.core.main.ScriptEngine.runScriptAsRawText(ScriptEngine.java:119)
	at com.kms.katalon.core.main.TestCaseExecutor.runScript(TestCaseExecutor.java:398)
	at com.kms.katalon.core.main.TestCaseExecutor.doExecute(TestCaseExecutor.java:389)
	at com.kms.katalon.core.main.TestCaseExecutor.processExecutionPhase(TestCaseExecutor.java:368)
	at com.kms.katalon.core.main.TestCaseExecutor.accessMainPhase(TestCaseExecutor.java:360)
	at com.kms.katalon.core.main.TestCaseExecutor.execute(TestCaseExecutor.java:255)
	at com.kms.katalon.core.main.TestCaseMain.runTestCase(TestCaseMain.java:114)
	at com.kms.katalon.core.keyword.builtin.CallTestCaseKeyword$_callTestCase_closure1.doCall(CallTestCaseKeyword.groovy:59)
	at com.kms.katalon.core.keyword.builtin.CallTestCaseKeyword$_callTestCase_closure1.call(CallTestCaseKeyword.groovy)
	at com.kms.katalon.core.keyword.internal.KeywordMain.runKeyword(KeywordMain.groovy:68)
	at com.kms.katalon.core.keyword.builtin.CallTestCaseKeyword.callTestCase(CallTestCaseKeyword.groovy:81)
	at com.kms.katalon.core.keyword.builtin.CallTestCaseKeyword.execute(CallTestCaseKeyword.groovy:44)
	at com.kms.katalon.core.keyword.internal.KeywordExecutor.executeKeywordForPlatform(KeywordExecutor.groovy:73)
	at com.kms.katalon.core.keyword.BuiltinKeywords.callTestCase(BuiltinKeywords.groovy:334)
	at 006 - Registrasi akun baru dengan alamat sesuai KTP dan tidak mengisi kolom signature.run(006 - Registrasi akun baru dengan alamat sesuai KTP dan tidak mengisi kolom signature:22)
	at com.kms.katalon.core.main.ScriptEngine.run(ScriptEngine.java:194)
	at com.kms.katalon.core.main.ScriptEngine.runScriptAsRawText(ScriptEngine.java:119)
	at com.kms.katalon.core.main.TestCaseExecutor.runScript(TestCaseExecutor.java:398)
	at com.kms.katalon.core.main.TestCaseExecutor.doExecute(TestCaseExecutor.java:389)
	at com.kms.katalon.core.main.TestCaseExecutor.processExecutionPhase(TestCaseExecutor.java:368)
	at com.kms.katalon.core.main.TestCaseExecutor.accessMainPhase(TestCaseExecutor.java:360)
	at com.kms.katalon.core.main.TestCaseExecutor.execute(TestCaseExecutor.java:255)
	at com.kms.katalon.core.main.TestSuiteExecutor.accessTestCaseMainPhase(TestSuiteExecutor.java:203)
	at com.kms.katalon.core.main.TestSuiteExecutor.accessTestSuiteMainPhase(TestSuiteExecutor.java:152)
	at com.kms.katalon.core.main.TestSuiteExecutor.execute(TestSuiteExecutor.java:95)
	at com.kms.katalon.core.main.TestCaseMain.startTestSuite(TestCaseMain.java:157)
	at com.kms.katalon.core.main.TestCaseMain$startTestSuite$0.call(Unknown Source)
	at TempTestSuite1634025348966.run(TempTestSuite1634025348966.groovy:39)
)

2021-10-12 15:09:24 - [TEST_STEP][PASSED] - tap(findTestObject("Object Repository/Mobile/Page/Register/Radio Button - Not registered yet"), 0, STOP_ON_FAILURE): Tapped on element 'Object Repository/Mobile/Page/Register/Radio Button - Not registered yet'

2021-10-12 15:09:24 - [MESSAGE][WARNING] - Timeout '0' is invalid. Using default page load timeout: '60'

2021-10-12 15:09:25 - [MESSAGE][PASSED] - Tapped on element 'Object Repository/Mobile/Page/Register/Radio Button - Not registered yet'

2021-10-12 15:09:25 - [TEST_STEP][PASSED] - delay(1): Delayed 1 second(s)

2021-10-12 15:09:26 - [MESSAGE][PASSED] - Delayed 1 second(s)

2021-10-12 15:09:26 - [TEST_STEP][PASSED] - tap(findTestObject("Object Repository/Mobile/Page/Register/Not Registered/Button - Next"), 0, STOP_ON_FAILURE): Tapped on element 'Object Repository/Mobile/Page/Register/Not Registered/Button - Next'

2021-10-12 15:09:26 - [MESSAGE][WARNING] - Timeout '0' is invalid. Using default page load timeout: '60'

2021-10-12 15:09:28 - [MESSAGE][PASSED] - Tapped on element 'Object Repository/Mobile/Page/Register/Not Registered/Button - Next'

2021-10-12 15:09:28 - [TEST_STEP][PASSED] - delay(1): Delayed 1 second(s)

2021-10-12 15:09:29 - [MESSAGE][PASSED] - Delayed 1 second(s)

2021-10-12 15:09:29 - [TEST_STEP][PASSED] - tap(findTestObject("Object Repository/Mobile/Page/Register/Not Registered/Informasi Pribadi/Edit Text - Fullname"), 0, STOP_ON_FAILURE): Tapped on element 'Object Repository/Mobile/Page/Register/Not Registered/Informasi Pribadi/Edit Text - Fullname'

2021-10-12 15:09:29 - [MESSAGE][WARNING] - Timeout '0' is invalid. Using default page load timeout: '60'

2021-10-12 15:09:29 - [MESSAGE][PASSED] - Tapped on element 'Object Repository/Mobile/Page/Register/Not Registered/Informasi Pribadi/Edit Text - Fullname'

2021-10-12 15:09:29 - [TEST_STEP][PASSED] - setText(findTestObject("Object Repository/Mobile/Page/Register/Not Registered/Informasi Pribadi/Edit Text - Fullname"), fullname, 0): Text 'qatestingeCLFzrVjtl' has been set to element 'Object Repository/Mobile/Page/Register/Not Registered/Informasi Pribadi/Edit Text - Fullname'

2021-10-12 15:09:29 - [MESSAGE][WARNING] - Timeout '0' is invalid. Using default page load timeout: '60'

2021-10-12 15:09:31 - [MESSAGE][PASSED] - Text 'qatestingeCLFzrVjtl' has been set to element 'Object Repository/Mobile/Page/Register/Not Registered/Informasi Pribadi/Edit Text - Fullname'

2021-10-12 15:09:31 - [TEST_STEP][PASSED] - hideKeyboard(): Keyboard is hidden

2021-10-12 15:09:35 - [MESSAGE][PASSED] - Keyboard is hidden

2021-10-12 15:09:35 - [TEST_STEP][PASSED] - delay(1): Delayed 1 second(s)

2021-10-12 15:09:36 - [MESSAGE][PASSED] - Delayed 1 second(s)

2021-10-12 15:09:36 - [TEST_STEP][PASSED] - tap(findTestObject("Object Repository/Mobile/Page/Register/Not Registered/Informasi Pribadi/Date Picker - Date of Birth"), 0, STOP_ON_FAILURE): Tapped on element 'Object Repository/Mobile/Page/Register/Not Registered/Informasi Pribadi/Date Picker - Date of Birth'

2021-10-12 15:09:36 - [MESSAGE][WARNING] - Timeout '0' is invalid. Using default page load timeout: '60'

2021-10-12 15:09:37 - [MESSAGE][PASSED] - Tapped on element 'Object Repository/Mobile/Page/Register/Not Registered/Informasi Pribadi/Date Picker - Date of Birth'

2021-10-12 15:09:37 - [TEST_STEP][PASSED] - tap(findTestObject("Object Repository/Mobile/Page/Register/Not Registered/Informasi Pribadi/Date Picker - Icon Edit"), 0, STOP_ON_FAILURE): Tapped on element 'Object Repository/Mobile/Page/Register/Not Registered/Informasi Pribadi/Date Picker - Icon Edit'

2021-10-12 15:09:37 - [MESSAGE][WARNING] - Timeout '0' is invalid. Using default page load timeout: '60'

2021-10-12 15:09:39 - [MESSAGE][PASSED] - Tapped on element 'Object Repository/Mobile/Page/Register/Not Registered/Informasi Pribadi/Date Picker - Icon Edit'

2021-10-12 15:09:39 - [TEST_STEP][PASSED] - setText(findTestObject("Mobile/Page/Register/Not Registered/Informasi Pribadi/Date Picker - Edit Text Date"), birthdate, 0): Text '1/1/1998' has been set to element 'Object Repository/Mobile/Page/Register/Not Registered/Informasi Pribadi/Date Picker - Edit Text Date'

2021-10-12 15:09:39 - [MESSAGE][WARNING] - Timeout '0' is invalid. Using default page load timeout: '60'

2021-10-12 15:09:40 - [MESSAGE][PASSED] - Text '1/1/1998' has been set to element 'Object Repository/Mobile/Page/Register/Not Registered/Informasi Pribadi/Date Picker - Edit Text Date'

2021-10-12 15:09:40 - [TEST_STEP][PASSED] - tap(findTestObject("Mobile/Page/Register/Not Registered/Informasi Pribadi/Date Picker - Button OK"), 0, STOP_ON_FAILURE): Tapped on element 'Object Repository/Mobile/Page/Register/Not Registered/Informasi Pribadi/Date Picker - Button OK'

2021-10-12 15:09:40 - [MESSAGE][WARNING] - Timeout '0' is invalid. Using default page load timeout: '60'

2021-10-12 15:09:42 - [MESSAGE][PASSED] - Tapped on element 'Object Repository/Mobile/Page/Register/Not Registered/Informasi Pribadi/Date Picker - Button OK'

2021-10-12 15:09:42 - [TEST_STEP][PASSED] - delay(1): Delayed 1 second(s)

2021-10-12 15:09:43 - [MESSAGE][PASSED] - Delayed 1 second(s)

2021-10-12 15:09:43 - [TEST_STEP][PASSED] - tap(findTestObject("Object Repository/Mobile/Page/Register/Not Registered/Informasi Pribadi/Edit Text - Phone Number"), 0, STOP_ON_FAILURE): Tapped on element 'Object Repository/Mobile/Page/Register/Not Registered/Informasi Pribadi/Edit Text - Phone Number'

2021-10-12 15:09:43 - [MESSAGE][WARNING] - Timeout '0' is invalid. Using default page load timeout: '60'

2021-10-12 15:09:43 - [MESSAGE][PASSED] - Tapped on element 'Object Repository/Mobile/Page/Register/Not Registered/Informasi Pribadi/Edit Text - Phone Number'

2021-10-12 15:09:43 - [TEST_STEP][PASSED] - setText(findTestObject("Object Repository/Mobile/Page/Register/Not Registered/Informasi Pribadi/Edit Text - Phone Number"), phone, 0): Text '082257108813' has been set to element 'Object Repository/Mobile/Page/Register/Not Registered/Informasi Pribadi/Edit Text - Phone Number'

2021-10-12 15:09:43 - [MESSAGE][WARNING] - Timeout '0' is invalid. Using default page load timeout: '60'

2021-10-12 15:09:45 - [MESSAGE][PASSED] - Text '082257108813' has been set to element 'Object Repository/Mobile/Page/Register/Not Registered/Informasi Pribadi/Edit Text - Phone Number'

2021-10-12 15:09:45 - [TEST_STEP][PASSED] - hideKeyboard(): Keyboard is hidden

2021-10-12 15:09:51 - [MESSAGE][PASSED] - Keyboard is hidden

2021-10-12 15:09:51 - [TEST_STEP][PASSED] - delay(1): Delayed 1 second(s)

2021-10-12 15:09:52 - [MESSAGE][PASSED] - Delayed 1 second(s)

2021-10-12 15:09:52 - [TEST_STEP][PASSED] - tap(findTestObject("Object Repository/Mobile/Page/Register/Not Registered/Informasi Pribadi/Edit Text - Re Phone Number"), 0, STOP_ON_FAILURE): Tapped on element 'Object Repository/Mobile/Page/Register/Not Registered/Informasi Pribadi/Edit Text - Re Phone Number'

2021-10-12 15:09:52 - [MESSAGE][WARNING] - Timeout '0' is invalid. Using default page load timeout: '60'

2021-10-12 15:09:52 - [MESSAGE][PASSED] - Tapped on element 'Object Repository/Mobile/Page/Register/Not Registered/Informasi Pribadi/Edit Text - Re Phone Number'

2021-10-12 15:09:52 - [TEST_STEP][PASSED] - setText(findTestObject("Object Repository/Mobile/Page/Register/Not Registered/Informasi Pribadi/Edit Text - Re Phone Number"), phone, 0): Text '082257108813' has been set to element 'Object Repository/Mobile/Page/Register/Not Registered/Informasi Pribadi/Edit Text - Re Phone Number'

2021-10-12 15:09:52 - [MESSAGE][WARNING] - Timeout '0' is invalid. Using default page load timeout: '60'

2021-10-12 15:09:54 - [MESSAGE][PASSED] - Text '082257108813' has been set to element 'Object Repository/Mobile/Page/Register/Not Registered/Informasi Pribadi/Edit Text - Re Phone Number'

2021-10-12 15:09:54 - [TEST_STEP][PASSED] - hideKeyboard(): Keyboard is hidden

2021-10-12 15:10:00 - [MESSAGE][PASSED] - Keyboard is hidden

2021-10-12 15:10:00 - [TEST_STEP][PASSED] - delay(1): Delayed 1 second(s)

2021-10-12 15:10:01 - [MESSAGE][PASSED] - Delayed 1 second(s)

2021-10-12 15:10:01 - [TEST_STEP][PASSED] - tap(findTestObject("Object Repository/Mobile/Page/Register/Not Registered/Informasi Pribadi/Edit Text - Email"), 0, STOP_ON_FAILURE): Tapped on element 'Object Repository/Mobile/Page/Register/Not Registered/Informasi Pribadi/Edit Text - Email'

2021-10-12 15:10:01 - [MESSAGE][WARNING] - Timeout '0' is invalid. Using default page load timeout: '60'

2021-10-12 15:10:03 - [MESSAGE][PASSED] - Tapped on element 'Object Repository/Mobile/Page/Register/Not Registered/Informasi Pribadi/Edit Text - Email'

2021-10-12 15:10:03 - [TEST_STEP][PASSED] - setText(findTestObject("Object Repository/Mobile/Page/Register/Not Registered/Informasi Pribadi/Edit Text - Email"), email, 0): Text 'qatestingeCLFzrVjtl@gmail.com' has been set to element 'Object Repository/Mobile/Page/Register/Not Registered/Informasi Pribadi/Edit Text - Email'

2021-10-12 15:10:03 - [MESSAGE][WARNING] - Timeout '0' is invalid. Using default page load timeout: '60'

2021-10-12 15:10:03 - [MESSAGE][PASSED] - Text 'qatestingeCLFzrVjtl@gmail.com' has been set to element 'Object Repository/Mobile/Page/Register/Not Registered/Informasi Pribadi/Edit Text - Email'

2021-10-12 15:10:03 - [TEST_STEP][PASSED] - hideKeyboard(): Keyboard is hidden

2021-10-12 15:10:06 - [MESSAGE][PASSED] - Keyboard is hidden

2021-10-12 15:10:06 - [TEST_STEP][PASSED] - delay(1): Delayed 1 second(s)

2021-10-12 15:10:07 - [MESSAGE][PASSED] - Delayed 1 second(s)

2021-10-12 15:10:07 - [TEST_STEP][PASSED] - tap(findTestObject("Object Repository/Mobile/Page/Register/Not Registered/Informasi Pribadi/Edit Text - Re Email"), 0, STOP_ON_FAILURE): Tapped on element 'Object Repository/Mobile/Page/Register/Not Registered/Informasi Pribadi/Edit Text - Re Email'

2021-10-12 15:10:07 - [MESSAGE][WARNING] - Timeout '0' is invalid. Using default page load timeout: '60'

2021-10-12 15:10:08 - [MESSAGE][PASSED] - Tapped on element 'Object Repository/Mobile/Page/Register/Not Registered/Informasi Pribadi/Edit Text - Re Email'

2021-10-12 15:10:08 - [TEST_STEP][PASSED] - setText(findTestObject("Object Repository/Mobile/Page/Register/Not Registered/Informasi Pribadi/Edit Text - Re Email"), email, 0): Text 'qatestingeCLFzrVjtl@gmail.com' has been set to element 'Object Repository/Mobile/Page/Register/Not Registered/Informasi Pribadi/Edit Text - Re Email'

2021-10-12 15:10:08 - [MESSAGE][WARNING] - Timeout '0' is invalid. Using default page load timeout: '60'

2021-10-12 15:10:09 - [MESSAGE][PASSED] - Text 'qatestingeCLFzrVjtl@gmail.com' has been set to element 'Object Repository/Mobile/Page/Register/Not Registered/Informasi Pribadi/Edit Text - Re Email'

2021-10-12 15:10:09 - [TEST_STEP][PASSED] - hideKeyboard(): Keyboard is hidden

2021-10-12 15:10:13 - [MESSAGE][PASSED] - Keyboard is hidden

2021-10-12 15:10:13 - [TEST_STEP][PASSED] - delay(1): Delayed 1 second(s)

2021-10-12 15:10:14 - [MESSAGE][PASSED] - Delayed 1 second(s)

2021-10-12 15:10:14 - [TEST_STEP][PASSED] - tap(findTestObject("Object Repository/Mobile/Page/Register/Not Registered/Informasi Pribadi/Edit Text - Password"), 0, STOP_ON_FAILURE): Tapped on element 'Object Repository/Mobile/Page/Register/Not Registered/Informasi Pribadi/Edit Text - Password'

2021-10-12 15:10:14 - [MESSAGE][WARNING] - Timeout '0' is invalid. Using default page load timeout: '60'

2021-10-12 15:10:14 - [MESSAGE][PASSED] - Tapped on element 'Object Repository/Mobile/Page/Register/Not Registered/Informasi Pribadi/Edit Text - Password'

2021-10-12 15:10:14 - [TEST_STEP][PASSED] - setText(findTestObject("Object Repository/Mobile/Page/Register/Not Registered/Informasi Pribadi/Edit Text - Password"), password, 0): Text 'Mirae1234' has been set to element 'Object Repository/Mobile/Page/Register/Not Registered/Informasi Pribadi/Edit Text - Password'

2021-10-12 15:10:14 - [MESSAGE][WARNING] - Timeout '0' is invalid. Using default page load timeout: '60'

2021-10-12 15:10:16 - [MESSAGE][PASSED] - Text 'Mirae1234' has been set to element 'Object Repository/Mobile/Page/Register/Not Registered/Informasi Pribadi/Edit Text - Password'

2021-10-12 15:10:16 - [TEST_STEP][PASSED] - hideKeyboard(): Keyboard is hidden

2021-10-12 15:10:23 - [MESSAGE][PASSED] - Keyboard is hidden

2021-10-12 15:10:23 - [TEST_STEP][PASSED] - delay(1): Delayed 1 second(s)

2021-10-12 15:10:24 - [MESSAGE][PASSED] - Delayed 1 second(s)

2021-10-12 15:10:24 - [TEST_STEP][PASSED] - tap(findTestObject("Object Repository/Mobile/Page/Register/Not Registered/Informasi Pribadi/Edit Text - Re Password"), 0, STOP_ON_FAILURE): Tapped on element 'Object Repository/Mobile/Page/Register/Not Registered/Informasi Pribadi/Edit Text - Re Password'

2021-10-12 15:10:24 - [MESSAGE][WARNING] - Timeout '0' is invalid. Using default page load timeout: '60'

2021-10-12 15:10:25 - [MESSAGE][PASSED] - Tapped on element 'Object Repository/Mobile/Page/Register/Not Registered/Informasi Pribadi/Edit Text - Re Password'

2021-10-12 15:10:25 - [TEST_STEP][PASSED] - setText(findTestObject("Object Repository/Mobile/Page/Register/Not Registered/Informasi Pribadi/Edit Text - Re Password"), password, 0): Text 'Mirae1234' has been set to element 'Object Repository/Mobile/Page/Register/Not Registered/Informasi Pribadi/Edit Text - Re Password'

2021-10-12 15:10:25 - [MESSAGE][WARNING] - Timeout '0' is invalid. Using default page load timeout: '60'

2021-10-12 15:10:26 - [MESSAGE][PASSED] - Text 'Mirae1234' has been set to element 'Object Repository/Mobile/Page/Register/Not Registered/Informasi Pribadi/Edit Text - Re Password'

2021-10-12 15:10:26 - [TEST_STEP][PASSED] - hideKeyboard(): Keyboard is hidden

2021-10-12 15:10:32 - [MESSAGE][PASSED] - Keyboard is hidden

2021-10-12 15:10:32 - [TEST_STEP][PASSED] - delay(1): Delayed 1 second(s)

2021-10-12 15:10:33 - [MESSAGE][PASSED] - Delayed 1 second(s)

2021-10-12 15:10:33 - [TEST_STEP][PASSED] - if (isBedaAlamat == 1): null

2021-10-12 15:10:33 - [TEST_STEP][PASSED] - tap(findTestObject("Object Repository/Mobile/Page/Register/Not Registered/Informasi Pribadi/Button - Icon KTP"), 0, STOP_ON_FAILURE): Tapped on element 'Object Repository/Mobile/Page/Register/Not Registered/Informasi Pribadi/Button - Icon KTP'

2021-10-12 15:10:33 - [MESSAGE][WARNING] - Timeout '0' is invalid. Using default page load timeout: '60'

2021-10-12 15:10:34 - [MESSAGE][PASSED] - Tapped on element 'Object Repository/Mobile/Page/Register/Not Registered/Informasi Pribadi/Button - Icon KTP'

2021-10-12 15:10:34 - [TEST_STEP][PASSED] - permission = verifyElementExist(findTestObject("Object Repository/Mobile/Page/Register/Not Registered/Informasi Pribadi/Permission - Only this time"), 1, OPTIONAL): Element 'Object Repository/Mobile/Page/Register/Not Registered/Informasi Pribadi/Permission - Only this time' not found

2021-10-12 15:10:36 - [MESSAGE][WARNING] - Element 'Object Repository/Mobile/Page/Register/Not Registered/Informasi Pribadi/Permission - Only this time' not found
[[ATTACHMENT|C:\\Users\\Owner\\Documents\\kerjaan\\KatalonProject\\qa-katalon-maxfund\\Reports\\20211012_145548\\Register\\20211012_145548\\1634026235401.png]]

2021-10-12 15:10:36 - [TEST_STEP][PASSED] - if (permission): null

2021-10-12 15:10:36 - [TEST_STEP][PASSED] - permission = verifyElementExist(findTestObject("Object Repository/Mobile/Page/Register/Not Registered/Informasi Pribadi/Permission - Only this time"), 1, OPTIONAL): Element 'Object Repository/Mobile/Page/Register/Not Registered/Informasi Pribadi/Permission - Only this time' not found

2021-10-12 15:10:39 - [MESSAGE][WARNING] - Element 'Object Repository/Mobile/Page/Register/Not Registered/Informasi Pribadi/Permission - Only this time' not found
[[ATTACHMENT|C:\\Users\\Owner\\Documents\\kerjaan\\KatalonProject\\qa-katalon-maxfund\\Reports\\20211012_145548\\Register\\20211012_145548\\1634026237969.png]]

2021-10-12 15:10:39 - [TEST_STEP][PASSED] - if (permission): null

2021-10-12 15:10:39 - [TEST_STEP][PASSED] - tap(findTestObject("Object Repository/Mobile/Page/Register/Not Registered/Informasi Pribadi/Button - Capture KTP"), 0, STOP_ON_FAILURE): Tapped on element 'Object Repository/Mobile/Page/Register/Not Registered/Informasi Pribadi/Button - Capture KTP'

2021-10-12 15:10:39 - [MESSAGE][WARNING] - Timeout '0' is invalid. Using default page load timeout: '60'

2021-10-12 15:10:40 - [MESSAGE][PASSED] - Tapped on element 'Object Repository/Mobile/Page/Register/Not Registered/Informasi Pribadi/Button - Capture KTP'

2021-10-12 15:10:40 - [TEST_STEP][PASSED] - delay(2): Delayed 2 second(s)

2021-10-12 15:10:42 - [MESSAGE][PASSED] - Delayed 2 second(s)

2021-10-12 15:10:42 - [TEST_STEP][PASSED] - hideKeyboard(): Keyboard is hidden

2021-10-12 15:10:50 - [MESSAGE][PASSED] - Keyboard is hidden

2021-10-12 15:10:50 - [TEST_STEP][PASSED] - delay(1): Delayed 1 second(s)

2021-10-12 15:10:51 - [MESSAGE][PASSED] - Delayed 1 second(s)

2021-10-12 15:10:51 - [TEST_STEP][PASSED] - scroll.scroll.scrollToBottomOpenKeyboard(): scroll.scroll.scrollToBottomOpenKeyboard is PASSED

2021-10-12 15:10:51 - [MESSAGE][PASSED] - Current device physical height is 1423

2021-10-12 15:10:52 - [MESSAGE][PASSED] - Current device physical width is 720

2021-10-12 15:10:53 - [MESSAGE][PASSED] - Swiped from 360,853 to 360,284

2021-10-12 15:10:53 - [MESSAGE][PASSED] - scroll.scroll.scrollToBottomOpenKeyboard is PASSED

2021-10-12 15:10:53 - [TEST_STEP][PASSED] - tap(findTestObject("Object Repository/Mobile/Page/Register/Not Registered/Informasi Pribadi/Button - Icon Face with KTP"), 0, STOP_ON_FAILURE): Tapped on element 'Object Repository/Mobile/Page/Register/Not Registered/Informasi Pribadi/Button - Icon Face with KTP'

2021-10-12 15:10:53 - [MESSAGE][WARNING] - Timeout '0' is invalid. Using default page load timeout: '60'

2021-10-12 15:10:53 - [MESSAGE][PASSED] - Tapped on element 'Object Repository/Mobile/Page/Register/Not Registered/Informasi Pribadi/Button - Icon Face with KTP'

2021-10-12 15:10:53 - [TEST_STEP][PASSED] - permission = verifyElementExist(findTestObject("Object Repository/Mobile/Page/Register/Not Registered/Informasi Pribadi/Permission - Only this time"), 1, OPTIONAL): Element 'Object Repository/Mobile/Page/Register/Not Registered/Informasi Pribadi/Permission - Only this time' not found

2021-10-12 15:10:56 - [MESSAGE][WARNING] - Element 'Object Repository/Mobile/Page/Register/Not Registered/Informasi Pribadi/Permission - Only this time' not found
[[ATTACHMENT|C:\\Users\\Owner\\Documents\\kerjaan\\KatalonProject\\qa-katalon-maxfund\\Reports\\20211012_145548\\Register\\20211012_145548\\1634026254573.png]]

2021-10-12 15:10:56 - [TEST_STEP][PASSED] - if (permission): null

2021-10-12 15:10:56 - [TEST_STEP][PASSED] - permission = verifyElementExist(findTestObject("Object Repository/Mobile/Page/Register/Not Registered/Informasi Pribadi/Permission - Only this time"), 1, OPTIONAL): Element 'Object Repository/Mobile/Page/Register/Not Registered/Informasi Pribadi/Permission - Only this time' not found

2021-10-12 15:10:58 - [MESSAGE][WARNING] - Element 'Object Repository/Mobile/Page/Register/Not Registered/Informasi Pribadi/Permission - Only this time' not found
[[ATTACHMENT|C:\\Users\\Owner\\Documents\\kerjaan\\KatalonProject\\qa-katalon-maxfund\\Reports\\20211012_145548\\Register\\20211012_145548\\1634026257176.png]]

2021-10-12 15:10:58 - [TEST_STEP][PASSED] - if (permission): null

2021-10-12 15:10:58 - [TEST_STEP][PASSED] - tap(findTestObject("Object Repository/Mobile/Page/Register/Not Registered/Informasi Pribadi/Button - Capture Face with KTP"), 0, STOP_ON_FAILURE): Tapped on element 'Object Repository/Mobile/Page/Register/Not Registered/Informasi Pribadi/Button - Capture Face with KTP'

2021-10-12 15:10:58 - [MESSAGE][WARNING] - Timeout '0' is invalid. Using default page load timeout: '60'

2021-10-12 15:11:01 - [MESSAGE][PASSED] - Tapped on element 'Object Repository/Mobile/Page/Register/Not Registered/Informasi Pribadi/Button - Capture Face with KTP'

2021-10-12 15:11:01 - [TEST_STEP][PASSED] - delay(2): Delayed 2 second(s)

2021-10-12 15:11:03 - [MESSAGE][PASSED] - Delayed 2 second(s)

2021-10-12 15:11:03 - [TEST_STEP][PASSED] - hideKeyboard(): Keyboard is hidden

2021-10-12 15:11:09 - [MESSAGE][PASSED] - Keyboard is hidden

2021-10-12 15:11:09 - [TEST_STEP][PASSED] - delay(1): Delayed 1 second(s)

2021-10-12 15:11:10 - [MESSAGE][PASSED] - Delayed 1 second(s)

2021-10-12 15:11:10 - [TEST_STEP][PASSED] - scroll.scroll.scrollToBottomOpenKeyboard(): scroll.scroll.scrollToBottomOpenKeyboard is PASSED

2021-10-12 15:11:10 - [MESSAGE][PASSED] - Current device physical height is 1423

2021-10-12 15:11:10 - [MESSAGE][PASSED] - Current device physical width is 720

2021-10-12 15:11:11 - [MESSAGE][PASSED] - Swiped from 360,853 to 360,284

2021-10-12 15:11:11 - [MESSAGE][PASSED] - scroll.scroll.scrollToBottomOpenKeyboard is PASSED

2021-10-12 15:11:11 - [TEST_STEP][PASSED] - tap(findTestObject("Object Repository/Mobile/Page/Register/Not Registered/Informasi Pribadi/Radio Button - Low Risk"), 0, STOP_ON_FAILURE): Tapped on element 'Object Repository/Mobile/Page/Register/Not Registered/Informasi Pribadi/Radio Button - Low Risk'

2021-10-12 15:11:11 - [MESSAGE][WARNING] - Timeout '0' is invalid. Using default page load timeout: '60'

2021-10-12 15:11:12 - [MESSAGE][PASSED] - Tapped on element 'Object Repository/Mobile/Page/Register/Not Registered/Informasi Pribadi/Radio Button - Low Risk'

2021-10-12 15:11:12 - [TEST_STEP][PASSED] - delay(1): Delayed 1 second(s)

2021-10-12 15:11:13 - [MESSAGE][PASSED] - Delayed 1 second(s)

2021-10-12 15:11:13 - [TEST_STEP][PASSED] - tap(findTestObject("Object Repository/Mobile/Page/Register/Not Registered/Informasi Pribadi/Radio Button - Medium Risk"), 0, STOP_ON_FAILURE): Tapped on element 'Object Repository/Mobile/Page/Register/Not Registered/Informasi Pribadi/Radio Button - Medium Risk'

2021-10-12 15:11:13 - [MESSAGE][WARNING] - Timeout '0' is invalid. Using default page load timeout: '60'

2021-10-12 15:11:14 - [MESSAGE][PASSED] - Tapped on element 'Object Repository/Mobile/Page/Register/Not Registered/Informasi Pribadi/Radio Button - Medium Risk'

2021-10-12 15:11:14 - [TEST_STEP][PASSED] - delay(1): Delayed 1 second(s)

2021-10-12 15:11:15 - [MESSAGE][PASSED] - Delayed 1 second(s)

2021-10-12 15:11:15 - [TEST_STEP][PASSED] - tap(findTestObject("Object Repository/Mobile/Page/Register/Not Registered/Informasi Pribadi/Radio Button - High Risk"), 0, STOP_ON_FAILURE): Tapped on element 'Object Repository/Mobile/Page/Register/Not Registered/Informasi Pribadi/Radio Button - High Risk'

2021-10-12 15:11:15 - [MESSAGE][WARNING] - Timeout '0' is invalid. Using default page load timeout: '60'

2021-10-12 15:11:15 - [MESSAGE][PASSED] - Tapped on element 'Object Repository/Mobile/Page/Register/Not Registered/Informasi Pribadi/Radio Button - High Risk'

2021-10-12 15:11:15 - [TEST_STEP][PASSED] - delay(1): Delayed 1 second(s)

2021-10-12 15:11:16 - [MESSAGE][PASSED] - Delayed 1 second(s)

2021-10-12 15:11:16 - [TEST_STEP][PASSED] - tap(findTestObject("Object Repository/Mobile/Page/Register/Not Registered/Informasi Pribadi/Button - Next"), 0, STOP_ON_FAILURE): Tapped on element 'Object Repository/Mobile/Page/Register/Not Registered/Informasi Pribadi/Button - Next'

2021-10-12 15:11:16 - [MESSAGE][WARNING] - Timeout '0' is invalid. Using default page load timeout: '60'

2021-10-12 15:11:17 - [MESSAGE][PASSED] - Tapped on element 'Object Repository/Mobile/Page/Register/Not Registered/Informasi Pribadi/Button - Next'

2021-10-12 15:11:17 - [TEST_STEP][PASSED] - delay(1): Delayed 1 second(s)

2021-10-12 15:11:18 - [MESSAGE][PASSED] - Delayed 1 second(s)

2021-10-12 15:11:18 - [TEST_STEP][PASSED] - tapAndHold(findTestObject("Mobile/Page/Register/Not Registered/Akun Bank/Dropdown - Bank"), 1, 0, STOP_ON_FAILURE): Tapped and held on element 'Object Repository/Mobile/Page/Register/Not Registered/Akun Bank/Dropdown - Bank' with duration 1

2021-10-12 15:11:18 - [MESSAGE][WARNING] - Timeout '0' is invalid. Using default page load timeout: '60'

2021-10-12 15:11:21 - [MESSAGE][PASSED] - Tapped and held on element 'Object Repository/Mobile/Page/Register/Not Registered/Akun Bank/Dropdown - Bank' with duration 1

2021-10-12 15:11:21 - [TEST_STEP][PASSED] - tap(findTestObject("Object Repository/Mobile/Page/Register/Not Registered/Akun Bank/Dropdown - Bank Option Citibank"), 0, STOP_ON_FAILURE): Tapped on element 'Object Repository/Mobile/Page/Register/Not Registered/Akun Bank/Dropdown - Bank Option Citibank'

2021-10-12 15:11:21 - [MESSAGE][WARNING] - Timeout '0' is invalid. Using default page load timeout: '60'

2021-10-12 15:11:22 - [MESSAGE][PASSED] - Tapped on element 'Object Repository/Mobile/Page/Register/Not Registered/Akun Bank/Dropdown - Bank Option Citibank'

2021-10-12 15:11:22 - [TEST_STEP][PASSED] - delay(1): Delayed 1 second(s)

2021-10-12 15:11:23 - [MESSAGE][PASSED] - Delayed 1 second(s)

2021-10-12 15:11:23 - [TEST_STEP][PASSED] - tapAndHold(findTestObject("Mobile/Page/Register/Not Registered/Akun Bank/Dropdown - Country"), 1, 0, STOP_ON_FAILURE): Tapped and held on element 'Object Repository/Mobile/Page/Register/Not Registered/Akun Bank/Dropdown - Country' with duration 1

2021-10-12 15:11:23 - [MESSAGE][WARNING] - Timeout '0' is invalid. Using default page load timeout: '60'

2021-10-12 15:11:26 - [MESSAGE][PASSED] - Tapped and held on element 'Object Repository/Mobile/Page/Register/Not Registered/Akun Bank/Dropdown - Country' with duration 1

2021-10-12 15:11:26 - [TEST_STEP][PASSED] - tap(findTestObject("Object Repository/Mobile/Page/Register/Not Registered/Akun Bank/Dropdown - Country Option Indonesia"), 0, STOP_ON_FAILURE): Tapped on element 'Object Repository/Mobile/Page/Register/Not Registered/Akun Bank/Dropdown - Country Option Indonesia'

2021-10-12 15:11:26 - [MESSAGE][WARNING] - Timeout '0' is invalid. Using default page load timeout: '60'

2021-10-12 15:11:27 - [MESSAGE][PASSED] - Tapped on element 'Object Repository/Mobile/Page/Register/Not Registered/Akun Bank/Dropdown - Country Option Indonesia'

2021-10-12 15:11:27 - [TEST_STEP][PASSED] - delay(1): Delayed 1 second(s)

2021-10-12 15:11:28 - [MESSAGE][PASSED] - Delayed 1 second(s)

2021-10-12 15:11:28 - [TEST_STEP][PASSED] - tap(findTestObject("Object Repository/Mobile/Page/Register/Not Registered/Akun Bank/Edit Text - Branch"), 0, STOP_ON_FAILURE): Tapped on element 'Object Repository/Mobile/Page/Register/Not Registered/Akun Bank/Edit Text - Branch'

2021-10-12 15:11:28 - [MESSAGE][WARNING] - Timeout '0' is invalid. Using default page load timeout: '60'

2021-10-12 15:11:29 - [MESSAGE][PASSED] - Tapped on element 'Object Repository/Mobile/Page/Register/Not Registered/Akun Bank/Edit Text - Branch'

2021-10-12 15:11:29 - [TEST_STEP][PASSED] - setText(findTestObject("Object Repository/Mobile/Page/Register/Not Registered/Akun Bank/Edit Text - Branch"), branch, 0, STOP_ON_FAILURE): Text 'qa cabang' has been set to element 'Object Repository/Mobile/Page/Register/Not Registered/Akun Bank/Edit Text - Branch'

2021-10-12 15:11:29 - [MESSAGE][WARNING] - Timeout '0' is invalid. Using default page load timeout: '60'

2021-10-12 15:11:30 - [MESSAGE][PASSED] - Text 'qa cabang' has been set to element 'Object Repository/Mobile/Page/Register/Not Registered/Akun Bank/Edit Text - Branch'

2021-10-12 15:11:30 - [TEST_STEP][PASSED] - hideKeyboard(): Keyboard is hidden

2021-10-12 15:11:34 - [MESSAGE][PASSED] - Keyboard is hidden

2021-10-12 15:11:34 - [TEST_STEP][PASSED] - delay(1): Delayed 1 second(s)

2021-10-12 15:11:35 - [MESSAGE][PASSED] - Delayed 1 second(s)

2021-10-12 15:11:35 - [TEST_STEP][PASSED] - tap(findTestObject("Object Repository/Mobile/Page/Register/Not Registered/Akun Bank/Edit Text - Account Number"), 0, STOP_ON_FAILURE): Tapped on element 'Object Repository/Mobile/Page/Register/Not Registered/Akun Bank/Edit Text - Account Number'

2021-10-12 15:11:35 - [MESSAGE][WARNING] - Timeout '0' is invalid. Using default page load timeout: '60'

2021-10-12 15:11:35 - [MESSAGE][PASSED] - Tapped on element 'Object Repository/Mobile/Page/Register/Not Registered/Akun Bank/Edit Text - Account Number'

2021-10-12 15:11:35 - [TEST_STEP][PASSED] - setText(findTestObject("Object Repository/Mobile/Page/Register/Not Registered/Akun Bank/Edit Text - Account Number"), accountnumber, 0, STOP_ON_FAILURE): Text '222444222444' has been set to element 'Object Repository/Mobile/Page/Register/Not Registered/Akun Bank/Edit Text - Account Number'

2021-10-12 15:11:35 - [MESSAGE][WARNING] - Timeout '0' is invalid. Using default page load timeout: '60'

2021-10-12 15:11:37 - [MESSAGE][PASSED] - Text '222444222444' has been set to element 'Object Repository/Mobile/Page/Register/Not Registered/Akun Bank/Edit Text - Account Number'

2021-10-12 15:11:37 - [TEST_STEP][PASSED] - hideKeyboard(): Keyboard is hidden

2021-10-12 15:11:43 - [MESSAGE][PASSED] - Keyboard is hidden

2021-10-12 15:11:43 - [TEST_STEP][PASSED] - delay(1): Delayed 1 second(s)

2021-10-12 15:11:44 - [MESSAGE][PASSED] - Delayed 1 second(s)

2021-10-12 15:11:44 - [TEST_STEP][PASSED] - tap(findTestObject("Object Repository/Mobile/Page/Register/Not Registered/Akun Bank/Edit Text - Name Owner"), 0, STOP_ON_FAILURE): Tapped on element 'Object Repository/Mobile/Page/Register/Not Registered/Akun Bank/Edit Text - Name Owner'

2021-10-12 15:11:44 - [MESSAGE][WARNING] - Timeout '0' is invalid. Using default page load timeout: '60'

2021-10-12 15:11:44 - [MESSAGE][PASSED] - Tapped on element 'Object Repository/Mobile/Page/Register/Not Registered/Akun Bank/Edit Text - Name Owner'

2021-10-12 15:11:44 - [TEST_STEP][PASSED] - setText(findTestObject("Object Repository/Mobile/Page/Register/Not Registered/Akun Bank/Edit Text - Name Owner"), nameowner, 0, STOP_ON_FAILURE): Text 'qatestingeCLFzrVjtl' has been set to element 'Object Repository/Mobile/Page/Register/Not Registered/Akun Bank/Edit Text - Name Owner'

2021-10-12 15:11:44 - [MESSAGE][WARNING] - Timeout '0' is invalid. Using default page load timeout: '60'

2021-10-12 15:11:46 - [MESSAGE][PASSED] - Text 'qatestingeCLFzrVjtl' has been set to element 'Object Repository/Mobile/Page/Register/Not Registered/Akun Bank/Edit Text - Name Owner'

2021-10-12 15:11:46 - [TEST_STEP][PASSED] - hideKeyboard(): Keyboard is hidden

2021-10-12 15:11:49 - [MESSAGE][PASSED] - Keyboard is hidden

2021-10-12 15:11:49 - [TEST_STEP][PASSED] - delay(1): Delayed 1 second(s)

2021-10-12 15:11:50 - [MESSAGE][PASSED] - Delayed 1 second(s)

2021-10-12 15:11:50 - [TEST_STEP][PASSED] - tap(findTestObject("Object Repository/Mobile/Page/Register/Not Registered/Akun Bank/Button - Next"), 0, STOP_ON_FAILURE): Tapped on element 'Object Repository/Mobile/Page/Register/Not Registered/Akun Bank/Button - Next'

2021-10-12 15:11:50 - [MESSAGE][WARNING] - Timeout '0' is invalid. Using default page load timeout: '60'

2021-10-12 15:11:51 - [MESSAGE][PASSED] - Tapped on element 'Object Repository/Mobile/Page/Register/Not Registered/Akun Bank/Button - Next'

2021-10-12 15:11:51 - [TEST_STEP][PASSED] - delay(1): Delayed 1 second(s)

2021-10-12 15:11:52 - [MESSAGE][PASSED] - Delayed 1 second(s)

2021-10-12 15:11:52 - [TEST_STEP][PASSED] - if (isUseReferralCode == 1): null

2021-10-12 15:11:52 - [TEST_STEP][PASSED] - if (isUseSignature == 1): null

2021-10-12 15:11:52 - [TEST_STEP][PASSED] - tap(findTestObject("Object Repository/Mobile/Page/Register/Not Registered/Konfirmasi/Checkbox - Agreement"), 0, STOP_ON_FAILURE): Tapped on element 'Object Repository/Mobile/Page/Register/Not Registered/Konfirmasi/Checkbox - Agreement'

2021-10-12 15:11:52 - [MESSAGE][WARNING] - Timeout '0' is invalid. Using default page load timeout: '60'

2021-10-12 15:11:53 - [MESSAGE][PASSED] - Tapped on element 'Object Repository/Mobile/Page/Register/Not Registered/Konfirmasi/Checkbox - Agreement'

2021-10-12 15:11:53 - [TEST_STEP][PASSED] - delay(1): Delayed 1 second(s)

2021-10-12 15:11:54 - [MESSAGE][PASSED] - Delayed 1 second(s)

2021-10-12 15:11:54 - [TEST_STEP][PASSED] - tap(findTestObject("Object Repository/Mobile/Page/Register/Not Registered/Konfirmasi/Button - Next"), 0, STOP_ON_FAILURE): Tapped on element 'Object Repository/Mobile/Page/Register/Not Registered/Konfirmasi/Button - Next'

2021-10-12 15:11:54 - [MESSAGE][WARNING] - Timeout '0' is invalid. Using default page load timeout: '60'

2021-10-12 15:11:55 - [MESSAGE][PASSED] - Tapped on element 'Object Repository/Mobile/Page/Register/Not Registered/Konfirmasi/Button - Next'

2021-10-12 15:11:55 - [TEST_STEP][PASSED] - delay(1): Delayed 1 second(s)

2021-10-12 15:11:56 - [MESSAGE][PASSED] - Delayed 1 second(s)

2021-10-12 15:11:56 - [TEST_STEP][FAILED] - tap(findTestObject("Object Repository/Mobile/Page/Register/Not Registered/Konfirmasi/Button - Back to Home"), 0, STOP_ON_FAILURE): Failed to tap on element 'Object Repository/Mobile/Page/Register/Not Registered/Konfirmasi/Button - Back to Home' (Root cause: com.kms.katalon.core.exception.StepFailedException: Object Object Repository/Mobile/Page/Register/Not Registered/Konfirmasi/Button - Back to Home not found
	at com.kms.katalon.core.keyword.internal.KeywordMain.stepFailed(KeywordMain.groovy:50)
	at com.kms.katalon.core.mobile.keyword.internal.MobileKeywordMain.stepFailed(MobileKeywordMain.groovy:40)
	at com.kms.katalon.core.mobile.keyword.builtin.TapKeyword$_tap_closure1.doCall(TapKeyword.groovy:79)
	at com.kms.katalon.core.mobile.keyword.builtin.TapKeyword$_tap_closure1.call(TapKeyword.groovy)
	at com.kms.katalon.core.mobile.keyword.internal.MobileKeywordMain.runKeyword(MobileKeywordMain.groovy:21)
	at com.kms.katalon.core.mobile.keyword.builtin.TapKeyword.tap(TapKeyword.groovy:86)
	at com.kms.katalon.core.mobile.keyword.builtin.TapKeyword.execute(TapKeyword.groovy:68)
	at com.kms.katalon.core.keyword.internal.KeywordExecutor.executeKeywordForPlatform(KeywordExecutor.groovy:73)
	at com.kms.katalon.core.mobile.keyword.MobileBuiltInKeywords.tap(MobileBuiltInKeywords.groovy:1340)
	at com.kms.katalon.core.mobile.keyword.MobileBuiltInKeywords$tap$0.call(Unknown Source)
	at Register.run(Register:250)
	at com.kms.katalon.core.main.ScriptEngine.run(ScriptEngine.java:194)
	at com.kms.katalon.core.main.ScriptEngine.runScriptAsRawText(ScriptEngine.java:119)
	at com.kms.katalon.core.main.TestCaseExecutor.runScript(TestCaseExecutor.java:398)
	at com.kms.katalon.core.main.TestCaseExecutor.doExecute(TestCaseExecutor.java:389)
	at com.kms.katalon.core.main.TestCaseExecutor.processExecutionPhase(TestCaseExecutor.java:368)
	at com.kms.katalon.core.main.TestCaseExecutor.accessMainPhase(TestCaseExecutor.java:360)
	at com.kms.katalon.core.main.TestCaseExecutor.execute(TestCaseExecutor.java:255)
	at com.kms.katalon.core.main.TestCaseMain.runTestCase(TestCaseMain.java:114)
	at com.kms.katalon.core.keyword.builtin.CallTestCaseKeyword$_callTestCase_closure1.doCall(CallTestCaseKeyword.groovy:59)
	at com.kms.katalon.core.keyword.builtin.CallTestCaseKeyword$_callTestCase_closure1.call(CallTestCaseKeyword.groovy)
	at com.kms.katalon.core.keyword.internal.KeywordMain.runKeyword(KeywordMain.groovy:68)
	at com.kms.katalon.core.keyword.builtin.CallTestCaseKeyword.callTestCase(CallTestCaseKeyword.groovy:81)
	at com.kms.katalon.core.keyword.builtin.CallTestCaseKeyword.execute(CallTestCaseKeyword.groovy:44)
	at com.kms.katalon.core.keyword.internal.KeywordExecutor.executeKeywordForPlatform(KeywordExecutor.groovy:73)
	at com.kms.katalon.core.keyword.BuiltinKeywords.callTestCase(BuiltinKeywords.groovy:334)
	at 006 - Registrasi akun baru dengan alamat sesuai KTP dan tidak mengisi kolom signature.run(006 - Registrasi akun baru dengan alamat sesuai KTP dan tidak mengisi kolom signature:22)
	at com.kms.katalon.core.main.ScriptEngine.run(ScriptEngine.java:194)
	at com.kms.katalon.core.main.ScriptEngine.runScriptAsRawText(ScriptEngine.java:119)
	at com.kms.katalon.core.main.TestCaseExecutor.runScript(TestCaseExecutor.java:398)
	at com.kms.katalon.core.main.TestCaseExecutor.doExecute(TestCaseExecutor.java:389)
	at com.kms.katalon.core.main.TestCaseExecutor.processExecutionPhase(TestCaseExecutor.java:368)
	at com.kms.katalon.core.main.TestCaseExecutor.accessMainPhase(TestCaseExecutor.java:360)
	at com.kms.katalon.core.main.TestCaseExecutor.execute(TestCaseExecutor.java:255)
	at com.kms.katalon.core.main.TestSuiteExecutor.accessTestCaseMainPhase(TestSuiteExecutor.java:203)
	at com.kms.katalon.core.main.TestSuiteExecutor.accessTestSuiteMainPhase(TestSuiteExecutor.java:152)
	at com.kms.katalon.core.main.TestSuiteExecutor.execute(TestSuiteExecutor.java:95)
	at com.kms.katalon.core.main.TestCaseMain.startTestSuite(TestCaseMain.java:157)
	at com.kms.katalon.core.main.TestCaseMain$startTestSuite$0.call(Unknown Source)
	at TempTestSuite1634025348966.run(TempTestSuite1634025348966.groovy:39)
)

2021-10-12 15:11:56 - [MESSAGE][WARNING] - Timeout '0' is invalid. Using default page load timeout: '60'

2021-10-12 15:12:57 - [MESSAGE][FAILED] - Object Object Repository/Mobile/Page/Register/Not Registered/Konfirmasi/Button - Back to Home not found
[[ATTACHMENT|C:\\Users\\Owner\\Documents\\kerjaan\\KatalonProject\\qa-katalon-maxfund\\Reports\\20211012_145548\\Register\\20211012_145548\\1634026376700.png]]

2021-10-12 15:12:58 - [MESSAGE][FAILED] - Failed to tap on element 'Object Repository/Mobile/Page/Register/Not Registered/Konfirmasi/Button - Back to Home' (Root cause: com.kms.katalon.core.exception.StepFailedException: Object Object Repository/Mobile/Page/Register/Not Registered/Konfirmasi/Button - Back to Home not found
	at com.kms.katalon.core.keyword.internal.KeywordMain.stepFailed(KeywordMain.groovy:50)
	at com.kms.katalon.core.mobile.keyword.internal.MobileKeywordMain.stepFailed(MobileKeywordMain.groovy:40)
	at com.kms.katalon.core.mobile.keyword.builtin.TapKeyword$_tap_closure1.doCall(TapKeyword.groovy:79)
	at com.kms.katalon.core.mobile.keyword.builtin.TapKeyword$_tap_closure1.call(TapKeyword.groovy)
	at com.kms.katalon.core.mobile.keyword.internal.MobileKeywordMain.runKeyword(MobileKeywordMain.groovy:21)
	at com.kms.katalon.core.mobile.keyword.builtin.TapKeyword.tap(TapKeyword.groovy:86)
	at com.kms.katalon.core.mobile.keyword.builtin.TapKeyword.execute(TapKeyword.groovy:68)
	at com.kms.katalon.core.keyword.internal.KeywordExecutor.executeKeywordForPlatform(KeywordExecutor.groovy:73)
	at com.kms.katalon.core.mobile.keyword.MobileBuiltInKeywords.tap(MobileBuiltInKeywords.groovy:1340)
	at com.kms.katalon.core.mobile.keyword.MobileBuiltInKeywords$tap$0.call(Unknown Source)
	at Register.run(Register:250)
	at com.kms.katalon.core.main.ScriptEngine.run(ScriptEngine.java:194)
	at com.kms.katalon.core.main.ScriptEngine.runScriptAsRawText(ScriptEngine.java:119)
	at com.kms.katalon.core.main.TestCaseExecutor.runScript(TestCaseExecutor.java:398)
	at com.kms.katalon.core.main.TestCaseExecutor.doExecute(TestCaseExecutor.java:389)
	at com.kms.katalon.core.main.TestCaseExecutor.processExecutionPhase(TestCaseExecutor.java:368)
	at com.kms.katalon.core.main.TestCaseExecutor.accessMainPhase(TestCaseExecutor.java:360)
	at com.kms.katalon.core.main.TestCaseExecutor.execute(TestCaseExecutor.java:255)
	at com.kms.katalon.core.main.TestCaseMain.runTestCase(TestCaseMain.java:114)
	at com.kms.katalon.core.keyword.builtin.CallTestCaseKeyword$_callTestCase_closure1.doCall(CallTestCaseKeyword.groovy:59)
	at com.kms.katalon.core.keyword.builtin.CallTestCaseKeyword$_callTestCase_closure1.call(CallTestCaseKeyword.groovy)
	at com.kms.katalon.core.keyword.internal.KeywordMain.runKeyword(KeywordMain.groovy:68)
	at com.kms.katalon.core.keyword.builtin.CallTestCaseKeyword.callTestCase(CallTestCaseKeyword.groovy:81)
	at com.kms.katalon.core.keyword.builtin.CallTestCaseKeyword.execute(CallTestCaseKeyword.groovy:44)
	at com.kms.katalon.core.keyword.internal.KeywordExecutor.executeKeywordForPlatform(KeywordExecutor.groovy:73)
	at com.kms.katalon.core.keyword.BuiltinKeywords.callTestCase(BuiltinKeywords.groovy:334)
	at 006 - Registrasi akun baru dengan alamat sesuai KTP dan tidak mengisi kolom signature.run(006 - Registrasi akun baru dengan alamat sesuai KTP dan tidak mengisi kolom signature:22)
	at com.kms.katalon.core.main.ScriptEngine.run(ScriptEngine.java:194)
	at com.kms.katalon.core.main.ScriptEngine.runScriptAsRawText(ScriptEngine.java:119)
	at com.kms.katalon.core.main.TestCaseExecutor.runScript(TestCaseExecutor.java:398)
	at com.kms.katalon.core.main.TestCaseExecutor.doExecute(TestCaseExecutor.java:389)
	at com.kms.katalon.core.main.TestCaseExecutor.processExecutionPhase(TestCaseExecutor.java:368)
	at com.kms.katalon.core.main.TestCaseExecutor.accessMainPhase(TestCaseExecutor.java:360)
	at com.kms.katalon.core.main.TestCaseExecutor.execute(TestCaseExecutor.java:255)
	at com.kms.katalon.core.main.TestSuiteExecutor.accessTestCaseMainPhase(TestSuiteExecutor.java:203)
	at com.kms.katalon.core.main.TestSuiteExecutor.accessTestSuiteMainPhase(TestSuiteExecutor.java:152)
	at com.kms.katalon.core.main.TestSuiteExecutor.execute(TestSuiteExecutor.java:95)
	at com.kms.katalon.core.main.TestCaseMain.startTestSuite(TestCaseMain.java:157)
	at com.kms.katalon.core.main.TestCaseMain$startTestSuite$0.call(Unknown Source)
	at TempTestSuite1634025348966.run(TempTestSuite1634025348966.groovy:39)
)
[[ATTACHMENT|C:\\Users\\Owner\\Documents\\kerjaan\\KatalonProject\\qa-katalon-maxfund\\Reports\\20211012_145548\\Register\\20211012_145548\\1634026377377.png]]

2021-10-12 15:12:58 - [MESSAGE][FAILED] - Unable to call Test Case 'Test Cases/Mobile/Page/Register/Register' (Root cause: com.kms.katalon.core.exception.StepFailedException: Call Test Case 'Test Cases/Mobile/Page/Register/Register' failed
	at com.kms.katalon.core.keyword.builtin.CallTestCaseKeyword$_callTestCase_closure1.doCall(CallTestCaseKeyword.groovy:63)
	at com.kms.katalon.core.keyword.builtin.CallTestCaseKeyword$_callTestCase_closure1.call(CallTestCaseKeyword.groovy)
	at com.kms.katalon.core.keyword.internal.KeywordMain.runKeyword(KeywordMain.groovy:68)
	at com.kms.katalon.core.keyword.builtin.CallTestCaseKeyword.callTestCase(CallTestCaseKeyword.groovy:81)
	at com.kms.katalon.core.keyword.builtin.CallTestCaseKeyword.execute(CallTestCaseKeyword.groovy:44)
	at com.kms.katalon.core.keyword.internal.KeywordExecutor.executeKeywordForPlatform(KeywordExecutor.groovy:73)
	at com.kms.katalon.core.keyword.BuiltinKeywords.callTestCase(BuiltinKeywords.groovy:334)
	at 006 - Registrasi akun baru dengan alamat sesuai KTP dan tidak mengisi kolom signature.run(006 - Registrasi akun baru dengan alamat sesuai KTP dan tidak mengisi kolom signature:22)
	at com.kms.katalon.core.main.ScriptEngine.run(ScriptEngine.java:194)
	at com.kms.katalon.core.main.ScriptEngine.runScriptAsRawText(ScriptEngine.java:119)
	at com.kms.katalon.core.main.TestCaseExecutor.runScript(TestCaseExecutor.java:398)
	at com.kms.katalon.core.main.TestCaseExecutor.doExecute(TestCaseExecutor.java:389)
	at com.kms.katalon.core.main.TestCaseExecutor.processExecutionPhase(TestCaseExecutor.java:368)
	at com.kms.katalon.core.main.TestCaseExecutor.accessMainPhase(TestCaseExecutor.java:360)
	at com.kms.katalon.core.main.TestCaseExecutor.execute(TestCaseExecutor.java:255)
	at com.kms.katalon.core.main.TestSuiteExecutor.accessTestCaseMainPhase(TestSuiteExecutor.java:203)
	at com.kms.katalon.core.main.TestSuiteExecutor.accessTestSuiteMainPhase(TestSuiteExecutor.java:152)
	at com.kms.katalon.core.main.TestSuiteExecutor.execute(TestSuiteExecutor.java:95)
	at com.kms.katalon.core.main.TestCaseMain.startTestSuite(TestCaseMain.java:157)
	at com.kms.katalon.core.main.TestCaseMain$startTestSuite$0.call(Unknown Source)
	at TempTestSuite1634025348966.run(TempTestSuite1634025348966.groovy:39)
Caused by: com.kms.katalon.core.exception.StepFailedException: Object Object Repository/Mobile/Page/Register/Not Registered/Konfirmasi/Button - Back to Home not found
	at com.kms.katalon.core.keyword.internal.KeywordMain.stepFailed(KeywordMain.groovy:50)
	at com.kms.katalon.core.mobile.keyword.internal.MobileKeywordMain.stepFailed(MobileKeywordMain.groovy:40)
	at com.kms.katalon.core.mobile.keyword.builtin.TapKeyword$_tap_closure1.doCall(TapKeyword.groovy:79)
	at com.kms.katalon.core.mobile.keyword.builtin.TapKeyword$_tap_closure1.call(TapKeyword.groovy)
	at com.kms.katalon.core.mobile.keyword.internal.MobileKeywordMain.runKeyword(MobileKeywordMain.groovy:21)
	at com.kms.katalon.core.mobile.keyword.builtin.TapKeyword.tap(TapKeyword.groovy:86)
	at com.kms.katalon.core.mobile.keyword.builtin.TapKeyword.execute(TapKeyword.groovy:68)
	at com.kms.katalon.core.keyword.internal.KeywordExecutor.executeKeywordForPlatform(KeywordExecutor.groovy:73)
	at com.kms.katalon.core.mobile.keyword.MobileBuiltInKeywords.tap(MobileBuiltInKeywords.groovy:1340)
	at com.kms.katalon.core.mobile.keyword.MobileBuiltInKeywords$tap$0.call(Unknown Source)
	at Register.run(Register:250)
	at com.kms.katalon.core.main.ScriptEngine.run(ScriptEngine.java:194)
	at com.kms.katalon.core.main.ScriptEngine.runScriptAsRawText(ScriptEngine.java:119)
	at com.kms.katalon.core.main.TestCaseExecutor.runScript(TestCaseExecutor.java:398)
	at com.kms.katalon.core.main.TestCaseExecutor.doExecute(TestCaseExecutor.java:389)
	at com.kms.katalon.core.main.TestCaseExecutor.processExecutionPhase(TestCaseExecutor.java:368)
	at com.kms.katalon.core.main.TestCaseExecutor.accessMainPhase(TestCaseExecutor.java:360)
	at com.kms.katalon.core.main.TestCaseExecutor.execute(TestCaseExecutor.java:255)
	at com.kms.katalon.core.main.TestCaseMain.runTestCase(TestCaseMain.java:114)
	at com.kms.katalon.core.keyword.builtin.CallTestCaseKeyword$_callTestCase_closure1.doCall(CallTestCaseKeyword.groovy:59)
	... 20 more
)]]></system-out>
         <system-err><![CDATA[2021-10-12 15:09:09 - [TEST_CASE][FAILED] - Test Cases/Mobile/Scenario/Register/006 - Registrasi akun baru dengan alamat sesuai KTP dan tidak mengisi kolom signature: Test Cases/Mobile/Scenario/Register/006 - Registrasi akun baru dengan alamat sesuai KTP dan tidak mengisi kolom signature FAILED.
Reason:
com.kms.katalon.core.exception.StepFailedException: Call Test Case 'Test Cases/Mobile/Page/Register/Register' failed
	at com.kms.katalon.core.keyword.builtin.CallTestCaseKeyword$_callTestCase_closure1.doCall(CallTestCaseKeyword.groovy:63)
	at com.kms.katalon.core.keyword.builtin.CallTestCaseKeyword$_callTestCase_closure1.call(CallTestCaseKeyword.groovy)
	at com.kms.katalon.core.keyword.internal.KeywordMain.runKeyword(KeywordMain.groovy:68)
	at com.kms.katalon.core.keyword.builtin.CallTestCaseKeyword.callTestCase(CallTestCaseKeyword.groovy:81)
	at com.kms.katalon.core.keyword.builtin.CallTestCaseKeyword.execute(CallTestCaseKeyword.groovy:44)
	at com.kms.katalon.core.keyword.internal.KeywordExecutor.executeKeywordForPlatform(KeywordExecutor.groovy:73)
	at com.kms.katalon.core.keyword.BuiltinKeywords.callTestCase(BuiltinKeywords.groovy:334)
	at 006 - Registrasi akun baru dengan alamat sesuai KTP dan tidak mengisi kolom signature.run(006 - Registrasi akun baru dengan alamat sesuai KTP dan tidak mengisi kolom signature:22)
	at com.kms.katalon.core.main.ScriptEngine.run(ScriptEngine.java:194)
	at com.kms.katalon.core.main.ScriptEngine.runScriptAsRawText(ScriptEngine.java:119)
	at com.kms.katalon.core.main.TestCaseExecutor.runScript(TestCaseExecutor.java:398)
	at com.kms.katalon.core.main.TestCaseExecutor.doExecute(TestCaseExecutor.java:389)
	at com.kms.katalon.core.main.TestCaseExecutor.processExecutionPhase(TestCaseExecutor.java:368)
	at com.kms.katalon.core.main.TestCaseExecutor.accessMainPhase(TestCaseExecutor.java:360)
	at com.kms.katalon.core.main.TestCaseExecutor.execute(TestCaseExecutor.java:255)
	at com.kms.katalon.core.main.TestSuiteExecutor.accessTestCaseMainPhase(TestSuiteExecutor.java:203)
	at com.kms.katalon.core.main.TestSuiteExecutor.accessTestSuiteMainPhase(TestSuiteExecutor.java:152)
	at com.kms.katalon.core.main.TestSuiteExecutor.execute(TestSuiteExecutor.java:95)
	at com.kms.katalon.core.main.TestCaseMain.startTestSuite(TestCaseMain.java:157)
	at com.kms.katalon.core.main.TestCaseMain$startTestSuite$0.call(Unknown Source)
	at TempTestSuite1634025348966.run(TempTestSuite1634025348966.groovy:39)
Caused by: com.kms.katalon.core.exception.StepFailedException: Object Object Repository/Mobile/Page/Register/Not Registered/Konfirmasi/Button - Back to Home not found
	at com.kms.katalon.core.keyword.internal.KeywordMain.stepFailed(KeywordMain.groovy:50)
	at com.kms.katalon.core.mobile.keyword.internal.MobileKeywordMain.stepFailed(MobileKeywordMain.groovy:40)
	at com.kms.katalon.core.mobile.keyword.builtin.TapKeyword$_tap_closure1.doCall(TapKeyword.groovy:79)
	at com.kms.katalon.core.mobile.keyword.builtin.TapKeyword$_tap_closure1.call(TapKeyword.groovy)
	at com.kms.katalon.core.mobile.keyword.internal.MobileKeywordMain.runKeyword(MobileKeywordMain.groovy:21)
	at com.kms.katalon.core.mobile.keyword.builtin.TapKeyword.tap(TapKeyword.groovy:86)
	at com.kms.katalon.core.mobile.keyword.builtin.TapKeyword.execute(TapKeyword.groovy:68)
	at com.kms.katalon.core.keyword.internal.KeywordExecutor.executeKeywordForPlatform(KeywordExecutor.groovy:73)
	at com.kms.katalon.core.mobile.keyword.MobileBuiltInKeywords.tap(MobileBuiltInKeywords.groovy:1340)
	at com.kms.katalon.core.mobile.keyword.MobileBuiltInKeywords$tap$0.call(Unknown Source)
	at Register.run(Register:250)
	at com.kms.katalon.core.main.ScriptEngine.run(ScriptEngine.java:194)
	at com.kms.katalon.core.main.ScriptEngine.runScriptAsRawText(ScriptEngine.java:119)
	at com.kms.katalon.core.main.TestCaseExecutor.runScript(TestCaseExecutor.java:398)
	at com.kms.katalon.core.main.TestCaseExecutor.doExecute(TestCaseExecutor.java:389)
	at com.kms.katalon.core.main.TestCaseExecutor.processExecutionPhase(TestCaseExecutor.java:368)
	at com.kms.katalon.core.main.TestCaseExecutor.accessMainPhase(TestCaseExecutor.java:360)
	at com.kms.katalon.core.main.TestCaseExecutor.execute(TestCaseExecutor.java:255)
	at com.kms.katalon.core.main.TestCaseMain.runTestCase(TestCaseMain.java:114)
	at com.kms.katalon.core.keyword.builtin.CallTestCaseKeyword$_callTestCase_closure1.doCall(CallTestCaseKeyword.groovy:59)
	... 20 more]]></system-err>
      </testcase>
      <system-out><![CDATA[2021-10-12 14:55:56 - [TEST_SUITE][FAILED] - Register: Test Cases/Mobile/Scenario/Register/006 - Registrasi akun baru dengan alamat sesuai KTP dan tidak mengisi kolom signature FAILED.
Reason:
com.kms.katalon.core.exception.StepFailedException: Call Test Case 'Test Cases/Mobile/Page/Register/Register' failed
	at com.kms.katalon.core.keyword.builtin.CallTestCaseKeyword$_callTestCase_closure1.doCall(CallTestCaseKeyword.groovy:63)
	at com.kms.katalon.core.keyword.builtin.CallTestCaseKeyword$_callTestCase_closure1.call(CallTestCaseKeyword.groovy)
	at com.kms.katalon.core.keyword.internal.KeywordMain.runKeyword(KeywordMain.groovy:68)
	at com.kms.katalon.core.keyword.builtin.CallTestCaseKeyword.callTestCase(CallTestCaseKeyword.groovy:81)
	at com.kms.katalon.core.keyword.builtin.CallTestCaseKeyword.execute(CallTestCaseKeyword.groovy:44)
	at com.kms.katalon.core.keyword.internal.KeywordExecutor.executeKeywordForPlatform(KeywordExecutor.groovy:73)
	at com.kms.katalon.core.keyword.BuiltinKeywords.callTestCase(BuiltinKeywords.groovy:334)
	at 006 - Registrasi akun baru dengan alamat sesuai KTP dan tidak mengisi kolom signature.run(006 - Registrasi akun baru dengan alamat sesuai KTP dan tidak mengisi kolom signature:22)
	at com.kms.katalon.core.main.ScriptEngine.run(ScriptEngine.java:194)
	at com.kms.katalon.core.main.ScriptEngine.runScriptAsRawText(ScriptEngine.java:119)
	at com.kms.katalon.core.main.TestCaseExecutor.runScript(TestCaseExecutor.java:398)
	at com.kms.katalon.core.main.TestCaseExecutor.doExecute(TestCaseExecutor.java:389)
	at com.kms.katalon.core.main.TestCaseExecutor.processExecutionPhase(TestCaseExecutor.java:368)
	at com.kms.katalon.core.main.TestCaseExecutor.accessMainPhase(TestCaseExecutor.java:360)
	at com.kms.katalon.core.main.TestCaseExecutor.execute(TestCaseExecutor.java:255)
	at com.kms.katalon.core.main.TestSuiteExecutor.accessTestCaseMainPhase(TestSuiteExecutor.java:203)
	at com.kms.katalon.core.main.TestSuiteExecutor.accessTestSuiteMainPhase(TestSuiteExecutor.java:152)
	at com.kms.katalon.core.main.TestSuiteExecutor.execute(TestSuiteExecutor.java:95)
	at com.kms.katalon.core.main.TestCaseMain.startTestSuite(TestCaseMain.java:157)
	at com.kms.katalon.core.main.TestCaseMain$startTestSuite$0.call(Unknown Source)
	at TempTestSuite1634025348966.run(TempTestSuite1634025348966.groovy:39)
Caused by: com.kms.katalon.core.exception.StepFailedException: Object Object Repository/Mobile/Page/Register/Not Registered/Konfirmasi/Button - Back to Home not found
	at com.kms.katalon.core.keyword.internal.KeywordMain.stepFailed(KeywordMain.groovy:50)
	at com.kms.katalon.core.mobile.keyword.internal.MobileKeywordMain.stepFailed(MobileKeywordMain.groovy:40)
	at com.kms.katalon.core.mobile.keyword.builtin.TapKeyword$_tap_closure1.doCall(TapKeyword.groovy:79)
	at com.kms.katalon.core.mobile.keyword.builtin.TapKeyword$_tap_closure1.call(TapKeyword.groovy)
	at com.kms.katalon.core.mobile.keyword.internal.MobileKeywordMain.runKeyword(MobileKeywordMain.groovy:21)
	at com.kms.katalon.core.mobile.keyword.builtin.TapKeyword.tap(TapKeyword.groovy:86)
	at com.kms.katalon.core.mobile.keyword.builtin.TapKeyword.execute(TapKeyword.groovy:68)
	at com.kms.katalon.core.keyword.internal.KeywordExecutor.executeKeywordForPlatform(KeywordExecutor.groovy:73)
	at com.kms.katalon.core.mobile.keyword.MobileBuiltInKeywords.tap(MobileBuiltInKeywords.groovy:1340)
	at com.kms.katalon.core.mobile.keyword.MobileBuiltInKeywords$tap$0.call(Unknown Source)
	at Register.run(Register:250)
	at com.kms.katalon.core.main.ScriptEngine.run(ScriptEngine.java:194)
	at com.kms.katalon.core.main.ScriptEngine.runScriptAsRawText(ScriptEngine.java:119)
	at com.kms.katalon.core.main.TestCaseExecutor.runScript(TestCaseExecutor.java:398)
	at com.kms.katalon.core.main.TestCaseExecutor.doExecute(TestCaseExecutor.java:389)
	at com.kms.katalon.core.main.TestCaseExecutor.processExecutionPhase(TestCaseExecutor.java:368)
	at com.kms.katalon.core.main.TestCaseExecutor.accessMainPhase(TestCaseExecutor.java:360)
	at com.kms.katalon.core.main.TestCaseExecutor.execute(TestCaseExecutor.java:255)
	at com.kms.katalon.core.main.TestCaseMain.runTestCase(TestCaseMain.java:114)
	at com.kms.katalon.core.keyword.builtin.CallTestCaseKeyword$_callTestCase_closure1.doCall(CallTestCaseKeyword.groovy:59)
	... 20 more]]></system-out>
      <system-err><![CDATA[2021-10-12 14:55:56 - [TEST_SUITE][FAILED] - Register: Test Cases/Mobile/Scenario/Register/006 - Registrasi akun baru dengan alamat sesuai KTP dan tidak mengisi kolom signature FAILED.
Reason:
com.kms.katalon.core.exception.StepFailedException: Call Test Case 'Test Cases/Mobile/Page/Register/Register' failed
	at com.kms.katalon.core.keyword.builtin.CallTestCaseKeyword$_callTestCase_closure1.doCall(CallTestCaseKeyword.groovy:63)
	at com.kms.katalon.core.keyword.builtin.CallTestCaseKeyword$_callTestCase_closure1.call(CallTestCaseKeyword.groovy)
	at com.kms.katalon.core.keyword.internal.KeywordMain.runKeyword(KeywordMain.groovy:68)
	at com.kms.katalon.core.keyword.builtin.CallTestCaseKeyword.callTestCase(CallTestCaseKeyword.groovy:81)
	at com.kms.katalon.core.keyword.builtin.CallTestCaseKeyword.execute(CallTestCaseKeyword.groovy:44)
	at com.kms.katalon.core.keyword.internal.KeywordExecutor.executeKeywordForPlatform(KeywordExecutor.groovy:73)
	at com.kms.katalon.core.keyword.BuiltinKeywords.callTestCase(BuiltinKeywords.groovy:334)
	at 006 - Registrasi akun baru dengan alamat sesuai KTP dan tidak mengisi kolom signature.run(006 - Registrasi akun baru dengan alamat sesuai KTP dan tidak mengisi kolom signature:22)
	at com.kms.katalon.core.main.ScriptEngine.run(ScriptEngine.java:194)
	at com.kms.katalon.core.main.ScriptEngine.runScriptAsRawText(ScriptEngine.java:119)
	at com.kms.katalon.core.main.TestCaseExecutor.runScript(TestCaseExecutor.java:398)
	at com.kms.katalon.core.main.TestCaseExecutor.doExecute(TestCaseExecutor.java:389)
	at com.kms.katalon.core.main.TestCaseExecutor.processExecutionPhase(TestCaseExecutor.java:368)
	at com.kms.katalon.core.main.TestCaseExecutor.accessMainPhase(TestCaseExecutor.java:360)
	at com.kms.katalon.core.main.TestCaseExecutor.execute(TestCaseExecutor.java:255)
	at com.kms.katalon.core.main.TestSuiteExecutor.accessTestCaseMainPhase(TestSuiteExecutor.java:203)
	at com.kms.katalon.core.main.TestSuiteExecutor.accessTestSuiteMainPhase(TestSuiteExecutor.java:152)
	at com.kms.katalon.core.main.TestSuiteExecutor.execute(TestSuiteExecutor.java:95)
	at com.kms.katalon.core.main.TestCaseMain.startTestSuite(TestCaseMain.java:157)
	at com.kms.katalon.core.main.TestCaseMain$startTestSuite$0.call(Unknown Source)
	at TempTestSuite1634025348966.run(TempTestSuite1634025348966.groovy:39)
Caused by: com.kms.katalon.core.exception.StepFailedException: Object Object Repository/Mobile/Page/Register/Not Registered/Konfirmasi/Button - Back to Home not found
	at com.kms.katalon.core.keyword.internal.KeywordMain.stepFailed(KeywordMain.groovy:50)
	at com.kms.katalon.core.mobile.keyword.internal.MobileKeywordMain.stepFailed(MobileKeywordMain.groovy:40)
	at com.kms.katalon.core.mobile.keyword.builtin.TapKeyword$_tap_closure1.doCall(TapKeyword.groovy:79)
	at com.kms.katalon.core.mobile.keyword.builtin.TapKeyword$_tap_closure1.call(TapKeyword.groovy)
	at com.kms.katalon.core.mobile.keyword.internal.MobileKeywordMain.runKeyword(MobileKeywordMain.groovy:21)
	at com.kms.katalon.core.mobile.keyword.builtin.TapKeyword.tap(TapKeyword.groovy:86)
	at com.kms.katalon.core.mobile.keyword.builtin.TapKeyword.execute(TapKeyword.groovy:68)
	at com.kms.katalon.core.keyword.internal.KeywordExecutor.executeKeywordForPlatform(KeywordExecutor.groovy:73)
	at com.kms.katalon.core.mobile.keyword.MobileBuiltInKeywords.tap(MobileBuiltInKeywords.groovy:1340)
	at com.kms.katalon.core.mobile.keyword.MobileBuiltInKeywords$tap$0.call(Unknown Source)
	at Register.run(Register:250)
	at com.kms.katalon.core.main.ScriptEngine.run(ScriptEngine.java:194)
	at com.kms.katalon.core.main.ScriptEngine.runScriptAsRawText(ScriptEngine.java:119)
	at com.kms.katalon.core.main.TestCaseExecutor.runScript(TestCaseExecutor.java:398)
	at com.kms.katalon.core.main.TestCaseExecutor.doExecute(TestCaseExecutor.java:389)
	at com.kms.katalon.core.main.TestCaseExecutor.processExecutionPhase(TestCaseExecutor.java:368)
	at com.kms.katalon.core.main.TestCaseExecutor.accessMainPhase(TestCaseExecutor.java:360)
	at com.kms.katalon.core.main.TestCaseExecutor.execute(TestCaseExecutor.java:255)
	at com.kms.katalon.core.main.TestCaseMain.runTestCase(TestCaseMain.java:114)
	at com.kms.katalon.core.keyword.builtin.CallTestCaseKeyword$_callTestCase_closure1.doCall(CallTestCaseKeyword.groovy:59)
	... 20 more]]></system-err>
   </testsuite>
</testsuites>
