<?xml version="1.0" encoding="UTF-8"?>
<testsuites name="portfolio" time="558.729" tests="8" failures="0" skips="0" errors="0">
   <testsuite name="portfolio" tests="8" failures="0" errors="0" time="558.729" skips="0" timestamp="2021-12-29 10:35:18" hostname="Owner - aldy-tft" id="Test Suites/portfolio">
      <properties>
         <property name="deviceName" value="samsung SM-A205F (Android 11)"/>
         <property name="devicePlatform" value=""/>
         <property name="logFolder" value="C:\\Users\\Owner\\Documents\\kerjaan\\KatalonProject\\qa_katalon_pwm\\qa_katalon_pwm\\Reports\\20211229_100434\\portfolio\\20211229_100451"/>
         <property name="logFiles" value="C:\\Users\\Owner\\Documents\\kerjaan\\KatalonProject\\qa_katalon_pwm\\qa_katalon_pwm\\Reports\\20211229_100434\\portfolio\\20211229_100451\\appium.log, C:\\Users\\Owner\\Documents\\kerjaan\\KatalonProject\\qa_katalon_pwm\\qa_katalon_pwm\\Reports\\20211229_100434\\portfolio\\20211229_100451\\execution0.log"/>
         <property name="attachments" value=""/>
         <property name="hostName" value="Owner - aldy-tft"/>
         <property name="os" value="Windows 10 64bit"/>
         <property name="appiumServerStatus" value="{&quot;value&quot;:{&quot;build&quot;:{&quot;version&quot;:&quot;1.22.0&quot;}},&quot;sessionId&quot;:null,&quot;status&quot;:0}"/>
         <property name="katalonVersion" value="7.9.1.208"/>
         <property name="deviceOS" value="Android"/>
         <property name="appiumVersion" value="1.22.0"/>
         <property name="deviceModel" value="SM-A205F"/>
         <property name="hostAddress" value="192.168.18.37"/>
         <property name="deviceManufacturer" value="samsung"/>
         <property name="deviceId" value="RR8M40C9AXE"/>
         <property name="deviceName" value="samsung SM-A205F (Android 11)"/>
         <property name="deviceOSVersion" value="11"/>
      </properties>
      <testcase name="Test Cases/Mobile/Scenario/Portfolio/001 - Summary" time="70.913" classname="Test Cases/Mobile/Scenario/Portfolio/001 - Summary" status="PASSED">
         <system-out><![CDATA[2021-12-29 10:35:18 - [TEST_CASE][PASSED] - Test Cases/Mobile/Scenario/Portfolio/001 - Summary: Test Cases/Mobile/Scenario/Portfolio/001 - Summary

2021-12-29 10:35:19 - [TEST_STEP][PASSED] - callTestCase(findTestCase("Mobile/Page/Run App/Run App byID"), [:], STOP_ON_FAILURE): Call Test Case 'Test Cases/Mobile/Page/Run App/Run App byID' successfully

2021-12-29 10:35:19 - [TEST_CASE][PASSED] - Test Cases/Mobile/Page/Run App/Run App byID: Test Cases/Mobile/Page/Run App/Run App byID

2021-12-29 10:35:19 - [TEST_STEP][PASSED] - startApp.OpenApp.startApplication("id.co.miraeasset.sageclub"): startApp.OpenApp.startApplication is PASSED

2021-12-29 10:35:21 - [MESSAGE][INFO] - Appium server started on port 60,862

2021-12-29 10:35:37 - [MESSAGE][PASSED] - Starting app with application ID: 'id.co.miraeasset.sageclub'

2021-12-29 10:35:37 - [MESSAGE][PASSED] - startApp.OpenApp.startApplication is PASSED

2021-12-29 10:35:37 - [MESSAGE][PASSED] - Call Test Case 'Test Cases/Mobile/Page/Run App/Run App byID' successfully

2021-12-29 10:35:37 - [TEST_STEP][PASSED] - callTestCase(findTestCase("Mobile/Page/Portfolio/Portfolio"), ["tab":"summary", "action":"summary"], CONTINUE_ON_FAILURE): Call Test Case 'Test Cases/Mobile/Page/Portfolio/Portfolio' successfully

2021-12-29 10:35:37 - [TEST_CASE][PASSED] - Test Cases/Mobile/Page/Portfolio/Portfolio: Test Cases/Mobile/Page/Portfolio/Portfolio

2021-12-29 10:35:37 - [TEST_STEP][PASSED] - callTestCase(findTestCase("Mobile/Page/CheckLogin"), [:], CONTINUE_ON_FAILURE): Call Test Case 'Test Cases/Mobile/Page/CheckLogin' successfully

2021-12-29 10:35:37 - [TEST_CASE][PASSED] - Test Cases/Mobile/Page/CheckLogin: Test Cases/Mobile/Page/CheckLogin

2021-12-29 10:35:38 - [TEST_STEP][PASSED] - loginCheck = verifyElementExist(LOGN_BtnLogin, 5, CONTINUE_ON_FAILURE): Element 'Object Repository/Mobile/Page/Login/Button - Login' is exist

2021-12-29 10:35:51 - [MESSAGE][PASSED] - Element 'Object Repository/Mobile/Page/Login/Button - Login' is exist

2021-12-29 10:35:51 - [TEST_STEP][PASSED] - if (loginCheck): Call Test Case 'Test Cases/Mobile/Page/Login/Login' successfully

2021-12-29 10:35:51 - [TEST_STEP][PASSED] - callTestCase(findTestCase("Mobile/Page/Login/Login"), [:], CONTINUE_ON_FAILURE): Call Test Case 'Test Cases/Mobile/Page/Login/Login' successfully

2021-12-29 10:35:51 - [TEST_CASE][PASSED] - Test Cases/Mobile/Page/Login/Login: Test Cases/Mobile/Page/Login/Login

2021-12-29 10:35:52 - [TEST_STEP][PASSED] - delay(2): Delayed 2 second(s)

2021-12-29 10:35:54 - [MESSAGE][PASSED] - Delayed 2 second(s)

2021-12-29 10:35:54 - [TEST_STEP][PASSED] - tap(LOGN_EdtUserID, 0): Tapped on element 'Object Repository/Mobile/Page/Login/Input - UserID'

2021-12-29 10:35:54 - [MESSAGE][WARNING] - Timeout '0' is invalid. Using default page load timeout: '60'

2021-12-29 10:35:54 - [MESSAGE][PASSED] - Tapped on element 'Object Repository/Mobile/Page/Login/Input - UserID'

2021-12-29 10:35:54 - [TEST_STEP][PASSED] - delay(1): Delayed 1 second(s)

2021-12-29 10:35:55 - [MESSAGE][PASSED] - Delayed 1 second(s)

2021-12-29 10:35:55 - [TEST_STEP][PASSED] - setText(LOGN_EdtRdyUserID, "anggaaditya", 0): Text 'anggaaditya' has been set to element 'Object Repository/Mobile/Page/Login/Input Rdy - UserID'

2021-12-29 10:35:55 - [MESSAGE][WARNING] - Timeout '0' is invalid. Using default page load timeout: '60'

2021-12-29 10:35:56 - [MESSAGE][PASSED] - Text 'anggaaditya' has been set to element 'Object Repository/Mobile/Page/Login/Input Rdy - UserID'

2021-12-29 10:35:56 - [TEST_STEP][PASSED] - delay(1): Delayed 1 second(s)

2021-12-29 10:35:57 - [MESSAGE][PASSED] - Delayed 1 second(s)

2021-12-29 10:35:57 - [TEST_STEP][PASSED] - hideKeyboard(): Keyboard is hidden

2021-12-29 10:36:01 - [MESSAGE][PASSED] - Keyboard is hidden

2021-12-29 10:36:01 - [TEST_STEP][PASSED] - tap(LOGN_EdtPassword, 0): Tapped on element 'Object Repository/Mobile/Page/Login/Input - Password'

2021-12-29 10:36:01 - [MESSAGE][WARNING] - Timeout '0' is invalid. Using default page load timeout: '60'

2021-12-29 10:36:02 - [MESSAGE][PASSED] - Tapped on element 'Object Repository/Mobile/Page/Login/Input - Password'

2021-12-29 10:36:02 - [TEST_STEP][PASSED] - delay(1): Delayed 1 second(s)

2021-12-29 10:36:03 - [MESSAGE][PASSED] - Delayed 1 second(s)

2021-12-29 10:36:03 - [TEST_STEP][PASSED] - setText(LOGN_EdtRdyPassword, "Shalawa18", 0): Text 'Shalawa18' has been set to element 'Object Repository/Mobile/Page/Login/Input Rdy - Password'

2021-12-29 10:36:03 - [MESSAGE][WARNING] - Timeout '0' is invalid. Using default page load timeout: '60'

2021-12-29 10:36:03 - [MESSAGE][PASSED] - Text 'Shalawa18' has been set to element 'Object Repository/Mobile/Page/Login/Input Rdy - Password'

2021-12-29 10:36:03 - [TEST_STEP][PASSED] - delay(1): Delayed 1 second(s)

2021-12-29 10:36:04 - [MESSAGE][PASSED] - Delayed 1 second(s)

2021-12-29 10:36:04 - [TEST_STEP][PASSED] - hideKeyboard(): Keyboard is hidden

2021-12-29 10:36:11 - [MESSAGE][PASSED] - Keyboard is hidden

2021-12-29 10:36:11 - [TEST_STEP][PASSED] - tap(LOGN_BtnLogin, 0): Tapped on element 'Object Repository/Mobile/Page/Login/Button - Login'

2021-12-29 10:36:11 - [MESSAGE][WARNING] - Timeout '0' is invalid. Using default page load timeout: '60'

2021-12-29 10:36:12 - [MESSAGE][PASSED] - Tapped on element 'Object Repository/Mobile/Page/Login/Button - Login'

2021-12-29 10:36:12 - [TEST_STEP][PASSED] - delay(2): Delayed 2 second(s)

2021-12-29 10:36:14 - [MESSAGE][PASSED] - Delayed 2 second(s)

2021-12-29 10:36:14 - [MESSAGE][PASSED] - Call Test Case 'Test Cases/Mobile/Page/Login/Login' successfully

2021-12-29 10:36:14 - [MESSAGE][PASSED] - Call Test Case 'Test Cases/Mobile/Page/CheckLogin' successfully

2021-12-29 10:36:14 - [TEST_STEP][PASSED] - tap(HOME_MenubarPortfolio, 0): Tapped on element 'Object Repository/Mobile/Page/Home/Menubar - Portfolio'

2021-12-29 10:36:14 - [MESSAGE][WARNING] - Timeout '0' is invalid. Using default page load timeout: '60'

2021-12-29 10:36:15 - [MESSAGE][PASSED] - Tapped on element 'Object Repository/Mobile/Page/Home/Menubar - Portfolio'

2021-12-29 10:36:15 - [TEST_STEP][PASSED] - delay(1): Delayed 1 second(s)

2021-12-29 10:36:16 - [MESSAGE][PASSED] - Delayed 1 second(s)

2021-12-29 10:36:16 - [TEST_STEP][PASSED] - for ([i = 0, i < 1, (i++)]): Delayed 3 second(s)

2021-12-29 10:36:16 - [TEST_STEP][PASSED] - if (tab == "summary"): Delayed 3 second(s)

2021-12-29 10:36:16 - [TEST_STEP][PASSED] - idr = PORT_BtnIDR: null

2021-12-29 10:36:16 - [TEST_STEP][PASSED] - persen = PORT_BtnPersen: null

2021-12-29 10:36:16 - [TEST_STEP][PASSED] - if (action == "summary"): Delayed 3 second(s)

2021-12-29 10:36:16 - [TEST_STEP][PASSED] - delay(3): Delayed 3 second(s)

2021-12-29 10:36:19 - [MESSAGE][PASSED] - Delayed 3 second(s)

2021-12-29 10:36:19 - [MESSAGE][PASSED] - Call Test Case 'Test Cases/Mobile/Page/Portfolio/Portfolio' successfully

2021-12-29 10:36:19 - [TEST_STEP][PASSED] - callTestCase(findTestCase("Mobile/Page/Run App/Terminate App"), [:], STOP_ON_FAILURE): Call Test Case 'Test Cases/Mobile/Page/Run App/Terminate App' successfully

2021-12-29 10:36:19 - [TEST_CASE][PASSED] - Test Cases/Mobile/Page/Run App/Terminate App: Test Cases/Mobile/Page/Run App/Terminate App

2021-12-29 10:36:19 - [TEST_STEP][PASSED] - startApp.OpenApp.terminateApplication(): startApp.OpenApp.terminateApplication is PASSED

2021-12-29 10:36:22 - [MESSAGE][PASSED] - Delayed 3 second(s)

2021-12-29 10:36:22 - [MESSAGE][PASSED] - Current device physical width is 720

2021-12-29 10:36:23 - [MESSAGE][PASSED] - Current device physical height is 1423

2021-12-29 10:36:24 - [MESSAGE][PASSED] - Swiped from 360,853 to 360,142

2021-12-29 10:36:25 - [MESSAGE][PASSED] - Delayed 1 second(s)

2021-12-29 10:36:26 - [MESSAGE][PASSED] - Swiped from 360,853 to 360,142

2021-12-29 10:36:29 - [MESSAGE][PASSED] - Delayed 3 second(s)

2021-12-29 10:36:29 - [MESSAGE][PASSED] - startApp.OpenApp.terminateApplication is PASSED

2021-12-29 10:36:29 - [MESSAGE][PASSED] - Call Test Case 'Test Cases/Mobile/Page/Run App/Terminate App' successfully]]></system-out>
         <system-err><![CDATA[]]></system-err>
      </testcase>
      <testcase name="Test Cases/Mobile/Scenario/Portfolio/002 - Portfolio Performance Daily" time="62.941" classname="Test Cases/Mobile/Scenario/Portfolio/002 - Portfolio Performance Daily" status="PASSED">
         <system-out><![CDATA[2021-12-29 10:36:29 - [TEST_CASE][PASSED] - Test Cases/Mobile/Scenario/Portfolio/002 - Portfolio Performance Daily: Test Cases/Mobile/Scenario/Portfolio/002 - Portfolio Performance Daily

2021-12-29 10:36:30 - [TEST_STEP][PASSED] - callTestCase(findTestCase("Mobile/Page/Run App/Run App byID"), [:], STOP_ON_FAILURE): Call Test Case 'Test Cases/Mobile/Page/Run App/Run App byID' successfully

2021-12-29 10:36:30 - [TEST_CASE][PASSED] - Test Cases/Mobile/Page/Run App/Run App byID: Test Cases/Mobile/Page/Run App/Run App byID

2021-12-29 10:36:30 - [TEST_STEP][PASSED] - startApp.OpenApp.startApplication("id.co.miraeasset.sageclub"): startApp.OpenApp.startApplication is PASSED

2021-12-29 10:36:42 - [MESSAGE][PASSED] - Starting app with application ID: 'id.co.miraeasset.sageclub'

2021-12-29 10:36:42 - [MESSAGE][PASSED] - startApp.OpenApp.startApplication is PASSED

2021-12-29 10:36:42 - [MESSAGE][PASSED] - Call Test Case 'Test Cases/Mobile/Page/Run App/Run App byID' successfully

2021-12-29 10:36:42 - [TEST_STEP][PASSED] - callTestCase(findTestCase("Mobile/Page/Portfolio/Portfolio"), ["tab":"summary", "action":"perf_daily"], CONTINUE_ON_FAILURE): Call Test Case 'Test Cases/Mobile/Page/Portfolio/Portfolio' successfully

2021-12-29 10:36:42 - [TEST_CASE][PASSED] - Test Cases/Mobile/Page/Portfolio/Portfolio: Test Cases/Mobile/Page/Portfolio/Portfolio

2021-12-29 10:36:42 - [TEST_STEP][PASSED] - callTestCase(findTestCase("Mobile/Page/CheckLogin"), [:], CONTINUE_ON_FAILURE): Call Test Case 'Test Cases/Mobile/Page/CheckLogin' successfully

2021-12-29 10:36:42 - [TEST_CASE][PASSED] - Test Cases/Mobile/Page/CheckLogin: Test Cases/Mobile/Page/CheckLogin

2021-12-29 10:36:42 - [TEST_STEP][PASSED] - loginCheck = verifyElementExist(LOGN_BtnLogin, 5, CONTINUE_ON_FAILURE): Element 'Object Repository/Mobile/Page/Login/Button - Login' is exist

2021-12-29 10:36:44 - [MESSAGE][PASSED] - Element 'Object Repository/Mobile/Page/Login/Button - Login' is exist

2021-12-29 10:36:44 - [TEST_STEP][PASSED] - if (loginCheck): Call Test Case 'Test Cases/Mobile/Page/Login/Login' successfully

2021-12-29 10:36:44 - [TEST_STEP][PASSED] - callTestCase(findTestCase("Mobile/Page/Login/Login"), [:], CONTINUE_ON_FAILURE): Call Test Case 'Test Cases/Mobile/Page/Login/Login' successfully

2021-12-29 10:36:44 - [TEST_CASE][PASSED] - Test Cases/Mobile/Page/Login/Login: Test Cases/Mobile/Page/Login/Login

2021-12-29 10:36:44 - [TEST_STEP][PASSED] - delay(2): Delayed 2 second(s)

2021-12-29 10:36:46 - [MESSAGE][PASSED] - Delayed 2 second(s)

2021-12-29 10:36:46 - [TEST_STEP][PASSED] - tap(LOGN_EdtUserID, 0): Tapped on element 'Object Repository/Mobile/Page/Login/Input - UserID'

2021-12-29 10:36:46 - [MESSAGE][WARNING] - Timeout '0' is invalid. Using default page load timeout: '60'

2021-12-29 10:36:47 - [MESSAGE][PASSED] - Tapped on element 'Object Repository/Mobile/Page/Login/Input - UserID'

2021-12-29 10:36:47 - [TEST_STEP][PASSED] - delay(1): Delayed 1 second(s)

2021-12-29 10:36:48 - [MESSAGE][PASSED] - Delayed 1 second(s)

2021-12-29 10:36:48 - [TEST_STEP][PASSED] - setText(LOGN_EdtRdyUserID, "anggaaditya", 0): Text 'anggaaditya' has been set to element 'Object Repository/Mobile/Page/Login/Input Rdy - UserID'

2021-12-29 10:36:48 - [MESSAGE][WARNING] - Timeout '0' is invalid. Using default page load timeout: '60'

2021-12-29 10:36:49 - [MESSAGE][PASSED] - Text 'anggaaditya' has been set to element 'Object Repository/Mobile/Page/Login/Input Rdy - UserID'

2021-12-29 10:36:49 - [TEST_STEP][PASSED] - delay(1): Delayed 1 second(s)

2021-12-29 10:36:50 - [MESSAGE][PASSED] - Delayed 1 second(s)

2021-12-29 10:36:50 - [TEST_STEP][PASSED] - hideKeyboard(): Keyboard is hidden

2021-12-29 10:36:53 - [MESSAGE][PASSED] - Keyboard is hidden

2021-12-29 10:36:53 - [TEST_STEP][PASSED] - tap(LOGN_EdtPassword, 0): Tapped on element 'Object Repository/Mobile/Page/Login/Input - Password'

2021-12-29 10:36:53 - [MESSAGE][WARNING] - Timeout '0' is invalid. Using default page load timeout: '60'

2021-12-29 10:36:54 - [MESSAGE][PASSED] - Tapped on element 'Object Repository/Mobile/Page/Login/Input - Password'

2021-12-29 10:36:54 - [TEST_STEP][PASSED] - delay(1): Delayed 1 second(s)

2021-12-29 10:36:55 - [MESSAGE][PASSED] - Delayed 1 second(s)

2021-12-29 10:36:55 - [TEST_STEP][PASSED] - setText(LOGN_EdtRdyPassword, "Shalawa18", 0): Text 'Shalawa18' has been set to element 'Object Repository/Mobile/Page/Login/Input Rdy - Password'

2021-12-29 10:36:55 - [MESSAGE][WARNING] - Timeout '0' is invalid. Using default page load timeout: '60'

2021-12-29 10:36:55 - [MESSAGE][PASSED] - Text 'Shalawa18' has been set to element 'Object Repository/Mobile/Page/Login/Input Rdy - Password'

2021-12-29 10:36:55 - [TEST_STEP][PASSED] - delay(1): Delayed 1 second(s)

2021-12-29 10:36:56 - [MESSAGE][PASSED] - Delayed 1 second(s)

2021-12-29 10:36:56 - [TEST_STEP][PASSED] - hideKeyboard(): Keyboard is hidden

2021-12-29 10:37:03 - [MESSAGE][PASSED] - Keyboard is hidden

2021-12-29 10:37:03 - [TEST_STEP][PASSED] - tap(LOGN_BtnLogin, 0): Tapped on element 'Object Repository/Mobile/Page/Login/Button - Login'

2021-12-29 10:37:03 - [MESSAGE][WARNING] - Timeout '0' is invalid. Using default page load timeout: '60'

2021-12-29 10:37:04 - [MESSAGE][PASSED] - Tapped on element 'Object Repository/Mobile/Page/Login/Button - Login'

2021-12-29 10:37:04 - [TEST_STEP][PASSED] - delay(2): Delayed 2 second(s)

2021-12-29 10:37:06 - [MESSAGE][PASSED] - Delayed 2 second(s)

2021-12-29 10:37:06 - [MESSAGE][PASSED] - Call Test Case 'Test Cases/Mobile/Page/Login/Login' successfully

2021-12-29 10:37:06 - [MESSAGE][PASSED] - Call Test Case 'Test Cases/Mobile/Page/CheckLogin' successfully

2021-12-29 10:37:06 - [TEST_STEP][PASSED] - tap(HOME_MenubarPortfolio, 0): Tapped on element 'Object Repository/Mobile/Page/Home/Menubar - Portfolio'

2021-12-29 10:37:06 - [MESSAGE][WARNING] - Timeout '0' is invalid. Using default page load timeout: '60'

2021-12-29 10:37:06 - [MESSAGE][PASSED] - Tapped on element 'Object Repository/Mobile/Page/Home/Menubar - Portfolio'

2021-12-29 10:37:06 - [TEST_STEP][PASSED] - delay(1): Delayed 1 second(s)

2021-12-29 10:37:07 - [MESSAGE][PASSED] - Delayed 1 second(s)

2021-12-29 10:37:07 - [TEST_STEP][PASSED] - for ([i = 0, i < 1, (i++)]): Delayed 3 second(s)

2021-12-29 10:37:07 - [TEST_STEP][PASSED] - if (tab == "summary"): Delayed 3 second(s)

2021-12-29 10:37:07 - [TEST_STEP][PASSED] - idr = PORT_BtnIDR: null

2021-12-29 10:37:07 - [TEST_STEP][PASSED] - persen = PORT_BtnPersen: null

2021-12-29 10:37:07 - [TEST_STEP][PASSED] - if (action == "summary"): null

2021-12-29 10:37:07 - [TEST_STEP][PASSED] - else if (action == "perf_daily"): Delayed 3 second(s)

2021-12-29 10:37:07 - [TEST_STEP][PASSED] - scroll.scroll.scrollScreenBottomToTop(): scroll.scroll.scrollScreenBottomToTop is PASSED

2021-12-29 10:37:08 - [MESSAGE][PASSED] - Current device physical height is 1423

2021-12-29 10:37:08 - [MESSAGE][PASSED] - Current device physical width is 720

2021-12-29 10:37:09 - [MESSAGE][PASSED] - Swiped from 360,1,138 to 360,284

2021-12-29 10:37:09 - [MESSAGE][PASSED] - scroll.scroll.scrollScreenBottomToTop is PASSED

2021-12-29 10:37:09 - [TEST_STEP][PASSED] - delay(1): Delayed 1 second(s)

2021-12-29 10:37:10 - [MESSAGE][PASSED] - Delayed 1 second(s)

2021-12-29 10:37:10 - [TEST_STEP][PASSED] - scroll.scroll.scrollScreenBottomToTop(): scroll.scroll.scrollScreenBottomToTop is PASSED

2021-12-29 10:37:10 - [MESSAGE][PASSED] - Current device physical height is 1423

2021-12-29 10:37:11 - [MESSAGE][PASSED] - Current device physical width is 720

2021-12-29 10:37:12 - [MESSAGE][PASSED] - Swiped from 360,1,138 to 360,284

2021-12-29 10:37:12 - [MESSAGE][PASSED] - scroll.scroll.scrollScreenBottomToTop is PASSED

2021-12-29 10:37:12 - [TEST_STEP][PASSED] - delay(3): Delayed 3 second(s)

2021-12-29 10:37:15 - [MESSAGE][PASSED] - Delayed 3 second(s)

2021-12-29 10:37:15 - [TEST_STEP][PASSED] - tap(idr, 10): Tapped on element 'Object Repository/Mobile/Page/Portfolio/Button - IDR'

2021-12-29 10:37:15 - [MESSAGE][PASSED] - Tapped on element 'Object Repository/Mobile/Page/Portfolio/Button - IDR'

2021-12-29 10:37:15 - [TEST_STEP][PASSED] - delay(3): Delayed 3 second(s)

2021-12-29 10:37:18 - [MESSAGE][PASSED] - Delayed 3 second(s)

2021-12-29 10:37:18 - [TEST_STEP][PASSED] - tap(persen, 10): Tapped on element 'Object Repository/Mobile/Page/Portfolio/Button - Persen'

2021-12-29 10:37:19 - [MESSAGE][PASSED] - Tapped on element 'Object Repository/Mobile/Page/Portfolio/Button - Persen'

2021-12-29 10:37:19 - [TEST_STEP][PASSED] - delay(3): Delayed 3 second(s)

2021-12-29 10:37:22 - [MESSAGE][PASSED] - Delayed 3 second(s)

2021-12-29 10:37:22 - [MESSAGE][PASSED] - Call Test Case 'Test Cases/Mobile/Page/Portfolio/Portfolio' successfully

2021-12-29 10:37:22 - [TEST_STEP][PASSED] - callTestCase(findTestCase("Mobile/Page/Run App/Terminate App"), [:], STOP_ON_FAILURE): Call Test Case 'Test Cases/Mobile/Page/Run App/Terminate App' successfully

2021-12-29 10:37:22 - [TEST_CASE][PASSED] - Test Cases/Mobile/Page/Run App/Terminate App: Test Cases/Mobile/Page/Run App/Terminate App

2021-12-29 10:37:22 - [TEST_STEP][PASSED] - startApp.OpenApp.terminateApplication(): startApp.OpenApp.terminateApplication is PASSED

2021-12-29 10:37:25 - [MESSAGE][PASSED] - Delayed 3 second(s)

2021-12-29 10:37:25 - [MESSAGE][PASSED] - Current device physical width is 720

2021-12-29 10:37:26 - [MESSAGE][PASSED] - Current device physical height is 1423

2021-12-29 10:37:27 - [MESSAGE][PASSED] - Swiped from 360,853 to 360,142

2021-12-29 10:37:28 - [MESSAGE][PASSED] - Delayed 1 second(s)

2021-12-29 10:37:29 - [MESSAGE][PASSED] - Swiped from 360,853 to 360,142

2021-12-29 10:37:32 - [MESSAGE][PASSED] - Delayed 3 second(s)

2021-12-29 10:37:32 - [MESSAGE][PASSED] - startApp.OpenApp.terminateApplication is PASSED

2021-12-29 10:37:32 - [MESSAGE][PASSED] - Call Test Case 'Test Cases/Mobile/Page/Run App/Terminate App' successfully]]></system-out>
         <system-err><![CDATA[]]></system-err>
      </testcase>
      <testcase name="Test Cases/Mobile/Scenario/Portfolio/003 - Portfolio Performance Month" time="63.856" classname="Test Cases/Mobile/Scenario/Portfolio/003 - Portfolio Performance Month" status="PASSED">
         <system-out><![CDATA[2021-12-29 10:37:32 - [TEST_CASE][PASSED] - Test Cases/Mobile/Scenario/Portfolio/003 - Portfolio Performance Month: Test Cases/Mobile/Scenario/Portfolio/003 - Portfolio Performance Month

2021-12-29 10:37:33 - [TEST_STEP][PASSED] - callTestCase(findTestCase("Mobile/Page/Run App/Run App byID"), [:], STOP_ON_FAILURE): Call Test Case 'Test Cases/Mobile/Page/Run App/Run App byID' successfully

2021-12-29 10:37:33 - [TEST_CASE][PASSED] - Test Cases/Mobile/Page/Run App/Run App byID: Test Cases/Mobile/Page/Run App/Run App byID

2021-12-29 10:37:33 - [TEST_STEP][PASSED] - startApp.OpenApp.startApplication("id.co.miraeasset.sageclub"): startApp.OpenApp.startApplication is PASSED

2021-12-29 10:37:44 - [MESSAGE][PASSED] - Starting app with application ID: 'id.co.miraeasset.sageclub'

2021-12-29 10:37:44 - [MESSAGE][PASSED] - startApp.OpenApp.startApplication is PASSED

2021-12-29 10:37:44 - [MESSAGE][PASSED] - Call Test Case 'Test Cases/Mobile/Page/Run App/Run App byID' successfully

2021-12-29 10:37:44 - [TEST_STEP][PASSED] - callTestCase(findTestCase("Mobile/Page/Portfolio/Portfolio"), ["tab":"summary", "action":"perf_month"], CONTINUE_ON_FAILURE): Call Test Case 'Test Cases/Mobile/Page/Portfolio/Portfolio' successfully

2021-12-29 10:37:45 - [TEST_CASE][PASSED] - Test Cases/Mobile/Page/Portfolio/Portfolio: Test Cases/Mobile/Page/Portfolio/Portfolio

2021-12-29 10:37:45 - [TEST_STEP][PASSED] - callTestCase(findTestCase("Mobile/Page/CheckLogin"), [:], CONTINUE_ON_FAILURE): Call Test Case 'Test Cases/Mobile/Page/CheckLogin' successfully

2021-12-29 10:37:45 - [TEST_CASE][PASSED] - Test Cases/Mobile/Page/CheckLogin: Test Cases/Mobile/Page/CheckLogin

2021-12-29 10:37:45 - [TEST_STEP][PASSED] - loginCheck = verifyElementExist(LOGN_BtnLogin, 5, CONTINUE_ON_FAILURE): Element 'Object Repository/Mobile/Page/Login/Button - Login' is exist

2021-12-29 10:37:47 - [MESSAGE][PASSED] - Element 'Object Repository/Mobile/Page/Login/Button - Login' is exist

2021-12-29 10:37:47 - [TEST_STEP][PASSED] - if (loginCheck): Call Test Case 'Test Cases/Mobile/Page/Login/Login' successfully

2021-12-29 10:37:47 - [TEST_STEP][PASSED] - callTestCase(findTestCase("Mobile/Page/Login/Login"), [:], CONTINUE_ON_FAILURE): Call Test Case 'Test Cases/Mobile/Page/Login/Login' successfully

2021-12-29 10:37:47 - [TEST_CASE][PASSED] - Test Cases/Mobile/Page/Login/Login: Test Cases/Mobile/Page/Login/Login

2021-12-29 10:37:47 - [TEST_STEP][PASSED] - delay(2): Delayed 2 second(s)

2021-12-29 10:37:49 - [MESSAGE][PASSED] - Delayed 2 second(s)

2021-12-29 10:37:49 - [TEST_STEP][PASSED] - tap(LOGN_EdtUserID, 0): Tapped on element 'Object Repository/Mobile/Page/Login/Input - UserID'

2021-12-29 10:37:49 - [MESSAGE][WARNING] - Timeout '0' is invalid. Using default page load timeout: '60'

2021-12-29 10:37:49 - [MESSAGE][PASSED] - Tapped on element 'Object Repository/Mobile/Page/Login/Input - UserID'

2021-12-29 10:37:49 - [TEST_STEP][PASSED] - delay(1): Delayed 1 second(s)

2021-12-29 10:37:50 - [MESSAGE][PASSED] - Delayed 1 second(s)

2021-12-29 10:37:50 - [TEST_STEP][PASSED] - setText(LOGN_EdtRdyUserID, "anggaaditya", 0): Text 'anggaaditya' has been set to element 'Object Repository/Mobile/Page/Login/Input Rdy - UserID'

2021-12-29 10:37:50 - [MESSAGE][WARNING] - Timeout '0' is invalid. Using default page load timeout: '60'

2021-12-29 10:37:51 - [MESSAGE][PASSED] - Text 'anggaaditya' has been set to element 'Object Repository/Mobile/Page/Login/Input Rdy - UserID'

2021-12-29 10:37:51 - [TEST_STEP][PASSED] - delay(1): Delayed 1 second(s)

2021-12-29 10:37:52 - [MESSAGE][PASSED] - Delayed 1 second(s)

2021-12-29 10:37:52 - [TEST_STEP][PASSED] - hideKeyboard(): Keyboard is hidden

2021-12-29 10:37:56 - [MESSAGE][PASSED] - Keyboard is hidden

2021-12-29 10:37:56 - [TEST_STEP][PASSED] - tap(LOGN_EdtPassword, 0): Tapped on element 'Object Repository/Mobile/Page/Login/Input - Password'

2021-12-29 10:37:56 - [MESSAGE][WARNING] - Timeout '0' is invalid. Using default page load timeout: '60'

2021-12-29 10:37:56 - [MESSAGE][PASSED] - Tapped on element 'Object Repository/Mobile/Page/Login/Input - Password'

2021-12-29 10:37:56 - [TEST_STEP][PASSED] - delay(1): Delayed 1 second(s)

2021-12-29 10:37:57 - [MESSAGE][PASSED] - Delayed 1 second(s)

2021-12-29 10:37:57 - [TEST_STEP][PASSED] - setText(LOGN_EdtRdyPassword, "Shalawa18", 0): Text 'Shalawa18' has been set to element 'Object Repository/Mobile/Page/Login/Input Rdy - Password'

2021-12-29 10:37:57 - [MESSAGE][WARNING] - Timeout '0' is invalid. Using default page load timeout: '60'

2021-12-29 10:37:58 - [MESSAGE][PASSED] - Text 'Shalawa18' has been set to element 'Object Repository/Mobile/Page/Login/Input Rdy - Password'

2021-12-29 10:37:58 - [TEST_STEP][PASSED] - delay(1): Delayed 1 second(s)

2021-12-29 10:37:59 - [MESSAGE][PASSED] - Delayed 1 second(s)

2021-12-29 10:37:59 - [TEST_STEP][PASSED] - hideKeyboard(): Keyboard is hidden

2021-12-29 10:38:05 - [MESSAGE][PASSED] - Keyboard is hidden

2021-12-29 10:38:05 - [TEST_STEP][PASSED] - tap(LOGN_BtnLogin, 0): Tapped on element 'Object Repository/Mobile/Page/Login/Button - Login'

2021-12-29 10:38:05 - [MESSAGE][WARNING] - Timeout '0' is invalid. Using default page load timeout: '60'

2021-12-29 10:38:06 - [MESSAGE][PASSED] - Tapped on element 'Object Repository/Mobile/Page/Login/Button - Login'

2021-12-29 10:38:06 - [TEST_STEP][PASSED] - delay(2): Delayed 2 second(s)

2021-12-29 10:38:08 - [MESSAGE][PASSED] - Delayed 2 second(s)

2021-12-29 10:38:08 - [MESSAGE][PASSED] - Call Test Case 'Test Cases/Mobile/Page/Login/Login' successfully

2021-12-29 10:38:08 - [MESSAGE][PASSED] - Call Test Case 'Test Cases/Mobile/Page/CheckLogin' successfully

2021-12-29 10:38:08 - [TEST_STEP][PASSED] - tap(HOME_MenubarPortfolio, 0): Tapped on element 'Object Repository/Mobile/Page/Home/Menubar - Portfolio'

2021-12-29 10:38:08 - [MESSAGE][WARNING] - Timeout '0' is invalid. Using default page load timeout: '60'

2021-12-29 10:38:09 - [MESSAGE][PASSED] - Tapped on element 'Object Repository/Mobile/Page/Home/Menubar - Portfolio'

2021-12-29 10:38:09 - [TEST_STEP][PASSED] - delay(1): Delayed 1 second(s)

2021-12-29 10:38:10 - [MESSAGE][PASSED] - Delayed 1 second(s)

2021-12-29 10:38:10 - [TEST_STEP][PASSED] - for ([i = 0, i < 1, (i++)]): Delayed 3 second(s)

2021-12-29 10:38:10 - [TEST_STEP][PASSED] - if (tab == "summary"): Delayed 3 second(s)

2021-12-29 10:38:10 - [TEST_STEP][PASSED] - idr = PORT_BtnIDR: null

2021-12-29 10:38:10 - [TEST_STEP][PASSED] - persen = PORT_BtnPersen: null

2021-12-29 10:38:10 - [TEST_STEP][PASSED] - if (action == "summary"): null

2021-12-29 10:38:10 - [TEST_STEP][PASSED] - else if (action == "perf_daily"): null

2021-12-29 10:38:10 - [TEST_STEP][PASSED] - else if (action == "perf_month"): Delayed 3 second(s)

2021-12-29 10:38:10 - [TEST_STEP][PASSED] - scroll.scroll.scrollScreenBottomToTop(): scroll.scroll.scrollScreenBottomToTop is PASSED

2021-12-29 10:38:10 - [MESSAGE][PASSED] - Current device physical height is 1423

2021-12-29 10:38:10 - [MESSAGE][PASSED] - Current device physical width is 720

2021-12-29 10:38:12 - [MESSAGE][PASSED] - Swiped from 360,1,138 to 360,284

2021-12-29 10:38:12 - [MESSAGE][PASSED] - scroll.scroll.scrollScreenBottomToTop is PASSED

2021-12-29 10:38:12 - [TEST_STEP][PASSED] - delay(1): Delayed 1 second(s)

2021-12-29 10:38:13 - [MESSAGE][PASSED] - Delayed 1 second(s)

2021-12-29 10:38:13 - [TEST_STEP][PASSED] - tap(PORT_TabSummaryMonth, 0): Tapped on element 'Object Repository/Mobile/Page/Portfolio/Tab - Summary Month to Date'

2021-12-29 10:38:13 - [MESSAGE][WARNING] - Timeout '0' is invalid. Using default page load timeout: '60'

2021-12-29 10:38:13 - [MESSAGE][PASSED] - Tapped on element 'Object Repository/Mobile/Page/Portfolio/Tab - Summary Month to Date'

2021-12-29 10:38:13 - [TEST_STEP][PASSED] - delay(1): Delayed 1 second(s)

2021-12-29 10:38:14 - [MESSAGE][PASSED] - Delayed 1 second(s)

2021-12-29 10:38:14 - [TEST_STEP][PASSED] - scroll.scroll.scrollScreenBottomToTop(): scroll.scroll.scrollScreenBottomToTop is PASSED

2021-12-29 10:38:14 - [MESSAGE][PASSED] - Current device physical height is 1423

2021-12-29 10:38:15 - [MESSAGE][PASSED] - Current device physical width is 720

2021-12-29 10:38:16 - [MESSAGE][PASSED] - Swiped from 360,1,138 to 360,284

2021-12-29 10:38:16 - [MESSAGE][PASSED] - scroll.scroll.scrollScreenBottomToTop is PASSED

2021-12-29 10:38:16 - [TEST_STEP][PASSED] - delay(3): Delayed 3 second(s)

2021-12-29 10:38:19 - [MESSAGE][PASSED] - Delayed 3 second(s)

2021-12-29 10:38:19 - [TEST_STEP][PASSED] - tap(idr, 0): Tapped on element 'Object Repository/Mobile/Page/Portfolio/Button - IDR'

2021-12-29 10:38:19 - [MESSAGE][WARNING] - Timeout '0' is invalid. Using default page load timeout: '60'

2021-12-29 10:38:19 - [MESSAGE][PASSED] - Tapped on element 'Object Repository/Mobile/Page/Portfolio/Button - IDR'

2021-12-29 10:38:19 - [TEST_STEP][PASSED] - delay(3): Delayed 3 second(s)

2021-12-29 10:38:22 - [MESSAGE][PASSED] - Delayed 3 second(s)

2021-12-29 10:38:22 - [TEST_STEP][PASSED] - tap(persen, 0): Tapped on element 'Object Repository/Mobile/Page/Portfolio/Button - Persen'

2021-12-29 10:38:22 - [MESSAGE][WARNING] - Timeout '0' is invalid. Using default page load timeout: '60'

2021-12-29 10:38:23 - [MESSAGE][PASSED] - Tapped on element 'Object Repository/Mobile/Page/Portfolio/Button - Persen'

2021-12-29 10:38:23 - [TEST_STEP][PASSED] - delay(3): Delayed 3 second(s)

2021-12-29 10:38:26 - [MESSAGE][PASSED] - Delayed 3 second(s)

2021-12-29 10:38:26 - [MESSAGE][PASSED] - Call Test Case 'Test Cases/Mobile/Page/Portfolio/Portfolio' successfully

2021-12-29 10:38:26 - [TEST_STEP][PASSED] - callTestCase(findTestCase("Mobile/Page/Run App/Terminate App"), [:], STOP_ON_FAILURE): Call Test Case 'Test Cases/Mobile/Page/Run App/Terminate App' successfully

2021-12-29 10:38:26 - [TEST_CASE][PASSED] - Test Cases/Mobile/Page/Run App/Terminate App: Test Cases/Mobile/Page/Run App/Terminate App

2021-12-29 10:38:26 - [TEST_STEP][PASSED] - startApp.OpenApp.terminateApplication(): startApp.OpenApp.terminateApplication is PASSED

2021-12-29 10:38:29 - [MESSAGE][PASSED] - Delayed 3 second(s)

2021-12-29 10:38:29 - [MESSAGE][PASSED] - Current device physical width is 720

2021-12-29 10:38:30 - [MESSAGE][PASSED] - Current device physical height is 1423

2021-12-29 10:38:31 - [MESSAGE][PASSED] - Swiped from 360,853 to 360,142

2021-12-29 10:38:32 - [MESSAGE][PASSED] - Delayed 1 second(s)

2021-12-29 10:38:33 - [MESSAGE][PASSED] - Swiped from 360,853 to 360,142

2021-12-29 10:38:36 - [MESSAGE][PASSED] - Delayed 3 second(s)

2021-12-29 10:38:36 - [MESSAGE][PASSED] - startApp.OpenApp.terminateApplication is PASSED

2021-12-29 10:38:36 - [MESSAGE][PASSED] - Call Test Case 'Test Cases/Mobile/Page/Run App/Terminate App' successfully]]></system-out>
         <system-err><![CDATA[]]></system-err>
      </testcase>
      <testcase name="Test Cases/Mobile/Scenario/Portfolio/004 - Portfolio Performance Quarter" time="66.165" classname="Test Cases/Mobile/Scenario/Portfolio/004 - Portfolio Performance Quarter" status="PASSED">
         <system-out><![CDATA[2021-12-29 10:38:36 - [TEST_CASE][PASSED] - Test Cases/Mobile/Scenario/Portfolio/004 - Portfolio Performance Quarter: Test Cases/Mobile/Scenario/Portfolio/004 - Portfolio Performance Quarter

2021-12-29 10:38:36 - [TEST_STEP][PASSED] - callTestCase(findTestCase("Mobile/Page/Run App/Run App byID"), [:], STOP_ON_FAILURE): Call Test Case 'Test Cases/Mobile/Page/Run App/Run App byID' successfully

2021-12-29 10:38:36 - [TEST_CASE][PASSED] - Test Cases/Mobile/Page/Run App/Run App byID: Test Cases/Mobile/Page/Run App/Run App byID

2021-12-29 10:38:36 - [TEST_STEP][PASSED] - startApp.OpenApp.startApplication("id.co.miraeasset.sageclub"): startApp.OpenApp.startApplication is PASSED

2021-12-29 10:38:48 - [MESSAGE][PASSED] - Starting app with application ID: 'id.co.miraeasset.sageclub'

2021-12-29 10:38:48 - [MESSAGE][PASSED] - startApp.OpenApp.startApplication is PASSED

2021-12-29 10:38:48 - [MESSAGE][PASSED] - Call Test Case 'Test Cases/Mobile/Page/Run App/Run App byID' successfully

2021-12-29 10:38:48 - [TEST_STEP][PASSED] - callTestCase(findTestCase("Mobile/Page/Portfolio/Portfolio"), ["tab":"summary", "action":"perf_quarter"], CONTINUE_ON_FAILURE): Call Test Case 'Test Cases/Mobile/Page/Portfolio/Portfolio' successfully

2021-12-29 10:38:49 - [TEST_CASE][PASSED] - Test Cases/Mobile/Page/Portfolio/Portfolio: Test Cases/Mobile/Page/Portfolio/Portfolio

2021-12-29 10:38:49 - [TEST_STEP][PASSED] - callTestCase(findTestCase("Mobile/Page/CheckLogin"), [:], CONTINUE_ON_FAILURE): Call Test Case 'Test Cases/Mobile/Page/CheckLogin' successfully

2021-12-29 10:38:49 - [TEST_CASE][PASSED] - Test Cases/Mobile/Page/CheckLogin: Test Cases/Mobile/Page/CheckLogin

2021-12-29 10:38:49 - [TEST_STEP][PASSED] - loginCheck = verifyElementExist(LOGN_BtnLogin, 5, CONTINUE_ON_FAILURE): Element 'Object Repository/Mobile/Page/Login/Button - Login' is exist

2021-12-29 10:38:50 - [MESSAGE][PASSED] - Element 'Object Repository/Mobile/Page/Login/Button - Login' is exist

2021-12-29 10:38:50 - [TEST_STEP][PASSED] - if (loginCheck): Call Test Case 'Test Cases/Mobile/Page/Login/Login' successfully

2021-12-29 10:38:50 - [TEST_STEP][PASSED] - callTestCase(findTestCase("Mobile/Page/Login/Login"), [:], CONTINUE_ON_FAILURE): Call Test Case 'Test Cases/Mobile/Page/Login/Login' successfully

2021-12-29 10:38:51 - [TEST_CASE][PASSED] - Test Cases/Mobile/Page/Login/Login: Test Cases/Mobile/Page/Login/Login

2021-12-29 10:38:51 - [TEST_STEP][PASSED] - delay(2): Delayed 2 second(s)

2021-12-29 10:38:53 - [MESSAGE][PASSED] - Delayed 2 second(s)

2021-12-29 10:38:53 - [TEST_STEP][PASSED] - tap(LOGN_EdtUserID, 0): Tapped on element 'Object Repository/Mobile/Page/Login/Input - UserID'

2021-12-29 10:38:53 - [MESSAGE][WARNING] - Timeout '0' is invalid. Using default page load timeout: '60'

2021-12-29 10:38:53 - [MESSAGE][PASSED] - Tapped on element 'Object Repository/Mobile/Page/Login/Input - UserID'

2021-12-29 10:38:53 - [TEST_STEP][PASSED] - delay(1): Delayed 1 second(s)

2021-12-29 10:38:54 - [MESSAGE][PASSED] - Delayed 1 second(s)

2021-12-29 10:38:54 - [TEST_STEP][PASSED] - setText(LOGN_EdtRdyUserID, "anggaaditya", 0): Text 'anggaaditya' has been set to element 'Object Repository/Mobile/Page/Login/Input Rdy - UserID'

2021-12-29 10:38:54 - [MESSAGE][WARNING] - Timeout '0' is invalid. Using default page load timeout: '60'

2021-12-29 10:38:55 - [MESSAGE][PASSED] - Text 'anggaaditya' has been set to element 'Object Repository/Mobile/Page/Login/Input Rdy - UserID'

2021-12-29 10:38:55 - [TEST_STEP][PASSED] - delay(1): Delayed 1 second(s)

2021-12-29 10:38:56 - [MESSAGE][PASSED] - Delayed 1 second(s)

2021-12-29 10:38:56 - [TEST_STEP][PASSED] - hideKeyboard(): Keyboard is hidden

2021-12-29 10:39:00 - [MESSAGE][PASSED] - Keyboard is hidden

2021-12-29 10:39:00 - [TEST_STEP][PASSED] - tap(LOGN_EdtPassword, 0): Tapped on element 'Object Repository/Mobile/Page/Login/Input - Password'

2021-12-29 10:39:00 - [MESSAGE][WARNING] - Timeout '0' is invalid. Using default page load timeout: '60'

2021-12-29 10:39:01 - [MESSAGE][PASSED] - Tapped on element 'Object Repository/Mobile/Page/Login/Input - Password'

2021-12-29 10:39:01 - [TEST_STEP][PASSED] - delay(1): Delayed 1 second(s)

2021-12-29 10:39:02 - [MESSAGE][PASSED] - Delayed 1 second(s)

2021-12-29 10:39:02 - [TEST_STEP][PASSED] - setText(LOGN_EdtRdyPassword, "Shalawa18", 0): Text 'Shalawa18' has been set to element 'Object Repository/Mobile/Page/Login/Input Rdy - Password'

2021-12-29 10:39:02 - [MESSAGE][WARNING] - Timeout '0' is invalid. Using default page load timeout: '60'

2021-12-29 10:39:03 - [MESSAGE][PASSED] - Text 'Shalawa18' has been set to element 'Object Repository/Mobile/Page/Login/Input Rdy - Password'

2021-12-29 10:39:03 - [TEST_STEP][PASSED] - delay(1): Delayed 1 second(s)

2021-12-29 10:39:04 - [MESSAGE][PASSED] - Delayed 1 second(s)

2021-12-29 10:39:04 - [TEST_STEP][PASSED] - hideKeyboard(): Keyboard is hidden

2021-12-29 10:39:10 - [MESSAGE][PASSED] - Keyboard is hidden

2021-12-29 10:39:11 - [TEST_STEP][PASSED] - tap(LOGN_BtnLogin, 0): Tapped on element 'Object Repository/Mobile/Page/Login/Button - Login'

2021-12-29 10:39:11 - [MESSAGE][WARNING] - Timeout '0' is invalid. Using default page load timeout: '60'

2021-12-29 10:39:12 - [MESSAGE][PASSED] - Tapped on element 'Object Repository/Mobile/Page/Login/Button - Login'

2021-12-29 10:39:12 - [TEST_STEP][PASSED] - delay(2): Delayed 2 second(s)

2021-12-29 10:39:14 - [MESSAGE][PASSED] - Delayed 2 second(s)

2021-12-29 10:39:14 - [MESSAGE][PASSED] - Call Test Case 'Test Cases/Mobile/Page/Login/Login' successfully

2021-12-29 10:39:14 - [MESSAGE][PASSED] - Call Test Case 'Test Cases/Mobile/Page/CheckLogin' successfully

2021-12-29 10:39:14 - [TEST_STEP][PASSED] - tap(HOME_MenubarPortfolio, 0): Tapped on element 'Object Repository/Mobile/Page/Home/Menubar - Portfolio'

2021-12-29 10:39:14 - [MESSAGE][WARNING] - Timeout '0' is invalid. Using default page load timeout: '60'

2021-12-29 10:39:15 - [MESSAGE][PASSED] - Tapped on element 'Object Repository/Mobile/Page/Home/Menubar - Portfolio'

2021-12-29 10:39:15 - [TEST_STEP][PASSED] - delay(1): Delayed 1 second(s)

2021-12-29 10:39:16 - [MESSAGE][PASSED] - Delayed 1 second(s)

2021-12-29 10:39:16 - [TEST_STEP][PASSED] - for ([i = 0, i < 1, (i++)]): Delayed 3 second(s)

2021-12-29 10:39:16 - [TEST_STEP][PASSED] - if (tab == "summary"): Delayed 3 second(s)

2021-12-29 10:39:16 - [TEST_STEP][PASSED] - idr = PORT_BtnIDR: null

2021-12-29 10:39:16 - [TEST_STEP][PASSED] - persen = PORT_BtnPersen: null

2021-12-29 10:39:16 - [TEST_STEP][PASSED] - if (action == "summary"): null

2021-12-29 10:39:16 - [TEST_STEP][PASSED] - else if (action == "perf_daily"): null

2021-12-29 10:39:16 - [TEST_STEP][PASSED] - else if (action == "perf_month"): null

2021-12-29 10:39:16 - [TEST_STEP][PASSED] - else if (action == "perf_quarter"): Delayed 3 second(s)

2021-12-29 10:39:16 - [TEST_STEP][PASSED] - scroll.scroll.scrollScreenBottomToTop(): scroll.scroll.scrollScreenBottomToTop is PASSED

2021-12-29 10:39:16 - [MESSAGE][PASSED] - Current device physical height is 1423

2021-12-29 10:39:16 - [MESSAGE][PASSED] - Current device physical width is 720

2021-12-29 10:39:17 - [MESSAGE][PASSED] - Swiped from 360,1,138 to 360,284

2021-12-29 10:39:17 - [MESSAGE][PASSED] - scroll.scroll.scrollScreenBottomToTop is PASSED

2021-12-29 10:39:17 - [TEST_STEP][PASSED] - delay(1): Delayed 1 second(s)

2021-12-29 10:39:18 - [MESSAGE][PASSED] - Delayed 1 second(s)

2021-12-29 10:39:18 - [TEST_STEP][PASSED] - tap(PORT_TabSummaryQuarter, 0): Tapped on element 'Object Repository/Mobile/Page/Portfolio/Tab - Summary Quarter to Date'

2021-12-29 10:39:18 - [MESSAGE][WARNING] - Timeout '0' is invalid. Using default page load timeout: '60'

2021-12-29 10:39:19 - [MESSAGE][PASSED] - Tapped on element 'Object Repository/Mobile/Page/Portfolio/Tab - Summary Quarter to Date'

2021-12-29 10:39:19 - [TEST_STEP][PASSED] - delay(1): Delayed 1 second(s)

2021-12-29 10:39:20 - [MESSAGE][PASSED] - Delayed 1 second(s)

2021-12-29 10:39:20 - [TEST_STEP][PASSED] - scroll.scroll.scrollScreenBottomToTop(): scroll.scroll.scrollScreenBottomToTop is PASSED

2021-12-29 10:39:20 - [MESSAGE][PASSED] - Current device physical height is 1423

2021-12-29 10:39:20 - [MESSAGE][PASSED] - Current device physical width is 720

2021-12-29 10:39:22 - [MESSAGE][PASSED] - Swiped from 360,1,138 to 360,284

2021-12-29 10:39:22 - [MESSAGE][PASSED] - scroll.scroll.scrollScreenBottomToTop is PASSED

2021-12-29 10:39:22 - [TEST_STEP][PASSED] - delay(3): Delayed 3 second(s)

2021-12-29 10:39:25 - [MESSAGE][PASSED] - Delayed 3 second(s)

2021-12-29 10:39:25 - [TEST_STEP][PASSED] - tap(idr, 0): Tapped on element 'Object Repository/Mobile/Page/Portfolio/Button - IDR'

2021-12-29 10:39:25 - [MESSAGE][WARNING] - Timeout '0' is invalid. Using default page load timeout: '60'

2021-12-29 10:39:25 - [MESSAGE][PASSED] - Tapped on element 'Object Repository/Mobile/Page/Portfolio/Button - IDR'

2021-12-29 10:39:25 - [TEST_STEP][PASSED] - delay(3): Delayed 3 second(s)

2021-12-29 10:39:28 - [MESSAGE][PASSED] - Delayed 3 second(s)

2021-12-29 10:39:28 - [TEST_STEP][PASSED] - tap(persen, 0): Tapped on element 'Object Repository/Mobile/Page/Portfolio/Button - Persen'

2021-12-29 10:39:28 - [MESSAGE][WARNING] - Timeout '0' is invalid. Using default page load timeout: '60'

2021-12-29 10:39:29 - [MESSAGE][PASSED] - Tapped on element 'Object Repository/Mobile/Page/Portfolio/Button - Persen'

2021-12-29 10:39:29 - [TEST_STEP][PASSED] - delay(3): Delayed 3 second(s)

2021-12-29 10:39:32 - [MESSAGE][PASSED] - Delayed 3 second(s)

2021-12-29 10:39:32 - [MESSAGE][PASSED] - Call Test Case 'Test Cases/Mobile/Page/Portfolio/Portfolio' successfully

2021-12-29 10:39:32 - [TEST_STEP][PASSED] - callTestCase(findTestCase("Mobile/Page/Run App/Terminate App"), [:], STOP_ON_FAILURE): Call Test Case 'Test Cases/Mobile/Page/Run App/Terminate App' successfully

2021-12-29 10:39:32 - [TEST_CASE][PASSED] - Test Cases/Mobile/Page/Run App/Terminate App: Test Cases/Mobile/Page/Run App/Terminate App

2021-12-29 10:39:32 - [TEST_STEP][PASSED] - startApp.OpenApp.terminateApplication(): startApp.OpenApp.terminateApplication is PASSED

2021-12-29 10:39:35 - [MESSAGE][PASSED] - Delayed 3 second(s)

2021-12-29 10:39:35 - [MESSAGE][PASSED] - Current device physical width is 720

2021-12-29 10:39:36 - [MESSAGE][PASSED] - Current device physical height is 1423

2021-12-29 10:39:37 - [MESSAGE][PASSED] - Swiped from 360,853 to 360,142

2021-12-29 10:39:38 - [MESSAGE][PASSED] - Delayed 1 second(s)

2021-12-29 10:39:39 - [MESSAGE][PASSED] - Swiped from 360,853 to 360,142

2021-12-29 10:39:42 - [MESSAGE][PASSED] - Delayed 3 second(s)

2021-12-29 10:39:42 - [MESSAGE][PASSED] - startApp.OpenApp.terminateApplication is PASSED

2021-12-29 10:39:42 - [MESSAGE][PASSED] - Call Test Case 'Test Cases/Mobile/Page/Run App/Terminate App' successfully]]></system-out>
         <system-err><![CDATA[]]></system-err>
      </testcase>
      <testcase name="Test Cases/Mobile/Scenario/Portfolio/005 - Portfolio Performance Year" time="67.3" classname="Test Cases/Mobile/Scenario/Portfolio/005 - Portfolio Performance Year" status="PASSED">
         <system-out><![CDATA[2021-12-29 10:39:42 - [TEST_CASE][PASSED] - Test Cases/Mobile/Scenario/Portfolio/005 - Portfolio Performance Year: Test Cases/Mobile/Scenario/Portfolio/005 - Portfolio Performance Year

2021-12-29 10:39:43 - [TEST_STEP][PASSED] - callTestCase(findTestCase("Mobile/Page/Run App/Run App byID"), [:], STOP_ON_FAILURE): Call Test Case 'Test Cases/Mobile/Page/Run App/Run App byID' successfully

2021-12-29 10:39:43 - [TEST_CASE][PASSED] - Test Cases/Mobile/Page/Run App/Run App byID: Test Cases/Mobile/Page/Run App/Run App byID

2021-12-29 10:39:43 - [TEST_STEP][PASSED] - startApp.OpenApp.startApplication("id.co.miraeasset.sageclub"): startApp.OpenApp.startApplication is PASSED

2021-12-29 10:39:56 - [MESSAGE][PASSED] - Starting app with application ID: 'id.co.miraeasset.sageclub'

2021-12-29 10:39:56 - [MESSAGE][PASSED] - startApp.OpenApp.startApplication is PASSED

2021-12-29 10:39:56 - [MESSAGE][PASSED] - Call Test Case 'Test Cases/Mobile/Page/Run App/Run App byID' successfully

2021-12-29 10:39:56 - [TEST_STEP][PASSED] - callTestCase(findTestCase("Mobile/Page/Portfolio/Portfolio"), ["tab":"summary", "action":"perf_year"], CONTINUE_ON_FAILURE): Call Test Case 'Test Cases/Mobile/Page/Portfolio/Portfolio' successfully

2021-12-29 10:39:56 - [TEST_CASE][PASSED] - Test Cases/Mobile/Page/Portfolio/Portfolio: Test Cases/Mobile/Page/Portfolio/Portfolio

2021-12-29 10:39:56 - [TEST_STEP][PASSED] - callTestCase(findTestCase("Mobile/Page/CheckLogin"), [:], CONTINUE_ON_FAILURE): Call Test Case 'Test Cases/Mobile/Page/CheckLogin' successfully

2021-12-29 10:39:56 - [TEST_CASE][PASSED] - Test Cases/Mobile/Page/CheckLogin: Test Cases/Mobile/Page/CheckLogin

2021-12-29 10:39:56 - [TEST_STEP][PASSED] - loginCheck = verifyElementExist(LOGN_BtnLogin, 5, CONTINUE_ON_FAILURE): Element 'Object Repository/Mobile/Page/Login/Button - Login' is exist

2021-12-29 10:39:59 - [MESSAGE][PASSED] - Element 'Object Repository/Mobile/Page/Login/Button - Login' is exist

2021-12-29 10:39:59 - [TEST_STEP][PASSED] - if (loginCheck): Call Test Case 'Test Cases/Mobile/Page/Login/Login' successfully

2021-12-29 10:39:59 - [TEST_STEP][PASSED] - callTestCase(findTestCase("Mobile/Page/Login/Login"), [:], CONTINUE_ON_FAILURE): Call Test Case 'Test Cases/Mobile/Page/Login/Login' successfully

2021-12-29 10:39:59 - [TEST_CASE][PASSED] - Test Cases/Mobile/Page/Login/Login: Test Cases/Mobile/Page/Login/Login

2021-12-29 10:39:59 - [TEST_STEP][PASSED] - delay(2): Delayed 2 second(s)

2021-12-29 10:40:01 - [MESSAGE][PASSED] - Delayed 2 second(s)

2021-12-29 10:40:01 - [TEST_STEP][PASSED] - tap(LOGN_EdtUserID, 0): Tapped on element 'Object Repository/Mobile/Page/Login/Input - UserID'

2021-12-29 10:40:01 - [MESSAGE][WARNING] - Timeout '0' is invalid. Using default page load timeout: '60'

2021-12-29 10:40:02 - [MESSAGE][PASSED] - Tapped on element 'Object Repository/Mobile/Page/Login/Input - UserID'

2021-12-29 10:40:02 - [TEST_STEP][PASSED] - delay(1): Delayed 1 second(s)

2021-12-29 10:40:03 - [MESSAGE][PASSED] - Delayed 1 second(s)

2021-12-29 10:40:03 - [TEST_STEP][PASSED] - setText(LOGN_EdtRdyUserID, "anggaaditya", 0): Text 'anggaaditya' has been set to element 'Object Repository/Mobile/Page/Login/Input Rdy - UserID'

2021-12-29 10:40:03 - [MESSAGE][WARNING] - Timeout '0' is invalid. Using default page load timeout: '60'

2021-12-29 10:40:03 - [MESSAGE][PASSED] - Text 'anggaaditya' has been set to element 'Object Repository/Mobile/Page/Login/Input Rdy - UserID'

2021-12-29 10:40:03 - [TEST_STEP][PASSED] - delay(1): Delayed 1 second(s)

2021-12-29 10:40:04 - [MESSAGE][PASSED] - Delayed 1 second(s)

2021-12-29 10:40:04 - [TEST_STEP][PASSED] - hideKeyboard(): Keyboard is hidden

2021-12-29 10:40:08 - [MESSAGE][PASSED] - Keyboard is hidden

2021-12-29 10:40:08 - [TEST_STEP][PASSED] - tap(LOGN_EdtPassword, 0): Tapped on element 'Object Repository/Mobile/Page/Login/Input - Password'

2021-12-29 10:40:08 - [MESSAGE][WARNING] - Timeout '0' is invalid. Using default page load timeout: '60'

2021-12-29 10:40:09 - [MESSAGE][PASSED] - Tapped on element 'Object Repository/Mobile/Page/Login/Input - Password'

2021-12-29 10:40:09 - [TEST_STEP][PASSED] - delay(1): Delayed 1 second(s)

2021-12-29 10:40:10 - [MESSAGE][PASSED] - Delayed 1 second(s)

2021-12-29 10:40:10 - [TEST_STEP][PASSED] - setText(LOGN_EdtRdyPassword, "Shalawa18", 0): Text 'Shalawa18' has been set to element 'Object Repository/Mobile/Page/Login/Input Rdy - Password'

2021-12-29 10:40:10 - [MESSAGE][WARNING] - Timeout '0' is invalid. Using default page load timeout: '60'

2021-12-29 10:40:10 - [MESSAGE][PASSED] - Text 'Shalawa18' has been set to element 'Object Repository/Mobile/Page/Login/Input Rdy - Password'

2021-12-29 10:40:10 - [TEST_STEP][PASSED] - delay(1): Delayed 1 second(s)

2021-12-29 10:40:11 - [MESSAGE][PASSED] - Delayed 1 second(s)

2021-12-29 10:40:11 - [TEST_STEP][PASSED] - hideKeyboard(): Keyboard is hidden

2021-12-29 10:40:18 - [MESSAGE][PASSED] - Keyboard is hidden

2021-12-29 10:40:18 - [TEST_STEP][PASSED] - tap(LOGN_BtnLogin, 0): Tapped on element 'Object Repository/Mobile/Page/Login/Button - Login'

2021-12-29 10:40:18 - [MESSAGE][WARNING] - Timeout '0' is invalid. Using default page load timeout: '60'

2021-12-29 10:40:19 - [MESSAGE][PASSED] - Tapped on element 'Object Repository/Mobile/Page/Login/Button - Login'

2021-12-29 10:40:19 - [TEST_STEP][PASSED] - delay(2): Delayed 2 second(s)

2021-12-29 10:40:21 - [MESSAGE][PASSED] - Delayed 2 second(s)

2021-12-29 10:40:21 - [MESSAGE][PASSED] - Call Test Case 'Test Cases/Mobile/Page/Login/Login' successfully

2021-12-29 10:40:21 - [MESSAGE][PASSED] - Call Test Case 'Test Cases/Mobile/Page/CheckLogin' successfully

2021-12-29 10:40:21 - [TEST_STEP][PASSED] - tap(HOME_MenubarPortfolio, 0): Tapped on element 'Object Repository/Mobile/Page/Home/Menubar - Portfolio'

2021-12-29 10:40:21 - [MESSAGE][WARNING] - Timeout '0' is invalid. Using default page load timeout: '60'

2021-12-29 10:40:22 - [MESSAGE][PASSED] - Tapped on element 'Object Repository/Mobile/Page/Home/Menubar - Portfolio'

2021-12-29 10:40:22 - [TEST_STEP][PASSED] - delay(1): Delayed 1 second(s)

2021-12-29 10:40:23 - [MESSAGE][PASSED] - Delayed 1 second(s)

2021-12-29 10:40:23 - [TEST_STEP][PASSED] - for ([i = 0, i < 1, (i++)]): Delayed 3 second(s)

2021-12-29 10:40:23 - [TEST_STEP][PASSED] - if (tab == "summary"): Delayed 3 second(s)

2021-12-29 10:40:23 - [TEST_STEP][PASSED] - idr = PORT_BtnIDR: null

2021-12-29 10:40:23 - [TEST_STEP][PASSED] - persen = PORT_BtnPersen: null

2021-12-29 10:40:23 - [TEST_STEP][PASSED] - if (action == "summary"): null

2021-12-29 10:40:23 - [TEST_STEP][PASSED] - else if (action == "perf_daily"): null

2021-12-29 10:40:23 - [TEST_STEP][PASSED] - else if (action == "perf_month"): null

2021-12-29 10:40:23 - [TEST_STEP][PASSED] - else if (action == "perf_quarter"): null

2021-12-29 10:40:23 - [TEST_STEP][PASSED] - else if (action == "perf_year"): Delayed 3 second(s)

2021-12-29 10:40:23 - [TEST_STEP][PASSED] - scroll.scroll.scrollScreenBottomToTop(): scroll.scroll.scrollScreenBottomToTop is PASSED

2021-12-29 10:40:23 - [MESSAGE][PASSED] - Current device physical height is 1423

2021-12-29 10:40:24 - [MESSAGE][PASSED] - Current device physical width is 720

2021-12-29 10:40:25 - [MESSAGE][PASSED] - Swiped from 360,1,138 to 360,284

2021-12-29 10:40:25 - [MESSAGE][PASSED] - scroll.scroll.scrollScreenBottomToTop is PASSED

2021-12-29 10:40:25 - [TEST_STEP][PASSED] - delay(1): Delayed 1 second(s)

2021-12-29 10:40:26 - [MESSAGE][PASSED] - Delayed 1 second(s)

2021-12-29 10:40:26 - [TEST_STEP][PASSED] - tap(PORT_TabSummaryYear, 0): Tapped on element 'Object Repository/Mobile/Page/Portfolio/Tab - Summary Year to Date'

2021-12-29 10:40:26 - [MESSAGE][WARNING] - Timeout '0' is invalid. Using default page load timeout: '60'

2021-12-29 10:40:27 - [MESSAGE][PASSED] - Tapped on element 'Object Repository/Mobile/Page/Portfolio/Tab - Summary Year to Date'

2021-12-29 10:40:27 - [TEST_STEP][PASSED] - delay(1): Delayed 1 second(s)

2021-12-29 10:40:28 - [MESSAGE][PASSED] - Delayed 1 second(s)

2021-12-29 10:40:28 - [TEST_STEP][PASSED] - scroll.scroll.scrollScreenBottomToTop(): scroll.scroll.scrollScreenBottomToTop is PASSED

2021-12-29 10:40:28 - [MESSAGE][PASSED] - Current device physical height is 1423

2021-12-29 10:40:28 - [MESSAGE][PASSED] - Current device physical width is 720

2021-12-29 10:40:29 - [MESSAGE][PASSED] - Swiped from 360,1,138 to 360,284

2021-12-29 10:40:29 - [MESSAGE][PASSED] - scroll.scroll.scrollScreenBottomToTop is PASSED

2021-12-29 10:40:29 - [TEST_STEP][PASSED] - delay(3): Delayed 3 second(s)

2021-12-29 10:40:32 - [MESSAGE][PASSED] - Delayed 3 second(s)

2021-12-29 10:40:32 - [TEST_STEP][PASSED] - tap(idr, 0): Tapped on element 'Object Repository/Mobile/Page/Portfolio/Button - IDR'

2021-12-29 10:40:32 - [MESSAGE][WARNING] - Timeout '0' is invalid. Using default page load timeout: '60'

2021-12-29 10:40:33 - [MESSAGE][PASSED] - Tapped on element 'Object Repository/Mobile/Page/Portfolio/Button - IDR'

2021-12-29 10:40:33 - [TEST_STEP][PASSED] - delay(3): Delayed 3 second(s)

2021-12-29 10:40:36 - [MESSAGE][PASSED] - Delayed 3 second(s)

2021-12-29 10:40:36 - [TEST_STEP][PASSED] - tap(persen, 0): Tapped on element 'Object Repository/Mobile/Page/Portfolio/Button - Persen'

2021-12-29 10:40:36 - [MESSAGE][WARNING] - Timeout '0' is invalid. Using default page load timeout: '60'

2021-12-29 10:40:36 - [MESSAGE][PASSED] - Tapped on element 'Object Repository/Mobile/Page/Portfolio/Button - Persen'

2021-12-29 10:40:36 - [TEST_STEP][PASSED] - delay(3): Delayed 3 second(s)

2021-12-29 10:40:39 - [MESSAGE][PASSED] - Delayed 3 second(s)

2021-12-29 10:40:39 - [MESSAGE][PASSED] - Call Test Case 'Test Cases/Mobile/Page/Portfolio/Portfolio' successfully

2021-12-29 10:40:39 - [TEST_STEP][PASSED] - callTestCase(findTestCase("Mobile/Page/Run App/Terminate App"), [:], STOP_ON_FAILURE): Call Test Case 'Test Cases/Mobile/Page/Run App/Terminate App' successfully

2021-12-29 10:40:39 - [TEST_CASE][PASSED] - Test Cases/Mobile/Page/Run App/Terminate App: Test Cases/Mobile/Page/Run App/Terminate App

2021-12-29 10:40:39 - [TEST_STEP][PASSED] - startApp.OpenApp.terminateApplication(): startApp.OpenApp.terminateApplication is PASSED

2021-12-29 10:40:43 - [MESSAGE][PASSED] - Delayed 3 second(s)

2021-12-29 10:40:43 - [MESSAGE][PASSED] - Current device physical width is 720

2021-12-29 10:40:43 - [MESSAGE][PASSED] - Current device physical height is 1423

2021-12-29 10:40:44 - [MESSAGE][PASSED] - Swiped from 360,853 to 360,142

2021-12-29 10:40:45 - [MESSAGE][PASSED] - Delayed 1 second(s)

2021-12-29 10:40:47 - [MESSAGE][PASSED] - Swiped from 360,853 to 360,142

2021-12-29 10:40:50 - [MESSAGE][PASSED] - Delayed 3 second(s)

2021-12-29 10:40:50 - [MESSAGE][PASSED] - startApp.OpenApp.terminateApplication is PASSED

2021-12-29 10:40:50 - [MESSAGE][PASSED] - Call Test Case 'Test Cases/Mobile/Page/Run App/Terminate App' successfully]]></system-out>
         <system-err><![CDATA[]]></system-err>
      </testcase>
      <testcase name="Test Cases/Mobile/Scenario/Portfolio/006 - Portfolio Stock" time="55.998" classname="Test Cases/Mobile/Scenario/Portfolio/006 - Portfolio Stock" status="PASSED">
         <system-out><![CDATA[2021-12-29 10:40:50 - [TEST_CASE][PASSED] - Test Cases/Mobile/Scenario/Portfolio/006 - Portfolio Stock: Test Cases/Mobile/Scenario/Portfolio/006 - Portfolio Stock

2021-12-29 10:40:50 - [TEST_STEP][PASSED] - callTestCase(findTestCase("Mobile/Page/Run App/Run App byID"), [:], STOP_ON_FAILURE): Call Test Case 'Test Cases/Mobile/Page/Run App/Run App byID' successfully

2021-12-29 10:40:50 - [TEST_CASE][PASSED] - Test Cases/Mobile/Page/Run App/Run App byID: Test Cases/Mobile/Page/Run App/Run App byID

2021-12-29 10:40:50 - [TEST_STEP][PASSED] - startApp.OpenApp.startApplication("id.co.miraeasset.sageclub"): startApp.OpenApp.startApplication is PASSED

2021-12-29 10:41:03 - [MESSAGE][PASSED] - Starting app with application ID: 'id.co.miraeasset.sageclub'

2021-12-29 10:41:03 - [MESSAGE][PASSED] - startApp.OpenApp.startApplication is PASSED

2021-12-29 10:41:03 - [MESSAGE][PASSED] - Call Test Case 'Test Cases/Mobile/Page/Run App/Run App byID' successfully

2021-12-29 10:41:03 - [TEST_STEP][PASSED] - callTestCase(findTestCase("Mobile/Page/Portfolio/Portfolio"), ["tab":"stock", "action":"none"], CONTINUE_ON_FAILURE): Call Test Case 'Test Cases/Mobile/Page/Portfolio/Portfolio' successfully

2021-12-29 10:41:03 - [TEST_CASE][PASSED] - Test Cases/Mobile/Page/Portfolio/Portfolio: Test Cases/Mobile/Page/Portfolio/Portfolio

2021-12-29 10:41:03 - [TEST_STEP][PASSED] - callTestCase(findTestCase("Mobile/Page/CheckLogin"), [:], CONTINUE_ON_FAILURE): Call Test Case 'Test Cases/Mobile/Page/CheckLogin' successfully

2021-12-29 10:41:03 - [TEST_CASE][PASSED] - Test Cases/Mobile/Page/CheckLogin: Test Cases/Mobile/Page/CheckLogin

2021-12-29 10:41:03 - [TEST_STEP][PASSED] - loginCheck = verifyElementExist(LOGN_BtnLogin, 5, CONTINUE_ON_FAILURE): Element 'Object Repository/Mobile/Page/Login/Button - Login' is exist

2021-12-29 10:41:05 - [MESSAGE][PASSED] - Element 'Object Repository/Mobile/Page/Login/Button - Login' is exist

2021-12-29 10:41:05 - [TEST_STEP][PASSED] - if (loginCheck): Call Test Case 'Test Cases/Mobile/Page/Login/Login' successfully

2021-12-29 10:41:05 - [TEST_STEP][PASSED] - callTestCase(findTestCase("Mobile/Page/Login/Login"), [:], CONTINUE_ON_FAILURE): Call Test Case 'Test Cases/Mobile/Page/Login/Login' successfully

2021-12-29 10:41:05 - [TEST_CASE][PASSED] - Test Cases/Mobile/Page/Login/Login: Test Cases/Mobile/Page/Login/Login

2021-12-29 10:41:05 - [TEST_STEP][PASSED] - delay(2): Delayed 2 second(s)

2021-12-29 10:41:07 - [MESSAGE][PASSED] - Delayed 2 second(s)

2021-12-29 10:41:07 - [TEST_STEP][PASSED] - tap(LOGN_EdtUserID, 0): Tapped on element 'Object Repository/Mobile/Page/Login/Input - UserID'

2021-12-29 10:41:07 - [MESSAGE][WARNING] - Timeout '0' is invalid. Using default page load timeout: '60'

2021-12-29 10:41:08 - [MESSAGE][PASSED] - Tapped on element 'Object Repository/Mobile/Page/Login/Input - UserID'

2021-12-29 10:41:08 - [TEST_STEP][PASSED] - delay(1): Delayed 1 second(s)

2021-12-29 10:41:09 - [MESSAGE][PASSED] - Delayed 1 second(s)

2021-12-29 10:41:09 - [TEST_STEP][PASSED] - setText(LOGN_EdtRdyUserID, "anggaaditya", 0): Text 'anggaaditya' has been set to element 'Object Repository/Mobile/Page/Login/Input Rdy - UserID'

2021-12-29 10:41:09 - [MESSAGE][WARNING] - Timeout '0' is invalid. Using default page load timeout: '60'

2021-12-29 10:41:09 - [MESSAGE][PASSED] - Text 'anggaaditya' has been set to element 'Object Repository/Mobile/Page/Login/Input Rdy - UserID'

2021-12-29 10:41:09 - [TEST_STEP][PASSED] - delay(1): Delayed 1 second(s)

2021-12-29 10:41:10 - [MESSAGE][PASSED] - Delayed 1 second(s)

2021-12-29 10:41:10 - [TEST_STEP][PASSED] - hideKeyboard(): Keyboard is hidden

2021-12-29 10:41:15 - [MESSAGE][PASSED] - Keyboard is hidden

2021-12-29 10:41:15 - [TEST_STEP][PASSED] - tap(LOGN_EdtPassword, 0): Tapped on element 'Object Repository/Mobile/Page/Login/Input - Password'

2021-12-29 10:41:15 - [MESSAGE][WARNING] - Timeout '0' is invalid. Using default page load timeout: '60'

2021-12-29 10:41:15 - [MESSAGE][PASSED] - Tapped on element 'Object Repository/Mobile/Page/Login/Input - Password'

2021-12-29 10:41:15 - [TEST_STEP][PASSED] - delay(1): Delayed 1 second(s)

2021-12-29 10:41:16 - [MESSAGE][PASSED] - Delayed 1 second(s)

2021-12-29 10:41:16 - [TEST_STEP][PASSED] - setText(LOGN_EdtRdyPassword, "Shalawa18", 0): Text 'Shalawa18' has been set to element 'Object Repository/Mobile/Page/Login/Input Rdy - Password'

2021-12-29 10:41:16 - [MESSAGE][WARNING] - Timeout '0' is invalid. Using default page load timeout: '60'

2021-12-29 10:41:17 - [MESSAGE][PASSED] - Text 'Shalawa18' has been set to element 'Object Repository/Mobile/Page/Login/Input Rdy - Password'

2021-12-29 10:41:17 - [TEST_STEP][PASSED] - delay(1): Delayed 1 second(s)

2021-12-29 10:41:18 - [MESSAGE][PASSED] - Delayed 1 second(s)

2021-12-29 10:41:18 - [TEST_STEP][PASSED] - hideKeyboard(): Keyboard is hidden

2021-12-29 10:41:24 - [MESSAGE][PASSED] - Keyboard is hidden

2021-12-29 10:41:24 - [TEST_STEP][PASSED] - tap(LOGN_BtnLogin, 0): Tapped on element 'Object Repository/Mobile/Page/Login/Button - Login'

2021-12-29 10:41:24 - [MESSAGE][WARNING] - Timeout '0' is invalid. Using default page load timeout: '60'

2021-12-29 10:41:25 - [MESSAGE][PASSED] - Tapped on element 'Object Repository/Mobile/Page/Login/Button - Login'

2021-12-29 10:41:25 - [TEST_STEP][PASSED] - delay(2): Delayed 2 second(s)

2021-12-29 10:41:27 - [MESSAGE][PASSED] - Delayed 2 second(s)

2021-12-29 10:41:27 - [MESSAGE][PASSED] - Call Test Case 'Test Cases/Mobile/Page/Login/Login' successfully

2021-12-29 10:41:27 - [MESSAGE][PASSED] - Call Test Case 'Test Cases/Mobile/Page/CheckLogin' successfully

2021-12-29 10:41:27 - [TEST_STEP][PASSED] - tap(HOME_MenubarPortfolio, 0): Tapped on element 'Object Repository/Mobile/Page/Home/Menubar - Portfolio'

2021-12-29 10:41:27 - [MESSAGE][WARNING] - Timeout '0' is invalid. Using default page load timeout: '60'

2021-12-29 10:41:28 - [MESSAGE][PASSED] - Tapped on element 'Object Repository/Mobile/Page/Home/Menubar - Portfolio'

2021-12-29 10:41:28 - [TEST_STEP][PASSED] - delay(1): Delayed 1 second(s)

2021-12-29 10:41:29 - [MESSAGE][PASSED] - Delayed 1 second(s)

2021-12-29 10:41:29 - [TEST_STEP][PASSED] - for ([i = 0, i < 1, (i++)]): Delayed 3 second(s)

2021-12-29 10:41:29 - [TEST_STEP][PASSED] - if (tab == "summary"): null

2021-12-29 10:41:29 - [TEST_STEP][PASSED] - else if (tab == "stock"): Delayed 3 second(s)

2021-12-29 10:41:29 - [TEST_STEP][PASSED] - tap(PORT_TabStock, 0): Tapped on element 'Object Repository/Mobile/Page/Portfolio/Tab - Stock'

2021-12-29 10:41:29 - [MESSAGE][WARNING] - Timeout '0' is invalid. Using default page load timeout: '60'

2021-12-29 10:41:31 - [MESSAGE][PASSED] - Tapped on element 'Object Repository/Mobile/Page/Portfolio/Tab - Stock'

2021-12-29 10:41:31 - [TEST_STEP][PASSED] - scroll.scroll.scrollScreenBottomToTop(): scroll.scroll.scrollScreenBottomToTop is PASSED

2021-12-29 10:41:31 - [MESSAGE][PASSED] - Current device physical height is 1423

2021-12-29 10:41:31 - [MESSAGE][PASSED] - Current device physical width is 720

2021-12-29 10:41:32 - [MESSAGE][PASSED] - Swiped from 360,1,138 to 360,284

2021-12-29 10:41:32 - [MESSAGE][PASSED] - scroll.scroll.scrollScreenBottomToTop is PASSED

2021-12-29 10:41:32 - [TEST_STEP][PASSED] - delay(3): Delayed 3 second(s)

2021-12-29 10:41:35 - [MESSAGE][PASSED] - Delayed 3 second(s)

2021-12-29 10:41:35 - [MESSAGE][PASSED] - Call Test Case 'Test Cases/Mobile/Page/Portfolio/Portfolio' successfully

2021-12-29 10:41:35 - [TEST_STEP][PASSED] - callTestCase(findTestCase("Mobile/Page/Run App/Terminate App"), [:], STOP_ON_FAILURE): Call Test Case 'Test Cases/Mobile/Page/Run App/Terminate App' successfully

2021-12-29 10:41:35 - [TEST_CASE][PASSED] - Test Cases/Mobile/Page/Run App/Terminate App: Test Cases/Mobile/Page/Run App/Terminate App

2021-12-29 10:41:35 - [TEST_STEP][PASSED] - startApp.OpenApp.terminateApplication(): startApp.OpenApp.terminateApplication is PASSED

2021-12-29 10:41:38 - [MESSAGE][PASSED] - Delayed 3 second(s)

2021-12-29 10:41:39 - [MESSAGE][PASSED] - Current device physical width is 720

2021-12-29 10:41:39 - [MESSAGE][PASSED] - Current device physical height is 1423

2021-12-29 10:41:40 - [MESSAGE][PASSED] - Swiped from 360,853 to 360,142

2021-12-29 10:41:41 - [MESSAGE][PASSED] - Delayed 1 second(s)

2021-12-29 10:41:43 - [MESSAGE][PASSED] - Swiped from 360,853 to 360,142

2021-12-29 10:41:46 - [MESSAGE][PASSED] - Delayed 3 second(s)

2021-12-29 10:41:46 - [MESSAGE][PASSED] - startApp.OpenApp.terminateApplication is PASSED

2021-12-29 10:41:46 - [MESSAGE][PASSED] - Call Test Case 'Test Cases/Mobile/Page/Run App/Terminate App' successfully]]></system-out>
         <system-err><![CDATA[]]></system-err>
      </testcase>
      <testcase name="Test Cases/Mobile/Scenario/Portfolio/007 - Portfolio Mutual Fund" time="108.4" classname="Test Cases/Mobile/Scenario/Portfolio/007 - Portfolio Mutual Fund" status="PASSED">
         <system-out><![CDATA[2021-12-29 10:41:46 - [TEST_CASE][PASSED] - Test Cases/Mobile/Scenario/Portfolio/007 - Portfolio Mutual Fund: Test Cases/Mobile/Scenario/Portfolio/007 - Portfolio Mutual Fund

2021-12-29 10:41:46 - [TEST_STEP][PASSED] - callTestCase(findTestCase("Mobile/Page/Run App/Run App byID"), [:], STOP_ON_FAILURE): Call Test Case 'Test Cases/Mobile/Page/Run App/Run App byID' successfully

2021-12-29 10:41:46 - [TEST_CASE][PASSED] - Test Cases/Mobile/Page/Run App/Run App byID: Test Cases/Mobile/Page/Run App/Run App byID

2021-12-29 10:41:46 - [TEST_STEP][PASSED] - startApp.OpenApp.startApplication("id.co.miraeasset.sageclub"): startApp.OpenApp.startApplication is PASSED

2021-12-29 10:41:58 - [MESSAGE][PASSED] - Starting app with application ID: 'id.co.miraeasset.sageclub'

2021-12-29 10:41:58 - [MESSAGE][PASSED] - startApp.OpenApp.startApplication is PASSED

2021-12-29 10:41:58 - [MESSAGE][PASSED] - Call Test Case 'Test Cases/Mobile/Page/Run App/Run App byID' successfully

2021-12-29 10:41:58 - [TEST_STEP][PASSED] - callTestCase(findTestCase("Mobile/Page/Portfolio/Portfolio"), ["tab":"mutualfund", "action":"none"], CONTINUE_ON_FAILURE): Call Test Case 'Test Cases/Mobile/Page/Portfolio/Portfolio' successfully

2021-12-29 10:41:58 - [TEST_CASE][PASSED] - Test Cases/Mobile/Page/Portfolio/Portfolio: Test Cases/Mobile/Page/Portfolio/Portfolio

2021-12-29 10:41:58 - [TEST_STEP][PASSED] - callTestCase(findTestCase("Mobile/Page/CheckLogin"), [:], CONTINUE_ON_FAILURE): Call Test Case 'Test Cases/Mobile/Page/CheckLogin' successfully

2021-12-29 10:41:58 - [TEST_CASE][PASSED] - Test Cases/Mobile/Page/CheckLogin: Test Cases/Mobile/Page/CheckLogin

2021-12-29 10:41:58 - [TEST_STEP][PASSED] - loginCheck = verifyElementExist(LOGN_BtnLogin, 5, CONTINUE_ON_FAILURE): Element 'Object Repository/Mobile/Page/Login/Button - Login' is exist

2021-12-29 10:42:00 - [MESSAGE][PASSED] - Element 'Object Repository/Mobile/Page/Login/Button - Login' is exist

2021-12-29 10:42:00 - [TEST_STEP][PASSED] - if (loginCheck): Call Test Case 'Test Cases/Mobile/Page/Login/Login' successfully

2021-12-29 10:42:00 - [TEST_STEP][PASSED] - callTestCase(findTestCase("Mobile/Page/Login/Login"), [:], CONTINUE_ON_FAILURE): Call Test Case 'Test Cases/Mobile/Page/Login/Login' successfully

2021-12-29 10:42:00 - [TEST_CASE][PASSED] - Test Cases/Mobile/Page/Login/Login: Test Cases/Mobile/Page/Login/Login

2021-12-29 10:42:00 - [TEST_STEP][PASSED] - delay(2): Delayed 2 second(s)

2021-12-29 10:42:02 - [MESSAGE][PASSED] - Delayed 2 second(s)

2021-12-29 10:42:02 - [TEST_STEP][PASSED] - tap(LOGN_EdtUserID, 0): Tapped on element 'Object Repository/Mobile/Page/Login/Input - UserID'

2021-12-29 10:42:02 - [MESSAGE][WARNING] - Timeout '0' is invalid. Using default page load timeout: '60'

2021-12-29 10:42:02 - [MESSAGE][PASSED] - Tapped on element 'Object Repository/Mobile/Page/Login/Input - UserID'

2021-12-29 10:42:02 - [TEST_STEP][PASSED] - delay(1): Delayed 1 second(s)

2021-12-29 10:42:03 - [MESSAGE][PASSED] - Delayed 1 second(s)

2021-12-29 10:42:03 - [TEST_STEP][PASSED] - setText(LOGN_EdtRdyUserID, "anggaaditya", 0): Text 'anggaaditya' has been set to element 'Object Repository/Mobile/Page/Login/Input Rdy - UserID'

2021-12-29 10:42:03 - [MESSAGE][WARNING] - Timeout '0' is invalid. Using default page load timeout: '60'

2021-12-29 10:42:04 - [MESSAGE][PASSED] - Text 'anggaaditya' has been set to element 'Object Repository/Mobile/Page/Login/Input Rdy - UserID'

2021-12-29 10:42:04 - [TEST_STEP][PASSED] - delay(1): Delayed 1 second(s)

2021-12-29 10:42:05 - [MESSAGE][PASSED] - Delayed 1 second(s)

2021-12-29 10:42:05 - [TEST_STEP][PASSED] - hideKeyboard(): Keyboard is hidden

2021-12-29 10:42:09 - [MESSAGE][PASSED] - Keyboard is hidden

2021-12-29 10:42:09 - [TEST_STEP][PASSED] - tap(LOGN_EdtPassword, 0): Tapped on element 'Object Repository/Mobile/Page/Login/Input - Password'

2021-12-29 10:42:09 - [MESSAGE][WARNING] - Timeout '0' is invalid. Using default page load timeout: '60'

2021-12-29 10:42:09 - [MESSAGE][PASSED] - Tapped on element 'Object Repository/Mobile/Page/Login/Input - Password'

2021-12-29 10:42:09 - [TEST_STEP][PASSED] - delay(1): Delayed 1 second(s)

2021-12-29 10:42:10 - [MESSAGE][PASSED] - Delayed 1 second(s)

2021-12-29 10:42:10 - [TEST_STEP][PASSED] - setText(LOGN_EdtRdyPassword, "Shalawa18", 0): Text 'Shalawa18' has been set to element 'Object Repository/Mobile/Page/Login/Input Rdy - Password'

2021-12-29 10:42:11 - [MESSAGE][WARNING] - Timeout '0' is invalid. Using default page load timeout: '60'

2021-12-29 10:42:11 - [MESSAGE][PASSED] - Text 'Shalawa18' has been set to element 'Object Repository/Mobile/Page/Login/Input Rdy - Password'

2021-12-29 10:42:11 - [TEST_STEP][PASSED] - delay(1): Delayed 1 second(s)

2021-12-29 10:42:12 - [MESSAGE][PASSED] - Delayed 1 second(s)

2021-12-29 10:42:12 - [TEST_STEP][PASSED] - hideKeyboard(): Keyboard is hidden

2021-12-29 10:42:18 - [MESSAGE][PASSED] - Keyboard is hidden

2021-12-29 10:42:18 - [TEST_STEP][PASSED] - tap(LOGN_BtnLogin, 0): Tapped on element 'Object Repository/Mobile/Page/Login/Button - Login'

2021-12-29 10:42:19 - [MESSAGE][WARNING] - Timeout '0' is invalid. Using default page load timeout: '60'

2021-12-29 10:42:19 - [MESSAGE][PASSED] - Tapped on element 'Object Repository/Mobile/Page/Login/Button - Login'

2021-12-29 10:42:19 - [TEST_STEP][PASSED] - delay(2): Delayed 2 second(s)

2021-12-29 10:42:21 - [MESSAGE][PASSED] - Delayed 2 second(s)

2021-12-29 10:42:21 - [MESSAGE][PASSED] - Call Test Case 'Test Cases/Mobile/Page/Login/Login' successfully

2021-12-29 10:42:21 - [MESSAGE][PASSED] - Call Test Case 'Test Cases/Mobile/Page/CheckLogin' successfully

2021-12-29 10:42:21 - [TEST_STEP][PASSED] - tap(HOME_MenubarPortfolio, 0): Tapped on element 'Object Repository/Mobile/Page/Home/Menubar - Portfolio'

2021-12-29 10:42:21 - [MESSAGE][WARNING] - Timeout '0' is invalid. Using default page load timeout: '60'

2021-12-29 10:42:22 - [MESSAGE][PASSED] - Tapped on element 'Object Repository/Mobile/Page/Home/Menubar - Portfolio'

2021-12-29 10:42:22 - [TEST_STEP][PASSED] - delay(1): Delayed 1 second(s)

2021-12-29 10:42:23 - [MESSAGE][PASSED] - Delayed 1 second(s)

2021-12-29 10:42:23 - [TEST_STEP][PASSED] - for ([i = 0, i < 1, (i++)]): scroll.scroll.scrollScreenBottomToTop is PASSED

2021-12-29 10:42:23 - [TEST_STEP][PASSED] - if (tab == "summary"): null

2021-12-29 10:42:23 - [TEST_STEP][PASSED] - else if (tab == "stock"): null

2021-12-29 10:42:23 - [TEST_STEP][PASSED] - else if (tab == "mutualfund"): scroll.scroll.scrollScreenBottomToTop is PASSED

2021-12-29 10:42:23 - [TEST_STEP][PASSED] - tap(PORT_TabMutualFund, 0): Tapped on element 'Object Repository/Mobile/Page/Portfolio/Tab - Mutual Fund'

2021-12-29 10:42:23 - [MESSAGE][WARNING] - Timeout '0' is invalid. Using default page load timeout: '60'

2021-12-29 10:42:25 - [MESSAGE][PASSED] - Tapped on element 'Object Repository/Mobile/Page/Portfolio/Tab - Mutual Fund'

2021-12-29 10:42:25 - [TEST_STEP][PASSED] - delay(1): Delayed 1 second(s)

2021-12-29 10:42:26 - [MESSAGE][PASSED] - Delayed 1 second(s)

2021-12-29 10:42:26 - [TEST_STEP][PASSED] - try: scroll.scroll.scrollScreenBottomToTop is PASSED

2021-12-29 10:42:26 - [TEST_STEP][PASSED] - tapAndHold(PORT_ItemTopMutualFund, 1, 10): Tapped and held on element 'Object Repository/Mobile/Page/Portfolio/Item - Top Mutual Fund' with duration 1

2021-12-29 10:42:29 - [MESSAGE][PASSED] - Tapped and held on element 'Object Repository/Mobile/Page/Portfolio/Item - Top Mutual Fund' with duration 1

2021-12-29 10:42:29 - [TEST_STEP][PASSED] - delay(2): Delayed 2 second(s)

2021-12-29 10:42:31 - [MESSAGE][PASSED] - Delayed 2 second(s)

2021-12-29 10:42:31 - [TEST_STEP][PASSED] - tapAndHold(PORT_DETL_Btn1Month, 1, 0): Tapped and held on element 'Object Repository/Mobile/Page/Portfolio/Detail Mutual Funds/Button - 1 Month' with duration 1

2021-12-29 10:42:31 - [MESSAGE][WARNING] - Timeout '0' is invalid. Using default page load timeout: '60'

2021-12-29 10:42:34 - [MESSAGE][PASSED] - Tapped and held on element 'Object Repository/Mobile/Page/Portfolio/Detail Mutual Funds/Button - 1 Month' with duration 1

2021-12-29 10:42:34 - [TEST_STEP][PASSED] - delay(3): Delayed 3 second(s)

2021-12-29 10:42:37 - [MESSAGE][PASSED] - Delayed 3 second(s)

2021-12-29 10:42:37 - [TEST_STEP][PASSED] - scroll.scroll.scrollScreenBottomToTop(): scroll.scroll.scrollScreenBottomToTop is PASSED

2021-12-29 10:42:37 - [MESSAGE][PASSED] - Current device physical height is 1423

2021-12-29 10:42:38 - [MESSAGE][PASSED] - Current device physical width is 720

2021-12-29 10:42:39 - [MESSAGE][PASSED] - Swiped from 360,1,138 to 360,284

2021-12-29 10:42:39 - [MESSAGE][PASSED] - scroll.scroll.scrollScreenBottomToTop is PASSED

2021-12-29 10:42:39 - [TEST_STEP][PASSED] - tapAndHold(PORT_DETL_Btn3Month, 1, 0): Tapped and held on element 'Object Repository/Mobile/Page/Portfolio/Detail Mutual Funds/Button - 3 Month' with duration 1

2021-12-29 10:42:39 - [MESSAGE][WARNING] - Timeout '0' is invalid. Using default page load timeout: '60'

2021-12-29 10:42:42 - [MESSAGE][PASSED] - Tapped and held on element 'Object Repository/Mobile/Page/Portfolio/Detail Mutual Funds/Button - 3 Month' with duration 1

2021-12-29 10:42:42 - [TEST_STEP][PASSED] - delay(3): Delayed 3 second(s)

2021-12-29 10:42:45 - [MESSAGE][PASSED] - Delayed 3 second(s)

2021-12-29 10:42:45 - [TEST_STEP][PASSED] - scroll.scroll.scrollScreenBottomToTop(): scroll.scroll.scrollScreenBottomToTop is PASSED

2021-12-29 10:42:45 - [MESSAGE][PASSED] - Current device physical height is 1423

2021-12-29 10:42:45 - [MESSAGE][PASSED] - Current device physical width is 720

2021-12-29 10:42:46 - [MESSAGE][PASSED] - Swiped from 360,1,138 to 360,284

2021-12-29 10:42:46 - [MESSAGE][PASSED] - scroll.scroll.scrollScreenBottomToTop is PASSED

2021-12-29 10:42:46 - [TEST_STEP][PASSED] - tapAndHold(PORT_DETL_Btn6Month, 1, 0): Tapped and held on element 'Object Repository/Mobile/Page/Portfolio/Detail Mutual Funds/Button - 6 Month' with duration 1

2021-12-29 10:42:46 - [MESSAGE][WARNING] - Timeout '0' is invalid. Using default page load timeout: '60'

2021-12-29 10:42:49 - [MESSAGE][PASSED] - Tapped and held on element 'Object Repository/Mobile/Page/Portfolio/Detail Mutual Funds/Button - 6 Month' with duration 1

2021-12-29 10:42:49 - [TEST_STEP][PASSED] - delay(3): Delayed 3 second(s)

2021-12-29 10:42:52 - [MESSAGE][PASSED] - Delayed 3 second(s)

2021-12-29 10:42:52 - [TEST_STEP][PASSED] - scroll.scroll.scrollScreenBottomToTop(): scroll.scroll.scrollScreenBottomToTop is PASSED

2021-12-29 10:42:52 - [MESSAGE][PASSED] - Current device physical height is 1423

2021-12-29 10:42:53 - [MESSAGE][PASSED] - Current device physical width is 720

2021-12-29 10:42:54 - [MESSAGE][PASSED] - Swiped from 360,1,138 to 360,284

2021-12-29 10:42:54 - [MESSAGE][PASSED] - scroll.scroll.scrollScreenBottomToTop is PASSED

2021-12-29 10:42:54 - [TEST_STEP][PASSED] - tapAndHold(PORT_DETL_Btn1Year, 1, 0): Tapped and held on element 'Object Repository/Mobile/Page/Portfolio/Detail Mutual Funds/Button - 1 Year' with duration 1

2021-12-29 10:42:54 - [MESSAGE][WARNING] - Timeout '0' is invalid. Using default page load timeout: '60'

2021-12-29 10:42:57 - [MESSAGE][PASSED] - Tapped and held on element 'Object Repository/Mobile/Page/Portfolio/Detail Mutual Funds/Button - 1 Year' with duration 1

2021-12-29 10:42:57 - [TEST_STEP][PASSED] - delay(3): Delayed 3 second(s)

2021-12-29 10:43:00 - [MESSAGE][PASSED] - Delayed 3 second(s)

2021-12-29 10:43:00 - [TEST_STEP][PASSED] - scroll.scroll.scrollScreenBottomToTop(): scroll.scroll.scrollScreenBottomToTop is PASSED

2021-12-29 10:43:00 - [MESSAGE][PASSED] - Current device physical height is 1423

2021-12-29 10:43:00 - [MESSAGE][PASSED] - Current device physical width is 720

2021-12-29 10:43:01 - [MESSAGE][PASSED] - Swiped from 360,1,138 to 360,284

2021-12-29 10:43:01 - [MESSAGE][PASSED] - scroll.scroll.scrollScreenBottomToTop is PASSED

2021-12-29 10:43:01 - [TEST_STEP][PASSED] - tapAndHold(PORT_DETL_Btn3Year, 1, 0): Tapped and held on element 'Object Repository/Mobile/Page/Portfolio/Detail Mutual Funds/Button - 3 Year' with duration 1

2021-12-29 10:43:01 - [MESSAGE][WARNING] - Timeout '0' is invalid. Using default page load timeout: '60'

2021-12-29 10:43:04 - [MESSAGE][PASSED] - Tapped and held on element 'Object Repository/Mobile/Page/Portfolio/Detail Mutual Funds/Button - 3 Year' with duration 1

2021-12-29 10:43:04 - [TEST_STEP][PASSED] - delay(3): Delayed 3 second(s)

2021-12-29 10:43:07 - [MESSAGE][PASSED] - Delayed 3 second(s)

2021-12-29 10:43:07 - [TEST_STEP][PASSED] - scroll.scroll.scrollScreenBottomToTop(): scroll.scroll.scrollScreenBottomToTop is PASSED

2021-12-29 10:43:07 - [MESSAGE][PASSED] - Current device physical height is 1423

2021-12-29 10:43:08 - [MESSAGE][PASSED] - Current device physical width is 720

2021-12-29 10:43:09 - [MESSAGE][PASSED] - Swiped from 360,1,138 to 360,284

2021-12-29 10:43:09 - [MESSAGE][PASSED] - scroll.scroll.scrollScreenBottomToTop is PASSED

2021-12-29 10:43:09 - [TEST_STEP][PASSED] - tapAndHold(PORT_DETL_Btn5Year, 1, 0): Tapped and held on element 'Object Repository/Mobile/Page/Portfolio/Detail Mutual Funds/Button - 5 Year' with duration 1

2021-12-29 10:43:09 - [MESSAGE][WARNING] - Timeout '0' is invalid. Using default page load timeout: '60'

2021-12-29 10:43:12 - [MESSAGE][PASSED] - Tapped and held on element 'Object Repository/Mobile/Page/Portfolio/Detail Mutual Funds/Button - 5 Year' with duration 1

2021-12-29 10:43:12 - [TEST_STEP][PASSED] - delay(3): Delayed 3 second(s)

2021-12-29 10:43:15 - [MESSAGE][PASSED] - Delayed 3 second(s)

2021-12-29 10:43:15 - [TEST_STEP][PASSED] - scroll.scroll.scrollScreenBottomToTop(): scroll.scroll.scrollScreenBottomToTop is PASSED

2021-12-29 10:43:15 - [MESSAGE][PASSED] - Current device physical height is 1423

2021-12-29 10:43:15 - [MESSAGE][PASSED] - Current device physical width is 720

2021-12-29 10:43:16 - [MESSAGE][PASSED] - Swiped from 360,1,138 to 360,284

2021-12-29 10:43:16 - [MESSAGE][PASSED] - scroll.scroll.scrollScreenBottomToTop is PASSED

2021-12-29 10:43:16 - [TEST_STEP][PASSED] - tapAndHold(PORT_DETL_Btn10Year, 1, 0): Tapped and held on element 'Object Repository/Mobile/Page/Portfolio/Detail Mutual Funds/Button - 10 Year' with duration 1

2021-12-29 10:43:16 - [MESSAGE][WARNING] - Timeout '0' is invalid. Using default page load timeout: '60'

2021-12-29 10:43:19 - [MESSAGE][PASSED] - Tapped and held on element 'Object Repository/Mobile/Page/Portfolio/Detail Mutual Funds/Button - 10 Year' with duration 1

2021-12-29 10:43:19 - [TEST_STEP][PASSED] - delay(3): Delayed 3 second(s)

2021-12-29 10:43:22 - [MESSAGE][PASSED] - Delayed 3 second(s)

2021-12-29 10:43:22 - [TEST_STEP][PASSED] - scroll.scroll.scrollScreenBottomToTop(): scroll.scroll.scrollScreenBottomToTop is PASSED

2021-12-29 10:43:22 - [MESSAGE][PASSED] - Current device physical height is 1423

2021-12-29 10:43:23 - [MESSAGE][PASSED] - Current device physical width is 720

2021-12-29 10:43:24 - [MESSAGE][PASSED] - Swiped from 360,1,138 to 360,284

2021-12-29 10:43:24 - [MESSAGE][PASSED] - scroll.scroll.scrollScreenBottomToTop is PASSED

2021-12-29 10:43:24 - [MESSAGE][PASSED] - Call Test Case 'Test Cases/Mobile/Page/Portfolio/Portfolio' successfully

2021-12-29 10:43:24 - [TEST_STEP][PASSED] - callTestCase(findTestCase("Mobile/Page/Run App/Terminate App"), [:], STOP_ON_FAILURE): Call Test Case 'Test Cases/Mobile/Page/Run App/Terminate App' successfully

2021-12-29 10:43:24 - [TEST_CASE][PASSED] - Test Cases/Mobile/Page/Run App/Terminate App: Test Cases/Mobile/Page/Run App/Terminate App

2021-12-29 10:43:24 - [TEST_STEP][PASSED] - startApp.OpenApp.terminateApplication(): startApp.OpenApp.terminateApplication is PASSED

2021-12-29 10:43:27 - [MESSAGE][PASSED] - Delayed 3 second(s)

2021-12-29 10:43:27 - [MESSAGE][PASSED] - Current device physical width is 720

2021-12-29 10:43:27 - [MESSAGE][PASSED] - Current device physical height is 1423

2021-12-29 10:43:29 - [MESSAGE][PASSED] - Swiped from 360,853 to 360,142

2021-12-29 10:43:30 - [MESSAGE][PASSED] - Delayed 1 second(s)

2021-12-29 10:43:31 - [MESSAGE][PASSED] - Swiped from 360,853 to 360,142

2021-12-29 10:43:34 - [MESSAGE][PASSED] - Delayed 3 second(s)

2021-12-29 10:43:34 - [MESSAGE][PASSED] - startApp.OpenApp.terminateApplication is PASSED

2021-12-29 10:43:34 - [MESSAGE][PASSED] - Call Test Case 'Test Cases/Mobile/Page/Run App/Terminate App' successfully]]></system-out>
         <system-err><![CDATA[]]></system-err>
      </testcase>
      <testcase name="Test Cases/Mobile/Scenario/Portfolio/008 - Portfolio Bond" time="62.145" classname="Test Cases/Mobile/Scenario/Portfolio/008 - Portfolio Bond" status="PASSED">
         <system-out><![CDATA[2021-12-29 10:43:34 - [TEST_CASE][PASSED] - Test Cases/Mobile/Scenario/Portfolio/008 - Portfolio Bond: Test Cases/Mobile/Scenario/Portfolio/008 - Portfolio Bond

2021-12-29 10:43:34 - [TEST_STEP][PASSED] - callTestCase(findTestCase("Mobile/Page/Run App/Run App byID"), [:], STOP_ON_FAILURE): Call Test Case 'Test Cases/Mobile/Page/Run App/Run App byID' successfully

2021-12-29 10:43:34 - [TEST_CASE][PASSED] - Test Cases/Mobile/Page/Run App/Run App byID: Test Cases/Mobile/Page/Run App/Run App byID

2021-12-29 10:43:34 - [TEST_STEP][PASSED] - startApp.OpenApp.startApplication("id.co.miraeasset.sageclub"): startApp.OpenApp.startApplication is PASSED

2021-12-29 10:43:49 - [MESSAGE][PASSED] - Starting app with application ID: 'id.co.miraeasset.sageclub'

2021-12-29 10:43:49 - [MESSAGE][PASSED] - startApp.OpenApp.startApplication is PASSED

2021-12-29 10:43:49 - [MESSAGE][PASSED] - Call Test Case 'Test Cases/Mobile/Page/Run App/Run App byID' successfully

2021-12-29 10:43:49 - [TEST_STEP][PASSED] - callTestCase(findTestCase("Mobile/Page/Portfolio/Portfolio"), ["tab":"bond", "action":"none"], CONTINUE_ON_FAILURE): Call Test Case 'Test Cases/Mobile/Page/Portfolio/Portfolio' successfully

2021-12-29 10:43:49 - [TEST_CASE][PASSED] - Test Cases/Mobile/Page/Portfolio/Portfolio: Test Cases/Mobile/Page/Portfolio/Portfolio

2021-12-29 10:43:49 - [TEST_STEP][PASSED] - callTestCase(findTestCase("Mobile/Page/CheckLogin"), [:], CONTINUE_ON_FAILURE): Call Test Case 'Test Cases/Mobile/Page/CheckLogin' successfully

2021-12-29 10:43:49 - [TEST_CASE][PASSED] - Test Cases/Mobile/Page/CheckLogin: Test Cases/Mobile/Page/CheckLogin

2021-12-29 10:43:49 - [TEST_STEP][PASSED] - loginCheck = verifyElementExist(LOGN_BtnLogin, 5, CONTINUE_ON_FAILURE): Element 'Object Repository/Mobile/Page/Login/Button - Login' is exist

2021-12-29 10:43:52 - [MESSAGE][PASSED] - Element 'Object Repository/Mobile/Page/Login/Button - Login' is exist

2021-12-29 10:43:52 - [TEST_STEP][PASSED] - if (loginCheck): Call Test Case 'Test Cases/Mobile/Page/Login/Login' successfully

2021-12-29 10:43:52 - [TEST_STEP][PASSED] - callTestCase(findTestCase("Mobile/Page/Login/Login"), [:], CONTINUE_ON_FAILURE): Call Test Case 'Test Cases/Mobile/Page/Login/Login' successfully

2021-12-29 10:43:52 - [TEST_CASE][PASSED] - Test Cases/Mobile/Page/Login/Login: Test Cases/Mobile/Page/Login/Login

2021-12-29 10:43:52 - [TEST_STEP][PASSED] - delay(2): Delayed 2 second(s)

2021-12-29 10:43:54 - [MESSAGE][PASSED] - Delayed 2 second(s)

2021-12-29 10:43:54 - [TEST_STEP][PASSED] - tap(LOGN_EdtUserID, 0): Tapped on element 'Object Repository/Mobile/Page/Login/Input - UserID'

2021-12-29 10:43:54 - [MESSAGE][WARNING] - Timeout '0' is invalid. Using default page load timeout: '60'

2021-12-29 10:43:55 - [MESSAGE][PASSED] - Tapped on element 'Object Repository/Mobile/Page/Login/Input - UserID'

2021-12-29 10:43:55 - [TEST_STEP][PASSED] - delay(1): Delayed 1 second(s)

2021-12-29 10:43:56 - [MESSAGE][PASSED] - Delayed 1 second(s)

2021-12-29 10:43:56 - [TEST_STEP][PASSED] - setText(LOGN_EdtRdyUserID, "anggaaditya", 0): Text 'anggaaditya' has been set to element 'Object Repository/Mobile/Page/Login/Input Rdy - UserID'

2021-12-29 10:43:56 - [MESSAGE][WARNING] - Timeout '0' is invalid. Using default page load timeout: '60'

2021-12-29 10:43:57 - [MESSAGE][PASSED] - Text 'anggaaditya' has been set to element 'Object Repository/Mobile/Page/Login/Input Rdy - UserID'

2021-12-29 10:43:57 - [TEST_STEP][PASSED] - delay(1): Delayed 1 second(s)

2021-12-29 10:43:58 - [MESSAGE][PASSED] - Delayed 1 second(s)

2021-12-29 10:43:58 - [TEST_STEP][PASSED] - hideKeyboard(): Keyboard is hidden

2021-12-29 10:44:04 - [MESSAGE][PASSED] - Keyboard is hidden

2021-12-29 10:44:04 - [TEST_STEP][PASSED] - tap(LOGN_EdtPassword, 0): Tapped on element 'Object Repository/Mobile/Page/Login/Input - Password'

2021-12-29 10:44:04 - [MESSAGE][WARNING] - Timeout '0' is invalid. Using default page load timeout: '60'

2021-12-29 10:44:05 - [MESSAGE][PASSED] - Tapped on element 'Object Repository/Mobile/Page/Login/Input - Password'

2021-12-29 10:44:05 - [TEST_STEP][PASSED] - delay(1): Delayed 1 second(s)

2021-12-29 10:44:06 - [MESSAGE][PASSED] - Delayed 1 second(s)

2021-12-29 10:44:06 - [TEST_STEP][PASSED] - setText(LOGN_EdtRdyPassword, "Shalawa18", 0): Text 'Shalawa18' has been set to element 'Object Repository/Mobile/Page/Login/Input Rdy - Password'

2021-12-29 10:44:06 - [MESSAGE][WARNING] - Timeout '0' is invalid. Using default page load timeout: '60'

2021-12-29 10:44:06 - [MESSAGE][PASSED] - Text 'Shalawa18' has been set to element 'Object Repository/Mobile/Page/Login/Input Rdy - Password'

2021-12-29 10:44:06 - [TEST_STEP][PASSED] - delay(1): Delayed 1 second(s)

2021-12-29 10:44:07 - [MESSAGE][PASSED] - Delayed 1 second(s)

2021-12-29 10:44:07 - [TEST_STEP][PASSED] - hideKeyboard(): Keyboard is hidden

2021-12-29 10:44:14 - [MESSAGE][PASSED] - Keyboard is hidden

2021-12-29 10:44:14 - [TEST_STEP][PASSED] - tap(LOGN_BtnLogin, 0): Tapped on element 'Object Repository/Mobile/Page/Login/Button - Login'

2021-12-29 10:44:14 - [MESSAGE][WARNING] - Timeout '0' is invalid. Using default page load timeout: '60'

2021-12-29 10:44:15 - [MESSAGE][PASSED] - Tapped on element 'Object Repository/Mobile/Page/Login/Button - Login'

2021-12-29 10:44:15 - [TEST_STEP][PASSED] - delay(2): Delayed 2 second(s)

2021-12-29 10:44:17 - [MESSAGE][PASSED] - Delayed 2 second(s)

2021-12-29 10:44:17 - [MESSAGE][PASSED] - Call Test Case 'Test Cases/Mobile/Page/Login/Login' successfully

2021-12-29 10:44:17 - [MESSAGE][PASSED] - Call Test Case 'Test Cases/Mobile/Page/CheckLogin' successfully

2021-12-29 10:44:17 - [TEST_STEP][PASSED] - tap(HOME_MenubarPortfolio, 0): Tapped on element 'Object Repository/Mobile/Page/Home/Menubar - Portfolio'

2021-12-29 10:44:17 - [MESSAGE][WARNING] - Timeout '0' is invalid. Using default page load timeout: '60'

2021-12-29 10:44:19 - [MESSAGE][PASSED] - Tapped on element 'Object Repository/Mobile/Page/Home/Menubar - Portfolio'

2021-12-29 10:44:19 - [TEST_STEP][PASSED] - delay(1): Delayed 1 second(s)

2021-12-29 10:44:20 - [MESSAGE][PASSED] - Delayed 1 second(s)

2021-12-29 10:44:20 - [TEST_STEP][PASSED] - for ([i = 0, i < 1, (i++)]): Delayed 3 second(s)

2021-12-29 10:44:20 - [TEST_STEP][PASSED] - if (tab == "summary"): null

2021-12-29 10:44:20 - [TEST_STEP][PASSED] - else if (tab == "stock"): null

2021-12-29 10:44:20 - [TEST_STEP][PASSED] - else if (tab == "mutualfund"): null

2021-12-29 10:44:20 - [TEST_STEP][PASSED] - else if (tab == "bond"): Delayed 3 second(s)

2021-12-29 10:44:20 - [TEST_STEP][PASSED] - tap(PORT_TabBond, 0): Tapped on element 'Object Repository/Mobile/Page/Portfolio/Tab - Bond'

2021-12-29 10:44:20 - [MESSAGE][WARNING] - Timeout '0' is invalid. Using default page load timeout: '60'

2021-12-29 10:44:21 - [MESSAGE][PASSED] - Tapped on element 'Object Repository/Mobile/Page/Portfolio/Tab - Bond'

2021-12-29 10:44:21 - [TEST_STEP][PASSED] - scroll.scroll.scrollScreenBottomToTop(): scroll.scroll.scrollScreenBottomToTop is PASSED

2021-12-29 10:44:21 - [MESSAGE][PASSED] - Current device physical height is 1423

2021-12-29 10:44:21 - [MESSAGE][PASSED] - Current device physical width is 720

2021-12-29 10:44:23 - [MESSAGE][PASSED] - Swiped from 360,1,138 to 360,284

2021-12-29 10:44:23 - [MESSAGE][PASSED] - scroll.scroll.scrollScreenBottomToTop is PASSED

2021-12-29 10:44:23 - [TEST_STEP][PASSED] - delay(3): Delayed 3 second(s)

2021-12-29 10:44:26 - [MESSAGE][PASSED] - Delayed 3 second(s)

2021-12-29 10:44:26 - [MESSAGE][PASSED] - Call Test Case 'Test Cases/Mobile/Page/Portfolio/Portfolio' successfully

2021-12-29 10:44:26 - [TEST_STEP][PASSED] - callTestCase(findTestCase("Mobile/Page/Run App/Terminate App"), [:], STOP_ON_FAILURE): Call Test Case 'Test Cases/Mobile/Page/Run App/Terminate App' successfully

2021-12-29 10:44:26 - [TEST_CASE][PASSED] - Test Cases/Mobile/Page/Run App/Terminate App: Test Cases/Mobile/Page/Run App/Terminate App

2021-12-29 10:44:26 - [TEST_STEP][PASSED] - startApp.OpenApp.terminateApplication(): startApp.OpenApp.terminateApplication is PASSED

2021-12-29 10:44:29 - [MESSAGE][PASSED] - Delayed 3 second(s)

2021-12-29 10:44:29 - [MESSAGE][PASSED] - Current device physical width is 720

2021-12-29 10:44:30 - [MESSAGE][PASSED] - Current device physical height is 1423

2021-12-29 10:44:31 - [MESSAGE][PASSED] - Swiped from 360,853 to 360,142

2021-12-29 10:44:32 - [MESSAGE][PASSED] - Delayed 1 second(s)

2021-12-29 10:44:33 - [MESSAGE][PASSED] - Swiped from 360,853 to 360,142

2021-12-29 10:44:36 - [MESSAGE][PASSED] - Delayed 3 second(s)

2021-12-29 10:44:36 - [MESSAGE][PASSED] - startApp.OpenApp.terminateApplication is PASSED

2021-12-29 10:44:36 - [MESSAGE][PASSED] - Call Test Case 'Test Cases/Mobile/Page/Run App/Terminate App' successfully]]></system-out>
         <system-err><![CDATA[]]></system-err>
      </testcase>
      <system-out><![CDATA[2021-12-29 10:35:18 - [TEST_SUITE][PASSED] - portfolio: Test Cases/Mobile/Scenario/Portfolio/008 - Portfolio Bond]]></system-out>
      <system-err><![CDATA[]]></system-err>
   </testsuite>
</testsuites>
