<?xml version="1.0" encoding="UTF-8"?>
<testsuites name="portfolio" time="1231.335" tests="19" failures="0" skips="0" errors="0">
   <testsuite name="portfolio" tests="19" failures="0" errors="0" time="1231.335" skips="0" timestamp="2022-02-24 12:09:47" hostname="Owner - aldy-tft" id="Test Suites/portfolio">
      <properties>
         <property name="deviceName" value="samsung SM-A205F (Android 11)"/>
         <property name="devicePlatform" value=""/>
         <property name="logFolder" value="C:\\Users\\Owner\\Documents\\kerjaan\\KatalonProject\\qa_katalon_pwm\\qa_katalon_pwm\\Reports\\20220224_120940\\portfolio\\20220224_120940"/>
         <property name="logFiles" value="C:\\Users\\Owner\\Documents\\kerjaan\\KatalonProject\\qa_katalon_pwm\\qa_katalon_pwm\\Reports\\20220224_120940\\portfolio\\20220224_120940\\appium.log, C:\\Users\\Owner\\Documents\\kerjaan\\KatalonProject\\qa_katalon_pwm\\qa_katalon_pwm\\Reports\\20220224_120940\\portfolio\\20220224_120940\\execution0.log"/>
         <property name="attachments" value=""/>
         <property name="hostName" value="Owner - aldy-tft"/>
         <property name="os" value="Windows 10 64bit"/>
         <property name="appiumServerStatus" value="{&quot;value&quot;:{&quot;build&quot;:{&quot;version&quot;:&quot;1.22.0&quot;}},&quot;sessionId&quot;:null,&quot;status&quot;:0}"/>
         <property name="katalonVersion" value="7.9.1.208"/>
         <property name="deviceOS" value="Android"/>
         <property name="appiumVersion" value="1.22.0"/>
         <property name="deviceModel" value="SM-A205F"/>
         <property name="hostAddress" value="192.168.100.14"/>
         <property name="deviceManufacturer" value="samsung"/>
         <property name="deviceId" value="RR8M40C9AXE"/>
         <property name="deviceName" value="samsung SM-A205F (Android 11)"/>
         <property name="deviceOSVersion" value="11"/>
      </properties>
      <testcase name="Test Cases/Mobile/Scenario/Portfolio/001 - Summary" time="82.182" classname="Test Cases/Mobile/Scenario/Portfolio/001 - Summary" status="PASSED">
         <system-out><![CDATA[2022-02-24 12:09:48 - [TEST_CASE][PASSED] - Test Cases/Mobile/Scenario/Portfolio/001 - Summary: Test Cases/Mobile/Scenario/Portfolio/001 - Summary

2022-02-24 12:09:49 - [TEST_STEP][PASSED] - callTestCase(findTestCase("Mobile/Page/Run App/Run App byID"), [:], STOP_ON_FAILURE): Call Test Case 'Test Cases/Mobile/Page/Run App/Run App byID' successfully

2022-02-24 12:09:49 - [TEST_CASE][PASSED] - Test Cases/Mobile/Page/Run App/Run App byID: Test Cases/Mobile/Page/Run App/Run App byID

2022-02-24 12:09:49 - [TEST_STEP][PASSED] - startApp.OpenApp.startApplication("id.co.miraeasset.sageclub"): startApp.OpenApp.startApplication is PASSED

2022-02-24 12:09:50 - [MESSAGE][INFO] - Appium server started on port 55,595

2022-02-24 12:10:10 - [MESSAGE][PASSED] - Starting app with application ID: 'id.co.miraeasset.sageclub'

2022-02-24 12:10:10 - [MESSAGE][PASSED] - startApp.OpenApp.startApplication is PASSED

2022-02-24 12:10:10 - [MESSAGE][PASSED] - Call Test Case 'Test Cases/Mobile/Page/Run App/Run App byID' successfully

2022-02-24 12:10:10 - [TEST_STEP][PASSED] - callTestCase(findTestCase("Mobile/Page/Portfolio/Portfolio"), ["tab":"summary", "action":"summary"], CONTINUE_ON_FAILURE): Call Test Case 'Test Cases/Mobile/Page/Portfolio/Portfolio' successfully

2022-02-24 12:10:10 - [TEST_CASE][PASSED] - Test Cases/Mobile/Page/Portfolio/Portfolio: Test Cases/Mobile/Page/Portfolio/Portfolio

2022-02-24 12:10:10 - [TEST_STEP][PASSED] - callTestCase(findTestCase("Mobile/Page/CheckLogin"), [:], CONTINUE_ON_FAILURE): Call Test Case 'Test Cases/Mobile/Page/CheckLogin' successfully

2022-02-24 12:10:10 - [TEST_CASE][PASSED] - Test Cases/Mobile/Page/CheckLogin: Test Cases/Mobile/Page/CheckLogin

2022-02-24 12:10:10 - [TEST_STEP][PASSED] - loginCheck = verifyElementExist(LOGN_BtnLogin, 5, CONTINUE_ON_FAILURE): Element 'Object Repository/Mobile/Page/Login/Button - Login' is exist

2022-02-24 12:10:11 - [MESSAGE][WARNING] - Test object with id 'Object Repository/Mobile/Page/Analysis/Button - Open With Just Once' does not exist

2022-02-24 12:10:11 - [MESSAGE][WARNING] - Test object with id 'Object Repository/Mobile/Page/Analysis/Button - Search' does not exist

2022-02-24 12:10:12 - [MESSAGE][WARNING] - Test object with id 'Object Repository/Mobile/Page/Home/Button -  Add Watchlist' does not exist

2022-02-24 12:10:12 - [MESSAGE][WARNING] - Test object with id 'Object Repository/Mobile/Page/Home/Button - Open with Just Once' does not exist

2022-02-24 12:10:12 - [MESSAGE][WARNING] - Test object with id 'Object Repository/Mobile/Page/Home/Container - Notification' does not exist

2022-02-24 12:10:12 - [MESSAGE][WARNING] - Test object with id 'Object Repository/Mobile/Page/Home/Watchlist/Input - Search' does not exist

2022-02-24 12:10:12 - [MESSAGE][WARNING] - Test object with id 'Object Repository/Mobile/Page/Home/Watchlist/Item - Top Search' does not exist

2022-02-24 12:10:13 - [MESSAGE][WARNING] - Test object with id 'Object Repository/Mobile/Page/Home/Watchlist/Detail Watchlist/Input - Expiry Date' does not exist

2022-02-24 12:10:13 - [MESSAGE][WARNING] - Test object with id 'Object Repository/Mobile/Page/Home/Watchlist/Detail Watchlist/Item - Watchlist' does not exist

2022-02-24 12:10:13 - [MESSAGE][WARNING] - Test object with id 'Object Repository/Mobile/Page/NavigationMenu/Button - Open Just Once' does not exist

2022-02-24 12:10:14 - [MESSAGE][WARNING] - Test object with id 'Object Repository/Mobile/Page/NavigationMenu/Container - Logout' does not exist

2022-02-24 12:10:17 - [MESSAGE][WARNING] - Test object with id 'Object Repository/Mobile/Page/Analysis/Button - Open With Just Once' does not exist

2022-02-24 12:10:17 - [MESSAGE][WARNING] - Test object with id 'Object Repository/Mobile/Page/Analysis/Button - Search' does not exist

2022-02-24 12:10:18 - [MESSAGE][WARNING] - Test object with id 'Object Repository/Mobile/Page/Home/Button -  Add Watchlist' does not exist

2022-02-24 12:10:18 - [MESSAGE][WARNING] - Test object with id 'Object Repository/Mobile/Page/Home/Button - Open with Just Once' does not exist

2022-02-24 12:10:18 - [MESSAGE][WARNING] - Test object with id 'Object Repository/Mobile/Page/Home/Container - Notification' does not exist

2022-02-24 12:10:19 - [MESSAGE][WARNING] - Test object with id 'Object Repository/Mobile/Page/Home/Watchlist/Input - Search' does not exist

2022-02-24 12:10:19 - [MESSAGE][WARNING] - Test object with id 'Object Repository/Mobile/Page/Home/Watchlist/Item - Top Search' does not exist

2022-02-24 12:10:19 - [MESSAGE][WARNING] - Test object with id 'Object Repository/Mobile/Page/Home/Watchlist/Detail Watchlist/Input - Expiry Date' does not exist

2022-02-24 12:10:19 - [MESSAGE][WARNING] - Test object with id 'Object Repository/Mobile/Page/Home/Watchlist/Detail Watchlist/Item - Watchlist' does not exist

2022-02-24 12:10:20 - [MESSAGE][WARNING] - Test object with id 'Object Repository/Mobile/Page/NavigationMenu/Button - Open Just Once' does not exist

2022-02-24 12:10:20 - [MESSAGE][WARNING] - Test object with id 'Object Repository/Mobile/Page/NavigationMenu/Container - Logout' does not exist

2022-02-24 12:10:23 - [MESSAGE][PASSED] - Element 'Object Repository/Mobile/Page/Login/Button - Login' is exist

2022-02-24 12:10:23 - [TEST_STEP][PASSED] - if (loginCheck): Call Test Case 'Test Cases/Mobile/Page/Login/Login' successfully

2022-02-24 12:10:23 - [TEST_STEP][PASSED] - callTestCase(findTestCase("Mobile/Page/Login/Login"), ["action":"username"], CONTINUE_ON_FAILURE): Call Test Case 'Test Cases/Mobile/Page/Login/Login' successfully

2022-02-24 12:10:23 - [TEST_CASE][PASSED] - Test Cases/Mobile/Page/Login/Login: Test Cases/Mobile/Page/Login/Login

2022-02-24 12:10:24 - [TEST_STEP][PASSED] - delay(2): Delayed 2 second(s)

2022-02-24 12:10:26 - [MESSAGE][PASSED] - Delayed 2 second(s)

2022-02-24 12:10:26 - [TEST_STEP][PASSED] - for ([i = 0, i < 1, (i++)]): null

2022-02-24 12:10:26 - [TEST_STEP][PASSED] - if (action == "username"): null

2022-02-24 12:10:26 - [TEST_STEP][PASSED] - tap(LOGN_EdtUserID, 0): Tapped on element 'Object Repository/Mobile/Page/Login/Input - UserID'

2022-02-24 12:10:26 - [MESSAGE][WARNING] - Timeout '0' is invalid. Using default page load timeout: '60'

2022-02-24 12:10:26 - [MESSAGE][PASSED] - Tapped on element 'Object Repository/Mobile/Page/Login/Input - UserID'

2022-02-24 12:10:26 - [TEST_STEP][PASSED] - delay(1): Delayed 1 second(s)

2022-02-24 12:10:27 - [MESSAGE][PASSED] - Delayed 1 second(s)

2022-02-24 12:10:27 - [TEST_STEP][PASSED] - setText(LOGN_EdtRdyUserID, "anggaaditya", 0): Text 'anggaaditya' has been set to element 'Object Repository/Mobile/Page/Login/Input Rdy - UserID'

2022-02-24 12:10:27 - [MESSAGE][WARNING] - Timeout '0' is invalid. Using default page load timeout: '60'

2022-02-24 12:10:28 - [MESSAGE][PASSED] - Text 'anggaaditya' has been set to element 'Object Repository/Mobile/Page/Login/Input Rdy - UserID'

2022-02-24 12:10:28 - [TEST_STEP][PASSED] - delay(1): Delayed 1 second(s)

2022-02-24 12:10:29 - [MESSAGE][PASSED] - Delayed 1 second(s)

2022-02-24 12:10:29 - [TEST_STEP][PASSED] - hideKeyboard(): Keyboard is hidden

2022-02-24 12:10:37 - [MESSAGE][PASSED] - Keyboard is hidden

2022-02-24 12:10:37 - [TEST_STEP][PASSED] - tap(LOGN_EdtPassword, 0): Tapped on element 'Object Repository/Mobile/Page/Login/Input - Password'

2022-02-24 12:10:37 - [MESSAGE][WARNING] - Timeout '0' is invalid. Using default page load timeout: '60'

2022-02-24 12:10:37 - [MESSAGE][PASSED] - Tapped on element 'Object Repository/Mobile/Page/Login/Input - Password'

2022-02-24 12:10:37 - [TEST_STEP][PASSED] - delay(1): Delayed 1 second(s)

2022-02-24 12:10:38 - [MESSAGE][PASSED] - Delayed 1 second(s)

2022-02-24 12:10:38 - [TEST_STEP][PASSED] - setText(LOGN_EdtRdyPassword, "Shalawa18", 0): Text 'Shalawa18' has been set to element 'Object Repository/Mobile/Page/Login/Input Rdy - Password'

2022-02-24 12:10:38 - [MESSAGE][WARNING] - Timeout '0' is invalid. Using default page load timeout: '60'

2022-02-24 12:10:39 - [MESSAGE][PASSED] - Text 'Shalawa18' has been set to element 'Object Repository/Mobile/Page/Login/Input Rdy - Password'

2022-02-24 12:10:39 - [TEST_STEP][PASSED] - delay(1): Delayed 1 second(s)

2022-02-24 12:10:40 - [MESSAGE][PASSED] - Delayed 1 second(s)

2022-02-24 12:10:40 - [TEST_STEP][PASSED] - hideKeyboard(): Keyboard is hidden

2022-02-24 12:10:49 - [MESSAGE][PASSED] - Keyboard is hidden

2022-02-24 12:10:49 - [TEST_STEP][PASSED] - tap(LOGN_BtnLogin, 0): Tapped on element 'Object Repository/Mobile/Page/Login/Button - Login'

2022-02-24 12:10:49 - [MESSAGE][WARNING] - Timeout '0' is invalid. Using default page load timeout: '60'

2022-02-24 12:10:50 - [MESSAGE][PASSED] - Tapped on element 'Object Repository/Mobile/Page/Login/Button - Login'

2022-02-24 12:10:50 - [TEST_STEP][PASSED] - delay(2): Delayed 2 second(s)

2022-02-24 12:10:52 - [MESSAGE][PASSED] - Delayed 2 second(s)

2022-02-24 12:10:52 - [TEST_STEP][PASSED] - break: null

2022-02-24 12:10:52 - [MESSAGE][PASSED] - Call Test Case 'Test Cases/Mobile/Page/Login/Login' successfully

2022-02-24 12:10:52 - [MESSAGE][PASSED] - Call Test Case 'Test Cases/Mobile/Page/CheckLogin' successfully

2022-02-24 12:10:52 - [TEST_STEP][PASSED] - tap(HOME_MenubarPortfolio, 0): Tapped on element 'Object Repository/Mobile/Page/Home/Menubar - Portfolio'

2022-02-24 12:10:52 - [MESSAGE][WARNING] - Timeout '0' is invalid. Using default page load timeout: '60'

2022-02-24 12:10:56 - [MESSAGE][PASSED] - Tapped on element 'Object Repository/Mobile/Page/Home/Menubar - Portfolio'

2022-02-24 12:10:56 - [TEST_STEP][PASSED] - delay(1): Delayed 1 second(s)

2022-02-24 12:10:57 - [MESSAGE][PASSED] - Delayed 1 second(s)

2022-02-24 12:10:57 - [TEST_STEP][PASSED] - for ([i = 0, i < 1, (i++)]): null

2022-02-24 12:10:57 - [TEST_STEP][PASSED] - if (tab == "summary"): null

2022-02-24 12:10:57 - [TEST_STEP][PASSED] - idr = PORT_BtnIDR: null

2022-02-24 12:10:57 - [TEST_STEP][PASSED] - persen = PORT_BtnPersen: null

2022-02-24 12:10:57 - [TEST_STEP][PASSED] - if (action == "summary"): Delayed 3 second(s)

2022-02-24 12:10:57 - [TEST_STEP][PASSED] - delay(3): Delayed 3 second(s)

2022-02-24 12:11:00 - [MESSAGE][PASSED] - Delayed 3 second(s)

2022-02-24 12:11:00 - [TEST_STEP][PASSED] - if (action != "summary"): null

2022-02-24 12:11:00 - [MESSAGE][PASSED] - Call Test Case 'Test Cases/Mobile/Page/Portfolio/Portfolio' successfully

2022-02-24 12:11:00 - [TEST_STEP][PASSED] - callTestCase(findTestCase("Mobile/Page/Run App/Terminate App"), [:], STOP_ON_FAILURE): Call Test Case 'Test Cases/Mobile/Page/Run App/Terminate App' successfully

2022-02-24 12:11:00 - [TEST_CASE][PASSED] - Test Cases/Mobile/Page/Run App/Terminate App: Test Cases/Mobile/Page/Run App/Terminate App

2022-02-24 12:11:00 - [TEST_STEP][PASSED] - startApp.OpenApp.terminateApplication(): startApp.OpenApp.terminateApplication is PASSED

2022-02-24 12:11:03 - [MESSAGE][PASSED] - Delayed 3 second(s)

2022-02-24 12:11:04 - [MESSAGE][PASSED] - Current device physical width is 720

2022-02-24 12:11:04 - [MESSAGE][PASSED] - Current device physical height is 1423

2022-02-24 12:11:05 - [MESSAGE][PASSED] - Swiped from 360,853 to 360,142

2022-02-24 12:11:06 - [MESSAGE][PASSED] - Delayed 1 second(s)

2022-02-24 12:11:07 - [MESSAGE][PASSED] - Swiped from 360,853 to 360,142

2022-02-24 12:11:10 - [MESSAGE][PASSED] - Delayed 3 second(s)

2022-02-24 12:11:10 - [MESSAGE][PASSED] - startApp.OpenApp.terminateApplication is PASSED

2022-02-24 12:11:10 - [MESSAGE][PASSED] - Call Test Case 'Test Cases/Mobile/Page/Run App/Terminate App' successfully]]></system-out>
         <system-err><![CDATA[]]></system-err>
      </testcase>
      <testcase name="Test Cases/Mobile/Scenario/Portfolio/002 - Portfolio Performance Daily IDR" time="71.207" classname="Test Cases/Mobile/Scenario/Portfolio/002 - Portfolio Performance Daily IDR" status="PASSED">
         <system-out><![CDATA[2022-02-24 12:11:10 - [TEST_CASE][PASSED] - Test Cases/Mobile/Scenario/Portfolio/002 - Portfolio Performance Daily IDR: Test Cases/Mobile/Scenario/Portfolio/002 - Portfolio Performance Daily IDR

2022-02-24 12:11:11 - [TEST_STEP][PASSED] - callTestCase(findTestCase("Mobile/Page/Run App/Run App byID"), [:], STOP_ON_FAILURE): Call Test Case 'Test Cases/Mobile/Page/Run App/Run App byID' successfully

2022-02-24 12:11:11 - [TEST_CASE][PASSED] - Test Cases/Mobile/Page/Run App/Run App byID: Test Cases/Mobile/Page/Run App/Run App byID

2022-02-24 12:11:11 - [TEST_STEP][PASSED] - startApp.OpenApp.startApplication("id.co.miraeasset.sageclub"): startApp.OpenApp.startApplication is PASSED

2022-02-24 12:11:26 - [MESSAGE][PASSED] - Starting app with application ID: 'id.co.miraeasset.sageclub'

2022-02-24 12:11:26 - [MESSAGE][PASSED] - startApp.OpenApp.startApplication is PASSED

2022-02-24 12:11:26 - [MESSAGE][PASSED] - Call Test Case 'Test Cases/Mobile/Page/Run App/Run App byID' successfully

2022-02-24 12:11:26 - [TEST_STEP][PASSED] - callTestCase(findTestCase("Mobile/Page/Portfolio/Portfolio"), ["tab":"summary", "action":"perf_daily", "action2":"idr"], CONTINUE_ON_FAILURE): Call Test Case 'Test Cases/Mobile/Page/Portfolio/Portfolio' successfully

2022-02-24 12:11:26 - [TEST_CASE][PASSED] - Test Cases/Mobile/Page/Portfolio/Portfolio: Test Cases/Mobile/Page/Portfolio/Portfolio

2022-02-24 12:11:26 - [TEST_STEP][PASSED] - callTestCase(findTestCase("Mobile/Page/CheckLogin"), [:], CONTINUE_ON_FAILURE): Call Test Case 'Test Cases/Mobile/Page/CheckLogin' successfully

2022-02-24 12:11:26 - [TEST_CASE][PASSED] - Test Cases/Mobile/Page/CheckLogin: Test Cases/Mobile/Page/CheckLogin

2022-02-24 12:11:26 - [TEST_STEP][PASSED] - loginCheck = verifyElementExist(LOGN_BtnLogin, 5, CONTINUE_ON_FAILURE): Element 'Object Repository/Mobile/Page/Login/Button - Login' is exist

2022-02-24 12:11:29 - [MESSAGE][PASSED] - Element 'Object Repository/Mobile/Page/Login/Button - Login' is exist

2022-02-24 12:11:29 - [TEST_STEP][PASSED] - if (loginCheck): Call Test Case 'Test Cases/Mobile/Page/Login/Login' successfully

2022-02-24 12:11:29 - [TEST_STEP][PASSED] - callTestCase(findTestCase("Mobile/Page/Login/Login"), ["action":"username"], CONTINUE_ON_FAILURE): Call Test Case 'Test Cases/Mobile/Page/Login/Login' successfully

2022-02-24 12:11:29 - [TEST_CASE][PASSED] - Test Cases/Mobile/Page/Login/Login: Test Cases/Mobile/Page/Login/Login

2022-02-24 12:11:29 - [TEST_STEP][PASSED] - delay(2): Delayed 2 second(s)

2022-02-24 12:11:31 - [MESSAGE][PASSED] - Delayed 2 second(s)

2022-02-24 12:11:31 - [TEST_STEP][PASSED] - for ([i = 0, i < 1, (i++)]): null

2022-02-24 12:11:31 - [TEST_STEP][PASSED] - if (action == "username"): null

2022-02-24 12:11:31 - [TEST_STEP][PASSED] - tap(LOGN_EdtUserID, 0): Tapped on element 'Object Repository/Mobile/Page/Login/Input - UserID'

2022-02-24 12:11:31 - [MESSAGE][WARNING] - Timeout '0' is invalid. Using default page load timeout: '60'

2022-02-24 12:11:31 - [MESSAGE][PASSED] - Tapped on element 'Object Repository/Mobile/Page/Login/Input - UserID'

2022-02-24 12:11:31 - [TEST_STEP][PASSED] - delay(1): Delayed 1 second(s)

2022-02-24 12:11:32 - [MESSAGE][PASSED] - Delayed 1 second(s)

2022-02-24 12:11:32 - [TEST_STEP][PASSED] - setText(LOGN_EdtRdyUserID, "anggaaditya", 0): Text 'anggaaditya' has been set to element 'Object Repository/Mobile/Page/Login/Input Rdy - UserID'

2022-02-24 12:11:32 - [MESSAGE][WARNING] - Timeout '0' is invalid. Using default page load timeout: '60'

2022-02-24 12:11:34 - [MESSAGE][PASSED] - Text 'anggaaditya' has been set to element 'Object Repository/Mobile/Page/Login/Input Rdy - UserID'

2022-02-24 12:11:34 - [TEST_STEP][PASSED] - delay(1): Delayed 1 second(s)

2022-02-24 12:11:35 - [MESSAGE][PASSED] - Delayed 1 second(s)

2022-02-24 12:11:35 - [TEST_STEP][PASSED] - hideKeyboard(): Keyboard is hidden

2022-02-24 12:11:43 - [MESSAGE][PASSED] - Keyboard is hidden

2022-02-24 12:11:43 - [TEST_STEP][PASSED] - tap(LOGN_EdtPassword, 0): Tapped on element 'Object Repository/Mobile/Page/Login/Input - Password'

2022-02-24 12:11:43 - [MESSAGE][WARNING] - Timeout '0' is invalid. Using default page load timeout: '60'

2022-02-24 12:11:43 - [MESSAGE][PASSED] - Tapped on element 'Object Repository/Mobile/Page/Login/Input - Password'

2022-02-24 12:11:43 - [TEST_STEP][PASSED] - delay(1): Delayed 1 second(s)

2022-02-24 12:11:44 - [MESSAGE][PASSED] - Delayed 1 second(s)

2022-02-24 12:11:44 - [TEST_STEP][PASSED] - setText(LOGN_EdtRdyPassword, "Shalawa18", 0): Text 'Shalawa18' has been set to element 'Object Repository/Mobile/Page/Login/Input Rdy - Password'

2022-02-24 12:11:44 - [MESSAGE][WARNING] - Timeout '0' is invalid. Using default page load timeout: '60'

2022-02-24 12:11:45 - [MESSAGE][PASSED] - Text 'Shalawa18' has been set to element 'Object Repository/Mobile/Page/Login/Input Rdy - Password'

2022-02-24 12:11:45 - [TEST_STEP][PASSED] - delay(1): Delayed 1 second(s)

2022-02-24 12:11:46 - [MESSAGE][PASSED] - Delayed 1 second(s)

2022-02-24 12:11:46 - [TEST_STEP][PASSED] - hideKeyboard(): Keyboard is hidden

2022-02-24 12:11:54 - [MESSAGE][PASSED] - Keyboard is hidden

2022-02-24 12:11:54 - [TEST_STEP][PASSED] - tap(LOGN_BtnLogin, 0): Tapped on element 'Object Repository/Mobile/Page/Login/Button - Login'

2022-02-24 12:11:54 - [MESSAGE][WARNING] - Timeout '0' is invalid. Using default page load timeout: '60'

2022-02-24 12:11:55 - [MESSAGE][PASSED] - Tapped on element 'Object Repository/Mobile/Page/Login/Button - Login'

2022-02-24 12:11:55 - [TEST_STEP][PASSED] - delay(2): Delayed 2 second(s)

2022-02-24 12:11:57 - [MESSAGE][PASSED] - Delayed 2 second(s)

2022-02-24 12:11:57 - [TEST_STEP][PASSED] - break: null

2022-02-24 12:11:57 - [MESSAGE][PASSED] - Call Test Case 'Test Cases/Mobile/Page/Login/Login' successfully

2022-02-24 12:11:57 - [MESSAGE][PASSED] - Call Test Case 'Test Cases/Mobile/Page/CheckLogin' successfully

2022-02-24 12:11:57 - [TEST_STEP][PASSED] - tap(HOME_MenubarPortfolio, 0): Tapped on element 'Object Repository/Mobile/Page/Home/Menubar - Portfolio'

2022-02-24 12:11:57 - [MESSAGE][WARNING] - Timeout '0' is invalid. Using default page load timeout: '60'

2022-02-24 12:11:58 - [MESSAGE][PASSED] - Tapped on element 'Object Repository/Mobile/Page/Home/Menubar - Portfolio'

2022-02-24 12:11:58 - [TEST_STEP][PASSED] - delay(1): Delayed 1 second(s)

2022-02-24 12:11:59 - [MESSAGE][PASSED] - Delayed 1 second(s)

2022-02-24 12:11:59 - [TEST_STEP][PASSED] - for ([i = 0, i < 1, (i++)]): Delayed 3 second(s)

2022-02-24 12:11:59 - [TEST_STEP][PASSED] - if (tab == "summary"): Delayed 3 second(s)

2022-02-24 12:11:59 - [TEST_STEP][PASSED] - idr = PORT_BtnIDR: null

2022-02-24 12:11:59 - [TEST_STEP][PASSED] - persen = PORT_BtnPersen: null

2022-02-24 12:11:59 - [TEST_STEP][PASSED] - if (action == "summary"): null

2022-02-24 12:11:59 - [TEST_STEP][PASSED] - else if (action == "perf_daily"): scroll.scroll.scrollScreenBottomToTop is PASSED

2022-02-24 12:11:59 - [TEST_STEP][PASSED] - scroll.scroll.scrollScreenBottomToTop(): scroll.scroll.scrollScreenBottomToTop is PASSED

2022-02-24 12:12:00 - [MESSAGE][PASSED] - Current device physical height is 1423

2022-02-24 12:12:00 - [MESSAGE][PASSED] - Current device physical width is 720

2022-02-24 12:12:01 - [MESSAGE][PASSED] - Swiped from 360,1,138 to 360,284

2022-02-24 12:12:01 - [MESSAGE][PASSED] - scroll.scroll.scrollScreenBottomToTop is PASSED

2022-02-24 12:12:01 - [TEST_STEP][PASSED] - if (action != "summary"): Delayed 3 second(s)

2022-02-24 12:12:01 - [TEST_STEP][PASSED] - delay(1): Delayed 1 second(s)

2022-02-24 12:12:02 - [MESSAGE][PASSED] - Delayed 1 second(s)

2022-02-24 12:12:02 - [TEST_STEP][PASSED] - scroll.scroll.scrollScreenBottomToTop(): scroll.scroll.scrollScreenBottomToTop is PASSED

2022-02-24 12:12:02 - [MESSAGE][PASSED] - Current device physical height is 1423

2022-02-24 12:12:02 - [MESSAGE][PASSED] - Current device physical width is 720

2022-02-24 12:12:04 - [MESSAGE][PASSED] - Swiped from 360,1,138 to 360,284

2022-02-24 12:12:04 - [MESSAGE][PASSED] - scroll.scroll.scrollScreenBottomToTop is PASSED

2022-02-24 12:12:04 - [TEST_STEP][PASSED] - scroll.scroll.scrollScreenBottomToTop(): scroll.scroll.scrollScreenBottomToTop is PASSED

2022-02-24 12:12:04 - [MESSAGE][PASSED] - Current device physical height is 1423

2022-02-24 12:12:04 - [MESSAGE][PASSED] - Current device physical width is 720

2022-02-24 12:12:05 - [MESSAGE][PASSED] - Swiped from 360,1,138 to 360,284

2022-02-24 12:12:05 - [MESSAGE][PASSED] - scroll.scroll.scrollScreenBottomToTop is PASSED

2022-02-24 12:12:05 - [TEST_STEP][PASSED] - delay(3): Delayed 3 second(s)

2022-02-24 12:12:08 - [MESSAGE][PASSED] - Delayed 3 second(s)

2022-02-24 12:12:08 - [TEST_STEP][PASSED] - if (action2 == "idr"): Delayed 3 second(s)

2022-02-24 12:12:08 - [TEST_STEP][PASSED] - tap(idr, 10): Tapped on element 'Object Repository/Mobile/Page/Portfolio/Button - IDR'

2022-02-24 12:12:09 - [MESSAGE][PASSED] - Tapped on element 'Object Repository/Mobile/Page/Portfolio/Button - IDR'

2022-02-24 12:12:09 - [TEST_STEP][PASSED] - delay(3): Delayed 3 second(s)

2022-02-24 12:12:12 - [MESSAGE][PASSED] - Delayed 3 second(s)

2022-02-24 12:12:12 - [MESSAGE][PASSED] - Call Test Case 'Test Cases/Mobile/Page/Portfolio/Portfolio' successfully

2022-02-24 12:12:12 - [TEST_STEP][PASSED] - callTestCase(findTestCase("Mobile/Page/Run App/Terminate App"), [:], STOP_ON_FAILURE): Call Test Case 'Test Cases/Mobile/Page/Run App/Terminate App' successfully

2022-02-24 12:12:12 - [TEST_CASE][PASSED] - Test Cases/Mobile/Page/Run App/Terminate App: Test Cases/Mobile/Page/Run App/Terminate App

2022-02-24 12:12:12 - [TEST_STEP][PASSED] - startApp.OpenApp.terminateApplication(): startApp.OpenApp.terminateApplication is PASSED

2022-02-24 12:12:15 - [MESSAGE][PASSED] - Delayed 3 second(s)

2022-02-24 12:12:15 - [MESSAGE][PASSED] - Current device physical width is 720

2022-02-24 12:12:15 - [MESSAGE][PASSED] - Current device physical height is 1423

2022-02-24 12:12:16 - [MESSAGE][PASSED] - Swiped from 360,853 to 360,142

2022-02-24 12:12:17 - [MESSAGE][PASSED] - Delayed 1 second(s)

2022-02-24 12:12:19 - [MESSAGE][PASSED] - Swiped from 360,853 to 360,142

2022-02-24 12:12:22 - [MESSAGE][PASSED] - Delayed 3 second(s)

2022-02-24 12:12:22 - [MESSAGE][PASSED] - startApp.OpenApp.terminateApplication is PASSED

2022-02-24 12:12:22 - [MESSAGE][PASSED] - Call Test Case 'Test Cases/Mobile/Page/Run App/Terminate App' successfully]]></system-out>
         <system-err><![CDATA[]]></system-err>
      </testcase>
      <testcase name="Test Cases/Mobile/Scenario/Portfolio/003 - Portfolio Performance Month to Date IDR" time="77.963" classname="Test Cases/Mobile/Scenario/Portfolio/003 - Portfolio Performance Month to Date IDR" status="PASSED">
         <system-out><![CDATA[2022-02-24 12:12:22 - [TEST_CASE][PASSED] - Test Cases/Mobile/Scenario/Portfolio/003 - Portfolio Performance Month to Date IDR: Test Cases/Mobile/Scenario/Portfolio/003 - Portfolio Performance Month to Date IDR

2022-02-24 12:12:22 - [TEST_STEP][PASSED] - callTestCase(findTestCase("Mobile/Page/Run App/Run App byID"), [:], STOP_ON_FAILURE): Call Test Case 'Test Cases/Mobile/Page/Run App/Run App byID' successfully

2022-02-24 12:12:22 - [TEST_CASE][PASSED] - Test Cases/Mobile/Page/Run App/Run App byID: Test Cases/Mobile/Page/Run App/Run App byID

2022-02-24 12:12:22 - [TEST_STEP][PASSED] - startApp.OpenApp.startApplication("id.co.miraeasset.sageclub"): startApp.OpenApp.startApplication is PASSED

2022-02-24 12:12:40 - [MESSAGE][PASSED] - Starting app with application ID: 'id.co.miraeasset.sageclub'

2022-02-24 12:12:40 - [MESSAGE][PASSED] - startApp.OpenApp.startApplication is PASSED

2022-02-24 12:12:40 - [MESSAGE][PASSED] - Call Test Case 'Test Cases/Mobile/Page/Run App/Run App byID' successfully

2022-02-24 12:12:40 - [TEST_STEP][PASSED] - callTestCase(findTestCase("Mobile/Page/Portfolio/Portfolio"), ["tab":"summary", "action":"perf_month", "action2":"idr"], CONTINUE_ON_FAILURE): Call Test Case 'Test Cases/Mobile/Page/Portfolio/Portfolio' successfully

2022-02-24 12:12:40 - [TEST_CASE][PASSED] - Test Cases/Mobile/Page/Portfolio/Portfolio: Test Cases/Mobile/Page/Portfolio/Portfolio

2022-02-24 12:12:40 - [TEST_STEP][PASSED] - callTestCase(findTestCase("Mobile/Page/CheckLogin"), [:], CONTINUE_ON_FAILURE): Call Test Case 'Test Cases/Mobile/Page/CheckLogin' successfully

2022-02-24 12:12:40 - [TEST_CASE][PASSED] - Test Cases/Mobile/Page/CheckLogin: Test Cases/Mobile/Page/CheckLogin

2022-02-24 12:12:40 - [TEST_STEP][PASSED] - loginCheck = verifyElementExist(LOGN_BtnLogin, 5, CONTINUE_ON_FAILURE): Element 'Object Repository/Mobile/Page/Login/Button - Login' is exist

2022-02-24 12:12:43 - [MESSAGE][PASSED] - Element 'Object Repository/Mobile/Page/Login/Button - Login' is exist

2022-02-24 12:12:43 - [TEST_STEP][PASSED] - if (loginCheck): Call Test Case 'Test Cases/Mobile/Page/Login/Login' successfully

2022-02-24 12:12:43 - [TEST_STEP][PASSED] - callTestCase(findTestCase("Mobile/Page/Login/Login"), ["action":"username"], CONTINUE_ON_FAILURE): Call Test Case 'Test Cases/Mobile/Page/Login/Login' successfully

2022-02-24 12:12:43 - [TEST_CASE][PASSED] - Test Cases/Mobile/Page/Login/Login: Test Cases/Mobile/Page/Login/Login

2022-02-24 12:12:43 - [TEST_STEP][PASSED] - delay(2): Delayed 2 second(s)

2022-02-24 12:12:45 - [MESSAGE][PASSED] - Delayed 2 second(s)

2022-02-24 12:12:45 - [TEST_STEP][PASSED] - for ([i = 0, i < 1, (i++)]): null

2022-02-24 12:12:45 - [TEST_STEP][PASSED] - if (action == "username"): null

2022-02-24 12:12:45 - [TEST_STEP][PASSED] - tap(LOGN_EdtUserID, 0): Tapped on element 'Object Repository/Mobile/Page/Login/Input - UserID'

2022-02-24 12:12:45 - [MESSAGE][WARNING] - Timeout '0' is invalid. Using default page load timeout: '60'

2022-02-24 12:12:46 - [MESSAGE][PASSED] - Tapped on element 'Object Repository/Mobile/Page/Login/Input - UserID'

2022-02-24 12:12:46 - [TEST_STEP][PASSED] - delay(1): Delayed 1 second(s)

2022-02-24 12:12:47 - [MESSAGE][PASSED] - Delayed 1 second(s)

2022-02-24 12:12:47 - [TEST_STEP][PASSED] - setText(LOGN_EdtRdyUserID, "anggaaditya", 0): Text 'anggaaditya' has been set to element 'Object Repository/Mobile/Page/Login/Input Rdy - UserID'

2022-02-24 12:12:47 - [MESSAGE][WARNING] - Timeout '0' is invalid. Using default page load timeout: '60'

2022-02-24 12:12:48 - [MESSAGE][PASSED] - Text 'anggaaditya' has been set to element 'Object Repository/Mobile/Page/Login/Input Rdy - UserID'

2022-02-24 12:12:48 - [TEST_STEP][PASSED] - delay(1): Delayed 1 second(s)

2022-02-24 12:12:49 - [MESSAGE][PASSED] - Delayed 1 second(s)

2022-02-24 12:12:49 - [TEST_STEP][PASSED] - hideKeyboard(): Keyboard is hidden

2022-02-24 12:12:56 - [MESSAGE][PASSED] - Keyboard is hidden

2022-02-24 12:12:56 - [TEST_STEP][PASSED] - tap(LOGN_EdtPassword, 0): Tapped on element 'Object Repository/Mobile/Page/Login/Input - Password'

2022-02-24 12:12:56 - [MESSAGE][WARNING] - Timeout '0' is invalid. Using default page load timeout: '60'

2022-02-24 12:12:57 - [MESSAGE][PASSED] - Tapped on element 'Object Repository/Mobile/Page/Login/Input - Password'

2022-02-24 12:12:57 - [TEST_STEP][PASSED] - delay(1): Delayed 1 second(s)

2022-02-24 12:12:58 - [MESSAGE][PASSED] - Delayed 1 second(s)

2022-02-24 12:12:58 - [TEST_STEP][PASSED] - setText(LOGN_EdtRdyPassword, "Shalawa18", 0): Text 'Shalawa18' has been set to element 'Object Repository/Mobile/Page/Login/Input Rdy - Password'

2022-02-24 12:12:58 - [MESSAGE][WARNING] - Timeout '0' is invalid. Using default page load timeout: '60'

2022-02-24 12:12:59 - [MESSAGE][PASSED] - Text 'Shalawa18' has been set to element 'Object Repository/Mobile/Page/Login/Input Rdy - Password'

2022-02-24 12:12:59 - [TEST_STEP][PASSED] - delay(1): Delayed 1 second(s)

2022-02-24 12:13:00 - [MESSAGE][PASSED] - Delayed 1 second(s)

2022-02-24 12:13:00 - [TEST_STEP][PASSED] - hideKeyboard(): Keyboard is hidden

2022-02-24 12:13:10 - [MESSAGE][PASSED] - Keyboard is hidden

2022-02-24 12:13:10 - [TEST_STEP][PASSED] - tap(LOGN_BtnLogin, 0): Tapped on element 'Object Repository/Mobile/Page/Login/Button - Login'

2022-02-24 12:13:10 - [MESSAGE][WARNING] - Timeout '0' is invalid. Using default page load timeout: '60'

2022-02-24 12:13:11 - [MESSAGE][PASSED] - Tapped on element 'Object Repository/Mobile/Page/Login/Button - Login'

2022-02-24 12:13:11 - [TEST_STEP][PASSED] - delay(2): Delayed 2 second(s)

2022-02-24 12:13:13 - [MESSAGE][PASSED] - Delayed 2 second(s)

2022-02-24 12:13:13 - [TEST_STEP][PASSED] - break: null

2022-02-24 12:13:13 - [MESSAGE][PASSED] - Call Test Case 'Test Cases/Mobile/Page/Login/Login' successfully

2022-02-24 12:13:13 - [MESSAGE][PASSED] - Call Test Case 'Test Cases/Mobile/Page/CheckLogin' successfully

2022-02-24 12:13:13 - [TEST_STEP][PASSED] - tap(HOME_MenubarPortfolio, 0): Tapped on element 'Object Repository/Mobile/Page/Home/Menubar - Portfolio'

2022-02-24 12:13:13 - [MESSAGE][WARNING] - Timeout '0' is invalid. Using default page load timeout: '60'

2022-02-24 12:13:14 - [MESSAGE][PASSED] - Tapped on element 'Object Repository/Mobile/Page/Home/Menubar - Portfolio'

2022-02-24 12:13:14 - [TEST_STEP][PASSED] - delay(1): Delayed 1 second(s)

2022-02-24 12:13:15 - [MESSAGE][PASSED] - Delayed 1 second(s)

2022-02-24 12:13:15 - [TEST_STEP][PASSED] - for ([i = 0, i < 1, (i++)]): Delayed 3 second(s)

2022-02-24 12:13:15 - [TEST_STEP][PASSED] - if (tab == "summary"): Delayed 3 second(s)

2022-02-24 12:13:15 - [TEST_STEP][PASSED] - idr = PORT_BtnIDR: null

2022-02-24 12:13:15 - [TEST_STEP][PASSED] - persen = PORT_BtnPersen: null

2022-02-24 12:13:15 - [TEST_STEP][PASSED] - if (action == "summary"): null

2022-02-24 12:13:15 - [TEST_STEP][PASSED] - else if (action == "perf_daily"): null

2022-02-24 12:13:15 - [TEST_STEP][PASSED] - else if (action == "perf_month"): Tapped on element 'Object Repository/Mobile/Page/Portfolio/Tab - Summary Month to Date'

2022-02-24 12:13:15 - [TEST_STEP][PASSED] - scroll.scroll.scrollScreenBottomToTop(): scroll.scroll.scrollScreenBottomToTop is PASSED

2022-02-24 12:13:16 - [MESSAGE][PASSED] - Current device physical height is 1423

2022-02-24 12:13:16 - [MESSAGE][PASSED] - Current device physical width is 720

2022-02-24 12:13:17 - [MESSAGE][PASSED] - Swiped from 360,1,138 to 360,284

2022-02-24 12:13:17 - [MESSAGE][PASSED] - scroll.scroll.scrollScreenBottomToTop is PASSED

2022-02-24 12:13:17 - [TEST_STEP][PASSED] - delay(1): Delayed 1 second(s)

2022-02-24 12:13:18 - [MESSAGE][PASSED] - Delayed 1 second(s)

2022-02-24 12:13:18 - [TEST_STEP][PASSED] - tap(PORT_TabSummaryMonth, 0): Tapped on element 'Object Repository/Mobile/Page/Portfolio/Tab - Summary Month to Date'

2022-02-24 12:13:18 - [MESSAGE][WARNING] - Timeout '0' is invalid. Using default page load timeout: '60'

2022-02-24 12:13:19 - [MESSAGE][PASSED] - Tapped on element 'Object Repository/Mobile/Page/Portfolio/Tab - Summary Month to Date'

2022-02-24 12:13:19 - [TEST_STEP][PASSED] - if (action != "summary"): Delayed 3 second(s)

2022-02-24 12:13:19 - [TEST_STEP][PASSED] - delay(1): Delayed 1 second(s)

2022-02-24 12:13:20 - [MESSAGE][PASSED] - Delayed 1 second(s)

2022-02-24 12:13:20 - [TEST_STEP][PASSED] - scroll.scroll.scrollScreenBottomToTop(): scroll.scroll.scrollScreenBottomToTop is PASSED

2022-02-24 12:13:20 - [MESSAGE][PASSED] - Current device physical height is 1423

2022-02-24 12:13:20 - [MESSAGE][PASSED] - Current device physical width is 720

2022-02-24 12:13:22 - [MESSAGE][PASSED] - Swiped from 360,1,138 to 360,284

2022-02-24 12:13:22 - [MESSAGE][PASSED] - scroll.scroll.scrollScreenBottomToTop is PASSED

2022-02-24 12:13:22 - [TEST_STEP][PASSED] - scroll.scroll.scrollScreenBottomToTop(): scroll.scroll.scrollScreenBottomToTop is PASSED

2022-02-24 12:13:22 - [MESSAGE][PASSED] - Current device physical height is 1423

2022-02-24 12:13:22 - [MESSAGE][PASSED] - Current device physical width is 720

2022-02-24 12:13:23 - [MESSAGE][PASSED] - Swiped from 360,1,138 to 360,284

2022-02-24 12:13:23 - [MESSAGE][PASSED] - scroll.scroll.scrollScreenBottomToTop is PASSED

2022-02-24 12:13:23 - [TEST_STEP][PASSED] - delay(3): Delayed 3 second(s)

2022-02-24 12:13:26 - [MESSAGE][PASSED] - Delayed 3 second(s)

2022-02-24 12:13:26 - [TEST_STEP][PASSED] - if (action2 == "idr"): Delayed 3 second(s)

2022-02-24 12:13:26 - [TEST_STEP][PASSED] - tap(idr, 10): Tapped on element 'Object Repository/Mobile/Page/Portfolio/Button - IDR'

2022-02-24 12:13:26 - [MESSAGE][PASSED] - Tapped on element 'Object Repository/Mobile/Page/Portfolio/Button - IDR'

2022-02-24 12:13:26 - [TEST_STEP][PASSED] - delay(3): Delayed 3 second(s)

2022-02-24 12:13:29 - [MESSAGE][PASSED] - Delayed 3 second(s)

2022-02-24 12:13:29 - [MESSAGE][PASSED] - Call Test Case 'Test Cases/Mobile/Page/Portfolio/Portfolio' successfully

2022-02-24 12:13:29 - [TEST_STEP][PASSED] - callTestCase(findTestCase("Mobile/Page/Run App/Terminate App"), [:], STOP_ON_FAILURE): Call Test Case 'Test Cases/Mobile/Page/Run App/Terminate App' successfully

2022-02-24 12:13:30 - [TEST_CASE][PASSED] - Test Cases/Mobile/Page/Run App/Terminate App: Test Cases/Mobile/Page/Run App/Terminate App

2022-02-24 12:13:30 - [TEST_STEP][PASSED] - startApp.OpenApp.terminateApplication(): startApp.OpenApp.terminateApplication is PASSED

2022-02-24 12:13:33 - [MESSAGE][PASSED] - Delayed 3 second(s)

2022-02-24 12:13:33 - [MESSAGE][PASSED] - Current device physical width is 720

2022-02-24 12:13:33 - [MESSAGE][PASSED] - Current device physical height is 1423

2022-02-24 12:13:34 - [MESSAGE][PASSED] - Swiped from 360,853 to 360,142

2022-02-24 12:13:35 - [MESSAGE][PASSED] - Delayed 1 second(s)

2022-02-24 12:13:37 - [MESSAGE][PASSED] - Swiped from 360,853 to 360,142

2022-02-24 12:13:40 - [MESSAGE][PASSED] - Delayed 3 second(s)

2022-02-24 12:13:40 - [MESSAGE][PASSED] - startApp.OpenApp.terminateApplication is PASSED

2022-02-24 12:13:40 - [MESSAGE][PASSED] - Call Test Case 'Test Cases/Mobile/Page/Run App/Terminate App' successfully]]></system-out>
         <system-err><![CDATA[]]></system-err>
      </testcase>
      <testcase name="Test Cases/Mobile/Scenario/Portfolio/004 - Portfolio Performance Quarter to Date IDR" time="71.859" classname="Test Cases/Mobile/Scenario/Portfolio/004 - Portfolio Performance Quarter to Date IDR" status="PASSED">
         <system-out><![CDATA[2022-02-24 12:13:40 - [TEST_CASE][PASSED] - Test Cases/Mobile/Scenario/Portfolio/004 - Portfolio Performance Quarter to Date IDR: Test Cases/Mobile/Scenario/Portfolio/004 - Portfolio Performance Quarter to Date IDR

2022-02-24 12:13:40 - [TEST_STEP][PASSED] - callTestCase(findTestCase("Mobile/Page/Run App/Run App byID"), [:], STOP_ON_FAILURE): Call Test Case 'Test Cases/Mobile/Page/Run App/Run App byID' successfully

2022-02-24 12:13:40 - [TEST_CASE][PASSED] - Test Cases/Mobile/Page/Run App/Run App byID: Test Cases/Mobile/Page/Run App/Run App byID

2022-02-24 12:13:40 - [TEST_STEP][PASSED] - startApp.OpenApp.startApplication("id.co.miraeasset.sageclub"): startApp.OpenApp.startApplication is PASSED

2022-02-24 12:13:57 - [MESSAGE][PASSED] - Starting app with application ID: 'id.co.miraeasset.sageclub'

2022-02-24 12:13:57 - [MESSAGE][PASSED] - startApp.OpenApp.startApplication is PASSED

2022-02-24 12:13:57 - [MESSAGE][PASSED] - Call Test Case 'Test Cases/Mobile/Page/Run App/Run App byID' successfully

2022-02-24 12:13:57 - [TEST_STEP][PASSED] - callTestCase(findTestCase("Mobile/Page/Portfolio/Portfolio"), ["tab":"summary", "action":"perf_quarter", "action2":"idr"], CONTINUE_ON_FAILURE): Call Test Case 'Test Cases/Mobile/Page/Portfolio/Portfolio' successfully

2022-02-24 12:13:57 - [TEST_CASE][PASSED] - Test Cases/Mobile/Page/Portfolio/Portfolio: Test Cases/Mobile/Page/Portfolio/Portfolio

2022-02-24 12:13:57 - [TEST_STEP][PASSED] - callTestCase(findTestCase("Mobile/Page/CheckLogin"), [:], CONTINUE_ON_FAILURE): Call Test Case 'Test Cases/Mobile/Page/CheckLogin' successfully

2022-02-24 12:13:57 - [TEST_CASE][PASSED] - Test Cases/Mobile/Page/CheckLogin: Test Cases/Mobile/Page/CheckLogin

2022-02-24 12:13:57 - [TEST_STEP][PASSED] - loginCheck = verifyElementExist(LOGN_BtnLogin, 5, CONTINUE_ON_FAILURE): Element 'Object Repository/Mobile/Page/Login/Button - Login' is exist

2022-02-24 12:14:00 - [MESSAGE][PASSED] - Element 'Object Repository/Mobile/Page/Login/Button - Login' is exist

2022-02-24 12:14:00 - [TEST_STEP][PASSED] - if (loginCheck): Call Test Case 'Test Cases/Mobile/Page/Login/Login' successfully

2022-02-24 12:14:00 - [TEST_STEP][PASSED] - callTestCase(findTestCase("Mobile/Page/Login/Login"), ["action":"username"], CONTINUE_ON_FAILURE): Call Test Case 'Test Cases/Mobile/Page/Login/Login' successfully

2022-02-24 12:14:00 - [TEST_CASE][PASSED] - Test Cases/Mobile/Page/Login/Login: Test Cases/Mobile/Page/Login/Login

2022-02-24 12:14:00 - [TEST_STEP][PASSED] - delay(2): Delayed 2 second(s)

2022-02-24 12:14:02 - [MESSAGE][PASSED] - Delayed 2 second(s)

2022-02-24 12:14:02 - [TEST_STEP][PASSED] - for ([i = 0, i < 1, (i++)]): null

2022-02-24 12:14:02 - [TEST_STEP][PASSED] - if (action == "username"): null

2022-02-24 12:14:02 - [TEST_STEP][PASSED] - tap(LOGN_EdtUserID, 0): Tapped on element 'Object Repository/Mobile/Page/Login/Input - UserID'

2022-02-24 12:14:02 - [MESSAGE][WARNING] - Timeout '0' is invalid. Using default page load timeout: '60'

2022-02-24 12:14:02 - [MESSAGE][PASSED] - Tapped on element 'Object Repository/Mobile/Page/Login/Input - UserID'

2022-02-24 12:14:02 - [TEST_STEP][PASSED] - delay(1): Delayed 1 second(s)

2022-02-24 12:14:03 - [MESSAGE][PASSED] - Delayed 1 second(s)

2022-02-24 12:14:03 - [TEST_STEP][PASSED] - setText(LOGN_EdtRdyUserID, "anggaaditya", 0): Text 'anggaaditya' has been set to element 'Object Repository/Mobile/Page/Login/Input Rdy - UserID'

2022-02-24 12:14:03 - [MESSAGE][WARNING] - Timeout '0' is invalid. Using default page load timeout: '60'

2022-02-24 12:14:05 - [MESSAGE][PASSED] - Text 'anggaaditya' has been set to element 'Object Repository/Mobile/Page/Login/Input Rdy - UserID'

2022-02-24 12:14:05 - [TEST_STEP][PASSED] - delay(1): Delayed 1 second(s)

2022-02-24 12:14:06 - [MESSAGE][PASSED] - Delayed 1 second(s)

2022-02-24 12:14:06 - [TEST_STEP][PASSED] - hideKeyboard(): Keyboard is hidden

2022-02-24 12:14:11 - [MESSAGE][PASSED] - Keyboard is hidden

2022-02-24 12:14:11 - [TEST_STEP][PASSED] - tap(LOGN_EdtPassword, 0): Tapped on element 'Object Repository/Mobile/Page/Login/Input - Password'

2022-02-24 12:14:11 - [MESSAGE][WARNING] - Timeout '0' is invalid. Using default page load timeout: '60'

2022-02-24 12:14:11 - [MESSAGE][PASSED] - Tapped on element 'Object Repository/Mobile/Page/Login/Input - Password'

2022-02-24 12:14:11 - [TEST_STEP][PASSED] - delay(1): Delayed 1 second(s)

2022-02-24 12:14:13 - [MESSAGE][PASSED] - Delayed 1 second(s)

2022-02-24 12:14:13 - [TEST_STEP][PASSED] - setText(LOGN_EdtRdyPassword, "Shalawa18", 0): Text 'Shalawa18' has been set to element 'Object Repository/Mobile/Page/Login/Input Rdy - Password'

2022-02-24 12:14:13 - [MESSAGE][WARNING] - Timeout '0' is invalid. Using default page load timeout: '60'

2022-02-24 12:14:13 - [MESSAGE][PASSED] - Text 'Shalawa18' has been set to element 'Object Repository/Mobile/Page/Login/Input Rdy - Password'

2022-02-24 12:14:13 - [TEST_STEP][PASSED] - delay(1): Delayed 1 second(s)

2022-02-24 12:14:14 - [MESSAGE][PASSED] - Delayed 1 second(s)

2022-02-24 12:14:14 - [TEST_STEP][PASSED] - hideKeyboard(): Keyboard is hidden

2022-02-24 12:14:22 - [MESSAGE][PASSED] - Keyboard is hidden

2022-02-24 12:14:22 - [TEST_STEP][PASSED] - tap(LOGN_BtnLogin, 0): Tapped on element 'Object Repository/Mobile/Page/Login/Button - Login'

2022-02-24 12:14:22 - [MESSAGE][WARNING] - Timeout '0' is invalid. Using default page load timeout: '60'

2022-02-24 12:14:23 - [MESSAGE][PASSED] - Tapped on element 'Object Repository/Mobile/Page/Login/Button - Login'

2022-02-24 12:14:23 - [TEST_STEP][PASSED] - delay(2): Delayed 2 second(s)

2022-02-24 12:14:25 - [MESSAGE][PASSED] - Delayed 2 second(s)

2022-02-24 12:14:25 - [TEST_STEP][PASSED] - break: null

2022-02-24 12:14:25 - [MESSAGE][PASSED] - Call Test Case 'Test Cases/Mobile/Page/Login/Login' successfully

2022-02-24 12:14:25 - [MESSAGE][PASSED] - Call Test Case 'Test Cases/Mobile/Page/CheckLogin' successfully

2022-02-24 12:14:25 - [TEST_STEP][PASSED] - tap(HOME_MenubarPortfolio, 0): Tapped on element 'Object Repository/Mobile/Page/Home/Menubar - Portfolio'

2022-02-24 12:14:25 - [MESSAGE][WARNING] - Timeout '0' is invalid. Using default page load timeout: '60'

2022-02-24 12:14:26 - [MESSAGE][PASSED] - Tapped on element 'Object Repository/Mobile/Page/Home/Menubar - Portfolio'

2022-02-24 12:14:26 - [TEST_STEP][PASSED] - delay(1): Delayed 1 second(s)

2022-02-24 12:14:27 - [MESSAGE][PASSED] - Delayed 1 second(s)

2022-02-24 12:14:27 - [TEST_STEP][PASSED] - for ([i = 0, i < 1, (i++)]): Delayed 3 second(s)

2022-02-24 12:14:27 - [TEST_STEP][PASSED] - if (tab == "summary"): Delayed 3 second(s)

2022-02-24 12:14:27 - [TEST_STEP][PASSED] - idr = PORT_BtnIDR: null

2022-02-24 12:14:27 - [TEST_STEP][PASSED] - persen = PORT_BtnPersen: null

2022-02-24 12:14:27 - [TEST_STEP][PASSED] - if (action == "summary"): null

2022-02-24 12:14:27 - [TEST_STEP][PASSED] - else if (action == "perf_daily"): null

2022-02-24 12:14:27 - [TEST_STEP][PASSED] - else if (action == "perf_month"): null

2022-02-24 12:14:27 - [TEST_STEP][PASSED] - else if (action == "perf_quarter"): Tapped on element 'Object Repository/Mobile/Page/Portfolio/Tab - Summary Quarter to Date'

2022-02-24 12:14:27 - [TEST_STEP][PASSED] - scroll.scroll.scrollScreenBottomToTop(): scroll.scroll.scrollScreenBottomToTop is PASSED

2022-02-24 12:14:28 - [MESSAGE][PASSED] - Current device physical height is 1423

2022-02-24 12:14:28 - [MESSAGE][PASSED] - Current device physical width is 720

2022-02-24 12:14:29 - [MESSAGE][PASSED] - Swiped from 360,1,138 to 360,284

2022-02-24 12:14:29 - [MESSAGE][PASSED] - scroll.scroll.scrollScreenBottomToTop is PASSED

2022-02-24 12:14:29 - [TEST_STEP][PASSED] - delay(1): Delayed 1 second(s)

2022-02-24 12:14:30 - [MESSAGE][PASSED] - Delayed 1 second(s)

2022-02-24 12:14:30 - [TEST_STEP][PASSED] - tap(PORT_TabSummaryQuarter, 0): Tapped on element 'Object Repository/Mobile/Page/Portfolio/Tab - Summary Quarter to Date'

2022-02-24 12:14:30 - [MESSAGE][WARNING] - Timeout '0' is invalid. Using default page load timeout: '60'

2022-02-24 12:14:31 - [MESSAGE][PASSED] - Tapped on element 'Object Repository/Mobile/Page/Portfolio/Tab - Summary Quarter to Date'

2022-02-24 12:14:31 - [TEST_STEP][PASSED] - if (action != "summary"): Delayed 3 second(s)

2022-02-24 12:14:31 - [TEST_STEP][PASSED] - delay(1): Delayed 1 second(s)

2022-02-24 12:14:32 - [MESSAGE][PASSED] - Delayed 1 second(s)

2022-02-24 12:14:32 - [TEST_STEP][PASSED] - scroll.scroll.scrollScreenBottomToTop(): scroll.scroll.scrollScreenBottomToTop is PASSED

2022-02-24 12:14:32 - [MESSAGE][PASSED] - Current device physical height is 1423

2022-02-24 12:14:32 - [MESSAGE][PASSED] - Current device physical width is 720

2022-02-24 12:14:33 - [MESSAGE][PASSED] - Swiped from 360,1,138 to 360,284

2022-02-24 12:14:33 - [MESSAGE][PASSED] - scroll.scroll.scrollScreenBottomToTop is PASSED

2022-02-24 12:14:33 - [TEST_STEP][PASSED] - scroll.scroll.scrollScreenBottomToTop(): scroll.scroll.scrollScreenBottomToTop is PASSED

2022-02-24 12:14:34 - [MESSAGE][PASSED] - Current device physical height is 1423

2022-02-24 12:14:34 - [MESSAGE][PASSED] - Current device physical width is 720

2022-02-24 12:14:35 - [MESSAGE][PASSED] - Swiped from 360,1,138 to 360,284

2022-02-24 12:14:35 - [MESSAGE][PASSED] - scroll.scroll.scrollScreenBottomToTop is PASSED

2022-02-24 12:14:35 - [TEST_STEP][PASSED] - delay(3): Delayed 3 second(s)

2022-02-24 12:14:38 - [MESSAGE][PASSED] - Delayed 3 second(s)

2022-02-24 12:14:38 - [TEST_STEP][PASSED] - if (action2 == "idr"): Delayed 3 second(s)

2022-02-24 12:14:38 - [TEST_STEP][PASSED] - tap(idr, 10): Tapped on element 'Object Repository/Mobile/Page/Portfolio/Button - IDR'

2022-02-24 12:14:38 - [MESSAGE][PASSED] - Tapped on element 'Object Repository/Mobile/Page/Portfolio/Button - IDR'

2022-02-24 12:14:38 - [TEST_STEP][PASSED] - delay(3): Delayed 3 second(s)

2022-02-24 12:14:41 - [MESSAGE][PASSED] - Delayed 3 second(s)

2022-02-24 12:14:41 - [MESSAGE][PASSED] - Call Test Case 'Test Cases/Mobile/Page/Portfolio/Portfolio' successfully

2022-02-24 12:14:41 - [TEST_STEP][PASSED] - callTestCase(findTestCase("Mobile/Page/Run App/Terminate App"), [:], STOP_ON_FAILURE): Call Test Case 'Test Cases/Mobile/Page/Run App/Terminate App' successfully

2022-02-24 12:14:41 - [TEST_CASE][PASSED] - Test Cases/Mobile/Page/Run App/Terminate App: Test Cases/Mobile/Page/Run App/Terminate App

2022-02-24 12:14:41 - [TEST_STEP][PASSED] - startApp.OpenApp.terminateApplication(): startApp.OpenApp.terminateApplication is PASSED

2022-02-24 12:14:44 - [MESSAGE][PASSED] - Delayed 3 second(s)

2022-02-24 12:14:45 - [MESSAGE][PASSED] - Current device physical width is 720

2022-02-24 12:14:45 - [MESSAGE][PASSED] - Current device physical height is 1423

2022-02-24 12:14:46 - [MESSAGE][PASSED] - Swiped from 360,853 to 360,142

2022-02-24 12:14:47 - [MESSAGE][PASSED] - Delayed 1 second(s)

2022-02-24 12:14:48 - [MESSAGE][PASSED] - Swiped from 360,853 to 360,142

2022-02-24 12:14:51 - [MESSAGE][PASSED] - Delayed 3 second(s)

2022-02-24 12:14:51 - [MESSAGE][PASSED] - startApp.OpenApp.terminateApplication is PASSED

2022-02-24 12:14:51 - [MESSAGE][PASSED] - Call Test Case 'Test Cases/Mobile/Page/Run App/Terminate App' successfully]]></system-out>
         <system-err><![CDATA[]]></system-err>
      </testcase>
      <testcase name="Test Cases/Mobile/Scenario/Portfolio/005 - Portfolio Performance Year to Date IDR" time="70.849" classname="Test Cases/Mobile/Scenario/Portfolio/005 - Portfolio Performance Year to Date IDR" status="PASSED">
         <system-out><![CDATA[2022-02-24 12:14:51 - [TEST_CASE][PASSED] - Test Cases/Mobile/Scenario/Portfolio/005 - Portfolio Performance Year to Date IDR: Test Cases/Mobile/Scenario/Portfolio/005 - Portfolio Performance Year to Date IDR

2022-02-24 12:14:52 - [TEST_STEP][PASSED] - callTestCase(findTestCase("Mobile/Page/Run App/Run App byID"), [:], STOP_ON_FAILURE): Call Test Case 'Test Cases/Mobile/Page/Run App/Run App byID' successfully

2022-02-24 12:14:52 - [TEST_CASE][PASSED] - Test Cases/Mobile/Page/Run App/Run App byID: Test Cases/Mobile/Page/Run App/Run App byID

2022-02-24 12:14:52 - [TEST_STEP][PASSED] - startApp.OpenApp.startApplication("id.co.miraeasset.sageclub"): startApp.OpenApp.startApplication is PASSED

2022-02-24 12:15:06 - [MESSAGE][PASSED] - Starting app with application ID: 'id.co.miraeasset.sageclub'

2022-02-24 12:15:06 - [MESSAGE][PASSED] - startApp.OpenApp.startApplication is PASSED

2022-02-24 12:15:07 - [MESSAGE][PASSED] - Call Test Case 'Test Cases/Mobile/Page/Run App/Run App byID' successfully

2022-02-24 12:15:07 - [TEST_STEP][PASSED] - callTestCase(findTestCase("Mobile/Page/Portfolio/Portfolio"), ["tab":"summary", "action":"perf_year", "action2":"idr"], CONTINUE_ON_FAILURE): Call Test Case 'Test Cases/Mobile/Page/Portfolio/Portfolio' successfully

2022-02-24 12:15:07 - [TEST_CASE][PASSED] - Test Cases/Mobile/Page/Portfolio/Portfolio: Test Cases/Mobile/Page/Portfolio/Portfolio

2022-02-24 12:15:07 - [TEST_STEP][PASSED] - callTestCase(findTestCase("Mobile/Page/CheckLogin"), [:], CONTINUE_ON_FAILURE): Call Test Case 'Test Cases/Mobile/Page/CheckLogin' successfully

2022-02-24 12:15:07 - [TEST_CASE][PASSED] - Test Cases/Mobile/Page/CheckLogin: Test Cases/Mobile/Page/CheckLogin

2022-02-24 12:15:07 - [TEST_STEP][PASSED] - loginCheck = verifyElementExist(LOGN_BtnLogin, 5, CONTINUE_ON_FAILURE): Element 'Object Repository/Mobile/Page/Login/Button - Login' is exist

2022-02-24 12:15:09 - [MESSAGE][PASSED] - Element 'Object Repository/Mobile/Page/Login/Button - Login' is exist

2022-02-24 12:15:09 - [TEST_STEP][PASSED] - if (loginCheck): Call Test Case 'Test Cases/Mobile/Page/Login/Login' successfully

2022-02-24 12:15:09 - [TEST_STEP][PASSED] - callTestCase(findTestCase("Mobile/Page/Login/Login"), ["action":"username"], CONTINUE_ON_FAILURE): Call Test Case 'Test Cases/Mobile/Page/Login/Login' successfully

2022-02-24 12:15:09 - [TEST_CASE][PASSED] - Test Cases/Mobile/Page/Login/Login: Test Cases/Mobile/Page/Login/Login

2022-02-24 12:15:09 - [TEST_STEP][PASSED] - delay(2): Delayed 2 second(s)

2022-02-24 12:15:11 - [MESSAGE][PASSED] - Delayed 2 second(s)

2022-02-24 12:15:11 - [TEST_STEP][PASSED] - for ([i = 0, i < 1, (i++)]): null

2022-02-24 12:15:11 - [TEST_STEP][PASSED] - if (action == "username"): null

2022-02-24 12:15:11 - [TEST_STEP][PASSED] - tap(LOGN_EdtUserID, 0): Tapped on element 'Object Repository/Mobile/Page/Login/Input - UserID'

2022-02-24 12:15:11 - [MESSAGE][WARNING] - Timeout '0' is invalid. Using default page load timeout: '60'

2022-02-24 12:15:12 - [MESSAGE][PASSED] - Tapped on element 'Object Repository/Mobile/Page/Login/Input - UserID'

2022-02-24 12:15:12 - [TEST_STEP][PASSED] - delay(1): Delayed 1 second(s)

2022-02-24 12:15:13 - [MESSAGE][PASSED] - Delayed 1 second(s)

2022-02-24 12:15:13 - [TEST_STEP][PASSED] - setText(LOGN_EdtRdyUserID, "anggaaditya", 0): Text 'anggaaditya' has been set to element 'Object Repository/Mobile/Page/Login/Input Rdy - UserID'

2022-02-24 12:15:13 - [MESSAGE][WARNING] - Timeout '0' is invalid. Using default page load timeout: '60'

2022-02-24 12:15:14 - [MESSAGE][PASSED] - Text 'anggaaditya' has been set to element 'Object Repository/Mobile/Page/Login/Input Rdy - UserID'

2022-02-24 12:15:14 - [TEST_STEP][PASSED] - delay(1): Delayed 1 second(s)

2022-02-24 12:15:15 - [MESSAGE][PASSED] - Delayed 1 second(s)

2022-02-24 12:15:15 - [TEST_STEP][PASSED] - hideKeyboard(): Keyboard is hidden

2022-02-24 12:15:23 - [MESSAGE][PASSED] - Keyboard is hidden

2022-02-24 12:15:23 - [TEST_STEP][PASSED] - tap(LOGN_EdtPassword, 0): Tapped on element 'Object Repository/Mobile/Page/Login/Input - Password'

2022-02-24 12:15:23 - [MESSAGE][WARNING] - Timeout '0' is invalid. Using default page load timeout: '60'

2022-02-24 12:15:23 - [MESSAGE][PASSED] - Tapped on element 'Object Repository/Mobile/Page/Login/Input - Password'

2022-02-24 12:15:23 - [TEST_STEP][PASSED] - delay(1): Delayed 1 second(s)

2022-02-24 12:15:24 - [MESSAGE][PASSED] - Delayed 1 second(s)

2022-02-24 12:15:24 - [TEST_STEP][PASSED] - setText(LOGN_EdtRdyPassword, "Shalawa18", 0): Text 'Shalawa18' has been set to element 'Object Repository/Mobile/Page/Login/Input Rdy - Password'

2022-02-24 12:15:24 - [MESSAGE][WARNING] - Timeout '0' is invalid. Using default page load timeout: '60'

2022-02-24 12:15:25 - [MESSAGE][PASSED] - Text 'Shalawa18' has been set to element 'Object Repository/Mobile/Page/Login/Input Rdy - Password'

2022-02-24 12:15:25 - [TEST_STEP][PASSED] - delay(1): Delayed 1 second(s)

2022-02-24 12:15:26 - [MESSAGE][PASSED] - Delayed 1 second(s)

2022-02-24 12:15:26 - [TEST_STEP][PASSED] - hideKeyboard(): Keyboard is hidden

2022-02-24 12:15:33 - [MESSAGE][PASSED] - Keyboard is hidden

2022-02-24 12:15:33 - [TEST_STEP][PASSED] - tap(LOGN_BtnLogin, 0): Tapped on element 'Object Repository/Mobile/Page/Login/Button - Login'

2022-02-24 12:15:33 - [MESSAGE][WARNING] - Timeout '0' is invalid. Using default page load timeout: '60'

2022-02-24 12:15:34 - [MESSAGE][PASSED] - Tapped on element 'Object Repository/Mobile/Page/Login/Button - Login'

2022-02-24 12:15:34 - [TEST_STEP][PASSED] - delay(2): Delayed 2 second(s)

2022-02-24 12:15:36 - [MESSAGE][PASSED] - Delayed 2 second(s)

2022-02-24 12:15:36 - [TEST_STEP][PASSED] - break: null

2022-02-24 12:15:36 - [MESSAGE][PASSED] - Call Test Case 'Test Cases/Mobile/Page/Login/Login' successfully

2022-02-24 12:15:36 - [MESSAGE][PASSED] - Call Test Case 'Test Cases/Mobile/Page/CheckLogin' successfully

2022-02-24 12:15:36 - [TEST_STEP][PASSED] - tap(HOME_MenubarPortfolio, 0): Tapped on element 'Object Repository/Mobile/Page/Home/Menubar - Portfolio'

2022-02-24 12:15:36 - [MESSAGE][WARNING] - Timeout '0' is invalid. Using default page load timeout: '60'

2022-02-24 12:15:37 - [MESSAGE][PASSED] - Tapped on element 'Object Repository/Mobile/Page/Home/Menubar - Portfolio'

2022-02-24 12:15:37 - [TEST_STEP][PASSED] - delay(1): Delayed 1 second(s)

2022-02-24 12:15:38 - [MESSAGE][PASSED] - Delayed 1 second(s)

2022-02-24 12:15:38 - [TEST_STEP][PASSED] - for ([i = 0, i < 1, (i++)]): Delayed 3 second(s)

2022-02-24 12:15:38 - [TEST_STEP][PASSED] - if (tab == "summary"): Delayed 3 second(s)

2022-02-24 12:15:38 - [TEST_STEP][PASSED] - idr = PORT_BtnIDR: null

2022-02-24 12:15:38 - [TEST_STEP][PASSED] - persen = PORT_BtnPersen: null

2022-02-24 12:15:38 - [TEST_STEP][PASSED] - if (action == "summary"): null

2022-02-24 12:15:38 - [TEST_STEP][PASSED] - else if (action == "perf_daily"): null

2022-02-24 12:15:38 - [TEST_STEP][PASSED] - else if (action == "perf_month"): null

2022-02-24 12:15:38 - [TEST_STEP][PASSED] - else if (action == "perf_quarter"): null

2022-02-24 12:15:38 - [TEST_STEP][PASSED] - else if (action == "perf_year"): Tapped on element 'Object Repository/Mobile/Page/Portfolio/Tab - Summary Year to Date'

2022-02-24 12:15:38 - [TEST_STEP][PASSED] - scroll.scroll.scrollScreenBottomToTop(): scroll.scroll.scrollScreenBottomToTop is PASSED

2022-02-24 12:15:39 - [MESSAGE][PASSED] - Current device physical height is 1423

2022-02-24 12:15:39 - [MESSAGE][PASSED] - Current device physical width is 720

2022-02-24 12:15:40 - [MESSAGE][PASSED] - Swiped from 360,1,138 to 360,284

2022-02-24 12:15:40 - [MESSAGE][PASSED] - scroll.scroll.scrollScreenBottomToTop is PASSED

2022-02-24 12:15:40 - [TEST_STEP][PASSED] - delay(1): Delayed 1 second(s)

2022-02-24 12:15:41 - [MESSAGE][PASSED] - Delayed 1 second(s)

2022-02-24 12:15:41 - [TEST_STEP][PASSED] - tap(PORT_TabSummaryYear, 0): Tapped on element 'Object Repository/Mobile/Page/Portfolio/Tab - Summary Year to Date'

2022-02-24 12:15:41 - [MESSAGE][WARNING] - Timeout '0' is invalid. Using default page load timeout: '60'

2022-02-24 12:15:41 - [MESSAGE][PASSED] - Tapped on element 'Object Repository/Mobile/Page/Portfolio/Tab - Summary Year to Date'

2022-02-24 12:15:41 - [TEST_STEP][PASSED] - if (action != "summary"): Delayed 3 second(s)

2022-02-24 12:15:41 - [TEST_STEP][PASSED] - delay(1): Delayed 1 second(s)

2022-02-24 12:15:42 - [MESSAGE][PASSED] - Delayed 1 second(s)

2022-02-24 12:15:42 - [TEST_STEP][PASSED] - scroll.scroll.scrollScreenBottomToTop(): scroll.scroll.scrollScreenBottomToTop is PASSED

2022-02-24 12:15:43 - [MESSAGE][PASSED] - Current device physical height is 1423

2022-02-24 12:15:43 - [MESSAGE][PASSED] - Current device physical width is 720

2022-02-24 12:15:44 - [MESSAGE][PASSED] - Swiped from 360,1,138 to 360,284

2022-02-24 12:15:44 - [MESSAGE][PASSED] - scroll.scroll.scrollScreenBottomToTop is PASSED

2022-02-24 12:15:44 - [TEST_STEP][PASSED] - scroll.scroll.scrollScreenBottomToTop(): scroll.scroll.scrollScreenBottomToTop is PASSED

2022-02-24 12:15:44 - [MESSAGE][PASSED] - Current device physical height is 1423

2022-02-24 12:15:44 - [MESSAGE][PASSED] - Current device physical width is 720

2022-02-24 12:15:45 - [MESSAGE][PASSED] - Swiped from 360,1,138 to 360,284

2022-02-24 12:15:45 - [MESSAGE][PASSED] - scroll.scroll.scrollScreenBottomToTop is PASSED

2022-02-24 12:15:45 - [TEST_STEP][PASSED] - delay(3): Delayed 3 second(s)

2022-02-24 12:15:48 - [MESSAGE][PASSED] - Delayed 3 second(s)

2022-02-24 12:15:48 - [TEST_STEP][PASSED] - if (action2 == "idr"): Delayed 3 second(s)

2022-02-24 12:15:48 - [TEST_STEP][PASSED] - tap(idr, 10): Tapped on element 'Object Repository/Mobile/Page/Portfolio/Button - IDR'

2022-02-24 12:15:49 - [MESSAGE][PASSED] - Tapped on element 'Object Repository/Mobile/Page/Portfolio/Button - IDR'

2022-02-24 12:15:49 - [TEST_STEP][PASSED] - delay(3): Delayed 3 second(s)

2022-02-24 12:15:52 - [MESSAGE][PASSED] - Delayed 3 second(s)

2022-02-24 12:15:52 - [MESSAGE][PASSED] - Call Test Case 'Test Cases/Mobile/Page/Portfolio/Portfolio' successfully

2022-02-24 12:15:52 - [TEST_STEP][PASSED] - callTestCase(findTestCase("Mobile/Page/Run App/Terminate App"), [:], STOP_ON_FAILURE): Call Test Case 'Test Cases/Mobile/Page/Run App/Terminate App' successfully

2022-02-24 12:15:52 - [TEST_CASE][PASSED] - Test Cases/Mobile/Page/Run App/Terminate App: Test Cases/Mobile/Page/Run App/Terminate App

2022-02-24 12:15:52 - [TEST_STEP][PASSED] - startApp.OpenApp.terminateApplication(): startApp.OpenApp.terminateApplication is PASSED

2022-02-24 12:15:55 - [MESSAGE][PASSED] - Delayed 3 second(s)

2022-02-24 12:15:56 - [MESSAGE][PASSED] - Current device physical width is 720

2022-02-24 12:15:56 - [MESSAGE][PASSED] - Current device physical height is 1423

2022-02-24 12:15:57 - [MESSAGE][PASSED] - Swiped from 360,853 to 360,142

2022-02-24 12:15:58 - [MESSAGE][PASSED] - Delayed 1 second(s)

2022-02-24 12:15:59 - [MESSAGE][PASSED] - Swiped from 360,853 to 360,142

2022-02-24 12:16:02 - [MESSAGE][PASSED] - Delayed 3 second(s)

2022-02-24 12:16:02 - [MESSAGE][PASSED] - startApp.OpenApp.terminateApplication is PASSED

2022-02-24 12:16:02 - [MESSAGE][PASSED] - Call Test Case 'Test Cases/Mobile/Page/Run App/Terminate App' successfully]]></system-out>
         <system-err><![CDATA[]]></system-err>
      </testcase>
      <testcase name="Test Cases/Mobile/Scenario/Portfolio/006 - Portfolio Performance Daily Persen" time="62.326" classname="Test Cases/Mobile/Scenario/Portfolio/006 - Portfolio Performance Daily Persen" status="PASSED">
         <system-out><![CDATA[2022-02-24 12:16:02 - [TEST_CASE][PASSED] - Test Cases/Mobile/Scenario/Portfolio/006 - Portfolio Performance Daily Persen: Test Cases/Mobile/Scenario/Portfolio/006 - Portfolio Performance Daily Persen

2022-02-24 12:16:03 - [TEST_STEP][PASSED] - callTestCase(findTestCase("Mobile/Page/Run App/Run App byID"), [:], STOP_ON_FAILURE): Call Test Case 'Test Cases/Mobile/Page/Run App/Run App byID' successfully

2022-02-24 12:16:03 - [TEST_CASE][PASSED] - Test Cases/Mobile/Page/Run App/Run App byID: Test Cases/Mobile/Page/Run App/Run App byID

2022-02-24 12:16:03 - [TEST_STEP][PASSED] - startApp.OpenApp.startApplication("id.co.miraeasset.sageclub"): startApp.OpenApp.startApplication is PASSED

2022-02-24 12:16:14 - [MESSAGE][PASSED] - Starting app with application ID: 'id.co.miraeasset.sageclub'

2022-02-24 12:16:14 - [MESSAGE][PASSED] - startApp.OpenApp.startApplication is PASSED

2022-02-24 12:16:14 - [MESSAGE][PASSED] - Call Test Case 'Test Cases/Mobile/Page/Run App/Run App byID' successfully

2022-02-24 12:16:14 - [TEST_STEP][PASSED] - callTestCase(findTestCase("Mobile/Page/Portfolio/Portfolio"), ["tab":"summary", "action":"perf_daily", "action2":"persen"], CONTINUE_ON_FAILURE): Call Test Case 'Test Cases/Mobile/Page/Portfolio/Portfolio' successfully

2022-02-24 12:16:14 - [TEST_CASE][PASSED] - Test Cases/Mobile/Page/Portfolio/Portfolio: Test Cases/Mobile/Page/Portfolio/Portfolio

2022-02-24 12:16:14 - [TEST_STEP][PASSED] - callTestCase(findTestCase("Mobile/Page/CheckLogin"), [:], CONTINUE_ON_FAILURE): Call Test Case 'Test Cases/Mobile/Page/CheckLogin' successfully

2022-02-24 12:16:14 - [TEST_CASE][PASSED] - Test Cases/Mobile/Page/CheckLogin: Test Cases/Mobile/Page/CheckLogin

2022-02-24 12:16:14 - [TEST_STEP][PASSED] - loginCheck = verifyElementExist(LOGN_BtnLogin, 5, CONTINUE_ON_FAILURE): Element 'Object Repository/Mobile/Page/Login/Button - Login' is exist

2022-02-24 12:16:17 - [MESSAGE][PASSED] - Element 'Object Repository/Mobile/Page/Login/Button - Login' is exist

2022-02-24 12:16:17 - [TEST_STEP][PASSED] - if (loginCheck): Call Test Case 'Test Cases/Mobile/Page/Login/Login' successfully

2022-02-24 12:16:17 - [TEST_STEP][PASSED] - callTestCase(findTestCase("Mobile/Page/Login/Login"), ["action":"username"], CONTINUE_ON_FAILURE): Call Test Case 'Test Cases/Mobile/Page/Login/Login' successfully

2022-02-24 12:16:17 - [TEST_CASE][PASSED] - Test Cases/Mobile/Page/Login/Login: Test Cases/Mobile/Page/Login/Login

2022-02-24 12:16:17 - [TEST_STEP][PASSED] - delay(2): Delayed 2 second(s)

2022-02-24 12:16:19 - [MESSAGE][PASSED] - Delayed 2 second(s)

2022-02-24 12:16:19 - [TEST_STEP][PASSED] - for ([i = 0, i < 1, (i++)]): null

2022-02-24 12:16:19 - [TEST_STEP][PASSED] - if (action == "username"): null

2022-02-24 12:16:19 - [TEST_STEP][PASSED] - tap(LOGN_EdtUserID, 0): Tapped on element 'Object Repository/Mobile/Page/Login/Input - UserID'

2022-02-24 12:16:19 - [MESSAGE][WARNING] - Timeout '0' is invalid. Using default page load timeout: '60'

2022-02-24 12:16:19 - [MESSAGE][PASSED] - Tapped on element 'Object Repository/Mobile/Page/Login/Input - UserID'

2022-02-24 12:16:19 - [TEST_STEP][PASSED] - delay(1): Delayed 1 second(s)

2022-02-24 12:16:20 - [MESSAGE][PASSED] - Delayed 1 second(s)

2022-02-24 12:16:20 - [TEST_STEP][PASSED] - setText(LOGN_EdtRdyUserID, "anggaaditya", 0): Text 'anggaaditya' has been set to element 'Object Repository/Mobile/Page/Login/Input Rdy - UserID'

2022-02-24 12:16:20 - [MESSAGE][WARNING] - Timeout '0' is invalid. Using default page load timeout: '60'

2022-02-24 12:16:21 - [MESSAGE][PASSED] - Text 'anggaaditya' has been set to element 'Object Repository/Mobile/Page/Login/Input Rdy - UserID'

2022-02-24 12:16:21 - [TEST_STEP][PASSED] - delay(1): Delayed 1 second(s)

2022-02-24 12:16:22 - [MESSAGE][PASSED] - Delayed 1 second(s)

2022-02-24 12:16:22 - [TEST_STEP][PASSED] - hideKeyboard(): Keyboard is hidden

2022-02-24 12:16:28 - [MESSAGE][PASSED] - Keyboard is hidden

2022-02-24 12:16:28 - [TEST_STEP][PASSED] - tap(LOGN_EdtPassword, 0): Tapped on element 'Object Repository/Mobile/Page/Login/Input - Password'

2022-02-24 12:16:28 - [MESSAGE][WARNING] - Timeout '0' is invalid. Using default page load timeout: '60'

2022-02-24 12:16:28 - [MESSAGE][PASSED] - Tapped on element 'Object Repository/Mobile/Page/Login/Input - Password'

2022-02-24 12:16:28 - [TEST_STEP][PASSED] - delay(1): Delayed 1 second(s)

2022-02-24 12:16:29 - [MESSAGE][PASSED] - Delayed 1 second(s)

2022-02-24 12:16:29 - [TEST_STEP][PASSED] - setText(LOGN_EdtRdyPassword, "Shalawa18", 0): Text 'Shalawa18' has been set to element 'Object Repository/Mobile/Page/Login/Input Rdy - Password'

2022-02-24 12:16:29 - [MESSAGE][WARNING] - Timeout '0' is invalid. Using default page load timeout: '60'

2022-02-24 12:16:30 - [MESSAGE][PASSED] - Text 'Shalawa18' has been set to element 'Object Repository/Mobile/Page/Login/Input Rdy - Password'

2022-02-24 12:16:30 - [TEST_STEP][PASSED] - delay(1): Delayed 1 second(s)

2022-02-24 12:16:31 - [MESSAGE][PASSED] - Delayed 1 second(s)

2022-02-24 12:16:31 - [TEST_STEP][PASSED] - hideKeyboard(): Keyboard is hidden

2022-02-24 12:16:37 - [MESSAGE][PASSED] - Keyboard is hidden

2022-02-24 12:16:37 - [TEST_STEP][PASSED] - tap(LOGN_BtnLogin, 0): Tapped on element 'Object Repository/Mobile/Page/Login/Button - Login'

2022-02-24 12:16:37 - [MESSAGE][WARNING] - Timeout '0' is invalid. Using default page load timeout: '60'

2022-02-24 12:16:38 - [MESSAGE][PASSED] - Tapped on element 'Object Repository/Mobile/Page/Login/Button - Login'

2022-02-24 12:16:38 - [TEST_STEP][PASSED] - delay(2): Delayed 2 second(s)

2022-02-24 12:16:40 - [MESSAGE][PASSED] - Delayed 2 second(s)

2022-02-24 12:16:40 - [TEST_STEP][PASSED] - break: null

2022-02-24 12:16:40 - [MESSAGE][PASSED] - Call Test Case 'Test Cases/Mobile/Page/Login/Login' successfully

2022-02-24 12:16:40 - [MESSAGE][PASSED] - Call Test Case 'Test Cases/Mobile/Page/CheckLogin' successfully

2022-02-24 12:16:40 - [TEST_STEP][PASSED] - tap(HOME_MenubarPortfolio, 0): Tapped on element 'Object Repository/Mobile/Page/Home/Menubar - Portfolio'

2022-02-24 12:16:40 - [MESSAGE][WARNING] - Timeout '0' is invalid. Using default page load timeout: '60'

2022-02-24 12:16:41 - [MESSAGE][PASSED] - Tapped on element 'Object Repository/Mobile/Page/Home/Menubar - Portfolio'

2022-02-24 12:16:41 - [TEST_STEP][PASSED] - delay(1): Delayed 1 second(s)

2022-02-24 12:16:42 - [MESSAGE][PASSED] - Delayed 1 second(s)

2022-02-24 12:16:42 - [TEST_STEP][PASSED] - for ([i = 0, i < 1, (i++)]): Delayed 3 second(s)

2022-02-24 12:16:42 - [TEST_STEP][PASSED] - if (tab == "summary"): Delayed 3 second(s)

2022-02-24 12:16:42 - [TEST_STEP][PASSED] - idr = PORT_BtnIDR: null

2022-02-24 12:16:42 - [TEST_STEP][PASSED] - persen = PORT_BtnPersen: null

2022-02-24 12:16:42 - [TEST_STEP][PASSED] - if (action == "summary"): null

2022-02-24 12:16:42 - [TEST_STEP][PASSED] - else if (action == "perf_daily"): scroll.scroll.scrollScreenBottomToTop is PASSED

2022-02-24 12:16:42 - [TEST_STEP][PASSED] - scroll.scroll.scrollScreenBottomToTop(): scroll.scroll.scrollScreenBottomToTop is PASSED

2022-02-24 12:16:43 - [MESSAGE][PASSED] - Current device physical height is 1423

2022-02-24 12:16:43 - [MESSAGE][PASSED] - Current device physical width is 720

2022-02-24 12:16:44 - [MESSAGE][PASSED] - Swiped from 360,1,138 to 360,284

2022-02-24 12:16:44 - [MESSAGE][PASSED] - scroll.scroll.scrollScreenBottomToTop is PASSED

2022-02-24 12:16:44 - [TEST_STEP][PASSED] - if (action != "summary"): Delayed 3 second(s)

2022-02-24 12:16:44 - [TEST_STEP][PASSED] - delay(1): Delayed 1 second(s)

2022-02-24 12:16:45 - [MESSAGE][PASSED] - Delayed 1 second(s)

2022-02-24 12:16:45 - [TEST_STEP][PASSED] - scroll.scroll.scrollScreenBottomToTop(): scroll.scroll.scrollScreenBottomToTop is PASSED

2022-02-24 12:16:45 - [MESSAGE][PASSED] - Current device physical height is 1423

2022-02-24 12:16:45 - [MESSAGE][PASSED] - Current device physical width is 720

2022-02-24 12:16:46 - [MESSAGE][PASSED] - Swiped from 360,1,138 to 360,284

2022-02-24 12:16:46 - [MESSAGE][PASSED] - scroll.scroll.scrollScreenBottomToTop is PASSED

2022-02-24 12:16:46 - [TEST_STEP][PASSED] - scroll.scroll.scrollScreenBottomToTop(): scroll.scroll.scrollScreenBottomToTop is PASSED

2022-02-24 12:16:47 - [MESSAGE][PASSED] - Current device physical height is 1423

2022-02-24 12:16:47 - [MESSAGE][PASSED] - Current device physical width is 720

2022-02-24 12:16:48 - [MESSAGE][PASSED] - Swiped from 360,1,138 to 360,284

2022-02-24 12:16:48 - [MESSAGE][PASSED] - scroll.scroll.scrollScreenBottomToTop is PASSED

2022-02-24 12:16:48 - [TEST_STEP][PASSED] - delay(3): Delayed 3 second(s)

2022-02-24 12:16:51 - [MESSAGE][PASSED] - Delayed 3 second(s)

2022-02-24 12:16:51 - [TEST_STEP][PASSED] - if (action2 == "idr"): null

2022-02-24 12:16:51 - [TEST_STEP][PASSED] - else if (action2 == "persen"): Delayed 3 second(s)

2022-02-24 12:16:51 - [TEST_STEP][PASSED] - tap(persen, 10): Tapped on element 'Object Repository/Mobile/Page/Portfolio/Button - Persen'

2022-02-24 12:16:51 - [MESSAGE][PASSED] - Tapped on element 'Object Repository/Mobile/Page/Portfolio/Button - Persen'

2022-02-24 12:16:51 - [TEST_STEP][PASSED] - delay(3): Delayed 3 second(s)

2022-02-24 12:16:54 - [MESSAGE][PASSED] - Delayed 3 second(s)

2022-02-24 12:16:54 - [MESSAGE][PASSED] - Call Test Case 'Test Cases/Mobile/Page/Portfolio/Portfolio' successfully

2022-02-24 12:16:54 - [TEST_STEP][PASSED] - callTestCase(findTestCase("Mobile/Page/Run App/Terminate App"), [:], STOP_ON_FAILURE): Call Test Case 'Test Cases/Mobile/Page/Run App/Terminate App' successfully

2022-02-24 12:16:55 - [TEST_CASE][PASSED] - Test Cases/Mobile/Page/Run App/Terminate App: Test Cases/Mobile/Page/Run App/Terminate App

2022-02-24 12:16:55 - [TEST_STEP][PASSED] - startApp.OpenApp.terminateApplication(): startApp.OpenApp.terminateApplication is PASSED

2022-02-24 12:16:58 - [MESSAGE][PASSED] - Delayed 3 second(s)

2022-02-24 12:16:58 - [MESSAGE][PASSED] - Current device physical width is 720

2022-02-24 12:16:58 - [MESSAGE][PASSED] - Current device physical height is 1423

2022-02-24 12:16:59 - [MESSAGE][PASSED] - Swiped from 360,853 to 360,142

2022-02-24 12:17:00 - [MESSAGE][PASSED] - Delayed 1 second(s)

2022-02-24 12:17:02 - [MESSAGE][PASSED] - Swiped from 360,853 to 360,142

2022-02-24 12:17:05 - [MESSAGE][PASSED] - Delayed 3 second(s)

2022-02-24 12:17:05 - [MESSAGE][PASSED] - startApp.OpenApp.terminateApplication is PASSED

2022-02-24 12:17:05 - [MESSAGE][PASSED] - Call Test Case 'Test Cases/Mobile/Page/Run App/Terminate App' successfully]]></system-out>
         <system-err><![CDATA[]]></system-err>
      </testcase>
      <testcase name="Test Cases/Mobile/Scenario/Portfolio/007 - Portfolio Performance Month to Date Persen" time="61.487" classname="Test Cases/Mobile/Scenario/Portfolio/007 - Portfolio Performance Month to Date Persen" status="PASSED">
         <system-out><![CDATA[2022-02-24 12:17:05 - [TEST_CASE][PASSED] - Test Cases/Mobile/Scenario/Portfolio/007 - Portfolio Performance Month to Date Persen: Test Cases/Mobile/Scenario/Portfolio/007 - Portfolio Performance Month to Date Persen

2022-02-24 12:17:05 - [TEST_STEP][PASSED] - callTestCase(findTestCase("Mobile/Page/Run App/Run App byID"), [:], STOP_ON_FAILURE): Call Test Case 'Test Cases/Mobile/Page/Run App/Run App byID' successfully

2022-02-24 12:17:05 - [TEST_CASE][PASSED] - Test Cases/Mobile/Page/Run App/Run App byID: Test Cases/Mobile/Page/Run App/Run App byID

2022-02-24 12:17:05 - [TEST_STEP][PASSED] - startApp.OpenApp.startApplication("id.co.miraeasset.sageclub"): startApp.OpenApp.startApplication is PASSED

2022-02-24 12:17:17 - [MESSAGE][PASSED] - Starting app with application ID: 'id.co.miraeasset.sageclub'

2022-02-24 12:17:17 - [MESSAGE][PASSED] - startApp.OpenApp.startApplication is PASSED

2022-02-24 12:17:17 - [MESSAGE][PASSED] - Call Test Case 'Test Cases/Mobile/Page/Run App/Run App byID' successfully

2022-02-24 12:17:17 - [TEST_STEP][PASSED] - callTestCase(findTestCase("Mobile/Page/Portfolio/Portfolio"), ["tab":"summary", "action":"perf_month", "action2":"persen"], CONTINUE_ON_FAILURE): Call Test Case 'Test Cases/Mobile/Page/Portfolio/Portfolio' successfully

2022-02-24 12:17:17 - [TEST_CASE][PASSED] - Test Cases/Mobile/Page/Portfolio/Portfolio: Test Cases/Mobile/Page/Portfolio/Portfolio

2022-02-24 12:17:17 - [TEST_STEP][PASSED] - callTestCase(findTestCase("Mobile/Page/CheckLogin"), [:], CONTINUE_ON_FAILURE): Call Test Case 'Test Cases/Mobile/Page/CheckLogin' successfully

2022-02-24 12:17:17 - [TEST_CASE][PASSED] - Test Cases/Mobile/Page/CheckLogin: Test Cases/Mobile/Page/CheckLogin

2022-02-24 12:17:17 - [TEST_STEP][PASSED] - loginCheck = verifyElementExist(LOGN_BtnLogin, 5, CONTINUE_ON_FAILURE): Element 'Object Repository/Mobile/Page/Login/Button - Login' is exist

2022-02-24 12:17:19 - [MESSAGE][PASSED] - Element 'Object Repository/Mobile/Page/Login/Button - Login' is exist

2022-02-24 12:17:19 - [TEST_STEP][PASSED] - if (loginCheck): Call Test Case 'Test Cases/Mobile/Page/Login/Login' successfully

2022-02-24 12:17:19 - [TEST_STEP][PASSED] - callTestCase(findTestCase("Mobile/Page/Login/Login"), ["action":"username"], CONTINUE_ON_FAILURE): Call Test Case 'Test Cases/Mobile/Page/Login/Login' successfully

2022-02-24 12:17:19 - [TEST_CASE][PASSED] - Test Cases/Mobile/Page/Login/Login: Test Cases/Mobile/Page/Login/Login

2022-02-24 12:17:19 - [TEST_STEP][PASSED] - delay(2): Delayed 2 second(s)

2022-02-24 12:17:21 - [MESSAGE][PASSED] - Delayed 2 second(s)

2022-02-24 12:17:21 - [TEST_STEP][PASSED] - for ([i = 0, i < 1, (i++)]): null

2022-02-24 12:17:21 - [TEST_STEP][PASSED] - if (action == "username"): null

2022-02-24 12:17:21 - [TEST_STEP][PASSED] - tap(LOGN_EdtUserID, 0): Tapped on element 'Object Repository/Mobile/Page/Login/Input - UserID'

2022-02-24 12:17:21 - [MESSAGE][WARNING] - Timeout '0' is invalid. Using default page load timeout: '60'

2022-02-24 12:17:21 - [MESSAGE][PASSED] - Tapped on element 'Object Repository/Mobile/Page/Login/Input - UserID'

2022-02-24 12:17:21 - [TEST_STEP][PASSED] - delay(1): Delayed 1 second(s)

2022-02-24 12:17:22 - [MESSAGE][PASSED] - Delayed 1 second(s)

2022-02-24 12:17:22 - [TEST_STEP][PASSED] - setText(LOGN_EdtRdyUserID, "anggaaditya", 0): Text 'anggaaditya' has been set to element 'Object Repository/Mobile/Page/Login/Input Rdy - UserID'

2022-02-24 12:17:22 - [MESSAGE][WARNING] - Timeout '0' is invalid. Using default page load timeout: '60'

2022-02-24 12:17:23 - [MESSAGE][PASSED] - Text 'anggaaditya' has been set to element 'Object Repository/Mobile/Page/Login/Input Rdy - UserID'

2022-02-24 12:17:23 - [TEST_STEP][PASSED] - delay(1): Delayed 1 second(s)

2022-02-24 12:17:24 - [MESSAGE][PASSED] - Delayed 1 second(s)

2022-02-24 12:17:24 - [TEST_STEP][PASSED] - hideKeyboard(): Keyboard is hidden

2022-02-24 12:17:27 - [MESSAGE][PASSED] - Keyboard is hidden

2022-02-24 12:17:27 - [TEST_STEP][PASSED] - tap(LOGN_EdtPassword, 0): Tapped on element 'Object Repository/Mobile/Page/Login/Input - Password'

2022-02-24 12:17:27 - [MESSAGE][WARNING] - Timeout '0' is invalid. Using default page load timeout: '60'

2022-02-24 12:17:28 - [MESSAGE][PASSED] - Tapped on element 'Object Repository/Mobile/Page/Login/Input - Password'

2022-02-24 12:17:28 - [TEST_STEP][PASSED] - delay(1): Delayed 1 second(s)

2022-02-24 12:17:29 - [MESSAGE][PASSED] - Delayed 1 second(s)

2022-02-24 12:17:29 - [TEST_STEP][PASSED] - setText(LOGN_EdtRdyPassword, "Shalawa18", 0): Text 'Shalawa18' has been set to element 'Object Repository/Mobile/Page/Login/Input Rdy - Password'

2022-02-24 12:17:29 - [MESSAGE][WARNING] - Timeout '0' is invalid. Using default page load timeout: '60'

2022-02-24 12:17:29 - [MESSAGE][PASSED] - Text 'Shalawa18' has been set to element 'Object Repository/Mobile/Page/Login/Input Rdy - Password'

2022-02-24 12:17:29 - [TEST_STEP][PASSED] - delay(1): Delayed 1 second(s)

2022-02-24 12:17:30 - [MESSAGE][PASSED] - Delayed 1 second(s)

2022-02-24 12:17:30 - [TEST_STEP][PASSED] - hideKeyboard(): Keyboard is hidden

2022-02-24 12:17:37 - [MESSAGE][PASSED] - Keyboard is hidden

2022-02-24 12:17:37 - [TEST_STEP][PASSED] - tap(LOGN_BtnLogin, 0): Tapped on element 'Object Repository/Mobile/Page/Login/Button - Login'

2022-02-24 12:17:37 - [MESSAGE][WARNING] - Timeout '0' is invalid. Using default page load timeout: '60'

2022-02-24 12:17:37 - [MESSAGE][PASSED] - Tapped on element 'Object Repository/Mobile/Page/Login/Button - Login'

2022-02-24 12:17:37 - [TEST_STEP][PASSED] - delay(2): Delayed 2 second(s)

2022-02-24 12:17:39 - [MESSAGE][PASSED] - Delayed 2 second(s)

2022-02-24 12:17:39 - [TEST_STEP][PASSED] - break: null

2022-02-24 12:17:39 - [MESSAGE][PASSED] - Call Test Case 'Test Cases/Mobile/Page/Login/Login' successfully

2022-02-24 12:17:39 - [MESSAGE][PASSED] - Call Test Case 'Test Cases/Mobile/Page/CheckLogin' successfully

2022-02-24 12:17:39 - [TEST_STEP][PASSED] - tap(HOME_MenubarPortfolio, 0): Tapped on element 'Object Repository/Mobile/Page/Home/Menubar - Portfolio'

2022-02-24 12:17:39 - [MESSAGE][WARNING] - Timeout '0' is invalid. Using default page load timeout: '60'

2022-02-24 12:17:41 - [MESSAGE][PASSED] - Tapped on element 'Object Repository/Mobile/Page/Home/Menubar - Portfolio'

2022-02-24 12:17:41 - [TEST_STEP][PASSED] - delay(1): Delayed 1 second(s)

2022-02-24 12:17:42 - [MESSAGE][PASSED] - Delayed 1 second(s)

2022-02-24 12:17:42 - [TEST_STEP][PASSED] - for ([i = 0, i < 1, (i++)]): Delayed 3 second(s)

2022-02-24 12:17:42 - [TEST_STEP][PASSED] - if (tab == "summary"): Delayed 3 second(s)

2022-02-24 12:17:42 - [TEST_STEP][PASSED] - idr = PORT_BtnIDR: null

2022-02-24 12:17:42 - [TEST_STEP][PASSED] - persen = PORT_BtnPersen: null

2022-02-24 12:17:42 - [TEST_STEP][PASSED] - if (action == "summary"): null

2022-02-24 12:17:42 - [TEST_STEP][PASSED] - else if (action == "perf_daily"): null

2022-02-24 12:17:42 - [TEST_STEP][PASSED] - else if (action == "perf_month"): Tapped on element 'Object Repository/Mobile/Page/Portfolio/Tab - Summary Month to Date'

2022-02-24 12:17:42 - [TEST_STEP][PASSED] - scroll.scroll.scrollScreenBottomToTop(): scroll.scroll.scrollScreenBottomToTop is PASSED

2022-02-24 12:17:42 - [MESSAGE][PASSED] - Current device physical height is 1423

2022-02-24 12:17:43 - [MESSAGE][PASSED] - Current device physical width is 720

2022-02-24 12:17:44 - [MESSAGE][PASSED] - Swiped from 360,1,138 to 360,284

2022-02-24 12:17:44 - [MESSAGE][PASSED] - scroll.scroll.scrollScreenBottomToTop is PASSED

2022-02-24 12:17:44 - [TEST_STEP][PASSED] - delay(1): Delayed 1 second(s)

2022-02-24 12:17:45 - [MESSAGE][PASSED] - Delayed 1 second(s)

2022-02-24 12:17:45 - [TEST_STEP][PASSED] - tap(PORT_TabSummaryMonth, 0): Tapped on element 'Object Repository/Mobile/Page/Portfolio/Tab - Summary Month to Date'

2022-02-24 12:17:45 - [MESSAGE][WARNING] - Timeout '0' is invalid. Using default page load timeout: '60'

2022-02-24 12:17:45 - [MESSAGE][PASSED] - Tapped on element 'Object Repository/Mobile/Page/Portfolio/Tab - Summary Month to Date'

2022-02-24 12:17:45 - [TEST_STEP][PASSED] - if (action != "summary"): Delayed 3 second(s)

2022-02-24 12:17:45 - [TEST_STEP][PASSED] - delay(1): Delayed 1 second(s)

2022-02-24 12:17:46 - [MESSAGE][PASSED] - Delayed 1 second(s)

2022-02-24 12:17:46 - [TEST_STEP][PASSED] - scroll.scroll.scrollScreenBottomToTop(): scroll.scroll.scrollScreenBottomToTop is PASSED

2022-02-24 12:17:47 - [MESSAGE][PASSED] - Current device physical height is 1423

2022-02-24 12:17:47 - [MESSAGE][PASSED] - Current device physical width is 720

2022-02-24 12:17:48 - [MESSAGE][PASSED] - Swiped from 360,1,138 to 360,284

2022-02-24 12:17:48 - [MESSAGE][PASSED] - scroll.scroll.scrollScreenBottomToTop is PASSED

2022-02-24 12:17:48 - [TEST_STEP][PASSED] - scroll.scroll.scrollScreenBottomToTop(): scroll.scroll.scrollScreenBottomToTop is PASSED

2022-02-24 12:17:48 - [MESSAGE][PASSED] - Current device physical height is 1423

2022-02-24 12:17:48 - [MESSAGE][PASSED] - Current device physical width is 720

2022-02-24 12:17:50 - [MESSAGE][PASSED] - Swiped from 360,1,138 to 360,284

2022-02-24 12:17:50 - [MESSAGE][PASSED] - scroll.scroll.scrollScreenBottomToTop is PASSED

2022-02-24 12:17:50 - [TEST_STEP][PASSED] - delay(3): Delayed 3 second(s)

2022-02-24 12:17:53 - [MESSAGE][PASSED] - Delayed 3 second(s)

2022-02-24 12:17:53 - [TEST_STEP][PASSED] - if (action2 == "idr"): null

2022-02-24 12:17:53 - [TEST_STEP][PASSED] - else if (action2 == "persen"): Delayed 3 second(s)

2022-02-24 12:17:53 - [TEST_STEP][PASSED] - tap(persen, 10): Tapped on element 'Object Repository/Mobile/Page/Portfolio/Button - Persen'

2022-02-24 12:17:53 - [MESSAGE][PASSED] - Tapped on element 'Object Repository/Mobile/Page/Portfolio/Button - Persen'

2022-02-24 12:17:53 - [TEST_STEP][PASSED] - delay(3): Delayed 3 second(s)

2022-02-24 12:17:56 - [MESSAGE][PASSED] - Delayed 3 second(s)

2022-02-24 12:17:56 - [MESSAGE][PASSED] - Call Test Case 'Test Cases/Mobile/Page/Portfolio/Portfolio' successfully

2022-02-24 12:17:56 - [TEST_STEP][PASSED] - callTestCase(findTestCase("Mobile/Page/Run App/Terminate App"), [:], STOP_ON_FAILURE): Call Test Case 'Test Cases/Mobile/Page/Run App/Terminate App' successfully

2022-02-24 12:17:56 - [TEST_CASE][PASSED] - Test Cases/Mobile/Page/Run App/Terminate App: Test Cases/Mobile/Page/Run App/Terminate App

2022-02-24 12:17:56 - [TEST_STEP][PASSED] - startApp.OpenApp.terminateApplication(): startApp.OpenApp.terminateApplication is PASSED

2022-02-24 12:17:59 - [MESSAGE][PASSED] - Delayed 3 second(s)

2022-02-24 12:17:59 - [MESSAGE][PASSED] - Current device physical width is 720

2022-02-24 12:18:00 - [MESSAGE][PASSED] - Current device physical height is 1423

2022-02-24 12:18:01 - [MESSAGE][PASSED] - Swiped from 360,853 to 360,142

2022-02-24 12:18:02 - [MESSAGE][PASSED] - Delayed 1 second(s)

2022-02-24 12:18:03 - [MESSAGE][PASSED] - Swiped from 360,853 to 360,142

2022-02-24 12:18:06 - [MESSAGE][PASSED] - Delayed 3 second(s)

2022-02-24 12:18:06 - [MESSAGE][PASSED] - startApp.OpenApp.terminateApplication is PASSED

2022-02-24 12:18:06 - [MESSAGE][PASSED] - Call Test Case 'Test Cases/Mobile/Page/Run App/Terminate App' successfully]]></system-out>
         <system-err><![CDATA[]]></system-err>
      </testcase>
      <testcase name="Test Cases/Mobile/Scenario/Portfolio/008 - Portfolio Performance Quarter to Date Persen" time="61.751" classname="Test Cases/Mobile/Scenario/Portfolio/008 - Portfolio Performance Quarter to Date Persen" status="PASSED">
         <system-out><![CDATA[2022-02-24 12:18:06 - [TEST_CASE][PASSED] - Test Cases/Mobile/Scenario/Portfolio/008 - Portfolio Performance Quarter to Date Persen: Test Cases/Mobile/Scenario/Portfolio/008 - Portfolio Performance Quarter to Date Persen

2022-02-24 12:18:06 - [TEST_STEP][PASSED] - callTestCase(findTestCase("Mobile/Page/Run App/Run App byID"), [:], STOP_ON_FAILURE): Call Test Case 'Test Cases/Mobile/Page/Run App/Run App byID' successfully

2022-02-24 12:18:06 - [TEST_CASE][PASSED] - Test Cases/Mobile/Page/Run App/Run App byID: Test Cases/Mobile/Page/Run App/Run App byID

2022-02-24 12:18:06 - [TEST_STEP][PASSED] - startApp.OpenApp.startApplication("id.co.miraeasset.sageclub"): startApp.OpenApp.startApplication is PASSED

2022-02-24 12:18:18 - [MESSAGE][PASSED] - Starting app with application ID: 'id.co.miraeasset.sageclub'

2022-02-24 12:18:18 - [MESSAGE][PASSED] - startApp.OpenApp.startApplication is PASSED

2022-02-24 12:18:18 - [MESSAGE][PASSED] - Call Test Case 'Test Cases/Mobile/Page/Run App/Run App byID' successfully

2022-02-24 12:18:18 - [TEST_STEP][PASSED] - callTestCase(findTestCase("Mobile/Page/Portfolio/Portfolio"), ["tab":"summary", "action":"perf_quarter", "action2":"persen"], CONTINUE_ON_FAILURE): Call Test Case 'Test Cases/Mobile/Page/Portfolio/Portfolio' successfully

2022-02-24 12:18:18 - [TEST_CASE][PASSED] - Test Cases/Mobile/Page/Portfolio/Portfolio: Test Cases/Mobile/Page/Portfolio/Portfolio

2022-02-24 12:18:18 - [TEST_STEP][PASSED] - callTestCase(findTestCase("Mobile/Page/CheckLogin"), [:], CONTINUE_ON_FAILURE): Call Test Case 'Test Cases/Mobile/Page/CheckLogin' successfully

2022-02-24 12:18:18 - [TEST_CASE][PASSED] - Test Cases/Mobile/Page/CheckLogin: Test Cases/Mobile/Page/CheckLogin

2022-02-24 12:18:18 - [TEST_STEP][PASSED] - loginCheck = verifyElementExist(LOGN_BtnLogin, 5, CONTINUE_ON_FAILURE): Element 'Object Repository/Mobile/Page/Login/Button - Login' is exist

2022-02-24 12:18:20 - [MESSAGE][PASSED] - Element 'Object Repository/Mobile/Page/Login/Button - Login' is exist

2022-02-24 12:18:20 - [TEST_STEP][PASSED] - if (loginCheck): Call Test Case 'Test Cases/Mobile/Page/Login/Login' successfully

2022-02-24 12:18:20 - [TEST_STEP][PASSED] - callTestCase(findTestCase("Mobile/Page/Login/Login"), ["action":"username"], CONTINUE_ON_FAILURE): Call Test Case 'Test Cases/Mobile/Page/Login/Login' successfully

2022-02-24 12:18:20 - [TEST_CASE][PASSED] - Test Cases/Mobile/Page/Login/Login: Test Cases/Mobile/Page/Login/Login

2022-02-24 12:18:20 - [TEST_STEP][PASSED] - delay(2): Delayed 2 second(s)

2022-02-24 12:18:22 - [MESSAGE][PASSED] - Delayed 2 second(s)

2022-02-24 12:18:22 - [TEST_STEP][PASSED] - for ([i = 0, i < 1, (i++)]): null

2022-02-24 12:18:22 - [TEST_STEP][PASSED] - if (action == "username"): null

2022-02-24 12:18:22 - [TEST_STEP][PASSED] - tap(LOGN_EdtUserID, 0): Tapped on element 'Object Repository/Mobile/Page/Login/Input - UserID'

2022-02-24 12:18:22 - [MESSAGE][WARNING] - Timeout '0' is invalid. Using default page load timeout: '60'

2022-02-24 12:18:23 - [MESSAGE][PASSED] - Tapped on element 'Object Repository/Mobile/Page/Login/Input - UserID'

2022-02-24 12:18:23 - [TEST_STEP][PASSED] - delay(1): Delayed 1 second(s)

2022-02-24 12:18:24 - [MESSAGE][PASSED] - Delayed 1 second(s)

2022-02-24 12:18:24 - [TEST_STEP][PASSED] - setText(LOGN_EdtRdyUserID, "anggaaditya", 0): Text 'anggaaditya' has been set to element 'Object Repository/Mobile/Page/Login/Input Rdy - UserID'

2022-02-24 12:18:24 - [MESSAGE][WARNING] - Timeout '0' is invalid. Using default page load timeout: '60'

2022-02-24 12:18:24 - [MESSAGE][PASSED] - Text 'anggaaditya' has been set to element 'Object Repository/Mobile/Page/Login/Input Rdy - UserID'

2022-02-24 12:18:24 - [TEST_STEP][PASSED] - delay(1): Delayed 1 second(s)

2022-02-24 12:18:25 - [MESSAGE][PASSED] - Delayed 1 second(s)

2022-02-24 12:18:25 - [TEST_STEP][PASSED] - hideKeyboard(): Keyboard is hidden

2022-02-24 12:18:29 - [MESSAGE][PASSED] - Keyboard is hidden

2022-02-24 12:18:29 - [TEST_STEP][PASSED] - tap(LOGN_EdtPassword, 0): Tapped on element 'Object Repository/Mobile/Page/Login/Input - Password'

2022-02-24 12:18:29 - [MESSAGE][WARNING] - Timeout '0' is invalid. Using default page load timeout: '60'

2022-02-24 12:18:29 - [MESSAGE][PASSED] - Tapped on element 'Object Repository/Mobile/Page/Login/Input - Password'

2022-02-24 12:18:29 - [TEST_STEP][PASSED] - delay(1): Delayed 1 second(s)

2022-02-24 12:18:30 - [MESSAGE][PASSED] - Delayed 1 second(s)

2022-02-24 12:18:30 - [TEST_STEP][PASSED] - setText(LOGN_EdtRdyPassword, "Shalawa18", 0): Text 'Shalawa18' has been set to element 'Object Repository/Mobile/Page/Login/Input Rdy - Password'

2022-02-24 12:18:30 - [MESSAGE][WARNING] - Timeout '0' is invalid. Using default page load timeout: '60'

2022-02-24 12:18:30 - [MESSAGE][PASSED] - Text 'Shalawa18' has been set to element 'Object Repository/Mobile/Page/Login/Input Rdy - Password'

2022-02-24 12:18:30 - [TEST_STEP][PASSED] - delay(1): Delayed 1 second(s)

2022-02-24 12:18:31 - [MESSAGE][PASSED] - Delayed 1 second(s)

2022-02-24 12:18:31 - [TEST_STEP][PASSED] - hideKeyboard(): Keyboard is hidden

2022-02-24 12:18:38 - [MESSAGE][PASSED] - Keyboard is hidden

2022-02-24 12:18:38 - [TEST_STEP][PASSED] - tap(LOGN_BtnLogin, 0): Tapped on element 'Object Repository/Mobile/Page/Login/Button - Login'

2022-02-24 12:18:38 - [MESSAGE][WARNING] - Timeout '0' is invalid. Using default page load timeout: '60'

2022-02-24 12:18:38 - [MESSAGE][PASSED] - Tapped on element 'Object Repository/Mobile/Page/Login/Button - Login'

2022-02-24 12:18:38 - [TEST_STEP][PASSED] - delay(2): Delayed 2 second(s)

2022-02-24 12:18:40 - [MESSAGE][PASSED] - Delayed 2 second(s)

2022-02-24 12:18:40 - [TEST_STEP][PASSED] - break: null

2022-02-24 12:18:40 - [MESSAGE][PASSED] - Call Test Case 'Test Cases/Mobile/Page/Login/Login' successfully

2022-02-24 12:18:40 - [MESSAGE][PASSED] - Call Test Case 'Test Cases/Mobile/Page/CheckLogin' successfully

2022-02-24 12:18:40 - [TEST_STEP][PASSED] - tap(HOME_MenubarPortfolio, 0): Tapped on element 'Object Repository/Mobile/Page/Home/Menubar - Portfolio'

2022-02-24 12:18:40 - [MESSAGE][WARNING] - Timeout '0' is invalid. Using default page load timeout: '60'

2022-02-24 12:18:42 - [MESSAGE][PASSED] - Tapped on element 'Object Repository/Mobile/Page/Home/Menubar - Portfolio'

2022-02-24 12:18:42 - [TEST_STEP][PASSED] - delay(1): Delayed 1 second(s)

2022-02-24 12:18:43 - [MESSAGE][PASSED] - Delayed 1 second(s)

2022-02-24 12:18:43 - [TEST_STEP][PASSED] - for ([i = 0, i < 1, (i++)]): Delayed 3 second(s)

2022-02-24 12:18:43 - [TEST_STEP][PASSED] - if (tab == "summary"): Delayed 3 second(s)

2022-02-24 12:18:43 - [TEST_STEP][PASSED] - idr = PORT_BtnIDR: null

2022-02-24 12:18:43 - [TEST_STEP][PASSED] - persen = PORT_BtnPersen: null

2022-02-24 12:18:43 - [TEST_STEP][PASSED] - if (action == "summary"): null

2022-02-24 12:18:43 - [TEST_STEP][PASSED] - else if (action == "perf_daily"): null

2022-02-24 12:18:43 - [TEST_STEP][PASSED] - else if (action == "perf_month"): null

2022-02-24 12:18:43 - [TEST_STEP][PASSED] - else if (action == "perf_quarter"): Tapped on element 'Object Repository/Mobile/Page/Portfolio/Tab - Summary Quarter to Date'

2022-02-24 12:18:43 - [TEST_STEP][PASSED] - scroll.scroll.scrollScreenBottomToTop(): scroll.scroll.scrollScreenBottomToTop is PASSED

2022-02-24 12:18:43 - [MESSAGE][PASSED] - Current device physical height is 1423

2022-02-24 12:18:43 - [MESSAGE][PASSED] - Current device physical width is 720

2022-02-24 12:18:45 - [MESSAGE][PASSED] - Swiped from 360,1,138 to 360,284

2022-02-24 12:18:45 - [MESSAGE][PASSED] - scroll.scroll.scrollScreenBottomToTop is PASSED

2022-02-24 12:18:45 - [TEST_STEP][PASSED] - delay(1): Delayed 1 second(s)

2022-02-24 12:18:46 - [MESSAGE][PASSED] - Delayed 1 second(s)

2022-02-24 12:18:46 - [TEST_STEP][PASSED] - tap(PORT_TabSummaryQuarter, 0): Tapped on element 'Object Repository/Mobile/Page/Portfolio/Tab - Summary Quarter to Date'

2022-02-24 12:18:46 - [MESSAGE][WARNING] - Timeout '0' is invalid. Using default page load timeout: '60'

2022-02-24 12:18:47 - [MESSAGE][PASSED] - Tapped on element 'Object Repository/Mobile/Page/Portfolio/Tab - Summary Quarter to Date'

2022-02-24 12:18:47 - [TEST_STEP][PASSED] - if (action != "summary"): Delayed 3 second(s)

2022-02-24 12:18:47 - [TEST_STEP][PASSED] - delay(1): Delayed 1 second(s)

2022-02-24 12:18:48 - [MESSAGE][PASSED] - Delayed 1 second(s)

2022-02-24 12:18:48 - [TEST_STEP][PASSED] - scroll.scroll.scrollScreenBottomToTop(): scroll.scroll.scrollScreenBottomToTop is PASSED

2022-02-24 12:18:48 - [MESSAGE][PASSED] - Current device physical height is 1423

2022-02-24 12:18:49 - [MESSAGE][PASSED] - Current device physical width is 720

2022-02-24 12:18:50 - [MESSAGE][PASSED] - Swiped from 360,1,138 to 360,284

2022-02-24 12:18:50 - [MESSAGE][PASSED] - scroll.scroll.scrollScreenBottomToTop is PASSED

2022-02-24 12:18:50 - [TEST_STEP][PASSED] - scroll.scroll.scrollScreenBottomToTop(): scroll.scroll.scrollScreenBottomToTop is PASSED

2022-02-24 12:18:50 - [MESSAGE][PASSED] - Current device physical height is 1423

2022-02-24 12:18:50 - [MESSAGE][PASSED] - Current device physical width is 720

2022-02-24 12:18:51 - [MESSAGE][PASSED] - Swiped from 360,1,138 to 360,284

2022-02-24 12:18:51 - [MESSAGE][PASSED] - scroll.scroll.scrollScreenBottomToTop is PASSED

2022-02-24 12:18:51 - [TEST_STEP][PASSED] - delay(3): Delayed 3 second(s)

2022-02-24 12:18:54 - [MESSAGE][PASSED] - Delayed 3 second(s)

2022-02-24 12:18:54 - [TEST_STEP][PASSED] - if (action2 == "idr"): null

2022-02-24 12:18:54 - [TEST_STEP][PASSED] - else if (action2 == "persen"): Delayed 3 second(s)

2022-02-24 12:18:54 - [TEST_STEP][PASSED] - tap(persen, 10): Tapped on element 'Object Repository/Mobile/Page/Portfolio/Button - Persen'

2022-02-24 12:18:55 - [MESSAGE][PASSED] - Tapped on element 'Object Repository/Mobile/Page/Portfolio/Button - Persen'

2022-02-24 12:18:55 - [TEST_STEP][PASSED] - delay(3): Delayed 3 second(s)

2022-02-24 12:18:58 - [MESSAGE][PASSED] - Delayed 3 second(s)

2022-02-24 12:18:58 - [MESSAGE][PASSED] - Call Test Case 'Test Cases/Mobile/Page/Portfolio/Portfolio' successfully

2022-02-24 12:18:58 - [TEST_STEP][PASSED] - callTestCase(findTestCase("Mobile/Page/Run App/Terminate App"), [:], STOP_ON_FAILURE): Call Test Case 'Test Cases/Mobile/Page/Run App/Terminate App' successfully

2022-02-24 12:18:58 - [TEST_CASE][PASSED] - Test Cases/Mobile/Page/Run App/Terminate App: Test Cases/Mobile/Page/Run App/Terminate App

2022-02-24 12:18:58 - [TEST_STEP][PASSED] - startApp.OpenApp.terminateApplication(): startApp.OpenApp.terminateApplication is PASSED

2022-02-24 12:19:01 - [MESSAGE][PASSED] - Delayed 3 second(s)

2022-02-24 12:19:01 - [MESSAGE][PASSED] - Current device physical width is 720

2022-02-24 12:19:01 - [MESSAGE][PASSED] - Current device physical height is 1423

2022-02-24 12:19:03 - [MESSAGE][PASSED] - Swiped from 360,853 to 360,142

2022-02-24 12:19:04 - [MESSAGE][PASSED] - Delayed 1 second(s)

2022-02-24 12:19:05 - [MESSAGE][PASSED] - Swiped from 360,853 to 360,142

2022-02-24 12:19:08 - [MESSAGE][PASSED] - Delayed 3 second(s)

2022-02-24 12:19:08 - [MESSAGE][PASSED] - startApp.OpenApp.terminateApplication is PASSED

2022-02-24 12:19:08 - [MESSAGE][PASSED] - Call Test Case 'Test Cases/Mobile/Page/Run App/Terminate App' successfully]]></system-out>
         <system-err><![CDATA[]]></system-err>
      </testcase>
      <testcase name="Test Cases/Mobile/Scenario/Portfolio/009 - Portfolio Performance Year to Date Persen" time="61.421" classname="Test Cases/Mobile/Scenario/Portfolio/009 - Portfolio Performance Year to Date Persen" status="PASSED">
         <system-out><![CDATA[2022-02-24 12:19:08 - [TEST_CASE][PASSED] - Test Cases/Mobile/Scenario/Portfolio/009 - Portfolio Performance Year to Date Persen: Test Cases/Mobile/Scenario/Portfolio/009 - Portfolio Performance Year to Date Persen

2022-02-24 12:19:08 - [TEST_STEP][PASSED] - callTestCase(findTestCase("Mobile/Page/Run App/Run App byID"), [:], STOP_ON_FAILURE): Call Test Case 'Test Cases/Mobile/Page/Run App/Run App byID' successfully

2022-02-24 12:19:08 - [TEST_CASE][PASSED] - Test Cases/Mobile/Page/Run App/Run App byID: Test Cases/Mobile/Page/Run App/Run App byID

2022-02-24 12:19:08 - [TEST_STEP][PASSED] - startApp.OpenApp.startApplication("id.co.miraeasset.sageclub"): startApp.OpenApp.startApplication is PASSED

2022-02-24 12:19:20 - [MESSAGE][PASSED] - Starting app with application ID: 'id.co.miraeasset.sageclub'

2022-02-24 12:19:20 - [MESSAGE][PASSED] - startApp.OpenApp.startApplication is PASSED

2022-02-24 12:19:20 - [MESSAGE][PASSED] - Call Test Case 'Test Cases/Mobile/Page/Run App/Run App byID' successfully

2022-02-24 12:19:20 - [TEST_STEP][PASSED] - callTestCase(findTestCase("Mobile/Page/Portfolio/Portfolio"), ["tab":"summary", "action":"perf_year", "action2":"persen"], CONTINUE_ON_FAILURE): Call Test Case 'Test Cases/Mobile/Page/Portfolio/Portfolio' successfully

2022-02-24 12:19:20 - [TEST_CASE][PASSED] - Test Cases/Mobile/Page/Portfolio/Portfolio: Test Cases/Mobile/Page/Portfolio/Portfolio

2022-02-24 12:19:20 - [TEST_STEP][PASSED] - callTestCase(findTestCase("Mobile/Page/CheckLogin"), [:], CONTINUE_ON_FAILURE): Call Test Case 'Test Cases/Mobile/Page/CheckLogin' successfully

2022-02-24 12:19:20 - [TEST_CASE][PASSED] - Test Cases/Mobile/Page/CheckLogin: Test Cases/Mobile/Page/CheckLogin

2022-02-24 12:19:20 - [TEST_STEP][PASSED] - loginCheck = verifyElementExist(LOGN_BtnLogin, 5, CONTINUE_ON_FAILURE): Element 'Object Repository/Mobile/Page/Login/Button - Login' is exist

2022-02-24 12:19:22 - [MESSAGE][PASSED] - Element 'Object Repository/Mobile/Page/Login/Button - Login' is exist

2022-02-24 12:19:22 - [TEST_STEP][PASSED] - if (loginCheck): Call Test Case 'Test Cases/Mobile/Page/Login/Login' successfully

2022-02-24 12:19:22 - [TEST_STEP][PASSED] - callTestCase(findTestCase("Mobile/Page/Login/Login"), ["action":"username"], CONTINUE_ON_FAILURE): Call Test Case 'Test Cases/Mobile/Page/Login/Login' successfully

2022-02-24 12:19:22 - [TEST_CASE][PASSED] - Test Cases/Mobile/Page/Login/Login: Test Cases/Mobile/Page/Login/Login

2022-02-24 12:19:22 - [TEST_STEP][PASSED] - delay(2): Delayed 2 second(s)

2022-02-24 12:19:24 - [MESSAGE][PASSED] - Delayed 2 second(s)

2022-02-24 12:19:24 - [TEST_STEP][PASSED] - for ([i = 0, i < 1, (i++)]): null

2022-02-24 12:19:24 - [TEST_STEP][PASSED] - if (action == "username"): null

2022-02-24 12:19:24 - [TEST_STEP][PASSED] - tap(LOGN_EdtUserID, 0): Tapped on element 'Object Repository/Mobile/Page/Login/Input - UserID'

2022-02-24 12:19:24 - [MESSAGE][WARNING] - Timeout '0' is invalid. Using default page load timeout: '60'

2022-02-24 12:19:24 - [MESSAGE][PASSED] - Tapped on element 'Object Repository/Mobile/Page/Login/Input - UserID'

2022-02-24 12:19:24 - [TEST_STEP][PASSED] - delay(1): Delayed 1 second(s)

2022-02-24 12:19:25 - [MESSAGE][PASSED] - Delayed 1 second(s)

2022-02-24 12:19:25 - [TEST_STEP][PASSED] - setText(LOGN_EdtRdyUserID, "anggaaditya", 0): Text 'anggaaditya' has been set to element 'Object Repository/Mobile/Page/Login/Input Rdy - UserID'

2022-02-24 12:19:25 - [MESSAGE][WARNING] - Timeout '0' is invalid. Using default page load timeout: '60'

2022-02-24 12:19:26 - [MESSAGE][PASSED] - Text 'anggaaditya' has been set to element 'Object Repository/Mobile/Page/Login/Input Rdy - UserID'

2022-02-24 12:19:26 - [TEST_STEP][PASSED] - delay(1): Delayed 1 second(s)

2022-02-24 12:19:27 - [MESSAGE][PASSED] - Delayed 1 second(s)

2022-02-24 12:19:27 - [TEST_STEP][PASSED] - hideKeyboard(): Keyboard is hidden

2022-02-24 12:19:30 - [MESSAGE][PASSED] - Keyboard is hidden

2022-02-24 12:19:30 - [TEST_STEP][PASSED] - tap(LOGN_EdtPassword, 0): Tapped on element 'Object Repository/Mobile/Page/Login/Input - Password'

2022-02-24 12:19:30 - [MESSAGE][WARNING] - Timeout '0' is invalid. Using default page load timeout: '60'

2022-02-24 12:19:31 - [MESSAGE][PASSED] - Tapped on element 'Object Repository/Mobile/Page/Login/Input - Password'

2022-02-24 12:19:31 - [TEST_STEP][PASSED] - delay(1): Delayed 1 second(s)

2022-02-24 12:19:32 - [MESSAGE][PASSED] - Delayed 1 second(s)

2022-02-24 12:19:32 - [TEST_STEP][PASSED] - setText(LOGN_EdtRdyPassword, "Shalawa18", 0): Text 'Shalawa18' has been set to element 'Object Repository/Mobile/Page/Login/Input Rdy - Password'

2022-02-24 12:19:32 - [MESSAGE][WARNING] - Timeout '0' is invalid. Using default page load timeout: '60'

2022-02-24 12:19:32 - [MESSAGE][PASSED] - Text 'Shalawa18' has been set to element 'Object Repository/Mobile/Page/Login/Input Rdy - Password'

2022-02-24 12:19:32 - [TEST_STEP][PASSED] - delay(1): Delayed 1 second(s)

2022-02-24 12:19:33 - [MESSAGE][PASSED] - Delayed 1 second(s)

2022-02-24 12:19:33 - [TEST_STEP][PASSED] - hideKeyboard(): Keyboard is hidden

2022-02-24 12:19:39 - [MESSAGE][PASSED] - Keyboard is hidden

2022-02-24 12:19:39 - [TEST_STEP][PASSED] - tap(LOGN_BtnLogin, 0): Tapped on element 'Object Repository/Mobile/Page/Login/Button - Login'

2022-02-24 12:19:39 - [MESSAGE][WARNING] - Timeout '0' is invalid. Using default page load timeout: '60'

2022-02-24 12:19:40 - [MESSAGE][PASSED] - Tapped on element 'Object Repository/Mobile/Page/Login/Button - Login'

2022-02-24 12:19:40 - [TEST_STEP][PASSED] - delay(2): Delayed 2 second(s)

2022-02-24 12:19:42 - [MESSAGE][PASSED] - Delayed 2 second(s)

2022-02-24 12:19:42 - [TEST_STEP][PASSED] - break: null

2022-02-24 12:19:42 - [MESSAGE][PASSED] - Call Test Case 'Test Cases/Mobile/Page/Login/Login' successfully

2022-02-24 12:19:42 - [MESSAGE][PASSED] - Call Test Case 'Test Cases/Mobile/Page/CheckLogin' successfully

2022-02-24 12:19:42 - [TEST_STEP][PASSED] - tap(HOME_MenubarPortfolio, 0): Tapped on element 'Object Repository/Mobile/Page/Home/Menubar - Portfolio'

2022-02-24 12:19:42 - [MESSAGE][WARNING] - Timeout '0' is invalid. Using default page load timeout: '60'

2022-02-24 12:19:44 - [MESSAGE][PASSED] - Tapped on element 'Object Repository/Mobile/Page/Home/Menubar - Portfolio'

2022-02-24 12:19:44 - [TEST_STEP][PASSED] - delay(1): Delayed 1 second(s)

2022-02-24 12:19:45 - [MESSAGE][PASSED] - Delayed 1 second(s)

2022-02-24 12:19:45 - [TEST_STEP][PASSED] - for ([i = 0, i < 1, (i++)]): Delayed 3 second(s)

2022-02-24 12:19:45 - [TEST_STEP][PASSED] - if (tab == "summary"): Delayed 3 second(s)

2022-02-24 12:19:45 - [TEST_STEP][PASSED] - idr = PORT_BtnIDR: null

2022-02-24 12:19:45 - [TEST_STEP][PASSED] - persen = PORT_BtnPersen: null

2022-02-24 12:19:45 - [TEST_STEP][PASSED] - if (action == "summary"): null

2022-02-24 12:19:45 - [TEST_STEP][PASSED] - else if (action == "perf_daily"): null

2022-02-24 12:19:45 - [TEST_STEP][PASSED] - else if (action == "perf_month"): null

2022-02-24 12:19:45 - [TEST_STEP][PASSED] - else if (action == "perf_quarter"): null

2022-02-24 12:19:45 - [TEST_STEP][PASSED] - else if (action == "perf_year"): Tapped on element 'Object Repository/Mobile/Page/Portfolio/Tab - Summary Year to Date'

2022-02-24 12:19:45 - [TEST_STEP][PASSED] - scroll.scroll.scrollScreenBottomToTop(): scroll.scroll.scrollScreenBottomToTop is PASSED

2022-02-24 12:19:45 - [MESSAGE][PASSED] - Current device physical height is 1423

2022-02-24 12:19:46 - [MESSAGE][PASSED] - Current device physical width is 720

2022-02-24 12:19:47 - [MESSAGE][PASSED] - Swiped from 360,1,138 to 360,284

2022-02-24 12:19:47 - [MESSAGE][PASSED] - scroll.scroll.scrollScreenBottomToTop is PASSED

2022-02-24 12:19:47 - [TEST_STEP][PASSED] - delay(1): Delayed 1 second(s)

2022-02-24 12:19:48 - [MESSAGE][PASSED] - Delayed 1 second(s)

2022-02-24 12:19:48 - [TEST_STEP][PASSED] - tap(PORT_TabSummaryYear, 0): Tapped on element 'Object Repository/Mobile/Page/Portfolio/Tab - Summary Year to Date'

2022-02-24 12:19:48 - [MESSAGE][WARNING] - Timeout '0' is invalid. Using default page load timeout: '60'

2022-02-24 12:19:49 - [MESSAGE][PASSED] - Tapped on element 'Object Repository/Mobile/Page/Portfolio/Tab - Summary Year to Date'

2022-02-24 12:19:49 - [TEST_STEP][PASSED] - if (action != "summary"): Delayed 3 second(s)

2022-02-24 12:19:49 - [TEST_STEP][PASSED] - delay(1): Delayed 1 second(s)

2022-02-24 12:19:50 - [MESSAGE][PASSED] - Delayed 1 second(s)

2022-02-24 12:19:50 - [TEST_STEP][PASSED] - scroll.scroll.scrollScreenBottomToTop(): scroll.scroll.scrollScreenBottomToTop is PASSED

2022-02-24 12:19:50 - [MESSAGE][PASSED] - Current device physical height is 1423

2022-02-24 12:19:50 - [MESSAGE][PASSED] - Current device physical width is 720

2022-02-24 12:19:51 - [MESSAGE][PASSED] - Swiped from 360,1,138 to 360,284

2022-02-24 12:19:51 - [MESSAGE][PASSED] - scroll.scroll.scrollScreenBottomToTop is PASSED

2022-02-24 12:19:51 - [TEST_STEP][PASSED] - scroll.scroll.scrollScreenBottomToTop(): scroll.scroll.scrollScreenBottomToTop is PASSED

2022-02-24 12:19:51 - [MESSAGE][PASSED] - Current device physical height is 1423

2022-02-24 12:19:51 - [MESSAGE][PASSED] - Current device physical width is 720

2022-02-24 12:19:53 - [MESSAGE][PASSED] - Swiped from 360,1,138 to 360,284

2022-02-24 12:19:53 - [MESSAGE][PASSED] - scroll.scroll.scrollScreenBottomToTop is PASSED

2022-02-24 12:19:53 - [TEST_STEP][PASSED] - delay(3): Delayed 3 second(s)

2022-02-24 12:19:56 - [MESSAGE][PASSED] - Delayed 3 second(s)

2022-02-24 12:19:56 - [TEST_STEP][PASSED] - if (action2 == "idr"): null

2022-02-24 12:19:56 - [TEST_STEP][PASSED] - else if (action2 == "persen"): Delayed 3 second(s)

2022-02-24 12:19:56 - [TEST_STEP][PASSED] - tap(persen, 10): Tapped on element 'Object Repository/Mobile/Page/Portfolio/Button - Persen'

2022-02-24 12:19:56 - [MESSAGE][PASSED] - Tapped on element 'Object Repository/Mobile/Page/Portfolio/Button - Persen'

2022-02-24 12:19:56 - [TEST_STEP][PASSED] - delay(3): Delayed 3 second(s)

2022-02-24 12:19:59 - [MESSAGE][PASSED] - Delayed 3 second(s)

2022-02-24 12:19:59 - [MESSAGE][PASSED] - Call Test Case 'Test Cases/Mobile/Page/Portfolio/Portfolio' successfully

2022-02-24 12:19:59 - [TEST_STEP][PASSED] - callTestCase(findTestCase("Mobile/Page/Run App/Terminate App"), [:], STOP_ON_FAILURE): Call Test Case 'Test Cases/Mobile/Page/Run App/Terminate App' successfully

2022-02-24 12:19:59 - [TEST_CASE][PASSED] - Test Cases/Mobile/Page/Run App/Terminate App: Test Cases/Mobile/Page/Run App/Terminate App

2022-02-24 12:19:59 - [TEST_STEP][PASSED] - startApp.OpenApp.terminateApplication(): startApp.OpenApp.terminateApplication is PASSED

2022-02-24 12:20:02 - [MESSAGE][PASSED] - Delayed 3 second(s)

2022-02-24 12:20:02 - [MESSAGE][PASSED] - Current device physical width is 720

2022-02-24 12:20:03 - [MESSAGE][PASSED] - Current device physical height is 1423

2022-02-24 12:20:04 - [MESSAGE][PASSED] - Swiped from 360,853 to 360,142

2022-02-24 12:20:05 - [MESSAGE][PASSED] - Delayed 1 second(s)

2022-02-24 12:20:06 - [MESSAGE][PASSED] - Swiped from 360,853 to 360,142

2022-02-24 12:20:09 - [MESSAGE][PASSED] - Delayed 3 second(s)

2022-02-24 12:20:09 - [MESSAGE][PASSED] - startApp.OpenApp.terminateApplication is PASSED

2022-02-24 12:20:09 - [MESSAGE][PASSED] - Call Test Case 'Test Cases/Mobile/Page/Run App/Terminate App' successfully]]></system-out>
         <system-err><![CDATA[]]></system-err>
      </testcase>
      <testcase name="Test Cases/Mobile/Scenario/Portfolio/010 - Melihat list stock" time="54.995" classname="Test Cases/Mobile/Scenario/Portfolio/010 - Melihat list stock" status="PASSED">
         <system-out><![CDATA[2022-02-24 12:20:09 - [TEST_CASE][PASSED] - Test Cases/Mobile/Scenario/Portfolio/010 - Melihat list stock: Test Cases/Mobile/Scenario/Portfolio/010 - Melihat list stock

2022-02-24 12:20:10 - [TEST_STEP][PASSED] - callTestCase(findTestCase("Mobile/Page/Run App/Run App byID"), [:], STOP_ON_FAILURE): Call Test Case 'Test Cases/Mobile/Page/Run App/Run App byID' successfully

2022-02-24 12:20:10 - [TEST_CASE][PASSED] - Test Cases/Mobile/Page/Run App/Run App byID: Test Cases/Mobile/Page/Run App/Run App byID

2022-02-24 12:20:10 - [TEST_STEP][PASSED] - startApp.OpenApp.startApplication("id.co.miraeasset.sageclub"): startApp.OpenApp.startApplication is PASSED

2022-02-24 12:20:21 - [MESSAGE][PASSED] - Starting app with application ID: 'id.co.miraeasset.sageclub'

2022-02-24 12:20:21 - [MESSAGE][PASSED] - startApp.OpenApp.startApplication is PASSED

2022-02-24 12:20:21 - [MESSAGE][PASSED] - Call Test Case 'Test Cases/Mobile/Page/Run App/Run App byID' successfully

2022-02-24 12:20:21 - [TEST_STEP][PASSED] - callTestCase(findTestCase("Mobile/Page/Portfolio/Portfolio"), ["tab":"stock"], CONTINUE_ON_FAILURE): Call Test Case 'Test Cases/Mobile/Page/Portfolio/Portfolio' successfully

2022-02-24 12:20:21 - [TEST_CASE][PASSED] - Test Cases/Mobile/Page/Portfolio/Portfolio: Test Cases/Mobile/Page/Portfolio/Portfolio

2022-02-24 12:20:21 - [TEST_STEP][PASSED] - callTestCase(findTestCase("Mobile/Page/CheckLogin"), [:], CONTINUE_ON_FAILURE): Call Test Case 'Test Cases/Mobile/Page/CheckLogin' successfully

2022-02-24 12:20:21 - [TEST_CASE][PASSED] - Test Cases/Mobile/Page/CheckLogin: Test Cases/Mobile/Page/CheckLogin

2022-02-24 12:20:21 - [TEST_STEP][PASSED] - loginCheck = verifyElementExist(LOGN_BtnLogin, 5, CONTINUE_ON_FAILURE): Element 'Object Repository/Mobile/Page/Login/Button - Login' is exist

2022-02-24 12:20:23 - [MESSAGE][PASSED] - Element 'Object Repository/Mobile/Page/Login/Button - Login' is exist

2022-02-24 12:20:23 - [TEST_STEP][PASSED] - if (loginCheck): Call Test Case 'Test Cases/Mobile/Page/Login/Login' successfully

2022-02-24 12:20:23 - [TEST_STEP][PASSED] - callTestCase(findTestCase("Mobile/Page/Login/Login"), ["action":"username"], CONTINUE_ON_FAILURE): Call Test Case 'Test Cases/Mobile/Page/Login/Login' successfully

2022-02-24 12:20:23 - [TEST_CASE][PASSED] - Test Cases/Mobile/Page/Login/Login: Test Cases/Mobile/Page/Login/Login

2022-02-24 12:20:23 - [TEST_STEP][PASSED] - delay(2): Delayed 2 second(s)

2022-02-24 12:20:25 - [MESSAGE][PASSED] - Delayed 2 second(s)

2022-02-24 12:20:25 - [TEST_STEP][PASSED] - for ([i = 0, i < 1, (i++)]): null

2022-02-24 12:20:25 - [TEST_STEP][PASSED] - if (action == "username"): null

2022-02-24 12:20:25 - [TEST_STEP][PASSED] - tap(LOGN_EdtUserID, 0): Tapped on element 'Object Repository/Mobile/Page/Login/Input - UserID'

2022-02-24 12:20:25 - [MESSAGE][WARNING] - Timeout '0' is invalid. Using default page load timeout: '60'

2022-02-24 12:20:26 - [MESSAGE][PASSED] - Tapped on element 'Object Repository/Mobile/Page/Login/Input - UserID'

2022-02-24 12:20:26 - [TEST_STEP][PASSED] - delay(1): Delayed 1 second(s)

2022-02-24 12:20:27 - [MESSAGE][PASSED] - Delayed 1 second(s)

2022-02-24 12:20:27 - [TEST_STEP][PASSED] - setText(LOGN_EdtRdyUserID, "anggaaditya", 0): Text 'anggaaditya' has been set to element 'Object Repository/Mobile/Page/Login/Input Rdy - UserID'

2022-02-24 12:20:27 - [MESSAGE][WARNING] - Timeout '0' is invalid. Using default page load timeout: '60'

2022-02-24 12:20:27 - [MESSAGE][PASSED] - Text 'anggaaditya' has been set to element 'Object Repository/Mobile/Page/Login/Input Rdy - UserID'

2022-02-24 12:20:27 - [TEST_STEP][PASSED] - delay(1): Delayed 1 second(s)

2022-02-24 12:20:28 - [MESSAGE][PASSED] - Delayed 1 second(s)

2022-02-24 12:20:28 - [TEST_STEP][PASSED] - hideKeyboard(): Keyboard is hidden

2022-02-24 12:20:32 - [MESSAGE][PASSED] - Keyboard is hidden

2022-02-24 12:20:32 - [TEST_STEP][PASSED] - tap(LOGN_EdtPassword, 0): Tapped on element 'Object Repository/Mobile/Page/Login/Input - Password'

2022-02-24 12:20:32 - [MESSAGE][WARNING] - Timeout '0' is invalid. Using default page load timeout: '60'

2022-02-24 12:20:33 - [MESSAGE][PASSED] - Tapped on element 'Object Repository/Mobile/Page/Login/Input - Password'

2022-02-24 12:20:33 - [TEST_STEP][PASSED] - delay(1): Delayed 1 second(s)

2022-02-24 12:20:34 - [MESSAGE][PASSED] - Delayed 1 second(s)

2022-02-24 12:20:34 - [TEST_STEP][PASSED] - setText(LOGN_EdtRdyPassword, "Shalawa18", 0): Text 'Shalawa18' has been set to element 'Object Repository/Mobile/Page/Login/Input Rdy - Password'

2022-02-24 12:20:34 - [MESSAGE][WARNING] - Timeout '0' is invalid. Using default page load timeout: '60'

2022-02-24 12:20:34 - [MESSAGE][PASSED] - Text 'Shalawa18' has been set to element 'Object Repository/Mobile/Page/Login/Input Rdy - Password'

2022-02-24 12:20:34 - [TEST_STEP][PASSED] - delay(1): Delayed 1 second(s)

2022-02-24 12:20:35 - [MESSAGE][PASSED] - Delayed 1 second(s)

2022-02-24 12:20:35 - [TEST_STEP][PASSED] - hideKeyboard(): Keyboard is hidden

2022-02-24 12:20:43 - [MESSAGE][PASSED] - Keyboard is hidden

2022-02-24 12:20:43 - [TEST_STEP][PASSED] - tap(LOGN_BtnLogin, 0): Tapped on element 'Object Repository/Mobile/Page/Login/Button - Login'

2022-02-24 12:20:43 - [MESSAGE][WARNING] - Timeout '0' is invalid. Using default page load timeout: '60'

2022-02-24 12:20:43 - [MESSAGE][PASSED] - Tapped on element 'Object Repository/Mobile/Page/Login/Button - Login'

2022-02-24 12:20:43 - [TEST_STEP][PASSED] - delay(2): Delayed 2 second(s)

2022-02-24 12:20:45 - [MESSAGE][PASSED] - Delayed 2 second(s)

2022-02-24 12:20:45 - [TEST_STEP][PASSED] - break: null

2022-02-24 12:20:45 - [MESSAGE][PASSED] - Call Test Case 'Test Cases/Mobile/Page/Login/Login' successfully

2022-02-24 12:20:45 - [MESSAGE][PASSED] - Call Test Case 'Test Cases/Mobile/Page/CheckLogin' successfully

2022-02-24 12:20:45 - [TEST_STEP][PASSED] - tap(HOME_MenubarPortfolio, 0): Tapped on element 'Object Repository/Mobile/Page/Home/Menubar - Portfolio'

2022-02-24 12:20:45 - [MESSAGE][WARNING] - Timeout '0' is invalid. Using default page load timeout: '60'

2022-02-24 12:20:47 - [MESSAGE][PASSED] - Tapped on element 'Object Repository/Mobile/Page/Home/Menubar - Portfolio'

2022-02-24 12:20:47 - [TEST_STEP][PASSED] - delay(1): Delayed 1 second(s)

2022-02-24 12:20:48 - [MESSAGE][PASSED] - Delayed 1 second(s)

2022-02-24 12:20:48 - [TEST_STEP][PASSED] - for ([i = 0, i < 1, (i++)]): Delayed 3 second(s)

2022-02-24 12:20:48 - [TEST_STEP][PASSED] - if (tab == "summary"): null

2022-02-24 12:20:48 - [TEST_STEP][PASSED] - else if (tab == "stock"): Delayed 3 second(s)

2022-02-24 12:20:48 - [TEST_STEP][PASSED] - tap(PORT_TabStock, 0): Tapped on element 'Object Repository/Mobile/Page/Portfolio/Tab - Stock'

2022-02-24 12:20:48 - [MESSAGE][WARNING] - Timeout '0' is invalid. Using default page load timeout: '60'

2022-02-24 12:20:50 - [MESSAGE][PASSED] - Tapped on element 'Object Repository/Mobile/Page/Portfolio/Tab - Stock'

2022-02-24 12:20:50 - [TEST_STEP][PASSED] - scroll.scroll.scrollScreenBottomToTop(): scroll.scroll.scrollScreenBottomToTop is PASSED

2022-02-24 12:20:50 - [MESSAGE][PASSED] - Current device physical height is 1423

2022-02-24 12:20:50 - [MESSAGE][PASSED] - Current device physical width is 720

2022-02-24 12:20:51 - [MESSAGE][PASSED] - Swiped from 360,1,138 to 360,284

2022-02-24 12:20:51 - [MESSAGE][PASSED] - scroll.scroll.scrollScreenBottomToTop is PASSED

2022-02-24 12:20:51 - [TEST_STEP][PASSED] - delay(3): Delayed 3 second(s)

2022-02-24 12:20:54 - [MESSAGE][PASSED] - Delayed 3 second(s)

2022-02-24 12:20:54 - [MESSAGE][PASSED] - Call Test Case 'Test Cases/Mobile/Page/Portfolio/Portfolio' successfully

2022-02-24 12:20:54 - [TEST_STEP][PASSED] - callTestCase(findTestCase("Mobile/Page/Run App/Terminate App"), [:], STOP_ON_FAILURE): Call Test Case 'Test Cases/Mobile/Page/Run App/Terminate App' successfully

2022-02-24 12:20:54 - [TEST_CASE][PASSED] - Test Cases/Mobile/Page/Run App/Terminate App: Test Cases/Mobile/Page/Run App/Terminate App

2022-02-24 12:20:54 - [TEST_STEP][PASSED] - startApp.OpenApp.terminateApplication(): startApp.OpenApp.terminateApplication is PASSED

2022-02-24 12:20:57 - [MESSAGE][PASSED] - Delayed 3 second(s)

2022-02-24 12:20:58 - [MESSAGE][PASSED] - Current device physical width is 720

2022-02-24 12:20:58 - [MESSAGE][PASSED] - Current device physical height is 1423

2022-02-24 12:20:59 - [MESSAGE][PASSED] - Swiped from 360,853 to 360,142

2022-02-24 12:21:00 - [MESSAGE][PASSED] - Delayed 1 second(s)

2022-02-24 12:21:01 - [MESSAGE][PASSED] - Swiped from 360,853 to 360,142

2022-02-24 12:21:04 - [MESSAGE][PASSED] - Delayed 3 second(s)

2022-02-24 12:21:04 - [MESSAGE][PASSED] - startApp.OpenApp.terminateApplication is PASSED

2022-02-24 12:21:04 - [MESSAGE][PASSED] - Call Test Case 'Test Cases/Mobile/Page/Run App/Terminate App' successfully]]></system-out>
         <system-err><![CDATA[]]></system-err>
      </testcase>
      <testcase name="Test Cases/Mobile/Scenario/Portfolio/011 - Melihat list mutual fund" time="59.927" classname="Test Cases/Mobile/Scenario/Portfolio/011 - Melihat list mutual fund" status="PASSED">
         <system-out><![CDATA[2022-02-24 12:21:04 - [TEST_CASE][PASSED] - Test Cases/Mobile/Scenario/Portfolio/011 - Melihat list mutual fund: Test Cases/Mobile/Scenario/Portfolio/011 - Melihat list mutual fund

2022-02-24 12:21:05 - [TEST_STEP][PASSED] - callTestCase(findTestCase("Mobile/Page/Run App/Run App byID"), [:], STOP_ON_FAILURE): Call Test Case 'Test Cases/Mobile/Page/Run App/Run App byID' successfully

2022-02-24 12:21:05 - [TEST_CASE][PASSED] - Test Cases/Mobile/Page/Run App/Run App byID: Test Cases/Mobile/Page/Run App/Run App byID

2022-02-24 12:21:05 - [TEST_STEP][PASSED] - startApp.OpenApp.startApplication("id.co.miraeasset.sageclub"): startApp.OpenApp.startApplication is PASSED

2022-02-24 12:21:16 - [MESSAGE][PASSED] - Starting app with application ID: 'id.co.miraeasset.sageclub'

2022-02-24 12:21:16 - [MESSAGE][PASSED] - startApp.OpenApp.startApplication is PASSED

2022-02-24 12:21:16 - [MESSAGE][PASSED] - Call Test Case 'Test Cases/Mobile/Page/Run App/Run App byID' successfully

2022-02-24 12:21:16 - [TEST_STEP][PASSED] - callTestCase(findTestCase("Mobile/Page/Portfolio/Portfolio"), ["tab":"mutualfund", "action2":"none"], CONTINUE_ON_FAILURE): Call Test Case 'Test Cases/Mobile/Page/Portfolio/Portfolio' successfully

2022-02-24 12:21:16 - [TEST_CASE][PASSED] - Test Cases/Mobile/Page/Portfolio/Portfolio: Test Cases/Mobile/Page/Portfolio/Portfolio

2022-02-24 12:21:16 - [TEST_STEP][PASSED] - callTestCase(findTestCase("Mobile/Page/CheckLogin"), [:], CONTINUE_ON_FAILURE): Call Test Case 'Test Cases/Mobile/Page/CheckLogin' successfully

2022-02-24 12:21:16 - [TEST_CASE][PASSED] - Test Cases/Mobile/Page/CheckLogin: Test Cases/Mobile/Page/CheckLogin

2022-02-24 12:21:16 - [TEST_STEP][PASSED] - loginCheck = verifyElementExist(LOGN_BtnLogin, 5, CONTINUE_ON_FAILURE): Element 'Object Repository/Mobile/Page/Login/Button - Login' is exist

2022-02-24 12:21:18 - [MESSAGE][PASSED] - Element 'Object Repository/Mobile/Page/Login/Button - Login' is exist

2022-02-24 12:21:18 - [TEST_STEP][PASSED] - if (loginCheck): Call Test Case 'Test Cases/Mobile/Page/Login/Login' successfully

2022-02-24 12:21:18 - [TEST_STEP][PASSED] - callTestCase(findTestCase("Mobile/Page/Login/Login"), ["action":"username"], CONTINUE_ON_FAILURE): Call Test Case 'Test Cases/Mobile/Page/Login/Login' successfully

2022-02-24 12:21:18 - [TEST_CASE][PASSED] - Test Cases/Mobile/Page/Login/Login: Test Cases/Mobile/Page/Login/Login

2022-02-24 12:21:18 - [TEST_STEP][PASSED] - delay(2): Delayed 2 second(s)

2022-02-24 12:21:20 - [MESSAGE][PASSED] - Delayed 2 second(s)

2022-02-24 12:21:20 - [TEST_STEP][PASSED] - for ([i = 0, i < 1, (i++)]): null

2022-02-24 12:21:20 - [TEST_STEP][PASSED] - if (action == "username"): null

2022-02-24 12:21:20 - [TEST_STEP][PASSED] - tap(LOGN_EdtUserID, 0): Tapped on element 'Object Repository/Mobile/Page/Login/Input - UserID'

2022-02-24 12:21:20 - [MESSAGE][WARNING] - Timeout '0' is invalid. Using default page load timeout: '60'

2022-02-24 12:21:21 - [MESSAGE][PASSED] - Tapped on element 'Object Repository/Mobile/Page/Login/Input - UserID'

2022-02-24 12:21:21 - [TEST_STEP][PASSED] - delay(1): Delayed 1 second(s)

2022-02-24 12:21:22 - [MESSAGE][PASSED] - Delayed 1 second(s)

2022-02-24 12:21:22 - [TEST_STEP][PASSED] - setText(LOGN_EdtRdyUserID, "anggaaditya", 0): Text 'anggaaditya' has been set to element 'Object Repository/Mobile/Page/Login/Input Rdy - UserID'

2022-02-24 12:21:22 - [MESSAGE][WARNING] - Timeout '0' is invalid. Using default page load timeout: '60'

2022-02-24 12:21:22 - [MESSAGE][PASSED] - Text 'anggaaditya' has been set to element 'Object Repository/Mobile/Page/Login/Input Rdy - UserID'

2022-02-24 12:21:22 - [TEST_STEP][PASSED] - delay(1): Delayed 1 second(s)

2022-02-24 12:21:23 - [MESSAGE][PASSED] - Delayed 1 second(s)

2022-02-24 12:21:23 - [TEST_STEP][PASSED] - hideKeyboard(): Keyboard is hidden

2022-02-24 12:21:27 - [MESSAGE][PASSED] - Keyboard is hidden

2022-02-24 12:21:27 - [TEST_STEP][PASSED] - tap(LOGN_EdtPassword, 0): Tapped on element 'Object Repository/Mobile/Page/Login/Input - Password'

2022-02-24 12:21:27 - [MESSAGE][WARNING] - Timeout '0' is invalid. Using default page load timeout: '60'

2022-02-24 12:21:28 - [MESSAGE][PASSED] - Tapped on element 'Object Repository/Mobile/Page/Login/Input - Password'

2022-02-24 12:21:28 - [TEST_STEP][PASSED] - delay(1): Delayed 1 second(s)

2022-02-24 12:21:29 - [MESSAGE][PASSED] - Delayed 1 second(s)

2022-02-24 12:21:29 - [TEST_STEP][PASSED] - setText(LOGN_EdtRdyPassword, "Shalawa18", 0): Text 'Shalawa18' has been set to element 'Object Repository/Mobile/Page/Login/Input Rdy - Password'

2022-02-24 12:21:29 - [MESSAGE][WARNING] - Timeout '0' is invalid. Using default page load timeout: '60'

2022-02-24 12:21:29 - [MESSAGE][PASSED] - Text 'Shalawa18' has been set to element 'Object Repository/Mobile/Page/Login/Input Rdy - Password'

2022-02-24 12:21:29 - [TEST_STEP][PASSED] - delay(1): Delayed 1 second(s)

2022-02-24 12:21:30 - [MESSAGE][PASSED] - Delayed 1 second(s)

2022-02-24 12:21:30 - [TEST_STEP][PASSED] - hideKeyboard(): Keyboard is hidden

2022-02-24 12:21:36 - [MESSAGE][PASSED] - Keyboard is hidden

2022-02-24 12:21:36 - [TEST_STEP][PASSED] - tap(LOGN_BtnLogin, 0): Tapped on element 'Object Repository/Mobile/Page/Login/Button - Login'

2022-02-24 12:21:36 - [MESSAGE][WARNING] - Timeout '0' is invalid. Using default page load timeout: '60'

2022-02-24 12:21:37 - [MESSAGE][PASSED] - Tapped on element 'Object Repository/Mobile/Page/Login/Button - Login'

2022-02-24 12:21:37 - [TEST_STEP][PASSED] - delay(2): Delayed 2 second(s)

2022-02-24 12:21:39 - [MESSAGE][PASSED] - Delayed 2 second(s)

2022-02-24 12:21:39 - [TEST_STEP][PASSED] - break: null

2022-02-24 12:21:39 - [MESSAGE][PASSED] - Call Test Case 'Test Cases/Mobile/Page/Login/Login' successfully

2022-02-24 12:21:39 - [MESSAGE][PASSED] - Call Test Case 'Test Cases/Mobile/Page/CheckLogin' successfully

2022-02-24 12:21:39 - [TEST_STEP][PASSED] - tap(HOME_MenubarPortfolio, 0): Tapped on element 'Object Repository/Mobile/Page/Home/Menubar - Portfolio'

2022-02-24 12:21:39 - [MESSAGE][WARNING] - Timeout '0' is invalid. Using default page load timeout: '60'

2022-02-24 12:21:41 - [MESSAGE][PASSED] - Tapped on element 'Object Repository/Mobile/Page/Home/Menubar - Portfolio'

2022-02-24 12:21:41 - [TEST_STEP][PASSED] - delay(1): Delayed 1 second(s)

2022-02-24 12:21:42 - [MESSAGE][PASSED] - Delayed 1 second(s)

2022-02-24 12:21:42 - [TEST_STEP][PASSED] - for ([i = 0, i < 1, (i++)]): scroll.scroll.scrollScreenBottomToTop is PASSED

2022-02-24 12:21:42 - [TEST_STEP][PASSED] - if (tab == "summary"): null

2022-02-24 12:21:42 - [TEST_STEP][PASSED] - else if (tab == "stock"): null

2022-02-24 12:21:42 - [TEST_STEP][PASSED] - else if (tab == "mutualfund"): scroll.scroll.scrollScreenBottomToTop is PASSED

2022-02-24 12:21:42 - [TEST_STEP][PASSED] - tap(PORT_TabMutualFund, 0): Tapped on element 'Object Repository/Mobile/Page/Portfolio/Tab - Mutual Fund'

2022-02-24 12:21:42 - [MESSAGE][WARNING] - Timeout '0' is invalid. Using default page load timeout: '60'

2022-02-24 12:21:44 - [MESSAGE][PASSED] - Tapped on element 'Object Repository/Mobile/Page/Portfolio/Tab - Mutual Fund'

2022-02-24 12:21:44 - [TEST_STEP][PASSED] - delay(1): Delayed 1 second(s)

2022-02-24 12:21:45 - [MESSAGE][PASSED] - Delayed 1 second(s)

2022-02-24 12:21:45 - [TEST_STEP][PASSED] - try: scroll.scroll.scrollScreenBottomToTop is PASSED

2022-02-24 12:21:45 - [TEST_STEP][PASSED] - tapAndHold(PORT_ItemTopMutualFund, 1, 10): Tapped and held on element 'Object Repository/Mobile/Page/Portfolio/Item - Top Mutual Fund' with duration 1

2022-02-24 12:21:48 - [MESSAGE][PASSED] - Tapped and held on element 'Object Repository/Mobile/Page/Portfolio/Item - Top Mutual Fund' with duration 1

2022-02-24 12:21:48 - [TEST_STEP][PASSED] - delay(2): Delayed 2 second(s)

2022-02-24 12:21:50 - [MESSAGE][PASSED] - Delayed 2 second(s)

2022-02-24 12:21:50 - [TEST_STEP][PASSED] - switch (action2): null

2022-02-24 12:21:50 - [TEST_STEP][PASSED] - delay(3): Delayed 3 second(s)

2022-02-24 12:21:53 - [MESSAGE][PASSED] - Delayed 3 second(s)

2022-02-24 12:21:53 - [TEST_STEP][PASSED] - scroll.scroll.scrollScreenBottomToTop(): scroll.scroll.scrollScreenBottomToTop is PASSED

2022-02-24 12:21:53 - [MESSAGE][PASSED] - Current device physical height is 1423

2022-02-24 12:21:53 - [MESSAGE][PASSED] - Current device physical width is 720

2022-02-24 12:21:54 - [MESSAGE][PASSED] - Swiped from 360,1,138 to 360,284

2022-02-24 12:21:54 - [MESSAGE][PASSED] - scroll.scroll.scrollScreenBottomToTop is PASSED

2022-02-24 12:21:54 - [MESSAGE][PASSED] - Call Test Case 'Test Cases/Mobile/Page/Portfolio/Portfolio' successfully

2022-02-24 12:21:54 - [TEST_STEP][PASSED] - callTestCase(findTestCase("Mobile/Page/Run App/Terminate App"), [:], STOP_ON_FAILURE): Call Test Case 'Test Cases/Mobile/Page/Run App/Terminate App' successfully

2022-02-24 12:21:54 - [TEST_CASE][PASSED] - Test Cases/Mobile/Page/Run App/Terminate App: Test Cases/Mobile/Page/Run App/Terminate App

2022-02-24 12:21:54 - [TEST_STEP][PASSED] - startApp.OpenApp.terminateApplication(): startApp.OpenApp.terminateApplication is PASSED

2022-02-24 12:21:57 - [MESSAGE][PASSED] - Delayed 3 second(s)

2022-02-24 12:21:57 - [MESSAGE][PASSED] - Current device physical width is 720

2022-02-24 12:21:58 - [MESSAGE][PASSED] - Current device physical height is 1423

2022-02-24 12:21:59 - [MESSAGE][PASSED] - Swiped from 360,853 to 360,142

2022-02-24 12:22:00 - [MESSAGE][PASSED] - Delayed 1 second(s)

2022-02-24 12:22:01 - [MESSAGE][PASSED] - Swiped from 360,853 to 360,142

2022-02-24 12:22:04 - [MESSAGE][PASSED] - Delayed 3 second(s)

2022-02-24 12:22:04 - [MESSAGE][PASSED] - startApp.OpenApp.terminateApplication is PASSED

2022-02-24 12:22:04 - [MESSAGE][PASSED] - Call Test Case 'Test Cases/Mobile/Page/Run App/Terminate App' successfully]]></system-out>
         <system-err><![CDATA[]]></system-err>
      </testcase>
      <testcase name="Test Cases/Mobile/Scenario/Portfolio/012 - Melihat list bond" time="55.538" classname="Test Cases/Mobile/Scenario/Portfolio/012 - Melihat list bond" status="PASSED">
         <system-out><![CDATA[2022-02-24 12:22:04 - [TEST_CASE][PASSED] - Test Cases/Mobile/Scenario/Portfolio/012 - Melihat list bond: Test Cases/Mobile/Scenario/Portfolio/012 - Melihat list bond

2022-02-24 12:22:04 - [TEST_STEP][PASSED] - callTestCase(findTestCase("Mobile/Page/Run App/Run App byID"), [:], STOP_ON_FAILURE): Call Test Case 'Test Cases/Mobile/Page/Run App/Run App byID' successfully

2022-02-24 12:22:05 - [TEST_CASE][PASSED] - Test Cases/Mobile/Page/Run App/Run App byID: Test Cases/Mobile/Page/Run App/Run App byID

2022-02-24 12:22:05 - [TEST_STEP][PASSED] - startApp.OpenApp.startApplication("id.co.miraeasset.sageclub"): startApp.OpenApp.startApplication is PASSED

2022-02-24 12:22:16 - [MESSAGE][PASSED] - Starting app with application ID: 'id.co.miraeasset.sageclub'

2022-02-24 12:22:16 - [MESSAGE][PASSED] - startApp.OpenApp.startApplication is PASSED

2022-02-24 12:22:16 - [MESSAGE][PASSED] - Call Test Case 'Test Cases/Mobile/Page/Run App/Run App byID' successfully

2022-02-24 12:22:16 - [TEST_STEP][PASSED] - callTestCase(findTestCase("Mobile/Page/Portfolio/Portfolio"), ["tab":"stock", "action":"none"], CONTINUE_ON_FAILURE): Call Test Case 'Test Cases/Mobile/Page/Portfolio/Portfolio' successfully

2022-02-24 12:22:16 - [TEST_CASE][PASSED] - Test Cases/Mobile/Page/Portfolio/Portfolio: Test Cases/Mobile/Page/Portfolio/Portfolio

2022-02-24 12:22:16 - [TEST_STEP][PASSED] - callTestCase(findTestCase("Mobile/Page/CheckLogin"), [:], CONTINUE_ON_FAILURE): Call Test Case 'Test Cases/Mobile/Page/CheckLogin' successfully

2022-02-24 12:22:16 - [TEST_CASE][PASSED] - Test Cases/Mobile/Page/CheckLogin: Test Cases/Mobile/Page/CheckLogin

2022-02-24 12:22:16 - [TEST_STEP][PASSED] - loginCheck = verifyElementExist(LOGN_BtnLogin, 5, CONTINUE_ON_FAILURE): Element 'Object Repository/Mobile/Page/Login/Button - Login' is exist

2022-02-24 12:22:18 - [MESSAGE][PASSED] - Element 'Object Repository/Mobile/Page/Login/Button - Login' is exist

2022-02-24 12:22:18 - [TEST_STEP][PASSED] - if (loginCheck): Call Test Case 'Test Cases/Mobile/Page/Login/Login' successfully

2022-02-24 12:22:18 - [TEST_STEP][PASSED] - callTestCase(findTestCase("Mobile/Page/Login/Login"), ["action":"username"], CONTINUE_ON_FAILURE): Call Test Case 'Test Cases/Mobile/Page/Login/Login' successfully

2022-02-24 12:22:18 - [TEST_CASE][PASSED] - Test Cases/Mobile/Page/Login/Login: Test Cases/Mobile/Page/Login/Login

2022-02-24 12:22:18 - [TEST_STEP][PASSED] - delay(2): Delayed 2 second(s)

2022-02-24 12:22:20 - [MESSAGE][PASSED] - Delayed 2 second(s)

2022-02-24 12:22:20 - [TEST_STEP][PASSED] - for ([i = 0, i < 1, (i++)]): null

2022-02-24 12:22:20 - [TEST_STEP][PASSED] - if (action == "username"): null

2022-02-24 12:22:20 - [TEST_STEP][PASSED] - tap(LOGN_EdtUserID, 0): Tapped on element 'Object Repository/Mobile/Page/Login/Input - UserID'

2022-02-24 12:22:20 - [MESSAGE][WARNING] - Timeout '0' is invalid. Using default page load timeout: '60'

2022-02-24 12:22:21 - [MESSAGE][PASSED] - Tapped on element 'Object Repository/Mobile/Page/Login/Input - UserID'

2022-02-24 12:22:21 - [TEST_STEP][PASSED] - delay(1): Delayed 1 second(s)

2022-02-24 12:22:22 - [MESSAGE][PASSED] - Delayed 1 second(s)

2022-02-24 12:22:22 - [TEST_STEP][PASSED] - setText(LOGN_EdtRdyUserID, "anggaaditya", 0): Text 'anggaaditya' has been set to element 'Object Repository/Mobile/Page/Login/Input Rdy - UserID'

2022-02-24 12:22:22 - [MESSAGE][WARNING] - Timeout '0' is invalid. Using default page load timeout: '60'

2022-02-24 12:22:24 - [MESSAGE][PASSED] - Text 'anggaaditya' has been set to element 'Object Repository/Mobile/Page/Login/Input Rdy - UserID'

2022-02-24 12:22:24 - [TEST_STEP][PASSED] - delay(1): Delayed 1 second(s)

2022-02-24 12:22:25 - [MESSAGE][PASSED] - Delayed 1 second(s)

2022-02-24 12:22:25 - [TEST_STEP][PASSED] - hideKeyboard(): Keyboard is hidden

2022-02-24 12:22:29 - [MESSAGE][PASSED] - Keyboard is hidden

2022-02-24 12:22:29 - [TEST_STEP][PASSED] - tap(LOGN_EdtPassword, 0): Tapped on element 'Object Repository/Mobile/Page/Login/Input - Password'

2022-02-24 12:22:29 - [MESSAGE][WARNING] - Timeout '0' is invalid. Using default page load timeout: '60'

2022-02-24 12:22:29 - [MESSAGE][PASSED] - Tapped on element 'Object Repository/Mobile/Page/Login/Input - Password'

2022-02-24 12:22:29 - [TEST_STEP][PASSED] - delay(1): Delayed 1 second(s)

2022-02-24 12:22:30 - [MESSAGE][PASSED] - Delayed 1 second(s)

2022-02-24 12:22:30 - [TEST_STEP][PASSED] - setText(LOGN_EdtRdyPassword, "Shalawa18", 0): Text 'Shalawa18' has been set to element 'Object Repository/Mobile/Page/Login/Input Rdy - Password'

2022-02-24 12:22:30 - [MESSAGE][WARNING] - Timeout '0' is invalid. Using default page load timeout: '60'

2022-02-24 12:22:30 - [MESSAGE][PASSED] - Text 'Shalawa18' has been set to element 'Object Repository/Mobile/Page/Login/Input Rdy - Password'

2022-02-24 12:22:30 - [TEST_STEP][PASSED] - delay(1): Delayed 1 second(s)

2022-02-24 12:22:32 - [MESSAGE][PASSED] - Delayed 1 second(s)

2022-02-24 12:22:32 - [TEST_STEP][PASSED] - hideKeyboard(): Keyboard is hidden

2022-02-24 12:22:37 - [MESSAGE][PASSED] - Keyboard is hidden

2022-02-24 12:22:37 - [TEST_STEP][PASSED] - tap(LOGN_BtnLogin, 0): Tapped on element 'Object Repository/Mobile/Page/Login/Button - Login'

2022-02-24 12:22:38 - [MESSAGE][WARNING] - Timeout '0' is invalid. Using default page load timeout: '60'

2022-02-24 12:22:38 - [MESSAGE][PASSED] - Tapped on element 'Object Repository/Mobile/Page/Login/Button - Login'

2022-02-24 12:22:38 - [TEST_STEP][PASSED] - delay(2): Delayed 2 second(s)

2022-02-24 12:22:40 - [MESSAGE][PASSED] - Delayed 2 second(s)

2022-02-24 12:22:40 - [TEST_STEP][PASSED] - break: null

2022-02-24 12:22:40 - [MESSAGE][PASSED] - Call Test Case 'Test Cases/Mobile/Page/Login/Login' successfully

2022-02-24 12:22:40 - [MESSAGE][PASSED] - Call Test Case 'Test Cases/Mobile/Page/CheckLogin' successfully

2022-02-24 12:22:40 - [TEST_STEP][PASSED] - tap(HOME_MenubarPortfolio, 0): Tapped on element 'Object Repository/Mobile/Page/Home/Menubar - Portfolio'

2022-02-24 12:22:40 - [MESSAGE][WARNING] - Timeout '0' is invalid. Using default page load timeout: '60'

2022-02-24 12:22:43 - [MESSAGE][PASSED] - Tapped on element 'Object Repository/Mobile/Page/Home/Menubar - Portfolio'

2022-02-24 12:22:43 - [TEST_STEP][PASSED] - delay(1): Delayed 1 second(s)

2022-02-24 12:22:44 - [MESSAGE][PASSED] - Delayed 1 second(s)

2022-02-24 12:22:44 - [TEST_STEP][PASSED] - for ([i = 0, i < 1, (i++)]): Delayed 3 second(s)

2022-02-24 12:22:44 - [TEST_STEP][PASSED] - if (tab == "summary"): null

2022-02-24 12:22:44 - [TEST_STEP][PASSED] - else if (tab == "stock"): Delayed 3 second(s)

2022-02-24 12:22:44 - [TEST_STEP][PASSED] - tap(PORT_TabStock, 0): Tapped on element 'Object Repository/Mobile/Page/Portfolio/Tab - Stock'

2022-02-24 12:22:44 - [MESSAGE][WARNING] - Timeout '0' is invalid. Using default page load timeout: '60'

2022-02-24 12:22:45 - [MESSAGE][PASSED] - Tapped on element 'Object Repository/Mobile/Page/Portfolio/Tab - Stock'

2022-02-24 12:22:45 - [TEST_STEP][PASSED] - scroll.scroll.scrollScreenBottomToTop(): scroll.scroll.scrollScreenBottomToTop is PASSED

2022-02-24 12:22:45 - [MESSAGE][PASSED] - Current device physical height is 1423

2022-02-24 12:22:45 - [MESSAGE][PASSED] - Current device physical width is 720

2022-02-24 12:22:47 - [MESSAGE][PASSED] - Swiped from 360,1,138 to 360,284

2022-02-24 12:22:47 - [MESSAGE][PASSED] - scroll.scroll.scrollScreenBottomToTop is PASSED

2022-02-24 12:22:47 - [TEST_STEP][PASSED] - delay(3): Delayed 3 second(s)

2022-02-24 12:22:50 - [MESSAGE][PASSED] - Delayed 3 second(s)

2022-02-24 12:22:50 - [MESSAGE][PASSED] - Call Test Case 'Test Cases/Mobile/Page/Portfolio/Portfolio' successfully

2022-02-24 12:22:50 - [TEST_STEP][PASSED] - callTestCase(findTestCase("Mobile/Page/Run App/Terminate App"), [:], STOP_ON_FAILURE): Call Test Case 'Test Cases/Mobile/Page/Run App/Terminate App' successfully

2022-02-24 12:22:50 - [TEST_CASE][PASSED] - Test Cases/Mobile/Page/Run App/Terminate App: Test Cases/Mobile/Page/Run App/Terminate App

2022-02-24 12:22:50 - [TEST_STEP][PASSED] - startApp.OpenApp.terminateApplication(): startApp.OpenApp.terminateApplication is PASSED

2022-02-24 12:22:53 - [MESSAGE][PASSED] - Delayed 3 second(s)

2022-02-24 12:22:53 - [MESSAGE][PASSED] - Current device physical width is 720

2022-02-24 12:22:53 - [MESSAGE][PASSED] - Current device physical height is 1423

2022-02-24 12:22:54 - [MESSAGE][PASSED] - Swiped from 360,853 to 360,142

2022-02-24 12:22:55 - [MESSAGE][PASSED] - Delayed 1 second(s)

2022-02-24 12:22:57 - [MESSAGE][PASSED] - Swiped from 360,853 to 360,142

2022-02-24 12:23:00 - [MESSAGE][PASSED] - Delayed 3 second(s)

2022-02-24 12:23:00 - [MESSAGE][PASSED] - startApp.OpenApp.terminateApplication is PASSED

2022-02-24 12:23:00 - [MESSAGE][PASSED] - Call Test Case 'Test Cases/Mobile/Page/Run App/Terminate App' successfully]]></system-out>
         <system-err><![CDATA[]]></system-err>
      </testcase>
      <testcase name="Test Cases/Mobile/Scenario/Portfolio/013 - Melihat detail mutual fund 1 month" time="61.586" classname="Test Cases/Mobile/Scenario/Portfolio/013 - Melihat detail mutual fund 1 month" status="PASSED">
         <system-out><![CDATA[2022-02-24 12:23:00 - [TEST_CASE][PASSED] - Test Cases/Mobile/Scenario/Portfolio/013 - Melihat detail mutual fund 1 month: Test Cases/Mobile/Scenario/Portfolio/013 - Melihat detail mutual fund 1 month

2022-02-24 12:23:00 - [TEST_STEP][PASSED] - callTestCase(findTestCase("Mobile/Page/Run App/Run App byID"), [:], STOP_ON_FAILURE): Call Test Case 'Test Cases/Mobile/Page/Run App/Run App byID' successfully

2022-02-24 12:23:00 - [TEST_CASE][PASSED] - Test Cases/Mobile/Page/Run App/Run App byID: Test Cases/Mobile/Page/Run App/Run App byID

2022-02-24 12:23:00 - [TEST_STEP][PASSED] - startApp.OpenApp.startApplication("id.co.miraeasset.sageclub"): startApp.OpenApp.startApplication is PASSED

2022-02-24 12:23:12 - [MESSAGE][PASSED] - Starting app with application ID: 'id.co.miraeasset.sageclub'

2022-02-24 12:23:12 - [MESSAGE][PASSED] - startApp.OpenApp.startApplication is PASSED

2022-02-24 12:23:12 - [MESSAGE][PASSED] - Call Test Case 'Test Cases/Mobile/Page/Run App/Run App byID' successfully

2022-02-24 12:23:12 - [TEST_STEP][PASSED] - callTestCase(findTestCase("Mobile/Page/Portfolio/Portfolio"), ["tab":"mutualfund", "action2":"1 month"], CONTINUE_ON_FAILURE): Call Test Case 'Test Cases/Mobile/Page/Portfolio/Portfolio' successfully

2022-02-24 12:23:12 - [TEST_CASE][PASSED] - Test Cases/Mobile/Page/Portfolio/Portfolio: Test Cases/Mobile/Page/Portfolio/Portfolio

2022-02-24 12:23:12 - [TEST_STEP][PASSED] - callTestCase(findTestCase("Mobile/Page/CheckLogin"), [:], CONTINUE_ON_FAILURE): Call Test Case 'Test Cases/Mobile/Page/CheckLogin' successfully

2022-02-24 12:23:12 - [TEST_CASE][PASSED] - Test Cases/Mobile/Page/CheckLogin: Test Cases/Mobile/Page/CheckLogin

2022-02-24 12:23:12 - [TEST_STEP][PASSED] - loginCheck = verifyElementExist(LOGN_BtnLogin, 5, CONTINUE_ON_FAILURE): Element 'Object Repository/Mobile/Page/Login/Button - Login' is exist

2022-02-24 12:23:14 - [MESSAGE][PASSED] - Element 'Object Repository/Mobile/Page/Login/Button - Login' is exist

2022-02-24 12:23:14 - [TEST_STEP][PASSED] - if (loginCheck): Call Test Case 'Test Cases/Mobile/Page/Login/Login' successfully

2022-02-24 12:23:14 - [TEST_STEP][PASSED] - callTestCase(findTestCase("Mobile/Page/Login/Login"), ["action":"username"], CONTINUE_ON_FAILURE): Call Test Case 'Test Cases/Mobile/Page/Login/Login' successfully

2022-02-24 12:23:14 - [TEST_CASE][PASSED] - Test Cases/Mobile/Page/Login/Login: Test Cases/Mobile/Page/Login/Login

2022-02-24 12:23:14 - [TEST_STEP][PASSED] - delay(2): Delayed 2 second(s)

2022-02-24 12:23:16 - [MESSAGE][PASSED] - Delayed 2 second(s)

2022-02-24 12:23:16 - [TEST_STEP][PASSED] - for ([i = 0, i < 1, (i++)]): null

2022-02-24 12:23:16 - [TEST_STEP][PASSED] - if (action == "username"): null

2022-02-24 12:23:16 - [TEST_STEP][PASSED] - tap(LOGN_EdtUserID, 0): Tapped on element 'Object Repository/Mobile/Page/Login/Input - UserID'

2022-02-24 12:23:16 - [MESSAGE][WARNING] - Timeout '0' is invalid. Using default page load timeout: '60'

2022-02-24 12:23:16 - [MESSAGE][PASSED] - Tapped on element 'Object Repository/Mobile/Page/Login/Input - UserID'

2022-02-24 12:23:16 - [TEST_STEP][PASSED] - delay(1): Delayed 1 second(s)

2022-02-24 12:23:17 - [MESSAGE][PASSED] - Delayed 1 second(s)

2022-02-24 12:23:17 - [TEST_STEP][PASSED] - setText(LOGN_EdtRdyUserID, "anggaaditya", 0): Text 'anggaaditya' has been set to element 'Object Repository/Mobile/Page/Login/Input Rdy - UserID'

2022-02-24 12:23:17 - [MESSAGE][WARNING] - Timeout '0' is invalid. Using default page load timeout: '60'

2022-02-24 12:23:18 - [MESSAGE][PASSED] - Text 'anggaaditya' has been set to element 'Object Repository/Mobile/Page/Login/Input Rdy - UserID'

2022-02-24 12:23:18 - [TEST_STEP][PASSED] - delay(1): Delayed 1 second(s)

2022-02-24 12:23:19 - [MESSAGE][PASSED] - Delayed 1 second(s)

2022-02-24 12:23:19 - [TEST_STEP][PASSED] - hideKeyboard(): Keyboard is hidden

2022-02-24 12:23:22 - [MESSAGE][PASSED] - Keyboard is hidden

2022-02-24 12:23:22 - [TEST_STEP][PASSED] - tap(LOGN_EdtPassword, 0): Tapped on element 'Object Repository/Mobile/Page/Login/Input - Password'

2022-02-24 12:23:22 - [MESSAGE][WARNING] - Timeout '0' is invalid. Using default page load timeout: '60'

2022-02-24 12:23:23 - [MESSAGE][PASSED] - Tapped on element 'Object Repository/Mobile/Page/Login/Input - Password'

2022-02-24 12:23:23 - [TEST_STEP][PASSED] - delay(1): Delayed 1 second(s)

2022-02-24 12:23:24 - [MESSAGE][PASSED] - Delayed 1 second(s)

2022-02-24 12:23:24 - [TEST_STEP][PASSED] - setText(LOGN_EdtRdyPassword, "Shalawa18", 0): Text 'Shalawa18' has been set to element 'Object Repository/Mobile/Page/Login/Input Rdy - Password'

2022-02-24 12:23:24 - [MESSAGE][WARNING] - Timeout '0' is invalid. Using default page load timeout: '60'

2022-02-24 12:23:24 - [MESSAGE][PASSED] - Text 'Shalawa18' has been set to element 'Object Repository/Mobile/Page/Login/Input Rdy - Password'

2022-02-24 12:23:24 - [TEST_STEP][PASSED] - delay(1): Delayed 1 second(s)

2022-02-24 12:23:25 - [MESSAGE][PASSED] - Delayed 1 second(s)

2022-02-24 12:23:25 - [TEST_STEP][PASSED] - hideKeyboard(): Keyboard is hidden

2022-02-24 12:23:31 - [MESSAGE][PASSED] - Keyboard is hidden

2022-02-24 12:23:31 - [TEST_STEP][PASSED] - tap(LOGN_BtnLogin, 0): Tapped on element 'Object Repository/Mobile/Page/Login/Button - Login'

2022-02-24 12:23:31 - [MESSAGE][WARNING] - Timeout '0' is invalid. Using default page load timeout: '60'

2022-02-24 12:23:32 - [MESSAGE][PASSED] - Tapped on element 'Object Repository/Mobile/Page/Login/Button - Login'

2022-02-24 12:23:32 - [TEST_STEP][PASSED] - delay(2): Delayed 2 second(s)

2022-02-24 12:23:34 - [MESSAGE][PASSED] - Delayed 2 second(s)

2022-02-24 12:23:34 - [TEST_STEP][PASSED] - break: null

2022-02-24 12:23:34 - [MESSAGE][PASSED] - Call Test Case 'Test Cases/Mobile/Page/Login/Login' successfully

2022-02-24 12:23:34 - [MESSAGE][PASSED] - Call Test Case 'Test Cases/Mobile/Page/CheckLogin' successfully

2022-02-24 12:23:34 - [TEST_STEP][PASSED] - tap(HOME_MenubarPortfolio, 0): Tapped on element 'Object Repository/Mobile/Page/Home/Menubar - Portfolio'

2022-02-24 12:23:34 - [MESSAGE][WARNING] - Timeout '0' is invalid. Using default page load timeout: '60'

2022-02-24 12:23:36 - [MESSAGE][PASSED] - Tapped on element 'Object Repository/Mobile/Page/Home/Menubar - Portfolio'

2022-02-24 12:23:36 - [TEST_STEP][PASSED] - delay(1): Delayed 1 second(s)

2022-02-24 12:23:37 - [MESSAGE][PASSED] - Delayed 1 second(s)

2022-02-24 12:23:37 - [TEST_STEP][PASSED] - for ([i = 0, i < 1, (i++)]): scroll.scroll.scrollScreenBottomToTop is PASSED

2022-02-24 12:23:37 - [TEST_STEP][PASSED] - if (tab == "summary"): null

2022-02-24 12:23:37 - [TEST_STEP][PASSED] - else if (tab == "stock"): null

2022-02-24 12:23:37 - [TEST_STEP][PASSED] - else if (tab == "mutualfund"): scroll.scroll.scrollScreenBottomToTop is PASSED

2022-02-24 12:23:37 - [TEST_STEP][PASSED] - tap(PORT_TabMutualFund, 0): Tapped on element 'Object Repository/Mobile/Page/Portfolio/Tab - Mutual Fund'

2022-02-24 12:23:37 - [MESSAGE][WARNING] - Timeout '0' is invalid. Using default page load timeout: '60'

2022-02-24 12:23:38 - [MESSAGE][PASSED] - Tapped on element 'Object Repository/Mobile/Page/Portfolio/Tab - Mutual Fund'

2022-02-24 12:23:38 - [TEST_STEP][PASSED] - delay(1): Delayed 1 second(s)

2022-02-24 12:23:39 - [MESSAGE][PASSED] - Delayed 1 second(s)

2022-02-24 12:23:39 - [TEST_STEP][PASSED] - try: scroll.scroll.scrollScreenBottomToTop is PASSED

2022-02-24 12:23:39 - [TEST_STEP][PASSED] - tapAndHold(PORT_ItemTopMutualFund, 1, 10): Tapped and held on element 'Object Repository/Mobile/Page/Portfolio/Item - Top Mutual Fund' with duration 1

2022-02-24 12:23:42 - [MESSAGE][PASSED] - Tapped and held on element 'Object Repository/Mobile/Page/Portfolio/Item - Top Mutual Fund' with duration 1

2022-02-24 12:23:42 - [TEST_STEP][PASSED] - delay(2): Delayed 2 second(s)

2022-02-24 12:23:44 - [MESSAGE][PASSED] - Delayed 2 second(s)

2022-02-24 12:23:44 - [TEST_STEP][PASSED] - switch (action2): null

2022-02-24 12:23:44 - [TEST_STEP][PASSED] - case "1 month":: null

2022-02-24 12:23:44 - [TEST_STEP][PASSED] - tapAndHold(PORT_DETL_Btn1Month, 1, 0): Tapped and held on element 'Object Repository/Mobile/Page/Portfolio/Detail Mutual Funds/Button - 1 Month' with duration 1

2022-02-24 12:23:44 - [MESSAGE][WARNING] - Timeout '0' is invalid. Using default page load timeout: '60'

2022-02-24 12:23:47 - [MESSAGE][PASSED] - Tapped and held on element 'Object Repository/Mobile/Page/Portfolio/Detail Mutual Funds/Button - 1 Month' with duration 1

2022-02-24 12:23:47 - [TEST_STEP][PASSED] - break: null

2022-02-24 12:23:47 - [TEST_STEP][PASSED] - delay(3): Delayed 3 second(s)

2022-02-24 12:23:50 - [MESSAGE][PASSED] - Delayed 3 second(s)

2022-02-24 12:23:50 - [TEST_STEP][PASSED] - scroll.scroll.scrollScreenBottomToTop(): scroll.scroll.scrollScreenBottomToTop is PASSED

2022-02-24 12:23:50 - [MESSAGE][PASSED] - Current device physical height is 1423

2022-02-24 12:23:50 - [MESSAGE][PASSED] - Current device physical width is 720

2022-02-24 12:23:51 - [MESSAGE][PASSED] - Swiped from 360,1,138 to 360,284

2022-02-24 12:23:51 - [MESSAGE][PASSED] - scroll.scroll.scrollScreenBottomToTop is PASSED

2022-02-24 12:23:51 - [MESSAGE][PASSED] - Call Test Case 'Test Cases/Mobile/Page/Portfolio/Portfolio' successfully

2022-02-24 12:23:51 - [TEST_STEP][PASSED] - callTestCase(findTestCase("Mobile/Page/Run App/Terminate App"), [:], STOP_ON_FAILURE): Call Test Case 'Test Cases/Mobile/Page/Run App/Terminate App' successfully

2022-02-24 12:23:51 - [TEST_CASE][PASSED] - Test Cases/Mobile/Page/Run App/Terminate App: Test Cases/Mobile/Page/Run App/Terminate App

2022-02-24 12:23:51 - [TEST_STEP][PASSED] - startApp.OpenApp.terminateApplication(): startApp.OpenApp.terminateApplication is PASSED

2022-02-24 12:23:54 - [MESSAGE][PASSED] - Delayed 3 second(s)

2022-02-24 12:23:55 - [MESSAGE][PASSED] - Current device physical width is 720

2022-02-24 12:23:55 - [MESSAGE][PASSED] - Current device physical height is 1423

2022-02-24 12:23:56 - [MESSAGE][PASSED] - Swiped from 360,853 to 360,142

2022-02-24 12:23:57 - [MESSAGE][PASSED] - Delayed 1 second(s)

2022-02-24 12:23:58 - [MESSAGE][PASSED] - Swiped from 360,853 to 360,142

2022-02-24 12:24:01 - [MESSAGE][PASSED] - Delayed 3 second(s)

2022-02-24 12:24:01 - [MESSAGE][PASSED] - startApp.OpenApp.terminateApplication is PASSED

2022-02-24 12:24:01 - [MESSAGE][PASSED] - Call Test Case 'Test Cases/Mobile/Page/Run App/Terminate App' successfully]]></system-out>
         <system-err><![CDATA[]]></system-err>
      </testcase>
      <testcase name="Test Cases/Mobile/Scenario/Portfolio/014 - Melihat detail mutual fund 3 month" time="61.796" classname="Test Cases/Mobile/Scenario/Portfolio/014 - Melihat detail mutual fund 3 month" status="PASSED">
         <system-out><![CDATA[2022-02-24 12:24:01 - [TEST_CASE][PASSED] - Test Cases/Mobile/Scenario/Portfolio/014 - Melihat detail mutual fund 3 month: Test Cases/Mobile/Scenario/Portfolio/014 - Melihat detail mutual fund 3 month

2022-02-24 12:24:02 - [TEST_STEP][PASSED] - callTestCase(findTestCase("Mobile/Page/Run App/Run App byID"), [:], STOP_ON_FAILURE): Call Test Case 'Test Cases/Mobile/Page/Run App/Run App byID' successfully

2022-02-24 12:24:02 - [TEST_CASE][PASSED] - Test Cases/Mobile/Page/Run App/Run App byID: Test Cases/Mobile/Page/Run App/Run App byID

2022-02-24 12:24:02 - [TEST_STEP][PASSED] - startApp.OpenApp.startApplication("id.co.miraeasset.sageclub"): startApp.OpenApp.startApplication is PASSED

2022-02-24 12:24:13 - [MESSAGE][PASSED] - Starting app with application ID: 'id.co.miraeasset.sageclub'

2022-02-24 12:24:13 - [MESSAGE][PASSED] - startApp.OpenApp.startApplication is PASSED

2022-02-24 12:24:13 - [MESSAGE][PASSED] - Call Test Case 'Test Cases/Mobile/Page/Run App/Run App byID' successfully

2022-02-24 12:24:13 - [TEST_STEP][PASSED] - callTestCase(findTestCase("Mobile/Page/Portfolio/Portfolio"), ["tab":"mutualfund", "action2":"3 month"], CONTINUE_ON_FAILURE): Call Test Case 'Test Cases/Mobile/Page/Portfolio/Portfolio' successfully

2022-02-24 12:24:13 - [TEST_CASE][PASSED] - Test Cases/Mobile/Page/Portfolio/Portfolio: Test Cases/Mobile/Page/Portfolio/Portfolio

2022-02-24 12:24:13 - [TEST_STEP][PASSED] - callTestCase(findTestCase("Mobile/Page/CheckLogin"), [:], CONTINUE_ON_FAILURE): Call Test Case 'Test Cases/Mobile/Page/CheckLogin' successfully

2022-02-24 12:24:13 - [TEST_CASE][PASSED] - Test Cases/Mobile/Page/CheckLogin: Test Cases/Mobile/Page/CheckLogin

2022-02-24 12:24:13 - [TEST_STEP][PASSED] - loginCheck = verifyElementExist(LOGN_BtnLogin, 5, CONTINUE_ON_FAILURE): Element 'Object Repository/Mobile/Page/Login/Button - Login' is exist

2022-02-24 12:24:15 - [MESSAGE][PASSED] - Element 'Object Repository/Mobile/Page/Login/Button - Login' is exist

2022-02-24 12:24:15 - [TEST_STEP][PASSED] - if (loginCheck): Call Test Case 'Test Cases/Mobile/Page/Login/Login' successfully

2022-02-24 12:24:15 - [TEST_STEP][PASSED] - callTestCase(findTestCase("Mobile/Page/Login/Login"), ["action":"username"], CONTINUE_ON_FAILURE): Call Test Case 'Test Cases/Mobile/Page/Login/Login' successfully

2022-02-24 12:24:15 - [TEST_CASE][PASSED] - Test Cases/Mobile/Page/Login/Login: Test Cases/Mobile/Page/Login/Login

2022-02-24 12:24:15 - [TEST_STEP][PASSED] - delay(2): Delayed 2 second(s)

2022-02-24 12:24:17 - [MESSAGE][PASSED] - Delayed 2 second(s)

2022-02-24 12:24:17 - [TEST_STEP][PASSED] - for ([i = 0, i < 1, (i++)]): null

2022-02-24 12:24:17 - [TEST_STEP][PASSED] - if (action == "username"): null

2022-02-24 12:24:17 - [TEST_STEP][PASSED] - tap(LOGN_EdtUserID, 0): Tapped on element 'Object Repository/Mobile/Page/Login/Input - UserID'

2022-02-24 12:24:17 - [MESSAGE][WARNING] - Timeout '0' is invalid. Using default page load timeout: '60'

2022-02-24 12:24:18 - [MESSAGE][PASSED] - Tapped on element 'Object Repository/Mobile/Page/Login/Input - UserID'

2022-02-24 12:24:18 - [TEST_STEP][PASSED] - delay(1): Delayed 1 second(s)

2022-02-24 12:24:19 - [MESSAGE][PASSED] - Delayed 1 second(s)

2022-02-24 12:24:19 - [TEST_STEP][PASSED] - setText(LOGN_EdtRdyUserID, "anggaaditya", 0): Text 'anggaaditya' has been set to element 'Object Repository/Mobile/Page/Login/Input Rdy - UserID'

2022-02-24 12:24:19 - [MESSAGE][WARNING] - Timeout '0' is invalid. Using default page load timeout: '60'

2022-02-24 12:24:19 - [MESSAGE][PASSED] - Text 'anggaaditya' has been set to element 'Object Repository/Mobile/Page/Login/Input Rdy - UserID'

2022-02-24 12:24:19 - [TEST_STEP][PASSED] - delay(1): Delayed 1 second(s)

2022-02-24 12:24:20 - [MESSAGE][PASSED] - Delayed 1 second(s)

2022-02-24 12:24:20 - [TEST_STEP][PASSED] - hideKeyboard(): Keyboard is hidden

2022-02-24 12:24:24 - [MESSAGE][PASSED] - Keyboard is hidden

2022-02-24 12:24:24 - [TEST_STEP][PASSED] - tap(LOGN_EdtPassword, 0): Tapped on element 'Object Repository/Mobile/Page/Login/Input - Password'

2022-02-24 12:24:24 - [MESSAGE][WARNING] - Timeout '0' is invalid. Using default page load timeout: '60'

2022-02-24 12:24:24 - [MESSAGE][PASSED] - Tapped on element 'Object Repository/Mobile/Page/Login/Input - Password'

2022-02-24 12:24:24 - [TEST_STEP][PASSED] - delay(1): Delayed 1 second(s)

2022-02-24 12:24:25 - [MESSAGE][PASSED] - Delayed 1 second(s)

2022-02-24 12:24:25 - [TEST_STEP][PASSED] - setText(LOGN_EdtRdyPassword, "Shalawa18", 0): Text 'Shalawa18' has been set to element 'Object Repository/Mobile/Page/Login/Input Rdy - Password'

2022-02-24 12:24:25 - [MESSAGE][WARNING] - Timeout '0' is invalid. Using default page load timeout: '60'

2022-02-24 12:24:26 - [MESSAGE][PASSED] - Text 'Shalawa18' has been set to element 'Object Repository/Mobile/Page/Login/Input Rdy - Password'

2022-02-24 12:24:26 - [TEST_STEP][PASSED] - delay(1): Delayed 1 second(s)

2022-02-24 12:24:27 - [MESSAGE][PASSED] - Delayed 1 second(s)

2022-02-24 12:24:27 - [TEST_STEP][PASSED] - hideKeyboard(): Keyboard is hidden

2022-02-24 12:24:33 - [MESSAGE][PASSED] - Keyboard is hidden

2022-02-24 12:24:33 - [TEST_STEP][PASSED] - tap(LOGN_BtnLogin, 0): Tapped on element 'Object Repository/Mobile/Page/Login/Button - Login'

2022-02-24 12:24:33 - [MESSAGE][WARNING] - Timeout '0' is invalid. Using default page load timeout: '60'

2022-02-24 12:24:34 - [MESSAGE][PASSED] - Tapped on element 'Object Repository/Mobile/Page/Login/Button - Login'

2022-02-24 12:24:34 - [TEST_STEP][PASSED] - delay(2): Delayed 2 second(s)

2022-02-24 12:24:36 - [MESSAGE][PASSED] - Delayed 2 second(s)

2022-02-24 12:24:36 - [TEST_STEP][PASSED] - break: null

2022-02-24 12:24:36 - [MESSAGE][PASSED] - Call Test Case 'Test Cases/Mobile/Page/Login/Login' successfully

2022-02-24 12:24:36 - [MESSAGE][PASSED] - Call Test Case 'Test Cases/Mobile/Page/CheckLogin' successfully

2022-02-24 12:24:36 - [TEST_STEP][PASSED] - tap(HOME_MenubarPortfolio, 0): Tapped on element 'Object Repository/Mobile/Page/Home/Menubar - Portfolio'

2022-02-24 12:24:36 - [MESSAGE][WARNING] - Timeout '0' is invalid. Using default page load timeout: '60'

2022-02-24 12:24:37 - [MESSAGE][PASSED] - Tapped on element 'Object Repository/Mobile/Page/Home/Menubar - Portfolio'

2022-02-24 12:24:37 - [TEST_STEP][PASSED] - delay(1): Delayed 1 second(s)

2022-02-24 12:24:38 - [MESSAGE][PASSED] - Delayed 1 second(s)

2022-02-24 12:24:38 - [TEST_STEP][PASSED] - for ([i = 0, i < 1, (i++)]): scroll.scroll.scrollScreenBottomToTop is PASSED

2022-02-24 12:24:38 - [TEST_STEP][PASSED] - if (tab == "summary"): null

2022-02-24 12:24:38 - [TEST_STEP][PASSED] - else if (tab == "stock"): null

2022-02-24 12:24:38 - [TEST_STEP][PASSED] - else if (tab == "mutualfund"): scroll.scroll.scrollScreenBottomToTop is PASSED

2022-02-24 12:24:38 - [TEST_STEP][PASSED] - tap(PORT_TabMutualFund, 0): Tapped on element 'Object Repository/Mobile/Page/Portfolio/Tab - Mutual Fund'

2022-02-24 12:24:38 - [MESSAGE][WARNING] - Timeout '0' is invalid. Using default page load timeout: '60'

2022-02-24 12:24:40 - [MESSAGE][PASSED] - Tapped on element 'Object Repository/Mobile/Page/Portfolio/Tab - Mutual Fund'

2022-02-24 12:24:40 - [TEST_STEP][PASSED] - delay(1): Delayed 1 second(s)

2022-02-24 12:24:41 - [MESSAGE][PASSED] - Delayed 1 second(s)

2022-02-24 12:24:41 - [TEST_STEP][PASSED] - try: scroll.scroll.scrollScreenBottomToTop is PASSED

2022-02-24 12:24:41 - [TEST_STEP][PASSED] - tapAndHold(PORT_ItemTopMutualFund, 1, 10): Tapped and held on element 'Object Repository/Mobile/Page/Portfolio/Item - Top Mutual Fund' with duration 1

2022-02-24 12:24:44 - [MESSAGE][PASSED] - Tapped and held on element 'Object Repository/Mobile/Page/Portfolio/Item - Top Mutual Fund' with duration 1

2022-02-24 12:24:44 - [TEST_STEP][PASSED] - delay(2): Delayed 2 second(s)

2022-02-24 12:24:46 - [MESSAGE][PASSED] - Delayed 2 second(s)

2022-02-24 12:24:46 - [TEST_STEP][PASSED] - switch (action2): null

2022-02-24 12:24:46 - [TEST_STEP][PASSED] - case "3 month":: null

2022-02-24 12:24:46 - [TEST_STEP][PASSED] - tapAndHold(PORT_DETL_Btn3Month, 1, 0): Tapped and held on element 'Object Repository/Mobile/Page/Portfolio/Detail Mutual Funds/Button - 3 Month' with duration 1

2022-02-24 12:24:46 - [MESSAGE][WARNING] - Timeout '0' is invalid. Using default page load timeout: '60'

2022-02-24 12:24:48 - [MESSAGE][PASSED] - Tapped and held on element 'Object Repository/Mobile/Page/Portfolio/Detail Mutual Funds/Button - 3 Month' with duration 1

2022-02-24 12:24:48 - [TEST_STEP][PASSED] - break: null

2022-02-24 12:24:48 - [TEST_STEP][PASSED] - delay(3): Delayed 3 second(s)

2022-02-24 12:24:51 - [MESSAGE][PASSED] - Delayed 3 second(s)

2022-02-24 12:24:51 - [TEST_STEP][PASSED] - scroll.scroll.scrollScreenBottomToTop(): scroll.scroll.scrollScreenBottomToTop is PASSED

2022-02-24 12:24:52 - [MESSAGE][PASSED] - Current device physical height is 1423

2022-02-24 12:24:52 - [MESSAGE][PASSED] - Current device physical width is 720

2022-02-24 12:24:53 - [MESSAGE][PASSED] - Swiped from 360,1,138 to 360,284

2022-02-24 12:24:53 - [MESSAGE][PASSED] - scroll.scroll.scrollScreenBottomToTop is PASSED

2022-02-24 12:24:53 - [MESSAGE][PASSED] - Call Test Case 'Test Cases/Mobile/Page/Portfolio/Portfolio' successfully

2022-02-24 12:24:53 - [TEST_STEP][PASSED] - callTestCase(findTestCase("Mobile/Page/Run App/Terminate App"), [:], STOP_ON_FAILURE): Call Test Case 'Test Cases/Mobile/Page/Run App/Terminate App' successfully

2022-02-24 12:24:53 - [TEST_CASE][PASSED] - Test Cases/Mobile/Page/Run App/Terminate App: Test Cases/Mobile/Page/Run App/Terminate App

2022-02-24 12:24:53 - [TEST_STEP][PASSED] - startApp.OpenApp.terminateApplication(): startApp.OpenApp.terminateApplication is PASSED

2022-02-24 12:24:56 - [MESSAGE][PASSED] - Delayed 3 second(s)

2022-02-24 12:24:56 - [MESSAGE][PASSED] - Current device physical width is 720

2022-02-24 12:24:57 - [MESSAGE][PASSED] - Current device physical height is 1423

2022-02-24 12:24:58 - [MESSAGE][PASSED] - Swiped from 360,853 to 360,142

2022-02-24 12:24:59 - [MESSAGE][PASSED] - Delayed 1 second(s)

2022-02-24 12:25:00 - [MESSAGE][PASSED] - Swiped from 360,853 to 360,142

2022-02-24 12:25:03 - [MESSAGE][PASSED] - Delayed 3 second(s)

2022-02-24 12:25:03 - [MESSAGE][PASSED] - startApp.OpenApp.terminateApplication is PASSED

2022-02-24 12:25:03 - [MESSAGE][PASSED] - Call Test Case 'Test Cases/Mobile/Page/Run App/Terminate App' successfully]]></system-out>
         <system-err><![CDATA[]]></system-err>
      </testcase>
      <testcase name="Test Cases/Mobile/Scenario/Portfolio/015 - Melihat detail mutual fund 6 month" time="63.196" classname="Test Cases/Mobile/Scenario/Portfolio/015 - Melihat detail mutual fund 6 month" status="PASSED">
         <system-out><![CDATA[2022-02-24 12:25:03 - [TEST_CASE][PASSED] - Test Cases/Mobile/Scenario/Portfolio/015 - Melihat detail mutual fund 6 month: Test Cases/Mobile/Scenario/Portfolio/015 - Melihat detail mutual fund 6 month

2022-02-24 12:25:03 - [TEST_STEP][PASSED] - callTestCase(findTestCase("Mobile/Page/Run App/Run App byID"), [:], STOP_ON_FAILURE): Call Test Case 'Test Cases/Mobile/Page/Run App/Run App byID' successfully

2022-02-24 12:25:03 - [TEST_CASE][PASSED] - Test Cases/Mobile/Page/Run App/Run App byID: Test Cases/Mobile/Page/Run App/Run App byID

2022-02-24 12:25:03 - [TEST_STEP][PASSED] - startApp.OpenApp.startApplication("id.co.miraeasset.sageclub"): startApp.OpenApp.startApplication is PASSED

2022-02-24 12:25:15 - [MESSAGE][PASSED] - Starting app with application ID: 'id.co.miraeasset.sageclub'

2022-02-24 12:25:15 - [MESSAGE][PASSED] - startApp.OpenApp.startApplication is PASSED

2022-02-24 12:25:15 - [MESSAGE][PASSED] - Call Test Case 'Test Cases/Mobile/Page/Run App/Run App byID' successfully

2022-02-24 12:25:15 - [TEST_STEP][PASSED] - callTestCase(findTestCase("Mobile/Page/Portfolio/Portfolio"), ["tab":"mutualfund", "action2":"6 month"], CONTINUE_ON_FAILURE): Call Test Case 'Test Cases/Mobile/Page/Portfolio/Portfolio' successfully

2022-02-24 12:25:15 - [TEST_CASE][PASSED] - Test Cases/Mobile/Page/Portfolio/Portfolio: Test Cases/Mobile/Page/Portfolio/Portfolio

2022-02-24 12:25:15 - [TEST_STEP][PASSED] - callTestCase(findTestCase("Mobile/Page/CheckLogin"), [:], CONTINUE_ON_FAILURE): Call Test Case 'Test Cases/Mobile/Page/CheckLogin' successfully

2022-02-24 12:25:15 - [TEST_CASE][PASSED] - Test Cases/Mobile/Page/CheckLogin: Test Cases/Mobile/Page/CheckLogin

2022-02-24 12:25:15 - [TEST_STEP][PASSED] - loginCheck = verifyElementExist(LOGN_BtnLogin, 5, CONTINUE_ON_FAILURE): Element 'Object Repository/Mobile/Page/Login/Button - Login' is exist

2022-02-24 12:25:17 - [MESSAGE][PASSED] - Element 'Object Repository/Mobile/Page/Login/Button - Login' is exist

2022-02-24 12:25:17 - [TEST_STEP][PASSED] - if (loginCheck): Call Test Case 'Test Cases/Mobile/Page/Login/Login' successfully

2022-02-24 12:25:17 - [TEST_STEP][PASSED] - callTestCase(findTestCase("Mobile/Page/Login/Login"), ["action":"username"], CONTINUE_ON_FAILURE): Call Test Case 'Test Cases/Mobile/Page/Login/Login' successfully

2022-02-24 12:25:17 - [TEST_CASE][PASSED] - Test Cases/Mobile/Page/Login/Login: Test Cases/Mobile/Page/Login/Login

2022-02-24 12:25:17 - [TEST_STEP][PASSED] - delay(2): Delayed 2 second(s)

2022-02-24 12:25:19 - [MESSAGE][PASSED] - Delayed 2 second(s)

2022-02-24 12:25:19 - [TEST_STEP][PASSED] - for ([i = 0, i < 1, (i++)]): null

2022-02-24 12:25:19 - [TEST_STEP][PASSED] - if (action == "username"): null

2022-02-24 12:25:19 - [TEST_STEP][PASSED] - tap(LOGN_EdtUserID, 0): Tapped on element 'Object Repository/Mobile/Page/Login/Input - UserID'

2022-02-24 12:25:19 - [MESSAGE][WARNING] - Timeout '0' is invalid. Using default page load timeout: '60'

2022-02-24 12:25:20 - [MESSAGE][PASSED] - Tapped on element 'Object Repository/Mobile/Page/Login/Input - UserID'

2022-02-24 12:25:20 - [TEST_STEP][PASSED] - delay(1): Delayed 1 second(s)

2022-02-24 12:25:21 - [MESSAGE][PASSED] - Delayed 1 second(s)

2022-02-24 12:25:21 - [TEST_STEP][PASSED] - setText(LOGN_EdtRdyUserID, "anggaaditya", 0): Text 'anggaaditya' has been set to element 'Object Repository/Mobile/Page/Login/Input Rdy - UserID'

2022-02-24 12:25:21 - [MESSAGE][WARNING] - Timeout '0' is invalid. Using default page load timeout: '60'

2022-02-24 12:25:21 - [MESSAGE][PASSED] - Text 'anggaaditya' has been set to element 'Object Repository/Mobile/Page/Login/Input Rdy - UserID'

2022-02-24 12:25:21 - [TEST_STEP][PASSED] - delay(1): Delayed 1 second(s)

2022-02-24 12:25:22 - [MESSAGE][PASSED] - Delayed 1 second(s)

2022-02-24 12:25:22 - [TEST_STEP][PASSED] - hideKeyboard(): Keyboard is hidden

2022-02-24 12:25:26 - [MESSAGE][PASSED] - Keyboard is hidden

2022-02-24 12:25:26 - [TEST_STEP][PASSED] - tap(LOGN_EdtPassword, 0): Tapped on element 'Object Repository/Mobile/Page/Login/Input - Password'

2022-02-24 12:25:26 - [MESSAGE][WARNING] - Timeout '0' is invalid. Using default page load timeout: '60'

2022-02-24 12:25:27 - [MESSAGE][PASSED] - Tapped on element 'Object Repository/Mobile/Page/Login/Input - Password'

2022-02-24 12:25:27 - [TEST_STEP][PASSED] - delay(1): Delayed 1 second(s)

2022-02-24 12:25:28 - [MESSAGE][PASSED] - Delayed 1 second(s)

2022-02-24 12:25:28 - [TEST_STEP][PASSED] - setText(LOGN_EdtRdyPassword, "Shalawa18", 0): Text 'Shalawa18' has been set to element 'Object Repository/Mobile/Page/Login/Input Rdy - Password'

2022-02-24 12:25:28 - [MESSAGE][WARNING] - Timeout '0' is invalid. Using default page load timeout: '60'

2022-02-24 12:25:29 - [MESSAGE][PASSED] - Text 'Shalawa18' has been set to element 'Object Repository/Mobile/Page/Login/Input Rdy - Password'

2022-02-24 12:25:29 - [TEST_STEP][PASSED] - delay(1): Delayed 1 second(s)

2022-02-24 12:25:30 - [MESSAGE][PASSED] - Delayed 1 second(s)

2022-02-24 12:25:30 - [TEST_STEP][PASSED] - hideKeyboard(): Keyboard is hidden

2022-02-24 12:25:36 - [MESSAGE][PASSED] - Keyboard is hidden

2022-02-24 12:25:36 - [TEST_STEP][PASSED] - tap(LOGN_BtnLogin, 0): Tapped on element 'Object Repository/Mobile/Page/Login/Button - Login'

2022-02-24 12:25:36 - [MESSAGE][WARNING] - Timeout '0' is invalid. Using default page load timeout: '60'

2022-02-24 12:25:36 - [MESSAGE][PASSED] - Tapped on element 'Object Repository/Mobile/Page/Login/Button - Login'

2022-02-24 12:25:36 - [TEST_STEP][PASSED] - delay(2): Delayed 2 second(s)

2022-02-24 12:25:38 - [MESSAGE][PASSED] - Delayed 2 second(s)

2022-02-24 12:25:38 - [TEST_STEP][PASSED] - break: null

2022-02-24 12:25:38 - [MESSAGE][PASSED] - Call Test Case 'Test Cases/Mobile/Page/Login/Login' successfully

2022-02-24 12:25:38 - [MESSAGE][PASSED] - Call Test Case 'Test Cases/Mobile/Page/CheckLogin' successfully

2022-02-24 12:25:38 - [TEST_STEP][PASSED] - tap(HOME_MenubarPortfolio, 0): Tapped on element 'Object Repository/Mobile/Page/Home/Menubar - Portfolio'

2022-02-24 12:25:38 - [MESSAGE][WARNING] - Timeout '0' is invalid. Using default page load timeout: '60'

2022-02-24 12:25:40 - [MESSAGE][PASSED] - Tapped on element 'Object Repository/Mobile/Page/Home/Menubar - Portfolio'

2022-02-24 12:25:40 - [TEST_STEP][PASSED] - delay(1): Delayed 1 second(s)

2022-02-24 12:25:41 - [MESSAGE][PASSED] - Delayed 1 second(s)

2022-02-24 12:25:41 - [TEST_STEP][PASSED] - for ([i = 0, i < 1, (i++)]): scroll.scroll.scrollScreenBottomToTop is PASSED

2022-02-24 12:25:41 - [TEST_STEP][PASSED] - if (tab == "summary"): null

2022-02-24 12:25:41 - [TEST_STEP][PASSED] - else if (tab == "stock"): null

2022-02-24 12:25:41 - [TEST_STEP][PASSED] - else if (tab == "mutualfund"): scroll.scroll.scrollScreenBottomToTop is PASSED

2022-02-24 12:25:41 - [TEST_STEP][PASSED] - tap(PORT_TabMutualFund, 0): Tapped on element 'Object Repository/Mobile/Page/Portfolio/Tab - Mutual Fund'

2022-02-24 12:25:41 - [MESSAGE][WARNING] - Timeout '0' is invalid. Using default page load timeout: '60'

2022-02-24 12:25:43 - [MESSAGE][PASSED] - Tapped on element 'Object Repository/Mobile/Page/Portfolio/Tab - Mutual Fund'

2022-02-24 12:25:43 - [TEST_STEP][PASSED] - delay(1): Delayed 1 second(s)

2022-02-24 12:25:44 - [MESSAGE][PASSED] - Delayed 1 second(s)

2022-02-24 12:25:44 - [TEST_STEP][PASSED] - try: scroll.scroll.scrollScreenBottomToTop is PASSED

2022-02-24 12:25:44 - [TEST_STEP][PASSED] - tapAndHold(PORT_ItemTopMutualFund, 1, 10): Tapped and held on element 'Object Repository/Mobile/Page/Portfolio/Item - Top Mutual Fund' with duration 1

2022-02-24 12:25:47 - [MESSAGE][PASSED] - Tapped and held on element 'Object Repository/Mobile/Page/Portfolio/Item - Top Mutual Fund' with duration 1

2022-02-24 12:25:47 - [TEST_STEP][PASSED] - delay(2): Delayed 2 second(s)

2022-02-24 12:25:49 - [MESSAGE][PASSED] - Delayed 2 second(s)

2022-02-24 12:25:49 - [TEST_STEP][PASSED] - switch (action2): null

2022-02-24 12:25:49 - [TEST_STEP][PASSED] - case "6 month":: null

2022-02-24 12:25:49 - [TEST_STEP][PASSED] - tapAndHold(PORT_DETL_Btn6Month, 1, 0): Tapped and held on element 'Object Repository/Mobile/Page/Portfolio/Detail Mutual Funds/Button - 6 Month' with duration 1

2022-02-24 12:25:49 - [MESSAGE][WARNING] - Timeout '0' is invalid. Using default page load timeout: '60'

2022-02-24 12:25:52 - [MESSAGE][PASSED] - Tapped and held on element 'Object Repository/Mobile/Page/Portfolio/Detail Mutual Funds/Button - 6 Month' with duration 1

2022-02-24 12:25:52 - [TEST_STEP][PASSED] - break: null

2022-02-24 12:25:52 - [TEST_STEP][PASSED] - delay(3): Delayed 3 second(s)

2022-02-24 12:25:55 - [MESSAGE][PASSED] - Delayed 3 second(s)

2022-02-24 12:25:55 - [TEST_STEP][PASSED] - scroll.scroll.scrollScreenBottomToTop(): scroll.scroll.scrollScreenBottomToTop is PASSED

2022-02-24 12:25:55 - [MESSAGE][PASSED] - Current device physical height is 1423

2022-02-24 12:25:55 - [MESSAGE][PASSED] - Current device physical width is 720

2022-02-24 12:25:56 - [MESSAGE][PASSED] - Swiped from 360,1,138 to 360,284

2022-02-24 12:25:56 - [MESSAGE][PASSED] - scroll.scroll.scrollScreenBottomToTop is PASSED

2022-02-24 12:25:56 - [MESSAGE][PASSED] - Call Test Case 'Test Cases/Mobile/Page/Portfolio/Portfolio' successfully

2022-02-24 12:25:56 - [TEST_STEP][PASSED] - callTestCase(findTestCase("Mobile/Page/Run App/Terminate App"), [:], STOP_ON_FAILURE): Call Test Case 'Test Cases/Mobile/Page/Run App/Terminate App' successfully

2022-02-24 12:25:56 - [TEST_CASE][PASSED] - Test Cases/Mobile/Page/Run App/Terminate App: Test Cases/Mobile/Page/Run App/Terminate App

2022-02-24 12:25:56 - [TEST_STEP][PASSED] - startApp.OpenApp.terminateApplication(): startApp.OpenApp.terminateApplication is PASSED

2022-02-24 12:25:59 - [MESSAGE][PASSED] - Delayed 3 second(s)

2022-02-24 12:26:00 - [MESSAGE][PASSED] - Current device physical width is 720

2022-02-24 12:26:00 - [MESSAGE][PASSED] - Current device physical height is 1423

2022-02-24 12:26:01 - [MESSAGE][PASSED] - Swiped from 360,853 to 360,142

2022-02-24 12:26:02 - [MESSAGE][PASSED] - Delayed 1 second(s)

2022-02-24 12:26:03 - [MESSAGE][PASSED] - Swiped from 360,853 to 360,142

2022-02-24 12:26:06 - [MESSAGE][PASSED] - Delayed 3 second(s)

2022-02-24 12:26:06 - [MESSAGE][PASSED] - startApp.OpenApp.terminateApplication is PASSED

2022-02-24 12:26:06 - [MESSAGE][PASSED] - Call Test Case 'Test Cases/Mobile/Page/Run App/Terminate App' successfully]]></system-out>
         <system-err><![CDATA[]]></system-err>
      </testcase>
      <testcase name="Test Cases/Mobile/Scenario/Portfolio/016 - Melihat detail mutual fund 1 year" time="63.613" classname="Test Cases/Mobile/Scenario/Portfolio/016 - Melihat detail mutual fund 1 year" status="PASSED">
         <system-out><![CDATA[2022-02-24 12:26:06 - [TEST_CASE][PASSED] - Test Cases/Mobile/Scenario/Portfolio/016 - Melihat detail mutual fund 1 year: Test Cases/Mobile/Scenario/Portfolio/016 - Melihat detail mutual fund 1 year

2022-02-24 12:26:07 - [TEST_STEP][PASSED] - callTestCase(findTestCase("Mobile/Page/Run App/Run App byID"), [:], STOP_ON_FAILURE): Call Test Case 'Test Cases/Mobile/Page/Run App/Run App byID' successfully

2022-02-24 12:26:07 - [TEST_CASE][PASSED] - Test Cases/Mobile/Page/Run App/Run App byID: Test Cases/Mobile/Page/Run App/Run App byID

2022-02-24 12:26:07 - [TEST_STEP][PASSED] - startApp.OpenApp.startApplication("id.co.miraeasset.sageclub"): startApp.OpenApp.startApplication is PASSED

2022-02-24 12:26:18 - [MESSAGE][PASSED] - Starting app with application ID: 'id.co.miraeasset.sageclub'

2022-02-24 12:26:18 - [MESSAGE][PASSED] - startApp.OpenApp.startApplication is PASSED

2022-02-24 12:26:18 - [MESSAGE][PASSED] - Call Test Case 'Test Cases/Mobile/Page/Run App/Run App byID' successfully

2022-02-24 12:26:18 - [TEST_STEP][PASSED] - callTestCase(findTestCase("Mobile/Page/Portfolio/Portfolio"), ["tab":"mutualfund", "action2":"1 year"], CONTINUE_ON_FAILURE): Call Test Case 'Test Cases/Mobile/Page/Portfolio/Portfolio' successfully

2022-02-24 12:26:19 - [TEST_CASE][PASSED] - Test Cases/Mobile/Page/Portfolio/Portfolio: Test Cases/Mobile/Page/Portfolio/Portfolio

2022-02-24 12:26:19 - [TEST_STEP][PASSED] - callTestCase(findTestCase("Mobile/Page/CheckLogin"), [:], CONTINUE_ON_FAILURE): Call Test Case 'Test Cases/Mobile/Page/CheckLogin' successfully

2022-02-24 12:26:19 - [TEST_CASE][PASSED] - Test Cases/Mobile/Page/CheckLogin: Test Cases/Mobile/Page/CheckLogin

2022-02-24 12:26:19 - [TEST_STEP][PASSED] - loginCheck = verifyElementExist(LOGN_BtnLogin, 5, CONTINUE_ON_FAILURE): Element 'Object Repository/Mobile/Page/Login/Button - Login' is exist

2022-02-24 12:26:22 - [MESSAGE][PASSED] - Element 'Object Repository/Mobile/Page/Login/Button - Login' is exist

2022-02-24 12:26:22 - [TEST_STEP][PASSED] - if (loginCheck): Call Test Case 'Test Cases/Mobile/Page/Login/Login' successfully

2022-02-24 12:26:22 - [TEST_STEP][PASSED] - callTestCase(findTestCase("Mobile/Page/Login/Login"), ["action":"username"], CONTINUE_ON_FAILURE): Call Test Case 'Test Cases/Mobile/Page/Login/Login' successfully

2022-02-24 12:26:22 - [TEST_CASE][PASSED] - Test Cases/Mobile/Page/Login/Login: Test Cases/Mobile/Page/Login/Login

2022-02-24 12:26:22 - [TEST_STEP][PASSED] - delay(2): Delayed 2 second(s)

2022-02-24 12:26:24 - [MESSAGE][PASSED] - Delayed 2 second(s)

2022-02-24 12:26:24 - [TEST_STEP][PASSED] - for ([i = 0, i < 1, (i++)]): null

2022-02-24 12:26:24 - [TEST_STEP][PASSED] - if (action == "username"): null

2022-02-24 12:26:24 - [TEST_STEP][PASSED] - tap(LOGN_EdtUserID, 0): Tapped on element 'Object Repository/Mobile/Page/Login/Input - UserID'

2022-02-24 12:26:24 - [MESSAGE][WARNING] - Timeout '0' is invalid. Using default page load timeout: '60'

2022-02-24 12:26:24 - [MESSAGE][PASSED] - Tapped on element 'Object Repository/Mobile/Page/Login/Input - UserID'

2022-02-24 12:26:24 - [TEST_STEP][PASSED] - delay(1): Delayed 1 second(s)

2022-02-24 12:26:25 - [MESSAGE][PASSED] - Delayed 1 second(s)

2022-02-24 12:26:25 - [TEST_STEP][PASSED] - setText(LOGN_EdtRdyUserID, "anggaaditya", 0): Text 'anggaaditya' has been set to element 'Object Repository/Mobile/Page/Login/Input Rdy - UserID'

2022-02-24 12:26:25 - [MESSAGE][WARNING] - Timeout '0' is invalid. Using default page load timeout: '60'

2022-02-24 12:26:26 - [MESSAGE][PASSED] - Text 'anggaaditya' has been set to element 'Object Repository/Mobile/Page/Login/Input Rdy - UserID'

2022-02-24 12:26:26 - [TEST_STEP][PASSED] - delay(1): Delayed 1 second(s)

2022-02-24 12:26:27 - [MESSAGE][PASSED] - Delayed 1 second(s)

2022-02-24 12:26:27 - [TEST_STEP][PASSED] - hideKeyboard(): Keyboard is hidden

2022-02-24 12:26:30 - [MESSAGE][PASSED] - Keyboard is hidden

2022-02-24 12:26:30 - [TEST_STEP][PASSED] - tap(LOGN_EdtPassword, 0): Tapped on element 'Object Repository/Mobile/Page/Login/Input - Password'

2022-02-24 12:26:30 - [MESSAGE][WARNING] - Timeout '0' is invalid. Using default page load timeout: '60'

2022-02-24 12:26:31 - [MESSAGE][PASSED] - Tapped on element 'Object Repository/Mobile/Page/Login/Input - Password'

2022-02-24 12:26:31 - [TEST_STEP][PASSED] - delay(1): Delayed 1 second(s)

2022-02-24 12:26:32 - [MESSAGE][PASSED] - Delayed 1 second(s)

2022-02-24 12:26:32 - [TEST_STEP][PASSED] - setText(LOGN_EdtRdyPassword, "Shalawa18", 0): Text 'Shalawa18' has been set to element 'Object Repository/Mobile/Page/Login/Input Rdy - Password'

2022-02-24 12:26:32 - [MESSAGE][WARNING] - Timeout '0' is invalid. Using default page load timeout: '60'

2022-02-24 12:26:32 - [MESSAGE][PASSED] - Text 'Shalawa18' has been set to element 'Object Repository/Mobile/Page/Login/Input Rdy - Password'

2022-02-24 12:26:32 - [TEST_STEP][PASSED] - delay(1): Delayed 1 second(s)

2022-02-24 12:26:33 - [MESSAGE][PASSED] - Delayed 1 second(s)

2022-02-24 12:26:33 - [TEST_STEP][PASSED] - hideKeyboard(): Keyboard is hidden

2022-02-24 12:26:40 - [MESSAGE][PASSED] - Keyboard is hidden

2022-02-24 12:26:40 - [TEST_STEP][PASSED] - tap(LOGN_BtnLogin, 0): Tapped on element 'Object Repository/Mobile/Page/Login/Button - Login'

2022-02-24 12:26:40 - [MESSAGE][WARNING] - Timeout '0' is invalid. Using default page load timeout: '60'

2022-02-24 12:26:40 - [MESSAGE][PASSED] - Tapped on element 'Object Repository/Mobile/Page/Login/Button - Login'

2022-02-24 12:26:40 - [TEST_STEP][PASSED] - delay(2): Delayed 2 second(s)

2022-02-24 12:26:42 - [MESSAGE][PASSED] - Delayed 2 second(s)

2022-02-24 12:26:42 - [TEST_STEP][PASSED] - break: null

2022-02-24 12:26:42 - [MESSAGE][PASSED] - Call Test Case 'Test Cases/Mobile/Page/Login/Login' successfully

2022-02-24 12:26:42 - [MESSAGE][PASSED] - Call Test Case 'Test Cases/Mobile/Page/CheckLogin' successfully

2022-02-24 12:26:42 - [TEST_STEP][PASSED] - tap(HOME_MenubarPortfolio, 0): Tapped on element 'Object Repository/Mobile/Page/Home/Menubar - Portfolio'

2022-02-24 12:26:42 - [MESSAGE][WARNING] - Timeout '0' is invalid. Using default page load timeout: '60'

2022-02-24 12:26:44 - [MESSAGE][PASSED] - Tapped on element 'Object Repository/Mobile/Page/Home/Menubar - Portfolio'

2022-02-24 12:26:44 - [TEST_STEP][PASSED] - delay(1): Delayed 1 second(s)

2022-02-24 12:26:45 - [MESSAGE][PASSED] - Delayed 1 second(s)

2022-02-24 12:26:45 - [TEST_STEP][PASSED] - for ([i = 0, i < 1, (i++)]): scroll.scroll.scrollScreenBottomToTop is PASSED

2022-02-24 12:26:45 - [TEST_STEP][PASSED] - if (tab == "summary"): null

2022-02-24 12:26:45 - [TEST_STEP][PASSED] - else if (tab == "stock"): null

2022-02-24 12:26:45 - [TEST_STEP][PASSED] - else if (tab == "mutualfund"): scroll.scroll.scrollScreenBottomToTop is PASSED

2022-02-24 12:26:45 - [TEST_STEP][PASSED] - tap(PORT_TabMutualFund, 0): Tapped on element 'Object Repository/Mobile/Page/Portfolio/Tab - Mutual Fund'

2022-02-24 12:26:45 - [MESSAGE][WARNING] - Timeout '0' is invalid. Using default page load timeout: '60'

2022-02-24 12:26:47 - [MESSAGE][PASSED] - Tapped on element 'Object Repository/Mobile/Page/Portfolio/Tab - Mutual Fund'

2022-02-24 12:26:47 - [TEST_STEP][PASSED] - delay(1): Delayed 1 second(s)

2022-02-24 12:26:48 - [MESSAGE][PASSED] - Delayed 1 second(s)

2022-02-24 12:26:48 - [TEST_STEP][PASSED] - try: scroll.scroll.scrollScreenBottomToTop is PASSED

2022-02-24 12:26:48 - [TEST_STEP][PASSED] - tapAndHold(PORT_ItemTopMutualFund, 1, 10): Tapped and held on element 'Object Repository/Mobile/Page/Portfolio/Item - Top Mutual Fund' with duration 1

2022-02-24 12:26:50 - [MESSAGE][PASSED] - Tapped and held on element 'Object Repository/Mobile/Page/Portfolio/Item - Top Mutual Fund' with duration 1

2022-02-24 12:26:50 - [TEST_STEP][PASSED] - delay(2): Delayed 2 second(s)

2022-02-24 12:26:52 - [MESSAGE][PASSED] - Delayed 2 second(s)

2022-02-24 12:26:52 - [TEST_STEP][PASSED] - switch (action2): null

2022-02-24 12:26:52 - [TEST_STEP][PASSED] - case "1 year":: null

2022-02-24 12:26:52 - [TEST_STEP][PASSED] - tapAndHold(PORT_DETL_Btn1Year, 1, 0): Tapped and held on element 'Object Repository/Mobile/Page/Portfolio/Detail Mutual Funds/Button - 1 Year' with duration 1

2022-02-24 12:26:52 - [MESSAGE][WARNING] - Timeout '0' is invalid. Using default page load timeout: '60'

2022-02-24 12:26:55 - [MESSAGE][PASSED] - Tapped and held on element 'Object Repository/Mobile/Page/Portfolio/Detail Mutual Funds/Button - 1 Year' with duration 1

2022-02-24 12:26:55 - [TEST_STEP][PASSED] - break: null

2022-02-24 12:26:55 - [TEST_STEP][PASSED] - delay(3): Delayed 3 second(s)

2022-02-24 12:26:58 - [MESSAGE][PASSED] - Delayed 3 second(s)

2022-02-24 12:26:58 - [TEST_STEP][PASSED] - scroll.scroll.scrollScreenBottomToTop(): scroll.scroll.scrollScreenBottomToTop is PASSED

2022-02-24 12:26:59 - [MESSAGE][PASSED] - Current device physical height is 1423

2022-02-24 12:26:59 - [MESSAGE][PASSED] - Current device physical width is 720

2022-02-24 12:27:00 - [MESSAGE][PASSED] - Swiped from 360,1,138 to 360,284

2022-02-24 12:27:00 - [MESSAGE][PASSED] - scroll.scroll.scrollScreenBottomToTop is PASSED

2022-02-24 12:27:00 - [MESSAGE][PASSED] - Call Test Case 'Test Cases/Mobile/Page/Portfolio/Portfolio' successfully

2022-02-24 12:27:00 - [TEST_STEP][PASSED] - callTestCase(findTestCase("Mobile/Page/Run App/Terminate App"), [:], STOP_ON_FAILURE): Call Test Case 'Test Cases/Mobile/Page/Run App/Terminate App' successfully

2022-02-24 12:27:00 - [TEST_CASE][PASSED] - Test Cases/Mobile/Page/Run App/Terminate App: Test Cases/Mobile/Page/Run App/Terminate App

2022-02-24 12:27:00 - [TEST_STEP][PASSED] - startApp.OpenApp.terminateApplication(): startApp.OpenApp.terminateApplication is PASSED

2022-02-24 12:27:03 - [MESSAGE][PASSED] - Delayed 3 second(s)

2022-02-24 12:27:03 - [MESSAGE][PASSED] - Current device physical width is 720

2022-02-24 12:27:03 - [MESSAGE][PASSED] - Current device physical height is 1423

2022-02-24 12:27:05 - [MESSAGE][PASSED] - Swiped from 360,853 to 360,142

2022-02-24 12:27:06 - [MESSAGE][PASSED] - Delayed 1 second(s)

2022-02-24 12:27:07 - [MESSAGE][PASSED] - Swiped from 360,853 to 360,142

2022-02-24 12:27:10 - [MESSAGE][PASSED] - Delayed 3 second(s)

2022-02-24 12:27:10 - [MESSAGE][PASSED] - startApp.OpenApp.terminateApplication is PASSED

2022-02-24 12:27:10 - [MESSAGE][PASSED] - Call Test Case 'Test Cases/Mobile/Page/Run App/Terminate App' successfully]]></system-out>
         <system-err><![CDATA[]]></system-err>
      </testcase>
      <testcase name="Test Cases/Mobile/Scenario/Portfolio/017 - Melihat detail mutual fund 3 year" time="63.147" classname="Test Cases/Mobile/Scenario/Portfolio/017 - Melihat detail mutual fund 3 year" status="PASSED">
         <system-out><![CDATA[2022-02-24 12:27:10 - [TEST_CASE][PASSED] - Test Cases/Mobile/Scenario/Portfolio/017 - Melihat detail mutual fund 3 year: Test Cases/Mobile/Scenario/Portfolio/017 - Melihat detail mutual fund 3 year

2022-02-24 12:27:10 - [TEST_STEP][PASSED] - callTestCase(findTestCase("Mobile/Page/Run App/Run App byID"), [:], STOP_ON_FAILURE): Call Test Case 'Test Cases/Mobile/Page/Run App/Run App byID' successfully

2022-02-24 12:27:10 - [TEST_CASE][PASSED] - Test Cases/Mobile/Page/Run App/Run App byID: Test Cases/Mobile/Page/Run App/Run App byID

2022-02-24 12:27:10 - [TEST_STEP][PASSED] - startApp.OpenApp.startApplication("id.co.miraeasset.sageclub"): startApp.OpenApp.startApplication is PASSED

2022-02-24 12:27:22 - [MESSAGE][PASSED] - Starting app with application ID: 'id.co.miraeasset.sageclub'

2022-02-24 12:27:22 - [MESSAGE][PASSED] - startApp.OpenApp.startApplication is PASSED

2022-02-24 12:27:22 - [MESSAGE][PASSED] - Call Test Case 'Test Cases/Mobile/Page/Run App/Run App byID' successfully

2022-02-24 12:27:22 - [TEST_STEP][PASSED] - callTestCase(findTestCase("Mobile/Page/Portfolio/Portfolio"), ["tab":"mutualfund", "action2":"3 year"], CONTINUE_ON_FAILURE): Call Test Case 'Test Cases/Mobile/Page/Portfolio/Portfolio' successfully

2022-02-24 12:27:22 - [TEST_CASE][PASSED] - Test Cases/Mobile/Page/Portfolio/Portfolio: Test Cases/Mobile/Page/Portfolio/Portfolio

2022-02-24 12:27:22 - [TEST_STEP][PASSED] - callTestCase(findTestCase("Mobile/Page/CheckLogin"), [:], CONTINUE_ON_FAILURE): Call Test Case 'Test Cases/Mobile/Page/CheckLogin' successfully

2022-02-24 12:27:22 - [TEST_CASE][PASSED] - Test Cases/Mobile/Page/CheckLogin: Test Cases/Mobile/Page/CheckLogin

2022-02-24 12:27:22 - [TEST_STEP][PASSED] - loginCheck = verifyElementExist(LOGN_BtnLogin, 5, CONTINUE_ON_FAILURE): Element 'Object Repository/Mobile/Page/Login/Button - Login' is exist

2022-02-24 12:27:24 - [MESSAGE][PASSED] - Element 'Object Repository/Mobile/Page/Login/Button - Login' is exist

2022-02-24 12:27:24 - [TEST_STEP][PASSED] - if (loginCheck): Call Test Case 'Test Cases/Mobile/Page/Login/Login' successfully

2022-02-24 12:27:24 - [TEST_STEP][PASSED] - callTestCase(findTestCase("Mobile/Page/Login/Login"), ["action":"username"], CONTINUE_ON_FAILURE): Call Test Case 'Test Cases/Mobile/Page/Login/Login' successfully

2022-02-24 12:27:24 - [TEST_CASE][PASSED] - Test Cases/Mobile/Page/Login/Login: Test Cases/Mobile/Page/Login/Login

2022-02-24 12:27:24 - [TEST_STEP][PASSED] - delay(2): Delayed 2 second(s)

2022-02-24 12:27:26 - [MESSAGE][PASSED] - Delayed 2 second(s)

2022-02-24 12:27:26 - [TEST_STEP][PASSED] - for ([i = 0, i < 1, (i++)]): null

2022-02-24 12:27:26 - [TEST_STEP][PASSED] - if (action == "username"): null

2022-02-24 12:27:26 - [TEST_STEP][PASSED] - tap(LOGN_EdtUserID, 0): Tapped on element 'Object Repository/Mobile/Page/Login/Input - UserID'

2022-02-24 12:27:26 - [MESSAGE][WARNING] - Timeout '0' is invalid. Using default page load timeout: '60'

2022-02-24 12:27:26 - [MESSAGE][PASSED] - Tapped on element 'Object Repository/Mobile/Page/Login/Input - UserID'

2022-02-24 12:27:26 - [TEST_STEP][PASSED] - delay(1): Delayed 1 second(s)

2022-02-24 12:27:27 - [MESSAGE][PASSED] - Delayed 1 second(s)

2022-02-24 12:27:27 - [TEST_STEP][PASSED] - setText(LOGN_EdtRdyUserID, "anggaaditya", 0): Text 'anggaaditya' has been set to element 'Object Repository/Mobile/Page/Login/Input Rdy - UserID'

2022-02-24 12:27:27 - [MESSAGE][WARNING] - Timeout '0' is invalid. Using default page load timeout: '60'

2022-02-24 12:27:28 - [MESSAGE][PASSED] - Text 'anggaaditya' has been set to element 'Object Repository/Mobile/Page/Login/Input Rdy - UserID'

2022-02-24 12:27:28 - [TEST_STEP][PASSED] - delay(1): Delayed 1 second(s)

2022-02-24 12:27:29 - [MESSAGE][PASSED] - Delayed 1 second(s)

2022-02-24 12:27:29 - [TEST_STEP][PASSED] - hideKeyboard(): Keyboard is hidden

2022-02-24 12:27:33 - [MESSAGE][PASSED] - Keyboard is hidden

2022-02-24 12:27:33 - [TEST_STEP][PASSED] - tap(LOGN_EdtPassword, 0): Tapped on element 'Object Repository/Mobile/Page/Login/Input - Password'

2022-02-24 12:27:33 - [MESSAGE][WARNING] - Timeout '0' is invalid. Using default page load timeout: '60'

2022-02-24 12:27:33 - [MESSAGE][PASSED] - Tapped on element 'Object Repository/Mobile/Page/Login/Input - Password'

2022-02-24 12:27:33 - [TEST_STEP][PASSED] - delay(1): Delayed 1 second(s)

2022-02-24 12:27:34 - [MESSAGE][PASSED] - Delayed 1 second(s)

2022-02-24 12:27:34 - [TEST_STEP][PASSED] - setText(LOGN_EdtRdyPassword, "Shalawa18", 0): Text 'Shalawa18' has been set to element 'Object Repository/Mobile/Page/Login/Input Rdy - Password'

2022-02-24 12:27:34 - [MESSAGE][WARNING] - Timeout '0' is invalid. Using default page load timeout: '60'

2022-02-24 12:27:35 - [MESSAGE][PASSED] - Text 'Shalawa18' has been set to element 'Object Repository/Mobile/Page/Login/Input Rdy - Password'

2022-02-24 12:27:35 - [TEST_STEP][PASSED] - delay(1): Delayed 1 second(s)

2022-02-24 12:27:36 - [MESSAGE][PASSED] - Delayed 1 second(s)

2022-02-24 12:27:36 - [TEST_STEP][PASSED] - hideKeyboard(): Keyboard is hidden

2022-02-24 12:27:42 - [MESSAGE][PASSED] - Keyboard is hidden

2022-02-24 12:27:42 - [TEST_STEP][PASSED] - tap(LOGN_BtnLogin, 0): Tapped on element 'Object Repository/Mobile/Page/Login/Button - Login'

2022-02-24 12:27:42 - [MESSAGE][WARNING] - Timeout '0' is invalid. Using default page load timeout: '60'

2022-02-24 12:27:43 - [MESSAGE][PASSED] - Tapped on element 'Object Repository/Mobile/Page/Login/Button - Login'

2022-02-24 12:27:43 - [TEST_STEP][PASSED] - delay(2): Delayed 2 second(s)

2022-02-24 12:27:45 - [MESSAGE][PASSED] - Delayed 2 second(s)

2022-02-24 12:27:45 - [TEST_STEP][PASSED] - break: null

2022-02-24 12:27:45 - [MESSAGE][PASSED] - Call Test Case 'Test Cases/Mobile/Page/Login/Login' successfully

2022-02-24 12:27:45 - [MESSAGE][PASSED] - Call Test Case 'Test Cases/Mobile/Page/CheckLogin' successfully

2022-02-24 12:27:45 - [TEST_STEP][PASSED] - tap(HOME_MenubarPortfolio, 0): Tapped on element 'Object Repository/Mobile/Page/Home/Menubar - Portfolio'

2022-02-24 12:27:45 - [MESSAGE][WARNING] - Timeout '0' is invalid. Using default page load timeout: '60'

2022-02-24 12:27:46 - [MESSAGE][PASSED] - Tapped on element 'Object Repository/Mobile/Page/Home/Menubar - Portfolio'

2022-02-24 12:27:46 - [TEST_STEP][PASSED] - delay(1): Delayed 1 second(s)

2022-02-24 12:27:47 - [MESSAGE][PASSED] - Delayed 1 second(s)

2022-02-24 12:27:47 - [TEST_STEP][PASSED] - for ([i = 0, i < 1, (i++)]): scroll.scroll.scrollScreenBottomToTop is PASSED

2022-02-24 12:27:47 - [TEST_STEP][PASSED] - if (tab == "summary"): null

2022-02-24 12:27:47 - [TEST_STEP][PASSED] - else if (tab == "stock"): null

2022-02-24 12:27:47 - [TEST_STEP][PASSED] - else if (tab == "mutualfund"): scroll.scroll.scrollScreenBottomToTop is PASSED

2022-02-24 12:27:47 - [TEST_STEP][PASSED] - tap(PORT_TabMutualFund, 0): Tapped on element 'Object Repository/Mobile/Page/Portfolio/Tab - Mutual Fund'

2022-02-24 12:27:47 - [MESSAGE][WARNING] - Timeout '0' is invalid. Using default page load timeout: '60'

2022-02-24 12:27:48 - [MESSAGE][PASSED] - Tapped on element 'Object Repository/Mobile/Page/Portfolio/Tab - Mutual Fund'

2022-02-24 12:27:48 - [TEST_STEP][PASSED] - delay(1): Delayed 1 second(s)

2022-02-24 12:27:49 - [MESSAGE][PASSED] - Delayed 1 second(s)

2022-02-24 12:27:49 - [TEST_STEP][PASSED] - try: scroll.scroll.scrollScreenBottomToTop is PASSED

2022-02-24 12:27:49 - [TEST_STEP][PASSED] - tapAndHold(PORT_ItemTopMutualFund, 1, 10): Tapped and held on element 'Object Repository/Mobile/Page/Portfolio/Item - Top Mutual Fund' with duration 1

2022-02-24 12:27:53 - [MESSAGE][PASSED] - Tapped and held on element 'Object Repository/Mobile/Page/Portfolio/Item - Top Mutual Fund' with duration 1

2022-02-24 12:27:53 - [TEST_STEP][PASSED] - delay(2): Delayed 2 second(s)

2022-02-24 12:27:55 - [MESSAGE][PASSED] - Delayed 2 second(s)

2022-02-24 12:27:55 - [TEST_STEP][PASSED] - switch (action2): null

2022-02-24 12:27:55 - [TEST_STEP][PASSED] - case "3 year":: null

2022-02-24 12:27:55 - [TEST_STEP][PASSED] - tapAndHold(PORT_DETL_Btn3Year, 1, 0): Tapped and held on element 'Object Repository/Mobile/Page/Portfolio/Detail Mutual Funds/Button - 3 Year' with duration 1

2022-02-24 12:27:55 - [MESSAGE][WARNING] - Timeout '0' is invalid. Using default page load timeout: '60'

2022-02-24 12:27:58 - [MESSAGE][PASSED] - Tapped and held on element 'Object Repository/Mobile/Page/Portfolio/Detail Mutual Funds/Button - 3 Year' with duration 1

2022-02-24 12:27:58 - [TEST_STEP][PASSED] - break: null

2022-02-24 12:27:58 - [TEST_STEP][PASSED] - delay(3): Delayed 3 second(s)

2022-02-24 12:28:01 - [MESSAGE][PASSED] - Delayed 3 second(s)

2022-02-24 12:28:01 - [TEST_STEP][PASSED] - scroll.scroll.scrollScreenBottomToTop(): scroll.scroll.scrollScreenBottomToTop is PASSED

2022-02-24 12:28:02 - [MESSAGE][PASSED] - Current device physical height is 1423

2022-02-24 12:28:02 - [MESSAGE][PASSED] - Current device physical width is 720

2022-02-24 12:28:03 - [MESSAGE][PASSED] - Swiped from 360,1,138 to 360,284

2022-02-24 12:28:03 - [MESSAGE][PASSED] - scroll.scroll.scrollScreenBottomToTop is PASSED

2022-02-24 12:28:03 - [MESSAGE][PASSED] - Call Test Case 'Test Cases/Mobile/Page/Portfolio/Portfolio' successfully

2022-02-24 12:28:03 - [TEST_STEP][PASSED] - callTestCase(findTestCase("Mobile/Page/Run App/Terminate App"), [:], STOP_ON_FAILURE): Call Test Case 'Test Cases/Mobile/Page/Run App/Terminate App' successfully

2022-02-24 12:28:03 - [TEST_CASE][PASSED] - Test Cases/Mobile/Page/Run App/Terminate App: Test Cases/Mobile/Page/Run App/Terminate App

2022-02-24 12:28:03 - [TEST_STEP][PASSED] - startApp.OpenApp.terminateApplication(): startApp.OpenApp.terminateApplication is PASSED

2022-02-24 12:28:06 - [MESSAGE][PASSED] - Delayed 3 second(s)

2022-02-24 12:28:06 - [MESSAGE][PASSED] - Current device physical width is 720

2022-02-24 12:28:07 - [MESSAGE][PASSED] - Current device physical height is 1423

2022-02-24 12:28:08 - [MESSAGE][PASSED] - Swiped from 360,853 to 360,142

2022-02-24 12:28:09 - [MESSAGE][PASSED] - Delayed 1 second(s)

2022-02-24 12:28:10 - [MESSAGE][PASSED] - Swiped from 360,853 to 360,142

2022-02-24 12:28:13 - [MESSAGE][PASSED] - Delayed 3 second(s)

2022-02-24 12:28:13 - [MESSAGE][PASSED] - startApp.OpenApp.terminateApplication is PASSED

2022-02-24 12:28:13 - [MESSAGE][PASSED] - Call Test Case 'Test Cases/Mobile/Page/Run App/Terminate App' successfully]]></system-out>
         <system-err><![CDATA[]]></system-err>
      </testcase>
      <testcase name="Test Cases/Mobile/Scenario/Portfolio/018 - Melihat detail mutual fund 5 year" time="62.579" classname="Test Cases/Mobile/Scenario/Portfolio/018 - Melihat detail mutual fund 5 year" status="PASSED">
         <system-out><![CDATA[2022-02-24 12:28:13 - [TEST_CASE][PASSED] - Test Cases/Mobile/Scenario/Portfolio/018 - Melihat detail mutual fund 5 year: Test Cases/Mobile/Scenario/Portfolio/018 - Melihat detail mutual fund 5 year

2022-02-24 12:28:13 - [TEST_STEP][PASSED] - callTestCase(findTestCase("Mobile/Page/Run App/Run App byID"), [:], STOP_ON_FAILURE): Call Test Case 'Test Cases/Mobile/Page/Run App/Run App byID' successfully

2022-02-24 12:28:13 - [TEST_CASE][PASSED] - Test Cases/Mobile/Page/Run App/Run App byID: Test Cases/Mobile/Page/Run App/Run App byID

2022-02-24 12:28:13 - [TEST_STEP][PASSED] - startApp.OpenApp.startApplication("id.co.miraeasset.sageclub"): startApp.OpenApp.startApplication is PASSED

2022-02-24 12:28:25 - [MESSAGE][PASSED] - Starting app with application ID: 'id.co.miraeasset.sageclub'

2022-02-24 12:28:25 - [MESSAGE][PASSED] - startApp.OpenApp.startApplication is PASSED

2022-02-24 12:28:25 - [MESSAGE][PASSED] - Call Test Case 'Test Cases/Mobile/Page/Run App/Run App byID' successfully

2022-02-24 12:28:25 - [TEST_STEP][PASSED] - callTestCase(findTestCase("Mobile/Page/Portfolio/Portfolio"), ["tab":"mutualfund", "action2":"5 year"], CONTINUE_ON_FAILURE): Call Test Case 'Test Cases/Mobile/Page/Portfolio/Portfolio' successfully

2022-02-24 12:28:25 - [TEST_CASE][PASSED] - Test Cases/Mobile/Page/Portfolio/Portfolio: Test Cases/Mobile/Page/Portfolio/Portfolio

2022-02-24 12:28:25 - [TEST_STEP][PASSED] - callTestCase(findTestCase("Mobile/Page/CheckLogin"), [:], CONTINUE_ON_FAILURE): Call Test Case 'Test Cases/Mobile/Page/CheckLogin' successfully

2022-02-24 12:28:25 - [TEST_CASE][PASSED] - Test Cases/Mobile/Page/CheckLogin: Test Cases/Mobile/Page/CheckLogin

2022-02-24 12:28:25 - [TEST_STEP][PASSED] - loginCheck = verifyElementExist(LOGN_BtnLogin, 5, CONTINUE_ON_FAILURE): Element 'Object Repository/Mobile/Page/Login/Button - Login' is exist

2022-02-24 12:28:27 - [MESSAGE][PASSED] - Element 'Object Repository/Mobile/Page/Login/Button - Login' is exist

2022-02-24 12:28:27 - [TEST_STEP][PASSED] - if (loginCheck): Call Test Case 'Test Cases/Mobile/Page/Login/Login' successfully

2022-02-24 12:28:27 - [TEST_STEP][PASSED] - callTestCase(findTestCase("Mobile/Page/Login/Login"), ["action":"username"], CONTINUE_ON_FAILURE): Call Test Case 'Test Cases/Mobile/Page/Login/Login' successfully

2022-02-24 12:28:27 - [TEST_CASE][PASSED] - Test Cases/Mobile/Page/Login/Login: Test Cases/Mobile/Page/Login/Login

2022-02-24 12:28:27 - [TEST_STEP][PASSED] - delay(2): Delayed 2 second(s)

2022-02-24 12:28:29 - [MESSAGE][PASSED] - Delayed 2 second(s)

2022-02-24 12:28:29 - [TEST_STEP][PASSED] - for ([i = 0, i < 1, (i++)]): null

2022-02-24 12:28:29 - [TEST_STEP][PASSED] - if (action == "username"): null

2022-02-24 12:28:29 - [TEST_STEP][PASSED] - tap(LOGN_EdtUserID, 0): Tapped on element 'Object Repository/Mobile/Page/Login/Input - UserID'

2022-02-24 12:28:29 - [MESSAGE][WARNING] - Timeout '0' is invalid. Using default page load timeout: '60'

2022-02-24 12:28:30 - [MESSAGE][PASSED] - Tapped on element 'Object Repository/Mobile/Page/Login/Input - UserID'

2022-02-24 12:28:30 - [TEST_STEP][PASSED] - delay(1): Delayed 1 second(s)

2022-02-24 12:28:31 - [MESSAGE][PASSED] - Delayed 1 second(s)

2022-02-24 12:28:31 - [TEST_STEP][PASSED] - setText(LOGN_EdtRdyUserID, "anggaaditya", 0): Text 'anggaaditya' has been set to element 'Object Repository/Mobile/Page/Login/Input Rdy - UserID'

2022-02-24 12:28:31 - [MESSAGE][WARNING] - Timeout '0' is invalid. Using default page load timeout: '60'

2022-02-24 12:28:32 - [MESSAGE][PASSED] - Text 'anggaaditya' has been set to element 'Object Repository/Mobile/Page/Login/Input Rdy - UserID'

2022-02-24 12:28:32 - [TEST_STEP][PASSED] - delay(1): Delayed 1 second(s)

2022-02-24 12:28:33 - [MESSAGE][PASSED] - Delayed 1 second(s)

2022-02-24 12:28:33 - [TEST_STEP][PASSED] - hideKeyboard(): Keyboard is hidden

2022-02-24 12:28:36 - [MESSAGE][PASSED] - Keyboard is hidden

2022-02-24 12:28:36 - [TEST_STEP][PASSED] - tap(LOGN_EdtPassword, 0): Tapped on element 'Object Repository/Mobile/Page/Login/Input - Password'

2022-02-24 12:28:36 - [MESSAGE][WARNING] - Timeout '0' is invalid. Using default page load timeout: '60'

2022-02-24 12:28:37 - [MESSAGE][PASSED] - Tapped on element 'Object Repository/Mobile/Page/Login/Input - Password'

2022-02-24 12:28:37 - [TEST_STEP][PASSED] - delay(1): Delayed 1 second(s)

2022-02-24 12:28:38 - [MESSAGE][PASSED] - Delayed 1 second(s)

2022-02-24 12:28:38 - [TEST_STEP][PASSED] - setText(LOGN_EdtRdyPassword, "Shalawa18", 0): Text 'Shalawa18' has been set to element 'Object Repository/Mobile/Page/Login/Input Rdy - Password'

2022-02-24 12:28:38 - [MESSAGE][WARNING] - Timeout '0' is invalid. Using default page load timeout: '60'

2022-02-24 12:28:38 - [MESSAGE][PASSED] - Text 'Shalawa18' has been set to element 'Object Repository/Mobile/Page/Login/Input Rdy - Password'

2022-02-24 12:28:38 - [TEST_STEP][PASSED] - delay(1): Delayed 1 second(s)

2022-02-24 12:28:39 - [MESSAGE][PASSED] - Delayed 1 second(s)

2022-02-24 12:28:39 - [TEST_STEP][PASSED] - hideKeyboard(): Keyboard is hidden

2022-02-24 12:28:45 - [MESSAGE][PASSED] - Keyboard is hidden

2022-02-24 12:28:45 - [TEST_STEP][PASSED] - tap(LOGN_BtnLogin, 0): Tapped on element 'Object Repository/Mobile/Page/Login/Button - Login'

2022-02-24 12:28:45 - [MESSAGE][WARNING] - Timeout '0' is invalid. Using default page load timeout: '60'

2022-02-24 12:28:46 - [MESSAGE][PASSED] - Tapped on element 'Object Repository/Mobile/Page/Login/Button - Login'

2022-02-24 12:28:46 - [TEST_STEP][PASSED] - delay(2): Delayed 2 second(s)

2022-02-24 12:28:48 - [MESSAGE][PASSED] - Delayed 2 second(s)

2022-02-24 12:28:48 - [TEST_STEP][PASSED] - break: null

2022-02-24 12:28:48 - [MESSAGE][PASSED] - Call Test Case 'Test Cases/Mobile/Page/Login/Login' successfully

2022-02-24 12:28:48 - [MESSAGE][PASSED] - Call Test Case 'Test Cases/Mobile/Page/CheckLogin' successfully

2022-02-24 12:28:48 - [TEST_STEP][PASSED] - tap(HOME_MenubarPortfolio, 0): Tapped on element 'Object Repository/Mobile/Page/Home/Menubar - Portfolio'

2022-02-24 12:28:48 - [MESSAGE][WARNING] - Timeout '0' is invalid. Using default page load timeout: '60'

2022-02-24 12:28:50 - [MESSAGE][PASSED] - Tapped on element 'Object Repository/Mobile/Page/Home/Menubar - Portfolio'

2022-02-24 12:28:50 - [TEST_STEP][PASSED] - delay(1): Delayed 1 second(s)

2022-02-24 12:28:51 - [MESSAGE][PASSED] - Delayed 1 second(s)

2022-02-24 12:28:51 - [TEST_STEP][PASSED] - for ([i = 0, i < 1, (i++)]): scroll.scroll.scrollScreenBottomToTop is PASSED

2022-02-24 12:28:51 - [TEST_STEP][PASSED] - if (tab == "summary"): null

2022-02-24 12:28:51 - [TEST_STEP][PASSED] - else if (tab == "stock"): null

2022-02-24 12:28:51 - [TEST_STEP][PASSED] - else if (tab == "mutualfund"): scroll.scroll.scrollScreenBottomToTop is PASSED

2022-02-24 12:28:51 - [TEST_STEP][PASSED] - tap(PORT_TabMutualFund, 0): Tapped on element 'Object Repository/Mobile/Page/Portfolio/Tab - Mutual Fund'

2022-02-24 12:28:51 - [MESSAGE][WARNING] - Timeout '0' is invalid. Using default page load timeout: '60'

2022-02-24 12:28:52 - [MESSAGE][PASSED] - Tapped on element 'Object Repository/Mobile/Page/Portfolio/Tab - Mutual Fund'

2022-02-24 12:28:52 - [TEST_STEP][PASSED] - delay(1): Delayed 1 second(s)

2022-02-24 12:28:53 - [MESSAGE][PASSED] - Delayed 1 second(s)

2022-02-24 12:28:53 - [TEST_STEP][PASSED] - try: scroll.scroll.scrollScreenBottomToTop is PASSED

2022-02-24 12:28:53 - [TEST_STEP][PASSED] - tapAndHold(PORT_ItemTopMutualFund, 1, 10): Tapped and held on element 'Object Repository/Mobile/Page/Portfolio/Item - Top Mutual Fund' with duration 1

2022-02-24 12:28:56 - [MESSAGE][PASSED] - Tapped and held on element 'Object Repository/Mobile/Page/Portfolio/Item - Top Mutual Fund' with duration 1

2022-02-24 12:28:56 - [TEST_STEP][PASSED] - delay(2): Delayed 2 second(s)

2022-02-24 12:28:58 - [MESSAGE][PASSED] - Delayed 2 second(s)

2022-02-24 12:28:58 - [TEST_STEP][PASSED] - switch (action2): null

2022-02-24 12:28:58 - [TEST_STEP][PASSED] - case "5 year":: null

2022-02-24 12:28:58 - [TEST_STEP][PASSED] - tapAndHold(PORT_DETL_Btn5Year, 1, 0): Tapped and held on element 'Object Repository/Mobile/Page/Portfolio/Detail Mutual Funds/Button - 5 Year' with duration 1

2022-02-24 12:28:58 - [MESSAGE][WARNING] - Timeout '0' is invalid. Using default page load timeout: '60'

2022-02-24 12:29:01 - [MESSAGE][PASSED] - Tapped and held on element 'Object Repository/Mobile/Page/Portfolio/Detail Mutual Funds/Button - 5 Year' with duration 1

2022-02-24 12:29:01 - [TEST_STEP][PASSED] - break: null

2022-02-24 12:29:01 - [TEST_STEP][PASSED] - delay(3): Delayed 3 second(s)

2022-02-24 12:29:04 - [MESSAGE][PASSED] - Delayed 3 second(s)

2022-02-24 12:29:04 - [TEST_STEP][PASSED] - scroll.scroll.scrollScreenBottomToTop(): scroll.scroll.scrollScreenBottomToTop is PASSED

2022-02-24 12:29:04 - [MESSAGE][PASSED] - Current device physical height is 1423

2022-02-24 12:29:04 - [MESSAGE][PASSED] - Current device physical width is 720

2022-02-24 12:29:05 - [MESSAGE][PASSED] - Swiped from 360,1,138 to 360,284

2022-02-24 12:29:05 - [MESSAGE][PASSED] - scroll.scroll.scrollScreenBottomToTop is PASSED

2022-02-24 12:29:05 - [MESSAGE][PASSED] - Call Test Case 'Test Cases/Mobile/Page/Portfolio/Portfolio' successfully

2022-02-24 12:29:05 - [TEST_STEP][PASSED] - callTestCase(findTestCase("Mobile/Page/Run App/Terminate App"), [:], STOP_ON_FAILURE): Call Test Case 'Test Cases/Mobile/Page/Run App/Terminate App' successfully

2022-02-24 12:29:06 - [TEST_CASE][PASSED] - Test Cases/Mobile/Page/Run App/Terminate App: Test Cases/Mobile/Page/Run App/Terminate App

2022-02-24 12:29:06 - [TEST_STEP][PASSED] - startApp.OpenApp.terminateApplication(): startApp.OpenApp.terminateApplication is PASSED

2022-02-24 12:29:09 - [MESSAGE][PASSED] - Delayed 3 second(s)

2022-02-24 12:29:09 - [MESSAGE][PASSED] - Current device physical width is 720

2022-02-24 12:29:09 - [MESSAGE][PASSED] - Current device physical height is 1423

2022-02-24 12:29:10 - [MESSAGE][PASSED] - Swiped from 360,853 to 360,142

2022-02-24 12:29:11 - [MESSAGE][PASSED] - Delayed 1 second(s)

2022-02-24 12:29:13 - [MESSAGE][PASSED] - Swiped from 360,853 to 360,142

2022-02-24 12:29:16 - [MESSAGE][PASSED] - Delayed 3 second(s)

2022-02-24 12:29:16 - [MESSAGE][PASSED] - startApp.OpenApp.terminateApplication is PASSED

2022-02-24 12:29:16 - [MESSAGE][PASSED] - Call Test Case 'Test Cases/Mobile/Page/Run App/Terminate App' successfully]]></system-out>
         <system-err><![CDATA[]]></system-err>
      </testcase>
      <testcase name="Test Cases/Mobile/Scenario/Portfolio/019 - Melihat detail mutual fund 10 year" time="62.713" classname="Test Cases/Mobile/Scenario/Portfolio/019 - Melihat detail mutual fund 10 year" status="PASSED">
         <system-out><![CDATA[2022-02-24 12:29:16 - [TEST_CASE][PASSED] - Test Cases/Mobile/Scenario/Portfolio/019 - Melihat detail mutual fund 10 year: Test Cases/Mobile/Scenario/Portfolio/019 - Melihat detail mutual fund 10 year

2022-02-24 12:29:16 - [TEST_STEP][PASSED] - callTestCase(findTestCase("Mobile/Page/Run App/Run App byID"), [:], STOP_ON_FAILURE): Call Test Case 'Test Cases/Mobile/Page/Run App/Run App byID' successfully

2022-02-24 12:29:16 - [TEST_CASE][PASSED] - Test Cases/Mobile/Page/Run App/Run App byID: Test Cases/Mobile/Page/Run App/Run App byID

2022-02-24 12:29:16 - [TEST_STEP][PASSED] - startApp.OpenApp.startApplication("id.co.miraeasset.sageclub"): startApp.OpenApp.startApplication is PASSED

2022-02-24 12:29:28 - [MESSAGE][PASSED] - Starting app with application ID: 'id.co.miraeasset.sageclub'

2022-02-24 12:29:28 - [MESSAGE][PASSED] - startApp.OpenApp.startApplication is PASSED

2022-02-24 12:29:28 - [MESSAGE][PASSED] - Call Test Case 'Test Cases/Mobile/Page/Run App/Run App byID' successfully

2022-02-24 12:29:28 - [TEST_STEP][PASSED] - callTestCase(findTestCase("Mobile/Page/Portfolio/Portfolio"), ["tab":"mutualfund", "action2":"10 year"], CONTINUE_ON_FAILURE): Call Test Case 'Test Cases/Mobile/Page/Portfolio/Portfolio' successfully

2022-02-24 12:29:28 - [TEST_CASE][PASSED] - Test Cases/Mobile/Page/Portfolio/Portfolio: Test Cases/Mobile/Page/Portfolio/Portfolio

2022-02-24 12:29:28 - [TEST_STEP][PASSED] - callTestCase(findTestCase("Mobile/Page/CheckLogin"), [:], CONTINUE_ON_FAILURE): Call Test Case 'Test Cases/Mobile/Page/CheckLogin' successfully

2022-02-24 12:29:28 - [TEST_CASE][PASSED] - Test Cases/Mobile/Page/CheckLogin: Test Cases/Mobile/Page/CheckLogin

2022-02-24 12:29:28 - [TEST_STEP][PASSED] - loginCheck = verifyElementExist(LOGN_BtnLogin, 5, CONTINUE_ON_FAILURE): Element 'Object Repository/Mobile/Page/Login/Button - Login' is exist

2022-02-24 12:29:30 - [MESSAGE][PASSED] - Element 'Object Repository/Mobile/Page/Login/Button - Login' is exist

2022-02-24 12:29:30 - [TEST_STEP][PASSED] - if (loginCheck): Call Test Case 'Test Cases/Mobile/Page/Login/Login' successfully

2022-02-24 12:29:30 - [TEST_STEP][PASSED] - callTestCase(findTestCase("Mobile/Page/Login/Login"), ["action":"username"], CONTINUE_ON_FAILURE): Call Test Case 'Test Cases/Mobile/Page/Login/Login' successfully

2022-02-24 12:29:30 - [TEST_CASE][PASSED] - Test Cases/Mobile/Page/Login/Login: Test Cases/Mobile/Page/Login/Login

2022-02-24 12:29:30 - [TEST_STEP][PASSED] - delay(2): Delayed 2 second(s)

2022-02-24 12:29:32 - [MESSAGE][PASSED] - Delayed 2 second(s)

2022-02-24 12:29:32 - [TEST_STEP][PASSED] - for ([i = 0, i < 1, (i++)]): null

2022-02-24 12:29:32 - [TEST_STEP][PASSED] - if (action == "username"): null

2022-02-24 12:29:32 - [TEST_STEP][PASSED] - tap(LOGN_EdtUserID, 0): Tapped on element 'Object Repository/Mobile/Page/Login/Input - UserID'

2022-02-24 12:29:32 - [MESSAGE][WARNING] - Timeout '0' is invalid. Using default page load timeout: '60'

2022-02-24 12:29:32 - [MESSAGE][PASSED] - Tapped on element 'Object Repository/Mobile/Page/Login/Input - UserID'

2022-02-24 12:29:32 - [TEST_STEP][PASSED] - delay(1): Delayed 1 second(s)

2022-02-24 12:29:33 - [MESSAGE][PASSED] - Delayed 1 second(s)

2022-02-24 12:29:33 - [TEST_STEP][PASSED] - setText(LOGN_EdtRdyUserID, "anggaaditya", 0): Text 'anggaaditya' has been set to element 'Object Repository/Mobile/Page/Login/Input Rdy - UserID'

2022-02-24 12:29:33 - [MESSAGE][WARNING] - Timeout '0' is invalid. Using default page load timeout: '60'

2022-02-24 12:29:34 - [MESSAGE][PASSED] - Text 'anggaaditya' has been set to element 'Object Repository/Mobile/Page/Login/Input Rdy - UserID'

2022-02-24 12:29:34 - [TEST_STEP][PASSED] - delay(1): Delayed 1 second(s)

2022-02-24 12:29:35 - [MESSAGE][PASSED] - Delayed 1 second(s)

2022-02-24 12:29:35 - [TEST_STEP][PASSED] - hideKeyboard(): Keyboard is hidden

2022-02-24 12:29:38 - [MESSAGE][PASSED] - Keyboard is hidden

2022-02-24 12:29:38 - [TEST_STEP][PASSED] - tap(LOGN_EdtPassword, 0): Tapped on element 'Object Repository/Mobile/Page/Login/Input - Password'

2022-02-24 12:29:38 - [MESSAGE][WARNING] - Timeout '0' is invalid. Using default page load timeout: '60'

2022-02-24 12:29:39 - [MESSAGE][PASSED] - Tapped on element 'Object Repository/Mobile/Page/Login/Input - Password'

2022-02-24 12:29:39 - [TEST_STEP][PASSED] - delay(1): Delayed 1 second(s)

2022-02-24 12:29:40 - [MESSAGE][PASSED] - Delayed 1 second(s)

2022-02-24 12:29:40 - [TEST_STEP][PASSED] - setText(LOGN_EdtRdyPassword, "Shalawa18", 0): Text 'Shalawa18' has been set to element 'Object Repository/Mobile/Page/Login/Input Rdy - Password'

2022-02-24 12:29:40 - [MESSAGE][WARNING] - Timeout '0' is invalid. Using default page load timeout: '60'

2022-02-24 12:29:40 - [MESSAGE][PASSED] - Text 'Shalawa18' has been set to element 'Object Repository/Mobile/Page/Login/Input Rdy - Password'

2022-02-24 12:29:40 - [TEST_STEP][PASSED] - delay(1): Delayed 1 second(s)

2022-02-24 12:29:41 - [MESSAGE][PASSED] - Delayed 1 second(s)

2022-02-24 12:29:41 - [TEST_STEP][PASSED] - hideKeyboard(): Keyboard is hidden

2022-02-24 12:29:47 - [MESSAGE][PASSED] - Keyboard is hidden

2022-02-24 12:29:47 - [TEST_STEP][PASSED] - tap(LOGN_BtnLogin, 0): Tapped on element 'Object Repository/Mobile/Page/Login/Button - Login'

2022-02-24 12:29:47 - [MESSAGE][WARNING] - Timeout '0' is invalid. Using default page load timeout: '60'

2022-02-24 12:29:48 - [MESSAGE][PASSED] - Tapped on element 'Object Repository/Mobile/Page/Login/Button - Login'

2022-02-24 12:29:48 - [TEST_STEP][PASSED] - delay(2): Delayed 2 second(s)

2022-02-24 12:29:50 - [MESSAGE][PASSED] - Delayed 2 second(s)

2022-02-24 12:29:50 - [TEST_STEP][PASSED] - break: null

2022-02-24 12:29:50 - [MESSAGE][PASSED] - Call Test Case 'Test Cases/Mobile/Page/Login/Login' successfully

2022-02-24 12:29:50 - [MESSAGE][PASSED] - Call Test Case 'Test Cases/Mobile/Page/CheckLogin' successfully

2022-02-24 12:29:50 - [TEST_STEP][PASSED] - tap(HOME_MenubarPortfolio, 0): Tapped on element 'Object Repository/Mobile/Page/Home/Menubar - Portfolio'

2022-02-24 12:29:50 - [MESSAGE][WARNING] - Timeout '0' is invalid. Using default page load timeout: '60'

2022-02-24 12:29:52 - [MESSAGE][PASSED] - Tapped on element 'Object Repository/Mobile/Page/Home/Menubar - Portfolio'

2022-02-24 12:29:52 - [TEST_STEP][PASSED] - delay(1): Delayed 1 second(s)

2022-02-24 12:29:53 - [MESSAGE][PASSED] - Delayed 1 second(s)

2022-02-24 12:29:53 - [TEST_STEP][PASSED] - for ([i = 0, i < 1, (i++)]): scroll.scroll.scrollScreenBottomToTop is PASSED

2022-02-24 12:29:53 - [TEST_STEP][PASSED] - if (tab == "summary"): null

2022-02-24 12:29:53 - [TEST_STEP][PASSED] - else if (tab == "stock"): null

2022-02-24 12:29:53 - [TEST_STEP][PASSED] - else if (tab == "mutualfund"): scroll.scroll.scrollScreenBottomToTop is PASSED

2022-02-24 12:29:53 - [TEST_STEP][PASSED] - tap(PORT_TabMutualFund, 0): Tapped on element 'Object Repository/Mobile/Page/Portfolio/Tab - Mutual Fund'

2022-02-24 12:29:53 - [MESSAGE][WARNING] - Timeout '0' is invalid. Using default page load timeout: '60'

2022-02-24 12:29:54 - [MESSAGE][PASSED] - Tapped on element 'Object Repository/Mobile/Page/Portfolio/Tab - Mutual Fund'

2022-02-24 12:29:54 - [TEST_STEP][PASSED] - delay(1): Delayed 1 second(s)

2022-02-24 12:29:55 - [MESSAGE][PASSED] - Delayed 1 second(s)

2022-02-24 12:29:55 - [TEST_STEP][PASSED] - try: scroll.scroll.scrollScreenBottomToTop is PASSED

2022-02-24 12:29:55 - [TEST_STEP][PASSED] - tapAndHold(PORT_ItemTopMutualFund, 1, 10): Tapped and held on element 'Object Repository/Mobile/Page/Portfolio/Item - Top Mutual Fund' with duration 1

2022-02-24 12:29:59 - [MESSAGE][PASSED] - Tapped and held on element 'Object Repository/Mobile/Page/Portfolio/Item - Top Mutual Fund' with duration 1

2022-02-24 12:29:59 - [TEST_STEP][PASSED] - delay(2): Delayed 2 second(s)

2022-02-24 12:30:01 - [MESSAGE][PASSED] - Delayed 2 second(s)

2022-02-24 12:30:01 - [TEST_STEP][PASSED] - switch (action2): null

2022-02-24 12:30:01 - [TEST_STEP][PASSED] - case "10 year":: null

2022-02-24 12:30:01 - [TEST_STEP][PASSED] - tapAndHold(PORT_DETL_Btn10Year, 1, 0): Tapped and held on element 'Object Repository/Mobile/Page/Portfolio/Detail Mutual Funds/Button - 10 Year' with duration 1

2022-02-24 12:30:01 - [MESSAGE][WARNING] - Timeout '0' is invalid. Using default page load timeout: '60'

2022-02-24 12:30:03 - [MESSAGE][PASSED] - Tapped and held on element 'Object Repository/Mobile/Page/Portfolio/Detail Mutual Funds/Button - 10 Year' with duration 1

2022-02-24 12:30:03 - [TEST_STEP][PASSED] - break: null

2022-02-24 12:30:03 - [TEST_STEP][PASSED] - delay(3): Delayed 3 second(s)

2022-02-24 12:30:06 - [MESSAGE][PASSED] - Delayed 3 second(s)

2022-02-24 12:30:06 - [TEST_STEP][PASSED] - scroll.scroll.scrollScreenBottomToTop(): scroll.scroll.scrollScreenBottomToTop is PASSED

2022-02-24 12:30:07 - [MESSAGE][PASSED] - Current device physical height is 1423

2022-02-24 12:30:07 - [MESSAGE][PASSED] - Current device physical width is 720

2022-02-24 12:30:08 - [MESSAGE][PASSED] - Swiped from 360,1,138 to 360,284

2022-02-24 12:30:08 - [MESSAGE][PASSED] - scroll.scroll.scrollScreenBottomToTop is PASSED

2022-02-24 12:30:08 - [MESSAGE][PASSED] - Call Test Case 'Test Cases/Mobile/Page/Portfolio/Portfolio' successfully

2022-02-24 12:30:08 - [TEST_STEP][PASSED] - callTestCase(findTestCase("Mobile/Page/Run App/Terminate App"), [:], STOP_ON_FAILURE): Call Test Case 'Test Cases/Mobile/Page/Run App/Terminate App' successfully

2022-02-24 12:30:08 - [TEST_CASE][PASSED] - Test Cases/Mobile/Page/Run App/Terminate App: Test Cases/Mobile/Page/Run App/Terminate App

2022-02-24 12:30:08 - [TEST_STEP][PASSED] - startApp.OpenApp.terminateApplication(): startApp.OpenApp.terminateApplication is PASSED

2022-02-24 12:30:11 - [MESSAGE][PASSED] - Delayed 3 second(s)

2022-02-24 12:30:12 - [MESSAGE][PASSED] - Current device physical width is 720

2022-02-24 12:30:12 - [MESSAGE][PASSED] - Current device physical height is 1423

2022-02-24 12:30:13 - [MESSAGE][PASSED] - Swiped from 360,853 to 360,142

2022-02-24 12:30:14 - [MESSAGE][PASSED] - Delayed 1 second(s)

2022-02-24 12:30:15 - [MESSAGE][PASSED] - Swiped from 360,853 to 360,142

2022-02-24 12:30:18 - [MESSAGE][PASSED] - Delayed 3 second(s)

2022-02-24 12:30:18 - [MESSAGE][PASSED] - startApp.OpenApp.terminateApplication is PASSED

2022-02-24 12:30:18 - [MESSAGE][PASSED] - Call Test Case 'Test Cases/Mobile/Page/Run App/Terminate App' successfully]]></system-out>
         <system-err><![CDATA[]]></system-err>
      </testcase>
      <system-out><![CDATA[2022-02-24 12:09:47 - [TEST_SUITE][PASSED] - portfolio: Test Cases/Mobile/Scenario/Portfolio/019 - Melihat detail mutual fund 10 year]]></system-out>
      <system-err><![CDATA[]]></system-err>
   </testsuite>
</testsuites>
