<?xml version="1.0" encoding="UTF-8"?>
<testsuites name="analysis" time="496.347" tests="7" failures="0" skips="0" errors="0">
   <testsuite name="analysis" tests="7" failures="0" errors="0" time="496.347" skips="0" timestamp="2022-01-07 07:54:23" hostname="Owner - aldy-tft" id="Test Suites/analysis">
      <properties>
         <property name="deviceName" value="samsung SM-A205F (Android 11)"/>
         <property name="devicePlatform" value=""/>
         <property name="logFolder" value="C:\\Users\\Owner\\Documents\\kerjaan\\KatalonProject\\qa_katalon_pwm\\qa_katalon_pwm\\Reports\\20220107_075340\\analysis\\20220107_075346"/>
         <property name="logFiles" value="C:\\Users\\Owner\\Documents\\kerjaan\\KatalonProject\\qa_katalon_pwm\\qa_katalon_pwm\\Reports\\20220107_075340\\analysis\\20220107_075346\\appium.log, C:\\Users\\Owner\\Documents\\kerjaan\\KatalonProject\\qa_katalon_pwm\\qa_katalon_pwm\\Reports\\20220107_075340\\analysis\\20220107_075346\\execution0.log"/>
         <property name="attachments" value=""/>
         <property name="hostName" value="Owner - aldy-tft"/>
         <property name="os" value="Windows 10 64bit"/>
         <property name="appiumServerStatus" value="{&quot;value&quot;:{&quot;build&quot;:{&quot;version&quot;:&quot;1.22.0&quot;}},&quot;sessionId&quot;:null,&quot;status&quot;:0}"/>
         <property name="katalonVersion" value="7.9.1.208"/>
         <property name="deviceOS" value="Android"/>
         <property name="appiumVersion" value="1.22.0"/>
         <property name="deviceModel" value="SM-A205F"/>
         <property name="hostAddress" value="10.0.30.68"/>
         <property name="deviceManufacturer" value="samsung"/>
         <property name="deviceId" value="RR8M40C9AXE"/>
         <property name="deviceName" value="samsung SM-A205F (Android 11)"/>
         <property name="deviceOSVersion" value="11"/>
      </properties>
      <testcase name="Test Cases/Mobile/Scenario/Analysis/001 - Melihat list stock technical analysis" time="133.741" classname="Test Cases/Mobile/Scenario/Analysis/001 - Melihat list stock technical analysis" status="PASSED">
         <system-out><![CDATA[2022-01-07 07:54:25 - [TEST_CASE][PASSED] - Test Cases/Mobile/Scenario/Analysis/001 - Melihat list stock technical analysis: Test Cases/Mobile/Scenario/Analysis/001 - Melihat list stock technical analysis

2022-01-07 07:54:25 - [TEST_STEP][PASSED] - callTestCase(findTestCase("Mobile/Page/Run App/Run App byID"), [:], STOP_ON_FAILURE): Call Test Case 'Test Cases/Mobile/Page/Run App/Run App byID' successfully

2022-01-07 07:54:26 - [TEST_CASE][PASSED] - Test Cases/Mobile/Page/Run App/Run App byID: Test Cases/Mobile/Page/Run App/Run App byID

2022-01-07 07:54:27 - [TEST_STEP][PASSED] - startApp.OpenApp.startApplication("id.co.miraeasset.sageclub"): startApp.OpenApp.startApplication is PASSED

2022-01-07 07:54:35 - [MESSAGE][INFO] - Appium server started on port 64,640

2022-01-07 07:54:56 - [MESSAGE][PASSED] - Starting app with application ID: 'id.co.miraeasset.sageclub'

2022-01-07 07:54:56 - [MESSAGE][PASSED] - startApp.OpenApp.startApplication is PASSED

2022-01-07 07:54:56 - [MESSAGE][PASSED] - Call Test Case 'Test Cases/Mobile/Page/Run App/Run App byID' successfully

2022-01-07 07:54:56 - [TEST_STEP][PASSED] - callTestCase(findTestCase("Mobile/Page/Analysis/Analysis"), ["action":"technicalsearch"], CONTINUE_ON_FAILURE): Call Test Case 'Test Cases/Mobile/Page/Analysis/Analysis' successfully

2022-01-07 07:54:56 - [TEST_CASE][PASSED] - Test Cases/Mobile/Page/Analysis/Analysis: Test Cases/Mobile/Page/Analysis/Analysis

2022-01-07 07:54:57 - [TEST_STEP][PASSED] - callTestCase(findTestCase("Mobile/Page/CheckLogin"), [:], CONTINUE_ON_FAILURE): Call Test Case 'Test Cases/Mobile/Page/CheckLogin' successfully

2022-01-07 07:54:57 - [TEST_CASE][PASSED] - Test Cases/Mobile/Page/CheckLogin: Test Cases/Mobile/Page/CheckLogin

2022-01-07 07:54:58 - [TEST_STEP][PASSED] - loginCheck = verifyElementExist(LOGN_BtnLogin, 5, CONTINUE_ON_FAILURE): Element 'Object Repository/Mobile/Page/Login/Button - Login' is exist

2022-01-07 07:55:38 - [MESSAGE][PASSED] - Element 'Object Repository/Mobile/Page/Login/Button - Login' is exist

2022-01-07 07:55:38 - [TEST_STEP][PASSED] - if (loginCheck): Call Test Case 'Test Cases/Mobile/Page/Login/Login' successfully

2022-01-07 07:55:38 - [TEST_STEP][PASSED] - callTestCase(findTestCase("Mobile/Page/Login/Login"), ["action":"username"], CONTINUE_ON_FAILURE): Call Test Case 'Test Cases/Mobile/Page/Login/Login' successfully

2022-01-07 07:55:38 - [TEST_CASE][PASSED] - Test Cases/Mobile/Page/Login/Login: Test Cases/Mobile/Page/Login/Login

2022-01-07 07:55:39 - [TEST_STEP][PASSED] - delay(2): Delayed 2 second(s)

2022-01-07 07:55:41 - [MESSAGE][PASSED] - Delayed 2 second(s)

2022-01-07 07:55:41 - [TEST_STEP][PASSED] - for ([i = 0, i < 1, (i++)]): null

2022-01-07 07:55:41 - [TEST_STEP][PASSED] - if (action == "username"): null

2022-01-07 07:55:41 - [TEST_STEP][PASSED] - tap(LOGN_EdtUserID, 0): Tapped on element 'Object Repository/Mobile/Page/Login/Input - UserID'

2022-01-07 07:55:41 - [MESSAGE][WARNING] - Timeout '0' is invalid. Using default page load timeout: '60'

2022-01-07 07:55:42 - [MESSAGE][PASSED] - Tapped on element 'Object Repository/Mobile/Page/Login/Input - UserID'

2022-01-07 07:55:42 - [TEST_STEP][PASSED] - delay(1): Delayed 1 second(s)

2022-01-07 07:55:43 - [MESSAGE][PASSED] - Delayed 1 second(s)

2022-01-07 07:55:43 - [TEST_STEP][PASSED] - setText(LOGN_EdtRdyUserID, "anggaaditya", 0): Text 'anggaaditya' has been set to element 'Object Repository/Mobile/Page/Login/Input Rdy - UserID'

2022-01-07 07:55:43 - [MESSAGE][WARNING] - Timeout '0' is invalid. Using default page load timeout: '60'

2022-01-07 07:55:44 - [MESSAGE][PASSED] - Text 'anggaaditya' has been set to element 'Object Repository/Mobile/Page/Login/Input Rdy - UserID'

2022-01-07 07:55:44 - [TEST_STEP][PASSED] - delay(1): Delayed 1 second(s)

2022-01-07 07:55:45 - [MESSAGE][PASSED] - Delayed 1 second(s)

2022-01-07 07:55:45 - [TEST_STEP][PASSED] - hideKeyboard(): Keyboard is hidden

2022-01-07 07:55:50 - [MESSAGE][PASSED] - Keyboard is hidden

2022-01-07 07:55:50 - [TEST_STEP][PASSED] - tap(LOGN_EdtPassword, 0): Tapped on element 'Object Repository/Mobile/Page/Login/Input - Password'

2022-01-07 07:55:50 - [MESSAGE][WARNING] - Timeout '0' is invalid. Using default page load timeout: '60'

2022-01-07 07:55:50 - [MESSAGE][PASSED] - Tapped on element 'Object Repository/Mobile/Page/Login/Input - Password'

2022-01-07 07:55:50 - [TEST_STEP][PASSED] - delay(1): Delayed 1 second(s)

2022-01-07 07:55:51 - [MESSAGE][PASSED] - Delayed 1 second(s)

2022-01-07 07:55:51 - [TEST_STEP][PASSED] - setText(LOGN_EdtRdyPassword, "Shalawa18", 0): Text 'Shalawa18' has been set to element 'Object Repository/Mobile/Page/Login/Input Rdy - Password'

2022-01-07 07:55:51 - [MESSAGE][WARNING] - Timeout '0' is invalid. Using default page load timeout: '60'

2022-01-07 07:55:52 - [MESSAGE][PASSED] - Text 'Shalawa18' has been set to element 'Object Repository/Mobile/Page/Login/Input Rdy - Password'

2022-01-07 07:55:52 - [TEST_STEP][PASSED] - delay(1): Delayed 1 second(s)

2022-01-07 07:55:53 - [MESSAGE][PASSED] - Delayed 1 second(s)

2022-01-07 07:55:53 - [TEST_STEP][PASSED] - hideKeyboard(): Keyboard is hidden

2022-01-07 07:56:00 - [MESSAGE][PASSED] - Keyboard is hidden

2022-01-07 07:56:00 - [TEST_STEP][PASSED] - tap(LOGN_BtnLogin, 0): Tapped on element 'Object Repository/Mobile/Page/Login/Button - Login'

2022-01-07 07:56:00 - [MESSAGE][WARNING] - Timeout '0' is invalid. Using default page load timeout: '60'

2022-01-07 07:56:00 - [MESSAGE][PASSED] - Tapped on element 'Object Repository/Mobile/Page/Login/Button - Login'

2022-01-07 07:56:00 - [TEST_STEP][PASSED] - delay(2): Delayed 2 second(s)

2022-01-07 07:56:02 - [MESSAGE][PASSED] - Delayed 2 second(s)

2022-01-07 07:56:02 - [TEST_STEP][PASSED] - break: null

2022-01-07 07:56:02 - [MESSAGE][PASSED] - Call Test Case 'Test Cases/Mobile/Page/Login/Login' successfully

2022-01-07 07:56:02 - [MESSAGE][PASSED] - Call Test Case 'Test Cases/Mobile/Page/CheckLogin' successfully

2022-01-07 07:56:02 - [TEST_STEP][PASSED] - tap(HOME_MenubarAnalysis, 0): Tapped on element 'Object Repository/Mobile/Page/Home/Menubar - Analysis'

2022-01-07 07:56:02 - [MESSAGE][WARNING] - Timeout '0' is invalid. Using default page load timeout: '60'

2022-01-07 07:56:04 - [MESSAGE][PASSED] - Tapped on element 'Object Repository/Mobile/Page/Home/Menubar - Analysis'

2022-01-07 07:56:04 - [TEST_STEP][PASSED] - delay(1): Delayed 1 second(s)

2022-01-07 07:56:05 - [MESSAGE][PASSED] - Delayed 1 second(s)

2022-01-07 07:56:05 - [TEST_STEP][PASSED] - for ([i = 0, i < 1, (i++)]): Delayed 2 second(s)

2022-01-07 07:56:05 - [TEST_STEP][PASSED] - if (action == "technicalsearch"): Delayed 2 second(s)

2022-01-07 07:56:05 - [TEST_STEP][PASSED] - tap(ANAL_DropTechIndicator, 0): Tapped on element 'Object Repository/Mobile/Page/Analysis/Dropdown - Technical Indicator'

2022-01-07 07:56:05 - [MESSAGE][WARNING] - Timeout '0' is invalid. Using default page load timeout: '60'

2022-01-07 07:56:07 - [MESSAGE][PASSED] - Tapped on element 'Object Repository/Mobile/Page/Analysis/Dropdown - Technical Indicator'

2022-01-07 07:56:07 - [TEST_STEP][PASSED] - delay(1): Delayed 1 second(s)

2022-01-07 07:56:08 - [MESSAGE][PASSED] - Delayed 1 second(s)

2022-01-07 07:56:08 - [TEST_STEP][PASSED] - tap(ANAL_OptTechIndicatorAll, 0): Tapped on element 'Object Repository/Mobile/Page/Analysis/Option Technical Indicator - All'

2022-01-07 07:56:08 - [MESSAGE][WARNING] - Timeout '0' is invalid. Using default page load timeout: '60'

2022-01-07 07:56:09 - [MESSAGE][PASSED] - Tapped on element 'Object Repository/Mobile/Page/Analysis/Option Technical Indicator - All'

2022-01-07 07:56:09 - [TEST_STEP][PASSED] - delay(1): Delayed 1 second(s)

2022-01-07 07:56:10 - [MESSAGE][PASSED] - Delayed 1 second(s)

2022-01-07 07:56:10 - [TEST_STEP][PASSED] - tap(ANAL_DropMarketCap, 0): Tapped on element 'Object Repository/Mobile/Page/Analysis/Dropdown - Market Cap'

2022-01-07 07:56:10 - [MESSAGE][WARNING] - Timeout '0' is invalid. Using default page load timeout: '60'

2022-01-07 07:56:11 - [MESSAGE][PASSED] - Tapped on element 'Object Repository/Mobile/Page/Analysis/Dropdown - Market Cap'

2022-01-07 07:56:11 - [TEST_STEP][PASSED] - delay(1): Delayed 1 second(s)

2022-01-07 07:56:12 - [MESSAGE][PASSED] - Delayed 1 second(s)

2022-01-07 07:56:12 - [TEST_STEP][PASSED] - tap(ANAL_OptMarketCap1T, 0): Tapped on element 'Object Repository/Mobile/Page/Analysis/Option Market Cap - 1 Trillion'

2022-01-07 07:56:12 - [MESSAGE][WARNING] - Timeout '0' is invalid. Using default page load timeout: '60'

2022-01-07 07:56:13 - [MESSAGE][PASSED] - Tapped on element 'Object Repository/Mobile/Page/Analysis/Option Market Cap - 1 Trillion'

2022-01-07 07:56:13 - [TEST_STEP][PASSED] - delay(1): Delayed 1 second(s)

2022-01-07 07:56:14 - [MESSAGE][PASSED] - Delayed 1 second(s)

2022-01-07 07:56:14 - [TEST_STEP][PASSED] - tap(ANAL_DropTransaction, 0): Tapped on element 'Object Repository/Mobile/Page/Analysis/Dropdown - Transaction'

2022-01-07 07:56:14 - [MESSAGE][WARNING] - Timeout '0' is invalid. Using default page load timeout: '60'

2022-01-07 07:56:15 - [MESSAGE][PASSED] - Tapped on element 'Object Repository/Mobile/Page/Analysis/Dropdown - Transaction'

2022-01-07 07:56:15 - [TEST_STEP][PASSED] - delay(1): Delayed 1 second(s)

2022-01-07 07:56:16 - [MESSAGE][PASSED] - Delayed 1 second(s)

2022-01-07 07:56:16 - [TEST_STEP][PASSED] - tap(ANAL_OptTransaction1B, 0): Tapped on element 'Object Repository/Mobile/Page/Analysis/Option Transaction - 1 Billion'

2022-01-07 07:56:16 - [MESSAGE][WARNING] - Timeout '0' is invalid. Using default page load timeout: '60'

2022-01-07 07:56:17 - [MESSAGE][PASSED] - Tapped on element 'Object Repository/Mobile/Page/Analysis/Option Transaction - 1 Billion'

2022-01-07 07:56:17 - [TEST_STEP][PASSED] - delay(1): Delayed 1 second(s)

2022-01-07 07:56:18 - [MESSAGE][PASSED] - Delayed 1 second(s)

2022-01-07 07:56:18 - [TEST_STEP][PASSED] - tap(ANAL_DropTimeFrame, 0): Tapped on element 'Object Repository/Mobile/Page/Analysis/Dropdown - Time Frame'

2022-01-07 07:56:18 - [MESSAGE][WARNING] - Timeout '0' is invalid. Using default page load timeout: '60'

2022-01-07 07:56:18 - [MESSAGE][PASSED] - Tapped on element 'Object Repository/Mobile/Page/Analysis/Dropdown - Time Frame'

2022-01-07 07:56:18 - [TEST_STEP][PASSED] - delay(1): Delayed 1 second(s)

2022-01-07 07:56:19 - [MESSAGE][PASSED] - Delayed 1 second(s)

2022-01-07 07:56:19 - [TEST_STEP][PASSED] - tap(ANAL_OptTimeFrameDaily, 0): Tapped on element 'Object Repository/Mobile/Page/Analysis/Option Time Frame - Daily'

2022-01-07 07:56:19 - [MESSAGE][WARNING] - Timeout '0' is invalid. Using default page load timeout: '60'

2022-01-07 07:56:20 - [MESSAGE][PASSED] - Tapped on element 'Object Repository/Mobile/Page/Analysis/Option Time Frame - Daily'

2022-01-07 07:56:20 - [TEST_STEP][PASSED] - delay(1): Delayed 1 second(s)

2022-01-07 07:56:21 - [MESSAGE][PASSED] - Delayed 1 second(s)

2022-01-07 07:56:21 - [TEST_STEP][PASSED] - tap(ANAL_DropIndex, 0): Tapped on element 'Object Repository/Mobile/Page/Analysis/Dropdown - Index'

2022-01-07 07:56:21 - [MESSAGE][WARNING] - Timeout '0' is invalid. Using default page load timeout: '60'

2022-01-07 07:56:23 - [MESSAGE][PASSED] - Tapped on element 'Object Repository/Mobile/Page/Analysis/Dropdown - Index'

2022-01-07 07:56:23 - [TEST_STEP][PASSED] - delay(1): Delayed 1 second(s)

2022-01-07 07:56:24 - [MESSAGE][PASSED] - Delayed 1 second(s)

2022-01-07 07:56:24 - [TEST_STEP][PASSED] - tap(ANAL_OptIndexIdx30, 0): Tapped on element 'Object Repository/Mobile/Page/Analysis/Option Index - Idx30'

2022-01-07 07:56:24 - [MESSAGE][WARNING] - Timeout '0' is invalid. Using default page load timeout: '60'

2022-01-07 07:56:25 - [MESSAGE][PASSED] - Tapped on element 'Object Repository/Mobile/Page/Analysis/Option Index - Idx30'

2022-01-07 07:56:25 - [TEST_STEP][PASSED] - delay(2): Delayed 2 second(s)

2022-01-07 07:56:27 - [MESSAGE][PASSED] - Delayed 2 second(s)

2022-01-07 07:56:27 - [MESSAGE][PASSED] - Call Test Case 'Test Cases/Mobile/Page/Analysis/Analysis' successfully

2022-01-07 07:56:27 - [TEST_STEP][PASSED] - callTestCase(findTestCase("Mobile/Page/Run App/Terminate App"), [:], STOP_ON_FAILURE): Call Test Case 'Test Cases/Mobile/Page/Run App/Terminate App' successfully

2022-01-07 07:56:27 - [TEST_CASE][PASSED] - Test Cases/Mobile/Page/Run App/Terminate App: Test Cases/Mobile/Page/Run App/Terminate App

2022-01-07 07:56:28 - [TEST_STEP][PASSED] - startApp.OpenApp.terminateApplication(): startApp.OpenApp.terminateApplication is PASSED

2022-01-07 07:56:31 - [MESSAGE][PASSED] - Delayed 3 second(s)

2022-01-07 07:56:31 - [MESSAGE][PASSED] - Current device physical width is 720

2022-01-07 07:56:32 - [MESSAGE][PASSED] - Current device physical height is 1423

2022-01-07 07:56:33 - [MESSAGE][PASSED] - Swiped from 360,853 to 360,142

2022-01-07 07:56:34 - [MESSAGE][PASSED] - Delayed 1 second(s)

2022-01-07 07:56:35 - [MESSAGE][PASSED] - Swiped from 360,853 to 360,142

2022-01-07 07:56:38 - [MESSAGE][PASSED] - Delayed 3 second(s)

2022-01-07 07:56:38 - [MESSAGE][PASSED] - startApp.OpenApp.terminateApplication is PASSED

2022-01-07 07:56:38 - [MESSAGE][PASSED] - Call Test Case 'Test Cases/Mobile/Page/Run App/Terminate App' successfully]]></system-out>
         <system-err><![CDATA[]]></system-err>
      </testcase>
      <testcase name="Test Cases/Mobile/Scenario/Analysis/002 - Melihat detail stock kategori day" time="58.8" classname="Test Cases/Mobile/Scenario/Analysis/002 - Melihat detail stock kategori day" status="PASSED">
         <system-out><![CDATA[2022-01-07 07:56:38 - [TEST_CASE][PASSED] - Test Cases/Mobile/Scenario/Analysis/002 - Melihat detail stock kategori day: Test Cases/Mobile/Scenario/Analysis/002 - Melihat detail stock kategori day

2022-01-07 07:56:39 - [TEST_STEP][PASSED] - callTestCase(findTestCase("Mobile/Page/Run App/Run App byID"), [:], STOP_ON_FAILURE): Call Test Case 'Test Cases/Mobile/Page/Run App/Run App byID' successfully

2022-01-07 07:56:39 - [TEST_CASE][PASSED] - Test Cases/Mobile/Page/Run App/Run App byID: Test Cases/Mobile/Page/Run App/Run App byID

2022-01-07 07:56:39 - [TEST_STEP][PASSED] - startApp.OpenApp.startApplication("id.co.miraeasset.sageclub"): startApp.OpenApp.startApplication is PASSED

2022-01-07 07:56:53 - [MESSAGE][PASSED] - Starting app with application ID: 'id.co.miraeasset.sageclub'

2022-01-07 07:56:53 - [MESSAGE][PASSED] - startApp.OpenApp.startApplication is PASSED

2022-01-07 07:56:53 - [MESSAGE][PASSED] - Call Test Case 'Test Cases/Mobile/Page/Run App/Run App byID' successfully

2022-01-07 07:56:53 - [TEST_STEP][PASSED] - callTestCase(findTestCase("Mobile/Page/Analysis/Analysis"), ["action":"technicaldetail", "action2":"day"], CONTINUE_ON_FAILURE): Call Test Case 'Test Cases/Mobile/Page/Analysis/Analysis' successfully

2022-01-07 07:56:53 - [TEST_CASE][PASSED] - Test Cases/Mobile/Page/Analysis/Analysis: Test Cases/Mobile/Page/Analysis/Analysis

2022-01-07 07:56:53 - [TEST_STEP][PASSED] - callTestCase(findTestCase("Mobile/Page/CheckLogin"), [:], CONTINUE_ON_FAILURE): Call Test Case 'Test Cases/Mobile/Page/CheckLogin' successfully

2022-01-07 07:56:53 - [TEST_CASE][PASSED] - Test Cases/Mobile/Page/CheckLogin: Test Cases/Mobile/Page/CheckLogin

2022-01-07 07:56:53 - [TEST_STEP][PASSED] - loginCheck = verifyElementExist(LOGN_BtnLogin, 5, CONTINUE_ON_FAILURE): Element 'Object Repository/Mobile/Page/Login/Button - Login' is exist

2022-01-07 07:56:55 - [MESSAGE][PASSED] - Element 'Object Repository/Mobile/Page/Login/Button - Login' is exist

2022-01-07 07:56:55 - [TEST_STEP][PASSED] - if (loginCheck): Call Test Case 'Test Cases/Mobile/Page/Login/Login' successfully

2022-01-07 07:56:55 - [TEST_STEP][PASSED] - callTestCase(findTestCase("Mobile/Page/Login/Login"), ["action":"username"], CONTINUE_ON_FAILURE): Call Test Case 'Test Cases/Mobile/Page/Login/Login' successfully

2022-01-07 07:56:55 - [TEST_CASE][PASSED] - Test Cases/Mobile/Page/Login/Login: Test Cases/Mobile/Page/Login/Login

2022-01-07 07:56:55 - [TEST_STEP][PASSED] - delay(2): Delayed 2 second(s)

2022-01-07 07:56:57 - [MESSAGE][PASSED] - Delayed 2 second(s)

2022-01-07 07:56:57 - [TEST_STEP][PASSED] - for ([i = 0, i < 1, (i++)]): null

2022-01-07 07:56:57 - [TEST_STEP][PASSED] - if (action == "username"): null

2022-01-07 07:56:57 - [TEST_STEP][PASSED] - tap(LOGN_EdtUserID, 0): Tapped on element 'Object Repository/Mobile/Page/Login/Input - UserID'

2022-01-07 07:56:57 - [MESSAGE][WARNING] - Timeout '0' is invalid. Using default page load timeout: '60'

2022-01-07 07:56:58 - [MESSAGE][PASSED] - Tapped on element 'Object Repository/Mobile/Page/Login/Input - UserID'

2022-01-07 07:56:58 - [TEST_STEP][PASSED] - delay(1): Delayed 1 second(s)

2022-01-07 07:56:59 - [MESSAGE][PASSED] - Delayed 1 second(s)

2022-01-07 07:56:59 - [TEST_STEP][PASSED] - setText(LOGN_EdtRdyUserID, "anggaaditya", 0): Text 'anggaaditya' has been set to element 'Object Repository/Mobile/Page/Login/Input Rdy - UserID'

2022-01-07 07:56:59 - [MESSAGE][WARNING] - Timeout '0' is invalid. Using default page load timeout: '60'

2022-01-07 07:57:00 - [MESSAGE][PASSED] - Text 'anggaaditya' has been set to element 'Object Repository/Mobile/Page/Login/Input Rdy - UserID'

2022-01-07 07:57:00 - [TEST_STEP][PASSED] - delay(1): Delayed 1 second(s)

2022-01-07 07:57:01 - [MESSAGE][PASSED] - Delayed 1 second(s)

2022-01-07 07:57:01 - [TEST_STEP][PASSED] - hideKeyboard(): Keyboard is hidden

2022-01-07 07:57:05 - [MESSAGE][PASSED] - Keyboard is hidden

2022-01-07 07:57:05 - [TEST_STEP][PASSED] - tap(LOGN_EdtPassword, 0): Tapped on element 'Object Repository/Mobile/Page/Login/Input - Password'

2022-01-07 07:57:05 - [MESSAGE][WARNING] - Timeout '0' is invalid. Using default page load timeout: '60'

2022-01-07 07:57:06 - [MESSAGE][PASSED] - Tapped on element 'Object Repository/Mobile/Page/Login/Input - Password'

2022-01-07 07:57:06 - [TEST_STEP][PASSED] - delay(1): Delayed 1 second(s)

2022-01-07 07:57:07 - [MESSAGE][PASSED] - Delayed 1 second(s)

2022-01-07 07:57:07 - [TEST_STEP][PASSED] - setText(LOGN_EdtRdyPassword, "Shalawa18", 0): Text 'Shalawa18' has been set to element 'Object Repository/Mobile/Page/Login/Input Rdy - Password'

2022-01-07 07:57:07 - [MESSAGE][WARNING] - Timeout '0' is invalid. Using default page load timeout: '60'

2022-01-07 07:57:07 - [MESSAGE][PASSED] - Text 'Shalawa18' has been set to element 'Object Repository/Mobile/Page/Login/Input Rdy - Password'

2022-01-07 07:57:07 - [TEST_STEP][PASSED] - delay(1): Delayed 1 second(s)

2022-01-07 07:57:08 - [MESSAGE][PASSED] - Delayed 1 second(s)

2022-01-07 07:57:08 - [TEST_STEP][PASSED] - hideKeyboard(): Keyboard is hidden

2022-01-07 07:57:15 - [MESSAGE][PASSED] - Keyboard is hidden

2022-01-07 07:57:15 - [TEST_STEP][PASSED] - tap(LOGN_BtnLogin, 0): Tapped on element 'Object Repository/Mobile/Page/Login/Button - Login'

2022-01-07 07:57:15 - [MESSAGE][WARNING] - Timeout '0' is invalid. Using default page load timeout: '60'

2022-01-07 07:57:16 - [MESSAGE][PASSED] - Tapped on element 'Object Repository/Mobile/Page/Login/Button - Login'

2022-01-07 07:57:16 - [TEST_STEP][PASSED] - delay(2): Delayed 2 second(s)

2022-01-07 07:57:18 - [MESSAGE][PASSED] - Delayed 2 second(s)

2022-01-07 07:57:18 - [TEST_STEP][PASSED] - break: null

2022-01-07 07:57:18 - [MESSAGE][PASSED] - Call Test Case 'Test Cases/Mobile/Page/Login/Login' successfully

2022-01-07 07:57:18 - [MESSAGE][PASSED] - Call Test Case 'Test Cases/Mobile/Page/CheckLogin' successfully

2022-01-07 07:57:18 - [TEST_STEP][PASSED] - tap(HOME_MenubarAnalysis, 0): Tapped on element 'Object Repository/Mobile/Page/Home/Menubar - Analysis'

2022-01-07 07:57:18 - [MESSAGE][WARNING] - Timeout '0' is invalid. Using default page load timeout: '60'

2022-01-07 07:57:19 - [MESSAGE][PASSED] - Tapped on element 'Object Repository/Mobile/Page/Home/Menubar - Analysis'

2022-01-07 07:57:19 - [TEST_STEP][PASSED] - delay(1): Delayed 1 second(s)

2022-01-07 07:57:20 - [MESSAGE][PASSED] - Delayed 1 second(s)

2022-01-07 07:57:20 - [TEST_STEP][PASSED] - for ([i = 0, i < 1, (i++)]): Delayed 2 second(s)

2022-01-07 07:57:20 - [TEST_STEP][PASSED] - if (action == "technicalsearch"): null

2022-01-07 07:57:20 - [TEST_STEP][PASSED] - else if (action == "technicaldetail"): Delayed 2 second(s)

2022-01-07 07:57:20 - [TEST_STEP][PASSED] - tap(ANAL_ItemTopResultTech, 0): Tapped on element 'Object Repository/Mobile/Page/Analysis/Item - Top Technical'

2022-01-07 07:57:20 - [MESSAGE][WARNING] - Timeout '0' is invalid. Using default page load timeout: '60'

2022-01-07 07:57:20 - [MESSAGE][PASSED] - Tapped on element 'Object Repository/Mobile/Page/Analysis/Item - Top Technical'

2022-01-07 07:57:20 - [TEST_STEP][PASSED] - delay(3): Delayed 3 second(s)

2022-01-07 07:57:23 - [MESSAGE][PASSED] - Delayed 3 second(s)

2022-01-07 07:57:23 - [TEST_STEP][PASSED] - switch (action2): null

2022-01-07 07:57:23 - [TEST_STEP][PASSED] - case "day":: null

2022-01-07 07:57:23 - [TEST_STEP][PASSED] - tap(ANAL_DETL_BtnD, 0): Tapped on element 'Object Repository/Mobile/Page/Analysis/Detail/Button - D'

2022-01-07 07:57:23 - [MESSAGE][WARNING] - Timeout '0' is invalid. Using default page load timeout: '60'

2022-01-07 07:57:25 - [MESSAGE][PASSED] - Tapped on element 'Object Repository/Mobile/Page/Analysis/Detail/Button - D'

2022-01-07 07:57:25 - [TEST_STEP][PASSED] - break: null

2022-01-07 07:57:25 - [TEST_STEP][PASSED] - delay(2): Delayed 2 second(s)

2022-01-07 07:57:27 - [MESSAGE][PASSED] - Delayed 2 second(s)

2022-01-07 07:57:27 - [MESSAGE][PASSED] - Call Test Case 'Test Cases/Mobile/Page/Analysis/Analysis' successfully

2022-01-07 07:57:27 - [TEST_STEP][PASSED] - callTestCase(findTestCase("Mobile/Page/Run App/Terminate App"), [:], STOP_ON_FAILURE): Call Test Case 'Test Cases/Mobile/Page/Run App/Terminate App' successfully

2022-01-07 07:57:27 - [TEST_CASE][PASSED] - Test Cases/Mobile/Page/Run App/Terminate App: Test Cases/Mobile/Page/Run App/Terminate App

2022-01-07 07:57:27 - [TEST_STEP][PASSED] - startApp.OpenApp.terminateApplication(): startApp.OpenApp.terminateApplication is PASSED

2022-01-07 07:57:30 - [MESSAGE][PASSED] - Delayed 3 second(s)

2022-01-07 07:57:30 - [MESSAGE][PASSED] - Current device physical width is 720

2022-01-07 07:57:30 - [MESSAGE][PASSED] - Current device physical height is 1423

2022-01-07 07:57:32 - [MESSAGE][PASSED] - Swiped from 360,853 to 360,142

2022-01-07 07:57:33 - [MESSAGE][PASSED] - Delayed 1 second(s)

2022-01-07 07:57:34 - [MESSAGE][PASSED] - Swiped from 360,853 to 360,142

2022-01-07 07:57:37 - [MESSAGE][PASSED] - Delayed 3 second(s)

2022-01-07 07:57:37 - [MESSAGE][PASSED] - startApp.OpenApp.terminateApplication is PASSED

2022-01-07 07:57:37 - [MESSAGE][PASSED] - Call Test Case 'Test Cases/Mobile/Page/Run App/Terminate App' successfully]]></system-out>
         <system-err><![CDATA[]]></system-err>
      </testcase>
      <testcase name="Test Cases/Mobile/Scenario/Analysis/003 - Melihat detail stock kategori week" time="57.745" classname="Test Cases/Mobile/Scenario/Analysis/003 - Melihat detail stock kategori week" status="PASSED">
         <system-out><![CDATA[2022-01-07 07:57:37 - [TEST_CASE][PASSED] - Test Cases/Mobile/Scenario/Analysis/003 - Melihat detail stock kategori week: Test Cases/Mobile/Scenario/Analysis/003 - Melihat detail stock kategori week

2022-01-07 07:57:38 - [TEST_STEP][PASSED] - callTestCase(findTestCase("Mobile/Page/Run App/Run App byID"), [:], STOP_ON_FAILURE): Call Test Case 'Test Cases/Mobile/Page/Run App/Run App byID' successfully

2022-01-07 07:57:38 - [TEST_CASE][PASSED] - Test Cases/Mobile/Page/Run App/Run App byID: Test Cases/Mobile/Page/Run App/Run App byID

2022-01-07 07:57:38 - [TEST_STEP][PASSED] - startApp.OpenApp.startApplication("id.co.miraeasset.sageclub"): startApp.OpenApp.startApplication is PASSED

2022-01-07 07:57:51 - [MESSAGE][PASSED] - Starting app with application ID: 'id.co.miraeasset.sageclub'

2022-01-07 07:57:51 - [MESSAGE][PASSED] - startApp.OpenApp.startApplication is PASSED

2022-01-07 07:57:51 - [MESSAGE][PASSED] - Call Test Case 'Test Cases/Mobile/Page/Run App/Run App byID' successfully

2022-01-07 07:57:51 - [TEST_STEP][PASSED] - callTestCase(findTestCase("Mobile/Page/Analysis/Analysis"), ["action":"technicaldetail", "action2":"week"], CONTINUE_ON_FAILURE): Call Test Case 'Test Cases/Mobile/Page/Analysis/Analysis' successfully

2022-01-07 07:57:51 - [TEST_CASE][PASSED] - Test Cases/Mobile/Page/Analysis/Analysis: Test Cases/Mobile/Page/Analysis/Analysis

2022-01-07 07:57:51 - [TEST_STEP][PASSED] - callTestCase(findTestCase("Mobile/Page/CheckLogin"), [:], CONTINUE_ON_FAILURE): Call Test Case 'Test Cases/Mobile/Page/CheckLogin' successfully

2022-01-07 07:57:51 - [TEST_CASE][PASSED] - Test Cases/Mobile/Page/CheckLogin: Test Cases/Mobile/Page/CheckLogin

2022-01-07 07:57:51 - [TEST_STEP][PASSED] - loginCheck = verifyElementExist(LOGN_BtnLogin, 5, CONTINUE_ON_FAILURE): Element 'Object Repository/Mobile/Page/Login/Button - Login' is exist

2022-01-07 07:57:53 - [MESSAGE][PASSED] - Element 'Object Repository/Mobile/Page/Login/Button - Login' is exist

2022-01-07 07:57:53 - [TEST_STEP][PASSED] - if (loginCheck): Call Test Case 'Test Cases/Mobile/Page/Login/Login' successfully

2022-01-07 07:57:53 - [TEST_STEP][PASSED] - callTestCase(findTestCase("Mobile/Page/Login/Login"), ["action":"username"], CONTINUE_ON_FAILURE): Call Test Case 'Test Cases/Mobile/Page/Login/Login' successfully

2022-01-07 07:57:53 - [TEST_CASE][PASSED] - Test Cases/Mobile/Page/Login/Login: Test Cases/Mobile/Page/Login/Login

2022-01-07 07:57:54 - [TEST_STEP][PASSED] - delay(2): Delayed 2 second(s)

2022-01-07 07:57:56 - [MESSAGE][PASSED] - Delayed 2 second(s)

2022-01-07 07:57:56 - [TEST_STEP][PASSED] - for ([i = 0, i < 1, (i++)]): null

2022-01-07 07:57:56 - [TEST_STEP][PASSED] - if (action == "username"): null

2022-01-07 07:57:56 - [TEST_STEP][PASSED] - tap(LOGN_EdtUserID, 0): Tapped on element 'Object Repository/Mobile/Page/Login/Input - UserID'

2022-01-07 07:57:56 - [MESSAGE][WARNING] - Timeout '0' is invalid. Using default page load timeout: '60'

2022-01-07 07:57:56 - [MESSAGE][PASSED] - Tapped on element 'Object Repository/Mobile/Page/Login/Input - UserID'

2022-01-07 07:57:56 - [TEST_STEP][PASSED] - delay(1): Delayed 1 second(s)

2022-01-07 07:57:57 - [MESSAGE][PASSED] - Delayed 1 second(s)

2022-01-07 07:57:57 - [TEST_STEP][PASSED] - setText(LOGN_EdtRdyUserID, "anggaaditya", 0): Text 'anggaaditya' has been set to element 'Object Repository/Mobile/Page/Login/Input Rdy - UserID'

2022-01-07 07:57:57 - [MESSAGE][WARNING] - Timeout '0' is invalid. Using default page load timeout: '60'

2022-01-07 07:57:58 - [MESSAGE][PASSED] - Text 'anggaaditya' has been set to element 'Object Repository/Mobile/Page/Login/Input Rdy - UserID'

2022-01-07 07:57:58 - [TEST_STEP][PASSED] - delay(1): Delayed 1 second(s)

2022-01-07 07:57:59 - [MESSAGE][PASSED] - Delayed 1 second(s)

2022-01-07 07:57:59 - [TEST_STEP][PASSED] - hideKeyboard(): Keyboard is hidden

2022-01-07 07:58:03 - [MESSAGE][PASSED] - Keyboard is hidden

2022-01-07 07:58:03 - [TEST_STEP][PASSED] - tap(LOGN_EdtPassword, 0): Tapped on element 'Object Repository/Mobile/Page/Login/Input - Password'

2022-01-07 07:58:03 - [MESSAGE][WARNING] - Timeout '0' is invalid. Using default page load timeout: '60'

2022-01-07 07:58:03 - [MESSAGE][PASSED] - Tapped on element 'Object Repository/Mobile/Page/Login/Input - Password'

2022-01-07 07:58:03 - [TEST_STEP][PASSED] - delay(1): Delayed 1 second(s)

2022-01-07 07:58:04 - [MESSAGE][PASSED] - Delayed 1 second(s)

2022-01-07 07:58:04 - [TEST_STEP][PASSED] - setText(LOGN_EdtRdyPassword, "Shalawa18", 0): Text 'Shalawa18' has been set to element 'Object Repository/Mobile/Page/Login/Input Rdy - Password'

2022-01-07 07:58:04 - [MESSAGE][WARNING] - Timeout '0' is invalid. Using default page load timeout: '60'

2022-01-07 07:58:05 - [MESSAGE][PASSED] - Text 'Shalawa18' has been set to element 'Object Repository/Mobile/Page/Login/Input Rdy - Password'

2022-01-07 07:58:05 - [TEST_STEP][PASSED] - delay(1): Delayed 1 second(s)

2022-01-07 07:58:06 - [MESSAGE][PASSED] - Delayed 1 second(s)

2022-01-07 07:58:06 - [TEST_STEP][PASSED] - hideKeyboard(): Keyboard is hidden

2022-01-07 07:58:12 - [MESSAGE][PASSED] - Keyboard is hidden

2022-01-07 07:58:12 - [TEST_STEP][PASSED] - tap(LOGN_BtnLogin, 0): Tapped on element 'Object Repository/Mobile/Page/Login/Button - Login'

2022-01-07 07:58:12 - [MESSAGE][WARNING] - Timeout '0' is invalid. Using default page load timeout: '60'

2022-01-07 07:58:13 - [MESSAGE][PASSED] - Tapped on element 'Object Repository/Mobile/Page/Login/Button - Login'

2022-01-07 07:58:13 - [TEST_STEP][PASSED] - delay(2): Delayed 2 second(s)

2022-01-07 07:58:15 - [MESSAGE][PASSED] - Delayed 2 second(s)

2022-01-07 07:58:15 - [TEST_STEP][PASSED] - break: null

2022-01-07 07:58:15 - [MESSAGE][PASSED] - Call Test Case 'Test Cases/Mobile/Page/Login/Login' successfully

2022-01-07 07:58:15 - [MESSAGE][PASSED] - Call Test Case 'Test Cases/Mobile/Page/CheckLogin' successfully

2022-01-07 07:58:15 - [TEST_STEP][PASSED] - tap(HOME_MenubarAnalysis, 0): Tapped on element 'Object Repository/Mobile/Page/Home/Menubar - Analysis'

2022-01-07 07:58:15 - [MESSAGE][WARNING] - Timeout '0' is invalid. Using default page load timeout: '60'

2022-01-07 07:58:17 - [MESSAGE][PASSED] - Tapped on element 'Object Repository/Mobile/Page/Home/Menubar - Analysis'

2022-01-07 07:58:17 - [TEST_STEP][PASSED] - delay(1): Delayed 1 second(s)

2022-01-07 07:58:18 - [MESSAGE][PASSED] - Delayed 1 second(s)

2022-01-07 07:58:18 - [TEST_STEP][PASSED] - for ([i = 0, i < 1, (i++)]): Delayed 2 second(s)

2022-01-07 07:58:18 - [TEST_STEP][PASSED] - if (action == "technicalsearch"): null

2022-01-07 07:58:18 - [TEST_STEP][PASSED] - else if (action == "technicaldetail"): Delayed 2 second(s)

2022-01-07 07:58:18 - [TEST_STEP][PASSED] - tap(ANAL_ItemTopResultTech, 0): Tapped on element 'Object Repository/Mobile/Page/Analysis/Item - Top Technical'

2022-01-07 07:58:18 - [MESSAGE][WARNING] - Timeout '0' is invalid. Using default page load timeout: '60'

2022-01-07 07:58:19 - [MESSAGE][PASSED] - Tapped on element 'Object Repository/Mobile/Page/Analysis/Item - Top Technical'

2022-01-07 07:58:19 - [TEST_STEP][PASSED] - delay(3): Delayed 3 second(s)

2022-01-07 07:58:22 - [MESSAGE][PASSED] - Delayed 3 second(s)

2022-01-07 07:58:22 - [TEST_STEP][PASSED] - switch (action2): null

2022-01-07 07:58:22 - [TEST_STEP][PASSED] - case "week":: null

2022-01-07 07:58:22 - [TEST_STEP][PASSED] - tap(ANAL_DETL_BtnW, 0): Tapped on element 'Object Repository/Mobile/Page/Analysis/Detail/Button - W'

2022-01-07 07:58:22 - [MESSAGE][WARNING] - Timeout '0' is invalid. Using default page load timeout: '60'

2022-01-07 07:58:22 - [MESSAGE][PASSED] - Tapped on element 'Object Repository/Mobile/Page/Analysis/Detail/Button - W'

2022-01-07 07:58:22 - [TEST_STEP][PASSED] - break: null

2022-01-07 07:58:22 - [TEST_STEP][PASSED] - delay(2): Delayed 2 second(s)

2022-01-07 07:58:24 - [MESSAGE][PASSED] - Delayed 2 second(s)

2022-01-07 07:58:24 - [MESSAGE][PASSED] - Call Test Case 'Test Cases/Mobile/Page/Analysis/Analysis' successfully

2022-01-07 07:58:24 - [TEST_STEP][PASSED] - callTestCase(findTestCase("Mobile/Page/Run App/Terminate App"), [:], STOP_ON_FAILURE): Call Test Case 'Test Cases/Mobile/Page/Run App/Terminate App' successfully

2022-01-07 07:58:25 - [TEST_CASE][PASSED] - Test Cases/Mobile/Page/Run App/Terminate App: Test Cases/Mobile/Page/Run App/Terminate App

2022-01-07 07:58:25 - [TEST_STEP][PASSED] - startApp.OpenApp.terminateApplication(): startApp.OpenApp.terminateApplication is PASSED

2022-01-07 07:58:28 - [MESSAGE][PASSED] - Delayed 3 second(s)

2022-01-07 07:58:28 - [MESSAGE][PASSED] - Current device physical width is 720

2022-01-07 07:58:28 - [MESSAGE][PASSED] - Current device physical height is 1423

2022-01-07 07:58:29 - [MESSAGE][PASSED] - Swiped from 360,853 to 360,142

2022-01-07 07:58:31 - [MESSAGE][PASSED] - Delayed 1 second(s)

2022-01-07 07:58:32 - [MESSAGE][PASSED] - Swiped from 360,853 to 360,142

2022-01-07 07:58:35 - [MESSAGE][PASSED] - Delayed 3 second(s)

2022-01-07 07:58:35 - [MESSAGE][PASSED] - startApp.OpenApp.terminateApplication is PASSED

2022-01-07 07:58:35 - [MESSAGE][PASSED] - Call Test Case 'Test Cases/Mobile/Page/Run App/Terminate App' successfully]]></system-out>
         <system-err><![CDATA[]]></system-err>
      </testcase>
      <testcase name="Test Cases/Mobile/Scenario/Analysis/004 - Melihat detail stock kategori month" time="57.524" classname="Test Cases/Mobile/Scenario/Analysis/004 - Melihat detail stock kategori month" status="PASSED">
         <system-out><![CDATA[2022-01-07 07:58:35 - [TEST_CASE][PASSED] - Test Cases/Mobile/Scenario/Analysis/004 - Melihat detail stock kategori month: Test Cases/Mobile/Scenario/Analysis/004 - Melihat detail stock kategori month

2022-01-07 07:58:36 - [TEST_STEP][PASSED] - callTestCase(findTestCase("Mobile/Page/Run App/Run App byID"), [:], STOP_ON_FAILURE): Call Test Case 'Test Cases/Mobile/Page/Run App/Run App byID' successfully

2022-01-07 07:58:36 - [TEST_CASE][PASSED] - Test Cases/Mobile/Page/Run App/Run App byID: Test Cases/Mobile/Page/Run App/Run App byID

2022-01-07 07:58:36 - [TEST_STEP][PASSED] - startApp.OpenApp.startApplication("id.co.miraeasset.sageclub"): startApp.OpenApp.startApplication is PASSED

2022-01-07 07:58:49 - [MESSAGE][PASSED] - Starting app with application ID: 'id.co.miraeasset.sageclub'

2022-01-07 07:58:49 - [MESSAGE][PASSED] - startApp.OpenApp.startApplication is PASSED

2022-01-07 07:58:49 - [MESSAGE][PASSED] - Call Test Case 'Test Cases/Mobile/Page/Run App/Run App byID' successfully

2022-01-07 07:58:49 - [TEST_STEP][PASSED] - callTestCase(findTestCase("Mobile/Page/Analysis/Analysis"), ["action":"technicaldetail", "action2":"month"], CONTINUE_ON_FAILURE): Call Test Case 'Test Cases/Mobile/Page/Analysis/Analysis' successfully

2022-01-07 07:58:49 - [TEST_CASE][PASSED] - Test Cases/Mobile/Page/Analysis/Analysis: Test Cases/Mobile/Page/Analysis/Analysis

2022-01-07 07:58:49 - [TEST_STEP][PASSED] - callTestCase(findTestCase("Mobile/Page/CheckLogin"), [:], CONTINUE_ON_FAILURE): Call Test Case 'Test Cases/Mobile/Page/CheckLogin' successfully

2022-01-07 07:58:49 - [TEST_CASE][PASSED] - Test Cases/Mobile/Page/CheckLogin: Test Cases/Mobile/Page/CheckLogin

2022-01-07 07:58:49 - [TEST_STEP][PASSED] - loginCheck = verifyElementExist(LOGN_BtnLogin, 5, CONTINUE_ON_FAILURE): Element 'Object Repository/Mobile/Page/Login/Button - Login' is exist

2022-01-07 07:58:51 - [MESSAGE][PASSED] - Element 'Object Repository/Mobile/Page/Login/Button - Login' is exist

2022-01-07 07:58:51 - [TEST_STEP][PASSED] - if (loginCheck): Call Test Case 'Test Cases/Mobile/Page/Login/Login' successfully

2022-01-07 07:58:51 - [TEST_STEP][PASSED] - callTestCase(findTestCase("Mobile/Page/Login/Login"), ["action":"username"], CONTINUE_ON_FAILURE): Call Test Case 'Test Cases/Mobile/Page/Login/Login' successfully

2022-01-07 07:58:51 - [TEST_CASE][PASSED] - Test Cases/Mobile/Page/Login/Login: Test Cases/Mobile/Page/Login/Login

2022-01-07 07:58:51 - [TEST_STEP][PASSED] - delay(2): Delayed 2 second(s)

2022-01-07 07:58:53 - [MESSAGE][PASSED] - Delayed 2 second(s)

2022-01-07 07:58:53 - [TEST_STEP][PASSED] - for ([i = 0, i < 1, (i++)]): null

2022-01-07 07:58:53 - [TEST_STEP][PASSED] - if (action == "username"): null

2022-01-07 07:58:53 - [TEST_STEP][PASSED] - tap(LOGN_EdtUserID, 0): Tapped on element 'Object Repository/Mobile/Page/Login/Input - UserID'

2022-01-07 07:58:53 - [MESSAGE][WARNING] - Timeout '0' is invalid. Using default page load timeout: '60'

2022-01-07 07:58:54 - [MESSAGE][PASSED] - Tapped on element 'Object Repository/Mobile/Page/Login/Input - UserID'

2022-01-07 07:58:54 - [TEST_STEP][PASSED] - delay(1): Delayed 1 second(s)

2022-01-07 07:58:55 - [MESSAGE][PASSED] - Delayed 1 second(s)

2022-01-07 07:58:55 - [TEST_STEP][PASSED] - setText(LOGN_EdtRdyUserID, "anggaaditya", 0): Text 'anggaaditya' has been set to element 'Object Repository/Mobile/Page/Login/Input Rdy - UserID'

2022-01-07 07:58:55 - [MESSAGE][WARNING] - Timeout '0' is invalid. Using default page load timeout: '60'

2022-01-07 07:58:55 - [MESSAGE][PASSED] - Text 'anggaaditya' has been set to element 'Object Repository/Mobile/Page/Login/Input Rdy - UserID'

2022-01-07 07:58:55 - [TEST_STEP][PASSED] - delay(1): Delayed 1 second(s)

2022-01-07 07:58:56 - [MESSAGE][PASSED] - Delayed 1 second(s)

2022-01-07 07:58:56 - [TEST_STEP][PASSED] - hideKeyboard(): Keyboard is hidden

2022-01-07 07:59:00 - [MESSAGE][PASSED] - Keyboard is hidden

2022-01-07 07:59:00 - [TEST_STEP][PASSED] - tap(LOGN_EdtPassword, 0): Tapped on element 'Object Repository/Mobile/Page/Login/Input - Password'

2022-01-07 07:59:00 - [MESSAGE][WARNING] - Timeout '0' is invalid. Using default page load timeout: '60'

2022-01-07 07:59:01 - [MESSAGE][PASSED] - Tapped on element 'Object Repository/Mobile/Page/Login/Input - Password'

2022-01-07 07:59:01 - [TEST_STEP][PASSED] - delay(1): Delayed 1 second(s)

2022-01-07 07:59:02 - [MESSAGE][PASSED] - Delayed 1 second(s)

2022-01-07 07:59:02 - [TEST_STEP][PASSED] - setText(LOGN_EdtRdyPassword, "Shalawa18", 0): Text 'Shalawa18' has been set to element 'Object Repository/Mobile/Page/Login/Input Rdy - Password'

2022-01-07 07:59:02 - [MESSAGE][WARNING] - Timeout '0' is invalid. Using default page load timeout: '60'

2022-01-07 07:59:02 - [MESSAGE][PASSED] - Text 'Shalawa18' has been set to element 'Object Repository/Mobile/Page/Login/Input Rdy - Password'

2022-01-07 07:59:02 - [TEST_STEP][PASSED] - delay(1): Delayed 1 second(s)

2022-01-07 07:59:03 - [MESSAGE][PASSED] - Delayed 1 second(s)

2022-01-07 07:59:03 - [TEST_STEP][PASSED] - hideKeyboard(): Keyboard is hidden

2022-01-07 07:59:10 - [MESSAGE][PASSED] - Keyboard is hidden

2022-01-07 07:59:10 - [TEST_STEP][PASSED] - tap(LOGN_BtnLogin, 0): Tapped on element 'Object Repository/Mobile/Page/Login/Button - Login'

2022-01-07 07:59:10 - [MESSAGE][WARNING] - Timeout '0' is invalid. Using default page load timeout: '60'

2022-01-07 07:59:11 - [MESSAGE][PASSED] - Tapped on element 'Object Repository/Mobile/Page/Login/Button - Login'

2022-01-07 07:59:11 - [TEST_STEP][PASSED] - delay(2): Delayed 2 second(s)

2022-01-07 07:59:13 - [MESSAGE][PASSED] - Delayed 2 second(s)

2022-01-07 07:59:13 - [TEST_STEP][PASSED] - break: null

2022-01-07 07:59:13 - [MESSAGE][PASSED] - Call Test Case 'Test Cases/Mobile/Page/Login/Login' successfully

2022-01-07 07:59:13 - [MESSAGE][PASSED] - Call Test Case 'Test Cases/Mobile/Page/CheckLogin' successfully

2022-01-07 07:59:13 - [TEST_STEP][PASSED] - tap(HOME_MenubarAnalysis, 0): Tapped on element 'Object Repository/Mobile/Page/Home/Menubar - Analysis'

2022-01-07 07:59:13 - [MESSAGE][WARNING] - Timeout '0' is invalid. Using default page load timeout: '60'

2022-01-07 07:59:14 - [MESSAGE][PASSED] - Tapped on element 'Object Repository/Mobile/Page/Home/Menubar - Analysis'

2022-01-07 07:59:14 - [TEST_STEP][PASSED] - delay(1): Delayed 1 second(s)

2022-01-07 07:59:15 - [MESSAGE][PASSED] - Delayed 1 second(s)

2022-01-07 07:59:15 - [TEST_STEP][PASSED] - for ([i = 0, i < 1, (i++)]): Delayed 2 second(s)

2022-01-07 07:59:15 - [TEST_STEP][PASSED] - if (action == "technicalsearch"): null

2022-01-07 07:59:15 - [TEST_STEP][PASSED] - else if (action == "technicaldetail"): Delayed 2 second(s)

2022-01-07 07:59:15 - [TEST_STEP][PASSED] - tap(ANAL_ItemTopResultTech, 0): Tapped on element 'Object Repository/Mobile/Page/Analysis/Item - Top Technical'

2022-01-07 07:59:15 - [MESSAGE][WARNING] - Timeout '0' is invalid. Using default page load timeout: '60'

2022-01-07 07:59:16 - [MESSAGE][PASSED] - Tapped on element 'Object Repository/Mobile/Page/Analysis/Item - Top Technical'

2022-01-07 07:59:16 - [TEST_STEP][PASSED] - delay(3): Delayed 3 second(s)

2022-01-07 07:59:19 - [MESSAGE][PASSED] - Delayed 3 second(s)

2022-01-07 07:59:19 - [TEST_STEP][PASSED] - switch (action2): null

2022-01-07 07:59:19 - [TEST_STEP][PASSED] - case "month":: null

2022-01-07 07:59:19 - [TEST_STEP][PASSED] - tap(ANAL_DETL_BtnM, 0): Tapped on element 'Object Repository/Mobile/Page/Analysis/Detail/Button - M'

2022-01-07 07:59:19 - [MESSAGE][WARNING] - Timeout '0' is invalid. Using default page load timeout: '60'

2022-01-07 07:59:20 - [MESSAGE][PASSED] - Tapped on element 'Object Repository/Mobile/Page/Analysis/Detail/Button - M'

2022-01-07 07:59:20 - [TEST_STEP][PASSED] - break: null

2022-01-07 07:59:20 - [TEST_STEP][PASSED] - delay(2): Delayed 2 second(s)

2022-01-07 07:59:22 - [MESSAGE][PASSED] - Delayed 2 second(s)

2022-01-07 07:59:22 - [MESSAGE][PASSED] - Call Test Case 'Test Cases/Mobile/Page/Analysis/Analysis' successfully

2022-01-07 07:59:22 - [TEST_STEP][PASSED] - callTestCase(findTestCase("Mobile/Page/Run App/Terminate App"), [:], STOP_ON_FAILURE): Call Test Case 'Test Cases/Mobile/Page/Run App/Terminate App' successfully

2022-01-07 07:59:22 - [TEST_CASE][PASSED] - Test Cases/Mobile/Page/Run App/Terminate App: Test Cases/Mobile/Page/Run App/Terminate App

2022-01-07 07:59:22 - [TEST_STEP][PASSED] - startApp.OpenApp.terminateApplication(): startApp.OpenApp.terminateApplication is PASSED

2022-01-07 07:59:25 - [MESSAGE][PASSED] - Delayed 3 second(s)

2022-01-07 07:59:25 - [MESSAGE][PASSED] - Current device physical width is 720

2022-01-07 07:59:26 - [MESSAGE][PASSED] - Current device physical height is 1423

2022-01-07 07:59:27 - [MESSAGE][PASSED] - Swiped from 360,853 to 360,142

2022-01-07 07:59:28 - [MESSAGE][PASSED] - Delayed 1 second(s)

2022-01-07 07:59:29 - [MESSAGE][PASSED] - Swiped from 360,853 to 360,142

2022-01-07 07:59:32 - [MESSAGE][PASSED] - Delayed 3 second(s)

2022-01-07 07:59:32 - [MESSAGE][PASSED] - startApp.OpenApp.terminateApplication is PASSED

2022-01-07 07:59:32 - [MESSAGE][PASSED] - Call Test Case 'Test Cases/Mobile/Page/Run App/Terminate App' successfully]]></system-out>
         <system-err><![CDATA[]]></system-err>
      </testcase>
      <testcase name="Test Cases/Mobile/Scenario/Analysis/005 - Melihat detail stock kategori year" time="59.815" classname="Test Cases/Mobile/Scenario/Analysis/005 - Melihat detail stock kategori year" status="PASSED">
         <system-out><![CDATA[2022-01-07 07:59:32 - [TEST_CASE][PASSED] - Test Cases/Mobile/Scenario/Analysis/005 - Melihat detail stock kategori year: Test Cases/Mobile/Scenario/Analysis/005 - Melihat detail stock kategori year

2022-01-07 07:59:33 - [TEST_STEP][PASSED] - callTestCase(findTestCase("Mobile/Page/Run App/Run App byID"), [:], STOP_ON_FAILURE): Call Test Case 'Test Cases/Mobile/Page/Run App/Run App byID' successfully

2022-01-07 07:59:33 - [TEST_CASE][PASSED] - Test Cases/Mobile/Page/Run App/Run App byID: Test Cases/Mobile/Page/Run App/Run App byID

2022-01-07 07:59:33 - [TEST_STEP][PASSED] - startApp.OpenApp.startApplication("id.co.miraeasset.sageclub"): startApp.OpenApp.startApplication is PASSED

2022-01-07 07:59:46 - [MESSAGE][PASSED] - Starting app with application ID: 'id.co.miraeasset.sageclub'

2022-01-07 07:59:47 - [MESSAGE][PASSED] - startApp.OpenApp.startApplication is PASSED

2022-01-07 07:59:47 - [MESSAGE][PASSED] - Call Test Case 'Test Cases/Mobile/Page/Run App/Run App byID' successfully

2022-01-07 07:59:47 - [TEST_STEP][PASSED] - callTestCase(findTestCase("Mobile/Page/Analysis/Analysis"), ["action":"technicaldetail", "action2":"year"], CONTINUE_ON_FAILURE): Call Test Case 'Test Cases/Mobile/Page/Analysis/Analysis' successfully

2022-01-07 07:59:47 - [TEST_CASE][PASSED] - Test Cases/Mobile/Page/Analysis/Analysis: Test Cases/Mobile/Page/Analysis/Analysis

2022-01-07 07:59:47 - [TEST_STEP][PASSED] - callTestCase(findTestCase("Mobile/Page/CheckLogin"), [:], CONTINUE_ON_FAILURE): Call Test Case 'Test Cases/Mobile/Page/CheckLogin' successfully

2022-01-07 07:59:47 - [TEST_CASE][PASSED] - Test Cases/Mobile/Page/CheckLogin: Test Cases/Mobile/Page/CheckLogin

2022-01-07 07:59:47 - [TEST_STEP][PASSED] - loginCheck = verifyElementExist(LOGN_BtnLogin, 5, CONTINUE_ON_FAILURE): Element 'Object Repository/Mobile/Page/Login/Button - Login' is exist

2022-01-07 07:59:49 - [MESSAGE][PASSED] - Element 'Object Repository/Mobile/Page/Login/Button - Login' is exist

2022-01-07 07:59:49 - [TEST_STEP][PASSED] - if (loginCheck): Call Test Case 'Test Cases/Mobile/Page/Login/Login' successfully

2022-01-07 07:59:49 - [TEST_STEP][PASSED] - callTestCase(findTestCase("Mobile/Page/Login/Login"), ["action":"username"], CONTINUE_ON_FAILURE): Call Test Case 'Test Cases/Mobile/Page/Login/Login' successfully

2022-01-07 07:59:49 - [TEST_CASE][PASSED] - Test Cases/Mobile/Page/Login/Login: Test Cases/Mobile/Page/Login/Login

2022-01-07 07:59:49 - [TEST_STEP][PASSED] - delay(2): Delayed 2 second(s)

2022-01-07 07:59:51 - [MESSAGE][PASSED] - Delayed 2 second(s)

2022-01-07 07:59:51 - [TEST_STEP][PASSED] - for ([i = 0, i < 1, (i++)]): null

2022-01-07 07:59:51 - [TEST_STEP][PASSED] - if (action == "username"): null

2022-01-07 07:59:51 - [TEST_STEP][PASSED] - tap(LOGN_EdtUserID, 0): Tapped on element 'Object Repository/Mobile/Page/Login/Input - UserID'

2022-01-07 07:59:51 - [MESSAGE][WARNING] - Timeout '0' is invalid. Using default page load timeout: '60'

2022-01-07 07:59:51 - [MESSAGE][PASSED] - Tapped on element 'Object Repository/Mobile/Page/Login/Input - UserID'

2022-01-07 07:59:51 - [TEST_STEP][PASSED] - delay(1): Delayed 1 second(s)

2022-01-07 07:59:52 - [MESSAGE][PASSED] - Delayed 1 second(s)

2022-01-07 07:59:52 - [TEST_STEP][PASSED] - setText(LOGN_EdtRdyUserID, "anggaaditya", 0): Text 'anggaaditya' has been set to element 'Object Repository/Mobile/Page/Login/Input Rdy - UserID'

2022-01-07 07:59:52 - [MESSAGE][WARNING] - Timeout '0' is invalid. Using default page load timeout: '60'

2022-01-07 07:59:53 - [MESSAGE][PASSED] - Text 'anggaaditya' has been set to element 'Object Repository/Mobile/Page/Login/Input Rdy - UserID'

2022-01-07 07:59:53 - [TEST_STEP][PASSED] - delay(1): Delayed 1 second(s)

2022-01-07 07:59:54 - [MESSAGE][PASSED] - Delayed 1 second(s)

2022-01-07 07:59:54 - [TEST_STEP][PASSED] - hideKeyboard(): Keyboard is hidden

2022-01-07 07:59:58 - [MESSAGE][PASSED] - Keyboard is hidden

2022-01-07 07:59:58 - [TEST_STEP][PASSED] - tap(LOGN_EdtPassword, 0): Tapped on element 'Object Repository/Mobile/Page/Login/Input - Password'

2022-01-07 07:59:58 - [MESSAGE][WARNING] - Timeout '0' is invalid. Using default page load timeout: '60'

2022-01-07 07:59:58 - [MESSAGE][PASSED] - Tapped on element 'Object Repository/Mobile/Page/Login/Input - Password'

2022-01-07 07:59:58 - [TEST_STEP][PASSED] - delay(1): Delayed 1 second(s)

2022-01-07 07:59:59 - [MESSAGE][PASSED] - Delayed 1 second(s)

2022-01-07 07:59:59 - [TEST_STEP][PASSED] - setText(LOGN_EdtRdyPassword, "Shalawa18", 0): Text 'Shalawa18' has been set to element 'Object Repository/Mobile/Page/Login/Input Rdy - Password'

2022-01-07 07:59:59 - [MESSAGE][WARNING] - Timeout '0' is invalid. Using default page load timeout: '60'

2022-01-07 08:00:00 - [MESSAGE][PASSED] - Text 'Shalawa18' has been set to element 'Object Repository/Mobile/Page/Login/Input Rdy - Password'

2022-01-07 08:00:00 - [TEST_STEP][PASSED] - delay(1): Delayed 1 second(s)

2022-01-07 08:00:01 - [MESSAGE][PASSED] - Delayed 1 second(s)

2022-01-07 08:00:01 - [TEST_STEP][PASSED] - hideKeyboard(): Keyboard is hidden

2022-01-07 08:00:09 - [MESSAGE][PASSED] - Keyboard is hidden

2022-01-07 08:00:09 - [TEST_STEP][PASSED] - tap(LOGN_BtnLogin, 0): Tapped on element 'Object Repository/Mobile/Page/Login/Button - Login'

2022-01-07 08:00:09 - [MESSAGE][WARNING] - Timeout '0' is invalid. Using default page load timeout: '60'

2022-01-07 08:00:10 - [MESSAGE][PASSED] - Tapped on element 'Object Repository/Mobile/Page/Login/Button - Login'

2022-01-07 08:00:10 - [TEST_STEP][PASSED] - delay(2): Delayed 2 second(s)

2022-01-07 08:00:12 - [MESSAGE][PASSED] - Delayed 2 second(s)

2022-01-07 08:00:12 - [TEST_STEP][PASSED] - break: null

2022-01-07 08:00:12 - [MESSAGE][PASSED] - Call Test Case 'Test Cases/Mobile/Page/Login/Login' successfully

2022-01-07 08:00:12 - [MESSAGE][PASSED] - Call Test Case 'Test Cases/Mobile/Page/CheckLogin' successfully

2022-01-07 08:00:12 - [TEST_STEP][PASSED] - tap(HOME_MenubarAnalysis, 0): Tapped on element 'Object Repository/Mobile/Page/Home/Menubar - Analysis'

2022-01-07 08:00:12 - [MESSAGE][WARNING] - Timeout '0' is invalid. Using default page load timeout: '60'

2022-01-07 08:00:14 - [MESSAGE][PASSED] - Tapped on element 'Object Repository/Mobile/Page/Home/Menubar - Analysis'

2022-01-07 08:00:14 - [TEST_STEP][PASSED] - delay(1): Delayed 1 second(s)

2022-01-07 08:00:15 - [MESSAGE][PASSED] - Delayed 1 second(s)

2022-01-07 08:00:15 - [TEST_STEP][PASSED] - for ([i = 0, i < 1, (i++)]): Delayed 2 second(s)

2022-01-07 08:00:15 - [TEST_STEP][PASSED] - if (action == "technicalsearch"): null

2022-01-07 08:00:15 - [TEST_STEP][PASSED] - else if (action == "technicaldetail"): Delayed 2 second(s)

2022-01-07 08:00:15 - [TEST_STEP][PASSED] - tap(ANAL_ItemTopResultTech, 0): Tapped on element 'Object Repository/Mobile/Page/Analysis/Item - Top Technical'

2022-01-07 08:00:15 - [MESSAGE][WARNING] - Timeout '0' is invalid. Using default page load timeout: '60'

2022-01-07 08:00:16 - [MESSAGE][PASSED] - Tapped on element 'Object Repository/Mobile/Page/Analysis/Item - Top Technical'

2022-01-07 08:00:16 - [TEST_STEP][PASSED] - delay(3): Delayed 3 second(s)

2022-01-07 08:00:19 - [MESSAGE][PASSED] - Delayed 3 second(s)

2022-01-07 08:00:19 - [TEST_STEP][PASSED] - switch (action2): null

2022-01-07 08:00:19 - [TEST_STEP][PASSED] - case "year":: null

2022-01-07 08:00:19 - [TEST_STEP][PASSED] - tap(ANAL_DETL_BtnY, 0): Tapped on element 'Object Repository/Mobile/Page/Analysis/Detail/Button - Y'

2022-01-07 08:00:19 - [MESSAGE][WARNING] - Timeout '0' is invalid. Using default page load timeout: '60'

2022-01-07 08:00:20 - [MESSAGE][PASSED] - Tapped on element 'Object Repository/Mobile/Page/Analysis/Detail/Button - Y'

2022-01-07 08:00:20 - [TEST_STEP][PASSED] - break: null

2022-01-07 08:00:20 - [TEST_STEP][PASSED] - delay(2): Delayed 2 second(s)

2022-01-07 08:00:22 - [MESSAGE][PASSED] - Delayed 2 second(s)

2022-01-07 08:00:22 - [MESSAGE][PASSED] - Call Test Case 'Test Cases/Mobile/Page/Analysis/Analysis' successfully

2022-01-07 08:00:22 - [TEST_STEP][PASSED] - callTestCase(findTestCase("Mobile/Page/Run App/Terminate App"), [:], STOP_ON_FAILURE): Call Test Case 'Test Cases/Mobile/Page/Run App/Terminate App' successfully

2022-01-07 08:00:22 - [TEST_CASE][PASSED] - Test Cases/Mobile/Page/Run App/Terminate App: Test Cases/Mobile/Page/Run App/Terminate App

2022-01-07 08:00:22 - [TEST_STEP][PASSED] - startApp.OpenApp.terminateApplication(): startApp.OpenApp.terminateApplication is PASSED

2022-01-07 08:00:25 - [MESSAGE][PASSED] - Delayed 3 second(s)

2022-01-07 08:00:25 - [MESSAGE][PASSED] - Current device physical width is 720

2022-01-07 08:00:26 - [MESSAGE][PASSED] - Current device physical height is 1423

2022-01-07 08:00:27 - [MESSAGE][PASSED] - Swiped from 360,853 to 360,142

2022-01-07 08:00:28 - [MESSAGE][PASSED] - Delayed 1 second(s)

2022-01-07 08:00:29 - [MESSAGE][PASSED] - Swiped from 360,853 to 360,142

2022-01-07 08:00:32 - [MESSAGE][PASSED] - Delayed 3 second(s)

2022-01-07 08:00:32 - [MESSAGE][PASSED] - startApp.OpenApp.terminateApplication is PASSED

2022-01-07 08:00:32 - [MESSAGE][PASSED] - Call Test Case 'Test Cases/Mobile/Page/Run App/Terminate App' successfully]]></system-out>
         <system-err><![CDATA[]]></system-err>
      </testcase>
      <testcase name="Test Cases/Mobile/Scenario/Analysis/006 - Melihat Research Report" time="61.451" classname="Test Cases/Mobile/Scenario/Analysis/006 - Melihat Research Report" status="PASSED">
         <system-out><![CDATA[2022-01-07 08:00:32 - [TEST_CASE][PASSED] - Test Cases/Mobile/Scenario/Analysis/006 - Melihat Research Report: Test Cases/Mobile/Scenario/Analysis/006 - Melihat Research Report

2022-01-07 08:00:33 - [TEST_STEP][PASSED] - callTestCase(findTestCase("Mobile/Page/Run App/Run App byID"), [:], STOP_ON_FAILURE): Call Test Case 'Test Cases/Mobile/Page/Run App/Run App byID' successfully

2022-01-07 08:00:33 - [TEST_CASE][PASSED] - Test Cases/Mobile/Page/Run App/Run App byID: Test Cases/Mobile/Page/Run App/Run App byID

2022-01-07 08:00:33 - [TEST_STEP][PASSED] - startApp.OpenApp.startApplication("id.co.miraeasset.sageclub"): startApp.OpenApp.startApplication is PASSED

2022-01-07 08:00:46 - [MESSAGE][PASSED] - Starting app with application ID: 'id.co.miraeasset.sageclub'

2022-01-07 08:00:46 - [MESSAGE][PASSED] - startApp.OpenApp.startApplication is PASSED

2022-01-07 08:00:47 - [MESSAGE][PASSED] - Call Test Case 'Test Cases/Mobile/Page/Run App/Run App byID' successfully

2022-01-07 08:00:47 - [TEST_STEP][PASSED] - callTestCase(findTestCase("Mobile/Page/Analysis/Analysis"), ["action":"researchdetail"], CONTINUE_ON_FAILURE): Call Test Case 'Test Cases/Mobile/Page/Analysis/Analysis' successfully

2022-01-07 08:00:47 - [TEST_CASE][PASSED] - Test Cases/Mobile/Page/Analysis/Analysis: Test Cases/Mobile/Page/Analysis/Analysis

2022-01-07 08:00:47 - [TEST_STEP][PASSED] - callTestCase(findTestCase("Mobile/Page/CheckLogin"), [:], CONTINUE_ON_FAILURE): Call Test Case 'Test Cases/Mobile/Page/CheckLogin' successfully

2022-01-07 08:00:47 - [TEST_CASE][PASSED] - Test Cases/Mobile/Page/CheckLogin: Test Cases/Mobile/Page/CheckLogin

2022-01-07 08:00:47 - [TEST_STEP][PASSED] - loginCheck = verifyElementExist(LOGN_BtnLogin, 5, CONTINUE_ON_FAILURE): Element 'Object Repository/Mobile/Page/Login/Button - Login' is exist

2022-01-07 08:00:49 - [MESSAGE][PASSED] - Element 'Object Repository/Mobile/Page/Login/Button - Login' is exist

2022-01-07 08:00:49 - [TEST_STEP][PASSED] - if (loginCheck): Call Test Case 'Test Cases/Mobile/Page/Login/Login' successfully

2022-01-07 08:00:49 - [TEST_STEP][PASSED] - callTestCase(findTestCase("Mobile/Page/Login/Login"), ["action":"username"], CONTINUE_ON_FAILURE): Call Test Case 'Test Cases/Mobile/Page/Login/Login' successfully

2022-01-07 08:00:49 - [TEST_CASE][PASSED] - Test Cases/Mobile/Page/Login/Login: Test Cases/Mobile/Page/Login/Login

2022-01-07 08:00:49 - [TEST_STEP][PASSED] - delay(2): Delayed 2 second(s)

2022-01-07 08:00:51 - [MESSAGE][PASSED] - Delayed 2 second(s)

2022-01-07 08:00:51 - [TEST_STEP][PASSED] - for ([i = 0, i < 1, (i++)]): null

2022-01-07 08:00:51 - [TEST_STEP][PASSED] - if (action == "username"): null

2022-01-07 08:00:51 - [TEST_STEP][PASSED] - tap(LOGN_EdtUserID, 0): Tapped on element 'Object Repository/Mobile/Page/Login/Input - UserID'

2022-01-07 08:00:51 - [MESSAGE][WARNING] - Timeout '0' is invalid. Using default page load timeout: '60'

2022-01-07 08:00:52 - [MESSAGE][PASSED] - Tapped on element 'Object Repository/Mobile/Page/Login/Input - UserID'

2022-01-07 08:00:52 - [TEST_STEP][PASSED] - delay(1): Delayed 1 second(s)

2022-01-07 08:00:53 - [MESSAGE][PASSED] - Delayed 1 second(s)

2022-01-07 08:00:53 - [TEST_STEP][PASSED] - setText(LOGN_EdtRdyUserID, "anggaaditya", 0): Text 'anggaaditya' has been set to element 'Object Repository/Mobile/Page/Login/Input Rdy - UserID'

2022-01-07 08:00:53 - [MESSAGE][WARNING] - Timeout '0' is invalid. Using default page load timeout: '60'

2022-01-07 08:00:53 - [MESSAGE][PASSED] - Text 'anggaaditya' has been set to element 'Object Repository/Mobile/Page/Login/Input Rdy - UserID'

2022-01-07 08:00:53 - [TEST_STEP][PASSED] - delay(1): Delayed 1 second(s)

2022-01-07 08:00:54 - [MESSAGE][PASSED] - Delayed 1 second(s)

2022-01-07 08:00:54 - [TEST_STEP][PASSED] - hideKeyboard(): Keyboard is hidden

2022-01-07 08:00:58 - [MESSAGE][PASSED] - Keyboard is hidden

2022-01-07 08:00:58 - [TEST_STEP][PASSED] - tap(LOGN_EdtPassword, 0): Tapped on element 'Object Repository/Mobile/Page/Login/Input - Password'

2022-01-07 08:00:58 - [MESSAGE][WARNING] - Timeout '0' is invalid. Using default page load timeout: '60'

2022-01-07 08:00:58 - [MESSAGE][PASSED] - Tapped on element 'Object Repository/Mobile/Page/Login/Input - Password'

2022-01-07 08:00:58 - [TEST_STEP][PASSED] - delay(1): Delayed 1 second(s)

2022-01-07 08:00:59 - [MESSAGE][PASSED] - Delayed 1 second(s)

2022-01-07 08:00:59 - [TEST_STEP][PASSED] - setText(LOGN_EdtRdyPassword, "Shalawa18", 0): Text 'Shalawa18' has been set to element 'Object Repository/Mobile/Page/Login/Input Rdy - Password'

2022-01-07 08:00:59 - [MESSAGE][WARNING] - Timeout '0' is invalid. Using default page load timeout: '60'

2022-01-07 08:01:00 - [MESSAGE][PASSED] - Text 'Shalawa18' has been set to element 'Object Repository/Mobile/Page/Login/Input Rdy - Password'

2022-01-07 08:01:00 - [TEST_STEP][PASSED] - delay(1): Delayed 1 second(s)

2022-01-07 08:01:01 - [MESSAGE][PASSED] - Delayed 1 second(s)

2022-01-07 08:01:01 - [TEST_STEP][PASSED] - hideKeyboard(): Keyboard is hidden

2022-01-07 08:01:09 - [MESSAGE][PASSED] - Keyboard is hidden

2022-01-07 08:01:09 - [TEST_STEP][PASSED] - tap(LOGN_BtnLogin, 0): Tapped on element 'Object Repository/Mobile/Page/Login/Button - Login'

2022-01-07 08:01:09 - [MESSAGE][WARNING] - Timeout '0' is invalid. Using default page load timeout: '60'

2022-01-07 08:01:11 - [MESSAGE][PASSED] - Tapped on element 'Object Repository/Mobile/Page/Login/Button - Login'

2022-01-07 08:01:11 - [TEST_STEP][PASSED] - delay(2): Delayed 2 second(s)

2022-01-07 08:01:13 - [MESSAGE][PASSED] - Delayed 2 second(s)

2022-01-07 08:01:13 - [TEST_STEP][PASSED] - break: null

2022-01-07 08:01:13 - [MESSAGE][PASSED] - Call Test Case 'Test Cases/Mobile/Page/Login/Login' successfully

2022-01-07 08:01:13 - [MESSAGE][PASSED] - Call Test Case 'Test Cases/Mobile/Page/CheckLogin' successfully

2022-01-07 08:01:13 - [TEST_STEP][PASSED] - tap(HOME_MenubarAnalysis, 0): Tapped on element 'Object Repository/Mobile/Page/Home/Menubar - Analysis'

2022-01-07 08:01:13 - [MESSAGE][WARNING] - Timeout '0' is invalid. Using default page load timeout: '60'

2022-01-07 08:01:14 - [MESSAGE][PASSED] - Tapped on element 'Object Repository/Mobile/Page/Home/Menubar - Analysis'

2022-01-07 08:01:14 - [TEST_STEP][PASSED] - delay(1): Delayed 1 second(s)

2022-01-07 08:01:15 - [MESSAGE][PASSED] - Delayed 1 second(s)

2022-01-07 08:01:15 - [TEST_STEP][PASSED] - for ([i = 0, i < 1, (i++)]): Press back button successfully

2022-01-07 08:01:15 - [TEST_STEP][PASSED] - if (action == "technicalsearch"): null

2022-01-07 08:01:15 - [TEST_STEP][PASSED] - else if (action == "technicaldetail"): null

2022-01-07 08:01:15 - [TEST_STEP][PASSED] - else if (action == "researchdetail"): Press back button successfully

2022-01-07 08:01:15 - [TEST_STEP][PASSED] - tap(ANAL_TabResearchReport, 0): Tapped on element 'Object Repository/Mobile/Page/Analysis/Tab - Research Report'

2022-01-07 08:01:15 - [MESSAGE][WARNING] - Timeout '0' is invalid. Using default page load timeout: '60'

2022-01-07 08:01:15 - [MESSAGE][PASSED] - Tapped on element 'Object Repository/Mobile/Page/Analysis/Tab - Research Report'

2022-01-07 08:01:15 - [TEST_STEP][PASSED] - delay(1): Delayed 1 second(s)

2022-01-07 08:01:16 - [MESSAGE][PASSED] - Delayed 1 second(s)

2022-01-07 08:01:16 - [TEST_STEP][PASSED] - tapAndHold(ANAL_ItemTopSearch, 1, 0): Tapped and held on element 'Object Repository/Mobile/Page/Analysis/Item - Top Search' with duration 1

2022-01-07 08:01:16 - [MESSAGE][WARNING] - Timeout '0' is invalid. Using default page load timeout: '60'

2022-01-07 08:01:19 - [MESSAGE][PASSED] - Tapped and held on element 'Object Repository/Mobile/Page/Analysis/Item - Top Search' with duration 1

2022-01-07 08:01:19 - [TEST_STEP][PASSED] - delay(3): Delayed 3 second(s)

2022-01-07 08:01:22 - [MESSAGE][PASSED] - Delayed 3 second(s)

2022-01-07 08:01:22 - [TEST_STEP][PASSED] - pressBack(): Press back button successfully

2022-01-07 08:01:23 - [MESSAGE][PASSED] - Press back button successfully

2022-01-07 08:01:23 - [MESSAGE][PASSED] - Call Test Case 'Test Cases/Mobile/Page/Analysis/Analysis' successfully

2022-01-07 08:01:23 - [TEST_STEP][PASSED] - callTestCase(findTestCase("Mobile/Page/Run App/Terminate App"), [:], STOP_ON_FAILURE): Call Test Case 'Test Cases/Mobile/Page/Run App/Terminate App' successfully

2022-01-07 08:01:23 - [TEST_CASE][PASSED] - Test Cases/Mobile/Page/Run App/Terminate App: Test Cases/Mobile/Page/Run App/Terminate App

2022-01-07 08:01:23 - [TEST_STEP][PASSED] - startApp.OpenApp.terminateApplication(): startApp.OpenApp.terminateApplication is PASSED

2022-01-07 08:01:26 - [MESSAGE][PASSED] - Delayed 3 second(s)

2022-01-07 08:01:27 - [MESSAGE][PASSED] - Current device physical width is 720

2022-01-07 08:01:27 - [MESSAGE][PASSED] - Current device physical height is 1423

2022-01-07 08:01:28 - [MESSAGE][PASSED] - Swiped from 360,853 to 360,142

2022-01-07 08:01:29 - [MESSAGE][PASSED] - Delayed 1 second(s)

2022-01-07 08:01:31 - [MESSAGE][PASSED] - Swiped from 360,853 to 360,142

2022-01-07 08:01:34 - [MESSAGE][PASSED] - Delayed 3 second(s)

2022-01-07 08:01:34 - [MESSAGE][PASSED] - startApp.OpenApp.terminateApplication is PASSED

2022-01-07 08:01:34 - [MESSAGE][PASSED] - Call Test Case 'Test Cases/Mobile/Page/Run App/Terminate App' successfully]]></system-out>
         <system-err><![CDATA[]]></system-err>
      </testcase>
      <testcase name="Test Cases/Mobile/Scenario/Analysis/007 - Mencari research report" time="64.82" classname="Test Cases/Mobile/Scenario/Analysis/007 - Mencari research report" status="PASSED">
         <system-out><![CDATA[2022-01-07 08:01:34 - [TEST_CASE][PASSED] - Test Cases/Mobile/Scenario/Analysis/007 - Mencari research report: Test Cases/Mobile/Scenario/Analysis/007 - Mencari research report

2022-01-07 08:01:34 - [TEST_STEP][PASSED] - callTestCase(findTestCase("Mobile/Page/Run App/Run App byID"), [:], STOP_ON_FAILURE): Call Test Case 'Test Cases/Mobile/Page/Run App/Run App byID' successfully

2022-01-07 08:01:34 - [TEST_CASE][PASSED] - Test Cases/Mobile/Page/Run App/Run App byID: Test Cases/Mobile/Page/Run App/Run App byID

2022-01-07 08:01:34 - [TEST_STEP][PASSED] - startApp.OpenApp.startApplication("id.co.miraeasset.sageclub"): startApp.OpenApp.startApplication is PASSED

2022-01-07 08:01:48 - [MESSAGE][PASSED] - Starting app with application ID: 'id.co.miraeasset.sageclub'

2022-01-07 08:01:48 - [MESSAGE][PASSED] - startApp.OpenApp.startApplication is PASSED

2022-01-07 08:01:48 - [MESSAGE][PASSED] - Call Test Case 'Test Cases/Mobile/Page/Run App/Run App byID' successfully

2022-01-07 08:01:48 - [TEST_STEP][PASSED] - callTestCase(findTestCase("Mobile/Page/Analysis/Analysis"), ["action":"researchsearch"], CONTINUE_ON_FAILURE): Call Test Case 'Test Cases/Mobile/Page/Analysis/Analysis' successfully

2022-01-07 08:01:48 - [TEST_CASE][PASSED] - Test Cases/Mobile/Page/Analysis/Analysis: Test Cases/Mobile/Page/Analysis/Analysis

2022-01-07 08:01:48 - [TEST_STEP][PASSED] - callTestCase(findTestCase("Mobile/Page/CheckLogin"), [:], CONTINUE_ON_FAILURE): Call Test Case 'Test Cases/Mobile/Page/CheckLogin' successfully

2022-01-07 08:01:48 - [TEST_CASE][PASSED] - Test Cases/Mobile/Page/CheckLogin: Test Cases/Mobile/Page/CheckLogin

2022-01-07 08:01:48 - [TEST_STEP][PASSED] - loginCheck = verifyElementExist(LOGN_BtnLogin, 5, CONTINUE_ON_FAILURE): Element 'Object Repository/Mobile/Page/Login/Button - Login' is exist

2022-01-07 08:01:50 - [MESSAGE][PASSED] - Element 'Object Repository/Mobile/Page/Login/Button - Login' is exist

2022-01-07 08:01:50 - [TEST_STEP][PASSED] - if (loginCheck): Call Test Case 'Test Cases/Mobile/Page/Login/Login' successfully

2022-01-07 08:01:50 - [TEST_STEP][PASSED] - callTestCase(findTestCase("Mobile/Page/Login/Login"), ["action":"username"], CONTINUE_ON_FAILURE): Call Test Case 'Test Cases/Mobile/Page/Login/Login' successfully

2022-01-07 08:01:50 - [TEST_CASE][PASSED] - Test Cases/Mobile/Page/Login/Login: Test Cases/Mobile/Page/Login/Login

2022-01-07 08:01:50 - [TEST_STEP][PASSED] - delay(2): Delayed 2 second(s)

2022-01-07 08:01:52 - [MESSAGE][PASSED] - Delayed 2 second(s)

2022-01-07 08:01:52 - [TEST_STEP][PASSED] - for ([i = 0, i < 1, (i++)]): null

2022-01-07 08:01:52 - [TEST_STEP][PASSED] - if (action == "username"): null

2022-01-07 08:01:52 - [TEST_STEP][PASSED] - tap(LOGN_EdtUserID, 0): Tapped on element 'Object Repository/Mobile/Page/Login/Input - UserID'

2022-01-07 08:01:52 - [MESSAGE][WARNING] - Timeout '0' is invalid. Using default page load timeout: '60'

2022-01-07 08:01:52 - [MESSAGE][PASSED] - Tapped on element 'Object Repository/Mobile/Page/Login/Input - UserID'

2022-01-07 08:01:52 - [TEST_STEP][PASSED] - delay(1): Delayed 1 second(s)

2022-01-07 08:01:53 - [MESSAGE][PASSED] - Delayed 1 second(s)

2022-01-07 08:01:53 - [TEST_STEP][PASSED] - setText(LOGN_EdtRdyUserID, "anggaaditya", 0): Text 'anggaaditya' has been set to element 'Object Repository/Mobile/Page/Login/Input Rdy - UserID'

2022-01-07 08:01:53 - [MESSAGE][WARNING] - Timeout '0' is invalid. Using default page load timeout: '60'

2022-01-07 08:01:54 - [MESSAGE][PASSED] - Text 'anggaaditya' has been set to element 'Object Repository/Mobile/Page/Login/Input Rdy - UserID'

2022-01-07 08:01:54 - [TEST_STEP][PASSED] - delay(1): Delayed 1 second(s)

2022-01-07 08:01:55 - [MESSAGE][PASSED] - Delayed 1 second(s)

2022-01-07 08:01:55 - [TEST_STEP][PASSED] - hideKeyboard(): Keyboard is hidden

2022-01-07 08:01:59 - [MESSAGE][PASSED] - Keyboard is hidden

2022-01-07 08:01:59 - [TEST_STEP][PASSED] - tap(LOGN_EdtPassword, 0): Tapped on element 'Object Repository/Mobile/Page/Login/Input - Password'

2022-01-07 08:01:59 - [MESSAGE][WARNING] - Timeout '0' is invalid. Using default page load timeout: '60'

2022-01-07 08:01:59 - [MESSAGE][PASSED] - Tapped on element 'Object Repository/Mobile/Page/Login/Input - Password'

2022-01-07 08:01:59 - [TEST_STEP][PASSED] - delay(1): Delayed 1 second(s)

2022-01-07 08:02:00 - [MESSAGE][PASSED] - Delayed 1 second(s)

2022-01-07 08:02:00 - [TEST_STEP][PASSED] - setText(LOGN_EdtRdyPassword, "Shalawa18", 0): Text 'Shalawa18' has been set to element 'Object Repository/Mobile/Page/Login/Input Rdy - Password'

2022-01-07 08:02:00 - [MESSAGE][WARNING] - Timeout '0' is invalid. Using default page load timeout: '60'

2022-01-07 08:02:01 - [MESSAGE][PASSED] - Text 'Shalawa18' has been set to element 'Object Repository/Mobile/Page/Login/Input Rdy - Password'

2022-01-07 08:02:01 - [TEST_STEP][PASSED] - delay(1): Delayed 1 second(s)

2022-01-07 08:02:02 - [MESSAGE][PASSED] - Delayed 1 second(s)

2022-01-07 08:02:02 - [TEST_STEP][PASSED] - hideKeyboard(): Keyboard is hidden

2022-01-07 08:02:09 - [MESSAGE][PASSED] - Keyboard is hidden

2022-01-07 08:02:09 - [TEST_STEP][PASSED] - tap(LOGN_BtnLogin, 0): Tapped on element 'Object Repository/Mobile/Page/Login/Button - Login'

2022-01-07 08:02:09 - [MESSAGE][WARNING] - Timeout '0' is invalid. Using default page load timeout: '60'

2022-01-07 08:02:10 - [MESSAGE][PASSED] - Tapped on element 'Object Repository/Mobile/Page/Login/Button - Login'

2022-01-07 08:02:10 - [TEST_STEP][PASSED] - delay(2): Delayed 2 second(s)

2022-01-07 08:02:12 - [MESSAGE][PASSED] - Delayed 2 second(s)

2022-01-07 08:02:12 - [TEST_STEP][PASSED] - break: null

2022-01-07 08:02:12 - [MESSAGE][PASSED] - Call Test Case 'Test Cases/Mobile/Page/Login/Login' successfully

2022-01-07 08:02:12 - [MESSAGE][PASSED] - Call Test Case 'Test Cases/Mobile/Page/CheckLogin' successfully

2022-01-07 08:02:12 - [TEST_STEP][PASSED] - tap(HOME_MenubarAnalysis, 0): Tapped on element 'Object Repository/Mobile/Page/Home/Menubar - Analysis'

2022-01-07 08:02:12 - [MESSAGE][WARNING] - Timeout '0' is invalid. Using default page load timeout: '60'

2022-01-07 08:02:14 - [MESSAGE][PASSED] - Tapped on element 'Object Repository/Mobile/Page/Home/Menubar - Analysis'

2022-01-07 08:02:14 - [TEST_STEP][PASSED] - delay(1): Delayed 1 second(s)

2022-01-07 08:02:15 - [MESSAGE][PASSED] - Delayed 1 second(s)

2022-01-07 08:02:15 - [TEST_STEP][PASSED] - for ([i = 0, i < 1, (i++)]): Press back button successfully

2022-01-07 08:02:15 - [TEST_STEP][PASSED] - if (action == "technicalsearch"): null

2022-01-07 08:02:15 - [TEST_STEP][PASSED] - else if (action == "technicaldetail"): null

2022-01-07 08:02:15 - [TEST_STEP][PASSED] - else if (action == "researchdetail"): null

2022-01-07 08:02:15 - [TEST_STEP][PASSED] - else if (action == "researchsearch"): Press back button successfully

2022-01-07 08:02:15 - [TEST_STEP][PASSED] - tap(ANAL_TabResearchReport, 0): Tapped on element 'Object Repository/Mobile/Page/Analysis/Tab - Research Report'

2022-01-07 08:02:15 - [MESSAGE][WARNING] - Timeout '0' is invalid. Using default page load timeout: '60'

2022-01-07 08:02:16 - [MESSAGE][PASSED] - Tapped on element 'Object Repository/Mobile/Page/Analysis/Tab - Research Report'

2022-01-07 08:02:16 - [TEST_STEP][PASSED] - delay(1): Delayed 1 second(s)

2022-01-07 08:02:17 - [MESSAGE][PASSED] - Delayed 1 second(s)

2022-01-07 08:02:17 - [TEST_STEP][PASSED] - tap(ANAL_EdtSearch, 0): Tapped on element 'Object Repository/Mobile/Page/Analysis/Input - Search'

2022-01-07 08:02:17 - [MESSAGE][WARNING] - Timeout '0' is invalid. Using default page load timeout: '60'

2022-01-07 08:02:18 - [MESSAGE][PASSED] - Tapped on element 'Object Repository/Mobile/Page/Analysis/Input - Search'

2022-01-07 08:02:18 - [TEST_STEP][PASSED] - delay(1): Delayed 1 second(s)

2022-01-07 08:02:19 - [MESSAGE][PASSED] - Delayed 1 second(s)

2022-01-07 08:02:19 - [TEST_STEP][PASSED] - setText(ANAL_EdtSearch, "surya", 0): Text 'surya' has been set to element 'Object Repository/Mobile/Page/Analysis/Input - Search'

2022-01-07 08:02:19 - [MESSAGE][WARNING] - Timeout '0' is invalid. Using default page load timeout: '60'

2022-01-07 08:02:19 - [MESSAGE][PASSED] - Text 'surya' has been set to element 'Object Repository/Mobile/Page/Analysis/Input - Search'

2022-01-07 08:02:19 - [TEST_STEP][PASSED] - hideKeyboard(): Keyboard is hidden

2022-01-07 08:02:21 - [MESSAGE][PASSED] - Keyboard is hidden

2022-01-07 08:02:21 - [TEST_STEP][PASSED] - tapAndHold(ANAL_ItemTopSearch, 1, 0): Tapped and held on element 'Object Repository/Mobile/Page/Analysis/Item - Top Search' with duration 1

2022-01-07 08:02:21 - [MESSAGE][WARNING] - Timeout '0' is invalid. Using default page load timeout: '60'

2022-01-07 08:02:24 - [MESSAGE][PASSED] - Tapped and held on element 'Object Repository/Mobile/Page/Analysis/Item - Top Search' with duration 1

2022-01-07 08:02:24 - [TEST_STEP][PASSED] - delay(3): Delayed 3 second(s)

2022-01-07 08:02:27 - [MESSAGE][PASSED] - Delayed 3 second(s)

2022-01-07 08:02:27 - [TEST_STEP][PASSED] - pressBack(): Press back button successfully

2022-01-07 08:02:28 - [MESSAGE][PASSED] - Press back button successfully

2022-01-07 08:02:28 - [MESSAGE][PASSED] - Call Test Case 'Test Cases/Mobile/Page/Analysis/Analysis' successfully

2022-01-07 08:02:28 - [TEST_STEP][PASSED] - callTestCase(findTestCase("Mobile/Page/Run App/Terminate App"), [:], STOP_ON_FAILURE): Call Test Case 'Test Cases/Mobile/Page/Run App/Terminate App' successfully

2022-01-07 08:02:28 - [TEST_CASE][PASSED] - Test Cases/Mobile/Page/Run App/Terminate App: Test Cases/Mobile/Page/Run App/Terminate App

2022-01-07 08:02:28 - [TEST_STEP][PASSED] - startApp.OpenApp.terminateApplication(): startApp.OpenApp.terminateApplication is PASSED

2022-01-07 08:02:31 - [MESSAGE][PASSED] - Delayed 3 second(s)

2022-01-07 08:02:32 - [MESSAGE][PASSED] - Current device physical width is 720

2022-01-07 08:02:32 - [MESSAGE][PASSED] - Current device physical height is 1423

2022-01-07 08:02:33 - [MESSAGE][PASSED] - Swiped from 360,853 to 360,142

2022-01-07 08:02:34 - [MESSAGE][PASSED] - Delayed 1 second(s)

2022-01-07 08:02:35 - [MESSAGE][PASSED] - Swiped from 360,853 to 360,142

2022-01-07 08:02:39 - [MESSAGE][PASSED] - Delayed 3 second(s)

2022-01-07 08:02:39 - [MESSAGE][PASSED] - startApp.OpenApp.terminateApplication is PASSED

2022-01-07 08:02:39 - [MESSAGE][PASSED] - Call Test Case 'Test Cases/Mobile/Page/Run App/Terminate App' successfully]]></system-out>
         <system-err><![CDATA[]]></system-err>
      </testcase>
      <system-out><![CDATA[2022-01-07 07:54:23 - [TEST_SUITE][PASSED] - analysis: Test Cases/Mobile/Scenario/Analysis/007 - Mencari research report]]></system-out>
      <system-err><![CDATA[]]></system-err>
   </testsuite>
</testsuites>
