<?xml version="1.0" encoding="UTF-8"?>
<testsuites name="login" time="259.84" tests="5" failures="0" skips="0" errors="0">
   <testsuite name="login" tests="5" failures="0" errors="0" time="259.84" skips="0" timestamp="2022-03-10 09:45:23" hostname="Owner - aldy-tft" id="Test Suites/login">
      <properties>
         <property name="deviceName" value="samsung SM-A205F (Android 11)"/>
         <property name="devicePlatform" value=""/>
         <property name="logFolder" value="C:\\Users\\Owner\\Documents\\kerjaan\\KatalonProject\\qa_katalon_pwm\\qa_katalon_pwm\\Reports\\20220310_094316\\login\\20220310_094320"/>
         <property name="logFiles" value="C:\\Users\\Owner\\Documents\\kerjaan\\KatalonProject\\qa_katalon_pwm\\qa_katalon_pwm\\Reports\\20220310_094316\\login\\20220310_094320\\appium.log, C:\\Users\\Owner\\Documents\\kerjaan\\KatalonProject\\qa_katalon_pwm\\qa_katalon_pwm\\Reports\\20220310_094316\\login\\20220310_094320\\execution0.log"/>
         <property name="attachments" value=""/>
         <property name="hostName" value="Owner - aldy-tft"/>
         <property name="os" value="Windows 10 64bit"/>
         <property name="appiumServerStatus" value="{&quot;value&quot;:{&quot;build&quot;:{&quot;version&quot;:&quot;1.22.0&quot;}},&quot;sessionId&quot;:null,&quot;status&quot;:0}"/>
         <property name="katalonVersion" value="7.9.1.208"/>
         <property name="deviceOS" value="Android"/>
         <property name="appiumVersion" value="1.22.0"/>
         <property name="deviceModel" value="SM-A205F"/>
         <property name="hostAddress" value="192.168.82.223"/>
         <property name="deviceManufacturer" value="samsung"/>
         <property name="deviceId" value="RR8M40C9AXE"/>
         <property name="deviceName" value="samsung SM-A205F (Android 11)"/>
         <property name="deviceOSVersion" value="11"/>
      </properties>
      <testcase name="Test Cases/Mobile/Scenario/Login/001 - Login dengan username" time="68.275" classname="Test Cases/Mobile/Scenario/Login/001 - Login dengan username" status="PASSED">
         <system-out><![CDATA[2022-03-10 09:45:24 - [TEST_CASE][PASSED] - Test Cases/Mobile/Scenario/Login/001 - Login dengan username: Test Cases/Mobile/Scenario/Login/001 - Login dengan username

2022-03-10 09:45:24 - [TEST_STEP][PASSED] - callTestCase(findTestCase("Mobile/Page/Run App/Run App byID"), [:], STOP_ON_FAILURE): Call Test Case 'Test Cases/Mobile/Page/Run App/Run App byID' successfully

2022-03-10 09:45:24 - [TEST_CASE][PASSED] - Test Cases/Mobile/Page/Run App/Run App byID: Test Cases/Mobile/Page/Run App/Run App byID

2022-03-10 09:45:25 - [TEST_STEP][PASSED] - startApp.OpenApp.startApplication("id.co.miraeasset.sageclub"): startApp.OpenApp.startApplication is PASSED

2022-03-10 09:45:27 - [MESSAGE][INFO] - Appium server started on port 64,421

2022-03-10 09:45:42 - [MESSAGE][PASSED] - Starting app with application ID: 'id.co.miraeasset.sageclub'

2022-03-10 09:45:42 - [MESSAGE][PASSED] - startApp.OpenApp.startApplication is PASSED

2022-03-10 09:45:42 - [MESSAGE][PASSED] - Call Test Case 'Test Cases/Mobile/Page/Run App/Run App byID' successfully

2022-03-10 09:45:42 - [TEST_STEP][PASSED] - callTestCase(findTestCase("Mobile/Page/Login/Login"), ["action":"username"], CONTINUE_ON_FAILURE): Call Test Case 'Test Cases/Mobile/Page/Login/Login' successfully

2022-03-10 09:45:42 - [TEST_CASE][PASSED] - Test Cases/Mobile/Page/Login/Login: Test Cases/Mobile/Page/Login/Login

2022-03-10 09:45:43 - [TEST_STEP][PASSED] - delay(2): Delayed 2 second(s)

2022-03-10 09:45:45 - [MESSAGE][PASSED] - Delayed 2 second(s)

2022-03-10 09:45:45 - [TEST_STEP][PASSED] - for ([i = 0, i < 1, (i++)]): null

2022-03-10 09:45:45 - [TEST_STEP][PASSED] - if (action == "username"): null

2022-03-10 09:45:45 - [TEST_STEP][PASSED] - tap(LOGN_EdtUserID, 0): Tapped on element 'Object Repository/Mobile/Page/Login/Input - UserID'

2022-03-10 09:45:45 - [MESSAGE][WARNING] - Test object with id 'Object Repository/Mobile/Page/Analysis/Button - Open With Just Once' does not exist

2022-03-10 09:45:45 - [MESSAGE][WARNING] - Test object with id 'Object Repository/Mobile/Page/Analysis/Button - Search' does not exist

2022-03-10 09:45:46 - [MESSAGE][WARNING] - Test object with id 'Object Repository/Mobile/Page/Home/Button -  Add Watchlist' does not exist

2022-03-10 09:45:46 - [MESSAGE][WARNING] - Test object with id 'Object Repository/Mobile/Page/Home/Button - Open with Just Once' does not exist

2022-03-10 09:45:47 - [MESSAGE][WARNING] - Test object with id 'Object Repository/Mobile/Page/Home/Container - Notification' does not exist

2022-03-10 09:45:47 - [MESSAGE][WARNING] - Test object with id 'Object Repository/Mobile/Page/Home/Watchlist/Input - Search' does not exist

2022-03-10 09:45:47 - [MESSAGE][WARNING] - Test object with id 'Object Repository/Mobile/Page/Home/Watchlist/Item - Top Search' does not exist

2022-03-10 09:45:48 - [MESSAGE][WARNING] - Test object with id 'Object Repository/Mobile/Page/Home/Watchlist/Detail Watchlist/Input - Expiry Date' does not exist

2022-03-10 09:45:48 - [MESSAGE][WARNING] - Test object with id 'Object Repository/Mobile/Page/Home/Watchlist/Detail Watchlist/Item - Watchlist' does not exist

2022-03-10 09:45:49 - [MESSAGE][WARNING] - Test object with id 'Object Repository/Mobile/Page/NavigationMenu/Button - Open Just Once' does not exist

2022-03-10 09:45:49 - [MESSAGE][WARNING] - Test object with id 'Object Repository/Mobile/Page/NavigationMenu/Container - Logout' does not exist

2022-03-10 09:45:54 - [MESSAGE][WARNING] - Test object with id 'Object Repository/Mobile/Page/Analysis/Button - Open With Just Once' does not exist

2022-03-10 09:45:54 - [MESSAGE][WARNING] - Test object with id 'Object Repository/Mobile/Page/Analysis/Button - Search' does not exist

2022-03-10 09:45:55 - [MESSAGE][WARNING] - Test object with id 'Object Repository/Mobile/Page/Home/Button -  Add Watchlist' does not exist

2022-03-10 09:45:55 - [MESSAGE][WARNING] - Test object with id 'Object Repository/Mobile/Page/Home/Button - Open with Just Once' does not exist

2022-03-10 09:45:55 - [MESSAGE][WARNING] - Test object with id 'Object Repository/Mobile/Page/Home/Container - Notification' does not exist

2022-03-10 09:45:56 - [MESSAGE][WARNING] - Test object with id 'Object Repository/Mobile/Page/Home/Watchlist/Input - Search' does not exist

2022-03-10 09:45:56 - [MESSAGE][WARNING] - Test object with id 'Object Repository/Mobile/Page/Home/Watchlist/Item - Top Search' does not exist

2022-03-10 09:45:56 - [MESSAGE][WARNING] - Test object with id 'Object Repository/Mobile/Page/Home/Watchlist/Detail Watchlist/Input - Expiry Date' does not exist

2022-03-10 09:45:56 - [MESSAGE][WARNING] - Test object with id 'Object Repository/Mobile/Page/Home/Watchlist/Detail Watchlist/Item - Watchlist' does not exist

2022-03-10 09:45:57 - [MESSAGE][WARNING] - Test object with id 'Object Repository/Mobile/Page/NavigationMenu/Button - Open Just Once' does not exist

2022-03-10 09:45:57 - [MESSAGE][WARNING] - Test object with id 'Object Repository/Mobile/Page/NavigationMenu/Container - Logout' does not exist

2022-03-10 09:46:01 - [MESSAGE][WARNING] - Timeout '0' is invalid. Using default page load timeout: '60'

2022-03-10 09:46:02 - [MESSAGE][PASSED] - Tapped on element 'Object Repository/Mobile/Page/Login/Input - UserID'

2022-03-10 09:46:02 - [TEST_STEP][PASSED] - delay(1): Delayed 1 second(s)

2022-03-10 09:46:03 - [MESSAGE][PASSED] - Delayed 1 second(s)

2022-03-10 09:46:03 - [TEST_STEP][PASSED] - setText(LOGN_EdtRdyUserID, "anggaaditya", 0): Text 'anggaaditya' has been set to element 'Object Repository/Mobile/Page/Login/Input Rdy - UserID'

2022-03-10 09:46:03 - [MESSAGE][WARNING] - Timeout '0' is invalid. Using default page load timeout: '60'

2022-03-10 09:46:04 - [MESSAGE][PASSED] - Text 'anggaaditya' has been set to element 'Object Repository/Mobile/Page/Login/Input Rdy - UserID'

2022-03-10 09:46:04 - [TEST_STEP][PASSED] - delay(1): Delayed 1 second(s)

2022-03-10 09:46:05 - [MESSAGE][PASSED] - Delayed 1 second(s)

2022-03-10 09:46:05 - [TEST_STEP][PASSED] - hideKeyboard(): Keyboard is hidden

2022-03-10 09:46:08 - [MESSAGE][PASSED] - Keyboard is hidden

2022-03-10 09:46:08 - [TEST_STEP][PASSED] - tap(LOGN_EdtPassword, 0): Tapped on element 'Object Repository/Mobile/Page/Login/Input - Password'

2022-03-10 09:46:08 - [MESSAGE][WARNING] - Timeout '0' is invalid. Using default page load timeout: '60'

2022-03-10 09:46:09 - [MESSAGE][PASSED] - Tapped on element 'Object Repository/Mobile/Page/Login/Input - Password'

2022-03-10 09:46:09 - [TEST_STEP][PASSED] - delay(1): Delayed 1 second(s)

2022-03-10 09:46:10 - [MESSAGE][PASSED] - Delayed 1 second(s)

2022-03-10 09:46:10 - [TEST_STEP][PASSED] - setText(LOGN_EdtRdyPassword, "Shalawa18", 0): Text 'Shalawa18' has been set to element 'Object Repository/Mobile/Page/Login/Input Rdy - Password'

2022-03-10 09:46:10 - [MESSAGE][WARNING] - Timeout '0' is invalid. Using default page load timeout: '60'

2022-03-10 09:46:10 - [MESSAGE][PASSED] - Text 'Shalawa18' has been set to element 'Object Repository/Mobile/Page/Login/Input Rdy - Password'

2022-03-10 09:46:10 - [TEST_STEP][PASSED] - delay(1): Delayed 1 second(s)

2022-03-10 09:46:11 - [MESSAGE][PASSED] - Delayed 1 second(s)

2022-03-10 09:46:11 - [TEST_STEP][PASSED] - hideKeyboard(): Keyboard is hidden

2022-03-10 09:46:18 - [MESSAGE][PASSED] - Keyboard is hidden

2022-03-10 09:46:18 - [TEST_STEP][PASSED] - tap(LOGN_BtnLogin, 0): Tapped on element 'Object Repository/Mobile/Page/Login/Button - Login'

2022-03-10 09:46:18 - [MESSAGE][WARNING] - Timeout '0' is invalid. Using default page load timeout: '60'

2022-03-10 09:46:19 - [MESSAGE][PASSED] - Tapped on element 'Object Repository/Mobile/Page/Login/Button - Login'

2022-03-10 09:46:19 - [TEST_STEP][PASSED] - delay(2): Delayed 2 second(s)

2022-03-10 09:46:21 - [MESSAGE][PASSED] - Delayed 2 second(s)

2022-03-10 09:46:21 - [TEST_STEP][PASSED] - break: null

2022-03-10 09:46:21 - [MESSAGE][PASSED] - Call Test Case 'Test Cases/Mobile/Page/Login/Login' successfully

2022-03-10 09:46:21 - [TEST_STEP][PASSED] - callTestCase(findTestCase("Mobile/Page/Run App/Terminate App"), [:], STOP_ON_FAILURE): Call Test Case 'Test Cases/Mobile/Page/Run App/Terminate App' successfully

2022-03-10 09:46:21 - [TEST_CASE][PASSED] - Test Cases/Mobile/Page/Run App/Terminate App: Test Cases/Mobile/Page/Run App/Terminate App

2022-03-10 09:46:21 - [TEST_STEP][PASSED] - startApp.OpenApp.terminateApplication(): startApp.OpenApp.terminateApplication is PASSED

2022-03-10 09:46:25 - [MESSAGE][PASSED] - Delayed 3 second(s)

2022-03-10 09:46:25 - [MESSAGE][PASSED] - Current device physical width is 720

2022-03-10 09:46:25 - [MESSAGE][PASSED] - Current device physical height is 1423

2022-03-10 09:46:27 - [MESSAGE][PASSED] - Swiped from 360,853 to 360,142

2022-03-10 09:46:28 - [MESSAGE][PASSED] - Delayed 1 second(s)

2022-03-10 09:46:29 - [MESSAGE][PASSED] - Swiped from 360,853 to 360,142

2022-03-10 09:46:32 - [MESSAGE][PASSED] - Delayed 3 second(s)

2022-03-10 09:46:32 - [MESSAGE][PASSED] - startApp.OpenApp.terminateApplication is PASSED

2022-03-10 09:46:32 - [MESSAGE][PASSED] - Call Test Case 'Test Cases/Mobile/Page/Run App/Terminate App' successfully]]></system-out>
         <system-err><![CDATA[]]></system-err>
      </testcase>
      <testcase name="Test Cases/Mobile/Scenario/Login/002 - Login dengan password salah" time="43.46" classname="Test Cases/Mobile/Scenario/Login/002 - Login dengan password salah" status="PASSED">
         <system-out><![CDATA[2022-03-10 09:46:32 - [TEST_CASE][PASSED] - Test Cases/Mobile/Scenario/Login/002 - Login dengan password salah: Test Cases/Mobile/Scenario/Login/002 - Login dengan password salah

2022-03-10 09:46:32 - [TEST_STEP][PASSED] - callTestCase(findTestCase("Mobile/Page/Run App/Run App byID"), [:], STOP_ON_FAILURE): Call Test Case 'Test Cases/Mobile/Page/Run App/Run App byID' successfully

2022-03-10 09:46:32 - [TEST_CASE][PASSED] - Test Cases/Mobile/Page/Run App/Run App byID: Test Cases/Mobile/Page/Run App/Run App byID

2022-03-10 09:46:32 - [TEST_STEP][PASSED] - startApp.OpenApp.startApplication("id.co.miraeasset.sageclub"): startApp.OpenApp.startApplication is PASSED

2022-03-10 09:46:44 - [MESSAGE][PASSED] - Starting app with application ID: 'id.co.miraeasset.sageclub'

2022-03-10 09:46:44 - [MESSAGE][PASSED] - startApp.OpenApp.startApplication is PASSED

2022-03-10 09:46:44 - [MESSAGE][PASSED] - Call Test Case 'Test Cases/Mobile/Page/Run App/Run App byID' successfully

2022-03-10 09:46:44 - [TEST_STEP][PASSED] - callTestCase(findTestCase("Mobile/Page/Login/Login"), ["action":"wrongpassword"], CONTINUE_ON_FAILURE): Call Test Case 'Test Cases/Mobile/Page/Login/Login' successfully

2022-03-10 09:46:44 - [TEST_CASE][PASSED] - Test Cases/Mobile/Page/Login/Login: Test Cases/Mobile/Page/Login/Login

2022-03-10 09:46:44 - [TEST_STEP][PASSED] - delay(2): Delayed 2 second(s)

2022-03-10 09:46:46 - [MESSAGE][PASSED] - Delayed 2 second(s)

2022-03-10 09:46:46 - [TEST_STEP][PASSED] - for ([i = 0, i < 1, (i++)]): null

2022-03-10 09:46:46 - [TEST_STEP][PASSED] - if (action == "username"): null

2022-03-10 09:46:46 - [TEST_STEP][PASSED] - else if (action == "wrongpassword"): null

2022-03-10 09:46:46 - [TEST_STEP][PASSED] - tap(LOGN_EdtUserID, 0): Tapped on element 'Object Repository/Mobile/Page/Login/Input - UserID'

2022-03-10 09:46:46 - [MESSAGE][WARNING] - Timeout '0' is invalid. Using default page load timeout: '60'

2022-03-10 09:46:47 - [MESSAGE][PASSED] - Tapped on element 'Object Repository/Mobile/Page/Login/Input - UserID'

2022-03-10 09:46:47 - [TEST_STEP][PASSED] - delay(1): Delayed 1 second(s)

2022-03-10 09:46:48 - [MESSAGE][PASSED] - Delayed 1 second(s)

2022-03-10 09:46:48 - [TEST_STEP][PASSED] - setText(LOGN_EdtRdyUserID, "anggaaditya", 0): Text 'anggaaditya' has been set to element 'Object Repository/Mobile/Page/Login/Input Rdy - UserID'

2022-03-10 09:46:48 - [MESSAGE][WARNING] - Timeout '0' is invalid. Using default page load timeout: '60'

2022-03-10 09:46:49 - [MESSAGE][PASSED] - Text 'anggaaditya' has been set to element 'Object Repository/Mobile/Page/Login/Input Rdy - UserID'

2022-03-10 09:46:49 - [TEST_STEP][PASSED] - delay(1): Delayed 1 second(s)

2022-03-10 09:46:50 - [MESSAGE][PASSED] - Delayed 1 second(s)

2022-03-10 09:46:50 - [TEST_STEP][PASSED] - hideKeyboard(): Keyboard is hidden

2022-03-10 09:46:53 - [MESSAGE][PASSED] - Keyboard is hidden

2022-03-10 09:46:53 - [TEST_STEP][PASSED] - tap(LOGN_EdtPassword, 0): Tapped on element 'Object Repository/Mobile/Page/Login/Input - Password'

2022-03-10 09:46:53 - [MESSAGE][WARNING] - Timeout '0' is invalid. Using default page load timeout: '60'

2022-03-10 09:46:53 - [MESSAGE][PASSED] - Tapped on element 'Object Repository/Mobile/Page/Login/Input - Password'

2022-03-10 09:46:53 - [TEST_STEP][PASSED] - delay(1): Delayed 1 second(s)

2022-03-10 09:46:54 - [MESSAGE][PASSED] - Delayed 1 second(s)

2022-03-10 09:46:54 - [TEST_STEP][PASSED] - setText(LOGN_EdtRdyPassword, "Shalawa181", 0): Text 'Shalawa181' has been set to element 'Object Repository/Mobile/Page/Login/Input Rdy - Password'

2022-03-10 09:46:54 - [MESSAGE][WARNING] - Timeout '0' is invalid. Using default page load timeout: '60'

2022-03-10 09:46:55 - [MESSAGE][PASSED] - Text 'Shalawa181' has been set to element 'Object Repository/Mobile/Page/Login/Input Rdy - Password'

2022-03-10 09:46:55 - [TEST_STEP][PASSED] - delay(1): Delayed 1 second(s)

2022-03-10 09:46:56 - [MESSAGE][PASSED] - Delayed 1 second(s)

2022-03-10 09:46:56 - [TEST_STEP][PASSED] - hideKeyboard(): Keyboard is hidden

2022-03-10 09:47:02 - [MESSAGE][PASSED] - Keyboard is hidden

2022-03-10 09:47:02 - [TEST_STEP][PASSED] - tap(LOGN_BtnLogin, 0): Tapped on element 'Object Repository/Mobile/Page/Login/Button - Login'

2022-03-10 09:47:02 - [MESSAGE][WARNING] - Timeout '0' is invalid. Using default page load timeout: '60'

2022-03-10 09:47:03 - [MESSAGE][PASSED] - Tapped on element 'Object Repository/Mobile/Page/Login/Button - Login'

2022-03-10 09:47:03 - [TEST_STEP][PASSED] - delay(2): Delayed 2 second(s)

2022-03-10 09:47:05 - [MESSAGE][PASSED] - Delayed 2 second(s)

2022-03-10 09:47:05 - [TEST_STEP][PASSED] - verify = verifyElementExist(LOGN_AlertInvalidCredentials, 5, STOP_ON_FAILURE): Element 'Object Repository/Mobile/Page/Login/Alert - Invalid credentials' is exist

2022-03-10 09:47:05 - [MESSAGE][PASSED] - Element 'Object Repository/Mobile/Page/Login/Alert - Invalid credentials' is exist

2022-03-10 09:47:05 - [TEST_STEP][PASSED] - break: null

2022-03-10 09:47:05 - [MESSAGE][PASSED] - Call Test Case 'Test Cases/Mobile/Page/Login/Login' successfully

2022-03-10 09:47:05 - [TEST_STEP][PASSED] - callTestCase(findTestCase("Mobile/Page/Run App/Terminate App"), [:], STOP_ON_FAILURE): Call Test Case 'Test Cases/Mobile/Page/Run App/Terminate App' successfully

2022-03-10 09:47:05 - [TEST_CASE][PASSED] - Test Cases/Mobile/Page/Run App/Terminate App: Test Cases/Mobile/Page/Run App/Terminate App

2022-03-10 09:47:05 - [TEST_STEP][PASSED] - startApp.OpenApp.terminateApplication(): startApp.OpenApp.terminateApplication is PASSED

2022-03-10 09:47:08 - [MESSAGE][PASSED] - Delayed 3 second(s)

2022-03-10 09:47:09 - [MESSAGE][PASSED] - Current device physical width is 720

2022-03-10 09:47:09 - [MESSAGE][PASSED] - Current device physical height is 1423

2022-03-10 09:47:10 - [MESSAGE][PASSED] - Swiped from 360,853 to 360,142

2022-03-10 09:47:11 - [MESSAGE][PASSED] - Delayed 1 second(s)

2022-03-10 09:47:12 - [MESSAGE][PASSED] - Swiped from 360,853 to 360,142

2022-03-10 09:47:15 - [MESSAGE][PASSED] - Delayed 3 second(s)

2022-03-10 09:47:15 - [MESSAGE][PASSED] - startApp.OpenApp.terminateApplication is PASSED

2022-03-10 09:47:15 - [MESSAGE][PASSED] - Call Test Case 'Test Cases/Mobile/Page/Run App/Terminate App' successfully]]></system-out>
         <system-err><![CDATA[]]></system-err>
      </testcase>
      <testcase name="Test Cases/Mobile/Scenario/Login/003 - Login tanpa internet" time="56.787" classname="Test Cases/Mobile/Scenario/Login/003 - Login tanpa internet" status="PASSED">
         <system-out><![CDATA[2022-03-10 09:47:15 - [TEST_CASE][PASSED] - Test Cases/Mobile/Scenario/Login/003 - Login tanpa internet: Test Cases/Mobile/Scenario/Login/003 - Login tanpa internet

2022-03-10 09:47:16 - [TEST_STEP][PASSED] - callTestCase(findTestCase("Mobile/Page/Run App/Run App byID"), [:], STOP_ON_FAILURE): Call Test Case 'Test Cases/Mobile/Page/Run App/Run App byID' successfully

2022-03-10 09:47:16 - [TEST_CASE][PASSED] - Test Cases/Mobile/Page/Run App/Run App byID: Test Cases/Mobile/Page/Run App/Run App byID

2022-03-10 09:47:16 - [TEST_STEP][PASSED] - startApp.OpenApp.startApplication("id.co.miraeasset.sageclub"): startApp.OpenApp.startApplication is PASSED

2022-03-10 09:47:28 - [MESSAGE][PASSED] - Starting app with application ID: 'id.co.miraeasset.sageclub'

2022-03-10 09:47:28 - [MESSAGE][PASSED] - startApp.OpenApp.startApplication is PASSED

2022-03-10 09:47:28 - [MESSAGE][PASSED] - Call Test Case 'Test Cases/Mobile/Page/Run App/Run App byID' successfully

2022-03-10 09:47:28 - [TEST_STEP][PASSED] - callTestCase(findTestCase("Mobile/Page/Login/Login"), ["action":"nointernet"], CONTINUE_ON_FAILURE): Call Test Case 'Test Cases/Mobile/Page/Login/Login' successfully

2022-03-10 09:47:28 - [TEST_CASE][PASSED] - Test Cases/Mobile/Page/Login/Login: Test Cases/Mobile/Page/Login/Login

2022-03-10 09:47:28 - [TEST_STEP][PASSED] - delay(2): Delayed 2 second(s)

2022-03-10 09:47:30 - [MESSAGE][PASSED] - Delayed 2 second(s)

2022-03-10 09:47:30 - [TEST_STEP][PASSED] - for ([i = 0, i < 1, (i++)]): null

2022-03-10 09:47:30 - [TEST_STEP][PASSED] - if (action == "username"): null

2022-03-10 09:47:30 - [TEST_STEP][PASSED] - else if (action == "wrongpassword"): null

2022-03-10 09:47:30 - [TEST_STEP][PASSED] - else if (action == "nointernet"): null

2022-03-10 09:47:30 - [TEST_STEP][PASSED] - scroll.scroll.scrollNotificationBar(): scroll.scroll.scrollNotificationBar is PASSED

2022-03-10 09:47:30 - [MESSAGE][PASSED] - Current device physical height is 1423

2022-03-10 09:47:32 - [MESSAGE][PASSED] - Swiped from 50,50 to 50,1,138

2022-03-10 09:47:32 - [MESSAGE][PASSED] - scroll.scroll.scrollNotificationBar is PASSED

2022-03-10 09:47:32 - [TEST_STEP][PASSED] - delay(1): Delayed 1 second(s)

2022-03-10 09:47:33 - [MESSAGE][PASSED] - Delayed 1 second(s)

2022-03-10 09:47:33 - [TEST_STEP][PASSED] - tap(OTHR_BtnWifi, 0): Tapped on element 'Object Repository/Mobile/Page/Others/Button - Mobile Data'

2022-03-10 09:47:33 - [MESSAGE][WARNING] - Timeout '0' is invalid. Using default page load timeout: '60'

2022-03-10 09:47:34 - [MESSAGE][PASSED] - Tapped on element 'Object Repository/Mobile/Page/Others/Button - Mobile Data'

2022-03-10 09:47:34 - [TEST_STEP][PASSED] - delay(1): Delayed 1 second(s)

2022-03-10 09:47:35 - [MESSAGE][PASSED] - Delayed 1 second(s)

2022-03-10 09:47:35 - [TEST_STEP][PASSED] - pressBack(): Press back button successfully

2022-03-10 09:47:35 - [MESSAGE][PASSED] - Press back button successfully

2022-03-10 09:47:35 - [TEST_STEP][PASSED] - tap(LOGN_EdtUserID, 0): Tapped on element 'Object Repository/Mobile/Page/Login/Input - UserID'

2022-03-10 09:47:35 - [MESSAGE][WARNING] - Timeout '0' is invalid. Using default page load timeout: '60'

2022-03-10 09:47:36 - [MESSAGE][PASSED] - Tapped on element 'Object Repository/Mobile/Page/Login/Input - UserID'

2022-03-10 09:47:36 - [TEST_STEP][PASSED] - delay(1): Delayed 1 second(s)

2022-03-10 09:47:37 - [MESSAGE][PASSED] - Delayed 1 second(s)

2022-03-10 09:47:37 - [TEST_STEP][PASSED] - setText(LOGN_EdtRdyUserID, "anggaaditya", 0): Text 'anggaaditya' has been set to element 'Object Repository/Mobile/Page/Login/Input Rdy - UserID'

2022-03-10 09:47:37 - [MESSAGE][WARNING] - Timeout '0' is invalid. Using default page load timeout: '60'

2022-03-10 09:47:38 - [MESSAGE][PASSED] - Text 'anggaaditya' has been set to element 'Object Repository/Mobile/Page/Login/Input Rdy - UserID'

2022-03-10 09:47:38 - [TEST_STEP][PASSED] - delay(1): Delayed 1 second(s)

2022-03-10 09:47:39 - [MESSAGE][PASSED] - Delayed 1 second(s)

2022-03-10 09:47:39 - [TEST_STEP][PASSED] - hideKeyboard(): Keyboard is hidden

2022-03-10 09:47:43 - [MESSAGE][PASSED] - Keyboard is hidden

2022-03-10 09:47:43 - [TEST_STEP][PASSED] - tap(LOGN_EdtPassword, 0): Tapped on element 'Object Repository/Mobile/Page/Login/Input - Password'

2022-03-10 09:47:43 - [MESSAGE][WARNING] - Timeout '0' is invalid. Using default page load timeout: '60'

2022-03-10 09:47:43 - [MESSAGE][PASSED] - Tapped on element 'Object Repository/Mobile/Page/Login/Input - Password'

2022-03-10 09:47:43 - [TEST_STEP][PASSED] - delay(1): Delayed 1 second(s)

2022-03-10 09:47:44 - [MESSAGE][PASSED] - Delayed 1 second(s)

2022-03-10 09:47:44 - [TEST_STEP][PASSED] - setText(LOGN_EdtRdyPassword, "Shalawa18", 0): Text 'Shalawa18' has been set to element 'Object Repository/Mobile/Page/Login/Input Rdy - Password'

2022-03-10 09:47:44 - [MESSAGE][WARNING] - Timeout '0' is invalid. Using default page load timeout: '60'

2022-03-10 09:47:45 - [MESSAGE][PASSED] - Text 'Shalawa18' has been set to element 'Object Repository/Mobile/Page/Login/Input Rdy - Password'

2022-03-10 09:47:45 - [TEST_STEP][PASSED] - delay(1): Delayed 1 second(s)

2022-03-10 09:47:46 - [MESSAGE][PASSED] - Delayed 1 second(s)

2022-03-10 09:47:46 - [TEST_STEP][PASSED] - hideKeyboard(): Keyboard is hidden

2022-03-10 09:47:52 - [MESSAGE][PASSED] - Keyboard is hidden

2022-03-10 09:47:52 - [TEST_STEP][PASSED] - tap(LOGN_BtnLogin, 0): Tapped on element 'Object Repository/Mobile/Page/Login/Button - Login'

2022-03-10 09:47:52 - [MESSAGE][WARNING] - Timeout '0' is invalid. Using default page load timeout: '60'

2022-03-10 09:47:53 - [MESSAGE][PASSED] - Tapped on element 'Object Repository/Mobile/Page/Login/Button - Login'

2022-03-10 09:47:53 - [TEST_STEP][PASSED] - delay(2): Delayed 2 second(s)

2022-03-10 09:47:55 - [MESSAGE][PASSED] - Delayed 2 second(s)

2022-03-10 09:47:55 - [TEST_STEP][PASSED] - verify = verifyElementExist(LOGN_AlertCheckYourNetwork, 5, STOP_ON_FAILURE): Element 'Object Repository/Mobile/Page/Login/Alert - Check your network' is exist

2022-03-10 09:47:55 - [MESSAGE][PASSED] - Element 'Object Repository/Mobile/Page/Login/Alert - Check your network' is exist

2022-03-10 09:47:55 - [TEST_STEP][PASSED] - scroll.scroll.scrollNotificationBar(): scroll.scroll.scrollNotificationBar is PASSED

2022-03-10 09:47:55 - [MESSAGE][PASSED] - Current device physical height is 1423

2022-03-10 09:47:57 - [MESSAGE][PASSED] - Swiped from 50,50 to 50,1,138

2022-03-10 09:47:57 - [MESSAGE][PASSED] - scroll.scroll.scrollNotificationBar is PASSED

2022-03-10 09:47:57 - [TEST_STEP][PASSED] - delay(1): Delayed 1 second(s)

2022-03-10 09:47:58 - [MESSAGE][PASSED] - Delayed 1 second(s)

2022-03-10 09:47:58 - [TEST_STEP][PASSED] - tap(OTHR_BtnWifi, 0): Tapped on element 'Object Repository/Mobile/Page/Others/Button - Mobile Data'

2022-03-10 09:47:58 - [MESSAGE][WARNING] - Timeout '0' is invalid. Using default page load timeout: '60'

2022-03-10 09:47:59 - [MESSAGE][PASSED] - Tapped on element 'Object Repository/Mobile/Page/Others/Button - Mobile Data'

2022-03-10 09:47:59 - [TEST_STEP][PASSED] - delay(1): Delayed 1 second(s)

2022-03-10 09:48:00 - [MESSAGE][PASSED] - Delayed 1 second(s)

2022-03-10 09:48:00 - [TEST_STEP][PASSED] - pressBack(): Press back button successfully

2022-03-10 09:48:01 - [MESSAGE][PASSED] - Press back button successfully

2022-03-10 09:48:01 - [TEST_STEP][PASSED] - break: null

2022-03-10 09:48:01 - [MESSAGE][PASSED] - Call Test Case 'Test Cases/Mobile/Page/Login/Login' successfully

2022-03-10 09:48:01 - [TEST_STEP][PASSED] - callTestCase(findTestCase("Mobile/Page/Run App/Terminate App"), [:], STOP_ON_FAILURE): Call Test Case 'Test Cases/Mobile/Page/Run App/Terminate App' successfully

2022-03-10 09:48:01 - [TEST_CASE][PASSED] - Test Cases/Mobile/Page/Run App/Terminate App: Test Cases/Mobile/Page/Run App/Terminate App

2022-03-10 09:48:01 - [TEST_STEP][PASSED] - startApp.OpenApp.terminateApplication(): startApp.OpenApp.terminateApplication is PASSED

2022-03-10 09:48:05 - [MESSAGE][PASSED] - Delayed 3 second(s)

2022-03-10 09:48:05 - [MESSAGE][PASSED] - Current device physical width is 720

2022-03-10 09:48:06 - [MESSAGE][PASSED] - Current device physical height is 1423

2022-03-10 09:48:07 - [MESSAGE][PASSED] - Swiped from 360,853 to 360,142

2022-03-10 09:48:08 - [MESSAGE][PASSED] - Delayed 1 second(s)

2022-03-10 09:48:09 - [MESSAGE][PASSED] - Swiped from 360,853 to 360,142

2022-03-10 09:48:12 - [MESSAGE][PASSED] - Delayed 3 second(s)

2022-03-10 09:48:12 - [MESSAGE][PASSED] - startApp.OpenApp.terminateApplication is PASSED

2022-03-10 09:48:12 - [MESSAGE][PASSED] - Call Test Case 'Test Cases/Mobile/Page/Run App/Terminate App' successfully]]></system-out>
         <system-err><![CDATA[]]></system-err>
      </testcase>
      <testcase name="Test Cases/Mobile/Scenario/Login/004 - Login dengan mengaktifkan visible password" time="42.494" classname="Test Cases/Mobile/Scenario/Login/004 - Login dengan mengaktifkan visible password" status="PASSED">
         <system-out><![CDATA[2022-03-10 09:48:12 - [TEST_CASE][PASSED] - Test Cases/Mobile/Scenario/Login/004 - Login dengan mengaktifkan visible password: Test Cases/Mobile/Scenario/Login/004 - Login dengan mengaktifkan visible password

2022-03-10 09:48:12 - [TEST_STEP][PASSED] - callTestCase(findTestCase("Mobile/Page/Run App/Run App byID"), [:], STOP_ON_FAILURE): Call Test Case 'Test Cases/Mobile/Page/Run App/Run App byID' successfully

2022-03-10 09:48:13 - [TEST_CASE][PASSED] - Test Cases/Mobile/Page/Run App/Run App byID: Test Cases/Mobile/Page/Run App/Run App byID

2022-03-10 09:48:13 - [TEST_STEP][PASSED] - startApp.OpenApp.startApplication("id.co.miraeasset.sageclub"): startApp.OpenApp.startApplication is PASSED

2022-03-10 09:48:24 - [MESSAGE][PASSED] - Starting app with application ID: 'id.co.miraeasset.sageclub'

2022-03-10 09:48:24 - [MESSAGE][PASSED] - startApp.OpenApp.startApplication is PASSED

2022-03-10 09:48:24 - [MESSAGE][PASSED] - Call Test Case 'Test Cases/Mobile/Page/Run App/Run App byID' successfully

2022-03-10 09:48:24 - [TEST_STEP][PASSED] - callTestCase(findTestCase("Mobile/Page/Login/Login"), ["action":"visiblepassword"], CONTINUE_ON_FAILURE): Call Test Case 'Test Cases/Mobile/Page/Login/Login' successfully

2022-03-10 09:48:24 - [TEST_CASE][PASSED] - Test Cases/Mobile/Page/Login/Login: Test Cases/Mobile/Page/Login/Login

2022-03-10 09:48:24 - [TEST_STEP][PASSED] - delay(2): Delayed 2 second(s)

2022-03-10 09:48:26 - [MESSAGE][PASSED] - Delayed 2 second(s)

2022-03-10 09:48:26 - [TEST_STEP][PASSED] - for ([i = 0, i < 1, (i++)]): null

2022-03-10 09:48:26 - [TEST_STEP][PASSED] - if (action == "username"): null

2022-03-10 09:48:26 - [TEST_STEP][PASSED] - else if (action == "wrongpassword"): null

2022-03-10 09:48:26 - [TEST_STEP][PASSED] - else if (action == "nointernet"): null

2022-03-10 09:48:26 - [TEST_STEP][PASSED] - else if (action == "visiblepassword"): null

2022-03-10 09:48:26 - [TEST_STEP][PASSED] - tap(LOGN_EdtUserID, 0): Tapped on element 'Object Repository/Mobile/Page/Login/Input - UserID'

2022-03-10 09:48:26 - [MESSAGE][WARNING] - Timeout '0' is invalid. Using default page load timeout: '60'

2022-03-10 09:48:27 - [MESSAGE][PASSED] - Tapped on element 'Object Repository/Mobile/Page/Login/Input - UserID'

2022-03-10 09:48:27 - [TEST_STEP][PASSED] - delay(1): Delayed 1 second(s)

2022-03-10 09:48:28 - [MESSAGE][PASSED] - Delayed 1 second(s)

2022-03-10 09:48:28 - [TEST_STEP][PASSED] - setText(LOGN_EdtRdyUserID, "anggaaditya", 0): Text 'anggaaditya' has been set to element 'Object Repository/Mobile/Page/Login/Input Rdy - UserID'

2022-03-10 09:48:28 - [MESSAGE][WARNING] - Timeout '0' is invalid. Using default page load timeout: '60'

2022-03-10 09:48:29 - [MESSAGE][PASSED] - Text 'anggaaditya' has been set to element 'Object Repository/Mobile/Page/Login/Input Rdy - UserID'

2022-03-10 09:48:29 - [TEST_STEP][PASSED] - delay(1): Delayed 1 second(s)

2022-03-10 09:48:30 - [MESSAGE][PASSED] - Delayed 1 second(s)

2022-03-10 09:48:30 - [TEST_STEP][PASSED] - hideKeyboard(): Keyboard is hidden

2022-03-10 09:48:33 - [MESSAGE][PASSED] - Keyboard is hidden

2022-03-10 09:48:33 - [TEST_STEP][PASSED] - top = getElementTopPosition(LOGN_EdtPassword, 0): Object 'Object Repository/Mobile/Page/Login/Input - Password' has top position '842'

2022-03-10 09:48:33 - [MESSAGE][WARNING] - Timeout '0' is invalid. Using default page load timeout: '60'

2022-03-10 09:48:33 - [MESSAGE][PASSED] - Object 'Object Repository/Mobile/Page/Login/Input - Password' has top position '842'

2022-03-10 09:48:33 - [TEST_STEP][PASSED] - left = getElementLeftPosition(LOGN_EdtPassword, 0): Object 'Object Repository/Mobile/Page/Login/Input - Password' has left position '32'

2022-03-10 09:48:33 - [MESSAGE][WARNING] - Timeout '0' is invalid. Using default page load timeout: '60'

2022-03-10 09:48:33 - [MESSAGE][PASSED] - Object 'Object Repository/Mobile/Page/Login/Input - Password' has left position '32'

2022-03-10 09:48:33 - [TEST_STEP][PASSED] - x = left + getElementWidth(LOGN_EdtPassword, 0) * 0.9: Object 'Object Repository/Mobile/Page/Login/Input - Password' has width: '657'

2022-03-10 09:48:33 - [MESSAGE][WARNING] - Timeout '0' is invalid. Using default page load timeout: '60'

2022-03-10 09:48:34 - [MESSAGE][PASSED] - Object 'Object Repository/Mobile/Page/Login/Input - Password' has width: '657'

2022-03-10 09:48:34 - [TEST_STEP][PASSED] - y = top + getElementHeight(LOGN_EdtPassword, 0) / 2: Object 'Object Repository/Mobile/Page/Login/Input - Password' has height: '84'

2022-03-10 09:48:34 - [MESSAGE][WARNING] - Timeout '0' is invalid. Using default page load timeout: '60'

2022-03-10 09:48:34 - [MESSAGE][PASSED] - Object 'Object Repository/Mobile/Page/Login/Input - Password' has height: '84'

2022-03-10 09:48:34 - [TEST_STEP][PASSED] - tapAtPosition(x, y): Tapped at [623, 884]

2022-03-10 09:48:34 - [MESSAGE][PASSED] - Tapped at [623, 884]

2022-03-10 09:48:34 - [TEST_STEP][PASSED] - delay(1): Delayed 1 second(s)

2022-03-10 09:48:35 - [MESSAGE][PASSED] - Delayed 1 second(s)

2022-03-10 09:48:35 - [TEST_STEP][PASSED] - tap(LOGN_EdtPassword, 0): Tapped on element 'Object Repository/Mobile/Page/Login/Input - Password'

2022-03-10 09:48:35 - [MESSAGE][WARNING] - Timeout '0' is invalid. Using default page load timeout: '60'

2022-03-10 09:48:35 - [MESSAGE][PASSED] - Tapped on element 'Object Repository/Mobile/Page/Login/Input - Password'

2022-03-10 09:48:35 - [TEST_STEP][PASSED] - delay(1): Delayed 1 second(s)

2022-03-10 09:48:36 - [MESSAGE][PASSED] - Delayed 1 second(s)

2022-03-10 09:48:36 - [TEST_STEP][PASSED] - setText(LOGN_EdtRdyPassword, "Shalawa18", 0): Text 'Shalawa18' has been set to element 'Object Repository/Mobile/Page/Login/Input Rdy - Password'

2022-03-10 09:48:36 - [MESSAGE][WARNING] - Timeout '0' is invalid. Using default page load timeout: '60'

2022-03-10 09:48:37 - [MESSAGE][PASSED] - Text 'Shalawa18' has been set to element 'Object Repository/Mobile/Page/Login/Input Rdy - Password'

2022-03-10 09:48:37 - [TEST_STEP][PASSED] - delay(1): Delayed 1 second(s)

2022-03-10 09:48:38 - [MESSAGE][PASSED] - Delayed 1 second(s)

2022-03-10 09:48:38 - [TEST_STEP][PASSED] - hideKeyboard(): Keyboard is hidden

2022-03-10 09:48:41 - [MESSAGE][PASSED] - Keyboard is hidden

2022-03-10 09:48:41 - [TEST_STEP][PASSED] - tap(LOGN_BtnLogin, 0): Tapped on element 'Object Repository/Mobile/Page/Login/Button - Login'

2022-03-10 09:48:41 - [MESSAGE][WARNING] - Timeout '0' is invalid. Using default page load timeout: '60'

2022-03-10 09:48:42 - [MESSAGE][PASSED] - Tapped on element 'Object Repository/Mobile/Page/Login/Button - Login'

2022-03-10 09:48:42 - [TEST_STEP][PASSED] - delay(2): Delayed 2 second(s)

2022-03-10 09:48:44 - [MESSAGE][PASSED] - Delayed 2 second(s)

2022-03-10 09:48:44 - [TEST_STEP][PASSED] - break: null

2022-03-10 09:48:44 - [MESSAGE][PASSED] - Call Test Case 'Test Cases/Mobile/Page/Login/Login' successfully

2022-03-10 09:48:44 - [TEST_STEP][PASSED] - callTestCase(findTestCase("Mobile/Page/Run App/Terminate App"), [:], STOP_ON_FAILURE): Call Test Case 'Test Cases/Mobile/Page/Run App/Terminate App' successfully

2022-03-10 09:48:45 - [TEST_CASE][PASSED] - Test Cases/Mobile/Page/Run App/Terminate App: Test Cases/Mobile/Page/Run App/Terminate App

2022-03-10 09:48:45 - [TEST_STEP][PASSED] - startApp.OpenApp.terminateApplication(): startApp.OpenApp.terminateApplication is PASSED

2022-03-10 09:48:48 - [MESSAGE][PASSED] - Delayed 3 second(s)

2022-03-10 09:48:48 - [MESSAGE][PASSED] - Current device physical width is 720

2022-03-10 09:48:48 - [MESSAGE][PASSED] - Current device physical height is 1423

2022-03-10 09:48:49 - [MESSAGE][PASSED] - Swiped from 360,853 to 360,142

2022-03-10 09:48:50 - [MESSAGE][PASSED] - Delayed 1 second(s)

2022-03-10 09:48:52 - [MESSAGE][PASSED] - Swiped from 360,853 to 360,142

2022-03-10 09:48:55 - [MESSAGE][PASSED] - Delayed 3 second(s)

2022-03-10 09:48:55 - [MESSAGE][PASSED] - startApp.OpenApp.terminateApplication is PASSED

2022-03-10 09:48:55 - [MESSAGE][PASSED] - Call Test Case 'Test Cases/Mobile/Page/Run App/Terminate App' successfully]]></system-out>
         <system-err><![CDATA[]]></system-err>
      </testcase>
      <testcase name="Test Cases/Mobile/Scenario/Login/005 - Login menggunakan username dengan membatalkan fingerprint" time="47.926" classname="Test Cases/Mobile/Scenario/Login/005 - Login menggunakan username dengan membatalkan fingerprint" status="PASSED">
         <system-out><![CDATA[2022-03-10 09:48:55 - [TEST_CASE][PASSED] - Test Cases/Mobile/Scenario/Login/005 - Login menggunakan username dengan membatalkan fingerprint: Test Cases/Mobile/Scenario/Login/005 - Login menggunakan username dengan membatalkan fingerprint

2022-03-10 09:48:55 - [TEST_STEP][PASSED] - callTestCase(findTestCase("Mobile/Page/Run App/Run App byID"), [:], STOP_ON_FAILURE): Call Test Case 'Test Cases/Mobile/Page/Run App/Run App byID' successfully

2022-03-10 09:48:55 - [TEST_CASE][PASSED] - Test Cases/Mobile/Page/Run App/Run App byID: Test Cases/Mobile/Page/Run App/Run App byID

2022-03-10 09:48:55 - [TEST_STEP][PASSED] - startApp.OpenApp.startApplication("id.co.miraeasset.sageclub"): startApp.OpenApp.startApplication is PASSED

2022-03-10 09:49:06 - [MESSAGE][PASSED] - Starting app with application ID: 'id.co.miraeasset.sageclub'

2022-03-10 09:49:06 - [MESSAGE][PASSED] - startApp.OpenApp.startApplication is PASSED

2022-03-10 09:49:06 - [MESSAGE][PASSED] - Call Test Case 'Test Cases/Mobile/Page/Run App/Run App byID' successfully

2022-03-10 09:49:06 - [TEST_STEP][PASSED] - callTestCase(findTestCase("Mobile/Page/Login/Login"), ["action":"cancelfingerprint"], CONTINUE_ON_FAILURE): Call Test Case 'Test Cases/Mobile/Page/Login/Login' successfully

2022-03-10 09:49:07 - [TEST_CASE][PASSED] - Test Cases/Mobile/Page/Login/Login: Test Cases/Mobile/Page/Login/Login

2022-03-10 09:49:07 - [TEST_STEP][PASSED] - delay(2): Delayed 2 second(s)

2022-03-10 09:49:09 - [MESSAGE][PASSED] - Delayed 2 second(s)

2022-03-10 09:49:09 - [TEST_STEP][PASSED] - for ([i = 0, i < 1, (i++)]): Delayed 2 second(s)

2022-03-10 09:49:09 - [TEST_STEP][PASSED] - if (action == "username"): null

2022-03-10 09:49:09 - [TEST_STEP][PASSED] - else if (action == "wrongpassword"): null

2022-03-10 09:49:09 - [TEST_STEP][PASSED] - else if (action == "nointernet"): null

2022-03-10 09:49:09 - [TEST_STEP][PASSED] - else if (action == "visiblepassword"): null

2022-03-10 09:49:09 - [TEST_STEP][PASSED] - else if (action == "cancelfingerprint"): Delayed 2 second(s)

2022-03-10 09:49:09 - [TEST_STEP][PASSED] - tap(LOGN_BtnFingerprint, 0): Tapped on element 'Object Repository/Mobile/Page/Login/Button - Fingerprint'

2022-03-10 09:49:09 - [MESSAGE][WARNING] - Timeout '0' is invalid. Using default page load timeout: '60'

2022-03-10 09:49:09 - [MESSAGE][PASSED] - Tapped on element 'Object Repository/Mobile/Page/Login/Button - Fingerprint'

2022-03-10 09:49:09 - [TEST_STEP][PASSED] - delay(1): Delayed 1 second(s)

2022-03-10 09:49:10 - [MESSAGE][PASSED] - Delayed 1 second(s)

2022-03-10 09:49:10 - [TEST_STEP][PASSED] - pressBack(): Press back button successfully

2022-03-10 09:49:11 - [MESSAGE][PASSED] - Press back button successfully

2022-03-10 09:49:11 - [TEST_STEP][PASSED] - delay(1): Delayed 1 second(s)

2022-03-10 09:49:12 - [MESSAGE][PASSED] - Delayed 1 second(s)

2022-03-10 09:49:12 - [TEST_STEP][PASSED] - tap(LOGN_EdtUserID, 0): Tapped on element 'Object Repository/Mobile/Page/Login/Input - UserID'

2022-03-10 09:49:12 - [MESSAGE][WARNING] - Timeout '0' is invalid. Using default page load timeout: '60'

2022-03-10 09:49:13 - [MESSAGE][PASSED] - Tapped on element 'Object Repository/Mobile/Page/Login/Input - UserID'

2022-03-10 09:49:13 - [TEST_STEP][PASSED] - delay(1): Delayed 1 second(s)

2022-03-10 09:49:14 - [MESSAGE][PASSED] - Delayed 1 second(s)

2022-03-10 09:49:14 - [TEST_STEP][PASSED] - setText(LOGN_EdtRdyUserID, "anggaaditya", 0): Text 'anggaaditya' has been set to element 'Object Repository/Mobile/Page/Login/Input Rdy - UserID'

2022-03-10 09:49:14 - [MESSAGE][WARNING] - Timeout '0' is invalid. Using default page load timeout: '60'

2022-03-10 09:49:14 - [MESSAGE][PASSED] - Text 'anggaaditya' has been set to element 'Object Repository/Mobile/Page/Login/Input Rdy - UserID'

2022-03-10 09:49:14 - [TEST_STEP][PASSED] - delay(1): Delayed 1 second(s)

2022-03-10 09:49:15 - [MESSAGE][PASSED] - Delayed 1 second(s)

2022-03-10 09:49:15 - [TEST_STEP][PASSED] - hideKeyboard(): Keyboard is hidden

2022-03-10 09:49:19 - [MESSAGE][PASSED] - Keyboard is hidden

2022-03-10 09:49:19 - [TEST_STEP][PASSED] - tap(LOGN_EdtPassword, 0): Tapped on element 'Object Repository/Mobile/Page/Login/Input - Password'

2022-03-10 09:49:19 - [MESSAGE][WARNING] - Timeout '0' is invalid. Using default page load timeout: '60'

2022-03-10 09:49:19 - [MESSAGE][PASSED] - Tapped on element 'Object Repository/Mobile/Page/Login/Input - Password'

2022-03-10 09:49:19 - [TEST_STEP][PASSED] - delay(1): Delayed 1 second(s)

2022-03-10 09:49:20 - [MESSAGE][PASSED] - Delayed 1 second(s)

2022-03-10 09:49:20 - [TEST_STEP][PASSED] - setText(LOGN_EdtRdyPassword, "Shalawa18", 0): Text 'Shalawa18' has been set to element 'Object Repository/Mobile/Page/Login/Input Rdy - Password'

2022-03-10 09:49:20 - [MESSAGE][WARNING] - Timeout '0' is invalid. Using default page load timeout: '60'

2022-03-10 09:49:21 - [MESSAGE][PASSED] - Text 'Shalawa18' has been set to element 'Object Repository/Mobile/Page/Login/Input Rdy - Password'

2022-03-10 09:49:21 - [TEST_STEP][PASSED] - delay(1): Delayed 1 second(s)

2022-03-10 09:49:22 - [MESSAGE][PASSED] - Delayed 1 second(s)

2022-03-10 09:49:22 - [TEST_STEP][PASSED] - hideKeyboard(): Keyboard is hidden

2022-03-10 09:49:28 - [MESSAGE][PASSED] - Keyboard is hidden

2022-03-10 09:49:28 - [TEST_STEP][PASSED] - tap(LOGN_BtnLogin, 0): Tapped on element 'Object Repository/Mobile/Page/Login/Button - Login'

2022-03-10 09:49:28 - [MESSAGE][WARNING] - Timeout '0' is invalid. Using default page load timeout: '60'

2022-03-10 09:49:29 - [MESSAGE][PASSED] - Tapped on element 'Object Repository/Mobile/Page/Login/Button - Login'

2022-03-10 09:49:29 - [TEST_STEP][PASSED] - delay(2): Delayed 2 second(s)

2022-03-10 09:49:31 - [MESSAGE][PASSED] - Delayed 2 second(s)

2022-03-10 09:49:31 - [MESSAGE][PASSED] - Call Test Case 'Test Cases/Mobile/Page/Login/Login' successfully

2022-03-10 09:49:31 - [TEST_STEP][PASSED] - callTestCase(findTestCase("Mobile/Page/Run App/Terminate App"), [:], STOP_ON_FAILURE): Call Test Case 'Test Cases/Mobile/Page/Run App/Terminate App' successfully

2022-03-10 09:49:31 - [TEST_CASE][PASSED] - Test Cases/Mobile/Page/Run App/Terminate App: Test Cases/Mobile/Page/Run App/Terminate App

2022-03-10 09:49:31 - [TEST_STEP][PASSED] - startApp.OpenApp.terminateApplication(): startApp.OpenApp.terminateApplication is PASSED

2022-03-10 09:49:36 - [MESSAGE][PASSED] - Delayed 3 second(s)

2022-03-10 09:49:36 - [MESSAGE][PASSED] - Current device physical width is 720

2022-03-10 09:49:36 - [MESSAGE][PASSED] - Current device physical height is 1423

2022-03-10 09:49:37 - [MESSAGE][PASSED] - Swiped from 360,853 to 360,142

2022-03-10 09:49:38 - [MESSAGE][PASSED] - Delayed 1 second(s)

2022-03-10 09:49:40 - [MESSAGE][PASSED] - Swiped from 360,853 to 360,142

2022-03-10 09:49:43 - [MESSAGE][PASSED] - Delayed 3 second(s)

2022-03-10 09:49:43 - [MESSAGE][PASSED] - startApp.OpenApp.terminateApplication is PASSED

2022-03-10 09:49:43 - [MESSAGE][PASSED] - Call Test Case 'Test Cases/Mobile/Page/Run App/Terminate App' successfully]]></system-out>
         <system-err><![CDATA[]]></system-err>
      </testcase>
      <system-out><![CDATA[2022-03-10 09:45:23 - [TEST_SUITE][PASSED] - login: Test Cases/Mobile/Scenario/Login/005 - Login menggunakan username dengan membatalkan fingerprint]]></system-out>
      <system-err><![CDATA[]]></system-err>
   </testsuite>
</testsuites>
