<?xml version="1.0" encoding="UTF-8"?>
<testsuites name="analysis" time="475.876" tests="7" failures="0" skips="0" errors="0">
   <testsuite name="analysis" tests="7" failures="0" errors="0" time="475.876" skips="0" timestamp="2022-02-24 11:05:30" hostname="Owner - aldy-tft" id="Test Suites/analysis">
      <properties>
         <property name="deviceName" value="samsung SM-A205F (Android 11)"/>
         <property name="devicePlatform" value=""/>
         <property name="logFolder" value="C:\\Users\\Owner\\Documents\\kerjaan\\KatalonProject\\qa_katalon_pwm\\qa_katalon_pwm\\Reports\\20220224_110502\\analysis\\20220224_110504"/>
         <property name="logFiles" value="C:\\Users\\Owner\\Documents\\kerjaan\\KatalonProject\\qa_katalon_pwm\\qa_katalon_pwm\\Reports\\20220224_110502\\analysis\\20220224_110504\\appium.log, C:\\Users\\Owner\\Documents\\kerjaan\\KatalonProject\\qa_katalon_pwm\\qa_katalon_pwm\\Reports\\20220224_110502\\analysis\\20220224_110504\\execution0.log"/>
         <property name="attachments" value=""/>
         <property name="hostName" value="Owner - aldy-tft"/>
         <property name="os" value="Windows 10 64bit"/>
         <property name="appiumServerStatus" value="{&quot;value&quot;:{&quot;build&quot;:{&quot;version&quot;:&quot;1.22.0&quot;}},&quot;sessionId&quot;:null,&quot;status&quot;:0}"/>
         <property name="katalonVersion" value="7.9.1.208"/>
         <property name="deviceOS" value="Android"/>
         <property name="appiumVersion" value="1.22.0"/>
         <property name="deviceModel" value="SM-A205F"/>
         <property name="hostAddress" value="192.168.100.14"/>
         <property name="deviceManufacturer" value="samsung"/>
         <property name="deviceId" value="RR8M40C9AXE"/>
         <property name="deviceName" value="samsung SM-A205F (Android 11)"/>
         <property name="deviceOSVersion" value="11"/>
      </properties>
      <testcase name="Test Cases/Mobile/Scenario/Analysis/001 - Melihat list stock technical analysis" time="89.177" classname="Test Cases/Mobile/Scenario/Analysis/001 - Melihat list stock technical analysis" status="PASSED">
         <system-out><![CDATA[2022-02-24 11:05:31 - [TEST_CASE][PASSED] - Test Cases/Mobile/Scenario/Analysis/001 - Melihat list stock technical analysis: Test Cases/Mobile/Scenario/Analysis/001 - Melihat list stock technical analysis

2022-02-24 11:05:31 - [TEST_STEP][PASSED] - callTestCase(findTestCase("Mobile/Page/Run App/Run App byID"), [:], STOP_ON_FAILURE): Call Test Case 'Test Cases/Mobile/Page/Run App/Run App byID' successfully

2022-02-24 11:05:32 - [TEST_CASE][PASSED] - Test Cases/Mobile/Page/Run App/Run App byID: Test Cases/Mobile/Page/Run App/Run App byID

2022-02-24 11:05:32 - [TEST_STEP][PASSED] - startApp.OpenApp.startApplication("id.co.miraeasset.sageclub"): startApp.OpenApp.startApplication is PASSED

2022-02-24 11:05:34 - [MESSAGE][INFO] - Appium server started on port 61,089

2022-02-24 11:05:50 - [MESSAGE][PASSED] - Starting app with application ID: 'id.co.miraeasset.sageclub'

2022-02-24 11:05:50 - [MESSAGE][PASSED] - startApp.OpenApp.startApplication is PASSED

2022-02-24 11:05:50 - [MESSAGE][PASSED] - Call Test Case 'Test Cases/Mobile/Page/Run App/Run App byID' successfully

2022-02-24 11:05:50 - [TEST_STEP][PASSED] - callTestCase(findTestCase("Mobile/Page/Analysis/Analysis"), ["action":"technicalsearch"], CONTINUE_ON_FAILURE): Call Test Case 'Test Cases/Mobile/Page/Analysis/Analysis' successfully

2022-02-24 11:05:50 - [TEST_CASE][PASSED] - Test Cases/Mobile/Page/Analysis/Analysis: Test Cases/Mobile/Page/Analysis/Analysis

2022-02-24 11:05:50 - [TEST_STEP][PASSED] - callTestCase(findTestCase("Mobile/Page/CheckLogin"), [:], CONTINUE_ON_FAILURE): Call Test Case 'Test Cases/Mobile/Page/CheckLogin' successfully

2022-02-24 11:05:50 - [TEST_CASE][PASSED] - Test Cases/Mobile/Page/CheckLogin: Test Cases/Mobile/Page/CheckLogin

2022-02-24 11:05:51 - [TEST_STEP][PASSED] - loginCheck = verifyElementExist(LOGN_BtnLogin, 5, CONTINUE_ON_FAILURE): Element 'Object Repository/Mobile/Page/Login/Button - Login' is exist

2022-02-24 11:05:51 - [MESSAGE][WARNING] - Test object with id 'Object Repository/Mobile/Page/Analysis/Button - Open With Just Once' does not exist

2022-02-24 11:05:51 - [MESSAGE][WARNING] - Test object with id 'Object Repository/Mobile/Page/Analysis/Button - Search' does not exist

2022-02-24 11:05:52 - [MESSAGE][WARNING] - Test object with id 'Object Repository/Mobile/Page/Home/Button -  Add Watchlist' does not exist

2022-02-24 11:05:52 - [MESSAGE][WARNING] - Test object with id 'Object Repository/Mobile/Page/Home/Button - Open with Just Once' does not exist

2022-02-24 11:05:52 - [MESSAGE][WARNING] - Test object with id 'Object Repository/Mobile/Page/Home/Container - Notification' does not exist

2022-02-24 11:05:53 - [MESSAGE][WARNING] - Test object with id 'Object Repository/Mobile/Page/Home/Watchlist/Input - Search' does not exist

2022-02-24 11:05:53 - [MESSAGE][WARNING] - Test object with id 'Object Repository/Mobile/Page/Home/Watchlist/Item - Top Search' does not exist

2022-02-24 11:05:53 - [MESSAGE][WARNING] - Test object with id 'Object Repository/Mobile/Page/Home/Watchlist/Detail Watchlist/Input - Expiry Date' does not exist

2022-02-24 11:05:53 - [MESSAGE][WARNING] - Test object with id 'Object Repository/Mobile/Page/Home/Watchlist/Detail Watchlist/Item - Watchlist' does not exist

2022-02-24 11:05:54 - [MESSAGE][WARNING] - Test object with id 'Object Repository/Mobile/Page/NavigationMenu/Button - Open Just Once' does not exist

2022-02-24 11:05:54 - [MESSAGE][WARNING] - Test object with id 'Object Repository/Mobile/Page/NavigationMenu/Container - Logout' does not exist

2022-02-24 11:05:57 - [MESSAGE][WARNING] - Test object with id 'Object Repository/Mobile/Page/Analysis/Button - Open With Just Once' does not exist

2022-02-24 11:05:57 - [MESSAGE][WARNING] - Test object with id 'Object Repository/Mobile/Page/Analysis/Button - Search' does not exist

2022-02-24 11:05:58 - [MESSAGE][WARNING] - Test object with id 'Object Repository/Mobile/Page/Home/Button -  Add Watchlist' does not exist

2022-02-24 11:05:58 - [MESSAGE][WARNING] - Test object with id 'Object Repository/Mobile/Page/Home/Button - Open with Just Once' does not exist

2022-02-24 11:05:58 - [MESSAGE][WARNING] - Test object with id 'Object Repository/Mobile/Page/Home/Container - Notification' does not exist

2022-02-24 11:05:59 - [MESSAGE][WARNING] - Test object with id 'Object Repository/Mobile/Page/Home/Watchlist/Input - Search' does not exist

2022-02-24 11:05:59 - [MESSAGE][WARNING] - Test object with id 'Object Repository/Mobile/Page/Home/Watchlist/Item - Top Search' does not exist

2022-02-24 11:05:59 - [MESSAGE][WARNING] - Test object with id 'Object Repository/Mobile/Page/Home/Watchlist/Detail Watchlist/Input - Expiry Date' does not exist

2022-02-24 11:05:59 - [MESSAGE][WARNING] - Test object with id 'Object Repository/Mobile/Page/Home/Watchlist/Detail Watchlist/Item - Watchlist' does not exist

2022-02-24 11:06:00 - [MESSAGE][WARNING] - Test object with id 'Object Repository/Mobile/Page/NavigationMenu/Button - Open Just Once' does not exist

2022-02-24 11:06:00 - [MESSAGE][WARNING] - Test object with id 'Object Repository/Mobile/Page/NavigationMenu/Container - Logout' does not exist

2022-02-24 11:06:03 - [MESSAGE][PASSED] - Element 'Object Repository/Mobile/Page/Login/Button - Login' is exist

2022-02-24 11:06:03 - [TEST_STEP][PASSED] - if (loginCheck): Call Test Case 'Test Cases/Mobile/Page/Login/Login' successfully

2022-02-24 11:06:03 - [TEST_STEP][PASSED] - callTestCase(findTestCase("Mobile/Page/Login/Login"), ["action":"username"], CONTINUE_ON_FAILURE): Call Test Case 'Test Cases/Mobile/Page/Login/Login' successfully

2022-02-24 11:06:04 - [TEST_CASE][PASSED] - Test Cases/Mobile/Page/Login/Login: Test Cases/Mobile/Page/Login/Login

2022-02-24 11:06:04 - [TEST_STEP][PASSED] - delay(2): Delayed 2 second(s)

2022-02-24 11:06:06 - [MESSAGE][PASSED] - Delayed 2 second(s)

2022-02-24 11:06:06 - [TEST_STEP][PASSED] - for ([i = 0, i < 1, (i++)]): null

2022-02-24 11:06:06 - [TEST_STEP][PASSED] - if (action == "username"): null

2022-02-24 11:06:06 - [TEST_STEP][PASSED] - tap(LOGN_EdtUserID, 0): Tapped on element 'Object Repository/Mobile/Page/Login/Input - UserID'

2022-02-24 11:06:06 - [MESSAGE][WARNING] - Timeout '0' is invalid. Using default page load timeout: '60'

2022-02-24 11:06:06 - [MESSAGE][PASSED] - Tapped on element 'Object Repository/Mobile/Page/Login/Input - UserID'

2022-02-24 11:06:06 - [TEST_STEP][PASSED] - delay(1): Delayed 1 second(s)

2022-02-24 11:06:07 - [MESSAGE][PASSED] - Delayed 1 second(s)

2022-02-24 11:06:07 - [TEST_STEP][PASSED] - setText(LOGN_EdtRdyUserID, "anggaaditya", 0): Text 'anggaaditya' has been set to element 'Object Repository/Mobile/Page/Login/Input Rdy - UserID'

2022-02-24 11:06:07 - [MESSAGE][WARNING] - Timeout '0' is invalid. Using default page load timeout: '60'

2022-02-24 11:06:08 - [MESSAGE][PASSED] - Text 'anggaaditya' has been set to element 'Object Repository/Mobile/Page/Login/Input Rdy - UserID'

2022-02-24 11:06:08 - [TEST_STEP][PASSED] - delay(1): Delayed 1 second(s)

2022-02-24 11:06:09 - [MESSAGE][PASSED] - Delayed 1 second(s)

2022-02-24 11:06:09 - [TEST_STEP][PASSED] - hideKeyboard(): Keyboard is hidden

2022-02-24 11:06:13 - [MESSAGE][PASSED] - Keyboard is hidden

2022-02-24 11:06:13 - [TEST_STEP][PASSED] - tap(LOGN_EdtPassword, 0): Tapped on element 'Object Repository/Mobile/Page/Login/Input - Password'

2022-02-24 11:06:13 - [MESSAGE][WARNING] - Timeout '0' is invalid. Using default page load timeout: '60'

2022-02-24 11:06:14 - [MESSAGE][PASSED] - Tapped on element 'Object Repository/Mobile/Page/Login/Input - Password'

2022-02-24 11:06:14 - [TEST_STEP][PASSED] - delay(1): Delayed 1 second(s)

2022-02-24 11:06:15 - [MESSAGE][PASSED] - Delayed 1 second(s)

2022-02-24 11:06:15 - [TEST_STEP][PASSED] - setText(LOGN_EdtRdyPassword, "Shalawa18", 0): Text 'Shalawa18' has been set to element 'Object Repository/Mobile/Page/Login/Input Rdy - Password'

2022-02-24 11:06:15 - [MESSAGE][WARNING] - Timeout '0' is invalid. Using default page load timeout: '60'

2022-02-24 11:06:15 - [MESSAGE][PASSED] - Text 'Shalawa18' has been set to element 'Object Repository/Mobile/Page/Login/Input Rdy - Password'

2022-02-24 11:06:15 - [TEST_STEP][PASSED] - delay(1): Delayed 1 second(s)

2022-02-24 11:06:16 - [MESSAGE][PASSED] - Delayed 1 second(s)

2022-02-24 11:06:16 - [TEST_STEP][PASSED] - hideKeyboard(): Keyboard is hidden

2022-02-24 11:06:22 - [MESSAGE][PASSED] - Keyboard is hidden

2022-02-24 11:06:22 - [TEST_STEP][PASSED] - tap(LOGN_BtnLogin, 0): Tapped on element 'Object Repository/Mobile/Page/Login/Button - Login'

2022-02-24 11:06:22 - [MESSAGE][WARNING] - Timeout '0' is invalid. Using default page load timeout: '60'

2022-02-24 11:06:23 - [MESSAGE][PASSED] - Tapped on element 'Object Repository/Mobile/Page/Login/Button - Login'

2022-02-24 11:06:23 - [TEST_STEP][PASSED] - delay(2): Delayed 2 second(s)

2022-02-24 11:06:25 - [MESSAGE][PASSED] - Delayed 2 second(s)

2022-02-24 11:06:25 - [TEST_STEP][PASSED] - break: null

2022-02-24 11:06:25 - [MESSAGE][PASSED] - Call Test Case 'Test Cases/Mobile/Page/Login/Login' successfully

2022-02-24 11:06:25 - [MESSAGE][PASSED] - Call Test Case 'Test Cases/Mobile/Page/CheckLogin' successfully

2022-02-24 11:06:25 - [TEST_STEP][PASSED] - tap(HOME_MenubarAnalysis, 0): Tapped on element 'Object Repository/Mobile/Page/Home/Menubar - Analysis'

2022-02-24 11:06:25 - [MESSAGE][WARNING] - Timeout '0' is invalid. Using default page load timeout: '60'

2022-02-24 11:06:27 - [MESSAGE][PASSED] - Tapped on element 'Object Repository/Mobile/Page/Home/Menubar - Analysis'

2022-02-24 11:06:27 - [TEST_STEP][PASSED] - delay(3): Delayed 3 second(s)

2022-02-24 11:06:30 - [MESSAGE][PASSED] - Delayed 3 second(s)

2022-02-24 11:06:30 - [TEST_STEP][PASSED] - for ([i = 0, i < 1, (i++)]): Delayed 2 second(s)

2022-02-24 11:06:30 - [TEST_STEP][PASSED] - if (action == "technicalsearch"): Delayed 2 second(s)

2022-02-24 11:06:30 - [TEST_STEP][PASSED] - tap(ANAL_DropTechIndicator, 0): Tapped on element 'Object Repository/Mobile/Page/Analysis/Dropdown - Technical Indicator'

2022-02-24 11:06:30 - [MESSAGE][WARNING] - Timeout '0' is invalid. Using default page load timeout: '60'

2022-02-24 11:06:32 - [MESSAGE][PASSED] - Tapped on element 'Object Repository/Mobile/Page/Analysis/Dropdown - Technical Indicator'

2022-02-24 11:06:32 - [TEST_STEP][PASSED] - delay(1): Delayed 1 second(s)

2022-02-24 11:06:33 - [MESSAGE][PASSED] - Delayed 1 second(s)

2022-02-24 11:06:33 - [TEST_STEP][PASSED] - tap(ANAL_OptTechIndicatorAll, 0): Tapped on element 'Object Repository/Mobile/Page/Analysis/Option Technical Indicator - All'

2022-02-24 11:06:33 - [MESSAGE][WARNING] - Timeout '0' is invalid. Using default page load timeout: '60'

2022-02-24 11:06:34 - [MESSAGE][PASSED] - Tapped on element 'Object Repository/Mobile/Page/Analysis/Option Technical Indicator - All'

2022-02-24 11:06:34 - [TEST_STEP][PASSED] - delay(1): Delayed 1 second(s)

2022-02-24 11:06:35 - [MESSAGE][PASSED] - Delayed 1 second(s)

2022-02-24 11:06:35 - [TEST_STEP][PASSED] - tap(ANAL_DropMarketCap, 0): Tapped on element 'Object Repository/Mobile/Page/Analysis/Dropdown - Market Cap'

2022-02-24 11:06:35 - [MESSAGE][WARNING] - Timeout '0' is invalid. Using default page load timeout: '60'

2022-02-24 11:06:36 - [MESSAGE][PASSED] - Tapped on element 'Object Repository/Mobile/Page/Analysis/Dropdown - Market Cap'

2022-02-24 11:06:36 - [TEST_STEP][PASSED] - delay(1): Delayed 1 second(s)

2022-02-24 11:06:37 - [MESSAGE][PASSED] - Delayed 1 second(s)

2022-02-24 11:06:37 - [TEST_STEP][PASSED] - tap(ANAL_OptMarketCap1T, 0): Tapped on element 'Object Repository/Mobile/Page/Analysis/Option Market Cap - 1 Trillion'

2022-02-24 11:06:37 - [MESSAGE][WARNING] - Timeout '0' is invalid. Using default page load timeout: '60'

2022-02-24 11:06:38 - [MESSAGE][PASSED] - Tapped on element 'Object Repository/Mobile/Page/Analysis/Option Market Cap - 1 Trillion'

2022-02-24 11:06:38 - [TEST_STEP][PASSED] - delay(1): Delayed 1 second(s)

2022-02-24 11:06:39 - [MESSAGE][PASSED] - Delayed 1 second(s)

2022-02-24 11:06:39 - [TEST_STEP][PASSED] - tap(ANAL_DropTransaction, 0): Tapped on element 'Object Repository/Mobile/Page/Analysis/Dropdown - Transaction'

2022-02-24 11:06:39 - [MESSAGE][WARNING] - Timeout '0' is invalid. Using default page load timeout: '60'

2022-02-24 11:06:39 - [MESSAGE][PASSED] - Tapped on element 'Object Repository/Mobile/Page/Analysis/Dropdown - Transaction'

2022-02-24 11:06:39 - [TEST_STEP][PASSED] - delay(1): Delayed 1 second(s)

2022-02-24 11:06:40 - [MESSAGE][PASSED] - Delayed 1 second(s)

2022-02-24 11:06:40 - [TEST_STEP][PASSED] - tap(ANAL_OptTransaction10B, 0): Tapped on element 'Object Repository/Mobile/Page/Analysis/Option Transaction - 10 Billion'

2022-02-24 11:06:40 - [MESSAGE][WARNING] - Timeout '0' is invalid. Using default page load timeout: '60'

2022-02-24 11:06:41 - [MESSAGE][PASSED] - Tapped on element 'Object Repository/Mobile/Page/Analysis/Option Transaction - 10 Billion'

2022-02-24 11:06:41 - [TEST_STEP][PASSED] - delay(1): Delayed 1 second(s)

2022-02-24 11:06:42 - [MESSAGE][PASSED] - Delayed 1 second(s)

2022-02-24 11:06:42 - [TEST_STEP][PASSED] - tap(ANAL_DropTimeFrame, 0): Tapped on element 'Object Repository/Mobile/Page/Analysis/Dropdown - Time Frame'

2022-02-24 11:06:42 - [MESSAGE][WARNING] - Timeout '0' is invalid. Using default page load timeout: '60'

2022-02-24 11:06:43 - [MESSAGE][PASSED] - Tapped on element 'Object Repository/Mobile/Page/Analysis/Dropdown - Time Frame'

2022-02-24 11:06:43 - [TEST_STEP][PASSED] - delay(1): Delayed 1 second(s)

2022-02-24 11:06:44 - [MESSAGE][PASSED] - Delayed 1 second(s)

2022-02-24 11:06:44 - [TEST_STEP][PASSED] - tap(ANAL_OptTimeFrameDaily, 0): Tapped on element 'Object Repository/Mobile/Page/Analysis/Option Time Frame - Daily'

2022-02-24 11:06:44 - [MESSAGE][WARNING] - Timeout '0' is invalid. Using default page load timeout: '60'

2022-02-24 11:06:45 - [MESSAGE][PASSED] - Tapped on element 'Object Repository/Mobile/Page/Analysis/Option Time Frame - Daily'

2022-02-24 11:06:45 - [TEST_STEP][PASSED] - delay(1): Delayed 1 second(s)

2022-02-24 11:06:46 - [MESSAGE][PASSED] - Delayed 1 second(s)

2022-02-24 11:06:46 - [TEST_STEP][PASSED] - tap(ANAL_DropIndex, 0): Tapped on element 'Object Repository/Mobile/Page/Analysis/Dropdown - Index'

2022-02-24 11:06:46 - [MESSAGE][WARNING] - Timeout '0' is invalid. Using default page load timeout: '60'

2022-02-24 11:06:46 - [MESSAGE][PASSED] - Tapped on element 'Object Repository/Mobile/Page/Analysis/Dropdown - Index'

2022-02-24 11:06:46 - [TEST_STEP][PASSED] - delay(1): Delayed 1 second(s)

2022-02-24 11:06:47 - [MESSAGE][PASSED] - Delayed 1 second(s)

2022-02-24 11:06:47 - [TEST_STEP][PASSED] - tap(ANAL_OptIndexIdx30, 0): Tapped on element 'Object Repository/Mobile/Page/Analysis/Option Index - Idx30'

2022-02-24 11:06:47 - [MESSAGE][WARNING] - Timeout '0' is invalid. Using default page load timeout: '60'

2022-02-24 11:06:48 - [MESSAGE][PASSED] - Tapped on element 'Object Repository/Mobile/Page/Analysis/Option Index - Idx30'

2022-02-24 11:06:48 - [TEST_STEP][PASSED] - delay(2): Delayed 2 second(s)

2022-02-24 11:06:50 - [MESSAGE][PASSED] - Delayed 2 second(s)

2022-02-24 11:06:50 - [MESSAGE][PASSED] - Call Test Case 'Test Cases/Mobile/Page/Analysis/Analysis' successfully

2022-02-24 11:06:50 - [TEST_STEP][PASSED] - callTestCase(findTestCase("Mobile/Page/Run App/Terminate App"), [:], STOP_ON_FAILURE): Call Test Case 'Test Cases/Mobile/Page/Run App/Terminate App' successfully

2022-02-24 11:06:50 - [TEST_CASE][PASSED] - Test Cases/Mobile/Page/Run App/Terminate App: Test Cases/Mobile/Page/Run App/Terminate App

2022-02-24 11:06:50 - [TEST_STEP][PASSED] - startApp.OpenApp.terminateApplication(): startApp.OpenApp.terminateApplication is PASSED

2022-02-24 11:06:53 - [MESSAGE][PASSED] - Delayed 3 second(s)

2022-02-24 11:06:53 - [MESSAGE][PASSED] - Current device physical width is 720

2022-02-24 11:06:54 - [MESSAGE][PASSED] - Current device physical height is 1423

2022-02-24 11:06:55 - [MESSAGE][PASSED] - Swiped from 360,853 to 360,142

2022-02-24 11:06:56 - [MESSAGE][PASSED] - Delayed 1 second(s)

2022-02-24 11:06:57 - [MESSAGE][PASSED] - Swiped from 360,853 to 360,142

2022-02-24 11:07:00 - [MESSAGE][PASSED] - Delayed 3 second(s)

2022-02-24 11:07:00 - [MESSAGE][PASSED] - startApp.OpenApp.terminateApplication is PASSED

2022-02-24 11:07:00 - [MESSAGE][PASSED] - Call Test Case 'Test Cases/Mobile/Page/Run App/Terminate App' successfully]]></system-out>
         <system-err><![CDATA[]]></system-err>
      </testcase>
      <testcase name="Test Cases/Mobile/Scenario/Analysis/002 - Melihat detail stock kategori day" time="64.001" classname="Test Cases/Mobile/Scenario/Analysis/002 - Melihat detail stock kategori day" status="PASSED">
         <system-out><![CDATA[2022-02-24 11:07:00 - [TEST_CASE][PASSED] - Test Cases/Mobile/Scenario/Analysis/002 - Melihat detail stock kategori day: Test Cases/Mobile/Scenario/Analysis/002 - Melihat detail stock kategori day

2022-02-24 11:07:01 - [TEST_STEP][PASSED] - callTestCase(findTestCase("Mobile/Page/Run App/Run App byID"), [:], STOP_ON_FAILURE): Call Test Case 'Test Cases/Mobile/Page/Run App/Run App byID' successfully

2022-02-24 11:07:01 - [TEST_CASE][PASSED] - Test Cases/Mobile/Page/Run App/Run App byID: Test Cases/Mobile/Page/Run App/Run App byID

2022-02-24 11:07:01 - [TEST_STEP][PASSED] - startApp.OpenApp.startApplication("id.co.miraeasset.sageclub"): startApp.OpenApp.startApplication is PASSED

2022-02-24 11:07:12 - [MESSAGE][PASSED] - Starting app with application ID: 'id.co.miraeasset.sageclub'

2022-02-24 11:07:12 - [MESSAGE][PASSED] - startApp.OpenApp.startApplication is PASSED

2022-02-24 11:07:12 - [MESSAGE][PASSED] - Call Test Case 'Test Cases/Mobile/Page/Run App/Run App byID' successfully

2022-02-24 11:07:12 - [TEST_STEP][PASSED] - callTestCase(findTestCase("Mobile/Page/Analysis/Analysis"), ["action":"technicaldetail", "action2":"day"], CONTINUE_ON_FAILURE): Call Test Case 'Test Cases/Mobile/Page/Analysis/Analysis' successfully

2022-02-24 11:07:13 - [TEST_CASE][PASSED] - Test Cases/Mobile/Page/Analysis/Analysis: Test Cases/Mobile/Page/Analysis/Analysis

2022-02-24 11:07:13 - [TEST_STEP][PASSED] - callTestCase(findTestCase("Mobile/Page/CheckLogin"), [:], CONTINUE_ON_FAILURE): Call Test Case 'Test Cases/Mobile/Page/CheckLogin' successfully

2022-02-24 11:07:13 - [TEST_CASE][PASSED] - Test Cases/Mobile/Page/CheckLogin: Test Cases/Mobile/Page/CheckLogin

2022-02-24 11:07:13 - [TEST_STEP][PASSED] - loginCheck = verifyElementExist(LOGN_BtnLogin, 5, CONTINUE_ON_FAILURE): Element 'Object Repository/Mobile/Page/Login/Button - Login' is exist

2022-02-24 11:07:15 - [MESSAGE][PASSED] - Element 'Object Repository/Mobile/Page/Login/Button - Login' is exist

2022-02-24 11:07:15 - [TEST_STEP][PASSED] - if (loginCheck): Call Test Case 'Test Cases/Mobile/Page/Login/Login' successfully

2022-02-24 11:07:15 - [TEST_STEP][PASSED] - callTestCase(findTestCase("Mobile/Page/Login/Login"), ["action":"username"], CONTINUE_ON_FAILURE): Call Test Case 'Test Cases/Mobile/Page/Login/Login' successfully

2022-02-24 11:07:15 - [TEST_CASE][PASSED] - Test Cases/Mobile/Page/Login/Login: Test Cases/Mobile/Page/Login/Login

2022-02-24 11:07:15 - [TEST_STEP][PASSED] - delay(2): Delayed 2 second(s)

2022-02-24 11:07:17 - [MESSAGE][PASSED] - Delayed 2 second(s)

2022-02-24 11:07:17 - [TEST_STEP][PASSED] - for ([i = 0, i < 1, (i++)]): null

2022-02-24 11:07:17 - [TEST_STEP][PASSED] - if (action == "username"): null

2022-02-24 11:07:17 - [TEST_STEP][PASSED] - tap(LOGN_EdtUserID, 0): Tapped on element 'Object Repository/Mobile/Page/Login/Input - UserID'

2022-02-24 11:07:17 - [MESSAGE][WARNING] - Timeout '0' is invalid. Using default page load timeout: '60'

2022-02-24 11:07:17 - [MESSAGE][PASSED] - Tapped on element 'Object Repository/Mobile/Page/Login/Input - UserID'

2022-02-24 11:07:17 - [TEST_STEP][PASSED] - delay(1): Delayed 1 second(s)

2022-02-24 11:07:18 - [MESSAGE][PASSED] - Delayed 1 second(s)

2022-02-24 11:07:18 - [TEST_STEP][PASSED] - setText(LOGN_EdtRdyUserID, "anggaaditya", 0): Text 'anggaaditya' has been set to element 'Object Repository/Mobile/Page/Login/Input Rdy - UserID'

2022-02-24 11:07:18 - [MESSAGE][WARNING] - Timeout '0' is invalid. Using default page load timeout: '60'

2022-02-24 11:07:19 - [MESSAGE][PASSED] - Text 'anggaaditya' has been set to element 'Object Repository/Mobile/Page/Login/Input Rdy - UserID'

2022-02-24 11:07:19 - [TEST_STEP][PASSED] - delay(1): Delayed 1 second(s)

2022-02-24 11:07:20 - [MESSAGE][PASSED] - Delayed 1 second(s)

2022-02-24 11:07:20 - [TEST_STEP][PASSED] - hideKeyboard(): Keyboard is hidden

2022-02-24 11:07:24 - [MESSAGE][PASSED] - Keyboard is hidden

2022-02-24 11:07:24 - [TEST_STEP][PASSED] - tap(LOGN_EdtPassword, 0): Tapped on element 'Object Repository/Mobile/Page/Login/Input - Password'

2022-02-24 11:07:24 - [MESSAGE][WARNING] - Timeout '0' is invalid. Using default page load timeout: '60'

2022-02-24 11:07:24 - [MESSAGE][PASSED] - Tapped on element 'Object Repository/Mobile/Page/Login/Input - Password'

2022-02-24 11:07:24 - [TEST_STEP][PASSED] - delay(1): Delayed 1 second(s)

2022-02-24 11:07:25 - [MESSAGE][PASSED] - Delayed 1 second(s)

2022-02-24 11:07:25 - [TEST_STEP][PASSED] - setText(LOGN_EdtRdyPassword, "Shalawa18", 0): Text 'Shalawa18' has been set to element 'Object Repository/Mobile/Page/Login/Input Rdy - Password'

2022-02-24 11:07:25 - [MESSAGE][WARNING] - Timeout '0' is invalid. Using default page load timeout: '60'

2022-02-24 11:07:26 - [MESSAGE][PASSED] - Text 'Shalawa18' has been set to element 'Object Repository/Mobile/Page/Login/Input Rdy - Password'

2022-02-24 11:07:26 - [TEST_STEP][PASSED] - delay(1): Delayed 1 second(s)

2022-02-24 11:07:27 - [MESSAGE][PASSED] - Delayed 1 second(s)

2022-02-24 11:07:27 - [TEST_STEP][PASSED] - hideKeyboard(): Keyboard is hidden

2022-02-24 11:07:34 - [MESSAGE][PASSED] - Keyboard is hidden

2022-02-24 11:07:34 - [TEST_STEP][PASSED] - tap(LOGN_BtnLogin, 0): Tapped on element 'Object Repository/Mobile/Page/Login/Button - Login'

2022-02-24 11:07:34 - [MESSAGE][WARNING] - Timeout '0' is invalid. Using default page load timeout: '60'

2022-02-24 11:07:34 - [MESSAGE][PASSED] - Tapped on element 'Object Repository/Mobile/Page/Login/Button - Login'

2022-02-24 11:07:34 - [TEST_STEP][PASSED] - delay(2): Delayed 2 second(s)

2022-02-24 11:07:36 - [MESSAGE][PASSED] - Delayed 2 second(s)

2022-02-24 11:07:36 - [TEST_STEP][PASSED] - break: null

2022-02-24 11:07:36 - [MESSAGE][PASSED] - Call Test Case 'Test Cases/Mobile/Page/Login/Login' successfully

2022-02-24 11:07:36 - [MESSAGE][PASSED] - Call Test Case 'Test Cases/Mobile/Page/CheckLogin' successfully

2022-02-24 11:07:36 - [TEST_STEP][PASSED] - tap(HOME_MenubarAnalysis, 0): Tapped on element 'Object Repository/Mobile/Page/Home/Menubar - Analysis'

2022-02-24 11:07:36 - [MESSAGE][WARNING] - Timeout '0' is invalid. Using default page load timeout: '60'

2022-02-24 11:07:38 - [MESSAGE][PASSED] - Tapped on element 'Object Repository/Mobile/Page/Home/Menubar - Analysis'

2022-02-24 11:07:38 - [TEST_STEP][PASSED] - delay(3): Delayed 3 second(s)

2022-02-24 11:07:41 - [MESSAGE][PASSED] - Delayed 3 second(s)

2022-02-24 11:07:41 - [TEST_STEP][PASSED] - for ([i = 0, i < 1, (i++)]): Delayed 2 second(s)

2022-02-24 11:07:41 - [TEST_STEP][PASSED] - if (action == "technicalsearch"): null

2022-02-24 11:07:41 - [TEST_STEP][PASSED] - else if (action == "technicaldetail"): Delayed 2 second(s)

2022-02-24 11:07:41 - [TEST_STEP][PASSED] - tapAndHold(ANAL_ItemTopResultTech, 1, 0): Tapped and held on element 'Object Repository/Mobile/Page/Analysis/Item - Top Technical' with duration 1

2022-02-24 11:07:41 - [MESSAGE][WARNING] - Timeout '0' is invalid. Using default page load timeout: '60'

2022-02-24 11:07:44 - [MESSAGE][PASSED] - Tapped and held on element 'Object Repository/Mobile/Page/Analysis/Item - Top Technical' with duration 1

2022-02-24 11:07:44 - [TEST_STEP][PASSED] - delay(5): Delayed 5 second(s)

2022-02-24 11:07:49 - [MESSAGE][PASSED] - Delayed 5 second(s)

2022-02-24 11:07:49 - [TEST_STEP][PASSED] - switch (action2): null

2022-02-24 11:07:49 - [TEST_STEP][PASSED] - case "day":: null

2022-02-24 11:07:49 - [TEST_STEP][PASSED] - tapAndHold(ANAL_DETL_BtnD, 1, 0): Tapped and held on element 'Object Repository/Mobile/Page/Analysis/Detail/Button - D' with duration 1

2022-02-24 11:07:49 - [MESSAGE][WARNING] - Timeout '0' is invalid. Using default page load timeout: '60'

2022-02-24 11:07:52 - [MESSAGE][PASSED] - Tapped and held on element 'Object Repository/Mobile/Page/Analysis/Detail/Button - D' with duration 1

2022-02-24 11:07:52 - [TEST_STEP][PASSED] - break: null

2022-02-24 11:07:52 - [TEST_STEP][PASSED] - delay(2): Delayed 2 second(s)

2022-02-24 11:07:54 - [MESSAGE][PASSED] - Delayed 2 second(s)

2022-02-24 11:07:54 - [MESSAGE][PASSED] - Call Test Case 'Test Cases/Mobile/Page/Analysis/Analysis' successfully

2022-02-24 11:07:54 - [TEST_STEP][PASSED] - callTestCase(findTestCase("Mobile/Page/Run App/Terminate App"), [:], STOP_ON_FAILURE): Call Test Case 'Test Cases/Mobile/Page/Run App/Terminate App' successfully

2022-02-24 11:07:54 - [TEST_CASE][PASSED] - Test Cases/Mobile/Page/Run App/Terminate App: Test Cases/Mobile/Page/Run App/Terminate App

2022-02-24 11:07:54 - [TEST_STEP][PASSED] - startApp.OpenApp.terminateApplication(): startApp.OpenApp.terminateApplication is PASSED

2022-02-24 11:07:57 - [MESSAGE][PASSED] - Delayed 3 second(s)

2022-02-24 11:07:57 - [MESSAGE][PASSED] - Current device physical width is 720

2022-02-24 11:07:58 - [MESSAGE][PASSED] - Current device physical height is 1423

2022-02-24 11:07:59 - [MESSAGE][PASSED] - Swiped from 360,853 to 360,142

2022-02-24 11:08:00 - [MESSAGE][PASSED] - Delayed 1 second(s)

2022-02-24 11:08:01 - [MESSAGE][PASSED] - Swiped from 360,853 to 360,142

2022-02-24 11:08:04 - [MESSAGE][PASSED] - Delayed 3 second(s)

2022-02-24 11:08:04 - [MESSAGE][PASSED] - startApp.OpenApp.terminateApplication is PASSED

2022-02-24 11:08:04 - [MESSAGE][PASSED] - Call Test Case 'Test Cases/Mobile/Page/Run App/Terminate App' successfully]]></system-out>
         <system-err><![CDATA[]]></system-err>
      </testcase>
      <testcase name="Test Cases/Mobile/Scenario/Analysis/003 - Melihat detail stock kategori week" time="62.54" classname="Test Cases/Mobile/Scenario/Analysis/003 - Melihat detail stock kategori week" status="PASSED">
         <system-out><![CDATA[2022-02-24 11:08:04 - [TEST_CASE][PASSED] - Test Cases/Mobile/Scenario/Analysis/003 - Melihat detail stock kategori week: Test Cases/Mobile/Scenario/Analysis/003 - Melihat detail stock kategori week

2022-02-24 11:08:04 - [TEST_STEP][PASSED] - callTestCase(findTestCase("Mobile/Page/Run App/Run App byID"), [:], STOP_ON_FAILURE): Call Test Case 'Test Cases/Mobile/Page/Run App/Run App byID' successfully

2022-02-24 11:08:05 - [TEST_CASE][PASSED] - Test Cases/Mobile/Page/Run App/Run App byID: Test Cases/Mobile/Page/Run App/Run App byID

2022-02-24 11:08:05 - [TEST_STEP][PASSED] - startApp.OpenApp.startApplication("id.co.miraeasset.sageclub"): startApp.OpenApp.startApplication is PASSED

2022-02-24 11:08:16 - [MESSAGE][PASSED] - Starting app with application ID: 'id.co.miraeasset.sageclub'

2022-02-24 11:08:16 - [MESSAGE][PASSED] - startApp.OpenApp.startApplication is PASSED

2022-02-24 11:08:16 - [MESSAGE][PASSED] - Call Test Case 'Test Cases/Mobile/Page/Run App/Run App byID' successfully

2022-02-24 11:08:16 - [TEST_STEP][PASSED] - callTestCase(findTestCase("Mobile/Page/Analysis/Analysis"), ["action":"technicaldetail", "action2":"week"], CONTINUE_ON_FAILURE): Call Test Case 'Test Cases/Mobile/Page/Analysis/Analysis' successfully

2022-02-24 11:08:16 - [TEST_CASE][PASSED] - Test Cases/Mobile/Page/Analysis/Analysis: Test Cases/Mobile/Page/Analysis/Analysis

2022-02-24 11:08:16 - [TEST_STEP][PASSED] - callTestCase(findTestCase("Mobile/Page/CheckLogin"), [:], CONTINUE_ON_FAILURE): Call Test Case 'Test Cases/Mobile/Page/CheckLogin' successfully

2022-02-24 11:08:16 - [TEST_CASE][PASSED] - Test Cases/Mobile/Page/CheckLogin: Test Cases/Mobile/Page/CheckLogin

2022-02-24 11:08:16 - [TEST_STEP][PASSED] - loginCheck = verifyElementExist(LOGN_BtnLogin, 5, CONTINUE_ON_FAILURE): Element 'Object Repository/Mobile/Page/Login/Button - Login' is exist

2022-02-24 11:08:18 - [MESSAGE][PASSED] - Element 'Object Repository/Mobile/Page/Login/Button - Login' is exist

2022-02-24 11:08:18 - [TEST_STEP][PASSED] - if (loginCheck): Call Test Case 'Test Cases/Mobile/Page/Login/Login' successfully

2022-02-24 11:08:18 - [TEST_STEP][PASSED] - callTestCase(findTestCase("Mobile/Page/Login/Login"), ["action":"username"], CONTINUE_ON_FAILURE): Call Test Case 'Test Cases/Mobile/Page/Login/Login' successfully

2022-02-24 11:08:18 - [TEST_CASE][PASSED] - Test Cases/Mobile/Page/Login/Login: Test Cases/Mobile/Page/Login/Login

2022-02-24 11:08:18 - [TEST_STEP][PASSED] - delay(2): Delayed 2 second(s)

2022-02-24 11:08:20 - [MESSAGE][PASSED] - Delayed 2 second(s)

2022-02-24 11:08:20 - [TEST_STEP][PASSED] - for ([i = 0, i < 1, (i++)]): null

2022-02-24 11:08:20 - [TEST_STEP][PASSED] - if (action == "username"): null

2022-02-24 11:08:20 - [TEST_STEP][PASSED] - tap(LOGN_EdtUserID, 0): Tapped on element 'Object Repository/Mobile/Page/Login/Input - UserID'

2022-02-24 11:08:20 - [MESSAGE][WARNING] - Timeout '0' is invalid. Using default page load timeout: '60'

2022-02-24 11:08:21 - [MESSAGE][PASSED] - Tapped on element 'Object Repository/Mobile/Page/Login/Input - UserID'

2022-02-24 11:08:21 - [TEST_STEP][PASSED] - delay(1): Delayed 1 second(s)

2022-02-24 11:08:22 - [MESSAGE][PASSED] - Delayed 1 second(s)

2022-02-24 11:08:22 - [TEST_STEP][PASSED] - setText(LOGN_EdtRdyUserID, "anggaaditya", 0): Text 'anggaaditya' has been set to element 'Object Repository/Mobile/Page/Login/Input Rdy - UserID'

2022-02-24 11:08:22 - [MESSAGE][WARNING] - Timeout '0' is invalid. Using default page load timeout: '60'

2022-02-24 11:08:22 - [MESSAGE][PASSED] - Text 'anggaaditya' has been set to element 'Object Repository/Mobile/Page/Login/Input Rdy - UserID'

2022-02-24 11:08:22 - [TEST_STEP][PASSED] - delay(1): Delayed 1 second(s)

2022-02-24 11:08:23 - [MESSAGE][PASSED] - Delayed 1 second(s)

2022-02-24 11:08:23 - [TEST_STEP][PASSED] - hideKeyboard(): Keyboard is hidden

2022-02-24 11:08:27 - [MESSAGE][PASSED] - Keyboard is hidden

2022-02-24 11:08:27 - [TEST_STEP][PASSED] - tap(LOGN_EdtPassword, 0): Tapped on element 'Object Repository/Mobile/Page/Login/Input - Password'

2022-02-24 11:08:27 - [MESSAGE][WARNING] - Timeout '0' is invalid. Using default page load timeout: '60'

2022-02-24 11:08:27 - [MESSAGE][PASSED] - Tapped on element 'Object Repository/Mobile/Page/Login/Input - Password'

2022-02-24 11:08:27 - [TEST_STEP][PASSED] - delay(1): Delayed 1 second(s)

2022-02-24 11:08:28 - [MESSAGE][PASSED] - Delayed 1 second(s)

2022-02-24 11:08:28 - [TEST_STEP][PASSED] - setText(LOGN_EdtRdyPassword, "Shalawa18", 0): Text 'Shalawa18' has been set to element 'Object Repository/Mobile/Page/Login/Input Rdy - Password'

2022-02-24 11:08:28 - [MESSAGE][WARNING] - Timeout '0' is invalid. Using default page load timeout: '60'

2022-02-24 11:08:29 - [MESSAGE][PASSED] - Text 'Shalawa18' has been set to element 'Object Repository/Mobile/Page/Login/Input Rdy - Password'

2022-02-24 11:08:29 - [TEST_STEP][PASSED] - delay(1): Delayed 1 second(s)

2022-02-24 11:08:30 - [MESSAGE][PASSED] - Delayed 1 second(s)

2022-02-24 11:08:30 - [TEST_STEP][PASSED] - hideKeyboard(): Keyboard is hidden

2022-02-24 11:08:36 - [MESSAGE][PASSED] - Keyboard is hidden

2022-02-24 11:08:36 - [TEST_STEP][PASSED] - tap(LOGN_BtnLogin, 0): Tapped on element 'Object Repository/Mobile/Page/Login/Button - Login'

2022-02-24 11:08:36 - [MESSAGE][WARNING] - Timeout '0' is invalid. Using default page load timeout: '60'

2022-02-24 11:08:36 - [MESSAGE][PASSED] - Tapped on element 'Object Repository/Mobile/Page/Login/Button - Login'

2022-02-24 11:08:36 - [TEST_STEP][PASSED] - delay(2): Delayed 2 second(s)

2022-02-24 11:08:38 - [MESSAGE][PASSED] - Delayed 2 second(s)

2022-02-24 11:08:38 - [TEST_STEP][PASSED] - break: null

2022-02-24 11:08:38 - [MESSAGE][PASSED] - Call Test Case 'Test Cases/Mobile/Page/Login/Login' successfully

2022-02-24 11:08:38 - [MESSAGE][PASSED] - Call Test Case 'Test Cases/Mobile/Page/CheckLogin' successfully

2022-02-24 11:08:38 - [TEST_STEP][PASSED] - tap(HOME_MenubarAnalysis, 0): Tapped on element 'Object Repository/Mobile/Page/Home/Menubar - Analysis'

2022-02-24 11:08:38 - [MESSAGE][WARNING] - Timeout '0' is invalid. Using default page load timeout: '60'

2022-02-24 11:08:41 - [MESSAGE][PASSED] - Tapped on element 'Object Repository/Mobile/Page/Home/Menubar - Analysis'

2022-02-24 11:08:41 - [TEST_STEP][PASSED] - delay(3): Delayed 3 second(s)

2022-02-24 11:08:44 - [MESSAGE][PASSED] - Delayed 3 second(s)

2022-02-24 11:08:44 - [TEST_STEP][PASSED] - for ([i = 0, i < 1, (i++)]): Delayed 2 second(s)

2022-02-24 11:08:44 - [TEST_STEP][PASSED] - if (action == "technicalsearch"): null

2022-02-24 11:08:44 - [TEST_STEP][PASSED] - else if (action == "technicaldetail"): Delayed 2 second(s)

2022-02-24 11:08:44 - [TEST_STEP][PASSED] - tapAndHold(ANAL_ItemTopResultTech, 1, 0): Tapped and held on element 'Object Repository/Mobile/Page/Analysis/Item - Top Technical' with duration 1

2022-02-24 11:08:44 - [MESSAGE][WARNING] - Timeout '0' is invalid. Using default page load timeout: '60'

2022-02-24 11:08:47 - [MESSAGE][PASSED] - Tapped and held on element 'Object Repository/Mobile/Page/Analysis/Item - Top Technical' with duration 1

2022-02-24 11:08:47 - [TEST_STEP][PASSED] - delay(5): Delayed 5 second(s)

2022-02-24 11:08:52 - [MESSAGE][PASSED] - Delayed 5 second(s)

2022-02-24 11:08:52 - [TEST_STEP][PASSED] - switch (action2): null

2022-02-24 11:08:52 - [TEST_STEP][PASSED] - case "week":: null

2022-02-24 11:08:52 - [TEST_STEP][PASSED] - tapAndHold(ANAL_DETL_BtnW, 1, 0): Tapped and held on element 'Object Repository/Mobile/Page/Analysis/Detail/Button - W' with duration 1

2022-02-24 11:08:52 - [MESSAGE][WARNING] - Timeout '0' is invalid. Using default page load timeout: '60'

2022-02-24 11:08:55 - [MESSAGE][PASSED] - Tapped and held on element 'Object Repository/Mobile/Page/Analysis/Detail/Button - W' with duration 1

2022-02-24 11:08:55 - [TEST_STEP][PASSED] - break: null

2022-02-24 11:08:55 - [TEST_STEP][PASSED] - delay(2): Delayed 2 second(s)

2022-02-24 11:08:57 - [MESSAGE][PASSED] - Delayed 2 second(s)

2022-02-24 11:08:57 - [MESSAGE][PASSED] - Call Test Case 'Test Cases/Mobile/Page/Analysis/Analysis' successfully

2022-02-24 11:08:57 - [TEST_STEP][PASSED] - callTestCase(findTestCase("Mobile/Page/Run App/Terminate App"), [:], STOP_ON_FAILURE): Call Test Case 'Test Cases/Mobile/Page/Run App/Terminate App' successfully

2022-02-24 11:08:57 - [TEST_CASE][PASSED] - Test Cases/Mobile/Page/Run App/Terminate App: Test Cases/Mobile/Page/Run App/Terminate App

2022-02-24 11:08:57 - [TEST_STEP][PASSED] - startApp.OpenApp.terminateApplication(): startApp.OpenApp.terminateApplication is PASSED

2022-02-24 11:09:00 - [MESSAGE][PASSED] - Delayed 3 second(s)

2022-02-24 11:09:00 - [MESSAGE][PASSED] - Current device physical width is 720

2022-02-24 11:09:00 - [MESSAGE][PASSED] - Current device physical height is 1423

2022-02-24 11:09:01 - [MESSAGE][PASSED] - Swiped from 360,853 to 360,142

2022-02-24 11:09:02 - [MESSAGE][PASSED] - Delayed 1 second(s)

2022-02-24 11:09:04 - [MESSAGE][PASSED] - Swiped from 360,853 to 360,142

2022-02-24 11:09:07 - [MESSAGE][PASSED] - Delayed 3 second(s)

2022-02-24 11:09:07 - [MESSAGE][PASSED] - startApp.OpenApp.terminateApplication is PASSED

2022-02-24 11:09:07 - [MESSAGE][PASSED] - Call Test Case 'Test Cases/Mobile/Page/Run App/Terminate App' successfully]]></system-out>
         <system-err><![CDATA[]]></system-err>
      </testcase>
      <testcase name="Test Cases/Mobile/Scenario/Analysis/004 - Melihat detail stock kategori month" time="64.172" classname="Test Cases/Mobile/Scenario/Analysis/004 - Melihat detail stock kategori month" status="PASSED">
         <system-out><![CDATA[2022-02-24 11:09:07 - [TEST_CASE][PASSED] - Test Cases/Mobile/Scenario/Analysis/004 - Melihat detail stock kategori month: Test Cases/Mobile/Scenario/Analysis/004 - Melihat detail stock kategori month

2022-02-24 11:09:07 - [TEST_STEP][PASSED] - callTestCase(findTestCase("Mobile/Page/Run App/Run App byID"), [:], STOP_ON_FAILURE): Call Test Case 'Test Cases/Mobile/Page/Run App/Run App byID' successfully

2022-02-24 11:09:07 - [TEST_CASE][PASSED] - Test Cases/Mobile/Page/Run App/Run App byID: Test Cases/Mobile/Page/Run App/Run App byID

2022-02-24 11:09:07 - [TEST_STEP][PASSED] - startApp.OpenApp.startApplication("id.co.miraeasset.sageclub"): startApp.OpenApp.startApplication is PASSED

2022-02-24 11:09:20 - [MESSAGE][PASSED] - Starting app with application ID: 'id.co.miraeasset.sageclub'

2022-02-24 11:09:20 - [MESSAGE][PASSED] - startApp.OpenApp.startApplication is PASSED

2022-02-24 11:09:20 - [MESSAGE][PASSED] - Call Test Case 'Test Cases/Mobile/Page/Run App/Run App byID' successfully

2022-02-24 11:09:20 - [TEST_STEP][PASSED] - callTestCase(findTestCase("Mobile/Page/Analysis/Analysis"), ["action":"technicaldetail", "action2":"month"], CONTINUE_ON_FAILURE): Call Test Case 'Test Cases/Mobile/Page/Analysis/Analysis' successfully

2022-02-24 11:09:20 - [TEST_CASE][PASSED] - Test Cases/Mobile/Page/Analysis/Analysis: Test Cases/Mobile/Page/Analysis/Analysis

2022-02-24 11:09:20 - [TEST_STEP][PASSED] - callTestCase(findTestCase("Mobile/Page/CheckLogin"), [:], CONTINUE_ON_FAILURE): Call Test Case 'Test Cases/Mobile/Page/CheckLogin' successfully

2022-02-24 11:09:20 - [TEST_CASE][PASSED] - Test Cases/Mobile/Page/CheckLogin: Test Cases/Mobile/Page/CheckLogin

2022-02-24 11:09:20 - [TEST_STEP][PASSED] - loginCheck = verifyElementExist(LOGN_BtnLogin, 5, CONTINUE_ON_FAILURE): Element 'Object Repository/Mobile/Page/Login/Button - Login' is exist

2022-02-24 11:09:22 - [MESSAGE][PASSED] - Element 'Object Repository/Mobile/Page/Login/Button - Login' is exist

2022-02-24 11:09:22 - [TEST_STEP][PASSED] - if (loginCheck): Call Test Case 'Test Cases/Mobile/Page/Login/Login' successfully

2022-02-24 11:09:22 - [TEST_STEP][PASSED] - callTestCase(findTestCase("Mobile/Page/Login/Login"), ["action":"username"], CONTINUE_ON_FAILURE): Call Test Case 'Test Cases/Mobile/Page/Login/Login' successfully

2022-02-24 11:09:22 - [TEST_CASE][PASSED] - Test Cases/Mobile/Page/Login/Login: Test Cases/Mobile/Page/Login/Login

2022-02-24 11:09:22 - [TEST_STEP][PASSED] - delay(2): Delayed 2 second(s)

2022-02-24 11:09:24 - [MESSAGE][PASSED] - Delayed 2 second(s)

2022-02-24 11:09:24 - [TEST_STEP][PASSED] - for ([i = 0, i < 1, (i++)]): null

2022-02-24 11:09:24 - [TEST_STEP][PASSED] - if (action == "username"): null

2022-02-24 11:09:24 - [TEST_STEP][PASSED] - tap(LOGN_EdtUserID, 0): Tapped on element 'Object Repository/Mobile/Page/Login/Input - UserID'

2022-02-24 11:09:24 - [MESSAGE][WARNING] - Timeout '0' is invalid. Using default page load timeout: '60'

2022-02-24 11:09:25 - [MESSAGE][PASSED] - Tapped on element 'Object Repository/Mobile/Page/Login/Input - UserID'

2022-02-24 11:09:25 - [TEST_STEP][PASSED] - delay(1): Delayed 1 second(s)

2022-02-24 11:09:26 - [MESSAGE][PASSED] - Delayed 1 second(s)

2022-02-24 11:09:26 - [TEST_STEP][PASSED] - setText(LOGN_EdtRdyUserID, "anggaaditya", 0): Text 'anggaaditya' has been set to element 'Object Repository/Mobile/Page/Login/Input Rdy - UserID'

2022-02-24 11:09:26 - [MESSAGE][WARNING] - Timeout '0' is invalid. Using default page load timeout: '60'

2022-02-24 11:09:26 - [MESSAGE][PASSED] - Text 'anggaaditya' has been set to element 'Object Repository/Mobile/Page/Login/Input Rdy - UserID'

2022-02-24 11:09:26 - [TEST_STEP][PASSED] - delay(1): Delayed 1 second(s)

2022-02-24 11:09:27 - [MESSAGE][PASSED] - Delayed 1 second(s)

2022-02-24 11:09:27 - [TEST_STEP][PASSED] - hideKeyboard(): Keyboard is hidden

2022-02-24 11:09:31 - [MESSAGE][PASSED] - Keyboard is hidden

2022-02-24 11:09:31 - [TEST_STEP][PASSED] - tap(LOGN_EdtPassword, 0): Tapped on element 'Object Repository/Mobile/Page/Login/Input - Password'

2022-02-24 11:09:31 - [MESSAGE][WARNING] - Timeout '0' is invalid. Using default page load timeout: '60'

2022-02-24 11:09:31 - [MESSAGE][PASSED] - Tapped on element 'Object Repository/Mobile/Page/Login/Input - Password'

2022-02-24 11:09:31 - [TEST_STEP][PASSED] - delay(1): Delayed 1 second(s)

2022-02-24 11:09:32 - [MESSAGE][PASSED] - Delayed 1 second(s)

2022-02-24 11:09:32 - [TEST_STEP][PASSED] - setText(LOGN_EdtRdyPassword, "Shalawa18", 0): Text 'Shalawa18' has been set to element 'Object Repository/Mobile/Page/Login/Input Rdy - Password'

2022-02-24 11:09:32 - [MESSAGE][WARNING] - Timeout '0' is invalid. Using default page load timeout: '60'

2022-02-24 11:09:33 - [MESSAGE][PASSED] - Text 'Shalawa18' has been set to element 'Object Repository/Mobile/Page/Login/Input Rdy - Password'

2022-02-24 11:09:33 - [TEST_STEP][PASSED] - delay(1): Delayed 1 second(s)

2022-02-24 11:09:34 - [MESSAGE][PASSED] - Delayed 1 second(s)

2022-02-24 11:09:34 - [TEST_STEP][PASSED] - hideKeyboard(): Keyboard is hidden

2022-02-24 11:09:40 - [MESSAGE][PASSED] - Keyboard is hidden

2022-02-24 11:09:40 - [TEST_STEP][PASSED] - tap(LOGN_BtnLogin, 0): Tapped on element 'Object Repository/Mobile/Page/Login/Button - Login'

2022-02-24 11:09:40 - [MESSAGE][WARNING] - Timeout '0' is invalid. Using default page load timeout: '60'

2022-02-24 11:09:41 - [MESSAGE][PASSED] - Tapped on element 'Object Repository/Mobile/Page/Login/Button - Login'

2022-02-24 11:09:41 - [TEST_STEP][PASSED] - delay(2): Delayed 2 second(s)

2022-02-24 11:09:43 - [MESSAGE][PASSED] - Delayed 2 second(s)

2022-02-24 11:09:43 - [TEST_STEP][PASSED] - break: null

2022-02-24 11:09:43 - [MESSAGE][PASSED] - Call Test Case 'Test Cases/Mobile/Page/Login/Login' successfully

2022-02-24 11:09:43 - [MESSAGE][PASSED] - Call Test Case 'Test Cases/Mobile/Page/CheckLogin' successfully

2022-02-24 11:09:43 - [TEST_STEP][PASSED] - tap(HOME_MenubarAnalysis, 0): Tapped on element 'Object Repository/Mobile/Page/Home/Menubar - Analysis'

2022-02-24 11:09:43 - [MESSAGE][WARNING] - Timeout '0' is invalid. Using default page load timeout: '60'

2022-02-24 11:09:45 - [MESSAGE][PASSED] - Tapped on element 'Object Repository/Mobile/Page/Home/Menubar - Analysis'

2022-02-24 11:09:45 - [TEST_STEP][PASSED] - delay(3): Delayed 3 second(s)

2022-02-24 11:09:48 - [MESSAGE][PASSED] - Delayed 3 second(s)

2022-02-24 11:09:48 - [TEST_STEP][PASSED] - for ([i = 0, i < 1, (i++)]): Delayed 2 second(s)

2022-02-24 11:09:48 - [TEST_STEP][PASSED] - if (action == "technicalsearch"): null

2022-02-24 11:09:48 - [TEST_STEP][PASSED] - else if (action == "technicaldetail"): Delayed 2 second(s)

2022-02-24 11:09:48 - [TEST_STEP][PASSED] - tapAndHold(ANAL_ItemTopResultTech, 1, 0): Tapped and held on element 'Object Repository/Mobile/Page/Analysis/Item - Top Technical' with duration 1

2022-02-24 11:09:48 - [MESSAGE][WARNING] - Timeout '0' is invalid. Using default page load timeout: '60'

2022-02-24 11:09:51 - [MESSAGE][PASSED] - Tapped and held on element 'Object Repository/Mobile/Page/Analysis/Item - Top Technical' with duration 1

2022-02-24 11:09:51 - [TEST_STEP][PASSED] - delay(5): Delayed 5 second(s)

2022-02-24 11:09:56 - [MESSAGE][PASSED] - Delayed 5 second(s)

2022-02-24 11:09:56 - [TEST_STEP][PASSED] - switch (action2): null

2022-02-24 11:09:56 - [TEST_STEP][PASSED] - case "month":: null

2022-02-24 11:09:56 - [TEST_STEP][PASSED] - tapAndHold(ANAL_DETL_BtnM, 1, 0): Tapped and held on element 'Object Repository/Mobile/Page/Analysis/Detail/Button - M' with duration 1

2022-02-24 11:09:56 - [MESSAGE][WARNING] - Timeout '0' is invalid. Using default page load timeout: '60'

2022-02-24 11:09:59 - [MESSAGE][PASSED] - Tapped and held on element 'Object Repository/Mobile/Page/Analysis/Detail/Button - M' with duration 1

2022-02-24 11:09:59 - [TEST_STEP][PASSED] - break: null

2022-02-24 11:09:59 - [TEST_STEP][PASSED] - delay(2): Delayed 2 second(s)

2022-02-24 11:10:01 - [MESSAGE][PASSED] - Delayed 2 second(s)

2022-02-24 11:10:01 - [MESSAGE][PASSED] - Call Test Case 'Test Cases/Mobile/Page/Analysis/Analysis' successfully

2022-02-24 11:10:01 - [TEST_STEP][PASSED] - callTestCase(findTestCase("Mobile/Page/Run App/Terminate App"), [:], STOP_ON_FAILURE): Call Test Case 'Test Cases/Mobile/Page/Run App/Terminate App' successfully

2022-02-24 11:10:01 - [TEST_CASE][PASSED] - Test Cases/Mobile/Page/Run App/Terminate App: Test Cases/Mobile/Page/Run App/Terminate App

2022-02-24 11:10:01 - [TEST_STEP][PASSED] - startApp.OpenApp.terminateApplication(): startApp.OpenApp.terminateApplication is PASSED

2022-02-24 11:10:04 - [MESSAGE][PASSED] - Delayed 3 second(s)

2022-02-24 11:10:04 - [MESSAGE][PASSED] - Current device physical width is 720

2022-02-24 11:10:04 - [MESSAGE][PASSED] - Current device physical height is 1423

2022-02-24 11:10:06 - [MESSAGE][PASSED] - Swiped from 360,853 to 360,142

2022-02-24 11:10:07 - [MESSAGE][PASSED] - Delayed 1 second(s)

2022-02-24 11:10:08 - [MESSAGE][PASSED] - Swiped from 360,853 to 360,142

2022-02-24 11:10:11 - [MESSAGE][PASSED] - Delayed 3 second(s)

2022-02-24 11:10:11 - [MESSAGE][PASSED] - startApp.OpenApp.terminateApplication is PASSED

2022-02-24 11:10:11 - [MESSAGE][PASSED] - Call Test Case 'Test Cases/Mobile/Page/Run App/Terminate App' successfully]]></system-out>
         <system-err><![CDATA[]]></system-err>
      </testcase>
      <testcase name="Test Cases/Mobile/Scenario/Analysis/005 - Melihat detail stock kategori year" time="63.178" classname="Test Cases/Mobile/Scenario/Analysis/005 - Melihat detail stock kategori year" status="PASSED">
         <system-out><![CDATA[2022-02-24 11:10:11 - [TEST_CASE][PASSED] - Test Cases/Mobile/Scenario/Analysis/005 - Melihat detail stock kategori year: Test Cases/Mobile/Scenario/Analysis/005 - Melihat detail stock kategori year

2022-02-24 11:10:11 - [TEST_STEP][PASSED] - callTestCase(findTestCase("Mobile/Page/Run App/Run App byID"), [:], STOP_ON_FAILURE): Call Test Case 'Test Cases/Mobile/Page/Run App/Run App byID' successfully

2022-02-24 11:10:11 - [TEST_CASE][PASSED] - Test Cases/Mobile/Page/Run App/Run App byID: Test Cases/Mobile/Page/Run App/Run App byID

2022-02-24 11:10:11 - [TEST_STEP][PASSED] - startApp.OpenApp.startApplication("id.co.miraeasset.sageclub"): startApp.OpenApp.startApplication is PASSED

2022-02-24 11:10:23 - [MESSAGE][PASSED] - Starting app with application ID: 'id.co.miraeasset.sageclub'

2022-02-24 11:10:23 - [MESSAGE][PASSED] - startApp.OpenApp.startApplication is PASSED

2022-02-24 11:10:23 - [MESSAGE][PASSED] - Call Test Case 'Test Cases/Mobile/Page/Run App/Run App byID' successfully

2022-02-24 11:10:23 - [TEST_STEP][PASSED] - callTestCase(findTestCase("Mobile/Page/Analysis/Analysis"), ["action":"technicaldetail", "action2":"year"], CONTINUE_ON_FAILURE): Call Test Case 'Test Cases/Mobile/Page/Analysis/Analysis' successfully

2022-02-24 11:10:23 - [TEST_CASE][PASSED] - Test Cases/Mobile/Page/Analysis/Analysis: Test Cases/Mobile/Page/Analysis/Analysis

2022-02-24 11:10:23 - [TEST_STEP][PASSED] - callTestCase(findTestCase("Mobile/Page/CheckLogin"), [:], CONTINUE_ON_FAILURE): Call Test Case 'Test Cases/Mobile/Page/CheckLogin' successfully

2022-02-24 11:10:23 - [TEST_CASE][PASSED] - Test Cases/Mobile/Page/CheckLogin: Test Cases/Mobile/Page/CheckLogin

2022-02-24 11:10:23 - [TEST_STEP][PASSED] - loginCheck = verifyElementExist(LOGN_BtnLogin, 5, CONTINUE_ON_FAILURE): Element 'Object Repository/Mobile/Page/Login/Button - Login' is exist

2022-02-24 11:10:25 - [MESSAGE][PASSED] - Element 'Object Repository/Mobile/Page/Login/Button - Login' is exist

2022-02-24 11:10:25 - [TEST_STEP][PASSED] - if (loginCheck): Call Test Case 'Test Cases/Mobile/Page/Login/Login' successfully

2022-02-24 11:10:25 - [TEST_STEP][PASSED] - callTestCase(findTestCase("Mobile/Page/Login/Login"), ["action":"username"], CONTINUE_ON_FAILURE): Call Test Case 'Test Cases/Mobile/Page/Login/Login' successfully

2022-02-24 11:10:25 - [TEST_CASE][PASSED] - Test Cases/Mobile/Page/Login/Login: Test Cases/Mobile/Page/Login/Login

2022-02-24 11:10:25 - [TEST_STEP][PASSED] - delay(2): Delayed 2 second(s)

2022-02-24 11:10:27 - [MESSAGE][PASSED] - Delayed 2 second(s)

2022-02-24 11:10:27 - [TEST_STEP][PASSED] - for ([i = 0, i < 1, (i++)]): null

2022-02-24 11:10:27 - [TEST_STEP][PASSED] - if (action == "username"): null

2022-02-24 11:10:27 - [TEST_STEP][PASSED] - tap(LOGN_EdtUserID, 0): Tapped on element 'Object Repository/Mobile/Page/Login/Input - UserID'

2022-02-24 11:10:27 - [MESSAGE][WARNING] - Timeout '0' is invalid. Using default page load timeout: '60'

2022-02-24 11:10:28 - [MESSAGE][PASSED] - Tapped on element 'Object Repository/Mobile/Page/Login/Input - UserID'

2022-02-24 11:10:28 - [TEST_STEP][PASSED] - delay(1): Delayed 1 second(s)

2022-02-24 11:10:29 - [MESSAGE][PASSED] - Delayed 1 second(s)

2022-02-24 11:10:29 - [TEST_STEP][PASSED] - setText(LOGN_EdtRdyUserID, "anggaaditya", 0): Text 'anggaaditya' has been set to element 'Object Repository/Mobile/Page/Login/Input Rdy - UserID'

2022-02-24 11:10:29 - [MESSAGE][WARNING] - Timeout '0' is invalid. Using default page load timeout: '60'

2022-02-24 11:10:30 - [MESSAGE][PASSED] - Text 'anggaaditya' has been set to element 'Object Repository/Mobile/Page/Login/Input Rdy - UserID'

2022-02-24 11:10:30 - [TEST_STEP][PASSED] - delay(1): Delayed 1 second(s)

2022-02-24 11:10:31 - [MESSAGE][PASSED] - Delayed 1 second(s)

2022-02-24 11:10:31 - [TEST_STEP][PASSED] - hideKeyboard(): Keyboard is hidden

2022-02-24 11:10:34 - [MESSAGE][PASSED] - Keyboard is hidden

2022-02-24 11:10:34 - [TEST_STEP][PASSED] - tap(LOGN_EdtPassword, 0): Tapped on element 'Object Repository/Mobile/Page/Login/Input - Password'

2022-02-24 11:10:34 - [MESSAGE][WARNING] - Timeout '0' is invalid. Using default page load timeout: '60'

2022-02-24 11:10:34 - [MESSAGE][PASSED] - Tapped on element 'Object Repository/Mobile/Page/Login/Input - Password'

2022-02-24 11:10:34 - [TEST_STEP][PASSED] - delay(1): Delayed 1 second(s)

2022-02-24 11:10:35 - [MESSAGE][PASSED] - Delayed 1 second(s)

2022-02-24 11:10:35 - [TEST_STEP][PASSED] - setText(LOGN_EdtRdyPassword, "Shalawa18", 0): Text 'Shalawa18' has been set to element 'Object Repository/Mobile/Page/Login/Input Rdy - Password'

2022-02-24 11:10:35 - [MESSAGE][WARNING] - Timeout '0' is invalid. Using default page load timeout: '60'

2022-02-24 11:10:36 - [MESSAGE][PASSED] - Text 'Shalawa18' has been set to element 'Object Repository/Mobile/Page/Login/Input Rdy - Password'

2022-02-24 11:10:36 - [TEST_STEP][PASSED] - delay(1): Delayed 1 second(s)

2022-02-24 11:10:37 - [MESSAGE][PASSED] - Delayed 1 second(s)

2022-02-24 11:10:37 - [TEST_STEP][PASSED] - hideKeyboard(): Keyboard is hidden

2022-02-24 11:10:43 - [MESSAGE][PASSED] - Keyboard is hidden

2022-02-24 11:10:43 - [TEST_STEP][PASSED] - tap(LOGN_BtnLogin, 0): Tapped on element 'Object Repository/Mobile/Page/Login/Button - Login'

2022-02-24 11:10:43 - [MESSAGE][WARNING] - Timeout '0' is invalid. Using default page load timeout: '60'

2022-02-24 11:10:44 - [MESSAGE][PASSED] - Tapped on element 'Object Repository/Mobile/Page/Login/Button - Login'

2022-02-24 11:10:44 - [TEST_STEP][PASSED] - delay(2): Delayed 2 second(s)

2022-02-24 11:10:46 - [MESSAGE][PASSED] - Delayed 2 second(s)

2022-02-24 11:10:46 - [TEST_STEP][PASSED] - break: null

2022-02-24 11:10:46 - [MESSAGE][PASSED] - Call Test Case 'Test Cases/Mobile/Page/Login/Login' successfully

2022-02-24 11:10:46 - [MESSAGE][PASSED] - Call Test Case 'Test Cases/Mobile/Page/CheckLogin' successfully

2022-02-24 11:10:46 - [TEST_STEP][PASSED] - tap(HOME_MenubarAnalysis, 0): Tapped on element 'Object Repository/Mobile/Page/Home/Menubar - Analysis'

2022-02-24 11:10:46 - [MESSAGE][WARNING] - Timeout '0' is invalid. Using default page load timeout: '60'

2022-02-24 11:10:48 - [MESSAGE][PASSED] - Tapped on element 'Object Repository/Mobile/Page/Home/Menubar - Analysis'

2022-02-24 11:10:48 - [TEST_STEP][PASSED] - delay(3): Delayed 3 second(s)

2022-02-24 11:10:51 - [MESSAGE][PASSED] - Delayed 3 second(s)

2022-02-24 11:10:51 - [TEST_STEP][PASSED] - for ([i = 0, i < 1, (i++)]): Delayed 2 second(s)

2022-02-24 11:10:51 - [TEST_STEP][PASSED] - if (action == "technicalsearch"): null

2022-02-24 11:10:51 - [TEST_STEP][PASSED] - else if (action == "technicaldetail"): Delayed 2 second(s)

2022-02-24 11:10:51 - [TEST_STEP][PASSED] - tapAndHold(ANAL_ItemTopResultTech, 1, 0): Tapped and held on element 'Object Repository/Mobile/Page/Analysis/Item - Top Technical' with duration 1

2022-02-24 11:10:51 - [MESSAGE][WARNING] - Timeout '0' is invalid. Using default page load timeout: '60'

2022-02-24 11:10:54 - [MESSAGE][PASSED] - Tapped and held on element 'Object Repository/Mobile/Page/Analysis/Item - Top Technical' with duration 1

2022-02-24 11:10:54 - [TEST_STEP][PASSED] - delay(5): Delayed 5 second(s)

2022-02-24 11:10:59 - [MESSAGE][PASSED] - Delayed 5 second(s)

2022-02-24 11:10:59 - [TEST_STEP][PASSED] - switch (action2): null

2022-02-24 11:10:59 - [TEST_STEP][PASSED] - case "year":: null

2022-02-24 11:10:59 - [TEST_STEP][PASSED] - tapAndHold(ANAL_DETL_BtnY, 1, 0): Tapped and held on element 'Object Repository/Mobile/Page/Analysis/Detail/Button - Y' with duration 1

2022-02-24 11:10:59 - [MESSAGE][WARNING] - Timeout '0' is invalid. Using default page load timeout: '60'

2022-02-24 11:11:02 - [MESSAGE][PASSED] - Tapped and held on element 'Object Repository/Mobile/Page/Analysis/Detail/Button - Y' with duration 1

2022-02-24 11:11:02 - [TEST_STEP][PASSED] - break: null

2022-02-24 11:11:02 - [TEST_STEP][PASSED] - delay(2): Delayed 2 second(s)

2022-02-24 11:11:04 - [MESSAGE][PASSED] - Delayed 2 second(s)

2022-02-24 11:11:04 - [MESSAGE][PASSED] - Call Test Case 'Test Cases/Mobile/Page/Analysis/Analysis' successfully

2022-02-24 11:11:04 - [TEST_STEP][PASSED] - callTestCase(findTestCase("Mobile/Page/Run App/Terminate App"), [:], STOP_ON_FAILURE): Call Test Case 'Test Cases/Mobile/Page/Run App/Terminate App' successfully

2022-02-24 11:11:04 - [TEST_CASE][PASSED] - Test Cases/Mobile/Page/Run App/Terminate App: Test Cases/Mobile/Page/Run App/Terminate App

2022-02-24 11:11:04 - [TEST_STEP][PASSED] - startApp.OpenApp.terminateApplication(): startApp.OpenApp.terminateApplication is PASSED

2022-02-24 11:11:07 - [MESSAGE][PASSED] - Delayed 3 second(s)

2022-02-24 11:11:07 - [MESSAGE][PASSED] - Current device physical width is 720

2022-02-24 11:11:07 - [MESSAGE][PASSED] - Current device physical height is 1423

2022-02-24 11:11:09 - [MESSAGE][PASSED] - Swiped from 360,853 to 360,142

2022-02-24 11:11:10 - [MESSAGE][PASSED] - Delayed 1 second(s)

2022-02-24 11:11:11 - [MESSAGE][PASSED] - Swiped from 360,853 to 360,142

2022-02-24 11:11:14 - [MESSAGE][PASSED] - Delayed 3 second(s)

2022-02-24 11:11:14 - [MESSAGE][PASSED] - startApp.OpenApp.terminateApplication is PASSED

2022-02-24 11:11:14 - [MESSAGE][PASSED] - Call Test Case 'Test Cases/Mobile/Page/Run App/Terminate App' successfully]]></system-out>
         <system-err><![CDATA[]]></system-err>
      </testcase>
      <testcase name="Test Cases/Mobile/Scenario/Analysis/006 - Melihat Research Report" time="60.195" classname="Test Cases/Mobile/Scenario/Analysis/006 - Melihat Research Report" status="PASSED">
         <system-out><![CDATA[2022-02-24 11:11:14 - [TEST_CASE][PASSED] - Test Cases/Mobile/Scenario/Analysis/006 - Melihat Research Report: Test Cases/Mobile/Scenario/Analysis/006 - Melihat Research Report

2022-02-24 11:11:14 - [TEST_STEP][PASSED] - callTestCase(findTestCase("Mobile/Page/Run App/Run App byID"), [:], STOP_ON_FAILURE): Call Test Case 'Test Cases/Mobile/Page/Run App/Run App byID' successfully

2022-02-24 11:11:14 - [TEST_CASE][PASSED] - Test Cases/Mobile/Page/Run App/Run App byID: Test Cases/Mobile/Page/Run App/Run App byID

2022-02-24 11:11:14 - [TEST_STEP][PASSED] - startApp.OpenApp.startApplication("id.co.miraeasset.sageclub"): startApp.OpenApp.startApplication is PASSED

2022-02-24 11:11:26 - [MESSAGE][PASSED] - Starting app with application ID: 'id.co.miraeasset.sageclub'

2022-02-24 11:11:26 - [MESSAGE][PASSED] - startApp.OpenApp.startApplication is PASSED

2022-02-24 11:11:26 - [MESSAGE][PASSED] - Call Test Case 'Test Cases/Mobile/Page/Run App/Run App byID' successfully

2022-02-24 11:11:26 - [TEST_STEP][PASSED] - callTestCase(findTestCase("Mobile/Page/Analysis/Analysis"), ["action":"researchdetail"], CONTINUE_ON_FAILURE): Call Test Case 'Test Cases/Mobile/Page/Analysis/Analysis' successfully

2022-02-24 11:11:26 - [TEST_CASE][PASSED] - Test Cases/Mobile/Page/Analysis/Analysis: Test Cases/Mobile/Page/Analysis/Analysis

2022-02-24 11:11:26 - [TEST_STEP][PASSED] - callTestCase(findTestCase("Mobile/Page/CheckLogin"), [:], CONTINUE_ON_FAILURE): Call Test Case 'Test Cases/Mobile/Page/CheckLogin' successfully

2022-02-24 11:11:26 - [TEST_CASE][PASSED] - Test Cases/Mobile/Page/CheckLogin: Test Cases/Mobile/Page/CheckLogin

2022-02-24 11:11:26 - [TEST_STEP][PASSED] - loginCheck = verifyElementExist(LOGN_BtnLogin, 5, CONTINUE_ON_FAILURE): Element 'Object Repository/Mobile/Page/Login/Button - Login' is exist

2022-02-24 11:11:28 - [MESSAGE][PASSED] - Element 'Object Repository/Mobile/Page/Login/Button - Login' is exist

2022-02-24 11:11:28 - [TEST_STEP][PASSED] - if (loginCheck): Call Test Case 'Test Cases/Mobile/Page/Login/Login' successfully

2022-02-24 11:11:28 - [TEST_STEP][PASSED] - callTestCase(findTestCase("Mobile/Page/Login/Login"), ["action":"username"], CONTINUE_ON_FAILURE): Call Test Case 'Test Cases/Mobile/Page/Login/Login' successfully

2022-02-24 11:11:28 - [TEST_CASE][PASSED] - Test Cases/Mobile/Page/Login/Login: Test Cases/Mobile/Page/Login/Login

2022-02-24 11:11:28 - [TEST_STEP][PASSED] - delay(2): Delayed 2 second(s)

2022-02-24 11:11:30 - [MESSAGE][PASSED] - Delayed 2 second(s)

2022-02-24 11:11:30 - [TEST_STEP][PASSED] - for ([i = 0, i < 1, (i++)]): null

2022-02-24 11:11:30 - [TEST_STEP][PASSED] - if (action == "username"): null

2022-02-24 11:11:30 - [TEST_STEP][PASSED] - tap(LOGN_EdtUserID, 0): Tapped on element 'Object Repository/Mobile/Page/Login/Input - UserID'

2022-02-24 11:11:30 - [MESSAGE][WARNING] - Timeout '0' is invalid. Using default page load timeout: '60'

2022-02-24 11:11:31 - [MESSAGE][PASSED] - Tapped on element 'Object Repository/Mobile/Page/Login/Input - UserID'

2022-02-24 11:11:31 - [TEST_STEP][PASSED] - delay(1): Delayed 1 second(s)

2022-02-24 11:11:32 - [MESSAGE][PASSED] - Delayed 1 second(s)

2022-02-24 11:11:32 - [TEST_STEP][PASSED] - setText(LOGN_EdtRdyUserID, "anggaaditya", 0): Text 'anggaaditya' has been set to element 'Object Repository/Mobile/Page/Login/Input Rdy - UserID'

2022-02-24 11:11:32 - [MESSAGE][WARNING] - Timeout '0' is invalid. Using default page load timeout: '60'

2022-02-24 11:11:33 - [MESSAGE][PASSED] - Text 'anggaaditya' has been set to element 'Object Repository/Mobile/Page/Login/Input Rdy - UserID'

2022-02-24 11:11:33 - [TEST_STEP][PASSED] - delay(1): Delayed 1 second(s)

2022-02-24 11:11:34 - [MESSAGE][PASSED] - Delayed 1 second(s)

2022-02-24 11:11:34 - [TEST_STEP][PASSED] - hideKeyboard(): Keyboard is hidden

2022-02-24 11:11:37 - [MESSAGE][PASSED] - Keyboard is hidden

2022-02-24 11:11:37 - [TEST_STEP][PASSED] - tap(LOGN_EdtPassword, 0): Tapped on element 'Object Repository/Mobile/Page/Login/Input - Password'

2022-02-24 11:11:37 - [MESSAGE][WARNING] - Timeout '0' is invalid. Using default page load timeout: '60'

2022-02-24 11:11:38 - [MESSAGE][PASSED] - Tapped on element 'Object Repository/Mobile/Page/Login/Input - Password'

2022-02-24 11:11:38 - [TEST_STEP][PASSED] - delay(1): Delayed 1 second(s)

2022-02-24 11:11:39 - [MESSAGE][PASSED] - Delayed 1 second(s)

2022-02-24 11:11:39 - [TEST_STEP][PASSED] - setText(LOGN_EdtRdyPassword, "Shalawa18", 0): Text 'Shalawa18' has been set to element 'Object Repository/Mobile/Page/Login/Input Rdy - Password'

2022-02-24 11:11:39 - [MESSAGE][WARNING] - Timeout '0' is invalid. Using default page load timeout: '60'

2022-02-24 11:11:40 - [MESSAGE][PASSED] - Text 'Shalawa18' has been set to element 'Object Repository/Mobile/Page/Login/Input Rdy - Password'

2022-02-24 11:11:40 - [TEST_STEP][PASSED] - delay(1): Delayed 1 second(s)

2022-02-24 11:11:41 - [MESSAGE][PASSED] - Delayed 1 second(s)

2022-02-24 11:11:41 - [TEST_STEP][PASSED] - hideKeyboard(): Keyboard is hidden

2022-02-24 11:11:47 - [MESSAGE][PASSED] - Keyboard is hidden

2022-02-24 11:11:47 - [TEST_STEP][PASSED] - tap(LOGN_BtnLogin, 0): Tapped on element 'Object Repository/Mobile/Page/Login/Button - Login'

2022-02-24 11:11:47 - [MESSAGE][WARNING] - Timeout '0' is invalid. Using default page load timeout: '60'

2022-02-24 11:11:48 - [MESSAGE][PASSED] - Tapped on element 'Object Repository/Mobile/Page/Login/Button - Login'

2022-02-24 11:11:48 - [TEST_STEP][PASSED] - delay(2): Delayed 2 second(s)

2022-02-24 11:11:50 - [MESSAGE][PASSED] - Delayed 2 second(s)

2022-02-24 11:11:50 - [TEST_STEP][PASSED] - break: null

2022-02-24 11:11:50 - [MESSAGE][PASSED] - Call Test Case 'Test Cases/Mobile/Page/Login/Login' successfully

2022-02-24 11:11:50 - [MESSAGE][PASSED] - Call Test Case 'Test Cases/Mobile/Page/CheckLogin' successfully

2022-02-24 11:11:50 - [TEST_STEP][PASSED] - tap(HOME_MenubarAnalysis, 0): Tapped on element 'Object Repository/Mobile/Page/Home/Menubar - Analysis'

2022-02-24 11:11:50 - [MESSAGE][WARNING] - Timeout '0' is invalid. Using default page load timeout: '60'

2022-02-24 11:11:53 - [MESSAGE][PASSED] - Tapped on element 'Object Repository/Mobile/Page/Home/Menubar - Analysis'

2022-02-24 11:11:53 - [TEST_STEP][PASSED] - delay(3): Delayed 3 second(s)

2022-02-24 11:11:56 - [MESSAGE][PASSED] - Delayed 3 second(s)

2022-02-24 11:11:56 - [TEST_STEP][PASSED] - for ([i = 0, i < 1, (i++)]): Press back button successfully

2022-02-24 11:11:56 - [TEST_STEP][PASSED] - if (action == "technicalsearch"): null

2022-02-24 11:11:56 - [TEST_STEP][PASSED] - else if (action == "technicaldetail"): null

2022-02-24 11:11:56 - [TEST_STEP][PASSED] - else if (action == "researchdetail"): Press back button successfully

2022-02-24 11:11:56 - [TEST_STEP][PASSED] - tap(ANAL_TabResearchReport, 0): Tapped on element 'Object Repository/Mobile/Page/Analysis/Tab - Research Report'

2022-02-24 11:11:56 - [MESSAGE][WARNING] - Timeout '0' is invalid. Using default page load timeout: '60'

2022-02-24 11:11:57 - [MESSAGE][PASSED] - Tapped on element 'Object Repository/Mobile/Page/Analysis/Tab - Research Report'

2022-02-24 11:11:57 - [TEST_STEP][PASSED] - delay(1): Delayed 1 second(s)

2022-02-24 11:11:58 - [MESSAGE][PASSED] - Delayed 1 second(s)

2022-02-24 11:11:58 - [TEST_STEP][PASSED] - tapAndHold(ANAL_ItemTopSearch, 1, 0): Tapped and held on element 'Object Repository/Mobile/Page/Analysis/Item - Top Search' with duration 1

2022-02-24 11:11:58 - [MESSAGE][WARNING] - Timeout '0' is invalid. Using default page load timeout: '60'

2022-02-24 11:12:01 - [MESSAGE][PASSED] - Tapped and held on element 'Object Repository/Mobile/Page/Analysis/Item - Top Search' with duration 1

2022-02-24 11:12:01 - [TEST_STEP][PASSED] - delay(3): Delayed 3 second(s)

2022-02-24 11:12:04 - [MESSAGE][PASSED] - Delayed 3 second(s)

2022-02-24 11:12:04 - [TEST_STEP][PASSED] - pressBack(): Press back button successfully

2022-02-24 11:12:04 - [MESSAGE][PASSED] - Press back button successfully

2022-02-24 11:12:04 - [MESSAGE][PASSED] - Call Test Case 'Test Cases/Mobile/Page/Analysis/Analysis' successfully

2022-02-24 11:12:04 - [TEST_STEP][PASSED] - callTestCase(findTestCase("Mobile/Page/Run App/Terminate App"), [:], STOP_ON_FAILURE): Call Test Case 'Test Cases/Mobile/Page/Run App/Terminate App' successfully

2022-02-24 11:12:04 - [TEST_CASE][PASSED] - Test Cases/Mobile/Page/Run App/Terminate App: Test Cases/Mobile/Page/Run App/Terminate App

2022-02-24 11:12:04 - [TEST_STEP][PASSED] - startApp.OpenApp.terminateApplication(): startApp.OpenApp.terminateApplication is PASSED

2022-02-24 11:12:07 - [MESSAGE][PASSED] - Delayed 3 second(s)

2022-02-24 11:12:07 - [MESSAGE][PASSED] - Current device physical width is 720

2022-02-24 11:12:08 - [MESSAGE][PASSED] - Current device physical height is 1423

2022-02-24 11:12:09 - [MESSAGE][PASSED] - Swiped from 360,853 to 360,142

2022-02-24 11:12:10 - [MESSAGE][PASSED] - Delayed 1 second(s)

2022-02-24 11:12:11 - [MESSAGE][PASSED] - Swiped from 360,853 to 360,142

2022-02-24 11:12:14 - [MESSAGE][PASSED] - Delayed 3 second(s)

2022-02-24 11:12:14 - [MESSAGE][PASSED] - startApp.OpenApp.terminateApplication is PASSED

2022-02-24 11:12:14 - [MESSAGE][PASSED] - Call Test Case 'Test Cases/Mobile/Page/Run App/Terminate App' successfully]]></system-out>
         <system-err><![CDATA[]]></system-err>
      </testcase>
      <testcase name="Test Cases/Mobile/Scenario/Analysis/007 - Mencari research report" time="71.596" classname="Test Cases/Mobile/Scenario/Analysis/007 - Mencari research report" status="PASSED">
         <system-out><![CDATA[2022-02-24 11:12:14 - [TEST_CASE][PASSED] - Test Cases/Mobile/Scenario/Analysis/007 - Mencari research report: Test Cases/Mobile/Scenario/Analysis/007 - Mencari research report

2022-02-24 11:12:15 - [TEST_STEP][PASSED] - callTestCase(findTestCase("Mobile/Page/Run App/Run App byID"), [:], STOP_ON_FAILURE): Call Test Case 'Test Cases/Mobile/Page/Run App/Run App byID' successfully

2022-02-24 11:12:15 - [TEST_CASE][PASSED] - Test Cases/Mobile/Page/Run App/Run App byID: Test Cases/Mobile/Page/Run App/Run App byID

2022-02-24 11:12:15 - [TEST_STEP][PASSED] - startApp.OpenApp.startApplication("id.co.miraeasset.sageclub"): startApp.OpenApp.startApplication is PASSED

2022-02-24 11:12:26 - [MESSAGE][PASSED] - Starting app with application ID: 'id.co.miraeasset.sageclub'

2022-02-24 11:12:26 - [MESSAGE][PASSED] - startApp.OpenApp.startApplication is PASSED

2022-02-24 11:12:26 - [MESSAGE][PASSED] - Call Test Case 'Test Cases/Mobile/Page/Run App/Run App byID' successfully

2022-02-24 11:12:26 - [TEST_STEP][PASSED] - callTestCase(findTestCase("Mobile/Page/Analysis/Analysis"), ["action":"researchsearch"], CONTINUE_ON_FAILURE): Call Test Case 'Test Cases/Mobile/Page/Analysis/Analysis' successfully

2022-02-24 11:12:26 - [TEST_CASE][PASSED] - Test Cases/Mobile/Page/Analysis/Analysis: Test Cases/Mobile/Page/Analysis/Analysis

2022-02-24 11:12:26 - [TEST_STEP][PASSED] - callTestCase(findTestCase("Mobile/Page/CheckLogin"), [:], CONTINUE_ON_FAILURE): Call Test Case 'Test Cases/Mobile/Page/CheckLogin' successfully

2022-02-24 11:12:26 - [TEST_CASE][PASSED] - Test Cases/Mobile/Page/CheckLogin: Test Cases/Mobile/Page/CheckLogin

2022-02-24 11:12:26 - [TEST_STEP][PASSED] - loginCheck = verifyElementExist(LOGN_BtnLogin, 5, CONTINUE_ON_FAILURE): Element 'Object Repository/Mobile/Page/Login/Button - Login' is exist

2022-02-24 11:12:28 - [MESSAGE][PASSED] - Element 'Object Repository/Mobile/Page/Login/Button - Login' is exist

2022-02-24 11:12:29 - [TEST_STEP][PASSED] - if (loginCheck): Call Test Case 'Test Cases/Mobile/Page/Login/Login' successfully

2022-02-24 11:12:29 - [TEST_STEP][PASSED] - callTestCase(findTestCase("Mobile/Page/Login/Login"), ["action":"username"], CONTINUE_ON_FAILURE): Call Test Case 'Test Cases/Mobile/Page/Login/Login' successfully

2022-02-24 11:12:29 - [TEST_CASE][PASSED] - Test Cases/Mobile/Page/Login/Login: Test Cases/Mobile/Page/Login/Login

2022-02-24 11:12:29 - [TEST_STEP][PASSED] - delay(2): Delayed 2 second(s)

2022-02-24 11:12:31 - [MESSAGE][PASSED] - Delayed 2 second(s)

2022-02-24 11:12:31 - [TEST_STEP][PASSED] - for ([i = 0, i < 1, (i++)]): null

2022-02-24 11:12:31 - [TEST_STEP][PASSED] - if (action == "username"): null

2022-02-24 11:12:31 - [TEST_STEP][PASSED] - tap(LOGN_EdtUserID, 0): Tapped on element 'Object Repository/Mobile/Page/Login/Input - UserID'

2022-02-24 11:12:31 - [MESSAGE][WARNING] - Timeout '0' is invalid. Using default page load timeout: '60'

2022-02-24 11:12:31 - [MESSAGE][PASSED] - Tapped on element 'Object Repository/Mobile/Page/Login/Input - UserID'

2022-02-24 11:12:31 - [TEST_STEP][PASSED] - delay(1): Delayed 1 second(s)

2022-02-24 11:12:32 - [MESSAGE][PASSED] - Delayed 1 second(s)

2022-02-24 11:12:32 - [TEST_STEP][PASSED] - setText(LOGN_EdtRdyUserID, "anggaaditya", 0): Text 'anggaaditya' has been set to element 'Object Repository/Mobile/Page/Login/Input Rdy - UserID'

2022-02-24 11:12:32 - [MESSAGE][WARNING] - Timeout '0' is invalid. Using default page load timeout: '60'

2022-02-24 11:12:33 - [MESSAGE][PASSED] - Text 'anggaaditya' has been set to element 'Object Repository/Mobile/Page/Login/Input Rdy - UserID'

2022-02-24 11:12:33 - [TEST_STEP][PASSED] - delay(1): Delayed 1 second(s)

2022-02-24 11:12:34 - [MESSAGE][PASSED] - Delayed 1 second(s)

2022-02-24 11:12:34 - [TEST_STEP][PASSED] - hideKeyboard(): Keyboard is hidden

2022-02-24 11:12:37 - [MESSAGE][PASSED] - Keyboard is hidden

2022-02-24 11:12:37 - [TEST_STEP][PASSED] - tap(LOGN_EdtPassword, 0): Tapped on element 'Object Repository/Mobile/Page/Login/Input - Password'

2022-02-24 11:12:37 - [MESSAGE][WARNING] - Timeout '0' is invalid. Using default page load timeout: '60'

2022-02-24 11:12:38 - [MESSAGE][PASSED] - Tapped on element 'Object Repository/Mobile/Page/Login/Input - Password'

2022-02-24 11:12:38 - [TEST_STEP][PASSED] - delay(1): Delayed 1 second(s)

2022-02-24 11:12:39 - [MESSAGE][PASSED] - Delayed 1 second(s)

2022-02-24 11:12:39 - [TEST_STEP][PASSED] - setText(LOGN_EdtRdyPassword, "Shalawa18", 0): Text 'Shalawa18' has been set to element 'Object Repository/Mobile/Page/Login/Input Rdy - Password'

2022-02-24 11:12:39 - [MESSAGE][WARNING] - Timeout '0' is invalid. Using default page load timeout: '60'

2022-02-24 11:12:39 - [MESSAGE][PASSED] - Text 'Shalawa18' has been set to element 'Object Repository/Mobile/Page/Login/Input Rdy - Password'

2022-02-24 11:12:39 - [TEST_STEP][PASSED] - delay(1): Delayed 1 second(s)

2022-02-24 11:12:40 - [MESSAGE][PASSED] - Delayed 1 second(s)

2022-02-24 11:12:40 - [TEST_STEP][PASSED] - hideKeyboard(): Keyboard is hidden

2022-02-24 11:12:47 - [MESSAGE][PASSED] - Keyboard is hidden

2022-02-24 11:12:47 - [TEST_STEP][PASSED] - tap(LOGN_BtnLogin, 0): Tapped on element 'Object Repository/Mobile/Page/Login/Button - Login'

2022-02-24 11:12:47 - [MESSAGE][WARNING] - Timeout '0' is invalid. Using default page load timeout: '60'

2022-02-24 11:12:48 - [MESSAGE][PASSED] - Tapped on element 'Object Repository/Mobile/Page/Login/Button - Login'

2022-02-24 11:12:48 - [TEST_STEP][PASSED] - delay(2): Delayed 2 second(s)

2022-02-24 11:12:50 - [MESSAGE][PASSED] - Delayed 2 second(s)

2022-02-24 11:12:50 - [TEST_STEP][PASSED] - break: null

2022-02-24 11:12:50 - [MESSAGE][PASSED] - Call Test Case 'Test Cases/Mobile/Page/Login/Login' successfully

2022-02-24 11:12:50 - [MESSAGE][PASSED] - Call Test Case 'Test Cases/Mobile/Page/CheckLogin' successfully

2022-02-24 11:12:50 - [TEST_STEP][PASSED] - tap(HOME_MenubarAnalysis, 0): Tapped on element 'Object Repository/Mobile/Page/Home/Menubar - Analysis'

2022-02-24 11:12:50 - [MESSAGE][WARNING] - Timeout '0' is invalid. Using default page load timeout: '60'

2022-02-24 11:12:52 - [MESSAGE][PASSED] - Tapped on element 'Object Repository/Mobile/Page/Home/Menubar - Analysis'

2022-02-24 11:12:52 - [TEST_STEP][PASSED] - delay(3): Delayed 3 second(s)

2022-02-24 11:12:55 - [MESSAGE][PASSED] - Delayed 3 second(s)

2022-02-24 11:12:55 - [TEST_STEP][PASSED] - for ([i = 0, i < 1, (i++)]): Press back button successfully

2022-02-24 11:12:55 - [TEST_STEP][PASSED] - if (action == "technicalsearch"): null

2022-02-24 11:12:55 - [TEST_STEP][PASSED] - else if (action == "technicaldetail"): null

2022-02-24 11:12:55 - [TEST_STEP][PASSED] - else if (action == "researchdetail"): null

2022-02-24 11:12:55 - [TEST_STEP][PASSED] - else if (action == "researchsearch"): Press back button successfully

2022-02-24 11:12:55 - [TEST_STEP][PASSED] - tap(ANAL_TabResearchReport, 0): Tapped on element 'Object Repository/Mobile/Page/Analysis/Tab - Research Report'

2022-02-24 11:12:55 - [MESSAGE][WARNING] - Timeout '0' is invalid. Using default page load timeout: '60'

2022-02-24 11:12:57 - [MESSAGE][PASSED] - Tapped on element 'Object Repository/Mobile/Page/Analysis/Tab - Research Report'

2022-02-24 11:12:57 - [TEST_STEP][PASSED] - delay(1): Delayed 1 second(s)

2022-02-24 11:12:58 - [MESSAGE][PASSED] - Delayed 1 second(s)

2022-02-24 11:12:58 - [TEST_STEP][PASSED] - tap(ANAL_EdtSearch, 0): Tapped on element 'Object Repository/Mobile/Page/Analysis/Input - Search'

2022-02-24 11:12:58 - [MESSAGE][WARNING] - Timeout '0' is invalid. Using default page load timeout: '60'

2022-02-24 11:12:58 - [MESSAGE][PASSED] - Tapped on element 'Object Repository/Mobile/Page/Analysis/Input - Search'

2022-02-24 11:12:58 - [TEST_STEP][PASSED] - delay(1): Delayed 1 second(s)

2022-02-24 11:12:59 - [MESSAGE][PASSED] - Delayed 1 second(s)

2022-02-24 11:12:59 - [TEST_STEP][PASSED] - setText(ANAL_EdtSearch, "embun", 0): Text 'embun' has been set to element 'Object Repository/Mobile/Page/Analysis/Input - Search'

2022-02-24 11:12:59 - [MESSAGE][WARNING] - Timeout '0' is invalid. Using default page load timeout: '60'

2022-02-24 11:13:00 - [MESSAGE][PASSED] - Text 'embun' has been set to element 'Object Repository/Mobile/Page/Analysis/Input - Search'

2022-02-24 11:13:00 - [TEST_STEP][PASSED] - hideKeyboard(): Keyboard is hidden

2022-02-24 11:13:08 - [MESSAGE][PASSED] - Keyboard is hidden

2022-02-24 11:13:08 - [TEST_STEP][PASSED] - tapAndHold(ANAL_ItemTopSearch, 1, 0): Tapped and held on element 'Object Repository/Mobile/Page/Analysis/Item - Top Search' with duration 1

2022-02-24 11:13:08 - [MESSAGE][WARNING] - Timeout '0' is invalid. Using default page load timeout: '60'

2022-02-24 11:13:11 - [MESSAGE][PASSED] - Tapped and held on element 'Object Repository/Mobile/Page/Analysis/Item - Top Search' with duration 1

2022-02-24 11:13:11 - [TEST_STEP][PASSED] - delay(3): Delayed 3 second(s)

2022-02-24 11:13:14 - [MESSAGE][PASSED] - Delayed 3 second(s)

2022-02-24 11:13:14 - [TEST_STEP][PASSED] - pressBack(): Press back button successfully

2022-02-24 11:13:14 - [MESSAGE][PASSED] - Press back button successfully

2022-02-24 11:13:14 - [MESSAGE][PASSED] - Call Test Case 'Test Cases/Mobile/Page/Analysis/Analysis' successfully

2022-02-24 11:13:14 - [TEST_STEP][PASSED] - callTestCase(findTestCase("Mobile/Page/Run App/Terminate App"), [:], STOP_ON_FAILURE): Call Test Case 'Test Cases/Mobile/Page/Run App/Terminate App' successfully

2022-02-24 11:13:14 - [TEST_CASE][PASSED] - Test Cases/Mobile/Page/Run App/Terminate App: Test Cases/Mobile/Page/Run App/Terminate App

2022-02-24 11:13:14 - [TEST_STEP][PASSED] - startApp.OpenApp.terminateApplication(): startApp.OpenApp.terminateApplication is PASSED

2022-02-24 11:13:19 - [MESSAGE][PASSED] - Delayed 3 second(s)

2022-02-24 11:13:19 - [MESSAGE][PASSED] - Current device physical width is 720

2022-02-24 11:13:19 - [MESSAGE][PASSED] - Current device physical height is 1423

2022-02-24 11:13:21 - [MESSAGE][PASSED] - Swiped from 360,853 to 360,142

2022-02-24 11:13:22 - [MESSAGE][PASSED] - Delayed 1 second(s)

2022-02-24 11:13:23 - [MESSAGE][PASSED] - Swiped from 360,853 to 360,142

2022-02-24 11:13:26 - [MESSAGE][PASSED] - Delayed 3 second(s)

2022-02-24 11:13:26 - [MESSAGE][PASSED] - startApp.OpenApp.terminateApplication is PASSED

2022-02-24 11:13:26 - [MESSAGE][PASSED] - Call Test Case 'Test Cases/Mobile/Page/Run App/Terminate App' successfully]]></system-out>
         <system-err><![CDATA[]]></system-err>
      </testcase>
      <system-out><![CDATA[2022-02-24 11:05:30 - [TEST_SUITE][PASSED] - analysis: Test Cases/Mobile/Scenario/Analysis/007 - Mencari research report]]></system-out>
      <system-err><![CDATA[]]></system-err>
   </testsuite>
</testsuites>
