<?xml version="1.0" encoding="UTF-8"?>
<testsuites name="portfolio" time="1248.336" tests="19" failures="0" skips="0" errors="0">
   <testsuite name="portfolio" tests="19" failures="0" errors="0" time="1248.336" skips="0" timestamp="2022-01-11 09:16:34" hostname="Owner - aldy-tft" id="Test Suites/portfolio">
      <properties>
         <property name="deviceName" value="samsung SM-A205F (Android 11)"/>
         <property name="devicePlatform" value=""/>
         <property name="logFolder" value="C:\\Users\\Owner\\Documents\\kerjaan\\KatalonProject\\qa_katalon_pwm\\qa_katalon_pwm\\Reports\\20220111_090828\\portfolio\\20220111_090833"/>
         <property name="logFiles" value="C:\\Users\\Owner\\Documents\\kerjaan\\KatalonProject\\qa_katalon_pwm\\qa_katalon_pwm\\Reports\\20220111_090828\\portfolio\\20220111_090833\\appium.log, C:\\Users\\Owner\\Documents\\kerjaan\\KatalonProject\\qa_katalon_pwm\\qa_katalon_pwm\\Reports\\20220111_090828\\portfolio\\20220111_090833\\execution0.log"/>
         <property name="attachments" value=""/>
         <property name="hostName" value="Owner - aldy-tft"/>
         <property name="os" value="Windows 10 64bit"/>
         <property name="appiumServerStatus" value="{&quot;value&quot;:{&quot;build&quot;:{&quot;version&quot;:&quot;1.22.0&quot;}},&quot;sessionId&quot;:null,&quot;status&quot;:0}"/>
         <property name="katalonVersion" value="7.9.1.208"/>
         <property name="deviceOS" value="Android"/>
         <property name="appiumVersion" value="1.22.0"/>
         <property name="deviceModel" value="SM-A205F"/>
         <property name="hostAddress" value="10.0.30.173"/>
         <property name="deviceManufacturer" value="samsung"/>
         <property name="deviceId" value="RR8M40C9AXE"/>
         <property name="deviceName" value="samsung SM-A205F (Android 11)"/>
         <property name="deviceOSVersion" value="11"/>
      </properties>
      <testcase name="Test Cases/Mobile/Scenario/Portfolio/001 - Summary" time="73.299" classname="Test Cases/Mobile/Scenario/Portfolio/001 - Summary" status="PASSED">
         <system-out><![CDATA[2022-01-11 09:16:34 - [TEST_CASE][PASSED] - Test Cases/Mobile/Scenario/Portfolio/001 - Summary: Test Cases/Mobile/Scenario/Portfolio/001 - Summary

2022-01-11 09:16:35 - [TEST_STEP][PASSED] - callTestCase(findTestCase("Mobile/Page/Run App/Run App byID"), [:], STOP_ON_FAILURE): Call Test Case 'Test Cases/Mobile/Page/Run App/Run App byID' successfully

2022-01-11 09:16:35 - [TEST_CASE][PASSED] - Test Cases/Mobile/Page/Run App/Run App byID: Test Cases/Mobile/Page/Run App/Run App byID

2022-01-11 09:16:35 - [TEST_STEP][PASSED] - startApp.OpenApp.startApplication("id.co.miraeasset.sageclub"): startApp.OpenApp.startApplication is PASSED

2022-01-11 09:16:37 - [MESSAGE][INFO] - Appium server started on port 51,552

2022-01-11 09:16:54 - [MESSAGE][PASSED] - Starting app with application ID: 'id.co.miraeasset.sageclub'

2022-01-11 09:16:54 - [MESSAGE][PASSED] - startApp.OpenApp.startApplication is PASSED

2022-01-11 09:16:54 - [MESSAGE][PASSED] - Call Test Case 'Test Cases/Mobile/Page/Run App/Run App byID' successfully

2022-01-11 09:16:54 - [TEST_STEP][PASSED] - callTestCase(findTestCase("Mobile/Page/Portfolio/Portfolio"), ["tab":"summary", "action":"summary"], CONTINUE_ON_FAILURE): Call Test Case 'Test Cases/Mobile/Page/Portfolio/Portfolio' successfully

2022-01-11 09:16:54 - [TEST_CASE][PASSED] - Test Cases/Mobile/Page/Portfolio/Portfolio: Test Cases/Mobile/Page/Portfolio/Portfolio

2022-01-11 09:16:54 - [TEST_STEP][PASSED] - callTestCase(findTestCase("Mobile/Page/CheckLogin"), [:], CONTINUE_ON_FAILURE): Call Test Case 'Test Cases/Mobile/Page/CheckLogin' successfully

2022-01-11 09:16:54 - [TEST_CASE][PASSED] - Test Cases/Mobile/Page/CheckLogin: Test Cases/Mobile/Page/CheckLogin

2022-01-11 09:16:55 - [TEST_STEP][PASSED] - loginCheck = verifyElementExist(LOGN_BtnLogin, 5, CONTINUE_ON_FAILURE): Element 'Object Repository/Mobile/Page/Login/Button - Login' is exist

2022-01-11 09:17:10 - [MESSAGE][PASSED] - Element 'Object Repository/Mobile/Page/Login/Button - Login' is exist

2022-01-11 09:17:10 - [TEST_STEP][PASSED] - if (loginCheck): Call Test Case 'Test Cases/Mobile/Page/Login/Login' successfully

2022-01-11 09:17:10 - [TEST_STEP][PASSED] - callTestCase(findTestCase("Mobile/Page/Login/Login"), ["action":"username"], CONTINUE_ON_FAILURE): Call Test Case 'Test Cases/Mobile/Page/Login/Login' successfully

2022-01-11 09:17:10 - [TEST_CASE][PASSED] - Test Cases/Mobile/Page/Login/Login: Test Cases/Mobile/Page/Login/Login

2022-01-11 09:17:10 - [TEST_STEP][PASSED] - delay(2): Delayed 2 second(s)

2022-01-11 09:17:12 - [MESSAGE][PASSED] - Delayed 2 second(s)

2022-01-11 09:17:12 - [TEST_STEP][PASSED] - for ([i = 0, i < 1, (i++)]): null

2022-01-11 09:17:12 - [TEST_STEP][PASSED] - if (action == "username"): null

2022-01-11 09:17:12 - [TEST_STEP][PASSED] - tap(LOGN_EdtUserID, 0): Tapped on element 'Object Repository/Mobile/Page/Login/Input - UserID'

2022-01-11 09:17:12 - [MESSAGE][WARNING] - Timeout '0' is invalid. Using default page load timeout: '60'

2022-01-11 09:17:13 - [MESSAGE][PASSED] - Tapped on element 'Object Repository/Mobile/Page/Login/Input - UserID'

2022-01-11 09:17:13 - [TEST_STEP][PASSED] - delay(1): Delayed 1 second(s)

2022-01-11 09:17:14 - [MESSAGE][PASSED] - Delayed 1 second(s)

2022-01-11 09:17:14 - [TEST_STEP][PASSED] - setText(LOGN_EdtRdyUserID, "anggaaditya", 0): Text 'anggaaditya' has been set to element 'Object Repository/Mobile/Page/Login/Input Rdy - UserID'

2022-01-11 09:17:14 - [MESSAGE][WARNING] - Timeout '0' is invalid. Using default page load timeout: '60'

2022-01-11 09:17:14 - [MESSAGE][PASSED] - Text 'anggaaditya' has been set to element 'Object Repository/Mobile/Page/Login/Input Rdy - UserID'

2022-01-11 09:17:14 - [TEST_STEP][PASSED] - delay(1): Delayed 1 second(s)

2022-01-11 09:17:15 - [MESSAGE][PASSED] - Delayed 1 second(s)

2022-01-11 09:17:15 - [TEST_STEP][PASSED] - hideKeyboard(): Keyboard is hidden

2022-01-11 09:17:19 - [MESSAGE][PASSED] - Keyboard is hidden

2022-01-11 09:17:19 - [TEST_STEP][PASSED] - tap(LOGN_EdtPassword, 0): Tapped on element 'Object Repository/Mobile/Page/Login/Input - Password'

2022-01-11 09:17:19 - [MESSAGE][WARNING] - Timeout '0' is invalid. Using default page load timeout: '60'

2022-01-11 09:17:20 - [MESSAGE][PASSED] - Tapped on element 'Object Repository/Mobile/Page/Login/Input - Password'

2022-01-11 09:17:20 - [TEST_STEP][PASSED] - delay(1): Delayed 1 second(s)

2022-01-11 09:17:21 - [MESSAGE][PASSED] - Delayed 1 second(s)

2022-01-11 09:17:21 - [TEST_STEP][PASSED] - setText(LOGN_EdtRdyPassword, "Shalawa18", 0): Text 'Shalawa18' has been set to element 'Object Repository/Mobile/Page/Login/Input Rdy - Password'

2022-01-11 09:17:21 - [MESSAGE][WARNING] - Timeout '0' is invalid. Using default page load timeout: '60'

2022-01-11 09:17:21 - [MESSAGE][PASSED] - Text 'Shalawa18' has been set to element 'Object Repository/Mobile/Page/Login/Input Rdy - Password'

2022-01-11 09:17:21 - [TEST_STEP][PASSED] - delay(1): Delayed 1 second(s)

2022-01-11 09:17:22 - [MESSAGE][PASSED] - Delayed 1 second(s)

2022-01-11 09:17:22 - [TEST_STEP][PASSED] - hideKeyboard(): Keyboard is hidden

2022-01-11 09:17:29 - [MESSAGE][PASSED] - Keyboard is hidden

2022-01-11 09:17:29 - [TEST_STEP][PASSED] - tap(LOGN_BtnLogin, 0): Tapped on element 'Object Repository/Mobile/Page/Login/Button - Login'

2022-01-11 09:17:29 - [MESSAGE][WARNING] - Timeout '0' is invalid. Using default page load timeout: '60'

2022-01-11 09:17:29 - [MESSAGE][PASSED] - Tapped on element 'Object Repository/Mobile/Page/Login/Button - Login'

2022-01-11 09:17:29 - [TEST_STEP][PASSED] - delay(2): Delayed 2 second(s)

2022-01-11 09:17:31 - [MESSAGE][PASSED] - Delayed 2 second(s)

2022-01-11 09:17:31 - [TEST_STEP][PASSED] - break: null

2022-01-11 09:17:31 - [MESSAGE][PASSED] - Call Test Case 'Test Cases/Mobile/Page/Login/Login' successfully

2022-01-11 09:17:31 - [MESSAGE][PASSED] - Call Test Case 'Test Cases/Mobile/Page/CheckLogin' successfully

2022-01-11 09:17:31 - [TEST_STEP][PASSED] - tap(HOME_MenubarPortfolio, 0): Tapped on element 'Object Repository/Mobile/Page/Home/Menubar - Portfolio'

2022-01-11 09:17:31 - [MESSAGE][WARNING] - Timeout '0' is invalid. Using default page load timeout: '60'

2022-01-11 09:17:33 - [MESSAGE][PASSED] - Tapped on element 'Object Repository/Mobile/Page/Home/Menubar - Portfolio'

2022-01-11 09:17:33 - [TEST_STEP][PASSED] - delay(1): Delayed 1 second(s)

2022-01-11 09:17:34 - [MESSAGE][PASSED] - Delayed 1 second(s)

2022-01-11 09:17:34 - [TEST_STEP][PASSED] - for ([i = 0, i < 1, (i++)]): null

2022-01-11 09:17:34 - [TEST_STEP][PASSED] - if (tab == "summary"): null

2022-01-11 09:17:34 - [TEST_STEP][PASSED] - idr = PORT_BtnIDR: null

2022-01-11 09:17:34 - [TEST_STEP][PASSED] - persen = PORT_BtnPersen: null

2022-01-11 09:17:34 - [TEST_STEP][PASSED] - if (action == "summary"): Delayed 3 second(s)

2022-01-11 09:17:34 - [TEST_STEP][PASSED] - delay(3): Delayed 3 second(s)

2022-01-11 09:17:37 - [MESSAGE][PASSED] - Delayed 3 second(s)

2022-01-11 09:17:37 - [TEST_STEP][PASSED] - if (action != "summary"): null

2022-01-11 09:17:37 - [MESSAGE][PASSED] - Call Test Case 'Test Cases/Mobile/Page/Portfolio/Portfolio' successfully

2022-01-11 09:17:37 - [TEST_STEP][PASSED] - callTestCase(findTestCase("Mobile/Page/Run App/Terminate App"), [:], STOP_ON_FAILURE): Call Test Case 'Test Cases/Mobile/Page/Run App/Terminate App' successfully

2022-01-11 09:17:37 - [TEST_CASE][PASSED] - Test Cases/Mobile/Page/Run App/Terminate App: Test Cases/Mobile/Page/Run App/Terminate App

2022-01-11 09:17:37 - [TEST_STEP][PASSED] - startApp.OpenApp.terminateApplication(): startApp.OpenApp.terminateApplication is PASSED

2022-01-11 09:17:41 - [MESSAGE][PASSED] - Delayed 3 second(s)

2022-01-11 09:17:41 - [MESSAGE][PASSED] - Current device physical width is 720

2022-01-11 09:17:41 - [MESSAGE][PASSED] - Current device physical height is 1423

2022-01-11 09:17:42 - [MESSAGE][PASSED] - Swiped from 360,853 to 360,142

2022-01-11 09:17:43 - [MESSAGE][PASSED] - Delayed 1 second(s)

2022-01-11 09:17:45 - [MESSAGE][PASSED] - Swiped from 360,853 to 360,142

2022-01-11 09:17:48 - [MESSAGE][PASSED] - Delayed 3 second(s)

2022-01-11 09:17:48 - [MESSAGE][PASSED] - startApp.OpenApp.terminateApplication is PASSED

2022-01-11 09:17:48 - [MESSAGE][PASSED] - Call Test Case 'Test Cases/Mobile/Page/Run App/Terminate App' successfully]]></system-out>
         <system-err><![CDATA[]]></system-err>
      </testcase>
      <testcase name="Test Cases/Mobile/Scenario/Portfolio/002 - Portfolio Performance Daily IDR" time="65.617" classname="Test Cases/Mobile/Scenario/Portfolio/002 - Portfolio Performance Daily IDR" status="PASSED">
         <system-out><![CDATA[2022-01-11 09:17:48 - [TEST_CASE][PASSED] - Test Cases/Mobile/Scenario/Portfolio/002 - Portfolio Performance Daily IDR: Test Cases/Mobile/Scenario/Portfolio/002 - Portfolio Performance Daily IDR

2022-01-11 09:17:48 - [TEST_STEP][PASSED] - callTestCase(findTestCase("Mobile/Page/Run App/Run App byID"), [:], STOP_ON_FAILURE): Call Test Case 'Test Cases/Mobile/Page/Run App/Run App byID' successfully

2022-01-11 09:17:48 - [TEST_CASE][PASSED] - Test Cases/Mobile/Page/Run App/Run App byID: Test Cases/Mobile/Page/Run App/Run App byID

2022-01-11 09:17:48 - [TEST_STEP][PASSED] - startApp.OpenApp.startApplication("id.co.miraeasset.sageclub"): startApp.OpenApp.startApplication is PASSED

2022-01-11 09:18:02 - [MESSAGE][PASSED] - Starting app with application ID: 'id.co.miraeasset.sageclub'

2022-01-11 09:18:02 - [MESSAGE][PASSED] - startApp.OpenApp.startApplication is PASSED

2022-01-11 09:18:02 - [MESSAGE][PASSED] - Call Test Case 'Test Cases/Mobile/Page/Run App/Run App byID' successfully

2022-01-11 09:18:02 - [TEST_STEP][PASSED] - callTestCase(findTestCase("Mobile/Page/Portfolio/Portfolio"), ["tab":"summary", "action":"perf_daily", "action2":"idr"], CONTINUE_ON_FAILURE): Call Test Case 'Test Cases/Mobile/Page/Portfolio/Portfolio' successfully

2022-01-11 09:18:02 - [TEST_CASE][PASSED] - Test Cases/Mobile/Page/Portfolio/Portfolio: Test Cases/Mobile/Page/Portfolio/Portfolio

2022-01-11 09:18:02 - [TEST_STEP][PASSED] - callTestCase(findTestCase("Mobile/Page/CheckLogin"), [:], CONTINUE_ON_FAILURE): Call Test Case 'Test Cases/Mobile/Page/CheckLogin' successfully

2022-01-11 09:18:02 - [TEST_CASE][PASSED] - Test Cases/Mobile/Page/CheckLogin: Test Cases/Mobile/Page/CheckLogin

2022-01-11 09:18:02 - [TEST_STEP][PASSED] - loginCheck = verifyElementExist(LOGN_BtnLogin, 5, CONTINUE_ON_FAILURE): Element 'Object Repository/Mobile/Page/Login/Button - Login' is exist

2022-01-11 09:18:04 - [MESSAGE][PASSED] - Element 'Object Repository/Mobile/Page/Login/Button - Login' is exist

2022-01-11 09:18:04 - [TEST_STEP][PASSED] - if (loginCheck): Call Test Case 'Test Cases/Mobile/Page/Login/Login' successfully

2022-01-11 09:18:04 - [TEST_STEP][PASSED] - callTestCase(findTestCase("Mobile/Page/Login/Login"), ["action":"username"], CONTINUE_ON_FAILURE): Call Test Case 'Test Cases/Mobile/Page/Login/Login' successfully

2022-01-11 09:18:04 - [TEST_CASE][PASSED] - Test Cases/Mobile/Page/Login/Login: Test Cases/Mobile/Page/Login/Login

2022-01-11 09:18:04 - [TEST_STEP][PASSED] - delay(2): Delayed 2 second(s)

2022-01-11 09:18:06 - [MESSAGE][PASSED] - Delayed 2 second(s)

2022-01-11 09:18:06 - [TEST_STEP][PASSED] - for ([i = 0, i < 1, (i++)]): null

2022-01-11 09:18:06 - [TEST_STEP][PASSED] - if (action == "username"): null

2022-01-11 09:18:06 - [TEST_STEP][PASSED] - tap(LOGN_EdtUserID, 0): Tapped on element 'Object Repository/Mobile/Page/Login/Input - UserID'

2022-01-11 09:18:06 - [MESSAGE][WARNING] - Timeout '0' is invalid. Using default page load timeout: '60'

2022-01-11 09:18:07 - [MESSAGE][PASSED] - Tapped on element 'Object Repository/Mobile/Page/Login/Input - UserID'

2022-01-11 09:18:07 - [TEST_STEP][PASSED] - delay(1): Delayed 1 second(s)

2022-01-11 09:18:08 - [MESSAGE][PASSED] - Delayed 1 second(s)

2022-01-11 09:18:08 - [TEST_STEP][PASSED] - setText(LOGN_EdtRdyUserID, "anggaaditya", 0): Text 'anggaaditya' has been set to element 'Object Repository/Mobile/Page/Login/Input Rdy - UserID'

2022-01-11 09:18:08 - [MESSAGE][WARNING] - Timeout '0' is invalid. Using default page load timeout: '60'

2022-01-11 09:18:08 - [MESSAGE][PASSED] - Text 'anggaaditya' has been set to element 'Object Repository/Mobile/Page/Login/Input Rdy - UserID'

2022-01-11 09:18:08 - [TEST_STEP][PASSED] - delay(1): Delayed 1 second(s)

2022-01-11 09:18:09 - [MESSAGE][PASSED] - Delayed 1 second(s)

2022-01-11 09:18:09 - [TEST_STEP][PASSED] - hideKeyboard(): Keyboard is hidden

2022-01-11 09:18:15 - [MESSAGE][PASSED] - Keyboard is hidden

2022-01-11 09:18:15 - [TEST_STEP][PASSED] - tap(LOGN_EdtPassword, 0): Tapped on element 'Object Repository/Mobile/Page/Login/Input - Password'

2022-01-11 09:18:15 - [MESSAGE][WARNING] - Timeout '0' is invalid. Using default page load timeout: '60'

2022-01-11 09:18:15 - [MESSAGE][PASSED] - Tapped on element 'Object Repository/Mobile/Page/Login/Input - Password'

2022-01-11 09:18:15 - [TEST_STEP][PASSED] - delay(1): Delayed 1 second(s)

2022-01-11 09:18:16 - [MESSAGE][PASSED] - Delayed 1 second(s)

2022-01-11 09:18:16 - [TEST_STEP][PASSED] - setText(LOGN_EdtRdyPassword, "Shalawa18", 0): Text 'Shalawa18' has been set to element 'Object Repository/Mobile/Page/Login/Input Rdy - Password'

2022-01-11 09:18:16 - [MESSAGE][WARNING] - Timeout '0' is invalid. Using default page load timeout: '60'

2022-01-11 09:18:17 - [MESSAGE][PASSED] - Text 'Shalawa18' has been set to element 'Object Repository/Mobile/Page/Login/Input Rdy - Password'

2022-01-11 09:18:17 - [TEST_STEP][PASSED] - delay(1): Delayed 1 second(s)

2022-01-11 09:18:18 - [MESSAGE][PASSED] - Delayed 1 second(s)

2022-01-11 09:18:18 - [TEST_STEP][PASSED] - hideKeyboard(): Keyboard is hidden

2022-01-11 09:18:26 - [MESSAGE][PASSED] - Keyboard is hidden

2022-01-11 09:18:26 - [TEST_STEP][PASSED] - tap(LOGN_BtnLogin, 0): Tapped on element 'Object Repository/Mobile/Page/Login/Button - Login'

2022-01-11 09:18:26 - [MESSAGE][WARNING] - Timeout '0' is invalid. Using default page load timeout: '60'

2022-01-11 09:18:27 - [MESSAGE][PASSED] - Tapped on element 'Object Repository/Mobile/Page/Login/Button - Login'

2022-01-11 09:18:27 - [TEST_STEP][PASSED] - delay(2): Delayed 2 second(s)

2022-01-11 09:18:29 - [MESSAGE][PASSED] - Delayed 2 second(s)

2022-01-11 09:18:29 - [TEST_STEP][PASSED] - break: null

2022-01-11 09:18:29 - [MESSAGE][PASSED] - Call Test Case 'Test Cases/Mobile/Page/Login/Login' successfully

2022-01-11 09:18:29 - [MESSAGE][PASSED] - Call Test Case 'Test Cases/Mobile/Page/CheckLogin' successfully

2022-01-11 09:18:29 - [TEST_STEP][PASSED] - tap(HOME_MenubarPortfolio, 0): Tapped on element 'Object Repository/Mobile/Page/Home/Menubar - Portfolio'

2022-01-11 09:18:29 - [MESSAGE][WARNING] - Timeout '0' is invalid. Using default page load timeout: '60'

2022-01-11 09:18:30 - [MESSAGE][PASSED] - Tapped on element 'Object Repository/Mobile/Page/Home/Menubar - Portfolio'

2022-01-11 09:18:30 - [TEST_STEP][PASSED] - delay(1): Delayed 1 second(s)

2022-01-11 09:18:31 - [MESSAGE][PASSED] - Delayed 1 second(s)

2022-01-11 09:18:31 - [TEST_STEP][PASSED] - for ([i = 0, i < 1, (i++)]): Delayed 3 second(s)

2022-01-11 09:18:31 - [TEST_STEP][PASSED] - if (tab == "summary"): Delayed 3 second(s)

2022-01-11 09:18:31 - [TEST_STEP][PASSED] - idr = PORT_BtnIDR: null

2022-01-11 09:18:31 - [TEST_STEP][PASSED] - persen = PORT_BtnPersen: null

2022-01-11 09:18:31 - [TEST_STEP][PASSED] - if (action == "summary"): null

2022-01-11 09:18:31 - [TEST_STEP][PASSED] - else if (action == "perf_daily"): scroll.scroll.scrollScreenBottomToTop is PASSED

2022-01-11 09:18:31 - [TEST_STEP][PASSED] - scroll.scroll.scrollScreenBottomToTop(): scroll.scroll.scrollScreenBottomToTop is PASSED

2022-01-11 09:18:32 - [MESSAGE][PASSED] - Current device physical height is 1423

2022-01-11 09:18:32 - [MESSAGE][PASSED] - Current device physical width is 720

2022-01-11 09:18:33 - [MESSAGE][PASSED] - Swiped from 360,1,138 to 360,284

2022-01-11 09:18:33 - [MESSAGE][PASSED] - scroll.scroll.scrollScreenBottomToTop is PASSED

2022-01-11 09:18:33 - [TEST_STEP][PASSED] - if (action != "summary"): Delayed 3 second(s)

2022-01-11 09:18:33 - [TEST_STEP][PASSED] - delay(1): Delayed 1 second(s)

2022-01-11 09:18:34 - [MESSAGE][PASSED] - Delayed 1 second(s)

2022-01-11 09:18:34 - [TEST_STEP][PASSED] - scroll.scroll.scrollScreenBottomToTop(): scroll.scroll.scrollScreenBottomToTop is PASSED

2022-01-11 09:18:35 - [MESSAGE][PASSED] - Current device physical height is 1423

2022-01-11 09:18:35 - [MESSAGE][PASSED] - Current device physical width is 720

2022-01-11 09:18:36 - [MESSAGE][PASSED] - Swiped from 360,1,138 to 360,284

2022-01-11 09:18:36 - [MESSAGE][PASSED] - scroll.scroll.scrollScreenBottomToTop is PASSED

2022-01-11 09:18:36 - [TEST_STEP][PASSED] - delay(3): Delayed 3 second(s)

2022-01-11 09:18:39 - [MESSAGE][PASSED] - Delayed 3 second(s)

2022-01-11 09:18:39 - [TEST_STEP][PASSED] - if (action2 == "idr"): Delayed 3 second(s)

2022-01-11 09:18:39 - [TEST_STEP][PASSED] - tap(idr, 10): Tapped on element 'Object Repository/Mobile/Page/Portfolio/Button - IDR'

2022-01-11 09:18:40 - [MESSAGE][PASSED] - Tapped on element 'Object Repository/Mobile/Page/Portfolio/Button - IDR'

2022-01-11 09:18:40 - [TEST_STEP][PASSED] - delay(3): Delayed 3 second(s)

2022-01-11 09:18:43 - [MESSAGE][PASSED] - Delayed 3 second(s)

2022-01-11 09:18:43 - [MESSAGE][PASSED] - Call Test Case 'Test Cases/Mobile/Page/Portfolio/Portfolio' successfully

2022-01-11 09:18:43 - [TEST_STEP][PASSED] - callTestCase(findTestCase("Mobile/Page/Run App/Terminate App"), [:], STOP_ON_FAILURE): Call Test Case 'Test Cases/Mobile/Page/Run App/Terminate App' successfully

2022-01-11 09:18:43 - [TEST_CASE][PASSED] - Test Cases/Mobile/Page/Run App/Terminate App: Test Cases/Mobile/Page/Run App/Terminate App

2022-01-11 09:18:43 - [TEST_STEP][PASSED] - startApp.OpenApp.terminateApplication(): startApp.OpenApp.terminateApplication is PASSED

2022-01-11 09:18:46 - [MESSAGE][PASSED] - Delayed 3 second(s)

2022-01-11 09:18:46 - [MESSAGE][PASSED] - Current device physical width is 720

2022-01-11 09:18:47 - [MESSAGE][PASSED] - Current device physical height is 1423

2022-01-11 09:18:48 - [MESSAGE][PASSED] - Swiped from 360,853 to 360,142

2022-01-11 09:18:49 - [MESSAGE][PASSED] - Delayed 1 second(s)

2022-01-11 09:18:50 - [MESSAGE][PASSED] - Swiped from 360,853 to 360,142

2022-01-11 09:18:53 - [MESSAGE][PASSED] - Delayed 3 second(s)

2022-01-11 09:18:53 - [MESSAGE][PASSED] - startApp.OpenApp.terminateApplication is PASSED

2022-01-11 09:18:53 - [MESSAGE][PASSED] - Call Test Case 'Test Cases/Mobile/Page/Run App/Terminate App' successfully]]></system-out>
         <system-err><![CDATA[]]></system-err>
      </testcase>
      <testcase name="Test Cases/Mobile/Scenario/Portfolio/003 - Portfolio Performance Month to Date IDR" time="65.926" classname="Test Cases/Mobile/Scenario/Portfolio/003 - Portfolio Performance Month to Date IDR" status="PASSED">
         <system-out><![CDATA[2022-01-11 09:18:53 - [TEST_CASE][PASSED] - Test Cases/Mobile/Scenario/Portfolio/003 - Portfolio Performance Month to Date IDR: Test Cases/Mobile/Scenario/Portfolio/003 - Portfolio Performance Month to Date IDR

2022-01-11 09:18:54 - [TEST_STEP][PASSED] - callTestCase(findTestCase("Mobile/Page/Run App/Run App byID"), [:], STOP_ON_FAILURE): Call Test Case 'Test Cases/Mobile/Page/Run App/Run App byID' successfully

2022-01-11 09:18:54 - [TEST_CASE][PASSED] - Test Cases/Mobile/Page/Run App/Run App byID: Test Cases/Mobile/Page/Run App/Run App byID

2022-01-11 09:18:54 - [TEST_STEP][PASSED] - startApp.OpenApp.startApplication("id.co.miraeasset.sageclub"): startApp.OpenApp.startApplication is PASSED

2022-01-11 09:19:08 - [MESSAGE][PASSED] - Starting app with application ID: 'id.co.miraeasset.sageclub'

2022-01-11 09:19:08 - [MESSAGE][PASSED] - startApp.OpenApp.startApplication is PASSED

2022-01-11 09:19:08 - [MESSAGE][PASSED] - Call Test Case 'Test Cases/Mobile/Page/Run App/Run App byID' successfully

2022-01-11 09:19:08 - [TEST_STEP][PASSED] - callTestCase(findTestCase("Mobile/Page/Portfolio/Portfolio"), ["tab":"summary", "action":"perf_month", "action2":"idr"], CONTINUE_ON_FAILURE): Call Test Case 'Test Cases/Mobile/Page/Portfolio/Portfolio' successfully

2022-01-11 09:19:08 - [TEST_CASE][PASSED] - Test Cases/Mobile/Page/Portfolio/Portfolio: Test Cases/Mobile/Page/Portfolio/Portfolio

2022-01-11 09:19:08 - [TEST_STEP][PASSED] - callTestCase(findTestCase("Mobile/Page/CheckLogin"), [:], CONTINUE_ON_FAILURE): Call Test Case 'Test Cases/Mobile/Page/CheckLogin' successfully

2022-01-11 09:19:08 - [TEST_CASE][PASSED] - Test Cases/Mobile/Page/CheckLogin: Test Cases/Mobile/Page/CheckLogin

2022-01-11 09:19:08 - [TEST_STEP][PASSED] - loginCheck = verifyElementExist(LOGN_BtnLogin, 5, CONTINUE_ON_FAILURE): Element 'Object Repository/Mobile/Page/Login/Button - Login' is exist

2022-01-11 09:19:11 - [MESSAGE][PASSED] - Element 'Object Repository/Mobile/Page/Login/Button - Login' is exist

2022-01-11 09:19:11 - [TEST_STEP][PASSED] - if (loginCheck): Call Test Case 'Test Cases/Mobile/Page/Login/Login' successfully

2022-01-11 09:19:11 - [TEST_STEP][PASSED] - callTestCase(findTestCase("Mobile/Page/Login/Login"), ["action":"username"], CONTINUE_ON_FAILURE): Call Test Case 'Test Cases/Mobile/Page/Login/Login' successfully

2022-01-11 09:19:11 - [TEST_CASE][PASSED] - Test Cases/Mobile/Page/Login/Login: Test Cases/Mobile/Page/Login/Login

2022-01-11 09:19:11 - [TEST_STEP][PASSED] - delay(2): Delayed 2 second(s)

2022-01-11 09:19:13 - [MESSAGE][PASSED] - Delayed 2 second(s)

2022-01-11 09:19:13 - [TEST_STEP][PASSED] - for ([i = 0, i < 1, (i++)]): null

2022-01-11 09:19:13 - [TEST_STEP][PASSED] - if (action == "username"): null

2022-01-11 09:19:13 - [TEST_STEP][PASSED] - tap(LOGN_EdtUserID, 0): Tapped on element 'Object Repository/Mobile/Page/Login/Input - UserID'

2022-01-11 09:19:13 - [MESSAGE][WARNING] - Timeout '0' is invalid. Using default page load timeout: '60'

2022-01-11 09:19:13 - [MESSAGE][PASSED] - Tapped on element 'Object Repository/Mobile/Page/Login/Input - UserID'

2022-01-11 09:19:13 - [TEST_STEP][PASSED] - delay(1): Delayed 1 second(s)

2022-01-11 09:19:14 - [MESSAGE][PASSED] - Delayed 1 second(s)

2022-01-11 09:19:14 - [TEST_STEP][PASSED] - setText(LOGN_EdtRdyUserID, "anggaaditya", 0): Text 'anggaaditya' has been set to element 'Object Repository/Mobile/Page/Login/Input Rdy - UserID'

2022-01-11 09:19:14 - [MESSAGE][WARNING] - Timeout '0' is invalid. Using default page load timeout: '60'

2022-01-11 09:19:15 - [MESSAGE][PASSED] - Text 'anggaaditya' has been set to element 'Object Repository/Mobile/Page/Login/Input Rdy - UserID'

2022-01-11 09:19:15 - [TEST_STEP][PASSED] - delay(1): Delayed 1 second(s)

2022-01-11 09:19:16 - [MESSAGE][PASSED] - Delayed 1 second(s)

2022-01-11 09:19:16 - [TEST_STEP][PASSED] - hideKeyboard(): Keyboard is hidden

2022-01-11 09:19:20 - [MESSAGE][PASSED] - Keyboard is hidden

2022-01-11 09:19:20 - [TEST_STEP][PASSED] - tap(LOGN_EdtPassword, 0): Tapped on element 'Object Repository/Mobile/Page/Login/Input - Password'

2022-01-11 09:19:20 - [MESSAGE][WARNING] - Timeout '0' is invalid. Using default page load timeout: '60'

2022-01-11 09:19:20 - [MESSAGE][PASSED] - Tapped on element 'Object Repository/Mobile/Page/Login/Input - Password'

2022-01-11 09:19:20 - [TEST_STEP][PASSED] - delay(1): Delayed 1 second(s)

2022-01-11 09:19:21 - [MESSAGE][PASSED] - Delayed 1 second(s)

2022-01-11 09:19:21 - [TEST_STEP][PASSED] - setText(LOGN_EdtRdyPassword, "Shalawa18", 0): Text 'Shalawa18' has been set to element 'Object Repository/Mobile/Page/Login/Input Rdy - Password'

2022-01-11 09:19:21 - [MESSAGE][WARNING] - Timeout '0' is invalid. Using default page load timeout: '60'

2022-01-11 09:19:22 - [MESSAGE][PASSED] - Text 'Shalawa18' has been set to element 'Object Repository/Mobile/Page/Login/Input Rdy - Password'

2022-01-11 09:19:22 - [TEST_STEP][PASSED] - delay(1): Delayed 1 second(s)

2022-01-11 09:19:23 - [MESSAGE][PASSED] - Delayed 1 second(s)

2022-01-11 09:19:23 - [TEST_STEP][PASSED] - hideKeyboard(): Keyboard is hidden

2022-01-11 09:19:30 - [MESSAGE][PASSED] - Keyboard is hidden

2022-01-11 09:19:30 - [TEST_STEP][PASSED] - tap(LOGN_BtnLogin, 0): Tapped on element 'Object Repository/Mobile/Page/Login/Button - Login'

2022-01-11 09:19:30 - [MESSAGE][WARNING] - Timeout '0' is invalid. Using default page load timeout: '60'

2022-01-11 09:19:31 - [MESSAGE][PASSED] - Tapped on element 'Object Repository/Mobile/Page/Login/Button - Login'

2022-01-11 09:19:31 - [TEST_STEP][PASSED] - delay(2): Delayed 2 second(s)

2022-01-11 09:19:33 - [MESSAGE][PASSED] - Delayed 2 second(s)

2022-01-11 09:19:33 - [TEST_STEP][PASSED] - break: null

2022-01-11 09:19:33 - [MESSAGE][PASSED] - Call Test Case 'Test Cases/Mobile/Page/Login/Login' successfully

2022-01-11 09:19:33 - [MESSAGE][PASSED] - Call Test Case 'Test Cases/Mobile/Page/CheckLogin' successfully

2022-01-11 09:19:33 - [TEST_STEP][PASSED] - tap(HOME_MenubarPortfolio, 0): Tapped on element 'Object Repository/Mobile/Page/Home/Menubar - Portfolio'

2022-01-11 09:19:33 - [MESSAGE][WARNING] - Timeout '0' is invalid. Using default page load timeout: '60'

2022-01-11 09:19:35 - [MESSAGE][PASSED] - Tapped on element 'Object Repository/Mobile/Page/Home/Menubar - Portfolio'

2022-01-11 09:19:35 - [TEST_STEP][PASSED] - delay(1): Delayed 1 second(s)

2022-01-11 09:19:36 - [MESSAGE][PASSED] - Delayed 1 second(s)

2022-01-11 09:19:36 - [TEST_STEP][PASSED] - for ([i = 0, i < 1, (i++)]): Delayed 3 second(s)

2022-01-11 09:19:36 - [TEST_STEP][PASSED] - if (tab == "summary"): Delayed 3 second(s)

2022-01-11 09:19:36 - [TEST_STEP][PASSED] - idr = PORT_BtnIDR: null

2022-01-11 09:19:36 - [TEST_STEP][PASSED] - persen = PORT_BtnPersen: null

2022-01-11 09:19:36 - [TEST_STEP][PASSED] - if (action == "summary"): null

2022-01-11 09:19:36 - [TEST_STEP][PASSED] - else if (action == "perf_daily"): null

2022-01-11 09:19:36 - [TEST_STEP][PASSED] - else if (action == "perf_month"): Tapped on element 'Object Repository/Mobile/Page/Portfolio/Tab - Summary Month to Date'

2022-01-11 09:19:36 - [TEST_STEP][PASSED] - scroll.scroll.scrollScreenBottomToTop(): scroll.scroll.scrollScreenBottomToTop is PASSED

2022-01-11 09:19:36 - [MESSAGE][PASSED] - Current device physical height is 1423

2022-01-11 09:19:37 - [MESSAGE][PASSED] - Current device physical width is 720

2022-01-11 09:19:38 - [MESSAGE][PASSED] - Swiped from 360,1,138 to 360,284

2022-01-11 09:19:38 - [MESSAGE][PASSED] - scroll.scroll.scrollScreenBottomToTop is PASSED

2022-01-11 09:19:38 - [TEST_STEP][PASSED] - delay(1): Delayed 1 second(s)

2022-01-11 09:19:39 - [MESSAGE][PASSED] - Delayed 1 second(s)

2022-01-11 09:19:39 - [TEST_STEP][PASSED] - tap(PORT_TabSummaryMonth, 0): Tapped on element 'Object Repository/Mobile/Page/Portfolio/Tab - Summary Month to Date'

2022-01-11 09:19:39 - [MESSAGE][WARNING] - Timeout '0' is invalid. Using default page load timeout: '60'

2022-01-11 09:19:40 - [MESSAGE][PASSED] - Tapped on element 'Object Repository/Mobile/Page/Portfolio/Tab - Summary Month to Date'

2022-01-11 09:19:40 - [TEST_STEP][PASSED] - if (action != "summary"): Delayed 3 second(s)

2022-01-11 09:19:40 - [TEST_STEP][PASSED] - delay(1): Delayed 1 second(s)

2022-01-11 09:19:41 - [MESSAGE][PASSED] - Delayed 1 second(s)

2022-01-11 09:19:41 - [TEST_STEP][PASSED] - scroll.scroll.scrollScreenBottomToTop(): scroll.scroll.scrollScreenBottomToTop is PASSED

2022-01-11 09:19:41 - [MESSAGE][PASSED] - Current device physical height is 1423

2022-01-11 09:19:41 - [MESSAGE][PASSED] - Current device physical width is 720

2022-01-11 09:19:42 - [MESSAGE][PASSED] - Swiped from 360,1,138 to 360,284

2022-01-11 09:19:42 - [MESSAGE][PASSED] - scroll.scroll.scrollScreenBottomToTop is PASSED

2022-01-11 09:19:42 - [TEST_STEP][PASSED] - delay(3): Delayed 3 second(s)

2022-01-11 09:19:45 - [MESSAGE][PASSED] - Delayed 3 second(s)

2022-01-11 09:19:45 - [TEST_STEP][PASSED] - if (action2 == "idr"): Delayed 3 second(s)

2022-01-11 09:19:45 - [TEST_STEP][PASSED] - tap(idr, 10): Tapped on element 'Object Repository/Mobile/Page/Portfolio/Button - IDR'

2022-01-11 09:19:46 - [MESSAGE][PASSED] - Tapped on element 'Object Repository/Mobile/Page/Portfolio/Button - IDR'

2022-01-11 09:19:46 - [TEST_STEP][PASSED] - delay(3): Delayed 3 second(s)

2022-01-11 09:19:49 - [MESSAGE][PASSED] - Delayed 3 second(s)

2022-01-11 09:19:49 - [MESSAGE][PASSED] - Call Test Case 'Test Cases/Mobile/Page/Portfolio/Portfolio' successfully

2022-01-11 09:19:49 - [TEST_STEP][PASSED] - callTestCase(findTestCase("Mobile/Page/Run App/Terminate App"), [:], STOP_ON_FAILURE): Call Test Case 'Test Cases/Mobile/Page/Run App/Terminate App' successfully

2022-01-11 09:19:49 - [TEST_CASE][PASSED] - Test Cases/Mobile/Page/Run App/Terminate App: Test Cases/Mobile/Page/Run App/Terminate App

2022-01-11 09:19:49 - [TEST_STEP][PASSED] - startApp.OpenApp.terminateApplication(): startApp.OpenApp.terminateApplication is PASSED

2022-01-11 09:19:52 - [MESSAGE][PASSED] - Delayed 3 second(s)

2022-01-11 09:19:52 - [MESSAGE][PASSED] - Current device physical width is 720

2022-01-11 09:19:53 - [MESSAGE][PASSED] - Current device physical height is 1423

2022-01-11 09:19:54 - [MESSAGE][PASSED] - Swiped from 360,853 to 360,142

2022-01-11 09:19:55 - [MESSAGE][PASSED] - Delayed 1 second(s)

2022-01-11 09:19:56 - [MESSAGE][PASSED] - Swiped from 360,853 to 360,142

2022-01-11 09:19:59 - [MESSAGE][PASSED] - Delayed 3 second(s)

2022-01-11 09:19:59 - [MESSAGE][PASSED] - startApp.OpenApp.terminateApplication is PASSED

2022-01-11 09:19:59 - [MESSAGE][PASSED] - Call Test Case 'Test Cases/Mobile/Page/Run App/Terminate App' successfully]]></system-out>
         <system-err><![CDATA[]]></system-err>
      </testcase>
      <testcase name="Test Cases/Mobile/Scenario/Portfolio/004 - Portfolio Performance Quarter to Date IDR" time="64.305" classname="Test Cases/Mobile/Scenario/Portfolio/004 - Portfolio Performance Quarter to Date IDR" status="PASSED">
         <system-out><![CDATA[2022-01-11 09:19:59 - [TEST_CASE][PASSED] - Test Cases/Mobile/Scenario/Portfolio/004 - Portfolio Performance Quarter to Date IDR: Test Cases/Mobile/Scenario/Portfolio/004 - Portfolio Performance Quarter to Date IDR

2022-01-11 09:20:00 - [TEST_STEP][PASSED] - callTestCase(findTestCase("Mobile/Page/Run App/Run App byID"), [:], STOP_ON_FAILURE): Call Test Case 'Test Cases/Mobile/Page/Run App/Run App byID' successfully

2022-01-11 09:20:00 - [TEST_CASE][PASSED] - Test Cases/Mobile/Page/Run App/Run App byID: Test Cases/Mobile/Page/Run App/Run App byID

2022-01-11 09:20:00 - [TEST_STEP][PASSED] - startApp.OpenApp.startApplication("id.co.miraeasset.sageclub"): startApp.OpenApp.startApplication is PASSED

2022-01-11 09:20:13 - [MESSAGE][PASSED] - Starting app with application ID: 'id.co.miraeasset.sageclub'

2022-01-11 09:20:13 - [MESSAGE][PASSED] - startApp.OpenApp.startApplication is PASSED

2022-01-11 09:20:13 - [MESSAGE][PASSED] - Call Test Case 'Test Cases/Mobile/Page/Run App/Run App byID' successfully

2022-01-11 09:20:13 - [TEST_STEP][PASSED] - callTestCase(findTestCase("Mobile/Page/Portfolio/Portfolio"), ["tab":"summary", "action":"perf_quarter", "action2":"idr"], CONTINUE_ON_FAILURE): Call Test Case 'Test Cases/Mobile/Page/Portfolio/Portfolio' successfully

2022-01-11 09:20:13 - [TEST_CASE][PASSED] - Test Cases/Mobile/Page/Portfolio/Portfolio: Test Cases/Mobile/Page/Portfolio/Portfolio

2022-01-11 09:20:13 - [TEST_STEP][PASSED] - callTestCase(findTestCase("Mobile/Page/CheckLogin"), [:], CONTINUE_ON_FAILURE): Call Test Case 'Test Cases/Mobile/Page/CheckLogin' successfully

2022-01-11 09:20:13 - [TEST_CASE][PASSED] - Test Cases/Mobile/Page/CheckLogin: Test Cases/Mobile/Page/CheckLogin

2022-01-11 09:20:13 - [TEST_STEP][PASSED] - loginCheck = verifyElementExist(LOGN_BtnLogin, 5, CONTINUE_ON_FAILURE): Element 'Object Repository/Mobile/Page/Login/Button - Login' is exist

2022-01-11 09:20:16 - [MESSAGE][PASSED] - Element 'Object Repository/Mobile/Page/Login/Button - Login' is exist

2022-01-11 09:20:16 - [TEST_STEP][PASSED] - if (loginCheck): Call Test Case 'Test Cases/Mobile/Page/Login/Login' successfully

2022-01-11 09:20:16 - [TEST_STEP][PASSED] - callTestCase(findTestCase("Mobile/Page/Login/Login"), ["action":"username"], CONTINUE_ON_FAILURE): Call Test Case 'Test Cases/Mobile/Page/Login/Login' successfully

2022-01-11 09:20:16 - [TEST_CASE][PASSED] - Test Cases/Mobile/Page/Login/Login: Test Cases/Mobile/Page/Login/Login

2022-01-11 09:20:16 - [TEST_STEP][PASSED] - delay(2): Delayed 2 second(s)

2022-01-11 09:20:18 - [MESSAGE][PASSED] - Delayed 2 second(s)

2022-01-11 09:20:18 - [TEST_STEP][PASSED] - for ([i = 0, i < 1, (i++)]): null

2022-01-11 09:20:18 - [TEST_STEP][PASSED] - if (action == "username"): null

2022-01-11 09:20:18 - [TEST_STEP][PASSED] - tap(LOGN_EdtUserID, 0): Tapped on element 'Object Repository/Mobile/Page/Login/Input - UserID'

2022-01-11 09:20:18 - [MESSAGE][WARNING] - Timeout '0' is invalid. Using default page load timeout: '60'

2022-01-11 09:20:18 - [MESSAGE][PASSED] - Tapped on element 'Object Repository/Mobile/Page/Login/Input - UserID'

2022-01-11 09:20:18 - [TEST_STEP][PASSED] - delay(1): Delayed 1 second(s)

2022-01-11 09:20:19 - [MESSAGE][PASSED] - Delayed 1 second(s)

2022-01-11 09:20:19 - [TEST_STEP][PASSED] - setText(LOGN_EdtRdyUserID, "anggaaditya", 0): Text 'anggaaditya' has been set to element 'Object Repository/Mobile/Page/Login/Input Rdy - UserID'

2022-01-11 09:20:19 - [MESSAGE][WARNING] - Timeout '0' is invalid. Using default page load timeout: '60'

2022-01-11 09:20:20 - [MESSAGE][PASSED] - Text 'anggaaditya' has been set to element 'Object Repository/Mobile/Page/Login/Input Rdy - UserID'

2022-01-11 09:20:20 - [TEST_STEP][PASSED] - delay(1): Delayed 1 second(s)

2022-01-11 09:20:21 - [MESSAGE][PASSED] - Delayed 1 second(s)

2022-01-11 09:20:21 - [TEST_STEP][PASSED] - hideKeyboard(): Keyboard is hidden

2022-01-11 09:20:25 - [MESSAGE][PASSED] - Keyboard is hidden

2022-01-11 09:20:25 - [TEST_STEP][PASSED] - tap(LOGN_EdtPassword, 0): Tapped on element 'Object Repository/Mobile/Page/Login/Input - Password'

2022-01-11 09:20:25 - [MESSAGE][WARNING] - Timeout '0' is invalid. Using default page load timeout: '60'

2022-01-11 09:20:27 - [MESSAGE][PASSED] - Tapped on element 'Object Repository/Mobile/Page/Login/Input - Password'

2022-01-11 09:20:27 - [TEST_STEP][PASSED] - delay(1): Delayed 1 second(s)

2022-01-11 09:20:28 - [MESSAGE][PASSED] - Delayed 1 second(s)

2022-01-11 09:20:28 - [TEST_STEP][PASSED] - setText(LOGN_EdtRdyPassword, "Shalawa18", 0): Text 'Shalawa18' has been set to element 'Object Repository/Mobile/Page/Login/Input Rdy - Password'

2022-01-11 09:20:28 - [MESSAGE][WARNING] - Timeout '0' is invalid. Using default page load timeout: '60'

2022-01-11 09:20:28 - [MESSAGE][PASSED] - Text 'Shalawa18' has been set to element 'Object Repository/Mobile/Page/Login/Input Rdy - Password'

2022-01-11 09:20:28 - [TEST_STEP][PASSED] - delay(1): Delayed 1 second(s)

2022-01-11 09:20:29 - [MESSAGE][PASSED] - Delayed 1 second(s)

2022-01-11 09:20:29 - [TEST_STEP][PASSED] - hideKeyboard(): Keyboard is hidden

2022-01-11 09:20:35 - [MESSAGE][PASSED] - Keyboard is hidden

2022-01-11 09:20:35 - [TEST_STEP][PASSED] - tap(LOGN_BtnLogin, 0): Tapped on element 'Object Repository/Mobile/Page/Login/Button - Login'

2022-01-11 09:20:35 - [MESSAGE][WARNING] - Timeout '0' is invalid. Using default page load timeout: '60'

2022-01-11 09:20:37 - [MESSAGE][PASSED] - Tapped on element 'Object Repository/Mobile/Page/Login/Button - Login'

2022-01-11 09:20:37 - [TEST_STEP][PASSED] - delay(2): Delayed 2 second(s)

2022-01-11 09:20:39 - [MESSAGE][PASSED] - Delayed 2 second(s)

2022-01-11 09:20:39 - [TEST_STEP][PASSED] - break: null

2022-01-11 09:20:39 - [MESSAGE][PASSED] - Call Test Case 'Test Cases/Mobile/Page/Login/Login' successfully

2022-01-11 09:20:39 - [MESSAGE][PASSED] - Call Test Case 'Test Cases/Mobile/Page/CheckLogin' successfully

2022-01-11 09:20:39 - [TEST_STEP][PASSED] - tap(HOME_MenubarPortfolio, 0): Tapped on element 'Object Repository/Mobile/Page/Home/Menubar - Portfolio'

2022-01-11 09:20:39 - [MESSAGE][WARNING] - Timeout '0' is invalid. Using default page load timeout: '60'

2022-01-11 09:20:40 - [MESSAGE][PASSED] - Tapped on element 'Object Repository/Mobile/Page/Home/Menubar - Portfolio'

2022-01-11 09:20:40 - [TEST_STEP][PASSED] - delay(1): Delayed 1 second(s)

2022-01-11 09:20:41 - [MESSAGE][PASSED] - Delayed 1 second(s)

2022-01-11 09:20:41 - [TEST_STEP][PASSED] - for ([i = 0, i < 1, (i++)]): Delayed 3 second(s)

2022-01-11 09:20:41 - [TEST_STEP][PASSED] - if (tab == "summary"): Delayed 3 second(s)

2022-01-11 09:20:41 - [TEST_STEP][PASSED] - idr = PORT_BtnIDR: null

2022-01-11 09:20:41 - [TEST_STEP][PASSED] - persen = PORT_BtnPersen: null

2022-01-11 09:20:41 - [TEST_STEP][PASSED] - if (action == "summary"): null

2022-01-11 09:20:41 - [TEST_STEP][PASSED] - else if (action == "perf_daily"): null

2022-01-11 09:20:41 - [TEST_STEP][PASSED] - else if (action == "perf_month"): null

2022-01-11 09:20:41 - [TEST_STEP][PASSED] - else if (action == "perf_quarter"): Tapped on element 'Object Repository/Mobile/Page/Portfolio/Tab - Summary Quarter to Date'

2022-01-11 09:20:41 - [TEST_STEP][PASSED] - scroll.scroll.scrollScreenBottomToTop(): scroll.scroll.scrollScreenBottomToTop is PASSED

2022-01-11 09:20:41 - [MESSAGE][PASSED] - Current device physical height is 1423

2022-01-11 09:20:41 - [MESSAGE][PASSED] - Current device physical width is 720

2022-01-11 09:20:42 - [MESSAGE][PASSED] - Swiped from 360,1,138 to 360,284

2022-01-11 09:20:43 - [MESSAGE][PASSED] - scroll.scroll.scrollScreenBottomToTop is PASSED

2022-01-11 09:20:43 - [TEST_STEP][PASSED] - delay(1): Delayed 1 second(s)

2022-01-11 09:20:44 - [MESSAGE][PASSED] - Delayed 1 second(s)

2022-01-11 09:20:44 - [TEST_STEP][PASSED] - tap(PORT_TabSummaryQuarter, 0): Tapped on element 'Object Repository/Mobile/Page/Portfolio/Tab - Summary Quarter to Date'

2022-01-11 09:20:44 - [MESSAGE][WARNING] - Timeout '0' is invalid. Using default page load timeout: '60'

2022-01-11 09:20:44 - [MESSAGE][PASSED] - Tapped on element 'Object Repository/Mobile/Page/Portfolio/Tab - Summary Quarter to Date'

2022-01-11 09:20:44 - [TEST_STEP][PASSED] - if (action != "summary"): Delayed 3 second(s)

2022-01-11 09:20:44 - [TEST_STEP][PASSED] - delay(1): Delayed 1 second(s)

2022-01-11 09:20:45 - [MESSAGE][PASSED] - Delayed 1 second(s)

2022-01-11 09:20:45 - [TEST_STEP][PASSED] - scroll.scroll.scrollScreenBottomToTop(): scroll.scroll.scrollScreenBottomToTop is PASSED

2022-01-11 09:20:45 - [MESSAGE][PASSED] - Current device physical height is 1423

2022-01-11 09:20:46 - [MESSAGE][PASSED] - Current device physical width is 720

2022-01-11 09:20:47 - [MESSAGE][PASSED] - Swiped from 360,1,138 to 360,284

2022-01-11 09:20:47 - [MESSAGE][PASSED] - scroll.scroll.scrollScreenBottomToTop is PASSED

2022-01-11 09:20:47 - [TEST_STEP][PASSED] - delay(3): Delayed 3 second(s)

2022-01-11 09:20:50 - [MESSAGE][PASSED] - Delayed 3 second(s)

2022-01-11 09:20:50 - [TEST_STEP][PASSED] - if (action2 == "idr"): Delayed 3 second(s)

2022-01-11 09:20:50 - [TEST_STEP][PASSED] - tap(idr, 10): Tapped on element 'Object Repository/Mobile/Page/Portfolio/Button - IDR'

2022-01-11 09:20:50 - [MESSAGE][PASSED] - Tapped on element 'Object Repository/Mobile/Page/Portfolio/Button - IDR'

2022-01-11 09:20:50 - [TEST_STEP][PASSED] - delay(3): Delayed 3 second(s)

2022-01-11 09:20:53 - [MESSAGE][PASSED] - Delayed 3 second(s)

2022-01-11 09:20:53 - [MESSAGE][PASSED] - Call Test Case 'Test Cases/Mobile/Page/Portfolio/Portfolio' successfully

2022-01-11 09:20:53 - [TEST_STEP][PASSED] - callTestCase(findTestCase("Mobile/Page/Run App/Terminate App"), [:], STOP_ON_FAILURE): Call Test Case 'Test Cases/Mobile/Page/Run App/Terminate App' successfully

2022-01-11 09:20:53 - [TEST_CASE][PASSED] - Test Cases/Mobile/Page/Run App/Terminate App: Test Cases/Mobile/Page/Run App/Terminate App

2022-01-11 09:20:53 - [TEST_STEP][PASSED] - startApp.OpenApp.terminateApplication(): startApp.OpenApp.terminateApplication is PASSED

2022-01-11 09:20:56 - [MESSAGE][PASSED] - Delayed 3 second(s)

2022-01-11 09:20:57 - [MESSAGE][PASSED] - Current device physical width is 720

2022-01-11 09:20:57 - [MESSAGE][PASSED] - Current device physical height is 1423

2022-01-11 09:20:58 - [MESSAGE][PASSED] - Swiped from 360,853 to 360,142

2022-01-11 09:20:59 - [MESSAGE][PASSED] - Delayed 1 second(s)

2022-01-11 09:21:01 - [MESSAGE][PASSED] - Swiped from 360,853 to 360,142

2022-01-11 09:21:04 - [MESSAGE][PASSED] - Delayed 3 second(s)

2022-01-11 09:21:04 - [MESSAGE][PASSED] - startApp.OpenApp.terminateApplication is PASSED

2022-01-11 09:21:04 - [MESSAGE][PASSED] - Call Test Case 'Test Cases/Mobile/Page/Run App/Terminate App' successfully]]></system-out>
         <system-err><![CDATA[]]></system-err>
      </testcase>
      <testcase name="Test Cases/Mobile/Scenario/Portfolio/005 - Portfolio Performance Year to Date IDR" time="63.931" classname="Test Cases/Mobile/Scenario/Portfolio/005 - Portfolio Performance Year to Date IDR" status="PASSED">
         <system-out><![CDATA[2022-01-11 09:21:04 - [TEST_CASE][PASSED] - Test Cases/Mobile/Scenario/Portfolio/005 - Portfolio Performance Year to Date IDR: Test Cases/Mobile/Scenario/Portfolio/005 - Portfolio Performance Year to Date IDR

2022-01-11 09:21:04 - [TEST_STEP][PASSED] - callTestCase(findTestCase("Mobile/Page/Run App/Run App byID"), [:], STOP_ON_FAILURE): Call Test Case 'Test Cases/Mobile/Page/Run App/Run App byID' successfully

2022-01-11 09:21:04 - [TEST_CASE][PASSED] - Test Cases/Mobile/Page/Run App/Run App byID: Test Cases/Mobile/Page/Run App/Run App byID

2022-01-11 09:21:04 - [TEST_STEP][PASSED] - startApp.OpenApp.startApplication("id.co.miraeasset.sageclub"): startApp.OpenApp.startApplication is PASSED

2022-01-11 09:21:17 - [MESSAGE][PASSED] - Starting app with application ID: 'id.co.miraeasset.sageclub'

2022-01-11 09:21:17 - [MESSAGE][PASSED] - startApp.OpenApp.startApplication is PASSED

2022-01-11 09:21:17 - [MESSAGE][PASSED] - Call Test Case 'Test Cases/Mobile/Page/Run App/Run App byID' successfully

2022-01-11 09:21:17 - [TEST_STEP][PASSED] - callTestCase(findTestCase("Mobile/Page/Portfolio/Portfolio"), ["tab":"summary", "action":"perf_year", "action2":"idr"], CONTINUE_ON_FAILURE): Call Test Case 'Test Cases/Mobile/Page/Portfolio/Portfolio' successfully

2022-01-11 09:21:17 - [TEST_CASE][PASSED] - Test Cases/Mobile/Page/Portfolio/Portfolio: Test Cases/Mobile/Page/Portfolio/Portfolio

2022-01-11 09:21:17 - [TEST_STEP][PASSED] - callTestCase(findTestCase("Mobile/Page/CheckLogin"), [:], CONTINUE_ON_FAILURE): Call Test Case 'Test Cases/Mobile/Page/CheckLogin' successfully

2022-01-11 09:21:17 - [TEST_CASE][PASSED] - Test Cases/Mobile/Page/CheckLogin: Test Cases/Mobile/Page/CheckLogin

2022-01-11 09:21:17 - [TEST_STEP][PASSED] - loginCheck = verifyElementExist(LOGN_BtnLogin, 5, CONTINUE_ON_FAILURE): Element 'Object Repository/Mobile/Page/Login/Button - Login' is exist

2022-01-11 09:21:19 - [MESSAGE][PASSED] - Element 'Object Repository/Mobile/Page/Login/Button - Login' is exist

2022-01-11 09:21:19 - [TEST_STEP][PASSED] - if (loginCheck): Call Test Case 'Test Cases/Mobile/Page/Login/Login' successfully

2022-01-11 09:21:19 - [TEST_STEP][PASSED] - callTestCase(findTestCase("Mobile/Page/Login/Login"), ["action":"username"], CONTINUE_ON_FAILURE): Call Test Case 'Test Cases/Mobile/Page/Login/Login' successfully

2022-01-11 09:21:20 - [TEST_CASE][PASSED] - Test Cases/Mobile/Page/Login/Login: Test Cases/Mobile/Page/Login/Login

2022-01-11 09:21:20 - [TEST_STEP][PASSED] - delay(2): Delayed 2 second(s)

2022-01-11 09:21:22 - [MESSAGE][PASSED] - Delayed 2 second(s)

2022-01-11 09:21:22 - [TEST_STEP][PASSED] - for ([i = 0, i < 1, (i++)]): null

2022-01-11 09:21:22 - [TEST_STEP][PASSED] - if (action == "username"): null

2022-01-11 09:21:22 - [TEST_STEP][PASSED] - tap(LOGN_EdtUserID, 0): Tapped on element 'Object Repository/Mobile/Page/Login/Input - UserID'

2022-01-11 09:21:22 - [MESSAGE][WARNING] - Timeout '0' is invalid. Using default page load timeout: '60'

2022-01-11 09:21:22 - [MESSAGE][PASSED] - Tapped on element 'Object Repository/Mobile/Page/Login/Input - UserID'

2022-01-11 09:21:22 - [TEST_STEP][PASSED] - delay(1): Delayed 1 second(s)

2022-01-11 09:21:23 - [MESSAGE][PASSED] - Delayed 1 second(s)

2022-01-11 09:21:23 - [TEST_STEP][PASSED] - setText(LOGN_EdtRdyUserID, "anggaaditya", 0): Text 'anggaaditya' has been set to element 'Object Repository/Mobile/Page/Login/Input Rdy - UserID'

2022-01-11 09:21:23 - [MESSAGE][WARNING] - Timeout '0' is invalid. Using default page load timeout: '60'

2022-01-11 09:21:24 - [MESSAGE][PASSED] - Text 'anggaaditya' has been set to element 'Object Repository/Mobile/Page/Login/Input Rdy - UserID'

2022-01-11 09:21:24 - [TEST_STEP][PASSED] - delay(1): Delayed 1 second(s)

2022-01-11 09:21:25 - [MESSAGE][PASSED] - Delayed 1 second(s)

2022-01-11 09:21:25 - [TEST_STEP][PASSED] - hideKeyboard(): Keyboard is hidden

2022-01-11 09:21:29 - [MESSAGE][PASSED] - Keyboard is hidden

2022-01-11 09:21:29 - [TEST_STEP][PASSED] - tap(LOGN_EdtPassword, 0): Tapped on element 'Object Repository/Mobile/Page/Login/Input - Password'

2022-01-11 09:21:29 - [MESSAGE][WARNING] - Timeout '0' is invalid. Using default page load timeout: '60'

2022-01-11 09:21:29 - [MESSAGE][PASSED] - Tapped on element 'Object Repository/Mobile/Page/Login/Input - Password'

2022-01-11 09:21:29 - [TEST_STEP][PASSED] - delay(1): Delayed 1 second(s)

2022-01-11 09:21:30 - [MESSAGE][PASSED] - Delayed 1 second(s)

2022-01-11 09:21:30 - [TEST_STEP][PASSED] - setText(LOGN_EdtRdyPassword, "Shalawa18", 0): Text 'Shalawa18' has been set to element 'Object Repository/Mobile/Page/Login/Input Rdy - Password'

2022-01-11 09:21:30 - [MESSAGE][WARNING] - Timeout '0' is invalid. Using default page load timeout: '60'

2022-01-11 09:21:31 - [MESSAGE][PASSED] - Text 'Shalawa18' has been set to element 'Object Repository/Mobile/Page/Login/Input Rdy - Password'

2022-01-11 09:21:31 - [TEST_STEP][PASSED] - delay(1): Delayed 1 second(s)

2022-01-11 09:21:32 - [MESSAGE][PASSED] - Delayed 1 second(s)

2022-01-11 09:21:32 - [TEST_STEP][PASSED] - hideKeyboard(): Keyboard is hidden

2022-01-11 09:21:38 - [MESSAGE][PASSED] - Keyboard is hidden

2022-01-11 09:21:39 - [TEST_STEP][PASSED] - tap(LOGN_BtnLogin, 0): Tapped on element 'Object Repository/Mobile/Page/Login/Button - Login'

2022-01-11 09:21:39 - [MESSAGE][WARNING] - Timeout '0' is invalid. Using default page load timeout: '60'

2022-01-11 09:21:39 - [MESSAGE][PASSED] - Tapped on element 'Object Repository/Mobile/Page/Login/Button - Login'

2022-01-11 09:21:39 - [TEST_STEP][PASSED] - delay(2): Delayed 2 second(s)

2022-01-11 09:21:41 - [MESSAGE][PASSED] - Delayed 2 second(s)

2022-01-11 09:21:41 - [TEST_STEP][PASSED] - break: null

2022-01-11 09:21:41 - [MESSAGE][PASSED] - Call Test Case 'Test Cases/Mobile/Page/Login/Login' successfully

2022-01-11 09:21:41 - [MESSAGE][PASSED] - Call Test Case 'Test Cases/Mobile/Page/CheckLogin' successfully

2022-01-11 09:21:41 - [TEST_STEP][PASSED] - tap(HOME_MenubarPortfolio, 0): Tapped on element 'Object Repository/Mobile/Page/Home/Menubar - Portfolio'

2022-01-11 09:21:42 - [MESSAGE][WARNING] - Timeout '0' is invalid. Using default page load timeout: '60'

2022-01-11 09:21:43 - [MESSAGE][PASSED] - Tapped on element 'Object Repository/Mobile/Page/Home/Menubar - Portfolio'

2022-01-11 09:21:43 - [TEST_STEP][PASSED] - delay(1): Delayed 1 second(s)

2022-01-11 09:21:44 - [MESSAGE][PASSED] - Delayed 1 second(s)

2022-01-11 09:21:44 - [TEST_STEP][PASSED] - for ([i = 0, i < 1, (i++)]): Delayed 3 second(s)

2022-01-11 09:21:44 - [TEST_STEP][PASSED] - if (tab == "summary"): Delayed 3 second(s)

2022-01-11 09:21:44 - [TEST_STEP][PASSED] - idr = PORT_BtnIDR: null

2022-01-11 09:21:44 - [TEST_STEP][PASSED] - persen = PORT_BtnPersen: null

2022-01-11 09:21:44 - [TEST_STEP][PASSED] - if (action == "summary"): null

2022-01-11 09:21:44 - [TEST_STEP][PASSED] - else if (action == "perf_daily"): null

2022-01-11 09:21:44 - [TEST_STEP][PASSED] - else if (action == "perf_month"): null

2022-01-11 09:21:44 - [TEST_STEP][PASSED] - else if (action == "perf_quarter"): null

2022-01-11 09:21:44 - [TEST_STEP][PASSED] - else if (action == "perf_year"): Tapped on element 'Object Repository/Mobile/Page/Portfolio/Tab - Summary Year to Date'

2022-01-11 09:21:44 - [TEST_STEP][PASSED] - scroll.scroll.scrollScreenBottomToTop(): scroll.scroll.scrollScreenBottomToTop is PASSED

2022-01-11 09:21:44 - [MESSAGE][PASSED] - Current device physical height is 1423

2022-01-11 09:21:45 - [MESSAGE][PASSED] - Current device physical width is 720

2022-01-11 09:21:46 - [MESSAGE][PASSED] - Swiped from 360,1,138 to 360,284

2022-01-11 09:21:46 - [MESSAGE][PASSED] - scroll.scroll.scrollScreenBottomToTop is PASSED

2022-01-11 09:21:46 - [TEST_STEP][PASSED] - delay(1): Delayed 1 second(s)

2022-01-11 09:21:47 - [MESSAGE][PASSED] - Delayed 1 second(s)

2022-01-11 09:21:47 - [TEST_STEP][PASSED] - tap(PORT_TabSummaryYear, 0): Tapped on element 'Object Repository/Mobile/Page/Portfolio/Tab - Summary Year to Date'

2022-01-11 09:21:47 - [MESSAGE][WARNING] - Timeout '0' is invalid. Using default page load timeout: '60'

2022-01-11 09:21:48 - [MESSAGE][PASSED] - Tapped on element 'Object Repository/Mobile/Page/Portfolio/Tab - Summary Year to Date'

2022-01-11 09:21:48 - [TEST_STEP][PASSED] - if (action != "summary"): Delayed 3 second(s)

2022-01-11 09:21:48 - [TEST_STEP][PASSED] - delay(1): Delayed 1 second(s)

2022-01-11 09:21:49 - [MESSAGE][PASSED] - Delayed 1 second(s)

2022-01-11 09:21:49 - [TEST_STEP][PASSED] - scroll.scroll.scrollScreenBottomToTop(): scroll.scroll.scrollScreenBottomToTop is PASSED

2022-01-11 09:21:49 - [MESSAGE][PASSED] - Current device physical height is 1423

2022-01-11 09:21:49 - [MESSAGE][PASSED] - Current device physical width is 720

2022-01-11 09:21:51 - [MESSAGE][PASSED] - Swiped from 360,1,138 to 360,284

2022-01-11 09:21:51 - [MESSAGE][PASSED] - scroll.scroll.scrollScreenBottomToTop is PASSED

2022-01-11 09:21:51 - [TEST_STEP][PASSED] - delay(3): Delayed 3 second(s)

2022-01-11 09:21:54 - [MESSAGE][PASSED] - Delayed 3 second(s)

2022-01-11 09:21:54 - [TEST_STEP][PASSED] - if (action2 == "idr"): Delayed 3 second(s)

2022-01-11 09:21:54 - [TEST_STEP][PASSED] - tap(idr, 10): Tapped on element 'Object Repository/Mobile/Page/Portfolio/Button - IDR'

2022-01-11 09:21:54 - [MESSAGE][PASSED] - Tapped on element 'Object Repository/Mobile/Page/Portfolio/Button - IDR'

2022-01-11 09:21:54 - [TEST_STEP][PASSED] - delay(3): Delayed 3 second(s)

2022-01-11 09:21:57 - [MESSAGE][PASSED] - Delayed 3 second(s)

2022-01-11 09:21:57 - [MESSAGE][PASSED] - Call Test Case 'Test Cases/Mobile/Page/Portfolio/Portfolio' successfully

2022-01-11 09:21:57 - [TEST_STEP][PASSED] - callTestCase(findTestCase("Mobile/Page/Run App/Terminate App"), [:], STOP_ON_FAILURE): Call Test Case 'Test Cases/Mobile/Page/Run App/Terminate App' successfully

2022-01-11 09:21:57 - [TEST_CASE][PASSED] - Test Cases/Mobile/Page/Run App/Terminate App: Test Cases/Mobile/Page/Run App/Terminate App

2022-01-11 09:21:57 - [TEST_STEP][PASSED] - startApp.OpenApp.terminateApplication(): startApp.OpenApp.terminateApplication is PASSED

2022-01-11 09:22:00 - [MESSAGE][PASSED] - Delayed 3 second(s)

2022-01-11 09:22:00 - [MESSAGE][PASSED] - Current device physical width is 720

2022-01-11 09:22:01 - [MESSAGE][PASSED] - Current device physical height is 1423

2022-01-11 09:22:02 - [MESSAGE][PASSED] - Swiped from 360,853 to 360,142

2022-01-11 09:22:03 - [MESSAGE][PASSED] - Delayed 1 second(s)

2022-01-11 09:22:04 - [MESSAGE][PASSED] - Swiped from 360,853 to 360,142

2022-01-11 09:22:08 - [MESSAGE][PASSED] - Delayed 3 second(s)

2022-01-11 09:22:08 - [MESSAGE][PASSED] - startApp.OpenApp.terminateApplication is PASSED

2022-01-11 09:22:08 - [MESSAGE][PASSED] - Call Test Case 'Test Cases/Mobile/Page/Run App/Terminate App' successfully]]></system-out>
         <system-err><![CDATA[]]></system-err>
      </testcase>
      <testcase name="Test Cases/Mobile/Scenario/Portfolio/006 - Portfolio Performance Daily Persen" time="61.684" classname="Test Cases/Mobile/Scenario/Portfolio/006 - Portfolio Performance Daily Persen" status="PASSED">
         <system-out><![CDATA[2022-01-11 09:22:08 - [TEST_CASE][PASSED] - Test Cases/Mobile/Scenario/Portfolio/006 - Portfolio Performance Daily Persen: Test Cases/Mobile/Scenario/Portfolio/006 - Portfolio Performance Daily Persen

2022-01-11 09:22:08 - [TEST_STEP][PASSED] - callTestCase(findTestCase("Mobile/Page/Run App/Run App byID"), [:], STOP_ON_FAILURE): Call Test Case 'Test Cases/Mobile/Page/Run App/Run App byID' successfully

2022-01-11 09:22:08 - [TEST_CASE][PASSED] - Test Cases/Mobile/Page/Run App/Run App byID: Test Cases/Mobile/Page/Run App/Run App byID

2022-01-11 09:22:08 - [TEST_STEP][PASSED] - startApp.OpenApp.startApplication("id.co.miraeasset.sageclub"): startApp.OpenApp.startApplication is PASSED

2022-01-11 09:22:21 - [MESSAGE][PASSED] - Starting app with application ID: 'id.co.miraeasset.sageclub'

2022-01-11 09:22:21 - [MESSAGE][PASSED] - startApp.OpenApp.startApplication is PASSED

2022-01-11 09:22:21 - [MESSAGE][PASSED] - Call Test Case 'Test Cases/Mobile/Page/Run App/Run App byID' successfully

2022-01-11 09:22:21 - [TEST_STEP][PASSED] - callTestCase(findTestCase("Mobile/Page/Portfolio/Portfolio"), ["tab":"summary", "action":"perf_daily", "action2":"persen"], CONTINUE_ON_FAILURE): Call Test Case 'Test Cases/Mobile/Page/Portfolio/Portfolio' successfully

2022-01-11 09:22:21 - [TEST_CASE][PASSED] - Test Cases/Mobile/Page/Portfolio/Portfolio: Test Cases/Mobile/Page/Portfolio/Portfolio

2022-01-11 09:22:21 - [TEST_STEP][PASSED] - callTestCase(findTestCase("Mobile/Page/CheckLogin"), [:], CONTINUE_ON_FAILURE): Call Test Case 'Test Cases/Mobile/Page/CheckLogin' successfully

2022-01-11 09:22:21 - [TEST_CASE][PASSED] - Test Cases/Mobile/Page/CheckLogin: Test Cases/Mobile/Page/CheckLogin

2022-01-11 09:22:21 - [TEST_STEP][PASSED] - loginCheck = verifyElementExist(LOGN_BtnLogin, 5, CONTINUE_ON_FAILURE): Element 'Object Repository/Mobile/Page/Login/Button - Login' is exist

2022-01-11 09:22:23 - [MESSAGE][PASSED] - Element 'Object Repository/Mobile/Page/Login/Button - Login' is exist

2022-01-11 09:22:23 - [TEST_STEP][PASSED] - if (loginCheck): Call Test Case 'Test Cases/Mobile/Page/Login/Login' successfully

2022-01-11 09:22:23 - [TEST_STEP][PASSED] - callTestCase(findTestCase("Mobile/Page/Login/Login"), ["action":"username"], CONTINUE_ON_FAILURE): Call Test Case 'Test Cases/Mobile/Page/Login/Login' successfully

2022-01-11 09:22:23 - [TEST_CASE][PASSED] - Test Cases/Mobile/Page/Login/Login: Test Cases/Mobile/Page/Login/Login

2022-01-11 09:22:23 - [TEST_STEP][PASSED] - delay(2): Delayed 2 second(s)

2022-01-11 09:22:25 - [MESSAGE][PASSED] - Delayed 2 second(s)

2022-01-11 09:22:25 - [TEST_STEP][PASSED] - for ([i = 0, i < 1, (i++)]): null

2022-01-11 09:22:25 - [TEST_STEP][PASSED] - if (action == "username"): null

2022-01-11 09:22:25 - [TEST_STEP][PASSED] - tap(LOGN_EdtUserID, 0): Tapped on element 'Object Repository/Mobile/Page/Login/Input - UserID'

2022-01-11 09:22:25 - [MESSAGE][WARNING] - Timeout '0' is invalid. Using default page load timeout: '60'

2022-01-11 09:22:26 - [MESSAGE][PASSED] - Tapped on element 'Object Repository/Mobile/Page/Login/Input - UserID'

2022-01-11 09:22:26 - [TEST_STEP][PASSED] - delay(1): Delayed 1 second(s)

2022-01-11 09:22:27 - [MESSAGE][PASSED] - Delayed 1 second(s)

2022-01-11 09:22:27 - [TEST_STEP][PASSED] - setText(LOGN_EdtRdyUserID, "anggaaditya", 0): Text 'anggaaditya' has been set to element 'Object Repository/Mobile/Page/Login/Input Rdy - UserID'

2022-01-11 09:22:27 - [MESSAGE][WARNING] - Timeout '0' is invalid. Using default page load timeout: '60'

2022-01-11 09:22:28 - [MESSAGE][PASSED] - Text 'anggaaditya' has been set to element 'Object Repository/Mobile/Page/Login/Input Rdy - UserID'

2022-01-11 09:22:28 - [TEST_STEP][PASSED] - delay(1): Delayed 1 second(s)

2022-01-11 09:22:29 - [MESSAGE][PASSED] - Delayed 1 second(s)

2022-01-11 09:22:29 - [TEST_STEP][PASSED] - hideKeyboard(): Keyboard is hidden

2022-01-11 09:22:32 - [MESSAGE][PASSED] - Keyboard is hidden

2022-01-11 09:22:32 - [TEST_STEP][PASSED] - tap(LOGN_EdtPassword, 0): Tapped on element 'Object Repository/Mobile/Page/Login/Input - Password'

2022-01-11 09:22:32 - [MESSAGE][WARNING] - Timeout '0' is invalid. Using default page load timeout: '60'

2022-01-11 09:22:33 - [MESSAGE][PASSED] - Tapped on element 'Object Repository/Mobile/Page/Login/Input - Password'

2022-01-11 09:22:33 - [TEST_STEP][PASSED] - delay(1): Delayed 1 second(s)

2022-01-11 09:22:34 - [MESSAGE][PASSED] - Delayed 1 second(s)

2022-01-11 09:22:34 - [TEST_STEP][PASSED] - setText(LOGN_EdtRdyPassword, "Shalawa18", 0): Text 'Shalawa18' has been set to element 'Object Repository/Mobile/Page/Login/Input Rdy - Password'

2022-01-11 09:22:34 - [MESSAGE][WARNING] - Timeout '0' is invalid. Using default page load timeout: '60'

2022-01-11 09:22:34 - [MESSAGE][PASSED] - Text 'Shalawa18' has been set to element 'Object Repository/Mobile/Page/Login/Input Rdy - Password'

2022-01-11 09:22:34 - [TEST_STEP][PASSED] - delay(1): Delayed 1 second(s)

2022-01-11 09:22:35 - [MESSAGE][PASSED] - Delayed 1 second(s)

2022-01-11 09:22:35 - [TEST_STEP][PASSED] - hideKeyboard(): Keyboard is hidden

2022-01-11 09:22:42 - [MESSAGE][PASSED] - Keyboard is hidden

2022-01-11 09:22:42 - [TEST_STEP][PASSED] - tap(LOGN_BtnLogin, 0): Tapped on element 'Object Repository/Mobile/Page/Login/Button - Login'

2022-01-11 09:22:42 - [MESSAGE][WARNING] - Timeout '0' is invalid. Using default page load timeout: '60'

2022-01-11 09:22:43 - [MESSAGE][PASSED] - Tapped on element 'Object Repository/Mobile/Page/Login/Button - Login'

2022-01-11 09:22:43 - [TEST_STEP][PASSED] - delay(2): Delayed 2 second(s)

2022-01-11 09:22:45 - [MESSAGE][PASSED] - Delayed 2 second(s)

2022-01-11 09:22:45 - [TEST_STEP][PASSED] - break: null

2022-01-11 09:22:45 - [MESSAGE][PASSED] - Call Test Case 'Test Cases/Mobile/Page/Login/Login' successfully

2022-01-11 09:22:45 - [MESSAGE][PASSED] - Call Test Case 'Test Cases/Mobile/Page/CheckLogin' successfully

2022-01-11 09:22:45 - [TEST_STEP][PASSED] - tap(HOME_MenubarPortfolio, 0): Tapped on element 'Object Repository/Mobile/Page/Home/Menubar - Portfolio'

2022-01-11 09:22:45 - [MESSAGE][WARNING] - Timeout '0' is invalid. Using default page load timeout: '60'

2022-01-11 09:22:47 - [MESSAGE][PASSED] - Tapped on element 'Object Repository/Mobile/Page/Home/Menubar - Portfolio'

2022-01-11 09:22:47 - [TEST_STEP][PASSED] - delay(1): Delayed 1 second(s)

2022-01-11 09:22:48 - [MESSAGE][PASSED] - Delayed 1 second(s)

2022-01-11 09:22:48 - [TEST_STEP][PASSED] - for ([i = 0, i < 1, (i++)]): Delayed 3 second(s)

2022-01-11 09:22:48 - [TEST_STEP][PASSED] - if (tab == "summary"): Delayed 3 second(s)

2022-01-11 09:22:48 - [TEST_STEP][PASSED] - idr = PORT_BtnIDR: null

2022-01-11 09:22:48 - [TEST_STEP][PASSED] - persen = PORT_BtnPersen: null

2022-01-11 09:22:48 - [TEST_STEP][PASSED] - if (action == "summary"): null

2022-01-11 09:22:48 - [TEST_STEP][PASSED] - else if (action == "perf_daily"): scroll.scroll.scrollScreenBottomToTop is PASSED

2022-01-11 09:22:48 - [TEST_STEP][PASSED] - scroll.scroll.scrollScreenBottomToTop(): scroll.scroll.scrollScreenBottomToTop is PASSED

2022-01-11 09:22:48 - [MESSAGE][PASSED] - Current device physical height is 1423

2022-01-11 09:22:48 - [MESSAGE][PASSED] - Current device physical width is 720

2022-01-11 09:22:49 - [MESSAGE][PASSED] - Swiped from 360,1,138 to 360,284

2022-01-11 09:22:49 - [MESSAGE][PASSED] - scroll.scroll.scrollScreenBottomToTop is PASSED

2022-01-11 09:22:49 - [TEST_STEP][PASSED] - if (action != "summary"): Delayed 3 second(s)

2022-01-11 09:22:49 - [TEST_STEP][PASSED] - delay(1): Delayed 1 second(s)

2022-01-11 09:22:50 - [MESSAGE][PASSED] - Delayed 1 second(s)

2022-01-11 09:22:50 - [TEST_STEP][PASSED] - scroll.scroll.scrollScreenBottomToTop(): scroll.scroll.scrollScreenBottomToTop is PASSED

2022-01-11 09:22:51 - [MESSAGE][PASSED] - Current device physical height is 1423

2022-01-11 09:22:51 - [MESSAGE][PASSED] - Current device physical width is 720

2022-01-11 09:22:52 - [MESSAGE][PASSED] - Swiped from 360,1,138 to 360,284

2022-01-11 09:22:52 - [MESSAGE][PASSED] - scroll.scroll.scrollScreenBottomToTop is PASSED

2022-01-11 09:22:52 - [TEST_STEP][PASSED] - delay(3): Delayed 3 second(s)

2022-01-11 09:22:55 - [MESSAGE][PASSED] - Delayed 3 second(s)

2022-01-11 09:22:55 - [TEST_STEP][PASSED] - if (action2 == "idr"): null

2022-01-11 09:22:55 - [TEST_STEP][PASSED] - else if (action2 == "persen"): Delayed 3 second(s)

2022-01-11 09:22:55 - [TEST_STEP][PASSED] - tap(persen, 10): Tapped on element 'Object Repository/Mobile/Page/Portfolio/Button - Persen'

2022-01-11 09:22:56 - [MESSAGE][PASSED] - Tapped on element 'Object Repository/Mobile/Page/Portfolio/Button - Persen'

2022-01-11 09:22:56 - [TEST_STEP][PASSED] - delay(3): Delayed 3 second(s)

2022-01-11 09:22:59 - [MESSAGE][PASSED] - Delayed 3 second(s)

2022-01-11 09:22:59 - [MESSAGE][PASSED] - Call Test Case 'Test Cases/Mobile/Page/Portfolio/Portfolio' successfully

2022-01-11 09:22:59 - [TEST_STEP][PASSED] - callTestCase(findTestCase("Mobile/Page/Run App/Terminate App"), [:], STOP_ON_FAILURE): Call Test Case 'Test Cases/Mobile/Page/Run App/Terminate App' successfully

2022-01-11 09:22:59 - [TEST_CASE][PASSED] - Test Cases/Mobile/Page/Run App/Terminate App: Test Cases/Mobile/Page/Run App/Terminate App

2022-01-11 09:22:59 - [TEST_STEP][PASSED] - startApp.OpenApp.terminateApplication(): startApp.OpenApp.terminateApplication is PASSED

2022-01-11 09:23:02 - [MESSAGE][PASSED] - Delayed 3 second(s)

2022-01-11 09:23:02 - [MESSAGE][PASSED] - Current device physical width is 720

2022-01-11 09:23:02 - [MESSAGE][PASSED] - Current device physical height is 1423

2022-01-11 09:23:04 - [MESSAGE][PASSED] - Swiped from 360,853 to 360,142

2022-01-11 09:23:05 - [MESSAGE][PASSED] - Delayed 1 second(s)

2022-01-11 09:23:06 - [MESSAGE][PASSED] - Swiped from 360,853 to 360,142

2022-01-11 09:23:09 - [MESSAGE][PASSED] - Delayed 3 second(s)

2022-01-11 09:23:09 - [MESSAGE][PASSED] - startApp.OpenApp.terminateApplication is PASSED

2022-01-11 09:23:09 - [MESSAGE][PASSED] - Call Test Case 'Test Cases/Mobile/Page/Run App/Terminate App' successfully]]></system-out>
         <system-err><![CDATA[]]></system-err>
      </testcase>
      <testcase name="Test Cases/Mobile/Scenario/Portfolio/007 - Portfolio Performance Month to Date Persen" time="63.711" classname="Test Cases/Mobile/Scenario/Portfolio/007 - Portfolio Performance Month to Date Persen" status="PASSED">
         <system-out><![CDATA[2022-01-11 09:23:09 - [TEST_CASE][PASSED] - Test Cases/Mobile/Scenario/Portfolio/007 - Portfolio Performance Month to Date Persen: Test Cases/Mobile/Scenario/Portfolio/007 - Portfolio Performance Month to Date Persen

2022-01-11 09:23:09 - [TEST_STEP][PASSED] - callTestCase(findTestCase("Mobile/Page/Run App/Run App byID"), [:], STOP_ON_FAILURE): Call Test Case 'Test Cases/Mobile/Page/Run App/Run App byID' successfully

2022-01-11 09:23:10 - [TEST_CASE][PASSED] - Test Cases/Mobile/Page/Run App/Run App byID: Test Cases/Mobile/Page/Run App/Run App byID

2022-01-11 09:23:10 - [TEST_STEP][PASSED] - startApp.OpenApp.startApplication("id.co.miraeasset.sageclub"): startApp.OpenApp.startApplication is PASSED

2022-01-11 09:23:23 - [MESSAGE][PASSED] - Starting app with application ID: 'id.co.miraeasset.sageclub'

2022-01-11 09:23:23 - [MESSAGE][PASSED] - startApp.OpenApp.startApplication is PASSED

2022-01-11 09:23:23 - [MESSAGE][PASSED] - Call Test Case 'Test Cases/Mobile/Page/Run App/Run App byID' successfully

2022-01-11 09:23:23 - [TEST_STEP][PASSED] - callTestCase(findTestCase("Mobile/Page/Portfolio/Portfolio"), ["tab":"summary", "action":"perf_month", "action2":"persen"], CONTINUE_ON_FAILURE): Call Test Case 'Test Cases/Mobile/Page/Portfolio/Portfolio' successfully

2022-01-11 09:23:23 - [TEST_CASE][PASSED] - Test Cases/Mobile/Page/Portfolio/Portfolio: Test Cases/Mobile/Page/Portfolio/Portfolio

2022-01-11 09:23:23 - [TEST_STEP][PASSED] - callTestCase(findTestCase("Mobile/Page/CheckLogin"), [:], CONTINUE_ON_FAILURE): Call Test Case 'Test Cases/Mobile/Page/CheckLogin' successfully

2022-01-11 09:23:23 - [TEST_CASE][PASSED] - Test Cases/Mobile/Page/CheckLogin: Test Cases/Mobile/Page/CheckLogin

2022-01-11 09:23:23 - [TEST_STEP][PASSED] - loginCheck = verifyElementExist(LOGN_BtnLogin, 5, CONTINUE_ON_FAILURE): Element 'Object Repository/Mobile/Page/Login/Button - Login' is exist

2022-01-11 09:23:25 - [MESSAGE][PASSED] - Element 'Object Repository/Mobile/Page/Login/Button - Login' is exist

2022-01-11 09:23:25 - [TEST_STEP][PASSED] - if (loginCheck): Call Test Case 'Test Cases/Mobile/Page/Login/Login' successfully

2022-01-11 09:23:25 - [TEST_STEP][PASSED] - callTestCase(findTestCase("Mobile/Page/Login/Login"), ["action":"username"], CONTINUE_ON_FAILURE): Call Test Case 'Test Cases/Mobile/Page/Login/Login' successfully

2022-01-11 09:23:25 - [TEST_CASE][PASSED] - Test Cases/Mobile/Page/Login/Login: Test Cases/Mobile/Page/Login/Login

2022-01-11 09:23:25 - [TEST_STEP][PASSED] - delay(2): Delayed 2 second(s)

2022-01-11 09:23:27 - [MESSAGE][PASSED] - Delayed 2 second(s)

2022-01-11 09:23:27 - [TEST_STEP][PASSED] - for ([i = 0, i < 1, (i++)]): null

2022-01-11 09:23:27 - [TEST_STEP][PASSED] - if (action == "username"): null

2022-01-11 09:23:27 - [TEST_STEP][PASSED] - tap(LOGN_EdtUserID, 0): Tapped on element 'Object Repository/Mobile/Page/Login/Input - UserID'

2022-01-11 09:23:27 - [MESSAGE][WARNING] - Timeout '0' is invalid. Using default page load timeout: '60'

2022-01-11 09:23:28 - [MESSAGE][PASSED] - Tapped on element 'Object Repository/Mobile/Page/Login/Input - UserID'

2022-01-11 09:23:28 - [TEST_STEP][PASSED] - delay(1): Delayed 1 second(s)

2022-01-11 09:23:29 - [MESSAGE][PASSED] - Delayed 1 second(s)

2022-01-11 09:23:29 - [TEST_STEP][PASSED] - setText(LOGN_EdtRdyUserID, "anggaaditya", 0): Text 'anggaaditya' has been set to element 'Object Repository/Mobile/Page/Login/Input Rdy - UserID'

2022-01-11 09:23:29 - [MESSAGE][WARNING] - Timeout '0' is invalid. Using default page load timeout: '60'

2022-01-11 09:23:29 - [MESSAGE][PASSED] - Text 'anggaaditya' has been set to element 'Object Repository/Mobile/Page/Login/Input Rdy - UserID'

2022-01-11 09:23:29 - [TEST_STEP][PASSED] - delay(1): Delayed 1 second(s)

2022-01-11 09:23:30 - [MESSAGE][PASSED] - Delayed 1 second(s)

2022-01-11 09:23:30 - [TEST_STEP][PASSED] - hideKeyboard(): Keyboard is hidden

2022-01-11 09:23:34 - [MESSAGE][PASSED] - Keyboard is hidden

2022-01-11 09:23:34 - [TEST_STEP][PASSED] - tap(LOGN_EdtPassword, 0): Tapped on element 'Object Repository/Mobile/Page/Login/Input - Password'

2022-01-11 09:23:34 - [MESSAGE][WARNING] - Timeout '0' is invalid. Using default page load timeout: '60'

2022-01-11 09:23:35 - [MESSAGE][PASSED] - Tapped on element 'Object Repository/Mobile/Page/Login/Input - Password'

2022-01-11 09:23:35 - [TEST_STEP][PASSED] - delay(1): Delayed 1 second(s)

2022-01-11 09:23:36 - [MESSAGE][PASSED] - Delayed 1 second(s)

2022-01-11 09:23:36 - [TEST_STEP][PASSED] - setText(LOGN_EdtRdyPassword, "Shalawa18", 0): Text 'Shalawa18' has been set to element 'Object Repository/Mobile/Page/Login/Input Rdy - Password'

2022-01-11 09:23:36 - [MESSAGE][WARNING] - Timeout '0' is invalid. Using default page load timeout: '60'

2022-01-11 09:23:36 - [MESSAGE][PASSED] - Text 'Shalawa18' has been set to element 'Object Repository/Mobile/Page/Login/Input Rdy - Password'

2022-01-11 09:23:36 - [TEST_STEP][PASSED] - delay(1): Delayed 1 second(s)

2022-01-11 09:23:37 - [MESSAGE][PASSED] - Delayed 1 second(s)

2022-01-11 09:23:37 - [TEST_STEP][PASSED] - hideKeyboard(): Keyboard is hidden

2022-01-11 09:23:44 - [MESSAGE][PASSED] - Keyboard is hidden

2022-01-11 09:23:44 - [TEST_STEP][PASSED] - tap(LOGN_BtnLogin, 0): Tapped on element 'Object Repository/Mobile/Page/Login/Button - Login'

2022-01-11 09:23:44 - [MESSAGE][WARNING] - Timeout '0' is invalid. Using default page load timeout: '60'

2022-01-11 09:23:45 - [MESSAGE][PASSED] - Tapped on element 'Object Repository/Mobile/Page/Login/Button - Login'

2022-01-11 09:23:45 - [TEST_STEP][PASSED] - delay(2): Delayed 2 second(s)

2022-01-11 09:23:47 - [MESSAGE][PASSED] - Delayed 2 second(s)

2022-01-11 09:23:47 - [TEST_STEP][PASSED] - break: null

2022-01-11 09:23:47 - [MESSAGE][PASSED] - Call Test Case 'Test Cases/Mobile/Page/Login/Login' successfully

2022-01-11 09:23:47 - [MESSAGE][PASSED] - Call Test Case 'Test Cases/Mobile/Page/CheckLogin' successfully

2022-01-11 09:23:47 - [TEST_STEP][PASSED] - tap(HOME_MenubarPortfolio, 0): Tapped on element 'Object Repository/Mobile/Page/Home/Menubar - Portfolio'

2022-01-11 09:23:47 - [MESSAGE][WARNING] - Timeout '0' is invalid. Using default page load timeout: '60'

2022-01-11 09:23:49 - [MESSAGE][PASSED] - Tapped on element 'Object Repository/Mobile/Page/Home/Menubar - Portfolio'

2022-01-11 09:23:49 - [TEST_STEP][PASSED] - delay(1): Delayed 1 second(s)

2022-01-11 09:23:50 - [MESSAGE][PASSED] - Delayed 1 second(s)

2022-01-11 09:23:50 - [TEST_STEP][PASSED] - for ([i = 0, i < 1, (i++)]): Delayed 3 second(s)

2022-01-11 09:23:50 - [TEST_STEP][PASSED] - if (tab == "summary"): Delayed 3 second(s)

2022-01-11 09:23:50 - [TEST_STEP][PASSED] - idr = PORT_BtnIDR: null

2022-01-11 09:23:50 - [TEST_STEP][PASSED] - persen = PORT_BtnPersen: null

2022-01-11 09:23:50 - [TEST_STEP][PASSED] - if (action == "summary"): null

2022-01-11 09:23:50 - [TEST_STEP][PASSED] - else if (action == "perf_daily"): null

2022-01-11 09:23:50 - [TEST_STEP][PASSED] - else if (action == "perf_month"): Tapped on element 'Object Repository/Mobile/Page/Portfolio/Tab - Summary Month to Date'

2022-01-11 09:23:50 - [TEST_STEP][PASSED] - scroll.scroll.scrollScreenBottomToTop(): scroll.scroll.scrollScreenBottomToTop is PASSED

2022-01-11 09:23:50 - [MESSAGE][PASSED] - Current device physical height is 1423

2022-01-11 09:23:50 - [MESSAGE][PASSED] - Current device physical width is 720

2022-01-11 09:23:52 - [MESSAGE][PASSED] - Swiped from 360,1,138 to 360,284

2022-01-11 09:23:52 - [MESSAGE][PASSED] - scroll.scroll.scrollScreenBottomToTop is PASSED

2022-01-11 09:23:52 - [TEST_STEP][PASSED] - delay(1): Delayed 1 second(s)

2022-01-11 09:23:53 - [MESSAGE][PASSED] - Delayed 1 second(s)

2022-01-11 09:23:53 - [TEST_STEP][PASSED] - tap(PORT_TabSummaryMonth, 0): Tapped on element 'Object Repository/Mobile/Page/Portfolio/Tab - Summary Month to Date'

2022-01-11 09:23:53 - [MESSAGE][WARNING] - Timeout '0' is invalid. Using default page load timeout: '60'

2022-01-11 09:23:53 - [MESSAGE][PASSED] - Tapped on element 'Object Repository/Mobile/Page/Portfolio/Tab - Summary Month to Date'

2022-01-11 09:23:53 - [TEST_STEP][PASSED] - if (action != "summary"): Delayed 3 second(s)

2022-01-11 09:23:53 - [TEST_STEP][PASSED] - delay(1): Delayed 1 second(s)

2022-01-11 09:23:54 - [MESSAGE][PASSED] - Delayed 1 second(s)

2022-01-11 09:23:54 - [TEST_STEP][PASSED] - scroll.scroll.scrollScreenBottomToTop(): scroll.scroll.scrollScreenBottomToTop is PASSED

2022-01-11 09:23:54 - [MESSAGE][PASSED] - Current device physical height is 1423

2022-01-11 09:23:55 - [MESSAGE][PASSED] - Current device physical width is 720

2022-01-11 09:23:56 - [MESSAGE][PASSED] - Swiped from 360,1,138 to 360,284

2022-01-11 09:23:56 - [MESSAGE][PASSED] - scroll.scroll.scrollScreenBottomToTop is PASSED

2022-01-11 09:23:56 - [TEST_STEP][PASSED] - delay(3): Delayed 3 second(s)

2022-01-11 09:23:59 - [MESSAGE][PASSED] - Delayed 3 second(s)

2022-01-11 09:23:59 - [TEST_STEP][PASSED] - if (action2 == "idr"): null

2022-01-11 09:23:59 - [TEST_STEP][PASSED] - else if (action2 == "persen"): Delayed 3 second(s)

2022-01-11 09:23:59 - [TEST_STEP][PASSED] - tap(persen, 10): Tapped on element 'Object Repository/Mobile/Page/Portfolio/Button - Persen'

2022-01-11 09:23:59 - [MESSAGE][PASSED] - Tapped on element 'Object Repository/Mobile/Page/Portfolio/Button - Persen'

2022-01-11 09:23:59 - [TEST_STEP][PASSED] - delay(3): Delayed 3 second(s)

2022-01-11 09:24:02 - [MESSAGE][PASSED] - Delayed 3 second(s)

2022-01-11 09:24:02 - [MESSAGE][PASSED] - Call Test Case 'Test Cases/Mobile/Page/Portfolio/Portfolio' successfully

2022-01-11 09:24:02 - [TEST_STEP][PASSED] - callTestCase(findTestCase("Mobile/Page/Run App/Terminate App"), [:], STOP_ON_FAILURE): Call Test Case 'Test Cases/Mobile/Page/Run App/Terminate App' successfully

2022-01-11 09:24:03 - [TEST_CASE][PASSED] - Test Cases/Mobile/Page/Run App/Terminate App: Test Cases/Mobile/Page/Run App/Terminate App

2022-01-11 09:24:03 - [TEST_STEP][PASSED] - startApp.OpenApp.terminateApplication(): startApp.OpenApp.terminateApplication is PASSED

2022-01-11 09:24:06 - [MESSAGE][PASSED] - Delayed 3 second(s)

2022-01-11 09:24:06 - [MESSAGE][PASSED] - Current device physical width is 720

2022-01-11 09:24:06 - [MESSAGE][PASSED] - Current device physical height is 1423

2022-01-11 09:24:08 - [MESSAGE][PASSED] - Swiped from 360,853 to 360,142

2022-01-11 09:24:09 - [MESSAGE][PASSED] - Delayed 1 second(s)

2022-01-11 09:24:10 - [MESSAGE][PASSED] - Swiped from 360,853 to 360,142

2022-01-11 09:24:13 - [MESSAGE][PASSED] - Delayed 3 second(s)

2022-01-11 09:24:13 - [MESSAGE][PASSED] - startApp.OpenApp.terminateApplication is PASSED

2022-01-11 09:24:13 - [MESSAGE][PASSED] - Call Test Case 'Test Cases/Mobile/Page/Run App/Terminate App' successfully]]></system-out>
         <system-err><![CDATA[]]></system-err>
      </testcase>
      <testcase name="Test Cases/Mobile/Scenario/Portfolio/008 - Portfolio Performance Quarter to Date Persen" time="65.255" classname="Test Cases/Mobile/Scenario/Portfolio/008 - Portfolio Performance Quarter to Date Persen" status="PASSED">
         <system-out><![CDATA[2022-01-11 09:24:13 - [TEST_CASE][PASSED] - Test Cases/Mobile/Scenario/Portfolio/008 - Portfolio Performance Quarter to Date Persen: Test Cases/Mobile/Scenario/Portfolio/008 - Portfolio Performance Quarter to Date Persen

2022-01-11 09:24:13 - [TEST_STEP][PASSED] - callTestCase(findTestCase("Mobile/Page/Run App/Run App byID"), [:], STOP_ON_FAILURE): Call Test Case 'Test Cases/Mobile/Page/Run App/Run App byID' successfully

2022-01-11 09:24:13 - [TEST_CASE][PASSED] - Test Cases/Mobile/Page/Run App/Run App byID: Test Cases/Mobile/Page/Run App/Run App byID

2022-01-11 09:24:13 - [TEST_STEP][PASSED] - startApp.OpenApp.startApplication("id.co.miraeasset.sageclub"): startApp.OpenApp.startApplication is PASSED

2022-01-11 09:24:27 - [MESSAGE][PASSED] - Starting app with application ID: 'id.co.miraeasset.sageclub'

2022-01-11 09:24:27 - [MESSAGE][PASSED] - startApp.OpenApp.startApplication is PASSED

2022-01-11 09:24:27 - [MESSAGE][PASSED] - Call Test Case 'Test Cases/Mobile/Page/Run App/Run App byID' successfully

2022-01-11 09:24:27 - [TEST_STEP][PASSED] - callTestCase(findTestCase("Mobile/Page/Portfolio/Portfolio"), ["tab":"summary", "action":"perf_quarter", "action2":"persen"], CONTINUE_ON_FAILURE): Call Test Case 'Test Cases/Mobile/Page/Portfolio/Portfolio' successfully

2022-01-11 09:24:27 - [TEST_CASE][PASSED] - Test Cases/Mobile/Page/Portfolio/Portfolio: Test Cases/Mobile/Page/Portfolio/Portfolio

2022-01-11 09:24:27 - [TEST_STEP][PASSED] - callTestCase(findTestCase("Mobile/Page/CheckLogin"), [:], CONTINUE_ON_FAILURE): Call Test Case 'Test Cases/Mobile/Page/CheckLogin' successfully

2022-01-11 09:24:27 - [TEST_CASE][PASSED] - Test Cases/Mobile/Page/CheckLogin: Test Cases/Mobile/Page/CheckLogin

2022-01-11 09:24:27 - [TEST_STEP][PASSED] - loginCheck = verifyElementExist(LOGN_BtnLogin, 5, CONTINUE_ON_FAILURE): Element 'Object Repository/Mobile/Page/Login/Button - Login' is exist

2022-01-11 09:24:29 - [MESSAGE][PASSED] - Element 'Object Repository/Mobile/Page/Login/Button - Login' is exist

2022-01-11 09:24:29 - [TEST_STEP][PASSED] - if (loginCheck): Call Test Case 'Test Cases/Mobile/Page/Login/Login' successfully

2022-01-11 09:24:29 - [TEST_STEP][PASSED] - callTestCase(findTestCase("Mobile/Page/Login/Login"), ["action":"username"], CONTINUE_ON_FAILURE): Call Test Case 'Test Cases/Mobile/Page/Login/Login' successfully

2022-01-11 09:24:29 - [TEST_CASE][PASSED] - Test Cases/Mobile/Page/Login/Login: Test Cases/Mobile/Page/Login/Login

2022-01-11 09:24:29 - [TEST_STEP][PASSED] - delay(2): Delayed 2 second(s)

2022-01-11 09:24:31 - [MESSAGE][PASSED] - Delayed 2 second(s)

2022-01-11 09:24:31 - [TEST_STEP][PASSED] - for ([i = 0, i < 1, (i++)]): null

2022-01-11 09:24:31 - [TEST_STEP][PASSED] - if (action == "username"): null

2022-01-11 09:24:31 - [TEST_STEP][PASSED] - tap(LOGN_EdtUserID, 0): Tapped on element 'Object Repository/Mobile/Page/Login/Input - UserID'

2022-01-11 09:24:31 - [MESSAGE][WARNING] - Timeout '0' is invalid. Using default page load timeout: '60'

2022-01-11 09:24:31 - [MESSAGE][PASSED] - Tapped on element 'Object Repository/Mobile/Page/Login/Input - UserID'

2022-01-11 09:24:31 - [TEST_STEP][PASSED] - delay(1): Delayed 1 second(s)

2022-01-11 09:24:32 - [MESSAGE][PASSED] - Delayed 1 second(s)

2022-01-11 09:24:32 - [TEST_STEP][PASSED] - setText(LOGN_EdtRdyUserID, "anggaaditya", 0): Text 'anggaaditya' has been set to element 'Object Repository/Mobile/Page/Login/Input Rdy - UserID'

2022-01-11 09:24:32 - [MESSAGE][WARNING] - Timeout '0' is invalid. Using default page load timeout: '60'

2022-01-11 09:24:33 - [MESSAGE][PASSED] - Text 'anggaaditya' has been set to element 'Object Repository/Mobile/Page/Login/Input Rdy - UserID'

2022-01-11 09:24:33 - [TEST_STEP][PASSED] - delay(1): Delayed 1 second(s)

2022-01-11 09:24:34 - [MESSAGE][PASSED] - Delayed 1 second(s)

2022-01-11 09:24:34 - [TEST_STEP][PASSED] - hideKeyboard(): Keyboard is hidden

2022-01-11 09:24:38 - [MESSAGE][PASSED] - Keyboard is hidden

2022-01-11 09:24:38 - [TEST_STEP][PASSED] - tap(LOGN_EdtPassword, 0): Tapped on element 'Object Repository/Mobile/Page/Login/Input - Password'

2022-01-11 09:24:38 - [MESSAGE][WARNING] - Timeout '0' is invalid. Using default page load timeout: '60'

2022-01-11 09:24:38 - [MESSAGE][PASSED] - Tapped on element 'Object Repository/Mobile/Page/Login/Input - Password'

2022-01-11 09:24:38 - [TEST_STEP][PASSED] - delay(1): Delayed 1 second(s)

2022-01-11 09:24:39 - [MESSAGE][PASSED] - Delayed 1 second(s)

2022-01-11 09:24:39 - [TEST_STEP][PASSED] - setText(LOGN_EdtRdyPassword, "Shalawa18", 0): Text 'Shalawa18' has been set to element 'Object Repository/Mobile/Page/Login/Input Rdy - Password'

2022-01-11 09:24:39 - [MESSAGE][WARNING] - Timeout '0' is invalid. Using default page load timeout: '60'

2022-01-11 09:24:40 - [MESSAGE][PASSED] - Text 'Shalawa18' has been set to element 'Object Repository/Mobile/Page/Login/Input Rdy - Password'

2022-01-11 09:24:40 - [TEST_STEP][PASSED] - delay(1): Delayed 1 second(s)

2022-01-11 09:24:41 - [MESSAGE][PASSED] - Delayed 1 second(s)

2022-01-11 09:24:41 - [TEST_STEP][PASSED] - hideKeyboard(): Keyboard is hidden

2022-01-11 09:24:48 - [MESSAGE][PASSED] - Keyboard is hidden

2022-01-11 09:24:48 - [TEST_STEP][PASSED] - tap(LOGN_BtnLogin, 0): Tapped on element 'Object Repository/Mobile/Page/Login/Button - Login'

2022-01-11 09:24:48 - [MESSAGE][WARNING] - Timeout '0' is invalid. Using default page load timeout: '60'

2022-01-11 09:24:49 - [MESSAGE][PASSED] - Tapped on element 'Object Repository/Mobile/Page/Login/Button - Login'

2022-01-11 09:24:49 - [TEST_STEP][PASSED] - delay(2): Delayed 2 second(s)

2022-01-11 09:24:51 - [MESSAGE][PASSED] - Delayed 2 second(s)

2022-01-11 09:24:51 - [TEST_STEP][PASSED] - break: null

2022-01-11 09:24:51 - [MESSAGE][PASSED] - Call Test Case 'Test Cases/Mobile/Page/Login/Login' successfully

2022-01-11 09:24:51 - [MESSAGE][PASSED] - Call Test Case 'Test Cases/Mobile/Page/CheckLogin' successfully

2022-01-11 09:24:51 - [TEST_STEP][PASSED] - tap(HOME_MenubarPortfolio, 0): Tapped on element 'Object Repository/Mobile/Page/Home/Menubar - Portfolio'

2022-01-11 09:24:51 - [MESSAGE][WARNING] - Timeout '0' is invalid. Using default page load timeout: '60'

2022-01-11 09:24:53 - [MESSAGE][PASSED] - Tapped on element 'Object Repository/Mobile/Page/Home/Menubar - Portfolio'

2022-01-11 09:24:53 - [TEST_STEP][PASSED] - delay(1): Delayed 1 second(s)

2022-01-11 09:24:54 - [MESSAGE][PASSED] - Delayed 1 second(s)

2022-01-11 09:24:54 - [TEST_STEP][PASSED] - for ([i = 0, i < 1, (i++)]): Delayed 3 second(s)

2022-01-11 09:24:54 - [TEST_STEP][PASSED] - if (tab == "summary"): Delayed 3 second(s)

2022-01-11 09:24:54 - [TEST_STEP][PASSED] - idr = PORT_BtnIDR: null

2022-01-11 09:24:54 - [TEST_STEP][PASSED] - persen = PORT_BtnPersen: null

2022-01-11 09:24:54 - [TEST_STEP][PASSED] - if (action == "summary"): null

2022-01-11 09:24:54 - [TEST_STEP][PASSED] - else if (action == "perf_daily"): null

2022-01-11 09:24:54 - [TEST_STEP][PASSED] - else if (action == "perf_month"): null

2022-01-11 09:24:54 - [TEST_STEP][PASSED] - else if (action == "perf_quarter"): Tapped on element 'Object Repository/Mobile/Page/Portfolio/Tab - Summary Quarter to Date'

2022-01-11 09:24:54 - [TEST_STEP][PASSED] - scroll.scroll.scrollScreenBottomToTop(): scroll.scroll.scrollScreenBottomToTop is PASSED

2022-01-11 09:24:55 - [MESSAGE][PASSED] - Current device physical height is 1423

2022-01-11 09:24:55 - [MESSAGE][PASSED] - Current device physical width is 720

2022-01-11 09:24:56 - [MESSAGE][PASSED] - Swiped from 360,1,138 to 360,284

2022-01-11 09:24:56 - [MESSAGE][PASSED] - scroll.scroll.scrollScreenBottomToTop is PASSED

2022-01-11 09:24:56 - [TEST_STEP][PASSED] - delay(1): Delayed 1 second(s)

2022-01-11 09:24:57 - [MESSAGE][PASSED] - Delayed 1 second(s)

2022-01-11 09:24:57 - [TEST_STEP][PASSED] - tap(PORT_TabSummaryQuarter, 0): Tapped on element 'Object Repository/Mobile/Page/Portfolio/Tab - Summary Quarter to Date'

2022-01-11 09:24:57 - [MESSAGE][WARNING] - Timeout '0' is invalid. Using default page load timeout: '60'

2022-01-11 09:24:58 - [MESSAGE][PASSED] - Tapped on element 'Object Repository/Mobile/Page/Portfolio/Tab - Summary Quarter to Date'

2022-01-11 09:24:58 - [TEST_STEP][PASSED] - if (action != "summary"): Delayed 3 second(s)

2022-01-11 09:24:58 - [TEST_STEP][PASSED] - delay(1): Delayed 1 second(s)

2022-01-11 09:24:59 - [MESSAGE][PASSED] - Delayed 1 second(s)

2022-01-11 09:24:59 - [TEST_STEP][PASSED] - scroll.scroll.scrollScreenBottomToTop(): scroll.scroll.scrollScreenBottomToTop is PASSED

2022-01-11 09:24:59 - [MESSAGE][PASSED] - Current device physical height is 1423

2022-01-11 09:25:00 - [MESSAGE][PASSED] - Current device physical width is 720

2022-01-11 09:25:01 - [MESSAGE][PASSED] - Swiped from 360,1,138 to 360,284

2022-01-11 09:25:01 - [MESSAGE][PASSED] - scroll.scroll.scrollScreenBottomToTop is PASSED

2022-01-11 09:25:01 - [TEST_STEP][PASSED] - delay(3): Delayed 3 second(s)

2022-01-11 09:25:04 - [MESSAGE][PASSED] - Delayed 3 second(s)

2022-01-11 09:25:04 - [TEST_STEP][PASSED] - if (action2 == "idr"): null

2022-01-11 09:25:04 - [TEST_STEP][PASSED] - else if (action2 == "persen"): Delayed 3 second(s)

2022-01-11 09:25:04 - [TEST_STEP][PASSED] - tap(persen, 10): Tapped on element 'Object Repository/Mobile/Page/Portfolio/Button - Persen'

2022-01-11 09:25:05 - [MESSAGE][PASSED] - Tapped on element 'Object Repository/Mobile/Page/Portfolio/Button - Persen'

2022-01-11 09:25:05 - [TEST_STEP][PASSED] - delay(3): Delayed 3 second(s)

2022-01-11 09:25:08 - [MESSAGE][PASSED] - Delayed 3 second(s)

2022-01-11 09:25:08 - [MESSAGE][PASSED] - Call Test Case 'Test Cases/Mobile/Page/Portfolio/Portfolio' successfully

2022-01-11 09:25:08 - [TEST_STEP][PASSED] - callTestCase(findTestCase("Mobile/Page/Run App/Terminate App"), [:], STOP_ON_FAILURE): Call Test Case 'Test Cases/Mobile/Page/Run App/Terminate App' successfully

2022-01-11 09:25:08 - [TEST_CASE][PASSED] - Test Cases/Mobile/Page/Run App/Terminate App: Test Cases/Mobile/Page/Run App/Terminate App

2022-01-11 09:25:08 - [TEST_STEP][PASSED] - startApp.OpenApp.terminateApplication(): startApp.OpenApp.terminateApplication is PASSED

2022-01-11 09:25:11 - [MESSAGE][PASSED] - Delayed 3 second(s)

2022-01-11 09:25:11 - [MESSAGE][PASSED] - Current device physical width is 720

2022-01-11 09:25:11 - [MESSAGE][PASSED] - Current device physical height is 1423

2022-01-11 09:25:13 - [MESSAGE][PASSED] - Swiped from 360,853 to 360,142

2022-01-11 09:25:14 - [MESSAGE][PASSED] - Delayed 1 second(s)

2022-01-11 09:25:15 - [MESSAGE][PASSED] - Swiped from 360,853 to 360,142

2022-01-11 09:25:18 - [MESSAGE][PASSED] - Delayed 3 second(s)

2022-01-11 09:25:18 - [MESSAGE][PASSED] - startApp.OpenApp.terminateApplication is PASSED

2022-01-11 09:25:18 - [MESSAGE][PASSED] - Call Test Case 'Test Cases/Mobile/Page/Run App/Terminate App' successfully]]></system-out>
         <system-err><![CDATA[]]></system-err>
      </testcase>
      <testcase name="Test Cases/Mobile/Scenario/Portfolio/009 - Portfolio Performance Year to Date Persen" time="67.627" classname="Test Cases/Mobile/Scenario/Portfolio/009 - Portfolio Performance Year to Date Persen" status="PASSED">
         <system-out><![CDATA[2022-01-11 09:25:18 - [TEST_CASE][PASSED] - Test Cases/Mobile/Scenario/Portfolio/009 - Portfolio Performance Year to Date Persen: Test Cases/Mobile/Scenario/Portfolio/009 - Portfolio Performance Year to Date Persen

2022-01-11 09:25:18 - [TEST_STEP][PASSED] - callTestCase(findTestCase("Mobile/Page/Run App/Run App byID"), [:], STOP_ON_FAILURE): Call Test Case 'Test Cases/Mobile/Page/Run App/Run App byID' successfully

2022-01-11 09:25:18 - [TEST_CASE][PASSED] - Test Cases/Mobile/Page/Run App/Run App byID: Test Cases/Mobile/Page/Run App/Run App byID

2022-01-11 09:25:18 - [TEST_STEP][PASSED] - startApp.OpenApp.startApplication("id.co.miraeasset.sageclub"): startApp.OpenApp.startApplication is PASSED

2022-01-11 09:25:32 - [MESSAGE][PASSED] - Starting app with application ID: 'id.co.miraeasset.sageclub'

2022-01-11 09:25:32 - [MESSAGE][PASSED] - startApp.OpenApp.startApplication is PASSED

2022-01-11 09:25:32 - [MESSAGE][PASSED] - Call Test Case 'Test Cases/Mobile/Page/Run App/Run App byID' successfully

2022-01-11 09:25:32 - [TEST_STEP][PASSED] - callTestCase(findTestCase("Mobile/Page/Portfolio/Portfolio"), ["tab":"summary", "action":"perf_year", "action2":"persen"], CONTINUE_ON_FAILURE): Call Test Case 'Test Cases/Mobile/Page/Portfolio/Portfolio' successfully

2022-01-11 09:25:32 - [TEST_CASE][PASSED] - Test Cases/Mobile/Page/Portfolio/Portfolio: Test Cases/Mobile/Page/Portfolio/Portfolio

2022-01-11 09:25:32 - [TEST_STEP][PASSED] - callTestCase(findTestCase("Mobile/Page/CheckLogin"), [:], CONTINUE_ON_FAILURE): Call Test Case 'Test Cases/Mobile/Page/CheckLogin' successfully

2022-01-11 09:25:32 - [TEST_CASE][PASSED] - Test Cases/Mobile/Page/CheckLogin: Test Cases/Mobile/Page/CheckLogin

2022-01-11 09:25:32 - [TEST_STEP][PASSED] - loginCheck = verifyElementExist(LOGN_BtnLogin, 5, CONTINUE_ON_FAILURE): Element 'Object Repository/Mobile/Page/Login/Button - Login' is exist

2022-01-11 09:25:34 - [MESSAGE][PASSED] - Element 'Object Repository/Mobile/Page/Login/Button - Login' is exist

2022-01-11 09:25:34 - [TEST_STEP][PASSED] - if (loginCheck): Call Test Case 'Test Cases/Mobile/Page/Login/Login' successfully

2022-01-11 09:25:34 - [TEST_STEP][PASSED] - callTestCase(findTestCase("Mobile/Page/Login/Login"), ["action":"username"], CONTINUE_ON_FAILURE): Call Test Case 'Test Cases/Mobile/Page/Login/Login' successfully

2022-01-11 09:25:34 - [TEST_CASE][PASSED] - Test Cases/Mobile/Page/Login/Login: Test Cases/Mobile/Page/Login/Login

2022-01-11 09:25:34 - [TEST_STEP][PASSED] - delay(2): Delayed 2 second(s)

2022-01-11 09:25:36 - [MESSAGE][PASSED] - Delayed 2 second(s)

2022-01-11 09:25:36 - [TEST_STEP][PASSED] - for ([i = 0, i < 1, (i++)]): null

2022-01-11 09:25:36 - [TEST_STEP][PASSED] - if (action == "username"): null

2022-01-11 09:25:36 - [TEST_STEP][PASSED] - tap(LOGN_EdtUserID, 0): Tapped on element 'Object Repository/Mobile/Page/Login/Input - UserID'

2022-01-11 09:25:36 - [MESSAGE][WARNING] - Timeout '0' is invalid. Using default page load timeout: '60'

2022-01-11 09:25:37 - [MESSAGE][PASSED] - Tapped on element 'Object Repository/Mobile/Page/Login/Input - UserID'

2022-01-11 09:25:37 - [TEST_STEP][PASSED] - delay(1): Delayed 1 second(s)

2022-01-11 09:25:38 - [MESSAGE][PASSED] - Delayed 1 second(s)

2022-01-11 09:25:38 - [TEST_STEP][PASSED] - setText(LOGN_EdtRdyUserID, "anggaaditya", 0): Text 'anggaaditya' has been set to element 'Object Repository/Mobile/Page/Login/Input Rdy - UserID'

2022-01-11 09:25:38 - [MESSAGE][WARNING] - Timeout '0' is invalid. Using default page load timeout: '60'

2022-01-11 09:25:38 - [MESSAGE][PASSED] - Text 'anggaaditya' has been set to element 'Object Repository/Mobile/Page/Login/Input Rdy - UserID'

2022-01-11 09:25:38 - [TEST_STEP][PASSED] - delay(1): Delayed 1 second(s)

2022-01-11 09:25:39 - [MESSAGE][PASSED] - Delayed 1 second(s)

2022-01-11 09:25:39 - [TEST_STEP][PASSED] - hideKeyboard(): Keyboard is hidden

2022-01-11 09:25:47 - [MESSAGE][PASSED] - Keyboard is hidden

2022-01-11 09:25:47 - [TEST_STEP][PASSED] - tap(LOGN_EdtPassword, 0): Tapped on element 'Object Repository/Mobile/Page/Login/Input - Password'

2022-01-11 09:25:47 - [MESSAGE][WARNING] - Timeout '0' is invalid. Using default page load timeout: '60'

2022-01-11 09:25:47 - [MESSAGE][PASSED] - Tapped on element 'Object Repository/Mobile/Page/Login/Input - Password'

2022-01-11 09:25:47 - [TEST_STEP][PASSED] - delay(1): Delayed 1 second(s)

2022-01-11 09:25:48 - [MESSAGE][PASSED] - Delayed 1 second(s)

2022-01-11 09:25:48 - [TEST_STEP][PASSED] - setText(LOGN_EdtRdyPassword, "Shalawa18", 0): Text 'Shalawa18' has been set to element 'Object Repository/Mobile/Page/Login/Input Rdy - Password'

2022-01-11 09:25:48 - [MESSAGE][WARNING] - Timeout '0' is invalid. Using default page load timeout: '60'

2022-01-11 09:25:49 - [MESSAGE][PASSED] - Text 'Shalawa18' has been set to element 'Object Repository/Mobile/Page/Login/Input Rdy - Password'

2022-01-11 09:25:49 - [TEST_STEP][PASSED] - delay(1): Delayed 1 second(s)

2022-01-11 09:25:50 - [MESSAGE][PASSED] - Delayed 1 second(s)

2022-01-11 09:25:50 - [TEST_STEP][PASSED] - hideKeyboard(): Keyboard is hidden

2022-01-11 09:25:58 - [MESSAGE][PASSED] - Keyboard is hidden

2022-01-11 09:25:58 - [TEST_STEP][PASSED] - tap(LOGN_BtnLogin, 0): Tapped on element 'Object Repository/Mobile/Page/Login/Button - Login'

2022-01-11 09:25:58 - [MESSAGE][WARNING] - Timeout '0' is invalid. Using default page load timeout: '60'

2022-01-11 09:25:58 - [MESSAGE][PASSED] - Tapped on element 'Object Repository/Mobile/Page/Login/Button - Login'

2022-01-11 09:25:58 - [TEST_STEP][PASSED] - delay(2): Delayed 2 second(s)

2022-01-11 09:26:00 - [MESSAGE][PASSED] - Delayed 2 second(s)

2022-01-11 09:26:00 - [TEST_STEP][PASSED] - break: null

2022-01-11 09:26:00 - [MESSAGE][PASSED] - Call Test Case 'Test Cases/Mobile/Page/Login/Login' successfully

2022-01-11 09:26:00 - [MESSAGE][PASSED] - Call Test Case 'Test Cases/Mobile/Page/CheckLogin' successfully

2022-01-11 09:26:00 - [TEST_STEP][PASSED] - tap(HOME_MenubarPortfolio, 0): Tapped on element 'Object Repository/Mobile/Page/Home/Menubar - Portfolio'

2022-01-11 09:26:00 - [MESSAGE][WARNING] - Timeout '0' is invalid. Using default page load timeout: '60'

2022-01-11 09:26:01 - [MESSAGE][PASSED] - Tapped on element 'Object Repository/Mobile/Page/Home/Menubar - Portfolio'

2022-01-11 09:26:01 - [TEST_STEP][PASSED] - delay(1): Delayed 1 second(s)

2022-01-11 09:26:02 - [MESSAGE][PASSED] - Delayed 1 second(s)

2022-01-11 09:26:02 - [TEST_STEP][PASSED] - for ([i = 0, i < 1, (i++)]): Delayed 3 second(s)

2022-01-11 09:26:02 - [TEST_STEP][PASSED] - if (tab == "summary"): Delayed 3 second(s)

2022-01-11 09:26:02 - [TEST_STEP][PASSED] - idr = PORT_BtnIDR: null

2022-01-11 09:26:02 - [TEST_STEP][PASSED] - persen = PORT_BtnPersen: null

2022-01-11 09:26:02 - [TEST_STEP][PASSED] - if (action == "summary"): null

2022-01-11 09:26:02 - [TEST_STEP][PASSED] - else if (action == "perf_daily"): null

2022-01-11 09:26:02 - [TEST_STEP][PASSED] - else if (action == "perf_month"): null

2022-01-11 09:26:02 - [TEST_STEP][PASSED] - else if (action == "perf_quarter"): null

2022-01-11 09:26:02 - [TEST_STEP][PASSED] - else if (action == "perf_year"): Tapped on element 'Object Repository/Mobile/Page/Portfolio/Tab - Summary Year to Date'

2022-01-11 09:26:02 - [TEST_STEP][PASSED] - scroll.scroll.scrollScreenBottomToTop(): scroll.scroll.scrollScreenBottomToTop is PASSED

2022-01-11 09:26:03 - [MESSAGE][PASSED] - Current device physical height is 1423

2022-01-11 09:26:03 - [MESSAGE][PASSED] - Current device physical width is 720

2022-01-11 09:26:05 - [MESSAGE][PASSED] - Swiped from 360,1,138 to 360,284

2022-01-11 09:26:05 - [MESSAGE][PASSED] - scroll.scroll.scrollScreenBottomToTop is PASSED

2022-01-11 09:26:05 - [TEST_STEP][PASSED] - delay(1): Delayed 1 second(s)

2022-01-11 09:26:06 - [MESSAGE][PASSED] - Delayed 1 second(s)

2022-01-11 09:26:06 - [TEST_STEP][PASSED] - tap(PORT_TabSummaryYear, 0): Tapped on element 'Object Repository/Mobile/Page/Portfolio/Tab - Summary Year to Date'

2022-01-11 09:26:06 - [MESSAGE][WARNING] - Timeout '0' is invalid. Using default page load timeout: '60'

2022-01-11 09:26:06 - [MESSAGE][PASSED] - Tapped on element 'Object Repository/Mobile/Page/Portfolio/Tab - Summary Year to Date'

2022-01-11 09:26:06 - [TEST_STEP][PASSED] - if (action != "summary"): Delayed 3 second(s)

2022-01-11 09:26:06 - [TEST_STEP][PASSED] - delay(1): Delayed 1 second(s)

2022-01-11 09:26:07 - [MESSAGE][PASSED] - Delayed 1 second(s)

2022-01-11 09:26:07 - [TEST_STEP][PASSED] - scroll.scroll.scrollScreenBottomToTop(): scroll.scroll.scrollScreenBottomToTop is PASSED

2022-01-11 09:26:07 - [MESSAGE][PASSED] - Current device physical height is 1423

2022-01-11 09:26:08 - [MESSAGE][PASSED] - Current device physical width is 720

2022-01-11 09:26:09 - [MESSAGE][PASSED] - Swiped from 360,1,138 to 360,284

2022-01-11 09:26:09 - [MESSAGE][PASSED] - scroll.scroll.scrollScreenBottomToTop is PASSED

2022-01-11 09:26:09 - [TEST_STEP][PASSED] - delay(3): Delayed 3 second(s)

2022-01-11 09:26:12 - [MESSAGE][PASSED] - Delayed 3 second(s)

2022-01-11 09:26:12 - [TEST_STEP][PASSED] - if (action2 == "idr"): null

2022-01-11 09:26:12 - [TEST_STEP][PASSED] - else if (action2 == "persen"): Delayed 3 second(s)

2022-01-11 09:26:12 - [TEST_STEP][PASSED] - tap(persen, 10): Tapped on element 'Object Repository/Mobile/Page/Portfolio/Button - Persen'

2022-01-11 09:26:12 - [MESSAGE][PASSED] - Tapped on element 'Object Repository/Mobile/Page/Portfolio/Button - Persen'

2022-01-11 09:26:12 - [TEST_STEP][PASSED] - delay(3): Delayed 3 second(s)

2022-01-11 09:26:15 - [MESSAGE][PASSED] - Delayed 3 second(s)

2022-01-11 09:26:15 - [MESSAGE][PASSED] - Call Test Case 'Test Cases/Mobile/Page/Portfolio/Portfolio' successfully

2022-01-11 09:26:15 - [TEST_STEP][PASSED] - callTestCase(findTestCase("Mobile/Page/Run App/Terminate App"), [:], STOP_ON_FAILURE): Call Test Case 'Test Cases/Mobile/Page/Run App/Terminate App' successfully

2022-01-11 09:26:15 - [TEST_CASE][PASSED] - Test Cases/Mobile/Page/Run App/Terminate App: Test Cases/Mobile/Page/Run App/Terminate App

2022-01-11 09:26:15 - [TEST_STEP][PASSED] - startApp.OpenApp.terminateApplication(): startApp.OpenApp.terminateApplication is PASSED

2022-01-11 09:26:19 - [MESSAGE][PASSED] - Delayed 3 second(s)

2022-01-11 09:26:19 - [MESSAGE][PASSED] - Current device physical width is 720

2022-01-11 09:26:19 - [MESSAGE][PASSED] - Current device physical height is 1423

2022-01-11 09:26:20 - [MESSAGE][PASSED] - Swiped from 360,853 to 360,142

2022-01-11 09:26:21 - [MESSAGE][PASSED] - Delayed 1 second(s)

2022-01-11 09:26:23 - [MESSAGE][PASSED] - Swiped from 360,853 to 360,142

2022-01-11 09:26:26 - [MESSAGE][PASSED] - Delayed 3 second(s)

2022-01-11 09:26:26 - [MESSAGE][PASSED] - startApp.OpenApp.terminateApplication is PASSED

2022-01-11 09:26:26 - [MESSAGE][PASSED] - Call Test Case 'Test Cases/Mobile/Page/Run App/Terminate App' successfully]]></system-out>
         <system-err><![CDATA[]]></system-err>
      </testcase>
      <testcase name="Test Cases/Mobile/Scenario/Portfolio/010 - Melihat list stock" time="59.338" classname="Test Cases/Mobile/Scenario/Portfolio/010 - Melihat list stock" status="PASSED">
         <system-out><![CDATA[2022-01-11 09:26:26 - [TEST_CASE][PASSED] - Test Cases/Mobile/Scenario/Portfolio/010 - Melihat list stock: Test Cases/Mobile/Scenario/Portfolio/010 - Melihat list stock

2022-01-11 09:26:26 - [TEST_STEP][PASSED] - callTestCase(findTestCase("Mobile/Page/Run App/Run App byID"), [:], STOP_ON_FAILURE): Call Test Case 'Test Cases/Mobile/Page/Run App/Run App byID' successfully

2022-01-11 09:26:26 - [TEST_CASE][PASSED] - Test Cases/Mobile/Page/Run App/Run App byID: Test Cases/Mobile/Page/Run App/Run App byID

2022-01-11 09:26:26 - [TEST_STEP][PASSED] - startApp.OpenApp.startApplication("id.co.miraeasset.sageclub"): startApp.OpenApp.startApplication is PASSED

2022-01-11 09:26:41 - [MESSAGE][PASSED] - Starting app with application ID: 'id.co.miraeasset.sageclub'

2022-01-11 09:26:41 - [MESSAGE][PASSED] - startApp.OpenApp.startApplication is PASSED

2022-01-11 09:26:41 - [MESSAGE][PASSED] - Call Test Case 'Test Cases/Mobile/Page/Run App/Run App byID' successfully

2022-01-11 09:26:41 - [TEST_STEP][PASSED] - callTestCase(findTestCase("Mobile/Page/Portfolio/Portfolio"), ["tab":"stock"], CONTINUE_ON_FAILURE): Call Test Case 'Test Cases/Mobile/Page/Portfolio/Portfolio' successfully

2022-01-11 09:26:41 - [TEST_CASE][PASSED] - Test Cases/Mobile/Page/Portfolio/Portfolio: Test Cases/Mobile/Page/Portfolio/Portfolio

2022-01-11 09:26:41 - [TEST_STEP][PASSED] - callTestCase(findTestCase("Mobile/Page/CheckLogin"), [:], CONTINUE_ON_FAILURE): Call Test Case 'Test Cases/Mobile/Page/CheckLogin' successfully

2022-01-11 09:26:41 - [TEST_CASE][PASSED] - Test Cases/Mobile/Page/CheckLogin: Test Cases/Mobile/Page/CheckLogin

2022-01-11 09:26:41 - [TEST_STEP][PASSED] - loginCheck = verifyElementExist(LOGN_BtnLogin, 5, CONTINUE_ON_FAILURE): Element 'Object Repository/Mobile/Page/Login/Button - Login' is exist

2022-01-11 09:26:43 - [MESSAGE][PASSED] - Element 'Object Repository/Mobile/Page/Login/Button - Login' is exist

2022-01-11 09:26:43 - [TEST_STEP][PASSED] - if (loginCheck): Call Test Case 'Test Cases/Mobile/Page/Login/Login' successfully

2022-01-11 09:26:43 - [TEST_STEP][PASSED] - callTestCase(findTestCase("Mobile/Page/Login/Login"), ["action":"username"], CONTINUE_ON_FAILURE): Call Test Case 'Test Cases/Mobile/Page/Login/Login' successfully

2022-01-11 09:26:43 - [TEST_CASE][PASSED] - Test Cases/Mobile/Page/Login/Login: Test Cases/Mobile/Page/Login/Login

2022-01-11 09:26:43 - [TEST_STEP][PASSED] - delay(2): Delayed 2 second(s)

2022-01-11 09:26:45 - [MESSAGE][PASSED] - Delayed 2 second(s)

2022-01-11 09:26:45 - [TEST_STEP][PASSED] - for ([i = 0, i < 1, (i++)]): null

2022-01-11 09:26:45 - [TEST_STEP][PASSED] - if (action == "username"): null

2022-01-11 09:26:45 - [TEST_STEP][PASSED] - tap(LOGN_EdtUserID, 0): Tapped on element 'Object Repository/Mobile/Page/Login/Input - UserID'

2022-01-11 09:26:45 - [MESSAGE][WARNING] - Timeout '0' is invalid. Using default page load timeout: '60'

2022-01-11 09:26:46 - [MESSAGE][PASSED] - Tapped on element 'Object Repository/Mobile/Page/Login/Input - UserID'

2022-01-11 09:26:46 - [TEST_STEP][PASSED] - delay(1): Delayed 1 second(s)

2022-01-11 09:26:47 - [MESSAGE][PASSED] - Delayed 1 second(s)

2022-01-11 09:26:47 - [TEST_STEP][PASSED] - setText(LOGN_EdtRdyUserID, "anggaaditya", 0): Text 'anggaaditya' has been set to element 'Object Repository/Mobile/Page/Login/Input Rdy - UserID'

2022-01-11 09:26:47 - [MESSAGE][WARNING] - Timeout '0' is invalid. Using default page load timeout: '60'

2022-01-11 09:26:48 - [MESSAGE][PASSED] - Text 'anggaaditya' has been set to element 'Object Repository/Mobile/Page/Login/Input Rdy - UserID'

2022-01-11 09:26:48 - [TEST_STEP][PASSED] - delay(1): Delayed 1 second(s)

2022-01-11 09:26:49 - [MESSAGE][PASSED] - Delayed 1 second(s)

2022-01-11 09:26:49 - [TEST_STEP][PASSED] - hideKeyboard(): Keyboard is hidden

2022-01-11 09:26:53 - [MESSAGE][PASSED] - Keyboard is hidden

2022-01-11 09:26:53 - [TEST_STEP][PASSED] - tap(LOGN_EdtPassword, 0): Tapped on element 'Object Repository/Mobile/Page/Login/Input - Password'

2022-01-11 09:26:53 - [MESSAGE][WARNING] - Timeout '0' is invalid. Using default page load timeout: '60'

2022-01-11 09:26:53 - [MESSAGE][PASSED] - Tapped on element 'Object Repository/Mobile/Page/Login/Input - Password'

2022-01-11 09:26:53 - [TEST_STEP][PASSED] - delay(1): Delayed 1 second(s)

2022-01-11 09:26:54 - [MESSAGE][PASSED] - Delayed 1 second(s)

2022-01-11 09:26:54 - [TEST_STEP][PASSED] - setText(LOGN_EdtRdyPassword, "Shalawa18", 0): Text 'Shalawa18' has been set to element 'Object Repository/Mobile/Page/Login/Input Rdy - Password'

2022-01-11 09:26:54 - [MESSAGE][WARNING] - Timeout '0' is invalid. Using default page load timeout: '60'

2022-01-11 09:26:55 - [MESSAGE][PASSED] - Text 'Shalawa18' has been set to element 'Object Repository/Mobile/Page/Login/Input Rdy - Password'

2022-01-11 09:26:55 - [TEST_STEP][PASSED] - delay(1): Delayed 1 second(s)

2022-01-11 09:26:56 - [MESSAGE][PASSED] - Delayed 1 second(s)

2022-01-11 09:26:56 - [TEST_STEP][PASSED] - hideKeyboard(): Keyboard is hidden

2022-01-11 09:27:02 - [MESSAGE][PASSED] - Keyboard is hidden

2022-01-11 09:27:02 - [TEST_STEP][PASSED] - tap(LOGN_BtnLogin, 0): Tapped on element 'Object Repository/Mobile/Page/Login/Button - Login'

2022-01-11 09:27:02 - [MESSAGE][WARNING] - Timeout '0' is invalid. Using default page load timeout: '60'

2022-01-11 09:27:03 - [MESSAGE][PASSED] - Tapped on element 'Object Repository/Mobile/Page/Login/Button - Login'

2022-01-11 09:27:03 - [TEST_STEP][PASSED] - delay(2): Delayed 2 second(s)

2022-01-11 09:27:05 - [MESSAGE][PASSED] - Delayed 2 second(s)

2022-01-11 09:27:05 - [TEST_STEP][PASSED] - break: null

2022-01-11 09:27:05 - [MESSAGE][PASSED] - Call Test Case 'Test Cases/Mobile/Page/Login/Login' successfully

2022-01-11 09:27:05 - [MESSAGE][PASSED] - Call Test Case 'Test Cases/Mobile/Page/CheckLogin' successfully

2022-01-11 09:27:05 - [TEST_STEP][PASSED] - tap(HOME_MenubarPortfolio, 0): Tapped on element 'Object Repository/Mobile/Page/Home/Menubar - Portfolio'

2022-01-11 09:27:05 - [MESSAGE][WARNING] - Timeout '0' is invalid. Using default page load timeout: '60'

2022-01-11 09:27:07 - [MESSAGE][PASSED] - Tapped on element 'Object Repository/Mobile/Page/Home/Menubar - Portfolio'

2022-01-11 09:27:07 - [TEST_STEP][PASSED] - delay(1): Delayed 1 second(s)

2022-01-11 09:27:08 - [MESSAGE][PASSED] - Delayed 1 second(s)

2022-01-11 09:27:08 - [TEST_STEP][PASSED] - for ([i = 0, i < 1, (i++)]): Delayed 3 second(s)

2022-01-11 09:27:08 - [TEST_STEP][PASSED] - if (tab == "summary"): null

2022-01-11 09:27:08 - [TEST_STEP][PASSED] - else if (tab == "stock"): Delayed 3 second(s)

2022-01-11 09:27:08 - [TEST_STEP][PASSED] - tap(PORT_TabStock, 0): Tapped on element 'Object Repository/Mobile/Page/Portfolio/Tab - Stock'

2022-01-11 09:27:08 - [MESSAGE][WARNING] - Timeout '0' is invalid. Using default page load timeout: '60'

2022-01-11 09:27:10 - [MESSAGE][PASSED] - Tapped on element 'Object Repository/Mobile/Page/Portfolio/Tab - Stock'

2022-01-11 09:27:10 - [TEST_STEP][PASSED] - scroll.scroll.scrollScreenBottomToTop(): scroll.scroll.scrollScreenBottomToTop is PASSED

2022-01-11 09:27:10 - [MESSAGE][PASSED] - Current device physical height is 1423

2022-01-11 09:27:10 - [MESSAGE][PASSED] - Current device physical width is 720

2022-01-11 09:27:12 - [MESSAGE][PASSED] - Swiped from 360,1,138 to 360,284

2022-01-11 09:27:12 - [MESSAGE][PASSED] - scroll.scroll.scrollScreenBottomToTop is PASSED

2022-01-11 09:27:12 - [TEST_STEP][PASSED] - delay(3): Delayed 3 second(s)

2022-01-11 09:27:15 - [MESSAGE][PASSED] - Delayed 3 second(s)

2022-01-11 09:27:15 - [MESSAGE][PASSED] - Call Test Case 'Test Cases/Mobile/Page/Portfolio/Portfolio' successfully

2022-01-11 09:27:15 - [TEST_STEP][PASSED] - callTestCase(findTestCase("Mobile/Page/Run App/Terminate App"), [:], STOP_ON_FAILURE): Call Test Case 'Test Cases/Mobile/Page/Run App/Terminate App' successfully

2022-01-11 09:27:15 - [TEST_CASE][PASSED] - Test Cases/Mobile/Page/Run App/Terminate App: Test Cases/Mobile/Page/Run App/Terminate App

2022-01-11 09:27:15 - [TEST_STEP][PASSED] - startApp.OpenApp.terminateApplication(): startApp.OpenApp.terminateApplication is PASSED

2022-01-11 09:27:18 - [MESSAGE][PASSED] - Delayed 3 second(s)

2022-01-11 09:27:18 - [MESSAGE][PASSED] - Current device physical width is 720

2022-01-11 09:27:18 - [MESSAGE][PASSED] - Current device physical height is 1423

2022-01-11 09:27:20 - [MESSAGE][PASSED] - Swiped from 360,853 to 360,142

2022-01-11 09:27:21 - [MESSAGE][PASSED] - Delayed 1 second(s)

2022-01-11 09:27:22 - [MESSAGE][PASSED] - Swiped from 360,853 to 360,142

2022-01-11 09:27:25 - [MESSAGE][PASSED] - Delayed 3 second(s)

2022-01-11 09:27:25 - [MESSAGE][PASSED] - startApp.OpenApp.terminateApplication is PASSED

2022-01-11 09:27:25 - [MESSAGE][PASSED] - Call Test Case 'Test Cases/Mobile/Page/Run App/Terminate App' successfully]]></system-out>
         <system-err><![CDATA[]]></system-err>
      </testcase>
      <testcase name="Test Cases/Mobile/Scenario/Portfolio/011 - Melihat list mutual fund" time="63.93" classname="Test Cases/Mobile/Scenario/Portfolio/011 - Melihat list mutual fund" status="PASSED">
         <system-out><![CDATA[2022-01-11 09:27:25 - [TEST_CASE][PASSED] - Test Cases/Mobile/Scenario/Portfolio/011 - Melihat list mutual fund: Test Cases/Mobile/Scenario/Portfolio/011 - Melihat list mutual fund

2022-01-11 09:27:25 - [TEST_STEP][PASSED] - callTestCase(findTestCase("Mobile/Page/Run App/Run App byID"), [:], STOP_ON_FAILURE): Call Test Case 'Test Cases/Mobile/Page/Run App/Run App byID' successfully

2022-01-11 09:27:25 - [TEST_CASE][PASSED] - Test Cases/Mobile/Page/Run App/Run App byID: Test Cases/Mobile/Page/Run App/Run App byID

2022-01-11 09:27:25 - [TEST_STEP][PASSED] - startApp.OpenApp.startApplication("id.co.miraeasset.sageclub"): startApp.OpenApp.startApplication is PASSED

2022-01-11 09:27:39 - [MESSAGE][PASSED] - Starting app with application ID: 'id.co.miraeasset.sageclub'

2022-01-11 09:27:39 - [MESSAGE][PASSED] - startApp.OpenApp.startApplication is PASSED

2022-01-11 09:27:39 - [MESSAGE][PASSED] - Call Test Case 'Test Cases/Mobile/Page/Run App/Run App byID' successfully

2022-01-11 09:27:39 - [TEST_STEP][PASSED] - callTestCase(findTestCase("Mobile/Page/Portfolio/Portfolio"), ["tab":"mutualfund", "action2":"none"], CONTINUE_ON_FAILURE): Call Test Case 'Test Cases/Mobile/Page/Portfolio/Portfolio' successfully

2022-01-11 09:27:39 - [TEST_CASE][PASSED] - Test Cases/Mobile/Page/Portfolio/Portfolio: Test Cases/Mobile/Page/Portfolio/Portfolio

2022-01-11 09:27:39 - [TEST_STEP][PASSED] - callTestCase(findTestCase("Mobile/Page/CheckLogin"), [:], CONTINUE_ON_FAILURE): Call Test Case 'Test Cases/Mobile/Page/CheckLogin' successfully

2022-01-11 09:27:39 - [TEST_CASE][PASSED] - Test Cases/Mobile/Page/CheckLogin: Test Cases/Mobile/Page/CheckLogin

2022-01-11 09:27:39 - [TEST_STEP][PASSED] - loginCheck = verifyElementExist(LOGN_BtnLogin, 5, CONTINUE_ON_FAILURE): Element 'Object Repository/Mobile/Page/Login/Button - Login' is exist

2022-01-11 09:27:41 - [MESSAGE][PASSED] - Element 'Object Repository/Mobile/Page/Login/Button - Login' is exist

2022-01-11 09:27:41 - [TEST_STEP][PASSED] - if (loginCheck): Call Test Case 'Test Cases/Mobile/Page/Login/Login' successfully

2022-01-11 09:27:41 - [TEST_STEP][PASSED] - callTestCase(findTestCase("Mobile/Page/Login/Login"), ["action":"username"], CONTINUE_ON_FAILURE): Call Test Case 'Test Cases/Mobile/Page/Login/Login' successfully

2022-01-11 09:27:41 - [TEST_CASE][PASSED] - Test Cases/Mobile/Page/Login/Login: Test Cases/Mobile/Page/Login/Login

2022-01-11 09:27:41 - [TEST_STEP][PASSED] - delay(2): Delayed 2 second(s)

2022-01-11 09:27:43 - [MESSAGE][PASSED] - Delayed 2 second(s)

2022-01-11 09:27:43 - [TEST_STEP][PASSED] - for ([i = 0, i < 1, (i++)]): null

2022-01-11 09:27:43 - [TEST_STEP][PASSED] - if (action == "username"): null

2022-01-11 09:27:43 - [TEST_STEP][PASSED] - tap(LOGN_EdtUserID, 0): Tapped on element 'Object Repository/Mobile/Page/Login/Input - UserID'

2022-01-11 09:27:43 - [MESSAGE][WARNING] - Timeout '0' is invalid. Using default page load timeout: '60'

2022-01-11 09:27:44 - [MESSAGE][PASSED] - Tapped on element 'Object Repository/Mobile/Page/Login/Input - UserID'

2022-01-11 09:27:44 - [TEST_STEP][PASSED] - delay(1): Delayed 1 second(s)

2022-01-11 09:27:45 - [MESSAGE][PASSED] - Delayed 1 second(s)

2022-01-11 09:27:45 - [TEST_STEP][PASSED] - setText(LOGN_EdtRdyUserID, "anggaaditya", 0): Text 'anggaaditya' has been set to element 'Object Repository/Mobile/Page/Login/Input Rdy - UserID'

2022-01-11 09:27:45 - [MESSAGE][WARNING] - Timeout '0' is invalid. Using default page load timeout: '60'

2022-01-11 09:27:45 - [MESSAGE][PASSED] - Text 'anggaaditya' has been set to element 'Object Repository/Mobile/Page/Login/Input Rdy - UserID'

2022-01-11 09:27:45 - [TEST_STEP][PASSED] - delay(1): Delayed 1 second(s)

2022-01-11 09:27:46 - [MESSAGE][PASSED] - Delayed 1 second(s)

2022-01-11 09:27:46 - [TEST_STEP][PASSED] - hideKeyboard(): Keyboard is hidden

2022-01-11 09:27:50 - [MESSAGE][PASSED] - Keyboard is hidden

2022-01-11 09:27:50 - [TEST_STEP][PASSED] - tap(LOGN_EdtPassword, 0): Tapped on element 'Object Repository/Mobile/Page/Login/Input - Password'

2022-01-11 09:27:50 - [MESSAGE][WARNING] - Timeout '0' is invalid. Using default page load timeout: '60'

2022-01-11 09:27:51 - [MESSAGE][PASSED] - Tapped on element 'Object Repository/Mobile/Page/Login/Input - Password'

2022-01-11 09:27:51 - [TEST_STEP][PASSED] - delay(1): Delayed 1 second(s)

2022-01-11 09:27:52 - [MESSAGE][PASSED] - Delayed 1 second(s)

2022-01-11 09:27:52 - [TEST_STEP][PASSED] - setText(LOGN_EdtRdyPassword, "Shalawa18", 0): Text 'Shalawa18' has been set to element 'Object Repository/Mobile/Page/Login/Input Rdy - Password'

2022-01-11 09:27:52 - [MESSAGE][WARNING] - Timeout '0' is invalid. Using default page load timeout: '60'

2022-01-11 09:27:53 - [MESSAGE][PASSED] - Text 'Shalawa18' has been set to element 'Object Repository/Mobile/Page/Login/Input Rdy - Password'

2022-01-11 09:27:53 - [TEST_STEP][PASSED] - delay(1): Delayed 1 second(s)

2022-01-11 09:27:54 - [MESSAGE][PASSED] - Delayed 1 second(s)

2022-01-11 09:27:54 - [TEST_STEP][PASSED] - hideKeyboard(): Keyboard is hidden

2022-01-11 09:28:00 - [MESSAGE][PASSED] - Keyboard is hidden

2022-01-11 09:28:00 - [TEST_STEP][PASSED] - tap(LOGN_BtnLogin, 0): Tapped on element 'Object Repository/Mobile/Page/Login/Button - Login'

2022-01-11 09:28:00 - [MESSAGE][WARNING] - Timeout '0' is invalid. Using default page load timeout: '60'

2022-01-11 09:28:02 - [MESSAGE][PASSED] - Tapped on element 'Object Repository/Mobile/Page/Login/Button - Login'

2022-01-11 09:28:02 - [TEST_STEP][PASSED] - delay(2): Delayed 2 second(s)

2022-01-11 09:28:04 - [MESSAGE][PASSED] - Delayed 2 second(s)

2022-01-11 09:28:04 - [TEST_STEP][PASSED] - break: null

2022-01-11 09:28:04 - [MESSAGE][PASSED] - Call Test Case 'Test Cases/Mobile/Page/Login/Login' successfully

2022-01-11 09:28:04 - [MESSAGE][PASSED] - Call Test Case 'Test Cases/Mobile/Page/CheckLogin' successfully

2022-01-11 09:28:04 - [TEST_STEP][PASSED] - tap(HOME_MenubarPortfolio, 0): Tapped on element 'Object Repository/Mobile/Page/Home/Menubar - Portfolio'

2022-01-11 09:28:04 - [MESSAGE][WARNING] - Timeout '0' is invalid. Using default page load timeout: '60'

2022-01-11 09:28:06 - [MESSAGE][PASSED] - Tapped on element 'Object Repository/Mobile/Page/Home/Menubar - Portfolio'

2022-01-11 09:28:06 - [TEST_STEP][PASSED] - delay(1): Delayed 1 second(s)

2022-01-11 09:28:07 - [MESSAGE][PASSED] - Delayed 1 second(s)

2022-01-11 09:28:07 - [TEST_STEP][PASSED] - for ([i = 0, i < 1, (i++)]): scroll.scroll.scrollScreenBottomToTop is PASSED

2022-01-11 09:28:07 - [TEST_STEP][PASSED] - if (tab == "summary"): null

2022-01-11 09:28:07 - [TEST_STEP][PASSED] - else if (tab == "stock"): null

2022-01-11 09:28:07 - [TEST_STEP][PASSED] - else if (tab == "mutualfund"): scroll.scroll.scrollScreenBottomToTop is PASSED

2022-01-11 09:28:07 - [TEST_STEP][PASSED] - tap(PORT_TabMutualFund, 0): Tapped on element 'Object Repository/Mobile/Page/Portfolio/Tab - Mutual Fund'

2022-01-11 09:28:07 - [MESSAGE][WARNING] - Timeout '0' is invalid. Using default page load timeout: '60'

2022-01-11 09:28:08 - [MESSAGE][PASSED] - Tapped on element 'Object Repository/Mobile/Page/Portfolio/Tab - Mutual Fund'

2022-01-11 09:28:08 - [TEST_STEP][PASSED] - delay(1): Delayed 1 second(s)

2022-01-11 09:28:09 - [MESSAGE][PASSED] - Delayed 1 second(s)

2022-01-11 09:28:09 - [TEST_STEP][PASSED] - try: scroll.scroll.scrollScreenBottomToTop is PASSED

2022-01-11 09:28:09 - [TEST_STEP][PASSED] - tapAndHold(PORT_ItemTopMutualFund, 1, 10): Tapped and held on element 'Object Repository/Mobile/Page/Portfolio/Item - Top Mutual Fund' with duration 1

2022-01-11 09:28:12 - [MESSAGE][PASSED] - Tapped and held on element 'Object Repository/Mobile/Page/Portfolio/Item - Top Mutual Fund' with duration 1

2022-01-11 09:28:12 - [TEST_STEP][PASSED] - delay(2): Delayed 2 second(s)

2022-01-11 09:28:14 - [MESSAGE][PASSED] - Delayed 2 second(s)

2022-01-11 09:28:14 - [TEST_STEP][PASSED] - switch (action2): null

2022-01-11 09:28:14 - [TEST_STEP][PASSED] - delay(3): Delayed 3 second(s)

2022-01-11 09:28:17 - [MESSAGE][PASSED] - Delayed 3 second(s)

2022-01-11 09:28:17 - [TEST_STEP][PASSED] - scroll.scroll.scrollScreenBottomToTop(): scroll.scroll.scrollScreenBottomToTop is PASSED

2022-01-11 09:28:17 - [MESSAGE][PASSED] - Current device physical height is 1423

2022-01-11 09:28:17 - [MESSAGE][PASSED] - Current device physical width is 720

2022-01-11 09:28:19 - [MESSAGE][PASSED] - Swiped from 360,1,138 to 360,284

2022-01-11 09:28:19 - [MESSAGE][PASSED] - scroll.scroll.scrollScreenBottomToTop is PASSED

2022-01-11 09:28:19 - [MESSAGE][PASSED] - Call Test Case 'Test Cases/Mobile/Page/Portfolio/Portfolio' successfully

2022-01-11 09:28:19 - [TEST_STEP][PASSED] - callTestCase(findTestCase("Mobile/Page/Run App/Terminate App"), [:], STOP_ON_FAILURE): Call Test Case 'Test Cases/Mobile/Page/Run App/Terminate App' successfully

2022-01-11 09:28:19 - [TEST_CASE][PASSED] - Test Cases/Mobile/Page/Run App/Terminate App: Test Cases/Mobile/Page/Run App/Terminate App

2022-01-11 09:28:19 - [TEST_STEP][PASSED] - startApp.OpenApp.terminateApplication(): startApp.OpenApp.terminateApplication is PASSED

2022-01-11 09:28:22 - [MESSAGE][PASSED] - Delayed 3 second(s)

2022-01-11 09:28:22 - [MESSAGE][PASSED] - Current device physical width is 720

2022-01-11 09:28:22 - [MESSAGE][PASSED] - Current device physical height is 1423

2022-01-11 09:28:24 - [MESSAGE][PASSED] - Swiped from 360,853 to 360,142

2022-01-11 09:28:25 - [MESSAGE][PASSED] - Delayed 1 second(s)

2022-01-11 09:28:26 - [MESSAGE][PASSED] - Swiped from 360,853 to 360,142

2022-01-11 09:28:29 - [MESSAGE][PASSED] - Delayed 3 second(s)

2022-01-11 09:28:29 - [MESSAGE][PASSED] - startApp.OpenApp.terminateApplication is PASSED

2022-01-11 09:28:29 - [MESSAGE][PASSED] - Call Test Case 'Test Cases/Mobile/Page/Run App/Terminate App' successfully]]></system-out>
         <system-err><![CDATA[]]></system-err>
      </testcase>
      <testcase name="Test Cases/Mobile/Scenario/Portfolio/012 - Melihat list bond" time="56.733" classname="Test Cases/Mobile/Scenario/Portfolio/012 - Melihat list bond" status="PASSED">
         <system-out><![CDATA[2022-01-11 09:28:29 - [TEST_CASE][PASSED] - Test Cases/Mobile/Scenario/Portfolio/012 - Melihat list bond: Test Cases/Mobile/Scenario/Portfolio/012 - Melihat list bond

2022-01-11 09:28:29 - [TEST_STEP][PASSED] - callTestCase(findTestCase("Mobile/Page/Run App/Run App byID"), [:], STOP_ON_FAILURE): Call Test Case 'Test Cases/Mobile/Page/Run App/Run App byID' successfully

2022-01-11 09:28:29 - [TEST_CASE][PASSED] - Test Cases/Mobile/Page/Run App/Run App byID: Test Cases/Mobile/Page/Run App/Run App byID

2022-01-11 09:28:29 - [TEST_STEP][PASSED] - startApp.OpenApp.startApplication("id.co.miraeasset.sageclub"): startApp.OpenApp.startApplication is PASSED

2022-01-11 09:28:43 - [MESSAGE][PASSED] - Starting app with application ID: 'id.co.miraeasset.sageclub'

2022-01-11 09:28:43 - [MESSAGE][PASSED] - startApp.OpenApp.startApplication is PASSED

2022-01-11 09:28:43 - [MESSAGE][PASSED] - Call Test Case 'Test Cases/Mobile/Page/Run App/Run App byID' successfully

2022-01-11 09:28:43 - [TEST_STEP][PASSED] - callTestCase(findTestCase("Mobile/Page/Portfolio/Portfolio"), ["tab":"stock", "action":"none"], CONTINUE_ON_FAILURE): Call Test Case 'Test Cases/Mobile/Page/Portfolio/Portfolio' successfully

2022-01-11 09:28:43 - [TEST_CASE][PASSED] - Test Cases/Mobile/Page/Portfolio/Portfolio: Test Cases/Mobile/Page/Portfolio/Portfolio

2022-01-11 09:28:43 - [TEST_STEP][PASSED] - callTestCase(findTestCase("Mobile/Page/CheckLogin"), [:], CONTINUE_ON_FAILURE): Call Test Case 'Test Cases/Mobile/Page/CheckLogin' successfully

2022-01-11 09:28:43 - [TEST_CASE][PASSED] - Test Cases/Mobile/Page/CheckLogin: Test Cases/Mobile/Page/CheckLogin

2022-01-11 09:28:43 - [TEST_STEP][PASSED] - loginCheck = verifyElementExist(LOGN_BtnLogin, 5, CONTINUE_ON_FAILURE): Element 'Object Repository/Mobile/Page/Login/Button - Login' is exist

2022-01-11 09:28:45 - [MESSAGE][PASSED] - Element 'Object Repository/Mobile/Page/Login/Button - Login' is exist

2022-01-11 09:28:45 - [TEST_STEP][PASSED] - if (loginCheck): Call Test Case 'Test Cases/Mobile/Page/Login/Login' successfully

2022-01-11 09:28:45 - [TEST_STEP][PASSED] - callTestCase(findTestCase("Mobile/Page/Login/Login"), ["action":"username"], CONTINUE_ON_FAILURE): Call Test Case 'Test Cases/Mobile/Page/Login/Login' successfully

2022-01-11 09:28:45 - [TEST_CASE][PASSED] - Test Cases/Mobile/Page/Login/Login: Test Cases/Mobile/Page/Login/Login

2022-01-11 09:28:45 - [TEST_STEP][PASSED] - delay(2): Delayed 2 second(s)

2022-01-11 09:28:47 - [MESSAGE][PASSED] - Delayed 2 second(s)

2022-01-11 09:28:47 - [TEST_STEP][PASSED] - for ([i = 0, i < 1, (i++)]): null

2022-01-11 09:28:47 - [TEST_STEP][PASSED] - if (action == "username"): null

2022-01-11 09:28:47 - [TEST_STEP][PASSED] - tap(LOGN_EdtUserID, 0): Tapped on element 'Object Repository/Mobile/Page/Login/Input - UserID'

2022-01-11 09:28:47 - [MESSAGE][WARNING] - Timeout '0' is invalid. Using default page load timeout: '60'

2022-01-11 09:28:48 - [MESSAGE][PASSED] - Tapped on element 'Object Repository/Mobile/Page/Login/Input - UserID'

2022-01-11 09:28:48 - [TEST_STEP][PASSED] - delay(1): Delayed 1 second(s)

2022-01-11 09:28:49 - [MESSAGE][PASSED] - Delayed 1 second(s)

2022-01-11 09:28:49 - [TEST_STEP][PASSED] - setText(LOGN_EdtRdyUserID, "anggaaditya", 0): Text 'anggaaditya' has been set to element 'Object Repository/Mobile/Page/Login/Input Rdy - UserID'

2022-01-11 09:28:49 - [MESSAGE][WARNING] - Timeout '0' is invalid. Using default page load timeout: '60'

2022-01-11 09:28:50 - [MESSAGE][PASSED] - Text 'anggaaditya' has been set to element 'Object Repository/Mobile/Page/Login/Input Rdy - UserID'

2022-01-11 09:28:50 - [TEST_STEP][PASSED] - delay(1): Delayed 1 second(s)

2022-01-11 09:28:51 - [MESSAGE][PASSED] - Delayed 1 second(s)

2022-01-11 09:28:51 - [TEST_STEP][PASSED] - hideKeyboard(): Keyboard is hidden

2022-01-11 09:28:54 - [MESSAGE][PASSED] - Keyboard is hidden

2022-01-11 09:28:54 - [TEST_STEP][PASSED] - tap(LOGN_EdtPassword, 0): Tapped on element 'Object Repository/Mobile/Page/Login/Input - Password'

2022-01-11 09:28:54 - [MESSAGE][WARNING] - Timeout '0' is invalid. Using default page load timeout: '60'

2022-01-11 09:28:55 - [MESSAGE][PASSED] - Tapped on element 'Object Repository/Mobile/Page/Login/Input - Password'

2022-01-11 09:28:55 - [TEST_STEP][PASSED] - delay(1): Delayed 1 second(s)

2022-01-11 09:28:56 - [MESSAGE][PASSED] - Delayed 1 second(s)

2022-01-11 09:28:56 - [TEST_STEP][PASSED] - setText(LOGN_EdtRdyPassword, "Shalawa18", 0): Text 'Shalawa18' has been set to element 'Object Repository/Mobile/Page/Login/Input Rdy - Password'

2022-01-11 09:28:56 - [MESSAGE][WARNING] - Timeout '0' is invalid. Using default page load timeout: '60'

2022-01-11 09:28:56 - [MESSAGE][PASSED] - Text 'Shalawa18' has been set to element 'Object Repository/Mobile/Page/Login/Input Rdy - Password'

2022-01-11 09:28:56 - [TEST_STEP][PASSED] - delay(1): Delayed 1 second(s)

2022-01-11 09:28:57 - [MESSAGE][PASSED] - Delayed 1 second(s)

2022-01-11 09:28:57 - [TEST_STEP][PASSED] - hideKeyboard(): Keyboard is hidden

2022-01-11 09:29:04 - [MESSAGE][PASSED] - Keyboard is hidden

2022-01-11 09:29:04 - [TEST_STEP][PASSED] - tap(LOGN_BtnLogin, 0): Tapped on element 'Object Repository/Mobile/Page/Login/Button - Login'

2022-01-11 09:29:04 - [MESSAGE][WARNING] - Timeout '0' is invalid. Using default page load timeout: '60'

2022-01-11 09:29:05 - [MESSAGE][PASSED] - Tapped on element 'Object Repository/Mobile/Page/Login/Button - Login'

2022-01-11 09:29:05 - [TEST_STEP][PASSED] - delay(2): Delayed 2 second(s)

2022-01-11 09:29:07 - [MESSAGE][PASSED] - Delayed 2 second(s)

2022-01-11 09:29:07 - [TEST_STEP][PASSED] - break: null

2022-01-11 09:29:07 - [MESSAGE][PASSED] - Call Test Case 'Test Cases/Mobile/Page/Login/Login' successfully

2022-01-11 09:29:07 - [MESSAGE][PASSED] - Call Test Case 'Test Cases/Mobile/Page/CheckLogin' successfully

2022-01-11 09:29:07 - [TEST_STEP][PASSED] - tap(HOME_MenubarPortfolio, 0): Tapped on element 'Object Repository/Mobile/Page/Home/Menubar - Portfolio'

2022-01-11 09:29:07 - [MESSAGE][WARNING] - Timeout '0' is invalid. Using default page load timeout: '60'

2022-01-11 09:29:08 - [MESSAGE][PASSED] - Tapped on element 'Object Repository/Mobile/Page/Home/Menubar - Portfolio'

2022-01-11 09:29:08 - [TEST_STEP][PASSED] - delay(1): Delayed 1 second(s)

2022-01-11 09:29:09 - [MESSAGE][PASSED] - Delayed 1 second(s)

2022-01-11 09:29:09 - [TEST_STEP][PASSED] - for ([i = 0, i < 1, (i++)]): Delayed 3 second(s)

2022-01-11 09:29:09 - [TEST_STEP][PASSED] - if (tab == "summary"): null

2022-01-11 09:29:09 - [TEST_STEP][PASSED] - else if (tab == "stock"): Delayed 3 second(s)

2022-01-11 09:29:09 - [TEST_STEP][PASSED] - tap(PORT_TabStock, 0): Tapped on element 'Object Repository/Mobile/Page/Portfolio/Tab - Stock'

2022-01-11 09:29:09 - [MESSAGE][WARNING] - Timeout '0' is invalid. Using default page load timeout: '60'

2022-01-11 09:29:11 - [MESSAGE][PASSED] - Tapped on element 'Object Repository/Mobile/Page/Portfolio/Tab - Stock'

2022-01-11 09:29:11 - [TEST_STEP][PASSED] - scroll.scroll.scrollScreenBottomToTop(): scroll.scroll.scrollScreenBottomToTop is PASSED

2022-01-11 09:29:11 - [MESSAGE][PASSED] - Current device physical height is 1423

2022-01-11 09:29:11 - [MESSAGE][PASSED] - Current device physical width is 720

2022-01-11 09:29:12 - [MESSAGE][PASSED] - Swiped from 360,1,138 to 360,284

2022-01-11 09:29:12 - [MESSAGE][PASSED] - scroll.scroll.scrollScreenBottomToTop is PASSED

2022-01-11 09:29:12 - [TEST_STEP][PASSED] - delay(3): Delayed 3 second(s)

2022-01-11 09:29:15 - [MESSAGE][PASSED] - Delayed 3 second(s)

2022-01-11 09:29:15 - [MESSAGE][PASSED] - Call Test Case 'Test Cases/Mobile/Page/Portfolio/Portfolio' successfully

2022-01-11 09:29:15 - [TEST_STEP][PASSED] - callTestCase(findTestCase("Mobile/Page/Run App/Terminate App"), [:], STOP_ON_FAILURE): Call Test Case 'Test Cases/Mobile/Page/Run App/Terminate App' successfully

2022-01-11 09:29:15 - [TEST_CASE][PASSED] - Test Cases/Mobile/Page/Run App/Terminate App: Test Cases/Mobile/Page/Run App/Terminate App

2022-01-11 09:29:15 - [TEST_STEP][PASSED] - startApp.OpenApp.terminateApplication(): startApp.OpenApp.terminateApplication is PASSED

2022-01-11 09:29:19 - [MESSAGE][PASSED] - Delayed 3 second(s)

2022-01-11 09:29:19 - [MESSAGE][PASSED] - Current device physical width is 720

2022-01-11 09:29:19 - [MESSAGE][PASSED] - Current device physical height is 1423

2022-01-11 09:29:20 - [MESSAGE][PASSED] - Swiped from 360,853 to 360,142

2022-01-11 09:29:21 - [MESSAGE][PASSED] - Delayed 1 second(s)

2022-01-11 09:29:23 - [MESSAGE][PASSED] - Swiped from 360,853 to 360,142

2022-01-11 09:29:26 - [MESSAGE][PASSED] - Delayed 3 second(s)

2022-01-11 09:29:26 - [MESSAGE][PASSED] - startApp.OpenApp.terminateApplication is PASSED

2022-01-11 09:29:26 - [MESSAGE][PASSED] - Call Test Case 'Test Cases/Mobile/Page/Run App/Terminate App' successfully]]></system-out>
         <system-err><![CDATA[]]></system-err>
      </testcase>
      <testcase name="Test Cases/Mobile/Scenario/Portfolio/013 - Melihat detail mutual fund 1 month" time="66.7" classname="Test Cases/Mobile/Scenario/Portfolio/013 - Melihat detail mutual fund 1 month" status="PASSED">
         <system-out><![CDATA[2022-01-11 09:29:26 - [TEST_CASE][PASSED] - Test Cases/Mobile/Scenario/Portfolio/013 - Melihat detail mutual fund 1 month: Test Cases/Mobile/Scenario/Portfolio/013 - Melihat detail mutual fund 1 month

2022-01-11 09:29:26 - [TEST_STEP][PASSED] - callTestCase(findTestCase("Mobile/Page/Run App/Run App byID"), [:], STOP_ON_FAILURE): Call Test Case 'Test Cases/Mobile/Page/Run App/Run App byID' successfully

2022-01-11 09:29:26 - [TEST_CASE][PASSED] - Test Cases/Mobile/Page/Run App/Run App byID: Test Cases/Mobile/Page/Run App/Run App byID

2022-01-11 09:29:26 - [TEST_STEP][PASSED] - startApp.OpenApp.startApplication("id.co.miraeasset.sageclub"): startApp.OpenApp.startApplication is PASSED

2022-01-11 09:29:39 - [MESSAGE][PASSED] - Starting app with application ID: 'id.co.miraeasset.sageclub'

2022-01-11 09:29:39 - [MESSAGE][PASSED] - startApp.OpenApp.startApplication is PASSED

2022-01-11 09:29:39 - [MESSAGE][PASSED] - Call Test Case 'Test Cases/Mobile/Page/Run App/Run App byID' successfully

2022-01-11 09:29:39 - [TEST_STEP][PASSED] - callTestCase(findTestCase("Mobile/Page/Portfolio/Portfolio"), ["tab":"mutualfund", "action2":"1 month"], CONTINUE_ON_FAILURE): Call Test Case 'Test Cases/Mobile/Page/Portfolio/Portfolio' successfully

2022-01-11 09:29:40 - [TEST_CASE][PASSED] - Test Cases/Mobile/Page/Portfolio/Portfolio: Test Cases/Mobile/Page/Portfolio/Portfolio

2022-01-11 09:29:40 - [TEST_STEP][PASSED] - callTestCase(findTestCase("Mobile/Page/CheckLogin"), [:], CONTINUE_ON_FAILURE): Call Test Case 'Test Cases/Mobile/Page/CheckLogin' successfully

2022-01-11 09:29:40 - [TEST_CASE][PASSED] - Test Cases/Mobile/Page/CheckLogin: Test Cases/Mobile/Page/CheckLogin

2022-01-11 09:29:40 - [TEST_STEP][PASSED] - loginCheck = verifyElementExist(LOGN_BtnLogin, 5, CONTINUE_ON_FAILURE): Element 'Object Repository/Mobile/Page/Login/Button - Login' is exist

2022-01-11 09:29:42 - [MESSAGE][PASSED] - Element 'Object Repository/Mobile/Page/Login/Button - Login' is exist

2022-01-11 09:29:42 - [TEST_STEP][PASSED] - if (loginCheck): Call Test Case 'Test Cases/Mobile/Page/Login/Login' successfully

2022-01-11 09:29:42 - [TEST_STEP][PASSED] - callTestCase(findTestCase("Mobile/Page/Login/Login"), ["action":"username"], CONTINUE_ON_FAILURE): Call Test Case 'Test Cases/Mobile/Page/Login/Login' successfully

2022-01-11 09:29:42 - [TEST_CASE][PASSED] - Test Cases/Mobile/Page/Login/Login: Test Cases/Mobile/Page/Login/Login

2022-01-11 09:29:42 - [TEST_STEP][PASSED] - delay(2): Delayed 2 second(s)

2022-01-11 09:29:44 - [MESSAGE][PASSED] - Delayed 2 second(s)

2022-01-11 09:29:44 - [TEST_STEP][PASSED] - for ([i = 0, i < 1, (i++)]): null

2022-01-11 09:29:44 - [TEST_STEP][PASSED] - if (action == "username"): null

2022-01-11 09:29:44 - [TEST_STEP][PASSED] - tap(LOGN_EdtUserID, 0): Tapped on element 'Object Repository/Mobile/Page/Login/Input - UserID'

2022-01-11 09:29:44 - [MESSAGE][WARNING] - Timeout '0' is invalid. Using default page load timeout: '60'

2022-01-11 09:29:44 - [MESSAGE][PASSED] - Tapped on element 'Object Repository/Mobile/Page/Login/Input - UserID'

2022-01-11 09:29:44 - [TEST_STEP][PASSED] - delay(1): Delayed 1 second(s)

2022-01-11 09:29:45 - [MESSAGE][PASSED] - Delayed 1 second(s)

2022-01-11 09:29:45 - [TEST_STEP][PASSED] - setText(LOGN_EdtRdyUserID, "anggaaditya", 0): Text 'anggaaditya' has been set to element 'Object Repository/Mobile/Page/Login/Input Rdy - UserID'

2022-01-11 09:29:45 - [MESSAGE][WARNING] - Timeout '0' is invalid. Using default page load timeout: '60'

2022-01-11 09:29:46 - [MESSAGE][PASSED] - Text 'anggaaditya' has been set to element 'Object Repository/Mobile/Page/Login/Input Rdy - UserID'

2022-01-11 09:29:46 - [TEST_STEP][PASSED] - delay(1): Delayed 1 second(s)

2022-01-11 09:29:47 - [MESSAGE][PASSED] - Delayed 1 second(s)

2022-01-11 09:29:47 - [TEST_STEP][PASSED] - hideKeyboard(): Keyboard is hidden

2022-01-11 09:29:51 - [MESSAGE][PASSED] - Keyboard is hidden

2022-01-11 09:29:51 - [TEST_STEP][PASSED] - tap(LOGN_EdtPassword, 0): Tapped on element 'Object Repository/Mobile/Page/Login/Input - Password'

2022-01-11 09:29:51 - [MESSAGE][WARNING] - Timeout '0' is invalid. Using default page load timeout: '60'

2022-01-11 09:29:51 - [MESSAGE][PASSED] - Tapped on element 'Object Repository/Mobile/Page/Login/Input - Password'

2022-01-11 09:29:51 - [TEST_STEP][PASSED] - delay(1): Delayed 1 second(s)

2022-01-11 09:29:52 - [MESSAGE][PASSED] - Delayed 1 second(s)

2022-01-11 09:29:52 - [TEST_STEP][PASSED] - setText(LOGN_EdtRdyPassword, "Shalawa18", 0): Text 'Shalawa18' has been set to element 'Object Repository/Mobile/Page/Login/Input Rdy - Password'

2022-01-11 09:29:52 - [MESSAGE][WARNING] - Timeout '0' is invalid. Using default page load timeout: '60'

2022-01-11 09:29:53 - [MESSAGE][PASSED] - Text 'Shalawa18' has been set to element 'Object Repository/Mobile/Page/Login/Input Rdy - Password'

2022-01-11 09:29:53 - [TEST_STEP][PASSED] - delay(1): Delayed 1 second(s)

2022-01-11 09:29:54 - [MESSAGE][PASSED] - Delayed 1 second(s)

2022-01-11 09:29:54 - [TEST_STEP][PASSED] - hideKeyboard(): Keyboard is hidden

2022-01-11 09:30:01 - [MESSAGE][PASSED] - Keyboard is hidden

2022-01-11 09:30:01 - [TEST_STEP][PASSED] - tap(LOGN_BtnLogin, 0): Tapped on element 'Object Repository/Mobile/Page/Login/Button - Login'

2022-01-11 09:30:01 - [MESSAGE][WARNING] - Timeout '0' is invalid. Using default page load timeout: '60'

2022-01-11 09:30:02 - [MESSAGE][PASSED] - Tapped on element 'Object Repository/Mobile/Page/Login/Button - Login'

2022-01-11 09:30:02 - [TEST_STEP][PASSED] - delay(2): Delayed 2 second(s)

2022-01-11 09:30:04 - [MESSAGE][PASSED] - Delayed 2 second(s)

2022-01-11 09:30:04 - [TEST_STEP][PASSED] - break: null

2022-01-11 09:30:04 - [MESSAGE][PASSED] - Call Test Case 'Test Cases/Mobile/Page/Login/Login' successfully

2022-01-11 09:30:04 - [MESSAGE][PASSED] - Call Test Case 'Test Cases/Mobile/Page/CheckLogin' successfully

2022-01-11 09:30:04 - [TEST_STEP][PASSED] - tap(HOME_MenubarPortfolio, 0): Tapped on element 'Object Repository/Mobile/Page/Home/Menubar - Portfolio'

2022-01-11 09:30:04 - [MESSAGE][WARNING] - Timeout '0' is invalid. Using default page load timeout: '60'

2022-01-11 09:30:05 - [MESSAGE][PASSED] - Tapped on element 'Object Repository/Mobile/Page/Home/Menubar - Portfolio'

2022-01-11 09:30:05 - [TEST_STEP][PASSED] - delay(1): Delayed 1 second(s)

2022-01-11 09:30:06 - [MESSAGE][PASSED] - Delayed 1 second(s)

2022-01-11 09:30:06 - [TEST_STEP][PASSED] - for ([i = 0, i < 1, (i++)]): scroll.scroll.scrollScreenBottomToTop is PASSED

2022-01-11 09:30:06 - [TEST_STEP][PASSED] - if (tab == "summary"): null

2022-01-11 09:30:06 - [TEST_STEP][PASSED] - else if (tab == "stock"): null

2022-01-11 09:30:06 - [TEST_STEP][PASSED] - else if (tab == "mutualfund"): scroll.scroll.scrollScreenBottomToTop is PASSED

2022-01-11 09:30:06 - [TEST_STEP][PASSED] - tap(PORT_TabMutualFund, 0): Tapped on element 'Object Repository/Mobile/Page/Portfolio/Tab - Mutual Fund'

2022-01-11 09:30:06 - [MESSAGE][WARNING] - Timeout '0' is invalid. Using default page load timeout: '60'

2022-01-11 09:30:08 - [MESSAGE][PASSED] - Tapped on element 'Object Repository/Mobile/Page/Portfolio/Tab - Mutual Fund'

2022-01-11 09:30:08 - [TEST_STEP][PASSED] - delay(1): Delayed 1 second(s)

2022-01-11 09:30:09 - [MESSAGE][PASSED] - Delayed 1 second(s)

2022-01-11 09:30:09 - [TEST_STEP][PASSED] - try: scroll.scroll.scrollScreenBottomToTop is PASSED

2022-01-11 09:30:09 - [TEST_STEP][PASSED] - tapAndHold(PORT_ItemTopMutualFund, 1, 10): Tapped and held on element 'Object Repository/Mobile/Page/Portfolio/Item - Top Mutual Fund' with duration 1

2022-01-11 09:30:12 - [MESSAGE][PASSED] - Tapped and held on element 'Object Repository/Mobile/Page/Portfolio/Item - Top Mutual Fund' with duration 1

2022-01-11 09:30:12 - [TEST_STEP][PASSED] - delay(2): Delayed 2 second(s)

2022-01-11 09:30:14 - [MESSAGE][PASSED] - Delayed 2 second(s)

2022-01-11 09:30:14 - [TEST_STEP][PASSED] - switch (action2): null

2022-01-11 09:30:14 - [TEST_STEP][PASSED] - case "1 month":: null

2022-01-11 09:30:14 - [TEST_STEP][PASSED] - tapAndHold(PORT_DETL_Btn1Month, 1, 0): Tapped and held on element 'Object Repository/Mobile/Page/Portfolio/Detail Mutual Funds/Button - 1 Month' with duration 1

2022-01-11 09:30:14 - [MESSAGE][WARNING] - Timeout '0' is invalid. Using default page load timeout: '60'

2022-01-11 09:30:17 - [MESSAGE][PASSED] - Tapped and held on element 'Object Repository/Mobile/Page/Portfolio/Detail Mutual Funds/Button - 1 Month' with duration 1

2022-01-11 09:30:17 - [TEST_STEP][PASSED] - break: null

2022-01-11 09:30:17 - [TEST_STEP][PASSED] - delay(3): Delayed 3 second(s)

2022-01-11 09:30:20 - [MESSAGE][PASSED] - Delayed 3 second(s)

2022-01-11 09:30:20 - [TEST_STEP][PASSED] - scroll.scroll.scrollScreenBottomToTop(): scroll.scroll.scrollScreenBottomToTop is PASSED

2022-01-11 09:30:20 - [MESSAGE][PASSED] - Current device physical height is 1423

2022-01-11 09:30:21 - [MESSAGE][PASSED] - Current device physical width is 720

2022-01-11 09:30:22 - [MESSAGE][PASSED] - Swiped from 360,1,138 to 360,284

2022-01-11 09:30:22 - [MESSAGE][PASSED] - scroll.scroll.scrollScreenBottomToTop is PASSED

2022-01-11 09:30:22 - [MESSAGE][PASSED] - Call Test Case 'Test Cases/Mobile/Page/Portfolio/Portfolio' successfully

2022-01-11 09:30:22 - [TEST_STEP][PASSED] - callTestCase(findTestCase("Mobile/Page/Run App/Terminate App"), [:], STOP_ON_FAILURE): Call Test Case 'Test Cases/Mobile/Page/Run App/Terminate App' successfully

2022-01-11 09:30:22 - [TEST_CASE][PASSED] - Test Cases/Mobile/Page/Run App/Terminate App: Test Cases/Mobile/Page/Run App/Terminate App

2022-01-11 09:30:22 - [TEST_STEP][PASSED] - startApp.OpenApp.terminateApplication(): startApp.OpenApp.terminateApplication is PASSED

2022-01-11 09:30:25 - [MESSAGE][PASSED] - Delayed 3 second(s)

2022-01-11 09:30:25 - [MESSAGE][PASSED] - Current device physical width is 720

2022-01-11 09:30:26 - [MESSAGE][PASSED] - Current device physical height is 1423

2022-01-11 09:30:27 - [MESSAGE][PASSED] - Swiped from 360,853 to 360,142

2022-01-11 09:30:28 - [MESSAGE][PASSED] - Delayed 1 second(s)

2022-01-11 09:30:29 - [MESSAGE][PASSED] - Swiped from 360,853 to 360,142

2022-01-11 09:30:33 - [MESSAGE][PASSED] - Delayed 3 second(s)

2022-01-11 09:30:33 - [MESSAGE][PASSED] - startApp.OpenApp.terminateApplication is PASSED

2022-01-11 09:30:33 - [MESSAGE][PASSED] - Call Test Case 'Test Cases/Mobile/Page/Run App/Terminate App' successfully]]></system-out>
         <system-err><![CDATA[]]></system-err>
      </testcase>
      <testcase name="Test Cases/Mobile/Scenario/Portfolio/014 - Melihat detail mutual fund 3 month" time="66.54" classname="Test Cases/Mobile/Scenario/Portfolio/014 - Melihat detail mutual fund 3 month" status="PASSED">
         <system-out><![CDATA[2022-01-11 09:30:33 - [TEST_CASE][PASSED] - Test Cases/Mobile/Scenario/Portfolio/014 - Melihat detail mutual fund 3 month: Test Cases/Mobile/Scenario/Portfolio/014 - Melihat detail mutual fund 3 month

2022-01-11 09:30:33 - [TEST_STEP][PASSED] - callTestCase(findTestCase("Mobile/Page/Run App/Run App byID"), [:], STOP_ON_FAILURE): Call Test Case 'Test Cases/Mobile/Page/Run App/Run App byID' successfully

2022-01-11 09:30:33 - [TEST_CASE][PASSED] - Test Cases/Mobile/Page/Run App/Run App byID: Test Cases/Mobile/Page/Run App/Run App byID

2022-01-11 09:30:33 - [TEST_STEP][PASSED] - startApp.OpenApp.startApplication("id.co.miraeasset.sageclub"): startApp.OpenApp.startApplication is PASSED

2022-01-11 09:30:47 - [MESSAGE][PASSED] - Starting app with application ID: 'id.co.miraeasset.sageclub'

2022-01-11 09:30:47 - [MESSAGE][PASSED] - startApp.OpenApp.startApplication is PASSED

2022-01-11 09:30:47 - [MESSAGE][PASSED] - Call Test Case 'Test Cases/Mobile/Page/Run App/Run App byID' successfully

2022-01-11 09:30:47 - [TEST_STEP][PASSED] - callTestCase(findTestCase("Mobile/Page/Portfolio/Portfolio"), ["tab":"mutualfund", "action2":"3 month"], CONTINUE_ON_FAILURE): Call Test Case 'Test Cases/Mobile/Page/Portfolio/Portfolio' successfully

2022-01-11 09:30:47 - [TEST_CASE][PASSED] - Test Cases/Mobile/Page/Portfolio/Portfolio: Test Cases/Mobile/Page/Portfolio/Portfolio

2022-01-11 09:30:47 - [TEST_STEP][PASSED] - callTestCase(findTestCase("Mobile/Page/CheckLogin"), [:], CONTINUE_ON_FAILURE): Call Test Case 'Test Cases/Mobile/Page/CheckLogin' successfully

2022-01-11 09:30:47 - [TEST_CASE][PASSED] - Test Cases/Mobile/Page/CheckLogin: Test Cases/Mobile/Page/CheckLogin

2022-01-11 09:30:47 - [TEST_STEP][PASSED] - loginCheck = verifyElementExist(LOGN_BtnLogin, 5, CONTINUE_ON_FAILURE): Element 'Object Repository/Mobile/Page/Login/Button - Login' is exist

2022-01-11 09:30:48 - [MESSAGE][PASSED] - Element 'Object Repository/Mobile/Page/Login/Button - Login' is exist

2022-01-11 09:30:48 - [TEST_STEP][PASSED] - if (loginCheck): Call Test Case 'Test Cases/Mobile/Page/Login/Login' successfully

2022-01-11 09:30:48 - [TEST_STEP][PASSED] - callTestCase(findTestCase("Mobile/Page/Login/Login"), ["action":"username"], CONTINUE_ON_FAILURE): Call Test Case 'Test Cases/Mobile/Page/Login/Login' successfully

2022-01-11 09:30:48 - [TEST_CASE][PASSED] - Test Cases/Mobile/Page/Login/Login: Test Cases/Mobile/Page/Login/Login

2022-01-11 09:30:48 - [TEST_STEP][PASSED] - delay(2): Delayed 2 second(s)

2022-01-11 09:30:50 - [MESSAGE][PASSED] - Delayed 2 second(s)

2022-01-11 09:30:50 - [TEST_STEP][PASSED] - for ([i = 0, i < 1, (i++)]): null

2022-01-11 09:30:50 - [TEST_STEP][PASSED] - if (action == "username"): null

2022-01-11 09:30:50 - [TEST_STEP][PASSED] - tap(LOGN_EdtUserID, 0): Tapped on element 'Object Repository/Mobile/Page/Login/Input - UserID'

2022-01-11 09:30:50 - [MESSAGE][WARNING] - Timeout '0' is invalid. Using default page load timeout: '60'

2022-01-11 09:30:51 - [MESSAGE][PASSED] - Tapped on element 'Object Repository/Mobile/Page/Login/Input - UserID'

2022-01-11 09:30:51 - [TEST_STEP][PASSED] - delay(1): Delayed 1 second(s)

2022-01-11 09:30:52 - [MESSAGE][PASSED] - Delayed 1 second(s)

2022-01-11 09:30:52 - [TEST_STEP][PASSED] - setText(LOGN_EdtRdyUserID, "anggaaditya", 0): Text 'anggaaditya' has been set to element 'Object Repository/Mobile/Page/Login/Input Rdy - UserID'

2022-01-11 09:30:52 - [MESSAGE][WARNING] - Timeout '0' is invalid. Using default page load timeout: '60'

2022-01-11 09:30:53 - [MESSAGE][PASSED] - Text 'anggaaditya' has been set to element 'Object Repository/Mobile/Page/Login/Input Rdy - UserID'

2022-01-11 09:30:53 - [TEST_STEP][PASSED] - delay(1): Delayed 1 second(s)

2022-01-11 09:30:54 - [MESSAGE][PASSED] - Delayed 1 second(s)

2022-01-11 09:30:54 - [TEST_STEP][PASSED] - hideKeyboard(): Keyboard is hidden

2022-01-11 09:30:57 - [MESSAGE][PASSED] - Keyboard is hidden

2022-01-11 09:30:57 - [TEST_STEP][PASSED] - tap(LOGN_EdtPassword, 0): Tapped on element 'Object Repository/Mobile/Page/Login/Input - Password'

2022-01-11 09:30:57 - [MESSAGE][WARNING] - Timeout '0' is invalid. Using default page load timeout: '60'

2022-01-11 09:30:58 - [MESSAGE][PASSED] - Tapped on element 'Object Repository/Mobile/Page/Login/Input - Password'

2022-01-11 09:30:58 - [TEST_STEP][PASSED] - delay(1): Delayed 1 second(s)

2022-01-11 09:30:59 - [MESSAGE][PASSED] - Delayed 1 second(s)

2022-01-11 09:30:59 - [TEST_STEP][PASSED] - setText(LOGN_EdtRdyPassword, "Shalawa18", 0): Text 'Shalawa18' has been set to element 'Object Repository/Mobile/Page/Login/Input Rdy - Password'

2022-01-11 09:30:59 - [MESSAGE][WARNING] - Timeout '0' is invalid. Using default page load timeout: '60'

2022-01-11 09:31:00 - [MESSAGE][PASSED] - Text 'Shalawa18' has been set to element 'Object Repository/Mobile/Page/Login/Input Rdy - Password'

2022-01-11 09:31:00 - [TEST_STEP][PASSED] - delay(1): Delayed 1 second(s)

2022-01-11 09:31:01 - [MESSAGE][PASSED] - Delayed 1 second(s)

2022-01-11 09:31:01 - [TEST_STEP][PASSED] - hideKeyboard(): Keyboard is hidden

2022-01-11 09:31:07 - [MESSAGE][PASSED] - Keyboard is hidden

2022-01-11 09:31:07 - [TEST_STEP][PASSED] - tap(LOGN_BtnLogin, 0): Tapped on element 'Object Repository/Mobile/Page/Login/Button - Login'

2022-01-11 09:31:07 - [MESSAGE][WARNING] - Timeout '0' is invalid. Using default page load timeout: '60'

2022-01-11 09:31:08 - [MESSAGE][PASSED] - Tapped on element 'Object Repository/Mobile/Page/Login/Button - Login'

2022-01-11 09:31:08 - [TEST_STEP][PASSED] - delay(2): Delayed 2 second(s)

2022-01-11 09:31:10 - [MESSAGE][PASSED] - Delayed 2 second(s)

2022-01-11 09:31:10 - [TEST_STEP][PASSED] - break: null

2022-01-11 09:31:10 - [MESSAGE][PASSED] - Call Test Case 'Test Cases/Mobile/Page/Login/Login' successfully

2022-01-11 09:31:10 - [MESSAGE][PASSED] - Call Test Case 'Test Cases/Mobile/Page/CheckLogin' successfully

2022-01-11 09:31:10 - [TEST_STEP][PASSED] - tap(HOME_MenubarPortfolio, 0): Tapped on element 'Object Repository/Mobile/Page/Home/Menubar - Portfolio'

2022-01-11 09:31:10 - [MESSAGE][WARNING] - Timeout '0' is invalid. Using default page load timeout: '60'

2022-01-11 09:31:12 - [MESSAGE][PASSED] - Tapped on element 'Object Repository/Mobile/Page/Home/Menubar - Portfolio'

2022-01-11 09:31:12 - [TEST_STEP][PASSED] - delay(1): Delayed 1 second(s)

2022-01-11 09:31:13 - [MESSAGE][PASSED] - Delayed 1 second(s)

2022-01-11 09:31:13 - [TEST_STEP][PASSED] - for ([i = 0, i < 1, (i++)]): scroll.scroll.scrollScreenBottomToTop is PASSED

2022-01-11 09:31:13 - [TEST_STEP][PASSED] - if (tab == "summary"): null

2022-01-11 09:31:13 - [TEST_STEP][PASSED] - else if (tab == "stock"): null

2022-01-11 09:31:13 - [TEST_STEP][PASSED] - else if (tab == "mutualfund"): scroll.scroll.scrollScreenBottomToTop is PASSED

2022-01-11 09:31:13 - [TEST_STEP][PASSED] - tap(PORT_TabMutualFund, 0): Tapped on element 'Object Repository/Mobile/Page/Portfolio/Tab - Mutual Fund'

2022-01-11 09:31:13 - [MESSAGE][WARNING] - Timeout '0' is invalid. Using default page load timeout: '60'

2022-01-11 09:31:15 - [MESSAGE][PASSED] - Tapped on element 'Object Repository/Mobile/Page/Portfolio/Tab - Mutual Fund'

2022-01-11 09:31:15 - [TEST_STEP][PASSED] - delay(1): Delayed 1 second(s)

2022-01-11 09:31:16 - [MESSAGE][PASSED] - Delayed 1 second(s)

2022-01-11 09:31:16 - [TEST_STEP][PASSED] - try: scroll.scroll.scrollScreenBottomToTop is PASSED

2022-01-11 09:31:16 - [TEST_STEP][PASSED] - tapAndHold(PORT_ItemTopMutualFund, 1, 10): Tapped and held on element 'Object Repository/Mobile/Page/Portfolio/Item - Top Mutual Fund' with duration 1

2022-01-11 09:31:19 - [MESSAGE][PASSED] - Tapped and held on element 'Object Repository/Mobile/Page/Portfolio/Item - Top Mutual Fund' with duration 1

2022-01-11 09:31:19 - [TEST_STEP][PASSED] - delay(2): Delayed 2 second(s)

2022-01-11 09:31:21 - [MESSAGE][PASSED] - Delayed 2 second(s)

2022-01-11 09:31:21 - [TEST_STEP][PASSED] - switch (action2): null

2022-01-11 09:31:21 - [TEST_STEP][PASSED] - case "3 month":: null

2022-01-11 09:31:21 - [TEST_STEP][PASSED] - tapAndHold(PORT_DETL_Btn3Month, 1, 0): Tapped and held on element 'Object Repository/Mobile/Page/Portfolio/Detail Mutual Funds/Button - 3 Month' with duration 1

2022-01-11 09:31:21 - [MESSAGE][WARNING] - Timeout '0' is invalid. Using default page load timeout: '60'

2022-01-11 09:31:24 - [MESSAGE][PASSED] - Tapped and held on element 'Object Repository/Mobile/Page/Portfolio/Detail Mutual Funds/Button - 3 Month' with duration 1

2022-01-11 09:31:24 - [TEST_STEP][PASSED] - break: null

2022-01-11 09:31:24 - [TEST_STEP][PASSED] - delay(3): Delayed 3 second(s)

2022-01-11 09:31:27 - [MESSAGE][PASSED] - Delayed 3 second(s)

2022-01-11 09:31:27 - [TEST_STEP][PASSED] - scroll.scroll.scrollScreenBottomToTop(): scroll.scroll.scrollScreenBottomToTop is PASSED

2022-01-11 09:31:27 - [MESSAGE][PASSED] - Current device physical height is 1423

2022-01-11 09:31:27 - [MESSAGE][PASSED] - Current device physical width is 720

2022-01-11 09:31:29 - [MESSAGE][PASSED] - Swiped from 360,1,138 to 360,284

2022-01-11 09:31:29 - [MESSAGE][PASSED] - scroll.scroll.scrollScreenBottomToTop is PASSED

2022-01-11 09:31:29 - [MESSAGE][PASSED] - Call Test Case 'Test Cases/Mobile/Page/Portfolio/Portfolio' successfully

2022-01-11 09:31:29 - [TEST_STEP][PASSED] - callTestCase(findTestCase("Mobile/Page/Run App/Terminate App"), [:], STOP_ON_FAILURE): Call Test Case 'Test Cases/Mobile/Page/Run App/Terminate App' successfully

2022-01-11 09:31:29 - [TEST_CASE][PASSED] - Test Cases/Mobile/Page/Run App/Terminate App: Test Cases/Mobile/Page/Run App/Terminate App

2022-01-11 09:31:29 - [TEST_STEP][PASSED] - startApp.OpenApp.terminateApplication(): startApp.OpenApp.terminateApplication is PASSED

2022-01-11 09:31:32 - [MESSAGE][PASSED] - Delayed 3 second(s)

2022-01-11 09:31:32 - [MESSAGE][PASSED] - Current device physical width is 720

2022-01-11 09:31:32 - [MESSAGE][PASSED] - Current device physical height is 1423

2022-01-11 09:31:34 - [MESSAGE][PASSED] - Swiped from 360,853 to 360,142

2022-01-11 09:31:35 - [MESSAGE][PASSED] - Delayed 1 second(s)

2022-01-11 09:31:36 - [MESSAGE][PASSED] - Swiped from 360,853 to 360,142

2022-01-11 09:31:39 - [MESSAGE][PASSED] - Delayed 3 second(s)

2022-01-11 09:31:39 - [MESSAGE][PASSED] - startApp.OpenApp.terminateApplication is PASSED

2022-01-11 09:31:39 - [MESSAGE][PASSED] - Call Test Case 'Test Cases/Mobile/Page/Run App/Terminate App' successfully]]></system-out>
         <system-err><![CDATA[]]></system-err>
      </testcase>
      <testcase name="Test Cases/Mobile/Scenario/Portfolio/015 - Melihat detail mutual fund 6 month" time="70.637" classname="Test Cases/Mobile/Scenario/Portfolio/015 - Melihat detail mutual fund 6 month" status="PASSED">
         <system-out><![CDATA[2022-01-11 09:31:39 - [TEST_CASE][PASSED] - Test Cases/Mobile/Scenario/Portfolio/015 - Melihat detail mutual fund 6 month: Test Cases/Mobile/Scenario/Portfolio/015 - Melihat detail mutual fund 6 month

2022-01-11 09:31:39 - [TEST_STEP][PASSED] - callTestCase(findTestCase("Mobile/Page/Run App/Run App byID"), [:], STOP_ON_FAILURE): Call Test Case 'Test Cases/Mobile/Page/Run App/Run App byID' successfully

2022-01-11 09:31:39 - [TEST_CASE][PASSED] - Test Cases/Mobile/Page/Run App/Run App byID: Test Cases/Mobile/Page/Run App/Run App byID

2022-01-11 09:31:39 - [TEST_STEP][PASSED] - startApp.OpenApp.startApplication("id.co.miraeasset.sageclub"): startApp.OpenApp.startApplication is PASSED

2022-01-11 09:31:53 - [MESSAGE][PASSED] - Starting app with application ID: 'id.co.miraeasset.sageclub'

2022-01-11 09:31:53 - [MESSAGE][PASSED] - startApp.OpenApp.startApplication is PASSED

2022-01-11 09:31:53 - [MESSAGE][PASSED] - Call Test Case 'Test Cases/Mobile/Page/Run App/Run App byID' successfully

2022-01-11 09:31:53 - [TEST_STEP][PASSED] - callTestCase(findTestCase("Mobile/Page/Portfolio/Portfolio"), ["tab":"mutualfund", "action2":"6 month"], CONTINUE_ON_FAILURE): Call Test Case 'Test Cases/Mobile/Page/Portfolio/Portfolio' successfully

2022-01-11 09:31:53 - [TEST_CASE][PASSED] - Test Cases/Mobile/Page/Portfolio/Portfolio: Test Cases/Mobile/Page/Portfolio/Portfolio

2022-01-11 09:31:53 - [TEST_STEP][PASSED] - callTestCase(findTestCase("Mobile/Page/CheckLogin"), [:], CONTINUE_ON_FAILURE): Call Test Case 'Test Cases/Mobile/Page/CheckLogin' successfully

2022-01-11 09:31:53 - [TEST_CASE][PASSED] - Test Cases/Mobile/Page/CheckLogin: Test Cases/Mobile/Page/CheckLogin

2022-01-11 09:31:53 - [TEST_STEP][PASSED] - loginCheck = verifyElementExist(LOGN_BtnLogin, 5, CONTINUE_ON_FAILURE): Element 'Object Repository/Mobile/Page/Login/Button - Login' is exist

2022-01-11 09:31:55 - [MESSAGE][PASSED] - Element 'Object Repository/Mobile/Page/Login/Button - Login' is exist

2022-01-11 09:31:55 - [TEST_STEP][PASSED] - if (loginCheck): Call Test Case 'Test Cases/Mobile/Page/Login/Login' successfully

2022-01-11 09:31:55 - [TEST_STEP][PASSED] - callTestCase(findTestCase("Mobile/Page/Login/Login"), ["action":"username"], CONTINUE_ON_FAILURE): Call Test Case 'Test Cases/Mobile/Page/Login/Login' successfully

2022-01-11 09:31:55 - [TEST_CASE][PASSED] - Test Cases/Mobile/Page/Login/Login: Test Cases/Mobile/Page/Login/Login

2022-01-11 09:31:55 - [TEST_STEP][PASSED] - delay(2): Delayed 2 second(s)

2022-01-11 09:31:57 - [MESSAGE][PASSED] - Delayed 2 second(s)

2022-01-11 09:31:57 - [TEST_STEP][PASSED] - for ([i = 0, i < 1, (i++)]): null

2022-01-11 09:31:57 - [TEST_STEP][PASSED] - if (action == "username"): null

2022-01-11 09:31:57 - [TEST_STEP][PASSED] - tap(LOGN_EdtUserID, 0): Tapped on element 'Object Repository/Mobile/Page/Login/Input - UserID'

2022-01-11 09:31:57 - [MESSAGE][WARNING] - Timeout '0' is invalid. Using default page load timeout: '60'

2022-01-11 09:31:58 - [MESSAGE][PASSED] - Tapped on element 'Object Repository/Mobile/Page/Login/Input - UserID'

2022-01-11 09:31:58 - [TEST_STEP][PASSED] - delay(1): Delayed 1 second(s)

2022-01-11 09:31:59 - [MESSAGE][PASSED] - Delayed 1 second(s)

2022-01-11 09:31:59 - [TEST_STEP][PASSED] - setText(LOGN_EdtRdyUserID, "anggaaditya", 0): Text 'anggaaditya' has been set to element 'Object Repository/Mobile/Page/Login/Input Rdy - UserID'

2022-01-11 09:31:59 - [MESSAGE][WARNING] - Timeout '0' is invalid. Using default page load timeout: '60'

2022-01-11 09:32:00 - [MESSAGE][PASSED] - Text 'anggaaditya' has been set to element 'Object Repository/Mobile/Page/Login/Input Rdy - UserID'

2022-01-11 09:32:00 - [TEST_STEP][PASSED] - delay(1): Delayed 1 second(s)

2022-01-11 09:32:01 - [MESSAGE][PASSED] - Delayed 1 second(s)

2022-01-11 09:32:01 - [TEST_STEP][PASSED] - hideKeyboard(): Keyboard is hidden

2022-01-11 09:32:06 - [MESSAGE][PASSED] - Keyboard is hidden

2022-01-11 09:32:06 - [TEST_STEP][PASSED] - tap(LOGN_EdtPassword, 0): Tapped on element 'Object Repository/Mobile/Page/Login/Input - Password'

2022-01-11 09:32:06 - [MESSAGE][WARNING] - Timeout '0' is invalid. Using default page load timeout: '60'

2022-01-11 09:32:06 - [MESSAGE][PASSED] - Tapped on element 'Object Repository/Mobile/Page/Login/Input - Password'

2022-01-11 09:32:06 - [TEST_STEP][PASSED] - delay(1): Delayed 1 second(s)

2022-01-11 09:32:07 - [MESSAGE][PASSED] - Delayed 1 second(s)

2022-01-11 09:32:07 - [TEST_STEP][PASSED] - setText(LOGN_EdtRdyPassword, "Shalawa18", 0): Text 'Shalawa18' has been set to element 'Object Repository/Mobile/Page/Login/Input Rdy - Password'

2022-01-11 09:32:07 - [MESSAGE][WARNING] - Timeout '0' is invalid. Using default page load timeout: '60'

2022-01-11 09:32:08 - [MESSAGE][PASSED] - Text 'Shalawa18' has been set to element 'Object Repository/Mobile/Page/Login/Input Rdy - Password'

2022-01-11 09:32:08 - [TEST_STEP][PASSED] - delay(1): Delayed 1 second(s)

2022-01-11 09:32:09 - [MESSAGE][PASSED] - Delayed 1 second(s)

2022-01-11 09:32:09 - [TEST_STEP][PASSED] - hideKeyboard(): Keyboard is hidden

2022-01-11 09:32:18 - [MESSAGE][PASSED] - Keyboard is hidden

2022-01-11 09:32:18 - [TEST_STEP][PASSED] - tap(LOGN_BtnLogin, 0): Tapped on element 'Object Repository/Mobile/Page/Login/Button - Login'

2022-01-11 09:32:18 - [MESSAGE][WARNING] - Timeout '0' is invalid. Using default page load timeout: '60'

2022-01-11 09:32:19 - [MESSAGE][PASSED] - Tapped on element 'Object Repository/Mobile/Page/Login/Button - Login'

2022-01-11 09:32:19 - [TEST_STEP][PASSED] - delay(2): Delayed 2 second(s)

2022-01-11 09:32:21 - [MESSAGE][PASSED] - Delayed 2 second(s)

2022-01-11 09:32:21 - [TEST_STEP][PASSED] - break: null

2022-01-11 09:32:21 - [MESSAGE][PASSED] - Call Test Case 'Test Cases/Mobile/Page/Login/Login' successfully

2022-01-11 09:32:21 - [MESSAGE][PASSED] - Call Test Case 'Test Cases/Mobile/Page/CheckLogin' successfully

2022-01-11 09:32:21 - [TEST_STEP][PASSED] - tap(HOME_MenubarPortfolio, 0): Tapped on element 'Object Repository/Mobile/Page/Home/Menubar - Portfolio'

2022-01-11 09:32:21 - [MESSAGE][WARNING] - Timeout '0' is invalid. Using default page load timeout: '60'

2022-01-11 09:32:23 - [MESSAGE][PASSED] - Tapped on element 'Object Repository/Mobile/Page/Home/Menubar - Portfolio'

2022-01-11 09:32:23 - [TEST_STEP][PASSED] - delay(1): Delayed 1 second(s)

2022-01-11 09:32:24 - [MESSAGE][PASSED] - Delayed 1 second(s)

2022-01-11 09:32:24 - [TEST_STEP][PASSED] - for ([i = 0, i < 1, (i++)]): scroll.scroll.scrollScreenBottomToTop is PASSED

2022-01-11 09:32:24 - [TEST_STEP][PASSED] - if (tab == "summary"): null

2022-01-11 09:32:24 - [TEST_STEP][PASSED] - else if (tab == "stock"): null

2022-01-11 09:32:24 - [TEST_STEP][PASSED] - else if (tab == "mutualfund"): scroll.scroll.scrollScreenBottomToTop is PASSED

2022-01-11 09:32:24 - [TEST_STEP][PASSED] - tap(PORT_TabMutualFund, 0): Tapped on element 'Object Repository/Mobile/Page/Portfolio/Tab - Mutual Fund'

2022-01-11 09:32:24 - [MESSAGE][WARNING] - Timeout '0' is invalid. Using default page load timeout: '60'

2022-01-11 09:32:26 - [MESSAGE][PASSED] - Tapped on element 'Object Repository/Mobile/Page/Portfolio/Tab - Mutual Fund'

2022-01-11 09:32:26 - [TEST_STEP][PASSED] - delay(1): Delayed 1 second(s)

2022-01-11 09:32:27 - [MESSAGE][PASSED] - Delayed 1 second(s)

2022-01-11 09:32:27 - [TEST_STEP][PASSED] - try: scroll.scroll.scrollScreenBottomToTop is PASSED

2022-01-11 09:32:27 - [TEST_STEP][PASSED] - tapAndHold(PORT_ItemTopMutualFund, 1, 10): Tapped and held on element 'Object Repository/Mobile/Page/Portfolio/Item - Top Mutual Fund' with duration 1

2022-01-11 09:32:30 - [MESSAGE][PASSED] - Tapped and held on element 'Object Repository/Mobile/Page/Portfolio/Item - Top Mutual Fund' with duration 1

2022-01-11 09:32:30 - [TEST_STEP][PASSED] - delay(2): Delayed 2 second(s)

2022-01-11 09:32:32 - [MESSAGE][PASSED] - Delayed 2 second(s)

2022-01-11 09:32:32 - [TEST_STEP][PASSED] - switch (action2): null

2022-01-11 09:32:32 - [TEST_STEP][PASSED] - case "6 month":: null

2022-01-11 09:32:32 - [TEST_STEP][PASSED] - tapAndHold(PORT_DETL_Btn6Month, 1, 0): Tapped and held on element 'Object Repository/Mobile/Page/Portfolio/Detail Mutual Funds/Button - 6 Month' with duration 1

2022-01-11 09:32:32 - [MESSAGE][WARNING] - Timeout '0' is invalid. Using default page load timeout: '60'

2022-01-11 09:32:35 - [MESSAGE][PASSED] - Tapped and held on element 'Object Repository/Mobile/Page/Portfolio/Detail Mutual Funds/Button - 6 Month' with duration 1

2022-01-11 09:32:35 - [TEST_STEP][PASSED] - break: null

2022-01-11 09:32:35 - [TEST_STEP][PASSED] - delay(3): Delayed 3 second(s)

2022-01-11 09:32:38 - [MESSAGE][PASSED] - Delayed 3 second(s)

2022-01-11 09:32:38 - [TEST_STEP][PASSED] - scroll.scroll.scrollScreenBottomToTop(): scroll.scroll.scrollScreenBottomToTop is PASSED

2022-01-11 09:32:38 - [MESSAGE][PASSED] - Current device physical height is 1423

2022-01-11 09:32:38 - [MESSAGE][PASSED] - Current device physical width is 720

2022-01-11 09:32:39 - [MESSAGE][PASSED] - Swiped from 360,1,138 to 360,284

2022-01-11 09:32:39 - [MESSAGE][PASSED] - scroll.scroll.scrollScreenBottomToTop is PASSED

2022-01-11 09:32:39 - [MESSAGE][PASSED] - Call Test Case 'Test Cases/Mobile/Page/Portfolio/Portfolio' successfully

2022-01-11 09:32:39 - [TEST_STEP][PASSED] - callTestCase(findTestCase("Mobile/Page/Run App/Terminate App"), [:], STOP_ON_FAILURE): Call Test Case 'Test Cases/Mobile/Page/Run App/Terminate App' successfully

2022-01-11 09:32:39 - [TEST_CASE][PASSED] - Test Cases/Mobile/Page/Run App/Terminate App: Test Cases/Mobile/Page/Run App/Terminate App

2022-01-11 09:32:39 - [TEST_STEP][PASSED] - startApp.OpenApp.terminateApplication(): startApp.OpenApp.terminateApplication is PASSED

2022-01-11 09:32:42 - [MESSAGE][PASSED] - Delayed 3 second(s)

2022-01-11 09:32:43 - [MESSAGE][PASSED] - Current device physical width is 720

2022-01-11 09:32:43 - [MESSAGE][PASSED] - Current device physical height is 1423

2022-01-11 09:32:44 - [MESSAGE][PASSED] - Swiped from 360,853 to 360,142

2022-01-11 09:32:45 - [MESSAGE][PASSED] - Delayed 1 second(s)

2022-01-11 09:32:47 - [MESSAGE][PASSED] - Swiped from 360,853 to 360,142

2022-01-11 09:32:50 - [MESSAGE][PASSED] - Delayed 3 second(s)

2022-01-11 09:32:50 - [MESSAGE][PASSED] - startApp.OpenApp.terminateApplication is PASSED

2022-01-11 09:32:50 - [MESSAGE][PASSED] - Call Test Case 'Test Cases/Mobile/Page/Run App/Terminate App' successfully]]></system-out>
         <system-err><![CDATA[]]></system-err>
      </testcase>
      <testcase name="Test Cases/Mobile/Scenario/Portfolio/016 - Melihat detail mutual fund 1 year" time="71.26" classname="Test Cases/Mobile/Scenario/Portfolio/016 - Melihat detail mutual fund 1 year" status="PASSED">
         <system-out><![CDATA[2022-01-11 09:32:50 - [TEST_CASE][PASSED] - Test Cases/Mobile/Scenario/Portfolio/016 - Melihat detail mutual fund 1 year: Test Cases/Mobile/Scenario/Portfolio/016 - Melihat detail mutual fund 1 year

2022-01-11 09:32:50 - [TEST_STEP][PASSED] - callTestCase(findTestCase("Mobile/Page/Run App/Run App byID"), [:], STOP_ON_FAILURE): Call Test Case 'Test Cases/Mobile/Page/Run App/Run App byID' successfully

2022-01-11 09:32:50 - [TEST_CASE][PASSED] - Test Cases/Mobile/Page/Run App/Run App byID: Test Cases/Mobile/Page/Run App/Run App byID

2022-01-11 09:32:50 - [TEST_STEP][PASSED] - startApp.OpenApp.startApplication("id.co.miraeasset.sageclub"): startApp.OpenApp.startApplication is PASSED

2022-01-11 09:33:05 - [MESSAGE][PASSED] - Starting app with application ID: 'id.co.miraeasset.sageclub'

2022-01-11 09:33:05 - [MESSAGE][PASSED] - startApp.OpenApp.startApplication is PASSED

2022-01-11 09:33:05 - [MESSAGE][PASSED] - Call Test Case 'Test Cases/Mobile/Page/Run App/Run App byID' successfully

2022-01-11 09:33:05 - [TEST_STEP][PASSED] - callTestCase(findTestCase("Mobile/Page/Portfolio/Portfolio"), ["tab":"mutualfund", "action2":"1 year"], CONTINUE_ON_FAILURE): Call Test Case 'Test Cases/Mobile/Page/Portfolio/Portfolio' successfully

2022-01-11 09:33:05 - [TEST_CASE][PASSED] - Test Cases/Mobile/Page/Portfolio/Portfolio: Test Cases/Mobile/Page/Portfolio/Portfolio

2022-01-11 09:33:05 - [TEST_STEP][PASSED] - callTestCase(findTestCase("Mobile/Page/CheckLogin"), [:], CONTINUE_ON_FAILURE): Call Test Case 'Test Cases/Mobile/Page/CheckLogin' successfully

2022-01-11 09:33:05 - [TEST_CASE][PASSED] - Test Cases/Mobile/Page/CheckLogin: Test Cases/Mobile/Page/CheckLogin

2022-01-11 09:33:05 - [TEST_STEP][PASSED] - loginCheck = verifyElementExist(LOGN_BtnLogin, 5, CONTINUE_ON_FAILURE): Element 'Object Repository/Mobile/Page/Login/Button - Login' is exist

2022-01-11 09:33:07 - [MESSAGE][PASSED] - Element 'Object Repository/Mobile/Page/Login/Button - Login' is exist

2022-01-11 09:33:07 - [TEST_STEP][PASSED] - if (loginCheck): Call Test Case 'Test Cases/Mobile/Page/Login/Login' successfully

2022-01-11 09:33:07 - [TEST_STEP][PASSED] - callTestCase(findTestCase("Mobile/Page/Login/Login"), ["action":"username"], CONTINUE_ON_FAILURE): Call Test Case 'Test Cases/Mobile/Page/Login/Login' successfully

2022-01-11 09:33:07 - [TEST_CASE][PASSED] - Test Cases/Mobile/Page/Login/Login: Test Cases/Mobile/Page/Login/Login

2022-01-11 09:33:07 - [TEST_STEP][PASSED] - delay(2): Delayed 2 second(s)

2022-01-11 09:33:09 - [MESSAGE][PASSED] - Delayed 2 second(s)

2022-01-11 09:33:09 - [TEST_STEP][PASSED] - for ([i = 0, i < 1, (i++)]): null

2022-01-11 09:33:09 - [TEST_STEP][PASSED] - if (action == "username"): null

2022-01-11 09:33:09 - [TEST_STEP][PASSED] - tap(LOGN_EdtUserID, 0): Tapped on element 'Object Repository/Mobile/Page/Login/Input - UserID'

2022-01-11 09:33:09 - [MESSAGE][WARNING] - Timeout '0' is invalid. Using default page load timeout: '60'

2022-01-11 09:33:10 - [MESSAGE][PASSED] - Tapped on element 'Object Repository/Mobile/Page/Login/Input - UserID'

2022-01-11 09:33:10 - [TEST_STEP][PASSED] - delay(1): Delayed 1 second(s)

2022-01-11 09:33:11 - [MESSAGE][PASSED] - Delayed 1 second(s)

2022-01-11 09:33:11 - [TEST_STEP][PASSED] - setText(LOGN_EdtRdyUserID, "anggaaditya", 0): Text 'anggaaditya' has been set to element 'Object Repository/Mobile/Page/Login/Input Rdy - UserID'

2022-01-11 09:33:11 - [MESSAGE][WARNING] - Timeout '0' is invalid. Using default page load timeout: '60'

2022-01-11 09:33:12 - [MESSAGE][PASSED] - Text 'anggaaditya' has been set to element 'Object Repository/Mobile/Page/Login/Input Rdy - UserID'

2022-01-11 09:33:12 - [TEST_STEP][PASSED] - delay(1): Delayed 1 second(s)

2022-01-11 09:33:13 - [MESSAGE][PASSED] - Delayed 1 second(s)

2022-01-11 09:33:13 - [TEST_STEP][PASSED] - hideKeyboard(): Keyboard is hidden

2022-01-11 09:33:17 - [MESSAGE][PASSED] - Keyboard is hidden

2022-01-11 09:33:17 - [TEST_STEP][PASSED] - tap(LOGN_EdtPassword, 0): Tapped on element 'Object Repository/Mobile/Page/Login/Input - Password'

2022-01-11 09:33:17 - [MESSAGE][WARNING] - Timeout '0' is invalid. Using default page load timeout: '60'

2022-01-11 09:33:18 - [MESSAGE][PASSED] - Tapped on element 'Object Repository/Mobile/Page/Login/Input - Password'

2022-01-11 09:33:18 - [TEST_STEP][PASSED] - delay(1): Delayed 1 second(s)

2022-01-11 09:33:19 - [MESSAGE][PASSED] - Delayed 1 second(s)

2022-01-11 09:33:19 - [TEST_STEP][PASSED] - setText(LOGN_EdtRdyPassword, "Shalawa18", 0): Text 'Shalawa18' has been set to element 'Object Repository/Mobile/Page/Login/Input Rdy - Password'

2022-01-11 09:33:19 - [MESSAGE][WARNING] - Timeout '0' is invalid. Using default page load timeout: '60'

2022-01-11 09:33:20 - [MESSAGE][PASSED] - Text 'Shalawa18' has been set to element 'Object Repository/Mobile/Page/Login/Input Rdy - Password'

2022-01-11 09:33:20 - [TEST_STEP][PASSED] - delay(1): Delayed 1 second(s)

2022-01-11 09:33:21 - [MESSAGE][PASSED] - Delayed 1 second(s)

2022-01-11 09:33:21 - [TEST_STEP][PASSED] - hideKeyboard(): Keyboard is hidden

2022-01-11 09:33:28 - [MESSAGE][PASSED] - Keyboard is hidden

2022-01-11 09:33:28 - [TEST_STEP][PASSED] - tap(LOGN_BtnLogin, 0): Tapped on element 'Object Repository/Mobile/Page/Login/Button - Login'

2022-01-11 09:33:28 - [MESSAGE][WARNING] - Timeout '0' is invalid. Using default page load timeout: '60'

2022-01-11 09:33:29 - [MESSAGE][PASSED] - Tapped on element 'Object Repository/Mobile/Page/Login/Button - Login'

2022-01-11 09:33:29 - [TEST_STEP][PASSED] - delay(2): Delayed 2 second(s)

2022-01-11 09:33:31 - [MESSAGE][PASSED] - Delayed 2 second(s)

2022-01-11 09:33:31 - [TEST_STEP][PASSED] - break: null

2022-01-11 09:33:31 - [MESSAGE][PASSED] - Call Test Case 'Test Cases/Mobile/Page/Login/Login' successfully

2022-01-11 09:33:31 - [MESSAGE][PASSED] - Call Test Case 'Test Cases/Mobile/Page/CheckLogin' successfully

2022-01-11 09:33:31 - [TEST_STEP][PASSED] - tap(HOME_MenubarPortfolio, 0): Tapped on element 'Object Repository/Mobile/Page/Home/Menubar - Portfolio'

2022-01-11 09:33:31 - [MESSAGE][WARNING] - Timeout '0' is invalid. Using default page load timeout: '60'

2022-01-11 09:33:32 - [MESSAGE][PASSED] - Tapped on element 'Object Repository/Mobile/Page/Home/Menubar - Portfolio'

2022-01-11 09:33:32 - [TEST_STEP][PASSED] - delay(1): Delayed 1 second(s)

2022-01-11 09:33:33 - [MESSAGE][PASSED] - Delayed 1 second(s)

2022-01-11 09:33:33 - [TEST_STEP][PASSED] - for ([i = 0, i < 1, (i++)]): scroll.scroll.scrollScreenBottomToTop is PASSED

2022-01-11 09:33:33 - [TEST_STEP][PASSED] - if (tab == "summary"): null

2022-01-11 09:33:33 - [TEST_STEP][PASSED] - else if (tab == "stock"): null

2022-01-11 09:33:33 - [TEST_STEP][PASSED] - else if (tab == "mutualfund"): scroll.scroll.scrollScreenBottomToTop is PASSED

2022-01-11 09:33:33 - [TEST_STEP][PASSED] - tap(PORT_TabMutualFund, 0): Tapped on element 'Object Repository/Mobile/Page/Portfolio/Tab - Mutual Fund'

2022-01-11 09:33:33 - [MESSAGE][WARNING] - Timeout '0' is invalid. Using default page load timeout: '60'

2022-01-11 09:33:36 - [MESSAGE][PASSED] - Tapped on element 'Object Repository/Mobile/Page/Portfolio/Tab - Mutual Fund'

2022-01-11 09:33:36 - [TEST_STEP][PASSED] - delay(1): Delayed 1 second(s)

2022-01-11 09:33:37 - [MESSAGE][PASSED] - Delayed 1 second(s)

2022-01-11 09:33:37 - [TEST_STEP][PASSED] - try: scroll.scroll.scrollScreenBottomToTop is PASSED

2022-01-11 09:33:37 - [TEST_STEP][PASSED] - tapAndHold(PORT_ItemTopMutualFund, 1, 10): Tapped and held on element 'Object Repository/Mobile/Page/Portfolio/Item - Top Mutual Fund' with duration 1

2022-01-11 09:33:41 - [MESSAGE][PASSED] - Tapped and held on element 'Object Repository/Mobile/Page/Portfolio/Item - Top Mutual Fund' with duration 1

2022-01-11 09:33:41 - [TEST_STEP][PASSED] - delay(2): Delayed 2 second(s)

2022-01-11 09:33:43 - [MESSAGE][PASSED] - Delayed 2 second(s)

2022-01-11 09:33:43 - [TEST_STEP][PASSED] - switch (action2): null

2022-01-11 09:33:43 - [TEST_STEP][PASSED] - case "1 year":: null

2022-01-11 09:33:43 - [TEST_STEP][PASSED] - tapAndHold(PORT_DETL_Btn1Year, 1, 0): Tapped and held on element 'Object Repository/Mobile/Page/Portfolio/Detail Mutual Funds/Button - 1 Year' with duration 1

2022-01-11 09:33:43 - [MESSAGE][WARNING] - Timeout '0' is invalid. Using default page load timeout: '60'

2022-01-11 09:33:46 - [MESSAGE][PASSED] - Tapped and held on element 'Object Repository/Mobile/Page/Portfolio/Detail Mutual Funds/Button - 1 Year' with duration 1

2022-01-11 09:33:46 - [TEST_STEP][PASSED] - break: null

2022-01-11 09:33:46 - [TEST_STEP][PASSED] - delay(3): Delayed 3 second(s)

2022-01-11 09:33:49 - [MESSAGE][PASSED] - Delayed 3 second(s)

2022-01-11 09:33:49 - [TEST_STEP][PASSED] - scroll.scroll.scrollScreenBottomToTop(): scroll.scroll.scrollScreenBottomToTop is PASSED

2022-01-11 09:33:49 - [MESSAGE][PASSED] - Current device physical height is 1423

2022-01-11 09:33:49 - [MESSAGE][PASSED] - Current device physical width is 720

2022-01-11 09:33:50 - [MESSAGE][PASSED] - Swiped from 360,1,138 to 360,284

2022-01-11 09:33:50 - [MESSAGE][PASSED] - scroll.scroll.scrollScreenBottomToTop is PASSED

2022-01-11 09:33:50 - [MESSAGE][PASSED] - Call Test Case 'Test Cases/Mobile/Page/Portfolio/Portfolio' successfully

2022-01-11 09:33:50 - [TEST_STEP][PASSED] - callTestCase(findTestCase("Mobile/Page/Run App/Terminate App"), [:], STOP_ON_FAILURE): Call Test Case 'Test Cases/Mobile/Page/Run App/Terminate App' successfully

2022-01-11 09:33:51 - [TEST_CASE][PASSED] - Test Cases/Mobile/Page/Run App/Terminate App: Test Cases/Mobile/Page/Run App/Terminate App

2022-01-11 09:33:51 - [TEST_STEP][PASSED] - startApp.OpenApp.terminateApplication(): startApp.OpenApp.terminateApplication is PASSED

2022-01-11 09:33:54 - [MESSAGE][PASSED] - Delayed 3 second(s)

2022-01-11 09:33:54 - [MESSAGE][PASSED] - Current device physical width is 720

2022-01-11 09:33:54 - [MESSAGE][PASSED] - Current device physical height is 1423

2022-01-11 09:33:56 - [MESSAGE][PASSED] - Swiped from 360,853 to 360,142

2022-01-11 09:33:57 - [MESSAGE][PASSED] - Delayed 1 second(s)

2022-01-11 09:33:58 - [MESSAGE][PASSED] - Swiped from 360,853 to 360,142

2022-01-11 09:34:01 - [MESSAGE][PASSED] - Delayed 3 second(s)

2022-01-11 09:34:01 - [MESSAGE][PASSED] - startApp.OpenApp.terminateApplication is PASSED

2022-01-11 09:34:01 - [MESSAGE][PASSED] - Call Test Case 'Test Cases/Mobile/Page/Run App/Terminate App' successfully]]></system-out>
         <system-err><![CDATA[]]></system-err>
      </testcase>
      <testcase name="Test Cases/Mobile/Scenario/Portfolio/017 - Melihat detail mutual fund 3 year" time="68.816" classname="Test Cases/Mobile/Scenario/Portfolio/017 - Melihat detail mutual fund 3 year" status="PASSED">
         <system-out><![CDATA[2022-01-11 09:34:01 - [TEST_CASE][PASSED] - Test Cases/Mobile/Scenario/Portfolio/017 - Melihat detail mutual fund 3 year: Test Cases/Mobile/Scenario/Portfolio/017 - Melihat detail mutual fund 3 year

2022-01-11 09:34:01 - [TEST_STEP][PASSED] - callTestCase(findTestCase("Mobile/Page/Run App/Run App byID"), [:], STOP_ON_FAILURE): Call Test Case 'Test Cases/Mobile/Page/Run App/Run App byID' successfully

2022-01-11 09:34:01 - [TEST_CASE][PASSED] - Test Cases/Mobile/Page/Run App/Run App byID: Test Cases/Mobile/Page/Run App/Run App byID

2022-01-11 09:34:01 - [TEST_STEP][PASSED] - startApp.OpenApp.startApplication("id.co.miraeasset.sageclub"): startApp.OpenApp.startApplication is PASSED

2022-01-11 09:34:16 - [MESSAGE][PASSED] - Starting app with application ID: 'id.co.miraeasset.sageclub'

2022-01-11 09:34:16 - [MESSAGE][PASSED] - startApp.OpenApp.startApplication is PASSED

2022-01-11 09:34:16 - [MESSAGE][PASSED] - Call Test Case 'Test Cases/Mobile/Page/Run App/Run App byID' successfully

2022-01-11 09:34:16 - [TEST_STEP][PASSED] - callTestCase(findTestCase("Mobile/Page/Portfolio/Portfolio"), ["tab":"mutualfund", "action2":"3 year"], CONTINUE_ON_FAILURE): Call Test Case 'Test Cases/Mobile/Page/Portfolio/Portfolio' successfully

2022-01-11 09:34:16 - [TEST_CASE][PASSED] - Test Cases/Mobile/Page/Portfolio/Portfolio: Test Cases/Mobile/Page/Portfolio/Portfolio

2022-01-11 09:34:16 - [TEST_STEP][PASSED] - callTestCase(findTestCase("Mobile/Page/CheckLogin"), [:], CONTINUE_ON_FAILURE): Call Test Case 'Test Cases/Mobile/Page/CheckLogin' successfully

2022-01-11 09:34:16 - [TEST_CASE][PASSED] - Test Cases/Mobile/Page/CheckLogin: Test Cases/Mobile/Page/CheckLogin

2022-01-11 09:34:16 - [TEST_STEP][PASSED] - loginCheck = verifyElementExist(LOGN_BtnLogin, 5, CONTINUE_ON_FAILURE): Element 'Object Repository/Mobile/Page/Login/Button - Login' is exist

2022-01-11 09:34:18 - [MESSAGE][PASSED] - Element 'Object Repository/Mobile/Page/Login/Button - Login' is exist

2022-01-11 09:34:18 - [TEST_STEP][PASSED] - if (loginCheck): Call Test Case 'Test Cases/Mobile/Page/Login/Login' successfully

2022-01-11 09:34:18 - [TEST_STEP][PASSED] - callTestCase(findTestCase("Mobile/Page/Login/Login"), ["action":"username"], CONTINUE_ON_FAILURE): Call Test Case 'Test Cases/Mobile/Page/Login/Login' successfully

2022-01-11 09:34:18 - [TEST_CASE][PASSED] - Test Cases/Mobile/Page/Login/Login: Test Cases/Mobile/Page/Login/Login

2022-01-11 09:34:18 - [TEST_STEP][PASSED] - delay(2): Delayed 2 second(s)

2022-01-11 09:34:20 - [MESSAGE][PASSED] - Delayed 2 second(s)

2022-01-11 09:34:20 - [TEST_STEP][PASSED] - for ([i = 0, i < 1, (i++)]): null

2022-01-11 09:34:20 - [TEST_STEP][PASSED] - if (action == "username"): null

2022-01-11 09:34:20 - [TEST_STEP][PASSED] - tap(LOGN_EdtUserID, 0): Tapped on element 'Object Repository/Mobile/Page/Login/Input - UserID'

2022-01-11 09:34:20 - [MESSAGE][WARNING] - Timeout '0' is invalid. Using default page load timeout: '60'

2022-01-11 09:34:20 - [MESSAGE][PASSED] - Tapped on element 'Object Repository/Mobile/Page/Login/Input - UserID'

2022-01-11 09:34:20 - [TEST_STEP][PASSED] - delay(1): Delayed 1 second(s)

2022-01-11 09:34:21 - [MESSAGE][PASSED] - Delayed 1 second(s)

2022-01-11 09:34:21 - [TEST_STEP][PASSED] - setText(LOGN_EdtRdyUserID, "anggaaditya", 0): Text 'anggaaditya' has been set to element 'Object Repository/Mobile/Page/Login/Input Rdy - UserID'

2022-01-11 09:34:21 - [MESSAGE][WARNING] - Timeout '0' is invalid. Using default page load timeout: '60'

2022-01-11 09:34:22 - [MESSAGE][PASSED] - Text 'anggaaditya' has been set to element 'Object Repository/Mobile/Page/Login/Input Rdy - UserID'

2022-01-11 09:34:22 - [TEST_STEP][PASSED] - delay(1): Delayed 1 second(s)

2022-01-11 09:34:23 - [MESSAGE][PASSED] - Delayed 1 second(s)

2022-01-11 09:34:23 - [TEST_STEP][PASSED] - hideKeyboard(): Keyboard is hidden

2022-01-11 09:34:27 - [MESSAGE][PASSED] - Keyboard is hidden

2022-01-11 09:34:27 - [TEST_STEP][PASSED] - tap(LOGN_EdtPassword, 0): Tapped on element 'Object Repository/Mobile/Page/Login/Input - Password'

2022-01-11 09:34:27 - [MESSAGE][WARNING] - Timeout '0' is invalid. Using default page load timeout: '60'

2022-01-11 09:34:27 - [MESSAGE][PASSED] - Tapped on element 'Object Repository/Mobile/Page/Login/Input - Password'

2022-01-11 09:34:27 - [TEST_STEP][PASSED] - delay(1): Delayed 1 second(s)

2022-01-11 09:34:28 - [MESSAGE][PASSED] - Delayed 1 second(s)

2022-01-11 09:34:28 - [TEST_STEP][PASSED] - setText(LOGN_EdtRdyPassword, "Shalawa18", 0): Text 'Shalawa18' has been set to element 'Object Repository/Mobile/Page/Login/Input Rdy - Password'

2022-01-11 09:34:28 - [MESSAGE][WARNING] - Timeout '0' is invalid. Using default page load timeout: '60'

2022-01-11 09:34:29 - [MESSAGE][PASSED] - Text 'Shalawa18' has been set to element 'Object Repository/Mobile/Page/Login/Input Rdy - Password'

2022-01-11 09:34:29 - [TEST_STEP][PASSED] - delay(1): Delayed 1 second(s)

2022-01-11 09:34:30 - [MESSAGE][PASSED] - Delayed 1 second(s)

2022-01-11 09:34:30 - [TEST_STEP][PASSED] - hideKeyboard(): Keyboard is hidden

2022-01-11 09:34:37 - [MESSAGE][PASSED] - Keyboard is hidden

2022-01-11 09:34:37 - [TEST_STEP][PASSED] - tap(LOGN_BtnLogin, 0): Tapped on element 'Object Repository/Mobile/Page/Login/Button - Login'

2022-01-11 09:34:37 - [MESSAGE][WARNING] - Timeout '0' is invalid. Using default page load timeout: '60'

2022-01-11 09:34:38 - [MESSAGE][PASSED] - Tapped on element 'Object Repository/Mobile/Page/Login/Button - Login'

2022-01-11 09:34:38 - [TEST_STEP][PASSED] - delay(2): Delayed 2 second(s)

2022-01-11 09:34:40 - [MESSAGE][PASSED] - Delayed 2 second(s)

2022-01-11 09:34:40 - [TEST_STEP][PASSED] - break: null

2022-01-11 09:34:40 - [MESSAGE][PASSED] - Call Test Case 'Test Cases/Mobile/Page/Login/Login' successfully

2022-01-11 09:34:40 - [MESSAGE][PASSED] - Call Test Case 'Test Cases/Mobile/Page/CheckLogin' successfully

2022-01-11 09:34:40 - [TEST_STEP][PASSED] - tap(HOME_MenubarPortfolio, 0): Tapped on element 'Object Repository/Mobile/Page/Home/Menubar - Portfolio'

2022-01-11 09:34:40 - [MESSAGE][WARNING] - Timeout '0' is invalid. Using default page load timeout: '60'

2022-01-11 09:34:43 - [MESSAGE][PASSED] - Tapped on element 'Object Repository/Mobile/Page/Home/Menubar - Portfolio'

2022-01-11 09:34:43 - [TEST_STEP][PASSED] - delay(1): Delayed 1 second(s)

2022-01-11 09:34:44 - [MESSAGE][PASSED] - Delayed 1 second(s)

2022-01-11 09:34:44 - [TEST_STEP][PASSED] - for ([i = 0, i < 1, (i++)]): scroll.scroll.scrollScreenBottomToTop is PASSED

2022-01-11 09:34:44 - [TEST_STEP][PASSED] - if (tab == "summary"): null

2022-01-11 09:34:44 - [TEST_STEP][PASSED] - else if (tab == "stock"): null

2022-01-11 09:34:44 - [TEST_STEP][PASSED] - else if (tab == "mutualfund"): scroll.scroll.scrollScreenBottomToTop is PASSED

2022-01-11 09:34:44 - [TEST_STEP][PASSED] - tap(PORT_TabMutualFund, 0): Tapped on element 'Object Repository/Mobile/Page/Portfolio/Tab - Mutual Fund'

2022-01-11 09:34:44 - [MESSAGE][WARNING] - Timeout '0' is invalid. Using default page load timeout: '60'

2022-01-11 09:34:46 - [MESSAGE][PASSED] - Tapped on element 'Object Repository/Mobile/Page/Portfolio/Tab - Mutual Fund'

2022-01-11 09:34:46 - [TEST_STEP][PASSED] - delay(1): Delayed 1 second(s)

2022-01-11 09:34:47 - [MESSAGE][PASSED] - Delayed 1 second(s)

2022-01-11 09:34:47 - [TEST_STEP][PASSED] - try: scroll.scroll.scrollScreenBottomToTop is PASSED

2022-01-11 09:34:47 - [TEST_STEP][PASSED] - tapAndHold(PORT_ItemTopMutualFund, 1, 10): Tapped and held on element 'Object Repository/Mobile/Page/Portfolio/Item - Top Mutual Fund' with duration 1

2022-01-11 09:34:50 - [MESSAGE][PASSED] - Tapped and held on element 'Object Repository/Mobile/Page/Portfolio/Item - Top Mutual Fund' with duration 1

2022-01-11 09:34:50 - [TEST_STEP][PASSED] - delay(2): Delayed 2 second(s)

2022-01-11 09:34:52 - [MESSAGE][PASSED] - Delayed 2 second(s)

2022-01-11 09:34:52 - [TEST_STEP][PASSED] - switch (action2): null

2022-01-11 09:34:52 - [TEST_STEP][PASSED] - case "3 year":: null

2022-01-11 09:34:52 - [TEST_STEP][PASSED] - tapAndHold(PORT_DETL_Btn3Year, 1, 0): Tapped and held on element 'Object Repository/Mobile/Page/Portfolio/Detail Mutual Funds/Button - 3 Year' with duration 1

2022-01-11 09:34:52 - [MESSAGE][WARNING] - Timeout '0' is invalid. Using default page load timeout: '60'

2022-01-11 09:34:55 - [MESSAGE][PASSED] - Tapped and held on element 'Object Repository/Mobile/Page/Portfolio/Detail Mutual Funds/Button - 3 Year' with duration 1

2022-01-11 09:34:55 - [TEST_STEP][PASSED] - break: null

2022-01-11 09:34:55 - [TEST_STEP][PASSED] - delay(3): Delayed 3 second(s)

2022-01-11 09:34:58 - [MESSAGE][PASSED] - Delayed 3 second(s)

2022-01-11 09:34:58 - [TEST_STEP][PASSED] - scroll.scroll.scrollScreenBottomToTop(): scroll.scroll.scrollScreenBottomToTop is PASSED

2022-01-11 09:34:58 - [MESSAGE][PASSED] - Current device physical height is 1423

2022-01-11 09:34:58 - [MESSAGE][PASSED] - Current device physical width is 720

2022-01-11 09:34:59 - [MESSAGE][PASSED] - Swiped from 360,1,138 to 360,284

2022-01-11 09:34:59 - [MESSAGE][PASSED] - scroll.scroll.scrollScreenBottomToTop is PASSED

2022-01-11 09:34:59 - [MESSAGE][PASSED] - Call Test Case 'Test Cases/Mobile/Page/Portfolio/Portfolio' successfully

2022-01-11 09:34:59 - [TEST_STEP][PASSED] - callTestCase(findTestCase("Mobile/Page/Run App/Terminate App"), [:], STOP_ON_FAILURE): Call Test Case 'Test Cases/Mobile/Page/Run App/Terminate App' successfully

2022-01-11 09:34:59 - [TEST_CASE][PASSED] - Test Cases/Mobile/Page/Run App/Terminate App: Test Cases/Mobile/Page/Run App/Terminate App

2022-01-11 09:34:59 - [TEST_STEP][PASSED] - startApp.OpenApp.terminateApplication(): startApp.OpenApp.terminateApplication is PASSED

2022-01-11 09:35:02 - [MESSAGE][PASSED] - Delayed 3 second(s)

2022-01-11 09:35:03 - [MESSAGE][PASSED] - Current device physical width is 720

2022-01-11 09:35:03 - [MESSAGE][PASSED] - Current device physical height is 1423

2022-01-11 09:35:04 - [MESSAGE][PASSED] - Swiped from 360,853 to 360,142

2022-01-11 09:35:05 - [MESSAGE][PASSED] - Delayed 1 second(s)

2022-01-11 09:35:07 - [MESSAGE][PASSED] - Swiped from 360,853 to 360,142

2022-01-11 09:35:10 - [MESSAGE][PASSED] - Delayed 3 second(s)

2022-01-11 09:35:10 - [MESSAGE][PASSED] - startApp.OpenApp.terminateApplication is PASSED

2022-01-11 09:35:10 - [MESSAGE][PASSED] - Call Test Case 'Test Cases/Mobile/Page/Run App/Terminate App' successfully]]></system-out>
         <system-err><![CDATA[]]></system-err>
      </testcase>
      <testcase name="Test Cases/Mobile/Scenario/Portfolio/018 - Melihat detail mutual fund 5 year" time="66.251" classname="Test Cases/Mobile/Scenario/Portfolio/018 - Melihat detail mutual fund 5 year" status="PASSED">
         <system-out><![CDATA[2022-01-11 09:35:10 - [TEST_CASE][PASSED] - Test Cases/Mobile/Scenario/Portfolio/018 - Melihat detail mutual fund 5 year: Test Cases/Mobile/Scenario/Portfolio/018 - Melihat detail mutual fund 5 year

2022-01-11 09:35:10 - [TEST_STEP][PASSED] - callTestCase(findTestCase("Mobile/Page/Run App/Run App byID"), [:], STOP_ON_FAILURE): Call Test Case 'Test Cases/Mobile/Page/Run App/Run App byID' successfully

2022-01-11 09:35:10 - [TEST_CASE][PASSED] - Test Cases/Mobile/Page/Run App/Run App byID: Test Cases/Mobile/Page/Run App/Run App byID

2022-01-11 09:35:10 - [TEST_STEP][PASSED] - startApp.OpenApp.startApplication("id.co.miraeasset.sageclub"): startApp.OpenApp.startApplication is PASSED

2022-01-11 09:35:24 - [MESSAGE][PASSED] - Starting app with application ID: 'id.co.miraeasset.sageclub'

2022-01-11 09:35:24 - [MESSAGE][PASSED] - startApp.OpenApp.startApplication is PASSED

2022-01-11 09:35:24 - [MESSAGE][PASSED] - Call Test Case 'Test Cases/Mobile/Page/Run App/Run App byID' successfully

2022-01-11 09:35:24 - [TEST_STEP][PASSED] - callTestCase(findTestCase("Mobile/Page/Portfolio/Portfolio"), ["tab":"mutualfund", "action2":"5 year"], CONTINUE_ON_FAILURE): Call Test Case 'Test Cases/Mobile/Page/Portfolio/Portfolio' successfully

2022-01-11 09:35:24 - [TEST_CASE][PASSED] - Test Cases/Mobile/Page/Portfolio/Portfolio: Test Cases/Mobile/Page/Portfolio/Portfolio

2022-01-11 09:35:24 - [TEST_STEP][PASSED] - callTestCase(findTestCase("Mobile/Page/CheckLogin"), [:], CONTINUE_ON_FAILURE): Call Test Case 'Test Cases/Mobile/Page/CheckLogin' successfully

2022-01-11 09:35:24 - [TEST_CASE][PASSED] - Test Cases/Mobile/Page/CheckLogin: Test Cases/Mobile/Page/CheckLogin

2022-01-11 09:35:24 - [TEST_STEP][PASSED] - loginCheck = verifyElementExist(LOGN_BtnLogin, 5, CONTINUE_ON_FAILURE): Element 'Object Repository/Mobile/Page/Login/Button - Login' is exist

2022-01-11 09:35:26 - [MESSAGE][PASSED] - Element 'Object Repository/Mobile/Page/Login/Button - Login' is exist

2022-01-11 09:35:26 - [TEST_STEP][PASSED] - if (loginCheck): Call Test Case 'Test Cases/Mobile/Page/Login/Login' successfully

2022-01-11 09:35:26 - [TEST_STEP][PASSED] - callTestCase(findTestCase("Mobile/Page/Login/Login"), ["action":"username"], CONTINUE_ON_FAILURE): Call Test Case 'Test Cases/Mobile/Page/Login/Login' successfully

2022-01-11 09:35:26 - [TEST_CASE][PASSED] - Test Cases/Mobile/Page/Login/Login: Test Cases/Mobile/Page/Login/Login

2022-01-11 09:35:27 - [TEST_STEP][PASSED] - delay(2): Delayed 2 second(s)

2022-01-11 09:35:29 - [MESSAGE][PASSED] - Delayed 2 second(s)

2022-01-11 09:35:29 - [TEST_STEP][PASSED] - for ([i = 0, i < 1, (i++)]): null

2022-01-11 09:35:29 - [TEST_STEP][PASSED] - if (action == "username"): null

2022-01-11 09:35:29 - [TEST_STEP][PASSED] - tap(LOGN_EdtUserID, 0): Tapped on element 'Object Repository/Mobile/Page/Login/Input - UserID'

2022-01-11 09:35:29 - [MESSAGE][WARNING] - Timeout '0' is invalid. Using default page load timeout: '60'

2022-01-11 09:35:29 - [MESSAGE][PASSED] - Tapped on element 'Object Repository/Mobile/Page/Login/Input - UserID'

2022-01-11 09:35:29 - [TEST_STEP][PASSED] - delay(1): Delayed 1 second(s)

2022-01-11 09:35:30 - [MESSAGE][PASSED] - Delayed 1 second(s)

2022-01-11 09:35:30 - [TEST_STEP][PASSED] - setText(LOGN_EdtRdyUserID, "anggaaditya", 0): Text 'anggaaditya' has been set to element 'Object Repository/Mobile/Page/Login/Input Rdy - UserID'

2022-01-11 09:35:30 - [MESSAGE][WARNING] - Timeout '0' is invalid. Using default page load timeout: '60'

2022-01-11 09:35:31 - [MESSAGE][PASSED] - Text 'anggaaditya' has been set to element 'Object Repository/Mobile/Page/Login/Input Rdy - UserID'

2022-01-11 09:35:31 - [TEST_STEP][PASSED] - delay(1): Delayed 1 second(s)

2022-01-11 09:35:32 - [MESSAGE][PASSED] - Delayed 1 second(s)

2022-01-11 09:35:32 - [TEST_STEP][PASSED] - hideKeyboard(): Keyboard is hidden

2022-01-11 09:35:35 - [MESSAGE][PASSED] - Keyboard is hidden

2022-01-11 09:35:35 - [TEST_STEP][PASSED] - tap(LOGN_EdtPassword, 0): Tapped on element 'Object Repository/Mobile/Page/Login/Input - Password'

2022-01-11 09:35:35 - [MESSAGE][WARNING] - Timeout '0' is invalid. Using default page load timeout: '60'

2022-01-11 09:35:36 - [MESSAGE][PASSED] - Tapped on element 'Object Repository/Mobile/Page/Login/Input - Password'

2022-01-11 09:35:36 - [TEST_STEP][PASSED] - delay(1): Delayed 1 second(s)

2022-01-11 09:35:37 - [MESSAGE][PASSED] - Delayed 1 second(s)

2022-01-11 09:35:37 - [TEST_STEP][PASSED] - setText(LOGN_EdtRdyPassword, "Shalawa18", 0): Text 'Shalawa18' has been set to element 'Object Repository/Mobile/Page/Login/Input Rdy - Password'

2022-01-11 09:35:37 - [MESSAGE][WARNING] - Timeout '0' is invalid. Using default page load timeout: '60'

2022-01-11 09:35:38 - [MESSAGE][PASSED] - Text 'Shalawa18' has been set to element 'Object Repository/Mobile/Page/Login/Input Rdy - Password'

2022-01-11 09:35:38 - [TEST_STEP][PASSED] - delay(1): Delayed 1 second(s)

2022-01-11 09:35:39 - [MESSAGE][PASSED] - Delayed 1 second(s)

2022-01-11 09:35:39 - [TEST_STEP][PASSED] - hideKeyboard(): Keyboard is hidden

2022-01-11 09:35:45 - [MESSAGE][PASSED] - Keyboard is hidden

2022-01-11 09:35:45 - [TEST_STEP][PASSED] - tap(LOGN_BtnLogin, 0): Tapped on element 'Object Repository/Mobile/Page/Login/Button - Login'

2022-01-11 09:35:45 - [MESSAGE][WARNING] - Timeout '0' is invalid. Using default page load timeout: '60'

2022-01-11 09:35:46 - [MESSAGE][PASSED] - Tapped on element 'Object Repository/Mobile/Page/Login/Button - Login'

2022-01-11 09:35:46 - [TEST_STEP][PASSED] - delay(2): Delayed 2 second(s)

2022-01-11 09:35:48 - [MESSAGE][PASSED] - Delayed 2 second(s)

2022-01-11 09:35:48 - [TEST_STEP][PASSED] - break: null

2022-01-11 09:35:48 - [MESSAGE][PASSED] - Call Test Case 'Test Cases/Mobile/Page/Login/Login' successfully

2022-01-11 09:35:48 - [MESSAGE][PASSED] - Call Test Case 'Test Cases/Mobile/Page/CheckLogin' successfully

2022-01-11 09:35:48 - [TEST_STEP][PASSED] - tap(HOME_MenubarPortfolio, 0): Tapped on element 'Object Repository/Mobile/Page/Home/Menubar - Portfolio'

2022-01-11 09:35:48 - [MESSAGE][WARNING] - Timeout '0' is invalid. Using default page load timeout: '60'

2022-01-11 09:35:50 - [MESSAGE][PASSED] - Tapped on element 'Object Repository/Mobile/Page/Home/Menubar - Portfolio'

2022-01-11 09:35:50 - [TEST_STEP][PASSED] - delay(1): Delayed 1 second(s)

2022-01-11 09:35:51 - [MESSAGE][PASSED] - Delayed 1 second(s)

2022-01-11 09:35:51 - [TEST_STEP][PASSED] - for ([i = 0, i < 1, (i++)]): scroll.scroll.scrollScreenBottomToTop is PASSED

2022-01-11 09:35:51 - [TEST_STEP][PASSED] - if (tab == "summary"): null

2022-01-11 09:35:51 - [TEST_STEP][PASSED] - else if (tab == "stock"): null

2022-01-11 09:35:51 - [TEST_STEP][PASSED] - else if (tab == "mutualfund"): scroll.scroll.scrollScreenBottomToTop is PASSED

2022-01-11 09:35:51 - [TEST_STEP][PASSED] - tap(PORT_TabMutualFund, 0): Tapped on element 'Object Repository/Mobile/Page/Portfolio/Tab - Mutual Fund'

2022-01-11 09:35:51 - [MESSAGE][WARNING] - Timeout '0' is invalid. Using default page load timeout: '60'

2022-01-11 09:35:52 - [MESSAGE][PASSED] - Tapped on element 'Object Repository/Mobile/Page/Portfolio/Tab - Mutual Fund'

2022-01-11 09:35:52 - [TEST_STEP][PASSED] - delay(1): Delayed 1 second(s)

2022-01-11 09:35:53 - [MESSAGE][PASSED] - Delayed 1 second(s)

2022-01-11 09:35:53 - [TEST_STEP][PASSED] - try: scroll.scroll.scrollScreenBottomToTop is PASSED

2022-01-11 09:35:53 - [TEST_STEP][PASSED] - tapAndHold(PORT_ItemTopMutualFund, 1, 10): Tapped and held on element 'Object Repository/Mobile/Page/Portfolio/Item - Top Mutual Fund' with duration 1

2022-01-11 09:35:56 - [MESSAGE][PASSED] - Tapped and held on element 'Object Repository/Mobile/Page/Portfolio/Item - Top Mutual Fund' with duration 1

2022-01-11 09:35:56 - [TEST_STEP][PASSED] - delay(2): Delayed 2 second(s)

2022-01-11 09:35:58 - [MESSAGE][PASSED] - Delayed 2 second(s)

2022-01-11 09:35:58 - [TEST_STEP][PASSED] - switch (action2): null

2022-01-11 09:35:58 - [TEST_STEP][PASSED] - case "5 year":: null

2022-01-11 09:35:58 - [TEST_STEP][PASSED] - tapAndHold(PORT_DETL_Btn5Year, 1, 0): Tapped and held on element 'Object Repository/Mobile/Page/Portfolio/Detail Mutual Funds/Button - 5 Year' with duration 1

2022-01-11 09:35:58 - [MESSAGE][WARNING] - Timeout '0' is invalid. Using default page load timeout: '60'

2022-01-11 09:36:01 - [MESSAGE][PASSED] - Tapped and held on element 'Object Repository/Mobile/Page/Portfolio/Detail Mutual Funds/Button - 5 Year' with duration 1

2022-01-11 09:36:01 - [TEST_STEP][PASSED] - break: null

2022-01-11 09:36:01 - [TEST_STEP][PASSED] - delay(3): Delayed 3 second(s)

2022-01-11 09:36:04 - [MESSAGE][PASSED] - Delayed 3 second(s)

2022-01-11 09:36:04 - [TEST_STEP][PASSED] - scroll.scroll.scrollScreenBottomToTop(): scroll.scroll.scrollScreenBottomToTop is PASSED

2022-01-11 09:36:04 - [MESSAGE][PASSED] - Current device physical height is 1423

2022-01-11 09:36:04 - [MESSAGE][PASSED] - Current device physical width is 720

2022-01-11 09:36:06 - [MESSAGE][PASSED] - Swiped from 360,1,138 to 360,284

2022-01-11 09:36:06 - [MESSAGE][PASSED] - scroll.scroll.scrollScreenBottomToTop is PASSED

2022-01-11 09:36:06 - [MESSAGE][PASSED] - Call Test Case 'Test Cases/Mobile/Page/Portfolio/Portfolio' successfully

2022-01-11 09:36:06 - [TEST_STEP][PASSED] - callTestCase(findTestCase("Mobile/Page/Run App/Terminate App"), [:], STOP_ON_FAILURE): Call Test Case 'Test Cases/Mobile/Page/Run App/Terminate App' successfully

2022-01-11 09:36:06 - [TEST_CASE][PASSED] - Test Cases/Mobile/Page/Run App/Terminate App: Test Cases/Mobile/Page/Run App/Terminate App

2022-01-11 09:36:06 - [TEST_STEP][PASSED] - startApp.OpenApp.terminateApplication(): startApp.OpenApp.terminateApplication is PASSED

2022-01-11 09:36:09 - [MESSAGE][PASSED] - Delayed 3 second(s)

2022-01-11 09:36:09 - [MESSAGE][PASSED] - Current device physical width is 720

2022-01-11 09:36:09 - [MESSAGE][PASSED] - Current device physical height is 1423

2022-01-11 09:36:11 - [MESSAGE][PASSED] - Swiped from 360,853 to 360,142

2022-01-11 09:36:12 - [MESSAGE][PASSED] - Delayed 1 second(s)

2022-01-11 09:36:13 - [MESSAGE][PASSED] - Swiped from 360,853 to 360,142

2022-01-11 09:36:16 - [MESSAGE][PASSED] - Delayed 3 second(s)

2022-01-11 09:36:16 - [MESSAGE][PASSED] - startApp.OpenApp.terminateApplication is PASSED

2022-01-11 09:36:16 - [MESSAGE][PASSED] - Call Test Case 'Test Cases/Mobile/Page/Run App/Terminate App' successfully]]></system-out>
         <system-err><![CDATA[]]></system-err>
      </testcase>
      <testcase name="Test Cases/Mobile/Scenario/Portfolio/019 - Melihat detail mutual fund 10 year" time="65.659" classname="Test Cases/Mobile/Scenario/Portfolio/019 - Melihat detail mutual fund 10 year" status="PASSED">
         <system-out><![CDATA[2022-01-11 09:36:16 - [TEST_CASE][PASSED] - Test Cases/Mobile/Scenario/Portfolio/019 - Melihat detail mutual fund 10 year: Test Cases/Mobile/Scenario/Portfolio/019 - Melihat detail mutual fund 10 year

2022-01-11 09:36:16 - [TEST_STEP][PASSED] - callTestCase(findTestCase("Mobile/Page/Run App/Run App byID"), [:], STOP_ON_FAILURE): Call Test Case 'Test Cases/Mobile/Page/Run App/Run App byID' successfully

2022-01-11 09:36:16 - [TEST_CASE][PASSED] - Test Cases/Mobile/Page/Run App/Run App byID: Test Cases/Mobile/Page/Run App/Run App byID

2022-01-11 09:36:16 - [TEST_STEP][PASSED] - startApp.OpenApp.startApplication("id.co.miraeasset.sageclub"): startApp.OpenApp.startApplication is PASSED

2022-01-11 09:36:31 - [MESSAGE][PASSED] - Starting app with application ID: 'id.co.miraeasset.sageclub'

2022-01-11 09:36:31 - [MESSAGE][PASSED] - startApp.OpenApp.startApplication is PASSED

2022-01-11 09:36:31 - [MESSAGE][PASSED] - Call Test Case 'Test Cases/Mobile/Page/Run App/Run App byID' successfully

2022-01-11 09:36:31 - [TEST_STEP][PASSED] - callTestCase(findTestCase("Mobile/Page/Portfolio/Portfolio"), ["tab":"mutualfund", "action2":"10 year"], CONTINUE_ON_FAILURE): Call Test Case 'Test Cases/Mobile/Page/Portfolio/Portfolio' successfully

2022-01-11 09:36:31 - [TEST_CASE][PASSED] - Test Cases/Mobile/Page/Portfolio/Portfolio: Test Cases/Mobile/Page/Portfolio/Portfolio

2022-01-11 09:36:31 - [TEST_STEP][PASSED] - callTestCase(findTestCase("Mobile/Page/CheckLogin"), [:], CONTINUE_ON_FAILURE): Call Test Case 'Test Cases/Mobile/Page/CheckLogin' successfully

2022-01-11 09:36:31 - [TEST_CASE][PASSED] - Test Cases/Mobile/Page/CheckLogin: Test Cases/Mobile/Page/CheckLogin

2022-01-11 09:36:31 - [TEST_STEP][PASSED] - loginCheck = verifyElementExist(LOGN_BtnLogin, 5, CONTINUE_ON_FAILURE): Element 'Object Repository/Mobile/Page/Login/Button - Login' is exist

2022-01-11 09:36:33 - [MESSAGE][PASSED] - Element 'Object Repository/Mobile/Page/Login/Button - Login' is exist

2022-01-11 09:36:33 - [TEST_STEP][PASSED] - if (loginCheck): Call Test Case 'Test Cases/Mobile/Page/Login/Login' successfully

2022-01-11 09:36:33 - [TEST_STEP][PASSED] - callTestCase(findTestCase("Mobile/Page/Login/Login"), ["action":"username"], CONTINUE_ON_FAILURE): Call Test Case 'Test Cases/Mobile/Page/Login/Login' successfully

2022-01-11 09:36:33 - [TEST_CASE][PASSED] - Test Cases/Mobile/Page/Login/Login: Test Cases/Mobile/Page/Login/Login

2022-01-11 09:36:33 - [TEST_STEP][PASSED] - delay(2): Delayed 2 second(s)

2022-01-11 09:36:35 - [MESSAGE][PASSED] - Delayed 2 second(s)

2022-01-11 09:36:35 - [TEST_STEP][PASSED] - for ([i = 0, i < 1, (i++)]): null

2022-01-11 09:36:35 - [TEST_STEP][PASSED] - if (action == "username"): null

2022-01-11 09:36:35 - [TEST_STEP][PASSED] - tap(LOGN_EdtUserID, 0): Tapped on element 'Object Repository/Mobile/Page/Login/Input - UserID'

2022-01-11 09:36:35 - [MESSAGE][WARNING] - Timeout '0' is invalid. Using default page load timeout: '60'

2022-01-11 09:36:36 - [MESSAGE][PASSED] - Tapped on element 'Object Repository/Mobile/Page/Login/Input - UserID'

2022-01-11 09:36:36 - [TEST_STEP][PASSED] - delay(1): Delayed 1 second(s)

2022-01-11 09:36:37 - [MESSAGE][PASSED] - Delayed 1 second(s)

2022-01-11 09:36:37 - [TEST_STEP][PASSED] - setText(LOGN_EdtRdyUserID, "anggaaditya", 0): Text 'anggaaditya' has been set to element 'Object Repository/Mobile/Page/Login/Input Rdy - UserID'

2022-01-11 09:36:37 - [MESSAGE][WARNING] - Timeout '0' is invalid. Using default page load timeout: '60'

2022-01-11 09:36:37 - [MESSAGE][PASSED] - Text 'anggaaditya' has been set to element 'Object Repository/Mobile/Page/Login/Input Rdy - UserID'

2022-01-11 09:36:37 - [TEST_STEP][PASSED] - delay(1): Delayed 1 second(s)

2022-01-11 09:36:38 - [MESSAGE][PASSED] - Delayed 1 second(s)

2022-01-11 09:36:38 - [TEST_STEP][PASSED] - hideKeyboard(): Keyboard is hidden

2022-01-11 09:36:42 - [MESSAGE][PASSED] - Keyboard is hidden

2022-01-11 09:36:42 - [TEST_STEP][PASSED] - tap(LOGN_EdtPassword, 0): Tapped on element 'Object Repository/Mobile/Page/Login/Input - Password'

2022-01-11 09:36:42 - [MESSAGE][WARNING] - Timeout '0' is invalid. Using default page load timeout: '60'

2022-01-11 09:36:43 - [MESSAGE][PASSED] - Tapped on element 'Object Repository/Mobile/Page/Login/Input - Password'

2022-01-11 09:36:43 - [TEST_STEP][PASSED] - delay(1): Delayed 1 second(s)

2022-01-11 09:36:44 - [MESSAGE][PASSED] - Delayed 1 second(s)

2022-01-11 09:36:44 - [TEST_STEP][PASSED] - setText(LOGN_EdtRdyPassword, "Shalawa18", 0): Text 'Shalawa18' has been set to element 'Object Repository/Mobile/Page/Login/Input Rdy - Password'

2022-01-11 09:36:44 - [MESSAGE][WARNING] - Timeout '0' is invalid. Using default page load timeout: '60'

2022-01-11 09:36:44 - [MESSAGE][PASSED] - Text 'Shalawa18' has been set to element 'Object Repository/Mobile/Page/Login/Input Rdy - Password'

2022-01-11 09:36:44 - [TEST_STEP][PASSED] - delay(1): Delayed 1 second(s)

2022-01-11 09:36:45 - [MESSAGE][PASSED] - Delayed 1 second(s)

2022-01-11 09:36:45 - [TEST_STEP][PASSED] - hideKeyboard(): Keyboard is hidden

2022-01-11 09:36:52 - [MESSAGE][PASSED] - Keyboard is hidden

2022-01-11 09:36:52 - [TEST_STEP][PASSED] - tap(LOGN_BtnLogin, 0): Tapped on element 'Object Repository/Mobile/Page/Login/Button - Login'

2022-01-11 09:36:52 - [MESSAGE][WARNING] - Timeout '0' is invalid. Using default page load timeout: '60'

2022-01-11 09:36:53 - [MESSAGE][PASSED] - Tapped on element 'Object Repository/Mobile/Page/Login/Button - Login'

2022-01-11 09:36:53 - [TEST_STEP][PASSED] - delay(2): Delayed 2 second(s)

2022-01-11 09:36:55 - [MESSAGE][PASSED] - Delayed 2 second(s)

2022-01-11 09:36:55 - [TEST_STEP][PASSED] - break: null

2022-01-11 09:36:55 - [MESSAGE][PASSED] - Call Test Case 'Test Cases/Mobile/Page/Login/Login' successfully

2022-01-11 09:36:55 - [MESSAGE][PASSED] - Call Test Case 'Test Cases/Mobile/Page/CheckLogin' successfully

2022-01-11 09:36:55 - [TEST_STEP][PASSED] - tap(HOME_MenubarPortfolio, 0): Tapped on element 'Object Repository/Mobile/Page/Home/Menubar - Portfolio'

2022-01-11 09:36:55 - [MESSAGE][WARNING] - Timeout '0' is invalid. Using default page load timeout: '60'

2022-01-11 09:36:56 - [MESSAGE][PASSED] - Tapped on element 'Object Repository/Mobile/Page/Home/Menubar - Portfolio'

2022-01-11 09:36:56 - [TEST_STEP][PASSED] - delay(1): Delayed 1 second(s)

2022-01-11 09:36:57 - [MESSAGE][PASSED] - Delayed 1 second(s)

2022-01-11 09:36:57 - [TEST_STEP][PASSED] - for ([i = 0, i < 1, (i++)]): scroll.scroll.scrollScreenBottomToTop is PASSED

2022-01-11 09:36:57 - [TEST_STEP][PASSED] - if (tab == "summary"): null

2022-01-11 09:36:57 - [TEST_STEP][PASSED] - else if (tab == "stock"): null

2022-01-11 09:36:57 - [TEST_STEP][PASSED] - else if (tab == "mutualfund"): scroll.scroll.scrollScreenBottomToTop is PASSED

2022-01-11 09:36:57 - [TEST_STEP][PASSED] - tap(PORT_TabMutualFund, 0): Tapped on element 'Object Repository/Mobile/Page/Portfolio/Tab - Mutual Fund'

2022-01-11 09:36:57 - [MESSAGE][WARNING] - Timeout '0' is invalid. Using default page load timeout: '60'

2022-01-11 09:36:57 - [MESSAGE][PASSED] - Tapped on element 'Object Repository/Mobile/Page/Portfolio/Tab - Mutual Fund'

2022-01-11 09:36:57 - [TEST_STEP][PASSED] - delay(1): Delayed 1 second(s)

2022-01-11 09:36:58 - [MESSAGE][PASSED] - Delayed 1 second(s)

2022-01-11 09:36:58 - [TEST_STEP][PASSED] - try: scroll.scroll.scrollScreenBottomToTop is PASSED

2022-01-11 09:36:58 - [TEST_STEP][PASSED] - tapAndHold(PORT_ItemTopMutualFund, 1, 10): Tapped and held on element 'Object Repository/Mobile/Page/Portfolio/Item - Top Mutual Fund' with duration 1

2022-01-11 09:37:01 - [MESSAGE][PASSED] - Tapped and held on element 'Object Repository/Mobile/Page/Portfolio/Item - Top Mutual Fund' with duration 1

2022-01-11 09:37:01 - [TEST_STEP][PASSED] - delay(2): Delayed 2 second(s)

2022-01-11 09:37:03 - [MESSAGE][PASSED] - Delayed 2 second(s)

2022-01-11 09:37:03 - [TEST_STEP][PASSED] - switch (action2): null

2022-01-11 09:37:03 - [TEST_STEP][PASSED] - case "10 year":: null

2022-01-11 09:37:03 - [TEST_STEP][PASSED] - tapAndHold(PORT_DETL_Btn10Year, 1, 0): Tapped and held on element 'Object Repository/Mobile/Page/Portfolio/Detail Mutual Funds/Button - 10 Year' with duration 1

2022-01-11 09:37:03 - [MESSAGE][WARNING] - Timeout '0' is invalid. Using default page load timeout: '60'

2022-01-11 09:37:06 - [MESSAGE][PASSED] - Tapped and held on element 'Object Repository/Mobile/Page/Portfolio/Detail Mutual Funds/Button - 10 Year' with duration 1

2022-01-11 09:37:06 - [TEST_STEP][PASSED] - break: null

2022-01-11 09:37:06 - [TEST_STEP][PASSED] - delay(3): Delayed 3 second(s)

2022-01-11 09:37:09 - [MESSAGE][PASSED] - Delayed 3 second(s)

2022-01-11 09:37:09 - [TEST_STEP][PASSED] - scroll.scroll.scrollScreenBottomToTop(): scroll.scroll.scrollScreenBottomToTop is PASSED

2022-01-11 09:37:10 - [MESSAGE][PASSED] - Current device physical height is 1423

2022-01-11 09:37:10 - [MESSAGE][PASSED] - Current device physical width is 720

2022-01-11 09:37:11 - [MESSAGE][PASSED] - Swiped from 360,1,138 to 360,284

2022-01-11 09:37:11 - [MESSAGE][PASSED] - scroll.scroll.scrollScreenBottomToTop is PASSED

2022-01-11 09:37:11 - [MESSAGE][PASSED] - Call Test Case 'Test Cases/Mobile/Page/Portfolio/Portfolio' successfully

2022-01-11 09:37:11 - [TEST_STEP][PASSED] - callTestCase(findTestCase("Mobile/Page/Run App/Terminate App"), [:], STOP_ON_FAILURE): Call Test Case 'Test Cases/Mobile/Page/Run App/Terminate App' successfully

2022-01-11 09:37:11 - [TEST_CASE][PASSED] - Test Cases/Mobile/Page/Run App/Terminate App: Test Cases/Mobile/Page/Run App/Terminate App

2022-01-11 09:37:11 - [TEST_STEP][PASSED] - startApp.OpenApp.terminateApplication(): startApp.OpenApp.terminateApplication is PASSED

2022-01-11 09:37:14 - [MESSAGE][PASSED] - Delayed 3 second(s)

2022-01-11 09:37:15 - [MESSAGE][PASSED] - Current device physical width is 720

2022-01-11 09:37:15 - [MESSAGE][PASSED] - Current device physical height is 1423

2022-01-11 09:37:16 - [MESSAGE][PASSED] - Swiped from 360,853 to 360,142

2022-01-11 09:37:17 - [MESSAGE][PASSED] - Delayed 1 second(s)

2022-01-11 09:37:19 - [MESSAGE][PASSED] - Swiped from 360,853 to 360,142

2022-01-11 09:37:22 - [MESSAGE][PASSED] - Delayed 3 second(s)

2022-01-11 09:37:22 - [MESSAGE][PASSED] - startApp.OpenApp.terminateApplication is PASSED

2022-01-11 09:37:22 - [MESSAGE][PASSED] - Call Test Case 'Test Cases/Mobile/Page/Run App/Terminate App' successfully]]></system-out>
         <system-err><![CDATA[]]></system-err>
      </testcase>
      <system-out><![CDATA[2022-01-11 09:16:34 - [TEST_SUITE][PASSED] - portfolio: Test Cases/Mobile/Scenario/Portfolio/019 - Melihat detail mutual fund 10 year]]></system-out>
      <system-err><![CDATA[]]></system-err>
   </testsuite>
</testsuites>
