<?xml version="1.0" encoding="UTF-8"?>
<testsuites name="news" time="356.329" tests="5" failures="0" skips="0" errors="0">
   <testsuite name="news" tests="5" failures="0" errors="0" time="356.329" skips="0" timestamp="2022-03-07 14:07:07" hostname="Owner - aldy-tft" id="Test Suites/news">
      <properties>
         <property name="deviceName" value="samsung SM-A205F (Android 11)"/>
         <property name="devicePlatform" value=""/>
         <property name="logFolder" value="C:\\Users\\Owner\\Documents\\kerjaan\\KatalonProject\\qa_katalon_pwm\\qa_katalon_pwm\\Reports\\20220307_135803\\news\\20220307_135811"/>
         <property name="logFiles" value="C:\\Users\\Owner\\Documents\\kerjaan\\KatalonProject\\qa_katalon_pwm\\qa_katalon_pwm\\Reports\\20220307_135803\\news\\20220307_135811\\appium.log, C:\\Users\\Owner\\Documents\\kerjaan\\KatalonProject\\qa_katalon_pwm\\qa_katalon_pwm\\Reports\\20220307_135803\\news\\20220307_135811\\execution0.log"/>
         <property name="attachments" value=""/>
         <property name="hostName" value="Owner - aldy-tft"/>
         <property name="os" value="Windows 10 64bit"/>
         <property name="appiumServerStatus" value="{&quot;value&quot;:{&quot;build&quot;:{&quot;version&quot;:&quot;1.22.0&quot;}},&quot;sessionId&quot;:null,&quot;status&quot;:0}"/>
         <property name="katalonVersion" value="7.9.1.208"/>
         <property name="deviceOS" value="Android"/>
         <property name="appiumVersion" value="1.22.0"/>
         <property name="deviceModel" value="SM-A205F"/>
         <property name="hostAddress" value="192.168.116.52"/>
         <property name="deviceManufacturer" value="samsung"/>
         <property name="deviceId" value="RR8M40C9AXE"/>
         <property name="deviceName" value="samsung SM-A205F (Android 11)"/>
         <property name="deviceOSVersion" value="11"/>
      </properties>
      <testcase name="Test Cases/Mobile/Scenario/News/001 - News World Indices" time="98.253" classname="Test Cases/Mobile/Scenario/News/001 - News World Indices" status="PASSED">
         <system-out><![CDATA[2022-03-07 14:07:09 - [TEST_CASE][PASSED] - Test Cases/Mobile/Scenario/News/001 - News World Indices: Test Cases/Mobile/Scenario/News/001 - News World Indices

2022-03-07 14:07:09 - [TEST_STEP][PASSED] - callTestCase(findTestCase("Mobile/Page/Run App/Run App byID"), [:], STOP_ON_FAILURE): Call Test Case 'Test Cases/Mobile/Page/Run App/Run App byID' successfully

2022-03-07 14:07:10 - [TEST_CASE][PASSED] - Test Cases/Mobile/Page/Run App/Run App byID: Test Cases/Mobile/Page/Run App/Run App byID

2022-03-07 14:07:10 - [TEST_STEP][PASSED] - startApp.OpenApp.startApplication("id.co.miraeasset.sageclub"): startApp.OpenApp.startApplication is PASSED

2022-03-07 14:07:13 - [MESSAGE][INFO] - Appium server started on port 63,953

2022-03-07 14:07:29 - [MESSAGE][PASSED] - Starting app with application ID: 'id.co.miraeasset.sageclub'

2022-03-07 14:07:29 - [MESSAGE][PASSED] - startApp.OpenApp.startApplication is PASSED

2022-03-07 14:07:29 - [MESSAGE][PASSED] - Call Test Case 'Test Cases/Mobile/Page/Run App/Run App byID' successfully

2022-03-07 14:07:29 - [TEST_STEP][PASSED] - callTestCase(findTestCase("Mobile/Page/News/News"), ["tab":"worldindices"], CONTINUE_ON_FAILURE): Call Test Case 'Test Cases/Mobile/Page/News/News' successfully

2022-03-07 14:07:29 - [TEST_CASE][PASSED] - Test Cases/Mobile/Page/News/News: Test Cases/Mobile/Page/News/News

2022-03-07 14:07:30 - [TEST_STEP][PASSED] - callTestCase(findTestCase("Mobile/Page/CheckLogin"), [:], CONTINUE_ON_FAILURE): Call Test Case 'Test Cases/Mobile/Page/CheckLogin' successfully

2022-03-07 14:07:30 - [TEST_CASE][PASSED] - Test Cases/Mobile/Page/CheckLogin: Test Cases/Mobile/Page/CheckLogin

2022-03-07 14:07:31 - [TEST_STEP][PASSED] - loginCheck = verifyElementExist(LOGN_BtnLogin, 5, CONTINUE_ON_FAILURE): Element 'Object Repository/Mobile/Page/Login/Button - Login' is exist

2022-03-07 14:07:31 - [MESSAGE][WARNING] - Test object with id 'Object Repository/Mobile/Page/Analysis/Button - Open With Just Once' does not exist

2022-03-07 14:07:31 - [MESSAGE][WARNING] - Test object with id 'Object Repository/Mobile/Page/Analysis/Button - Search' does not exist

2022-03-07 14:07:33 - [MESSAGE][WARNING] - Test object with id 'Object Repository/Mobile/Page/Home/Button -  Add Watchlist' does not exist

2022-03-07 14:07:33 - [MESSAGE][WARNING] - Test object with id 'Object Repository/Mobile/Page/Home/Button - Open with Just Once' does not exist

2022-03-07 14:07:33 - [MESSAGE][WARNING] - Test object with id 'Object Repository/Mobile/Page/Home/Container - Notification' does not exist

2022-03-07 14:07:34 - [MESSAGE][WARNING] - Test object with id 'Object Repository/Mobile/Page/Home/Watchlist/Input - Search' does not exist

2022-03-07 14:07:34 - [MESSAGE][WARNING] - Test object with id 'Object Repository/Mobile/Page/Home/Watchlist/Item - Top Search' does not exist

2022-03-07 14:07:35 - [MESSAGE][WARNING] - Test object with id 'Object Repository/Mobile/Page/Home/Watchlist/Detail Watchlist/Input - Expiry Date' does not exist

2022-03-07 14:07:35 - [MESSAGE][WARNING] - Test object with id 'Object Repository/Mobile/Page/Home/Watchlist/Detail Watchlist/Item - Watchlist' does not exist

2022-03-07 14:07:36 - [MESSAGE][WARNING] - Test object with id 'Object Repository/Mobile/Page/NavigationMenu/Button - Open Just Once' does not exist

2022-03-07 14:07:36 - [MESSAGE][WARNING] - Test object with id 'Object Repository/Mobile/Page/NavigationMenu/Container - Logout' does not exist

2022-03-07 14:07:42 - [MESSAGE][WARNING] - Test object with id 'Object Repository/Mobile/Page/Analysis/Button - Open With Just Once' does not exist

2022-03-07 14:07:42 - [MESSAGE][WARNING] - Test object with id 'Object Repository/Mobile/Page/Analysis/Button - Search' does not exist

2022-03-07 14:07:45 - [MESSAGE][WARNING] - Test object with id 'Object Repository/Mobile/Page/Home/Button -  Add Watchlist' does not exist

2022-03-07 14:07:45 - [MESSAGE][WARNING] - Test object with id 'Object Repository/Mobile/Page/Home/Button - Open with Just Once' does not exist

2022-03-07 14:07:45 - [MESSAGE][WARNING] - Test object with id 'Object Repository/Mobile/Page/Home/Container - Notification' does not exist

2022-03-07 14:07:46 - [MESSAGE][WARNING] - Test object with id 'Object Repository/Mobile/Page/Home/Watchlist/Input - Search' does not exist

2022-03-07 14:07:46 - [MESSAGE][WARNING] - Test object with id 'Object Repository/Mobile/Page/Home/Watchlist/Item - Top Search' does not exist

2022-03-07 14:07:46 - [MESSAGE][WARNING] - Test object with id 'Object Repository/Mobile/Page/Home/Watchlist/Detail Watchlist/Input - Expiry Date' does not exist

2022-03-07 14:07:46 - [MESSAGE][WARNING] - Test object with id 'Object Repository/Mobile/Page/Home/Watchlist/Detail Watchlist/Item - Watchlist' does not exist

2022-03-07 14:07:47 - [MESSAGE][WARNING] - Test object with id 'Object Repository/Mobile/Page/NavigationMenu/Button - Open Just Once' does not exist

2022-03-07 14:07:47 - [MESSAGE][WARNING] - Test object with id 'Object Repository/Mobile/Page/NavigationMenu/Container - Logout' does not exist

2022-03-07 14:07:54 - [MESSAGE][PASSED] - Element 'Object Repository/Mobile/Page/Login/Button - Login' is exist

2022-03-07 14:07:54 - [TEST_STEP][PASSED] - if (loginCheck): Call Test Case 'Test Cases/Mobile/Page/Login/Login' successfully

2022-03-07 14:07:54 - [TEST_STEP][PASSED] - callTestCase(findTestCase("Mobile/Page/Login/Login"), ["action":"username"], CONTINUE_ON_FAILURE): Call Test Case 'Test Cases/Mobile/Page/Login/Login' successfully

2022-03-07 14:07:54 - [TEST_CASE][PASSED] - Test Cases/Mobile/Page/Login/Login: Test Cases/Mobile/Page/Login/Login

2022-03-07 14:07:55 - [TEST_STEP][PASSED] - delay(2): Delayed 2 second(s)

2022-03-07 14:07:57 - [MESSAGE][PASSED] - Delayed 2 second(s)

2022-03-07 14:07:57 - [TEST_STEP][PASSED] - for ([i = 0, i < 1, (i++)]): null

2022-03-07 14:07:57 - [TEST_STEP][PASSED] - if (action == "username"): null

2022-03-07 14:07:57 - [TEST_STEP][PASSED] - tap(LOGN_EdtUserID, 0): Tapped on element 'Object Repository/Mobile/Page/Login/Input - UserID'

2022-03-07 14:07:57 - [MESSAGE][WARNING] - Timeout '0' is invalid. Using default page load timeout: '60'

2022-03-07 14:07:57 - [MESSAGE][PASSED] - Tapped on element 'Object Repository/Mobile/Page/Login/Input - UserID'

2022-03-07 14:07:57 - [TEST_STEP][PASSED] - delay(1): Delayed 1 second(s)

2022-03-07 14:07:58 - [MESSAGE][PASSED] - Delayed 1 second(s)

2022-03-07 14:07:58 - [TEST_STEP][PASSED] - setText(LOGN_EdtRdyUserID, "anggaaditya", 0): Text 'anggaaditya' has been set to element 'Object Repository/Mobile/Page/Login/Input Rdy - UserID'

2022-03-07 14:07:58 - [MESSAGE][WARNING] - Timeout '0' is invalid. Using default page load timeout: '60'

2022-03-07 14:07:59 - [MESSAGE][PASSED] - Text 'anggaaditya' has been set to element 'Object Repository/Mobile/Page/Login/Input Rdy - UserID'

2022-03-07 14:07:59 - [TEST_STEP][PASSED] - delay(1): Delayed 1 second(s)

2022-03-07 14:08:00 - [MESSAGE][PASSED] - Delayed 1 second(s)

2022-03-07 14:08:00 - [TEST_STEP][PASSED] - hideKeyboard(): Keyboard is hidden

2022-03-07 14:08:03 - [MESSAGE][PASSED] - Keyboard is hidden

2022-03-07 14:08:03 - [TEST_STEP][PASSED] - tap(LOGN_EdtPassword, 0): Tapped on element 'Object Repository/Mobile/Page/Login/Input - Password'

2022-03-07 14:08:03 - [MESSAGE][WARNING] - Timeout '0' is invalid. Using default page load timeout: '60'

2022-03-07 14:08:03 - [MESSAGE][PASSED] - Tapped on element 'Object Repository/Mobile/Page/Login/Input - Password'

2022-03-07 14:08:03 - [TEST_STEP][PASSED] - delay(1): Delayed 1 second(s)

2022-03-07 14:08:04 - [MESSAGE][PASSED] - Delayed 1 second(s)

2022-03-07 14:08:04 - [TEST_STEP][PASSED] - setText(LOGN_EdtRdyPassword, "Shalawa18", 0): Text 'Shalawa18' has been set to element 'Object Repository/Mobile/Page/Login/Input Rdy - Password'

2022-03-07 14:08:04 - [MESSAGE][WARNING] - Timeout '0' is invalid. Using default page load timeout: '60'

2022-03-07 14:08:05 - [MESSAGE][PASSED] - Text 'Shalawa18' has been set to element 'Object Repository/Mobile/Page/Login/Input Rdy - Password'

2022-03-07 14:08:05 - [TEST_STEP][PASSED] - delay(1): Delayed 1 second(s)

2022-03-07 14:08:06 - [MESSAGE][PASSED] - Delayed 1 second(s)

2022-03-07 14:08:06 - [TEST_STEP][PASSED] - hideKeyboard(): Keyboard is hidden

2022-03-07 14:08:13 - [MESSAGE][PASSED] - Keyboard is hidden

2022-03-07 14:08:13 - [TEST_STEP][PASSED] - tap(LOGN_BtnLogin, 0): Tapped on element 'Object Repository/Mobile/Page/Login/Button - Login'

2022-03-07 14:08:13 - [MESSAGE][WARNING] - Timeout '0' is invalid. Using default page load timeout: '60'

2022-03-07 14:08:13 - [MESSAGE][PASSED] - Tapped on element 'Object Repository/Mobile/Page/Login/Button - Login'

2022-03-07 14:08:13 - [TEST_STEP][PASSED] - delay(2): Delayed 2 second(s)

2022-03-07 14:08:15 - [MESSAGE][PASSED] - Delayed 2 second(s)

2022-03-07 14:08:15 - [TEST_STEP][PASSED] - break: null

2022-03-07 14:08:15 - [MESSAGE][PASSED] - Call Test Case 'Test Cases/Mobile/Page/Login/Login' successfully

2022-03-07 14:08:15 - [MESSAGE][PASSED] - Call Test Case 'Test Cases/Mobile/Page/CheckLogin' successfully

2022-03-07 14:08:15 - [TEST_STEP][PASSED] - tap(HOME_MenubarNews, 0): Tapped on element 'Object Repository/Mobile/Page/Home/Menubar - News'

2022-03-07 14:08:15 - [MESSAGE][WARNING] - Timeout '0' is invalid. Using default page load timeout: '60'

2022-03-07 14:08:17 - [MESSAGE][PASSED] - Tapped on element 'Object Repository/Mobile/Page/Home/Menubar - News'

2022-03-07 14:08:17 - [TEST_STEP][PASSED] - delay(1): Delayed 1 second(s)

2022-03-07 14:08:18 - [MESSAGE][PASSED] - Delayed 1 second(s)

2022-03-07 14:08:18 - [TEST_STEP][PASSED] - for ([i = 0, i < 1, (i++)]): null

2022-03-07 14:08:18 - [TEST_STEP][PASSED] - if (tab == "macronews"): null

2022-03-07 14:08:18 - [TEST_STEP][PASSED] - else if (tab == "stocknews"): null

2022-03-07 14:08:18 - [TEST_STEP][PASSED] - else if (tab == "fundnews"): null

2022-03-07 14:08:18 - [TEST_STEP][PASSED] - else if (tab == "bondnews"): null

2022-03-07 14:08:18 - [TEST_STEP][PASSED] - else if (tab == "worldindices"): Delayed 3 second(s)

2022-03-07 14:08:18 - [TEST_STEP][PASSED] - scroll.scroll.scrollScreenRightToLeft(NEWS_TabMacro): scroll.scroll.scrollScreenRightToLeft is PASSED

2022-03-07 14:08:18 - [MESSAGE][WARNING] - Timeout '0' is invalid. Using default page load timeout: '60'

2022-03-07 14:08:19 - [MESSAGE][PASSED] - Object 'Object Repository/Mobile/Page/News/Tab - Macro' has left position '14'

2022-03-07 14:08:19 - [MESSAGE][WARNING] - Timeout '0' is invalid. Using default page load timeout: '60'

2022-03-07 14:08:19 - [MESSAGE][PASSED] - Object 'Object Repository/Mobile/Page/News/Tab - Macro' has top position '245'

2022-03-07 14:08:19 - [MESSAGE][WARNING] - Timeout '0' is invalid. Using default page load timeout: '60'

2022-03-07 14:08:19 - [MESSAGE][PASSED] - Object 'Object Repository/Mobile/Page/News/Tab - Macro' has width: '215'

2022-03-07 14:08:19 - [MESSAGE][WARNING] - Timeout '0' is invalid. Using default page load timeout: '60'

2022-03-07 14:08:19 - [MESSAGE][PASSED] - Object 'Object Repository/Mobile/Page/News/Tab - Macro' has height: '84'

2022-03-07 14:08:19 - [MESSAGE][PASSED] - Current device physical width is 720

2022-03-07 14:08:21 - [MESSAGE][PASSED] - Swiped from 620,287 to 100,287

2022-03-07 14:08:21 - [MESSAGE][PASSED] - scroll.scroll.scrollScreenRightToLeft is PASSED

2022-03-07 14:08:21 - [TEST_STEP][PASSED] - delay(1): Delayed 1 second(s)

2022-03-07 14:08:22 - [MESSAGE][PASSED] - Delayed 1 second(s)

2022-03-07 14:08:22 - [TEST_STEP][PASSED] - tap(NEWS_TabWorldIndices, 0): Tapped on element 'Object Repository/Mobile/Page/News/Tab - World Indices'

2022-03-07 14:08:22 - [MESSAGE][WARNING] - Timeout '0' is invalid. Using default page load timeout: '60'

2022-03-07 14:08:23 - [MESSAGE][PASSED] - Tapped on element 'Object Repository/Mobile/Page/News/Tab - World Indices'

2022-03-07 14:08:23 - [TEST_STEP][PASSED] - delay(1): Delayed 1 second(s)

2022-03-07 14:08:24 - [MESSAGE][PASSED] - Delayed 1 second(s)

2022-03-07 14:08:24 - [TEST_STEP][PASSED] - tap(NEWS_BtnIndices, 0): Tapped on element 'Object Repository/Mobile/Page/News/Button - Indices'

2022-03-07 14:08:24 - [MESSAGE][WARNING] - Timeout '0' is invalid. Using default page load timeout: '60'

2022-03-07 14:08:25 - [MESSAGE][PASSED] - Tapped on element 'Object Repository/Mobile/Page/News/Button - Indices'

2022-03-07 14:08:25 - [TEST_STEP][PASSED] - delay(3): Delayed 3 second(s)

2022-03-07 14:08:28 - [MESSAGE][PASSED] - Delayed 3 second(s)

2022-03-07 14:08:28 - [TEST_STEP][PASSED] - tap(NEWS_BtnCurrencies, 0): Tapped on element 'Object Repository/Mobile/Page/News/Button - Currencies'

2022-03-07 14:08:28 - [MESSAGE][WARNING] - Timeout '0' is invalid. Using default page load timeout: '60'

2022-03-07 14:08:29 - [MESSAGE][PASSED] - Tapped on element 'Object Repository/Mobile/Page/News/Button - Currencies'

2022-03-07 14:08:29 - [TEST_STEP][PASSED] - delay(3): Delayed 3 second(s)

2022-03-07 14:08:32 - [MESSAGE][PASSED] - Delayed 3 second(s)

2022-03-07 14:08:32 - [TEST_STEP][PASSED] - tap(NEWS_BtnCommodities, 0): Tapped on element 'Object Repository/Mobile/Page/News/Button - Commodities'

2022-03-07 14:08:32 - [MESSAGE][WARNING] - Timeout '0' is invalid. Using default page load timeout: '60'

2022-03-07 14:08:32 - [MESSAGE][PASSED] - Tapped on element 'Object Repository/Mobile/Page/News/Button - Commodities'

2022-03-07 14:08:32 - [TEST_STEP][PASSED] - delay(3): Delayed 3 second(s)

2022-03-07 14:08:35 - [MESSAGE][PASSED] - Delayed 3 second(s)

2022-03-07 14:08:35 - [TEST_STEP][PASSED] - delay(1): Delayed 1 second(s)

2022-03-07 14:08:36 - [MESSAGE][PASSED] - Delayed 1 second(s)

2022-03-07 14:08:36 - [TEST_STEP][PASSED] - if (tab != "worldindices"): null

2022-03-07 14:08:36 - [MESSAGE][PASSED] - Call Test Case 'Test Cases/Mobile/Page/News/News' successfully

2022-03-07 14:08:36 - [TEST_STEP][PASSED] - callTestCase(findTestCase("Mobile/Page/Run App/Terminate App"), [:], STOP_ON_FAILURE): Call Test Case 'Test Cases/Mobile/Page/Run App/Terminate App' successfully

2022-03-07 14:08:36 - [TEST_CASE][PASSED] - Test Cases/Mobile/Page/Run App/Terminate App: Test Cases/Mobile/Page/Run App/Terminate App

2022-03-07 14:08:37 - [TEST_STEP][PASSED] - startApp.OpenApp.terminateApplication(): startApp.OpenApp.terminateApplication is PASSED

2022-03-07 14:08:40 - [MESSAGE][PASSED] - Delayed 3 second(s)

2022-03-07 14:08:40 - [MESSAGE][PASSED] - Current device physical width is 720

2022-03-07 14:08:40 - [MESSAGE][PASSED] - Current device physical height is 1423

2022-03-07 14:08:42 - [MESSAGE][PASSED] - Swiped from 360,853 to 360,142

2022-03-07 14:08:43 - [MESSAGE][PASSED] - Delayed 1 second(s)

2022-03-07 14:08:44 - [MESSAGE][PASSED] - Swiped from 360,853 to 360,142

2022-03-07 14:08:47 - [MESSAGE][PASSED] - Delayed 3 second(s)

2022-03-07 14:08:47 - [MESSAGE][PASSED] - startApp.OpenApp.terminateApplication is PASSED

2022-03-07 14:08:47 - [MESSAGE][PASSED] - Call Test Case 'Test Cases/Mobile/Page/Run App/Terminate App' successfully]]></system-out>
         <system-err><![CDATA[]]></system-err>
      </testcase>
      <testcase name="Test Cases/Mobile/Scenario/News/002 - News Stock" time="62.738" classname="Test Cases/Mobile/Scenario/News/002 - News Stock" status="PASSED">
         <system-out><![CDATA[2022-03-07 14:08:47 - [TEST_CASE][PASSED] - Test Cases/Mobile/Scenario/News/002 - News Stock: Test Cases/Mobile/Scenario/News/002 - News Stock

2022-03-07 14:08:48 - [TEST_STEP][PASSED] - callTestCase(findTestCase("Mobile/Page/Run App/Run App byID"), [:], STOP_ON_FAILURE): Call Test Case 'Test Cases/Mobile/Page/Run App/Run App byID' successfully

2022-03-07 14:08:48 - [TEST_CASE][PASSED] - Test Cases/Mobile/Page/Run App/Run App byID: Test Cases/Mobile/Page/Run App/Run App byID

2022-03-07 14:08:48 - [TEST_STEP][PASSED] - startApp.OpenApp.startApplication("id.co.miraeasset.sageclub"): startApp.OpenApp.startApplication is PASSED

2022-03-07 14:09:02 - [MESSAGE][PASSED] - Starting app with application ID: 'id.co.miraeasset.sageclub'

2022-03-07 14:09:02 - [MESSAGE][PASSED] - startApp.OpenApp.startApplication is PASSED

2022-03-07 14:09:02 - [MESSAGE][PASSED] - Call Test Case 'Test Cases/Mobile/Page/Run App/Run App byID' successfully

2022-03-07 14:09:02 - [TEST_STEP][PASSED] - callTestCase(findTestCase("Mobile/Page/News/News"), ["tab":"stocknews"], CONTINUE_ON_FAILURE): Call Test Case 'Test Cases/Mobile/Page/News/News' successfully

2022-03-07 14:09:02 - [TEST_CASE][PASSED] - Test Cases/Mobile/Page/News/News: Test Cases/Mobile/Page/News/News

2022-03-07 14:09:02 - [TEST_STEP][PASSED] - callTestCase(findTestCase("Mobile/Page/CheckLogin"), [:], CONTINUE_ON_FAILURE): Call Test Case 'Test Cases/Mobile/Page/CheckLogin' successfully

2022-03-07 14:09:02 - [TEST_CASE][PASSED] - Test Cases/Mobile/Page/CheckLogin: Test Cases/Mobile/Page/CheckLogin

2022-03-07 14:09:02 - [TEST_STEP][PASSED] - loginCheck = verifyElementExist(LOGN_BtnLogin, 5, CONTINUE_ON_FAILURE): Element 'Object Repository/Mobile/Page/Login/Button - Login' is exist

2022-03-07 14:09:04 - [MESSAGE][PASSED] - Element 'Object Repository/Mobile/Page/Login/Button - Login' is exist

2022-03-07 14:09:04 - [TEST_STEP][PASSED] - if (loginCheck): Call Test Case 'Test Cases/Mobile/Page/Login/Login' successfully

2022-03-07 14:09:04 - [TEST_STEP][PASSED] - callTestCase(findTestCase("Mobile/Page/Login/Login"), ["action":"username"], CONTINUE_ON_FAILURE): Call Test Case 'Test Cases/Mobile/Page/Login/Login' successfully

2022-03-07 14:09:04 - [TEST_CASE][PASSED] - Test Cases/Mobile/Page/Login/Login: Test Cases/Mobile/Page/Login/Login

2022-03-07 14:09:04 - [TEST_STEP][PASSED] - delay(2): Delayed 2 second(s)

2022-03-07 14:09:06 - [MESSAGE][PASSED] - Delayed 2 second(s)

2022-03-07 14:09:06 - [TEST_STEP][PASSED] - for ([i = 0, i < 1, (i++)]): null

2022-03-07 14:09:06 - [TEST_STEP][PASSED] - if (action == "username"): null

2022-03-07 14:09:06 - [TEST_STEP][PASSED] - tap(LOGN_EdtUserID, 0): Tapped on element 'Object Repository/Mobile/Page/Login/Input - UserID'

2022-03-07 14:09:06 - [MESSAGE][WARNING] - Timeout '0' is invalid. Using default page load timeout: '60'

2022-03-07 14:09:07 - [MESSAGE][PASSED] - Tapped on element 'Object Repository/Mobile/Page/Login/Input - UserID'

2022-03-07 14:09:07 - [TEST_STEP][PASSED] - delay(1): Delayed 1 second(s)

2022-03-07 14:09:08 - [MESSAGE][PASSED] - Delayed 1 second(s)

2022-03-07 14:09:08 - [TEST_STEP][PASSED] - setText(LOGN_EdtRdyUserID, "anggaaditya", 0): Text 'anggaaditya' has been set to element 'Object Repository/Mobile/Page/Login/Input Rdy - UserID'

2022-03-07 14:09:08 - [MESSAGE][WARNING] - Timeout '0' is invalid. Using default page load timeout: '60'

2022-03-07 14:09:09 - [MESSAGE][PASSED] - Text 'anggaaditya' has been set to element 'Object Repository/Mobile/Page/Login/Input Rdy - UserID'

2022-03-07 14:09:09 - [TEST_STEP][PASSED] - delay(1): Delayed 1 second(s)

2022-03-07 14:09:10 - [MESSAGE][PASSED] - Delayed 1 second(s)

2022-03-07 14:09:10 - [TEST_STEP][PASSED] - hideKeyboard(): Keyboard is hidden

2022-03-07 14:09:13 - [MESSAGE][PASSED] - Keyboard is hidden

2022-03-07 14:09:13 - [TEST_STEP][PASSED] - tap(LOGN_EdtPassword, 0): Tapped on element 'Object Repository/Mobile/Page/Login/Input - Password'

2022-03-07 14:09:13 - [MESSAGE][WARNING] - Timeout '0' is invalid. Using default page load timeout: '60'

2022-03-07 14:09:14 - [MESSAGE][PASSED] - Tapped on element 'Object Repository/Mobile/Page/Login/Input - Password'

2022-03-07 14:09:14 - [TEST_STEP][PASSED] - delay(1): Delayed 1 second(s)

2022-03-07 14:09:15 - [MESSAGE][PASSED] - Delayed 1 second(s)

2022-03-07 14:09:15 - [TEST_STEP][PASSED] - setText(LOGN_EdtRdyPassword, "Shalawa18", 0): Text 'Shalawa18' has been set to element 'Object Repository/Mobile/Page/Login/Input Rdy - Password'

2022-03-07 14:09:15 - [MESSAGE][WARNING] - Timeout '0' is invalid. Using default page load timeout: '60'

2022-03-07 14:09:15 - [MESSAGE][PASSED] - Text 'Shalawa18' has been set to element 'Object Repository/Mobile/Page/Login/Input Rdy - Password'

2022-03-07 14:09:15 - [TEST_STEP][PASSED] - delay(1): Delayed 1 second(s)

2022-03-07 14:09:16 - [MESSAGE][PASSED] - Delayed 1 second(s)

2022-03-07 14:09:16 - [TEST_STEP][PASSED] - hideKeyboard(): Keyboard is hidden

2022-03-07 14:09:23 - [MESSAGE][PASSED] - Keyboard is hidden

2022-03-07 14:09:23 - [TEST_STEP][PASSED] - tap(LOGN_BtnLogin, 0): Tapped on element 'Object Repository/Mobile/Page/Login/Button - Login'

2022-03-07 14:09:23 - [MESSAGE][WARNING] - Timeout '0' is invalid. Using default page load timeout: '60'

2022-03-07 14:09:24 - [MESSAGE][PASSED] - Tapped on element 'Object Repository/Mobile/Page/Login/Button - Login'

2022-03-07 14:09:24 - [TEST_STEP][PASSED] - delay(2): Delayed 2 second(s)

2022-03-07 14:09:26 - [MESSAGE][PASSED] - Delayed 2 second(s)

2022-03-07 14:09:26 - [TEST_STEP][PASSED] - break: null

2022-03-07 14:09:26 - [MESSAGE][PASSED] - Call Test Case 'Test Cases/Mobile/Page/Login/Login' successfully

2022-03-07 14:09:26 - [MESSAGE][PASSED] - Call Test Case 'Test Cases/Mobile/Page/CheckLogin' successfully

2022-03-07 14:09:26 - [TEST_STEP][PASSED] - tap(HOME_MenubarNews, 0): Tapped on element 'Object Repository/Mobile/Page/Home/Menubar - News'

2022-03-07 14:09:26 - [MESSAGE][WARNING] - Timeout '0' is invalid. Using default page load timeout: '60'

2022-03-07 14:09:28 - [MESSAGE][PASSED] - Tapped on element 'Object Repository/Mobile/Page/Home/Menubar - News'

2022-03-07 14:09:28 - [TEST_STEP][PASSED] - delay(1): Delayed 1 second(s)

2022-03-07 14:09:29 - [MESSAGE][PASSED] - Delayed 1 second(s)

2022-03-07 14:09:29 - [TEST_STEP][PASSED] - for ([i = 0, i < 1, (i++)]): Delayed 3 second(s)

2022-03-07 14:09:29 - [TEST_STEP][PASSED] - if (tab == "macronews"): null

2022-03-07 14:09:29 - [TEST_STEP][PASSED] - else if (tab == "stocknews"): Tapped on element 'Object Repository/Mobile/Page/News/Tab - Stock'

2022-03-07 14:09:29 - [TEST_STEP][PASSED] - tap(NEWS_TabStock, 0): Tapped on element 'Object Repository/Mobile/Page/News/Tab - Stock'

2022-03-07 14:09:29 - [MESSAGE][WARNING] - Timeout '0' is invalid. Using default page load timeout: '60'

2022-03-07 14:09:30 - [MESSAGE][PASSED] - Tapped on element 'Object Repository/Mobile/Page/News/Tab - Stock'

2022-03-07 14:09:30 - [TEST_STEP][PASSED] - delay(1): Delayed 1 second(s)

2022-03-07 14:09:31 - [MESSAGE][PASSED] - Delayed 1 second(s)

2022-03-07 14:09:31 - [TEST_STEP][PASSED] - if (tab != "worldindices"): Delayed 3 second(s)

2022-03-07 14:09:31 - [TEST_STEP][PASSED] - try: Delayed 3 second(s)

2022-03-07 14:09:31 - [TEST_STEP][PASSED] - tapAndHold(NEWS_ItemTopNews, 1, 10): Tapped and held on element 'Object Repository/Mobile/Page/News/Item - Top News' with duration 1

2022-03-07 14:09:34 - [MESSAGE][PASSED] - Tapped and held on element 'Object Repository/Mobile/Page/News/Item - Top News' with duration 1

2022-03-07 14:09:34 - [TEST_STEP][PASSED] - delay(1): Delayed 1 second(s)

2022-03-07 14:09:35 - [MESSAGE][PASSED] - Delayed 1 second(s)

2022-03-07 14:09:35 - [TEST_STEP][PASSED] - scroll.scroll.scrollScreenBottomToTop(): scroll.scroll.scrollScreenBottomToTop is PASSED

2022-03-07 14:09:35 - [MESSAGE][PASSED] - Current device physical height is 1423

2022-03-07 14:09:35 - [MESSAGE][PASSED] - Current device physical width is 720

2022-03-07 14:09:36 - [MESSAGE][PASSED] - Swiped from 360,1,138 to 360,284

2022-03-07 14:09:37 - [MESSAGE][PASSED] - scroll.scroll.scrollScreenBottomToTop is PASSED

2022-03-07 14:09:37 - [TEST_STEP][PASSED] - delay(3): Delayed 3 second(s)

2022-03-07 14:09:40 - [MESSAGE][PASSED] - Delayed 3 second(s)

2022-03-07 14:09:40 - [MESSAGE][PASSED] - Call Test Case 'Test Cases/Mobile/Page/News/News' successfully

2022-03-07 14:09:40 - [TEST_STEP][PASSED] - callTestCase(findTestCase("Mobile/Page/Run App/Terminate App"), [:], STOP_ON_FAILURE): Call Test Case 'Test Cases/Mobile/Page/Run App/Terminate App' successfully

2022-03-07 14:09:40 - [TEST_CASE][PASSED] - Test Cases/Mobile/Page/Run App/Terminate App: Test Cases/Mobile/Page/Run App/Terminate App

2022-03-07 14:09:40 - [TEST_STEP][PASSED] - startApp.OpenApp.terminateApplication(): startApp.OpenApp.terminateApplication is PASSED

2022-03-07 14:09:43 - [MESSAGE][PASSED] - Delayed 3 second(s)

2022-03-07 14:09:43 - [MESSAGE][PASSED] - Current device physical width is 720

2022-03-07 14:09:43 - [MESSAGE][PASSED] - Current device physical height is 1423

2022-03-07 14:09:44 - [MESSAGE][PASSED] - Swiped from 360,853 to 360,142

2022-03-07 14:09:45 - [MESSAGE][PASSED] - Delayed 1 second(s)

2022-03-07 14:09:47 - [MESSAGE][PASSED] - Swiped from 360,853 to 360,142

2022-03-07 14:09:50 - [MESSAGE][PASSED] - Delayed 3 second(s)

2022-03-07 14:09:50 - [MESSAGE][PASSED] - startApp.OpenApp.terminateApplication is PASSED

2022-03-07 14:09:50 - [MESSAGE][PASSED] - Call Test Case 'Test Cases/Mobile/Page/Run App/Terminate App' successfully]]></system-out>
         <system-err><![CDATA[]]></system-err>
      </testcase>
      <testcase name="Test Cases/Mobile/Scenario/News/003 - News Fund" time="62.664" classname="Test Cases/Mobile/Scenario/News/003 - News Fund" status="PASSED">
         <system-out><![CDATA[2022-03-07 14:09:50 - [TEST_CASE][PASSED] - Test Cases/Mobile/Scenario/News/003 - News Fund: Test Cases/Mobile/Scenario/News/003 - News Fund

2022-03-07 14:09:50 - [TEST_STEP][PASSED] - callTestCase(findTestCase("Mobile/Page/Run App/Run App byID"), [:], STOP_ON_FAILURE): Call Test Case 'Test Cases/Mobile/Page/Run App/Run App byID' successfully

2022-03-07 14:09:50 - [TEST_CASE][PASSED] - Test Cases/Mobile/Page/Run App/Run App byID: Test Cases/Mobile/Page/Run App/Run App byID

2022-03-07 14:09:50 - [TEST_STEP][PASSED] - startApp.OpenApp.startApplication("id.co.miraeasset.sageclub"): startApp.OpenApp.startApplication is PASSED

2022-03-07 14:10:04 - [MESSAGE][PASSED] - Starting app with application ID: 'id.co.miraeasset.sageclub'

2022-03-07 14:10:04 - [MESSAGE][PASSED] - startApp.OpenApp.startApplication is PASSED

2022-03-07 14:10:04 - [MESSAGE][PASSED] - Call Test Case 'Test Cases/Mobile/Page/Run App/Run App byID' successfully

2022-03-07 14:10:04 - [TEST_STEP][PASSED] - callTestCase(findTestCase("Mobile/Page/News/News"), ["tab":"fundnews"], CONTINUE_ON_FAILURE): Call Test Case 'Test Cases/Mobile/Page/News/News' successfully

2022-03-07 14:10:04 - [TEST_CASE][PASSED] - Test Cases/Mobile/Page/News/News: Test Cases/Mobile/Page/News/News

2022-03-07 14:10:04 - [TEST_STEP][PASSED] - callTestCase(findTestCase("Mobile/Page/CheckLogin"), [:], CONTINUE_ON_FAILURE): Call Test Case 'Test Cases/Mobile/Page/CheckLogin' successfully

2022-03-07 14:10:04 - [TEST_CASE][PASSED] - Test Cases/Mobile/Page/CheckLogin: Test Cases/Mobile/Page/CheckLogin

2022-03-07 14:10:04 - [TEST_STEP][PASSED] - loginCheck = verifyElementExist(LOGN_BtnLogin, 5, CONTINUE_ON_FAILURE): Element 'Object Repository/Mobile/Page/Login/Button - Login' is exist

2022-03-07 14:10:05 - [MESSAGE][PASSED] - Element 'Object Repository/Mobile/Page/Login/Button - Login' is exist

2022-03-07 14:10:05 - [TEST_STEP][PASSED] - if (loginCheck): Call Test Case 'Test Cases/Mobile/Page/Login/Login' successfully

2022-03-07 14:10:05 - [TEST_STEP][PASSED] - callTestCase(findTestCase("Mobile/Page/Login/Login"), ["action":"username"], CONTINUE_ON_FAILURE): Call Test Case 'Test Cases/Mobile/Page/Login/Login' successfully

2022-03-07 14:10:06 - [TEST_CASE][PASSED] - Test Cases/Mobile/Page/Login/Login: Test Cases/Mobile/Page/Login/Login

2022-03-07 14:10:06 - [TEST_STEP][PASSED] - delay(2): Delayed 2 second(s)

2022-03-07 14:10:08 - [MESSAGE][PASSED] - Delayed 2 second(s)

2022-03-07 14:10:08 - [TEST_STEP][PASSED] - for ([i = 0, i < 1, (i++)]): null

2022-03-07 14:10:08 - [TEST_STEP][PASSED] - if (action == "username"): null

2022-03-07 14:10:08 - [TEST_STEP][PASSED] - tap(LOGN_EdtUserID, 0): Tapped on element 'Object Repository/Mobile/Page/Login/Input - UserID'

2022-03-07 14:10:08 - [MESSAGE][WARNING] - Timeout '0' is invalid. Using default page load timeout: '60'

2022-03-07 14:10:09 - [MESSAGE][PASSED] - Tapped on element 'Object Repository/Mobile/Page/Login/Input - UserID'

2022-03-07 14:10:09 - [TEST_STEP][PASSED] - delay(1): Delayed 1 second(s)

2022-03-07 14:10:10 - [MESSAGE][PASSED] - Delayed 1 second(s)

2022-03-07 14:10:10 - [TEST_STEP][PASSED] - setText(LOGN_EdtRdyUserID, "anggaaditya", 0): Text 'anggaaditya' has been set to element 'Object Repository/Mobile/Page/Login/Input Rdy - UserID'

2022-03-07 14:10:10 - [MESSAGE][WARNING] - Timeout '0' is invalid. Using default page load timeout: '60'

2022-03-07 14:10:10 - [MESSAGE][PASSED] - Text 'anggaaditya' has been set to element 'Object Repository/Mobile/Page/Login/Input Rdy - UserID'

2022-03-07 14:10:10 - [TEST_STEP][PASSED] - delay(1): Delayed 1 second(s)

2022-03-07 14:10:11 - [MESSAGE][PASSED] - Delayed 1 second(s)

2022-03-07 14:10:11 - [TEST_STEP][PASSED] - hideKeyboard(): Keyboard is hidden

2022-03-07 14:10:15 - [MESSAGE][PASSED] - Keyboard is hidden

2022-03-07 14:10:15 - [TEST_STEP][PASSED] - tap(LOGN_EdtPassword, 0): Tapped on element 'Object Repository/Mobile/Page/Login/Input - Password'

2022-03-07 14:10:15 - [MESSAGE][WARNING] - Timeout '0' is invalid. Using default page load timeout: '60'

2022-03-07 14:10:15 - [MESSAGE][PASSED] - Tapped on element 'Object Repository/Mobile/Page/Login/Input - Password'

2022-03-07 14:10:15 - [TEST_STEP][PASSED] - delay(1): Delayed 1 second(s)

2022-03-07 14:10:16 - [MESSAGE][PASSED] - Delayed 1 second(s)

2022-03-07 14:10:16 - [TEST_STEP][PASSED] - setText(LOGN_EdtRdyPassword, "Shalawa18", 0): Text 'Shalawa18' has been set to element 'Object Repository/Mobile/Page/Login/Input Rdy - Password'

2022-03-07 14:10:16 - [MESSAGE][WARNING] - Timeout '0' is invalid. Using default page load timeout: '60'

2022-03-07 14:10:17 - [MESSAGE][PASSED] - Text 'Shalawa18' has been set to element 'Object Repository/Mobile/Page/Login/Input Rdy - Password'

2022-03-07 14:10:17 - [TEST_STEP][PASSED] - delay(1): Delayed 1 second(s)

2022-03-07 14:10:18 - [MESSAGE][PASSED] - Delayed 1 second(s)

2022-03-07 14:10:18 - [TEST_STEP][PASSED] - hideKeyboard(): Keyboard is hidden

2022-03-07 14:10:24 - [MESSAGE][PASSED] - Keyboard is hidden

2022-03-07 14:10:24 - [TEST_STEP][PASSED] - tap(LOGN_BtnLogin, 0): Tapped on element 'Object Repository/Mobile/Page/Login/Button - Login'

2022-03-07 14:10:24 - [MESSAGE][WARNING] - Timeout '0' is invalid. Using default page load timeout: '60'

2022-03-07 14:10:25 - [MESSAGE][PASSED] - Tapped on element 'Object Repository/Mobile/Page/Login/Button - Login'

2022-03-07 14:10:25 - [TEST_STEP][PASSED] - delay(2): Delayed 2 second(s)

2022-03-07 14:10:27 - [MESSAGE][PASSED] - Delayed 2 second(s)

2022-03-07 14:10:27 - [TEST_STEP][PASSED] - break: null

2022-03-07 14:10:27 - [MESSAGE][PASSED] - Call Test Case 'Test Cases/Mobile/Page/Login/Login' successfully

2022-03-07 14:10:27 - [MESSAGE][PASSED] - Call Test Case 'Test Cases/Mobile/Page/CheckLogin' successfully

2022-03-07 14:10:27 - [TEST_STEP][PASSED] - tap(HOME_MenubarNews, 0): Tapped on element 'Object Repository/Mobile/Page/Home/Menubar - News'

2022-03-07 14:10:27 - [MESSAGE][WARNING] - Timeout '0' is invalid. Using default page load timeout: '60'

2022-03-07 14:10:29 - [MESSAGE][PASSED] - Tapped on element 'Object Repository/Mobile/Page/Home/Menubar - News'

2022-03-07 14:10:29 - [TEST_STEP][PASSED] - delay(1): Delayed 1 second(s)

2022-03-07 14:10:30 - [MESSAGE][PASSED] - Delayed 1 second(s)

2022-03-07 14:10:30 - [TEST_STEP][PASSED] - for ([i = 0, i < 1, (i++)]): Delayed 3 second(s)

2022-03-07 14:10:30 - [TEST_STEP][PASSED] - if (tab == "macronews"): null

2022-03-07 14:10:30 - [TEST_STEP][PASSED] - else if (tab == "stocknews"): null

2022-03-07 14:10:30 - [TEST_STEP][PASSED] - else if (tab == "fundnews"): Tapped on element 'Object Repository/Mobile/Page/News/Tab - Fund'

2022-03-07 14:10:30 - [TEST_STEP][PASSED] - tap(NEWS_TabFund, 0): Tapped on element 'Object Repository/Mobile/Page/News/Tab - Fund'

2022-03-07 14:10:30 - [MESSAGE][WARNING] - Timeout '0' is invalid. Using default page load timeout: '60'

2022-03-07 14:10:32 - [MESSAGE][PASSED] - Tapped on element 'Object Repository/Mobile/Page/News/Tab - Fund'

2022-03-07 14:10:32 - [TEST_STEP][PASSED] - delay(1): Delayed 1 second(s)

2022-03-07 14:10:33 - [MESSAGE][PASSED] - Delayed 1 second(s)

2022-03-07 14:10:33 - [TEST_STEP][PASSED] - if (tab != "worldindices"): Delayed 3 second(s)

2022-03-07 14:10:33 - [TEST_STEP][PASSED] - try: Delayed 3 second(s)

2022-03-07 14:10:33 - [TEST_STEP][PASSED] - tapAndHold(NEWS_ItemTopNews, 1, 10): Tapped and held on element 'Object Repository/Mobile/Page/News/Item - Top News' with duration 1

2022-03-07 14:10:36 - [MESSAGE][PASSED] - Tapped and held on element 'Object Repository/Mobile/Page/News/Item - Top News' with duration 1

2022-03-07 14:10:36 - [TEST_STEP][PASSED] - delay(1): Delayed 1 second(s)

2022-03-07 14:10:37 - [MESSAGE][PASSED] - Delayed 1 second(s)

2022-03-07 14:10:37 - [TEST_STEP][PASSED] - scroll.scroll.scrollScreenBottomToTop(): scroll.scroll.scrollScreenBottomToTop is PASSED

2022-03-07 14:10:37 - [MESSAGE][PASSED] - Current device physical height is 1423

2022-03-07 14:10:37 - [MESSAGE][PASSED] - Current device physical width is 720

2022-03-07 14:10:39 - [MESSAGE][PASSED] - Swiped from 360,1,138 to 360,284

2022-03-07 14:10:39 - [MESSAGE][PASSED] - scroll.scroll.scrollScreenBottomToTop is PASSED

2022-03-07 14:10:39 - [TEST_STEP][PASSED] - delay(3): Delayed 3 second(s)

2022-03-07 14:10:42 - [MESSAGE][PASSED] - Delayed 3 second(s)

2022-03-07 14:10:42 - [MESSAGE][PASSED] - Call Test Case 'Test Cases/Mobile/Page/News/News' successfully

2022-03-07 14:10:42 - [TEST_STEP][PASSED] - callTestCase(findTestCase("Mobile/Page/Run App/Terminate App"), [:], STOP_ON_FAILURE): Call Test Case 'Test Cases/Mobile/Page/Run App/Terminate App' successfully

2022-03-07 14:10:42 - [TEST_CASE][PASSED] - Test Cases/Mobile/Page/Run App/Terminate App: Test Cases/Mobile/Page/Run App/Terminate App

2022-03-07 14:10:42 - [TEST_STEP][PASSED] - startApp.OpenApp.terminateApplication(): startApp.OpenApp.terminateApplication is PASSED

2022-03-07 14:10:45 - [MESSAGE][PASSED] - Delayed 3 second(s)

2022-03-07 14:10:45 - [MESSAGE][PASSED] - Current device physical width is 720

2022-03-07 14:10:46 - [MESSAGE][PASSED] - Current device physical height is 1423

2022-03-07 14:10:47 - [MESSAGE][PASSED] - Swiped from 360,853 to 360,142

2022-03-07 14:10:48 - [MESSAGE][PASSED] - Delayed 1 second(s)

2022-03-07 14:10:49 - [MESSAGE][PASSED] - Swiped from 360,853 to 360,142

2022-03-07 14:10:52 - [MESSAGE][PASSED] - Delayed 3 second(s)

2022-03-07 14:10:52 - [MESSAGE][PASSED] - startApp.OpenApp.terminateApplication is PASSED

2022-03-07 14:10:52 - [MESSAGE][PASSED] - Call Test Case 'Test Cases/Mobile/Page/Run App/Terminate App' successfully]]></system-out>
         <system-err><![CDATA[]]></system-err>
      </testcase>
      <testcase name="Test Cases/Mobile/Scenario/News/004 - Bond News" time="67.233" classname="Test Cases/Mobile/Scenario/News/004 - Bond News" status="PASSED">
         <system-out><![CDATA[2022-03-07 14:10:52 - [TEST_CASE][PASSED] - Test Cases/Mobile/Scenario/News/004 - Bond News: Test Cases/Mobile/Scenario/News/004 - Bond News

2022-03-07 14:10:53 - [TEST_STEP][PASSED] - callTestCase(findTestCase("Mobile/Page/Run App/Run App byID"), [:], STOP_ON_FAILURE): Call Test Case 'Test Cases/Mobile/Page/Run App/Run App byID' successfully

2022-03-07 14:10:53 - [TEST_CASE][PASSED] - Test Cases/Mobile/Page/Run App/Run App byID: Test Cases/Mobile/Page/Run App/Run App byID

2022-03-07 14:10:53 - [TEST_STEP][PASSED] - startApp.OpenApp.startApplication("id.co.miraeasset.sageclub"): startApp.OpenApp.startApplication is PASSED

2022-03-07 14:11:10 - [MESSAGE][PASSED] - Starting app with application ID: 'id.co.miraeasset.sageclub'

2022-03-07 14:11:10 - [MESSAGE][PASSED] - startApp.OpenApp.startApplication is PASSED

2022-03-07 14:11:10 - [MESSAGE][PASSED] - Call Test Case 'Test Cases/Mobile/Page/Run App/Run App byID' successfully

2022-03-07 14:11:10 - [TEST_STEP][PASSED] - callTestCase(findTestCase("Mobile/Page/News/News"), ["tab":"bondnews"], CONTINUE_ON_FAILURE): Call Test Case 'Test Cases/Mobile/Page/News/News' successfully

2022-03-07 14:11:10 - [TEST_CASE][PASSED] - Test Cases/Mobile/Page/News/News: Test Cases/Mobile/Page/News/News

2022-03-07 14:11:10 - [TEST_STEP][PASSED] - callTestCase(findTestCase("Mobile/Page/CheckLogin"), [:], CONTINUE_ON_FAILURE): Call Test Case 'Test Cases/Mobile/Page/CheckLogin' successfully

2022-03-07 14:11:10 - [TEST_CASE][PASSED] - Test Cases/Mobile/Page/CheckLogin: Test Cases/Mobile/Page/CheckLogin

2022-03-07 14:11:10 - [TEST_STEP][PASSED] - loginCheck = verifyElementExist(LOGN_BtnLogin, 5, CONTINUE_ON_FAILURE): Element 'Object Repository/Mobile/Page/Login/Button - Login' is exist

2022-03-07 14:11:12 - [MESSAGE][PASSED] - Element 'Object Repository/Mobile/Page/Login/Button - Login' is exist

2022-03-07 14:11:12 - [TEST_STEP][PASSED] - if (loginCheck): Call Test Case 'Test Cases/Mobile/Page/Login/Login' successfully

2022-03-07 14:11:12 - [TEST_STEP][PASSED] - callTestCase(findTestCase("Mobile/Page/Login/Login"), ["action":"username"], CONTINUE_ON_FAILURE): Call Test Case 'Test Cases/Mobile/Page/Login/Login' successfully

2022-03-07 14:11:12 - [TEST_CASE][PASSED] - Test Cases/Mobile/Page/Login/Login: Test Cases/Mobile/Page/Login/Login

2022-03-07 14:11:12 - [TEST_STEP][PASSED] - delay(2): Delayed 2 second(s)

2022-03-07 14:11:14 - [MESSAGE][PASSED] - Delayed 2 second(s)

2022-03-07 14:11:14 - [TEST_STEP][PASSED] - for ([i = 0, i < 1, (i++)]): null

2022-03-07 14:11:14 - [TEST_STEP][PASSED] - if (action == "username"): null

2022-03-07 14:11:14 - [TEST_STEP][PASSED] - tap(LOGN_EdtUserID, 0): Tapped on element 'Object Repository/Mobile/Page/Login/Input - UserID'

2022-03-07 14:11:14 - [MESSAGE][WARNING] - Timeout '0' is invalid. Using default page load timeout: '60'

2022-03-07 14:11:14 - [MESSAGE][PASSED] - Tapped on element 'Object Repository/Mobile/Page/Login/Input - UserID'

2022-03-07 14:11:14 - [TEST_STEP][PASSED] - delay(1): Delayed 1 second(s)

2022-03-07 14:11:15 - [MESSAGE][PASSED] - Delayed 1 second(s)

2022-03-07 14:11:15 - [TEST_STEP][PASSED] - setText(LOGN_EdtRdyUserID, "anggaaditya", 0): Text 'anggaaditya' has been set to element 'Object Repository/Mobile/Page/Login/Input Rdy - UserID'

2022-03-07 14:11:15 - [MESSAGE][WARNING] - Timeout '0' is invalid. Using default page load timeout: '60'

2022-03-07 14:11:16 - [MESSAGE][PASSED] - Text 'anggaaditya' has been set to element 'Object Repository/Mobile/Page/Login/Input Rdy - UserID'

2022-03-07 14:11:16 - [TEST_STEP][PASSED] - delay(1): Delayed 1 second(s)

2022-03-07 14:11:17 - [MESSAGE][PASSED] - Delayed 1 second(s)

2022-03-07 14:11:17 - [TEST_STEP][PASSED] - hideKeyboard(): Keyboard is hidden

2022-03-07 14:11:21 - [MESSAGE][PASSED] - Keyboard is hidden

2022-03-07 14:11:21 - [TEST_STEP][PASSED] - tap(LOGN_EdtPassword, 0): Tapped on element 'Object Repository/Mobile/Page/Login/Input - Password'

2022-03-07 14:11:21 - [MESSAGE][WARNING] - Timeout '0' is invalid. Using default page load timeout: '60'

2022-03-07 14:11:21 - [MESSAGE][PASSED] - Tapped on element 'Object Repository/Mobile/Page/Login/Input - Password'

2022-03-07 14:11:21 - [TEST_STEP][PASSED] - delay(1): Delayed 1 second(s)

2022-03-07 14:11:22 - [MESSAGE][PASSED] - Delayed 1 second(s)

2022-03-07 14:11:22 - [TEST_STEP][PASSED] - setText(LOGN_EdtRdyPassword, "Shalawa18", 0): Text 'Shalawa18' has been set to element 'Object Repository/Mobile/Page/Login/Input Rdy - Password'

2022-03-07 14:11:22 - [MESSAGE][WARNING] - Timeout '0' is invalid. Using default page load timeout: '60'

2022-03-07 14:11:23 - [MESSAGE][PASSED] - Text 'Shalawa18' has been set to element 'Object Repository/Mobile/Page/Login/Input Rdy - Password'

2022-03-07 14:11:23 - [TEST_STEP][PASSED] - delay(1): Delayed 1 second(s)

2022-03-07 14:11:24 - [MESSAGE][PASSED] - Delayed 1 second(s)

2022-03-07 14:11:24 - [TEST_STEP][PASSED] - hideKeyboard(): Keyboard is hidden

2022-03-07 14:11:30 - [MESSAGE][PASSED] - Keyboard is hidden

2022-03-07 14:11:30 - [TEST_STEP][PASSED] - tap(LOGN_BtnLogin, 0): Tapped on element 'Object Repository/Mobile/Page/Login/Button - Login'

2022-03-07 14:11:30 - [MESSAGE][WARNING] - Timeout '0' is invalid. Using default page load timeout: '60'

2022-03-07 14:11:31 - [MESSAGE][PASSED] - Tapped on element 'Object Repository/Mobile/Page/Login/Button - Login'

2022-03-07 14:11:31 - [TEST_STEP][PASSED] - delay(2): Delayed 2 second(s)

2022-03-07 14:11:33 - [MESSAGE][PASSED] - Delayed 2 second(s)

2022-03-07 14:11:33 - [TEST_STEP][PASSED] - break: null

2022-03-07 14:11:33 - [MESSAGE][PASSED] - Call Test Case 'Test Cases/Mobile/Page/Login/Login' successfully

2022-03-07 14:11:33 - [MESSAGE][PASSED] - Call Test Case 'Test Cases/Mobile/Page/CheckLogin' successfully

2022-03-07 14:11:33 - [TEST_STEP][PASSED] - tap(HOME_MenubarNews, 0): Tapped on element 'Object Repository/Mobile/Page/Home/Menubar - News'

2022-03-07 14:11:33 - [MESSAGE][WARNING] - Timeout '0' is invalid. Using default page load timeout: '60'

2022-03-07 14:11:36 - [MESSAGE][PASSED] - Tapped on element 'Object Repository/Mobile/Page/Home/Menubar - News'

2022-03-07 14:11:36 - [TEST_STEP][PASSED] - delay(1): Delayed 1 second(s)

2022-03-07 14:11:37 - [MESSAGE][PASSED] - Delayed 1 second(s)

2022-03-07 14:11:37 - [TEST_STEP][PASSED] - for ([i = 0, i < 1, (i++)]): Delayed 3 second(s)

2022-03-07 14:11:37 - [TEST_STEP][PASSED] - if (tab == "macronews"): null

2022-03-07 14:11:37 - [TEST_STEP][PASSED] - else if (tab == "stocknews"): null

2022-03-07 14:11:37 - [TEST_STEP][PASSED] - else if (tab == "fundnews"): null

2022-03-07 14:11:37 - [TEST_STEP][PASSED] - else if (tab == "bondnews"): Tapped on element 'Object Repository/Mobile/Page/News/Tab - Bond'

2022-03-07 14:11:37 - [TEST_STEP][PASSED] - tap(NEWS_TabBond, 0): Tapped on element 'Object Repository/Mobile/Page/News/Tab - Bond'

2022-03-07 14:11:37 - [MESSAGE][WARNING] - Timeout '0' is invalid. Using default page load timeout: '60'

2022-03-07 14:11:39 - [MESSAGE][PASSED] - Tapped on element 'Object Repository/Mobile/Page/News/Tab - Bond'

2022-03-07 14:11:39 - [TEST_STEP][PASSED] - delay(1): Delayed 1 second(s)

2022-03-07 14:11:41 - [MESSAGE][PASSED] - Delayed 1 second(s)

2022-03-07 14:11:41 - [TEST_STEP][PASSED] - if (tab != "worldindices"): Delayed 3 second(s)

2022-03-07 14:11:41 - [TEST_STEP][PASSED] - try: Delayed 3 second(s)

2022-03-07 14:11:41 - [TEST_STEP][PASSED] - tapAndHold(NEWS_ItemTopNews, 1, 10): Tapped and held on element 'Object Repository/Mobile/Page/News/Item - Top News' with duration 1

2022-03-07 14:11:43 - [MESSAGE][PASSED] - Tapped and held on element 'Object Repository/Mobile/Page/News/Item - Top News' with duration 1

2022-03-07 14:11:43 - [TEST_STEP][PASSED] - delay(1): Delayed 1 second(s)

2022-03-07 14:11:44 - [MESSAGE][PASSED] - Delayed 1 second(s)

2022-03-07 14:11:44 - [TEST_STEP][PASSED] - scroll.scroll.scrollScreenBottomToTop(): scroll.scroll.scrollScreenBottomToTop is PASSED

2022-03-07 14:11:45 - [MESSAGE][PASSED] - Current device physical height is 1423

2022-03-07 14:11:45 - [MESSAGE][PASSED] - Current device physical width is 720

2022-03-07 14:11:46 - [MESSAGE][PASSED] - Swiped from 360,1,138 to 360,284

2022-03-07 14:11:46 - [MESSAGE][PASSED] - scroll.scroll.scrollScreenBottomToTop is PASSED

2022-03-07 14:11:46 - [TEST_STEP][PASSED] - delay(3): Delayed 3 second(s)

2022-03-07 14:11:49 - [MESSAGE][PASSED] - Delayed 3 second(s)

2022-03-07 14:11:49 - [MESSAGE][PASSED] - Call Test Case 'Test Cases/Mobile/Page/News/News' successfully

2022-03-07 14:11:49 - [TEST_STEP][PASSED] - callTestCase(findTestCase("Mobile/Page/Run App/Terminate App"), [:], STOP_ON_FAILURE): Call Test Case 'Test Cases/Mobile/Page/Run App/Terminate App' successfully

2022-03-07 14:11:49 - [TEST_CASE][PASSED] - Test Cases/Mobile/Page/Run App/Terminate App: Test Cases/Mobile/Page/Run App/Terminate App

2022-03-07 14:11:49 - [TEST_STEP][PASSED] - startApp.OpenApp.terminateApplication(): startApp.OpenApp.terminateApplication is PASSED

2022-03-07 14:11:52 - [MESSAGE][PASSED] - Delayed 3 second(s)

2022-03-07 14:11:53 - [MESSAGE][PASSED] - Current device physical width is 720

2022-03-07 14:11:53 - [MESSAGE][PASSED] - Current device physical height is 1423

2022-03-07 14:11:54 - [MESSAGE][PASSED] - Swiped from 360,853 to 360,142

2022-03-07 14:11:55 - [MESSAGE][PASSED] - Delayed 1 second(s)

2022-03-07 14:11:57 - [MESSAGE][PASSED] - Swiped from 360,853 to 360,142

2022-03-07 14:12:00 - [MESSAGE][PASSED] - Delayed 3 second(s)

2022-03-07 14:12:00 - [MESSAGE][PASSED] - startApp.OpenApp.terminateApplication is PASSED

2022-03-07 14:12:00 - [MESSAGE][PASSED] - Call Test Case 'Test Cases/Mobile/Page/Run App/Terminate App' successfully]]></system-out>
         <system-err><![CDATA[]]></system-err>
      </testcase>
      <testcase name="Test Cases/Mobile/Scenario/News/005 - Macro News" time="63.393" classname="Test Cases/Mobile/Scenario/News/005 - Macro News" status="PASSED">
         <system-out><![CDATA[2022-03-07 14:12:00 - [TEST_CASE][PASSED] - Test Cases/Mobile/Scenario/News/005 - Macro News: Test Cases/Mobile/Scenario/News/005 - Macro News

2022-03-07 14:12:00 - [TEST_STEP][PASSED] - callTestCase(findTestCase("Mobile/Page/Run App/Run App byID"), [:], STOP_ON_FAILURE): Call Test Case 'Test Cases/Mobile/Page/Run App/Run App byID' successfully

2022-03-07 14:12:00 - [TEST_CASE][PASSED] - Test Cases/Mobile/Page/Run App/Run App byID: Test Cases/Mobile/Page/Run App/Run App byID

2022-03-07 14:12:00 - [TEST_STEP][PASSED] - startApp.OpenApp.startApplication("id.co.miraeasset.sageclub"): startApp.OpenApp.startApplication is PASSED

2022-03-07 14:12:15 - [MESSAGE][PASSED] - Starting app with application ID: 'id.co.miraeasset.sageclub'

2022-03-07 14:12:15 - [MESSAGE][PASSED] - startApp.OpenApp.startApplication is PASSED

2022-03-07 14:12:15 - [MESSAGE][PASSED] - Call Test Case 'Test Cases/Mobile/Page/Run App/Run App byID' successfully

2022-03-07 14:12:15 - [TEST_STEP][PASSED] - callTestCase(findTestCase("Mobile/Page/News/News"), ["tab":"macronews"], CONTINUE_ON_FAILURE): Call Test Case 'Test Cases/Mobile/Page/News/News' successfully

2022-03-07 14:12:15 - [TEST_CASE][PASSED] - Test Cases/Mobile/Page/News/News: Test Cases/Mobile/Page/News/News

2022-03-07 14:12:15 - [TEST_STEP][PASSED] - callTestCase(findTestCase("Mobile/Page/CheckLogin"), [:], CONTINUE_ON_FAILURE): Call Test Case 'Test Cases/Mobile/Page/CheckLogin' successfully

2022-03-07 14:12:15 - [TEST_CASE][PASSED] - Test Cases/Mobile/Page/CheckLogin: Test Cases/Mobile/Page/CheckLogin

2022-03-07 14:12:15 - [TEST_STEP][PASSED] - loginCheck = verifyElementExist(LOGN_BtnLogin, 5, CONTINUE_ON_FAILURE): Element 'Object Repository/Mobile/Page/Login/Button - Login' is exist

2022-03-07 14:12:17 - [MESSAGE][PASSED] - Element 'Object Repository/Mobile/Page/Login/Button - Login' is exist

2022-03-07 14:12:17 - [TEST_STEP][PASSED] - if (loginCheck): Call Test Case 'Test Cases/Mobile/Page/Login/Login' successfully

2022-03-07 14:12:17 - [TEST_STEP][PASSED] - callTestCase(findTestCase("Mobile/Page/Login/Login"), ["action":"username"], CONTINUE_ON_FAILURE): Call Test Case 'Test Cases/Mobile/Page/Login/Login' successfully

2022-03-07 14:12:17 - [TEST_CASE][PASSED] - Test Cases/Mobile/Page/Login/Login: Test Cases/Mobile/Page/Login/Login

2022-03-07 14:12:17 - [TEST_STEP][PASSED] - delay(2): Delayed 2 second(s)

2022-03-07 14:12:19 - [MESSAGE][PASSED] - Delayed 2 second(s)

2022-03-07 14:12:19 - [TEST_STEP][PASSED] - for ([i = 0, i < 1, (i++)]): null

2022-03-07 14:12:19 - [TEST_STEP][PASSED] - if (action == "username"): null

2022-03-07 14:12:19 - [TEST_STEP][PASSED] - tap(LOGN_EdtUserID, 0): Tapped on element 'Object Repository/Mobile/Page/Login/Input - UserID'

2022-03-07 14:12:19 - [MESSAGE][WARNING] - Timeout '0' is invalid. Using default page load timeout: '60'

2022-03-07 14:12:19 - [MESSAGE][PASSED] - Tapped on element 'Object Repository/Mobile/Page/Login/Input - UserID'

2022-03-07 14:12:19 - [TEST_STEP][PASSED] - delay(1): Delayed 1 second(s)

2022-03-07 14:12:20 - [MESSAGE][PASSED] - Delayed 1 second(s)

2022-03-07 14:12:20 - [TEST_STEP][PASSED] - setText(LOGN_EdtRdyUserID, "anggaaditya", 0): Text 'anggaaditya' has been set to element 'Object Repository/Mobile/Page/Login/Input Rdy - UserID'

2022-03-07 14:12:20 - [MESSAGE][WARNING] - Timeout '0' is invalid. Using default page load timeout: '60'

2022-03-07 14:12:21 - [MESSAGE][PASSED] - Text 'anggaaditya' has been set to element 'Object Repository/Mobile/Page/Login/Input Rdy - UserID'

2022-03-07 14:12:21 - [TEST_STEP][PASSED] - delay(1): Delayed 1 second(s)

2022-03-07 14:12:22 - [MESSAGE][PASSED] - Delayed 1 second(s)

2022-03-07 14:12:22 - [TEST_STEP][PASSED] - hideKeyboard(): Keyboard is hidden

2022-03-07 14:12:26 - [MESSAGE][PASSED] - Keyboard is hidden

2022-03-07 14:12:26 - [TEST_STEP][PASSED] - tap(LOGN_EdtPassword, 0): Tapped on element 'Object Repository/Mobile/Page/Login/Input - Password'

2022-03-07 14:12:26 - [MESSAGE][WARNING] - Timeout '0' is invalid. Using default page load timeout: '60'

2022-03-07 14:12:26 - [MESSAGE][PASSED] - Tapped on element 'Object Repository/Mobile/Page/Login/Input - Password'

2022-03-07 14:12:26 - [TEST_STEP][PASSED] - delay(1): Delayed 1 second(s)

2022-03-07 14:12:27 - [MESSAGE][PASSED] - Delayed 1 second(s)

2022-03-07 14:12:27 - [TEST_STEP][PASSED] - setText(LOGN_EdtRdyPassword, "Shalawa18", 0): Text 'Shalawa18' has been set to element 'Object Repository/Mobile/Page/Login/Input Rdy - Password'

2022-03-07 14:12:27 - [MESSAGE][WARNING] - Timeout '0' is invalid. Using default page load timeout: '60'

2022-03-07 14:12:28 - [MESSAGE][PASSED] - Text 'Shalawa18' has been set to element 'Object Repository/Mobile/Page/Login/Input Rdy - Password'

2022-03-07 14:12:28 - [TEST_STEP][PASSED] - delay(1): Delayed 1 second(s)

2022-03-07 14:12:29 - [MESSAGE][PASSED] - Delayed 1 second(s)

2022-03-07 14:12:29 - [TEST_STEP][PASSED] - hideKeyboard(): Keyboard is hidden

2022-03-07 14:12:35 - [MESSAGE][PASSED] - Keyboard is hidden

2022-03-07 14:12:35 - [TEST_STEP][PASSED] - tap(LOGN_BtnLogin, 0): Tapped on element 'Object Repository/Mobile/Page/Login/Button - Login'

2022-03-07 14:12:35 - [MESSAGE][WARNING] - Timeout '0' is invalid. Using default page load timeout: '60'

2022-03-07 14:12:36 - [MESSAGE][PASSED] - Tapped on element 'Object Repository/Mobile/Page/Login/Button - Login'

2022-03-07 14:12:36 - [TEST_STEP][PASSED] - delay(2): Delayed 2 second(s)

2022-03-07 14:12:38 - [MESSAGE][PASSED] - Delayed 2 second(s)

2022-03-07 14:12:38 - [TEST_STEP][PASSED] - break: null

2022-03-07 14:12:38 - [MESSAGE][PASSED] - Call Test Case 'Test Cases/Mobile/Page/Login/Login' successfully

2022-03-07 14:12:38 - [MESSAGE][PASSED] - Call Test Case 'Test Cases/Mobile/Page/CheckLogin' successfully

2022-03-07 14:12:38 - [TEST_STEP][PASSED] - tap(HOME_MenubarNews, 0): Tapped on element 'Object Repository/Mobile/Page/Home/Menubar - News'

2022-03-07 14:12:38 - [MESSAGE][WARNING] - Timeout '0' is invalid. Using default page load timeout: '60'

2022-03-07 14:12:40 - [MESSAGE][PASSED] - Tapped on element 'Object Repository/Mobile/Page/Home/Menubar - News'

2022-03-07 14:12:40 - [TEST_STEP][PASSED] - delay(1): Delayed 1 second(s)

2022-03-07 14:12:41 - [MESSAGE][PASSED] - Delayed 1 second(s)

2022-03-07 14:12:41 - [TEST_STEP][PASSED] - for ([i = 0, i < 1, (i++)]): Delayed 3 second(s)

2022-03-07 14:12:41 - [TEST_STEP][PASSED] - if (tab == "macronews"): Tapped on element 'Object Repository/Mobile/Page/News/Tab - Macro'

2022-03-07 14:12:41 - [TEST_STEP][PASSED] - tap(NEWS_TabMacro, 0): Tapped on element 'Object Repository/Mobile/Page/News/Tab - Macro'

2022-03-07 14:12:41 - [MESSAGE][WARNING] - Timeout '0' is invalid. Using default page load timeout: '60'

2022-03-07 14:12:43 - [MESSAGE][PASSED] - Tapped on element 'Object Repository/Mobile/Page/News/Tab - Macro'

2022-03-07 14:12:43 - [TEST_STEP][PASSED] - delay(1): Delayed 1 second(s)

2022-03-07 14:12:44 - [MESSAGE][PASSED] - Delayed 1 second(s)

2022-03-07 14:12:44 - [TEST_STEP][PASSED] - if (tab != "worldindices"): Delayed 3 second(s)

2022-03-07 14:12:44 - [TEST_STEP][PASSED] - try: Delayed 3 second(s)

2022-03-07 14:12:44 - [TEST_STEP][PASSED] - tapAndHold(NEWS_ItemTopNews, 1, 10): Tapped and held on element 'Object Repository/Mobile/Page/News/Item - Top News' with duration 1

2022-03-07 14:12:47 - [MESSAGE][PASSED] - Tapped and held on element 'Object Repository/Mobile/Page/News/Item - Top News' with duration 1

2022-03-07 14:12:47 - [TEST_STEP][PASSED] - delay(1): Delayed 1 second(s)

2022-03-07 14:12:48 - [MESSAGE][PASSED] - Delayed 1 second(s)

2022-03-07 14:12:48 - [TEST_STEP][PASSED] - scroll.scroll.scrollScreenBottomToTop(): scroll.scroll.scrollScreenBottomToTop is PASSED

2022-03-07 14:12:48 - [MESSAGE][PASSED] - Current device physical height is 1423

2022-03-07 14:12:49 - [MESSAGE][PASSED] - Current device physical width is 720

2022-03-07 14:12:50 - [MESSAGE][PASSED] - Swiped from 360,1,138 to 360,284

2022-03-07 14:12:50 - [MESSAGE][PASSED] - scroll.scroll.scrollScreenBottomToTop is PASSED

2022-03-07 14:12:50 - [TEST_STEP][PASSED] - delay(3): Delayed 3 second(s)

2022-03-07 14:12:53 - [MESSAGE][PASSED] - Delayed 3 second(s)

2022-03-07 14:12:53 - [MESSAGE][PASSED] - Call Test Case 'Test Cases/Mobile/Page/News/News' successfully

2022-03-07 14:12:53 - [TEST_STEP][PASSED] - callTestCase(findTestCase("Mobile/Page/Run App/Terminate App"), [:], STOP_ON_FAILURE): Call Test Case 'Test Cases/Mobile/Page/Run App/Terminate App' successfully

2022-03-07 14:12:53 - [TEST_CASE][PASSED] - Test Cases/Mobile/Page/Run App/Terminate App: Test Cases/Mobile/Page/Run App/Terminate App

2022-03-07 14:12:53 - [TEST_STEP][PASSED] - startApp.OpenApp.terminateApplication(): startApp.OpenApp.terminateApplication is PASSED

2022-03-07 14:12:56 - [MESSAGE][PASSED] - Delayed 3 second(s)

2022-03-07 14:12:56 - [MESSAGE][PASSED] - Current device physical width is 720

2022-03-07 14:12:56 - [MESSAGE][PASSED] - Current device physical height is 1423

2022-03-07 14:12:58 - [MESSAGE][PASSED] - Swiped from 360,853 to 360,142

2022-03-07 14:12:59 - [MESSAGE][PASSED] - Delayed 1 second(s)

2022-03-07 14:13:00 - [MESSAGE][PASSED] - Swiped from 360,853 to 360,142

2022-03-07 14:13:03 - [MESSAGE][PASSED] - Delayed 3 second(s)

2022-03-07 14:13:03 - [MESSAGE][PASSED] - startApp.OpenApp.terminateApplication is PASSED

2022-03-07 14:13:03 - [MESSAGE][PASSED] - Call Test Case 'Test Cases/Mobile/Page/Run App/Terminate App' successfully]]></system-out>
         <system-err><![CDATA[]]></system-err>
      </testcase>
      <system-out><![CDATA[2022-03-07 14:07:07 - [TEST_SUITE][PASSED] - news: Test Cases/Mobile/Scenario/News/005 - Macro News]]></system-out>
      <system-err><![CDATA[]]></system-err>
   </testsuite>
</testsuites>
