<?xml version="1.0" encoding="UTF-8"?>
<testsuites name="analysis" time="574.813" tests="7" failures="0" skips="0" errors="0">
   <testsuite name="analysis" tests="7" failures="0" errors="0" time="574.813" skips="0" timestamp="2022-01-14 10:20:43" hostname="Owner - aldy-tft" id="Test Suites/analysis">
      <properties>
         <property name="deviceName" value="samsung SM-A205F (Android 11)"/>
         <property name="devicePlatform" value=""/>
         <property name="logFolder" value="C:\\Users\\Owner\\Documents\\kerjaan\\KatalonProject\\qa_katalon_pwm\\qa_katalon_pwm\\Reports\\20220114_102003\\analysis\\20220114_102006"/>
         <property name="logFiles" value="C:\\Users\\Owner\\Documents\\kerjaan\\KatalonProject\\qa_katalon_pwm\\qa_katalon_pwm\\Reports\\20220114_102003\\analysis\\20220114_102006\\appium.log, C:\\Users\\Owner\\Documents\\kerjaan\\KatalonProject\\qa_katalon_pwm\\qa_katalon_pwm\\Reports\\20220114_102003\\analysis\\20220114_102006\\execution0.log"/>
         <property name="attachments" value=""/>
         <property name="hostName" value="Owner - aldy-tft"/>
         <property name="os" value="Windows 10 64bit"/>
         <property name="appiumServerStatus" value="{&quot;value&quot;:{&quot;build&quot;:{&quot;version&quot;:&quot;1.22.0&quot;}},&quot;sessionId&quot;:null,&quot;status&quot;:0}"/>
         <property name="katalonVersion" value="7.9.1.208"/>
         <property name="deviceOS" value="Android"/>
         <property name="appiumVersion" value="1.22.0"/>
         <property name="deviceModel" value="SM-A205F"/>
         <property name="hostAddress" value="10.0.50.27"/>
         <property name="deviceManufacturer" value="samsung"/>
         <property name="deviceId" value="RR8M40C9AXE"/>
         <property name="deviceName" value="samsung SM-A205F (Android 11)"/>
         <property name="deviceOSVersion" value="11"/>
      </properties>
      <testcase name="Test Cases/Mobile/Scenario/Analysis/001 - Melihat list stock technical analysis" time="139.77" classname="Test Cases/Mobile/Scenario/Analysis/001 - Melihat list stock technical analysis" status="PASSED">
         <system-out><![CDATA[2022-01-14 10:20:44 - [TEST_CASE][PASSED] - Test Cases/Mobile/Scenario/Analysis/001 - Melihat list stock technical analysis: Test Cases/Mobile/Scenario/Analysis/001 - Melihat list stock technical analysis

2022-01-14 10:20:44 - [TEST_STEP][PASSED] - callTestCase(findTestCase("Mobile/Page/Run App/Run App byID"), [:], STOP_ON_FAILURE): Call Test Case 'Test Cases/Mobile/Page/Run App/Run App byID' successfully

2022-01-14 10:20:44 - [TEST_CASE][PASSED] - Test Cases/Mobile/Page/Run App/Run App byID: Test Cases/Mobile/Page/Run App/Run App byID

2022-01-14 10:20:45 - [TEST_STEP][PASSED] - startApp.OpenApp.startApplication("id.co.miraeasset.sageclub"): startApp.OpenApp.startApplication is PASSED

2022-01-14 10:20:47 - [MESSAGE][INFO] - Appium server started on port 63,183

2022-01-14 10:21:12 - [MESSAGE][PASSED] - Starting app with application ID: 'id.co.miraeasset.sageclub'

2022-01-14 10:21:12 - [MESSAGE][PASSED] - startApp.OpenApp.startApplication is PASSED

2022-01-14 10:21:12 - [MESSAGE][PASSED] - Call Test Case 'Test Cases/Mobile/Page/Run App/Run App byID' successfully

2022-01-14 10:21:12 - [TEST_STEP][PASSED] - callTestCase(findTestCase("Mobile/Page/Analysis/Analysis"), ["action":"technicalsearch"], CONTINUE_ON_FAILURE): Call Test Case 'Test Cases/Mobile/Page/Analysis/Analysis' successfully

2022-01-14 10:21:12 - [TEST_CASE][PASSED] - Test Cases/Mobile/Page/Analysis/Analysis: Test Cases/Mobile/Page/Analysis/Analysis

2022-01-14 10:21:13 - [TEST_STEP][PASSED] - callTestCase(findTestCase("Mobile/Page/CheckLogin"), [:], CONTINUE_ON_FAILURE): Call Test Case 'Test Cases/Mobile/Page/CheckLogin' successfully

2022-01-14 10:21:13 - [TEST_CASE][PASSED] - Test Cases/Mobile/Page/CheckLogin: Test Cases/Mobile/Page/CheckLogin

2022-01-14 10:21:14 - [TEST_STEP][PASSED] - loginCheck = verifyElementExist(LOGN_BtnLogin, 5, CONTINUE_ON_FAILURE): Element 'Object Repository/Mobile/Page/Login/Button - Login' is exist

2022-01-14 10:21:54 - [MESSAGE][PASSED] - Element 'Object Repository/Mobile/Page/Login/Button - Login' is exist

2022-01-14 10:21:54 - [TEST_STEP][PASSED] - if (loginCheck): Call Test Case 'Test Cases/Mobile/Page/Login/Login' successfully

2022-01-14 10:21:54 - [TEST_STEP][PASSED] - callTestCase(findTestCase("Mobile/Page/Login/Login"), ["action":"username"], CONTINUE_ON_FAILURE): Call Test Case 'Test Cases/Mobile/Page/Login/Login' successfully

2022-01-14 10:21:54 - [TEST_CASE][PASSED] - Test Cases/Mobile/Page/Login/Login: Test Cases/Mobile/Page/Login/Login

2022-01-14 10:21:55 - [TEST_STEP][PASSED] - delay(2): Delayed 2 second(s)

2022-01-14 10:21:57 - [MESSAGE][PASSED] - Delayed 2 second(s)

2022-01-14 10:21:57 - [TEST_STEP][PASSED] - for ([i = 0, i < 1, (i++)]): null

2022-01-14 10:21:57 - [TEST_STEP][PASSED] - if (action == "username"): null

2022-01-14 10:21:57 - [TEST_STEP][PASSED] - tap(LOGN_EdtUserID, 0): Tapped on element 'Object Repository/Mobile/Page/Login/Input - UserID'

2022-01-14 10:21:57 - [MESSAGE][WARNING] - Timeout '0' is invalid. Using default page load timeout: '60'

2022-01-14 10:21:58 - [MESSAGE][PASSED] - Tapped on element 'Object Repository/Mobile/Page/Login/Input - UserID'

2022-01-14 10:21:58 - [TEST_STEP][PASSED] - delay(1): Delayed 1 second(s)

2022-01-14 10:21:59 - [MESSAGE][PASSED] - Delayed 1 second(s)

2022-01-14 10:21:59 - [TEST_STEP][PASSED] - setText(LOGN_EdtRdyUserID, "anggaaditya", 0): Text 'anggaaditya' has been set to element 'Object Repository/Mobile/Page/Login/Input Rdy - UserID'

2022-01-14 10:21:59 - [MESSAGE][WARNING] - Timeout '0' is invalid. Using default page load timeout: '60'

2022-01-14 10:22:01 - [MESSAGE][PASSED] - Text 'anggaaditya' has been set to element 'Object Repository/Mobile/Page/Login/Input Rdy - UserID'

2022-01-14 10:22:01 - [TEST_STEP][PASSED] - delay(1): Delayed 1 second(s)

2022-01-14 10:22:02 - [MESSAGE][PASSED] - Delayed 1 second(s)

2022-01-14 10:22:02 - [TEST_STEP][PASSED] - hideKeyboard(): Keyboard is hidden

2022-01-14 10:22:10 - [MESSAGE][PASSED] - Keyboard is hidden

2022-01-14 10:22:10 - [TEST_STEP][PASSED] - tap(LOGN_EdtPassword, 0): Tapped on element 'Object Repository/Mobile/Page/Login/Input - Password'

2022-01-14 10:22:10 - [MESSAGE][WARNING] - Timeout '0' is invalid. Using default page load timeout: '60'

2022-01-14 10:22:10 - [MESSAGE][PASSED] - Tapped on element 'Object Repository/Mobile/Page/Login/Input - Password'

2022-01-14 10:22:10 - [TEST_STEP][PASSED] - delay(1): Delayed 1 second(s)

2022-01-14 10:22:11 - [MESSAGE][PASSED] - Delayed 1 second(s)

2022-01-14 10:22:11 - [TEST_STEP][PASSED] - setText(LOGN_EdtRdyPassword, "Shalawa18", 0): Text 'Shalawa18' has been set to element 'Object Repository/Mobile/Page/Login/Input Rdy - Password'

2022-01-14 10:22:11 - [MESSAGE][WARNING] - Timeout '0' is invalid. Using default page load timeout: '60'

2022-01-14 10:22:13 - [MESSAGE][PASSED] - Text 'Shalawa18' has been set to element 'Object Repository/Mobile/Page/Login/Input Rdy - Password'

2022-01-14 10:22:13 - [TEST_STEP][PASSED] - delay(1): Delayed 1 second(s)

2022-01-14 10:22:14 - [MESSAGE][PASSED] - Delayed 1 second(s)

2022-01-14 10:22:14 - [TEST_STEP][PASSED] - hideKeyboard(): Keyboard is hidden

2022-01-14 10:22:24 - [MESSAGE][PASSED] - Keyboard is hidden

2022-01-14 10:22:24 - [TEST_STEP][PASSED] - tap(LOGN_BtnLogin, 0): Tapped on element 'Object Repository/Mobile/Page/Login/Button - Login'

2022-01-14 10:22:24 - [MESSAGE][WARNING] - Timeout '0' is invalid. Using default page load timeout: '60'

2022-01-14 10:22:25 - [MESSAGE][PASSED] - Tapped on element 'Object Repository/Mobile/Page/Login/Button - Login'

2022-01-14 10:22:25 - [TEST_STEP][PASSED] - delay(2): Delayed 2 second(s)

2022-01-14 10:22:27 - [MESSAGE][PASSED] - Delayed 2 second(s)

2022-01-14 10:22:27 - [TEST_STEP][PASSED] - break: null

2022-01-14 10:22:27 - [MESSAGE][PASSED] - Call Test Case 'Test Cases/Mobile/Page/Login/Login' successfully

2022-01-14 10:22:27 - [MESSAGE][PASSED] - Call Test Case 'Test Cases/Mobile/Page/CheckLogin' successfully

2022-01-14 10:22:27 - [TEST_STEP][PASSED] - tap(HOME_MenubarAnalysis, 0): Tapped on element 'Object Repository/Mobile/Page/Home/Menubar - Analysis'

2022-01-14 10:22:27 - [MESSAGE][WARNING] - Timeout '0' is invalid. Using default page load timeout: '60'

2022-01-14 10:22:29 - [MESSAGE][PASSED] - Tapped on element 'Object Repository/Mobile/Page/Home/Menubar - Analysis'

2022-01-14 10:22:29 - [TEST_STEP][PASSED] - delay(1): Delayed 1 second(s)

2022-01-14 10:22:30 - [MESSAGE][PASSED] - Delayed 1 second(s)

2022-01-14 10:22:30 - [TEST_STEP][PASSED] - for ([i = 0, i < 1, (i++)]): Delayed 2 second(s)

2022-01-14 10:22:30 - [TEST_STEP][PASSED] - if (action == "technicalsearch"): Delayed 2 second(s)

2022-01-14 10:22:30 - [TEST_STEP][PASSED] - tap(ANAL_DropTechIndicator, 0): Tapped on element 'Object Repository/Mobile/Page/Analysis/Dropdown - Technical Indicator'

2022-01-14 10:22:30 - [MESSAGE][WARNING] - Timeout '0' is invalid. Using default page load timeout: '60'

2022-01-14 10:22:31 - [MESSAGE][PASSED] - Tapped on element 'Object Repository/Mobile/Page/Analysis/Dropdown - Technical Indicator'

2022-01-14 10:22:31 - [TEST_STEP][PASSED] - delay(1): Delayed 1 second(s)

2022-01-14 10:22:32 - [MESSAGE][PASSED] - Delayed 1 second(s)

2022-01-14 10:22:32 - [TEST_STEP][PASSED] - tap(ANAL_OptTechIndicatorAll, 0): Tapped on element 'Object Repository/Mobile/Page/Analysis/Option Technical Indicator - All'

2022-01-14 10:22:32 - [MESSAGE][WARNING] - Timeout '0' is invalid. Using default page load timeout: '60'

2022-01-14 10:22:33 - [MESSAGE][PASSED] - Tapped on element 'Object Repository/Mobile/Page/Analysis/Option Technical Indicator - All'

2022-01-14 10:22:33 - [TEST_STEP][PASSED] - delay(1): Delayed 1 second(s)

2022-01-14 10:22:34 - [MESSAGE][PASSED] - Delayed 1 second(s)

2022-01-14 10:22:34 - [TEST_STEP][PASSED] - tap(ANAL_DropMarketCap, 0): Tapped on element 'Object Repository/Mobile/Page/Analysis/Dropdown - Market Cap'

2022-01-14 10:22:34 - [MESSAGE][WARNING] - Timeout '0' is invalid. Using default page load timeout: '60'

2022-01-14 10:22:34 - [MESSAGE][PASSED] - Tapped on element 'Object Repository/Mobile/Page/Analysis/Dropdown - Market Cap'

2022-01-14 10:22:34 - [TEST_STEP][PASSED] - delay(1): Delayed 1 second(s)

2022-01-14 10:22:35 - [MESSAGE][PASSED] - Delayed 1 second(s)

2022-01-14 10:22:35 - [TEST_STEP][PASSED] - tap(ANAL_OptMarketCap1T, 0): Tapped on element 'Object Repository/Mobile/Page/Analysis/Option Market Cap - 1 Trillion'

2022-01-14 10:22:35 - [MESSAGE][WARNING] - Timeout '0' is invalid. Using default page load timeout: '60'

2022-01-14 10:22:36 - [MESSAGE][PASSED] - Tapped on element 'Object Repository/Mobile/Page/Analysis/Option Market Cap - 1 Trillion'

2022-01-14 10:22:36 - [TEST_STEP][PASSED] - delay(1): Delayed 1 second(s)

2022-01-14 10:22:37 - [MESSAGE][PASSED] - Delayed 1 second(s)

2022-01-14 10:22:37 - [TEST_STEP][PASSED] - tap(ANAL_DropTransaction, 0): Tapped on element 'Object Repository/Mobile/Page/Analysis/Dropdown - Transaction'

2022-01-14 10:22:37 - [MESSAGE][WARNING] - Timeout '0' is invalid. Using default page load timeout: '60'

2022-01-14 10:22:39 - [MESSAGE][PASSED] - Tapped on element 'Object Repository/Mobile/Page/Analysis/Dropdown - Transaction'

2022-01-14 10:22:39 - [TEST_STEP][PASSED] - delay(1): Delayed 1 second(s)

2022-01-14 10:22:40 - [MESSAGE][PASSED] - Delayed 1 second(s)

2022-01-14 10:22:40 - [TEST_STEP][PASSED] - tap(ANAL_OptTransaction1B, 0): Tapped on element 'Object Repository/Mobile/Page/Analysis/Option Transaction - 1 Billion'

2022-01-14 10:22:40 - [MESSAGE][WARNING] - Timeout '0' is invalid. Using default page load timeout: '60'

2022-01-14 10:22:41 - [MESSAGE][PASSED] - Tapped on element 'Object Repository/Mobile/Page/Analysis/Option Transaction - 1 Billion'

2022-01-14 10:22:41 - [TEST_STEP][PASSED] - delay(1): Delayed 1 second(s)

2022-01-14 10:22:42 - [MESSAGE][PASSED] - Delayed 1 second(s)

2022-01-14 10:22:42 - [TEST_STEP][PASSED] - tap(ANAL_DropTimeFrame, 0): Tapped on element 'Object Repository/Mobile/Page/Analysis/Dropdown - Time Frame'

2022-01-14 10:22:42 - [MESSAGE][WARNING] - Timeout '0' is invalid. Using default page load timeout: '60'

2022-01-14 10:22:43 - [MESSAGE][PASSED] - Tapped on element 'Object Repository/Mobile/Page/Analysis/Dropdown - Time Frame'

2022-01-14 10:22:43 - [TEST_STEP][PASSED] - delay(1): Delayed 1 second(s)

2022-01-14 10:22:44 - [MESSAGE][PASSED] - Delayed 1 second(s)

2022-01-14 10:22:44 - [TEST_STEP][PASSED] - tap(ANAL_OptTimeFrameDaily, 0): Tapped on element 'Object Repository/Mobile/Page/Analysis/Option Time Frame - Daily'

2022-01-14 10:22:44 - [MESSAGE][WARNING] - Timeout '0' is invalid. Using default page load timeout: '60'

2022-01-14 10:22:46 - [MESSAGE][PASSED] - Tapped on element 'Object Repository/Mobile/Page/Analysis/Option Time Frame - Daily'

2022-01-14 10:22:46 - [TEST_STEP][PASSED] - delay(1): Delayed 1 second(s)

2022-01-14 10:22:47 - [MESSAGE][PASSED] - Delayed 1 second(s)

2022-01-14 10:22:47 - [TEST_STEP][PASSED] - tap(ANAL_DropIndex, 0): Tapped on element 'Object Repository/Mobile/Page/Analysis/Dropdown - Index'

2022-01-14 10:22:47 - [MESSAGE][WARNING] - Timeout '0' is invalid. Using default page load timeout: '60'

2022-01-14 10:22:48 - [MESSAGE][PASSED] - Tapped on element 'Object Repository/Mobile/Page/Analysis/Dropdown - Index'

2022-01-14 10:22:48 - [TEST_STEP][PASSED] - delay(1): Delayed 1 second(s)

2022-01-14 10:22:49 - [MESSAGE][PASSED] - Delayed 1 second(s)

2022-01-14 10:22:49 - [TEST_STEP][PASSED] - tap(ANAL_OptIndexIdx30, 0): Tapped on element 'Object Repository/Mobile/Page/Analysis/Option Index - Idx30'

2022-01-14 10:22:49 - [MESSAGE][WARNING] - Timeout '0' is invalid. Using default page load timeout: '60'

2022-01-14 10:22:50 - [MESSAGE][PASSED] - Tapped on element 'Object Repository/Mobile/Page/Analysis/Option Index - Idx30'

2022-01-14 10:22:50 - [TEST_STEP][PASSED] - delay(2): Delayed 2 second(s)

2022-01-14 10:22:52 - [MESSAGE][PASSED] - Delayed 2 second(s)

2022-01-14 10:22:52 - [MESSAGE][PASSED] - Call Test Case 'Test Cases/Mobile/Page/Analysis/Analysis' successfully

2022-01-14 10:22:52 - [TEST_STEP][PASSED] - callTestCase(findTestCase("Mobile/Page/Run App/Terminate App"), [:], STOP_ON_FAILURE): Call Test Case 'Test Cases/Mobile/Page/Run App/Terminate App' successfully

2022-01-14 10:22:52 - [TEST_CASE][PASSED] - Test Cases/Mobile/Page/Run App/Terminate App: Test Cases/Mobile/Page/Run App/Terminate App

2022-01-14 10:22:53 - [TEST_STEP][PASSED] - startApp.OpenApp.terminateApplication(): startApp.OpenApp.terminateApplication is PASSED

2022-01-14 10:22:56 - [MESSAGE][PASSED] - Delayed 3 second(s)

2022-01-14 10:22:56 - [MESSAGE][PASSED] - Current device physical width is 720

2022-01-14 10:22:57 - [MESSAGE][PASSED] - Current device physical height is 1423

2022-01-14 10:22:58 - [MESSAGE][PASSED] - Swiped from 360,853 to 360,142

2022-01-14 10:22:59 - [MESSAGE][PASSED] - Delayed 1 second(s)

2022-01-14 10:23:00 - [MESSAGE][PASSED] - Swiped from 360,853 to 360,142

2022-01-14 10:23:03 - [MESSAGE][PASSED] - Delayed 3 second(s)

2022-01-14 10:23:03 - [MESSAGE][PASSED] - startApp.OpenApp.terminateApplication is PASSED

2022-01-14 10:23:03 - [MESSAGE][PASSED] - Call Test Case 'Test Cases/Mobile/Page/Run App/Terminate App' successfully]]></system-out>
         <system-err><![CDATA[]]></system-err>
      </testcase>
      <testcase name="Test Cases/Mobile/Scenario/Analysis/002 - Melihat detail stock kategori day" time="73.978" classname="Test Cases/Mobile/Scenario/Analysis/002 - Melihat detail stock kategori day" status="PASSED">
         <system-out><![CDATA[2022-01-14 10:23:04 - [TEST_CASE][PASSED] - Test Cases/Mobile/Scenario/Analysis/002 - Melihat detail stock kategori day: Test Cases/Mobile/Scenario/Analysis/002 - Melihat detail stock kategori day

2022-01-14 10:23:04 - [TEST_STEP][PASSED] - callTestCase(findTestCase("Mobile/Page/Run App/Run App byID"), [:], STOP_ON_FAILURE): Call Test Case 'Test Cases/Mobile/Page/Run App/Run App byID' successfully

2022-01-14 10:23:04 - [TEST_CASE][PASSED] - Test Cases/Mobile/Page/Run App/Run App byID: Test Cases/Mobile/Page/Run App/Run App byID

2022-01-14 10:23:04 - [TEST_STEP][PASSED] - startApp.OpenApp.startApplication("id.co.miraeasset.sageclub"): startApp.OpenApp.startApplication is PASSED

2022-01-14 10:23:21 - [MESSAGE][PASSED] - Starting app with application ID: 'id.co.miraeasset.sageclub'

2022-01-14 10:23:21 - [MESSAGE][PASSED] - startApp.OpenApp.startApplication is PASSED

2022-01-14 10:23:21 - [MESSAGE][PASSED] - Call Test Case 'Test Cases/Mobile/Page/Run App/Run App byID' successfully

2022-01-14 10:23:21 - [TEST_STEP][PASSED] - callTestCase(findTestCase("Mobile/Page/Analysis/Analysis"), ["action":"technicaldetail", "action2":"day"], CONTINUE_ON_FAILURE): Call Test Case 'Test Cases/Mobile/Page/Analysis/Analysis' successfully

2022-01-14 10:23:21 - [TEST_CASE][PASSED] - Test Cases/Mobile/Page/Analysis/Analysis: Test Cases/Mobile/Page/Analysis/Analysis

2022-01-14 10:23:21 - [TEST_STEP][PASSED] - callTestCase(findTestCase("Mobile/Page/CheckLogin"), [:], CONTINUE_ON_FAILURE): Call Test Case 'Test Cases/Mobile/Page/CheckLogin' successfully

2022-01-14 10:23:21 - [TEST_CASE][PASSED] - Test Cases/Mobile/Page/CheckLogin: Test Cases/Mobile/Page/CheckLogin

2022-01-14 10:23:21 - [TEST_STEP][PASSED] - loginCheck = verifyElementExist(LOGN_BtnLogin, 5, CONTINUE_ON_FAILURE): Element 'Object Repository/Mobile/Page/Login/Button - Login' is exist

2022-01-14 10:23:24 - [MESSAGE][PASSED] - Element 'Object Repository/Mobile/Page/Login/Button - Login' is exist

2022-01-14 10:23:24 - [TEST_STEP][PASSED] - if (loginCheck): Call Test Case 'Test Cases/Mobile/Page/Login/Login' successfully

2022-01-14 10:23:24 - [TEST_STEP][PASSED] - callTestCase(findTestCase("Mobile/Page/Login/Login"), ["action":"username"], CONTINUE_ON_FAILURE): Call Test Case 'Test Cases/Mobile/Page/Login/Login' successfully

2022-01-14 10:23:24 - [TEST_CASE][PASSED] - Test Cases/Mobile/Page/Login/Login: Test Cases/Mobile/Page/Login/Login

2022-01-14 10:23:24 - [TEST_STEP][PASSED] - delay(2): Delayed 2 second(s)

2022-01-14 10:23:26 - [MESSAGE][PASSED] - Delayed 2 second(s)

2022-01-14 10:23:26 - [TEST_STEP][PASSED] - for ([i = 0, i < 1, (i++)]): null

2022-01-14 10:23:26 - [TEST_STEP][PASSED] - if (action == "username"): null

2022-01-14 10:23:26 - [TEST_STEP][PASSED] - tap(LOGN_EdtUserID, 0): Tapped on element 'Object Repository/Mobile/Page/Login/Input - UserID'

2022-01-14 10:23:26 - [MESSAGE][WARNING] - Timeout '0' is invalid. Using default page load timeout: '60'

2022-01-14 10:23:27 - [MESSAGE][PASSED] - Tapped on element 'Object Repository/Mobile/Page/Login/Input - UserID'

2022-01-14 10:23:27 - [TEST_STEP][PASSED] - delay(1): Delayed 1 second(s)

2022-01-14 10:23:28 - [MESSAGE][PASSED] - Delayed 1 second(s)

2022-01-14 10:23:28 - [TEST_STEP][PASSED] - setText(LOGN_EdtRdyUserID, "anggaaditya", 0): Text 'anggaaditya' has been set to element 'Object Repository/Mobile/Page/Login/Input Rdy - UserID'

2022-01-14 10:23:28 - [MESSAGE][WARNING] - Timeout '0' is invalid. Using default page load timeout: '60'

2022-01-14 10:23:29 - [MESSAGE][PASSED] - Text 'anggaaditya' has been set to element 'Object Repository/Mobile/Page/Login/Input Rdy - UserID'

2022-01-14 10:23:29 - [TEST_STEP][PASSED] - delay(1): Delayed 1 second(s)

2022-01-14 10:23:30 - [MESSAGE][PASSED] - Delayed 1 second(s)

2022-01-14 10:23:30 - [TEST_STEP][PASSED] - hideKeyboard(): Keyboard is hidden

2022-01-14 10:23:39 - [MESSAGE][PASSED] - Keyboard is hidden

2022-01-14 10:23:39 - [TEST_STEP][PASSED] - tap(LOGN_EdtPassword, 0): Tapped on element 'Object Repository/Mobile/Page/Login/Input - Password'

2022-01-14 10:23:39 - [MESSAGE][WARNING] - Timeout '0' is invalid. Using default page load timeout: '60'

2022-01-14 10:23:39 - [MESSAGE][PASSED] - Tapped on element 'Object Repository/Mobile/Page/Login/Input - Password'

2022-01-14 10:23:39 - [TEST_STEP][PASSED] - delay(1): Delayed 1 second(s)

2022-01-14 10:23:40 - [MESSAGE][PASSED] - Delayed 1 second(s)

2022-01-14 10:23:40 - [TEST_STEP][PASSED] - setText(LOGN_EdtRdyPassword, "Shalawa18", 0): Text 'Shalawa18' has been set to element 'Object Repository/Mobile/Page/Login/Input Rdy - Password'

2022-01-14 10:23:40 - [MESSAGE][WARNING] - Timeout '0' is invalid. Using default page load timeout: '60'

2022-01-14 10:23:41 - [MESSAGE][PASSED] - Text 'Shalawa18' has been set to element 'Object Repository/Mobile/Page/Login/Input Rdy - Password'

2022-01-14 10:23:41 - [TEST_STEP][PASSED] - delay(1): Delayed 1 second(s)

2022-01-14 10:23:42 - [MESSAGE][PASSED] - Delayed 1 second(s)

2022-01-14 10:23:42 - [TEST_STEP][PASSED] - hideKeyboard(): Keyboard is hidden

2022-01-14 10:23:53 - [MESSAGE][PASSED] - Keyboard is hidden

2022-01-14 10:23:53 - [TEST_STEP][PASSED] - tap(LOGN_BtnLogin, 0): Tapped on element 'Object Repository/Mobile/Page/Login/Button - Login'

2022-01-14 10:23:53 - [MESSAGE][WARNING] - Timeout '0' is invalid. Using default page load timeout: '60'

2022-01-14 10:23:54 - [MESSAGE][PASSED] - Tapped on element 'Object Repository/Mobile/Page/Login/Button - Login'

2022-01-14 10:23:54 - [TEST_STEP][PASSED] - delay(2): Delayed 2 second(s)

2022-01-14 10:23:56 - [MESSAGE][PASSED] - Delayed 2 second(s)

2022-01-14 10:23:56 - [TEST_STEP][PASSED] - break: null

2022-01-14 10:23:56 - [MESSAGE][PASSED] - Call Test Case 'Test Cases/Mobile/Page/Login/Login' successfully

2022-01-14 10:23:56 - [MESSAGE][PASSED] - Call Test Case 'Test Cases/Mobile/Page/CheckLogin' successfully

2022-01-14 10:23:56 - [TEST_STEP][PASSED] - tap(HOME_MenubarAnalysis, 0): Tapped on element 'Object Repository/Mobile/Page/Home/Menubar - Analysis'

2022-01-14 10:23:56 - [MESSAGE][WARNING] - Timeout '0' is invalid. Using default page load timeout: '60'

2022-01-14 10:23:59 - [MESSAGE][PASSED] - Tapped on element 'Object Repository/Mobile/Page/Home/Menubar - Analysis'

2022-01-14 10:23:59 - [TEST_STEP][PASSED] - delay(1): Delayed 1 second(s)

2022-01-14 10:24:00 - [MESSAGE][PASSED] - Delayed 1 second(s)

2022-01-14 10:24:00 - [TEST_STEP][PASSED] - for ([i = 0, i < 1, (i++)]): Delayed 2 second(s)

2022-01-14 10:24:00 - [TEST_STEP][PASSED] - if (action == "technicalsearch"): null

2022-01-14 10:24:00 - [TEST_STEP][PASSED] - else if (action == "technicaldetail"): Delayed 2 second(s)

2022-01-14 10:24:00 - [TEST_STEP][PASSED] - tap(ANAL_ItemTopResultTech, 0): Tapped on element 'Object Repository/Mobile/Page/Analysis/Item - Top Technical'

2022-01-14 10:24:00 - [MESSAGE][WARNING] - Timeout '0' is invalid. Using default page load timeout: '60'

2022-01-14 10:24:01 - [MESSAGE][PASSED] - Tapped on element 'Object Repository/Mobile/Page/Analysis/Item - Top Technical'

2022-01-14 10:24:01 - [TEST_STEP][PASSED] - delay(3): Delayed 3 second(s)

2022-01-14 10:24:04 - [MESSAGE][PASSED] - Delayed 3 second(s)

2022-01-14 10:24:04 - [TEST_STEP][PASSED] - switch (action2): null

2022-01-14 10:24:04 - [TEST_STEP][PASSED] - case "day":: null

2022-01-14 10:24:04 - [TEST_STEP][PASSED] - tap(ANAL_DETL_BtnD, 0): Tapped on element 'Object Repository/Mobile/Page/Analysis/Detail/Button - D'

2022-01-14 10:24:04 - [MESSAGE][WARNING] - Timeout '0' is invalid. Using default page load timeout: '60'

2022-01-14 10:24:05 - [MESSAGE][PASSED] - Tapped on element 'Object Repository/Mobile/Page/Analysis/Detail/Button - D'

2022-01-14 10:24:05 - [TEST_STEP][PASSED] - break: null

2022-01-14 10:24:05 - [TEST_STEP][PASSED] - delay(2): Delayed 2 second(s)

2022-01-14 10:24:07 - [MESSAGE][PASSED] - Delayed 2 second(s)

2022-01-14 10:24:07 - [MESSAGE][PASSED] - Call Test Case 'Test Cases/Mobile/Page/Analysis/Analysis' successfully

2022-01-14 10:24:07 - [TEST_STEP][PASSED] - callTestCase(findTestCase("Mobile/Page/Run App/Terminate App"), [:], STOP_ON_FAILURE): Call Test Case 'Test Cases/Mobile/Page/Run App/Terminate App' successfully

2022-01-14 10:24:07 - [TEST_CASE][PASSED] - Test Cases/Mobile/Page/Run App/Terminate App: Test Cases/Mobile/Page/Run App/Terminate App

2022-01-14 10:24:07 - [TEST_STEP][PASSED] - startApp.OpenApp.terminateApplication(): startApp.OpenApp.terminateApplication is PASSED

2022-01-14 10:24:10 - [MESSAGE][PASSED] - Delayed 3 second(s)

2022-01-14 10:24:11 - [MESSAGE][PASSED] - Current device physical width is 720

2022-01-14 10:24:11 - [MESSAGE][PASSED] - Current device physical height is 1423

2022-01-14 10:24:12 - [MESSAGE][PASSED] - Swiped from 360,853 to 360,142

2022-01-14 10:24:13 - [MESSAGE][PASSED] - Delayed 1 second(s)

2022-01-14 10:24:14 - [MESSAGE][PASSED] - Swiped from 360,853 to 360,142

2022-01-14 10:24:17 - [MESSAGE][PASSED] - Delayed 3 second(s)

2022-01-14 10:24:17 - [MESSAGE][PASSED] - startApp.OpenApp.terminateApplication is PASSED

2022-01-14 10:24:17 - [MESSAGE][PASSED] - Call Test Case 'Test Cases/Mobile/Page/Run App/Terminate App' successfully]]></system-out>
         <system-err><![CDATA[]]></system-err>
      </testcase>
      <testcase name="Test Cases/Mobile/Scenario/Analysis/003 - Melihat detail stock kategori week" time="72.986" classname="Test Cases/Mobile/Scenario/Analysis/003 - Melihat detail stock kategori week" status="PASSED">
         <system-out><![CDATA[2022-01-14 10:24:17 - [TEST_CASE][PASSED] - Test Cases/Mobile/Scenario/Analysis/003 - Melihat detail stock kategori week: Test Cases/Mobile/Scenario/Analysis/003 - Melihat detail stock kategori week

2022-01-14 10:24:18 - [TEST_STEP][PASSED] - callTestCase(findTestCase("Mobile/Page/Run App/Run App byID"), [:], STOP_ON_FAILURE): Call Test Case 'Test Cases/Mobile/Page/Run App/Run App byID' successfully

2022-01-14 10:24:18 - [TEST_CASE][PASSED] - Test Cases/Mobile/Page/Run App/Run App byID: Test Cases/Mobile/Page/Run App/Run App byID

2022-01-14 10:24:18 - [TEST_STEP][PASSED] - startApp.OpenApp.startApplication("id.co.miraeasset.sageclub"): startApp.OpenApp.startApplication is PASSED

2022-01-14 10:24:36 - [MESSAGE][PASSED] - Starting app with application ID: 'id.co.miraeasset.sageclub'

2022-01-14 10:24:36 - [MESSAGE][PASSED] - startApp.OpenApp.startApplication is PASSED

2022-01-14 10:24:36 - [MESSAGE][PASSED] - Call Test Case 'Test Cases/Mobile/Page/Run App/Run App byID' successfully

2022-01-14 10:24:36 - [TEST_STEP][PASSED] - callTestCase(findTestCase("Mobile/Page/Analysis/Analysis"), ["action":"technicaldetail", "action2":"week"], CONTINUE_ON_FAILURE): Call Test Case 'Test Cases/Mobile/Page/Analysis/Analysis' successfully

2022-01-14 10:24:36 - [TEST_CASE][PASSED] - Test Cases/Mobile/Page/Analysis/Analysis: Test Cases/Mobile/Page/Analysis/Analysis

2022-01-14 10:24:36 - [TEST_STEP][PASSED] - callTestCase(findTestCase("Mobile/Page/CheckLogin"), [:], CONTINUE_ON_FAILURE): Call Test Case 'Test Cases/Mobile/Page/CheckLogin' successfully

2022-01-14 10:24:36 - [TEST_CASE][PASSED] - Test Cases/Mobile/Page/CheckLogin: Test Cases/Mobile/Page/CheckLogin

2022-01-14 10:24:36 - [TEST_STEP][PASSED] - loginCheck = verifyElementExist(LOGN_BtnLogin, 5, CONTINUE_ON_FAILURE): Element 'Object Repository/Mobile/Page/Login/Button - Login' is exist

2022-01-14 10:24:38 - [MESSAGE][PASSED] - Element 'Object Repository/Mobile/Page/Login/Button - Login' is exist

2022-01-14 10:24:38 - [TEST_STEP][PASSED] - if (loginCheck): Call Test Case 'Test Cases/Mobile/Page/Login/Login' successfully

2022-01-14 10:24:38 - [TEST_STEP][PASSED] - callTestCase(findTestCase("Mobile/Page/Login/Login"), ["action":"username"], CONTINUE_ON_FAILURE): Call Test Case 'Test Cases/Mobile/Page/Login/Login' successfully

2022-01-14 10:24:38 - [TEST_CASE][PASSED] - Test Cases/Mobile/Page/Login/Login: Test Cases/Mobile/Page/Login/Login

2022-01-14 10:24:38 - [TEST_STEP][PASSED] - delay(2): Delayed 2 second(s)

2022-01-14 10:24:40 - [MESSAGE][PASSED] - Delayed 2 second(s)

2022-01-14 10:24:40 - [TEST_STEP][PASSED] - for ([i = 0, i < 1, (i++)]): null

2022-01-14 10:24:40 - [TEST_STEP][PASSED] - if (action == "username"): null

2022-01-14 10:24:40 - [TEST_STEP][PASSED] - tap(LOGN_EdtUserID, 0): Tapped on element 'Object Repository/Mobile/Page/Login/Input - UserID'

2022-01-14 10:24:40 - [MESSAGE][WARNING] - Timeout '0' is invalid. Using default page load timeout: '60'

2022-01-14 10:24:41 - [MESSAGE][PASSED] - Tapped on element 'Object Repository/Mobile/Page/Login/Input - UserID'

2022-01-14 10:24:41 - [TEST_STEP][PASSED] - delay(1): Delayed 1 second(s)

2022-01-14 10:24:42 - [MESSAGE][PASSED] - Delayed 1 second(s)

2022-01-14 10:24:42 - [TEST_STEP][PASSED] - setText(LOGN_EdtRdyUserID, "anggaaditya", 0): Text 'anggaaditya' has been set to element 'Object Repository/Mobile/Page/Login/Input Rdy - UserID'

2022-01-14 10:24:42 - [MESSAGE][WARNING] - Timeout '0' is invalid. Using default page load timeout: '60'

2022-01-14 10:24:44 - [MESSAGE][PASSED] - Text 'anggaaditya' has been set to element 'Object Repository/Mobile/Page/Login/Input Rdy - UserID'

2022-01-14 10:24:44 - [TEST_STEP][PASSED] - delay(1): Delayed 1 second(s)

2022-01-14 10:24:45 - [MESSAGE][PASSED] - Delayed 1 second(s)

2022-01-14 10:24:45 - [TEST_STEP][PASSED] - hideKeyboard(): Keyboard is hidden

2022-01-14 10:24:53 - [MESSAGE][PASSED] - Keyboard is hidden

2022-01-14 10:24:53 - [TEST_STEP][PASSED] - tap(LOGN_EdtPassword, 0): Tapped on element 'Object Repository/Mobile/Page/Login/Input - Password'

2022-01-14 10:24:53 - [MESSAGE][WARNING] - Timeout '0' is invalid. Using default page load timeout: '60'

2022-01-14 10:24:54 - [MESSAGE][PASSED] - Tapped on element 'Object Repository/Mobile/Page/Login/Input - Password'

2022-01-14 10:24:54 - [TEST_STEP][PASSED] - delay(1): Delayed 1 second(s)

2022-01-14 10:24:55 - [MESSAGE][PASSED] - Delayed 1 second(s)

2022-01-14 10:24:55 - [TEST_STEP][PASSED] - setText(LOGN_EdtRdyPassword, "Shalawa18", 0): Text 'Shalawa18' has been set to element 'Object Repository/Mobile/Page/Login/Input Rdy - Password'

2022-01-14 10:24:55 - [MESSAGE][WARNING] - Timeout '0' is invalid. Using default page load timeout: '60'

2022-01-14 10:24:56 - [MESSAGE][PASSED] - Text 'Shalawa18' has been set to element 'Object Repository/Mobile/Page/Login/Input Rdy - Password'

2022-01-14 10:24:56 - [TEST_STEP][PASSED] - delay(1): Delayed 1 second(s)

2022-01-14 10:24:57 - [MESSAGE][PASSED] - Delayed 1 second(s)

2022-01-14 10:24:57 - [TEST_STEP][PASSED] - hideKeyboard(): Keyboard is hidden

2022-01-14 10:25:07 - [MESSAGE][PASSED] - Keyboard is hidden

2022-01-14 10:25:07 - [TEST_STEP][PASSED] - tap(LOGN_BtnLogin, 0): Tapped on element 'Object Repository/Mobile/Page/Login/Button - Login'

2022-01-14 10:25:07 - [MESSAGE][WARNING] - Timeout '0' is invalid. Using default page load timeout: '60'

2022-01-14 10:25:08 - [MESSAGE][PASSED] - Tapped on element 'Object Repository/Mobile/Page/Login/Button - Login'

2022-01-14 10:25:08 - [TEST_STEP][PASSED] - delay(2): Delayed 2 second(s)

2022-01-14 10:25:10 - [MESSAGE][PASSED] - Delayed 2 second(s)

2022-01-14 10:25:10 - [TEST_STEP][PASSED] - break: null

2022-01-14 10:25:10 - [MESSAGE][PASSED] - Call Test Case 'Test Cases/Mobile/Page/Login/Login' successfully

2022-01-14 10:25:10 - [MESSAGE][PASSED] - Call Test Case 'Test Cases/Mobile/Page/CheckLogin' successfully

2022-01-14 10:25:10 - [TEST_STEP][PASSED] - tap(HOME_MenubarAnalysis, 0): Tapped on element 'Object Repository/Mobile/Page/Home/Menubar - Analysis'

2022-01-14 10:25:10 - [MESSAGE][WARNING] - Timeout '0' is invalid. Using default page load timeout: '60'

2022-01-14 10:25:12 - [MESSAGE][PASSED] - Tapped on element 'Object Repository/Mobile/Page/Home/Menubar - Analysis'

2022-01-14 10:25:12 - [TEST_STEP][PASSED] - delay(1): Delayed 1 second(s)

2022-01-14 10:25:13 - [MESSAGE][PASSED] - Delayed 1 second(s)

2022-01-14 10:25:13 - [TEST_STEP][PASSED] - for ([i = 0, i < 1, (i++)]): Delayed 2 second(s)

2022-01-14 10:25:13 - [TEST_STEP][PASSED] - if (action == "technicalsearch"): null

2022-01-14 10:25:13 - [TEST_STEP][PASSED] - else if (action == "technicaldetail"): Delayed 2 second(s)

2022-01-14 10:25:13 - [TEST_STEP][PASSED] - tap(ANAL_ItemTopResultTech, 0): Tapped on element 'Object Repository/Mobile/Page/Analysis/Item - Top Technical'

2022-01-14 10:25:13 - [MESSAGE][WARNING] - Timeout '0' is invalid. Using default page load timeout: '60'

2022-01-14 10:25:14 - [MESSAGE][PASSED] - Tapped on element 'Object Repository/Mobile/Page/Analysis/Item - Top Technical'

2022-01-14 10:25:14 - [TEST_STEP][PASSED] - delay(3): Delayed 3 second(s)

2022-01-14 10:25:17 - [MESSAGE][PASSED] - Delayed 3 second(s)

2022-01-14 10:25:17 - [TEST_STEP][PASSED] - switch (action2): null

2022-01-14 10:25:17 - [TEST_STEP][PASSED] - case "week":: null

2022-01-14 10:25:17 - [TEST_STEP][PASSED] - tap(ANAL_DETL_BtnW, 0): Tapped on element 'Object Repository/Mobile/Page/Analysis/Detail/Button - W'

2022-01-14 10:25:17 - [MESSAGE][WARNING] - Timeout '0' is invalid. Using default page load timeout: '60'

2022-01-14 10:25:18 - [MESSAGE][PASSED] - Tapped on element 'Object Repository/Mobile/Page/Analysis/Detail/Button - W'

2022-01-14 10:25:18 - [TEST_STEP][PASSED] - break: null

2022-01-14 10:25:18 - [TEST_STEP][PASSED] - delay(2): Delayed 2 second(s)

2022-01-14 10:25:20 - [MESSAGE][PASSED] - Delayed 2 second(s)

2022-01-14 10:25:20 - [MESSAGE][PASSED] - Call Test Case 'Test Cases/Mobile/Page/Analysis/Analysis' successfully

2022-01-14 10:25:20 - [TEST_STEP][PASSED] - callTestCase(findTestCase("Mobile/Page/Run App/Terminate App"), [:], STOP_ON_FAILURE): Call Test Case 'Test Cases/Mobile/Page/Run App/Terminate App' successfully

2022-01-14 10:25:20 - [TEST_CASE][PASSED] - Test Cases/Mobile/Page/Run App/Terminate App: Test Cases/Mobile/Page/Run App/Terminate App

2022-01-14 10:25:20 - [TEST_STEP][PASSED] - startApp.OpenApp.terminateApplication(): startApp.OpenApp.terminateApplication is PASSED

2022-01-14 10:25:23 - [MESSAGE][PASSED] - Delayed 3 second(s)

2022-01-14 10:25:23 - [MESSAGE][PASSED] - Current device physical width is 720

2022-01-14 10:25:24 - [MESSAGE][PASSED] - Current device physical height is 1423

2022-01-14 10:25:25 - [MESSAGE][PASSED] - Swiped from 360,853 to 360,142

2022-01-14 10:25:26 - [MESSAGE][PASSED] - Delayed 1 second(s)

2022-01-14 10:25:27 - [MESSAGE][PASSED] - Swiped from 360,853 to 360,142

2022-01-14 10:25:30 - [MESSAGE][PASSED] - Delayed 3 second(s)

2022-01-14 10:25:30 - [MESSAGE][PASSED] - startApp.OpenApp.terminateApplication is PASSED

2022-01-14 10:25:30 - [MESSAGE][PASSED] - Call Test Case 'Test Cases/Mobile/Page/Run App/Terminate App' successfully]]></system-out>
         <system-err><![CDATA[]]></system-err>
      </testcase>
      <testcase name="Test Cases/Mobile/Scenario/Analysis/004 - Melihat detail stock kategori month" time="74.02" classname="Test Cases/Mobile/Scenario/Analysis/004 - Melihat detail stock kategori month" status="PASSED">
         <system-out><![CDATA[2022-01-14 10:25:30 - [TEST_CASE][PASSED] - Test Cases/Mobile/Scenario/Analysis/004 - Melihat detail stock kategori month: Test Cases/Mobile/Scenario/Analysis/004 - Melihat detail stock kategori month

2022-01-14 10:25:31 - [TEST_STEP][PASSED] - callTestCase(findTestCase("Mobile/Page/Run App/Run App byID"), [:], STOP_ON_FAILURE): Call Test Case 'Test Cases/Mobile/Page/Run App/Run App byID' successfully

2022-01-14 10:25:31 - [TEST_CASE][PASSED] - Test Cases/Mobile/Page/Run App/Run App byID: Test Cases/Mobile/Page/Run App/Run App byID

2022-01-14 10:25:31 - [TEST_STEP][PASSED] - startApp.OpenApp.startApplication("id.co.miraeasset.sageclub"): startApp.OpenApp.startApplication is PASSED

2022-01-14 10:25:49 - [MESSAGE][PASSED] - Starting app with application ID: 'id.co.miraeasset.sageclub'

2022-01-14 10:25:49 - [MESSAGE][PASSED] - startApp.OpenApp.startApplication is PASSED

2022-01-14 10:25:49 - [MESSAGE][PASSED] - Call Test Case 'Test Cases/Mobile/Page/Run App/Run App byID' successfully

2022-01-14 10:25:49 - [TEST_STEP][PASSED] - callTestCase(findTestCase("Mobile/Page/Analysis/Analysis"), ["action":"technicaldetail", "action2":"month"], CONTINUE_ON_FAILURE): Call Test Case 'Test Cases/Mobile/Page/Analysis/Analysis' successfully

2022-01-14 10:25:49 - [TEST_CASE][PASSED] - Test Cases/Mobile/Page/Analysis/Analysis: Test Cases/Mobile/Page/Analysis/Analysis

2022-01-14 10:25:49 - [TEST_STEP][PASSED] - callTestCase(findTestCase("Mobile/Page/CheckLogin"), [:], CONTINUE_ON_FAILURE): Call Test Case 'Test Cases/Mobile/Page/CheckLogin' successfully

2022-01-14 10:25:49 - [TEST_CASE][PASSED] - Test Cases/Mobile/Page/CheckLogin: Test Cases/Mobile/Page/CheckLogin

2022-01-14 10:25:49 - [TEST_STEP][PASSED] - loginCheck = verifyElementExist(LOGN_BtnLogin, 5, CONTINUE_ON_FAILURE): Element 'Object Repository/Mobile/Page/Login/Button - Login' is exist

2022-01-14 10:25:52 - [MESSAGE][PASSED] - Element 'Object Repository/Mobile/Page/Login/Button - Login' is exist

2022-01-14 10:25:52 - [TEST_STEP][PASSED] - if (loginCheck): Call Test Case 'Test Cases/Mobile/Page/Login/Login' successfully

2022-01-14 10:25:52 - [TEST_STEP][PASSED] - callTestCase(findTestCase("Mobile/Page/Login/Login"), ["action":"username"], CONTINUE_ON_FAILURE): Call Test Case 'Test Cases/Mobile/Page/Login/Login' successfully

2022-01-14 10:25:52 - [TEST_CASE][PASSED] - Test Cases/Mobile/Page/Login/Login: Test Cases/Mobile/Page/Login/Login

2022-01-14 10:25:52 - [TEST_STEP][PASSED] - delay(2): Delayed 2 second(s)

2022-01-14 10:25:54 - [MESSAGE][PASSED] - Delayed 2 second(s)

2022-01-14 10:25:54 - [TEST_STEP][PASSED] - for ([i = 0, i < 1, (i++)]): null

2022-01-14 10:25:54 - [TEST_STEP][PASSED] - if (action == "username"): null

2022-01-14 10:25:54 - [TEST_STEP][PASSED] - tap(LOGN_EdtUserID, 0): Tapped on element 'Object Repository/Mobile/Page/Login/Input - UserID'

2022-01-14 10:25:54 - [MESSAGE][WARNING] - Timeout '0' is invalid. Using default page load timeout: '60'

2022-01-14 10:25:54 - [MESSAGE][PASSED] - Tapped on element 'Object Repository/Mobile/Page/Login/Input - UserID'

2022-01-14 10:25:54 - [TEST_STEP][PASSED] - delay(1): Delayed 1 second(s)

2022-01-14 10:25:55 - [MESSAGE][PASSED] - Delayed 1 second(s)

2022-01-14 10:25:55 - [TEST_STEP][PASSED] - setText(LOGN_EdtRdyUserID, "anggaaditya", 0): Text 'anggaaditya' has been set to element 'Object Repository/Mobile/Page/Login/Input Rdy - UserID'

2022-01-14 10:25:55 - [MESSAGE][WARNING] - Timeout '0' is invalid. Using default page load timeout: '60'

2022-01-14 10:25:57 - [MESSAGE][PASSED] - Text 'anggaaditya' has been set to element 'Object Repository/Mobile/Page/Login/Input Rdy - UserID'

2022-01-14 10:25:57 - [TEST_STEP][PASSED] - delay(1): Delayed 1 second(s)

2022-01-14 10:25:58 - [MESSAGE][PASSED] - Delayed 1 second(s)

2022-01-14 10:25:58 - [TEST_STEP][PASSED] - hideKeyboard(): Keyboard is hidden

2022-01-14 10:26:08 - [MESSAGE][PASSED] - Keyboard is hidden

2022-01-14 10:26:08 - [TEST_STEP][PASSED] - tap(LOGN_EdtPassword, 0): Tapped on element 'Object Repository/Mobile/Page/Login/Input - Password'

2022-01-14 10:26:08 - [MESSAGE][WARNING] - Timeout '0' is invalid. Using default page load timeout: '60'

2022-01-14 10:26:08 - [MESSAGE][PASSED] - Tapped on element 'Object Repository/Mobile/Page/Login/Input - Password'

2022-01-14 10:26:08 - [TEST_STEP][PASSED] - delay(1): Delayed 1 second(s)

2022-01-14 10:26:09 - [MESSAGE][PASSED] - Delayed 1 second(s)

2022-01-14 10:26:09 - [TEST_STEP][PASSED] - setText(LOGN_EdtRdyPassword, "Shalawa18", 0): Text 'Shalawa18' has been set to element 'Object Repository/Mobile/Page/Login/Input Rdy - Password'

2022-01-14 10:26:09 - [MESSAGE][WARNING] - Timeout '0' is invalid. Using default page load timeout: '60'

2022-01-14 10:26:10 - [MESSAGE][PASSED] - Text 'Shalawa18' has been set to element 'Object Repository/Mobile/Page/Login/Input Rdy - Password'

2022-01-14 10:26:10 - [TEST_STEP][PASSED] - delay(1): Delayed 1 second(s)

2022-01-14 10:26:11 - [MESSAGE][PASSED] - Delayed 1 second(s)

2022-01-14 10:26:11 - [TEST_STEP][PASSED] - hideKeyboard(): Keyboard is hidden

2022-01-14 10:26:21 - [MESSAGE][PASSED] - Keyboard is hidden

2022-01-14 10:26:21 - [TEST_STEP][PASSED] - tap(LOGN_BtnLogin, 0): Tapped on element 'Object Repository/Mobile/Page/Login/Button - Login'

2022-01-14 10:26:21 - [MESSAGE][WARNING] - Timeout '0' is invalid. Using default page load timeout: '60'

2022-01-14 10:26:22 - [MESSAGE][PASSED] - Tapped on element 'Object Repository/Mobile/Page/Login/Button - Login'

2022-01-14 10:26:22 - [TEST_STEP][PASSED] - delay(2): Delayed 2 second(s)

2022-01-14 10:26:24 - [MESSAGE][PASSED] - Delayed 2 second(s)

2022-01-14 10:26:24 - [TEST_STEP][PASSED] - break: null

2022-01-14 10:26:24 - [MESSAGE][PASSED] - Call Test Case 'Test Cases/Mobile/Page/Login/Login' successfully

2022-01-14 10:26:24 - [MESSAGE][PASSED] - Call Test Case 'Test Cases/Mobile/Page/CheckLogin' successfully

2022-01-14 10:26:24 - [TEST_STEP][PASSED] - tap(HOME_MenubarAnalysis, 0): Tapped on element 'Object Repository/Mobile/Page/Home/Menubar - Analysis'

2022-01-14 10:26:24 - [MESSAGE][WARNING] - Timeout '0' is invalid. Using default page load timeout: '60'

2022-01-14 10:26:26 - [MESSAGE][PASSED] - Tapped on element 'Object Repository/Mobile/Page/Home/Menubar - Analysis'

2022-01-14 10:26:26 - [TEST_STEP][PASSED] - delay(1): Delayed 1 second(s)

2022-01-14 10:26:27 - [MESSAGE][PASSED] - Delayed 1 second(s)

2022-01-14 10:26:27 - [TEST_STEP][PASSED] - for ([i = 0, i < 1, (i++)]): Delayed 2 second(s)

2022-01-14 10:26:27 - [TEST_STEP][PASSED] - if (action == "technicalsearch"): null

2022-01-14 10:26:27 - [TEST_STEP][PASSED] - else if (action == "technicaldetail"): Delayed 2 second(s)

2022-01-14 10:26:27 - [TEST_STEP][PASSED] - tap(ANAL_ItemTopResultTech, 0): Tapped on element 'Object Repository/Mobile/Page/Analysis/Item - Top Technical'

2022-01-14 10:26:27 - [MESSAGE][WARNING] - Timeout '0' is invalid. Using default page load timeout: '60'

2022-01-14 10:26:28 - [MESSAGE][PASSED] - Tapped on element 'Object Repository/Mobile/Page/Analysis/Item - Top Technical'

2022-01-14 10:26:28 - [TEST_STEP][PASSED] - delay(3): Delayed 3 second(s)

2022-01-14 10:26:31 - [MESSAGE][PASSED] - Delayed 3 second(s)

2022-01-14 10:26:31 - [TEST_STEP][PASSED] - switch (action2): null

2022-01-14 10:26:31 - [TEST_STEP][PASSED] - case "month":: null

2022-01-14 10:26:31 - [TEST_STEP][PASSED] - tap(ANAL_DETL_BtnM, 0): Tapped on element 'Object Repository/Mobile/Page/Analysis/Detail/Button - M'

2022-01-14 10:26:31 - [MESSAGE][WARNING] - Timeout '0' is invalid. Using default page load timeout: '60'

2022-01-14 10:26:32 - [MESSAGE][PASSED] - Tapped on element 'Object Repository/Mobile/Page/Analysis/Detail/Button - M'

2022-01-14 10:26:32 - [TEST_STEP][PASSED] - break: null

2022-01-14 10:26:32 - [TEST_STEP][PASSED] - delay(2): Delayed 2 second(s)

2022-01-14 10:26:34 - [MESSAGE][PASSED] - Delayed 2 second(s)

2022-01-14 10:26:34 - [MESSAGE][PASSED] - Call Test Case 'Test Cases/Mobile/Page/Analysis/Analysis' successfully

2022-01-14 10:26:34 - [TEST_STEP][PASSED] - callTestCase(findTestCase("Mobile/Page/Run App/Terminate App"), [:], STOP_ON_FAILURE): Call Test Case 'Test Cases/Mobile/Page/Run App/Terminate App' successfully

2022-01-14 10:26:34 - [TEST_CASE][PASSED] - Test Cases/Mobile/Page/Run App/Terminate App: Test Cases/Mobile/Page/Run App/Terminate App

2022-01-14 10:26:34 - [TEST_STEP][PASSED] - startApp.OpenApp.terminateApplication(): startApp.OpenApp.terminateApplication is PASSED

2022-01-14 10:26:37 - [MESSAGE][PASSED] - Delayed 3 second(s)

2022-01-14 10:26:38 - [MESSAGE][PASSED] - Current device physical width is 720

2022-01-14 10:26:38 - [MESSAGE][PASSED] - Current device physical height is 1423

2022-01-14 10:26:39 - [MESSAGE][PASSED] - Swiped from 360,853 to 360,142

2022-01-14 10:26:40 - [MESSAGE][PASSED] - Delayed 1 second(s)

2022-01-14 10:26:41 - [MESSAGE][PASSED] - Swiped from 360,853 to 360,142

2022-01-14 10:26:45 - [MESSAGE][PASSED] - Delayed 3 second(s)

2022-01-14 10:26:45 - [MESSAGE][PASSED] - startApp.OpenApp.terminateApplication is PASSED

2022-01-14 10:26:45 - [MESSAGE][PASSED] - Call Test Case 'Test Cases/Mobile/Page/Run App/Terminate App' successfully]]></system-out>
         <system-err><![CDATA[]]></system-err>
      </testcase>
      <testcase name="Test Cases/Mobile/Scenario/Analysis/005 - Melihat detail stock kategori year" time="68.682" classname="Test Cases/Mobile/Scenario/Analysis/005 - Melihat detail stock kategori year" status="PASSED">
         <system-out><![CDATA[2022-01-14 10:26:45 - [TEST_CASE][PASSED] - Test Cases/Mobile/Scenario/Analysis/005 - Melihat detail stock kategori year: Test Cases/Mobile/Scenario/Analysis/005 - Melihat detail stock kategori year

2022-01-14 10:26:45 - [TEST_STEP][PASSED] - callTestCase(findTestCase("Mobile/Page/Run App/Run App byID"), [:], STOP_ON_FAILURE): Call Test Case 'Test Cases/Mobile/Page/Run App/Run App byID' successfully

2022-01-14 10:26:45 - [TEST_CASE][PASSED] - Test Cases/Mobile/Page/Run App/Run App byID: Test Cases/Mobile/Page/Run App/Run App byID

2022-01-14 10:26:45 - [TEST_STEP][PASSED] - startApp.OpenApp.startApplication("id.co.miraeasset.sageclub"): startApp.OpenApp.startApplication is PASSED

2022-01-14 10:27:00 - [MESSAGE][PASSED] - Starting app with application ID: 'id.co.miraeasset.sageclub'

2022-01-14 10:27:00 - [MESSAGE][PASSED] - startApp.OpenApp.startApplication is PASSED

2022-01-14 10:27:00 - [MESSAGE][PASSED] - Call Test Case 'Test Cases/Mobile/Page/Run App/Run App byID' successfully

2022-01-14 10:27:00 - [TEST_STEP][PASSED] - callTestCase(findTestCase("Mobile/Page/Analysis/Analysis"), ["action":"technicaldetail", "action2":"year"], CONTINUE_ON_FAILURE): Call Test Case 'Test Cases/Mobile/Page/Analysis/Analysis' successfully

2022-01-14 10:27:01 - [TEST_CASE][PASSED] - Test Cases/Mobile/Page/Analysis/Analysis: Test Cases/Mobile/Page/Analysis/Analysis

2022-01-14 10:27:01 - [TEST_STEP][PASSED] - callTestCase(findTestCase("Mobile/Page/CheckLogin"), [:], CONTINUE_ON_FAILURE): Call Test Case 'Test Cases/Mobile/Page/CheckLogin' successfully

2022-01-14 10:27:01 - [TEST_CASE][PASSED] - Test Cases/Mobile/Page/CheckLogin: Test Cases/Mobile/Page/CheckLogin

2022-01-14 10:27:01 - [TEST_STEP][PASSED] - loginCheck = verifyElementExist(LOGN_BtnLogin, 5, CONTINUE_ON_FAILURE): Element 'Object Repository/Mobile/Page/Login/Button - Login' is exist

2022-01-14 10:27:04 - [MESSAGE][PASSED] - Element 'Object Repository/Mobile/Page/Login/Button - Login' is exist

2022-01-14 10:27:04 - [TEST_STEP][PASSED] - if (loginCheck): Call Test Case 'Test Cases/Mobile/Page/Login/Login' successfully

2022-01-14 10:27:04 - [TEST_STEP][PASSED] - callTestCase(findTestCase("Mobile/Page/Login/Login"), ["action":"username"], CONTINUE_ON_FAILURE): Call Test Case 'Test Cases/Mobile/Page/Login/Login' successfully

2022-01-14 10:27:04 - [TEST_CASE][PASSED] - Test Cases/Mobile/Page/Login/Login: Test Cases/Mobile/Page/Login/Login

2022-01-14 10:27:04 - [TEST_STEP][PASSED] - delay(2): Delayed 2 second(s)

2022-01-14 10:27:06 - [MESSAGE][PASSED] - Delayed 2 second(s)

2022-01-14 10:27:06 - [TEST_STEP][PASSED] - for ([i = 0, i < 1, (i++)]): null

2022-01-14 10:27:06 - [TEST_STEP][PASSED] - if (action == "username"): null

2022-01-14 10:27:06 - [TEST_STEP][PASSED] - tap(LOGN_EdtUserID, 0): Tapped on element 'Object Repository/Mobile/Page/Login/Input - UserID'

2022-01-14 10:27:06 - [MESSAGE][WARNING] - Timeout '0' is invalid. Using default page load timeout: '60'

2022-01-14 10:27:06 - [MESSAGE][PASSED] - Tapped on element 'Object Repository/Mobile/Page/Login/Input - UserID'

2022-01-14 10:27:06 - [TEST_STEP][PASSED] - delay(1): Delayed 1 second(s)

2022-01-14 10:27:07 - [MESSAGE][PASSED] - Delayed 1 second(s)

2022-01-14 10:27:07 - [TEST_STEP][PASSED] - setText(LOGN_EdtRdyUserID, "anggaaditya", 0): Text 'anggaaditya' has been set to element 'Object Repository/Mobile/Page/Login/Input Rdy - UserID'

2022-01-14 10:27:07 - [MESSAGE][WARNING] - Timeout '0' is invalid. Using default page load timeout: '60'

2022-01-14 10:27:09 - [MESSAGE][PASSED] - Text 'anggaaditya' has been set to element 'Object Repository/Mobile/Page/Login/Input Rdy - UserID'

2022-01-14 10:27:09 - [TEST_STEP][PASSED] - delay(1): Delayed 1 second(s)

2022-01-14 10:27:10 - [MESSAGE][PASSED] - Delayed 1 second(s)

2022-01-14 10:27:10 - [TEST_STEP][PASSED] - hideKeyboard(): Keyboard is hidden

2022-01-14 10:27:20 - [MESSAGE][PASSED] - Keyboard is hidden

2022-01-14 10:27:20 - [TEST_STEP][PASSED] - tap(LOGN_EdtPassword, 0): Tapped on element 'Object Repository/Mobile/Page/Login/Input - Password'

2022-01-14 10:27:20 - [MESSAGE][WARNING] - Timeout '0' is invalid. Using default page load timeout: '60'

2022-01-14 10:27:20 - [MESSAGE][PASSED] - Tapped on element 'Object Repository/Mobile/Page/Login/Input - Password'

2022-01-14 10:27:20 - [TEST_STEP][PASSED] - delay(1): Delayed 1 second(s)

2022-01-14 10:27:21 - [MESSAGE][PASSED] - Delayed 1 second(s)

2022-01-14 10:27:21 - [TEST_STEP][PASSED] - setText(LOGN_EdtRdyPassword, "Shalawa18", 0): Text 'Shalawa18' has been set to element 'Object Repository/Mobile/Page/Login/Input Rdy - Password'

2022-01-14 10:27:21 - [MESSAGE][WARNING] - Timeout '0' is invalid. Using default page load timeout: '60'

2022-01-14 10:27:22 - [MESSAGE][PASSED] - Text 'Shalawa18' has been set to element 'Object Repository/Mobile/Page/Login/Input Rdy - Password'

2022-01-14 10:27:22 - [TEST_STEP][PASSED] - delay(1): Delayed 1 second(s)

2022-01-14 10:27:23 - [MESSAGE][PASSED] - Delayed 1 second(s)

2022-01-14 10:27:23 - [TEST_STEP][PASSED] - hideKeyboard(): Keyboard is hidden

2022-01-14 10:27:31 - [MESSAGE][PASSED] - Keyboard is hidden

2022-01-14 10:27:31 - [TEST_STEP][PASSED] - tap(LOGN_BtnLogin, 0): Tapped on element 'Object Repository/Mobile/Page/Login/Button - Login'

2022-01-14 10:27:31 - [MESSAGE][WARNING] - Timeout '0' is invalid. Using default page load timeout: '60'

2022-01-14 10:27:31 - [MESSAGE][PASSED] - Tapped on element 'Object Repository/Mobile/Page/Login/Button - Login'

2022-01-14 10:27:31 - [TEST_STEP][PASSED] - delay(2): Delayed 2 second(s)

2022-01-14 10:27:33 - [MESSAGE][PASSED] - Delayed 2 second(s)

2022-01-14 10:27:33 - [TEST_STEP][PASSED] - break: null

2022-01-14 10:27:33 - [MESSAGE][PASSED] - Call Test Case 'Test Cases/Mobile/Page/Login/Login' successfully

2022-01-14 10:27:33 - [MESSAGE][PASSED] - Call Test Case 'Test Cases/Mobile/Page/CheckLogin' successfully

2022-01-14 10:27:33 - [TEST_STEP][PASSED] - tap(HOME_MenubarAnalysis, 0): Tapped on element 'Object Repository/Mobile/Page/Home/Menubar - Analysis'

2022-01-14 10:27:33 - [MESSAGE][WARNING] - Timeout '0' is invalid. Using default page load timeout: '60'

2022-01-14 10:27:35 - [MESSAGE][PASSED] - Tapped on element 'Object Repository/Mobile/Page/Home/Menubar - Analysis'

2022-01-14 10:27:35 - [TEST_STEP][PASSED] - delay(1): Delayed 1 second(s)

2022-01-14 10:27:36 - [MESSAGE][PASSED] - Delayed 1 second(s)

2022-01-14 10:27:36 - [TEST_STEP][PASSED] - for ([i = 0, i < 1, (i++)]): Delayed 2 second(s)

2022-01-14 10:27:36 - [TEST_STEP][PASSED] - if (action == "technicalsearch"): null

2022-01-14 10:27:36 - [TEST_STEP][PASSED] - else if (action == "technicaldetail"): Delayed 2 second(s)

2022-01-14 10:27:36 - [TEST_STEP][PASSED] - tap(ANAL_ItemTopResultTech, 0): Tapped on element 'Object Repository/Mobile/Page/Analysis/Item - Top Technical'

2022-01-14 10:27:36 - [MESSAGE][WARNING] - Timeout '0' is invalid. Using default page load timeout: '60'

2022-01-14 10:27:37 - [MESSAGE][PASSED] - Tapped on element 'Object Repository/Mobile/Page/Analysis/Item - Top Technical'

2022-01-14 10:27:37 - [TEST_STEP][PASSED] - delay(3): Delayed 3 second(s)

2022-01-14 10:27:40 - [MESSAGE][PASSED] - Delayed 3 second(s)

2022-01-14 10:27:40 - [TEST_STEP][PASSED] - switch (action2): null

2022-01-14 10:27:40 - [TEST_STEP][PASSED] - case "year":: null

2022-01-14 10:27:40 - [TEST_STEP][PASSED] - tap(ANAL_DETL_BtnY, 0): Tapped on element 'Object Repository/Mobile/Page/Analysis/Detail/Button - Y'

2022-01-14 10:27:40 - [MESSAGE][WARNING] - Timeout '0' is invalid. Using default page load timeout: '60'

2022-01-14 10:27:41 - [MESSAGE][PASSED] - Tapped on element 'Object Repository/Mobile/Page/Analysis/Detail/Button - Y'

2022-01-14 10:27:41 - [TEST_STEP][PASSED] - break: null

2022-01-14 10:27:41 - [TEST_STEP][PASSED] - delay(2): Delayed 2 second(s)

2022-01-14 10:27:43 - [MESSAGE][PASSED] - Delayed 2 second(s)

2022-01-14 10:27:43 - [MESSAGE][PASSED] - Call Test Case 'Test Cases/Mobile/Page/Analysis/Analysis' successfully

2022-01-14 10:27:43 - [TEST_STEP][PASSED] - callTestCase(findTestCase("Mobile/Page/Run App/Terminate App"), [:], STOP_ON_FAILURE): Call Test Case 'Test Cases/Mobile/Page/Run App/Terminate App' successfully

2022-01-14 10:27:43 - [TEST_CASE][PASSED] - Test Cases/Mobile/Page/Run App/Terminate App: Test Cases/Mobile/Page/Run App/Terminate App

2022-01-14 10:27:43 - [TEST_STEP][PASSED] - startApp.OpenApp.terminateApplication(): startApp.OpenApp.terminateApplication is PASSED

2022-01-14 10:27:46 - [MESSAGE][PASSED] - Delayed 3 second(s)

2022-01-14 10:27:46 - [MESSAGE][PASSED] - Current device physical width is 720

2022-01-14 10:27:47 - [MESSAGE][PASSED] - Current device physical height is 1423

2022-01-14 10:27:48 - [MESSAGE][PASSED] - Swiped from 360,853 to 360,142

2022-01-14 10:27:49 - [MESSAGE][PASSED] - Delayed 1 second(s)

2022-01-14 10:27:50 - [MESSAGE][PASSED] - Swiped from 360,853 to 360,142

2022-01-14 10:27:53 - [MESSAGE][PASSED] - Delayed 3 second(s)

2022-01-14 10:27:53 - [MESSAGE][PASSED] - startApp.OpenApp.terminateApplication is PASSED

2022-01-14 10:27:53 - [MESSAGE][PASSED] - Call Test Case 'Test Cases/Mobile/Page/Run App/Terminate App' successfully]]></system-out>
         <system-err><![CDATA[]]></system-err>
      </testcase>
      <testcase name="Test Cases/Mobile/Scenario/Analysis/006 - Melihat Research Report" time="72.155" classname="Test Cases/Mobile/Scenario/Analysis/006 - Melihat Research Report" status="PASSED">
         <system-out><![CDATA[2022-01-14 10:27:53 - [TEST_CASE][PASSED] - Test Cases/Mobile/Scenario/Analysis/006 - Melihat Research Report: Test Cases/Mobile/Scenario/Analysis/006 - Melihat Research Report

2022-01-14 10:27:54 - [TEST_STEP][PASSED] - callTestCase(findTestCase("Mobile/Page/Run App/Run App byID"), [:], STOP_ON_FAILURE): Call Test Case 'Test Cases/Mobile/Page/Run App/Run App byID' successfully

2022-01-14 10:27:54 - [TEST_CASE][PASSED] - Test Cases/Mobile/Page/Run App/Run App byID: Test Cases/Mobile/Page/Run App/Run App byID

2022-01-14 10:27:54 - [TEST_STEP][PASSED] - startApp.OpenApp.startApplication("id.co.miraeasset.sageclub"): startApp.OpenApp.startApplication is PASSED

2022-01-14 10:28:10 - [MESSAGE][PASSED] - Starting app with application ID: 'id.co.miraeasset.sageclub'

2022-01-14 10:28:10 - [MESSAGE][PASSED] - startApp.OpenApp.startApplication is PASSED

2022-01-14 10:28:10 - [MESSAGE][PASSED] - Call Test Case 'Test Cases/Mobile/Page/Run App/Run App byID' successfully

2022-01-14 10:28:10 - [TEST_STEP][PASSED] - callTestCase(findTestCase("Mobile/Page/Analysis/Analysis"), ["action":"researchdetail"], CONTINUE_ON_FAILURE): Call Test Case 'Test Cases/Mobile/Page/Analysis/Analysis' successfully

2022-01-14 10:28:10 - [TEST_CASE][PASSED] - Test Cases/Mobile/Page/Analysis/Analysis: Test Cases/Mobile/Page/Analysis/Analysis

2022-01-14 10:28:10 - [TEST_STEP][PASSED] - callTestCase(findTestCase("Mobile/Page/CheckLogin"), [:], CONTINUE_ON_FAILURE): Call Test Case 'Test Cases/Mobile/Page/CheckLogin' successfully

2022-01-14 10:28:10 - [TEST_CASE][PASSED] - Test Cases/Mobile/Page/CheckLogin: Test Cases/Mobile/Page/CheckLogin

2022-01-14 10:28:10 - [TEST_STEP][PASSED] - loginCheck = verifyElementExist(LOGN_BtnLogin, 5, CONTINUE_ON_FAILURE): Element 'Object Repository/Mobile/Page/Login/Button - Login' is exist

2022-01-14 10:28:13 - [MESSAGE][PASSED] - Element 'Object Repository/Mobile/Page/Login/Button - Login' is exist

2022-01-14 10:28:13 - [TEST_STEP][PASSED] - if (loginCheck): Call Test Case 'Test Cases/Mobile/Page/Login/Login' successfully

2022-01-14 10:28:13 - [TEST_STEP][PASSED] - callTestCase(findTestCase("Mobile/Page/Login/Login"), ["action":"username"], CONTINUE_ON_FAILURE): Call Test Case 'Test Cases/Mobile/Page/Login/Login' successfully

2022-01-14 10:28:13 - [TEST_CASE][PASSED] - Test Cases/Mobile/Page/Login/Login: Test Cases/Mobile/Page/Login/Login

2022-01-14 10:28:13 - [TEST_STEP][PASSED] - delay(2): Delayed 2 second(s)

2022-01-14 10:28:15 - [MESSAGE][PASSED] - Delayed 2 second(s)

2022-01-14 10:28:15 - [TEST_STEP][PASSED] - for ([i = 0, i < 1, (i++)]): null

2022-01-14 10:28:15 - [TEST_STEP][PASSED] - if (action == "username"): null

2022-01-14 10:28:15 - [TEST_STEP][PASSED] - tap(LOGN_EdtUserID, 0): Tapped on element 'Object Repository/Mobile/Page/Login/Input - UserID'

2022-01-14 10:28:15 - [MESSAGE][WARNING] - Timeout '0' is invalid. Using default page load timeout: '60'

2022-01-14 10:28:15 - [MESSAGE][PASSED] - Tapped on element 'Object Repository/Mobile/Page/Login/Input - UserID'

2022-01-14 10:28:15 - [TEST_STEP][PASSED] - delay(1): Delayed 1 second(s)

2022-01-14 10:28:16 - [MESSAGE][PASSED] - Delayed 1 second(s)

2022-01-14 10:28:16 - [TEST_STEP][PASSED] - setText(LOGN_EdtRdyUserID, "anggaaditya", 0): Text 'anggaaditya' has been set to element 'Object Repository/Mobile/Page/Login/Input Rdy - UserID'

2022-01-14 10:28:16 - [MESSAGE][WARNING] - Timeout '0' is invalid. Using default page load timeout: '60'

2022-01-14 10:28:18 - [MESSAGE][PASSED] - Text 'anggaaditya' has been set to element 'Object Repository/Mobile/Page/Login/Input Rdy - UserID'

2022-01-14 10:28:18 - [TEST_STEP][PASSED] - delay(1): Delayed 1 second(s)

2022-01-14 10:28:19 - [MESSAGE][PASSED] - Delayed 1 second(s)

2022-01-14 10:28:19 - [TEST_STEP][PASSED] - hideKeyboard(): Keyboard is hidden

2022-01-14 10:28:27 - [MESSAGE][PASSED] - Keyboard is hidden

2022-01-14 10:28:27 - [TEST_STEP][PASSED] - tap(LOGN_EdtPassword, 0): Tapped on element 'Object Repository/Mobile/Page/Login/Input - Password'

2022-01-14 10:28:27 - [MESSAGE][WARNING] - Timeout '0' is invalid. Using default page load timeout: '60'

2022-01-14 10:28:27 - [MESSAGE][PASSED] - Tapped on element 'Object Repository/Mobile/Page/Login/Input - Password'

2022-01-14 10:28:27 - [TEST_STEP][PASSED] - delay(1): Delayed 1 second(s)

2022-01-14 10:28:28 - [MESSAGE][PASSED] - Delayed 1 second(s)

2022-01-14 10:28:28 - [TEST_STEP][PASSED] - setText(LOGN_EdtRdyPassword, "Shalawa18", 0): Text 'Shalawa18' has been set to element 'Object Repository/Mobile/Page/Login/Input Rdy - Password'

2022-01-14 10:28:28 - [MESSAGE][WARNING] - Timeout '0' is invalid. Using default page load timeout: '60'

2022-01-14 10:28:29 - [MESSAGE][PASSED] - Text 'Shalawa18' has been set to element 'Object Repository/Mobile/Page/Login/Input Rdy - Password'

2022-01-14 10:28:29 - [TEST_STEP][PASSED] - delay(1): Delayed 1 second(s)

2022-01-14 10:28:30 - [MESSAGE][PASSED] - Delayed 1 second(s)

2022-01-14 10:28:30 - [TEST_STEP][PASSED] - hideKeyboard(): Keyboard is hidden

2022-01-14 10:28:39 - [MESSAGE][PASSED] - Keyboard is hidden

2022-01-14 10:28:39 - [TEST_STEP][PASSED] - tap(LOGN_BtnLogin, 0): Tapped on element 'Object Repository/Mobile/Page/Login/Button - Login'

2022-01-14 10:28:39 - [MESSAGE][WARNING] - Timeout '0' is invalid. Using default page load timeout: '60'

2022-01-14 10:28:40 - [MESSAGE][PASSED] - Tapped on element 'Object Repository/Mobile/Page/Login/Button - Login'

2022-01-14 10:28:40 - [TEST_STEP][PASSED] - delay(2): Delayed 2 second(s)

2022-01-14 10:28:42 - [MESSAGE][PASSED] - Delayed 2 second(s)

2022-01-14 10:28:42 - [TEST_STEP][PASSED] - break: null

2022-01-14 10:28:42 - [MESSAGE][PASSED] - Call Test Case 'Test Cases/Mobile/Page/Login/Login' successfully

2022-01-14 10:28:42 - [MESSAGE][PASSED] - Call Test Case 'Test Cases/Mobile/Page/CheckLogin' successfully

2022-01-14 10:28:42 - [TEST_STEP][PASSED] - tap(HOME_MenubarAnalysis, 0): Tapped on element 'Object Repository/Mobile/Page/Home/Menubar - Analysis'

2022-01-14 10:28:42 - [MESSAGE][WARNING] - Timeout '0' is invalid. Using default page load timeout: '60'

2022-01-14 10:28:45 - [MESSAGE][PASSED] - Tapped on element 'Object Repository/Mobile/Page/Home/Menubar - Analysis'

2022-01-14 10:28:45 - [TEST_STEP][PASSED] - delay(1): Delayed 1 second(s)

2022-01-14 10:28:46 - [MESSAGE][PASSED] - Delayed 1 second(s)

2022-01-14 10:28:46 - [TEST_STEP][PASSED] - for ([i = 0, i < 1, (i++)]): Press back button successfully

2022-01-14 10:28:46 - [TEST_STEP][PASSED] - if (action == "technicalsearch"): null

2022-01-14 10:28:46 - [TEST_STEP][PASSED] - else if (action == "technicaldetail"): null

2022-01-14 10:28:46 - [TEST_STEP][PASSED] - else if (action == "researchdetail"): Press back button successfully

2022-01-14 10:28:46 - [TEST_STEP][PASSED] - tap(ANAL_TabResearchReport, 0): Tapped on element 'Object Repository/Mobile/Page/Analysis/Tab - Research Report'

2022-01-14 10:28:46 - [MESSAGE][WARNING] - Timeout '0' is invalid. Using default page load timeout: '60'

2022-01-14 10:28:47 - [MESSAGE][PASSED] - Tapped on element 'Object Repository/Mobile/Page/Analysis/Tab - Research Report'

2022-01-14 10:28:47 - [TEST_STEP][PASSED] - delay(1): Delayed 1 second(s)

2022-01-14 10:28:48 - [MESSAGE][PASSED] - Delayed 1 second(s)

2022-01-14 10:28:48 - [TEST_STEP][PASSED] - tapAndHold(ANAL_ItemTopSearch, 1, 0): Tapped and held on element 'Object Repository/Mobile/Page/Analysis/Item - Top Search' with duration 1

2022-01-14 10:28:48 - [MESSAGE][WARNING] - Timeout '0' is invalid. Using default page load timeout: '60'

2022-01-14 10:28:51 - [MESSAGE][PASSED] - Tapped and held on element 'Object Repository/Mobile/Page/Analysis/Item - Top Search' with duration 1

2022-01-14 10:28:51 - [TEST_STEP][PASSED] - delay(3): Delayed 3 second(s)

2022-01-14 10:28:54 - [MESSAGE][PASSED] - Delayed 3 second(s)

2022-01-14 10:28:54 - [TEST_STEP][PASSED] - pressBack(): Press back button successfully

2022-01-14 10:28:54 - [MESSAGE][PASSED] - Press back button successfully

2022-01-14 10:28:54 - [MESSAGE][PASSED] - Call Test Case 'Test Cases/Mobile/Page/Analysis/Analysis' successfully

2022-01-14 10:28:54 - [TEST_STEP][PASSED] - callTestCase(findTestCase("Mobile/Page/Run App/Terminate App"), [:], STOP_ON_FAILURE): Call Test Case 'Test Cases/Mobile/Page/Run App/Terminate App' successfully

2022-01-14 10:28:54 - [TEST_CASE][PASSED] - Test Cases/Mobile/Page/Run App/Terminate App: Test Cases/Mobile/Page/Run App/Terminate App

2022-01-14 10:28:54 - [TEST_STEP][PASSED] - startApp.OpenApp.terminateApplication(): startApp.OpenApp.terminateApplication is PASSED

2022-01-14 10:28:58 - [MESSAGE][PASSED] - Delayed 3 second(s)

2022-01-14 10:28:58 - [MESSAGE][PASSED] - Current device physical width is 720

2022-01-14 10:28:59 - [MESSAGE][PASSED] - Current device physical height is 1423

2022-01-14 10:29:00 - [MESSAGE][PASSED] - Swiped from 360,853 to 360,142

2022-01-14 10:29:01 - [MESSAGE][PASSED] - Delayed 1 second(s)

2022-01-14 10:29:02 - [MESSAGE][PASSED] - Swiped from 360,853 to 360,142

2022-01-14 10:29:05 - [MESSAGE][PASSED] - Delayed 3 second(s)

2022-01-14 10:29:05 - [MESSAGE][PASSED] - startApp.OpenApp.terminateApplication is PASSED

2022-01-14 10:29:05 - [MESSAGE][PASSED] - Call Test Case 'Test Cases/Mobile/Page/Run App/Terminate App' successfully]]></system-out>
         <system-err><![CDATA[]]></system-err>
      </testcase>
      <testcase name="Test Cases/Mobile/Scenario/Analysis/007 - Mencari research report" time="72.143" classname="Test Cases/Mobile/Scenario/Analysis/007 - Mencari research report" status="PASSED">
         <system-out><![CDATA[2022-01-14 10:29:05 - [TEST_CASE][PASSED] - Test Cases/Mobile/Scenario/Analysis/007 - Mencari research report: Test Cases/Mobile/Scenario/Analysis/007 - Mencari research report

2022-01-14 10:29:06 - [TEST_STEP][PASSED] - callTestCase(findTestCase("Mobile/Page/Run App/Run App byID"), [:], STOP_ON_FAILURE): Call Test Case 'Test Cases/Mobile/Page/Run App/Run App byID' successfully

2022-01-14 10:29:06 - [TEST_CASE][PASSED] - Test Cases/Mobile/Page/Run App/Run App byID: Test Cases/Mobile/Page/Run App/Run App byID

2022-01-14 10:29:06 - [TEST_STEP][PASSED] - startApp.OpenApp.startApplication("id.co.miraeasset.sageclub"): startApp.OpenApp.startApplication is PASSED

2022-01-14 10:29:22 - [MESSAGE][PASSED] - Starting app with application ID: 'id.co.miraeasset.sageclub'

2022-01-14 10:29:22 - [MESSAGE][PASSED] - startApp.OpenApp.startApplication is PASSED

2022-01-14 10:29:22 - [MESSAGE][PASSED] - Call Test Case 'Test Cases/Mobile/Page/Run App/Run App byID' successfully

2022-01-14 10:29:22 - [TEST_STEP][PASSED] - callTestCase(findTestCase("Mobile/Page/Analysis/Analysis"), ["action":"researchsearch"], CONTINUE_ON_FAILURE): Call Test Case 'Test Cases/Mobile/Page/Analysis/Analysis' successfully

2022-01-14 10:29:22 - [TEST_CASE][PASSED] - Test Cases/Mobile/Page/Analysis/Analysis: Test Cases/Mobile/Page/Analysis/Analysis

2022-01-14 10:29:22 - [TEST_STEP][PASSED] - callTestCase(findTestCase("Mobile/Page/CheckLogin"), [:], CONTINUE_ON_FAILURE): Call Test Case 'Test Cases/Mobile/Page/CheckLogin' successfully

2022-01-14 10:29:23 - [TEST_CASE][PASSED] - Test Cases/Mobile/Page/CheckLogin: Test Cases/Mobile/Page/CheckLogin

2022-01-14 10:29:23 - [TEST_STEP][PASSED] - loginCheck = verifyElementExist(LOGN_BtnLogin, 5, CONTINUE_ON_FAILURE): Element 'Object Repository/Mobile/Page/Login/Button - Login' is exist

2022-01-14 10:29:25 - [MESSAGE][PASSED] - Element 'Object Repository/Mobile/Page/Login/Button - Login' is exist

2022-01-14 10:29:25 - [TEST_STEP][PASSED] - if (loginCheck): Call Test Case 'Test Cases/Mobile/Page/Login/Login' successfully

2022-01-14 10:29:25 - [TEST_STEP][PASSED] - callTestCase(findTestCase("Mobile/Page/Login/Login"), ["action":"username"], CONTINUE_ON_FAILURE): Call Test Case 'Test Cases/Mobile/Page/Login/Login' successfully

2022-01-14 10:29:25 - [TEST_CASE][PASSED] - Test Cases/Mobile/Page/Login/Login: Test Cases/Mobile/Page/Login/Login

2022-01-14 10:29:25 - [TEST_STEP][PASSED] - delay(2): Delayed 2 second(s)

2022-01-14 10:29:27 - [MESSAGE][PASSED] - Delayed 2 second(s)

2022-01-14 10:29:27 - [TEST_STEP][PASSED] - for ([i = 0, i < 1, (i++)]): null

2022-01-14 10:29:27 - [TEST_STEP][PASSED] - if (action == "username"): null

2022-01-14 10:29:27 - [TEST_STEP][PASSED] - tap(LOGN_EdtUserID, 0): Tapped on element 'Object Repository/Mobile/Page/Login/Input - UserID'

2022-01-14 10:29:27 - [MESSAGE][WARNING] - Timeout '0' is invalid. Using default page load timeout: '60'

2022-01-14 10:29:27 - [MESSAGE][PASSED] - Tapped on element 'Object Repository/Mobile/Page/Login/Input - UserID'

2022-01-14 10:29:27 - [TEST_STEP][PASSED] - delay(1): Delayed 1 second(s)

2022-01-14 10:29:28 - [MESSAGE][PASSED] - Delayed 1 second(s)

2022-01-14 10:29:28 - [TEST_STEP][PASSED] - setText(LOGN_EdtRdyUserID, "anggaaditya", 0): Text 'anggaaditya' has been set to element 'Object Repository/Mobile/Page/Login/Input Rdy - UserID'

2022-01-14 10:29:28 - [MESSAGE][WARNING] - Timeout '0' is invalid. Using default page load timeout: '60'

2022-01-14 10:29:30 - [MESSAGE][PASSED] - Text 'anggaaditya' has been set to element 'Object Repository/Mobile/Page/Login/Input Rdy - UserID'

2022-01-14 10:29:30 - [TEST_STEP][PASSED] - delay(1): Delayed 1 second(s)

2022-01-14 10:29:31 - [MESSAGE][PASSED] - Delayed 1 second(s)

2022-01-14 10:29:31 - [TEST_STEP][PASSED] - hideKeyboard(): Keyboard is hidden

2022-01-14 10:29:36 - [MESSAGE][PASSED] - Keyboard is hidden

2022-01-14 10:29:36 - [TEST_STEP][PASSED] - tap(LOGN_EdtPassword, 0): Tapped on element 'Object Repository/Mobile/Page/Login/Input - Password'

2022-01-14 10:29:36 - [MESSAGE][WARNING] - Timeout '0' is invalid. Using default page load timeout: '60'

2022-01-14 10:29:36 - [MESSAGE][PASSED] - Tapped on element 'Object Repository/Mobile/Page/Login/Input - Password'

2022-01-14 10:29:36 - [TEST_STEP][PASSED] - delay(1): Delayed 1 second(s)

2022-01-14 10:29:37 - [MESSAGE][PASSED] - Delayed 1 second(s)

2022-01-14 10:29:37 - [TEST_STEP][PASSED] - setText(LOGN_EdtRdyPassword, "Shalawa18", 0): Text 'Shalawa18' has been set to element 'Object Repository/Mobile/Page/Login/Input Rdy - Password'

2022-01-14 10:29:37 - [MESSAGE][WARNING] - Timeout '0' is invalid. Using default page load timeout: '60'

2022-01-14 10:29:38 - [MESSAGE][PASSED] - Text 'Shalawa18' has been set to element 'Object Repository/Mobile/Page/Login/Input Rdy - Password'

2022-01-14 10:29:38 - [TEST_STEP][PASSED] - delay(1): Delayed 1 second(s)

2022-01-14 10:29:39 - [MESSAGE][PASSED] - Delayed 1 second(s)

2022-01-14 10:29:39 - [TEST_STEP][PASSED] - hideKeyboard(): Keyboard is hidden

2022-01-14 10:29:46 - [MESSAGE][PASSED] - Keyboard is hidden

2022-01-14 10:29:46 - [TEST_STEP][PASSED] - tap(LOGN_BtnLogin, 0): Tapped on element 'Object Repository/Mobile/Page/Login/Button - Login'

2022-01-14 10:29:46 - [MESSAGE][WARNING] - Timeout '0' is invalid. Using default page load timeout: '60'

2022-01-14 10:29:47 - [MESSAGE][PASSED] - Tapped on element 'Object Repository/Mobile/Page/Login/Button - Login'

2022-01-14 10:29:47 - [TEST_STEP][PASSED] - delay(2): Delayed 2 second(s)

2022-01-14 10:29:49 - [MESSAGE][PASSED] - Delayed 2 second(s)

2022-01-14 10:29:49 - [TEST_STEP][PASSED] - break: null

2022-01-14 10:29:49 - [MESSAGE][PASSED] - Call Test Case 'Test Cases/Mobile/Page/Login/Login' successfully

2022-01-14 10:29:49 - [MESSAGE][PASSED] - Call Test Case 'Test Cases/Mobile/Page/CheckLogin' successfully

2022-01-14 10:29:49 - [TEST_STEP][PASSED] - tap(HOME_MenubarAnalysis, 0): Tapped on element 'Object Repository/Mobile/Page/Home/Menubar - Analysis'

2022-01-14 10:29:49 - [MESSAGE][WARNING] - Timeout '0' is invalid. Using default page load timeout: '60'

2022-01-14 10:29:50 - [MESSAGE][PASSED] - Tapped on element 'Object Repository/Mobile/Page/Home/Menubar - Analysis'

2022-01-14 10:29:50 - [TEST_STEP][PASSED] - delay(1): Delayed 1 second(s)

2022-01-14 10:29:51 - [MESSAGE][PASSED] - Delayed 1 second(s)

2022-01-14 10:29:51 - [TEST_STEP][PASSED] - for ([i = 0, i < 1, (i++)]): Press back button successfully

2022-01-14 10:29:51 - [TEST_STEP][PASSED] - if (action == "technicalsearch"): null

2022-01-14 10:29:51 - [TEST_STEP][PASSED] - else if (action == "technicaldetail"): null

2022-01-14 10:29:51 - [TEST_STEP][PASSED] - else if (action == "researchdetail"): null

2022-01-14 10:29:51 - [TEST_STEP][PASSED] - else if (action == "researchsearch"): Press back button successfully

2022-01-14 10:29:51 - [TEST_STEP][PASSED] - tap(ANAL_TabResearchReport, 0): Tapped on element 'Object Repository/Mobile/Page/Analysis/Tab - Research Report'

2022-01-14 10:29:51 - [MESSAGE][WARNING] - Timeout '0' is invalid. Using default page load timeout: '60'

2022-01-14 10:29:53 - [MESSAGE][PASSED] - Tapped on element 'Object Repository/Mobile/Page/Analysis/Tab - Research Report'

2022-01-14 10:29:53 - [TEST_STEP][PASSED] - delay(1): Delayed 1 second(s)

2022-01-14 10:29:54 - [MESSAGE][PASSED] - Delayed 1 second(s)

2022-01-14 10:29:54 - [TEST_STEP][PASSED] - tap(ANAL_EdtSearch, 0): Tapped on element 'Object Repository/Mobile/Page/Analysis/Input - Search'

2022-01-14 10:29:54 - [MESSAGE][WARNING] - Timeout '0' is invalid. Using default page load timeout: '60'

2022-01-14 10:29:55 - [MESSAGE][PASSED] - Tapped on element 'Object Repository/Mobile/Page/Analysis/Input - Search'

2022-01-14 10:29:55 - [TEST_STEP][PASSED] - delay(1): Delayed 1 second(s)

2022-01-14 10:29:56 - [MESSAGE][PASSED] - Delayed 1 second(s)

2022-01-14 10:29:56 - [TEST_STEP][PASSED] - setText(ANAL_EdtSearch, "surya", 0): Text 'surya' has been set to element 'Object Repository/Mobile/Page/Analysis/Input - Search'

2022-01-14 10:29:56 - [MESSAGE][WARNING] - Timeout '0' is invalid. Using default page load timeout: '60'

2022-01-14 10:29:56 - [MESSAGE][PASSED] - Text 'surya' has been set to element 'Object Repository/Mobile/Page/Analysis/Input - Search'

2022-01-14 10:29:56 - [TEST_STEP][PASSED] - hideKeyboard(): Keyboard is hidden

2022-01-14 10:30:00 - [MESSAGE][PASSED] - Keyboard is hidden

2022-01-14 10:30:00 - [TEST_STEP][PASSED] - tapAndHold(ANAL_ItemTopSearch, 1, 0): Tapped and held on element 'Object Repository/Mobile/Page/Analysis/Item - Top Search' with duration 1

2022-01-14 10:30:00 - [MESSAGE][WARNING] - Timeout '0' is invalid. Using default page load timeout: '60'

2022-01-14 10:30:03 - [MESSAGE][PASSED] - Tapped and held on element 'Object Repository/Mobile/Page/Analysis/Item - Top Search' with duration 1

2022-01-14 10:30:03 - [TEST_STEP][PASSED] - delay(3): Delayed 3 second(s)

2022-01-14 10:30:06 - [MESSAGE][PASSED] - Delayed 3 second(s)

2022-01-14 10:30:06 - [TEST_STEP][PASSED] - pressBack(): Press back button successfully

2022-01-14 10:30:07 - [MESSAGE][PASSED] - Press back button successfully

2022-01-14 10:30:07 - [MESSAGE][PASSED] - Call Test Case 'Test Cases/Mobile/Page/Analysis/Analysis' successfully

2022-01-14 10:30:07 - [TEST_STEP][PASSED] - callTestCase(findTestCase("Mobile/Page/Run App/Terminate App"), [:], STOP_ON_FAILURE): Call Test Case 'Test Cases/Mobile/Page/Run App/Terminate App' successfully

2022-01-14 10:30:07 - [TEST_CASE][PASSED] - Test Cases/Mobile/Page/Run App/Terminate App: Test Cases/Mobile/Page/Run App/Terminate App

2022-01-14 10:30:07 - [TEST_STEP][PASSED] - startApp.OpenApp.terminateApplication(): startApp.OpenApp.terminateApplication is PASSED

2022-01-14 10:30:11 - [MESSAGE][PASSED] - Delayed 3 second(s)

2022-01-14 10:30:11 - [MESSAGE][PASSED] - Current device physical width is 720

2022-01-14 10:30:11 - [MESSAGE][PASSED] - Current device physical height is 1423

2022-01-14 10:30:12 - [MESSAGE][PASSED] - Swiped from 360,853 to 360,142

2022-01-14 10:30:13 - [MESSAGE][PASSED] - Delayed 1 second(s)

2022-01-14 10:30:15 - [MESSAGE][PASSED] - Swiped from 360,853 to 360,142

2022-01-14 10:30:18 - [MESSAGE][PASSED] - Delayed 3 second(s)

2022-01-14 10:30:18 - [MESSAGE][PASSED] - startApp.OpenApp.terminateApplication is PASSED

2022-01-14 10:30:18 - [MESSAGE][PASSED] - Call Test Case 'Test Cases/Mobile/Page/Run App/Terminate App' successfully]]></system-out>
         <system-err><![CDATA[]]></system-err>
      </testcase>
      <system-out><![CDATA[2022-01-14 10:20:43 - [TEST_SUITE][PASSED] - analysis: Test Cases/Mobile/Scenario/Analysis/007 - Mencari research report]]></system-out>
      <system-err><![CDATA[]]></system-err>
   </testsuite>
</testsuites>
