<?xml version="1.0" encoding="UTF-8"?>
<testsuites name="analysis" time="486.513" tests="7" failures="0" skips="0" errors="0">
   <testsuite name="analysis" tests="7" failures="0" errors="0" time="486.513" skips="0" timestamp="2022-02-15 13:32:55" hostname="Owner - aldy-tft" id="Test Suites/analysis">
      <properties>
         <property name="deviceName" value="samsung SM-A205F (Android 11)"/>
         <property name="devicePlatform" value=""/>
         <property name="logFolder" value="C:\\Users\\Owner\\Documents\\kerjaan\\KatalonProject\\qa_katalon_pwm\\qa_katalon_pwm\\Reports\\20220215_133246\\analysis\\20220215_133246"/>
         <property name="logFiles" value="C:\\Users\\Owner\\Documents\\kerjaan\\KatalonProject\\qa_katalon_pwm\\qa_katalon_pwm\\Reports\\20220215_133246\\analysis\\20220215_133246\\appium.log, C:\\Users\\Owner\\Documents\\kerjaan\\KatalonProject\\qa_katalon_pwm\\qa_katalon_pwm\\Reports\\20220215_133246\\analysis\\20220215_133246\\execution0.log"/>
         <property name="attachments" value=""/>
         <property name="hostName" value="Owner - aldy-tft"/>
         <property name="os" value="Windows 10 64bit"/>
         <property name="appiumServerStatus" value="{&quot;value&quot;:{&quot;build&quot;:{&quot;version&quot;:&quot;1.22.0&quot;}},&quot;sessionId&quot;:null,&quot;status&quot;:0}"/>
         <property name="katalonVersion" value="7.9.1.208"/>
         <property name="deviceOS" value="Android"/>
         <property name="appiumVersion" value="1.22.0"/>
         <property name="deviceModel" value="SM-A205F"/>
         <property name="hostAddress" value="192.168.100.33"/>
         <property name="deviceManufacturer" value="samsung"/>
         <property name="deviceId" value="RR8M40C9AXE"/>
         <property name="deviceName" value="samsung SM-A205F (Android 11)"/>
         <property name="deviceOSVersion" value="11"/>
      </properties>
      <testcase name="Test Cases/Mobile/Scenario/Analysis/001 - Melihat list stock technical analysis" time="101.242" classname="Test Cases/Mobile/Scenario/Analysis/001 - Melihat list stock technical analysis" status="PASSED">
         <system-out><![CDATA[2022-02-15 13:32:56 - [TEST_CASE][PASSED] - Test Cases/Mobile/Scenario/Analysis/001 - Melihat list stock technical analysis: Test Cases/Mobile/Scenario/Analysis/001 - Melihat list stock technical analysis

2022-02-15 13:32:57 - [TEST_STEP][PASSED] - callTestCase(findTestCase("Mobile/Page/Run App/Run App byID"), [:], STOP_ON_FAILURE): Call Test Case 'Test Cases/Mobile/Page/Run App/Run App byID' successfully

2022-02-15 13:32:57 - [TEST_CASE][PASSED] - Test Cases/Mobile/Page/Run App/Run App byID: Test Cases/Mobile/Page/Run App/Run App byID

2022-02-15 13:32:57 - [TEST_STEP][PASSED] - startApp.OpenApp.startApplication("id.co.miraeasset.sageclub"): startApp.OpenApp.startApplication is PASSED

2022-02-15 13:33:02 - [MESSAGE][INFO] - Appium server started on port 65,028

2022-02-15 13:33:20 - [MESSAGE][PASSED] - Starting app with application ID: 'id.co.miraeasset.sageclub'

2022-02-15 13:33:20 - [MESSAGE][PASSED] - startApp.OpenApp.startApplication is PASSED

2022-02-15 13:33:20 - [MESSAGE][PASSED] - Call Test Case 'Test Cases/Mobile/Page/Run App/Run App byID' successfully

2022-02-15 13:33:20 - [TEST_STEP][PASSED] - callTestCase(findTestCase("Mobile/Page/Analysis/Analysis"), ["action":"technicalsearch"], CONTINUE_ON_FAILURE): Call Test Case 'Test Cases/Mobile/Page/Analysis/Analysis' successfully

2022-02-15 13:33:20 - [TEST_CASE][PASSED] - Test Cases/Mobile/Page/Analysis/Analysis: Test Cases/Mobile/Page/Analysis/Analysis

2022-02-15 13:33:21 - [TEST_STEP][PASSED] - callTestCase(findTestCase("Mobile/Page/CheckLogin"), [:], CONTINUE_ON_FAILURE): Call Test Case 'Test Cases/Mobile/Page/CheckLogin' successfully

2022-02-15 13:33:21 - [TEST_CASE][PASSED] - Test Cases/Mobile/Page/CheckLogin: Test Cases/Mobile/Page/CheckLogin

2022-02-15 13:33:21 - [TEST_STEP][PASSED] - loginCheck = verifyElementExist(LOGN_BtnLogin, 5, CONTINUE_ON_FAILURE): Element 'Object Repository/Mobile/Page/Login/Button - Login' is exist

2022-02-15 13:33:23 - [MESSAGE][WARNING] - Test object with id 'Object Repository/Mobile/Page/Home/Button -  Add Watchlist' does not exist

2022-02-15 13:33:23 - [MESSAGE][WARNING] - Test object with id 'Object Repository/Mobile/Page/Home/Button - Open with Just Once' does not exist

2022-02-15 13:33:24 - [MESSAGE][WARNING] - Test object with id 'Object Repository/Mobile/Page/Home/Container - Notification' does not exist

2022-02-15 13:33:24 - [MESSAGE][WARNING] - Test object with id 'Object Repository/Mobile/Page/Home/Watchlist/Input - Search' does not exist

2022-02-15 13:33:24 - [MESSAGE][WARNING] - Test object with id 'Object Repository/Mobile/Page/Home/Watchlist/Item - Top Search' does not exist

2022-02-15 13:33:25 - [MESSAGE][WARNING] - Test object with id 'Object Repository/Mobile/Page/Home/Watchlist/Detail Watchlist/Item - Watchlist' does not exist

2022-02-15 13:33:31 - [MESSAGE][WARNING] - Test object with id 'Object Repository/Mobile/Page/Home/Button -  Add Watchlist' does not exist

2022-02-15 13:33:31 - [MESSAGE][WARNING] - Test object with id 'Object Repository/Mobile/Page/Home/Button - Open with Just Once' does not exist

2022-02-15 13:33:31 - [MESSAGE][WARNING] - Test object with id 'Object Repository/Mobile/Page/Home/Container - Notification' does not exist

2022-02-15 13:33:32 - [MESSAGE][WARNING] - Test object with id 'Object Repository/Mobile/Page/Home/Watchlist/Input - Search' does not exist

2022-02-15 13:33:32 - [MESSAGE][WARNING] - Test object with id 'Object Repository/Mobile/Page/Home/Watchlist/Item - Top Search' does not exist

2022-02-15 13:33:32 - [MESSAGE][WARNING] - Test object with id 'Object Repository/Mobile/Page/Home/Watchlist/Detail Watchlist/Item - Watchlist' does not exist

2022-02-15 13:33:37 - [MESSAGE][PASSED] - Element 'Object Repository/Mobile/Page/Login/Button - Login' is exist

2022-02-15 13:33:37 - [TEST_STEP][PASSED] - if (loginCheck): Call Test Case 'Test Cases/Mobile/Page/Login/Login' successfully

2022-02-15 13:33:37 - [TEST_STEP][PASSED] - callTestCase(findTestCase("Mobile/Page/Login/Login"), ["action":"username"], CONTINUE_ON_FAILURE): Call Test Case 'Test Cases/Mobile/Page/Login/Login' successfully

2022-02-15 13:33:37 - [TEST_CASE][PASSED] - Test Cases/Mobile/Page/Login/Login: Test Cases/Mobile/Page/Login/Login

2022-02-15 13:33:38 - [TEST_STEP][PASSED] - delay(2): Delayed 2 second(s)

2022-02-15 13:33:40 - [MESSAGE][PASSED] - Delayed 2 second(s)

2022-02-15 13:33:40 - [TEST_STEP][PASSED] - for ([i = 0, i < 1, (i++)]): null

2022-02-15 13:33:40 - [TEST_STEP][PASSED] - if (action == "username"): null

2022-02-15 13:33:40 - [TEST_STEP][PASSED] - tap(LOGN_EdtUserID, 0): Tapped on element 'Object Repository/Mobile/Page/Login/Input - UserID'

2022-02-15 13:33:40 - [MESSAGE][WARNING] - Timeout '0' is invalid. Using default page load timeout: '60'

2022-02-15 13:33:40 - [MESSAGE][PASSED] - Tapped on element 'Object Repository/Mobile/Page/Login/Input - UserID'

2022-02-15 13:33:40 - [TEST_STEP][PASSED] - delay(1): Delayed 1 second(s)

2022-02-15 13:33:41 - [MESSAGE][PASSED] - Delayed 1 second(s)

2022-02-15 13:33:41 - [TEST_STEP][PASSED] - setText(LOGN_EdtRdyUserID, "anggaaditya", 0): Text 'anggaaditya' has been set to element 'Object Repository/Mobile/Page/Login/Input Rdy - UserID'

2022-02-15 13:33:41 - [MESSAGE][WARNING] - Timeout '0' is invalid. Using default page load timeout: '60'

2022-02-15 13:33:42 - [MESSAGE][PASSED] - Text 'anggaaditya' has been set to element 'Object Repository/Mobile/Page/Login/Input Rdy - UserID'

2022-02-15 13:33:42 - [TEST_STEP][PASSED] - delay(1): Delayed 1 second(s)

2022-02-15 13:33:43 - [MESSAGE][PASSED] - Delayed 1 second(s)

2022-02-15 13:33:43 - [TEST_STEP][PASSED] - hideKeyboard(): Keyboard is hidden

2022-02-15 13:33:48 - [MESSAGE][PASSED] - Keyboard is hidden

2022-02-15 13:33:48 - [TEST_STEP][PASSED] - tap(LOGN_EdtPassword, 0): Tapped on element 'Object Repository/Mobile/Page/Login/Input - Password'

2022-02-15 13:33:48 - [MESSAGE][WARNING] - Timeout '0' is invalid. Using default page load timeout: '60'

2022-02-15 13:33:49 - [MESSAGE][PASSED] - Tapped on element 'Object Repository/Mobile/Page/Login/Input - Password'

2022-02-15 13:33:49 - [TEST_STEP][PASSED] - delay(1): Delayed 1 second(s)

2022-02-15 13:33:50 - [MESSAGE][PASSED] - Delayed 1 second(s)

2022-02-15 13:33:50 - [TEST_STEP][PASSED] - setText(LOGN_EdtRdyPassword, "Shalawa18", 0): Text 'Shalawa18' has been set to element 'Object Repository/Mobile/Page/Login/Input Rdy - Password'

2022-02-15 13:33:50 - [MESSAGE][WARNING] - Timeout '0' is invalid. Using default page load timeout: '60'

2022-02-15 13:33:50 - [MESSAGE][PASSED] - Text 'Shalawa18' has been set to element 'Object Repository/Mobile/Page/Login/Input Rdy - Password'

2022-02-15 13:33:50 - [TEST_STEP][PASSED] - delay(1): Delayed 1 second(s)

2022-02-15 13:33:51 - [MESSAGE][PASSED] - Delayed 1 second(s)

2022-02-15 13:33:51 - [TEST_STEP][PASSED] - hideKeyboard(): Keyboard is hidden

2022-02-15 13:33:57 - [MESSAGE][PASSED] - Keyboard is hidden

2022-02-15 13:33:57 - [TEST_STEP][PASSED] - tap(LOGN_BtnLogin, 0): Tapped on element 'Object Repository/Mobile/Page/Login/Button - Login'

2022-02-15 13:33:57 - [MESSAGE][WARNING] - Timeout '0' is invalid. Using default page load timeout: '60'

2022-02-15 13:33:58 - [MESSAGE][PASSED] - Tapped on element 'Object Repository/Mobile/Page/Login/Button - Login'

2022-02-15 13:33:58 - [TEST_STEP][PASSED] - delay(2): Delayed 2 second(s)

2022-02-15 13:34:00 - [MESSAGE][PASSED] - Delayed 2 second(s)

2022-02-15 13:34:00 - [TEST_STEP][PASSED] - break: null

2022-02-15 13:34:00 - [MESSAGE][PASSED] - Call Test Case 'Test Cases/Mobile/Page/Login/Login' successfully

2022-02-15 13:34:00 - [MESSAGE][PASSED] - Call Test Case 'Test Cases/Mobile/Page/CheckLogin' successfully

2022-02-15 13:34:00 - [TEST_STEP][PASSED] - tap(HOME_MenubarAnalysis, 0): Tapped on element 'Object Repository/Mobile/Page/Home/Menubar - Analysis'

2022-02-15 13:34:00 - [MESSAGE][WARNING] - Timeout '0' is invalid. Using default page load timeout: '60'

2022-02-15 13:34:02 - [MESSAGE][PASSED] - Tapped on element 'Object Repository/Mobile/Page/Home/Menubar - Analysis'

2022-02-15 13:34:02 - [TEST_STEP][PASSED] - delay(3): Delayed 3 second(s)

2022-02-15 13:34:05 - [MESSAGE][PASSED] - Delayed 3 second(s)

2022-02-15 13:34:05 - [TEST_STEP][PASSED] - for ([i = 0, i < 1, (i++)]): Delayed 2 second(s)

2022-02-15 13:34:05 - [TEST_STEP][PASSED] - if (action == "technicalsearch"): Delayed 2 second(s)

2022-02-15 13:34:05 - [TEST_STEP][PASSED] - tap(ANAL_DropTechIndicator, 0): Tapped on element 'Object Repository/Mobile/Page/Analysis/Dropdown - Technical Indicator'

2022-02-15 13:34:05 - [MESSAGE][WARNING] - Timeout '0' is invalid. Using default page load timeout: '60'

2022-02-15 13:34:06 - [MESSAGE][PASSED] - Tapped on element 'Object Repository/Mobile/Page/Analysis/Dropdown - Technical Indicator'

2022-02-15 13:34:06 - [TEST_STEP][PASSED] - delay(1): Delayed 1 second(s)

2022-02-15 13:34:07 - [MESSAGE][PASSED] - Delayed 1 second(s)

2022-02-15 13:34:07 - [TEST_STEP][PASSED] - tap(ANAL_OptTechIndicatorAll, 0): Tapped on element 'Object Repository/Mobile/Page/Analysis/Option Technical Indicator - All'

2022-02-15 13:34:07 - [MESSAGE][WARNING] - Timeout '0' is invalid. Using default page load timeout: '60'

2022-02-15 13:34:09 - [MESSAGE][PASSED] - Tapped on element 'Object Repository/Mobile/Page/Analysis/Option Technical Indicator - All'

2022-02-15 13:34:09 - [TEST_STEP][PASSED] - delay(1): Delayed 1 second(s)

2022-02-15 13:34:10 - [MESSAGE][PASSED] - Delayed 1 second(s)

2022-02-15 13:34:10 - [TEST_STEP][PASSED] - tap(ANAL_DropMarketCap, 0): Tapped on element 'Object Repository/Mobile/Page/Analysis/Dropdown - Market Cap'

2022-02-15 13:34:10 - [MESSAGE][WARNING] - Timeout '0' is invalid. Using default page load timeout: '60'

2022-02-15 13:34:11 - [MESSAGE][PASSED] - Tapped on element 'Object Repository/Mobile/Page/Analysis/Dropdown - Market Cap'

2022-02-15 13:34:11 - [TEST_STEP][PASSED] - delay(1): Delayed 1 second(s)

2022-02-15 13:34:12 - [MESSAGE][PASSED] - Delayed 1 second(s)

2022-02-15 13:34:12 - [TEST_STEP][PASSED] - tap(ANAL_OptMarketCap1T, 0): Tapped on element 'Object Repository/Mobile/Page/Analysis/Option Market Cap - 1 Trillion'

2022-02-15 13:34:12 - [MESSAGE][WARNING] - Timeout '0' is invalid. Using default page load timeout: '60'

2022-02-15 13:34:13 - [MESSAGE][PASSED] - Tapped on element 'Object Repository/Mobile/Page/Analysis/Option Market Cap - 1 Trillion'

2022-02-15 13:34:13 - [TEST_STEP][PASSED] - delay(1): Delayed 1 second(s)

2022-02-15 13:34:14 - [MESSAGE][PASSED] - Delayed 1 second(s)

2022-02-15 13:34:14 - [TEST_STEP][PASSED] - tap(ANAL_DropTransaction, 0): Tapped on element 'Object Repository/Mobile/Page/Analysis/Dropdown - Transaction'

2022-02-15 13:34:14 - [MESSAGE][WARNING] - Timeout '0' is invalid. Using default page load timeout: '60'

2022-02-15 13:34:15 - [MESSAGE][PASSED] - Tapped on element 'Object Repository/Mobile/Page/Analysis/Dropdown - Transaction'

2022-02-15 13:34:15 - [TEST_STEP][PASSED] - delay(1): Delayed 1 second(s)

2022-02-15 13:34:16 - [MESSAGE][PASSED] - Delayed 1 second(s)

2022-02-15 13:34:16 - [TEST_STEP][PASSED] - tap(ANAL_OptTransaction10B, 0): Tapped on element 'Object Repository/Mobile/Page/Analysis/Option Transaction - 10 Billion'

2022-02-15 13:34:16 - [MESSAGE][WARNING] - Timeout '0' is invalid. Using default page load timeout: '60'

2022-02-15 13:34:18 - [MESSAGE][PASSED] - Tapped on element 'Object Repository/Mobile/Page/Analysis/Option Transaction - 10 Billion'

2022-02-15 13:34:18 - [TEST_STEP][PASSED] - delay(1): Delayed 1 second(s)

2022-02-15 13:34:19 - [MESSAGE][PASSED] - Delayed 1 second(s)

2022-02-15 13:34:19 - [TEST_STEP][PASSED] - tap(ANAL_DropTimeFrame, 0): Tapped on element 'Object Repository/Mobile/Page/Analysis/Dropdown - Time Frame'

2022-02-15 13:34:19 - [MESSAGE][WARNING] - Timeout '0' is invalid. Using default page load timeout: '60'

2022-02-15 13:34:19 - [MESSAGE][PASSED] - Tapped on element 'Object Repository/Mobile/Page/Analysis/Dropdown - Time Frame'

2022-02-15 13:34:19 - [TEST_STEP][PASSED] - delay(1): Delayed 1 second(s)

2022-02-15 13:34:20 - [MESSAGE][PASSED] - Delayed 1 second(s)

2022-02-15 13:34:20 - [TEST_STEP][PASSED] - tap(ANAL_OptTimeFrameDaily, 0): Tapped on element 'Object Repository/Mobile/Page/Analysis/Option Time Frame - Daily'

2022-02-15 13:34:20 - [MESSAGE][WARNING] - Timeout '0' is invalid. Using default page load timeout: '60'

2022-02-15 13:34:21 - [MESSAGE][PASSED] - Tapped on element 'Object Repository/Mobile/Page/Analysis/Option Time Frame - Daily'

2022-02-15 13:34:21 - [TEST_STEP][PASSED] - delay(1): Delayed 1 second(s)

2022-02-15 13:34:22 - [MESSAGE][PASSED] - Delayed 1 second(s)

2022-02-15 13:34:22 - [TEST_STEP][PASSED] - tap(ANAL_DropIndex, 0): Tapped on element 'Object Repository/Mobile/Page/Analysis/Dropdown - Index'

2022-02-15 13:34:22 - [MESSAGE][WARNING] - Timeout '0' is invalid. Using default page load timeout: '60'

2022-02-15 13:34:23 - [MESSAGE][PASSED] - Tapped on element 'Object Repository/Mobile/Page/Analysis/Dropdown - Index'

2022-02-15 13:34:23 - [TEST_STEP][PASSED] - delay(1): Delayed 1 second(s)

2022-02-15 13:34:24 - [MESSAGE][PASSED] - Delayed 1 second(s)

2022-02-15 13:34:24 - [TEST_STEP][PASSED] - tap(ANAL_OptIndexIdx30, 0): Tapped on element 'Object Repository/Mobile/Page/Analysis/Option Index - Idx30'

2022-02-15 13:34:24 - [MESSAGE][WARNING] - Timeout '0' is invalid. Using default page load timeout: '60'

2022-02-15 13:34:25 - [MESSAGE][PASSED] - Tapped on element 'Object Repository/Mobile/Page/Analysis/Option Index - Idx30'

2022-02-15 13:34:25 - [TEST_STEP][PASSED] - delay(2): Delayed 2 second(s)

2022-02-15 13:34:27 - [MESSAGE][PASSED] - Delayed 2 second(s)

2022-02-15 13:34:27 - [MESSAGE][PASSED] - Call Test Case 'Test Cases/Mobile/Page/Analysis/Analysis' successfully

2022-02-15 13:34:27 - [TEST_STEP][PASSED] - callTestCase(findTestCase("Mobile/Page/Run App/Terminate App"), [:], STOP_ON_FAILURE): Call Test Case 'Test Cases/Mobile/Page/Run App/Terminate App' successfully

2022-02-15 13:34:27 - [TEST_CASE][PASSED] - Test Cases/Mobile/Page/Run App/Terminate App: Test Cases/Mobile/Page/Run App/Terminate App

2022-02-15 13:34:27 - [TEST_STEP][PASSED] - startApp.OpenApp.terminateApplication(): startApp.OpenApp.terminateApplication is PASSED

2022-02-15 13:34:30 - [MESSAGE][PASSED] - Delayed 3 second(s)

2022-02-15 13:34:31 - [MESSAGE][PASSED] - Current device physical width is 720

2022-02-15 13:34:31 - [MESSAGE][PASSED] - Current device physical height is 1423

2022-02-15 13:34:32 - [MESSAGE][PASSED] - Swiped from 360,853 to 360,142

2022-02-15 13:34:33 - [MESSAGE][PASSED] - Delayed 1 second(s)

2022-02-15 13:34:34 - [MESSAGE][PASSED] - Swiped from 360,853 to 360,142

2022-02-15 13:34:37 - [MESSAGE][PASSED] - Delayed 3 second(s)

2022-02-15 13:34:37 - [MESSAGE][PASSED] - startApp.OpenApp.terminateApplication is PASSED

2022-02-15 13:34:37 - [MESSAGE][PASSED] - Call Test Case 'Test Cases/Mobile/Page/Run App/Terminate App' successfully]]></system-out>
         <system-err><![CDATA[]]></system-err>
      </testcase>
      <testcase name="Test Cases/Mobile/Scenario/Analysis/002 - Melihat detail stock kategori day" time="63.313" classname="Test Cases/Mobile/Scenario/Analysis/002 - Melihat detail stock kategori day" status="PASSED">
         <system-out><![CDATA[2022-02-15 13:34:37 - [TEST_CASE][PASSED] - Test Cases/Mobile/Scenario/Analysis/002 - Melihat detail stock kategori day: Test Cases/Mobile/Scenario/Analysis/002 - Melihat detail stock kategori day

2022-02-15 13:34:38 - [TEST_STEP][PASSED] - callTestCase(findTestCase("Mobile/Page/Run App/Run App byID"), [:], STOP_ON_FAILURE): Call Test Case 'Test Cases/Mobile/Page/Run App/Run App byID' successfully

2022-02-15 13:34:38 - [TEST_CASE][PASSED] - Test Cases/Mobile/Page/Run App/Run App byID: Test Cases/Mobile/Page/Run App/Run App byID

2022-02-15 13:34:38 - [TEST_STEP][PASSED] - startApp.OpenApp.startApplication("id.co.miraeasset.sageclub"): startApp.OpenApp.startApplication is PASSED

2022-02-15 13:34:51 - [MESSAGE][PASSED] - Starting app with application ID: 'id.co.miraeasset.sageclub'

2022-02-15 13:34:51 - [MESSAGE][PASSED] - startApp.OpenApp.startApplication is PASSED

2022-02-15 13:34:51 - [MESSAGE][PASSED] - Call Test Case 'Test Cases/Mobile/Page/Run App/Run App byID' successfully

2022-02-15 13:34:51 - [TEST_STEP][PASSED] - callTestCase(findTestCase("Mobile/Page/Analysis/Analysis"), ["action":"technicaldetail", "action2":"day"], CONTINUE_ON_FAILURE): Call Test Case 'Test Cases/Mobile/Page/Analysis/Analysis' successfully

2022-02-15 13:34:51 - [TEST_CASE][PASSED] - Test Cases/Mobile/Page/Analysis/Analysis: Test Cases/Mobile/Page/Analysis/Analysis

2022-02-15 13:34:51 - [TEST_STEP][PASSED] - callTestCase(findTestCase("Mobile/Page/CheckLogin"), [:], CONTINUE_ON_FAILURE): Call Test Case 'Test Cases/Mobile/Page/CheckLogin' successfully

2022-02-15 13:34:51 - [TEST_CASE][PASSED] - Test Cases/Mobile/Page/CheckLogin: Test Cases/Mobile/Page/CheckLogin

2022-02-15 13:34:51 - [TEST_STEP][PASSED] - loginCheck = verifyElementExist(LOGN_BtnLogin, 5, CONTINUE_ON_FAILURE): Element 'Object Repository/Mobile/Page/Login/Button - Login' is exist

2022-02-15 13:34:53 - [MESSAGE][PASSED] - Element 'Object Repository/Mobile/Page/Login/Button - Login' is exist

2022-02-15 13:34:53 - [TEST_STEP][PASSED] - if (loginCheck): Call Test Case 'Test Cases/Mobile/Page/Login/Login' successfully

2022-02-15 13:34:53 - [TEST_STEP][PASSED] - callTestCase(findTestCase("Mobile/Page/Login/Login"), ["action":"username"], CONTINUE_ON_FAILURE): Call Test Case 'Test Cases/Mobile/Page/Login/Login' successfully

2022-02-15 13:34:53 - [TEST_CASE][PASSED] - Test Cases/Mobile/Page/Login/Login: Test Cases/Mobile/Page/Login/Login

2022-02-15 13:34:53 - [TEST_STEP][PASSED] - delay(2): Delayed 2 second(s)

2022-02-15 13:34:55 - [MESSAGE][PASSED] - Delayed 2 second(s)

2022-02-15 13:34:55 - [TEST_STEP][PASSED] - for ([i = 0, i < 1, (i++)]): null

2022-02-15 13:34:55 - [TEST_STEP][PASSED] - if (action == "username"): null

2022-02-15 13:34:55 - [TEST_STEP][PASSED] - tap(LOGN_EdtUserID, 0): Tapped on element 'Object Repository/Mobile/Page/Login/Input - UserID'

2022-02-15 13:34:55 - [MESSAGE][WARNING] - Timeout '0' is invalid. Using default page load timeout: '60'

2022-02-15 13:34:56 - [MESSAGE][PASSED] - Tapped on element 'Object Repository/Mobile/Page/Login/Input - UserID'

2022-02-15 13:34:56 - [TEST_STEP][PASSED] - delay(1): Delayed 1 second(s)

2022-02-15 13:34:57 - [MESSAGE][PASSED] - Delayed 1 second(s)

2022-02-15 13:34:57 - [TEST_STEP][PASSED] - setText(LOGN_EdtRdyUserID, "anggaaditya", 0): Text 'anggaaditya' has been set to element 'Object Repository/Mobile/Page/Login/Input Rdy - UserID'

2022-02-15 13:34:57 - [MESSAGE][WARNING] - Timeout '0' is invalid. Using default page load timeout: '60'

2022-02-15 13:34:57 - [MESSAGE][PASSED] - Text 'anggaaditya' has been set to element 'Object Repository/Mobile/Page/Login/Input Rdy - UserID'

2022-02-15 13:34:57 - [TEST_STEP][PASSED] - delay(1): Delayed 1 second(s)

2022-02-15 13:34:58 - [MESSAGE][PASSED] - Delayed 1 second(s)

2022-02-15 13:34:58 - [TEST_STEP][PASSED] - hideKeyboard(): Keyboard is hidden

2022-02-15 13:35:02 - [MESSAGE][PASSED] - Keyboard is hidden

2022-02-15 13:35:02 - [TEST_STEP][PASSED] - tap(LOGN_EdtPassword, 0): Tapped on element 'Object Repository/Mobile/Page/Login/Input - Password'

2022-02-15 13:35:02 - [MESSAGE][WARNING] - Timeout '0' is invalid. Using default page load timeout: '60'

2022-02-15 13:35:03 - [MESSAGE][PASSED] - Tapped on element 'Object Repository/Mobile/Page/Login/Input - Password'

2022-02-15 13:35:03 - [TEST_STEP][PASSED] - delay(1): Delayed 1 second(s)

2022-02-15 13:35:04 - [MESSAGE][PASSED] - Delayed 1 second(s)

2022-02-15 13:35:04 - [TEST_STEP][PASSED] - setText(LOGN_EdtRdyPassword, "Shalawa18", 0): Text 'Shalawa18' has been set to element 'Object Repository/Mobile/Page/Login/Input Rdy - Password'

2022-02-15 13:35:04 - [MESSAGE][WARNING] - Timeout '0' is invalid. Using default page load timeout: '60'

2022-02-15 13:35:04 - [MESSAGE][PASSED] - Text 'Shalawa18' has been set to element 'Object Repository/Mobile/Page/Login/Input Rdy - Password'

2022-02-15 13:35:04 - [TEST_STEP][PASSED] - delay(1): Delayed 1 second(s)

2022-02-15 13:35:05 - [MESSAGE][PASSED] - Delayed 1 second(s)

2022-02-15 13:35:05 - [TEST_STEP][PASSED] - hideKeyboard(): Keyboard is hidden

2022-02-15 13:35:12 - [MESSAGE][PASSED] - Keyboard is hidden

2022-02-15 13:35:12 - [TEST_STEP][PASSED] - tap(LOGN_BtnLogin, 0): Tapped on element 'Object Repository/Mobile/Page/Login/Button - Login'

2022-02-15 13:35:12 - [MESSAGE][WARNING] - Timeout '0' is invalid. Using default page load timeout: '60'

2022-02-15 13:35:13 - [MESSAGE][PASSED] - Tapped on element 'Object Repository/Mobile/Page/Login/Button - Login'

2022-02-15 13:35:13 - [TEST_STEP][PASSED] - delay(2): Delayed 2 second(s)

2022-02-15 13:35:15 - [MESSAGE][PASSED] - Delayed 2 second(s)

2022-02-15 13:35:15 - [TEST_STEP][PASSED] - break: null

2022-02-15 13:35:15 - [MESSAGE][PASSED] - Call Test Case 'Test Cases/Mobile/Page/Login/Login' successfully

2022-02-15 13:35:15 - [MESSAGE][PASSED] - Call Test Case 'Test Cases/Mobile/Page/CheckLogin' successfully

2022-02-15 13:35:15 - [TEST_STEP][PASSED] - tap(HOME_MenubarAnalysis, 0): Tapped on element 'Object Repository/Mobile/Page/Home/Menubar - Analysis'

2022-02-15 13:35:15 - [MESSAGE][WARNING] - Timeout '0' is invalid. Using default page load timeout: '60'

2022-02-15 13:35:17 - [MESSAGE][PASSED] - Tapped on element 'Object Repository/Mobile/Page/Home/Menubar - Analysis'

2022-02-15 13:35:17 - [TEST_STEP][PASSED] - delay(3): Delayed 3 second(s)

2022-02-15 13:35:20 - [MESSAGE][PASSED] - Delayed 3 second(s)

2022-02-15 13:35:20 - [TEST_STEP][PASSED] - for ([i = 0, i < 1, (i++)]): Delayed 2 second(s)

2022-02-15 13:35:20 - [TEST_STEP][PASSED] - if (action == "technicalsearch"): null

2022-02-15 13:35:20 - [TEST_STEP][PASSED] - else if (action == "technicaldetail"): Delayed 2 second(s)

2022-02-15 13:35:20 - [TEST_STEP][PASSED] - tapAndHold(ANAL_ItemTopResultTech, 1, 0): Tapped and held on element 'Object Repository/Mobile/Page/Analysis/Item - Top Technical' with duration 1

2022-02-15 13:35:20 - [MESSAGE][WARNING] - Timeout '0' is invalid. Using default page load timeout: '60'

2022-02-15 13:35:23 - [MESSAGE][PASSED] - Tapped and held on element 'Object Repository/Mobile/Page/Analysis/Item - Top Technical' with duration 1

2022-02-15 13:35:23 - [TEST_STEP][PASSED] - delay(3): Delayed 3 second(s)

2022-02-15 13:35:26 - [MESSAGE][PASSED] - Delayed 3 second(s)

2022-02-15 13:35:26 - [TEST_STEP][PASSED] - switch (action2): null

2022-02-15 13:35:26 - [TEST_STEP][PASSED] - case "day":: null

2022-02-15 13:35:26 - [TEST_STEP][PASSED] - tapAndHold(ANAL_DETL_BtnD, 1, 0): Tapped and held on element 'Object Repository/Mobile/Page/Analysis/Detail/Button - D' with duration 1

2022-02-15 13:35:26 - [MESSAGE][WARNING] - Timeout '0' is invalid. Using default page load timeout: '60'

2022-02-15 13:35:28 - [MESSAGE][PASSED] - Tapped and held on element 'Object Repository/Mobile/Page/Analysis/Detail/Button - D' with duration 1

2022-02-15 13:35:28 - [TEST_STEP][PASSED] - break: null

2022-02-15 13:35:28 - [TEST_STEP][PASSED] - delay(2): Delayed 2 second(s)

2022-02-15 13:35:30 - [MESSAGE][PASSED] - Delayed 2 second(s)

2022-02-15 13:35:30 - [MESSAGE][PASSED] - Call Test Case 'Test Cases/Mobile/Page/Analysis/Analysis' successfully

2022-02-15 13:35:30 - [TEST_STEP][PASSED] - callTestCase(findTestCase("Mobile/Page/Run App/Terminate App"), [:], STOP_ON_FAILURE): Call Test Case 'Test Cases/Mobile/Page/Run App/Terminate App' successfully

2022-02-15 13:35:31 - [TEST_CASE][PASSED] - Test Cases/Mobile/Page/Run App/Terminate App: Test Cases/Mobile/Page/Run App/Terminate App

2022-02-15 13:35:31 - [TEST_STEP][PASSED] - startApp.OpenApp.terminateApplication(): startApp.OpenApp.terminateApplication is PASSED

2022-02-15 13:35:34 - [MESSAGE][PASSED] - Delayed 3 second(s)

2022-02-15 13:35:34 - [MESSAGE][PASSED] - Current device physical width is 720

2022-02-15 13:35:34 - [MESSAGE][PASSED] - Current device physical height is 1423

2022-02-15 13:35:35 - [MESSAGE][PASSED] - Swiped from 360,853 to 360,142

2022-02-15 13:35:36 - [MESSAGE][PASSED] - Delayed 1 second(s)

2022-02-15 13:35:38 - [MESSAGE][PASSED] - Swiped from 360,853 to 360,142

2022-02-15 13:35:41 - [MESSAGE][PASSED] - Delayed 3 second(s)

2022-02-15 13:35:41 - [MESSAGE][PASSED] - startApp.OpenApp.terminateApplication is PASSED

2022-02-15 13:35:41 - [MESSAGE][PASSED] - Call Test Case 'Test Cases/Mobile/Page/Run App/Terminate App' successfully]]></system-out>
         <system-err><![CDATA[]]></system-err>
      </testcase>
      <testcase name="Test Cases/Mobile/Scenario/Analysis/003 - Melihat detail stock kategori week" time="62.598" classname="Test Cases/Mobile/Scenario/Analysis/003 - Melihat detail stock kategori week" status="PASSED">
         <system-out><![CDATA[2022-02-15 13:35:41 - [TEST_CASE][PASSED] - Test Cases/Mobile/Scenario/Analysis/003 - Melihat detail stock kategori week: Test Cases/Mobile/Scenario/Analysis/003 - Melihat detail stock kategori week

2022-02-15 13:35:41 - [TEST_STEP][PASSED] - callTestCase(findTestCase("Mobile/Page/Run App/Run App byID"), [:], STOP_ON_FAILURE): Call Test Case 'Test Cases/Mobile/Page/Run App/Run App byID' successfully

2022-02-15 13:35:41 - [TEST_CASE][PASSED] - Test Cases/Mobile/Page/Run App/Run App byID: Test Cases/Mobile/Page/Run App/Run App byID

2022-02-15 13:35:41 - [TEST_STEP][PASSED] - startApp.OpenApp.startApplication("id.co.miraeasset.sageclub"): startApp.OpenApp.startApplication is PASSED

2022-02-15 13:35:54 - [MESSAGE][PASSED] - Starting app with application ID: 'id.co.miraeasset.sageclub'

2022-02-15 13:35:54 - [MESSAGE][PASSED] - startApp.OpenApp.startApplication is PASSED

2022-02-15 13:35:54 - [MESSAGE][PASSED] - Call Test Case 'Test Cases/Mobile/Page/Run App/Run App byID' successfully

2022-02-15 13:35:54 - [TEST_STEP][PASSED] - callTestCase(findTestCase("Mobile/Page/Analysis/Analysis"), ["action":"technicaldetail", "action2":"week"], CONTINUE_ON_FAILURE): Call Test Case 'Test Cases/Mobile/Page/Analysis/Analysis' successfully

2022-02-15 13:35:54 - [TEST_CASE][PASSED] - Test Cases/Mobile/Page/Analysis/Analysis: Test Cases/Mobile/Page/Analysis/Analysis

2022-02-15 13:35:54 - [TEST_STEP][PASSED] - callTestCase(findTestCase("Mobile/Page/CheckLogin"), [:], CONTINUE_ON_FAILURE): Call Test Case 'Test Cases/Mobile/Page/CheckLogin' successfully

2022-02-15 13:35:54 - [TEST_CASE][PASSED] - Test Cases/Mobile/Page/CheckLogin: Test Cases/Mobile/Page/CheckLogin

2022-02-15 13:35:54 - [TEST_STEP][PASSED] - loginCheck = verifyElementExist(LOGN_BtnLogin, 5, CONTINUE_ON_FAILURE): Element 'Object Repository/Mobile/Page/Login/Button - Login' is exist

2022-02-15 13:35:56 - [MESSAGE][PASSED] - Element 'Object Repository/Mobile/Page/Login/Button - Login' is exist

2022-02-15 13:35:56 - [TEST_STEP][PASSED] - if (loginCheck): Call Test Case 'Test Cases/Mobile/Page/Login/Login' successfully

2022-02-15 13:35:56 - [TEST_STEP][PASSED] - callTestCase(findTestCase("Mobile/Page/Login/Login"), ["action":"username"], CONTINUE_ON_FAILURE): Call Test Case 'Test Cases/Mobile/Page/Login/Login' successfully

2022-02-15 13:35:56 - [TEST_CASE][PASSED] - Test Cases/Mobile/Page/Login/Login: Test Cases/Mobile/Page/Login/Login

2022-02-15 13:35:56 - [TEST_STEP][PASSED] - delay(2): Delayed 2 second(s)

2022-02-15 13:35:58 - [MESSAGE][PASSED] - Delayed 2 second(s)

2022-02-15 13:35:58 - [TEST_STEP][PASSED] - for ([i = 0, i < 1, (i++)]): null

2022-02-15 13:35:58 - [TEST_STEP][PASSED] - if (action == "username"): null

2022-02-15 13:35:58 - [TEST_STEP][PASSED] - tap(LOGN_EdtUserID, 0): Tapped on element 'Object Repository/Mobile/Page/Login/Input - UserID'

2022-02-15 13:35:58 - [MESSAGE][WARNING] - Timeout '0' is invalid. Using default page load timeout: '60'

2022-02-15 13:35:59 - [MESSAGE][PASSED] - Tapped on element 'Object Repository/Mobile/Page/Login/Input - UserID'

2022-02-15 13:35:59 - [TEST_STEP][PASSED] - delay(1): Delayed 1 second(s)

2022-02-15 13:36:00 - [MESSAGE][PASSED] - Delayed 1 second(s)

2022-02-15 13:36:00 - [TEST_STEP][PASSED] - setText(LOGN_EdtRdyUserID, "anggaaditya", 0): Text 'anggaaditya' has been set to element 'Object Repository/Mobile/Page/Login/Input Rdy - UserID'

2022-02-15 13:36:00 - [MESSAGE][WARNING] - Timeout '0' is invalid. Using default page load timeout: '60'

2022-02-15 13:36:01 - [MESSAGE][PASSED] - Text 'anggaaditya' has been set to element 'Object Repository/Mobile/Page/Login/Input Rdy - UserID'

2022-02-15 13:36:01 - [TEST_STEP][PASSED] - delay(1): Delayed 1 second(s)

2022-02-15 13:36:02 - [MESSAGE][PASSED] - Delayed 1 second(s)

2022-02-15 13:36:02 - [TEST_STEP][PASSED] - hideKeyboard(): Keyboard is hidden

2022-02-15 13:36:05 - [MESSAGE][PASSED] - Keyboard is hidden

2022-02-15 13:36:05 - [TEST_STEP][PASSED] - tap(LOGN_EdtPassword, 0): Tapped on element 'Object Repository/Mobile/Page/Login/Input - Password'

2022-02-15 13:36:05 - [MESSAGE][WARNING] - Timeout '0' is invalid. Using default page load timeout: '60'

2022-02-15 13:36:06 - [MESSAGE][PASSED] - Tapped on element 'Object Repository/Mobile/Page/Login/Input - Password'

2022-02-15 13:36:06 - [TEST_STEP][PASSED] - delay(1): Delayed 1 second(s)

2022-02-15 13:36:07 - [MESSAGE][PASSED] - Delayed 1 second(s)

2022-02-15 13:36:07 - [TEST_STEP][PASSED] - setText(LOGN_EdtRdyPassword, "Shalawa18", 0): Text 'Shalawa18' has been set to element 'Object Repository/Mobile/Page/Login/Input Rdy - Password'

2022-02-15 13:36:07 - [MESSAGE][WARNING] - Timeout '0' is invalid. Using default page load timeout: '60'

2022-02-15 13:36:07 - [MESSAGE][PASSED] - Text 'Shalawa18' has been set to element 'Object Repository/Mobile/Page/Login/Input Rdy - Password'

2022-02-15 13:36:07 - [TEST_STEP][PASSED] - delay(1): Delayed 1 second(s)

2022-02-15 13:36:08 - [MESSAGE][PASSED] - Delayed 1 second(s)

2022-02-15 13:36:08 - [TEST_STEP][PASSED] - hideKeyboard(): Keyboard is hidden

2022-02-15 13:36:15 - [MESSAGE][PASSED] - Keyboard is hidden

2022-02-15 13:36:15 - [TEST_STEP][PASSED] - tap(LOGN_BtnLogin, 0): Tapped on element 'Object Repository/Mobile/Page/Login/Button - Login'

2022-02-15 13:36:15 - [MESSAGE][WARNING] - Timeout '0' is invalid. Using default page load timeout: '60'

2022-02-15 13:36:16 - [MESSAGE][PASSED] - Tapped on element 'Object Repository/Mobile/Page/Login/Button - Login'

2022-02-15 13:36:16 - [TEST_STEP][PASSED] - delay(2): Delayed 2 second(s)

2022-02-15 13:36:18 - [MESSAGE][PASSED] - Delayed 2 second(s)

2022-02-15 13:36:18 - [TEST_STEP][PASSED] - break: null

2022-02-15 13:36:18 - [MESSAGE][PASSED] - Call Test Case 'Test Cases/Mobile/Page/Login/Login' successfully

2022-02-15 13:36:18 - [MESSAGE][PASSED] - Call Test Case 'Test Cases/Mobile/Page/CheckLogin' successfully

2022-02-15 13:36:18 - [TEST_STEP][PASSED] - tap(HOME_MenubarAnalysis, 0): Tapped on element 'Object Repository/Mobile/Page/Home/Menubar - Analysis'

2022-02-15 13:36:18 - [MESSAGE][WARNING] - Timeout '0' is invalid. Using default page load timeout: '60'

2022-02-15 13:36:19 - [MESSAGE][PASSED] - Tapped on element 'Object Repository/Mobile/Page/Home/Menubar - Analysis'

2022-02-15 13:36:19 - [TEST_STEP][PASSED] - delay(3): Delayed 3 second(s)

2022-02-15 13:36:22 - [MESSAGE][PASSED] - Delayed 3 second(s)

2022-02-15 13:36:22 - [TEST_STEP][PASSED] - for ([i = 0, i < 1, (i++)]): Delayed 2 second(s)

2022-02-15 13:36:22 - [TEST_STEP][PASSED] - if (action == "technicalsearch"): null

2022-02-15 13:36:22 - [TEST_STEP][PASSED] - else if (action == "technicaldetail"): Delayed 2 second(s)

2022-02-15 13:36:22 - [TEST_STEP][PASSED] - tapAndHold(ANAL_ItemTopResultTech, 1, 0): Tapped and held on element 'Object Repository/Mobile/Page/Analysis/Item - Top Technical' with duration 1

2022-02-15 13:36:22 - [MESSAGE][WARNING] - Timeout '0' is invalid. Using default page load timeout: '60'

2022-02-15 13:36:25 - [MESSAGE][PASSED] - Tapped and held on element 'Object Repository/Mobile/Page/Analysis/Item - Top Technical' with duration 1

2022-02-15 13:36:25 - [TEST_STEP][PASSED] - delay(3): Delayed 3 second(s)

2022-02-15 13:36:28 - [MESSAGE][PASSED] - Delayed 3 second(s)

2022-02-15 13:36:28 - [TEST_STEP][PASSED] - switch (action2): null

2022-02-15 13:36:28 - [TEST_STEP][PASSED] - case "week":: null

2022-02-15 13:36:28 - [TEST_STEP][PASSED] - tapAndHold(ANAL_DETL_BtnW, 1, 0): Tapped and held on element 'Object Repository/Mobile/Page/Analysis/Detail/Button - W' with duration 1

2022-02-15 13:36:28 - [MESSAGE][WARNING] - Timeout '0' is invalid. Using default page load timeout: '60'

2022-02-15 13:36:31 - [MESSAGE][PASSED] - Tapped and held on element 'Object Repository/Mobile/Page/Analysis/Detail/Button - W' with duration 1

2022-02-15 13:36:31 - [TEST_STEP][PASSED] - break: null

2022-02-15 13:36:31 - [TEST_STEP][PASSED] - delay(2): Delayed 2 second(s)

2022-02-15 13:36:33 - [MESSAGE][PASSED] - Delayed 2 second(s)

2022-02-15 13:36:33 - [MESSAGE][PASSED] - Call Test Case 'Test Cases/Mobile/Page/Analysis/Analysis' successfully

2022-02-15 13:36:33 - [TEST_STEP][PASSED] - callTestCase(findTestCase("Mobile/Page/Run App/Terminate App"), [:], STOP_ON_FAILURE): Call Test Case 'Test Cases/Mobile/Page/Run App/Terminate App' successfully

2022-02-15 13:36:33 - [TEST_CASE][PASSED] - Test Cases/Mobile/Page/Run App/Terminate App: Test Cases/Mobile/Page/Run App/Terminate App

2022-02-15 13:36:33 - [TEST_STEP][PASSED] - startApp.OpenApp.terminateApplication(): startApp.OpenApp.terminateApplication is PASSED

2022-02-15 13:36:36 - [MESSAGE][PASSED] - Delayed 3 second(s)

2022-02-15 13:36:37 - [MESSAGE][PASSED] - Current device physical width is 720

2022-02-15 13:36:37 - [MESSAGE][PASSED] - Current device physical height is 1423

2022-02-15 13:36:38 - [MESSAGE][PASSED] - Swiped from 360,853 to 360,142

2022-02-15 13:36:39 - [MESSAGE][PASSED] - Delayed 1 second(s)

2022-02-15 13:36:40 - [MESSAGE][PASSED] - Swiped from 360,853 to 360,142

2022-02-15 13:36:43 - [MESSAGE][PASSED] - Delayed 3 second(s)

2022-02-15 13:36:43 - [MESSAGE][PASSED] - startApp.OpenApp.terminateApplication is PASSED

2022-02-15 13:36:43 - [MESSAGE][PASSED] - Call Test Case 'Test Cases/Mobile/Page/Run App/Terminate App' successfully]]></system-out>
         <system-err><![CDATA[]]></system-err>
      </testcase>
      <testcase name="Test Cases/Mobile/Scenario/Analysis/004 - Melihat detail stock kategori month" time="62.16" classname="Test Cases/Mobile/Scenario/Analysis/004 - Melihat detail stock kategori month" status="PASSED">
         <system-out><![CDATA[2022-02-15 13:36:43 - [TEST_CASE][PASSED] - Test Cases/Mobile/Scenario/Analysis/004 - Melihat detail stock kategori month: Test Cases/Mobile/Scenario/Analysis/004 - Melihat detail stock kategori month

2022-02-15 13:36:44 - [TEST_STEP][PASSED] - callTestCase(findTestCase("Mobile/Page/Run App/Run App byID"), [:], STOP_ON_FAILURE): Call Test Case 'Test Cases/Mobile/Page/Run App/Run App byID' successfully

2022-02-15 13:36:44 - [TEST_CASE][PASSED] - Test Cases/Mobile/Page/Run App/Run App byID: Test Cases/Mobile/Page/Run App/Run App byID

2022-02-15 13:36:44 - [TEST_STEP][PASSED] - startApp.OpenApp.startApplication("id.co.miraeasset.sageclub"): startApp.OpenApp.startApplication is PASSED

2022-02-15 13:36:56 - [MESSAGE][PASSED] - Starting app with application ID: 'id.co.miraeasset.sageclub'

2022-02-15 13:36:56 - [MESSAGE][PASSED] - startApp.OpenApp.startApplication is PASSED

2022-02-15 13:36:56 - [MESSAGE][PASSED] - Call Test Case 'Test Cases/Mobile/Page/Run App/Run App byID' successfully

2022-02-15 13:36:56 - [TEST_STEP][PASSED] - callTestCase(findTestCase("Mobile/Page/Analysis/Analysis"), ["action":"technicaldetail", "action2":"month"], CONTINUE_ON_FAILURE): Call Test Case 'Test Cases/Mobile/Page/Analysis/Analysis' successfully

2022-02-15 13:36:56 - [TEST_CASE][PASSED] - Test Cases/Mobile/Page/Analysis/Analysis: Test Cases/Mobile/Page/Analysis/Analysis

2022-02-15 13:36:56 - [TEST_STEP][PASSED] - callTestCase(findTestCase("Mobile/Page/CheckLogin"), [:], CONTINUE_ON_FAILURE): Call Test Case 'Test Cases/Mobile/Page/CheckLogin' successfully

2022-02-15 13:36:56 - [TEST_CASE][PASSED] - Test Cases/Mobile/Page/CheckLogin: Test Cases/Mobile/Page/CheckLogin

2022-02-15 13:36:56 - [TEST_STEP][PASSED] - loginCheck = verifyElementExist(LOGN_BtnLogin, 5, CONTINUE_ON_FAILURE): Element 'Object Repository/Mobile/Page/Login/Button - Login' is exist

2022-02-15 13:36:59 - [MESSAGE][PASSED] - Element 'Object Repository/Mobile/Page/Login/Button - Login' is exist

2022-02-15 13:36:59 - [TEST_STEP][PASSED] - if (loginCheck): Call Test Case 'Test Cases/Mobile/Page/Login/Login' successfully

2022-02-15 13:36:59 - [TEST_STEP][PASSED] - callTestCase(findTestCase("Mobile/Page/Login/Login"), ["action":"username"], CONTINUE_ON_FAILURE): Call Test Case 'Test Cases/Mobile/Page/Login/Login' successfully

2022-02-15 13:36:59 - [TEST_CASE][PASSED] - Test Cases/Mobile/Page/Login/Login: Test Cases/Mobile/Page/Login/Login

2022-02-15 13:36:59 - [TEST_STEP][PASSED] - delay(2): Delayed 2 second(s)

2022-02-15 13:37:01 - [MESSAGE][PASSED] - Delayed 2 second(s)

2022-02-15 13:37:01 - [TEST_STEP][PASSED] - for ([i = 0, i < 1, (i++)]): null

2022-02-15 13:37:01 - [TEST_STEP][PASSED] - if (action == "username"): null

2022-02-15 13:37:01 - [TEST_STEP][PASSED] - tap(LOGN_EdtUserID, 0): Tapped on element 'Object Repository/Mobile/Page/Login/Input - UserID'

2022-02-15 13:37:01 - [MESSAGE][WARNING] - Timeout '0' is invalid. Using default page load timeout: '60'

2022-02-15 13:37:01 - [MESSAGE][PASSED] - Tapped on element 'Object Repository/Mobile/Page/Login/Input - UserID'

2022-02-15 13:37:01 - [TEST_STEP][PASSED] - delay(1): Delayed 1 second(s)

2022-02-15 13:37:02 - [MESSAGE][PASSED] - Delayed 1 second(s)

2022-02-15 13:37:02 - [TEST_STEP][PASSED] - setText(LOGN_EdtRdyUserID, "anggaaditya", 0): Text 'anggaaditya' has been set to element 'Object Repository/Mobile/Page/Login/Input Rdy - UserID'

2022-02-15 13:37:02 - [MESSAGE][WARNING] - Timeout '0' is invalid. Using default page load timeout: '60'

2022-02-15 13:37:03 - [MESSAGE][PASSED] - Text 'anggaaditya' has been set to element 'Object Repository/Mobile/Page/Login/Input Rdy - UserID'

2022-02-15 13:37:03 - [TEST_STEP][PASSED] - delay(1): Delayed 1 second(s)

2022-02-15 13:37:04 - [MESSAGE][PASSED] - Delayed 1 second(s)

2022-02-15 13:37:04 - [TEST_STEP][PASSED] - hideKeyboard(): Keyboard is hidden

2022-02-15 13:37:08 - [MESSAGE][PASSED] - Keyboard is hidden

2022-02-15 13:37:08 - [TEST_STEP][PASSED] - tap(LOGN_EdtPassword, 0): Tapped on element 'Object Repository/Mobile/Page/Login/Input - Password'

2022-02-15 13:37:08 - [MESSAGE][WARNING] - Timeout '0' is invalid. Using default page load timeout: '60'

2022-02-15 13:37:08 - [MESSAGE][PASSED] - Tapped on element 'Object Repository/Mobile/Page/Login/Input - Password'

2022-02-15 13:37:08 - [TEST_STEP][PASSED] - delay(1): Delayed 1 second(s)

2022-02-15 13:37:09 - [MESSAGE][PASSED] - Delayed 1 second(s)

2022-02-15 13:37:09 - [TEST_STEP][PASSED] - setText(LOGN_EdtRdyPassword, "Shalawa18", 0): Text 'Shalawa18' has been set to element 'Object Repository/Mobile/Page/Login/Input Rdy - Password'

2022-02-15 13:37:09 - [MESSAGE][WARNING] - Timeout '0' is invalid. Using default page load timeout: '60'

2022-02-15 13:37:10 - [MESSAGE][PASSED] - Text 'Shalawa18' has been set to element 'Object Repository/Mobile/Page/Login/Input Rdy - Password'

2022-02-15 13:37:10 - [TEST_STEP][PASSED] - delay(1): Delayed 1 second(s)

2022-02-15 13:37:11 - [MESSAGE][PASSED] - Delayed 1 second(s)

2022-02-15 13:37:11 - [TEST_STEP][PASSED] - hideKeyboard(): Keyboard is hidden

2022-02-15 13:37:17 - [MESSAGE][PASSED] - Keyboard is hidden

2022-02-15 13:37:17 - [TEST_STEP][PASSED] - tap(LOGN_BtnLogin, 0): Tapped on element 'Object Repository/Mobile/Page/Login/Button - Login'

2022-02-15 13:37:17 - [MESSAGE][WARNING] - Timeout '0' is invalid. Using default page load timeout: '60'

2022-02-15 13:37:18 - [MESSAGE][PASSED] - Tapped on element 'Object Repository/Mobile/Page/Login/Button - Login'

2022-02-15 13:37:18 - [TEST_STEP][PASSED] - delay(2): Delayed 2 second(s)

2022-02-15 13:37:20 - [MESSAGE][PASSED] - Delayed 2 second(s)

2022-02-15 13:37:20 - [TEST_STEP][PASSED] - break: null

2022-02-15 13:37:20 - [MESSAGE][PASSED] - Call Test Case 'Test Cases/Mobile/Page/Login/Login' successfully

2022-02-15 13:37:20 - [MESSAGE][PASSED] - Call Test Case 'Test Cases/Mobile/Page/CheckLogin' successfully

2022-02-15 13:37:20 - [TEST_STEP][PASSED] - tap(HOME_MenubarAnalysis, 0): Tapped on element 'Object Repository/Mobile/Page/Home/Menubar - Analysis'

2022-02-15 13:37:20 - [MESSAGE][WARNING] - Timeout '0' is invalid. Using default page load timeout: '60'

2022-02-15 13:37:22 - [MESSAGE][PASSED] - Tapped on element 'Object Repository/Mobile/Page/Home/Menubar - Analysis'

2022-02-15 13:37:22 - [TEST_STEP][PASSED] - delay(3): Delayed 3 second(s)

2022-02-15 13:37:25 - [MESSAGE][PASSED] - Delayed 3 second(s)

2022-02-15 13:37:25 - [TEST_STEP][PASSED] - for ([i = 0, i < 1, (i++)]): Delayed 2 second(s)

2022-02-15 13:37:25 - [TEST_STEP][PASSED] - if (action == "technicalsearch"): null

2022-02-15 13:37:25 - [TEST_STEP][PASSED] - else if (action == "technicaldetail"): Delayed 2 second(s)

2022-02-15 13:37:25 - [TEST_STEP][PASSED] - tapAndHold(ANAL_ItemTopResultTech, 1, 0): Tapped and held on element 'Object Repository/Mobile/Page/Analysis/Item - Top Technical' with duration 1

2022-02-15 13:37:25 - [MESSAGE][WARNING] - Timeout '0' is invalid. Using default page load timeout: '60'

2022-02-15 13:37:27 - [MESSAGE][PASSED] - Tapped and held on element 'Object Repository/Mobile/Page/Analysis/Item - Top Technical' with duration 1

2022-02-15 13:37:27 - [TEST_STEP][PASSED] - delay(3): Delayed 3 second(s)

2022-02-15 13:37:30 - [MESSAGE][PASSED] - Delayed 3 second(s)

2022-02-15 13:37:30 - [TEST_STEP][PASSED] - switch (action2): null

2022-02-15 13:37:30 - [TEST_STEP][PASSED] - case "month":: null

2022-02-15 13:37:30 - [TEST_STEP][PASSED] - tapAndHold(ANAL_DETL_BtnM, 1, 0): Tapped and held on element 'Object Repository/Mobile/Page/Analysis/Detail/Button - M' with duration 1

2022-02-15 13:37:30 - [MESSAGE][WARNING] - Timeout '0' is invalid. Using default page load timeout: '60'

2022-02-15 13:37:33 - [MESSAGE][PASSED] - Tapped and held on element 'Object Repository/Mobile/Page/Analysis/Detail/Button - M' with duration 1

2022-02-15 13:37:33 - [TEST_STEP][PASSED] - break: null

2022-02-15 13:37:33 - [TEST_STEP][PASSED] - delay(2): Delayed 2 second(s)

2022-02-15 13:37:35 - [MESSAGE][PASSED] - Delayed 2 second(s)

2022-02-15 13:37:35 - [MESSAGE][PASSED] - Call Test Case 'Test Cases/Mobile/Page/Analysis/Analysis' successfully

2022-02-15 13:37:35 - [TEST_STEP][PASSED] - callTestCase(findTestCase("Mobile/Page/Run App/Terminate App"), [:], STOP_ON_FAILURE): Call Test Case 'Test Cases/Mobile/Page/Run App/Terminate App' successfully

2022-02-15 13:37:35 - [TEST_CASE][PASSED] - Test Cases/Mobile/Page/Run App/Terminate App: Test Cases/Mobile/Page/Run App/Terminate App

2022-02-15 13:37:35 - [TEST_STEP][PASSED] - startApp.OpenApp.terminateApplication(): startApp.OpenApp.terminateApplication is PASSED

2022-02-15 13:37:38 - [MESSAGE][PASSED] - Delayed 3 second(s)

2022-02-15 13:37:39 - [MESSAGE][PASSED] - Current device physical width is 720

2022-02-15 13:37:39 - [MESSAGE][PASSED] - Current device physical height is 1423

2022-02-15 13:37:40 - [MESSAGE][PASSED] - Swiped from 360,853 to 360,142

2022-02-15 13:37:41 - [MESSAGE][PASSED] - Delayed 1 second(s)

2022-02-15 13:37:42 - [MESSAGE][PASSED] - Swiped from 360,853 to 360,142

2022-02-15 13:37:45 - [MESSAGE][PASSED] - Delayed 3 second(s)

2022-02-15 13:37:45 - [MESSAGE][PASSED] - startApp.OpenApp.terminateApplication is PASSED

2022-02-15 13:37:45 - [MESSAGE][PASSED] - Call Test Case 'Test Cases/Mobile/Page/Run App/Terminate App' successfully]]></system-out>
         <system-err><![CDATA[]]></system-err>
      </testcase>
      <testcase name="Test Cases/Mobile/Scenario/Analysis/005 - Melihat detail stock kategori year" time="63.524" classname="Test Cases/Mobile/Scenario/Analysis/005 - Melihat detail stock kategori year" status="PASSED">
         <system-out><![CDATA[2022-02-15 13:37:45 - [TEST_CASE][PASSED] - Test Cases/Mobile/Scenario/Analysis/005 - Melihat detail stock kategori year: Test Cases/Mobile/Scenario/Analysis/005 - Melihat detail stock kategori year

2022-02-15 13:37:46 - [TEST_STEP][PASSED] - callTestCase(findTestCase("Mobile/Page/Run App/Run App byID"), [:], STOP_ON_FAILURE): Call Test Case 'Test Cases/Mobile/Page/Run App/Run App byID' successfully

2022-02-15 13:37:46 - [TEST_CASE][PASSED] - Test Cases/Mobile/Page/Run App/Run App byID: Test Cases/Mobile/Page/Run App/Run App byID

2022-02-15 13:37:46 - [TEST_STEP][PASSED] - startApp.OpenApp.startApplication("id.co.miraeasset.sageclub"): startApp.OpenApp.startApplication is PASSED

2022-02-15 13:37:59 - [MESSAGE][PASSED] - Starting app with application ID: 'id.co.miraeasset.sageclub'

2022-02-15 13:37:59 - [MESSAGE][PASSED] - startApp.OpenApp.startApplication is PASSED

2022-02-15 13:37:59 - [MESSAGE][PASSED] - Call Test Case 'Test Cases/Mobile/Page/Run App/Run App byID' successfully

2022-02-15 13:37:59 - [TEST_STEP][PASSED] - callTestCase(findTestCase("Mobile/Page/Analysis/Analysis"), ["action":"technicaldetail", "action2":"year"], CONTINUE_ON_FAILURE): Call Test Case 'Test Cases/Mobile/Page/Analysis/Analysis' successfully

2022-02-15 13:37:59 - [TEST_CASE][PASSED] - Test Cases/Mobile/Page/Analysis/Analysis: Test Cases/Mobile/Page/Analysis/Analysis

2022-02-15 13:37:59 - [TEST_STEP][PASSED] - callTestCase(findTestCase("Mobile/Page/CheckLogin"), [:], CONTINUE_ON_FAILURE): Call Test Case 'Test Cases/Mobile/Page/CheckLogin' successfully

2022-02-15 13:37:59 - [TEST_CASE][PASSED] - Test Cases/Mobile/Page/CheckLogin: Test Cases/Mobile/Page/CheckLogin

2022-02-15 13:37:59 - [TEST_STEP][PASSED] - loginCheck = verifyElementExist(LOGN_BtnLogin, 5, CONTINUE_ON_FAILURE): Element 'Object Repository/Mobile/Page/Login/Button - Login' is exist

2022-02-15 13:38:01 - [MESSAGE][PASSED] - Element 'Object Repository/Mobile/Page/Login/Button - Login' is exist

2022-02-15 13:38:01 - [TEST_STEP][PASSED] - if (loginCheck): Call Test Case 'Test Cases/Mobile/Page/Login/Login' successfully

2022-02-15 13:38:01 - [TEST_STEP][PASSED] - callTestCase(findTestCase("Mobile/Page/Login/Login"), ["action":"username"], CONTINUE_ON_FAILURE): Call Test Case 'Test Cases/Mobile/Page/Login/Login' successfully

2022-02-15 13:38:02 - [TEST_CASE][PASSED] - Test Cases/Mobile/Page/Login/Login: Test Cases/Mobile/Page/Login/Login

2022-02-15 13:38:02 - [TEST_STEP][PASSED] - delay(2): Delayed 2 second(s)

2022-02-15 13:38:04 - [MESSAGE][PASSED] - Delayed 2 second(s)

2022-02-15 13:38:04 - [TEST_STEP][PASSED] - for ([i = 0, i < 1, (i++)]): null

2022-02-15 13:38:04 - [TEST_STEP][PASSED] - if (action == "username"): null

2022-02-15 13:38:04 - [TEST_STEP][PASSED] - tap(LOGN_EdtUserID, 0): Tapped on element 'Object Repository/Mobile/Page/Login/Input - UserID'

2022-02-15 13:38:04 - [MESSAGE][WARNING] - Timeout '0' is invalid. Using default page load timeout: '60'

2022-02-15 13:38:04 - [MESSAGE][PASSED] - Tapped on element 'Object Repository/Mobile/Page/Login/Input - UserID'

2022-02-15 13:38:04 - [TEST_STEP][PASSED] - delay(1): Delayed 1 second(s)

2022-02-15 13:38:05 - [MESSAGE][PASSED] - Delayed 1 second(s)

2022-02-15 13:38:05 - [TEST_STEP][PASSED] - setText(LOGN_EdtRdyUserID, "anggaaditya", 0): Text 'anggaaditya' has been set to element 'Object Repository/Mobile/Page/Login/Input Rdy - UserID'

2022-02-15 13:38:05 - [MESSAGE][WARNING] - Timeout '0' is invalid. Using default page load timeout: '60'

2022-02-15 13:38:06 - [MESSAGE][PASSED] - Text 'anggaaditya' has been set to element 'Object Repository/Mobile/Page/Login/Input Rdy - UserID'

2022-02-15 13:38:06 - [TEST_STEP][PASSED] - delay(1): Delayed 1 second(s)

2022-02-15 13:38:07 - [MESSAGE][PASSED] - Delayed 1 second(s)

2022-02-15 13:38:07 - [TEST_STEP][PASSED] - hideKeyboard(): Keyboard is hidden

2022-02-15 13:38:11 - [MESSAGE][PASSED] - Keyboard is hidden

2022-02-15 13:38:11 - [TEST_STEP][PASSED] - tap(LOGN_EdtPassword, 0): Tapped on element 'Object Repository/Mobile/Page/Login/Input - Password'

2022-02-15 13:38:11 - [MESSAGE][WARNING] - Timeout '0' is invalid. Using default page load timeout: '60'

2022-02-15 13:38:11 - [MESSAGE][PASSED] - Tapped on element 'Object Repository/Mobile/Page/Login/Input - Password'

2022-02-15 13:38:11 - [TEST_STEP][PASSED] - delay(1): Delayed 1 second(s)

2022-02-15 13:38:12 - [MESSAGE][PASSED] - Delayed 1 second(s)

2022-02-15 13:38:12 - [TEST_STEP][PASSED] - setText(LOGN_EdtRdyPassword, "Shalawa18", 0): Text 'Shalawa18' has been set to element 'Object Repository/Mobile/Page/Login/Input Rdy - Password'

2022-02-15 13:38:12 - [MESSAGE][WARNING] - Timeout '0' is invalid. Using default page load timeout: '60'

2022-02-15 13:38:13 - [MESSAGE][PASSED] - Text 'Shalawa18' has been set to element 'Object Repository/Mobile/Page/Login/Input Rdy - Password'

2022-02-15 13:38:13 - [TEST_STEP][PASSED] - delay(1): Delayed 1 second(s)

2022-02-15 13:38:14 - [MESSAGE][PASSED] - Delayed 1 second(s)

2022-02-15 13:38:14 - [TEST_STEP][PASSED] - hideKeyboard(): Keyboard is hidden

2022-02-15 13:38:20 - [MESSAGE][PASSED] - Keyboard is hidden

2022-02-15 13:38:20 - [TEST_STEP][PASSED] - tap(LOGN_BtnLogin, 0): Tapped on element 'Object Repository/Mobile/Page/Login/Button - Login'

2022-02-15 13:38:20 - [MESSAGE][WARNING] - Timeout '0' is invalid. Using default page load timeout: '60'

2022-02-15 13:38:21 - [MESSAGE][PASSED] - Tapped on element 'Object Repository/Mobile/Page/Login/Button - Login'

2022-02-15 13:38:21 - [TEST_STEP][PASSED] - delay(2): Delayed 2 second(s)

2022-02-15 13:38:23 - [MESSAGE][PASSED] - Delayed 2 second(s)

2022-02-15 13:38:23 - [TEST_STEP][PASSED] - break: null

2022-02-15 13:38:23 - [MESSAGE][PASSED] - Call Test Case 'Test Cases/Mobile/Page/Login/Login' successfully

2022-02-15 13:38:23 - [MESSAGE][PASSED] - Call Test Case 'Test Cases/Mobile/Page/CheckLogin' successfully

2022-02-15 13:38:23 - [TEST_STEP][PASSED] - tap(HOME_MenubarAnalysis, 0): Tapped on element 'Object Repository/Mobile/Page/Home/Menubar - Analysis'

2022-02-15 13:38:23 - [MESSAGE][WARNING] - Timeout '0' is invalid. Using default page load timeout: '60'

2022-02-15 13:38:25 - [MESSAGE][PASSED] - Tapped on element 'Object Repository/Mobile/Page/Home/Menubar - Analysis'

2022-02-15 13:38:25 - [TEST_STEP][PASSED] - delay(3): Delayed 3 second(s)

2022-02-15 13:38:28 - [MESSAGE][PASSED] - Delayed 3 second(s)

2022-02-15 13:38:28 - [TEST_STEP][PASSED] - for ([i = 0, i < 1, (i++)]): Delayed 2 second(s)

2022-02-15 13:38:28 - [TEST_STEP][PASSED] - if (action == "technicalsearch"): null

2022-02-15 13:38:28 - [TEST_STEP][PASSED] - else if (action == "technicaldetail"): Delayed 2 second(s)

2022-02-15 13:38:28 - [TEST_STEP][PASSED] - tapAndHold(ANAL_ItemTopResultTech, 1, 0): Tapped and held on element 'Object Repository/Mobile/Page/Analysis/Item - Top Technical' with duration 1

2022-02-15 13:38:28 - [MESSAGE][WARNING] - Timeout '0' is invalid. Using default page load timeout: '60'

2022-02-15 13:38:31 - [MESSAGE][PASSED] - Tapped and held on element 'Object Repository/Mobile/Page/Analysis/Item - Top Technical' with duration 1

2022-02-15 13:38:31 - [TEST_STEP][PASSED] - delay(3): Delayed 3 second(s)

2022-02-15 13:38:34 - [MESSAGE][PASSED] - Delayed 3 second(s)

2022-02-15 13:38:34 - [TEST_STEP][PASSED] - switch (action2): null

2022-02-15 13:38:34 - [TEST_STEP][PASSED] - case "year":: null

2022-02-15 13:38:34 - [TEST_STEP][PASSED] - tapAndHold(ANAL_DETL_BtnY, 1, 0): Tapped and held on element 'Object Repository/Mobile/Page/Analysis/Detail/Button - Y' with duration 1

2022-02-15 13:38:34 - [MESSAGE][WARNING] - Timeout '0' is invalid. Using default page load timeout: '60'

2022-02-15 13:38:37 - [MESSAGE][PASSED] - Tapped and held on element 'Object Repository/Mobile/Page/Analysis/Detail/Button - Y' with duration 1

2022-02-15 13:38:37 - [TEST_STEP][PASSED] - break: null

2022-02-15 13:38:37 - [TEST_STEP][PASSED] - delay(2): Delayed 2 second(s)

2022-02-15 13:38:39 - [MESSAGE][PASSED] - Delayed 2 second(s)

2022-02-15 13:38:39 - [MESSAGE][PASSED] - Call Test Case 'Test Cases/Mobile/Page/Analysis/Analysis' successfully

2022-02-15 13:38:39 - [TEST_STEP][PASSED] - callTestCase(findTestCase("Mobile/Page/Run App/Terminate App"), [:], STOP_ON_FAILURE): Call Test Case 'Test Cases/Mobile/Page/Run App/Terminate App' successfully

2022-02-15 13:38:39 - [TEST_CASE][PASSED] - Test Cases/Mobile/Page/Run App/Terminate App: Test Cases/Mobile/Page/Run App/Terminate App

2022-02-15 13:38:39 - [TEST_STEP][PASSED] - startApp.OpenApp.terminateApplication(): startApp.OpenApp.terminateApplication is PASSED

2022-02-15 13:38:42 - [MESSAGE][PASSED] - Delayed 3 second(s)

2022-02-15 13:38:42 - [MESSAGE][PASSED] - Current device physical width is 720

2022-02-15 13:38:42 - [MESSAGE][PASSED] - Current device physical height is 1423

2022-02-15 13:38:44 - [MESSAGE][PASSED] - Swiped from 360,853 to 360,142

2022-02-15 13:38:45 - [MESSAGE][PASSED] - Delayed 1 second(s)

2022-02-15 13:38:46 - [MESSAGE][PASSED] - Swiped from 360,853 to 360,142

2022-02-15 13:38:49 - [MESSAGE][PASSED] - Delayed 3 second(s)

2022-02-15 13:38:49 - [MESSAGE][PASSED] - startApp.OpenApp.terminateApplication is PASSED

2022-02-15 13:38:49 - [MESSAGE][PASSED] - Call Test Case 'Test Cases/Mobile/Page/Run App/Terminate App' successfully]]></system-out>
         <system-err><![CDATA[]]></system-err>
      </testcase>
      <testcase name="Test Cases/Mobile/Scenario/Analysis/006 - Melihat Research Report" time="62.695" classname="Test Cases/Mobile/Scenario/Analysis/006 - Melihat Research Report" status="PASSED">
         <system-out><![CDATA[2022-02-15 13:38:49 - [TEST_CASE][PASSED] - Test Cases/Mobile/Scenario/Analysis/006 - Melihat Research Report: Test Cases/Mobile/Scenario/Analysis/006 - Melihat Research Report

2022-02-15 13:38:49 - [TEST_STEP][PASSED] - callTestCase(findTestCase("Mobile/Page/Run App/Run App byID"), [:], STOP_ON_FAILURE): Call Test Case 'Test Cases/Mobile/Page/Run App/Run App byID' successfully

2022-02-15 13:38:49 - [TEST_CASE][PASSED] - Test Cases/Mobile/Page/Run App/Run App byID: Test Cases/Mobile/Page/Run App/Run App byID

2022-02-15 13:38:49 - [TEST_STEP][PASSED] - startApp.OpenApp.startApplication("id.co.miraeasset.sageclub"): startApp.OpenApp.startApplication is PASSED

2022-02-15 13:39:03 - [MESSAGE][PASSED] - Starting app with application ID: 'id.co.miraeasset.sageclub'

2022-02-15 13:39:03 - [MESSAGE][PASSED] - startApp.OpenApp.startApplication is PASSED

2022-02-15 13:39:03 - [MESSAGE][PASSED] - Call Test Case 'Test Cases/Mobile/Page/Run App/Run App byID' successfully

2022-02-15 13:39:03 - [TEST_STEP][PASSED] - callTestCase(findTestCase("Mobile/Page/Analysis/Analysis"), ["action":"researchdetail"], CONTINUE_ON_FAILURE): Call Test Case 'Test Cases/Mobile/Page/Analysis/Analysis' successfully

2022-02-15 13:39:03 - [TEST_CASE][PASSED] - Test Cases/Mobile/Page/Analysis/Analysis: Test Cases/Mobile/Page/Analysis/Analysis

2022-02-15 13:39:03 - [TEST_STEP][PASSED] - callTestCase(findTestCase("Mobile/Page/CheckLogin"), [:], CONTINUE_ON_FAILURE): Call Test Case 'Test Cases/Mobile/Page/CheckLogin' successfully

2022-02-15 13:39:03 - [TEST_CASE][PASSED] - Test Cases/Mobile/Page/CheckLogin: Test Cases/Mobile/Page/CheckLogin

2022-02-15 13:39:03 - [TEST_STEP][PASSED] - loginCheck = verifyElementExist(LOGN_BtnLogin, 5, CONTINUE_ON_FAILURE): Element 'Object Repository/Mobile/Page/Login/Button - Login' is exist

2022-02-15 13:39:05 - [MESSAGE][PASSED] - Element 'Object Repository/Mobile/Page/Login/Button - Login' is exist

2022-02-15 13:39:05 - [TEST_STEP][PASSED] - if (loginCheck): Call Test Case 'Test Cases/Mobile/Page/Login/Login' successfully

2022-02-15 13:39:05 - [TEST_STEP][PASSED] - callTestCase(findTestCase("Mobile/Page/Login/Login"), ["action":"username"], CONTINUE_ON_FAILURE): Call Test Case 'Test Cases/Mobile/Page/Login/Login' successfully

2022-02-15 13:39:05 - [TEST_CASE][PASSED] - Test Cases/Mobile/Page/Login/Login: Test Cases/Mobile/Page/Login/Login

2022-02-15 13:39:05 - [TEST_STEP][PASSED] - delay(2): Delayed 2 second(s)

2022-02-15 13:39:07 - [MESSAGE][PASSED] - Delayed 2 second(s)

2022-02-15 13:39:07 - [TEST_STEP][PASSED] - for ([i = 0, i < 1, (i++)]): null

2022-02-15 13:39:07 - [TEST_STEP][PASSED] - if (action == "username"): null

2022-02-15 13:39:07 - [TEST_STEP][PASSED] - tap(LOGN_EdtUserID, 0): Tapped on element 'Object Repository/Mobile/Page/Login/Input - UserID'

2022-02-15 13:39:07 - [MESSAGE][WARNING] - Timeout '0' is invalid. Using default page load timeout: '60'

2022-02-15 13:39:08 - [MESSAGE][PASSED] - Tapped on element 'Object Repository/Mobile/Page/Login/Input - UserID'

2022-02-15 13:39:08 - [TEST_STEP][PASSED] - delay(1): Delayed 1 second(s)

2022-02-15 13:39:09 - [MESSAGE][PASSED] - Delayed 1 second(s)

2022-02-15 13:39:09 - [TEST_STEP][PASSED] - setText(LOGN_EdtRdyUserID, "anggaaditya", 0): Text 'anggaaditya' has been set to element 'Object Repository/Mobile/Page/Login/Input Rdy - UserID'

2022-02-15 13:39:09 - [MESSAGE][WARNING] - Timeout '0' is invalid. Using default page load timeout: '60'

2022-02-15 13:39:09 - [MESSAGE][PASSED] - Text 'anggaaditya' has been set to element 'Object Repository/Mobile/Page/Login/Input Rdy - UserID'

2022-02-15 13:39:09 - [TEST_STEP][PASSED] - delay(1): Delayed 1 second(s)

2022-02-15 13:39:10 - [MESSAGE][PASSED] - Delayed 1 second(s)

2022-02-15 13:39:10 - [TEST_STEP][PASSED] - hideKeyboard(): Keyboard is hidden

2022-02-15 13:39:14 - [MESSAGE][PASSED] - Keyboard is hidden

2022-02-15 13:39:14 - [TEST_STEP][PASSED] - tap(LOGN_EdtPassword, 0): Tapped on element 'Object Repository/Mobile/Page/Login/Input - Password'

2022-02-15 13:39:14 - [MESSAGE][WARNING] - Timeout '0' is invalid. Using default page load timeout: '60'

2022-02-15 13:39:15 - [MESSAGE][PASSED] - Tapped on element 'Object Repository/Mobile/Page/Login/Input - Password'

2022-02-15 13:39:15 - [TEST_STEP][PASSED] - delay(1): Delayed 1 second(s)

2022-02-15 13:39:16 - [MESSAGE][PASSED] - Delayed 1 second(s)

2022-02-15 13:39:16 - [TEST_STEP][PASSED] - setText(LOGN_EdtRdyPassword, "Shalawa18", 0): Text 'Shalawa18' has been set to element 'Object Repository/Mobile/Page/Login/Input Rdy - Password'

2022-02-15 13:39:16 - [MESSAGE][WARNING] - Timeout '0' is invalid. Using default page load timeout: '60'

2022-02-15 13:39:17 - [MESSAGE][PASSED] - Text 'Shalawa18' has been set to element 'Object Repository/Mobile/Page/Login/Input Rdy - Password'

2022-02-15 13:39:17 - [TEST_STEP][PASSED] - delay(1): Delayed 1 second(s)

2022-02-15 13:39:18 - [MESSAGE][PASSED] - Delayed 1 second(s)

2022-02-15 13:39:18 - [TEST_STEP][PASSED] - hideKeyboard(): Keyboard is hidden

2022-02-15 13:39:25 - [MESSAGE][PASSED] - Keyboard is hidden

2022-02-15 13:39:25 - [TEST_STEP][PASSED] - tap(LOGN_BtnLogin, 0): Tapped on element 'Object Repository/Mobile/Page/Login/Button - Login'

2022-02-15 13:39:25 - [MESSAGE][WARNING] - Timeout '0' is invalid. Using default page load timeout: '60'

2022-02-15 13:39:26 - [MESSAGE][PASSED] - Tapped on element 'Object Repository/Mobile/Page/Login/Button - Login'

2022-02-15 13:39:26 - [TEST_STEP][PASSED] - delay(2): Delayed 2 second(s)

2022-02-15 13:39:28 - [MESSAGE][PASSED] - Delayed 2 second(s)

2022-02-15 13:39:28 - [TEST_STEP][PASSED] - break: null

2022-02-15 13:39:28 - [MESSAGE][PASSED] - Call Test Case 'Test Cases/Mobile/Page/Login/Login' successfully

2022-02-15 13:39:28 - [MESSAGE][PASSED] - Call Test Case 'Test Cases/Mobile/Page/CheckLogin' successfully

2022-02-15 13:39:28 - [TEST_STEP][PASSED] - tap(HOME_MenubarAnalysis, 0): Tapped on element 'Object Repository/Mobile/Page/Home/Menubar - Analysis'

2022-02-15 13:39:28 - [MESSAGE][WARNING] - Timeout '0' is invalid. Using default page load timeout: '60'

2022-02-15 13:39:29 - [MESSAGE][PASSED] - Tapped on element 'Object Repository/Mobile/Page/Home/Menubar - Analysis'

2022-02-15 13:39:29 - [TEST_STEP][PASSED] - delay(3): Delayed 3 second(s)

2022-02-15 13:39:32 - [MESSAGE][PASSED] - Delayed 3 second(s)

2022-02-15 13:39:32 - [TEST_STEP][PASSED] - for ([i = 0, i < 1, (i++)]): Press back button successfully

2022-02-15 13:39:32 - [TEST_STEP][PASSED] - if (action == "technicalsearch"): null

2022-02-15 13:39:32 - [TEST_STEP][PASSED] - else if (action == "technicaldetail"): null

2022-02-15 13:39:32 - [TEST_STEP][PASSED] - else if (action == "researchdetail"): Press back button successfully

2022-02-15 13:39:32 - [TEST_STEP][PASSED] - tap(ANAL_TabResearchReport, 0): Tapped on element 'Object Repository/Mobile/Page/Analysis/Tab - Research Report'

2022-02-15 13:39:32 - [MESSAGE][WARNING] - Timeout '0' is invalid. Using default page load timeout: '60'

2022-02-15 13:39:33 - [MESSAGE][PASSED] - Tapped on element 'Object Repository/Mobile/Page/Analysis/Tab - Research Report'

2022-02-15 13:39:33 - [TEST_STEP][PASSED] - delay(1): Delayed 1 second(s)

2022-02-15 13:39:34 - [MESSAGE][PASSED] - Delayed 1 second(s)

2022-02-15 13:39:34 - [TEST_STEP][PASSED] - tapAndHold(ANAL_ItemTopSearch, 1, 0): Tapped and held on element 'Object Repository/Mobile/Page/Analysis/Item - Top Search' with duration 1

2022-02-15 13:39:34 - [MESSAGE][WARNING] - Timeout '0' is invalid. Using default page load timeout: '60'

2022-02-15 13:39:37 - [MESSAGE][PASSED] - Tapped and held on element 'Object Repository/Mobile/Page/Analysis/Item - Top Search' with duration 1

2022-02-15 13:39:37 - [TEST_STEP][PASSED] - delay(3): Delayed 3 second(s)

2022-02-15 13:39:40 - [MESSAGE][PASSED] - Delayed 3 second(s)

2022-02-15 13:39:40 - [TEST_STEP][PASSED] - pressBack(): Press back button successfully

2022-02-15 13:39:41 - [MESSAGE][PASSED] - Press back button successfully

2022-02-15 13:39:41 - [MESSAGE][PASSED] - Call Test Case 'Test Cases/Mobile/Page/Analysis/Analysis' successfully

2022-02-15 13:39:41 - [TEST_STEP][PASSED] - callTestCase(findTestCase("Mobile/Page/Run App/Terminate App"), [:], STOP_ON_FAILURE): Call Test Case 'Test Cases/Mobile/Page/Run App/Terminate App' successfully

2022-02-15 13:39:41 - [TEST_CASE][PASSED] - Test Cases/Mobile/Page/Run App/Terminate App: Test Cases/Mobile/Page/Run App/Terminate App

2022-02-15 13:39:41 - [TEST_STEP][PASSED] - startApp.OpenApp.terminateApplication(): startApp.OpenApp.terminateApplication is PASSED

2022-02-15 13:39:45 - [MESSAGE][PASSED] - Delayed 3 second(s)

2022-02-15 13:39:45 - [MESSAGE][PASSED] - Current device physical width is 720

2022-02-15 13:39:45 - [MESSAGE][PASSED] - Current device physical height is 1423

2022-02-15 13:39:46 - [MESSAGE][PASSED] - Swiped from 360,853 to 360,142

2022-02-15 13:39:47 - [MESSAGE][PASSED] - Delayed 1 second(s)

2022-02-15 13:39:49 - [MESSAGE][PASSED] - Swiped from 360,853 to 360,142

2022-02-15 13:39:52 - [MESSAGE][PASSED] - Delayed 3 second(s)

2022-02-15 13:39:52 - [MESSAGE][PASSED] - startApp.OpenApp.terminateApplication is PASSED

2022-02-15 13:39:52 - [MESSAGE][PASSED] - Call Test Case 'Test Cases/Mobile/Page/Run App/Terminate App' successfully]]></system-out>
         <system-err><![CDATA[]]></system-err>
      </testcase>
      <testcase name="Test Cases/Mobile/Scenario/Analysis/007 - Mencari research report" time="69.568" classname="Test Cases/Mobile/Scenario/Analysis/007 - Mencari research report" status="PASSED">
         <system-out><![CDATA[2022-02-15 13:39:52 - [TEST_CASE][PASSED] - Test Cases/Mobile/Scenario/Analysis/007 - Mencari research report: Test Cases/Mobile/Scenario/Analysis/007 - Mencari research report

2022-02-15 13:39:52 - [TEST_STEP][PASSED] - callTestCase(findTestCase("Mobile/Page/Run App/Run App byID"), [:], STOP_ON_FAILURE): Call Test Case 'Test Cases/Mobile/Page/Run App/Run App byID' successfully

2022-02-15 13:39:52 - [TEST_CASE][PASSED] - Test Cases/Mobile/Page/Run App/Run App byID: Test Cases/Mobile/Page/Run App/Run App byID

2022-02-15 13:39:52 - [TEST_STEP][PASSED] - startApp.OpenApp.startApplication("id.co.miraeasset.sageclub"): startApp.OpenApp.startApplication is PASSED

2022-02-15 13:40:06 - [MESSAGE][PASSED] - Starting app with application ID: 'id.co.miraeasset.sageclub'

2022-02-15 13:40:06 - [MESSAGE][PASSED] - startApp.OpenApp.startApplication is PASSED

2022-02-15 13:40:06 - [MESSAGE][PASSED] - Call Test Case 'Test Cases/Mobile/Page/Run App/Run App byID' successfully

2022-02-15 13:40:06 - [TEST_STEP][PASSED] - callTestCase(findTestCase("Mobile/Page/Analysis/Analysis"), ["action":"researchsearch"], CONTINUE_ON_FAILURE): Call Test Case 'Test Cases/Mobile/Page/Analysis/Analysis' successfully

2022-02-15 13:40:06 - [TEST_CASE][PASSED] - Test Cases/Mobile/Page/Analysis/Analysis: Test Cases/Mobile/Page/Analysis/Analysis

2022-02-15 13:40:06 - [TEST_STEP][PASSED] - callTestCase(findTestCase("Mobile/Page/CheckLogin"), [:], CONTINUE_ON_FAILURE): Call Test Case 'Test Cases/Mobile/Page/CheckLogin' successfully

2022-02-15 13:40:06 - [TEST_CASE][PASSED] - Test Cases/Mobile/Page/CheckLogin: Test Cases/Mobile/Page/CheckLogin

2022-02-15 13:40:06 - [TEST_STEP][PASSED] - loginCheck = verifyElementExist(LOGN_BtnLogin, 5, CONTINUE_ON_FAILURE): Element 'Object Repository/Mobile/Page/Login/Button - Login' is exist

2022-02-15 13:40:08 - [MESSAGE][PASSED] - Element 'Object Repository/Mobile/Page/Login/Button - Login' is exist

2022-02-15 13:40:08 - [TEST_STEP][PASSED] - if (loginCheck): Call Test Case 'Test Cases/Mobile/Page/Login/Login' successfully

2022-02-15 13:40:08 - [TEST_STEP][PASSED] - callTestCase(findTestCase("Mobile/Page/Login/Login"), ["action":"username"], CONTINUE_ON_FAILURE): Call Test Case 'Test Cases/Mobile/Page/Login/Login' successfully

2022-02-15 13:40:08 - [TEST_CASE][PASSED] - Test Cases/Mobile/Page/Login/Login: Test Cases/Mobile/Page/Login/Login

2022-02-15 13:40:08 - [TEST_STEP][PASSED] - delay(2): Delayed 2 second(s)

2022-02-15 13:40:10 - [MESSAGE][PASSED] - Delayed 2 second(s)

2022-02-15 13:40:10 - [TEST_STEP][PASSED] - for ([i = 0, i < 1, (i++)]): null

2022-02-15 13:40:10 - [TEST_STEP][PASSED] - if (action == "username"): null

2022-02-15 13:40:10 - [TEST_STEP][PASSED] - tap(LOGN_EdtUserID, 0): Tapped on element 'Object Repository/Mobile/Page/Login/Input - UserID'

2022-02-15 13:40:10 - [MESSAGE][WARNING] - Timeout '0' is invalid. Using default page load timeout: '60'

2022-02-15 13:40:10 - [MESSAGE][PASSED] - Tapped on element 'Object Repository/Mobile/Page/Login/Input - UserID'

2022-02-15 13:40:10 - [TEST_STEP][PASSED] - delay(1): Delayed 1 second(s)

2022-02-15 13:40:11 - [MESSAGE][PASSED] - Delayed 1 second(s)

2022-02-15 13:40:11 - [TEST_STEP][PASSED] - setText(LOGN_EdtRdyUserID, "anggaaditya", 0): Text 'anggaaditya' has been set to element 'Object Repository/Mobile/Page/Login/Input Rdy - UserID'

2022-02-15 13:40:11 - [MESSAGE][WARNING] - Timeout '0' is invalid. Using default page load timeout: '60'

2022-02-15 13:40:12 - [MESSAGE][PASSED] - Text 'anggaaditya' has been set to element 'Object Repository/Mobile/Page/Login/Input Rdy - UserID'

2022-02-15 13:40:12 - [TEST_STEP][PASSED] - delay(1): Delayed 1 second(s)

2022-02-15 13:40:13 - [MESSAGE][PASSED] - Delayed 1 second(s)

2022-02-15 13:40:13 - [TEST_STEP][PASSED] - hideKeyboard(): Keyboard is hidden

2022-02-15 13:40:18 - [MESSAGE][PASSED] - Keyboard is hidden

2022-02-15 13:40:18 - [TEST_STEP][PASSED] - tap(LOGN_EdtPassword, 0): Tapped on element 'Object Repository/Mobile/Page/Login/Input - Password'

2022-02-15 13:40:18 - [MESSAGE][WARNING] - Timeout '0' is invalid. Using default page load timeout: '60'

2022-02-15 13:40:18 - [MESSAGE][PASSED] - Tapped on element 'Object Repository/Mobile/Page/Login/Input - Password'

2022-02-15 13:40:18 - [TEST_STEP][PASSED] - delay(1): Delayed 1 second(s)

2022-02-15 13:40:19 - [MESSAGE][PASSED] - Delayed 1 second(s)

2022-02-15 13:40:19 - [TEST_STEP][PASSED] - setText(LOGN_EdtRdyPassword, "Shalawa18", 0): Text 'Shalawa18' has been set to element 'Object Repository/Mobile/Page/Login/Input Rdy - Password'

2022-02-15 13:40:19 - [MESSAGE][WARNING] - Timeout '0' is invalid. Using default page load timeout: '60'

2022-02-15 13:40:20 - [MESSAGE][PASSED] - Text 'Shalawa18' has been set to element 'Object Repository/Mobile/Page/Login/Input Rdy - Password'

2022-02-15 13:40:20 - [TEST_STEP][PASSED] - delay(1): Delayed 1 second(s)

2022-02-15 13:40:21 - [MESSAGE][PASSED] - Delayed 1 second(s)

2022-02-15 13:40:21 - [TEST_STEP][PASSED] - hideKeyboard(): Keyboard is hidden

2022-02-15 13:40:28 - [MESSAGE][PASSED] - Keyboard is hidden

2022-02-15 13:40:28 - [TEST_STEP][PASSED] - tap(LOGN_BtnLogin, 0): Tapped on element 'Object Repository/Mobile/Page/Login/Button - Login'

2022-02-15 13:40:28 - [MESSAGE][WARNING] - Timeout '0' is invalid. Using default page load timeout: '60'

2022-02-15 13:40:28 - [MESSAGE][PASSED] - Tapped on element 'Object Repository/Mobile/Page/Login/Button - Login'

2022-02-15 13:40:28 - [TEST_STEP][PASSED] - delay(2): Delayed 2 second(s)

2022-02-15 13:40:30 - [MESSAGE][PASSED] - Delayed 2 second(s)

2022-02-15 13:40:30 - [TEST_STEP][PASSED] - break: null

2022-02-15 13:40:30 - [MESSAGE][PASSED] - Call Test Case 'Test Cases/Mobile/Page/Login/Login' successfully

2022-02-15 13:40:30 - [MESSAGE][PASSED] - Call Test Case 'Test Cases/Mobile/Page/CheckLogin' successfully

2022-02-15 13:40:30 - [TEST_STEP][PASSED] - tap(HOME_MenubarAnalysis, 0): Tapped on element 'Object Repository/Mobile/Page/Home/Menubar - Analysis'

2022-02-15 13:40:30 - [MESSAGE][WARNING] - Timeout '0' is invalid. Using default page load timeout: '60'

2022-02-15 13:40:32 - [MESSAGE][PASSED] - Tapped on element 'Object Repository/Mobile/Page/Home/Menubar - Analysis'

2022-02-15 13:40:32 - [TEST_STEP][PASSED] - delay(3): Delayed 3 second(s)

2022-02-15 13:40:35 - [MESSAGE][PASSED] - Delayed 3 second(s)

2022-02-15 13:40:35 - [TEST_STEP][PASSED] - for ([i = 0, i < 1, (i++)]): Press back button successfully

2022-02-15 13:40:35 - [TEST_STEP][PASSED] - if (action == "technicalsearch"): null

2022-02-15 13:40:35 - [TEST_STEP][PASSED] - else if (action == "technicaldetail"): null

2022-02-15 13:40:35 - [TEST_STEP][PASSED] - else if (action == "researchdetail"): null

2022-02-15 13:40:35 - [TEST_STEP][PASSED] - else if (action == "researchsearch"): Press back button successfully

2022-02-15 13:40:35 - [TEST_STEP][PASSED] - tap(ANAL_TabResearchReport, 0): Tapped on element 'Object Repository/Mobile/Page/Analysis/Tab - Research Report'

2022-02-15 13:40:35 - [MESSAGE][WARNING] - Timeout '0' is invalid. Using default page load timeout: '60'

2022-02-15 13:40:36 - [MESSAGE][PASSED] - Tapped on element 'Object Repository/Mobile/Page/Analysis/Tab - Research Report'

2022-02-15 13:40:36 - [TEST_STEP][PASSED] - delay(1): Delayed 1 second(s)

2022-02-15 13:40:37 - [MESSAGE][PASSED] - Delayed 1 second(s)

2022-02-15 13:40:37 - [TEST_STEP][PASSED] - tap(ANAL_EdtSearch, 0): Tapped on element 'Object Repository/Mobile/Page/Analysis/Input - Search'

2022-02-15 13:40:37 - [MESSAGE][WARNING] - Timeout '0' is invalid. Using default page load timeout: '60'

2022-02-15 13:40:37 - [MESSAGE][PASSED] - Tapped on element 'Object Repository/Mobile/Page/Analysis/Input - Search'

2022-02-15 13:40:37 - [TEST_STEP][PASSED] - delay(1): Delayed 1 second(s)

2022-02-15 13:40:38 - [MESSAGE][PASSED] - Delayed 1 second(s)

2022-02-15 13:40:38 - [TEST_STEP][PASSED] - setText(ANAL_EdtSearch, "embun", 0): Text 'embun' has been set to element 'Object Repository/Mobile/Page/Analysis/Input - Search'

2022-02-15 13:40:38 - [MESSAGE][WARNING] - Timeout '0' is invalid. Using default page load timeout: '60'

2022-02-15 13:40:39 - [MESSAGE][PASSED] - Text 'embun' has been set to element 'Object Repository/Mobile/Page/Analysis/Input - Search'

2022-02-15 13:40:39 - [TEST_STEP][PASSED] - hideKeyboard(): Keyboard is hidden

2022-02-15 13:40:44 - [MESSAGE][PASSED] - Keyboard is hidden

2022-02-15 13:40:44 - [TEST_STEP][PASSED] - tapAndHold(ANAL_ItemTopSearch, 1, 0): Tapped and held on element 'Object Repository/Mobile/Page/Analysis/Item - Top Search' with duration 1

2022-02-15 13:40:44 - [MESSAGE][WARNING] - Timeout '0' is invalid. Using default page load timeout: '60'

2022-02-15 13:40:46 - [MESSAGE][PASSED] - Tapped and held on element 'Object Repository/Mobile/Page/Analysis/Item - Top Search' with duration 1

2022-02-15 13:40:46 - [TEST_STEP][PASSED] - delay(3): Delayed 3 second(s)

2022-02-15 13:40:49 - [MESSAGE][PASSED] - Delayed 3 second(s)

2022-02-15 13:40:49 - [TEST_STEP][PASSED] - pressBack(): Press back button successfully

2022-02-15 13:40:50 - [MESSAGE][PASSED] - Press back button successfully

2022-02-15 13:40:50 - [MESSAGE][PASSED] - Call Test Case 'Test Cases/Mobile/Page/Analysis/Analysis' successfully

2022-02-15 13:40:50 - [TEST_STEP][PASSED] - callTestCase(findTestCase("Mobile/Page/Run App/Terminate App"), [:], STOP_ON_FAILURE): Call Test Case 'Test Cases/Mobile/Page/Run App/Terminate App' successfully

2022-02-15 13:40:50 - [TEST_CASE][PASSED] - Test Cases/Mobile/Page/Run App/Terminate App: Test Cases/Mobile/Page/Run App/Terminate App

2022-02-15 13:40:50 - [TEST_STEP][PASSED] - startApp.OpenApp.terminateApplication(): startApp.OpenApp.terminateApplication is PASSED

2022-02-15 13:40:54 - [MESSAGE][PASSED] - Delayed 3 second(s)

2022-02-15 13:40:54 - [MESSAGE][PASSED] - Current device physical width is 720

2022-02-15 13:40:55 - [MESSAGE][PASSED] - Current device physical height is 1423

2022-02-15 13:40:56 - [MESSAGE][PASSED] - Swiped from 360,853 to 360,142

2022-02-15 13:40:57 - [MESSAGE][PASSED] - Delayed 1 second(s)

2022-02-15 13:40:58 - [MESSAGE][PASSED] - Swiped from 360,853 to 360,142

2022-02-15 13:41:01 - [MESSAGE][PASSED] - Delayed 3 second(s)

2022-02-15 13:41:01 - [MESSAGE][PASSED] - startApp.OpenApp.terminateApplication is PASSED

2022-02-15 13:41:01 - [MESSAGE][PASSED] - Call Test Case 'Test Cases/Mobile/Page/Run App/Terminate App' successfully]]></system-out>
         <system-err><![CDATA[]]></system-err>
      </testcase>
      <system-out><![CDATA[2022-02-15 13:32:55 - [TEST_SUITE][PASSED] - analysis: Test Cases/Mobile/Scenario/Analysis/007 - Mencari research report]]></system-out>
      <system-err><![CDATA[]]></system-err>
   </testsuite>
</testsuites>
