<?xml version="1.0" encoding="UTF-8"?>
<testsuites name="news" time="323.853" tests="5" failures="0" skips="0" errors="0">
   <testsuite name="news" tests="5" failures="0" errors="0" time="323.853" skips="0" timestamp="2021-12-21 10:33:56" hostname="Owner - aldy-tft" id="Test Suites/news">
      <properties>
         <property name="deviceName" value="samsung SM-A205F (Android 11)"/>
         <property name="devicePlatform" value=""/>
         <property name="logFolder" value="C:\\Users\\Owner\\Documents\\kerjaan\\KatalonProject\\qa_katalon_pwm\\qa_katalon_pwm\\Reports\\20211221_103345\\news\\20211221_103345"/>
         <property name="logFiles" value="C:\\Users\\Owner\\Documents\\kerjaan\\KatalonProject\\qa_katalon_pwm\\qa_katalon_pwm\\Reports\\20211221_103345\\news\\20211221_103345\\appium.log, C:\\Users\\Owner\\Documents\\kerjaan\\KatalonProject\\qa_katalon_pwm\\qa_katalon_pwm\\Reports\\20211221_103345\\news\\20211221_103345\\execution0.log"/>
         <property name="attachments" value=""/>
         <property name="hostName" value="Owner - aldy-tft"/>
         <property name="os" value="Windows 10 64bit"/>
         <property name="appiumServerStatus" value="{&quot;value&quot;:{&quot;build&quot;:{&quot;version&quot;:&quot;1.22.0&quot;}},&quot;sessionId&quot;:null,&quot;status&quot;:0}"/>
         <property name="katalonVersion" value="7.9.1.208"/>
         <property name="deviceOS" value="Android"/>
         <property name="appiumVersion" value="1.22.0"/>
         <property name="deviceModel" value="SM-A205F"/>
         <property name="hostAddress" value="192.168.227.223"/>
         <property name="deviceManufacturer" value="samsung"/>
         <property name="deviceId" value="RR8M40C9AXE"/>
         <property name="deviceName" value="samsung SM-A205F (Android 11)"/>
         <property name="deviceOSVersion" value="11"/>
      </properties>
      <testcase name="Test Cases/Mobile/Scenario/News/001 - News World Indices" time="81.592" classname="Test Cases/Mobile/Scenario/News/001 - News World Indices" status="PASSED">
         <system-out><![CDATA[2021-12-21 10:33:56 - [TEST_CASE][PASSED] - Test Cases/Mobile/Scenario/News/001 - News World Indices: Test Cases/Mobile/Scenario/News/001 - News World Indices

2021-12-21 10:33:57 - [TEST_STEP][PASSED] - callTestCase(findTestCase("Mobile/Page/Run App/Run App byID"), [:], STOP_ON_FAILURE): Call Test Case 'Test Cases/Mobile/Page/Run App/Run App byID' successfully

2021-12-21 10:33:57 - [TEST_CASE][PASSED] - Test Cases/Mobile/Page/Run App/Run App byID: Test Cases/Mobile/Page/Run App/Run App byID

2021-12-21 10:33:57 - [TEST_STEP][PASSED] - startApp.OpenApp.startApplication("id.co.miraeasset.sageclub"): startApp.OpenApp.startApplication is PASSED

2021-12-21 10:33:59 - [MESSAGE][INFO] - Appium server started on port 63,924

2021-12-21 10:34:15 - [MESSAGE][PASSED] - Starting app with application ID: 'id.co.miraeasset.sageclub'

2021-12-21 10:34:15 - [MESSAGE][PASSED] - startApp.OpenApp.startApplication is PASSED

2021-12-21 10:34:15 - [MESSAGE][PASSED] - Call Test Case 'Test Cases/Mobile/Page/Run App/Run App byID' successfully

2021-12-21 10:34:15 - [TEST_STEP][PASSED] - callTestCase(findTestCase("Mobile/Page/News/News"), ["tab":"worldindices"], CONTINUE_ON_FAILURE): Call Test Case 'Test Cases/Mobile/Page/News/News' successfully

2021-12-21 10:34:15 - [TEST_CASE][PASSED] - Test Cases/Mobile/Page/News/News: Test Cases/Mobile/Page/News/News

2021-12-21 10:34:15 - [TEST_STEP][PASSED] - callTestCase(findTestCase("Mobile/Page/CheckLogin"), [:], CONTINUE_ON_FAILURE): Call Test Case 'Test Cases/Mobile/Page/CheckLogin' successfully

2021-12-21 10:34:15 - [TEST_CASE][PASSED] - Test Cases/Mobile/Page/CheckLogin: Test Cases/Mobile/Page/CheckLogin

2021-12-21 10:34:15 - [TEST_STEP][PASSED] - loginCheck = verifyElementExist(findTestObject("Mobile/Page/Login/Button - Login"), 2, CONTINUE_ON_FAILURE): Element 'Object Repository/Mobile/Page/Login/Button - Login' is exist

2021-12-21 10:34:17 - [MESSAGE][PASSED] - Element 'Object Repository/Mobile/Page/Login/Button - Login' is exist

2021-12-21 10:34:17 - [TEST_STEP][PASSED] - if (loginCheck): Call Test Case 'Test Cases/Mobile/Page/Login/Login' successfully

2021-12-21 10:34:17 - [TEST_STEP][PASSED] - callTestCase(findTestCase("Mobile/Page/Login/Login"), [:], CONTINUE_ON_FAILURE): Call Test Case 'Test Cases/Mobile/Page/Login/Login' successfully

2021-12-21 10:34:17 - [TEST_CASE][PASSED] - Test Cases/Mobile/Page/Login/Login: Test Cases/Mobile/Page/Login/Login

2021-12-21 10:34:17 - [TEST_STEP][PASSED] - delay(2): Delayed 2 second(s)

2021-12-21 10:34:19 - [MESSAGE][PASSED] - Delayed 2 second(s)

2021-12-21 10:34:19 - [TEST_STEP][PASSED] - tap(findTestObject("Mobile/Page/Login/Input - UserID"), 0): Tapped on element 'Object Repository/Mobile/Page/Login/Input - UserID'

2021-12-21 10:34:19 - [MESSAGE][WARNING] - Timeout '0' is invalid. Using default page load timeout: '60'

2021-12-21 10:34:21 - [MESSAGE][PASSED] - Tapped on element 'Object Repository/Mobile/Page/Login/Input - UserID'

2021-12-21 10:34:21 - [TEST_STEP][PASSED] - delay(1): Delayed 1 second(s)

2021-12-21 10:34:22 - [MESSAGE][PASSED] - Delayed 1 second(s)

2021-12-21 10:34:22 - [TEST_STEP][PASSED] - setText(findTestObject("Mobile/Page/Login/Input Rdy - UserID"), "anggaaditya", 0): Text 'anggaaditya' has been set to element 'Object Repository/Mobile/Page/Login/Input Rdy - UserID'

2021-12-21 10:34:22 - [MESSAGE][WARNING] - Timeout '0' is invalid. Using default page load timeout: '60'

2021-12-21 10:34:23 - [MESSAGE][PASSED] - Text 'anggaaditya' has been set to element 'Object Repository/Mobile/Page/Login/Input Rdy - UserID'

2021-12-21 10:34:23 - [TEST_STEP][PASSED] - delay(1): Delayed 1 second(s)

2021-12-21 10:34:24 - [MESSAGE][PASSED] - Delayed 1 second(s)

2021-12-21 10:34:24 - [TEST_STEP][PASSED] - hideKeyboard(): Keyboard is hidden

2021-12-21 10:34:30 - [MESSAGE][PASSED] - Keyboard is hidden

2021-12-21 10:34:30 - [TEST_STEP][PASSED] - tap(findTestObject("Mobile/Page/Login/Input - Password"), 0): Tapped on element 'Object Repository/Mobile/Page/Login/Input - Password'

2021-12-21 10:34:30 - [MESSAGE][WARNING] - Timeout '0' is invalid. Using default page load timeout: '60'

2021-12-21 10:34:30 - [MESSAGE][PASSED] - Tapped on element 'Object Repository/Mobile/Page/Login/Input - Password'

2021-12-21 10:34:30 - [TEST_STEP][PASSED] - delay(1): Delayed 1 second(s)

2021-12-21 10:34:31 - [MESSAGE][PASSED] - Delayed 1 second(s)

2021-12-21 10:34:31 - [TEST_STEP][PASSED] - setText(findTestObject("Mobile/Page/Login/Input Rdy - Password"), "Shalawa18", 0): Text 'Shalawa18' has been set to element 'Object Repository/Mobile/Page/Login/Input Rdy - Password'

2021-12-21 10:34:32 - [MESSAGE][WARNING] - Timeout '0' is invalid. Using default page load timeout: '60'

2021-12-21 10:34:32 - [MESSAGE][PASSED] - Text 'Shalawa18' has been set to element 'Object Repository/Mobile/Page/Login/Input Rdy - Password'

2021-12-21 10:34:32 - [TEST_STEP][PASSED] - delay(1): Delayed 1 second(s)

2021-12-21 10:34:33 - [MESSAGE][PASSED] - Delayed 1 second(s)

2021-12-21 10:34:33 - [TEST_STEP][PASSED] - hideKeyboard(): Keyboard is hidden

2021-12-21 10:34:39 - [MESSAGE][PASSED] - Keyboard is hidden

2021-12-21 10:34:39 - [TEST_STEP][PASSED] - tap(findTestObject("Mobile/Page/Login/Button - Login"), 0): Tapped on element 'Object Repository/Mobile/Page/Login/Button - Login'

2021-12-21 10:34:40 - [MESSAGE][WARNING] - Timeout '0' is invalid. Using default page load timeout: '60'

2021-12-21 10:34:41 - [MESSAGE][PASSED] - Tapped on element 'Object Repository/Mobile/Page/Login/Button - Login'

2021-12-21 10:34:41 - [TEST_STEP][PASSED] - delay(2): Delayed 2 second(s)

2021-12-21 10:34:43 - [MESSAGE][PASSED] - Delayed 2 second(s)

2021-12-21 10:34:43 - [MESSAGE][PASSED] - Call Test Case 'Test Cases/Mobile/Page/Login/Login' successfully

2021-12-21 10:34:43 - [MESSAGE][PASSED] - Call Test Case 'Test Cases/Mobile/Page/CheckLogin' successfully

2021-12-21 10:34:43 - [TEST_STEP][PASSED] - tap(findTestObject("Mobile/Page/Home/Menubar - News"), 0): Tapped on element 'Object Repository/Mobile/Page/Home/Menubar - News'

2021-12-21 10:34:43 - [MESSAGE][WARNING] - Timeout '0' is invalid. Using default page load timeout: '60'

2021-12-21 10:34:45 - [MESSAGE][PASSED] - Tapped on element 'Object Repository/Mobile/Page/Home/Menubar - News'

2021-12-21 10:34:45 - [TEST_STEP][PASSED] - delay(1): Delayed 1 second(s)

2021-12-21 10:34:46 - [MESSAGE][PASSED] - Delayed 1 second(s)

2021-12-21 10:34:46 - [TEST_STEP][PASSED] - for ([i = 0, i < 1, (i++)]): null

2021-12-21 10:34:46 - [TEST_STEP][PASSED] - if (tab == "macronews"): null

2021-12-21 10:34:46 - [TEST_STEP][PASSED] - else if (tab == "stocknews"): null

2021-12-21 10:34:46 - [TEST_STEP][PASSED] - else if (tab == "fundnews"): null

2021-12-21 10:34:46 - [TEST_STEP][PASSED] - else if (tab == "bondnews"): null

2021-12-21 10:34:46 - [TEST_STEP][PASSED] - else if (tab == "worldindices"): Delayed 3 second(s)

2021-12-21 10:34:46 - [TEST_STEP][PASSED] - scroll.scroll.scrollScreenRightToLeft(findTestObject("Object Repository/Mobile/Page/News/Tab - Macro")): scroll.scroll.scrollScreenRightToLeft is PASSED

2021-12-21 10:34:46 - [MESSAGE][WARNING] - Timeout '0' is invalid. Using default page load timeout: '60'

2021-12-21 10:34:46 - [MESSAGE][PASSED] - Object 'Object Repository/Mobile/Page/News/Tab - Macro' has left position '14'

2021-12-21 10:34:47 - [MESSAGE][WARNING] - Timeout '0' is invalid. Using default page load timeout: '60'

2021-12-21 10:34:47 - [MESSAGE][PASSED] - Object 'Object Repository/Mobile/Page/News/Tab - Macro' has top position '262'

2021-12-21 10:34:47 - [MESSAGE][WARNING] - Timeout '0' is invalid. Using default page load timeout: '60'

2021-12-21 10:34:47 - [MESSAGE][PASSED] - Object 'Object Repository/Mobile/Page/News/Tab - Macro' has width: '215'

2021-12-21 10:34:47 - [MESSAGE][WARNING] - Timeout '0' is invalid. Using default page load timeout: '60'

2021-12-21 10:34:49 - [MESSAGE][PASSED] - Object 'Object Repository/Mobile/Page/News/Tab - Macro' has height: '84'

2021-12-21 10:34:49 - [MESSAGE][PASSED] - Current device physical width is 720

2021-12-21 10:34:50 - [MESSAGE][PASSED] - Swiped from 620,304 to 100,304

2021-12-21 10:34:50 - [MESSAGE][PASSED] - scroll.scroll.scrollScreenRightToLeft is PASSED

2021-12-21 10:34:50 - [TEST_STEP][PASSED] - delay(1): Delayed 1 second(s)

2021-12-21 10:34:51 - [MESSAGE][PASSED] - Delayed 1 second(s)

2021-12-21 10:34:51 - [TEST_STEP][PASSED] - tap(findTestObject("Mobile/Page/News/Tab - World Indices"), 0): Tapped on element 'Object Repository/Mobile/Page/News/Tab - World Indices'

2021-12-21 10:34:51 - [MESSAGE][WARNING] - Timeout '0' is invalid. Using default page load timeout: '60'

2021-12-21 10:34:53 - [MESSAGE][PASSED] - Tapped on element 'Object Repository/Mobile/Page/News/Tab - World Indices'

2021-12-21 10:34:53 - [TEST_STEP][PASSED] - delay(1): Delayed 1 second(s)

2021-12-21 10:34:54 - [MESSAGE][PASSED] - Delayed 1 second(s)

2021-12-21 10:34:54 - [TEST_STEP][PASSED] - tap(findTestObject("Mobile/Page/News/Button - Indices"), 0): Tapped on element 'Object Repository/Mobile/Page/News/Button - Indices'

2021-12-21 10:34:54 - [MESSAGE][WARNING] - Timeout '0' is invalid. Using default page load timeout: '60'

2021-12-21 10:34:55 - [MESSAGE][PASSED] - Tapped on element 'Object Repository/Mobile/Page/News/Button - Indices'

2021-12-21 10:34:55 - [TEST_STEP][PASSED] - delay(3): Delayed 3 second(s)

2021-12-21 10:34:58 - [MESSAGE][PASSED] - Delayed 3 second(s)

2021-12-21 10:34:58 - [TEST_STEP][PASSED] - tap(findTestObject("Mobile/Page/News/Button - Currencies"), 0): Tapped on element 'Object Repository/Mobile/Page/News/Button - Currencies'

2021-12-21 10:34:58 - [MESSAGE][WARNING] - Timeout '0' is invalid. Using default page load timeout: '60'

2021-12-21 10:34:59 - [MESSAGE][PASSED] - Tapped on element 'Object Repository/Mobile/Page/News/Button - Currencies'

2021-12-21 10:34:59 - [TEST_STEP][PASSED] - delay(3): Delayed 3 second(s)

2021-12-21 10:35:02 - [MESSAGE][PASSED] - Delayed 3 second(s)

2021-12-21 10:35:02 - [TEST_STEP][PASSED] - tap(findTestObject("Mobile/Page/News/Button - Commodities"), 0): Tapped on element 'Object Repository/Mobile/Page/News/Button - Commodities'

2021-12-21 10:35:02 - [MESSAGE][WARNING] - Timeout '0' is invalid. Using default page load timeout: '60'

2021-12-21 10:35:03 - [MESSAGE][PASSED] - Tapped on element 'Object Repository/Mobile/Page/News/Button - Commodities'

2021-12-21 10:35:03 - [TEST_STEP][PASSED] - delay(3): Delayed 3 second(s)

2021-12-21 10:35:06 - [MESSAGE][PASSED] - Delayed 3 second(s)

2021-12-21 10:35:06 - [TEST_STEP][PASSED] - delay(1): Delayed 1 second(s)

2021-12-21 10:35:07 - [MESSAGE][PASSED] - Delayed 1 second(s)

2021-12-21 10:35:07 - [TEST_STEP][PASSED] - if (tab != "worldindices"): null

2021-12-21 10:35:07 - [MESSAGE][PASSED] - Call Test Case 'Test Cases/Mobile/Page/News/News' successfully

2021-12-21 10:35:07 - [TEST_STEP][PASSED] - callTestCase(findTestCase("Mobile/Page/Run App/Terminate App"), [:], STOP_ON_FAILURE): Call Test Case 'Test Cases/Mobile/Page/Run App/Terminate App' successfully

2021-12-21 10:35:08 - [TEST_CASE][PASSED] - Test Cases/Mobile/Page/Run App/Terminate App: Test Cases/Mobile/Page/Run App/Terminate App

2021-12-21 10:35:08 - [TEST_STEP][PASSED] - startApp.OpenApp.terminateApplication(): startApp.OpenApp.terminateApplication is PASSED

2021-12-21 10:35:11 - [MESSAGE][PASSED] - Delayed 3 second(s)

2021-12-21 10:35:11 - [MESSAGE][PASSED] - Current device physical width is 720

2021-12-21 10:35:11 - [MESSAGE][PASSED] - Current device physical height is 1423

2021-12-21 10:35:13 - [MESSAGE][PASSED] - Swiped from 360,853 to 360,142

2021-12-21 10:35:14 - [MESSAGE][PASSED] - Delayed 1 second(s)

2021-12-21 10:35:15 - [MESSAGE][PASSED] - Swiped from 360,853 to 360,142

2021-12-21 10:35:18 - [MESSAGE][PASSED] - Delayed 3 second(s)

2021-12-21 10:35:18 - [MESSAGE][PASSED] - startApp.OpenApp.terminateApplication is PASSED

2021-12-21 10:35:18 - [MESSAGE][PASSED] - Call Test Case 'Test Cases/Mobile/Page/Run App/Terminate App' successfully]]></system-out>
         <system-err><![CDATA[]]></system-err>
      </testcase>
      <testcase name="Test Cases/Mobile/Scenario/News/002 - News Stock" time="60.626" classname="Test Cases/Mobile/Scenario/News/002 - News Stock" status="PASSED">
         <system-out><![CDATA[2021-12-21 10:35:18 - [TEST_CASE][PASSED] - Test Cases/Mobile/Scenario/News/002 - News Stock: Test Cases/Mobile/Scenario/News/002 - News Stock

2021-12-21 10:35:18 - [TEST_STEP][PASSED] - callTestCase(findTestCase("Mobile/Page/Run App/Run App byID"), [:], STOP_ON_FAILURE): Call Test Case 'Test Cases/Mobile/Page/Run App/Run App byID' successfully

2021-12-21 10:35:18 - [TEST_CASE][PASSED] - Test Cases/Mobile/Page/Run App/Run App byID: Test Cases/Mobile/Page/Run App/Run App byID

2021-12-21 10:35:18 - [TEST_STEP][PASSED] - startApp.OpenApp.startApplication("id.co.miraeasset.sageclub"): startApp.OpenApp.startApplication is PASSED

2021-12-21 10:35:32 - [MESSAGE][PASSED] - Starting app with application ID: 'id.co.miraeasset.sageclub'

2021-12-21 10:35:32 - [MESSAGE][PASSED] - startApp.OpenApp.startApplication is PASSED

2021-12-21 10:35:32 - [MESSAGE][PASSED] - Call Test Case 'Test Cases/Mobile/Page/Run App/Run App byID' successfully

2021-12-21 10:35:32 - [TEST_STEP][PASSED] - callTestCase(findTestCase("Mobile/Page/News/News"), ["tab":"stocknews"], CONTINUE_ON_FAILURE): Call Test Case 'Test Cases/Mobile/Page/News/News' successfully

2021-12-21 10:35:32 - [TEST_CASE][PASSED] - Test Cases/Mobile/Page/News/News: Test Cases/Mobile/Page/News/News

2021-12-21 10:35:32 - [TEST_STEP][PASSED] - callTestCase(findTestCase("Mobile/Page/CheckLogin"), [:], CONTINUE_ON_FAILURE): Call Test Case 'Test Cases/Mobile/Page/CheckLogin' successfully

2021-12-21 10:35:32 - [TEST_CASE][PASSED] - Test Cases/Mobile/Page/CheckLogin: Test Cases/Mobile/Page/CheckLogin

2021-12-21 10:35:32 - [TEST_STEP][PASSED] - loginCheck = verifyElementExist(findTestObject("Mobile/Page/Login/Button - Login"), 2, CONTINUE_ON_FAILURE): Element 'Object Repository/Mobile/Page/Login/Button - Login' is exist

2021-12-21 10:35:34 - [MESSAGE][PASSED] - Element 'Object Repository/Mobile/Page/Login/Button - Login' is exist

2021-12-21 10:35:34 - [TEST_STEP][PASSED] - if (loginCheck): Call Test Case 'Test Cases/Mobile/Page/Login/Login' successfully

2021-12-21 10:35:34 - [TEST_STEP][PASSED] - callTestCase(findTestCase("Mobile/Page/Login/Login"), [:], CONTINUE_ON_FAILURE): Call Test Case 'Test Cases/Mobile/Page/Login/Login' successfully

2021-12-21 10:35:34 - [TEST_CASE][PASSED] - Test Cases/Mobile/Page/Login/Login: Test Cases/Mobile/Page/Login/Login

2021-12-21 10:35:34 - [TEST_STEP][PASSED] - delay(2): Delayed 2 second(s)

2021-12-21 10:35:36 - [MESSAGE][PASSED] - Delayed 2 second(s)

2021-12-21 10:35:36 - [TEST_STEP][PASSED] - tap(findTestObject("Mobile/Page/Login/Input - UserID"), 0): Tapped on element 'Object Repository/Mobile/Page/Login/Input - UserID'

2021-12-21 10:35:36 - [MESSAGE][WARNING] - Timeout '0' is invalid. Using default page load timeout: '60'

2021-12-21 10:35:37 - [MESSAGE][PASSED] - Tapped on element 'Object Repository/Mobile/Page/Login/Input - UserID'

2021-12-21 10:35:37 - [TEST_STEP][PASSED] - delay(1): Delayed 1 second(s)

2021-12-21 10:35:38 - [MESSAGE][PASSED] - Delayed 1 second(s)

2021-12-21 10:35:38 - [TEST_STEP][PASSED] - setText(findTestObject("Mobile/Page/Login/Input Rdy - UserID"), "anggaaditya", 0): Text 'anggaaditya' has been set to element 'Object Repository/Mobile/Page/Login/Input Rdy - UserID'

2021-12-21 10:35:38 - [MESSAGE][WARNING] - Timeout '0' is invalid. Using default page load timeout: '60'

2021-12-21 10:35:38 - [MESSAGE][PASSED] - Text 'anggaaditya' has been set to element 'Object Repository/Mobile/Page/Login/Input Rdy - UserID'

2021-12-21 10:35:38 - [TEST_STEP][PASSED] - delay(1): Delayed 1 second(s)

2021-12-21 10:35:39 - [MESSAGE][PASSED] - Delayed 1 second(s)

2021-12-21 10:35:39 - [TEST_STEP][PASSED] - hideKeyboard(): Keyboard is hidden

2021-12-21 10:35:43 - [MESSAGE][PASSED] - Keyboard is hidden

2021-12-21 10:35:43 - [TEST_STEP][PASSED] - tap(findTestObject("Mobile/Page/Login/Input - Password"), 0): Tapped on element 'Object Repository/Mobile/Page/Login/Input - Password'

2021-12-21 10:35:44 - [MESSAGE][WARNING] - Timeout '0' is invalid. Using default page load timeout: '60'

2021-12-21 10:35:44 - [MESSAGE][PASSED] - Tapped on element 'Object Repository/Mobile/Page/Login/Input - Password'

2021-12-21 10:35:44 - [TEST_STEP][PASSED] - delay(1): Delayed 1 second(s)

2021-12-21 10:35:45 - [MESSAGE][PASSED] - Delayed 1 second(s)

2021-12-21 10:35:45 - [TEST_STEP][PASSED] - setText(findTestObject("Mobile/Page/Login/Input Rdy - Password"), "Shalawa18", 0): Text 'Shalawa18' has been set to element 'Object Repository/Mobile/Page/Login/Input Rdy - Password'

2021-12-21 10:35:45 - [MESSAGE][WARNING] - Timeout '0' is invalid. Using default page load timeout: '60'

2021-12-21 10:35:46 - [MESSAGE][PASSED] - Text 'Shalawa18' has been set to element 'Object Repository/Mobile/Page/Login/Input Rdy - Password'

2021-12-21 10:35:46 - [TEST_STEP][PASSED] - delay(1): Delayed 1 second(s)

2021-12-21 10:35:47 - [MESSAGE][PASSED] - Delayed 1 second(s)

2021-12-21 10:35:47 - [TEST_STEP][PASSED] - hideKeyboard(): Keyboard is hidden

2021-12-21 10:35:53 - [MESSAGE][PASSED] - Keyboard is hidden

2021-12-21 10:35:53 - [TEST_STEP][PASSED] - tap(findTestObject("Mobile/Page/Login/Button - Login"), 0): Tapped on element 'Object Repository/Mobile/Page/Login/Button - Login'

2021-12-21 10:35:53 - [MESSAGE][WARNING] - Timeout '0' is invalid. Using default page load timeout: '60'

2021-12-21 10:35:53 - [MESSAGE][PASSED] - Tapped on element 'Object Repository/Mobile/Page/Login/Button - Login'

2021-12-21 10:35:53 - [TEST_STEP][PASSED] - delay(2): Delayed 2 second(s)

2021-12-21 10:35:55 - [MESSAGE][PASSED] - Delayed 2 second(s)

2021-12-21 10:35:55 - [MESSAGE][PASSED] - Call Test Case 'Test Cases/Mobile/Page/Login/Login' successfully

2021-12-21 10:35:55 - [MESSAGE][PASSED] - Call Test Case 'Test Cases/Mobile/Page/CheckLogin' successfully

2021-12-21 10:35:55 - [TEST_STEP][PASSED] - tap(findTestObject("Mobile/Page/Home/Menubar - News"), 0): Tapped on element 'Object Repository/Mobile/Page/Home/Menubar - News'

2021-12-21 10:35:56 - [MESSAGE][WARNING] - Timeout '0' is invalid. Using default page load timeout: '60'

2021-12-21 10:35:57 - [MESSAGE][PASSED] - Tapped on element 'Object Repository/Mobile/Page/Home/Menubar - News'

2021-12-21 10:35:57 - [TEST_STEP][PASSED] - delay(1): Delayed 1 second(s)

2021-12-21 10:35:58 - [MESSAGE][PASSED] - Delayed 1 second(s)

2021-12-21 10:35:58 - [TEST_STEP][PASSED] - for ([i = 0, i < 1, (i++)]): Delayed 3 second(s)

2021-12-21 10:35:58 - [TEST_STEP][PASSED] - if (tab == "macronews"): null

2021-12-21 10:35:58 - [TEST_STEP][PASSED] - else if (tab == "stocknews"): Tapped on element 'Object Repository/Mobile/Page/News/Tab - Stock'

2021-12-21 10:35:58 - [TEST_STEP][PASSED] - tap(findTestObject("Object Repository/Mobile/Page/News/Tab - Stock"), 0): Tapped on element 'Object Repository/Mobile/Page/News/Tab - Stock'

2021-12-21 10:35:58 - [MESSAGE][WARNING] - Timeout '0' is invalid. Using default page load timeout: '60'

2021-12-21 10:35:58 - [MESSAGE][PASSED] - Tapped on element 'Object Repository/Mobile/Page/News/Tab - Stock'

2021-12-21 10:35:58 - [TEST_STEP][PASSED] - delay(1): Delayed 1 second(s)

2021-12-21 10:35:59 - [MESSAGE][PASSED] - Delayed 1 second(s)

2021-12-21 10:35:59 - [TEST_STEP][PASSED] - if (tab != "worldindices"): Delayed 3 second(s)

2021-12-21 10:35:59 - [TEST_STEP][PASSED] - try: Delayed 3 second(s)

2021-12-21 10:35:59 - [TEST_STEP][PASSED] - tapAndHold(findTestObject("Mobile/Page/News/Item - Top News"), 1, 10): Tapped and held on element 'Object Repository/Mobile/Page/News/Item - Top News' with duration 1

2021-12-21 10:36:03 - [MESSAGE][PASSED] - Tapped and held on element 'Object Repository/Mobile/Page/News/Item - Top News' with duration 1

2021-12-21 10:36:03 - [TEST_STEP][PASSED] - delay(1): Delayed 1 second(s)

2021-12-21 10:36:04 - [MESSAGE][PASSED] - Delayed 1 second(s)

2021-12-21 10:36:04 - [TEST_STEP][PASSED] - scroll.scroll.scrollScreenBottomToTop(): scroll.scroll.scrollScreenBottomToTop is PASSED

2021-12-21 10:36:04 - [MESSAGE][PASSED] - Current device physical height is 1423

2021-12-21 10:36:04 - [MESSAGE][PASSED] - Current device physical width is 720

2021-12-21 10:36:05 - [MESSAGE][PASSED] - Swiped from 360,1,138 to 360,284

2021-12-21 10:36:05 - [MESSAGE][PASSED] - scroll.scroll.scrollScreenBottomToTop is PASSED

2021-12-21 10:36:05 - [TEST_STEP][PASSED] - delay(3): Delayed 3 second(s)

2021-12-21 10:36:08 - [MESSAGE][PASSED] - Delayed 3 second(s)

2021-12-21 10:36:08 - [MESSAGE][PASSED] - Call Test Case 'Test Cases/Mobile/Page/News/News' successfully

2021-12-21 10:36:08 - [TEST_STEP][PASSED] - callTestCase(findTestCase("Mobile/Page/Run App/Terminate App"), [:], STOP_ON_FAILURE): Call Test Case 'Test Cases/Mobile/Page/Run App/Terminate App' successfully

2021-12-21 10:36:08 - [TEST_CASE][PASSED] - Test Cases/Mobile/Page/Run App/Terminate App: Test Cases/Mobile/Page/Run App/Terminate App

2021-12-21 10:36:08 - [TEST_STEP][PASSED] - startApp.OpenApp.terminateApplication(): startApp.OpenApp.terminateApplication is PASSED

2021-12-21 10:36:12 - [MESSAGE][PASSED] - Delayed 3 second(s)

2021-12-21 10:36:12 - [MESSAGE][PASSED] - Current device physical width is 720

2021-12-21 10:36:12 - [MESSAGE][PASSED] - Current device physical height is 1423

2021-12-21 10:36:13 - [MESSAGE][PASSED] - Swiped from 360,853 to 360,142

2021-12-21 10:36:14 - [MESSAGE][PASSED] - Delayed 1 second(s)

2021-12-21 10:36:16 - [MESSAGE][PASSED] - Swiped from 360,853 to 360,142

2021-12-21 10:36:19 - [MESSAGE][PASSED] - Delayed 3 second(s)

2021-12-21 10:36:19 - [MESSAGE][PASSED] - startApp.OpenApp.terminateApplication is PASSED

2021-12-21 10:36:19 - [MESSAGE][PASSED] - Call Test Case 'Test Cases/Mobile/Page/Run App/Terminate App' successfully]]></system-out>
         <system-err><![CDATA[]]></system-err>
      </testcase>
      <testcase name="Test Cases/Mobile/Scenario/News/003 - News Fund" time="60.299" classname="Test Cases/Mobile/Scenario/News/003 - News Fund" status="PASSED">
         <system-out><![CDATA[2021-12-21 10:36:19 - [TEST_CASE][PASSED] - Test Cases/Mobile/Scenario/News/003 - News Fund: Test Cases/Mobile/Scenario/News/003 - News Fund

2021-12-21 10:36:19 - [TEST_STEP][PASSED] - callTestCase(findTestCase("Mobile/Page/Run App/Run App byID"), [:], STOP_ON_FAILURE): Call Test Case 'Test Cases/Mobile/Page/Run App/Run App byID' successfully

2021-12-21 10:36:19 - [TEST_CASE][PASSED] - Test Cases/Mobile/Page/Run App/Run App byID: Test Cases/Mobile/Page/Run App/Run App byID

2021-12-21 10:36:19 - [TEST_STEP][PASSED] - startApp.OpenApp.startApplication("id.co.miraeasset.sageclub"): startApp.OpenApp.startApplication is PASSED

2021-12-21 10:36:31 - [MESSAGE][PASSED] - Starting app with application ID: 'id.co.miraeasset.sageclub'

2021-12-21 10:36:31 - [MESSAGE][PASSED] - startApp.OpenApp.startApplication is PASSED

2021-12-21 10:36:31 - [MESSAGE][PASSED] - Call Test Case 'Test Cases/Mobile/Page/Run App/Run App byID' successfully

2021-12-21 10:36:31 - [TEST_STEP][PASSED] - callTestCase(findTestCase("Mobile/Page/News/News"), ["tab":"fundnews"], CONTINUE_ON_FAILURE): Call Test Case 'Test Cases/Mobile/Page/News/News' successfully

2021-12-21 10:36:31 - [TEST_CASE][PASSED] - Test Cases/Mobile/Page/News/News: Test Cases/Mobile/Page/News/News

2021-12-21 10:36:31 - [TEST_STEP][PASSED] - callTestCase(findTestCase("Mobile/Page/CheckLogin"), [:], CONTINUE_ON_FAILURE): Call Test Case 'Test Cases/Mobile/Page/CheckLogin' successfully

2021-12-21 10:36:31 - [TEST_CASE][PASSED] - Test Cases/Mobile/Page/CheckLogin: Test Cases/Mobile/Page/CheckLogin

2021-12-21 10:36:31 - [TEST_STEP][PASSED] - loginCheck = verifyElementExist(findTestObject("Mobile/Page/Login/Button - Login"), 2, CONTINUE_ON_FAILURE): Element 'Object Repository/Mobile/Page/Login/Button - Login' is exist

2021-12-21 10:36:34 - [MESSAGE][PASSED] - Element 'Object Repository/Mobile/Page/Login/Button - Login' is exist

2021-12-21 10:36:34 - [TEST_STEP][PASSED] - if (loginCheck): Call Test Case 'Test Cases/Mobile/Page/Login/Login' successfully

2021-12-21 10:36:34 - [TEST_STEP][PASSED] - callTestCase(findTestCase("Mobile/Page/Login/Login"), [:], CONTINUE_ON_FAILURE): Call Test Case 'Test Cases/Mobile/Page/Login/Login' successfully

2021-12-21 10:36:34 - [TEST_CASE][PASSED] - Test Cases/Mobile/Page/Login/Login: Test Cases/Mobile/Page/Login/Login

2021-12-21 10:36:34 - [TEST_STEP][PASSED] - delay(2): Delayed 2 second(s)

2021-12-21 10:36:36 - [MESSAGE][PASSED] - Delayed 2 second(s)

2021-12-21 10:36:36 - [TEST_STEP][PASSED] - tap(findTestObject("Mobile/Page/Login/Input - UserID"), 0): Tapped on element 'Object Repository/Mobile/Page/Login/Input - UserID'

2021-12-21 10:36:36 - [MESSAGE][WARNING] - Timeout '0' is invalid. Using default page load timeout: '60'

2021-12-21 10:36:37 - [MESSAGE][PASSED] - Tapped on element 'Object Repository/Mobile/Page/Login/Input - UserID'

2021-12-21 10:36:37 - [TEST_STEP][PASSED] - delay(1): Delayed 1 second(s)

2021-12-21 10:36:38 - [MESSAGE][PASSED] - Delayed 1 second(s)

2021-12-21 10:36:38 - [TEST_STEP][PASSED] - setText(findTestObject("Mobile/Page/Login/Input Rdy - UserID"), "anggaaditya", 0): Text 'anggaaditya' has been set to element 'Object Repository/Mobile/Page/Login/Input Rdy - UserID'

2021-12-21 10:36:38 - [MESSAGE][WARNING] - Timeout '0' is invalid. Using default page load timeout: '60'

2021-12-21 10:36:38 - [MESSAGE][PASSED] - Text 'anggaaditya' has been set to element 'Object Repository/Mobile/Page/Login/Input Rdy - UserID'

2021-12-21 10:36:38 - [TEST_STEP][PASSED] - delay(1): Delayed 1 second(s)

2021-12-21 10:36:39 - [MESSAGE][PASSED] - Delayed 1 second(s)

2021-12-21 10:36:39 - [TEST_STEP][PASSED] - hideKeyboard(): Keyboard is hidden

2021-12-21 10:36:43 - [MESSAGE][PASSED] - Keyboard is hidden

2021-12-21 10:36:43 - [TEST_STEP][PASSED] - tap(findTestObject("Mobile/Page/Login/Input - Password"), 0): Tapped on element 'Object Repository/Mobile/Page/Login/Input - Password'

2021-12-21 10:36:43 - [MESSAGE][WARNING] - Timeout '0' is invalid. Using default page load timeout: '60'

2021-12-21 10:36:44 - [MESSAGE][PASSED] - Tapped on element 'Object Repository/Mobile/Page/Login/Input - Password'

2021-12-21 10:36:44 - [TEST_STEP][PASSED] - delay(1): Delayed 1 second(s)

2021-12-21 10:36:45 - [MESSAGE][PASSED] - Delayed 1 second(s)

2021-12-21 10:36:45 - [TEST_STEP][PASSED] - setText(findTestObject("Mobile/Page/Login/Input Rdy - Password"), "Shalawa18", 0): Text 'Shalawa18' has been set to element 'Object Repository/Mobile/Page/Login/Input Rdy - Password'

2021-12-21 10:36:45 - [MESSAGE][WARNING] - Timeout '0' is invalid. Using default page load timeout: '60'

2021-12-21 10:36:45 - [MESSAGE][PASSED] - Text 'Shalawa18' has been set to element 'Object Repository/Mobile/Page/Login/Input Rdy - Password'

2021-12-21 10:36:45 - [TEST_STEP][PASSED] - delay(1): Delayed 1 second(s)

2021-12-21 10:36:46 - [MESSAGE][PASSED] - Delayed 1 second(s)

2021-12-21 10:36:46 - [TEST_STEP][PASSED] - hideKeyboard(): Keyboard is hidden

2021-12-21 10:36:53 - [MESSAGE][PASSED] - Keyboard is hidden

2021-12-21 10:36:53 - [TEST_STEP][PASSED] - tap(findTestObject("Mobile/Page/Login/Button - Login"), 0): Tapped on element 'Object Repository/Mobile/Page/Login/Button - Login'

2021-12-21 10:36:53 - [MESSAGE][WARNING] - Timeout '0' is invalid. Using default page load timeout: '60'

2021-12-21 10:36:54 - [MESSAGE][PASSED] - Tapped on element 'Object Repository/Mobile/Page/Login/Button - Login'

2021-12-21 10:36:54 - [TEST_STEP][PASSED] - delay(2): Delayed 2 second(s)

2021-12-21 10:36:56 - [MESSAGE][PASSED] - Delayed 2 second(s)

2021-12-21 10:36:56 - [MESSAGE][PASSED] - Call Test Case 'Test Cases/Mobile/Page/Login/Login' successfully

2021-12-21 10:36:56 - [MESSAGE][PASSED] - Call Test Case 'Test Cases/Mobile/Page/CheckLogin' successfully

2021-12-21 10:36:56 - [TEST_STEP][PASSED] - tap(findTestObject("Mobile/Page/Home/Menubar - News"), 0): Tapped on element 'Object Repository/Mobile/Page/Home/Menubar - News'

2021-12-21 10:36:56 - [MESSAGE][WARNING] - Timeout '0' is invalid. Using default page load timeout: '60'

2021-12-21 10:36:57 - [MESSAGE][PASSED] - Tapped on element 'Object Repository/Mobile/Page/Home/Menubar - News'

2021-12-21 10:36:57 - [TEST_STEP][PASSED] - delay(1): Delayed 1 second(s)

2021-12-21 10:36:58 - [MESSAGE][PASSED] - Delayed 1 second(s)

2021-12-21 10:36:58 - [TEST_STEP][PASSED] - for ([i = 0, i < 1, (i++)]): Delayed 3 second(s)

2021-12-21 10:36:58 - [TEST_STEP][PASSED] - if (tab == "macronews"): null

2021-12-21 10:36:58 - [TEST_STEP][PASSED] - else if (tab == "stocknews"): null

2021-12-21 10:36:58 - [TEST_STEP][PASSED] - else if (tab == "fundnews"): Tapped on element 'Object Repository/Mobile/Page/News/Tab - Fund'

2021-12-21 10:36:58 - [TEST_STEP][PASSED] - tap(findTestObject("Object Repository/Mobile/Page/News/Tab - Fund"), 0): Tapped on element 'Object Repository/Mobile/Page/News/Tab - Fund'

2021-12-21 10:36:58 - [MESSAGE][WARNING] - Timeout '0' is invalid. Using default page load timeout: '60'

2021-12-21 10:36:59 - [MESSAGE][PASSED] - Tapped on element 'Object Repository/Mobile/Page/News/Tab - Fund'

2021-12-21 10:36:59 - [TEST_STEP][PASSED] - delay(1): Delayed 1 second(s)

2021-12-21 10:37:00 - [MESSAGE][PASSED] - Delayed 1 second(s)

2021-12-21 10:37:00 - [TEST_STEP][PASSED] - if (tab != "worldindices"): Delayed 3 second(s)

2021-12-21 10:37:00 - [TEST_STEP][PASSED] - try: Delayed 3 second(s)

2021-12-21 10:37:00 - [TEST_STEP][PASSED] - tapAndHold(findTestObject("Mobile/Page/News/Item - Top News"), 1, 10): Tapped and held on element 'Object Repository/Mobile/Page/News/Item - Top News' with duration 1

2021-12-21 10:37:03 - [MESSAGE][PASSED] - Tapped and held on element 'Object Repository/Mobile/Page/News/Item - Top News' with duration 1

2021-12-21 10:37:03 - [TEST_STEP][PASSED] - delay(1): Delayed 1 second(s)

2021-12-21 10:37:04 - [MESSAGE][PASSED] - Delayed 1 second(s)

2021-12-21 10:37:04 - [TEST_STEP][PASSED] - scroll.scroll.scrollScreenBottomToTop(): scroll.scroll.scrollScreenBottomToTop is PASSED

2021-12-21 10:37:04 - [MESSAGE][PASSED] - Current device physical height is 1423

2021-12-21 10:37:04 - [MESSAGE][PASSED] - Current device physical width is 720

2021-12-21 10:37:06 - [MESSAGE][PASSED] - Swiped from 360,1,138 to 360,284

2021-12-21 10:37:06 - [MESSAGE][PASSED] - scroll.scroll.scrollScreenBottomToTop is PASSED

2021-12-21 10:37:06 - [TEST_STEP][PASSED] - delay(3): Delayed 3 second(s)

2021-12-21 10:37:09 - [MESSAGE][PASSED] - Delayed 3 second(s)

2021-12-21 10:37:09 - [MESSAGE][PASSED] - Call Test Case 'Test Cases/Mobile/Page/News/News' successfully

2021-12-21 10:37:09 - [TEST_STEP][PASSED] - callTestCase(findTestCase("Mobile/Page/Run App/Terminate App"), [:], STOP_ON_FAILURE): Call Test Case 'Test Cases/Mobile/Page/Run App/Terminate App' successfully

2021-12-21 10:37:09 - [TEST_CASE][PASSED] - Test Cases/Mobile/Page/Run App/Terminate App: Test Cases/Mobile/Page/Run App/Terminate App

2021-12-21 10:37:09 - [TEST_STEP][PASSED] - startApp.OpenApp.terminateApplication(): startApp.OpenApp.terminateApplication is PASSED

2021-12-21 10:37:12 - [MESSAGE][PASSED] - Delayed 3 second(s)

2021-12-21 10:37:12 - [MESSAGE][PASSED] - Current device physical width is 720

2021-12-21 10:37:12 - [MESSAGE][PASSED] - Current device physical height is 1423

2021-12-21 10:37:14 - [MESSAGE][PASSED] - Swiped from 360,853 to 360,142

2021-12-21 10:37:15 - [MESSAGE][PASSED] - Delayed 1 second(s)

2021-12-21 10:37:16 - [MESSAGE][PASSED] - Swiped from 360,853 to 360,142

2021-12-21 10:37:19 - [MESSAGE][PASSED] - Delayed 3 second(s)

2021-12-21 10:37:19 - [MESSAGE][PASSED] - startApp.OpenApp.terminateApplication is PASSED

2021-12-21 10:37:19 - [MESSAGE][PASSED] - Call Test Case 'Test Cases/Mobile/Page/Run App/Terminate App' successfully]]></system-out>
         <system-err><![CDATA[]]></system-err>
      </testcase>
      <testcase name="Test Cases/Mobile/Scenario/News/004 - Bond News" time="61.475" classname="Test Cases/Mobile/Scenario/News/004 - Bond News" status="PASSED">
         <system-out><![CDATA[2021-12-21 10:37:19 - [TEST_CASE][PASSED] - Test Cases/Mobile/Scenario/News/004 - Bond News: Test Cases/Mobile/Scenario/News/004 - Bond News

2021-12-21 10:37:19 - [TEST_STEP][PASSED] - callTestCase(findTestCase("Mobile/Page/Run App/Run App byID"), [:], STOP_ON_FAILURE): Call Test Case 'Test Cases/Mobile/Page/Run App/Run App byID' successfully

2021-12-21 10:37:19 - [TEST_CASE][PASSED] - Test Cases/Mobile/Page/Run App/Run App byID: Test Cases/Mobile/Page/Run App/Run App byID

2021-12-21 10:37:19 - [TEST_STEP][PASSED] - startApp.OpenApp.startApplication("id.co.miraeasset.sageclub"): startApp.OpenApp.startApplication is PASSED

2021-12-21 10:37:31 - [MESSAGE][PASSED] - Starting app with application ID: 'id.co.miraeasset.sageclub'

2021-12-21 10:37:31 - [MESSAGE][PASSED] - startApp.OpenApp.startApplication is PASSED

2021-12-21 10:37:31 - [MESSAGE][PASSED] - Call Test Case 'Test Cases/Mobile/Page/Run App/Run App byID' successfully

2021-12-21 10:37:31 - [TEST_STEP][PASSED] - callTestCase(findTestCase("Mobile/Page/News/News"), ["tab":"bondnews"], CONTINUE_ON_FAILURE): Call Test Case 'Test Cases/Mobile/Page/News/News' successfully

2021-12-21 10:37:31 - [TEST_CASE][PASSED] - Test Cases/Mobile/Page/News/News: Test Cases/Mobile/Page/News/News

2021-12-21 10:37:31 - [TEST_STEP][PASSED] - callTestCase(findTestCase("Mobile/Page/CheckLogin"), [:], CONTINUE_ON_FAILURE): Call Test Case 'Test Cases/Mobile/Page/CheckLogin' successfully

2021-12-21 10:37:31 - [TEST_CASE][PASSED] - Test Cases/Mobile/Page/CheckLogin: Test Cases/Mobile/Page/CheckLogin

2021-12-21 10:37:31 - [TEST_STEP][PASSED] - loginCheck = verifyElementExist(findTestObject("Mobile/Page/Login/Button - Login"), 2, CONTINUE_ON_FAILURE): Element 'Object Repository/Mobile/Page/Login/Button - Login' is exist

2021-12-21 10:37:34 - [MESSAGE][PASSED] - Element 'Object Repository/Mobile/Page/Login/Button - Login' is exist

2021-12-21 10:37:34 - [TEST_STEP][PASSED] - if (loginCheck): Call Test Case 'Test Cases/Mobile/Page/Login/Login' successfully

2021-12-21 10:37:34 - [TEST_STEP][PASSED] - callTestCase(findTestCase("Mobile/Page/Login/Login"), [:], CONTINUE_ON_FAILURE): Call Test Case 'Test Cases/Mobile/Page/Login/Login' successfully

2021-12-21 10:37:34 - [TEST_CASE][PASSED] - Test Cases/Mobile/Page/Login/Login: Test Cases/Mobile/Page/Login/Login

2021-12-21 10:37:34 - [TEST_STEP][PASSED] - delay(2): Delayed 2 second(s)

2021-12-21 10:37:36 - [MESSAGE][PASSED] - Delayed 2 second(s)

2021-12-21 10:37:36 - [TEST_STEP][PASSED] - tap(findTestObject("Mobile/Page/Login/Input - UserID"), 0): Tapped on element 'Object Repository/Mobile/Page/Login/Input - UserID'

2021-12-21 10:37:36 - [MESSAGE][WARNING] - Timeout '0' is invalid. Using default page load timeout: '60'

2021-12-21 10:37:36 - [MESSAGE][PASSED] - Tapped on element 'Object Repository/Mobile/Page/Login/Input - UserID'

2021-12-21 10:37:36 - [TEST_STEP][PASSED] - delay(1): Delayed 1 second(s)

2021-12-21 10:37:37 - [MESSAGE][PASSED] - Delayed 1 second(s)

2021-12-21 10:37:37 - [TEST_STEP][PASSED] - setText(findTestObject("Mobile/Page/Login/Input Rdy - UserID"), "anggaaditya", 0): Text 'anggaaditya' has been set to element 'Object Repository/Mobile/Page/Login/Input Rdy - UserID'

2021-12-21 10:37:37 - [MESSAGE][WARNING] - Timeout '0' is invalid. Using default page load timeout: '60'

2021-12-21 10:37:38 - [MESSAGE][PASSED] - Text 'anggaaditya' has been set to element 'Object Repository/Mobile/Page/Login/Input Rdy - UserID'

2021-12-21 10:37:38 - [TEST_STEP][PASSED] - delay(1): Delayed 1 second(s)

2021-12-21 10:37:39 - [MESSAGE][PASSED] - Delayed 1 second(s)

2021-12-21 10:37:39 - [TEST_STEP][PASSED] - hideKeyboard(): Keyboard is hidden

2021-12-21 10:37:42 - [MESSAGE][PASSED] - Keyboard is hidden

2021-12-21 10:37:42 - [TEST_STEP][PASSED] - tap(findTestObject("Mobile/Page/Login/Input - Password"), 0): Tapped on element 'Object Repository/Mobile/Page/Login/Input - Password'

2021-12-21 10:37:43 - [MESSAGE][WARNING] - Timeout '0' is invalid. Using default page load timeout: '60'

2021-12-21 10:37:43 - [MESSAGE][PASSED] - Tapped on element 'Object Repository/Mobile/Page/Login/Input - Password'

2021-12-21 10:37:43 - [TEST_STEP][PASSED] - delay(1): Delayed 1 second(s)

2021-12-21 10:37:44 - [MESSAGE][PASSED] - Delayed 1 second(s)

2021-12-21 10:37:44 - [TEST_STEP][PASSED] - setText(findTestObject("Mobile/Page/Login/Input Rdy - Password"), "Shalawa18", 0): Text 'Shalawa18' has been set to element 'Object Repository/Mobile/Page/Login/Input Rdy - Password'

2021-12-21 10:37:44 - [MESSAGE][WARNING] - Timeout '0' is invalid. Using default page load timeout: '60'

2021-12-21 10:37:45 - [MESSAGE][PASSED] - Text 'Shalawa18' has been set to element 'Object Repository/Mobile/Page/Login/Input Rdy - Password'

2021-12-21 10:37:45 - [TEST_STEP][PASSED] - delay(1): Delayed 1 second(s)

2021-12-21 10:37:46 - [MESSAGE][PASSED] - Delayed 1 second(s)

2021-12-21 10:37:46 - [TEST_STEP][PASSED] - hideKeyboard(): Keyboard is hidden

2021-12-21 10:37:52 - [MESSAGE][PASSED] - Keyboard is hidden

2021-12-21 10:37:52 - [TEST_STEP][PASSED] - tap(findTestObject("Mobile/Page/Login/Button - Login"), 0): Tapped on element 'Object Repository/Mobile/Page/Login/Button - Login'

2021-12-21 10:37:52 - [MESSAGE][WARNING] - Timeout '0' is invalid. Using default page load timeout: '60'

2021-12-21 10:37:53 - [MESSAGE][PASSED] - Tapped on element 'Object Repository/Mobile/Page/Login/Button - Login'

2021-12-21 10:37:53 - [TEST_STEP][PASSED] - delay(2): Delayed 2 second(s)

2021-12-21 10:37:55 - [MESSAGE][PASSED] - Delayed 2 second(s)

2021-12-21 10:37:55 - [MESSAGE][PASSED] - Call Test Case 'Test Cases/Mobile/Page/Login/Login' successfully

2021-12-21 10:37:55 - [MESSAGE][PASSED] - Call Test Case 'Test Cases/Mobile/Page/CheckLogin' successfully

2021-12-21 10:37:55 - [TEST_STEP][PASSED] - tap(findTestObject("Mobile/Page/Home/Menubar - News"), 0): Tapped on element 'Object Repository/Mobile/Page/Home/Menubar - News'

2021-12-21 10:37:55 - [MESSAGE][WARNING] - Timeout '0' is invalid. Using default page load timeout: '60'

2021-12-21 10:37:57 - [MESSAGE][PASSED] - Tapped on element 'Object Repository/Mobile/Page/Home/Menubar - News'

2021-12-21 10:37:57 - [TEST_STEP][PASSED] - delay(1): Delayed 1 second(s)

2021-12-21 10:37:58 - [MESSAGE][PASSED] - Delayed 1 second(s)

2021-12-21 10:37:58 - [TEST_STEP][PASSED] - for ([i = 0, i < 1, (i++)]): Delayed 3 second(s)

2021-12-21 10:37:58 - [TEST_STEP][PASSED] - if (tab == "macronews"): null

2021-12-21 10:37:58 - [TEST_STEP][PASSED] - else if (tab == "stocknews"): null

2021-12-21 10:37:58 - [TEST_STEP][PASSED] - else if (tab == "fundnews"): null

2021-12-21 10:37:58 - [TEST_STEP][PASSED] - else if (tab == "bondnews"): Tapped on element 'Object Repository/Mobile/Page/News/Tab - Bond'

2021-12-21 10:37:58 - [TEST_STEP][PASSED] - tap(findTestObject("Object Repository/Mobile/Page/News/Tab - Bond"), 0): Tapped on element 'Object Repository/Mobile/Page/News/Tab - Bond'

2021-12-21 10:37:59 - [MESSAGE][WARNING] - Timeout '0' is invalid. Using default page load timeout: '60'

2021-12-21 10:38:00 - [MESSAGE][PASSED] - Tapped on element 'Object Repository/Mobile/Page/News/Tab - Bond'

2021-12-21 10:38:00 - [TEST_STEP][PASSED] - delay(1): Delayed 1 second(s)

2021-12-21 10:38:01 - [MESSAGE][PASSED] - Delayed 1 second(s)

2021-12-21 10:38:01 - [TEST_STEP][PASSED] - if (tab != "worldindices"): Delayed 3 second(s)

2021-12-21 10:38:01 - [TEST_STEP][PASSED] - try: Delayed 3 second(s)

2021-12-21 10:38:01 - [TEST_STEP][PASSED] - tapAndHold(findTestObject("Mobile/Page/News/Item - Top News"), 1, 10): Tapped and held on element 'Object Repository/Mobile/Page/News/Item - Top News' with duration 1

2021-12-21 10:38:05 - [MESSAGE][PASSED] - Tapped and held on element 'Object Repository/Mobile/Page/News/Item - Top News' with duration 1

2021-12-21 10:38:05 - [TEST_STEP][PASSED] - delay(1): Delayed 1 second(s)

2021-12-21 10:38:06 - [MESSAGE][PASSED] - Delayed 1 second(s)

2021-12-21 10:38:06 - [TEST_STEP][PASSED] - scroll.scroll.scrollScreenBottomToTop(): scroll.scroll.scrollScreenBottomToTop is PASSED

2021-12-21 10:38:06 - [MESSAGE][PASSED] - Current device physical height is 1423

2021-12-21 10:38:06 - [MESSAGE][PASSED] - Current device physical width is 720

2021-12-21 10:38:07 - [MESSAGE][PASSED] - Swiped from 360,1,138 to 360,284

2021-12-21 10:38:07 - [MESSAGE][PASSED] - scroll.scroll.scrollScreenBottomToTop is PASSED

2021-12-21 10:38:07 - [TEST_STEP][PASSED] - delay(3): Delayed 3 second(s)

2021-12-21 10:38:10 - [MESSAGE][PASSED] - Delayed 3 second(s)

2021-12-21 10:38:10 - [MESSAGE][PASSED] - Call Test Case 'Test Cases/Mobile/Page/News/News' successfully

2021-12-21 10:38:10 - [TEST_STEP][PASSED] - callTestCase(findTestCase("Mobile/Page/Run App/Terminate App"), [:], STOP_ON_FAILURE): Call Test Case 'Test Cases/Mobile/Page/Run App/Terminate App' successfully

2021-12-21 10:38:10 - [TEST_CASE][PASSED] - Test Cases/Mobile/Page/Run App/Terminate App: Test Cases/Mobile/Page/Run App/Terminate App

2021-12-21 10:38:10 - [TEST_STEP][PASSED] - startApp.OpenApp.terminateApplication(): startApp.OpenApp.terminateApplication is PASSED

2021-12-21 10:38:13 - [MESSAGE][PASSED] - Delayed 3 second(s)

2021-12-21 10:38:14 - [MESSAGE][PASSED] - Current device physical width is 720

2021-12-21 10:38:14 - [MESSAGE][PASSED] - Current device physical height is 1423

2021-12-21 10:38:15 - [MESSAGE][PASSED] - Swiped from 360,853 to 360,142

2021-12-21 10:38:16 - [MESSAGE][PASSED] - Delayed 1 second(s)

2021-12-21 10:38:17 - [MESSAGE][PASSED] - Swiped from 360,853 to 360,142

2021-12-21 10:38:20 - [MESSAGE][PASSED] - Delayed 3 second(s)

2021-12-21 10:38:20 - [MESSAGE][PASSED] - startApp.OpenApp.terminateApplication is PASSED

2021-12-21 10:38:20 - [MESSAGE][PASSED] - Call Test Case 'Test Cases/Mobile/Page/Run App/Terminate App' successfully]]></system-out>
         <system-err><![CDATA[]]></system-err>
      </testcase>
      <testcase name="Test Cases/Mobile/Scenario/News/005 - Macro News" time="59.007" classname="Test Cases/Mobile/Scenario/News/005 - Macro News" status="PASSED">
         <system-out><![CDATA[2021-12-21 10:38:20 - [TEST_CASE][PASSED] - Test Cases/Mobile/Scenario/News/005 - Macro News: Test Cases/Mobile/Scenario/News/005 - Macro News

2021-12-21 10:38:21 - [TEST_STEP][PASSED] - callTestCase(findTestCase("Mobile/Page/Run App/Run App byID"), [:], STOP_ON_FAILURE): Call Test Case 'Test Cases/Mobile/Page/Run App/Run App byID' successfully

2021-12-21 10:38:21 - [TEST_CASE][PASSED] - Test Cases/Mobile/Page/Run App/Run App byID: Test Cases/Mobile/Page/Run App/Run App byID

2021-12-21 10:38:21 - [TEST_STEP][PASSED] - startApp.OpenApp.startApplication("id.co.miraeasset.sageclub"): startApp.OpenApp.startApplication is PASSED

2021-12-21 10:38:33 - [MESSAGE][PASSED] - Starting app with application ID: 'id.co.miraeasset.sageclub'

2021-12-21 10:38:33 - [MESSAGE][PASSED] - startApp.OpenApp.startApplication is PASSED

2021-12-21 10:38:33 - [MESSAGE][PASSED] - Call Test Case 'Test Cases/Mobile/Page/Run App/Run App byID' successfully

2021-12-21 10:38:33 - [TEST_STEP][PASSED] - callTestCase(findTestCase("Mobile/Page/News/News"), ["tab":"macronews"], CONTINUE_ON_FAILURE): Call Test Case 'Test Cases/Mobile/Page/News/News' successfully

2021-12-21 10:38:33 - [TEST_CASE][PASSED] - Test Cases/Mobile/Page/News/News: Test Cases/Mobile/Page/News/News

2021-12-21 10:38:33 - [TEST_STEP][PASSED] - callTestCase(findTestCase("Mobile/Page/CheckLogin"), [:], CONTINUE_ON_FAILURE): Call Test Case 'Test Cases/Mobile/Page/CheckLogin' successfully

2021-12-21 10:38:33 - [TEST_CASE][PASSED] - Test Cases/Mobile/Page/CheckLogin: Test Cases/Mobile/Page/CheckLogin

2021-12-21 10:38:33 - [TEST_STEP][PASSED] - loginCheck = verifyElementExist(findTestObject("Mobile/Page/Login/Button - Login"), 2, CONTINUE_ON_FAILURE): Element 'Object Repository/Mobile/Page/Login/Button - Login' is exist

2021-12-21 10:38:35 - [MESSAGE][PASSED] - Element 'Object Repository/Mobile/Page/Login/Button - Login' is exist

2021-12-21 10:38:35 - [TEST_STEP][PASSED] - if (loginCheck): Call Test Case 'Test Cases/Mobile/Page/Login/Login' successfully

2021-12-21 10:38:35 - [TEST_STEP][PASSED] - callTestCase(findTestCase("Mobile/Page/Login/Login"), [:], CONTINUE_ON_FAILURE): Call Test Case 'Test Cases/Mobile/Page/Login/Login' successfully

2021-12-21 10:38:35 - [TEST_CASE][PASSED] - Test Cases/Mobile/Page/Login/Login: Test Cases/Mobile/Page/Login/Login

2021-12-21 10:38:35 - [TEST_STEP][PASSED] - delay(2): Delayed 2 second(s)

2021-12-21 10:38:37 - [MESSAGE][PASSED] - Delayed 2 second(s)

2021-12-21 10:38:37 - [TEST_STEP][PASSED] - tap(findTestObject("Mobile/Page/Login/Input - UserID"), 0): Tapped on element 'Object Repository/Mobile/Page/Login/Input - UserID'

2021-12-21 10:38:37 - [MESSAGE][WARNING] - Timeout '0' is invalid. Using default page load timeout: '60'

2021-12-21 10:38:37 - [MESSAGE][PASSED] - Tapped on element 'Object Repository/Mobile/Page/Login/Input - UserID'

2021-12-21 10:38:37 - [TEST_STEP][PASSED] - delay(1): Delayed 1 second(s)

2021-12-21 10:38:38 - [MESSAGE][PASSED] - Delayed 1 second(s)

2021-12-21 10:38:38 - [TEST_STEP][PASSED] - setText(findTestObject("Mobile/Page/Login/Input Rdy - UserID"), "anggaaditya", 0): Text 'anggaaditya' has been set to element 'Object Repository/Mobile/Page/Login/Input Rdy - UserID'

2021-12-21 10:38:38 - [MESSAGE][WARNING] - Timeout '0' is invalid. Using default page load timeout: '60'

2021-12-21 10:38:39 - [MESSAGE][PASSED] - Text 'anggaaditya' has been set to element 'Object Repository/Mobile/Page/Login/Input Rdy - UserID'

2021-12-21 10:38:39 - [TEST_STEP][PASSED] - delay(1): Delayed 1 second(s)

2021-12-21 10:38:40 - [MESSAGE][PASSED] - Delayed 1 second(s)

2021-12-21 10:38:40 - [TEST_STEP][PASSED] - hideKeyboard(): Keyboard is hidden

2021-12-21 10:38:44 - [MESSAGE][PASSED] - Keyboard is hidden

2021-12-21 10:38:44 - [TEST_STEP][PASSED] - tap(findTestObject("Mobile/Page/Login/Input - Password"), 0): Tapped on element 'Object Repository/Mobile/Page/Login/Input - Password'

2021-12-21 10:38:44 - [MESSAGE][WARNING] - Timeout '0' is invalid. Using default page load timeout: '60'

2021-12-21 10:38:44 - [MESSAGE][PASSED] - Tapped on element 'Object Repository/Mobile/Page/Login/Input - Password'

2021-12-21 10:38:44 - [TEST_STEP][PASSED] - delay(1): Delayed 1 second(s)

2021-12-21 10:38:45 - [MESSAGE][PASSED] - Delayed 1 second(s)

2021-12-21 10:38:45 - [TEST_STEP][PASSED] - setText(findTestObject("Mobile/Page/Login/Input Rdy - Password"), "Shalawa18", 0): Text 'Shalawa18' has been set to element 'Object Repository/Mobile/Page/Login/Input Rdy - Password'

2021-12-21 10:38:45 - [MESSAGE][WARNING] - Timeout '0' is invalid. Using default page load timeout: '60'

2021-12-21 10:38:47 - [MESSAGE][PASSED] - Text 'Shalawa18' has been set to element 'Object Repository/Mobile/Page/Login/Input Rdy - Password'

2021-12-21 10:38:47 - [TEST_STEP][PASSED] - delay(1): Delayed 1 second(s)

2021-12-21 10:38:48 - [MESSAGE][PASSED] - Delayed 1 second(s)

2021-12-21 10:38:48 - [TEST_STEP][PASSED] - hideKeyboard(): Keyboard is hidden

2021-12-21 10:38:54 - [MESSAGE][PASSED] - Keyboard is hidden

2021-12-21 10:38:54 - [TEST_STEP][PASSED] - tap(findTestObject("Mobile/Page/Login/Button - Login"), 0): Tapped on element 'Object Repository/Mobile/Page/Login/Button - Login'

2021-12-21 10:38:54 - [MESSAGE][WARNING] - Timeout '0' is invalid. Using default page load timeout: '60'

2021-12-21 10:38:55 - [MESSAGE][PASSED] - Tapped on element 'Object Repository/Mobile/Page/Login/Button - Login'

2021-12-21 10:38:55 - [TEST_STEP][PASSED] - delay(2): Delayed 2 second(s)

2021-12-21 10:38:57 - [MESSAGE][PASSED] - Delayed 2 second(s)

2021-12-21 10:38:57 - [MESSAGE][PASSED] - Call Test Case 'Test Cases/Mobile/Page/Login/Login' successfully

2021-12-21 10:38:57 - [MESSAGE][PASSED] - Call Test Case 'Test Cases/Mobile/Page/CheckLogin' successfully

2021-12-21 10:38:57 - [TEST_STEP][PASSED] - tap(findTestObject("Mobile/Page/Home/Menubar - News"), 0): Tapped on element 'Object Repository/Mobile/Page/Home/Menubar - News'

2021-12-21 10:38:57 - [MESSAGE][WARNING] - Timeout '0' is invalid. Using default page load timeout: '60'

2021-12-21 10:38:58 - [MESSAGE][PASSED] - Tapped on element 'Object Repository/Mobile/Page/Home/Menubar - News'

2021-12-21 10:38:58 - [TEST_STEP][PASSED] - delay(1): Delayed 1 second(s)

2021-12-21 10:38:59 - [MESSAGE][PASSED] - Delayed 1 second(s)

2021-12-21 10:38:59 - [TEST_STEP][PASSED] - for ([i = 0, i < 1, (i++)]): Delayed 3 second(s)

2021-12-21 10:38:59 - [TEST_STEP][PASSED] - if (tab == "macronews"): Tapped on element 'Object Repository/Mobile/Page/News/Tab - Macro'

2021-12-21 10:38:59 - [TEST_STEP][PASSED] - tap(findTestObject("Object Repository/Mobile/Page/News/Tab - Macro"), 0): Tapped on element 'Object Repository/Mobile/Page/News/Tab - Macro'

2021-12-21 10:38:59 - [MESSAGE][WARNING] - Timeout '0' is invalid. Using default page load timeout: '60'

2021-12-21 10:39:00 - [MESSAGE][PASSED] - Tapped on element 'Object Repository/Mobile/Page/News/Tab - Macro'

2021-12-21 10:39:00 - [TEST_STEP][PASSED] - delay(1): Delayed 1 second(s)

2021-12-21 10:39:01 - [MESSAGE][PASSED] - Delayed 1 second(s)

2021-12-21 10:39:01 - [TEST_STEP][PASSED] - if (tab != "worldindices"): Delayed 3 second(s)

2021-12-21 10:39:01 - [TEST_STEP][PASSED] - try: Delayed 3 second(s)

2021-12-21 10:39:01 - [TEST_STEP][PASSED] - tapAndHold(findTestObject("Mobile/Page/News/Item - Top News"), 1, 10): Tapped and held on element 'Object Repository/Mobile/Page/News/Item - Top News' with duration 1

2021-12-21 10:39:04 - [MESSAGE][PASSED] - Tapped and held on element 'Object Repository/Mobile/Page/News/Item - Top News' with duration 1

2021-12-21 10:39:04 - [TEST_STEP][PASSED] - delay(1): Delayed 1 second(s)

2021-12-21 10:39:05 - [MESSAGE][PASSED] - Delayed 1 second(s)

2021-12-21 10:39:05 - [TEST_STEP][PASSED] - scroll.scroll.scrollScreenBottomToTop(): scroll.scroll.scrollScreenBottomToTop is PASSED

2021-12-21 10:39:05 - [MESSAGE][PASSED] - Current device physical height is 1423

2021-12-21 10:39:05 - [MESSAGE][PASSED] - Current device physical width is 720

2021-12-21 10:39:06 - [MESSAGE][PASSED] - Swiped from 360,1,138 to 360,284

2021-12-21 10:39:06 - [MESSAGE][PASSED] - scroll.scroll.scrollScreenBottomToTop is PASSED

2021-12-21 10:39:06 - [TEST_STEP][PASSED] - delay(3): Delayed 3 second(s)

2021-12-21 10:39:09 - [MESSAGE][PASSED] - Delayed 3 second(s)

2021-12-21 10:39:09 - [MESSAGE][PASSED] - Call Test Case 'Test Cases/Mobile/Page/News/News' successfully

2021-12-21 10:39:09 - [TEST_STEP][PASSED] - callTestCase(findTestCase("Mobile/Page/Run App/Terminate App"), [:], STOP_ON_FAILURE): Call Test Case 'Test Cases/Mobile/Page/Run App/Terminate App' successfully

2021-12-21 10:39:09 - [TEST_CASE][PASSED] - Test Cases/Mobile/Page/Run App/Terminate App: Test Cases/Mobile/Page/Run App/Terminate App

2021-12-21 10:39:09 - [TEST_STEP][PASSED] - startApp.OpenApp.terminateApplication(): startApp.OpenApp.terminateApplication is PASSED

2021-12-21 10:39:12 - [MESSAGE][PASSED] - Delayed 3 second(s)

2021-12-21 10:39:13 - [MESSAGE][PASSED] - Current device physical width is 720

2021-12-21 10:39:13 - [MESSAGE][PASSED] - Current device physical height is 1423

2021-12-21 10:39:14 - [MESSAGE][PASSED] - Swiped from 360,853 to 360,142

2021-12-21 10:39:15 - [MESSAGE][PASSED] - Delayed 1 second(s)

2021-12-21 10:39:16 - [MESSAGE][PASSED] - Swiped from 360,853 to 360,142

2021-12-21 10:39:20 - [MESSAGE][PASSED] - Delayed 3 second(s)

2021-12-21 10:39:20 - [MESSAGE][PASSED] - startApp.OpenApp.terminateApplication is PASSED

2021-12-21 10:39:20 - [MESSAGE][PASSED] - Call Test Case 'Test Cases/Mobile/Page/Run App/Terminate App' successfully]]></system-out>
         <system-err><![CDATA[]]></system-err>
      </testcase>
      <system-out><![CDATA[2021-12-21 10:33:56 - [TEST_SUITE][PASSED] - news: Test Cases/Mobile/Scenario/News/005 - Macro News]]></system-out>
      <system-err><![CDATA[]]></system-err>
   </testsuite>
</testsuites>
