<?xml version="1.0" encoding="UTF-8"?>
<testsuites name="portfolio" time="1244.219" tests="19" failures="1" skips="0" errors="0">
   <testsuite name="portfolio" tests="19" failures="1" errors="0" time="1244.219" skips="0" timestamp="2022-02-17 19:46:06" hostname="Owner - aldy-tft" id="Test Suites/portfolio">
      <properties>
         <property name="deviceName" value="samsung SM-A205F (Android 11)"/>
         <property name="devicePlatform" value=""/>
         <property name="logFolder" value="C:\\Users\\Owner\\Documents\\kerjaan\\KatalonProject\\qa_katalon_pwm\\qa_katalon_pwm\\Reports\\20220217_193831\\portfolio\\20220217_193839"/>
         <property name="logFiles" value="C:\\Users\\Owner\\Documents\\kerjaan\\KatalonProject\\qa_katalon_pwm\\qa_katalon_pwm\\Reports\\20220217_193831\\portfolio\\20220217_193839\\appium.log, C:\\Users\\Owner\\Documents\\kerjaan\\KatalonProject\\qa_katalon_pwm\\qa_katalon_pwm\\Reports\\20220217_193831\\portfolio\\20220217_193839\\execution0.log"/>
         <property name="attachments" value="C:\\Users\\Owner\\Documents\\kerjaan\\KatalonProject\\qa_katalon_pwm\\qa_katalon_pwm\\Reports\\20220217_193831\\portfolio\\20220217_193839\\1645102098201.png, C:\\Users\\Owner\\Documents\\kerjaan\\KatalonProject\\qa_katalon_pwm\\qa_katalon_pwm\\Reports\\20220217_193831\\portfolio\\20220217_193839\\1645102098960.png"/>
         <property name="hostName" value="Owner - aldy-tft"/>
         <property name="os" value="Windows 10 64bit"/>
         <property name="appiumServerStatus" value="{&quot;value&quot;:{&quot;build&quot;:{&quot;version&quot;:&quot;1.22.0&quot;}},&quot;sessionId&quot;:null,&quot;status&quot;:0}"/>
         <property name="katalonVersion" value="7.9.1.208"/>
         <property name="deviceOS" value="Android"/>
         <property name="appiumVersion" value="1.22.0"/>
         <property name="deviceModel" value="SM-A205F"/>
         <property name="hostAddress" value="192.168.100.33"/>
         <property name="deviceManufacturer" value="samsung"/>
         <property name="deviceId" value="RR8M40C9AXE"/>
         <property name="deviceName" value="samsung SM-A205F (Android 11)"/>
         <property name="deviceOSVersion" value="11"/>
      </properties>
      <testcase name="Test Cases/Mobile/Scenario/Portfolio/001 - Summary" time="70.191" classname="Test Cases/Mobile/Scenario/Portfolio/001 - Summary" status="PASSED">
         <system-out><![CDATA[2022-02-17 19:46:06 - [TEST_CASE][PASSED] - Test Cases/Mobile/Scenario/Portfolio/001 - Summary: Test Cases/Mobile/Scenario/Portfolio/001 - Summary

2022-02-17 19:46:07 - [TEST_STEP][PASSED] - callTestCase(findTestCase("Mobile/Page/Run App/Run App byID"), [:], STOP_ON_FAILURE): Call Test Case 'Test Cases/Mobile/Page/Run App/Run App byID' successfully

2022-02-17 19:46:07 - [TEST_CASE][PASSED] - Test Cases/Mobile/Page/Run App/Run App byID: Test Cases/Mobile/Page/Run App/Run App byID

2022-02-17 19:46:07 - [TEST_STEP][PASSED] - startApp.OpenApp.startApplication("id.co.miraeasset.sageclub"): startApp.OpenApp.startApplication is PASSED

2022-02-17 19:46:09 - [MESSAGE][INFO] - Appium server started on port 49,795

2022-02-17 19:46:25 - [MESSAGE][PASSED] - Starting app with application ID: 'id.co.miraeasset.sageclub'

2022-02-17 19:46:25 - [MESSAGE][PASSED] - startApp.OpenApp.startApplication is PASSED

2022-02-17 19:46:25 - [MESSAGE][PASSED] - Call Test Case 'Test Cases/Mobile/Page/Run App/Run App byID' successfully

2022-02-17 19:46:25 - [TEST_STEP][PASSED] - callTestCase(findTestCase("Mobile/Page/Portfolio/Portfolio"), ["tab":"summary", "action":"summary"], CONTINUE_ON_FAILURE): Call Test Case 'Test Cases/Mobile/Page/Portfolio/Portfolio' successfully

2022-02-17 19:46:25 - [TEST_CASE][PASSED] - Test Cases/Mobile/Page/Portfolio/Portfolio: Test Cases/Mobile/Page/Portfolio/Portfolio

2022-02-17 19:46:25 - [TEST_STEP][PASSED] - callTestCase(findTestCase("Mobile/Page/CheckLogin"), [:], CONTINUE_ON_FAILURE): Call Test Case 'Test Cases/Mobile/Page/CheckLogin' successfully

2022-02-17 19:46:25 - [TEST_CASE][PASSED] - Test Cases/Mobile/Page/CheckLogin: Test Cases/Mobile/Page/CheckLogin

2022-02-17 19:46:25 - [TEST_STEP][PASSED] - loginCheck = verifyElementExist(LOGN_BtnLogin, 5, CONTINUE_ON_FAILURE): Element 'Object Repository/Mobile/Page/Login/Button - Login' is exist

2022-02-17 19:46:25 - [MESSAGE][WARNING] - Test object with id 'Object Repository/Mobile/Page/Analysis/Button - Open With Just Once' does not exist

2022-02-17 19:46:26 - [MESSAGE][WARNING] - Test object with id 'Object Repository/Mobile/Page/Analysis/Button - Search' does not exist

2022-02-17 19:46:27 - [MESSAGE][WARNING] - Test object with id 'Object Repository/Mobile/Page/Home/Button -  Add Watchlist' does not exist

2022-02-17 19:46:27 - [MESSAGE][WARNING] - Test object with id 'Object Repository/Mobile/Page/Home/Button - Open with Just Once' does not exist

2022-02-17 19:46:27 - [MESSAGE][WARNING] - Test object with id 'Object Repository/Mobile/Page/Home/Container - Notification' does not exist

2022-02-17 19:46:27 - [MESSAGE][WARNING] - Test object with id 'Object Repository/Mobile/Page/Home/Watchlist/Input - Search' does not exist

2022-02-17 19:46:27 - [MESSAGE][WARNING] - Test object with id 'Object Repository/Mobile/Page/Home/Watchlist/Item - Top Search' does not exist

2022-02-17 19:46:28 - [MESSAGE][WARNING] - Test object with id 'Object Repository/Mobile/Page/Home/Watchlist/Detail Watchlist/Input - Expiry Date' does not exist

2022-02-17 19:46:28 - [MESSAGE][WARNING] - Test object with id 'Object Repository/Mobile/Page/Home/Watchlist/Detail Watchlist/Item - Watchlist' does not exist

2022-02-17 19:46:28 - [MESSAGE][WARNING] - Test object with id 'Object Repository/Mobile/Page/NavigationMenu/Button - Open Just Once' does not exist

2022-02-17 19:46:28 - [MESSAGE][WARNING] - Test object with id 'Object Repository/Mobile/Page/NavigationMenu/Container - Logout' does not exist

2022-02-17 19:46:32 - [MESSAGE][WARNING] - Test object with id 'Object Repository/Mobile/Page/Analysis/Button - Open With Just Once' does not exist

2022-02-17 19:46:32 - [MESSAGE][WARNING] - Test object with id 'Object Repository/Mobile/Page/Analysis/Button - Search' does not exist

2022-02-17 19:46:33 - [MESSAGE][WARNING] - Test object with id 'Object Repository/Mobile/Page/Home/Button -  Add Watchlist' does not exist

2022-02-17 19:46:33 - [MESSAGE][WARNING] - Test object with id 'Object Repository/Mobile/Page/Home/Button - Open with Just Once' does not exist

2022-02-17 19:46:33 - [MESSAGE][WARNING] - Test object with id 'Object Repository/Mobile/Page/Home/Container - Notification' does not exist

2022-02-17 19:46:33 - [MESSAGE][WARNING] - Test object with id 'Object Repository/Mobile/Page/Home/Watchlist/Input - Search' does not exist

2022-02-17 19:46:33 - [MESSAGE][WARNING] - Test object with id 'Object Repository/Mobile/Page/Home/Watchlist/Item - Top Search' does not exist

2022-02-17 19:46:34 - [MESSAGE][WARNING] - Test object with id 'Object Repository/Mobile/Page/Home/Watchlist/Detail Watchlist/Input - Expiry Date' does not exist

2022-02-17 19:46:34 - [MESSAGE][WARNING] - Test object with id 'Object Repository/Mobile/Page/Home/Watchlist/Detail Watchlist/Item - Watchlist' does not exist

2022-02-17 19:46:34 - [MESSAGE][WARNING] - Test object with id 'Object Repository/Mobile/Page/NavigationMenu/Button - Open Just Once' does not exist

2022-02-17 19:46:34 - [MESSAGE][WARNING] - Test object with id 'Object Repository/Mobile/Page/NavigationMenu/Container - Logout' does not exist

2022-02-17 19:46:38 - [MESSAGE][PASSED] - Element 'Object Repository/Mobile/Page/Login/Button - Login' is exist

2022-02-17 19:46:38 - [TEST_STEP][PASSED] - if (loginCheck): Call Test Case 'Test Cases/Mobile/Page/Login/Login' successfully

2022-02-17 19:46:38 - [TEST_STEP][PASSED] - callTestCase(findTestCase("Mobile/Page/Login/Login"), ["action":"username"], CONTINUE_ON_FAILURE): Call Test Case 'Test Cases/Mobile/Page/Login/Login' successfully

2022-02-17 19:46:38 - [TEST_CASE][PASSED] - Test Cases/Mobile/Page/Login/Login: Test Cases/Mobile/Page/Login/Login

2022-02-17 19:46:39 - [TEST_STEP][PASSED] - delay(2): Delayed 2 second(s)

2022-02-17 19:46:41 - [MESSAGE][PASSED] - Delayed 2 second(s)

2022-02-17 19:46:41 - [TEST_STEP][PASSED] - for ([i = 0, i < 1, (i++)]): null

2022-02-17 19:46:41 - [TEST_STEP][PASSED] - if (action == "username"): null

2022-02-17 19:46:41 - [TEST_STEP][PASSED] - tap(LOGN_EdtUserID, 0): Tapped on element 'Object Repository/Mobile/Page/Login/Input - UserID'

2022-02-17 19:46:41 - [MESSAGE][WARNING] - Timeout '0' is invalid. Using default page load timeout: '60'

2022-02-17 19:46:41 - [MESSAGE][PASSED] - Tapped on element 'Object Repository/Mobile/Page/Login/Input - UserID'

2022-02-17 19:46:41 - [TEST_STEP][PASSED] - delay(1): Delayed 1 second(s)

2022-02-17 19:46:42 - [MESSAGE][PASSED] - Delayed 1 second(s)

2022-02-17 19:46:42 - [TEST_STEP][PASSED] - setText(LOGN_EdtRdyUserID, "anggaaditya", 0): Text 'anggaaditya' has been set to element 'Object Repository/Mobile/Page/Login/Input Rdy - UserID'

2022-02-17 19:46:42 - [MESSAGE][WARNING] - Timeout '0' is invalid. Using default page load timeout: '60'

2022-02-17 19:46:43 - [MESSAGE][PASSED] - Text 'anggaaditya' has been set to element 'Object Repository/Mobile/Page/Login/Input Rdy - UserID'

2022-02-17 19:46:43 - [TEST_STEP][PASSED] - delay(1): Delayed 1 second(s)

2022-02-17 19:46:44 - [MESSAGE][PASSED] - Delayed 1 second(s)

2022-02-17 19:46:44 - [TEST_STEP][PASSED] - hideKeyboard(): Keyboard is hidden

2022-02-17 19:46:48 - [MESSAGE][PASSED] - Keyboard is hidden

2022-02-17 19:46:48 - [TEST_STEP][PASSED] - tap(LOGN_EdtPassword, 0): Tapped on element 'Object Repository/Mobile/Page/Login/Input - Password'

2022-02-17 19:46:48 - [MESSAGE][WARNING] - Timeout '0' is invalid. Using default page load timeout: '60'

2022-02-17 19:46:48 - [MESSAGE][PASSED] - Tapped on element 'Object Repository/Mobile/Page/Login/Input - Password'

2022-02-17 19:46:48 - [TEST_STEP][PASSED] - delay(1): Delayed 1 second(s)

2022-02-17 19:46:49 - [MESSAGE][PASSED] - Delayed 1 second(s)

2022-02-17 19:46:49 - [TEST_STEP][PASSED] - setText(LOGN_EdtRdyPassword, "Shalawa18", 0): Text 'Shalawa18' has been set to element 'Object Repository/Mobile/Page/Login/Input Rdy - Password'

2022-02-17 19:46:49 - [MESSAGE][WARNING] - Timeout '0' is invalid. Using default page load timeout: '60'

2022-02-17 19:46:50 - [MESSAGE][PASSED] - Text 'Shalawa18' has been set to element 'Object Repository/Mobile/Page/Login/Input Rdy - Password'

2022-02-17 19:46:50 - [TEST_STEP][PASSED] - delay(1): Delayed 1 second(s)

2022-02-17 19:46:51 - [MESSAGE][PASSED] - Delayed 1 second(s)

2022-02-17 19:46:51 - [TEST_STEP][PASSED] - hideKeyboard(): Keyboard is hidden

2022-02-17 19:46:57 - [MESSAGE][PASSED] - Keyboard is hidden

2022-02-17 19:46:57 - [TEST_STEP][PASSED] - tap(LOGN_BtnLogin, 0): Tapped on element 'Object Repository/Mobile/Page/Login/Button - Login'

2022-02-17 19:46:57 - [MESSAGE][WARNING] - Timeout '0' is invalid. Using default page load timeout: '60'

2022-02-17 19:46:58 - [MESSAGE][PASSED] - Tapped on element 'Object Repository/Mobile/Page/Login/Button - Login'

2022-02-17 19:46:58 - [TEST_STEP][PASSED] - delay(2): Delayed 2 second(s)

2022-02-17 19:47:00 - [MESSAGE][PASSED] - Delayed 2 second(s)

2022-02-17 19:47:00 - [TEST_STEP][PASSED] - break: null

2022-02-17 19:47:00 - [MESSAGE][PASSED] - Call Test Case 'Test Cases/Mobile/Page/Login/Login' successfully

2022-02-17 19:47:00 - [MESSAGE][PASSED] - Call Test Case 'Test Cases/Mobile/Page/CheckLogin' successfully

2022-02-17 19:47:00 - [TEST_STEP][PASSED] - tap(HOME_MenubarPortfolio, 0): Tapped on element 'Object Repository/Mobile/Page/Home/Menubar - Portfolio'

2022-02-17 19:47:00 - [MESSAGE][WARNING] - Timeout '0' is invalid. Using default page load timeout: '60'

2022-02-17 19:47:02 - [MESSAGE][PASSED] - Tapped on element 'Object Repository/Mobile/Page/Home/Menubar - Portfolio'

2022-02-17 19:47:02 - [TEST_STEP][PASSED] - delay(1): Delayed 1 second(s)

2022-02-17 19:47:03 - [MESSAGE][PASSED] - Delayed 1 second(s)

2022-02-17 19:47:03 - [TEST_STEP][PASSED] - for ([i = 0, i < 1, (i++)]): null

2022-02-17 19:47:03 - [TEST_STEP][PASSED] - if (tab == "summary"): null

2022-02-17 19:47:03 - [TEST_STEP][PASSED] - idr = PORT_BtnIDR: null

2022-02-17 19:47:03 - [TEST_STEP][PASSED] - persen = PORT_BtnPersen: null

2022-02-17 19:47:03 - [TEST_STEP][PASSED] - if (action == "summary"): Delayed 3 second(s)

2022-02-17 19:47:03 - [TEST_STEP][PASSED] - delay(3): Delayed 3 second(s)

2022-02-17 19:47:06 - [MESSAGE][PASSED] - Delayed 3 second(s)

2022-02-17 19:47:06 - [TEST_STEP][PASSED] - if (action != "summary"): null

2022-02-17 19:47:06 - [MESSAGE][PASSED] - Call Test Case 'Test Cases/Mobile/Page/Portfolio/Portfolio' successfully

2022-02-17 19:47:06 - [TEST_STEP][PASSED] - callTestCase(findTestCase("Mobile/Page/Run App/Terminate App"), [:], STOP_ON_FAILURE): Call Test Case 'Test Cases/Mobile/Page/Run App/Terminate App' successfully

2022-02-17 19:47:06 - [TEST_CASE][PASSED] - Test Cases/Mobile/Page/Run App/Terminate App: Test Cases/Mobile/Page/Run App/Terminate App

2022-02-17 19:47:06 - [TEST_STEP][PASSED] - startApp.OpenApp.terminateApplication(): startApp.OpenApp.terminateApplication is PASSED

2022-02-17 19:47:09 - [MESSAGE][PASSED] - Delayed 3 second(s)

2022-02-17 19:47:10 - [MESSAGE][PASSED] - Current device physical width is 720

2022-02-17 19:47:10 - [MESSAGE][PASSED] - Current device physical height is 1423

2022-02-17 19:47:11 - [MESSAGE][PASSED] - Swiped from 360,853 to 360,142

2022-02-17 19:47:12 - [MESSAGE][PASSED] - Delayed 1 second(s)

2022-02-17 19:47:14 - [MESSAGE][PASSED] - Swiped from 360,853 to 360,142

2022-02-17 19:47:17 - [MESSAGE][PASSED] - Delayed 3 second(s)

2022-02-17 19:47:17 - [MESSAGE][PASSED] - startApp.OpenApp.terminateApplication is PASSED

2022-02-17 19:47:17 - [MESSAGE][PASSED] - Call Test Case 'Test Cases/Mobile/Page/Run App/Terminate App' successfully]]></system-out>
         <system-err><![CDATA[]]></system-err>
      </testcase>
      <testcase name="Test Cases/Mobile/Scenario/Portfolio/002 - Portfolio Performance Daily IDR" time="72.905" classname="Test Cases/Mobile/Scenario/Portfolio/002 - Portfolio Performance Daily IDR" status="FAILED">
         <failure type="FAILED" message="Test Cases/Mobile/Scenario/Portfolio/002 - Portfolio Performance Daily IDR FAILED.
Reason:
com.kms.katalon.core.exception.StepFailedException: Unable to call Test Case 'Test Cases/Mobile/Page/Portfolio/Portfolio' (Root cause: com.kms.katalon.core.exception.StepFailedException: Call Test Case 'Test Cases/Mobile/Page/Portfolio/Portfolio' failed
	at com.kms.katalon.core.keyword.builtin.CallTestCaseKeyword$_callTestCase_closure1.doCall(CallTestCaseKeyword.groovy:63)
	at com.kms.katalon.core.keyword.builtin.CallTestCaseKeyword$_callTestCase_closure1.call(CallTestCaseKeyword.groovy)
	at com.kms.katalon.core.keyword.internal.KeywordMain.runKeyword(KeywordMain.groovy:68)
	at com.kms.katalon.core.keyword.builtin.CallTestCaseKeyword.callTestCase(CallTestCaseKeyword.groovy:81)
	at com.kms.katalon.core.keyword.builtin.CallTestCaseKeyword.execute(CallTestCaseKeyword.groovy:44)
	at com.kms.katalon.core.keyword.internal.KeywordExecutor.executeKeywordForPlatform(KeywordExecutor.groovy:73)
	at com.kms.katalon.core.keyword.BuiltinKeywords.callTestCase(BuiltinKeywords.groovy:334)
	at 002 - Portfolio Performance Daily IDR.run(002 - Portfolio Performance Daily IDR:23)
	at com.kms.katalon.core.main.ScriptEngine.run(ScriptEngine.java:194)
	at com.kms.katalon.core.main.ScriptEngine.runScriptAsRawText(ScriptEngine.java:119)
	at com.kms.katalon.core.main.TestCaseExecutor.runScript(TestCaseExecutor.java:398)
	at com.kms.katalon.core.main.TestCaseExecutor.doExecute(TestCaseExecutor.java:389)
	at com.kms.katalon.core.main.TestCaseExecutor.processExecutionPhase(TestCaseExecutor.java:368)
	at com.kms.katalon.core.main.TestCaseExecutor.accessMainPhase(TestCaseExecutor.java:360)
	at com.kms.katalon.core.main.TestCaseExecutor.execute(TestCaseExecutor.java:255)
	at com.kms.katalon.core.main.TestSuiteExecutor.accessTestCaseMainPhase(TestSuiteExecutor.java:203)
	at com.kms.katalon.core.main.TestSuiteExecutor.accessTestSuiteMainPhase(TestSuiteExecutor.java:152)
	at com.kms.katalon.core.main.TestSuiteExecutor.execute(TestSuiteExecutor.java:95)
	at com.kms.katalon.core.main.TestCaseMain.startTestSuite(TestCaseMain.java:157)
	at com.kms.katalon.core.main.TestCaseMain$startTestSuite$0.call(Unknown Source)
	at TempTestSuite1645101519548.run(TempTestSuite1645101519548.groovy:39)
Caused by: com.kms.katalon.core.exception.StepFailedException: Object Object Repository/Mobile/Page/Portfolio/Button - IDR not found
	at com.kms.katalon.core.keyword.internal.KeywordMain.stepFailed(KeywordMain.groovy:50)
	at com.kms.katalon.core.mobile.keyword.internal.MobileKeywordMain.stepFailed(MobileKeywordMain.groovy:40)
	at com.kms.katalon.core.mobile.keyword.builtin.TapKeyword$_tap_closure1.doCall(TapKeyword.groovy:79)
	at com.kms.katalon.core.mobile.keyword.builtin.TapKeyword$_tap_closure1.call(TapKeyword.groovy)
	at com.kms.katalon.core.mobile.keyword.internal.MobileKeywordMain.runKeyword(MobileKeywordMain.groovy:21)
	at com.kms.katalon.core.mobile.keyword.builtin.TapKeyword.tap(TapKeyword.groovy:86)
	at com.kms.katalon.core.mobile.keyword.builtin.TapKeyword.execute(TapKeyword.groovy:68)
	at com.kms.katalon.core.keyword.internal.KeywordExecutor.executeKeywordForPlatform(KeywordExecutor.groovy:73)
	at com.kms.katalon.core.mobile.keyword.MobileBuiltInKeywords.tap(MobileBuiltInKeywords.groovy:1354)
	at com.kms.katalon.core.mobile.keyword.MobileBuiltInKeywords$tap$1.call(Unknown Source)
	at Portfolio.run(Portfolio:55)
	at com.kms.katalon.core.main.ScriptEngine.run(ScriptEngine.java:194)
	at com.kms.katalon.core.main.ScriptEngine.runScriptAsRawText(ScriptEngine.java:119)
	at com.kms.katalon.core.main.TestCaseExecutor.runScript(TestCaseExecutor.java:398)
	at com.kms.katalon.core.main.TestCaseExecutor.doExecute(TestCaseExecutor.java:389)
	at com.kms.katalon.core.main.TestCaseExecutor.processExecutionPhase(TestCaseExecutor.java:368)
	at com.kms.katalon.core.main.TestCaseExecutor.accessMainPhase(TestCaseExecutor.java:360)
	at com.kms.katalon.core.main.TestCaseExecutor.execute(TestCaseExecutor.java:255)
	at com.kms.katalon.core.main.TestCaseMain.runTestCase(TestCaseMain.java:114)
	at com.kms.katalon.core.keyword.builtin.CallTestCaseKeyword$_callTestCase_closure1.doCall(CallTestCaseKeyword.groovy:59)
	... 20 more
)
	at com.kms.katalon.core.keyword.internal.KeywordMain.stepFailed(KeywordMain.groovy:39)
	at com.kms.katalon.core.keyword.internal.KeywordMain.stepFailed(KeywordMain.groovy)
	at com.kms.katalon.core.keyword.internal.KeywordMain.runKeyword(KeywordMain.groovy:70)
	at com.kms.katalon.core.keyword.builtin.CallTestCaseKeyword.callTestCase(CallTestCaseKeyword.groovy:81)
	at com.kms.katalon.core.keyword.builtin.CallTestCaseKeyword.execute(CallTestCaseKeyword.groovy:44)
	at com.kms.katalon.core.keyword.internal.KeywordExecutor.executeKeywordForPlatform(KeywordExecutor.groovy:73)
	at com.kms.katalon.core.keyword.BuiltinKeywords.callTestCase(BuiltinKeywords.groovy:334)
	at 002 - Portfolio Performance Daily IDR.run(002 - Portfolio Performance Daily IDR:23)
	at com.kms.katalon.core.main.ScriptEngine.run(ScriptEngine.java:194)
	at com.kms.katalon.core.main.ScriptEngine.runScriptAsRawText(ScriptEngine.java:119)
	at com.kms.katalon.core.main.TestCaseExecutor.runScript(TestCaseExecutor.java:398)
	at com.kms.katalon.core.main.TestCaseExecutor.doExecute(TestCaseExecutor.java:389)
	at com.kms.katalon.core.main.TestCaseExecutor.processExecutionPhase(TestCaseExecutor.java:368)
	at com.kms.katalon.core.main.TestCaseExecutor.accessMainPhase(TestCaseExecutor.java:360)
	at com.kms.katalon.core.main.TestCaseExecutor.execute(TestCaseExecutor.java:255)
	at com.kms.katalon.core.main.TestSuiteExecutor.accessTestCaseMainPhase(TestSuiteExecutor.java:203)
	at com.kms.katalon.core.main.TestSuiteExecutor.accessTestSuiteMainPhase(TestSuiteExecutor.java:152)
	at com.kms.katalon.core.main.TestSuiteExecutor.execute(TestSuiteExecutor.java:95)
	at com.kms.katalon.core.main.TestCaseMain.startTestSuite(TestCaseMain.java:157)
	at com.kms.katalon.core.main.TestCaseMain$startTestSuite$0.call(Unknown Source)
	at TempTestSuite1645101519548.run(TempTestSuite1645101519548.groovy:39)
Caused by: com.kms.katalon.core.exception.StepFailedException: Call Test Case 'Test Cases/Mobile/Page/Portfolio/Portfolio' failed
	at com.kms.katalon.core.keyword.builtin.CallTestCaseKeyword$_callTestCase_closure1.doCall(CallTestCaseKeyword.groovy:63)
	at com.kms.katalon.core.keyword.builtin.CallTestCaseKeyword$_callTestCase_closure1.call(CallTestCaseKeyword.groovy)
	at com.kms.katalon.core.keyword.internal.KeywordMain.runKeyword(KeywordMain.groovy:68)
	... 18 more
Caused by: com.kms.katalon.core.exception.StepFailedException: Object Object Repository/Mobile/Page/Portfolio/Button - IDR not found
	at com.kms.katalon.core.keyword.internal.KeywordMain.stepFailed(KeywordMain.groovy:50)
	at com.kms.katalon.core.mobile.keyword.internal.MobileKeywordMain.stepFailed(MobileKeywordMain.groovy:40)
	at com.kms.katalon.core.mobile.keyword.builtin.TapKeyword$_tap_closure1.doCall(TapKeyword.groovy:79)
	at com.kms.katalon.core.mobile.keyword.builtin.TapKeyword$_tap_closure1.call(TapKeyword.groovy)
	at com.kms.katalon.core.mobile.keyword.internal.MobileKeywordMain.runKeyword(MobileKeywordMain.groovy:21)
	at com.kms.katalon.core.mobile.keyword.builtin.TapKeyword.tap(TapKeyword.groovy:86)
	at com.kms.katalon.core.mobile.keyword.builtin.TapKeyword.execute(TapKeyword.groovy:68)
	at com.kms.katalon.core.keyword.internal.KeywordExecutor.executeKeywordForPlatform(KeywordExecutor.groovy:73)
	at com.kms.katalon.core.mobile.keyword.MobileBuiltInKeywords.tap(MobileBuiltInKeywords.groovy:1354)
	at com.kms.katalon.core.mobile.keyword.MobileBuiltInKeywords$tap$1.call(Unknown Source)
	at Portfolio.run(Portfolio:55)
	at com.kms.katalon.core.main.ScriptEngine.run(ScriptEngine.java:194)
	at com.kms.katalon.core.main.ScriptEngine.runScriptAsRawText(ScriptEngine.java:119)
	at com.kms.katalon.core.main.TestCaseExecutor.runScript(TestCaseExecutor.java:398)
	at com.kms.katalon.core.main.TestCaseExecutor.doExecute(TestCaseExecutor.java:389)
	at com.kms.katalon.core.main.TestCaseExecutor.processExecutionPhase(TestCaseExecutor.java:368)
	at com.kms.katalon.core.main.TestCaseExecutor.accessMainPhase(TestCaseExecutor.java:360)
	at com.kms.katalon.core.main.TestCaseExecutor.execute(TestCaseExecutor.java:255)
	at com.kms.katalon.core.main.TestCaseMain.runTestCase(TestCaseMain.java:114)
	at com.kms.katalon.core.keyword.builtin.CallTestCaseKeyword$_callTestCase_closure1.doCall(CallTestCaseKeyword.groovy:59)
	... 20 more
"/>
         <system-out><![CDATA[2022-02-17 19:47:17 - [TEST_CASE][FAILED] - Test Cases/Mobile/Scenario/Portfolio/002 - Portfolio Performance Daily IDR: Test Cases/Mobile/Scenario/Portfolio/002 - Portfolio Performance Daily IDR FAILED.
Reason:
com.kms.katalon.core.exception.StepFailedException: Unable to call Test Case 'Test Cases/Mobile/Page/Portfolio/Portfolio' (Root cause: com.kms.katalon.core.exception.StepFailedException: Call Test Case 'Test Cases/Mobile/Page/Portfolio/Portfolio' failed
	at com.kms.katalon.core.keyword.builtin.CallTestCaseKeyword$_callTestCase_closure1.doCall(CallTestCaseKeyword.groovy:63)
	at com.kms.katalon.core.keyword.builtin.CallTestCaseKeyword$_callTestCase_closure1.call(CallTestCaseKeyword.groovy)
	at com.kms.katalon.core.keyword.internal.KeywordMain.runKeyword(KeywordMain.groovy:68)
	at com.kms.katalon.core.keyword.builtin.CallTestCaseKeyword.callTestCase(CallTestCaseKeyword.groovy:81)
	at com.kms.katalon.core.keyword.builtin.CallTestCaseKeyword.execute(CallTestCaseKeyword.groovy:44)
	at com.kms.katalon.core.keyword.internal.KeywordExecutor.executeKeywordForPlatform(KeywordExecutor.groovy:73)
	at com.kms.katalon.core.keyword.BuiltinKeywords.callTestCase(BuiltinKeywords.groovy:334)
	at 002 - Portfolio Performance Daily IDR.run(002 - Portfolio Performance Daily IDR:23)
	at com.kms.katalon.core.main.ScriptEngine.run(ScriptEngine.java:194)
	at com.kms.katalon.core.main.ScriptEngine.runScriptAsRawText(ScriptEngine.java:119)
	at com.kms.katalon.core.main.TestCaseExecutor.runScript(TestCaseExecutor.java:398)
	at com.kms.katalon.core.main.TestCaseExecutor.doExecute(TestCaseExecutor.java:389)
	at com.kms.katalon.core.main.TestCaseExecutor.processExecutionPhase(TestCaseExecutor.java:368)
	at com.kms.katalon.core.main.TestCaseExecutor.accessMainPhase(TestCaseExecutor.java:360)
	at com.kms.katalon.core.main.TestCaseExecutor.execute(TestCaseExecutor.java:255)
	at com.kms.katalon.core.main.TestSuiteExecutor.accessTestCaseMainPhase(TestSuiteExecutor.java:203)
	at com.kms.katalon.core.main.TestSuiteExecutor.accessTestSuiteMainPhase(TestSuiteExecutor.java:152)
	at com.kms.katalon.core.main.TestSuiteExecutor.execute(TestSuiteExecutor.java:95)
	at com.kms.katalon.core.main.TestCaseMain.startTestSuite(TestCaseMain.java:157)
	at com.kms.katalon.core.main.TestCaseMain$startTestSuite$0.call(Unknown Source)
	at TempTestSuite1645101519548.run(TempTestSuite1645101519548.groovy:39)
Caused by: com.kms.katalon.core.exception.StepFailedException: Object Object Repository/Mobile/Page/Portfolio/Button - IDR not found
	at com.kms.katalon.core.keyword.internal.KeywordMain.stepFailed(KeywordMain.groovy:50)
	at com.kms.katalon.core.mobile.keyword.internal.MobileKeywordMain.stepFailed(MobileKeywordMain.groovy:40)
	at com.kms.katalon.core.mobile.keyword.builtin.TapKeyword$_tap_closure1.doCall(TapKeyword.groovy:79)
	at com.kms.katalon.core.mobile.keyword.builtin.TapKeyword$_tap_closure1.call(TapKeyword.groovy)
	at com.kms.katalon.core.mobile.keyword.internal.MobileKeywordMain.runKeyword(MobileKeywordMain.groovy:21)
	at com.kms.katalon.core.mobile.keyword.builtin.TapKeyword.tap(TapKeyword.groovy:86)
	at com.kms.katalon.core.mobile.keyword.builtin.TapKeyword.execute(TapKeyword.groovy:68)
	at com.kms.katalon.core.keyword.internal.KeywordExecutor.executeKeywordForPlatform(KeywordExecutor.groovy:73)
	at com.kms.katalon.core.mobile.keyword.MobileBuiltInKeywords.tap(MobileBuiltInKeywords.groovy:1354)
	at com.kms.katalon.core.mobile.keyword.MobileBuiltInKeywords$tap$1.call(Unknown Source)
	at Portfolio.run(Portfolio:55)
	at com.kms.katalon.core.main.ScriptEngine.run(ScriptEngine.java:194)
	at com.kms.katalon.core.main.ScriptEngine.runScriptAsRawText(ScriptEngine.java:119)
	at com.kms.katalon.core.main.TestCaseExecutor.runScript(TestCaseExecutor.java:398)
	at com.kms.katalon.core.main.TestCaseExecutor.doExecute(TestCaseExecutor.java:389)
	at com.kms.katalon.core.main.TestCaseExecutor.processExecutionPhase(TestCaseExecutor.java:368)
	at com.kms.katalon.core.main.TestCaseExecutor.accessMainPhase(TestCaseExecutor.java:360)
	at com.kms.katalon.core.main.TestCaseExecutor.execute(TestCaseExecutor.java:255)
	at com.kms.katalon.core.main.TestCaseMain.runTestCase(TestCaseMain.java:114)
	at com.kms.katalon.core.keyword.builtin.CallTestCaseKeyword$_callTestCase_closure1.doCall(CallTestCaseKeyword.groovy:59)
	... 20 more
)
	at com.kms.katalon.core.keyword.internal.KeywordMain.stepFailed(KeywordMain.groovy:39)
	at com.kms.katalon.core.keyword.internal.KeywordMain.stepFailed(KeywordMain.groovy)
	at com.kms.katalon.core.keyword.internal.KeywordMain.runKeyword(KeywordMain.groovy:70)
	at com.kms.katalon.core.keyword.builtin.CallTestCaseKeyword.callTestCase(CallTestCaseKeyword.groovy:81)
	at com.kms.katalon.core.keyword.builtin.CallTestCaseKeyword.execute(CallTestCaseKeyword.groovy:44)
	at com.kms.katalon.core.keyword.internal.KeywordExecutor.executeKeywordForPlatform(KeywordExecutor.groovy:73)
	at com.kms.katalon.core.keyword.BuiltinKeywords.callTestCase(BuiltinKeywords.groovy:334)
	at 002 - Portfolio Performance Daily IDR.run(002 - Portfolio Performance Daily IDR:23)
	at com.kms.katalon.core.main.ScriptEngine.run(ScriptEngine.java:194)
	at com.kms.katalon.core.main.ScriptEngine.runScriptAsRawText(ScriptEngine.java:119)
	at com.kms.katalon.core.main.TestCaseExecutor.runScript(TestCaseExecutor.java:398)
	at com.kms.katalon.core.main.TestCaseExecutor.doExecute(TestCaseExecutor.java:389)
	at com.kms.katalon.core.main.TestCaseExecutor.processExecutionPhase(TestCaseExecutor.java:368)
	at com.kms.katalon.core.main.TestCaseExecutor.accessMainPhase(TestCaseExecutor.java:360)
	at com.kms.katalon.core.main.TestCaseExecutor.execute(TestCaseExecutor.java:255)
	at com.kms.katalon.core.main.TestSuiteExecutor.accessTestCaseMainPhase(TestSuiteExecutor.java:203)
	at com.kms.katalon.core.main.TestSuiteExecutor.accessTestSuiteMainPhase(TestSuiteExecutor.java:152)
	at com.kms.katalon.core.main.TestSuiteExecutor.execute(TestSuiteExecutor.java:95)
	at com.kms.katalon.core.main.TestCaseMain.startTestSuite(TestCaseMain.java:157)
	at com.kms.katalon.core.main.TestCaseMain$startTestSuite$0.call(Unknown Source)
	at TempTestSuite1645101519548.run(TempTestSuite1645101519548.groovy:39)
Caused by: com.kms.katalon.core.exception.StepFailedException: Call Test Case 'Test Cases/Mobile/Page/Portfolio/Portfolio' failed
	at com.kms.katalon.core.keyword.builtin.CallTestCaseKeyword$_callTestCase_closure1.doCall(CallTestCaseKeyword.groovy:63)
	at com.kms.katalon.core.keyword.builtin.CallTestCaseKeyword$_callTestCase_closure1.call(CallTestCaseKeyword.groovy)
	at com.kms.katalon.core.keyword.internal.KeywordMain.runKeyword(KeywordMain.groovy:68)
	... 18 more
Caused by: com.kms.katalon.core.exception.StepFailedException: Object Object Repository/Mobile/Page/Portfolio/Button - IDR not found
	at com.kms.katalon.core.keyword.internal.KeywordMain.stepFailed(KeywordMain.groovy:50)
	at com.kms.katalon.core.mobile.keyword.internal.MobileKeywordMain.stepFailed(MobileKeywordMain.groovy:40)
	at com.kms.katalon.core.mobile.keyword.builtin.TapKeyword$_tap_closure1.doCall(TapKeyword.groovy:79)
	at com.kms.katalon.core.mobile.keyword.builtin.TapKeyword$_tap_closure1.call(TapKeyword.groovy)
	at com.kms.katalon.core.mobile.keyword.internal.MobileKeywordMain.runKeyword(MobileKeywordMain.groovy:21)
	at com.kms.katalon.core.mobile.keyword.builtin.TapKeyword.tap(TapKeyword.groovy:86)
	at com.kms.katalon.core.mobile.keyword.builtin.TapKeyword.execute(TapKeyword.groovy:68)
	at com.kms.katalon.core.keyword.internal.KeywordExecutor.executeKeywordForPlatform(KeywordExecutor.groovy:73)
	at com.kms.katalon.core.mobile.keyword.MobileBuiltInKeywords.tap(MobileBuiltInKeywords.groovy:1354)
	at com.kms.katalon.core.mobile.keyword.MobileBuiltInKeywords$tap$1.call(Unknown Source)
	at Portfolio.run(Portfolio:55)
	at com.kms.katalon.core.main.ScriptEngine.run(ScriptEngine.java:194)
	at com.kms.katalon.core.main.ScriptEngine.runScriptAsRawText(ScriptEngine.java:119)
	at com.kms.katalon.core.main.TestCaseExecutor.runScript(TestCaseExecutor.java:398)
	at com.kms.katalon.core.main.TestCaseExecutor.doExecute(TestCaseExecutor.java:389)
	at com.kms.katalon.core.main.TestCaseExecutor.processExecutionPhase(TestCaseExecutor.java:368)
	at com.kms.katalon.core.main.TestCaseExecutor.accessMainPhase(TestCaseExecutor.java:360)
	at com.kms.katalon.core.main.TestCaseExecutor.execute(TestCaseExecutor.java:255)
	at com.kms.katalon.core.main.TestCaseMain.runTestCase(TestCaseMain.java:114)
	at com.kms.katalon.core.keyword.builtin.CallTestCaseKeyword$_callTestCase_closure1.doCall(CallTestCaseKeyword.groovy:59)
	... 20 more


2022-02-17 19:47:17 - [TEST_STEP][PASSED] - callTestCase(findTestCase("Mobile/Page/Run App/Run App byID"), [:], STOP_ON_FAILURE): Call Test Case 'Test Cases/Mobile/Page/Run App/Run App byID' successfully

2022-02-17 19:47:17 - [TEST_CASE][PASSED] - Test Cases/Mobile/Page/Run App/Run App byID: Test Cases/Mobile/Page/Run App/Run App byID

2022-02-17 19:47:17 - [TEST_STEP][PASSED] - startApp.OpenApp.startApplication("id.co.miraeasset.sageclub"): startApp.OpenApp.startApplication is PASSED

2022-02-17 19:47:30 - [MESSAGE][PASSED] - Starting app with application ID: 'id.co.miraeasset.sageclub'

2022-02-17 19:47:30 - [MESSAGE][PASSED] - startApp.OpenApp.startApplication is PASSED

2022-02-17 19:47:30 - [MESSAGE][PASSED] - Call Test Case 'Test Cases/Mobile/Page/Run App/Run App byID' successfully

2022-02-17 19:47:30 - [TEST_STEP][FAILED] - callTestCase(findTestCase("Mobile/Page/Portfolio/Portfolio"), ["tab":"summary", "action":"perf_daily", "action2":"idr"], CONTINUE_ON_FAILURE): Unable to call Test Case 'Test Cases/Mobile/Page/Portfolio/Portfolio' (Root cause: com.kms.katalon.core.exception.StepFailedException: Call Test Case 'Test Cases/Mobile/Page/Portfolio/Portfolio' failed
	at com.kms.katalon.core.keyword.builtin.CallTestCaseKeyword$_callTestCase_closure1.doCall(CallTestCaseKeyword.groovy:63)
	at com.kms.katalon.core.keyword.builtin.CallTestCaseKeyword$_callTestCase_closure1.call(CallTestCaseKeyword.groovy)
	at com.kms.katalon.core.keyword.internal.KeywordMain.runKeyword(KeywordMain.groovy:68)
	at com.kms.katalon.core.keyword.builtin.CallTestCaseKeyword.callTestCase(CallTestCaseKeyword.groovy:81)
	at com.kms.katalon.core.keyword.builtin.CallTestCaseKeyword.execute(CallTestCaseKeyword.groovy:44)
	at com.kms.katalon.core.keyword.internal.KeywordExecutor.executeKeywordForPlatform(KeywordExecutor.groovy:73)
	at com.kms.katalon.core.keyword.BuiltinKeywords.callTestCase(BuiltinKeywords.groovy:334)
	at 002 - Portfolio Performance Daily IDR.run(002 - Portfolio Performance Daily IDR:23)
	at com.kms.katalon.core.main.ScriptEngine.run(ScriptEngine.java:194)
	at com.kms.katalon.core.main.ScriptEngine.runScriptAsRawText(ScriptEngine.java:119)
	at com.kms.katalon.core.main.TestCaseExecutor.runScript(TestCaseExecutor.java:398)
	at com.kms.katalon.core.main.TestCaseExecutor.doExecute(TestCaseExecutor.java:389)
	at com.kms.katalon.core.main.TestCaseExecutor.processExecutionPhase(TestCaseExecutor.java:368)
	at com.kms.katalon.core.main.TestCaseExecutor.accessMainPhase(TestCaseExecutor.java:360)
	at com.kms.katalon.core.main.TestCaseExecutor.execute(TestCaseExecutor.java:255)
	at com.kms.katalon.core.main.TestSuiteExecutor.accessTestCaseMainPhase(TestSuiteExecutor.java:203)
	at com.kms.katalon.core.main.TestSuiteExecutor.accessTestSuiteMainPhase(TestSuiteExecutor.java:152)
	at com.kms.katalon.core.main.TestSuiteExecutor.execute(TestSuiteExecutor.java:95)
	at com.kms.katalon.core.main.TestCaseMain.startTestSuite(TestCaseMain.java:157)
	at com.kms.katalon.core.main.TestCaseMain$startTestSuite$0.call(Unknown Source)
	at TempTestSuite1645101519548.run(TempTestSuite1645101519548.groovy:39)
Caused by: com.kms.katalon.core.exception.StepFailedException: Object Object Repository/Mobile/Page/Portfolio/Button - IDR not found
	at com.kms.katalon.core.keyword.internal.KeywordMain.stepFailed(KeywordMain.groovy:50)
	at com.kms.katalon.core.mobile.keyword.internal.MobileKeywordMain.stepFailed(MobileKeywordMain.groovy:40)
	at com.kms.katalon.core.mobile.keyword.builtin.TapKeyword$_tap_closure1.doCall(TapKeyword.groovy:79)
	at com.kms.katalon.core.mobile.keyword.builtin.TapKeyword$_tap_closure1.call(TapKeyword.groovy)
	at com.kms.katalon.core.mobile.keyword.internal.MobileKeywordMain.runKeyword(MobileKeywordMain.groovy:21)
	at com.kms.katalon.core.mobile.keyword.builtin.TapKeyword.tap(TapKeyword.groovy:86)
	at com.kms.katalon.core.mobile.keyword.builtin.TapKeyword.execute(TapKeyword.groovy:68)
	at com.kms.katalon.core.keyword.internal.KeywordExecutor.executeKeywordForPlatform(KeywordExecutor.groovy:73)
	at com.kms.katalon.core.mobile.keyword.MobileBuiltInKeywords.tap(MobileBuiltInKeywords.groovy:1354)
	at com.kms.katalon.core.mobile.keyword.MobileBuiltInKeywords$tap$1.call(Unknown Source)
	at Portfolio.run(Portfolio:55)
	at com.kms.katalon.core.main.ScriptEngine.run(ScriptEngine.java:194)
	at com.kms.katalon.core.main.ScriptEngine.runScriptAsRawText(ScriptEngine.java:119)
	at com.kms.katalon.core.main.TestCaseExecutor.runScript(TestCaseExecutor.java:398)
	at com.kms.katalon.core.main.TestCaseExecutor.doExecute(TestCaseExecutor.java:389)
	at com.kms.katalon.core.main.TestCaseExecutor.processExecutionPhase(TestCaseExecutor.java:368)
	at com.kms.katalon.core.main.TestCaseExecutor.accessMainPhase(TestCaseExecutor.java:360)
	at com.kms.katalon.core.main.TestCaseExecutor.execute(TestCaseExecutor.java:255)
	at com.kms.katalon.core.main.TestCaseMain.runTestCase(TestCaseMain.java:114)
	at com.kms.katalon.core.keyword.builtin.CallTestCaseKeyword$_callTestCase_closure1.doCall(CallTestCaseKeyword.groovy:59)
	... 20 more
)

2022-02-17 19:47:30 - [TEST_CASE][FAILED] - Test Cases/Mobile/Page/Portfolio/Portfolio: Test Cases/Mobile/Page/Portfolio/Portfolio FAILED.
Reason:
com.kms.katalon.core.exception.StepFailedException: Object Object Repository/Mobile/Page/Portfolio/Button - IDR not found
	at com.kms.katalon.core.keyword.internal.KeywordMain.stepFailed(KeywordMain.groovy:50)
	at com.kms.katalon.core.mobile.keyword.internal.MobileKeywordMain.stepFailed(MobileKeywordMain.groovy:40)
	at com.kms.katalon.core.mobile.keyword.builtin.TapKeyword$_tap_closure1.doCall(TapKeyword.groovy:79)
	at com.kms.katalon.core.mobile.keyword.builtin.TapKeyword$_tap_closure1.call(TapKeyword.groovy)
	at com.kms.katalon.core.mobile.keyword.internal.MobileKeywordMain.runKeyword(MobileKeywordMain.groovy:21)
	at com.kms.katalon.core.mobile.keyword.builtin.TapKeyword.tap(TapKeyword.groovy:86)
	at com.kms.katalon.core.mobile.keyword.builtin.TapKeyword.execute(TapKeyword.groovy:68)
	at com.kms.katalon.core.keyword.internal.KeywordExecutor.executeKeywordForPlatform(KeywordExecutor.groovy:73)
	at com.kms.katalon.core.mobile.keyword.MobileBuiltInKeywords.tap(MobileBuiltInKeywords.groovy:1354)
	at com.kms.katalon.core.mobile.keyword.MobileBuiltInKeywords$tap$1.call(Unknown Source)
	at Portfolio.run(Portfolio:55)
	at com.kms.katalon.core.main.ScriptEngine.run(ScriptEngine.java:194)
	at com.kms.katalon.core.main.ScriptEngine.runScriptAsRawText(ScriptEngine.java:119)
	at com.kms.katalon.core.main.TestCaseExecutor.runScript(TestCaseExecutor.java:398)
	at com.kms.katalon.core.main.TestCaseExecutor.doExecute(TestCaseExecutor.java:389)
	at com.kms.katalon.core.main.TestCaseExecutor.processExecutionPhase(TestCaseExecutor.java:368)
	at com.kms.katalon.core.main.TestCaseExecutor.accessMainPhase(TestCaseExecutor.java:360)
	at com.kms.katalon.core.main.TestCaseExecutor.execute(TestCaseExecutor.java:255)
	at com.kms.katalon.core.main.TestCaseMain.runTestCase(TestCaseMain.java:114)
	at com.kms.katalon.core.keyword.builtin.CallTestCaseKeyword$_callTestCase_closure1.doCall(CallTestCaseKeyword.groovy:59)
	at com.kms.katalon.core.keyword.builtin.CallTestCaseKeyword$_callTestCase_closure1.call(CallTestCaseKeyword.groovy)
	at com.kms.katalon.core.keyword.internal.KeywordMain.runKeyword(KeywordMain.groovy:68)
	at com.kms.katalon.core.keyword.builtin.CallTestCaseKeyword.callTestCase(CallTestCaseKeyword.groovy:81)
	at com.kms.katalon.core.keyword.builtin.CallTestCaseKeyword.execute(CallTestCaseKeyword.groovy:44)
	at com.kms.katalon.core.keyword.internal.KeywordExecutor.executeKeywordForPlatform(KeywordExecutor.groovy:73)
	at com.kms.katalon.core.keyword.BuiltinKeywords.callTestCase(BuiltinKeywords.groovy:334)
	at 002 - Portfolio Performance Daily IDR.run(002 - Portfolio Performance Daily IDR:23)
	at com.kms.katalon.core.main.ScriptEngine.run(ScriptEngine.java:194)
	at com.kms.katalon.core.main.ScriptEngine.runScriptAsRawText(ScriptEngine.java:119)
	at com.kms.katalon.core.main.TestCaseExecutor.runScript(TestCaseExecutor.java:398)
	at com.kms.katalon.core.main.TestCaseExecutor.doExecute(TestCaseExecutor.java:389)
	at com.kms.katalon.core.main.TestCaseExecutor.processExecutionPhase(TestCaseExecutor.java:368)
	at com.kms.katalon.core.main.TestCaseExecutor.accessMainPhase(TestCaseExecutor.java:360)
	at com.kms.katalon.core.main.TestCaseExecutor.execute(TestCaseExecutor.java:255)
	at com.kms.katalon.core.main.TestSuiteExecutor.accessTestCaseMainPhase(TestSuiteExecutor.java:203)
	at com.kms.katalon.core.main.TestSuiteExecutor.accessTestSuiteMainPhase(TestSuiteExecutor.java:152)
	at com.kms.katalon.core.main.TestSuiteExecutor.execute(TestSuiteExecutor.java:95)
	at com.kms.katalon.core.main.TestCaseMain.startTestSuite(TestCaseMain.java:157)
	at com.kms.katalon.core.main.TestCaseMain$startTestSuite$0.call(Unknown Source)
	at TempTestSuite1645101519548.run(TempTestSuite1645101519548.groovy:39)


2022-02-17 19:47:30 - [TEST_STEP][PASSED] - callTestCase(findTestCase("Mobile/Page/CheckLogin"), [:], CONTINUE_ON_FAILURE): Call Test Case 'Test Cases/Mobile/Page/CheckLogin' successfully

2022-02-17 19:47:30 - [TEST_CASE][PASSED] - Test Cases/Mobile/Page/CheckLogin: Test Cases/Mobile/Page/CheckLogin

2022-02-17 19:47:30 - [TEST_STEP][PASSED] - loginCheck = verifyElementExist(LOGN_BtnLogin, 5, CONTINUE_ON_FAILURE): Element 'Object Repository/Mobile/Page/Login/Button - Login' is exist

2022-02-17 19:47:32 - [MESSAGE][PASSED] - Element 'Object Repository/Mobile/Page/Login/Button - Login' is exist

2022-02-17 19:47:32 - [TEST_STEP][PASSED] - if (loginCheck): Call Test Case 'Test Cases/Mobile/Page/Login/Login' successfully

2022-02-17 19:47:32 - [TEST_STEP][PASSED] - callTestCase(findTestCase("Mobile/Page/Login/Login"), ["action":"username"], CONTINUE_ON_FAILURE): Call Test Case 'Test Cases/Mobile/Page/Login/Login' successfully

2022-02-17 19:47:32 - [TEST_CASE][PASSED] - Test Cases/Mobile/Page/Login/Login: Test Cases/Mobile/Page/Login/Login

2022-02-17 19:47:32 - [TEST_STEP][PASSED] - delay(2): Delayed 2 second(s)

2022-02-17 19:47:34 - [MESSAGE][PASSED] - Delayed 2 second(s)

2022-02-17 19:47:34 - [TEST_STEP][PASSED] - for ([i = 0, i < 1, (i++)]): null

2022-02-17 19:47:34 - [TEST_STEP][PASSED] - if (action == "username"): null

2022-02-17 19:47:34 - [TEST_STEP][PASSED] - tap(LOGN_EdtUserID, 0): Tapped on element 'Object Repository/Mobile/Page/Login/Input - UserID'

2022-02-17 19:47:34 - [MESSAGE][WARNING] - Timeout '0' is invalid. Using default page load timeout: '60'

2022-02-17 19:47:34 - [MESSAGE][PASSED] - Tapped on element 'Object Repository/Mobile/Page/Login/Input - UserID'

2022-02-17 19:47:34 - [TEST_STEP][PASSED] - delay(1): Delayed 1 second(s)

2022-02-17 19:47:36 - [MESSAGE][PASSED] - Delayed 1 second(s)

2022-02-17 19:47:36 - [TEST_STEP][PASSED] - setText(LOGN_EdtRdyUserID, "anggaaditya", 0): Text 'anggaaditya' has been set to element 'Object Repository/Mobile/Page/Login/Input Rdy - UserID'

2022-02-17 19:47:36 - [MESSAGE][WARNING] - Timeout '0' is invalid. Using default page load timeout: '60'

2022-02-17 19:47:36 - [MESSAGE][PASSED] - Text 'anggaaditya' has been set to element 'Object Repository/Mobile/Page/Login/Input Rdy - UserID'

2022-02-17 19:47:36 - [TEST_STEP][PASSED] - delay(1): Delayed 1 second(s)

2022-02-17 19:47:37 - [MESSAGE][PASSED] - Delayed 1 second(s)

2022-02-17 19:47:37 - [TEST_STEP][PASSED] - hideKeyboard(): Keyboard is hidden

2022-02-17 19:47:43 - [MESSAGE][PASSED] - Keyboard is hidden

2022-02-17 19:47:43 - [TEST_STEP][PASSED] - tap(LOGN_EdtPassword, 0): Tapped on element 'Object Repository/Mobile/Page/Login/Input - Password'

2022-02-17 19:47:43 - [MESSAGE][WARNING] - Timeout '0' is invalid. Using default page load timeout: '60'

2022-02-17 19:47:45 - [MESSAGE][PASSED] - Tapped on element 'Object Repository/Mobile/Page/Login/Input - Password'

2022-02-17 19:47:45 - [TEST_STEP][PASSED] - delay(1): Delayed 1 second(s)

2022-02-17 19:47:46 - [MESSAGE][PASSED] - Delayed 1 second(s)

2022-02-17 19:47:46 - [TEST_STEP][PASSED] - setText(LOGN_EdtRdyPassword, "Shalawa18", 0): Text 'Shalawa18' has been set to element 'Object Repository/Mobile/Page/Login/Input Rdy - Password'

2022-02-17 19:47:46 - [MESSAGE][WARNING] - Timeout '0' is invalid. Using default page load timeout: '60'

2022-02-17 19:47:46 - [MESSAGE][PASSED] - Text 'Shalawa18' has been set to element 'Object Repository/Mobile/Page/Login/Input Rdy - Password'

2022-02-17 19:47:46 - [TEST_STEP][PASSED] - delay(1): Delayed 1 second(s)

2022-02-17 19:47:47 - [MESSAGE][PASSED] - Delayed 1 second(s)

2022-02-17 19:47:47 - [TEST_STEP][PASSED] - hideKeyboard(): Keyboard is hidden

2022-02-17 19:47:54 - [MESSAGE][PASSED] - Keyboard is hidden

2022-02-17 19:47:54 - [TEST_STEP][PASSED] - tap(LOGN_BtnLogin, 0): Tapped on element 'Object Repository/Mobile/Page/Login/Button - Login'

2022-02-17 19:47:54 - [MESSAGE][WARNING] - Timeout '0' is invalid. Using default page load timeout: '60'

2022-02-17 19:47:55 - [MESSAGE][PASSED] - Tapped on element 'Object Repository/Mobile/Page/Login/Button - Login'

2022-02-17 19:47:55 - [TEST_STEP][PASSED] - delay(2): Delayed 2 second(s)

2022-02-17 19:47:57 - [MESSAGE][PASSED] - Delayed 2 second(s)

2022-02-17 19:47:57 - [TEST_STEP][PASSED] - break: null

2022-02-17 19:47:57 - [MESSAGE][PASSED] - Call Test Case 'Test Cases/Mobile/Page/Login/Login' successfully

2022-02-17 19:47:57 - [MESSAGE][PASSED] - Call Test Case 'Test Cases/Mobile/Page/CheckLogin' successfully

2022-02-17 19:47:57 - [TEST_STEP][PASSED] - tap(HOME_MenubarPortfolio, 0): Tapped on element 'Object Repository/Mobile/Page/Home/Menubar - Portfolio'

2022-02-17 19:47:57 - [MESSAGE][WARNING] - Timeout '0' is invalid. Using default page load timeout: '60'

2022-02-17 19:47:59 - [MESSAGE][PASSED] - Tapped on element 'Object Repository/Mobile/Page/Home/Menubar - Portfolio'

2022-02-17 19:47:59 - [TEST_STEP][PASSED] - delay(1): Delayed 1 second(s)

2022-02-17 19:48:00 - [MESSAGE][PASSED] - Delayed 1 second(s)

2022-02-17 19:48:00 - [TEST_STEP][FAILED] - for ([i = 0, i < 1, (i++)]): Failed to tap on element 'Object Repository/Mobile/Page/Portfolio/Button - IDR' (Root cause: com.kms.katalon.core.exception.StepFailedException: Object Object Repository/Mobile/Page/Portfolio/Button - IDR not found
	at com.kms.katalon.core.keyword.internal.KeywordMain.stepFailed(KeywordMain.groovy:50)
	at com.kms.katalon.core.mobile.keyword.internal.MobileKeywordMain.stepFailed(MobileKeywordMain.groovy:40)
	at com.kms.katalon.core.mobile.keyword.builtin.TapKeyword$_tap_closure1.doCall(TapKeyword.groovy:79)
	at com.kms.katalon.core.mobile.keyword.builtin.TapKeyword$_tap_closure1.call(TapKeyword.groovy)
	at com.kms.katalon.core.mobile.keyword.internal.MobileKeywordMain.runKeyword(MobileKeywordMain.groovy:21)
	at com.kms.katalon.core.mobile.keyword.builtin.TapKeyword.tap(TapKeyword.groovy:86)
	at com.kms.katalon.core.mobile.keyword.builtin.TapKeyword.execute(TapKeyword.groovy:68)
	at com.kms.katalon.core.keyword.internal.KeywordExecutor.executeKeywordForPlatform(KeywordExecutor.groovy:73)
	at com.kms.katalon.core.mobile.keyword.MobileBuiltInKeywords.tap(MobileBuiltInKeywords.groovy:1354)
	at com.kms.katalon.core.mobile.keyword.MobileBuiltInKeywords$tap$1.call(Unknown Source)
	at Portfolio.run(Portfolio:55)
	at com.kms.katalon.core.main.ScriptEngine.run(ScriptEngine.java:194)
	at com.kms.katalon.core.main.ScriptEngine.runScriptAsRawText(ScriptEngine.java:119)
	at com.kms.katalon.core.main.TestCaseExecutor.runScript(TestCaseExecutor.java:398)
	at com.kms.katalon.core.main.TestCaseExecutor.doExecute(TestCaseExecutor.java:389)
	at com.kms.katalon.core.main.TestCaseExecutor.processExecutionPhase(TestCaseExecutor.java:368)
	at com.kms.katalon.core.main.TestCaseExecutor.accessMainPhase(TestCaseExecutor.java:360)
	at com.kms.katalon.core.main.TestCaseExecutor.execute(TestCaseExecutor.java:255)
	at com.kms.katalon.core.main.TestCaseMain.runTestCase(TestCaseMain.java:114)
	at com.kms.katalon.core.keyword.builtin.CallTestCaseKeyword$_callTestCase_closure1.doCall(CallTestCaseKeyword.groovy:59)
	at com.kms.katalon.core.keyword.builtin.CallTestCaseKeyword$_callTestCase_closure1.call(CallTestCaseKeyword.groovy)
	at com.kms.katalon.core.keyword.internal.KeywordMain.runKeyword(KeywordMain.groovy:68)
	at com.kms.katalon.core.keyword.builtin.CallTestCaseKeyword.callTestCase(CallTestCaseKeyword.groovy:81)
	at com.kms.katalon.core.keyword.builtin.CallTestCaseKeyword.execute(CallTestCaseKeyword.groovy:44)
	at com.kms.katalon.core.keyword.internal.KeywordExecutor.executeKeywordForPlatform(KeywordExecutor.groovy:73)
	at com.kms.katalon.core.keyword.BuiltinKeywords.callTestCase(BuiltinKeywords.groovy:334)
	at 002 - Portfolio Performance Daily IDR.run(002 - Portfolio Performance Daily IDR:23)
	at com.kms.katalon.core.main.ScriptEngine.run(ScriptEngine.java:194)
	at com.kms.katalon.core.main.ScriptEngine.runScriptAsRawText(ScriptEngine.java:119)
	at com.kms.katalon.core.main.TestCaseExecutor.runScript(TestCaseExecutor.java:398)
	at com.kms.katalon.core.main.TestCaseExecutor.doExecute(TestCaseExecutor.java:389)
	at com.kms.katalon.core.main.TestCaseExecutor.processExecutionPhase(TestCaseExecutor.java:368)
	at com.kms.katalon.core.main.TestCaseExecutor.accessMainPhase(TestCaseExecutor.java:360)
	at com.kms.katalon.core.main.TestCaseExecutor.execute(TestCaseExecutor.java:255)
	at com.kms.katalon.core.main.TestSuiteExecutor.accessTestCaseMainPhase(TestSuiteExecutor.java:203)
	at com.kms.katalon.core.main.TestSuiteExecutor.accessTestSuiteMainPhase(TestSuiteExecutor.java:152)
	at com.kms.katalon.core.main.TestSuiteExecutor.execute(TestSuiteExecutor.java:95)
	at com.kms.katalon.core.main.TestCaseMain.startTestSuite(TestCaseMain.java:157)
	at com.kms.katalon.core.main.TestCaseMain$startTestSuite$0.call(Unknown Source)
	at TempTestSuite1645101519548.run(TempTestSuite1645101519548.groovy:39)
)

2022-02-17 19:48:00 - [TEST_STEP][FAILED] - if (tab == "summary"): Failed to tap on element 'Object Repository/Mobile/Page/Portfolio/Button - IDR' (Root cause: com.kms.katalon.core.exception.StepFailedException: Object Object Repository/Mobile/Page/Portfolio/Button - IDR not found
	at com.kms.katalon.core.keyword.internal.KeywordMain.stepFailed(KeywordMain.groovy:50)
	at com.kms.katalon.core.mobile.keyword.internal.MobileKeywordMain.stepFailed(MobileKeywordMain.groovy:40)
	at com.kms.katalon.core.mobile.keyword.builtin.TapKeyword$_tap_closure1.doCall(TapKeyword.groovy:79)
	at com.kms.katalon.core.mobile.keyword.builtin.TapKeyword$_tap_closure1.call(TapKeyword.groovy)
	at com.kms.katalon.core.mobile.keyword.internal.MobileKeywordMain.runKeyword(MobileKeywordMain.groovy:21)
	at com.kms.katalon.core.mobile.keyword.builtin.TapKeyword.tap(TapKeyword.groovy:86)
	at com.kms.katalon.core.mobile.keyword.builtin.TapKeyword.execute(TapKeyword.groovy:68)
	at com.kms.katalon.core.keyword.internal.KeywordExecutor.executeKeywordForPlatform(KeywordExecutor.groovy:73)
	at com.kms.katalon.core.mobile.keyword.MobileBuiltInKeywords.tap(MobileBuiltInKeywords.groovy:1354)
	at com.kms.katalon.core.mobile.keyword.MobileBuiltInKeywords$tap$1.call(Unknown Source)
	at Portfolio.run(Portfolio:55)
	at com.kms.katalon.core.main.ScriptEngine.run(ScriptEngine.java:194)
	at com.kms.katalon.core.main.ScriptEngine.runScriptAsRawText(ScriptEngine.java:119)
	at com.kms.katalon.core.main.TestCaseExecutor.runScript(TestCaseExecutor.java:398)
	at com.kms.katalon.core.main.TestCaseExecutor.doExecute(TestCaseExecutor.java:389)
	at com.kms.katalon.core.main.TestCaseExecutor.processExecutionPhase(TestCaseExecutor.java:368)
	at com.kms.katalon.core.main.TestCaseExecutor.accessMainPhase(TestCaseExecutor.java:360)
	at com.kms.katalon.core.main.TestCaseExecutor.execute(TestCaseExecutor.java:255)
	at com.kms.katalon.core.main.TestCaseMain.runTestCase(TestCaseMain.java:114)
	at com.kms.katalon.core.keyword.builtin.CallTestCaseKeyword$_callTestCase_closure1.doCall(CallTestCaseKeyword.groovy:59)
	at com.kms.katalon.core.keyword.builtin.CallTestCaseKeyword$_callTestCase_closure1.call(CallTestCaseKeyword.groovy)
	at com.kms.katalon.core.keyword.internal.KeywordMain.runKeyword(KeywordMain.groovy:68)
	at com.kms.katalon.core.keyword.builtin.CallTestCaseKeyword.callTestCase(CallTestCaseKeyword.groovy:81)
	at com.kms.katalon.core.keyword.builtin.CallTestCaseKeyword.execute(CallTestCaseKeyword.groovy:44)
	at com.kms.katalon.core.keyword.internal.KeywordExecutor.executeKeywordForPlatform(KeywordExecutor.groovy:73)
	at com.kms.katalon.core.keyword.BuiltinKeywords.callTestCase(BuiltinKeywords.groovy:334)
	at 002 - Portfolio Performance Daily IDR.run(002 - Portfolio Performance Daily IDR:23)
	at com.kms.katalon.core.main.ScriptEngine.run(ScriptEngine.java:194)
	at com.kms.katalon.core.main.ScriptEngine.runScriptAsRawText(ScriptEngine.java:119)
	at com.kms.katalon.core.main.TestCaseExecutor.runScript(TestCaseExecutor.java:398)
	at com.kms.katalon.core.main.TestCaseExecutor.doExecute(TestCaseExecutor.java:389)
	at com.kms.katalon.core.main.TestCaseExecutor.processExecutionPhase(TestCaseExecutor.java:368)
	at com.kms.katalon.core.main.TestCaseExecutor.accessMainPhase(TestCaseExecutor.java:360)
	at com.kms.katalon.core.main.TestCaseExecutor.execute(TestCaseExecutor.java:255)
	at com.kms.katalon.core.main.TestSuiteExecutor.accessTestCaseMainPhase(TestSuiteExecutor.java:203)
	at com.kms.katalon.core.main.TestSuiteExecutor.accessTestSuiteMainPhase(TestSuiteExecutor.java:152)
	at com.kms.katalon.core.main.TestSuiteExecutor.execute(TestSuiteExecutor.java:95)
	at com.kms.katalon.core.main.TestCaseMain.startTestSuite(TestCaseMain.java:157)
	at com.kms.katalon.core.main.TestCaseMain$startTestSuite$0.call(Unknown Source)
	at TempTestSuite1645101519548.run(TempTestSuite1645101519548.groovy:39)
)

2022-02-17 19:48:00 - [TEST_STEP][PASSED] - idr = PORT_BtnIDR: null

2022-02-17 19:48:00 - [TEST_STEP][PASSED] - persen = PORT_BtnPersen: null

2022-02-17 19:48:00 - [TEST_STEP][PASSED] - if (action == "summary"): null

2022-02-17 19:48:00 - [TEST_STEP][PASSED] - else if (action == "perf_daily"): scroll.scroll.scrollScreenBottomToTop is PASSED

2022-02-17 19:48:00 - [TEST_STEP][PASSED] - scroll.scroll.scrollScreenBottomToTop(): scroll.scroll.scrollScreenBottomToTop is PASSED

2022-02-17 19:48:00 - [MESSAGE][PASSED] - Current device physical height is 1423

2022-02-17 19:48:01 - [MESSAGE][PASSED] - Current device physical width is 720

2022-02-17 19:48:02 - [MESSAGE][PASSED] - Swiped from 360,1,138 to 360,284

2022-02-17 19:48:02 - [MESSAGE][PASSED] - scroll.scroll.scrollScreenBottomToTop is PASSED

2022-02-17 19:48:02 - [TEST_STEP][FAILED] - if (action != "summary"): Failed to tap on element 'Object Repository/Mobile/Page/Portfolio/Button - IDR' (Root cause: com.kms.katalon.core.exception.StepFailedException: Object Object Repository/Mobile/Page/Portfolio/Button - IDR not found
	at com.kms.katalon.core.keyword.internal.KeywordMain.stepFailed(KeywordMain.groovy:50)
	at com.kms.katalon.core.mobile.keyword.internal.MobileKeywordMain.stepFailed(MobileKeywordMain.groovy:40)
	at com.kms.katalon.core.mobile.keyword.builtin.TapKeyword$_tap_closure1.doCall(TapKeyword.groovy:79)
	at com.kms.katalon.core.mobile.keyword.builtin.TapKeyword$_tap_closure1.call(TapKeyword.groovy)
	at com.kms.katalon.core.mobile.keyword.internal.MobileKeywordMain.runKeyword(MobileKeywordMain.groovy:21)
	at com.kms.katalon.core.mobile.keyword.builtin.TapKeyword.tap(TapKeyword.groovy:86)
	at com.kms.katalon.core.mobile.keyword.builtin.TapKeyword.execute(TapKeyword.groovy:68)
	at com.kms.katalon.core.keyword.internal.KeywordExecutor.executeKeywordForPlatform(KeywordExecutor.groovy:73)
	at com.kms.katalon.core.mobile.keyword.MobileBuiltInKeywords.tap(MobileBuiltInKeywords.groovy:1354)
	at com.kms.katalon.core.mobile.keyword.MobileBuiltInKeywords$tap$1.call(Unknown Source)
	at Portfolio.run(Portfolio:55)
	at com.kms.katalon.core.main.ScriptEngine.run(ScriptEngine.java:194)
	at com.kms.katalon.core.main.ScriptEngine.runScriptAsRawText(ScriptEngine.java:119)
	at com.kms.katalon.core.main.TestCaseExecutor.runScript(TestCaseExecutor.java:398)
	at com.kms.katalon.core.main.TestCaseExecutor.doExecute(TestCaseExecutor.java:389)
	at com.kms.katalon.core.main.TestCaseExecutor.processExecutionPhase(TestCaseExecutor.java:368)
	at com.kms.katalon.core.main.TestCaseExecutor.accessMainPhase(TestCaseExecutor.java:360)
	at com.kms.katalon.core.main.TestCaseExecutor.execute(TestCaseExecutor.java:255)
	at com.kms.katalon.core.main.TestCaseMain.runTestCase(TestCaseMain.java:114)
	at com.kms.katalon.core.keyword.builtin.CallTestCaseKeyword$_callTestCase_closure1.doCall(CallTestCaseKeyword.groovy:59)
	at com.kms.katalon.core.keyword.builtin.CallTestCaseKeyword$_callTestCase_closure1.call(CallTestCaseKeyword.groovy)
	at com.kms.katalon.core.keyword.internal.KeywordMain.runKeyword(KeywordMain.groovy:68)
	at com.kms.katalon.core.keyword.builtin.CallTestCaseKeyword.callTestCase(CallTestCaseKeyword.groovy:81)
	at com.kms.katalon.core.keyword.builtin.CallTestCaseKeyword.execute(CallTestCaseKeyword.groovy:44)
	at com.kms.katalon.core.keyword.internal.KeywordExecutor.executeKeywordForPlatform(KeywordExecutor.groovy:73)
	at com.kms.katalon.core.keyword.BuiltinKeywords.callTestCase(BuiltinKeywords.groovy:334)
	at 002 - Portfolio Performance Daily IDR.run(002 - Portfolio Performance Daily IDR:23)
	at com.kms.katalon.core.main.ScriptEngine.run(ScriptEngine.java:194)
	at com.kms.katalon.core.main.ScriptEngine.runScriptAsRawText(ScriptEngine.java:119)
	at com.kms.katalon.core.main.TestCaseExecutor.runScript(TestCaseExecutor.java:398)
	at com.kms.katalon.core.main.TestCaseExecutor.doExecute(TestCaseExecutor.java:389)
	at com.kms.katalon.core.main.TestCaseExecutor.processExecutionPhase(TestCaseExecutor.java:368)
	at com.kms.katalon.core.main.TestCaseExecutor.accessMainPhase(TestCaseExecutor.java:360)
	at com.kms.katalon.core.main.TestCaseExecutor.execute(TestCaseExecutor.java:255)
	at com.kms.katalon.core.main.TestSuiteExecutor.accessTestCaseMainPhase(TestSuiteExecutor.java:203)
	at com.kms.katalon.core.main.TestSuiteExecutor.accessTestSuiteMainPhase(TestSuiteExecutor.java:152)
	at com.kms.katalon.core.main.TestSuiteExecutor.execute(TestSuiteExecutor.java:95)
	at com.kms.katalon.core.main.TestCaseMain.startTestSuite(TestCaseMain.java:157)
	at com.kms.katalon.core.main.TestCaseMain$startTestSuite$0.call(Unknown Source)
	at TempTestSuite1645101519548.run(TempTestSuite1645101519548.groovy:39)
)

2022-02-17 19:48:02 - [TEST_STEP][PASSED] - delay(1): Delayed 1 second(s)

2022-02-17 19:48:03 - [MESSAGE][PASSED] - Delayed 1 second(s)

2022-02-17 19:48:03 - [TEST_STEP][PASSED] - scroll.scroll.scrollScreenBottomToTop(): scroll.scroll.scrollScreenBottomToTop is PASSED

2022-02-17 19:48:03 - [MESSAGE][PASSED] - Current device physical height is 1423

2022-02-17 19:48:03 - [MESSAGE][PASSED] - Current device physical width is 720

2022-02-17 19:48:05 - [MESSAGE][PASSED] - Swiped from 360,1,138 to 360,284

2022-02-17 19:48:05 - [MESSAGE][PASSED] - scroll.scroll.scrollScreenBottomToTop is PASSED

2022-02-17 19:48:05 - [TEST_STEP][PASSED] - delay(3): Delayed 3 second(s)

2022-02-17 19:48:08 - [MESSAGE][PASSED] - Delayed 3 second(s)

2022-02-17 19:48:08 - [TEST_STEP][FAILED] - if (action2 == "idr"): Failed to tap on element 'Object Repository/Mobile/Page/Portfolio/Button - IDR' (Root cause: com.kms.katalon.core.exception.StepFailedException: Object Object Repository/Mobile/Page/Portfolio/Button - IDR not found
	at com.kms.katalon.core.keyword.internal.KeywordMain.stepFailed(KeywordMain.groovy:50)
	at com.kms.katalon.core.mobile.keyword.internal.MobileKeywordMain.stepFailed(MobileKeywordMain.groovy:40)
	at com.kms.katalon.core.mobile.keyword.builtin.TapKeyword$_tap_closure1.doCall(TapKeyword.groovy:79)
	at com.kms.katalon.core.mobile.keyword.builtin.TapKeyword$_tap_closure1.call(TapKeyword.groovy)
	at com.kms.katalon.core.mobile.keyword.internal.MobileKeywordMain.runKeyword(MobileKeywordMain.groovy:21)
	at com.kms.katalon.core.mobile.keyword.builtin.TapKeyword.tap(TapKeyword.groovy:86)
	at com.kms.katalon.core.mobile.keyword.builtin.TapKeyword.execute(TapKeyword.groovy:68)
	at com.kms.katalon.core.keyword.internal.KeywordExecutor.executeKeywordForPlatform(KeywordExecutor.groovy:73)
	at com.kms.katalon.core.mobile.keyword.MobileBuiltInKeywords.tap(MobileBuiltInKeywords.groovy:1354)
	at com.kms.katalon.core.mobile.keyword.MobileBuiltInKeywords$tap$1.call(Unknown Source)
	at Portfolio.run(Portfolio:55)
	at com.kms.katalon.core.main.ScriptEngine.run(ScriptEngine.java:194)
	at com.kms.katalon.core.main.ScriptEngine.runScriptAsRawText(ScriptEngine.java:119)
	at com.kms.katalon.core.main.TestCaseExecutor.runScript(TestCaseExecutor.java:398)
	at com.kms.katalon.core.main.TestCaseExecutor.doExecute(TestCaseExecutor.java:389)
	at com.kms.katalon.core.main.TestCaseExecutor.processExecutionPhase(TestCaseExecutor.java:368)
	at com.kms.katalon.core.main.TestCaseExecutor.accessMainPhase(TestCaseExecutor.java:360)
	at com.kms.katalon.core.main.TestCaseExecutor.execute(TestCaseExecutor.java:255)
	at com.kms.katalon.core.main.TestCaseMain.runTestCase(TestCaseMain.java:114)
	at com.kms.katalon.core.keyword.builtin.CallTestCaseKeyword$_callTestCase_closure1.doCall(CallTestCaseKeyword.groovy:59)
	at com.kms.katalon.core.keyword.builtin.CallTestCaseKeyword$_callTestCase_closure1.call(CallTestCaseKeyword.groovy)
	at com.kms.katalon.core.keyword.internal.KeywordMain.runKeyword(KeywordMain.groovy:68)
	at com.kms.katalon.core.keyword.builtin.CallTestCaseKeyword.callTestCase(CallTestCaseKeyword.groovy:81)
	at com.kms.katalon.core.keyword.builtin.CallTestCaseKeyword.execute(CallTestCaseKeyword.groovy:44)
	at com.kms.katalon.core.keyword.internal.KeywordExecutor.executeKeywordForPlatform(KeywordExecutor.groovy:73)
	at com.kms.katalon.core.keyword.BuiltinKeywords.callTestCase(BuiltinKeywords.groovy:334)
	at 002 - Portfolio Performance Daily IDR.run(002 - Portfolio Performance Daily IDR:23)
	at com.kms.katalon.core.main.ScriptEngine.run(ScriptEngine.java:194)
	at com.kms.katalon.core.main.ScriptEngine.runScriptAsRawText(ScriptEngine.java:119)
	at com.kms.katalon.core.main.TestCaseExecutor.runScript(TestCaseExecutor.java:398)
	at com.kms.katalon.core.main.TestCaseExecutor.doExecute(TestCaseExecutor.java:389)
	at com.kms.katalon.core.main.TestCaseExecutor.processExecutionPhase(TestCaseExecutor.java:368)
	at com.kms.katalon.core.main.TestCaseExecutor.accessMainPhase(TestCaseExecutor.java:360)
	at com.kms.katalon.core.main.TestCaseExecutor.execute(TestCaseExecutor.java:255)
	at com.kms.katalon.core.main.TestSuiteExecutor.accessTestCaseMainPhase(TestSuiteExecutor.java:203)
	at com.kms.katalon.core.main.TestSuiteExecutor.accessTestSuiteMainPhase(TestSuiteExecutor.java:152)
	at com.kms.katalon.core.main.TestSuiteExecutor.execute(TestSuiteExecutor.java:95)
	at com.kms.katalon.core.main.TestCaseMain.startTestSuite(TestCaseMain.java:157)
	at com.kms.katalon.core.main.TestCaseMain$startTestSuite$0.call(Unknown Source)
	at TempTestSuite1645101519548.run(TempTestSuite1645101519548.groovy:39)
)

2022-02-17 19:48:08 - [TEST_STEP][FAILED] - tap(idr, 10): Failed to tap on element 'Object Repository/Mobile/Page/Portfolio/Button - IDR' (Root cause: com.kms.katalon.core.exception.StepFailedException: Object Object Repository/Mobile/Page/Portfolio/Button - IDR not found
	at com.kms.katalon.core.keyword.internal.KeywordMain.stepFailed(KeywordMain.groovy:50)
	at com.kms.katalon.core.mobile.keyword.internal.MobileKeywordMain.stepFailed(MobileKeywordMain.groovy:40)
	at com.kms.katalon.core.mobile.keyword.builtin.TapKeyword$_tap_closure1.doCall(TapKeyword.groovy:79)
	at com.kms.katalon.core.mobile.keyword.builtin.TapKeyword$_tap_closure1.call(TapKeyword.groovy)
	at com.kms.katalon.core.mobile.keyword.internal.MobileKeywordMain.runKeyword(MobileKeywordMain.groovy:21)
	at com.kms.katalon.core.mobile.keyword.builtin.TapKeyword.tap(TapKeyword.groovy:86)
	at com.kms.katalon.core.mobile.keyword.builtin.TapKeyword.execute(TapKeyword.groovy:68)
	at com.kms.katalon.core.keyword.internal.KeywordExecutor.executeKeywordForPlatform(KeywordExecutor.groovy:73)
	at com.kms.katalon.core.mobile.keyword.MobileBuiltInKeywords.tap(MobileBuiltInKeywords.groovy:1354)
	at com.kms.katalon.core.mobile.keyword.MobileBuiltInKeywords$tap$1.call(Unknown Source)
	at Portfolio.run(Portfolio:55)
	at com.kms.katalon.core.main.ScriptEngine.run(ScriptEngine.java:194)
	at com.kms.katalon.core.main.ScriptEngine.runScriptAsRawText(ScriptEngine.java:119)
	at com.kms.katalon.core.main.TestCaseExecutor.runScript(TestCaseExecutor.java:398)
	at com.kms.katalon.core.main.TestCaseExecutor.doExecute(TestCaseExecutor.java:389)
	at com.kms.katalon.core.main.TestCaseExecutor.processExecutionPhase(TestCaseExecutor.java:368)
	at com.kms.katalon.core.main.TestCaseExecutor.accessMainPhase(TestCaseExecutor.java:360)
	at com.kms.katalon.core.main.TestCaseExecutor.execute(TestCaseExecutor.java:255)
	at com.kms.katalon.core.main.TestCaseMain.runTestCase(TestCaseMain.java:114)
	at com.kms.katalon.core.keyword.builtin.CallTestCaseKeyword$_callTestCase_closure1.doCall(CallTestCaseKeyword.groovy:59)
	at com.kms.katalon.core.keyword.builtin.CallTestCaseKeyword$_callTestCase_closure1.call(CallTestCaseKeyword.groovy)
	at com.kms.katalon.core.keyword.internal.KeywordMain.runKeyword(KeywordMain.groovy:68)
	at com.kms.katalon.core.keyword.builtin.CallTestCaseKeyword.callTestCase(CallTestCaseKeyword.groovy:81)
	at com.kms.katalon.core.keyword.builtin.CallTestCaseKeyword.execute(CallTestCaseKeyword.groovy:44)
	at com.kms.katalon.core.keyword.internal.KeywordExecutor.executeKeywordForPlatform(KeywordExecutor.groovy:73)
	at com.kms.katalon.core.keyword.BuiltinKeywords.callTestCase(BuiltinKeywords.groovy:334)
	at 002 - Portfolio Performance Daily IDR.run(002 - Portfolio Performance Daily IDR:23)
	at com.kms.katalon.core.main.ScriptEngine.run(ScriptEngine.java:194)
	at com.kms.katalon.core.main.ScriptEngine.runScriptAsRawText(ScriptEngine.java:119)
	at com.kms.katalon.core.main.TestCaseExecutor.runScript(TestCaseExecutor.java:398)
	at com.kms.katalon.core.main.TestCaseExecutor.doExecute(TestCaseExecutor.java:389)
	at com.kms.katalon.core.main.TestCaseExecutor.processExecutionPhase(TestCaseExecutor.java:368)
	at com.kms.katalon.core.main.TestCaseExecutor.accessMainPhase(TestCaseExecutor.java:360)
	at com.kms.katalon.core.main.TestCaseExecutor.execute(TestCaseExecutor.java:255)
	at com.kms.katalon.core.main.TestSuiteExecutor.accessTestCaseMainPhase(TestSuiteExecutor.java:203)
	at com.kms.katalon.core.main.TestSuiteExecutor.accessTestSuiteMainPhase(TestSuiteExecutor.java:152)
	at com.kms.katalon.core.main.TestSuiteExecutor.execute(TestSuiteExecutor.java:95)
	at com.kms.katalon.core.main.TestCaseMain.startTestSuite(TestCaseMain.java:157)
	at com.kms.katalon.core.main.TestCaseMain$startTestSuite$0.call(Unknown Source)
	at TempTestSuite1645101519548.run(TempTestSuite1645101519548.groovy:39)
)

2022-02-17 19:48:18 - [MESSAGE][FAILED] - Object Object Repository/Mobile/Page/Portfolio/Button - IDR not found
[[ATTACHMENT|C:\\Users\\Owner\\Documents\\kerjaan\\KatalonProject\\qa_katalon_pwm\\qa_katalon_pwm\\Reports\\20220217_193831\\portfolio\\20220217_193839\\1645102098201.png]]

2022-02-17 19:48:19 - [MESSAGE][FAILED] - Failed to tap on element 'Object Repository/Mobile/Page/Portfolio/Button - IDR' (Root cause: com.kms.katalon.core.exception.StepFailedException: Object Object Repository/Mobile/Page/Portfolio/Button - IDR not found
	at com.kms.katalon.core.keyword.internal.KeywordMain.stepFailed(KeywordMain.groovy:50)
	at com.kms.katalon.core.mobile.keyword.internal.MobileKeywordMain.stepFailed(MobileKeywordMain.groovy:40)
	at com.kms.katalon.core.mobile.keyword.builtin.TapKeyword$_tap_closure1.doCall(TapKeyword.groovy:79)
	at com.kms.katalon.core.mobile.keyword.builtin.TapKeyword$_tap_closure1.call(TapKeyword.groovy)
	at com.kms.katalon.core.mobile.keyword.internal.MobileKeywordMain.runKeyword(MobileKeywordMain.groovy:21)
	at com.kms.katalon.core.mobile.keyword.builtin.TapKeyword.tap(TapKeyword.groovy:86)
	at com.kms.katalon.core.mobile.keyword.builtin.TapKeyword.execute(TapKeyword.groovy:68)
	at com.kms.katalon.core.keyword.internal.KeywordExecutor.executeKeywordForPlatform(KeywordExecutor.groovy:73)
	at com.kms.katalon.core.mobile.keyword.MobileBuiltInKeywords.tap(MobileBuiltInKeywords.groovy:1354)
	at com.kms.katalon.core.mobile.keyword.MobileBuiltInKeywords$tap$1.call(Unknown Source)
	at Portfolio.run(Portfolio:55)
	at com.kms.katalon.core.main.ScriptEngine.run(ScriptEngine.java:194)
	at com.kms.katalon.core.main.ScriptEngine.runScriptAsRawText(ScriptEngine.java:119)
	at com.kms.katalon.core.main.TestCaseExecutor.runScript(TestCaseExecutor.java:398)
	at com.kms.katalon.core.main.TestCaseExecutor.doExecute(TestCaseExecutor.java:389)
	at com.kms.katalon.core.main.TestCaseExecutor.processExecutionPhase(TestCaseExecutor.java:368)
	at com.kms.katalon.core.main.TestCaseExecutor.accessMainPhase(TestCaseExecutor.java:360)
	at com.kms.katalon.core.main.TestCaseExecutor.execute(TestCaseExecutor.java:255)
	at com.kms.katalon.core.main.TestCaseMain.runTestCase(TestCaseMain.java:114)
	at com.kms.katalon.core.keyword.builtin.CallTestCaseKeyword$_callTestCase_closure1.doCall(CallTestCaseKeyword.groovy:59)
	at com.kms.katalon.core.keyword.builtin.CallTestCaseKeyword$_callTestCase_closure1.call(CallTestCaseKeyword.groovy)
	at com.kms.katalon.core.keyword.internal.KeywordMain.runKeyword(KeywordMain.groovy:68)
	at com.kms.katalon.core.keyword.builtin.CallTestCaseKeyword.callTestCase(CallTestCaseKeyword.groovy:81)
	at com.kms.katalon.core.keyword.builtin.CallTestCaseKeyword.execute(CallTestCaseKeyword.groovy:44)
	at com.kms.katalon.core.keyword.internal.KeywordExecutor.executeKeywordForPlatform(KeywordExecutor.groovy:73)
	at com.kms.katalon.core.keyword.BuiltinKeywords.callTestCase(BuiltinKeywords.groovy:334)
	at 002 - Portfolio Performance Daily IDR.run(002 - Portfolio Performance Daily IDR:23)
	at com.kms.katalon.core.main.ScriptEngine.run(ScriptEngine.java:194)
	at com.kms.katalon.core.main.ScriptEngine.runScriptAsRawText(ScriptEngine.java:119)
	at com.kms.katalon.core.main.TestCaseExecutor.runScript(TestCaseExecutor.java:398)
	at com.kms.katalon.core.main.TestCaseExecutor.doExecute(TestCaseExecutor.java:389)
	at com.kms.katalon.core.main.TestCaseExecutor.processExecutionPhase(TestCaseExecutor.java:368)
	at com.kms.katalon.core.main.TestCaseExecutor.accessMainPhase(TestCaseExecutor.java:360)
	at com.kms.katalon.core.main.TestCaseExecutor.execute(TestCaseExecutor.java:255)
	at com.kms.katalon.core.main.TestSuiteExecutor.accessTestCaseMainPhase(TestSuiteExecutor.java:203)
	at com.kms.katalon.core.main.TestSuiteExecutor.accessTestSuiteMainPhase(TestSuiteExecutor.java:152)
	at com.kms.katalon.core.main.TestSuiteExecutor.execute(TestSuiteExecutor.java:95)
	at com.kms.katalon.core.main.TestCaseMain.startTestSuite(TestCaseMain.java:157)
	at com.kms.katalon.core.main.TestCaseMain$startTestSuite$0.call(Unknown Source)
	at TempTestSuite1645101519548.run(TempTestSuite1645101519548.groovy:39)
)
[[ATTACHMENT|C:\\Users\\Owner\\Documents\\kerjaan\\KatalonProject\\qa_katalon_pwm\\qa_katalon_pwm\\Reports\\20220217_193831\\portfolio\\20220217_193839\\1645102098960.png]]

2022-02-17 19:48:19 - [MESSAGE][FAILED] - Unable to call Test Case 'Test Cases/Mobile/Page/Portfolio/Portfolio' (Root cause: com.kms.katalon.core.exception.StepFailedException: Call Test Case 'Test Cases/Mobile/Page/Portfolio/Portfolio' failed
	at com.kms.katalon.core.keyword.builtin.CallTestCaseKeyword$_callTestCase_closure1.doCall(CallTestCaseKeyword.groovy:63)
	at com.kms.katalon.core.keyword.builtin.CallTestCaseKeyword$_callTestCase_closure1.call(CallTestCaseKeyword.groovy)
	at com.kms.katalon.core.keyword.internal.KeywordMain.runKeyword(KeywordMain.groovy:68)
	at com.kms.katalon.core.keyword.builtin.CallTestCaseKeyword.callTestCase(CallTestCaseKeyword.groovy:81)
	at com.kms.katalon.core.keyword.builtin.CallTestCaseKeyword.execute(CallTestCaseKeyword.groovy:44)
	at com.kms.katalon.core.keyword.internal.KeywordExecutor.executeKeywordForPlatform(KeywordExecutor.groovy:73)
	at com.kms.katalon.core.keyword.BuiltinKeywords.callTestCase(BuiltinKeywords.groovy:334)
	at 002 - Portfolio Performance Daily IDR.run(002 - Portfolio Performance Daily IDR:23)
	at com.kms.katalon.core.main.ScriptEngine.run(ScriptEngine.java:194)
	at com.kms.katalon.core.main.ScriptEngine.runScriptAsRawText(ScriptEngine.java:119)
	at com.kms.katalon.core.main.TestCaseExecutor.runScript(TestCaseExecutor.java:398)
	at com.kms.katalon.core.main.TestCaseExecutor.doExecute(TestCaseExecutor.java:389)
	at com.kms.katalon.core.main.TestCaseExecutor.processExecutionPhase(TestCaseExecutor.java:368)
	at com.kms.katalon.core.main.TestCaseExecutor.accessMainPhase(TestCaseExecutor.java:360)
	at com.kms.katalon.core.main.TestCaseExecutor.execute(TestCaseExecutor.java:255)
	at com.kms.katalon.core.main.TestSuiteExecutor.accessTestCaseMainPhase(TestSuiteExecutor.java:203)
	at com.kms.katalon.core.main.TestSuiteExecutor.accessTestSuiteMainPhase(TestSuiteExecutor.java:152)
	at com.kms.katalon.core.main.TestSuiteExecutor.execute(TestSuiteExecutor.java:95)
	at com.kms.katalon.core.main.TestCaseMain.startTestSuite(TestCaseMain.java:157)
	at com.kms.katalon.core.main.TestCaseMain$startTestSuite$0.call(Unknown Source)
	at TempTestSuite1645101519548.run(TempTestSuite1645101519548.groovy:39)
Caused by: com.kms.katalon.core.exception.StepFailedException: Object Object Repository/Mobile/Page/Portfolio/Button - IDR not found
	at com.kms.katalon.core.keyword.internal.KeywordMain.stepFailed(KeywordMain.groovy:50)
	at com.kms.katalon.core.mobile.keyword.internal.MobileKeywordMain.stepFailed(MobileKeywordMain.groovy:40)
	at com.kms.katalon.core.mobile.keyword.builtin.TapKeyword$_tap_closure1.doCall(TapKeyword.groovy:79)
	at com.kms.katalon.core.mobile.keyword.builtin.TapKeyword$_tap_closure1.call(TapKeyword.groovy)
	at com.kms.katalon.core.mobile.keyword.internal.MobileKeywordMain.runKeyword(MobileKeywordMain.groovy:21)
	at com.kms.katalon.core.mobile.keyword.builtin.TapKeyword.tap(TapKeyword.groovy:86)
	at com.kms.katalon.core.mobile.keyword.builtin.TapKeyword.execute(TapKeyword.groovy:68)
	at com.kms.katalon.core.keyword.internal.KeywordExecutor.executeKeywordForPlatform(KeywordExecutor.groovy:73)
	at com.kms.katalon.core.mobile.keyword.MobileBuiltInKeywords.tap(MobileBuiltInKeywords.groovy:1354)
	at com.kms.katalon.core.mobile.keyword.MobileBuiltInKeywords$tap$1.call(Unknown Source)
	at Portfolio.run(Portfolio:55)
	at com.kms.katalon.core.main.ScriptEngine.run(ScriptEngine.java:194)
	at com.kms.katalon.core.main.ScriptEngine.runScriptAsRawText(ScriptEngine.java:119)
	at com.kms.katalon.core.main.TestCaseExecutor.runScript(TestCaseExecutor.java:398)
	at com.kms.katalon.core.main.TestCaseExecutor.doExecute(TestCaseExecutor.java:389)
	at com.kms.katalon.core.main.TestCaseExecutor.processExecutionPhase(TestCaseExecutor.java:368)
	at com.kms.katalon.core.main.TestCaseExecutor.accessMainPhase(TestCaseExecutor.java:360)
	at com.kms.katalon.core.main.TestCaseExecutor.execute(TestCaseExecutor.java:255)
	at com.kms.katalon.core.main.TestCaseMain.runTestCase(TestCaseMain.java:114)
	at com.kms.katalon.core.keyword.builtin.CallTestCaseKeyword$_callTestCase_closure1.doCall(CallTestCaseKeyword.groovy:59)
	... 20 more
)

2022-02-17 19:48:19 - [TEST_STEP][PASSED] - callTestCase(findTestCase("Mobile/Page/Run App/Terminate App"), [:], STOP_ON_FAILURE): Call Test Case 'Test Cases/Mobile/Page/Run App/Terminate App' successfully

2022-02-17 19:48:19 - [TEST_CASE][PASSED] - Test Cases/Mobile/Page/Run App/Terminate App: Test Cases/Mobile/Page/Run App/Terminate App

2022-02-17 19:48:19 - [TEST_STEP][PASSED] - startApp.OpenApp.terminateApplication(): startApp.OpenApp.terminateApplication is PASSED

2022-02-17 19:48:22 - [MESSAGE][PASSED] - Delayed 3 second(s)

2022-02-17 19:48:23 - [MESSAGE][PASSED] - Current device physical width is 720

2022-02-17 19:48:23 - [MESSAGE][PASSED] - Current device physical height is 1423

2022-02-17 19:48:24 - [MESSAGE][PASSED] - Swiped from 360,853 to 360,142

2022-02-17 19:48:25 - [MESSAGE][PASSED] - Delayed 1 second(s)

2022-02-17 19:48:26 - [MESSAGE][PASSED] - Swiped from 360,853 to 360,142

2022-02-17 19:48:30 - [MESSAGE][PASSED] - Delayed 3 second(s)

2022-02-17 19:48:30 - [MESSAGE][PASSED] - startApp.OpenApp.terminateApplication is PASSED

2022-02-17 19:48:30 - [MESSAGE][PASSED] - Call Test Case 'Test Cases/Mobile/Page/Run App/Terminate App' successfully]]></system-out>
         <system-err><![CDATA[2022-02-17 19:47:17 - [TEST_CASE][FAILED] - Test Cases/Mobile/Scenario/Portfolio/002 - Portfolio Performance Daily IDR: Test Cases/Mobile/Scenario/Portfolio/002 - Portfolio Performance Daily IDR FAILED.
Reason:
com.kms.katalon.core.exception.StepFailedException: Unable to call Test Case 'Test Cases/Mobile/Page/Portfolio/Portfolio' (Root cause: com.kms.katalon.core.exception.StepFailedException: Call Test Case 'Test Cases/Mobile/Page/Portfolio/Portfolio' failed
	at com.kms.katalon.core.keyword.builtin.CallTestCaseKeyword$_callTestCase_closure1.doCall(CallTestCaseKeyword.groovy:63)
	at com.kms.katalon.core.keyword.builtin.CallTestCaseKeyword$_callTestCase_closure1.call(CallTestCaseKeyword.groovy)
	at com.kms.katalon.core.keyword.internal.KeywordMain.runKeyword(KeywordMain.groovy:68)
	at com.kms.katalon.core.keyword.builtin.CallTestCaseKeyword.callTestCase(CallTestCaseKeyword.groovy:81)
	at com.kms.katalon.core.keyword.builtin.CallTestCaseKeyword.execute(CallTestCaseKeyword.groovy:44)
	at com.kms.katalon.core.keyword.internal.KeywordExecutor.executeKeywordForPlatform(KeywordExecutor.groovy:73)
	at com.kms.katalon.core.keyword.BuiltinKeywords.callTestCase(BuiltinKeywords.groovy:334)
	at 002 - Portfolio Performance Daily IDR.run(002 - Portfolio Performance Daily IDR:23)
	at com.kms.katalon.core.main.ScriptEngine.run(ScriptEngine.java:194)
	at com.kms.katalon.core.main.ScriptEngine.runScriptAsRawText(ScriptEngine.java:119)
	at com.kms.katalon.core.main.TestCaseExecutor.runScript(TestCaseExecutor.java:398)
	at com.kms.katalon.core.main.TestCaseExecutor.doExecute(TestCaseExecutor.java:389)
	at com.kms.katalon.core.main.TestCaseExecutor.processExecutionPhase(TestCaseExecutor.java:368)
	at com.kms.katalon.core.main.TestCaseExecutor.accessMainPhase(TestCaseExecutor.java:360)
	at com.kms.katalon.core.main.TestCaseExecutor.execute(TestCaseExecutor.java:255)
	at com.kms.katalon.core.main.TestSuiteExecutor.accessTestCaseMainPhase(TestSuiteExecutor.java:203)
	at com.kms.katalon.core.main.TestSuiteExecutor.accessTestSuiteMainPhase(TestSuiteExecutor.java:152)
	at com.kms.katalon.core.main.TestSuiteExecutor.execute(TestSuiteExecutor.java:95)
	at com.kms.katalon.core.main.TestCaseMain.startTestSuite(TestCaseMain.java:157)
	at com.kms.katalon.core.main.TestCaseMain$startTestSuite$0.call(Unknown Source)
	at TempTestSuite1645101519548.run(TempTestSuite1645101519548.groovy:39)
Caused by: com.kms.katalon.core.exception.StepFailedException: Object Object Repository/Mobile/Page/Portfolio/Button - IDR not found
	at com.kms.katalon.core.keyword.internal.KeywordMain.stepFailed(KeywordMain.groovy:50)
	at com.kms.katalon.core.mobile.keyword.internal.MobileKeywordMain.stepFailed(MobileKeywordMain.groovy:40)
	at com.kms.katalon.core.mobile.keyword.builtin.TapKeyword$_tap_closure1.doCall(TapKeyword.groovy:79)
	at com.kms.katalon.core.mobile.keyword.builtin.TapKeyword$_tap_closure1.call(TapKeyword.groovy)
	at com.kms.katalon.core.mobile.keyword.internal.MobileKeywordMain.runKeyword(MobileKeywordMain.groovy:21)
	at com.kms.katalon.core.mobile.keyword.builtin.TapKeyword.tap(TapKeyword.groovy:86)
	at com.kms.katalon.core.mobile.keyword.builtin.TapKeyword.execute(TapKeyword.groovy:68)
	at com.kms.katalon.core.keyword.internal.KeywordExecutor.executeKeywordForPlatform(KeywordExecutor.groovy:73)
	at com.kms.katalon.core.mobile.keyword.MobileBuiltInKeywords.tap(MobileBuiltInKeywords.groovy:1354)
	at com.kms.katalon.core.mobile.keyword.MobileBuiltInKeywords$tap$1.call(Unknown Source)
	at Portfolio.run(Portfolio:55)
	at com.kms.katalon.core.main.ScriptEngine.run(ScriptEngine.java:194)
	at com.kms.katalon.core.main.ScriptEngine.runScriptAsRawText(ScriptEngine.java:119)
	at com.kms.katalon.core.main.TestCaseExecutor.runScript(TestCaseExecutor.java:398)
	at com.kms.katalon.core.main.TestCaseExecutor.doExecute(TestCaseExecutor.java:389)
	at com.kms.katalon.core.main.TestCaseExecutor.processExecutionPhase(TestCaseExecutor.java:368)
	at com.kms.katalon.core.main.TestCaseExecutor.accessMainPhase(TestCaseExecutor.java:360)
	at com.kms.katalon.core.main.TestCaseExecutor.execute(TestCaseExecutor.java:255)
	at com.kms.katalon.core.main.TestCaseMain.runTestCase(TestCaseMain.java:114)
	at com.kms.katalon.core.keyword.builtin.CallTestCaseKeyword$_callTestCase_closure1.doCall(CallTestCaseKeyword.groovy:59)
	... 20 more
)
	at com.kms.katalon.core.keyword.internal.KeywordMain.stepFailed(KeywordMain.groovy:39)
	at com.kms.katalon.core.keyword.internal.KeywordMain.stepFailed(KeywordMain.groovy)
	at com.kms.katalon.core.keyword.internal.KeywordMain.runKeyword(KeywordMain.groovy:70)
	at com.kms.katalon.core.keyword.builtin.CallTestCaseKeyword.callTestCase(CallTestCaseKeyword.groovy:81)
	at com.kms.katalon.core.keyword.builtin.CallTestCaseKeyword.execute(CallTestCaseKeyword.groovy:44)
	at com.kms.katalon.core.keyword.internal.KeywordExecutor.executeKeywordForPlatform(KeywordExecutor.groovy:73)
	at com.kms.katalon.core.keyword.BuiltinKeywords.callTestCase(BuiltinKeywords.groovy:334)
	at 002 - Portfolio Performance Daily IDR.run(002 - Portfolio Performance Daily IDR:23)
	at com.kms.katalon.core.main.ScriptEngine.run(ScriptEngine.java:194)
	at com.kms.katalon.core.main.ScriptEngine.runScriptAsRawText(ScriptEngine.java:119)
	at com.kms.katalon.core.main.TestCaseExecutor.runScript(TestCaseExecutor.java:398)
	at com.kms.katalon.core.main.TestCaseExecutor.doExecute(TestCaseExecutor.java:389)
	at com.kms.katalon.core.main.TestCaseExecutor.processExecutionPhase(TestCaseExecutor.java:368)
	at com.kms.katalon.core.main.TestCaseExecutor.accessMainPhase(TestCaseExecutor.java:360)
	at com.kms.katalon.core.main.TestCaseExecutor.execute(TestCaseExecutor.java:255)
	at com.kms.katalon.core.main.TestSuiteExecutor.accessTestCaseMainPhase(TestSuiteExecutor.java:203)
	at com.kms.katalon.core.main.TestSuiteExecutor.accessTestSuiteMainPhase(TestSuiteExecutor.java:152)
	at com.kms.katalon.core.main.TestSuiteExecutor.execute(TestSuiteExecutor.java:95)
	at com.kms.katalon.core.main.TestCaseMain.startTestSuite(TestCaseMain.java:157)
	at com.kms.katalon.core.main.TestCaseMain$startTestSuite$0.call(Unknown Source)
	at TempTestSuite1645101519548.run(TempTestSuite1645101519548.groovy:39)
Caused by: com.kms.katalon.core.exception.StepFailedException: Call Test Case 'Test Cases/Mobile/Page/Portfolio/Portfolio' failed
	at com.kms.katalon.core.keyword.builtin.CallTestCaseKeyword$_callTestCase_closure1.doCall(CallTestCaseKeyword.groovy:63)
	at com.kms.katalon.core.keyword.builtin.CallTestCaseKeyword$_callTestCase_closure1.call(CallTestCaseKeyword.groovy)
	at com.kms.katalon.core.keyword.internal.KeywordMain.runKeyword(KeywordMain.groovy:68)
	... 18 more
Caused by: com.kms.katalon.core.exception.StepFailedException: Object Object Repository/Mobile/Page/Portfolio/Button - IDR not found
	at com.kms.katalon.core.keyword.internal.KeywordMain.stepFailed(KeywordMain.groovy:50)
	at com.kms.katalon.core.mobile.keyword.internal.MobileKeywordMain.stepFailed(MobileKeywordMain.groovy:40)
	at com.kms.katalon.core.mobile.keyword.builtin.TapKeyword$_tap_closure1.doCall(TapKeyword.groovy:79)
	at com.kms.katalon.core.mobile.keyword.builtin.TapKeyword$_tap_closure1.call(TapKeyword.groovy)
	at com.kms.katalon.core.mobile.keyword.internal.MobileKeywordMain.runKeyword(MobileKeywordMain.groovy:21)
	at com.kms.katalon.core.mobile.keyword.builtin.TapKeyword.tap(TapKeyword.groovy:86)
	at com.kms.katalon.core.mobile.keyword.builtin.TapKeyword.execute(TapKeyword.groovy:68)
	at com.kms.katalon.core.keyword.internal.KeywordExecutor.executeKeywordForPlatform(KeywordExecutor.groovy:73)
	at com.kms.katalon.core.mobile.keyword.MobileBuiltInKeywords.tap(MobileBuiltInKeywords.groovy:1354)
	at com.kms.katalon.core.mobile.keyword.MobileBuiltInKeywords$tap$1.call(Unknown Source)
	at Portfolio.run(Portfolio:55)
	at com.kms.katalon.core.main.ScriptEngine.run(ScriptEngine.java:194)
	at com.kms.katalon.core.main.ScriptEngine.runScriptAsRawText(ScriptEngine.java:119)
	at com.kms.katalon.core.main.TestCaseExecutor.runScript(TestCaseExecutor.java:398)
	at com.kms.katalon.core.main.TestCaseExecutor.doExecute(TestCaseExecutor.java:389)
	at com.kms.katalon.core.main.TestCaseExecutor.processExecutionPhase(TestCaseExecutor.java:368)
	at com.kms.katalon.core.main.TestCaseExecutor.accessMainPhase(TestCaseExecutor.java:360)
	at com.kms.katalon.core.main.TestCaseExecutor.execute(TestCaseExecutor.java:255)
	at com.kms.katalon.core.main.TestCaseMain.runTestCase(TestCaseMain.java:114)
	at com.kms.katalon.core.keyword.builtin.CallTestCaseKeyword$_callTestCase_closure1.doCall(CallTestCaseKeyword.groovy:59)
	... 20 more]]></system-err>
      </testcase>
      <testcase name="Test Cases/Mobile/Scenario/Portfolio/003 - Portfolio Performance Month to Date IDR" time="62.531" classname="Test Cases/Mobile/Scenario/Portfolio/003 - Portfolio Performance Month to Date IDR" status="PASSED">
         <system-out><![CDATA[2022-02-17 19:48:30 - [TEST_CASE][PASSED] - Test Cases/Mobile/Scenario/Portfolio/003 - Portfolio Performance Month to Date IDR: Test Cases/Mobile/Scenario/Portfolio/003 - Portfolio Performance Month to Date IDR

2022-02-17 19:48:30 - [TEST_STEP][PASSED] - callTestCase(findTestCase("Mobile/Page/Run App/Run App byID"), [:], STOP_ON_FAILURE): Call Test Case 'Test Cases/Mobile/Page/Run App/Run App byID' successfully

2022-02-17 19:48:30 - [TEST_CASE][PASSED] - Test Cases/Mobile/Page/Run App/Run App byID: Test Cases/Mobile/Page/Run App/Run App byID

2022-02-17 19:48:30 - [TEST_STEP][PASSED] - startApp.OpenApp.startApplication("id.co.miraeasset.sageclub"): startApp.OpenApp.startApplication is PASSED

2022-02-17 19:48:43 - [MESSAGE][PASSED] - Starting app with application ID: 'id.co.miraeasset.sageclub'

2022-02-17 19:48:43 - [MESSAGE][PASSED] - startApp.OpenApp.startApplication is PASSED

2022-02-17 19:48:43 - [MESSAGE][PASSED] - Call Test Case 'Test Cases/Mobile/Page/Run App/Run App byID' successfully

2022-02-17 19:48:43 - [TEST_STEP][PASSED] - callTestCase(findTestCase("Mobile/Page/Portfolio/Portfolio"), ["tab":"summary", "action":"perf_month", "action2":"idr"], CONTINUE_ON_FAILURE): Call Test Case 'Test Cases/Mobile/Page/Portfolio/Portfolio' successfully

2022-02-17 19:48:43 - [TEST_CASE][PASSED] - Test Cases/Mobile/Page/Portfolio/Portfolio: Test Cases/Mobile/Page/Portfolio/Portfolio

2022-02-17 19:48:43 - [TEST_STEP][PASSED] - callTestCase(findTestCase("Mobile/Page/CheckLogin"), [:], CONTINUE_ON_FAILURE): Call Test Case 'Test Cases/Mobile/Page/CheckLogin' successfully

2022-02-17 19:48:43 - [TEST_CASE][PASSED] - Test Cases/Mobile/Page/CheckLogin: Test Cases/Mobile/Page/CheckLogin

2022-02-17 19:48:43 - [TEST_STEP][PASSED] - loginCheck = verifyElementExist(LOGN_BtnLogin, 5, CONTINUE_ON_FAILURE): Element 'Object Repository/Mobile/Page/Login/Button - Login' is exist

2022-02-17 19:48:45 - [MESSAGE][PASSED] - Element 'Object Repository/Mobile/Page/Login/Button - Login' is exist

2022-02-17 19:48:45 - [TEST_STEP][PASSED] - if (loginCheck): Call Test Case 'Test Cases/Mobile/Page/Login/Login' successfully

2022-02-17 19:48:45 - [TEST_STEP][PASSED] - callTestCase(findTestCase("Mobile/Page/Login/Login"), ["action":"username"], CONTINUE_ON_FAILURE): Call Test Case 'Test Cases/Mobile/Page/Login/Login' successfully

2022-02-17 19:48:45 - [TEST_CASE][PASSED] - Test Cases/Mobile/Page/Login/Login: Test Cases/Mobile/Page/Login/Login

2022-02-17 19:48:45 - [TEST_STEP][PASSED] - delay(2): Delayed 2 second(s)

2022-02-17 19:48:47 - [MESSAGE][PASSED] - Delayed 2 second(s)

2022-02-17 19:48:47 - [TEST_STEP][PASSED] - for ([i = 0, i < 1, (i++)]): null

2022-02-17 19:48:47 - [TEST_STEP][PASSED] - if (action == "username"): null

2022-02-17 19:48:47 - [TEST_STEP][PASSED] - tap(LOGN_EdtUserID, 0): Tapped on element 'Object Repository/Mobile/Page/Login/Input - UserID'

2022-02-17 19:48:47 - [MESSAGE][WARNING] - Timeout '0' is invalid. Using default page load timeout: '60'

2022-02-17 19:48:47 - [MESSAGE][PASSED] - Tapped on element 'Object Repository/Mobile/Page/Login/Input - UserID'

2022-02-17 19:48:47 - [TEST_STEP][PASSED] - delay(1): Delayed 1 second(s)

2022-02-17 19:48:48 - [MESSAGE][PASSED] - Delayed 1 second(s)

2022-02-17 19:48:48 - [TEST_STEP][PASSED] - setText(LOGN_EdtRdyUserID, "anggaaditya", 0): Text 'anggaaditya' has been set to element 'Object Repository/Mobile/Page/Login/Input Rdy - UserID'

2022-02-17 19:48:48 - [MESSAGE][WARNING] - Timeout '0' is invalid. Using default page load timeout: '60'

2022-02-17 19:48:49 - [MESSAGE][PASSED] - Text 'anggaaditya' has been set to element 'Object Repository/Mobile/Page/Login/Input Rdy - UserID'

2022-02-17 19:48:49 - [TEST_STEP][PASSED] - delay(1): Delayed 1 second(s)

2022-02-17 19:48:50 - [MESSAGE][PASSED] - Delayed 1 second(s)

2022-02-17 19:48:50 - [TEST_STEP][PASSED] - hideKeyboard(): Keyboard is hidden

2022-02-17 19:48:54 - [MESSAGE][PASSED] - Keyboard is hidden

2022-02-17 19:48:54 - [TEST_STEP][PASSED] - tap(LOGN_EdtPassword, 0): Tapped on element 'Object Repository/Mobile/Page/Login/Input - Password'

2022-02-17 19:48:54 - [MESSAGE][WARNING] - Timeout '0' is invalid. Using default page load timeout: '60'

2022-02-17 19:48:54 - [MESSAGE][PASSED] - Tapped on element 'Object Repository/Mobile/Page/Login/Input - Password'

2022-02-17 19:48:54 - [TEST_STEP][PASSED] - delay(1): Delayed 1 second(s)

2022-02-17 19:48:55 - [MESSAGE][PASSED] - Delayed 1 second(s)

2022-02-17 19:48:55 - [TEST_STEP][PASSED] - setText(LOGN_EdtRdyPassword, "Shalawa18", 0): Text 'Shalawa18' has been set to element 'Object Repository/Mobile/Page/Login/Input Rdy - Password'

2022-02-17 19:48:55 - [MESSAGE][WARNING] - Timeout '0' is invalid. Using default page load timeout: '60'

2022-02-17 19:48:56 - [MESSAGE][PASSED] - Text 'Shalawa18' has been set to element 'Object Repository/Mobile/Page/Login/Input Rdy - Password'

2022-02-17 19:48:56 - [TEST_STEP][PASSED] - delay(1): Delayed 1 second(s)

2022-02-17 19:48:57 - [MESSAGE][PASSED] - Delayed 1 second(s)

2022-02-17 19:48:57 - [TEST_STEP][PASSED] - hideKeyboard(): Keyboard is hidden

2022-02-17 19:49:03 - [MESSAGE][PASSED] - Keyboard is hidden

2022-02-17 19:49:03 - [TEST_STEP][PASSED] - tap(LOGN_BtnLogin, 0): Tapped on element 'Object Repository/Mobile/Page/Login/Button - Login'

2022-02-17 19:49:03 - [MESSAGE][WARNING] - Timeout '0' is invalid. Using default page load timeout: '60'

2022-02-17 19:49:04 - [MESSAGE][PASSED] - Tapped on element 'Object Repository/Mobile/Page/Login/Button - Login'

2022-02-17 19:49:04 - [TEST_STEP][PASSED] - delay(2): Delayed 2 second(s)

2022-02-17 19:49:06 - [MESSAGE][PASSED] - Delayed 2 second(s)

2022-02-17 19:49:06 - [TEST_STEP][PASSED] - break: null

2022-02-17 19:49:06 - [MESSAGE][PASSED] - Call Test Case 'Test Cases/Mobile/Page/Login/Login' successfully

2022-02-17 19:49:06 - [MESSAGE][PASSED] - Call Test Case 'Test Cases/Mobile/Page/CheckLogin' successfully

2022-02-17 19:49:06 - [TEST_STEP][PASSED] - tap(HOME_MenubarPortfolio, 0): Tapped on element 'Object Repository/Mobile/Page/Home/Menubar - Portfolio'

2022-02-17 19:49:06 - [MESSAGE][WARNING] - Timeout '0' is invalid. Using default page load timeout: '60'

2022-02-17 19:49:08 - [MESSAGE][PASSED] - Tapped on element 'Object Repository/Mobile/Page/Home/Menubar - Portfolio'

2022-02-17 19:49:08 - [TEST_STEP][PASSED] - delay(1): Delayed 1 second(s)

2022-02-17 19:49:09 - [MESSAGE][PASSED] - Delayed 1 second(s)

2022-02-17 19:49:09 - [TEST_STEP][PASSED] - for ([i = 0, i < 1, (i++)]): Delayed 3 second(s)

2022-02-17 19:49:09 - [TEST_STEP][PASSED] - if (tab == "summary"): Delayed 3 second(s)

2022-02-17 19:49:09 - [TEST_STEP][PASSED] - idr = PORT_BtnIDR: null

2022-02-17 19:49:09 - [TEST_STEP][PASSED] - persen = PORT_BtnPersen: null

2022-02-17 19:49:09 - [TEST_STEP][PASSED] - if (action == "summary"): null

2022-02-17 19:49:09 - [TEST_STEP][PASSED] - else if (action == "perf_daily"): null

2022-02-17 19:49:09 - [TEST_STEP][PASSED] - else if (action == "perf_month"): Tapped on element 'Object Repository/Mobile/Page/Portfolio/Tab - Summary Month to Date'

2022-02-17 19:49:09 - [TEST_STEP][PASSED] - scroll.scroll.scrollScreenBottomToTop(): scroll.scroll.scrollScreenBottomToTop is PASSED

2022-02-17 19:49:10 - [MESSAGE][PASSED] - Current device physical height is 1423

2022-02-17 19:49:10 - [MESSAGE][PASSED] - Current device physical width is 720

2022-02-17 19:49:11 - [MESSAGE][PASSED] - Swiped from 360,1,138 to 360,284

2022-02-17 19:49:11 - [MESSAGE][PASSED] - scroll.scroll.scrollScreenBottomToTop is PASSED

2022-02-17 19:49:11 - [TEST_STEP][PASSED] - delay(1): Delayed 1 second(s)

2022-02-17 19:49:12 - [MESSAGE][PASSED] - Delayed 1 second(s)

2022-02-17 19:49:12 - [TEST_STEP][PASSED] - tap(PORT_TabSummaryMonth, 0): Tapped on element 'Object Repository/Mobile/Page/Portfolio/Tab - Summary Month to Date'

2022-02-17 19:49:12 - [MESSAGE][WARNING] - Timeout '0' is invalid. Using default page load timeout: '60'

2022-02-17 19:49:13 - [MESSAGE][PASSED] - Tapped on element 'Object Repository/Mobile/Page/Portfolio/Tab - Summary Month to Date'

2022-02-17 19:49:13 - [TEST_STEP][PASSED] - if (action != "summary"): Delayed 3 second(s)

2022-02-17 19:49:13 - [TEST_STEP][PASSED] - delay(1): Delayed 1 second(s)

2022-02-17 19:49:14 - [MESSAGE][PASSED] - Delayed 1 second(s)

2022-02-17 19:49:14 - [TEST_STEP][PASSED] - scroll.scroll.scrollScreenBottomToTop(): scroll.scroll.scrollScreenBottomToTop is PASSED

2022-02-17 19:49:14 - [MESSAGE][PASSED] - Current device physical height is 1423

2022-02-17 19:49:14 - [MESSAGE][PASSED] - Current device physical width is 720

2022-02-17 19:49:15 - [MESSAGE][PASSED] - Swiped from 360,1,138 to 360,284

2022-02-17 19:49:15 - [MESSAGE][PASSED] - scroll.scroll.scrollScreenBottomToTop is PASSED

2022-02-17 19:49:15 - [TEST_STEP][PASSED] - delay(3): Delayed 3 second(s)

2022-02-17 19:49:18 - [MESSAGE][PASSED] - Delayed 3 second(s)

2022-02-17 19:49:18 - [TEST_STEP][PASSED] - if (action2 == "idr"): Delayed 3 second(s)

2022-02-17 19:49:18 - [TEST_STEP][PASSED] - tap(idr, 10): Tapped on element 'Object Repository/Mobile/Page/Portfolio/Button - IDR'

2022-02-17 19:49:19 - [MESSAGE][PASSED] - Tapped on element 'Object Repository/Mobile/Page/Portfolio/Button - IDR'

2022-02-17 19:49:19 - [TEST_STEP][PASSED] - delay(3): Delayed 3 second(s)

2022-02-17 19:49:22 - [MESSAGE][PASSED] - Delayed 3 second(s)

2022-02-17 19:49:22 - [MESSAGE][PASSED] - Call Test Case 'Test Cases/Mobile/Page/Portfolio/Portfolio' successfully

2022-02-17 19:49:22 - [TEST_STEP][PASSED] - callTestCase(findTestCase("Mobile/Page/Run App/Terminate App"), [:], STOP_ON_FAILURE): Call Test Case 'Test Cases/Mobile/Page/Run App/Terminate App' successfully

2022-02-17 19:49:22 - [TEST_CASE][PASSED] - Test Cases/Mobile/Page/Run App/Terminate App: Test Cases/Mobile/Page/Run App/Terminate App

2022-02-17 19:49:22 - [TEST_STEP][PASSED] - startApp.OpenApp.terminateApplication(): startApp.OpenApp.terminateApplication is PASSED

2022-02-17 19:49:25 - [MESSAGE][PASSED] - Delayed 3 second(s)

2022-02-17 19:49:25 - [MESSAGE][PASSED] - Current device physical width is 720

2022-02-17 19:49:25 - [MESSAGE][PASSED] - Current device physical height is 1423

2022-02-17 19:49:27 - [MESSAGE][PASSED] - Swiped from 360,853 to 360,142

2022-02-17 19:49:28 - [MESSAGE][PASSED] - Delayed 1 second(s)

2022-02-17 19:49:29 - [MESSAGE][PASSED] - Swiped from 360,853 to 360,142

2022-02-17 19:49:32 - [MESSAGE][PASSED] - Delayed 3 second(s)

2022-02-17 19:49:32 - [MESSAGE][PASSED] - startApp.OpenApp.terminateApplication is PASSED

2022-02-17 19:49:32 - [MESSAGE][PASSED] - Call Test Case 'Test Cases/Mobile/Page/Run App/Terminate App' successfully]]></system-out>
         <system-err><![CDATA[]]></system-err>
      </testcase>
      <testcase name="Test Cases/Mobile/Scenario/Portfolio/004 - Portfolio Performance Quarter to Date IDR" time="65.88" classname="Test Cases/Mobile/Scenario/Portfolio/004 - Portfolio Performance Quarter to Date IDR" status="PASSED">
         <system-out><![CDATA[2022-02-17 19:49:32 - [TEST_CASE][PASSED] - Test Cases/Mobile/Scenario/Portfolio/004 - Portfolio Performance Quarter to Date IDR: Test Cases/Mobile/Scenario/Portfolio/004 - Portfolio Performance Quarter to Date IDR

2022-02-17 19:49:32 - [TEST_STEP][PASSED] - callTestCase(findTestCase("Mobile/Page/Run App/Run App byID"), [:], STOP_ON_FAILURE): Call Test Case 'Test Cases/Mobile/Page/Run App/Run App byID' successfully

2022-02-17 19:49:32 - [TEST_CASE][PASSED] - Test Cases/Mobile/Page/Run App/Run App byID: Test Cases/Mobile/Page/Run App/Run App byID

2022-02-17 19:49:32 - [TEST_STEP][PASSED] - startApp.OpenApp.startApplication("id.co.miraeasset.sageclub"): startApp.OpenApp.startApplication is PASSED

2022-02-17 19:49:46 - [MESSAGE][PASSED] - Starting app with application ID: 'id.co.miraeasset.sageclub'

2022-02-17 19:49:46 - [MESSAGE][PASSED] - startApp.OpenApp.startApplication is PASSED

2022-02-17 19:49:46 - [MESSAGE][PASSED] - Call Test Case 'Test Cases/Mobile/Page/Run App/Run App byID' successfully

2022-02-17 19:49:46 - [TEST_STEP][PASSED] - callTestCase(findTestCase("Mobile/Page/Portfolio/Portfolio"), ["tab":"summary", "action":"perf_quarter", "action2":"idr"], CONTINUE_ON_FAILURE): Call Test Case 'Test Cases/Mobile/Page/Portfolio/Portfolio' successfully

2022-02-17 19:49:46 - [TEST_CASE][PASSED] - Test Cases/Mobile/Page/Portfolio/Portfolio: Test Cases/Mobile/Page/Portfolio/Portfolio

2022-02-17 19:49:46 - [TEST_STEP][PASSED] - callTestCase(findTestCase("Mobile/Page/CheckLogin"), [:], CONTINUE_ON_FAILURE): Call Test Case 'Test Cases/Mobile/Page/CheckLogin' successfully

2022-02-17 19:49:46 - [TEST_CASE][PASSED] - Test Cases/Mobile/Page/CheckLogin: Test Cases/Mobile/Page/CheckLogin

2022-02-17 19:49:46 - [TEST_STEP][PASSED] - loginCheck = verifyElementExist(LOGN_BtnLogin, 5, CONTINUE_ON_FAILURE): Element 'Object Repository/Mobile/Page/Login/Button - Login' is exist

2022-02-17 19:49:49 - [MESSAGE][PASSED] - Element 'Object Repository/Mobile/Page/Login/Button - Login' is exist

2022-02-17 19:49:49 - [TEST_STEP][PASSED] - if (loginCheck): Call Test Case 'Test Cases/Mobile/Page/Login/Login' successfully

2022-02-17 19:49:49 - [TEST_STEP][PASSED] - callTestCase(findTestCase("Mobile/Page/Login/Login"), ["action":"username"], CONTINUE_ON_FAILURE): Call Test Case 'Test Cases/Mobile/Page/Login/Login' successfully

2022-02-17 19:49:49 - [TEST_CASE][PASSED] - Test Cases/Mobile/Page/Login/Login: Test Cases/Mobile/Page/Login/Login

2022-02-17 19:49:49 - [TEST_STEP][PASSED] - delay(2): Delayed 2 second(s)

2022-02-17 19:49:51 - [MESSAGE][PASSED] - Delayed 2 second(s)

2022-02-17 19:49:51 - [TEST_STEP][PASSED] - for ([i = 0, i < 1, (i++)]): null

2022-02-17 19:49:51 - [TEST_STEP][PASSED] - if (action == "username"): null

2022-02-17 19:49:51 - [TEST_STEP][PASSED] - tap(LOGN_EdtUserID, 0): Tapped on element 'Object Repository/Mobile/Page/Login/Input - UserID'

2022-02-17 19:49:51 - [MESSAGE][WARNING] - Timeout '0' is invalid. Using default page load timeout: '60'

2022-02-17 19:49:51 - [MESSAGE][PASSED] - Tapped on element 'Object Repository/Mobile/Page/Login/Input - UserID'

2022-02-17 19:49:51 - [TEST_STEP][PASSED] - delay(1): Delayed 1 second(s)

2022-02-17 19:49:52 - [MESSAGE][PASSED] - Delayed 1 second(s)

2022-02-17 19:49:52 - [TEST_STEP][PASSED] - setText(LOGN_EdtRdyUserID, "anggaaditya", 0): Text 'anggaaditya' has been set to element 'Object Repository/Mobile/Page/Login/Input Rdy - UserID'

2022-02-17 19:49:52 - [MESSAGE][WARNING] - Timeout '0' is invalid. Using default page load timeout: '60'

2022-02-17 19:49:53 - [MESSAGE][PASSED] - Text 'anggaaditya' has been set to element 'Object Repository/Mobile/Page/Login/Input Rdy - UserID'

2022-02-17 19:49:53 - [TEST_STEP][PASSED] - delay(1): Delayed 1 second(s)

2022-02-17 19:49:54 - [MESSAGE][PASSED] - Delayed 1 second(s)

2022-02-17 19:49:54 - [TEST_STEP][PASSED] - hideKeyboard(): Keyboard is hidden

2022-02-17 19:49:58 - [MESSAGE][PASSED] - Keyboard is hidden

2022-02-17 19:49:58 - [TEST_STEP][PASSED] - tap(LOGN_EdtPassword, 0): Tapped on element 'Object Repository/Mobile/Page/Login/Input - Password'

2022-02-17 19:49:58 - [MESSAGE][WARNING] - Timeout '0' is invalid. Using default page load timeout: '60'

2022-02-17 19:50:00 - [MESSAGE][PASSED] - Tapped on element 'Object Repository/Mobile/Page/Login/Input - Password'

2022-02-17 19:50:00 - [TEST_STEP][PASSED] - delay(1): Delayed 1 second(s)

2022-02-17 19:50:01 - [MESSAGE][PASSED] - Delayed 1 second(s)

2022-02-17 19:50:01 - [TEST_STEP][PASSED] - setText(LOGN_EdtRdyPassword, "Shalawa18", 0): Text 'Shalawa18' has been set to element 'Object Repository/Mobile/Page/Login/Input Rdy - Password'

2022-02-17 19:50:01 - [MESSAGE][WARNING] - Timeout '0' is invalid. Using default page load timeout: '60'

2022-02-17 19:50:01 - [MESSAGE][PASSED] - Text 'Shalawa18' has been set to element 'Object Repository/Mobile/Page/Login/Input Rdy - Password'

2022-02-17 19:50:01 - [TEST_STEP][PASSED] - delay(1): Delayed 1 second(s)

2022-02-17 19:50:02 - [MESSAGE][PASSED] - Delayed 1 second(s)

2022-02-17 19:50:02 - [TEST_STEP][PASSED] - hideKeyboard(): Keyboard is hidden

2022-02-17 19:50:09 - [MESSAGE][PASSED] - Keyboard is hidden

2022-02-17 19:50:09 - [TEST_STEP][PASSED] - tap(LOGN_BtnLogin, 0): Tapped on element 'Object Repository/Mobile/Page/Login/Button - Login'

2022-02-17 19:50:09 - [MESSAGE][WARNING] - Timeout '0' is invalid. Using default page load timeout: '60'

2022-02-17 19:50:10 - [MESSAGE][PASSED] - Tapped on element 'Object Repository/Mobile/Page/Login/Button - Login'

2022-02-17 19:50:10 - [TEST_STEP][PASSED] - delay(2): Delayed 2 second(s)

2022-02-17 19:50:12 - [MESSAGE][PASSED] - Delayed 2 second(s)

2022-02-17 19:50:12 - [TEST_STEP][PASSED] - break: null

2022-02-17 19:50:12 - [MESSAGE][PASSED] - Call Test Case 'Test Cases/Mobile/Page/Login/Login' successfully

2022-02-17 19:50:12 - [MESSAGE][PASSED] - Call Test Case 'Test Cases/Mobile/Page/CheckLogin' successfully

2022-02-17 19:50:12 - [TEST_STEP][PASSED] - tap(HOME_MenubarPortfolio, 0): Tapped on element 'Object Repository/Mobile/Page/Home/Menubar - Portfolio'

2022-02-17 19:50:12 - [MESSAGE][WARNING] - Timeout '0' is invalid. Using default page load timeout: '60'

2022-02-17 19:50:14 - [MESSAGE][PASSED] - Tapped on element 'Object Repository/Mobile/Page/Home/Menubar - Portfolio'

2022-02-17 19:50:14 - [TEST_STEP][PASSED] - delay(1): Delayed 1 second(s)

2022-02-17 19:50:15 - [MESSAGE][PASSED] - Delayed 1 second(s)

2022-02-17 19:50:15 - [TEST_STEP][PASSED] - for ([i = 0, i < 1, (i++)]): Delayed 3 second(s)

2022-02-17 19:50:15 - [TEST_STEP][PASSED] - if (tab == "summary"): Delayed 3 second(s)

2022-02-17 19:50:15 - [TEST_STEP][PASSED] - idr = PORT_BtnIDR: null

2022-02-17 19:50:15 - [TEST_STEP][PASSED] - persen = PORT_BtnPersen: null

2022-02-17 19:50:15 - [TEST_STEP][PASSED] - if (action == "summary"): null

2022-02-17 19:50:15 - [TEST_STEP][PASSED] - else if (action == "perf_daily"): null

2022-02-17 19:50:15 - [TEST_STEP][PASSED] - else if (action == "perf_month"): null

2022-02-17 19:50:15 - [TEST_STEP][PASSED] - else if (action == "perf_quarter"): Tapped on element 'Object Repository/Mobile/Page/Portfolio/Tab - Summary Quarter to Date'

2022-02-17 19:50:15 - [TEST_STEP][PASSED] - scroll.scroll.scrollScreenBottomToTop(): scroll.scroll.scrollScreenBottomToTop is PASSED

2022-02-17 19:50:15 - [MESSAGE][PASSED] - Current device physical height is 1423

2022-02-17 19:50:16 - [MESSAGE][PASSED] - Current device physical width is 720

2022-02-17 19:50:17 - [MESSAGE][PASSED] - Swiped from 360,1,138 to 360,284

2022-02-17 19:50:17 - [MESSAGE][PASSED] - scroll.scroll.scrollScreenBottomToTop is PASSED

2022-02-17 19:50:17 - [TEST_STEP][PASSED] - delay(1): Delayed 1 second(s)

2022-02-17 19:50:18 - [MESSAGE][PASSED] - Delayed 1 second(s)

2022-02-17 19:50:18 - [TEST_STEP][PASSED] - tap(PORT_TabSummaryQuarter, 0): Tapped on element 'Object Repository/Mobile/Page/Portfolio/Tab - Summary Quarter to Date'

2022-02-17 19:50:18 - [MESSAGE][WARNING] - Timeout '0' is invalid. Using default page load timeout: '60'

2022-02-17 19:50:18 - [MESSAGE][PASSED] - Tapped on element 'Object Repository/Mobile/Page/Portfolio/Tab - Summary Quarter to Date'

2022-02-17 19:50:18 - [TEST_STEP][PASSED] - if (action != "summary"): Delayed 3 second(s)

2022-02-17 19:50:18 - [TEST_STEP][PASSED] - delay(1): Delayed 1 second(s)

2022-02-17 19:50:19 - [MESSAGE][PASSED] - Delayed 1 second(s)

2022-02-17 19:50:19 - [TEST_STEP][PASSED] - scroll.scroll.scrollScreenBottomToTop(): scroll.scroll.scrollScreenBottomToTop is PASSED

2022-02-17 19:50:20 - [MESSAGE][PASSED] - Current device physical height is 1423

2022-02-17 19:50:20 - [MESSAGE][PASSED] - Current device physical width is 720

2022-02-17 19:50:21 - [MESSAGE][PASSED] - Swiped from 360,1,138 to 360,284

2022-02-17 19:50:21 - [MESSAGE][PASSED] - scroll.scroll.scrollScreenBottomToTop is PASSED

2022-02-17 19:50:21 - [TEST_STEP][PASSED] - delay(3): Delayed 3 second(s)

2022-02-17 19:50:24 - [MESSAGE][PASSED] - Delayed 3 second(s)

2022-02-17 19:50:24 - [TEST_STEP][PASSED] - if (action2 == "idr"): Delayed 3 second(s)

2022-02-17 19:50:24 - [TEST_STEP][PASSED] - tap(idr, 10): Tapped on element 'Object Repository/Mobile/Page/Portfolio/Button - IDR'

2022-02-17 19:50:25 - [MESSAGE][PASSED] - Tapped on element 'Object Repository/Mobile/Page/Portfolio/Button - IDR'

2022-02-17 19:50:25 - [TEST_STEP][PASSED] - delay(3): Delayed 3 second(s)

2022-02-17 19:50:28 - [MESSAGE][PASSED] - Delayed 3 second(s)

2022-02-17 19:50:28 - [MESSAGE][PASSED] - Call Test Case 'Test Cases/Mobile/Page/Portfolio/Portfolio' successfully

2022-02-17 19:50:28 - [TEST_STEP][PASSED] - callTestCase(findTestCase("Mobile/Page/Run App/Terminate App"), [:], STOP_ON_FAILURE): Call Test Case 'Test Cases/Mobile/Page/Run App/Terminate App' successfully

2022-02-17 19:50:28 - [TEST_CASE][PASSED] - Test Cases/Mobile/Page/Run App/Terminate App: Test Cases/Mobile/Page/Run App/Terminate App

2022-02-17 19:50:28 - [TEST_STEP][PASSED] - startApp.OpenApp.terminateApplication(): startApp.OpenApp.terminateApplication is PASSED

2022-02-17 19:50:31 - [MESSAGE][PASSED] - Delayed 3 second(s)

2022-02-17 19:50:31 - [MESSAGE][PASSED] - Current device physical width is 720

2022-02-17 19:50:31 - [MESSAGE][PASSED] - Current device physical height is 1423

2022-02-17 19:50:33 - [MESSAGE][PASSED] - Swiped from 360,853 to 360,142

2022-02-17 19:50:34 - [MESSAGE][PASSED] - Delayed 1 second(s)

2022-02-17 19:50:35 - [MESSAGE][PASSED] - Swiped from 360,853 to 360,142

2022-02-17 19:50:38 - [MESSAGE][PASSED] - Delayed 3 second(s)

2022-02-17 19:50:38 - [MESSAGE][PASSED] - startApp.OpenApp.terminateApplication is PASSED

2022-02-17 19:50:38 - [MESSAGE][PASSED] - Call Test Case 'Test Cases/Mobile/Page/Run App/Terminate App' successfully]]></system-out>
         <system-err><![CDATA[]]></system-err>
      </testcase>
      <testcase name="Test Cases/Mobile/Scenario/Portfolio/005 - Portfolio Performance Year to Date IDR" time="69.031" classname="Test Cases/Mobile/Scenario/Portfolio/005 - Portfolio Performance Year to Date IDR" status="PASSED">
         <system-out><![CDATA[2022-02-17 19:50:38 - [TEST_CASE][PASSED] - Test Cases/Mobile/Scenario/Portfolio/005 - Portfolio Performance Year to Date IDR: Test Cases/Mobile/Scenario/Portfolio/005 - Portfolio Performance Year to Date IDR

2022-02-17 19:50:38 - [TEST_STEP][PASSED] - callTestCase(findTestCase("Mobile/Page/Run App/Run App byID"), [:], STOP_ON_FAILURE): Call Test Case 'Test Cases/Mobile/Page/Run App/Run App byID' successfully

2022-02-17 19:50:38 - [TEST_CASE][PASSED] - Test Cases/Mobile/Page/Run App/Run App byID: Test Cases/Mobile/Page/Run App/Run App byID

2022-02-17 19:50:38 - [TEST_STEP][PASSED] - startApp.OpenApp.startApplication("id.co.miraeasset.sageclub"): startApp.OpenApp.startApplication is PASSED

2022-02-17 19:50:51 - [MESSAGE][PASSED] - Starting app with application ID: 'id.co.miraeasset.sageclub'

2022-02-17 19:50:51 - [MESSAGE][PASSED] - startApp.OpenApp.startApplication is PASSED

2022-02-17 19:50:51 - [MESSAGE][PASSED] - Call Test Case 'Test Cases/Mobile/Page/Run App/Run App byID' successfully

2022-02-17 19:50:51 - [TEST_STEP][PASSED] - callTestCase(findTestCase("Mobile/Page/Portfolio/Portfolio"), ["tab":"summary", "action":"perf_year", "action2":"idr"], CONTINUE_ON_FAILURE): Call Test Case 'Test Cases/Mobile/Page/Portfolio/Portfolio' successfully

2022-02-17 19:50:51 - [TEST_CASE][PASSED] - Test Cases/Mobile/Page/Portfolio/Portfolio: Test Cases/Mobile/Page/Portfolio/Portfolio

2022-02-17 19:50:51 - [TEST_STEP][PASSED] - callTestCase(findTestCase("Mobile/Page/CheckLogin"), [:], CONTINUE_ON_FAILURE): Call Test Case 'Test Cases/Mobile/Page/CheckLogin' successfully

2022-02-17 19:50:51 - [TEST_CASE][PASSED] - Test Cases/Mobile/Page/CheckLogin: Test Cases/Mobile/Page/CheckLogin

2022-02-17 19:50:51 - [TEST_STEP][PASSED] - loginCheck = verifyElementExist(LOGN_BtnLogin, 5, CONTINUE_ON_FAILURE): Element 'Object Repository/Mobile/Page/Login/Button - Login' is exist

2022-02-17 19:50:53 - [MESSAGE][PASSED] - Element 'Object Repository/Mobile/Page/Login/Button - Login' is exist

2022-02-17 19:50:53 - [TEST_STEP][PASSED] - if (loginCheck): Call Test Case 'Test Cases/Mobile/Page/Login/Login' successfully

2022-02-17 19:50:53 - [TEST_STEP][PASSED] - callTestCase(findTestCase("Mobile/Page/Login/Login"), ["action":"username"], CONTINUE_ON_FAILURE): Call Test Case 'Test Cases/Mobile/Page/Login/Login' successfully

2022-02-17 19:50:53 - [TEST_CASE][PASSED] - Test Cases/Mobile/Page/Login/Login: Test Cases/Mobile/Page/Login/Login

2022-02-17 19:50:53 - [TEST_STEP][PASSED] - delay(2): Delayed 2 second(s)

2022-02-17 19:50:55 - [MESSAGE][PASSED] - Delayed 2 second(s)

2022-02-17 19:50:55 - [TEST_STEP][PASSED] - for ([i = 0, i < 1, (i++)]): null

2022-02-17 19:50:55 - [TEST_STEP][PASSED] - if (action == "username"): null

2022-02-17 19:50:55 - [TEST_STEP][PASSED] - tap(LOGN_EdtUserID, 0): Tapped on element 'Object Repository/Mobile/Page/Login/Input - UserID'

2022-02-17 19:50:55 - [MESSAGE][WARNING] - Timeout '0' is invalid. Using default page load timeout: '60'

2022-02-17 19:50:56 - [MESSAGE][PASSED] - Tapped on element 'Object Repository/Mobile/Page/Login/Input - UserID'

2022-02-17 19:50:56 - [TEST_STEP][PASSED] - delay(1): Delayed 1 second(s)

2022-02-17 19:50:57 - [MESSAGE][PASSED] - Delayed 1 second(s)

2022-02-17 19:50:57 - [TEST_STEP][PASSED] - setText(LOGN_EdtRdyUserID, "anggaaditya", 0): Text 'anggaaditya' has been set to element 'Object Repository/Mobile/Page/Login/Input Rdy - UserID'

2022-02-17 19:50:57 - [MESSAGE][WARNING] - Timeout '0' is invalid. Using default page load timeout: '60'

2022-02-17 19:50:57 - [MESSAGE][PASSED] - Text 'anggaaditya' has been set to element 'Object Repository/Mobile/Page/Login/Input Rdy - UserID'

2022-02-17 19:50:57 - [TEST_STEP][PASSED] - delay(1): Delayed 1 second(s)

2022-02-17 19:50:58 - [MESSAGE][PASSED] - Delayed 1 second(s)

2022-02-17 19:50:58 - [TEST_STEP][PASSED] - hideKeyboard(): Keyboard is hidden

2022-02-17 19:51:06 - [MESSAGE][PASSED] - Keyboard is hidden

2022-02-17 19:51:06 - [TEST_STEP][PASSED] - tap(LOGN_EdtPassword, 0): Tapped on element 'Object Repository/Mobile/Page/Login/Input - Password'

2022-02-17 19:51:06 - [MESSAGE][WARNING] - Timeout '0' is invalid. Using default page load timeout: '60'

2022-02-17 19:51:06 - [MESSAGE][PASSED] - Tapped on element 'Object Repository/Mobile/Page/Login/Input - Password'

2022-02-17 19:51:06 - [TEST_STEP][PASSED] - delay(1): Delayed 1 second(s)

2022-02-17 19:51:07 - [MESSAGE][PASSED] - Delayed 1 second(s)

2022-02-17 19:51:07 - [TEST_STEP][PASSED] - setText(LOGN_EdtRdyPassword, "Shalawa18", 0): Text 'Shalawa18' has been set to element 'Object Repository/Mobile/Page/Login/Input Rdy - Password'

2022-02-17 19:51:07 - [MESSAGE][WARNING] - Timeout '0' is invalid. Using default page load timeout: '60'

2022-02-17 19:51:08 - [MESSAGE][PASSED] - Text 'Shalawa18' has been set to element 'Object Repository/Mobile/Page/Login/Input Rdy - Password'

2022-02-17 19:51:08 - [TEST_STEP][PASSED] - delay(1): Delayed 1 second(s)

2022-02-17 19:51:09 - [MESSAGE][PASSED] - Delayed 1 second(s)

2022-02-17 19:51:09 - [TEST_STEP][PASSED] - hideKeyboard(): Keyboard is hidden

2022-02-17 19:51:19 - [MESSAGE][PASSED] - Keyboard is hidden

2022-02-17 19:51:19 - [TEST_STEP][PASSED] - tap(LOGN_BtnLogin, 0): Tapped on element 'Object Repository/Mobile/Page/Login/Button - Login'

2022-02-17 19:51:19 - [MESSAGE][WARNING] - Timeout '0' is invalid. Using default page load timeout: '60'

2022-02-17 19:51:20 - [MESSAGE][PASSED] - Tapped on element 'Object Repository/Mobile/Page/Login/Button - Login'

2022-02-17 19:51:20 - [TEST_STEP][PASSED] - delay(2): Delayed 2 second(s)

2022-02-17 19:51:22 - [MESSAGE][PASSED] - Delayed 2 second(s)

2022-02-17 19:51:22 - [TEST_STEP][PASSED] - break: null

2022-02-17 19:51:22 - [MESSAGE][PASSED] - Call Test Case 'Test Cases/Mobile/Page/Login/Login' successfully

2022-02-17 19:51:22 - [MESSAGE][PASSED] - Call Test Case 'Test Cases/Mobile/Page/CheckLogin' successfully

2022-02-17 19:51:22 - [TEST_STEP][PASSED] - tap(HOME_MenubarPortfolio, 0): Tapped on element 'Object Repository/Mobile/Page/Home/Menubar - Portfolio'

2022-02-17 19:51:22 - [MESSAGE][WARNING] - Timeout '0' is invalid. Using default page load timeout: '60'

2022-02-17 19:51:23 - [MESSAGE][PASSED] - Tapped on element 'Object Repository/Mobile/Page/Home/Menubar - Portfolio'

2022-02-17 19:51:23 - [TEST_STEP][PASSED] - delay(1): Delayed 1 second(s)

2022-02-17 19:51:24 - [MESSAGE][PASSED] - Delayed 1 second(s)

2022-02-17 19:51:24 - [TEST_STEP][PASSED] - for ([i = 0, i < 1, (i++)]): Delayed 3 second(s)

2022-02-17 19:51:24 - [TEST_STEP][PASSED] - if (tab == "summary"): Delayed 3 second(s)

2022-02-17 19:51:24 - [TEST_STEP][PASSED] - idr = PORT_BtnIDR: null

2022-02-17 19:51:24 - [TEST_STEP][PASSED] - persen = PORT_BtnPersen: null

2022-02-17 19:51:24 - [TEST_STEP][PASSED] - if (action == "summary"): null

2022-02-17 19:51:24 - [TEST_STEP][PASSED] - else if (action == "perf_daily"): null

2022-02-17 19:51:24 - [TEST_STEP][PASSED] - else if (action == "perf_month"): null

2022-02-17 19:51:24 - [TEST_STEP][PASSED] - else if (action == "perf_quarter"): null

2022-02-17 19:51:24 - [TEST_STEP][PASSED] - else if (action == "perf_year"): Tapped on element 'Object Repository/Mobile/Page/Portfolio/Tab - Summary Year to Date'

2022-02-17 19:51:24 - [TEST_STEP][PASSED] - scroll.scroll.scrollScreenBottomToTop(): scroll.scroll.scrollScreenBottomToTop is PASSED

2022-02-17 19:51:24 - [MESSAGE][PASSED] - Current device physical height is 1423

2022-02-17 19:51:25 - [MESSAGE][PASSED] - Current device physical width is 720

2022-02-17 19:51:26 - [MESSAGE][PASSED] - Swiped from 360,1,138 to 360,284

2022-02-17 19:51:26 - [MESSAGE][PASSED] - scroll.scroll.scrollScreenBottomToTop is PASSED

2022-02-17 19:51:26 - [TEST_STEP][PASSED] - delay(1): Delayed 1 second(s)

2022-02-17 19:51:27 - [MESSAGE][PASSED] - Delayed 1 second(s)

2022-02-17 19:51:27 - [TEST_STEP][PASSED] - tap(PORT_TabSummaryYear, 0): Tapped on element 'Object Repository/Mobile/Page/Portfolio/Tab - Summary Year to Date'

2022-02-17 19:51:27 - [MESSAGE][WARNING] - Timeout '0' is invalid. Using default page load timeout: '60'

2022-02-17 19:51:27 - [MESSAGE][PASSED] - Tapped on element 'Object Repository/Mobile/Page/Portfolio/Tab - Summary Year to Date'

2022-02-17 19:51:27 - [TEST_STEP][PASSED] - if (action != "summary"): Delayed 3 second(s)

2022-02-17 19:51:27 - [TEST_STEP][PASSED] - delay(1): Delayed 1 second(s)

2022-02-17 19:51:28 - [MESSAGE][PASSED] - Delayed 1 second(s)

2022-02-17 19:51:28 - [TEST_STEP][PASSED] - scroll.scroll.scrollScreenBottomToTop(): scroll.scroll.scrollScreenBottomToTop is PASSED

2022-02-17 19:51:29 - [MESSAGE][PASSED] - Current device physical height is 1423

2022-02-17 19:51:29 - [MESSAGE][PASSED] - Current device physical width is 720

2022-02-17 19:51:30 - [MESSAGE][PASSED] - Swiped from 360,1,138 to 360,284

2022-02-17 19:51:30 - [MESSAGE][PASSED] - scroll.scroll.scrollScreenBottomToTop is PASSED

2022-02-17 19:51:30 - [TEST_STEP][PASSED] - delay(3): Delayed 3 second(s)

2022-02-17 19:51:33 - [MESSAGE][PASSED] - Delayed 3 second(s)

2022-02-17 19:51:33 - [TEST_STEP][PASSED] - if (action2 == "idr"): Delayed 3 second(s)

2022-02-17 19:51:33 - [TEST_STEP][PASSED] - tap(idr, 10): Tapped on element 'Object Repository/Mobile/Page/Portfolio/Button - IDR'

2022-02-17 19:51:34 - [MESSAGE][PASSED] - Tapped on element 'Object Repository/Mobile/Page/Portfolio/Button - IDR'

2022-02-17 19:51:34 - [TEST_STEP][PASSED] - delay(3): Delayed 3 second(s)

2022-02-17 19:51:37 - [MESSAGE][PASSED] - Delayed 3 second(s)

2022-02-17 19:51:37 - [MESSAGE][PASSED] - Call Test Case 'Test Cases/Mobile/Page/Portfolio/Portfolio' successfully

2022-02-17 19:51:37 - [TEST_STEP][PASSED] - callTestCase(findTestCase("Mobile/Page/Run App/Terminate App"), [:], STOP_ON_FAILURE): Call Test Case 'Test Cases/Mobile/Page/Run App/Terminate App' successfully

2022-02-17 19:51:37 - [TEST_CASE][PASSED] - Test Cases/Mobile/Page/Run App/Terminate App: Test Cases/Mobile/Page/Run App/Terminate App

2022-02-17 19:51:37 - [TEST_STEP][PASSED] - startApp.OpenApp.terminateApplication(): startApp.OpenApp.terminateApplication is PASSED

2022-02-17 19:51:40 - [MESSAGE][PASSED] - Delayed 3 second(s)

2022-02-17 19:51:40 - [MESSAGE][PASSED] - Current device physical width is 720

2022-02-17 19:51:40 - [MESSAGE][PASSED] - Current device physical height is 1423

2022-02-17 19:51:42 - [MESSAGE][PASSED] - Swiped from 360,853 to 360,142

2022-02-17 19:51:43 - [MESSAGE][PASSED] - Delayed 1 second(s)

2022-02-17 19:51:44 - [MESSAGE][PASSED] - Swiped from 360,853 to 360,142

2022-02-17 19:51:47 - [MESSAGE][PASSED] - Delayed 3 second(s)

2022-02-17 19:51:47 - [MESSAGE][PASSED] - startApp.OpenApp.terminateApplication is PASSED

2022-02-17 19:51:47 - [MESSAGE][PASSED] - Call Test Case 'Test Cases/Mobile/Page/Run App/Terminate App' successfully]]></system-out>
         <system-err><![CDATA[]]></system-err>
      </testcase>
      <testcase name="Test Cases/Mobile/Scenario/Portfolio/006 - Portfolio Performance Daily Persen" time="62.817" classname="Test Cases/Mobile/Scenario/Portfolio/006 - Portfolio Performance Daily Persen" status="PASSED">
         <system-out><![CDATA[2022-02-17 19:51:47 - [TEST_CASE][PASSED] - Test Cases/Mobile/Scenario/Portfolio/006 - Portfolio Performance Daily Persen: Test Cases/Mobile/Scenario/Portfolio/006 - Portfolio Performance Daily Persen

2022-02-17 19:51:47 - [TEST_STEP][PASSED] - callTestCase(findTestCase("Mobile/Page/Run App/Run App byID"), [:], STOP_ON_FAILURE): Call Test Case 'Test Cases/Mobile/Page/Run App/Run App byID' successfully

2022-02-17 19:51:47 - [TEST_CASE][PASSED] - Test Cases/Mobile/Page/Run App/Run App byID: Test Cases/Mobile/Page/Run App/Run App byID

2022-02-17 19:51:47 - [TEST_STEP][PASSED] - startApp.OpenApp.startApplication("id.co.miraeasset.sageclub"): startApp.OpenApp.startApplication is PASSED

2022-02-17 19:52:01 - [MESSAGE][PASSED] - Starting app with application ID: 'id.co.miraeasset.sageclub'

2022-02-17 19:52:01 - [MESSAGE][PASSED] - startApp.OpenApp.startApplication is PASSED

2022-02-17 19:52:01 - [MESSAGE][PASSED] - Call Test Case 'Test Cases/Mobile/Page/Run App/Run App byID' successfully

2022-02-17 19:52:01 - [TEST_STEP][PASSED] - callTestCase(findTestCase("Mobile/Page/Portfolio/Portfolio"), ["tab":"summary", "action":"perf_daily", "action2":"persen"], CONTINUE_ON_FAILURE): Call Test Case 'Test Cases/Mobile/Page/Portfolio/Portfolio' successfully

2022-02-17 19:52:01 - [TEST_CASE][PASSED] - Test Cases/Mobile/Page/Portfolio/Portfolio: Test Cases/Mobile/Page/Portfolio/Portfolio

2022-02-17 19:52:01 - [TEST_STEP][PASSED] - callTestCase(findTestCase("Mobile/Page/CheckLogin"), [:], CONTINUE_ON_FAILURE): Call Test Case 'Test Cases/Mobile/Page/CheckLogin' successfully

2022-02-17 19:52:01 - [TEST_CASE][PASSED] - Test Cases/Mobile/Page/CheckLogin: Test Cases/Mobile/Page/CheckLogin

2022-02-17 19:52:01 - [TEST_STEP][PASSED] - loginCheck = verifyElementExist(LOGN_BtnLogin, 5, CONTINUE_ON_FAILURE): Element 'Object Repository/Mobile/Page/Login/Button - Login' is exist

2022-02-17 19:52:03 - [MESSAGE][PASSED] - Element 'Object Repository/Mobile/Page/Login/Button - Login' is exist

2022-02-17 19:52:03 - [TEST_STEP][PASSED] - if (loginCheck): Call Test Case 'Test Cases/Mobile/Page/Login/Login' successfully

2022-02-17 19:52:03 - [TEST_STEP][PASSED] - callTestCase(findTestCase("Mobile/Page/Login/Login"), ["action":"username"], CONTINUE_ON_FAILURE): Call Test Case 'Test Cases/Mobile/Page/Login/Login' successfully

2022-02-17 19:52:03 - [TEST_CASE][PASSED] - Test Cases/Mobile/Page/Login/Login: Test Cases/Mobile/Page/Login/Login

2022-02-17 19:52:03 - [TEST_STEP][PASSED] - delay(2): Delayed 2 second(s)

2022-02-17 19:52:05 - [MESSAGE][PASSED] - Delayed 2 second(s)

2022-02-17 19:52:05 - [TEST_STEP][PASSED] - for ([i = 0, i < 1, (i++)]): null

2022-02-17 19:52:05 - [TEST_STEP][PASSED] - if (action == "username"): null

2022-02-17 19:52:05 - [TEST_STEP][PASSED] - tap(LOGN_EdtUserID, 0): Tapped on element 'Object Repository/Mobile/Page/Login/Input - UserID'

2022-02-17 19:52:05 - [MESSAGE][WARNING] - Timeout '0' is invalid. Using default page load timeout: '60'

2022-02-17 19:52:05 - [MESSAGE][PASSED] - Tapped on element 'Object Repository/Mobile/Page/Login/Input - UserID'

2022-02-17 19:52:05 - [TEST_STEP][PASSED] - delay(1): Delayed 1 second(s)

2022-02-17 19:52:06 - [MESSAGE][PASSED] - Delayed 1 second(s)

2022-02-17 19:52:06 - [TEST_STEP][PASSED] - setText(LOGN_EdtRdyUserID, "anggaaditya", 0): Text 'anggaaditya' has been set to element 'Object Repository/Mobile/Page/Login/Input Rdy - UserID'

2022-02-17 19:52:06 - [MESSAGE][WARNING] - Timeout '0' is invalid. Using default page load timeout: '60'

2022-02-17 19:52:07 - [MESSAGE][PASSED] - Text 'anggaaditya' has been set to element 'Object Repository/Mobile/Page/Login/Input Rdy - UserID'

2022-02-17 19:52:07 - [TEST_STEP][PASSED] - delay(1): Delayed 1 second(s)

2022-02-17 19:52:08 - [MESSAGE][PASSED] - Delayed 1 second(s)

2022-02-17 19:52:08 - [TEST_STEP][PASSED] - hideKeyboard(): Keyboard is hidden

2022-02-17 19:52:13 - [MESSAGE][PASSED] - Keyboard is hidden

2022-02-17 19:52:13 - [TEST_STEP][PASSED] - tap(LOGN_EdtPassword, 0): Tapped on element 'Object Repository/Mobile/Page/Login/Input - Password'

2022-02-17 19:52:13 - [MESSAGE][WARNING] - Timeout '0' is invalid. Using default page load timeout: '60'

2022-02-17 19:52:13 - [MESSAGE][PASSED] - Tapped on element 'Object Repository/Mobile/Page/Login/Input - Password'

2022-02-17 19:52:13 - [TEST_STEP][PASSED] - delay(1): Delayed 1 second(s)

2022-02-17 19:52:14 - [MESSAGE][PASSED] - Delayed 1 second(s)

2022-02-17 19:52:14 - [TEST_STEP][PASSED] - setText(LOGN_EdtRdyPassword, "Shalawa18", 0): Text 'Shalawa18' has been set to element 'Object Repository/Mobile/Page/Login/Input Rdy - Password'

2022-02-17 19:52:14 - [MESSAGE][WARNING] - Timeout '0' is invalid. Using default page load timeout: '60'

2022-02-17 19:52:15 - [MESSAGE][PASSED] - Text 'Shalawa18' has been set to element 'Object Repository/Mobile/Page/Login/Input Rdy - Password'

2022-02-17 19:52:15 - [TEST_STEP][PASSED] - delay(1): Delayed 1 second(s)

2022-02-17 19:52:16 - [MESSAGE][PASSED] - Delayed 1 second(s)

2022-02-17 19:52:16 - [TEST_STEP][PASSED] - hideKeyboard(): Keyboard is hidden

2022-02-17 19:52:22 - [MESSAGE][PASSED] - Keyboard is hidden

2022-02-17 19:52:22 - [TEST_STEP][PASSED] - tap(LOGN_BtnLogin, 0): Tapped on element 'Object Repository/Mobile/Page/Login/Button - Login'

2022-02-17 19:52:22 - [MESSAGE][WARNING] - Timeout '0' is invalid. Using default page load timeout: '60'

2022-02-17 19:52:23 - [MESSAGE][PASSED] - Tapped on element 'Object Repository/Mobile/Page/Login/Button - Login'

2022-02-17 19:52:23 - [TEST_STEP][PASSED] - delay(2): Delayed 2 second(s)

2022-02-17 19:52:25 - [MESSAGE][PASSED] - Delayed 2 second(s)

2022-02-17 19:52:25 - [TEST_STEP][PASSED] - break: null

2022-02-17 19:52:25 - [MESSAGE][PASSED] - Call Test Case 'Test Cases/Mobile/Page/Login/Login' successfully

2022-02-17 19:52:25 - [MESSAGE][PASSED] - Call Test Case 'Test Cases/Mobile/Page/CheckLogin' successfully

2022-02-17 19:52:25 - [TEST_STEP][PASSED] - tap(HOME_MenubarPortfolio, 0): Tapped on element 'Object Repository/Mobile/Page/Home/Menubar - Portfolio'

2022-02-17 19:52:25 - [MESSAGE][WARNING] - Timeout '0' is invalid. Using default page load timeout: '60'

2022-02-17 19:52:27 - [MESSAGE][PASSED] - Tapped on element 'Object Repository/Mobile/Page/Home/Menubar - Portfolio'

2022-02-17 19:52:27 - [TEST_STEP][PASSED] - delay(1): Delayed 1 second(s)

2022-02-17 19:52:28 - [MESSAGE][PASSED] - Delayed 1 second(s)

2022-02-17 19:52:28 - [TEST_STEP][PASSED] - for ([i = 0, i < 1, (i++)]): Delayed 3 second(s)

2022-02-17 19:52:28 - [TEST_STEP][PASSED] - if (tab == "summary"): Delayed 3 second(s)

2022-02-17 19:52:28 - [TEST_STEP][PASSED] - idr = PORT_BtnIDR: null

2022-02-17 19:52:28 - [TEST_STEP][PASSED] - persen = PORT_BtnPersen: null

2022-02-17 19:52:28 - [TEST_STEP][PASSED] - if (action == "summary"): null

2022-02-17 19:52:28 - [TEST_STEP][PASSED] - else if (action == "perf_daily"): scroll.scroll.scrollScreenBottomToTop is PASSED

2022-02-17 19:52:28 - [TEST_STEP][PASSED] - scroll.scroll.scrollScreenBottomToTop(): scroll.scroll.scrollScreenBottomToTop is PASSED

2022-02-17 19:52:29 - [MESSAGE][PASSED] - Current device physical height is 1423

2022-02-17 19:52:29 - [MESSAGE][PASSED] - Current device physical width is 720

2022-02-17 19:52:30 - [MESSAGE][PASSED] - Swiped from 360,1,138 to 360,284

2022-02-17 19:52:30 - [MESSAGE][PASSED] - scroll.scroll.scrollScreenBottomToTop is PASSED

2022-02-17 19:52:30 - [TEST_STEP][PASSED] - if (action != "summary"): Delayed 3 second(s)

2022-02-17 19:52:30 - [TEST_STEP][PASSED] - delay(1): Delayed 1 second(s)

2022-02-17 19:52:31 - [MESSAGE][PASSED] - Delayed 1 second(s)

2022-02-17 19:52:31 - [TEST_STEP][PASSED] - scroll.scroll.scrollScreenBottomToTop(): scroll.scroll.scrollScreenBottomToTop is PASSED

2022-02-17 19:52:31 - [MESSAGE][PASSED] - Current device physical height is 1423

2022-02-17 19:52:32 - [MESSAGE][PASSED] - Current device physical width is 720

2022-02-17 19:52:33 - [MESSAGE][PASSED] - Swiped from 360,1,138 to 360,284

2022-02-17 19:52:33 - [MESSAGE][PASSED] - scroll.scroll.scrollScreenBottomToTop is PASSED

2022-02-17 19:52:33 - [TEST_STEP][PASSED] - delay(3): Delayed 3 second(s)

2022-02-17 19:52:36 - [MESSAGE][PASSED] - Delayed 3 second(s)

2022-02-17 19:52:36 - [TEST_STEP][PASSED] - if (action2 == "idr"): null

2022-02-17 19:52:36 - [TEST_STEP][PASSED] - else if (action2 == "persen"): Delayed 3 second(s)

2022-02-17 19:52:36 - [TEST_STEP][PASSED] - tap(persen, 10): Tapped on element 'Object Repository/Mobile/Page/Portfolio/Button - Persen'

2022-02-17 19:52:36 - [MESSAGE][PASSED] - Tapped on element 'Object Repository/Mobile/Page/Portfolio/Button - Persen'

2022-02-17 19:52:36 - [TEST_STEP][PASSED] - delay(3): Delayed 3 second(s)

2022-02-17 19:52:39 - [MESSAGE][PASSED] - Delayed 3 second(s)

2022-02-17 19:52:39 - [MESSAGE][PASSED] - Call Test Case 'Test Cases/Mobile/Page/Portfolio/Portfolio' successfully

2022-02-17 19:52:39 - [TEST_STEP][PASSED] - callTestCase(findTestCase("Mobile/Page/Run App/Terminate App"), [:], STOP_ON_FAILURE): Call Test Case 'Test Cases/Mobile/Page/Run App/Terminate App' successfully

2022-02-17 19:52:39 - [TEST_CASE][PASSED] - Test Cases/Mobile/Page/Run App/Terminate App: Test Cases/Mobile/Page/Run App/Terminate App

2022-02-17 19:52:39 - [TEST_STEP][PASSED] - startApp.OpenApp.terminateApplication(): startApp.OpenApp.terminateApplication is PASSED

2022-02-17 19:52:43 - [MESSAGE][PASSED] - Delayed 3 second(s)

2022-02-17 19:52:43 - [MESSAGE][PASSED] - Current device physical width is 720

2022-02-17 19:52:43 - [MESSAGE][PASSED] - Current device physical height is 1423

2022-02-17 19:52:44 - [MESSAGE][PASSED] - Swiped from 360,853 to 360,142

2022-02-17 19:52:45 - [MESSAGE][PASSED] - Delayed 1 second(s)

2022-02-17 19:52:47 - [MESSAGE][PASSED] - Swiped from 360,853 to 360,142

2022-02-17 19:52:50 - [MESSAGE][PASSED] - Delayed 3 second(s)

2022-02-17 19:52:50 - [MESSAGE][PASSED] - startApp.OpenApp.terminateApplication is PASSED

2022-02-17 19:52:50 - [MESSAGE][PASSED] - Call Test Case 'Test Cases/Mobile/Page/Run App/Terminate App' successfully]]></system-out>
         <system-err><![CDATA[]]></system-err>
      </testcase>
      <testcase name="Test Cases/Mobile/Scenario/Portfolio/007 - Portfolio Performance Month to Date Persen" time="64.383" classname="Test Cases/Mobile/Scenario/Portfolio/007 - Portfolio Performance Month to Date Persen" status="PASSED">
         <system-out><![CDATA[2022-02-17 19:52:50 - [TEST_CASE][PASSED] - Test Cases/Mobile/Scenario/Portfolio/007 - Portfolio Performance Month to Date Persen: Test Cases/Mobile/Scenario/Portfolio/007 - Portfolio Performance Month to Date Persen

2022-02-17 19:52:50 - [TEST_STEP][PASSED] - callTestCase(findTestCase("Mobile/Page/Run App/Run App byID"), [:], STOP_ON_FAILURE): Call Test Case 'Test Cases/Mobile/Page/Run App/Run App byID' successfully

2022-02-17 19:52:50 - [TEST_CASE][PASSED] - Test Cases/Mobile/Page/Run App/Run App byID: Test Cases/Mobile/Page/Run App/Run App byID

2022-02-17 19:52:50 - [TEST_STEP][PASSED] - startApp.OpenApp.startApplication("id.co.miraeasset.sageclub"): startApp.OpenApp.startApplication is PASSED

2022-02-17 19:53:05 - [MESSAGE][PASSED] - Starting app with application ID: 'id.co.miraeasset.sageclub'

2022-02-17 19:53:05 - [MESSAGE][PASSED] - startApp.OpenApp.startApplication is PASSED

2022-02-17 19:53:05 - [MESSAGE][PASSED] - Call Test Case 'Test Cases/Mobile/Page/Run App/Run App byID' successfully

2022-02-17 19:53:05 - [TEST_STEP][PASSED] - callTestCase(findTestCase("Mobile/Page/Portfolio/Portfolio"), ["tab":"summary", "action":"perf_month", "action2":"persen"], CONTINUE_ON_FAILURE): Call Test Case 'Test Cases/Mobile/Page/Portfolio/Portfolio' successfully

2022-02-17 19:53:05 - [TEST_CASE][PASSED] - Test Cases/Mobile/Page/Portfolio/Portfolio: Test Cases/Mobile/Page/Portfolio/Portfolio

2022-02-17 19:53:05 - [TEST_STEP][PASSED] - callTestCase(findTestCase("Mobile/Page/CheckLogin"), [:], CONTINUE_ON_FAILURE): Call Test Case 'Test Cases/Mobile/Page/CheckLogin' successfully

2022-02-17 19:53:05 - [TEST_CASE][PASSED] - Test Cases/Mobile/Page/CheckLogin: Test Cases/Mobile/Page/CheckLogin

2022-02-17 19:53:05 - [TEST_STEP][PASSED] - loginCheck = verifyElementExist(LOGN_BtnLogin, 5, CONTINUE_ON_FAILURE): Element 'Object Repository/Mobile/Page/Login/Button - Login' is exist

2022-02-17 19:53:07 - [MESSAGE][PASSED] - Element 'Object Repository/Mobile/Page/Login/Button - Login' is exist

2022-02-17 19:53:07 - [TEST_STEP][PASSED] - if (loginCheck): Call Test Case 'Test Cases/Mobile/Page/Login/Login' successfully

2022-02-17 19:53:07 - [TEST_STEP][PASSED] - callTestCase(findTestCase("Mobile/Page/Login/Login"), ["action":"username"], CONTINUE_ON_FAILURE): Call Test Case 'Test Cases/Mobile/Page/Login/Login' successfully

2022-02-17 19:53:07 - [TEST_CASE][PASSED] - Test Cases/Mobile/Page/Login/Login: Test Cases/Mobile/Page/Login/Login

2022-02-17 19:53:07 - [TEST_STEP][PASSED] - delay(2): Delayed 2 second(s)

2022-02-17 19:53:09 - [MESSAGE][PASSED] - Delayed 2 second(s)

2022-02-17 19:53:09 - [TEST_STEP][PASSED] - for ([i = 0, i < 1, (i++)]): null

2022-02-17 19:53:09 - [TEST_STEP][PASSED] - if (action == "username"): null

2022-02-17 19:53:09 - [TEST_STEP][PASSED] - tap(LOGN_EdtUserID, 0): Tapped on element 'Object Repository/Mobile/Page/Login/Input - UserID'

2022-02-17 19:53:09 - [MESSAGE][WARNING] - Timeout '0' is invalid. Using default page load timeout: '60'

2022-02-17 19:53:09 - [MESSAGE][PASSED] - Tapped on element 'Object Repository/Mobile/Page/Login/Input - UserID'

2022-02-17 19:53:09 - [TEST_STEP][PASSED] - delay(1): Delayed 1 second(s)

2022-02-17 19:53:10 - [MESSAGE][PASSED] - Delayed 1 second(s)

2022-02-17 19:53:10 - [TEST_STEP][PASSED] - setText(LOGN_EdtRdyUserID, "anggaaditya", 0): Text 'anggaaditya' has been set to element 'Object Repository/Mobile/Page/Login/Input Rdy - UserID'

2022-02-17 19:53:10 - [MESSAGE][WARNING] - Timeout '0' is invalid. Using default page load timeout: '60'

2022-02-17 19:53:11 - [MESSAGE][PASSED] - Text 'anggaaditya' has been set to element 'Object Repository/Mobile/Page/Login/Input Rdy - UserID'

2022-02-17 19:53:11 - [TEST_STEP][PASSED] - delay(1): Delayed 1 second(s)

2022-02-17 19:53:12 - [MESSAGE][PASSED] - Delayed 1 second(s)

2022-02-17 19:53:12 - [TEST_STEP][PASSED] - hideKeyboard(): Keyboard is hidden

2022-02-17 19:53:16 - [MESSAGE][PASSED] - Keyboard is hidden

2022-02-17 19:53:16 - [TEST_STEP][PASSED] - tap(LOGN_EdtPassword, 0): Tapped on element 'Object Repository/Mobile/Page/Login/Input - Password'

2022-02-17 19:53:16 - [MESSAGE][WARNING] - Timeout '0' is invalid. Using default page load timeout: '60'

2022-02-17 19:53:16 - [MESSAGE][PASSED] - Tapped on element 'Object Repository/Mobile/Page/Login/Input - Password'

2022-02-17 19:53:16 - [TEST_STEP][PASSED] - delay(1): Delayed 1 second(s)

2022-02-17 19:53:17 - [MESSAGE][PASSED] - Delayed 1 second(s)

2022-02-17 19:53:17 - [TEST_STEP][PASSED] - setText(LOGN_EdtRdyPassword, "Shalawa18", 0): Text 'Shalawa18' has been set to element 'Object Repository/Mobile/Page/Login/Input Rdy - Password'

2022-02-17 19:53:17 - [MESSAGE][WARNING] - Timeout '0' is invalid. Using default page load timeout: '60'

2022-02-17 19:53:18 - [MESSAGE][PASSED] - Text 'Shalawa18' has been set to element 'Object Repository/Mobile/Page/Login/Input Rdy - Password'

2022-02-17 19:53:18 - [TEST_STEP][PASSED] - delay(1): Delayed 1 second(s)

2022-02-17 19:53:19 - [MESSAGE][PASSED] - Delayed 1 second(s)

2022-02-17 19:53:19 - [TEST_STEP][PASSED] - hideKeyboard(): Keyboard is hidden

2022-02-17 19:53:25 - [MESSAGE][PASSED] - Keyboard is hidden

2022-02-17 19:53:25 - [TEST_STEP][PASSED] - tap(LOGN_BtnLogin, 0): Tapped on element 'Object Repository/Mobile/Page/Login/Button - Login'

2022-02-17 19:53:25 - [MESSAGE][WARNING] - Timeout '0' is invalid. Using default page load timeout: '60'

2022-02-17 19:53:26 - [MESSAGE][PASSED] - Tapped on element 'Object Repository/Mobile/Page/Login/Button - Login'

2022-02-17 19:53:26 - [TEST_STEP][PASSED] - delay(2): Delayed 2 second(s)

2022-02-17 19:53:28 - [MESSAGE][PASSED] - Delayed 2 second(s)

2022-02-17 19:53:28 - [TEST_STEP][PASSED] - break: null

2022-02-17 19:53:28 - [MESSAGE][PASSED] - Call Test Case 'Test Cases/Mobile/Page/Login/Login' successfully

2022-02-17 19:53:28 - [MESSAGE][PASSED] - Call Test Case 'Test Cases/Mobile/Page/CheckLogin' successfully

2022-02-17 19:53:28 - [TEST_STEP][PASSED] - tap(HOME_MenubarPortfolio, 0): Tapped on element 'Object Repository/Mobile/Page/Home/Menubar - Portfolio'

2022-02-17 19:53:28 - [MESSAGE][WARNING] - Timeout '0' is invalid. Using default page load timeout: '60'

2022-02-17 19:53:30 - [MESSAGE][PASSED] - Tapped on element 'Object Repository/Mobile/Page/Home/Menubar - Portfolio'

2022-02-17 19:53:30 - [TEST_STEP][PASSED] - delay(1): Delayed 1 second(s)

2022-02-17 19:53:31 - [MESSAGE][PASSED] - Delayed 1 second(s)

2022-02-17 19:53:31 - [TEST_STEP][PASSED] - for ([i = 0, i < 1, (i++)]): Delayed 3 second(s)

2022-02-17 19:53:31 - [TEST_STEP][PASSED] - if (tab == "summary"): Delayed 3 second(s)

2022-02-17 19:53:31 - [TEST_STEP][PASSED] - idr = PORT_BtnIDR: null

2022-02-17 19:53:31 - [TEST_STEP][PASSED] - persen = PORT_BtnPersen: null

2022-02-17 19:53:31 - [TEST_STEP][PASSED] - if (action == "summary"): null

2022-02-17 19:53:31 - [TEST_STEP][PASSED] - else if (action == "perf_daily"): null

2022-02-17 19:53:31 - [TEST_STEP][PASSED] - else if (action == "perf_month"): Tapped on element 'Object Repository/Mobile/Page/Portfolio/Tab - Summary Month to Date'

2022-02-17 19:53:31 - [TEST_STEP][PASSED] - scroll.scroll.scrollScreenBottomToTop(): scroll.scroll.scrollScreenBottomToTop is PASSED

2022-02-17 19:53:32 - [MESSAGE][PASSED] - Current device physical height is 1423

2022-02-17 19:53:32 - [MESSAGE][PASSED] - Current device physical width is 720

2022-02-17 19:53:33 - [MESSAGE][PASSED] - Swiped from 360,1,138 to 360,284

2022-02-17 19:53:33 - [MESSAGE][PASSED] - scroll.scroll.scrollScreenBottomToTop is PASSED

2022-02-17 19:53:33 - [TEST_STEP][PASSED] - delay(1): Delayed 1 second(s)

2022-02-17 19:53:34 - [MESSAGE][PASSED] - Delayed 1 second(s)

2022-02-17 19:53:34 - [TEST_STEP][PASSED] - tap(PORT_TabSummaryMonth, 0): Tapped on element 'Object Repository/Mobile/Page/Portfolio/Tab - Summary Month to Date'

2022-02-17 19:53:34 - [MESSAGE][WARNING] - Timeout '0' is invalid. Using default page load timeout: '60'

2022-02-17 19:53:35 - [MESSAGE][PASSED] - Tapped on element 'Object Repository/Mobile/Page/Portfolio/Tab - Summary Month to Date'

2022-02-17 19:53:35 - [TEST_STEP][PASSED] - if (action != "summary"): Delayed 3 second(s)

2022-02-17 19:53:35 - [TEST_STEP][PASSED] - delay(1): Delayed 1 second(s)

2022-02-17 19:53:36 - [MESSAGE][PASSED] - Delayed 1 second(s)

2022-02-17 19:53:36 - [TEST_STEP][PASSED] - scroll.scroll.scrollScreenBottomToTop(): scroll.scroll.scrollScreenBottomToTop is PASSED

2022-02-17 19:53:36 - [MESSAGE][PASSED] - Current device physical height is 1423

2022-02-17 19:53:36 - [MESSAGE][PASSED] - Current device physical width is 720

2022-02-17 19:53:37 - [MESSAGE][PASSED] - Swiped from 360,1,138 to 360,284

2022-02-17 19:53:37 - [MESSAGE][PASSED] - scroll.scroll.scrollScreenBottomToTop is PASSED

2022-02-17 19:53:37 - [TEST_STEP][PASSED] - delay(3): Delayed 3 second(s)

2022-02-17 19:53:40 - [MESSAGE][PASSED] - Delayed 3 second(s)

2022-02-17 19:53:40 - [TEST_STEP][PASSED] - if (action2 == "idr"): null

2022-02-17 19:53:40 - [TEST_STEP][PASSED] - else if (action2 == "persen"): Delayed 3 second(s)

2022-02-17 19:53:40 - [TEST_STEP][PASSED] - tap(persen, 10): Tapped on element 'Object Repository/Mobile/Page/Portfolio/Button - Persen'

2022-02-17 19:53:41 - [MESSAGE][PASSED] - Tapped on element 'Object Repository/Mobile/Page/Portfolio/Button - Persen'

2022-02-17 19:53:41 - [TEST_STEP][PASSED] - delay(3): Delayed 3 second(s)

2022-02-17 19:53:44 - [MESSAGE][PASSED] - Delayed 3 second(s)

2022-02-17 19:53:44 - [MESSAGE][PASSED] - Call Test Case 'Test Cases/Mobile/Page/Portfolio/Portfolio' successfully

2022-02-17 19:53:44 - [TEST_STEP][PASSED] - callTestCase(findTestCase("Mobile/Page/Run App/Terminate App"), [:], STOP_ON_FAILURE): Call Test Case 'Test Cases/Mobile/Page/Run App/Terminate App' successfully

2022-02-17 19:53:44 - [TEST_CASE][PASSED] - Test Cases/Mobile/Page/Run App/Terminate App: Test Cases/Mobile/Page/Run App/Terminate App

2022-02-17 19:53:44 - [TEST_STEP][PASSED] - startApp.OpenApp.terminateApplication(): startApp.OpenApp.terminateApplication is PASSED

2022-02-17 19:53:47 - [MESSAGE][PASSED] - Delayed 3 second(s)

2022-02-17 19:53:47 - [MESSAGE][PASSED] - Current device physical width is 720

2022-02-17 19:53:48 - [MESSAGE][PASSED] - Current device physical height is 1423

2022-02-17 19:53:49 - [MESSAGE][PASSED] - Swiped from 360,853 to 360,142

2022-02-17 19:53:50 - [MESSAGE][PASSED] - Delayed 1 second(s)

2022-02-17 19:53:51 - [MESSAGE][PASSED] - Swiped from 360,853 to 360,142

2022-02-17 19:53:54 - [MESSAGE][PASSED] - Delayed 3 second(s)

2022-02-17 19:53:54 - [MESSAGE][PASSED] - startApp.OpenApp.terminateApplication is PASSED

2022-02-17 19:53:54 - [MESSAGE][PASSED] - Call Test Case 'Test Cases/Mobile/Page/Run App/Terminate App' successfully]]></system-out>
         <system-err><![CDATA[]]></system-err>
      </testcase>
      <testcase name="Test Cases/Mobile/Scenario/Portfolio/008 - Portfolio Performance Quarter to Date Persen" time="66.451" classname="Test Cases/Mobile/Scenario/Portfolio/008 - Portfolio Performance Quarter to Date Persen" status="PASSED">
         <system-out><![CDATA[2022-02-17 19:53:54 - [TEST_CASE][PASSED] - Test Cases/Mobile/Scenario/Portfolio/008 - Portfolio Performance Quarter to Date Persen: Test Cases/Mobile/Scenario/Portfolio/008 - Portfolio Performance Quarter to Date Persen

2022-02-17 19:53:54 - [TEST_STEP][PASSED] - callTestCase(findTestCase("Mobile/Page/Run App/Run App byID"), [:], STOP_ON_FAILURE): Call Test Case 'Test Cases/Mobile/Page/Run App/Run App byID' successfully

2022-02-17 19:53:54 - [TEST_CASE][PASSED] - Test Cases/Mobile/Page/Run App/Run App byID: Test Cases/Mobile/Page/Run App/Run App byID

2022-02-17 19:53:54 - [TEST_STEP][PASSED] - startApp.OpenApp.startApplication("id.co.miraeasset.sageclub"): startApp.OpenApp.startApplication is PASSED

2022-02-17 19:54:09 - [MESSAGE][PASSED] - Starting app with application ID: 'id.co.miraeasset.sageclub'

2022-02-17 19:54:09 - [MESSAGE][PASSED] - startApp.OpenApp.startApplication is PASSED

2022-02-17 19:54:09 - [MESSAGE][PASSED] - Call Test Case 'Test Cases/Mobile/Page/Run App/Run App byID' successfully

2022-02-17 19:54:09 - [TEST_STEP][PASSED] - callTestCase(findTestCase("Mobile/Page/Portfolio/Portfolio"), ["tab":"summary", "action":"perf_quarter", "action2":"persen"], CONTINUE_ON_FAILURE): Call Test Case 'Test Cases/Mobile/Page/Portfolio/Portfolio' successfully

2022-02-17 19:54:09 - [TEST_CASE][PASSED] - Test Cases/Mobile/Page/Portfolio/Portfolio: Test Cases/Mobile/Page/Portfolio/Portfolio

2022-02-17 19:54:09 - [TEST_STEP][PASSED] - callTestCase(findTestCase("Mobile/Page/CheckLogin"), [:], CONTINUE_ON_FAILURE): Call Test Case 'Test Cases/Mobile/Page/CheckLogin' successfully

2022-02-17 19:54:09 - [TEST_CASE][PASSED] - Test Cases/Mobile/Page/CheckLogin: Test Cases/Mobile/Page/CheckLogin

2022-02-17 19:54:09 - [TEST_STEP][PASSED] - loginCheck = verifyElementExist(LOGN_BtnLogin, 5, CONTINUE_ON_FAILURE): Element 'Object Repository/Mobile/Page/Login/Button - Login' is exist

2022-02-17 19:54:12 - [MESSAGE][PASSED] - Element 'Object Repository/Mobile/Page/Login/Button - Login' is exist

2022-02-17 19:54:12 - [TEST_STEP][PASSED] - if (loginCheck): Call Test Case 'Test Cases/Mobile/Page/Login/Login' successfully

2022-02-17 19:54:12 - [TEST_STEP][PASSED] - callTestCase(findTestCase("Mobile/Page/Login/Login"), ["action":"username"], CONTINUE_ON_FAILURE): Call Test Case 'Test Cases/Mobile/Page/Login/Login' successfully

2022-02-17 19:54:12 - [TEST_CASE][PASSED] - Test Cases/Mobile/Page/Login/Login: Test Cases/Mobile/Page/Login/Login

2022-02-17 19:54:12 - [TEST_STEP][PASSED] - delay(2): Delayed 2 second(s)

2022-02-17 19:54:14 - [MESSAGE][PASSED] - Delayed 2 second(s)

2022-02-17 19:54:14 - [TEST_STEP][PASSED] - for ([i = 0, i < 1, (i++)]): null

2022-02-17 19:54:14 - [TEST_STEP][PASSED] - if (action == "username"): null

2022-02-17 19:54:14 - [TEST_STEP][PASSED] - tap(LOGN_EdtUserID, 0): Tapped on element 'Object Repository/Mobile/Page/Login/Input - UserID'

2022-02-17 19:54:14 - [MESSAGE][WARNING] - Timeout '0' is invalid. Using default page load timeout: '60'

2022-02-17 19:54:14 - [MESSAGE][PASSED] - Tapped on element 'Object Repository/Mobile/Page/Login/Input - UserID'

2022-02-17 19:54:14 - [TEST_STEP][PASSED] - delay(1): Delayed 1 second(s)

2022-02-17 19:54:15 - [MESSAGE][PASSED] - Delayed 1 second(s)

2022-02-17 19:54:15 - [TEST_STEP][PASSED] - setText(LOGN_EdtRdyUserID, "anggaaditya", 0): Text 'anggaaditya' has been set to element 'Object Repository/Mobile/Page/Login/Input Rdy - UserID'

2022-02-17 19:54:15 - [MESSAGE][WARNING] - Timeout '0' is invalid. Using default page load timeout: '60'

2022-02-17 19:54:16 - [MESSAGE][PASSED] - Text 'anggaaditya' has been set to element 'Object Repository/Mobile/Page/Login/Input Rdy - UserID'

2022-02-17 19:54:16 - [TEST_STEP][PASSED] - delay(1): Delayed 1 second(s)

2022-02-17 19:54:17 - [MESSAGE][PASSED] - Delayed 1 second(s)

2022-02-17 19:54:17 - [TEST_STEP][PASSED] - hideKeyboard(): Keyboard is hidden

2022-02-17 19:54:22 - [MESSAGE][PASSED] - Keyboard is hidden

2022-02-17 19:54:22 - [TEST_STEP][PASSED] - tap(LOGN_EdtPassword, 0): Tapped on element 'Object Repository/Mobile/Page/Login/Input - Password'

2022-02-17 19:54:22 - [MESSAGE][WARNING] - Timeout '0' is invalid. Using default page load timeout: '60'

2022-02-17 19:54:22 - [MESSAGE][PASSED] - Tapped on element 'Object Repository/Mobile/Page/Login/Input - Password'

2022-02-17 19:54:22 - [TEST_STEP][PASSED] - delay(1): Delayed 1 second(s)

2022-02-17 19:54:23 - [MESSAGE][PASSED] - Delayed 1 second(s)

2022-02-17 19:54:23 - [TEST_STEP][PASSED] - setText(LOGN_EdtRdyPassword, "Shalawa18", 0): Text 'Shalawa18' has been set to element 'Object Repository/Mobile/Page/Login/Input Rdy - Password'

2022-02-17 19:54:23 - [MESSAGE][WARNING] - Timeout '0' is invalid. Using default page load timeout: '60'

2022-02-17 19:54:24 - [MESSAGE][PASSED] - Text 'Shalawa18' has been set to element 'Object Repository/Mobile/Page/Login/Input Rdy - Password'

2022-02-17 19:54:24 - [TEST_STEP][PASSED] - delay(1): Delayed 1 second(s)

2022-02-17 19:54:25 - [MESSAGE][PASSED] - Delayed 1 second(s)

2022-02-17 19:54:25 - [TEST_STEP][PASSED] - hideKeyboard(): Keyboard is hidden

2022-02-17 19:54:31 - [MESSAGE][PASSED] - Keyboard is hidden

2022-02-17 19:54:31 - [TEST_STEP][PASSED] - tap(LOGN_BtnLogin, 0): Tapped on element 'Object Repository/Mobile/Page/Login/Button - Login'

2022-02-17 19:54:31 - [MESSAGE][WARNING] - Timeout '0' is invalid. Using default page load timeout: '60'

2022-02-17 19:54:32 - [MESSAGE][PASSED] - Tapped on element 'Object Repository/Mobile/Page/Login/Button - Login'

2022-02-17 19:54:32 - [TEST_STEP][PASSED] - delay(2): Delayed 2 second(s)

2022-02-17 19:54:34 - [MESSAGE][PASSED] - Delayed 2 second(s)

2022-02-17 19:54:34 - [TEST_STEP][PASSED] - break: null

2022-02-17 19:54:34 - [MESSAGE][PASSED] - Call Test Case 'Test Cases/Mobile/Page/Login/Login' successfully

2022-02-17 19:54:34 - [MESSAGE][PASSED] - Call Test Case 'Test Cases/Mobile/Page/CheckLogin' successfully

2022-02-17 19:54:34 - [TEST_STEP][PASSED] - tap(HOME_MenubarPortfolio, 0): Tapped on element 'Object Repository/Mobile/Page/Home/Menubar - Portfolio'

2022-02-17 19:54:34 - [MESSAGE][WARNING] - Timeout '0' is invalid. Using default page load timeout: '60'

2022-02-17 19:54:36 - [MESSAGE][PASSED] - Tapped on element 'Object Repository/Mobile/Page/Home/Menubar - Portfolio'

2022-02-17 19:54:36 - [TEST_STEP][PASSED] - delay(1): Delayed 1 second(s)

2022-02-17 19:54:37 - [MESSAGE][PASSED] - Delayed 1 second(s)

2022-02-17 19:54:37 - [TEST_STEP][PASSED] - for ([i = 0, i < 1, (i++)]): Delayed 3 second(s)

2022-02-17 19:54:37 - [TEST_STEP][PASSED] - if (tab == "summary"): Delayed 3 second(s)

2022-02-17 19:54:37 - [TEST_STEP][PASSED] - idr = PORT_BtnIDR: null

2022-02-17 19:54:37 - [TEST_STEP][PASSED] - persen = PORT_BtnPersen: null

2022-02-17 19:54:37 - [TEST_STEP][PASSED] - if (action == "summary"): null

2022-02-17 19:54:37 - [TEST_STEP][PASSED] - else if (action == "perf_daily"): null

2022-02-17 19:54:37 - [TEST_STEP][PASSED] - else if (action == "perf_month"): null

2022-02-17 19:54:37 - [TEST_STEP][PASSED] - else if (action == "perf_quarter"): Tapped on element 'Object Repository/Mobile/Page/Portfolio/Tab - Summary Quarter to Date'

2022-02-17 19:54:37 - [TEST_STEP][PASSED] - scroll.scroll.scrollScreenBottomToTop(): scroll.scroll.scrollScreenBottomToTop is PASSED

2022-02-17 19:54:38 - [MESSAGE][PASSED] - Current device physical height is 1423

2022-02-17 19:54:38 - [MESSAGE][PASSED] - Current device physical width is 720

2022-02-17 19:54:39 - [MESSAGE][PASSED] - Swiped from 360,1,138 to 360,284

2022-02-17 19:54:39 - [MESSAGE][PASSED] - scroll.scroll.scrollScreenBottomToTop is PASSED

2022-02-17 19:54:39 - [TEST_STEP][PASSED] - delay(1): Delayed 1 second(s)

2022-02-17 19:54:40 - [MESSAGE][PASSED] - Delayed 1 second(s)

2022-02-17 19:54:40 - [TEST_STEP][PASSED] - tap(PORT_TabSummaryQuarter, 0): Tapped on element 'Object Repository/Mobile/Page/Portfolio/Tab - Summary Quarter to Date'

2022-02-17 19:54:40 - [MESSAGE][WARNING] - Timeout '0' is invalid. Using default page load timeout: '60'

2022-02-17 19:54:41 - [MESSAGE][PASSED] - Tapped on element 'Object Repository/Mobile/Page/Portfolio/Tab - Summary Quarter to Date'

2022-02-17 19:54:41 - [TEST_STEP][PASSED] - if (action != "summary"): Delayed 3 second(s)

2022-02-17 19:54:41 - [TEST_STEP][PASSED] - delay(1): Delayed 1 second(s)

2022-02-17 19:54:42 - [MESSAGE][PASSED] - Delayed 1 second(s)

2022-02-17 19:54:42 - [TEST_STEP][PASSED] - scroll.scroll.scrollScreenBottomToTop(): scroll.scroll.scrollScreenBottomToTop is PASSED

2022-02-17 19:54:42 - [MESSAGE][PASSED] - Current device physical height is 1423

2022-02-17 19:54:42 - [MESSAGE][PASSED] - Current device physical width is 720

2022-02-17 19:54:43 - [MESSAGE][PASSED] - Swiped from 360,1,138 to 360,284

2022-02-17 19:54:43 - [MESSAGE][PASSED] - scroll.scroll.scrollScreenBottomToTop is PASSED

2022-02-17 19:54:43 - [TEST_STEP][PASSED] - delay(3): Delayed 3 second(s)

2022-02-17 19:54:46 - [MESSAGE][PASSED] - Delayed 3 second(s)

2022-02-17 19:54:46 - [TEST_STEP][PASSED] - if (action2 == "idr"): null

2022-02-17 19:54:46 - [TEST_STEP][PASSED] - else if (action2 == "persen"): Delayed 3 second(s)

2022-02-17 19:54:46 - [TEST_STEP][PASSED] - tap(persen, 10): Tapped on element 'Object Repository/Mobile/Page/Portfolio/Button - Persen'

2022-02-17 19:54:47 - [MESSAGE][PASSED] - Tapped on element 'Object Repository/Mobile/Page/Portfolio/Button - Persen'

2022-02-17 19:54:47 - [TEST_STEP][PASSED] - delay(3): Delayed 3 second(s)

2022-02-17 19:54:50 - [MESSAGE][PASSED] - Delayed 3 second(s)

2022-02-17 19:54:50 - [MESSAGE][PASSED] - Call Test Case 'Test Cases/Mobile/Page/Portfolio/Portfolio' successfully

2022-02-17 19:54:50 - [TEST_STEP][PASSED] - callTestCase(findTestCase("Mobile/Page/Run App/Terminate App"), [:], STOP_ON_FAILURE): Call Test Case 'Test Cases/Mobile/Page/Run App/Terminate App' successfully

2022-02-17 19:54:50 - [TEST_CASE][PASSED] - Test Cases/Mobile/Page/Run App/Terminate App: Test Cases/Mobile/Page/Run App/Terminate App

2022-02-17 19:54:50 - [TEST_STEP][PASSED] - startApp.OpenApp.terminateApplication(): startApp.OpenApp.terminateApplication is PASSED

2022-02-17 19:54:54 - [MESSAGE][PASSED] - Delayed 3 second(s)

2022-02-17 19:54:54 - [MESSAGE][PASSED] - Current device physical width is 720

2022-02-17 19:54:54 - [MESSAGE][PASSED] - Current device physical height is 1423

2022-02-17 19:54:55 - [MESSAGE][PASSED] - Swiped from 360,853 to 360,142

2022-02-17 19:54:56 - [MESSAGE][PASSED] - Delayed 1 second(s)

2022-02-17 19:54:58 - [MESSAGE][PASSED] - Swiped from 360,853 to 360,142

2022-02-17 19:55:01 - [MESSAGE][PASSED] - Delayed 3 second(s)

2022-02-17 19:55:01 - [MESSAGE][PASSED] - startApp.OpenApp.terminateApplication is PASSED

2022-02-17 19:55:01 - [MESSAGE][PASSED] - Call Test Case 'Test Cases/Mobile/Page/Run App/Terminate App' successfully]]></system-out>
         <system-err><![CDATA[]]></system-err>
      </testcase>
      <testcase name="Test Cases/Mobile/Scenario/Portfolio/009 - Portfolio Performance Year to Date Persen" time="63.369" classname="Test Cases/Mobile/Scenario/Portfolio/009 - Portfolio Performance Year to Date Persen" status="PASSED">
         <system-out><![CDATA[2022-02-17 19:55:01 - [TEST_CASE][PASSED] - Test Cases/Mobile/Scenario/Portfolio/009 - Portfolio Performance Year to Date Persen: Test Cases/Mobile/Scenario/Portfolio/009 - Portfolio Performance Year to Date Persen

2022-02-17 19:55:01 - [TEST_STEP][PASSED] - callTestCase(findTestCase("Mobile/Page/Run App/Run App byID"), [:], STOP_ON_FAILURE): Call Test Case 'Test Cases/Mobile/Page/Run App/Run App byID' successfully

2022-02-17 19:55:01 - [TEST_CASE][PASSED] - Test Cases/Mobile/Page/Run App/Run App byID: Test Cases/Mobile/Page/Run App/Run App byID

2022-02-17 19:55:01 - [TEST_STEP][PASSED] - startApp.OpenApp.startApplication("id.co.miraeasset.sageclub"): startApp.OpenApp.startApplication is PASSED

2022-02-17 19:55:14 - [MESSAGE][PASSED] - Starting app with application ID: 'id.co.miraeasset.sageclub'

2022-02-17 19:55:14 - [MESSAGE][PASSED] - startApp.OpenApp.startApplication is PASSED

2022-02-17 19:55:14 - [MESSAGE][PASSED] - Call Test Case 'Test Cases/Mobile/Page/Run App/Run App byID' successfully

2022-02-17 19:55:14 - [TEST_STEP][PASSED] - callTestCase(findTestCase("Mobile/Page/Portfolio/Portfolio"), ["tab":"summary", "action":"perf_year", "action2":"persen"], CONTINUE_ON_FAILURE): Call Test Case 'Test Cases/Mobile/Page/Portfolio/Portfolio' successfully

2022-02-17 19:55:14 - [TEST_CASE][PASSED] - Test Cases/Mobile/Page/Portfolio/Portfolio: Test Cases/Mobile/Page/Portfolio/Portfolio

2022-02-17 19:55:14 - [TEST_STEP][PASSED] - callTestCase(findTestCase("Mobile/Page/CheckLogin"), [:], CONTINUE_ON_FAILURE): Call Test Case 'Test Cases/Mobile/Page/CheckLogin' successfully

2022-02-17 19:55:14 - [TEST_CASE][PASSED] - Test Cases/Mobile/Page/CheckLogin: Test Cases/Mobile/Page/CheckLogin

2022-02-17 19:55:14 - [TEST_STEP][PASSED] - loginCheck = verifyElementExist(LOGN_BtnLogin, 5, CONTINUE_ON_FAILURE): Element 'Object Repository/Mobile/Page/Login/Button - Login' is exist

2022-02-17 19:55:16 - [MESSAGE][PASSED] - Element 'Object Repository/Mobile/Page/Login/Button - Login' is exist

2022-02-17 19:55:16 - [TEST_STEP][PASSED] - if (loginCheck): Call Test Case 'Test Cases/Mobile/Page/Login/Login' successfully

2022-02-17 19:55:16 - [TEST_STEP][PASSED] - callTestCase(findTestCase("Mobile/Page/Login/Login"), ["action":"username"], CONTINUE_ON_FAILURE): Call Test Case 'Test Cases/Mobile/Page/Login/Login' successfully

2022-02-17 19:55:16 - [TEST_CASE][PASSED] - Test Cases/Mobile/Page/Login/Login: Test Cases/Mobile/Page/Login/Login

2022-02-17 19:55:16 - [TEST_STEP][PASSED] - delay(2): Delayed 2 second(s)

2022-02-17 19:55:18 - [MESSAGE][PASSED] - Delayed 2 second(s)

2022-02-17 19:55:18 - [TEST_STEP][PASSED] - for ([i = 0, i < 1, (i++)]): null

2022-02-17 19:55:18 - [TEST_STEP][PASSED] - if (action == "username"): null

2022-02-17 19:55:18 - [TEST_STEP][PASSED] - tap(LOGN_EdtUserID, 0): Tapped on element 'Object Repository/Mobile/Page/Login/Input - UserID'

2022-02-17 19:55:18 - [MESSAGE][WARNING] - Timeout '0' is invalid. Using default page load timeout: '60'

2022-02-17 19:55:19 - [MESSAGE][PASSED] - Tapped on element 'Object Repository/Mobile/Page/Login/Input - UserID'

2022-02-17 19:55:19 - [TEST_STEP][PASSED] - delay(1): Delayed 1 second(s)

2022-02-17 19:55:20 - [MESSAGE][PASSED] - Delayed 1 second(s)

2022-02-17 19:55:20 - [TEST_STEP][PASSED] - setText(LOGN_EdtRdyUserID, "anggaaditya", 0): Text 'anggaaditya' has been set to element 'Object Repository/Mobile/Page/Login/Input Rdy - UserID'

2022-02-17 19:55:20 - [MESSAGE][WARNING] - Timeout '0' is invalid. Using default page load timeout: '60'

2022-02-17 19:55:20 - [MESSAGE][PASSED] - Text 'anggaaditya' has been set to element 'Object Repository/Mobile/Page/Login/Input Rdy - UserID'

2022-02-17 19:55:20 - [TEST_STEP][PASSED] - delay(1): Delayed 1 second(s)

2022-02-17 19:55:21 - [MESSAGE][PASSED] - Delayed 1 second(s)

2022-02-17 19:55:21 - [TEST_STEP][PASSED] - hideKeyboard(): Keyboard is hidden

2022-02-17 19:55:26 - [MESSAGE][PASSED] - Keyboard is hidden

2022-02-17 19:55:26 - [TEST_STEP][PASSED] - tap(LOGN_EdtPassword, 0): Tapped on element 'Object Repository/Mobile/Page/Login/Input - Password'

2022-02-17 19:55:26 - [MESSAGE][WARNING] - Timeout '0' is invalid. Using default page load timeout: '60'

2022-02-17 19:55:26 - [MESSAGE][PASSED] - Tapped on element 'Object Repository/Mobile/Page/Login/Input - Password'

2022-02-17 19:55:26 - [TEST_STEP][PASSED] - delay(1): Delayed 1 second(s)

2022-02-17 19:55:27 - [MESSAGE][PASSED] - Delayed 1 second(s)

2022-02-17 19:55:27 - [TEST_STEP][PASSED] - setText(LOGN_EdtRdyPassword, "Shalawa18", 0): Text 'Shalawa18' has been set to element 'Object Repository/Mobile/Page/Login/Input Rdy - Password'

2022-02-17 19:55:27 - [MESSAGE][WARNING] - Timeout '0' is invalid. Using default page load timeout: '60'

2022-02-17 19:55:28 - [MESSAGE][PASSED] - Text 'Shalawa18' has been set to element 'Object Repository/Mobile/Page/Login/Input Rdy - Password'

2022-02-17 19:55:28 - [TEST_STEP][PASSED] - delay(1): Delayed 1 second(s)

2022-02-17 19:55:29 - [MESSAGE][PASSED] - Delayed 1 second(s)

2022-02-17 19:55:29 - [TEST_STEP][PASSED] - hideKeyboard(): Keyboard is hidden

2022-02-17 19:55:35 - [MESSAGE][PASSED] - Keyboard is hidden

2022-02-17 19:55:35 - [TEST_STEP][PASSED] - tap(LOGN_BtnLogin, 0): Tapped on element 'Object Repository/Mobile/Page/Login/Button - Login'

2022-02-17 19:55:35 - [MESSAGE][WARNING] - Timeout '0' is invalid. Using default page load timeout: '60'

2022-02-17 19:55:36 - [MESSAGE][PASSED] - Tapped on element 'Object Repository/Mobile/Page/Login/Button - Login'

2022-02-17 19:55:36 - [TEST_STEP][PASSED] - delay(2): Delayed 2 second(s)

2022-02-17 19:55:38 - [MESSAGE][PASSED] - Delayed 2 second(s)

2022-02-17 19:55:38 - [TEST_STEP][PASSED] - break: null

2022-02-17 19:55:38 - [MESSAGE][PASSED] - Call Test Case 'Test Cases/Mobile/Page/Login/Login' successfully

2022-02-17 19:55:38 - [MESSAGE][PASSED] - Call Test Case 'Test Cases/Mobile/Page/CheckLogin' successfully

2022-02-17 19:55:38 - [TEST_STEP][PASSED] - tap(HOME_MenubarPortfolio, 0): Tapped on element 'Object Repository/Mobile/Page/Home/Menubar - Portfolio'

2022-02-17 19:55:38 - [MESSAGE][WARNING] - Timeout '0' is invalid. Using default page load timeout: '60'

2022-02-17 19:55:40 - [MESSAGE][PASSED] - Tapped on element 'Object Repository/Mobile/Page/Home/Menubar - Portfolio'

2022-02-17 19:55:40 - [TEST_STEP][PASSED] - delay(1): Delayed 1 second(s)

2022-02-17 19:55:41 - [MESSAGE][PASSED] - Delayed 1 second(s)

2022-02-17 19:55:41 - [TEST_STEP][PASSED] - for ([i = 0, i < 1, (i++)]): Delayed 3 second(s)

2022-02-17 19:55:41 - [TEST_STEP][PASSED] - if (tab == "summary"): Delayed 3 second(s)

2022-02-17 19:55:41 - [TEST_STEP][PASSED] - idr = PORT_BtnIDR: null

2022-02-17 19:55:41 - [TEST_STEP][PASSED] - persen = PORT_BtnPersen: null

2022-02-17 19:55:41 - [TEST_STEP][PASSED] - if (action == "summary"): null

2022-02-17 19:55:41 - [TEST_STEP][PASSED] - else if (action == "perf_daily"): null

2022-02-17 19:55:41 - [TEST_STEP][PASSED] - else if (action == "perf_month"): null

2022-02-17 19:55:41 - [TEST_STEP][PASSED] - else if (action == "perf_quarter"): null

2022-02-17 19:55:41 - [TEST_STEP][PASSED] - else if (action == "perf_year"): Tapped on element 'Object Repository/Mobile/Page/Portfolio/Tab - Summary Year to Date'

2022-02-17 19:55:41 - [TEST_STEP][PASSED] - scroll.scroll.scrollScreenBottomToTop(): scroll.scroll.scrollScreenBottomToTop is PASSED

2022-02-17 19:55:41 - [MESSAGE][PASSED] - Current device physical height is 1423

2022-02-17 19:55:42 - [MESSAGE][PASSED] - Current device physical width is 720

2022-02-17 19:55:43 - [MESSAGE][PASSED] - Swiped from 360,1,138 to 360,284

2022-02-17 19:55:43 - [MESSAGE][PASSED] - scroll.scroll.scrollScreenBottomToTop is PASSED

2022-02-17 19:55:43 - [TEST_STEP][PASSED] - delay(1): Delayed 1 second(s)

2022-02-17 19:55:44 - [MESSAGE][PASSED] - Delayed 1 second(s)

2022-02-17 19:55:44 - [TEST_STEP][PASSED] - tap(PORT_TabSummaryYear, 0): Tapped on element 'Object Repository/Mobile/Page/Portfolio/Tab - Summary Year to Date'

2022-02-17 19:55:44 - [MESSAGE][WARNING] - Timeout '0' is invalid. Using default page load timeout: '60'

2022-02-17 19:55:44 - [MESSAGE][PASSED] - Tapped on element 'Object Repository/Mobile/Page/Portfolio/Tab - Summary Year to Date'

2022-02-17 19:55:44 - [TEST_STEP][PASSED] - if (action != "summary"): Delayed 3 second(s)

2022-02-17 19:55:44 - [TEST_STEP][PASSED] - delay(1): Delayed 1 second(s)

2022-02-17 19:55:45 - [MESSAGE][PASSED] - Delayed 1 second(s)

2022-02-17 19:55:45 - [TEST_STEP][PASSED] - scroll.scroll.scrollScreenBottomToTop(): scroll.scroll.scrollScreenBottomToTop is PASSED

2022-02-17 19:55:46 - [MESSAGE][PASSED] - Current device physical height is 1423

2022-02-17 19:55:46 - [MESSAGE][PASSED] - Current device physical width is 720

2022-02-17 19:55:47 - [MESSAGE][PASSED] - Swiped from 360,1,138 to 360,284

2022-02-17 19:55:47 - [MESSAGE][PASSED] - scroll.scroll.scrollScreenBottomToTop is PASSED

2022-02-17 19:55:47 - [TEST_STEP][PASSED] - delay(3): Delayed 3 second(s)

2022-02-17 19:55:50 - [MESSAGE][PASSED] - Delayed 3 second(s)

2022-02-17 19:55:50 - [TEST_STEP][PASSED] - if (action2 == "idr"): null

2022-02-17 19:55:50 - [TEST_STEP][PASSED] - else if (action2 == "persen"): Delayed 3 second(s)

2022-02-17 19:55:50 - [TEST_STEP][PASSED] - tap(persen, 10): Tapped on element 'Object Repository/Mobile/Page/Portfolio/Button - Persen'

2022-02-17 19:55:51 - [MESSAGE][PASSED] - Tapped on element 'Object Repository/Mobile/Page/Portfolio/Button - Persen'

2022-02-17 19:55:51 - [TEST_STEP][PASSED] - delay(3): Delayed 3 second(s)

2022-02-17 19:55:54 - [MESSAGE][PASSED] - Delayed 3 second(s)

2022-02-17 19:55:54 - [MESSAGE][PASSED] - Call Test Case 'Test Cases/Mobile/Page/Portfolio/Portfolio' successfully

2022-02-17 19:55:54 - [TEST_STEP][PASSED] - callTestCase(findTestCase("Mobile/Page/Run App/Terminate App"), [:], STOP_ON_FAILURE): Call Test Case 'Test Cases/Mobile/Page/Run App/Terminate App' successfully

2022-02-17 19:55:54 - [TEST_CASE][PASSED] - Test Cases/Mobile/Page/Run App/Terminate App: Test Cases/Mobile/Page/Run App/Terminate App

2022-02-17 19:55:54 - [TEST_STEP][PASSED] - startApp.OpenApp.terminateApplication(): startApp.OpenApp.terminateApplication is PASSED

2022-02-17 19:55:57 - [MESSAGE][PASSED] - Delayed 3 second(s)

2022-02-17 19:55:57 - [MESSAGE][PASSED] - Current device physical width is 720

2022-02-17 19:55:57 - [MESSAGE][PASSED] - Current device physical height is 1423

2022-02-17 19:55:59 - [MESSAGE][PASSED] - Swiped from 360,853 to 360,142

2022-02-17 19:56:00 - [MESSAGE][PASSED] - Delayed 1 second(s)

2022-02-17 19:56:01 - [MESSAGE][PASSED] - Swiped from 360,853 to 360,142

2022-02-17 19:56:04 - [MESSAGE][PASSED] - Delayed 3 second(s)

2022-02-17 19:56:04 - [MESSAGE][PASSED] - startApp.OpenApp.terminateApplication is PASSED

2022-02-17 19:56:04 - [MESSAGE][PASSED] - Call Test Case 'Test Cases/Mobile/Page/Run App/Terminate App' successfully]]></system-out>
         <system-err><![CDATA[]]></system-err>
      </testcase>
      <testcase name="Test Cases/Mobile/Scenario/Portfolio/010 - Melihat list stock" time="59.981" classname="Test Cases/Mobile/Scenario/Portfolio/010 - Melihat list stock" status="PASSED">
         <system-out><![CDATA[2022-02-17 19:56:04 - [TEST_CASE][PASSED] - Test Cases/Mobile/Scenario/Portfolio/010 - Melihat list stock: Test Cases/Mobile/Scenario/Portfolio/010 - Melihat list stock

2022-02-17 19:56:04 - [TEST_STEP][PASSED] - callTestCase(findTestCase("Mobile/Page/Run App/Run App byID"), [:], STOP_ON_FAILURE): Call Test Case 'Test Cases/Mobile/Page/Run App/Run App byID' successfully

2022-02-17 19:56:04 - [TEST_CASE][PASSED] - Test Cases/Mobile/Page/Run App/Run App byID: Test Cases/Mobile/Page/Run App/Run App byID

2022-02-17 19:56:04 - [TEST_STEP][PASSED] - startApp.OpenApp.startApplication("id.co.miraeasset.sageclub"): startApp.OpenApp.startApplication is PASSED

2022-02-17 19:56:18 - [MESSAGE][PASSED] - Starting app with application ID: 'id.co.miraeasset.sageclub'

2022-02-17 19:56:18 - [MESSAGE][PASSED] - startApp.OpenApp.startApplication is PASSED

2022-02-17 19:56:18 - [MESSAGE][PASSED] - Call Test Case 'Test Cases/Mobile/Page/Run App/Run App byID' successfully

2022-02-17 19:56:18 - [TEST_STEP][PASSED] - callTestCase(findTestCase("Mobile/Page/Portfolio/Portfolio"), ["tab":"stock"], CONTINUE_ON_FAILURE): Call Test Case 'Test Cases/Mobile/Page/Portfolio/Portfolio' successfully

2022-02-17 19:56:18 - [TEST_CASE][PASSED] - Test Cases/Mobile/Page/Portfolio/Portfolio: Test Cases/Mobile/Page/Portfolio/Portfolio

2022-02-17 19:56:18 - [TEST_STEP][PASSED] - callTestCase(findTestCase("Mobile/Page/CheckLogin"), [:], CONTINUE_ON_FAILURE): Call Test Case 'Test Cases/Mobile/Page/CheckLogin' successfully

2022-02-17 19:56:18 - [TEST_CASE][PASSED] - Test Cases/Mobile/Page/CheckLogin: Test Cases/Mobile/Page/CheckLogin

2022-02-17 19:56:18 - [TEST_STEP][PASSED] - loginCheck = verifyElementExist(LOGN_BtnLogin, 5, CONTINUE_ON_FAILURE): Element 'Object Repository/Mobile/Page/Login/Button - Login' is exist

2022-02-17 19:56:20 - [MESSAGE][PASSED] - Element 'Object Repository/Mobile/Page/Login/Button - Login' is exist

2022-02-17 19:56:20 - [TEST_STEP][PASSED] - if (loginCheck): Call Test Case 'Test Cases/Mobile/Page/Login/Login' successfully

2022-02-17 19:56:20 - [TEST_STEP][PASSED] - callTestCase(findTestCase("Mobile/Page/Login/Login"), ["action":"username"], CONTINUE_ON_FAILURE): Call Test Case 'Test Cases/Mobile/Page/Login/Login' successfully

2022-02-17 19:56:20 - [TEST_CASE][PASSED] - Test Cases/Mobile/Page/Login/Login: Test Cases/Mobile/Page/Login/Login

2022-02-17 19:56:20 - [TEST_STEP][PASSED] - delay(2): Delayed 2 second(s)

2022-02-17 19:56:22 - [MESSAGE][PASSED] - Delayed 2 second(s)

2022-02-17 19:56:22 - [TEST_STEP][PASSED] - for ([i = 0, i < 1, (i++)]): null

2022-02-17 19:56:22 - [TEST_STEP][PASSED] - if (action == "username"): null

2022-02-17 19:56:22 - [TEST_STEP][PASSED] - tap(LOGN_EdtUserID, 0): Tapped on element 'Object Repository/Mobile/Page/Login/Input - UserID'

2022-02-17 19:56:22 - [MESSAGE][WARNING] - Timeout '0' is invalid. Using default page load timeout: '60'

2022-02-17 19:56:23 - [MESSAGE][PASSED] - Tapped on element 'Object Repository/Mobile/Page/Login/Input - UserID'

2022-02-17 19:56:23 - [TEST_STEP][PASSED] - delay(1): Delayed 1 second(s)

2022-02-17 19:56:24 - [MESSAGE][PASSED] - Delayed 1 second(s)

2022-02-17 19:56:24 - [TEST_STEP][PASSED] - setText(LOGN_EdtRdyUserID, "anggaaditya", 0): Text 'anggaaditya' has been set to element 'Object Repository/Mobile/Page/Login/Input Rdy - UserID'

2022-02-17 19:56:24 - [MESSAGE][WARNING] - Timeout '0' is invalid. Using default page load timeout: '60'

2022-02-17 19:56:25 - [MESSAGE][PASSED] - Text 'anggaaditya' has been set to element 'Object Repository/Mobile/Page/Login/Input Rdy - UserID'

2022-02-17 19:56:25 - [TEST_STEP][PASSED] - delay(1): Delayed 1 second(s)

2022-02-17 19:56:26 - [MESSAGE][PASSED] - Delayed 1 second(s)

2022-02-17 19:56:26 - [TEST_STEP][PASSED] - hideKeyboard(): Keyboard is hidden

2022-02-17 19:56:31 - [MESSAGE][PASSED] - Keyboard is hidden

2022-02-17 19:56:31 - [TEST_STEP][PASSED] - tap(LOGN_EdtPassword, 0): Tapped on element 'Object Repository/Mobile/Page/Login/Input - Password'

2022-02-17 19:56:31 - [MESSAGE][WARNING] - Timeout '0' is invalid. Using default page load timeout: '60'

2022-02-17 19:56:32 - [MESSAGE][PASSED] - Tapped on element 'Object Repository/Mobile/Page/Login/Input - Password'

2022-02-17 19:56:32 - [TEST_STEP][PASSED] - delay(1): Delayed 1 second(s)

2022-02-17 19:56:33 - [MESSAGE][PASSED] - Delayed 1 second(s)

2022-02-17 19:56:33 - [TEST_STEP][PASSED] - setText(LOGN_EdtRdyPassword, "Shalawa18", 0): Text 'Shalawa18' has been set to element 'Object Repository/Mobile/Page/Login/Input Rdy - Password'

2022-02-17 19:56:33 - [MESSAGE][WARNING] - Timeout '0' is invalid. Using default page load timeout: '60'

2022-02-17 19:56:33 - [MESSAGE][PASSED] - Text 'Shalawa18' has been set to element 'Object Repository/Mobile/Page/Login/Input Rdy - Password'

2022-02-17 19:56:33 - [TEST_STEP][PASSED] - delay(1): Delayed 1 second(s)

2022-02-17 19:56:34 - [MESSAGE][PASSED] - Delayed 1 second(s)

2022-02-17 19:56:34 - [TEST_STEP][PASSED] - hideKeyboard(): Keyboard is hidden

2022-02-17 19:56:41 - [MESSAGE][PASSED] - Keyboard is hidden

2022-02-17 19:56:41 - [TEST_STEP][PASSED] - tap(LOGN_BtnLogin, 0): Tapped on element 'Object Repository/Mobile/Page/Login/Button - Login'

2022-02-17 19:56:41 - [MESSAGE][WARNING] - Timeout '0' is invalid. Using default page load timeout: '60'

2022-02-17 19:56:42 - [MESSAGE][PASSED] - Tapped on element 'Object Repository/Mobile/Page/Login/Button - Login'

2022-02-17 19:56:42 - [TEST_STEP][PASSED] - delay(2): Delayed 2 second(s)

2022-02-17 19:56:44 - [MESSAGE][PASSED] - Delayed 2 second(s)

2022-02-17 19:56:44 - [TEST_STEP][PASSED] - break: null

2022-02-17 19:56:44 - [MESSAGE][PASSED] - Call Test Case 'Test Cases/Mobile/Page/Login/Login' successfully

2022-02-17 19:56:44 - [MESSAGE][PASSED] - Call Test Case 'Test Cases/Mobile/Page/CheckLogin' successfully

2022-02-17 19:56:44 - [TEST_STEP][PASSED] - tap(HOME_MenubarPortfolio, 0): Tapped on element 'Object Repository/Mobile/Page/Home/Menubar - Portfolio'

2022-02-17 19:56:44 - [MESSAGE][WARNING] - Timeout '0' is invalid. Using default page load timeout: '60'

2022-02-17 19:56:46 - [MESSAGE][PASSED] - Tapped on element 'Object Repository/Mobile/Page/Home/Menubar - Portfolio'

2022-02-17 19:56:46 - [TEST_STEP][PASSED] - delay(1): Delayed 1 second(s)

2022-02-17 19:56:47 - [MESSAGE][PASSED] - Delayed 1 second(s)

2022-02-17 19:56:47 - [TEST_STEP][PASSED] - for ([i = 0, i < 1, (i++)]): Delayed 3 second(s)

2022-02-17 19:56:47 - [TEST_STEP][PASSED] - if (tab == "summary"): null

2022-02-17 19:56:47 - [TEST_STEP][PASSED] - else if (tab == "stock"): Delayed 3 second(s)

2022-02-17 19:56:47 - [TEST_STEP][PASSED] - tap(PORT_TabStock, 0): Tapped on element 'Object Repository/Mobile/Page/Portfolio/Tab - Stock'

2022-02-17 19:56:47 - [MESSAGE][WARNING] - Timeout '0' is invalid. Using default page load timeout: '60'

2022-02-17 19:56:48 - [MESSAGE][PASSED] - Tapped on element 'Object Repository/Mobile/Page/Portfolio/Tab - Stock'

2022-02-17 19:56:48 - [TEST_STEP][PASSED] - scroll.scroll.scrollScreenBottomToTop(): scroll.scroll.scrollScreenBottomToTop is PASSED

2022-02-17 19:56:49 - [MESSAGE][PASSED] - Current device physical height is 1423

2022-02-17 19:56:49 - [MESSAGE][PASSED] - Current device physical width is 720

2022-02-17 19:56:50 - [MESSAGE][PASSED] - Swiped from 360,1,138 to 360,284

2022-02-17 19:56:50 - [MESSAGE][PASSED] - scroll.scroll.scrollScreenBottomToTop is PASSED

2022-02-17 19:56:50 - [TEST_STEP][PASSED] - delay(3): Delayed 3 second(s)

2022-02-17 19:56:53 - [MESSAGE][PASSED] - Delayed 3 second(s)

2022-02-17 19:56:53 - [MESSAGE][PASSED] - Call Test Case 'Test Cases/Mobile/Page/Portfolio/Portfolio' successfully

2022-02-17 19:56:53 - [TEST_STEP][PASSED] - callTestCase(findTestCase("Mobile/Page/Run App/Terminate App"), [:], STOP_ON_FAILURE): Call Test Case 'Test Cases/Mobile/Page/Run App/Terminate App' successfully

2022-02-17 19:56:53 - [TEST_CASE][PASSED] - Test Cases/Mobile/Page/Run App/Terminate App: Test Cases/Mobile/Page/Run App/Terminate App

2022-02-17 19:56:53 - [TEST_STEP][PASSED] - startApp.OpenApp.terminateApplication(): startApp.OpenApp.terminateApplication is PASSED

2022-02-17 19:56:57 - [MESSAGE][PASSED] - Delayed 3 second(s)

2022-02-17 19:56:57 - [MESSAGE][PASSED] - Current device physical width is 720

2022-02-17 19:56:57 - [MESSAGE][PASSED] - Current device physical height is 1423

2022-02-17 19:56:59 - [MESSAGE][PASSED] - Swiped from 360,853 to 360,142

2022-02-17 19:57:00 - [MESSAGE][PASSED] - Delayed 1 second(s)

2022-02-17 19:57:01 - [MESSAGE][PASSED] - Swiped from 360,853 to 360,142

2022-02-17 19:57:04 - [MESSAGE][PASSED] - Delayed 3 second(s)

2022-02-17 19:57:04 - [MESSAGE][PASSED] - startApp.OpenApp.terminateApplication is PASSED

2022-02-17 19:57:04 - [MESSAGE][PASSED] - Call Test Case 'Test Cases/Mobile/Page/Run App/Terminate App' successfully]]></system-out>
         <system-err><![CDATA[]]></system-err>
      </testcase>
      <testcase name="Test Cases/Mobile/Scenario/Portfolio/011 - Melihat list mutual fund" time="62.889" classname="Test Cases/Mobile/Scenario/Portfolio/011 - Melihat list mutual fund" status="PASSED">
         <system-out><![CDATA[2022-02-17 19:57:04 - [TEST_CASE][PASSED] - Test Cases/Mobile/Scenario/Portfolio/011 - Melihat list mutual fund: Test Cases/Mobile/Scenario/Portfolio/011 - Melihat list mutual fund

2022-02-17 19:57:04 - [TEST_STEP][PASSED] - callTestCase(findTestCase("Mobile/Page/Run App/Run App byID"), [:], STOP_ON_FAILURE): Call Test Case 'Test Cases/Mobile/Page/Run App/Run App byID' successfully

2022-02-17 19:57:04 - [TEST_CASE][PASSED] - Test Cases/Mobile/Page/Run App/Run App byID: Test Cases/Mobile/Page/Run App/Run App byID

2022-02-17 19:57:04 - [TEST_STEP][PASSED] - startApp.OpenApp.startApplication("id.co.miraeasset.sageclub"): startApp.OpenApp.startApplication is PASSED

2022-02-17 19:57:19 - [MESSAGE][PASSED] - Starting app with application ID: 'id.co.miraeasset.sageclub'

2022-02-17 19:57:19 - [MESSAGE][PASSED] - startApp.OpenApp.startApplication is PASSED

2022-02-17 19:57:19 - [MESSAGE][PASSED] - Call Test Case 'Test Cases/Mobile/Page/Run App/Run App byID' successfully

2022-02-17 19:57:19 - [TEST_STEP][PASSED] - callTestCase(findTestCase("Mobile/Page/Portfolio/Portfolio"), ["tab":"mutualfund", "action2":"none"], CONTINUE_ON_FAILURE): Call Test Case 'Test Cases/Mobile/Page/Portfolio/Portfolio' successfully

2022-02-17 19:57:19 - [TEST_CASE][PASSED] - Test Cases/Mobile/Page/Portfolio/Portfolio: Test Cases/Mobile/Page/Portfolio/Portfolio

2022-02-17 19:57:19 - [TEST_STEP][PASSED] - callTestCase(findTestCase("Mobile/Page/CheckLogin"), [:], CONTINUE_ON_FAILURE): Call Test Case 'Test Cases/Mobile/Page/CheckLogin' successfully

2022-02-17 19:57:19 - [TEST_CASE][PASSED] - Test Cases/Mobile/Page/CheckLogin: Test Cases/Mobile/Page/CheckLogin

2022-02-17 19:57:19 - [TEST_STEP][PASSED] - loginCheck = verifyElementExist(LOGN_BtnLogin, 5, CONTINUE_ON_FAILURE): Element 'Object Repository/Mobile/Page/Login/Button - Login' is exist

2022-02-17 19:57:21 - [MESSAGE][PASSED] - Element 'Object Repository/Mobile/Page/Login/Button - Login' is exist

2022-02-17 19:57:21 - [TEST_STEP][PASSED] - if (loginCheck): Call Test Case 'Test Cases/Mobile/Page/Login/Login' successfully

2022-02-17 19:57:21 - [TEST_STEP][PASSED] - callTestCase(findTestCase("Mobile/Page/Login/Login"), ["action":"username"], CONTINUE_ON_FAILURE): Call Test Case 'Test Cases/Mobile/Page/Login/Login' successfully

2022-02-17 19:57:21 - [TEST_CASE][PASSED] - Test Cases/Mobile/Page/Login/Login: Test Cases/Mobile/Page/Login/Login

2022-02-17 19:57:21 - [TEST_STEP][PASSED] - delay(2): Delayed 2 second(s)

2022-02-17 19:57:23 - [MESSAGE][PASSED] - Delayed 2 second(s)

2022-02-17 19:57:23 - [TEST_STEP][PASSED] - for ([i = 0, i < 1, (i++)]): null

2022-02-17 19:57:23 - [TEST_STEP][PASSED] - if (action == "username"): null

2022-02-17 19:57:23 - [TEST_STEP][PASSED] - tap(LOGN_EdtUserID, 0): Tapped on element 'Object Repository/Mobile/Page/Login/Input - UserID'

2022-02-17 19:57:23 - [MESSAGE][WARNING] - Timeout '0' is invalid. Using default page load timeout: '60'

2022-02-17 19:57:23 - [MESSAGE][PASSED] - Tapped on element 'Object Repository/Mobile/Page/Login/Input - UserID'

2022-02-17 19:57:23 - [TEST_STEP][PASSED] - delay(1): Delayed 1 second(s)

2022-02-17 19:57:24 - [MESSAGE][PASSED] - Delayed 1 second(s)

2022-02-17 19:57:24 - [TEST_STEP][PASSED] - setText(LOGN_EdtRdyUserID, "anggaaditya", 0): Text 'anggaaditya' has been set to element 'Object Repository/Mobile/Page/Login/Input Rdy - UserID'

2022-02-17 19:57:24 - [MESSAGE][WARNING] - Timeout '0' is invalid. Using default page load timeout: '60'

2022-02-17 19:57:25 - [MESSAGE][PASSED] - Text 'anggaaditya' has been set to element 'Object Repository/Mobile/Page/Login/Input Rdy - UserID'

2022-02-17 19:57:25 - [TEST_STEP][PASSED] - delay(1): Delayed 1 second(s)

2022-02-17 19:57:26 - [MESSAGE][PASSED] - Delayed 1 second(s)

2022-02-17 19:57:26 - [TEST_STEP][PASSED] - hideKeyboard(): Keyboard is hidden

2022-02-17 19:57:30 - [MESSAGE][PASSED] - Keyboard is hidden

2022-02-17 19:57:30 - [TEST_STEP][PASSED] - tap(LOGN_EdtPassword, 0): Tapped on element 'Object Repository/Mobile/Page/Login/Input - Password'

2022-02-17 19:57:30 - [MESSAGE][WARNING] - Timeout '0' is invalid. Using default page load timeout: '60'

2022-02-17 19:57:30 - [MESSAGE][PASSED] - Tapped on element 'Object Repository/Mobile/Page/Login/Input - Password'

2022-02-17 19:57:30 - [TEST_STEP][PASSED] - delay(1): Delayed 1 second(s)

2022-02-17 19:57:31 - [MESSAGE][PASSED] - Delayed 1 second(s)

2022-02-17 19:57:31 - [TEST_STEP][PASSED] - setText(LOGN_EdtRdyPassword, "Shalawa18", 0): Text 'Shalawa18' has been set to element 'Object Repository/Mobile/Page/Login/Input Rdy - Password'

2022-02-17 19:57:31 - [MESSAGE][WARNING] - Timeout '0' is invalid. Using default page load timeout: '60'

2022-02-17 19:57:31 - [MESSAGE][PASSED] - Text 'Shalawa18' has been set to element 'Object Repository/Mobile/Page/Login/Input Rdy - Password'

2022-02-17 19:57:31 - [TEST_STEP][PASSED] - delay(1): Delayed 1 second(s)

2022-02-17 19:57:32 - [MESSAGE][PASSED] - Delayed 1 second(s)

2022-02-17 19:57:32 - [TEST_STEP][PASSED] - hideKeyboard(): Keyboard is hidden

2022-02-17 19:57:39 - [MESSAGE][PASSED] - Keyboard is hidden

2022-02-17 19:57:39 - [TEST_STEP][PASSED] - tap(LOGN_BtnLogin, 0): Tapped on element 'Object Repository/Mobile/Page/Login/Button - Login'

2022-02-17 19:57:39 - [MESSAGE][WARNING] - Timeout '0' is invalid. Using default page load timeout: '60'

2022-02-17 19:57:40 - [MESSAGE][PASSED] - Tapped on element 'Object Repository/Mobile/Page/Login/Button - Login'

2022-02-17 19:57:40 - [TEST_STEP][PASSED] - delay(2): Delayed 2 second(s)

2022-02-17 19:57:42 - [MESSAGE][PASSED] - Delayed 2 second(s)

2022-02-17 19:57:42 - [TEST_STEP][PASSED] - break: null

2022-02-17 19:57:42 - [MESSAGE][PASSED] - Call Test Case 'Test Cases/Mobile/Page/Login/Login' successfully

2022-02-17 19:57:42 - [MESSAGE][PASSED] - Call Test Case 'Test Cases/Mobile/Page/CheckLogin' successfully

2022-02-17 19:57:42 - [TEST_STEP][PASSED] - tap(HOME_MenubarPortfolio, 0): Tapped on element 'Object Repository/Mobile/Page/Home/Menubar - Portfolio'

2022-02-17 19:57:42 - [MESSAGE][WARNING] - Timeout '0' is invalid. Using default page load timeout: '60'

2022-02-17 19:57:44 - [MESSAGE][PASSED] - Tapped on element 'Object Repository/Mobile/Page/Home/Menubar - Portfolio'

2022-02-17 19:57:44 - [TEST_STEP][PASSED] - delay(1): Delayed 1 second(s)

2022-02-17 19:57:45 - [MESSAGE][PASSED] - Delayed 1 second(s)

2022-02-17 19:57:45 - [TEST_STEP][PASSED] - for ([i = 0, i < 1, (i++)]): scroll.scroll.scrollScreenBottomToTop is PASSED

2022-02-17 19:57:45 - [TEST_STEP][PASSED] - if (tab == "summary"): null

2022-02-17 19:57:45 - [TEST_STEP][PASSED] - else if (tab == "stock"): null

2022-02-17 19:57:45 - [TEST_STEP][PASSED] - else if (tab == "mutualfund"): scroll.scroll.scrollScreenBottomToTop is PASSED

2022-02-17 19:57:45 - [TEST_STEP][PASSED] - tap(PORT_TabMutualFund, 0): Tapped on element 'Object Repository/Mobile/Page/Portfolio/Tab - Mutual Fund'

2022-02-17 19:57:45 - [MESSAGE][WARNING] - Timeout '0' is invalid. Using default page load timeout: '60'

2022-02-17 19:57:46 - [MESSAGE][PASSED] - Tapped on element 'Object Repository/Mobile/Page/Portfolio/Tab - Mutual Fund'

2022-02-17 19:57:46 - [TEST_STEP][PASSED] - delay(1): Delayed 1 second(s)

2022-02-17 19:57:47 - [MESSAGE][PASSED] - Delayed 1 second(s)

2022-02-17 19:57:47 - [TEST_STEP][PASSED] - try: scroll.scroll.scrollScreenBottomToTop is PASSED

2022-02-17 19:57:47 - [TEST_STEP][PASSED] - tapAndHold(PORT_ItemTopMutualFund, 1, 10): Tapped and held on element 'Object Repository/Mobile/Page/Portfolio/Item - Top Mutual Fund' with duration 1

2022-02-17 19:57:50 - [MESSAGE][PASSED] - Tapped and held on element 'Object Repository/Mobile/Page/Portfolio/Item - Top Mutual Fund' with duration 1

2022-02-17 19:57:50 - [TEST_STEP][PASSED] - delay(2): Delayed 2 second(s)

2022-02-17 19:57:52 - [MESSAGE][PASSED] - Delayed 2 second(s)

2022-02-17 19:57:52 - [TEST_STEP][PASSED] - switch (action2): null

2022-02-17 19:57:52 - [TEST_STEP][PASSED] - delay(3): Delayed 3 second(s)

2022-02-17 19:57:55 - [MESSAGE][PASSED] - Delayed 3 second(s)

2022-02-17 19:57:55 - [TEST_STEP][PASSED] - scroll.scroll.scrollScreenBottomToTop(): scroll.scroll.scrollScreenBottomToTop is PASSED

2022-02-17 19:57:55 - [MESSAGE][PASSED] - Current device physical height is 1423

2022-02-17 19:57:55 - [MESSAGE][PASSED] - Current device physical width is 720

2022-02-17 19:57:56 - [MESSAGE][PASSED] - Swiped from 360,1,138 to 360,284

2022-02-17 19:57:56 - [MESSAGE][PASSED] - scroll.scroll.scrollScreenBottomToTop is PASSED

2022-02-17 19:57:56 - [MESSAGE][PASSED] - Call Test Case 'Test Cases/Mobile/Page/Portfolio/Portfolio' successfully

2022-02-17 19:57:56 - [TEST_STEP][PASSED] - callTestCase(findTestCase("Mobile/Page/Run App/Terminate App"), [:], STOP_ON_FAILURE): Call Test Case 'Test Cases/Mobile/Page/Run App/Terminate App' successfully

2022-02-17 19:57:57 - [TEST_CASE][PASSED] - Test Cases/Mobile/Page/Run App/Terminate App: Test Cases/Mobile/Page/Run App/Terminate App

2022-02-17 19:57:57 - [TEST_STEP][PASSED] - startApp.OpenApp.terminateApplication(): startApp.OpenApp.terminateApplication is PASSED

2022-02-17 19:58:00 - [MESSAGE][PASSED] - Delayed 3 second(s)

2022-02-17 19:58:00 - [MESSAGE][PASSED] - Current device physical width is 720

2022-02-17 19:58:00 - [MESSAGE][PASSED] - Current device physical height is 1423

2022-02-17 19:58:01 - [MESSAGE][PASSED] - Swiped from 360,853 to 360,142

2022-02-17 19:58:02 - [MESSAGE][PASSED] - Delayed 1 second(s)

2022-02-17 19:58:04 - [MESSAGE][PASSED] - Swiped from 360,853 to 360,142

2022-02-17 19:58:07 - [MESSAGE][PASSED] - Delayed 3 second(s)

2022-02-17 19:58:07 - [MESSAGE][PASSED] - startApp.OpenApp.terminateApplication is PASSED

2022-02-17 19:58:07 - [MESSAGE][PASSED] - Call Test Case 'Test Cases/Mobile/Page/Run App/Terminate App' successfully]]></system-out>
         <system-err><![CDATA[]]></system-err>
      </testcase>
      <testcase name="Test Cases/Mobile/Scenario/Portfolio/012 - Melihat list bond" time="57.219" classname="Test Cases/Mobile/Scenario/Portfolio/012 - Melihat list bond" status="PASSED">
         <system-out><![CDATA[2022-02-17 19:58:07 - [TEST_CASE][PASSED] - Test Cases/Mobile/Scenario/Portfolio/012 - Melihat list bond: Test Cases/Mobile/Scenario/Portfolio/012 - Melihat list bond

2022-02-17 19:58:07 - [TEST_STEP][PASSED] - callTestCase(findTestCase("Mobile/Page/Run App/Run App byID"), [:], STOP_ON_FAILURE): Call Test Case 'Test Cases/Mobile/Page/Run App/Run App byID' successfully

2022-02-17 19:58:07 - [TEST_CASE][PASSED] - Test Cases/Mobile/Page/Run App/Run App byID: Test Cases/Mobile/Page/Run App/Run App byID

2022-02-17 19:58:07 - [TEST_STEP][PASSED] - startApp.OpenApp.startApplication("id.co.miraeasset.sageclub"): startApp.OpenApp.startApplication is PASSED

2022-02-17 19:58:21 - [MESSAGE][PASSED] - Starting app with application ID: 'id.co.miraeasset.sageclub'

2022-02-17 19:58:21 - [MESSAGE][PASSED] - startApp.OpenApp.startApplication is PASSED

2022-02-17 19:58:21 - [MESSAGE][PASSED] - Call Test Case 'Test Cases/Mobile/Page/Run App/Run App byID' successfully

2022-02-17 19:58:21 - [TEST_STEP][PASSED] - callTestCase(findTestCase("Mobile/Page/Portfolio/Portfolio"), ["tab":"stock", "action":"none"], CONTINUE_ON_FAILURE): Call Test Case 'Test Cases/Mobile/Page/Portfolio/Portfolio' successfully

2022-02-17 19:58:21 - [TEST_CASE][PASSED] - Test Cases/Mobile/Page/Portfolio/Portfolio: Test Cases/Mobile/Page/Portfolio/Portfolio

2022-02-17 19:58:21 - [TEST_STEP][PASSED] - callTestCase(findTestCase("Mobile/Page/CheckLogin"), [:], CONTINUE_ON_FAILURE): Call Test Case 'Test Cases/Mobile/Page/CheckLogin' successfully

2022-02-17 19:58:21 - [TEST_CASE][PASSED] - Test Cases/Mobile/Page/CheckLogin: Test Cases/Mobile/Page/CheckLogin

2022-02-17 19:58:21 - [TEST_STEP][PASSED] - loginCheck = verifyElementExist(LOGN_BtnLogin, 5, CONTINUE_ON_FAILURE): Element 'Object Repository/Mobile/Page/Login/Button - Login' is exist

2022-02-17 19:58:23 - [MESSAGE][PASSED] - Element 'Object Repository/Mobile/Page/Login/Button - Login' is exist

2022-02-17 19:58:23 - [TEST_STEP][PASSED] - if (loginCheck): Call Test Case 'Test Cases/Mobile/Page/Login/Login' successfully

2022-02-17 19:58:23 - [TEST_STEP][PASSED] - callTestCase(findTestCase("Mobile/Page/Login/Login"), ["action":"username"], CONTINUE_ON_FAILURE): Call Test Case 'Test Cases/Mobile/Page/Login/Login' successfully

2022-02-17 19:58:23 - [TEST_CASE][PASSED] - Test Cases/Mobile/Page/Login/Login: Test Cases/Mobile/Page/Login/Login

2022-02-17 19:58:23 - [TEST_STEP][PASSED] - delay(2): Delayed 2 second(s)

2022-02-17 19:58:25 - [MESSAGE][PASSED] - Delayed 2 second(s)

2022-02-17 19:58:25 - [TEST_STEP][PASSED] - for ([i = 0, i < 1, (i++)]): null

2022-02-17 19:58:25 - [TEST_STEP][PASSED] - if (action == "username"): null

2022-02-17 19:58:25 - [TEST_STEP][PASSED] - tap(LOGN_EdtUserID, 0): Tapped on element 'Object Repository/Mobile/Page/Login/Input - UserID'

2022-02-17 19:58:25 - [MESSAGE][WARNING] - Timeout '0' is invalid. Using default page load timeout: '60'

2022-02-17 19:58:25 - [MESSAGE][PASSED] - Tapped on element 'Object Repository/Mobile/Page/Login/Input - UserID'

2022-02-17 19:58:25 - [TEST_STEP][PASSED] - delay(1): Delayed 1 second(s)

2022-02-17 19:58:26 - [MESSAGE][PASSED] - Delayed 1 second(s)

2022-02-17 19:58:26 - [TEST_STEP][PASSED] - setText(LOGN_EdtRdyUserID, "anggaaditya", 0): Text 'anggaaditya' has been set to element 'Object Repository/Mobile/Page/Login/Input Rdy - UserID'

2022-02-17 19:58:26 - [MESSAGE][WARNING] - Timeout '0' is invalid. Using default page load timeout: '60'

2022-02-17 19:58:27 - [MESSAGE][PASSED] - Text 'anggaaditya' has been set to element 'Object Repository/Mobile/Page/Login/Input Rdy - UserID'

2022-02-17 19:58:27 - [TEST_STEP][PASSED] - delay(1): Delayed 1 second(s)

2022-02-17 19:58:28 - [MESSAGE][PASSED] - Delayed 1 second(s)

2022-02-17 19:58:28 - [TEST_STEP][PASSED] - hideKeyboard(): Keyboard is hidden

2022-02-17 19:58:31 - [MESSAGE][PASSED] - Keyboard is hidden

2022-02-17 19:58:31 - [TEST_STEP][PASSED] - tap(LOGN_EdtPassword, 0): Tapped on element 'Object Repository/Mobile/Page/Login/Input - Password'

2022-02-17 19:58:31 - [MESSAGE][WARNING] - Timeout '0' is invalid. Using default page load timeout: '60'

2022-02-17 19:58:32 - [MESSAGE][PASSED] - Tapped on element 'Object Repository/Mobile/Page/Login/Input - Password'

2022-02-17 19:58:32 - [TEST_STEP][PASSED] - delay(1): Delayed 1 second(s)

2022-02-17 19:58:33 - [MESSAGE][PASSED] - Delayed 1 second(s)

2022-02-17 19:58:33 - [TEST_STEP][PASSED] - setText(LOGN_EdtRdyPassword, "Shalawa18", 0): Text 'Shalawa18' has been set to element 'Object Repository/Mobile/Page/Login/Input Rdy - Password'

2022-02-17 19:58:33 - [MESSAGE][WARNING] - Timeout '0' is invalid. Using default page load timeout: '60'

2022-02-17 19:58:33 - [MESSAGE][PASSED] - Text 'Shalawa18' has been set to element 'Object Repository/Mobile/Page/Login/Input Rdy - Password'

2022-02-17 19:58:33 - [TEST_STEP][PASSED] - delay(1): Delayed 1 second(s)

2022-02-17 19:58:34 - [MESSAGE][PASSED] - Delayed 1 second(s)

2022-02-17 19:58:34 - [TEST_STEP][PASSED] - hideKeyboard(): Keyboard is hidden

2022-02-17 19:58:41 - [MESSAGE][PASSED] - Keyboard is hidden

2022-02-17 19:58:41 - [TEST_STEP][PASSED] - tap(LOGN_BtnLogin, 0): Tapped on element 'Object Repository/Mobile/Page/Login/Button - Login'

2022-02-17 19:58:41 - [MESSAGE][WARNING] - Timeout '0' is invalid. Using default page load timeout: '60'

2022-02-17 19:58:41 - [MESSAGE][PASSED] - Tapped on element 'Object Repository/Mobile/Page/Login/Button - Login'

2022-02-17 19:58:41 - [TEST_STEP][PASSED] - delay(2): Delayed 2 second(s)

2022-02-17 19:58:43 - [MESSAGE][PASSED] - Delayed 2 second(s)

2022-02-17 19:58:43 - [TEST_STEP][PASSED] - break: null

2022-02-17 19:58:43 - [MESSAGE][PASSED] - Call Test Case 'Test Cases/Mobile/Page/Login/Login' successfully

2022-02-17 19:58:43 - [MESSAGE][PASSED] - Call Test Case 'Test Cases/Mobile/Page/CheckLogin' successfully

2022-02-17 19:58:43 - [TEST_STEP][PASSED] - tap(HOME_MenubarPortfolio, 0): Tapped on element 'Object Repository/Mobile/Page/Home/Menubar - Portfolio'

2022-02-17 19:58:43 - [MESSAGE][WARNING] - Timeout '0' is invalid. Using default page load timeout: '60'

2022-02-17 19:58:47 - [MESSAGE][PASSED] - Tapped on element 'Object Repository/Mobile/Page/Home/Menubar - Portfolio'

2022-02-17 19:58:47 - [TEST_STEP][PASSED] - delay(1): Delayed 1 second(s)

2022-02-17 19:58:48 - [MESSAGE][PASSED] - Delayed 1 second(s)

2022-02-17 19:58:48 - [TEST_STEP][PASSED] - for ([i = 0, i < 1, (i++)]): Delayed 3 second(s)

2022-02-17 19:58:48 - [TEST_STEP][PASSED] - if (tab == "summary"): null

2022-02-17 19:58:48 - [TEST_STEP][PASSED] - else if (tab == "stock"): Delayed 3 second(s)

2022-02-17 19:58:48 - [TEST_STEP][PASSED] - tap(PORT_TabStock, 0): Tapped on element 'Object Repository/Mobile/Page/Portfolio/Tab - Stock'

2022-02-17 19:58:48 - [MESSAGE][WARNING] - Timeout '0' is invalid. Using default page load timeout: '60'

2022-02-17 19:58:49 - [MESSAGE][PASSED] - Tapped on element 'Object Repository/Mobile/Page/Portfolio/Tab - Stock'

2022-02-17 19:58:49 - [TEST_STEP][PASSED] - scroll.scroll.scrollScreenBottomToTop(): scroll.scroll.scrollScreenBottomToTop is PASSED

2022-02-17 19:58:49 - [MESSAGE][PASSED] - Current device physical height is 1423

2022-02-17 19:58:49 - [MESSAGE][PASSED] - Current device physical width is 720

2022-02-17 19:58:51 - [MESSAGE][PASSED] - Swiped from 360,1,138 to 360,284

2022-02-17 19:58:51 - [MESSAGE][PASSED] - scroll.scroll.scrollScreenBottomToTop is PASSED

2022-02-17 19:58:51 - [TEST_STEP][PASSED] - delay(3): Delayed 3 second(s)

2022-02-17 19:58:54 - [MESSAGE][PASSED] - Delayed 3 second(s)

2022-02-17 19:58:54 - [MESSAGE][PASSED] - Call Test Case 'Test Cases/Mobile/Page/Portfolio/Portfolio' successfully

2022-02-17 19:58:54 - [TEST_STEP][PASSED] - callTestCase(findTestCase("Mobile/Page/Run App/Terminate App"), [:], STOP_ON_FAILURE): Call Test Case 'Test Cases/Mobile/Page/Run App/Terminate App' successfully

2022-02-17 19:58:54 - [TEST_CASE][PASSED] - Test Cases/Mobile/Page/Run App/Terminate App: Test Cases/Mobile/Page/Run App/Terminate App

2022-02-17 19:58:54 - [TEST_STEP][PASSED] - startApp.OpenApp.terminateApplication(): startApp.OpenApp.terminateApplication is PASSED

2022-02-17 19:58:57 - [MESSAGE][PASSED] - Delayed 3 second(s)

2022-02-17 19:58:57 - [MESSAGE][PASSED] - Current device physical width is 720

2022-02-17 19:58:57 - [MESSAGE][PASSED] - Current device physical height is 1423

2022-02-17 19:58:59 - [MESSAGE][PASSED] - Swiped from 360,853 to 360,142

2022-02-17 19:59:00 - [MESSAGE][PASSED] - Delayed 1 second(s)

2022-02-17 19:59:01 - [MESSAGE][PASSED] - Swiped from 360,853 to 360,142

2022-02-17 19:59:04 - [MESSAGE][PASSED] - Delayed 3 second(s)

2022-02-17 19:59:04 - [MESSAGE][PASSED] - startApp.OpenApp.terminateApplication is PASSED

2022-02-17 19:59:04 - [MESSAGE][PASSED] - Call Test Case 'Test Cases/Mobile/Page/Run App/Terminate App' successfully]]></system-out>
         <system-err><![CDATA[]]></system-err>
      </testcase>
      <testcase name="Test Cases/Mobile/Scenario/Portfolio/013 - Melihat detail mutual fund 1 month" time="66.306" classname="Test Cases/Mobile/Scenario/Portfolio/013 - Melihat detail mutual fund 1 month" status="PASSED">
         <system-out><![CDATA[2022-02-17 19:59:04 - [TEST_CASE][PASSED] - Test Cases/Mobile/Scenario/Portfolio/013 - Melihat detail mutual fund 1 month: Test Cases/Mobile/Scenario/Portfolio/013 - Melihat detail mutual fund 1 month

2022-02-17 19:59:04 - [TEST_STEP][PASSED] - callTestCase(findTestCase("Mobile/Page/Run App/Run App byID"), [:], STOP_ON_FAILURE): Call Test Case 'Test Cases/Mobile/Page/Run App/Run App byID' successfully

2022-02-17 19:59:04 - [TEST_CASE][PASSED] - Test Cases/Mobile/Page/Run App/Run App byID: Test Cases/Mobile/Page/Run App/Run App byID

2022-02-17 19:59:04 - [TEST_STEP][PASSED] - startApp.OpenApp.startApplication("id.co.miraeasset.sageclub"): startApp.OpenApp.startApplication is PASSED

2022-02-17 19:59:18 - [MESSAGE][PASSED] - Starting app with application ID: 'id.co.miraeasset.sageclub'

2022-02-17 19:59:18 - [MESSAGE][PASSED] - startApp.OpenApp.startApplication is PASSED

2022-02-17 19:59:18 - [MESSAGE][PASSED] - Call Test Case 'Test Cases/Mobile/Page/Run App/Run App byID' successfully

2022-02-17 19:59:18 - [TEST_STEP][PASSED] - callTestCase(findTestCase("Mobile/Page/Portfolio/Portfolio"), ["tab":"mutualfund", "action2":"1 month"], CONTINUE_ON_FAILURE): Call Test Case 'Test Cases/Mobile/Page/Portfolio/Portfolio' successfully

2022-02-17 19:59:18 - [TEST_CASE][PASSED] - Test Cases/Mobile/Page/Portfolio/Portfolio: Test Cases/Mobile/Page/Portfolio/Portfolio

2022-02-17 19:59:18 - [TEST_STEP][PASSED] - callTestCase(findTestCase("Mobile/Page/CheckLogin"), [:], CONTINUE_ON_FAILURE): Call Test Case 'Test Cases/Mobile/Page/CheckLogin' successfully

2022-02-17 19:59:18 - [TEST_CASE][PASSED] - Test Cases/Mobile/Page/CheckLogin: Test Cases/Mobile/Page/CheckLogin

2022-02-17 19:59:18 - [TEST_STEP][PASSED] - loginCheck = verifyElementExist(LOGN_BtnLogin, 5, CONTINUE_ON_FAILURE): Element 'Object Repository/Mobile/Page/Login/Button - Login' is exist

2022-02-17 19:59:20 - [MESSAGE][PASSED] - Element 'Object Repository/Mobile/Page/Login/Button - Login' is exist

2022-02-17 19:59:20 - [TEST_STEP][PASSED] - if (loginCheck): Call Test Case 'Test Cases/Mobile/Page/Login/Login' successfully

2022-02-17 19:59:20 - [TEST_STEP][PASSED] - callTestCase(findTestCase("Mobile/Page/Login/Login"), ["action":"username"], CONTINUE_ON_FAILURE): Call Test Case 'Test Cases/Mobile/Page/Login/Login' successfully

2022-02-17 19:59:20 - [TEST_CASE][PASSED] - Test Cases/Mobile/Page/Login/Login: Test Cases/Mobile/Page/Login/Login

2022-02-17 19:59:20 - [TEST_STEP][PASSED] - delay(2): Delayed 2 second(s)

2022-02-17 19:59:22 - [MESSAGE][PASSED] - Delayed 2 second(s)

2022-02-17 19:59:22 - [TEST_STEP][PASSED] - for ([i = 0, i < 1, (i++)]): null

2022-02-17 19:59:22 - [TEST_STEP][PASSED] - if (action == "username"): null

2022-02-17 19:59:22 - [TEST_STEP][PASSED] - tap(LOGN_EdtUserID, 0): Tapped on element 'Object Repository/Mobile/Page/Login/Input - UserID'

2022-02-17 19:59:22 - [MESSAGE][WARNING] - Timeout '0' is invalid. Using default page load timeout: '60'

2022-02-17 19:59:22 - [MESSAGE][PASSED] - Tapped on element 'Object Repository/Mobile/Page/Login/Input - UserID'

2022-02-17 19:59:22 - [TEST_STEP][PASSED] - delay(1): Delayed 1 second(s)

2022-02-17 19:59:23 - [MESSAGE][PASSED] - Delayed 1 second(s)

2022-02-17 19:59:23 - [TEST_STEP][PASSED] - setText(LOGN_EdtRdyUserID, "anggaaditya", 0): Text 'anggaaditya' has been set to element 'Object Repository/Mobile/Page/Login/Input Rdy - UserID'

2022-02-17 19:59:23 - [MESSAGE][WARNING] - Timeout '0' is invalid. Using default page load timeout: '60'

2022-02-17 19:59:24 - [MESSAGE][PASSED] - Text 'anggaaditya' has been set to element 'Object Repository/Mobile/Page/Login/Input Rdy - UserID'

2022-02-17 19:59:24 - [TEST_STEP][PASSED] - delay(1): Delayed 1 second(s)

2022-02-17 19:59:25 - [MESSAGE][PASSED] - Delayed 1 second(s)

2022-02-17 19:59:25 - [TEST_STEP][PASSED] - hideKeyboard(): Keyboard is hidden

2022-02-17 19:59:29 - [MESSAGE][PASSED] - Keyboard is hidden

2022-02-17 19:59:29 - [TEST_STEP][PASSED] - tap(LOGN_EdtPassword, 0): Tapped on element 'Object Repository/Mobile/Page/Login/Input - Password'

2022-02-17 19:59:29 - [MESSAGE][WARNING] - Timeout '0' is invalid. Using default page load timeout: '60'

2022-02-17 19:59:29 - [MESSAGE][PASSED] - Tapped on element 'Object Repository/Mobile/Page/Login/Input - Password'

2022-02-17 19:59:29 - [TEST_STEP][PASSED] - delay(1): Delayed 1 second(s)

2022-02-17 19:59:30 - [MESSAGE][PASSED] - Delayed 1 second(s)

2022-02-17 19:59:30 - [TEST_STEP][PASSED] - setText(LOGN_EdtRdyPassword, "Shalawa18", 0): Text 'Shalawa18' has been set to element 'Object Repository/Mobile/Page/Login/Input Rdy - Password'

2022-02-17 19:59:30 - [MESSAGE][WARNING] - Timeout '0' is invalid. Using default page load timeout: '60'

2022-02-17 19:59:31 - [MESSAGE][PASSED] - Text 'Shalawa18' has been set to element 'Object Repository/Mobile/Page/Login/Input Rdy - Password'

2022-02-17 19:59:31 - [TEST_STEP][PASSED] - delay(1): Delayed 1 second(s)

2022-02-17 19:59:32 - [MESSAGE][PASSED] - Delayed 1 second(s)

2022-02-17 19:59:32 - [TEST_STEP][PASSED] - hideKeyboard(): Keyboard is hidden

2022-02-17 19:59:38 - [MESSAGE][PASSED] - Keyboard is hidden

2022-02-17 19:59:38 - [TEST_STEP][PASSED] - tap(LOGN_BtnLogin, 0): Tapped on element 'Object Repository/Mobile/Page/Login/Button - Login'

2022-02-17 19:59:38 - [MESSAGE][WARNING] - Timeout '0' is invalid. Using default page load timeout: '60'

2022-02-17 19:59:39 - [MESSAGE][PASSED] - Tapped on element 'Object Repository/Mobile/Page/Login/Button - Login'

2022-02-17 19:59:39 - [TEST_STEP][PASSED] - delay(2): Delayed 2 second(s)

2022-02-17 19:59:41 - [MESSAGE][PASSED] - Delayed 2 second(s)

2022-02-17 19:59:41 - [TEST_STEP][PASSED] - break: null

2022-02-17 19:59:41 - [MESSAGE][PASSED] - Call Test Case 'Test Cases/Mobile/Page/Login/Login' successfully

2022-02-17 19:59:41 - [MESSAGE][PASSED] - Call Test Case 'Test Cases/Mobile/Page/CheckLogin' successfully

2022-02-17 19:59:41 - [TEST_STEP][PASSED] - tap(HOME_MenubarPortfolio, 0): Tapped on element 'Object Repository/Mobile/Page/Home/Menubar - Portfolio'

2022-02-17 19:59:41 - [MESSAGE][WARNING] - Timeout '0' is invalid. Using default page load timeout: '60'

2022-02-17 19:59:44 - [MESSAGE][PASSED] - Tapped on element 'Object Repository/Mobile/Page/Home/Menubar - Portfolio'

2022-02-17 19:59:44 - [TEST_STEP][PASSED] - delay(1): Delayed 1 second(s)

2022-02-17 19:59:45 - [MESSAGE][PASSED] - Delayed 1 second(s)

2022-02-17 19:59:45 - [TEST_STEP][PASSED] - for ([i = 0, i < 1, (i++)]): scroll.scroll.scrollScreenBottomToTop is PASSED

2022-02-17 19:59:45 - [TEST_STEP][PASSED] - if (tab == "summary"): null

2022-02-17 19:59:45 - [TEST_STEP][PASSED] - else if (tab == "stock"): null

2022-02-17 19:59:45 - [TEST_STEP][PASSED] - else if (tab == "mutualfund"): scroll.scroll.scrollScreenBottomToTop is PASSED

2022-02-17 19:59:45 - [TEST_STEP][PASSED] - tap(PORT_TabMutualFund, 0): Tapped on element 'Object Repository/Mobile/Page/Portfolio/Tab - Mutual Fund'

2022-02-17 19:59:45 - [MESSAGE][WARNING] - Timeout '0' is invalid. Using default page load timeout: '60'

2022-02-17 19:59:47 - [MESSAGE][PASSED] - Tapped on element 'Object Repository/Mobile/Page/Portfolio/Tab - Mutual Fund'

2022-02-17 19:59:47 - [TEST_STEP][PASSED] - delay(1): Delayed 1 second(s)

2022-02-17 19:59:48 - [MESSAGE][PASSED] - Delayed 1 second(s)

2022-02-17 19:59:48 - [TEST_STEP][PASSED] - try: scroll.scroll.scrollScreenBottomToTop is PASSED

2022-02-17 19:59:48 - [TEST_STEP][PASSED] - tapAndHold(PORT_ItemTopMutualFund, 1, 10): Tapped and held on element 'Object Repository/Mobile/Page/Portfolio/Item - Top Mutual Fund' with duration 1

2022-02-17 19:59:50 - [MESSAGE][PASSED] - Tapped and held on element 'Object Repository/Mobile/Page/Portfolio/Item - Top Mutual Fund' with duration 1

2022-02-17 19:59:50 - [TEST_STEP][PASSED] - delay(2): Delayed 2 second(s)

2022-02-17 19:59:52 - [MESSAGE][PASSED] - Delayed 2 second(s)

2022-02-17 19:59:52 - [TEST_STEP][PASSED] - switch (action2): null

2022-02-17 19:59:52 - [TEST_STEP][PASSED] - case "1 month":: null

2022-02-17 19:59:52 - [TEST_STEP][PASSED] - tapAndHold(PORT_DETL_Btn1Month, 1, 0): Tapped and held on element 'Object Repository/Mobile/Page/Portfolio/Detail Mutual Funds/Button - 1 Month' with duration 1

2022-02-17 19:59:53 - [MESSAGE][WARNING] - Timeout '0' is invalid. Using default page load timeout: '60'

2022-02-17 19:59:55 - [MESSAGE][PASSED] - Tapped and held on element 'Object Repository/Mobile/Page/Portfolio/Detail Mutual Funds/Button - 1 Month' with duration 1

2022-02-17 19:59:55 - [TEST_STEP][PASSED] - break: null

2022-02-17 19:59:55 - [TEST_STEP][PASSED] - delay(3): Delayed 3 second(s)

2022-02-17 19:59:58 - [MESSAGE][PASSED] - Delayed 3 second(s)

2022-02-17 19:59:58 - [TEST_STEP][PASSED] - scroll.scroll.scrollScreenBottomToTop(): scroll.scroll.scrollScreenBottomToTop is PASSED

2022-02-17 19:59:59 - [MESSAGE][PASSED] - Current device physical height is 1423

2022-02-17 19:59:59 - [MESSAGE][PASSED] - Current device physical width is 720

2022-02-17 20:00:00 - [MESSAGE][PASSED] - Swiped from 360,1,138 to 360,284

2022-02-17 20:00:00 - [MESSAGE][PASSED] - scroll.scroll.scrollScreenBottomToTop is PASSED

2022-02-17 20:00:00 - [MESSAGE][PASSED] - Call Test Case 'Test Cases/Mobile/Page/Portfolio/Portfolio' successfully

2022-02-17 20:00:00 - [TEST_STEP][PASSED] - callTestCase(findTestCase("Mobile/Page/Run App/Terminate App"), [:], STOP_ON_FAILURE): Call Test Case 'Test Cases/Mobile/Page/Run App/Terminate App' successfully

2022-02-17 20:00:00 - [TEST_CASE][PASSED] - Test Cases/Mobile/Page/Run App/Terminate App: Test Cases/Mobile/Page/Run App/Terminate App

2022-02-17 20:00:00 - [TEST_STEP][PASSED] - startApp.OpenApp.terminateApplication(): startApp.OpenApp.terminateApplication is PASSED

2022-02-17 20:00:03 - [MESSAGE][PASSED] - Delayed 3 second(s)

2022-02-17 20:00:04 - [MESSAGE][PASSED] - Current device physical width is 720

2022-02-17 20:00:04 - [MESSAGE][PASSED] - Current device physical height is 1423

2022-02-17 20:00:05 - [MESSAGE][PASSED] - Swiped from 360,853 to 360,142

2022-02-17 20:00:06 - [MESSAGE][PASSED] - Delayed 1 second(s)

2022-02-17 20:00:07 - [MESSAGE][PASSED] - Swiped from 360,853 to 360,142

2022-02-17 20:00:10 - [MESSAGE][PASSED] - Delayed 3 second(s)

2022-02-17 20:00:10 - [MESSAGE][PASSED] - startApp.OpenApp.terminateApplication is PASSED

2022-02-17 20:00:10 - [MESSAGE][PASSED] - Call Test Case 'Test Cases/Mobile/Page/Run App/Terminate App' successfully]]></system-out>
         <system-err><![CDATA[]]></system-err>
      </testcase>
      <testcase name="Test Cases/Mobile/Scenario/Portfolio/014 - Melihat detail mutual fund 3 month" time="65.538" classname="Test Cases/Mobile/Scenario/Portfolio/014 - Melihat detail mutual fund 3 month" status="PASSED">
         <system-out><![CDATA[2022-02-17 20:00:10 - [TEST_CASE][PASSED] - Test Cases/Mobile/Scenario/Portfolio/014 - Melihat detail mutual fund 3 month: Test Cases/Mobile/Scenario/Portfolio/014 - Melihat detail mutual fund 3 month

2022-02-17 20:00:11 - [TEST_STEP][PASSED] - callTestCase(findTestCase("Mobile/Page/Run App/Run App byID"), [:], STOP_ON_FAILURE): Call Test Case 'Test Cases/Mobile/Page/Run App/Run App byID' successfully

2022-02-17 20:00:11 - [TEST_CASE][PASSED] - Test Cases/Mobile/Page/Run App/Run App byID: Test Cases/Mobile/Page/Run App/Run App byID

2022-02-17 20:00:11 - [TEST_STEP][PASSED] - startApp.OpenApp.startApplication("id.co.miraeasset.sageclub"): startApp.OpenApp.startApplication is PASSED

2022-02-17 20:00:24 - [MESSAGE][PASSED] - Starting app with application ID: 'id.co.miraeasset.sageclub'

2022-02-17 20:00:24 - [MESSAGE][PASSED] - startApp.OpenApp.startApplication is PASSED

2022-02-17 20:00:24 - [MESSAGE][PASSED] - Call Test Case 'Test Cases/Mobile/Page/Run App/Run App byID' successfully

2022-02-17 20:00:24 - [TEST_STEP][PASSED] - callTestCase(findTestCase("Mobile/Page/Portfolio/Portfolio"), ["tab":"mutualfund", "action2":"3 month"], CONTINUE_ON_FAILURE): Call Test Case 'Test Cases/Mobile/Page/Portfolio/Portfolio' successfully

2022-02-17 20:00:24 - [TEST_CASE][PASSED] - Test Cases/Mobile/Page/Portfolio/Portfolio: Test Cases/Mobile/Page/Portfolio/Portfolio

2022-02-17 20:00:24 - [TEST_STEP][PASSED] - callTestCase(findTestCase("Mobile/Page/CheckLogin"), [:], CONTINUE_ON_FAILURE): Call Test Case 'Test Cases/Mobile/Page/CheckLogin' successfully

2022-02-17 20:00:24 - [TEST_CASE][PASSED] - Test Cases/Mobile/Page/CheckLogin: Test Cases/Mobile/Page/CheckLogin

2022-02-17 20:00:24 - [TEST_STEP][PASSED] - loginCheck = verifyElementExist(LOGN_BtnLogin, 5, CONTINUE_ON_FAILURE): Element 'Object Repository/Mobile/Page/Login/Button - Login' is exist

2022-02-17 20:00:26 - [MESSAGE][PASSED] - Element 'Object Repository/Mobile/Page/Login/Button - Login' is exist

2022-02-17 20:00:26 - [TEST_STEP][PASSED] - if (loginCheck): Call Test Case 'Test Cases/Mobile/Page/Login/Login' successfully

2022-02-17 20:00:26 - [TEST_STEP][PASSED] - callTestCase(findTestCase("Mobile/Page/Login/Login"), ["action":"username"], CONTINUE_ON_FAILURE): Call Test Case 'Test Cases/Mobile/Page/Login/Login' successfully

2022-02-17 20:00:26 - [TEST_CASE][PASSED] - Test Cases/Mobile/Page/Login/Login: Test Cases/Mobile/Page/Login/Login

2022-02-17 20:00:26 - [TEST_STEP][PASSED] - delay(2): Delayed 2 second(s)

2022-02-17 20:00:28 - [MESSAGE][PASSED] - Delayed 2 second(s)

2022-02-17 20:00:28 - [TEST_STEP][PASSED] - for ([i = 0, i < 1, (i++)]): null

2022-02-17 20:00:28 - [TEST_STEP][PASSED] - if (action == "username"): null

2022-02-17 20:00:28 - [TEST_STEP][PASSED] - tap(LOGN_EdtUserID, 0): Tapped on element 'Object Repository/Mobile/Page/Login/Input - UserID'

2022-02-17 20:00:28 - [MESSAGE][WARNING] - Timeout '0' is invalid. Using default page load timeout: '60'

2022-02-17 20:00:28 - [MESSAGE][PASSED] - Tapped on element 'Object Repository/Mobile/Page/Login/Input - UserID'

2022-02-17 20:00:28 - [TEST_STEP][PASSED] - delay(1): Delayed 1 second(s)

2022-02-17 20:00:29 - [MESSAGE][PASSED] - Delayed 1 second(s)

2022-02-17 20:00:29 - [TEST_STEP][PASSED] - setText(LOGN_EdtRdyUserID, "anggaaditya", 0): Text 'anggaaditya' has been set to element 'Object Repository/Mobile/Page/Login/Input Rdy - UserID'

2022-02-17 20:00:29 - [MESSAGE][WARNING] - Timeout '0' is invalid. Using default page load timeout: '60'

2022-02-17 20:00:30 - [MESSAGE][PASSED] - Text 'anggaaditya' has been set to element 'Object Repository/Mobile/Page/Login/Input Rdy - UserID'

2022-02-17 20:00:30 - [TEST_STEP][PASSED] - delay(1): Delayed 1 second(s)

2022-02-17 20:00:31 - [MESSAGE][PASSED] - Delayed 1 second(s)

2022-02-17 20:00:31 - [TEST_STEP][PASSED] - hideKeyboard(): Keyboard is hidden

2022-02-17 20:00:35 - [MESSAGE][PASSED] - Keyboard is hidden

2022-02-17 20:00:35 - [TEST_STEP][PASSED] - tap(LOGN_EdtPassword, 0): Tapped on element 'Object Repository/Mobile/Page/Login/Input - Password'

2022-02-17 20:00:35 - [MESSAGE][WARNING] - Timeout '0' is invalid. Using default page load timeout: '60'

2022-02-17 20:00:35 - [MESSAGE][PASSED] - Tapped on element 'Object Repository/Mobile/Page/Login/Input - Password'

2022-02-17 20:00:35 - [TEST_STEP][PASSED] - delay(1): Delayed 1 second(s)

2022-02-17 20:00:36 - [MESSAGE][PASSED] - Delayed 1 second(s)

2022-02-17 20:00:36 - [TEST_STEP][PASSED] - setText(LOGN_EdtRdyPassword, "Shalawa18", 0): Text 'Shalawa18' has been set to element 'Object Repository/Mobile/Page/Login/Input Rdy - Password'

2022-02-17 20:00:36 - [MESSAGE][WARNING] - Timeout '0' is invalid. Using default page load timeout: '60'

2022-02-17 20:00:36 - [MESSAGE][PASSED] - Text 'Shalawa18' has been set to element 'Object Repository/Mobile/Page/Login/Input Rdy - Password'

2022-02-17 20:00:36 - [TEST_STEP][PASSED] - delay(1): Delayed 1 second(s)

2022-02-17 20:00:37 - [MESSAGE][PASSED] - Delayed 1 second(s)

2022-02-17 20:00:37 - [TEST_STEP][PASSED] - hideKeyboard(): Keyboard is hidden

2022-02-17 20:00:44 - [MESSAGE][PASSED] - Keyboard is hidden

2022-02-17 20:00:44 - [TEST_STEP][PASSED] - tap(LOGN_BtnLogin, 0): Tapped on element 'Object Repository/Mobile/Page/Login/Button - Login'

2022-02-17 20:00:44 - [MESSAGE][WARNING] - Timeout '0' is invalid. Using default page load timeout: '60'

2022-02-17 20:00:45 - [MESSAGE][PASSED] - Tapped on element 'Object Repository/Mobile/Page/Login/Button - Login'

2022-02-17 20:00:45 - [TEST_STEP][PASSED] - delay(2): Delayed 2 second(s)

2022-02-17 20:00:47 - [MESSAGE][PASSED] - Delayed 2 second(s)

2022-02-17 20:00:47 - [TEST_STEP][PASSED] - break: null

2022-02-17 20:00:47 - [MESSAGE][PASSED] - Call Test Case 'Test Cases/Mobile/Page/Login/Login' successfully

2022-02-17 20:00:47 - [MESSAGE][PASSED] - Call Test Case 'Test Cases/Mobile/Page/CheckLogin' successfully

2022-02-17 20:00:47 - [TEST_STEP][PASSED] - tap(HOME_MenubarPortfolio, 0): Tapped on element 'Object Repository/Mobile/Page/Home/Menubar - Portfolio'

2022-02-17 20:00:47 - [MESSAGE][WARNING] - Timeout '0' is invalid. Using default page load timeout: '60'

2022-02-17 20:00:49 - [MESSAGE][PASSED] - Tapped on element 'Object Repository/Mobile/Page/Home/Menubar - Portfolio'

2022-02-17 20:00:49 - [TEST_STEP][PASSED] - delay(1): Delayed 1 second(s)

2022-02-17 20:00:50 - [MESSAGE][PASSED] - Delayed 1 second(s)

2022-02-17 20:00:50 - [TEST_STEP][PASSED] - for ([i = 0, i < 1, (i++)]): scroll.scroll.scrollScreenBottomToTop is PASSED

2022-02-17 20:00:50 - [TEST_STEP][PASSED] - if (tab == "summary"): null

2022-02-17 20:00:50 - [TEST_STEP][PASSED] - else if (tab == "stock"): null

2022-02-17 20:00:50 - [TEST_STEP][PASSED] - else if (tab == "mutualfund"): scroll.scroll.scrollScreenBottomToTop is PASSED

2022-02-17 20:00:50 - [TEST_STEP][PASSED] - tap(PORT_TabMutualFund, 0): Tapped on element 'Object Repository/Mobile/Page/Portfolio/Tab - Mutual Fund'

2022-02-17 20:00:50 - [MESSAGE][WARNING] - Timeout '0' is invalid. Using default page load timeout: '60'

2022-02-17 20:00:52 - [MESSAGE][PASSED] - Tapped on element 'Object Repository/Mobile/Page/Portfolio/Tab - Mutual Fund'

2022-02-17 20:00:52 - [TEST_STEP][PASSED] - delay(1): Delayed 1 second(s)

2022-02-17 20:00:53 - [MESSAGE][PASSED] - Delayed 1 second(s)

2022-02-17 20:00:53 - [TEST_STEP][PASSED] - try: scroll.scroll.scrollScreenBottomToTop is PASSED

2022-02-17 20:00:53 - [TEST_STEP][PASSED] - tapAndHold(PORT_ItemTopMutualFund, 1, 10): Tapped and held on element 'Object Repository/Mobile/Page/Portfolio/Item - Top Mutual Fund' with duration 1

2022-02-17 20:00:56 - [MESSAGE][PASSED] - Tapped and held on element 'Object Repository/Mobile/Page/Portfolio/Item - Top Mutual Fund' with duration 1

2022-02-17 20:00:56 - [TEST_STEP][PASSED] - delay(2): Delayed 2 second(s)

2022-02-17 20:00:58 - [MESSAGE][PASSED] - Delayed 2 second(s)

2022-02-17 20:00:58 - [TEST_STEP][PASSED] - switch (action2): null

2022-02-17 20:00:58 - [TEST_STEP][PASSED] - case "3 month":: null

2022-02-17 20:00:58 - [TEST_STEP][PASSED] - tapAndHold(PORT_DETL_Btn3Month, 1, 0): Tapped and held on element 'Object Repository/Mobile/Page/Portfolio/Detail Mutual Funds/Button - 3 Month' with duration 1

2022-02-17 20:00:58 - [MESSAGE][WARNING] - Timeout '0' is invalid. Using default page load timeout: '60'

2022-02-17 20:01:01 - [MESSAGE][PASSED] - Tapped and held on element 'Object Repository/Mobile/Page/Portfolio/Detail Mutual Funds/Button - 3 Month' with duration 1

2022-02-17 20:01:01 - [TEST_STEP][PASSED] - break: null

2022-02-17 20:01:01 - [TEST_STEP][PASSED] - delay(3): Delayed 3 second(s)

2022-02-17 20:01:04 - [MESSAGE][PASSED] - Delayed 3 second(s)

2022-02-17 20:01:04 - [TEST_STEP][PASSED] - scroll.scroll.scrollScreenBottomToTop(): scroll.scroll.scrollScreenBottomToTop is PASSED

2022-02-17 20:01:04 - [MESSAGE][PASSED] - Current device physical height is 1423

2022-02-17 20:01:04 - [MESSAGE][PASSED] - Current device physical width is 720

2022-02-17 20:01:05 - [MESSAGE][PASSED] - Swiped from 360,1,138 to 360,284

2022-02-17 20:01:06 - [MESSAGE][PASSED] - scroll.scroll.scrollScreenBottomToTop is PASSED

2022-02-17 20:01:06 - [MESSAGE][PASSED] - Call Test Case 'Test Cases/Mobile/Page/Portfolio/Portfolio' successfully

2022-02-17 20:01:06 - [TEST_STEP][PASSED] - callTestCase(findTestCase("Mobile/Page/Run App/Terminate App"), [:], STOP_ON_FAILURE): Call Test Case 'Test Cases/Mobile/Page/Run App/Terminate App' successfully

2022-02-17 20:01:06 - [TEST_CASE][PASSED] - Test Cases/Mobile/Page/Run App/Terminate App: Test Cases/Mobile/Page/Run App/Terminate App

2022-02-17 20:01:06 - [TEST_STEP][PASSED] - startApp.OpenApp.terminateApplication(): startApp.OpenApp.terminateApplication is PASSED

2022-02-17 20:01:09 - [MESSAGE][PASSED] - Delayed 3 second(s)

2022-02-17 20:01:09 - [MESSAGE][PASSED] - Current device physical width is 720

2022-02-17 20:01:09 - [MESSAGE][PASSED] - Current device physical height is 1423

2022-02-17 20:01:11 - [MESSAGE][PASSED] - Swiped from 360,853 to 360,142

2022-02-17 20:01:12 - [MESSAGE][PASSED] - Delayed 1 second(s)

2022-02-17 20:01:13 - [MESSAGE][PASSED] - Swiped from 360,853 to 360,142

2022-02-17 20:01:16 - [MESSAGE][PASSED] - Delayed 3 second(s)

2022-02-17 20:01:16 - [MESSAGE][PASSED] - startApp.OpenApp.terminateApplication is PASSED

2022-02-17 20:01:16 - [MESSAGE][PASSED] - Call Test Case 'Test Cases/Mobile/Page/Run App/Terminate App' successfully]]></system-out>
         <system-err><![CDATA[]]></system-err>
      </testcase>
      <testcase name="Test Cases/Mobile/Scenario/Portfolio/015 - Melihat detail mutual fund 6 month" time="67.907" classname="Test Cases/Mobile/Scenario/Portfolio/015 - Melihat detail mutual fund 6 month" status="PASSED">
         <system-out><![CDATA[2022-02-17 20:01:16 - [TEST_CASE][PASSED] - Test Cases/Mobile/Scenario/Portfolio/015 - Melihat detail mutual fund 6 month: Test Cases/Mobile/Scenario/Portfolio/015 - Melihat detail mutual fund 6 month

2022-02-17 20:01:16 - [TEST_STEP][PASSED] - callTestCase(findTestCase("Mobile/Page/Run App/Run App byID"), [:], STOP_ON_FAILURE): Call Test Case 'Test Cases/Mobile/Page/Run App/Run App byID' successfully

2022-02-17 20:01:16 - [TEST_CASE][PASSED] - Test Cases/Mobile/Page/Run App/Run App byID: Test Cases/Mobile/Page/Run App/Run App byID

2022-02-17 20:01:16 - [TEST_STEP][PASSED] - startApp.OpenApp.startApplication("id.co.miraeasset.sageclub"): startApp.OpenApp.startApplication is PASSED

2022-02-17 20:01:31 - [MESSAGE][PASSED] - Starting app with application ID: 'id.co.miraeasset.sageclub'

2022-02-17 20:01:31 - [MESSAGE][PASSED] - startApp.OpenApp.startApplication is PASSED

2022-02-17 20:01:31 - [MESSAGE][PASSED] - Call Test Case 'Test Cases/Mobile/Page/Run App/Run App byID' successfully

2022-02-17 20:01:31 - [TEST_STEP][PASSED] - callTestCase(findTestCase("Mobile/Page/Portfolio/Portfolio"), ["tab":"mutualfund", "action2":"6 month"], CONTINUE_ON_FAILURE): Call Test Case 'Test Cases/Mobile/Page/Portfolio/Portfolio' successfully

2022-02-17 20:01:31 - [TEST_CASE][PASSED] - Test Cases/Mobile/Page/Portfolio/Portfolio: Test Cases/Mobile/Page/Portfolio/Portfolio

2022-02-17 20:01:31 - [TEST_STEP][PASSED] - callTestCase(findTestCase("Mobile/Page/CheckLogin"), [:], CONTINUE_ON_FAILURE): Call Test Case 'Test Cases/Mobile/Page/CheckLogin' successfully

2022-02-17 20:01:31 - [TEST_CASE][PASSED] - Test Cases/Mobile/Page/CheckLogin: Test Cases/Mobile/Page/CheckLogin

2022-02-17 20:01:31 - [TEST_STEP][PASSED] - loginCheck = verifyElementExist(LOGN_BtnLogin, 5, CONTINUE_ON_FAILURE): Element 'Object Repository/Mobile/Page/Login/Button - Login' is exist

2022-02-17 20:01:33 - [MESSAGE][PASSED] - Element 'Object Repository/Mobile/Page/Login/Button - Login' is exist

2022-02-17 20:01:33 - [TEST_STEP][PASSED] - if (loginCheck): Call Test Case 'Test Cases/Mobile/Page/Login/Login' successfully

2022-02-17 20:01:33 - [TEST_STEP][PASSED] - callTestCase(findTestCase("Mobile/Page/Login/Login"), ["action":"username"], CONTINUE_ON_FAILURE): Call Test Case 'Test Cases/Mobile/Page/Login/Login' successfully

2022-02-17 20:01:33 - [TEST_CASE][PASSED] - Test Cases/Mobile/Page/Login/Login: Test Cases/Mobile/Page/Login/Login

2022-02-17 20:01:33 - [TEST_STEP][PASSED] - delay(2): Delayed 2 second(s)

2022-02-17 20:01:35 - [MESSAGE][PASSED] - Delayed 2 second(s)

2022-02-17 20:01:35 - [TEST_STEP][PASSED] - for ([i = 0, i < 1, (i++)]): null

2022-02-17 20:01:35 - [TEST_STEP][PASSED] - if (action == "username"): null

2022-02-17 20:01:35 - [TEST_STEP][PASSED] - tap(LOGN_EdtUserID, 0): Tapped on element 'Object Repository/Mobile/Page/Login/Input - UserID'

2022-02-17 20:01:35 - [MESSAGE][WARNING] - Timeout '0' is invalid. Using default page load timeout: '60'

2022-02-17 20:01:36 - [MESSAGE][PASSED] - Tapped on element 'Object Repository/Mobile/Page/Login/Input - UserID'

2022-02-17 20:01:36 - [TEST_STEP][PASSED] - delay(1): Delayed 1 second(s)

2022-02-17 20:01:37 - [MESSAGE][PASSED] - Delayed 1 second(s)

2022-02-17 20:01:37 - [TEST_STEP][PASSED] - setText(LOGN_EdtRdyUserID, "anggaaditya", 0): Text 'anggaaditya' has been set to element 'Object Repository/Mobile/Page/Login/Input Rdy - UserID'

2022-02-17 20:01:37 - [MESSAGE][WARNING] - Timeout '0' is invalid. Using default page load timeout: '60'

2022-02-17 20:01:37 - [MESSAGE][PASSED] - Text 'anggaaditya' has been set to element 'Object Repository/Mobile/Page/Login/Input Rdy - UserID'

2022-02-17 20:01:37 - [TEST_STEP][PASSED] - delay(1): Delayed 1 second(s)

2022-02-17 20:01:38 - [MESSAGE][PASSED] - Delayed 1 second(s)

2022-02-17 20:01:38 - [TEST_STEP][PASSED] - hideKeyboard(): Keyboard is hidden

2022-02-17 20:01:43 - [MESSAGE][PASSED] - Keyboard is hidden

2022-02-17 20:01:43 - [TEST_STEP][PASSED] - tap(LOGN_EdtPassword, 0): Tapped on element 'Object Repository/Mobile/Page/Login/Input - Password'

2022-02-17 20:01:43 - [MESSAGE][WARNING] - Timeout '0' is invalid. Using default page load timeout: '60'

2022-02-17 20:01:43 - [MESSAGE][PASSED] - Tapped on element 'Object Repository/Mobile/Page/Login/Input - Password'

2022-02-17 20:01:43 - [TEST_STEP][PASSED] - delay(1): Delayed 1 second(s)

2022-02-17 20:01:44 - [MESSAGE][PASSED] - Delayed 1 second(s)

2022-02-17 20:01:44 - [TEST_STEP][PASSED] - setText(LOGN_EdtRdyPassword, "Shalawa18", 0): Text 'Shalawa18' has been set to element 'Object Repository/Mobile/Page/Login/Input Rdy - Password'

2022-02-17 20:01:44 - [MESSAGE][WARNING] - Timeout '0' is invalid. Using default page load timeout: '60'

2022-02-17 20:01:45 - [MESSAGE][PASSED] - Text 'Shalawa18' has been set to element 'Object Repository/Mobile/Page/Login/Input Rdy - Password'

2022-02-17 20:01:45 - [TEST_STEP][PASSED] - delay(1): Delayed 1 second(s)

2022-02-17 20:01:46 - [MESSAGE][PASSED] - Delayed 1 second(s)

2022-02-17 20:01:46 - [TEST_STEP][PASSED] - hideKeyboard(): Keyboard is hidden

2022-02-17 20:01:52 - [MESSAGE][PASSED] - Keyboard is hidden

2022-02-17 20:01:52 - [TEST_STEP][PASSED] - tap(LOGN_BtnLogin, 0): Tapped on element 'Object Repository/Mobile/Page/Login/Button - Login'

2022-02-17 20:01:52 - [MESSAGE][WARNING] - Timeout '0' is invalid. Using default page load timeout: '60'

2022-02-17 20:01:53 - [MESSAGE][PASSED] - Tapped on element 'Object Repository/Mobile/Page/Login/Button - Login'

2022-02-17 20:01:53 - [TEST_STEP][PASSED] - delay(2): Delayed 2 second(s)

2022-02-17 20:01:55 - [MESSAGE][PASSED] - Delayed 2 second(s)

2022-02-17 20:01:55 - [TEST_STEP][PASSED] - break: null

2022-02-17 20:01:55 - [MESSAGE][PASSED] - Call Test Case 'Test Cases/Mobile/Page/Login/Login' successfully

2022-02-17 20:01:55 - [MESSAGE][PASSED] - Call Test Case 'Test Cases/Mobile/Page/CheckLogin' successfully

2022-02-17 20:01:55 - [TEST_STEP][PASSED] - tap(HOME_MenubarPortfolio, 0): Tapped on element 'Object Repository/Mobile/Page/Home/Menubar - Portfolio'

2022-02-17 20:01:55 - [MESSAGE][WARNING] - Timeout '0' is invalid. Using default page load timeout: '60'

2022-02-17 20:01:58 - [MESSAGE][PASSED] - Tapped on element 'Object Repository/Mobile/Page/Home/Menubar - Portfolio'

2022-02-17 20:01:58 - [TEST_STEP][PASSED] - delay(1): Delayed 1 second(s)

2022-02-17 20:01:59 - [MESSAGE][PASSED] - Delayed 1 second(s)

2022-02-17 20:01:59 - [TEST_STEP][PASSED] - for ([i = 0, i < 1, (i++)]): scroll.scroll.scrollScreenBottomToTop is PASSED

2022-02-17 20:01:59 - [TEST_STEP][PASSED] - if (tab == "summary"): null

2022-02-17 20:01:59 - [TEST_STEP][PASSED] - else if (tab == "stock"): null

2022-02-17 20:01:59 - [TEST_STEP][PASSED] - else if (tab == "mutualfund"): scroll.scroll.scrollScreenBottomToTop is PASSED

2022-02-17 20:01:59 - [TEST_STEP][PASSED] - tap(PORT_TabMutualFund, 0): Tapped on element 'Object Repository/Mobile/Page/Portfolio/Tab - Mutual Fund'

2022-02-17 20:01:59 - [MESSAGE][WARNING] - Timeout '0' is invalid. Using default page load timeout: '60'

2022-02-17 20:02:00 - [MESSAGE][PASSED] - Tapped on element 'Object Repository/Mobile/Page/Portfolio/Tab - Mutual Fund'

2022-02-17 20:02:00 - [TEST_STEP][PASSED] - delay(1): Delayed 1 second(s)

2022-02-17 20:02:01 - [MESSAGE][PASSED] - Delayed 1 second(s)

2022-02-17 20:02:01 - [TEST_STEP][PASSED] - try: scroll.scroll.scrollScreenBottomToTop is PASSED

2022-02-17 20:02:01 - [TEST_STEP][PASSED] - tapAndHold(PORT_ItemTopMutualFund, 1, 10): Tapped and held on element 'Object Repository/Mobile/Page/Portfolio/Item - Top Mutual Fund' with duration 1

2022-02-17 20:02:04 - [MESSAGE][PASSED] - Tapped and held on element 'Object Repository/Mobile/Page/Portfolio/Item - Top Mutual Fund' with duration 1

2022-02-17 20:02:04 - [TEST_STEP][PASSED] - delay(2): Delayed 2 second(s)

2022-02-17 20:02:06 - [MESSAGE][PASSED] - Delayed 2 second(s)

2022-02-17 20:02:06 - [TEST_STEP][PASSED] - switch (action2): null

2022-02-17 20:02:06 - [TEST_STEP][PASSED] - case "6 month":: null

2022-02-17 20:02:06 - [TEST_STEP][PASSED] - tapAndHold(PORT_DETL_Btn6Month, 1, 0): Tapped and held on element 'Object Repository/Mobile/Page/Portfolio/Detail Mutual Funds/Button - 6 Month' with duration 1

2022-02-17 20:02:06 - [MESSAGE][WARNING] - Timeout '0' is invalid. Using default page load timeout: '60'

2022-02-17 20:02:09 - [MESSAGE][PASSED] - Tapped and held on element 'Object Repository/Mobile/Page/Portfolio/Detail Mutual Funds/Button - 6 Month' with duration 1

2022-02-17 20:02:09 - [TEST_STEP][PASSED] - break: null

2022-02-17 20:02:09 - [TEST_STEP][PASSED] - delay(3): Delayed 3 second(s)

2022-02-17 20:02:12 - [MESSAGE][PASSED] - Delayed 3 second(s)

2022-02-17 20:02:12 - [TEST_STEP][PASSED] - scroll.scroll.scrollScreenBottomToTop(): scroll.scroll.scrollScreenBottomToTop is PASSED

2022-02-17 20:02:12 - [MESSAGE][PASSED] - Current device physical height is 1423

2022-02-17 20:02:12 - [MESSAGE][PASSED] - Current device physical width is 720

2022-02-17 20:02:14 - [MESSAGE][PASSED] - Swiped from 360,1,138 to 360,284

2022-02-17 20:02:14 - [MESSAGE][PASSED] - scroll.scroll.scrollScreenBottomToTop is PASSED

2022-02-17 20:02:14 - [MESSAGE][PASSED] - Call Test Case 'Test Cases/Mobile/Page/Portfolio/Portfolio' successfully

2022-02-17 20:02:14 - [TEST_STEP][PASSED] - callTestCase(findTestCase("Mobile/Page/Run App/Terminate App"), [:], STOP_ON_FAILURE): Call Test Case 'Test Cases/Mobile/Page/Run App/Terminate App' successfully

2022-02-17 20:02:14 - [TEST_CASE][PASSED] - Test Cases/Mobile/Page/Run App/Terminate App: Test Cases/Mobile/Page/Run App/Terminate App

2022-02-17 20:02:14 - [TEST_STEP][PASSED] - startApp.OpenApp.terminateApplication(): startApp.OpenApp.terminateApplication is PASSED

2022-02-17 20:02:17 - [MESSAGE][PASSED] - Delayed 3 second(s)

2022-02-17 20:02:17 - [MESSAGE][PASSED] - Current device physical width is 720

2022-02-17 20:02:17 - [MESSAGE][PASSED] - Current device physical height is 1423

2022-02-17 20:02:19 - [MESSAGE][PASSED] - Swiped from 360,853 to 360,142

2022-02-17 20:02:20 - [MESSAGE][PASSED] - Delayed 1 second(s)

2022-02-17 20:02:21 - [MESSAGE][PASSED] - Swiped from 360,853 to 360,142

2022-02-17 20:02:24 - [MESSAGE][PASSED] - Delayed 3 second(s)

2022-02-17 20:02:24 - [MESSAGE][PASSED] - startApp.OpenApp.terminateApplication is PASSED

2022-02-17 20:02:24 - [MESSAGE][PASSED] - Call Test Case 'Test Cases/Mobile/Page/Run App/Terminate App' successfully]]></system-out>
         <system-err><![CDATA[]]></system-err>
      </testcase>
      <testcase name="Test Cases/Mobile/Scenario/Portfolio/016 - Melihat detail mutual fund 1 year" time="67.62" classname="Test Cases/Mobile/Scenario/Portfolio/016 - Melihat detail mutual fund 1 year" status="PASSED">
         <system-out><![CDATA[2022-02-17 20:02:24 - [TEST_CASE][PASSED] - Test Cases/Mobile/Scenario/Portfolio/016 - Melihat detail mutual fund 1 year: Test Cases/Mobile/Scenario/Portfolio/016 - Melihat detail mutual fund 1 year

2022-02-17 20:02:24 - [TEST_STEP][PASSED] - callTestCase(findTestCase("Mobile/Page/Run App/Run App byID"), [:], STOP_ON_FAILURE): Call Test Case 'Test Cases/Mobile/Page/Run App/Run App byID' successfully

2022-02-17 20:02:24 - [TEST_CASE][PASSED] - Test Cases/Mobile/Page/Run App/Run App byID: Test Cases/Mobile/Page/Run App/Run App byID

2022-02-17 20:02:24 - [TEST_STEP][PASSED] - startApp.OpenApp.startApplication("id.co.miraeasset.sageclub"): startApp.OpenApp.startApplication is PASSED

2022-02-17 20:02:38 - [MESSAGE][PASSED] - Starting app with application ID: 'id.co.miraeasset.sageclub'

2022-02-17 20:02:38 - [MESSAGE][PASSED] - startApp.OpenApp.startApplication is PASSED

2022-02-17 20:02:38 - [MESSAGE][PASSED] - Call Test Case 'Test Cases/Mobile/Page/Run App/Run App byID' successfully

2022-02-17 20:02:38 - [TEST_STEP][PASSED] - callTestCase(findTestCase("Mobile/Page/Portfolio/Portfolio"), ["tab":"mutualfund", "action2":"1 year"], CONTINUE_ON_FAILURE): Call Test Case 'Test Cases/Mobile/Page/Portfolio/Portfolio' successfully

2022-02-17 20:02:38 - [TEST_CASE][PASSED] - Test Cases/Mobile/Page/Portfolio/Portfolio: Test Cases/Mobile/Page/Portfolio/Portfolio

2022-02-17 20:02:38 - [TEST_STEP][PASSED] - callTestCase(findTestCase("Mobile/Page/CheckLogin"), [:], CONTINUE_ON_FAILURE): Call Test Case 'Test Cases/Mobile/Page/CheckLogin' successfully

2022-02-17 20:02:38 - [TEST_CASE][PASSED] - Test Cases/Mobile/Page/CheckLogin: Test Cases/Mobile/Page/CheckLogin

2022-02-17 20:02:38 - [TEST_STEP][PASSED] - loginCheck = verifyElementExist(LOGN_BtnLogin, 5, CONTINUE_ON_FAILURE): Element 'Object Repository/Mobile/Page/Login/Button - Login' is exist

2022-02-17 20:02:40 - [MESSAGE][PASSED] - Element 'Object Repository/Mobile/Page/Login/Button - Login' is exist

2022-02-17 20:02:40 - [TEST_STEP][PASSED] - if (loginCheck): Call Test Case 'Test Cases/Mobile/Page/Login/Login' successfully

2022-02-17 20:02:40 - [TEST_STEP][PASSED] - callTestCase(findTestCase("Mobile/Page/Login/Login"), ["action":"username"], CONTINUE_ON_FAILURE): Call Test Case 'Test Cases/Mobile/Page/Login/Login' successfully

2022-02-17 20:02:40 - [TEST_CASE][PASSED] - Test Cases/Mobile/Page/Login/Login: Test Cases/Mobile/Page/Login/Login

2022-02-17 20:02:40 - [TEST_STEP][PASSED] - delay(2): Delayed 2 second(s)

2022-02-17 20:02:42 - [MESSAGE][PASSED] - Delayed 2 second(s)

2022-02-17 20:02:42 - [TEST_STEP][PASSED] - for ([i = 0, i < 1, (i++)]): null

2022-02-17 20:02:42 - [TEST_STEP][PASSED] - if (action == "username"): null

2022-02-17 20:02:42 - [TEST_STEP][PASSED] - tap(LOGN_EdtUserID, 0): Tapped on element 'Object Repository/Mobile/Page/Login/Input - UserID'

2022-02-17 20:02:42 - [MESSAGE][WARNING] - Timeout '0' is invalid. Using default page load timeout: '60'

2022-02-17 20:02:43 - [MESSAGE][PASSED] - Tapped on element 'Object Repository/Mobile/Page/Login/Input - UserID'

2022-02-17 20:02:43 - [TEST_STEP][PASSED] - delay(1): Delayed 1 second(s)

2022-02-17 20:02:44 - [MESSAGE][PASSED] - Delayed 1 second(s)

2022-02-17 20:02:44 - [TEST_STEP][PASSED] - setText(LOGN_EdtRdyUserID, "anggaaditya", 0): Text 'anggaaditya' has been set to element 'Object Repository/Mobile/Page/Login/Input Rdy - UserID'

2022-02-17 20:02:44 - [MESSAGE][WARNING] - Timeout '0' is invalid. Using default page load timeout: '60'

2022-02-17 20:02:44 - [MESSAGE][PASSED] - Text 'anggaaditya' has been set to element 'Object Repository/Mobile/Page/Login/Input Rdy - UserID'

2022-02-17 20:02:44 - [TEST_STEP][PASSED] - delay(1): Delayed 1 second(s)

2022-02-17 20:02:45 - [MESSAGE][PASSED] - Delayed 1 second(s)

2022-02-17 20:02:45 - [TEST_STEP][PASSED] - hideKeyboard(): Keyboard is hidden

2022-02-17 20:02:49 - [MESSAGE][PASSED] - Keyboard is hidden

2022-02-17 20:02:49 - [TEST_STEP][PASSED] - tap(LOGN_EdtPassword, 0): Tapped on element 'Object Repository/Mobile/Page/Login/Input - Password'

2022-02-17 20:02:49 - [MESSAGE][WARNING] - Timeout '0' is invalid. Using default page load timeout: '60'

2022-02-17 20:02:50 - [MESSAGE][PASSED] - Tapped on element 'Object Repository/Mobile/Page/Login/Input - Password'

2022-02-17 20:02:50 - [TEST_STEP][PASSED] - delay(1): Delayed 1 second(s)

2022-02-17 20:02:51 - [MESSAGE][PASSED] - Delayed 1 second(s)

2022-02-17 20:02:51 - [TEST_STEP][PASSED] - setText(LOGN_EdtRdyPassword, "Shalawa18", 0): Text 'Shalawa18' has been set to element 'Object Repository/Mobile/Page/Login/Input Rdy - Password'

2022-02-17 20:02:51 - [MESSAGE][WARNING] - Timeout '0' is invalid. Using default page load timeout: '60'

2022-02-17 20:02:52 - [MESSAGE][PASSED] - Text 'Shalawa18' has been set to element 'Object Repository/Mobile/Page/Login/Input Rdy - Password'

2022-02-17 20:02:52 - [TEST_STEP][PASSED] - delay(1): Delayed 1 second(s)

2022-02-17 20:02:53 - [MESSAGE][PASSED] - Delayed 1 second(s)

2022-02-17 20:02:53 - [TEST_STEP][PASSED] - hideKeyboard(): Keyboard is hidden

2022-02-17 20:03:00 - [MESSAGE][PASSED] - Keyboard is hidden

2022-02-17 20:03:00 - [TEST_STEP][PASSED] - tap(LOGN_BtnLogin, 0): Tapped on element 'Object Repository/Mobile/Page/Login/Button - Login'

2022-02-17 20:03:00 - [MESSAGE][WARNING] - Timeout '0' is invalid. Using default page load timeout: '60'

2022-02-17 20:03:00 - [MESSAGE][PASSED] - Tapped on element 'Object Repository/Mobile/Page/Login/Button - Login'

2022-02-17 20:03:00 - [TEST_STEP][PASSED] - delay(2): Delayed 2 second(s)

2022-02-17 20:03:02 - [MESSAGE][PASSED] - Delayed 2 second(s)

2022-02-17 20:03:02 - [TEST_STEP][PASSED] - break: null

2022-02-17 20:03:02 - [MESSAGE][PASSED] - Call Test Case 'Test Cases/Mobile/Page/Login/Login' successfully

2022-02-17 20:03:02 - [MESSAGE][PASSED] - Call Test Case 'Test Cases/Mobile/Page/CheckLogin' successfully

2022-02-17 20:03:02 - [TEST_STEP][PASSED] - tap(HOME_MenubarPortfolio, 0): Tapped on element 'Object Repository/Mobile/Page/Home/Menubar - Portfolio'

2022-02-17 20:03:02 - [MESSAGE][WARNING] - Timeout '0' is invalid. Using default page load timeout: '60'

2022-02-17 20:03:05 - [MESSAGE][PASSED] - Tapped on element 'Object Repository/Mobile/Page/Home/Menubar - Portfolio'

2022-02-17 20:03:05 - [TEST_STEP][PASSED] - delay(1): Delayed 1 second(s)

2022-02-17 20:03:06 - [MESSAGE][PASSED] - Delayed 1 second(s)

2022-02-17 20:03:06 - [TEST_STEP][PASSED] - for ([i = 0, i < 1, (i++)]): scroll.scroll.scrollScreenBottomToTop is PASSED

2022-02-17 20:03:06 - [TEST_STEP][PASSED] - if (tab == "summary"): null

2022-02-17 20:03:06 - [TEST_STEP][PASSED] - else if (tab == "stock"): null

2022-02-17 20:03:06 - [TEST_STEP][PASSED] - else if (tab == "mutualfund"): scroll.scroll.scrollScreenBottomToTop is PASSED

2022-02-17 20:03:06 - [TEST_STEP][PASSED] - tap(PORT_TabMutualFund, 0): Tapped on element 'Object Repository/Mobile/Page/Portfolio/Tab - Mutual Fund'

2022-02-17 20:03:06 - [MESSAGE][WARNING] - Timeout '0' is invalid. Using default page load timeout: '60'

2022-02-17 20:03:08 - [MESSAGE][PASSED] - Tapped on element 'Object Repository/Mobile/Page/Portfolio/Tab - Mutual Fund'

2022-02-17 20:03:08 - [TEST_STEP][PASSED] - delay(1): Delayed 1 second(s)

2022-02-17 20:03:09 - [MESSAGE][PASSED] - Delayed 1 second(s)

2022-02-17 20:03:09 - [TEST_STEP][PASSED] - try: scroll.scroll.scrollScreenBottomToTop is PASSED

2022-02-17 20:03:09 - [TEST_STEP][PASSED] - tapAndHold(PORT_ItemTopMutualFund, 1, 10): Tapped and held on element 'Object Repository/Mobile/Page/Portfolio/Item - Top Mutual Fund' with duration 1

2022-02-17 20:03:12 - [MESSAGE][PASSED] - Tapped and held on element 'Object Repository/Mobile/Page/Portfolio/Item - Top Mutual Fund' with duration 1

2022-02-17 20:03:12 - [TEST_STEP][PASSED] - delay(2): Delayed 2 second(s)

2022-02-17 20:03:14 - [MESSAGE][PASSED] - Delayed 2 second(s)

2022-02-17 20:03:14 - [TEST_STEP][PASSED] - switch (action2): null

2022-02-17 20:03:14 - [TEST_STEP][PASSED] - case "1 year":: null

2022-02-17 20:03:14 - [TEST_STEP][PASSED] - tapAndHold(PORT_DETL_Btn1Year, 1, 0): Tapped and held on element 'Object Repository/Mobile/Page/Portfolio/Detail Mutual Funds/Button - 1 Year' with duration 1

2022-02-17 20:03:14 - [MESSAGE][WARNING] - Timeout '0' is invalid. Using default page load timeout: '60'

2022-02-17 20:03:17 - [MESSAGE][PASSED] - Tapped and held on element 'Object Repository/Mobile/Page/Portfolio/Detail Mutual Funds/Button - 1 Year' with duration 1

2022-02-17 20:03:17 - [TEST_STEP][PASSED] - break: null

2022-02-17 20:03:17 - [TEST_STEP][PASSED] - delay(3): Delayed 3 second(s)

2022-02-17 20:03:20 - [MESSAGE][PASSED] - Delayed 3 second(s)

2022-02-17 20:03:20 - [TEST_STEP][PASSED] - scroll.scroll.scrollScreenBottomToTop(): scroll.scroll.scrollScreenBottomToTop is PASSED

2022-02-17 20:03:20 - [MESSAGE][PASSED] - Current device physical height is 1423

2022-02-17 20:03:20 - [MESSAGE][PASSED] - Current device physical width is 720

2022-02-17 20:03:21 - [MESSAGE][PASSED] - Swiped from 360,1,138 to 360,284

2022-02-17 20:03:21 - [MESSAGE][PASSED] - scroll.scroll.scrollScreenBottomToTop is PASSED

2022-02-17 20:03:21 - [MESSAGE][PASSED] - Call Test Case 'Test Cases/Mobile/Page/Portfolio/Portfolio' successfully

2022-02-17 20:03:21 - [TEST_STEP][PASSED] - callTestCase(findTestCase("Mobile/Page/Run App/Terminate App"), [:], STOP_ON_FAILURE): Call Test Case 'Test Cases/Mobile/Page/Run App/Terminate App' successfully

2022-02-17 20:03:21 - [TEST_CASE][PASSED] - Test Cases/Mobile/Page/Run App/Terminate App: Test Cases/Mobile/Page/Run App/Terminate App

2022-02-17 20:03:21 - [TEST_STEP][PASSED] - startApp.OpenApp.terminateApplication(): startApp.OpenApp.terminateApplication is PASSED

2022-02-17 20:03:24 - [MESSAGE][PASSED] - Delayed 3 second(s)

2022-02-17 20:03:25 - [MESSAGE][PASSED] - Current device physical width is 720

2022-02-17 20:03:25 - [MESSAGE][PASSED] - Current device physical height is 1423

2022-02-17 20:03:26 - [MESSAGE][PASSED] - Swiped from 360,853 to 360,142

2022-02-17 20:03:27 - [MESSAGE][PASSED] - Delayed 1 second(s)

2022-02-17 20:03:28 - [MESSAGE][PASSED] - Swiped from 360,853 to 360,142

2022-02-17 20:03:31 - [MESSAGE][PASSED] - Delayed 3 second(s)

2022-02-17 20:03:31 - [MESSAGE][PASSED] - startApp.OpenApp.terminateApplication is PASSED

2022-02-17 20:03:31 - [MESSAGE][PASSED] - Call Test Case 'Test Cases/Mobile/Page/Run App/Terminate App' successfully]]></system-out>
         <system-err><![CDATA[]]></system-err>
      </testcase>
      <testcase name="Test Cases/Mobile/Scenario/Portfolio/017 - Melihat detail mutual fund 3 year" time="65.898" classname="Test Cases/Mobile/Scenario/Portfolio/017 - Melihat detail mutual fund 3 year" status="PASSED">
         <system-out><![CDATA[2022-02-17 20:03:31 - [TEST_CASE][PASSED] - Test Cases/Mobile/Scenario/Portfolio/017 - Melihat detail mutual fund 3 year: Test Cases/Mobile/Scenario/Portfolio/017 - Melihat detail mutual fund 3 year

2022-02-17 20:03:32 - [TEST_STEP][PASSED] - callTestCase(findTestCase("Mobile/Page/Run App/Run App byID"), [:], STOP_ON_FAILURE): Call Test Case 'Test Cases/Mobile/Page/Run App/Run App byID' successfully

2022-02-17 20:03:32 - [TEST_CASE][PASSED] - Test Cases/Mobile/Page/Run App/Run App byID: Test Cases/Mobile/Page/Run App/Run App byID

2022-02-17 20:03:32 - [TEST_STEP][PASSED] - startApp.OpenApp.startApplication("id.co.miraeasset.sageclub"): startApp.OpenApp.startApplication is PASSED

2022-02-17 20:03:45 - [MESSAGE][PASSED] - Starting app with application ID: 'id.co.miraeasset.sageclub'

2022-02-17 20:03:45 - [MESSAGE][PASSED] - startApp.OpenApp.startApplication is PASSED

2022-02-17 20:03:45 - [MESSAGE][PASSED] - Call Test Case 'Test Cases/Mobile/Page/Run App/Run App byID' successfully

2022-02-17 20:03:45 - [TEST_STEP][PASSED] - callTestCase(findTestCase("Mobile/Page/Portfolio/Portfolio"), ["tab":"mutualfund", "action2":"3 year"], CONTINUE_ON_FAILURE): Call Test Case 'Test Cases/Mobile/Page/Portfolio/Portfolio' successfully

2022-02-17 20:03:45 - [TEST_CASE][PASSED] - Test Cases/Mobile/Page/Portfolio/Portfolio: Test Cases/Mobile/Page/Portfolio/Portfolio

2022-02-17 20:03:45 - [TEST_STEP][PASSED] - callTestCase(findTestCase("Mobile/Page/CheckLogin"), [:], CONTINUE_ON_FAILURE): Call Test Case 'Test Cases/Mobile/Page/CheckLogin' successfully

2022-02-17 20:03:45 - [TEST_CASE][PASSED] - Test Cases/Mobile/Page/CheckLogin: Test Cases/Mobile/Page/CheckLogin

2022-02-17 20:03:45 - [TEST_STEP][PASSED] - loginCheck = verifyElementExist(LOGN_BtnLogin, 5, CONTINUE_ON_FAILURE): Element 'Object Repository/Mobile/Page/Login/Button - Login' is exist

2022-02-17 20:03:47 - [MESSAGE][PASSED] - Element 'Object Repository/Mobile/Page/Login/Button - Login' is exist

2022-02-17 20:03:47 - [TEST_STEP][PASSED] - if (loginCheck): Call Test Case 'Test Cases/Mobile/Page/Login/Login' successfully

2022-02-17 20:03:47 - [TEST_STEP][PASSED] - callTestCase(findTestCase("Mobile/Page/Login/Login"), ["action":"username"], CONTINUE_ON_FAILURE): Call Test Case 'Test Cases/Mobile/Page/Login/Login' successfully

2022-02-17 20:03:47 - [TEST_CASE][PASSED] - Test Cases/Mobile/Page/Login/Login: Test Cases/Mobile/Page/Login/Login

2022-02-17 20:03:47 - [TEST_STEP][PASSED] - delay(2): Delayed 2 second(s)

2022-02-17 20:03:49 - [MESSAGE][PASSED] - Delayed 2 second(s)

2022-02-17 20:03:49 - [TEST_STEP][PASSED] - for ([i = 0, i < 1, (i++)]): null

2022-02-17 20:03:49 - [TEST_STEP][PASSED] - if (action == "username"): null

2022-02-17 20:03:49 - [TEST_STEP][PASSED] - tap(LOGN_EdtUserID, 0): Tapped on element 'Object Repository/Mobile/Page/Login/Input - UserID'

2022-02-17 20:03:49 - [MESSAGE][WARNING] - Timeout '0' is invalid. Using default page load timeout: '60'

2022-02-17 20:03:50 - [MESSAGE][PASSED] - Tapped on element 'Object Repository/Mobile/Page/Login/Input - UserID'

2022-02-17 20:03:50 - [TEST_STEP][PASSED] - delay(1): Delayed 1 second(s)

2022-02-17 20:03:51 - [MESSAGE][PASSED] - Delayed 1 second(s)

2022-02-17 20:03:51 - [TEST_STEP][PASSED] - setText(LOGN_EdtRdyUserID, "anggaaditya", 0): Text 'anggaaditya' has been set to element 'Object Repository/Mobile/Page/Login/Input Rdy - UserID'

2022-02-17 20:03:51 - [MESSAGE][WARNING] - Timeout '0' is invalid. Using default page load timeout: '60'

2022-02-17 20:03:51 - [MESSAGE][PASSED] - Text 'anggaaditya' has been set to element 'Object Repository/Mobile/Page/Login/Input Rdy - UserID'

2022-02-17 20:03:51 - [TEST_STEP][PASSED] - delay(1): Delayed 1 second(s)

2022-02-17 20:03:52 - [MESSAGE][PASSED] - Delayed 1 second(s)

2022-02-17 20:03:52 - [TEST_STEP][PASSED] - hideKeyboard(): Keyboard is hidden

2022-02-17 20:03:56 - [MESSAGE][PASSED] - Keyboard is hidden

2022-02-17 20:03:56 - [TEST_STEP][PASSED] - tap(LOGN_EdtPassword, 0): Tapped on element 'Object Repository/Mobile/Page/Login/Input - Password'

2022-02-17 20:03:56 - [MESSAGE][WARNING] - Timeout '0' is invalid. Using default page load timeout: '60'

2022-02-17 20:03:57 - [MESSAGE][PASSED] - Tapped on element 'Object Repository/Mobile/Page/Login/Input - Password'

2022-02-17 20:03:57 - [TEST_STEP][PASSED] - delay(1): Delayed 1 second(s)

2022-02-17 20:03:58 - [MESSAGE][PASSED] - Delayed 1 second(s)

2022-02-17 20:03:58 - [TEST_STEP][PASSED] - setText(LOGN_EdtRdyPassword, "Shalawa18", 0): Text 'Shalawa18' has been set to element 'Object Repository/Mobile/Page/Login/Input Rdy - Password'

2022-02-17 20:03:58 - [MESSAGE][WARNING] - Timeout '0' is invalid. Using default page load timeout: '60'

2022-02-17 20:03:59 - [MESSAGE][PASSED] - Text 'Shalawa18' has been set to element 'Object Repository/Mobile/Page/Login/Input Rdy - Password'

2022-02-17 20:03:59 - [TEST_STEP][PASSED] - delay(1): Delayed 1 second(s)

2022-02-17 20:04:00 - [MESSAGE][PASSED] - Delayed 1 second(s)

2022-02-17 20:04:00 - [TEST_STEP][PASSED] - hideKeyboard(): Keyboard is hidden

2022-02-17 20:04:06 - [MESSAGE][PASSED] - Keyboard is hidden

2022-02-17 20:04:06 - [TEST_STEP][PASSED] - tap(LOGN_BtnLogin, 0): Tapped on element 'Object Repository/Mobile/Page/Login/Button - Login'

2022-02-17 20:04:06 - [MESSAGE][WARNING] - Timeout '0' is invalid. Using default page load timeout: '60'

2022-02-17 20:04:07 - [MESSAGE][PASSED] - Tapped on element 'Object Repository/Mobile/Page/Login/Button - Login'

2022-02-17 20:04:07 - [TEST_STEP][PASSED] - delay(2): Delayed 2 second(s)

2022-02-17 20:04:09 - [MESSAGE][PASSED] - Delayed 2 second(s)

2022-02-17 20:04:09 - [TEST_STEP][PASSED] - break: null

2022-02-17 20:04:09 - [MESSAGE][PASSED] - Call Test Case 'Test Cases/Mobile/Page/Login/Login' successfully

2022-02-17 20:04:09 - [MESSAGE][PASSED] - Call Test Case 'Test Cases/Mobile/Page/CheckLogin' successfully

2022-02-17 20:04:09 - [TEST_STEP][PASSED] - tap(HOME_MenubarPortfolio, 0): Tapped on element 'Object Repository/Mobile/Page/Home/Menubar - Portfolio'

2022-02-17 20:04:09 - [MESSAGE][WARNING] - Timeout '0' is invalid. Using default page load timeout: '60'

2022-02-17 20:04:11 - [MESSAGE][PASSED] - Tapped on element 'Object Repository/Mobile/Page/Home/Menubar - Portfolio'

2022-02-17 20:04:11 - [TEST_STEP][PASSED] - delay(1): Delayed 1 second(s)

2022-02-17 20:04:12 - [MESSAGE][PASSED] - Delayed 1 second(s)

2022-02-17 20:04:12 - [TEST_STEP][PASSED] - for ([i = 0, i < 1, (i++)]): scroll.scroll.scrollScreenBottomToTop is PASSED

2022-02-17 20:04:12 - [TEST_STEP][PASSED] - if (tab == "summary"): null

2022-02-17 20:04:12 - [TEST_STEP][PASSED] - else if (tab == "stock"): null

2022-02-17 20:04:12 - [TEST_STEP][PASSED] - else if (tab == "mutualfund"): scroll.scroll.scrollScreenBottomToTop is PASSED

2022-02-17 20:04:12 - [TEST_STEP][PASSED] - tap(PORT_TabMutualFund, 0): Tapped on element 'Object Repository/Mobile/Page/Portfolio/Tab - Mutual Fund'

2022-02-17 20:04:12 - [MESSAGE][WARNING] - Timeout '0' is invalid. Using default page load timeout: '60'

2022-02-17 20:04:13 - [MESSAGE][PASSED] - Tapped on element 'Object Repository/Mobile/Page/Portfolio/Tab - Mutual Fund'

2022-02-17 20:04:13 - [TEST_STEP][PASSED] - delay(1): Delayed 1 second(s)

2022-02-17 20:04:14 - [MESSAGE][PASSED] - Delayed 1 second(s)

2022-02-17 20:04:14 - [TEST_STEP][PASSED] - try: scroll.scroll.scrollScreenBottomToTop is PASSED

2022-02-17 20:04:14 - [TEST_STEP][PASSED] - tapAndHold(PORT_ItemTopMutualFund, 1, 10): Tapped and held on element 'Object Repository/Mobile/Page/Portfolio/Item - Top Mutual Fund' with duration 1

2022-02-17 20:04:17 - [MESSAGE][PASSED] - Tapped and held on element 'Object Repository/Mobile/Page/Portfolio/Item - Top Mutual Fund' with duration 1

2022-02-17 20:04:17 - [TEST_STEP][PASSED] - delay(2): Delayed 2 second(s)

2022-02-17 20:04:19 - [MESSAGE][PASSED] - Delayed 2 second(s)

2022-02-17 20:04:19 - [TEST_STEP][PASSED] - switch (action2): null

2022-02-17 20:04:19 - [TEST_STEP][PASSED] - case "3 year":: null

2022-02-17 20:04:19 - [TEST_STEP][PASSED] - tapAndHold(PORT_DETL_Btn3Year, 1, 0): Tapped and held on element 'Object Repository/Mobile/Page/Portfolio/Detail Mutual Funds/Button - 3 Year' with duration 1

2022-02-17 20:04:19 - [MESSAGE][WARNING] - Timeout '0' is invalid. Using default page load timeout: '60'

2022-02-17 20:04:22 - [MESSAGE][PASSED] - Tapped and held on element 'Object Repository/Mobile/Page/Portfolio/Detail Mutual Funds/Button - 3 Year' with duration 1

2022-02-17 20:04:22 - [TEST_STEP][PASSED] - break: null

2022-02-17 20:04:22 - [TEST_STEP][PASSED] - delay(3): Delayed 3 second(s)

2022-02-17 20:04:25 - [MESSAGE][PASSED] - Delayed 3 second(s)

2022-02-17 20:04:25 - [TEST_STEP][PASSED] - scroll.scroll.scrollScreenBottomToTop(): scroll.scroll.scrollScreenBottomToTop is PASSED

2022-02-17 20:04:25 - [MESSAGE][PASSED] - Current device physical height is 1423

2022-02-17 20:04:26 - [MESSAGE][PASSED] - Current device physical width is 720

2022-02-17 20:04:27 - [MESSAGE][PASSED] - Swiped from 360,1,138 to 360,284

2022-02-17 20:04:27 - [MESSAGE][PASSED] - scroll.scroll.scrollScreenBottomToTop is PASSED

2022-02-17 20:04:27 - [MESSAGE][PASSED] - Call Test Case 'Test Cases/Mobile/Page/Portfolio/Portfolio' successfully

2022-02-17 20:04:27 - [TEST_STEP][PASSED] - callTestCase(findTestCase("Mobile/Page/Run App/Terminate App"), [:], STOP_ON_FAILURE): Call Test Case 'Test Cases/Mobile/Page/Run App/Terminate App' successfully

2022-02-17 20:04:27 - [TEST_CASE][PASSED] - Test Cases/Mobile/Page/Run App/Terminate App: Test Cases/Mobile/Page/Run App/Terminate App

2022-02-17 20:04:27 - [TEST_STEP][PASSED] - startApp.OpenApp.terminateApplication(): startApp.OpenApp.terminateApplication is PASSED

2022-02-17 20:04:30 - [MESSAGE][PASSED] - Delayed 3 second(s)

2022-02-17 20:04:30 - [MESSAGE][PASSED] - Current device physical width is 720

2022-02-17 20:04:31 - [MESSAGE][PASSED] - Current device physical height is 1423

2022-02-17 20:04:32 - [MESSAGE][PASSED] - Swiped from 360,853 to 360,142

2022-02-17 20:04:33 - [MESSAGE][PASSED] - Delayed 1 second(s)

2022-02-17 20:04:34 - [MESSAGE][PASSED] - Swiped from 360,853 to 360,142

2022-02-17 20:04:37 - [MESSAGE][PASSED] - Delayed 3 second(s)

2022-02-17 20:04:37 - [MESSAGE][PASSED] - startApp.OpenApp.terminateApplication is PASSED

2022-02-17 20:04:37 - [MESSAGE][PASSED] - Call Test Case 'Test Cases/Mobile/Page/Run App/Terminate App' successfully]]></system-out>
         <system-err><![CDATA[]]></system-err>
      </testcase>
      <testcase name="Test Cases/Mobile/Scenario/Portfolio/018 - Melihat detail mutual fund 5 year" time="66.603" classname="Test Cases/Mobile/Scenario/Portfolio/018 - Melihat detail mutual fund 5 year" status="PASSED">
         <system-out><![CDATA[2022-02-17 20:04:37 - [TEST_CASE][PASSED] - Test Cases/Mobile/Scenario/Portfolio/018 - Melihat detail mutual fund 5 year: Test Cases/Mobile/Scenario/Portfolio/018 - Melihat detail mutual fund 5 year

2022-02-17 20:04:38 - [TEST_STEP][PASSED] - callTestCase(findTestCase("Mobile/Page/Run App/Run App byID"), [:], STOP_ON_FAILURE): Call Test Case 'Test Cases/Mobile/Page/Run App/Run App byID' successfully

2022-02-17 20:04:38 - [TEST_CASE][PASSED] - Test Cases/Mobile/Page/Run App/Run App byID: Test Cases/Mobile/Page/Run App/Run App byID

2022-02-17 20:04:38 - [TEST_STEP][PASSED] - startApp.OpenApp.startApplication("id.co.miraeasset.sageclub"): startApp.OpenApp.startApplication is PASSED

2022-02-17 20:04:51 - [MESSAGE][PASSED] - Starting app with application ID: 'id.co.miraeasset.sageclub'

2022-02-17 20:04:51 - [MESSAGE][PASSED] - startApp.OpenApp.startApplication is PASSED

2022-02-17 20:04:51 - [MESSAGE][PASSED] - Call Test Case 'Test Cases/Mobile/Page/Run App/Run App byID' successfully

2022-02-17 20:04:51 - [TEST_STEP][PASSED] - callTestCase(findTestCase("Mobile/Page/Portfolio/Portfolio"), ["tab":"mutualfund", "action2":"5 year"], CONTINUE_ON_FAILURE): Call Test Case 'Test Cases/Mobile/Page/Portfolio/Portfolio' successfully

2022-02-17 20:04:51 - [TEST_CASE][PASSED] - Test Cases/Mobile/Page/Portfolio/Portfolio: Test Cases/Mobile/Page/Portfolio/Portfolio

2022-02-17 20:04:51 - [TEST_STEP][PASSED] - callTestCase(findTestCase("Mobile/Page/CheckLogin"), [:], CONTINUE_ON_FAILURE): Call Test Case 'Test Cases/Mobile/Page/CheckLogin' successfully

2022-02-17 20:04:51 - [TEST_CASE][PASSED] - Test Cases/Mobile/Page/CheckLogin: Test Cases/Mobile/Page/CheckLogin

2022-02-17 20:04:51 - [TEST_STEP][PASSED] - loginCheck = verifyElementExist(LOGN_BtnLogin, 5, CONTINUE_ON_FAILURE): Element 'Object Repository/Mobile/Page/Login/Button - Login' is exist

2022-02-17 20:04:53 - [MESSAGE][PASSED] - Element 'Object Repository/Mobile/Page/Login/Button - Login' is exist

2022-02-17 20:04:53 - [TEST_STEP][PASSED] - if (loginCheck): Call Test Case 'Test Cases/Mobile/Page/Login/Login' successfully

2022-02-17 20:04:53 - [TEST_STEP][PASSED] - callTestCase(findTestCase("Mobile/Page/Login/Login"), ["action":"username"], CONTINUE_ON_FAILURE): Call Test Case 'Test Cases/Mobile/Page/Login/Login' successfully

2022-02-17 20:04:53 - [TEST_CASE][PASSED] - Test Cases/Mobile/Page/Login/Login: Test Cases/Mobile/Page/Login/Login

2022-02-17 20:04:53 - [TEST_STEP][PASSED] - delay(2): Delayed 2 second(s)

2022-02-17 20:04:55 - [MESSAGE][PASSED] - Delayed 2 second(s)

2022-02-17 20:04:55 - [TEST_STEP][PASSED] - for ([i = 0, i < 1, (i++)]): null

2022-02-17 20:04:55 - [TEST_STEP][PASSED] - if (action == "username"): null

2022-02-17 20:04:55 - [TEST_STEP][PASSED] - tap(LOGN_EdtUserID, 0): Tapped on element 'Object Repository/Mobile/Page/Login/Input - UserID'

2022-02-17 20:04:55 - [MESSAGE][WARNING] - Timeout '0' is invalid. Using default page load timeout: '60'

2022-02-17 20:04:56 - [MESSAGE][PASSED] - Tapped on element 'Object Repository/Mobile/Page/Login/Input - UserID'

2022-02-17 20:04:56 - [TEST_STEP][PASSED] - delay(1): Delayed 1 second(s)

2022-02-17 20:04:57 - [MESSAGE][PASSED] - Delayed 1 second(s)

2022-02-17 20:04:57 - [TEST_STEP][PASSED] - setText(LOGN_EdtRdyUserID, "anggaaditya", 0): Text 'anggaaditya' has been set to element 'Object Repository/Mobile/Page/Login/Input Rdy - UserID'

2022-02-17 20:04:57 - [MESSAGE][WARNING] - Timeout '0' is invalid. Using default page load timeout: '60'

2022-02-17 20:04:57 - [MESSAGE][PASSED] - Text 'anggaaditya' has been set to element 'Object Repository/Mobile/Page/Login/Input Rdy - UserID'

2022-02-17 20:04:57 - [TEST_STEP][PASSED] - delay(1): Delayed 1 second(s)

2022-02-17 20:04:58 - [MESSAGE][PASSED] - Delayed 1 second(s)

2022-02-17 20:04:58 - [TEST_STEP][PASSED] - hideKeyboard(): Keyboard is hidden

2022-02-17 20:05:02 - [MESSAGE][PASSED] - Keyboard is hidden

2022-02-17 20:05:02 - [TEST_STEP][PASSED] - tap(LOGN_EdtPassword, 0): Tapped on element 'Object Repository/Mobile/Page/Login/Input - Password'

2022-02-17 20:05:02 - [MESSAGE][WARNING] - Timeout '0' is invalid. Using default page load timeout: '60'

2022-02-17 20:05:02 - [MESSAGE][PASSED] - Tapped on element 'Object Repository/Mobile/Page/Login/Input - Password'

2022-02-17 20:05:02 - [TEST_STEP][PASSED] - delay(1): Delayed 1 second(s)

2022-02-17 20:05:03 - [MESSAGE][PASSED] - Delayed 1 second(s)

2022-02-17 20:05:03 - [TEST_STEP][PASSED] - setText(LOGN_EdtRdyPassword, "Shalawa18", 0): Text 'Shalawa18' has been set to element 'Object Repository/Mobile/Page/Login/Input Rdy - Password'

2022-02-17 20:05:03 - [MESSAGE][WARNING] - Timeout '0' is invalid. Using default page load timeout: '60'

2022-02-17 20:05:04 - [MESSAGE][PASSED] - Text 'Shalawa18' has been set to element 'Object Repository/Mobile/Page/Login/Input Rdy - Password'

2022-02-17 20:05:04 - [TEST_STEP][PASSED] - delay(1): Delayed 1 second(s)

2022-02-17 20:05:05 - [MESSAGE][PASSED] - Delayed 1 second(s)

2022-02-17 20:05:05 - [TEST_STEP][PASSED] - hideKeyboard(): Keyboard is hidden

2022-02-17 20:05:12 - [MESSAGE][PASSED] - Keyboard is hidden

2022-02-17 20:05:12 - [TEST_STEP][PASSED] - tap(LOGN_BtnLogin, 0): Tapped on element 'Object Repository/Mobile/Page/Login/Button - Login'

2022-02-17 20:05:12 - [MESSAGE][WARNING] - Timeout '0' is invalid. Using default page load timeout: '60'

2022-02-17 20:05:12 - [MESSAGE][PASSED] - Tapped on element 'Object Repository/Mobile/Page/Login/Button - Login'

2022-02-17 20:05:12 - [TEST_STEP][PASSED] - delay(2): Delayed 2 second(s)

2022-02-17 20:05:14 - [MESSAGE][PASSED] - Delayed 2 second(s)

2022-02-17 20:05:14 - [TEST_STEP][PASSED] - break: null

2022-02-17 20:05:14 - [MESSAGE][PASSED] - Call Test Case 'Test Cases/Mobile/Page/Login/Login' successfully

2022-02-17 20:05:14 - [MESSAGE][PASSED] - Call Test Case 'Test Cases/Mobile/Page/CheckLogin' successfully

2022-02-17 20:05:14 - [TEST_STEP][PASSED] - tap(HOME_MenubarPortfolio, 0): Tapped on element 'Object Repository/Mobile/Page/Home/Menubar - Portfolio'

2022-02-17 20:05:14 - [MESSAGE][WARNING] - Timeout '0' is invalid. Using default page load timeout: '60'

2022-02-17 20:05:17 - [MESSAGE][PASSED] - Tapped on element 'Object Repository/Mobile/Page/Home/Menubar - Portfolio'

2022-02-17 20:05:17 - [TEST_STEP][PASSED] - delay(1): Delayed 1 second(s)

2022-02-17 20:05:18 - [MESSAGE][PASSED] - Delayed 1 second(s)

2022-02-17 20:05:18 - [TEST_STEP][PASSED] - for ([i = 0, i < 1, (i++)]): scroll.scroll.scrollScreenBottomToTop is PASSED

2022-02-17 20:05:18 - [TEST_STEP][PASSED] - if (tab == "summary"): null

2022-02-17 20:05:18 - [TEST_STEP][PASSED] - else if (tab == "stock"): null

2022-02-17 20:05:18 - [TEST_STEP][PASSED] - else if (tab == "mutualfund"): scroll.scroll.scrollScreenBottomToTop is PASSED

2022-02-17 20:05:18 - [TEST_STEP][PASSED] - tap(PORT_TabMutualFund, 0): Tapped on element 'Object Repository/Mobile/Page/Portfolio/Tab - Mutual Fund'

2022-02-17 20:05:19 - [MESSAGE][WARNING] - Timeout '0' is invalid. Using default page load timeout: '60'

2022-02-17 20:05:20 - [MESSAGE][PASSED] - Tapped on element 'Object Repository/Mobile/Page/Portfolio/Tab - Mutual Fund'

2022-02-17 20:05:20 - [TEST_STEP][PASSED] - delay(1): Delayed 1 second(s)

2022-02-17 20:05:21 - [MESSAGE][PASSED] - Delayed 1 second(s)

2022-02-17 20:05:21 - [TEST_STEP][PASSED] - try: scroll.scroll.scrollScreenBottomToTop is PASSED

2022-02-17 20:05:21 - [TEST_STEP][PASSED] - tapAndHold(PORT_ItemTopMutualFund, 1, 10): Tapped and held on element 'Object Repository/Mobile/Page/Portfolio/Item - Top Mutual Fund' with duration 1

2022-02-17 20:05:24 - [MESSAGE][PASSED] - Tapped and held on element 'Object Repository/Mobile/Page/Portfolio/Item - Top Mutual Fund' with duration 1

2022-02-17 20:05:24 - [TEST_STEP][PASSED] - delay(2): Delayed 2 second(s)

2022-02-17 20:05:26 - [MESSAGE][PASSED] - Delayed 2 second(s)

2022-02-17 20:05:26 - [TEST_STEP][PASSED] - switch (action2): null

2022-02-17 20:05:26 - [TEST_STEP][PASSED] - case "5 year":: null

2022-02-17 20:05:26 - [TEST_STEP][PASSED] - tapAndHold(PORT_DETL_Btn5Year, 1, 0): Tapped and held on element 'Object Repository/Mobile/Page/Portfolio/Detail Mutual Funds/Button - 5 Year' with duration 1

2022-02-17 20:05:26 - [MESSAGE][WARNING] - Timeout '0' is invalid. Using default page load timeout: '60'

2022-02-17 20:05:29 - [MESSAGE][PASSED] - Tapped and held on element 'Object Repository/Mobile/Page/Portfolio/Detail Mutual Funds/Button - 5 Year' with duration 1

2022-02-17 20:05:29 - [TEST_STEP][PASSED] - break: null

2022-02-17 20:05:29 - [TEST_STEP][PASSED] - delay(3): Delayed 3 second(s)

2022-02-17 20:05:32 - [MESSAGE][PASSED] - Delayed 3 second(s)

2022-02-17 20:05:32 - [TEST_STEP][PASSED] - scroll.scroll.scrollScreenBottomToTop(): scroll.scroll.scrollScreenBottomToTop is PASSED

2022-02-17 20:05:32 - [MESSAGE][PASSED] - Current device physical height is 1423

2022-02-17 20:05:32 - [MESSAGE][PASSED] - Current device physical width is 720

2022-02-17 20:05:34 - [MESSAGE][PASSED] - Swiped from 360,1,138 to 360,284

2022-02-17 20:05:34 - [MESSAGE][PASSED] - scroll.scroll.scrollScreenBottomToTop is PASSED

2022-02-17 20:05:34 - [MESSAGE][PASSED] - Call Test Case 'Test Cases/Mobile/Page/Portfolio/Portfolio' successfully

2022-02-17 20:05:34 - [TEST_STEP][PASSED] - callTestCase(findTestCase("Mobile/Page/Run App/Terminate App"), [:], STOP_ON_FAILURE): Call Test Case 'Test Cases/Mobile/Page/Run App/Terminate App' successfully

2022-02-17 20:05:34 - [TEST_CASE][PASSED] - Test Cases/Mobile/Page/Run App/Terminate App: Test Cases/Mobile/Page/Run App/Terminate App

2022-02-17 20:05:34 - [TEST_STEP][PASSED] - startApp.OpenApp.terminateApplication(): startApp.OpenApp.terminateApplication is PASSED

2022-02-17 20:05:37 - [MESSAGE][PASSED] - Delayed 3 second(s)

2022-02-17 20:05:37 - [MESSAGE][PASSED] - Current device physical width is 720

2022-02-17 20:05:37 - [MESSAGE][PASSED] - Current device physical height is 1423

2022-02-17 20:05:39 - [MESSAGE][PASSED] - Swiped from 360,853 to 360,142

2022-02-17 20:05:40 - [MESSAGE][PASSED] - Delayed 1 second(s)

2022-02-17 20:05:41 - [MESSAGE][PASSED] - Swiped from 360,853 to 360,142

2022-02-17 20:05:44 - [MESSAGE][PASSED] - Delayed 3 second(s)

2022-02-17 20:05:44 - [MESSAGE][PASSED] - startApp.OpenApp.terminateApplication is PASSED

2022-02-17 20:05:44 - [MESSAGE][PASSED] - Call Test Case 'Test Cases/Mobile/Page/Run App/Terminate App' successfully]]></system-out>
         <system-err><![CDATA[]]></system-err>
      </testcase>
      <testcase name="Test Cases/Mobile/Scenario/Portfolio/019 - Melihat detail mutual fund 10 year" time="65.581" classname="Test Cases/Mobile/Scenario/Portfolio/019 - Melihat detail mutual fund 10 year" status="PASSED">
         <system-out><![CDATA[2022-02-17 20:05:44 - [TEST_CASE][PASSED] - Test Cases/Mobile/Scenario/Portfolio/019 - Melihat detail mutual fund 10 year: Test Cases/Mobile/Scenario/Portfolio/019 - Melihat detail mutual fund 10 year

2022-02-17 20:05:44 - [TEST_STEP][PASSED] - callTestCase(findTestCase("Mobile/Page/Run App/Run App byID"), [:], STOP_ON_FAILURE): Call Test Case 'Test Cases/Mobile/Page/Run App/Run App byID' successfully

2022-02-17 20:05:44 - [TEST_CASE][PASSED] - Test Cases/Mobile/Page/Run App/Run App byID: Test Cases/Mobile/Page/Run App/Run App byID

2022-02-17 20:05:44 - [TEST_STEP][PASSED] - startApp.OpenApp.startApplication("id.co.miraeasset.sageclub"): startApp.OpenApp.startApplication is PASSED

2022-02-17 20:05:58 - [MESSAGE][PASSED] - Starting app with application ID: 'id.co.miraeasset.sageclub'

2022-02-17 20:05:58 - [MESSAGE][PASSED] - startApp.OpenApp.startApplication is PASSED

2022-02-17 20:05:58 - [MESSAGE][PASSED] - Call Test Case 'Test Cases/Mobile/Page/Run App/Run App byID' successfully

2022-02-17 20:05:58 - [TEST_STEP][PASSED] - callTestCase(findTestCase("Mobile/Page/Portfolio/Portfolio"), ["tab":"mutualfund", "action2":"10 year"], CONTINUE_ON_FAILURE): Call Test Case 'Test Cases/Mobile/Page/Portfolio/Portfolio' successfully

2022-02-17 20:05:58 - [TEST_CASE][PASSED] - Test Cases/Mobile/Page/Portfolio/Portfolio: Test Cases/Mobile/Page/Portfolio/Portfolio

2022-02-17 20:05:58 - [TEST_STEP][PASSED] - callTestCase(findTestCase("Mobile/Page/CheckLogin"), [:], CONTINUE_ON_FAILURE): Call Test Case 'Test Cases/Mobile/Page/CheckLogin' successfully

2022-02-17 20:05:58 - [TEST_CASE][PASSED] - Test Cases/Mobile/Page/CheckLogin: Test Cases/Mobile/Page/CheckLogin

2022-02-17 20:05:58 - [TEST_STEP][PASSED] - loginCheck = verifyElementExist(LOGN_BtnLogin, 5, CONTINUE_ON_FAILURE): Element 'Object Repository/Mobile/Page/Login/Button - Login' is exist

2022-02-17 20:06:00 - [MESSAGE][PASSED] - Element 'Object Repository/Mobile/Page/Login/Button - Login' is exist

2022-02-17 20:06:00 - [TEST_STEP][PASSED] - if (loginCheck): Call Test Case 'Test Cases/Mobile/Page/Login/Login' successfully

2022-02-17 20:06:00 - [TEST_STEP][PASSED] - callTestCase(findTestCase("Mobile/Page/Login/Login"), ["action":"username"], CONTINUE_ON_FAILURE): Call Test Case 'Test Cases/Mobile/Page/Login/Login' successfully

2022-02-17 20:06:00 - [TEST_CASE][PASSED] - Test Cases/Mobile/Page/Login/Login: Test Cases/Mobile/Page/Login/Login

2022-02-17 20:06:00 - [TEST_STEP][PASSED] - delay(2): Delayed 2 second(s)

2022-02-17 20:06:02 - [MESSAGE][PASSED] - Delayed 2 second(s)

2022-02-17 20:06:02 - [TEST_STEP][PASSED] - for ([i = 0, i < 1, (i++)]): null

2022-02-17 20:06:02 - [TEST_STEP][PASSED] - if (action == "username"): null

2022-02-17 20:06:02 - [TEST_STEP][PASSED] - tap(LOGN_EdtUserID, 0): Tapped on element 'Object Repository/Mobile/Page/Login/Input - UserID'

2022-02-17 20:06:02 - [MESSAGE][WARNING] - Timeout '0' is invalid. Using default page load timeout: '60'

2022-02-17 20:06:03 - [MESSAGE][PASSED] - Tapped on element 'Object Repository/Mobile/Page/Login/Input - UserID'

2022-02-17 20:06:03 - [TEST_STEP][PASSED] - delay(1): Delayed 1 second(s)

2022-02-17 20:06:04 - [MESSAGE][PASSED] - Delayed 1 second(s)

2022-02-17 20:06:04 - [TEST_STEP][PASSED] - setText(LOGN_EdtRdyUserID, "anggaaditya", 0): Text 'anggaaditya' has been set to element 'Object Repository/Mobile/Page/Login/Input Rdy - UserID'

2022-02-17 20:06:04 - [MESSAGE][WARNING] - Timeout '0' is invalid. Using default page load timeout: '60'

2022-02-17 20:06:04 - [MESSAGE][PASSED] - Text 'anggaaditya' has been set to element 'Object Repository/Mobile/Page/Login/Input Rdy - UserID'

2022-02-17 20:06:04 - [TEST_STEP][PASSED] - delay(1): Delayed 1 second(s)

2022-02-17 20:06:05 - [MESSAGE][PASSED] - Delayed 1 second(s)

2022-02-17 20:06:05 - [TEST_STEP][PASSED] - hideKeyboard(): Keyboard is hidden

2022-02-17 20:06:09 - [MESSAGE][PASSED] - Keyboard is hidden

2022-02-17 20:06:09 - [TEST_STEP][PASSED] - tap(LOGN_EdtPassword, 0): Tapped on element 'Object Repository/Mobile/Page/Login/Input - Password'

2022-02-17 20:06:09 - [MESSAGE][WARNING] - Timeout '0' is invalid. Using default page load timeout: '60'

2022-02-17 20:06:09 - [MESSAGE][PASSED] - Tapped on element 'Object Repository/Mobile/Page/Login/Input - Password'

2022-02-17 20:06:09 - [TEST_STEP][PASSED] - delay(1): Delayed 1 second(s)

2022-02-17 20:06:10 - [MESSAGE][PASSED] - Delayed 1 second(s)

2022-02-17 20:06:10 - [TEST_STEP][PASSED] - setText(LOGN_EdtRdyPassword, "Shalawa18", 0): Text 'Shalawa18' has been set to element 'Object Repository/Mobile/Page/Login/Input Rdy - Password'

2022-02-17 20:06:10 - [MESSAGE][WARNING] - Timeout '0' is invalid. Using default page load timeout: '60'

2022-02-17 20:06:11 - [MESSAGE][PASSED] - Text 'Shalawa18' has been set to element 'Object Repository/Mobile/Page/Login/Input Rdy - Password'

2022-02-17 20:06:11 - [TEST_STEP][PASSED] - delay(1): Delayed 1 second(s)

2022-02-17 20:06:12 - [MESSAGE][PASSED] - Delayed 1 second(s)

2022-02-17 20:06:12 - [TEST_STEP][PASSED] - hideKeyboard(): Keyboard is hidden

2022-02-17 20:06:18 - [MESSAGE][PASSED] - Keyboard is hidden

2022-02-17 20:06:18 - [TEST_STEP][PASSED] - tap(LOGN_BtnLogin, 0): Tapped on element 'Object Repository/Mobile/Page/Login/Button - Login'

2022-02-17 20:06:18 - [MESSAGE][WARNING] - Timeout '0' is invalid. Using default page load timeout: '60'

2022-02-17 20:06:19 - [MESSAGE][PASSED] - Tapped on element 'Object Repository/Mobile/Page/Login/Button - Login'

2022-02-17 20:06:19 - [TEST_STEP][PASSED] - delay(2): Delayed 2 second(s)

2022-02-17 20:06:21 - [MESSAGE][PASSED] - Delayed 2 second(s)

2022-02-17 20:06:21 - [TEST_STEP][PASSED] - break: null

2022-02-17 20:06:21 - [MESSAGE][PASSED] - Call Test Case 'Test Cases/Mobile/Page/Login/Login' successfully

2022-02-17 20:06:21 - [MESSAGE][PASSED] - Call Test Case 'Test Cases/Mobile/Page/CheckLogin' successfully

2022-02-17 20:06:21 - [TEST_STEP][PASSED] - tap(HOME_MenubarPortfolio, 0): Tapped on element 'Object Repository/Mobile/Page/Home/Menubar - Portfolio'

2022-02-17 20:06:21 - [MESSAGE][WARNING] - Timeout '0' is invalid. Using default page load timeout: '60'

2022-02-17 20:06:23 - [MESSAGE][PASSED] - Tapped on element 'Object Repository/Mobile/Page/Home/Menubar - Portfolio'

2022-02-17 20:06:23 - [TEST_STEP][PASSED] - delay(1): Delayed 1 second(s)

2022-02-17 20:06:24 - [MESSAGE][PASSED] - Delayed 1 second(s)

2022-02-17 20:06:24 - [TEST_STEP][PASSED] - for ([i = 0, i < 1, (i++)]): scroll.scroll.scrollScreenBottomToTop is PASSED

2022-02-17 20:06:24 - [TEST_STEP][PASSED] - if (tab == "summary"): null

2022-02-17 20:06:24 - [TEST_STEP][PASSED] - else if (tab == "stock"): null

2022-02-17 20:06:24 - [TEST_STEP][PASSED] - else if (tab == "mutualfund"): scroll.scroll.scrollScreenBottomToTop is PASSED

2022-02-17 20:06:24 - [TEST_STEP][PASSED] - tap(PORT_TabMutualFund, 0): Tapped on element 'Object Repository/Mobile/Page/Portfolio/Tab - Mutual Fund'

2022-02-17 20:06:24 - [MESSAGE][WARNING] - Timeout '0' is invalid. Using default page load timeout: '60'

2022-02-17 20:06:26 - [MESSAGE][PASSED] - Tapped on element 'Object Repository/Mobile/Page/Portfolio/Tab - Mutual Fund'

2022-02-17 20:06:26 - [TEST_STEP][PASSED] - delay(1): Delayed 1 second(s)

2022-02-17 20:06:27 - [MESSAGE][PASSED] - Delayed 1 second(s)

2022-02-17 20:06:27 - [TEST_STEP][PASSED] - try: scroll.scroll.scrollScreenBottomToTop is PASSED

2022-02-17 20:06:27 - [TEST_STEP][PASSED] - tapAndHold(PORT_ItemTopMutualFund, 1, 10): Tapped and held on element 'Object Repository/Mobile/Page/Portfolio/Item - Top Mutual Fund' with duration 1

2022-02-17 20:06:30 - [MESSAGE][PASSED] - Tapped and held on element 'Object Repository/Mobile/Page/Portfolio/Item - Top Mutual Fund' with duration 1

2022-02-17 20:06:30 - [TEST_STEP][PASSED] - delay(2): Delayed 2 second(s)

2022-02-17 20:06:32 - [MESSAGE][PASSED] - Delayed 2 second(s)

2022-02-17 20:06:32 - [TEST_STEP][PASSED] - switch (action2): null

2022-02-17 20:06:32 - [TEST_STEP][PASSED] - case "10 year":: null

2022-02-17 20:06:32 - [TEST_STEP][PASSED] - tapAndHold(PORT_DETL_Btn10Year, 1, 0): Tapped and held on element 'Object Repository/Mobile/Page/Portfolio/Detail Mutual Funds/Button - 10 Year' with duration 1

2022-02-17 20:06:32 - [MESSAGE][WARNING] - Timeout '0' is invalid. Using default page load timeout: '60'

2022-02-17 20:06:34 - [MESSAGE][PASSED] - Tapped and held on element 'Object Repository/Mobile/Page/Portfolio/Detail Mutual Funds/Button - 10 Year' with duration 1

2022-02-17 20:06:34 - [TEST_STEP][PASSED] - break: null

2022-02-17 20:06:34 - [TEST_STEP][PASSED] - delay(3): Delayed 3 second(s)

2022-02-17 20:06:37 - [MESSAGE][PASSED] - Delayed 3 second(s)

2022-02-17 20:06:37 - [TEST_STEP][PASSED] - scroll.scroll.scrollScreenBottomToTop(): scroll.scroll.scrollScreenBottomToTop is PASSED

2022-02-17 20:06:38 - [MESSAGE][PASSED] - Current device physical height is 1423

2022-02-17 20:06:38 - [MESSAGE][PASSED] - Current device physical width is 720

2022-02-17 20:06:39 - [MESSAGE][PASSED] - Swiped from 360,1,138 to 360,284

2022-02-17 20:06:39 - [MESSAGE][PASSED] - scroll.scroll.scrollScreenBottomToTop is PASSED

2022-02-17 20:06:39 - [MESSAGE][PASSED] - Call Test Case 'Test Cases/Mobile/Page/Portfolio/Portfolio' successfully

2022-02-17 20:06:39 - [TEST_STEP][PASSED] - callTestCase(findTestCase("Mobile/Page/Run App/Terminate App"), [:], STOP_ON_FAILURE): Call Test Case 'Test Cases/Mobile/Page/Run App/Terminate App' successfully

2022-02-17 20:06:39 - [TEST_CASE][PASSED] - Test Cases/Mobile/Page/Run App/Terminate App: Test Cases/Mobile/Page/Run App/Terminate App

2022-02-17 20:06:39 - [TEST_STEP][PASSED] - startApp.OpenApp.terminateApplication(): startApp.OpenApp.terminateApplication is PASSED

2022-02-17 20:06:42 - [MESSAGE][PASSED] - Delayed 3 second(s)

2022-02-17 20:06:43 - [MESSAGE][PASSED] - Current device physical width is 720

2022-02-17 20:06:43 - [MESSAGE][PASSED] - Current device physical height is 1423

2022-02-17 20:06:44 - [MESSAGE][PASSED] - Swiped from 360,853 to 360,142

2022-02-17 20:06:45 - [MESSAGE][PASSED] - Delayed 1 second(s)

2022-02-17 20:06:47 - [MESSAGE][PASSED] - Swiped from 360,853 to 360,142

2022-02-17 20:06:50 - [MESSAGE][PASSED] - Delayed 3 second(s)

2022-02-17 20:06:50 - [MESSAGE][PASSED] - startApp.OpenApp.terminateApplication is PASSED

2022-02-17 20:06:50 - [MESSAGE][PASSED] - Call Test Case 'Test Cases/Mobile/Page/Run App/Terminate App' successfully]]></system-out>
         <system-err><![CDATA[]]></system-err>
      </testcase>
      <system-out><![CDATA[2022-02-17 19:46:06 - [TEST_SUITE][FAILED] - portfolio: Test Cases/Mobile/Scenario/Portfolio/002 - Portfolio Performance Daily IDR FAILED.
Reason:
com.kms.katalon.core.exception.StepFailedException: Unable to call Test Case 'Test Cases/Mobile/Page/Portfolio/Portfolio' (Root cause: com.kms.katalon.core.exception.StepFailedException: Call Test Case 'Test Cases/Mobile/Page/Portfolio/Portfolio' failed
	at com.kms.katalon.core.keyword.builtin.CallTestCaseKeyword$_callTestCase_closure1.doCall(CallTestCaseKeyword.groovy:63)
	at com.kms.katalon.core.keyword.builtin.CallTestCaseKeyword$_callTestCase_closure1.call(CallTestCaseKeyword.groovy)
	at com.kms.katalon.core.keyword.internal.KeywordMain.runKeyword(KeywordMain.groovy:68)
	at com.kms.katalon.core.keyword.builtin.CallTestCaseKeyword.callTestCase(CallTestCaseKeyword.groovy:81)
	at com.kms.katalon.core.keyword.builtin.CallTestCaseKeyword.execute(CallTestCaseKeyword.groovy:44)
	at com.kms.katalon.core.keyword.internal.KeywordExecutor.executeKeywordForPlatform(KeywordExecutor.groovy:73)
	at com.kms.katalon.core.keyword.BuiltinKeywords.callTestCase(BuiltinKeywords.groovy:334)
	at 002 - Portfolio Performance Daily IDR.run(002 - Portfolio Performance Daily IDR:23)
	at com.kms.katalon.core.main.ScriptEngine.run(ScriptEngine.java:194)
	at com.kms.katalon.core.main.ScriptEngine.runScriptAsRawText(ScriptEngine.java:119)
	at com.kms.katalon.core.main.TestCaseExecutor.runScript(TestCaseExecutor.java:398)
	at com.kms.katalon.core.main.TestCaseExecutor.doExecute(TestCaseExecutor.java:389)
	at com.kms.katalon.core.main.TestCaseExecutor.processExecutionPhase(TestCaseExecutor.java:368)
	at com.kms.katalon.core.main.TestCaseExecutor.accessMainPhase(TestCaseExecutor.java:360)
	at com.kms.katalon.core.main.TestCaseExecutor.execute(TestCaseExecutor.java:255)
	at com.kms.katalon.core.main.TestSuiteExecutor.accessTestCaseMainPhase(TestSuiteExecutor.java:203)
	at com.kms.katalon.core.main.TestSuiteExecutor.accessTestSuiteMainPhase(TestSuiteExecutor.java:152)
	at com.kms.katalon.core.main.TestSuiteExecutor.execute(TestSuiteExecutor.java:95)
	at com.kms.katalon.core.main.TestCaseMain.startTestSuite(TestCaseMain.java:157)
	at com.kms.katalon.core.main.TestCaseMain$startTestSuite$0.call(Unknown Source)
	at TempTestSuite1645101519548.run(TempTestSuite1645101519548.groovy:39)
Caused by: com.kms.katalon.core.exception.StepFailedException: Object Object Repository/Mobile/Page/Portfolio/Button - IDR not found
	at com.kms.katalon.core.keyword.internal.KeywordMain.stepFailed(KeywordMain.groovy:50)
	at com.kms.katalon.core.mobile.keyword.internal.MobileKeywordMain.stepFailed(MobileKeywordMain.groovy:40)
	at com.kms.katalon.core.mobile.keyword.builtin.TapKeyword$_tap_closure1.doCall(TapKeyword.groovy:79)
	at com.kms.katalon.core.mobile.keyword.builtin.TapKeyword$_tap_closure1.call(TapKeyword.groovy)
	at com.kms.katalon.core.mobile.keyword.internal.MobileKeywordMain.runKeyword(MobileKeywordMain.groovy:21)
	at com.kms.katalon.core.mobile.keyword.builtin.TapKeyword.tap(TapKeyword.groovy:86)
	at com.kms.katalon.core.mobile.keyword.builtin.TapKeyword.execute(TapKeyword.groovy:68)
	at com.kms.katalon.core.keyword.internal.KeywordExecutor.executeKeywordForPlatform(KeywordExecutor.groovy:73)
	at com.kms.katalon.core.mobile.keyword.MobileBuiltInKeywords.tap(MobileBuiltInKeywords.groovy:1354)
	at com.kms.katalon.core.mobile.keyword.MobileBuiltInKeywords$tap$1.call(Unknown Source)
	at Portfolio.run(Portfolio:55)
	at com.kms.katalon.core.main.ScriptEngine.run(ScriptEngine.java:194)
	at com.kms.katalon.core.main.ScriptEngine.runScriptAsRawText(ScriptEngine.java:119)
	at com.kms.katalon.core.main.TestCaseExecutor.runScript(TestCaseExecutor.java:398)
	at com.kms.katalon.core.main.TestCaseExecutor.doExecute(TestCaseExecutor.java:389)
	at com.kms.katalon.core.main.TestCaseExecutor.processExecutionPhase(TestCaseExecutor.java:368)
	at com.kms.katalon.core.main.TestCaseExecutor.accessMainPhase(TestCaseExecutor.java:360)
	at com.kms.katalon.core.main.TestCaseExecutor.execute(TestCaseExecutor.java:255)
	at com.kms.katalon.core.main.TestCaseMain.runTestCase(TestCaseMain.java:114)
	at com.kms.katalon.core.keyword.builtin.CallTestCaseKeyword$_callTestCase_closure1.doCall(CallTestCaseKeyword.groovy:59)
	... 20 more
)
	at com.kms.katalon.core.keyword.internal.KeywordMain.stepFailed(KeywordMain.groovy:39)
	at com.kms.katalon.core.keyword.internal.KeywordMain.stepFailed(KeywordMain.groovy)
	at com.kms.katalon.core.keyword.internal.KeywordMain.runKeyword(KeywordMain.groovy:70)
	at com.kms.katalon.core.keyword.builtin.CallTestCaseKeyword.callTestCase(CallTestCaseKeyword.groovy:81)
	at com.kms.katalon.core.keyword.builtin.CallTestCaseKeyword.execute(CallTestCaseKeyword.groovy:44)
	at com.kms.katalon.core.keyword.internal.KeywordExecutor.executeKeywordForPlatform(KeywordExecutor.groovy:73)
	at com.kms.katalon.core.keyword.BuiltinKeywords.callTestCase(BuiltinKeywords.groovy:334)
	at 002 - Portfolio Performance Daily IDR.run(002 - Portfolio Performance Daily IDR:23)
	at com.kms.katalon.core.main.ScriptEngine.run(ScriptEngine.java:194)
	at com.kms.katalon.core.main.ScriptEngine.runScriptAsRawText(ScriptEngine.java:119)
	at com.kms.katalon.core.main.TestCaseExecutor.runScript(TestCaseExecutor.java:398)
	at com.kms.katalon.core.main.TestCaseExecutor.doExecute(TestCaseExecutor.java:389)
	at com.kms.katalon.core.main.TestCaseExecutor.processExecutionPhase(TestCaseExecutor.java:368)
	at com.kms.katalon.core.main.TestCaseExecutor.accessMainPhase(TestCaseExecutor.java:360)
	at com.kms.katalon.core.main.TestCaseExecutor.execute(TestCaseExecutor.java:255)
	at com.kms.katalon.core.main.TestSuiteExecutor.accessTestCaseMainPhase(TestSuiteExecutor.java:203)
	at com.kms.katalon.core.main.TestSuiteExecutor.accessTestSuiteMainPhase(TestSuiteExecutor.java:152)
	at com.kms.katalon.core.main.TestSuiteExecutor.execute(TestSuiteExecutor.java:95)
	at com.kms.katalon.core.main.TestCaseMain.startTestSuite(TestCaseMain.java:157)
	at com.kms.katalon.core.main.TestCaseMain$startTestSuite$0.call(Unknown Source)
	at TempTestSuite1645101519548.run(TempTestSuite1645101519548.groovy:39)
Caused by: com.kms.katalon.core.exception.StepFailedException: Call Test Case 'Test Cases/Mobile/Page/Portfolio/Portfolio' failed
	at com.kms.katalon.core.keyword.builtin.CallTestCaseKeyword$_callTestCase_closure1.doCall(CallTestCaseKeyword.groovy:63)
	at com.kms.katalon.core.keyword.builtin.CallTestCaseKeyword$_callTestCase_closure1.call(CallTestCaseKeyword.groovy)
	at com.kms.katalon.core.keyword.internal.KeywordMain.runKeyword(KeywordMain.groovy:68)
	... 18 more
Caused by: com.kms.katalon.core.exception.StepFailedException: Object Object Repository/Mobile/Page/Portfolio/Button - IDR not found
	at com.kms.katalon.core.keyword.internal.KeywordMain.stepFailed(KeywordMain.groovy:50)
	at com.kms.katalon.core.mobile.keyword.internal.MobileKeywordMain.stepFailed(MobileKeywordMain.groovy:40)
	at com.kms.katalon.core.mobile.keyword.builtin.TapKeyword$_tap_closure1.doCall(TapKeyword.groovy:79)
	at com.kms.katalon.core.mobile.keyword.builtin.TapKeyword$_tap_closure1.call(TapKeyword.groovy)
	at com.kms.katalon.core.mobile.keyword.internal.MobileKeywordMain.runKeyword(MobileKeywordMain.groovy:21)
	at com.kms.katalon.core.mobile.keyword.builtin.TapKeyword.tap(TapKeyword.groovy:86)
	at com.kms.katalon.core.mobile.keyword.builtin.TapKeyword.execute(TapKeyword.groovy:68)
	at com.kms.katalon.core.keyword.internal.KeywordExecutor.executeKeywordForPlatform(KeywordExecutor.groovy:73)
	at com.kms.katalon.core.mobile.keyword.MobileBuiltInKeywords.tap(MobileBuiltInKeywords.groovy:1354)
	at com.kms.katalon.core.mobile.keyword.MobileBuiltInKeywords$tap$1.call(Unknown Source)
	at Portfolio.run(Portfolio:55)
	at com.kms.katalon.core.main.ScriptEngine.run(ScriptEngine.java:194)
	at com.kms.katalon.core.main.ScriptEngine.runScriptAsRawText(ScriptEngine.java:119)
	at com.kms.katalon.core.main.TestCaseExecutor.runScript(TestCaseExecutor.java:398)
	at com.kms.katalon.core.main.TestCaseExecutor.doExecute(TestCaseExecutor.java:389)
	at com.kms.katalon.core.main.TestCaseExecutor.processExecutionPhase(TestCaseExecutor.java:368)
	at com.kms.katalon.core.main.TestCaseExecutor.accessMainPhase(TestCaseExecutor.java:360)
	at com.kms.katalon.core.main.TestCaseExecutor.execute(TestCaseExecutor.java:255)
	at com.kms.katalon.core.main.TestCaseMain.runTestCase(TestCaseMain.java:114)
	at com.kms.katalon.core.keyword.builtin.CallTestCaseKeyword$_callTestCase_closure1.doCall(CallTestCaseKeyword.groovy:59)
	... 20 more]]></system-out>
      <system-err><![CDATA[2022-02-17 19:46:06 - [TEST_SUITE][FAILED] - portfolio: Test Cases/Mobile/Scenario/Portfolio/002 - Portfolio Performance Daily IDR FAILED.
Reason:
com.kms.katalon.core.exception.StepFailedException: Unable to call Test Case 'Test Cases/Mobile/Page/Portfolio/Portfolio' (Root cause: com.kms.katalon.core.exception.StepFailedException: Call Test Case 'Test Cases/Mobile/Page/Portfolio/Portfolio' failed
	at com.kms.katalon.core.keyword.builtin.CallTestCaseKeyword$_callTestCase_closure1.doCall(CallTestCaseKeyword.groovy:63)
	at com.kms.katalon.core.keyword.builtin.CallTestCaseKeyword$_callTestCase_closure1.call(CallTestCaseKeyword.groovy)
	at com.kms.katalon.core.keyword.internal.KeywordMain.runKeyword(KeywordMain.groovy:68)
	at com.kms.katalon.core.keyword.builtin.CallTestCaseKeyword.callTestCase(CallTestCaseKeyword.groovy:81)
	at com.kms.katalon.core.keyword.builtin.CallTestCaseKeyword.execute(CallTestCaseKeyword.groovy:44)
	at com.kms.katalon.core.keyword.internal.KeywordExecutor.executeKeywordForPlatform(KeywordExecutor.groovy:73)
	at com.kms.katalon.core.keyword.BuiltinKeywords.callTestCase(BuiltinKeywords.groovy:334)
	at 002 - Portfolio Performance Daily IDR.run(002 - Portfolio Performance Daily IDR:23)
	at com.kms.katalon.core.main.ScriptEngine.run(ScriptEngine.java:194)
	at com.kms.katalon.core.main.ScriptEngine.runScriptAsRawText(ScriptEngine.java:119)
	at com.kms.katalon.core.main.TestCaseExecutor.runScript(TestCaseExecutor.java:398)
	at com.kms.katalon.core.main.TestCaseExecutor.doExecute(TestCaseExecutor.java:389)
	at com.kms.katalon.core.main.TestCaseExecutor.processExecutionPhase(TestCaseExecutor.java:368)
	at com.kms.katalon.core.main.TestCaseExecutor.accessMainPhase(TestCaseExecutor.java:360)
	at com.kms.katalon.core.main.TestCaseExecutor.execute(TestCaseExecutor.java:255)
	at com.kms.katalon.core.main.TestSuiteExecutor.accessTestCaseMainPhase(TestSuiteExecutor.java:203)
	at com.kms.katalon.core.main.TestSuiteExecutor.accessTestSuiteMainPhase(TestSuiteExecutor.java:152)
	at com.kms.katalon.core.main.TestSuiteExecutor.execute(TestSuiteExecutor.java:95)
	at com.kms.katalon.core.main.TestCaseMain.startTestSuite(TestCaseMain.java:157)
	at com.kms.katalon.core.main.TestCaseMain$startTestSuite$0.call(Unknown Source)
	at TempTestSuite1645101519548.run(TempTestSuite1645101519548.groovy:39)
Caused by: com.kms.katalon.core.exception.StepFailedException: Object Object Repository/Mobile/Page/Portfolio/Button - IDR not found
	at com.kms.katalon.core.keyword.internal.KeywordMain.stepFailed(KeywordMain.groovy:50)
	at com.kms.katalon.core.mobile.keyword.internal.MobileKeywordMain.stepFailed(MobileKeywordMain.groovy:40)
	at com.kms.katalon.core.mobile.keyword.builtin.TapKeyword$_tap_closure1.doCall(TapKeyword.groovy:79)
	at com.kms.katalon.core.mobile.keyword.builtin.TapKeyword$_tap_closure1.call(TapKeyword.groovy)
	at com.kms.katalon.core.mobile.keyword.internal.MobileKeywordMain.runKeyword(MobileKeywordMain.groovy:21)
	at com.kms.katalon.core.mobile.keyword.builtin.TapKeyword.tap(TapKeyword.groovy:86)
	at com.kms.katalon.core.mobile.keyword.builtin.TapKeyword.execute(TapKeyword.groovy:68)
	at com.kms.katalon.core.keyword.internal.KeywordExecutor.executeKeywordForPlatform(KeywordExecutor.groovy:73)
	at com.kms.katalon.core.mobile.keyword.MobileBuiltInKeywords.tap(MobileBuiltInKeywords.groovy:1354)
	at com.kms.katalon.core.mobile.keyword.MobileBuiltInKeywords$tap$1.call(Unknown Source)
	at Portfolio.run(Portfolio:55)
	at com.kms.katalon.core.main.ScriptEngine.run(ScriptEngine.java:194)
	at com.kms.katalon.core.main.ScriptEngine.runScriptAsRawText(ScriptEngine.java:119)
	at com.kms.katalon.core.main.TestCaseExecutor.runScript(TestCaseExecutor.java:398)
	at com.kms.katalon.core.main.TestCaseExecutor.doExecute(TestCaseExecutor.java:389)
	at com.kms.katalon.core.main.TestCaseExecutor.processExecutionPhase(TestCaseExecutor.java:368)
	at com.kms.katalon.core.main.TestCaseExecutor.accessMainPhase(TestCaseExecutor.java:360)
	at com.kms.katalon.core.main.TestCaseExecutor.execute(TestCaseExecutor.java:255)
	at com.kms.katalon.core.main.TestCaseMain.runTestCase(TestCaseMain.java:114)
	at com.kms.katalon.core.keyword.builtin.CallTestCaseKeyword$_callTestCase_closure1.doCall(CallTestCaseKeyword.groovy:59)
	... 20 more
)
	at com.kms.katalon.core.keyword.internal.KeywordMain.stepFailed(KeywordMain.groovy:39)
	at com.kms.katalon.core.keyword.internal.KeywordMain.stepFailed(KeywordMain.groovy)
	at com.kms.katalon.core.keyword.internal.KeywordMain.runKeyword(KeywordMain.groovy:70)
	at com.kms.katalon.core.keyword.builtin.CallTestCaseKeyword.callTestCase(CallTestCaseKeyword.groovy:81)
	at com.kms.katalon.core.keyword.builtin.CallTestCaseKeyword.execute(CallTestCaseKeyword.groovy:44)
	at com.kms.katalon.core.keyword.internal.KeywordExecutor.executeKeywordForPlatform(KeywordExecutor.groovy:73)
	at com.kms.katalon.core.keyword.BuiltinKeywords.callTestCase(BuiltinKeywords.groovy:334)
	at 002 - Portfolio Performance Daily IDR.run(002 - Portfolio Performance Daily IDR:23)
	at com.kms.katalon.core.main.ScriptEngine.run(ScriptEngine.java:194)
	at com.kms.katalon.core.main.ScriptEngine.runScriptAsRawText(ScriptEngine.java:119)
	at com.kms.katalon.core.main.TestCaseExecutor.runScript(TestCaseExecutor.java:398)
	at com.kms.katalon.core.main.TestCaseExecutor.doExecute(TestCaseExecutor.java:389)
	at com.kms.katalon.core.main.TestCaseExecutor.processExecutionPhase(TestCaseExecutor.java:368)
	at com.kms.katalon.core.main.TestCaseExecutor.accessMainPhase(TestCaseExecutor.java:360)
	at com.kms.katalon.core.main.TestCaseExecutor.execute(TestCaseExecutor.java:255)
	at com.kms.katalon.core.main.TestSuiteExecutor.accessTestCaseMainPhase(TestSuiteExecutor.java:203)
	at com.kms.katalon.core.main.TestSuiteExecutor.accessTestSuiteMainPhase(TestSuiteExecutor.java:152)
	at com.kms.katalon.core.main.TestSuiteExecutor.execute(TestSuiteExecutor.java:95)
	at com.kms.katalon.core.main.TestCaseMain.startTestSuite(TestCaseMain.java:157)
	at com.kms.katalon.core.main.TestCaseMain$startTestSuite$0.call(Unknown Source)
	at TempTestSuite1645101519548.run(TempTestSuite1645101519548.groovy:39)
Caused by: com.kms.katalon.core.exception.StepFailedException: Call Test Case 'Test Cases/Mobile/Page/Portfolio/Portfolio' failed
	at com.kms.katalon.core.keyword.builtin.CallTestCaseKeyword$_callTestCase_closure1.doCall(CallTestCaseKeyword.groovy:63)
	at com.kms.katalon.core.keyword.builtin.CallTestCaseKeyword$_callTestCase_closure1.call(CallTestCaseKeyword.groovy)
	at com.kms.katalon.core.keyword.internal.KeywordMain.runKeyword(KeywordMain.groovy:68)
	... 18 more
Caused by: com.kms.katalon.core.exception.StepFailedException: Object Object Repository/Mobile/Page/Portfolio/Button - IDR not found
	at com.kms.katalon.core.keyword.internal.KeywordMain.stepFailed(KeywordMain.groovy:50)
	at com.kms.katalon.core.mobile.keyword.internal.MobileKeywordMain.stepFailed(MobileKeywordMain.groovy:40)
	at com.kms.katalon.core.mobile.keyword.builtin.TapKeyword$_tap_closure1.doCall(TapKeyword.groovy:79)
	at com.kms.katalon.core.mobile.keyword.builtin.TapKeyword$_tap_closure1.call(TapKeyword.groovy)
	at com.kms.katalon.core.mobile.keyword.internal.MobileKeywordMain.runKeyword(MobileKeywordMain.groovy:21)
	at com.kms.katalon.core.mobile.keyword.builtin.TapKeyword.tap(TapKeyword.groovy:86)
	at com.kms.katalon.core.mobile.keyword.builtin.TapKeyword.execute(TapKeyword.groovy:68)
	at com.kms.katalon.core.keyword.internal.KeywordExecutor.executeKeywordForPlatform(KeywordExecutor.groovy:73)
	at com.kms.katalon.core.mobile.keyword.MobileBuiltInKeywords.tap(MobileBuiltInKeywords.groovy:1354)
	at com.kms.katalon.core.mobile.keyword.MobileBuiltInKeywords$tap$1.call(Unknown Source)
	at Portfolio.run(Portfolio:55)
	at com.kms.katalon.core.main.ScriptEngine.run(ScriptEngine.java:194)
	at com.kms.katalon.core.main.ScriptEngine.runScriptAsRawText(ScriptEngine.java:119)
	at com.kms.katalon.core.main.TestCaseExecutor.runScript(TestCaseExecutor.java:398)
	at com.kms.katalon.core.main.TestCaseExecutor.doExecute(TestCaseExecutor.java:389)
	at com.kms.katalon.core.main.TestCaseExecutor.processExecutionPhase(TestCaseExecutor.java:368)
	at com.kms.katalon.core.main.TestCaseExecutor.accessMainPhase(TestCaseExecutor.java:360)
	at com.kms.katalon.core.main.TestCaseExecutor.execute(TestCaseExecutor.java:255)
	at com.kms.katalon.core.main.TestCaseMain.runTestCase(TestCaseMain.java:114)
	at com.kms.katalon.core.keyword.builtin.CallTestCaseKeyword$_callTestCase_closure1.doCall(CallTestCaseKeyword.groovy:59)
	... 20 more]]></system-err>
   </testsuite>
</testsuites>
