<?xml version="1.0" encoding="UTF-8"?>
<testsuites name="analysis" time="485.178" tests="7" failures="0" skips="0" errors="0">
   <testsuite name="analysis" tests="7" failures="0" errors="0" time="485.178" skips="0" timestamp="2022-02-16 22:36:53" hostname="Owner - aldy-tft" id="Test Suites/analysis">
      <properties>
         <property name="deviceName" value="samsung SM-A205F (Android 11)"/>
         <property name="devicePlatform" value=""/>
         <property name="logFolder" value="C:\\Users\\Owner\\Documents\\kerjaan\\KatalonProject\\qa_katalon_pwm\\qa_katalon_pwm\\Reports\\20220216_223645\\analysis\\20220216_223645"/>
         <property name="logFiles" value="C:\\Users\\Owner\\Documents\\kerjaan\\KatalonProject\\qa_katalon_pwm\\qa_katalon_pwm\\Reports\\20220216_223645\\analysis\\20220216_223645\\appium.log, C:\\Users\\Owner\\Documents\\kerjaan\\KatalonProject\\qa_katalon_pwm\\qa_katalon_pwm\\Reports\\20220216_223645\\analysis\\20220216_223645\\execution0.log"/>
         <property name="attachments" value=""/>
         <property name="hostName" value="Owner - aldy-tft"/>
         <property name="os" value="Windows 10 64bit"/>
         <property name="appiumServerStatus" value="{&quot;value&quot;:{&quot;build&quot;:{&quot;version&quot;:&quot;1.22.0&quot;}},&quot;sessionId&quot;:null,&quot;status&quot;:0}"/>
         <property name="katalonVersion" value="7.9.1.208"/>
         <property name="deviceOS" value="Android"/>
         <property name="appiumVersion" value="1.22.0"/>
         <property name="deviceModel" value="SM-A205F"/>
         <property name="hostAddress" value="192.168.100.33"/>
         <property name="deviceManufacturer" value="samsung"/>
         <property name="deviceId" value="RR8M40C9AXE"/>
         <property name="deviceName" value="samsung SM-A205F (Android 11)"/>
         <property name="deviceOSVersion" value="11"/>
      </properties>
      <testcase name="Test Cases/Mobile/Scenario/Analysis/001 - Melihat list stock technical analysis" time="94.181" classname="Test Cases/Mobile/Scenario/Analysis/001 - Melihat list stock technical analysis" status="PASSED">
         <system-out><![CDATA[2022-02-16 22:36:53 - [TEST_CASE][PASSED] - Test Cases/Mobile/Scenario/Analysis/001 - Melihat list stock technical analysis: Test Cases/Mobile/Scenario/Analysis/001 - Melihat list stock technical analysis

2022-02-16 22:36:54 - [TEST_STEP][PASSED] - callTestCase(findTestCase("Mobile/Page/Run App/Run App byID"), [:], STOP_ON_FAILURE): Call Test Case 'Test Cases/Mobile/Page/Run App/Run App byID' successfully

2022-02-16 22:36:54 - [TEST_CASE][PASSED] - Test Cases/Mobile/Page/Run App/Run App byID: Test Cases/Mobile/Page/Run App/Run App byID

2022-02-16 22:36:54 - [TEST_STEP][PASSED] - startApp.OpenApp.startApplication("id.co.miraeasset.sageclub"): startApp.OpenApp.startApplication is PASSED

2022-02-16 22:36:56 - [MESSAGE][INFO] - Appium server started on port 61,531

2022-02-16 22:37:11 - [MESSAGE][PASSED] - Starting app with application ID: 'id.co.miraeasset.sageclub'

2022-02-16 22:37:11 - [MESSAGE][PASSED] - startApp.OpenApp.startApplication is PASSED

2022-02-16 22:37:11 - [MESSAGE][PASSED] - Call Test Case 'Test Cases/Mobile/Page/Run App/Run App byID' successfully

2022-02-16 22:37:11 - [TEST_STEP][PASSED] - callTestCase(findTestCase("Mobile/Page/Analysis/Analysis"), ["action":"technicalsearch"], CONTINUE_ON_FAILURE): Call Test Case 'Test Cases/Mobile/Page/Analysis/Analysis' successfully

2022-02-16 22:37:12 - [TEST_CASE][PASSED] - Test Cases/Mobile/Page/Analysis/Analysis: Test Cases/Mobile/Page/Analysis/Analysis

2022-02-16 22:37:12 - [TEST_STEP][PASSED] - callTestCase(findTestCase("Mobile/Page/CheckLogin"), [:], CONTINUE_ON_FAILURE): Call Test Case 'Test Cases/Mobile/Page/CheckLogin' successfully

2022-02-16 22:37:12 - [TEST_CASE][PASSED] - Test Cases/Mobile/Page/CheckLogin: Test Cases/Mobile/Page/CheckLogin

2022-02-16 22:37:12 - [TEST_STEP][PASSED] - loginCheck = verifyElementExist(LOGN_BtnLogin, 5, CONTINUE_ON_FAILURE): Element 'Object Repository/Mobile/Page/Login/Button - Login' is exist

2022-02-16 22:37:12 - [MESSAGE][WARNING] - Test object with id 'Object Repository/Mobile/Page/Analysis/Button - Open With Just Once' does not exist

2022-02-16 22:37:12 - [MESSAGE][WARNING] - Test object with id 'Object Repository/Mobile/Page/Analysis/Button - Search' does not exist

2022-02-16 22:37:14 - [MESSAGE][WARNING] - Test object with id 'Object Repository/Mobile/Page/Home/Button -  Add Watchlist' does not exist

2022-02-16 22:37:14 - [MESSAGE][WARNING] - Test object with id 'Object Repository/Mobile/Page/Home/Button - Open with Just Once' does not exist

2022-02-16 22:37:14 - [MESSAGE][WARNING] - Test object with id 'Object Repository/Mobile/Page/Home/Container - Notification' does not exist

2022-02-16 22:37:15 - [MESSAGE][WARNING] - Test object with id 'Object Repository/Mobile/Page/Home/Watchlist/Input - Search' does not exist

2022-02-16 22:37:15 - [MESSAGE][WARNING] - Test object with id 'Object Repository/Mobile/Page/Home/Watchlist/Item - Top Search' does not exist

2022-02-16 22:37:15 - [MESSAGE][WARNING] - Test object with id 'Object Repository/Mobile/Page/Home/Watchlist/Detail Watchlist/Input - Expiry Date' does not exist

2022-02-16 22:37:16 - [MESSAGE][WARNING] - Test object with id 'Object Repository/Mobile/Page/Home/Watchlist/Detail Watchlist/Item - Watchlist' does not exist

2022-02-16 22:37:21 - [MESSAGE][WARNING] - Test object with id 'Object Repository/Mobile/Page/Analysis/Button - Open With Just Once' does not exist

2022-02-16 22:37:21 - [MESSAGE][WARNING] - Test object with id 'Object Repository/Mobile/Page/Analysis/Button - Search' does not exist

2022-02-16 22:37:22 - [MESSAGE][WARNING] - Test object with id 'Object Repository/Mobile/Page/Home/Button -  Add Watchlist' does not exist

2022-02-16 22:37:22 - [MESSAGE][WARNING] - Test object with id 'Object Repository/Mobile/Page/Home/Button - Open with Just Once' does not exist

2022-02-16 22:37:22 - [MESSAGE][WARNING] - Test object with id 'Object Repository/Mobile/Page/Home/Container - Notification' does not exist

2022-02-16 22:37:23 - [MESSAGE][WARNING] - Test object with id 'Object Repository/Mobile/Page/Home/Watchlist/Input - Search' does not exist

2022-02-16 22:37:23 - [MESSAGE][WARNING] - Test object with id 'Object Repository/Mobile/Page/Home/Watchlist/Item - Top Search' does not exist

2022-02-16 22:37:23 - [MESSAGE][WARNING] - Test object with id 'Object Repository/Mobile/Page/Home/Watchlist/Detail Watchlist/Input - Expiry Date' does not exist

2022-02-16 22:37:24 - [MESSAGE][WARNING] - Test object with id 'Object Repository/Mobile/Page/Home/Watchlist/Detail Watchlist/Item - Watchlist' does not exist

2022-02-16 22:37:29 - [MESSAGE][PASSED] - Element 'Object Repository/Mobile/Page/Login/Button - Login' is exist

2022-02-16 22:37:29 - [TEST_STEP][PASSED] - if (loginCheck): Call Test Case 'Test Cases/Mobile/Page/Login/Login' successfully

2022-02-16 22:37:29 - [TEST_STEP][PASSED] - callTestCase(findTestCase("Mobile/Page/Login/Login"), ["action":"username"], CONTINUE_ON_FAILURE): Call Test Case 'Test Cases/Mobile/Page/Login/Login' successfully

2022-02-16 22:37:29 - [TEST_CASE][PASSED] - Test Cases/Mobile/Page/Login/Login: Test Cases/Mobile/Page/Login/Login

2022-02-16 22:37:29 - [TEST_STEP][PASSED] - delay(2): Delayed 2 second(s)

2022-02-16 22:37:31 - [MESSAGE][PASSED] - Delayed 2 second(s)

2022-02-16 22:37:31 - [TEST_STEP][PASSED] - for ([i = 0, i < 1, (i++)]): null

2022-02-16 22:37:31 - [TEST_STEP][PASSED] - if (action == "username"): null

2022-02-16 22:37:31 - [TEST_STEP][PASSED] - tap(LOGN_EdtUserID, 0): Tapped on element 'Object Repository/Mobile/Page/Login/Input - UserID'

2022-02-16 22:37:31 - [MESSAGE][WARNING] - Timeout '0' is invalid. Using default page load timeout: '60'

2022-02-16 22:37:32 - [MESSAGE][PASSED] - Tapped on element 'Object Repository/Mobile/Page/Login/Input - UserID'

2022-02-16 22:37:32 - [TEST_STEP][PASSED] - delay(1): Delayed 1 second(s)

2022-02-16 22:37:33 - [MESSAGE][PASSED] - Delayed 1 second(s)

2022-02-16 22:37:33 - [TEST_STEP][PASSED] - setText(LOGN_EdtRdyUserID, "anggaaditya", 0): Text 'anggaaditya' has been set to element 'Object Repository/Mobile/Page/Login/Input Rdy - UserID'

2022-02-16 22:37:33 - [MESSAGE][WARNING] - Timeout '0' is invalid. Using default page load timeout: '60'

2022-02-16 22:37:34 - [MESSAGE][PASSED] - Text 'anggaaditya' has been set to element 'Object Repository/Mobile/Page/Login/Input Rdy - UserID'

2022-02-16 22:37:34 - [TEST_STEP][PASSED] - delay(1): Delayed 1 second(s)

2022-02-16 22:37:35 - [MESSAGE][PASSED] - Delayed 1 second(s)

2022-02-16 22:37:35 - [TEST_STEP][PASSED] - hideKeyboard(): Keyboard is hidden

2022-02-16 22:37:38 - [MESSAGE][PASSED] - Keyboard is hidden

2022-02-16 22:37:38 - [TEST_STEP][PASSED] - tap(LOGN_EdtPassword, 0): Tapped on element 'Object Repository/Mobile/Page/Login/Input - Password'

2022-02-16 22:37:38 - [MESSAGE][WARNING] - Timeout '0' is invalid. Using default page load timeout: '60'

2022-02-16 22:37:39 - [MESSAGE][PASSED] - Tapped on element 'Object Repository/Mobile/Page/Login/Input - Password'

2022-02-16 22:37:39 - [TEST_STEP][PASSED] - delay(1): Delayed 1 second(s)

2022-02-16 22:37:40 - [MESSAGE][PASSED] - Delayed 1 second(s)

2022-02-16 22:37:40 - [TEST_STEP][PASSED] - setText(LOGN_EdtRdyPassword, "Shalawa18", 0): Text 'Shalawa18' has been set to element 'Object Repository/Mobile/Page/Login/Input Rdy - Password'

2022-02-16 22:37:40 - [MESSAGE][WARNING] - Timeout '0' is invalid. Using default page load timeout: '60'

2022-02-16 22:37:40 - [MESSAGE][PASSED] - Text 'Shalawa18' has been set to element 'Object Repository/Mobile/Page/Login/Input Rdy - Password'

2022-02-16 22:37:40 - [TEST_STEP][PASSED] - delay(1): Delayed 1 second(s)

2022-02-16 22:37:41 - [MESSAGE][PASSED] - Delayed 1 second(s)

2022-02-16 22:37:41 - [TEST_STEP][PASSED] - hideKeyboard(): Keyboard is hidden

2022-02-16 22:37:48 - [MESSAGE][PASSED] - Keyboard is hidden

2022-02-16 22:37:48 - [TEST_STEP][PASSED] - tap(LOGN_BtnLogin, 0): Tapped on element 'Object Repository/Mobile/Page/Login/Button - Login'

2022-02-16 22:37:48 - [MESSAGE][WARNING] - Timeout '0' is invalid. Using default page load timeout: '60'

2022-02-16 22:37:49 - [MESSAGE][PASSED] - Tapped on element 'Object Repository/Mobile/Page/Login/Button - Login'

2022-02-16 22:37:49 - [TEST_STEP][PASSED] - delay(2): Delayed 2 second(s)

2022-02-16 22:37:51 - [MESSAGE][PASSED] - Delayed 2 second(s)

2022-02-16 22:37:51 - [TEST_STEP][PASSED] - break: null

2022-02-16 22:37:51 - [MESSAGE][PASSED] - Call Test Case 'Test Cases/Mobile/Page/Login/Login' successfully

2022-02-16 22:37:51 - [MESSAGE][PASSED] - Call Test Case 'Test Cases/Mobile/Page/CheckLogin' successfully

2022-02-16 22:37:51 - [TEST_STEP][PASSED] - tap(HOME_MenubarAnalysis, 0): Tapped on element 'Object Repository/Mobile/Page/Home/Menubar - Analysis'

2022-02-16 22:37:51 - [MESSAGE][WARNING] - Timeout '0' is invalid. Using default page load timeout: '60'

2022-02-16 22:37:53 - [MESSAGE][PASSED] - Tapped on element 'Object Repository/Mobile/Page/Home/Menubar - Analysis'

2022-02-16 22:37:53 - [TEST_STEP][PASSED] - delay(3): Delayed 3 second(s)

2022-02-16 22:37:56 - [MESSAGE][PASSED] - Delayed 3 second(s)

2022-02-16 22:37:56 - [TEST_STEP][PASSED] - for ([i = 0, i < 1, (i++)]): Delayed 2 second(s)

2022-02-16 22:37:56 - [TEST_STEP][PASSED] - if (action == "technicalsearch"): Delayed 2 second(s)

2022-02-16 22:37:56 - [TEST_STEP][PASSED] - tap(ANAL_DropTechIndicator, 0): Tapped on element 'Object Repository/Mobile/Page/Analysis/Dropdown - Technical Indicator'

2022-02-16 22:37:56 - [MESSAGE][WARNING] - Timeout '0' is invalid. Using default page load timeout: '60'

2022-02-16 22:37:58 - [MESSAGE][PASSED] - Tapped on element 'Object Repository/Mobile/Page/Analysis/Dropdown - Technical Indicator'

2022-02-16 22:37:58 - [TEST_STEP][PASSED] - delay(1): Delayed 1 second(s)

2022-02-16 22:37:59 - [MESSAGE][PASSED] - Delayed 1 second(s)

2022-02-16 22:37:59 - [TEST_STEP][PASSED] - tap(ANAL_OptTechIndicatorAll, 0): Tapped on element 'Object Repository/Mobile/Page/Analysis/Option Technical Indicator - All'

2022-02-16 22:37:59 - [MESSAGE][WARNING] - Timeout '0' is invalid. Using default page load timeout: '60'

2022-02-16 22:37:59 - [MESSAGE][PASSED] - Tapped on element 'Object Repository/Mobile/Page/Analysis/Option Technical Indicator - All'

2022-02-16 22:37:59 - [TEST_STEP][PASSED] - delay(1): Delayed 1 second(s)

2022-02-16 22:38:00 - [MESSAGE][PASSED] - Delayed 1 second(s)

2022-02-16 22:38:00 - [TEST_STEP][PASSED] - tap(ANAL_DropMarketCap, 0): Tapped on element 'Object Repository/Mobile/Page/Analysis/Dropdown - Market Cap'

2022-02-16 22:38:00 - [MESSAGE][WARNING] - Timeout '0' is invalid. Using default page load timeout: '60'

2022-02-16 22:38:01 - [MESSAGE][PASSED] - Tapped on element 'Object Repository/Mobile/Page/Analysis/Dropdown - Market Cap'

2022-02-16 22:38:01 - [TEST_STEP][PASSED] - delay(1): Delayed 1 second(s)

2022-02-16 22:38:02 - [MESSAGE][PASSED] - Delayed 1 second(s)

2022-02-16 22:38:02 - [TEST_STEP][PASSED] - tap(ANAL_OptMarketCap1T, 0): Tapped on element 'Object Repository/Mobile/Page/Analysis/Option Market Cap - 1 Trillion'

2022-02-16 22:38:02 - [MESSAGE][WARNING] - Timeout '0' is invalid. Using default page load timeout: '60'

2022-02-16 22:38:04 - [MESSAGE][PASSED] - Tapped on element 'Object Repository/Mobile/Page/Analysis/Option Market Cap - 1 Trillion'

2022-02-16 22:38:04 - [TEST_STEP][PASSED] - delay(1): Delayed 1 second(s)

2022-02-16 22:38:05 - [MESSAGE][PASSED] - Delayed 1 second(s)

2022-02-16 22:38:05 - [TEST_STEP][PASSED] - tap(ANAL_DropTransaction, 0): Tapped on element 'Object Repository/Mobile/Page/Analysis/Dropdown - Transaction'

2022-02-16 22:38:05 - [MESSAGE][WARNING] - Timeout '0' is invalid. Using default page load timeout: '60'

2022-02-16 22:38:06 - [MESSAGE][PASSED] - Tapped on element 'Object Repository/Mobile/Page/Analysis/Dropdown - Transaction'

2022-02-16 22:38:06 - [TEST_STEP][PASSED] - delay(1): Delayed 1 second(s)

2022-02-16 22:38:07 - [MESSAGE][PASSED] - Delayed 1 second(s)

2022-02-16 22:38:07 - [TEST_STEP][PASSED] - tap(ANAL_OptTransaction10B, 0): Tapped on element 'Object Repository/Mobile/Page/Analysis/Option Transaction - 10 Billion'

2022-02-16 22:38:07 - [MESSAGE][WARNING] - Timeout '0' is invalid. Using default page load timeout: '60'

2022-02-16 22:38:08 - [MESSAGE][PASSED] - Tapped on element 'Object Repository/Mobile/Page/Analysis/Option Transaction - 10 Billion'

2022-02-16 22:38:08 - [TEST_STEP][PASSED] - delay(1): Delayed 1 second(s)

2022-02-16 22:38:09 - [MESSAGE][PASSED] - Delayed 1 second(s)

2022-02-16 22:38:09 - [TEST_STEP][PASSED] - tap(ANAL_DropTimeFrame, 0): Tapped on element 'Object Repository/Mobile/Page/Analysis/Dropdown - Time Frame'

2022-02-16 22:38:09 - [MESSAGE][WARNING] - Timeout '0' is invalid. Using default page load timeout: '60'

2022-02-16 22:38:09 - [MESSAGE][PASSED] - Tapped on element 'Object Repository/Mobile/Page/Analysis/Dropdown - Time Frame'

2022-02-16 22:38:09 - [TEST_STEP][PASSED] - delay(1): Delayed 1 second(s)

2022-02-16 22:38:10 - [MESSAGE][PASSED] - Delayed 1 second(s)

2022-02-16 22:38:10 - [TEST_STEP][PASSED] - tap(ANAL_OptTimeFrameDaily, 0): Tapped on element 'Object Repository/Mobile/Page/Analysis/Option Time Frame - Daily'

2022-02-16 22:38:10 - [MESSAGE][WARNING] - Timeout '0' is invalid. Using default page load timeout: '60'

2022-02-16 22:38:11 - [MESSAGE][PASSED] - Tapped on element 'Object Repository/Mobile/Page/Analysis/Option Time Frame - Daily'

2022-02-16 22:38:11 - [TEST_STEP][PASSED] - delay(1): Delayed 1 second(s)

2022-02-16 22:38:12 - [MESSAGE][PASSED] - Delayed 1 second(s)

2022-02-16 22:38:12 - [TEST_STEP][PASSED] - tap(ANAL_DropIndex, 0): Tapped on element 'Object Repository/Mobile/Page/Analysis/Dropdown - Index'

2022-02-16 22:38:12 - [MESSAGE][WARNING] - Timeout '0' is invalid. Using default page load timeout: '60'

2022-02-16 22:38:13 - [MESSAGE][PASSED] - Tapped on element 'Object Repository/Mobile/Page/Analysis/Dropdown - Index'

2022-02-16 22:38:13 - [TEST_STEP][PASSED] - delay(1): Delayed 1 second(s)

2022-02-16 22:38:14 - [MESSAGE][PASSED] - Delayed 1 second(s)

2022-02-16 22:38:14 - [TEST_STEP][PASSED] - tap(ANAL_OptIndexIdx30, 0): Tapped on element 'Object Repository/Mobile/Page/Analysis/Option Index - Idx30'

2022-02-16 22:38:14 - [MESSAGE][WARNING] - Timeout '0' is invalid. Using default page load timeout: '60'

2022-02-16 22:38:15 - [MESSAGE][PASSED] - Tapped on element 'Object Repository/Mobile/Page/Analysis/Option Index - Idx30'

2022-02-16 22:38:15 - [TEST_STEP][PASSED] - delay(2): Delayed 2 second(s)

2022-02-16 22:38:17 - [MESSAGE][PASSED] - Delayed 2 second(s)

2022-02-16 22:38:17 - [MESSAGE][PASSED] - Call Test Case 'Test Cases/Mobile/Page/Analysis/Analysis' successfully

2022-02-16 22:38:17 - [TEST_STEP][PASSED] - callTestCase(findTestCase("Mobile/Page/Run App/Terminate App"), [:], STOP_ON_FAILURE): Call Test Case 'Test Cases/Mobile/Page/Run App/Terminate App' successfully

2022-02-16 22:38:17 - [TEST_CASE][PASSED] - Test Cases/Mobile/Page/Run App/Terminate App: Test Cases/Mobile/Page/Run App/Terminate App

2022-02-16 22:38:17 - [TEST_STEP][PASSED] - startApp.OpenApp.terminateApplication(): startApp.OpenApp.terminateApplication is PASSED

2022-02-16 22:38:20 - [MESSAGE][PASSED] - Delayed 3 second(s)

2022-02-16 22:38:21 - [MESSAGE][PASSED] - Current device physical width is 720

2022-02-16 22:38:21 - [MESSAGE][PASSED] - Current device physical height is 1423

2022-02-16 22:38:22 - [MESSAGE][PASSED] - Swiped from 360,853 to 360,142

2022-02-16 22:38:23 - [MESSAGE][PASSED] - Delayed 1 second(s)

2022-02-16 22:38:25 - [MESSAGE][PASSED] - Swiped from 360,853 to 360,142

2022-02-16 22:38:28 - [MESSAGE][PASSED] - Delayed 3 second(s)

2022-02-16 22:38:28 - [MESSAGE][PASSED] - startApp.OpenApp.terminateApplication is PASSED

2022-02-16 22:38:28 - [MESSAGE][PASSED] - Call Test Case 'Test Cases/Mobile/Page/Run App/Terminate App' successfully]]></system-out>
         <system-err><![CDATA[]]></system-err>
      </testcase>
      <testcase name="Test Cases/Mobile/Scenario/Analysis/002 - Melihat detail stock kategori day" time="63.725" classname="Test Cases/Mobile/Scenario/Analysis/002 - Melihat detail stock kategori day" status="PASSED">
         <system-out><![CDATA[2022-02-16 22:38:28 - [TEST_CASE][PASSED] - Test Cases/Mobile/Scenario/Analysis/002 - Melihat detail stock kategori day: Test Cases/Mobile/Scenario/Analysis/002 - Melihat detail stock kategori day

2022-02-16 22:38:28 - [TEST_STEP][PASSED] - callTestCase(findTestCase("Mobile/Page/Run App/Run App byID"), [:], STOP_ON_FAILURE): Call Test Case 'Test Cases/Mobile/Page/Run App/Run App byID' successfully

2022-02-16 22:38:28 - [TEST_CASE][PASSED] - Test Cases/Mobile/Page/Run App/Run App byID: Test Cases/Mobile/Page/Run App/Run App byID

2022-02-16 22:38:28 - [TEST_STEP][PASSED] - startApp.OpenApp.startApplication("id.co.miraeasset.sageclub"): startApp.OpenApp.startApplication is PASSED

2022-02-16 22:38:41 - [MESSAGE][PASSED] - Starting app with application ID: 'id.co.miraeasset.sageclub'

2022-02-16 22:38:41 - [MESSAGE][PASSED] - startApp.OpenApp.startApplication is PASSED

2022-02-16 22:38:41 - [MESSAGE][PASSED] - Call Test Case 'Test Cases/Mobile/Page/Run App/Run App byID' successfully

2022-02-16 22:38:41 - [TEST_STEP][PASSED] - callTestCase(findTestCase("Mobile/Page/Analysis/Analysis"), ["action":"technicaldetail", "action2":"day"], CONTINUE_ON_FAILURE): Call Test Case 'Test Cases/Mobile/Page/Analysis/Analysis' successfully

2022-02-16 22:38:41 - [TEST_CASE][PASSED] - Test Cases/Mobile/Page/Analysis/Analysis: Test Cases/Mobile/Page/Analysis/Analysis

2022-02-16 22:38:41 - [TEST_STEP][PASSED] - callTestCase(findTestCase("Mobile/Page/CheckLogin"), [:], CONTINUE_ON_FAILURE): Call Test Case 'Test Cases/Mobile/Page/CheckLogin' successfully

2022-02-16 22:38:41 - [TEST_CASE][PASSED] - Test Cases/Mobile/Page/CheckLogin: Test Cases/Mobile/Page/CheckLogin

2022-02-16 22:38:41 - [TEST_STEP][PASSED] - loginCheck = verifyElementExist(LOGN_BtnLogin, 5, CONTINUE_ON_FAILURE): Element 'Object Repository/Mobile/Page/Login/Button - Login' is exist

2022-02-16 22:38:43 - [MESSAGE][PASSED] - Element 'Object Repository/Mobile/Page/Login/Button - Login' is exist

2022-02-16 22:38:43 - [TEST_STEP][PASSED] - if (loginCheck): Call Test Case 'Test Cases/Mobile/Page/Login/Login' successfully

2022-02-16 22:38:43 - [TEST_STEP][PASSED] - callTestCase(findTestCase("Mobile/Page/Login/Login"), ["action":"username"], CONTINUE_ON_FAILURE): Call Test Case 'Test Cases/Mobile/Page/Login/Login' successfully

2022-02-16 22:38:43 - [TEST_CASE][PASSED] - Test Cases/Mobile/Page/Login/Login: Test Cases/Mobile/Page/Login/Login

2022-02-16 22:38:43 - [TEST_STEP][PASSED] - delay(2): Delayed 2 second(s)

2022-02-16 22:38:45 - [MESSAGE][PASSED] - Delayed 2 second(s)

2022-02-16 22:38:45 - [TEST_STEP][PASSED] - for ([i = 0, i < 1, (i++)]): null

2022-02-16 22:38:45 - [TEST_STEP][PASSED] - if (action == "username"): null

2022-02-16 22:38:45 - [TEST_STEP][PASSED] - tap(LOGN_EdtUserID, 0): Tapped on element 'Object Repository/Mobile/Page/Login/Input - UserID'

2022-02-16 22:38:45 - [MESSAGE][WARNING] - Timeout '0' is invalid. Using default page load timeout: '60'

2022-02-16 22:38:45 - [MESSAGE][PASSED] - Tapped on element 'Object Repository/Mobile/Page/Login/Input - UserID'

2022-02-16 22:38:45 - [TEST_STEP][PASSED] - delay(1): Delayed 1 second(s)

2022-02-16 22:38:46 - [MESSAGE][PASSED] - Delayed 1 second(s)

2022-02-16 22:38:46 - [TEST_STEP][PASSED] - setText(LOGN_EdtRdyUserID, "anggaaditya", 0): Text 'anggaaditya' has been set to element 'Object Repository/Mobile/Page/Login/Input Rdy - UserID'

2022-02-16 22:38:46 - [MESSAGE][WARNING] - Timeout '0' is invalid. Using default page load timeout: '60'

2022-02-16 22:38:47 - [MESSAGE][PASSED] - Text 'anggaaditya' has been set to element 'Object Repository/Mobile/Page/Login/Input Rdy - UserID'

2022-02-16 22:38:47 - [TEST_STEP][PASSED] - delay(1): Delayed 1 second(s)

2022-02-16 22:38:48 - [MESSAGE][PASSED] - Delayed 1 second(s)

2022-02-16 22:38:48 - [TEST_STEP][PASSED] - hideKeyboard(): Keyboard is hidden

2022-02-16 22:38:51 - [MESSAGE][PASSED] - Keyboard is hidden

2022-02-16 22:38:51 - [TEST_STEP][PASSED] - tap(LOGN_EdtPassword, 0): Tapped on element 'Object Repository/Mobile/Page/Login/Input - Password'

2022-02-16 22:38:51 - [MESSAGE][WARNING] - Timeout '0' is invalid. Using default page load timeout: '60'

2022-02-16 22:38:52 - [MESSAGE][PASSED] - Tapped on element 'Object Repository/Mobile/Page/Login/Input - Password'

2022-02-16 22:38:52 - [TEST_STEP][PASSED] - delay(1): Delayed 1 second(s)

2022-02-16 22:38:53 - [MESSAGE][PASSED] - Delayed 1 second(s)

2022-02-16 22:38:53 - [TEST_STEP][PASSED] - setText(LOGN_EdtRdyPassword, "Shalawa18", 0): Text 'Shalawa18' has been set to element 'Object Repository/Mobile/Page/Login/Input Rdy - Password'

2022-02-16 22:38:53 - [MESSAGE][WARNING] - Timeout '0' is invalid. Using default page load timeout: '60'

2022-02-16 22:38:53 - [MESSAGE][PASSED] - Text 'Shalawa18' has been set to element 'Object Repository/Mobile/Page/Login/Input Rdy - Password'

2022-02-16 22:38:53 - [TEST_STEP][PASSED] - delay(1): Delayed 1 second(s)

2022-02-16 22:38:54 - [MESSAGE][PASSED] - Delayed 1 second(s)

2022-02-16 22:38:54 - [TEST_STEP][PASSED] - hideKeyboard(): Keyboard is hidden

2022-02-16 22:39:01 - [MESSAGE][PASSED] - Keyboard is hidden

2022-02-16 22:39:01 - [TEST_STEP][PASSED] - tap(LOGN_BtnLogin, 0): Tapped on element 'Object Repository/Mobile/Page/Login/Button - Login'

2022-02-16 22:39:01 - [MESSAGE][WARNING] - Timeout '0' is invalid. Using default page load timeout: '60'

2022-02-16 22:39:02 - [MESSAGE][PASSED] - Tapped on element 'Object Repository/Mobile/Page/Login/Button - Login'

2022-02-16 22:39:02 - [TEST_STEP][PASSED] - delay(2): Delayed 2 second(s)

2022-02-16 22:39:04 - [MESSAGE][PASSED] - Delayed 2 second(s)

2022-02-16 22:39:04 - [TEST_STEP][PASSED] - break: null

2022-02-16 22:39:04 - [MESSAGE][PASSED] - Call Test Case 'Test Cases/Mobile/Page/Login/Login' successfully

2022-02-16 22:39:04 - [MESSAGE][PASSED] - Call Test Case 'Test Cases/Mobile/Page/CheckLogin' successfully

2022-02-16 22:39:04 - [TEST_STEP][PASSED] - tap(HOME_MenubarAnalysis, 0): Tapped on element 'Object Repository/Mobile/Page/Home/Menubar - Analysis'

2022-02-16 22:39:04 - [MESSAGE][WARNING] - Timeout '0' is invalid. Using default page load timeout: '60'

2022-02-16 22:39:05 - [MESSAGE][PASSED] - Tapped on element 'Object Repository/Mobile/Page/Home/Menubar - Analysis'

2022-02-16 22:39:05 - [TEST_STEP][PASSED] - delay(3): Delayed 3 second(s)

2022-02-16 22:39:08 - [MESSAGE][PASSED] - Delayed 3 second(s)

2022-02-16 22:39:08 - [TEST_STEP][PASSED] - for ([i = 0, i < 1, (i++)]): Delayed 2 second(s)

2022-02-16 22:39:08 - [TEST_STEP][PASSED] - if (action == "technicalsearch"): null

2022-02-16 22:39:08 - [TEST_STEP][PASSED] - else if (action == "technicaldetail"): Delayed 2 second(s)

2022-02-16 22:39:08 - [TEST_STEP][PASSED] - tapAndHold(ANAL_ItemTopResultTech, 1, 0): Tapped and held on element 'Object Repository/Mobile/Page/Analysis/Item - Top Technical' with duration 1

2022-02-16 22:39:08 - [MESSAGE][WARNING] - Timeout '0' is invalid. Using default page load timeout: '60'

2022-02-16 22:39:11 - [MESSAGE][PASSED] - Tapped and held on element 'Object Repository/Mobile/Page/Analysis/Item - Top Technical' with duration 1

2022-02-16 22:39:11 - [TEST_STEP][PASSED] - delay(5): Delayed 5 second(s)

2022-02-16 22:39:16 - [MESSAGE][PASSED] - Delayed 5 second(s)

2022-02-16 22:39:16 - [TEST_STEP][PASSED] - switch (action2): null

2022-02-16 22:39:16 - [TEST_STEP][PASSED] - case "day":: null

2022-02-16 22:39:16 - [TEST_STEP][PASSED] - tapAndHold(ANAL_DETL_BtnD, 1, 0): Tapped and held on element 'Object Repository/Mobile/Page/Analysis/Detail/Button - D' with duration 1

2022-02-16 22:39:16 - [MESSAGE][WARNING] - Timeout '0' is invalid. Using default page load timeout: '60'

2022-02-16 22:39:19 - [MESSAGE][PASSED] - Tapped and held on element 'Object Repository/Mobile/Page/Analysis/Detail/Button - D' with duration 1

2022-02-16 22:39:19 - [TEST_STEP][PASSED] - break: null

2022-02-16 22:39:19 - [TEST_STEP][PASSED] - delay(2): Delayed 2 second(s)

2022-02-16 22:39:21 - [MESSAGE][PASSED] - Delayed 2 second(s)

2022-02-16 22:39:21 - [MESSAGE][PASSED] - Call Test Case 'Test Cases/Mobile/Page/Analysis/Analysis' successfully

2022-02-16 22:39:21 - [TEST_STEP][PASSED] - callTestCase(findTestCase("Mobile/Page/Run App/Terminate App"), [:], STOP_ON_FAILURE): Call Test Case 'Test Cases/Mobile/Page/Run App/Terminate App' successfully

2022-02-16 22:39:21 - [TEST_CASE][PASSED] - Test Cases/Mobile/Page/Run App/Terminate App: Test Cases/Mobile/Page/Run App/Terminate App

2022-02-16 22:39:21 - [TEST_STEP][PASSED] - startApp.OpenApp.terminateApplication(): startApp.OpenApp.terminateApplication is PASSED

2022-02-16 22:39:24 - [MESSAGE][PASSED] - Delayed 3 second(s)

2022-02-16 22:39:24 - [MESSAGE][PASSED] - Current device physical width is 720

2022-02-16 22:39:25 - [MESSAGE][PASSED] - Current device physical height is 1423

2022-02-16 22:39:26 - [MESSAGE][PASSED] - Swiped from 360,853 to 360,142

2022-02-16 22:39:27 - [MESSAGE][PASSED] - Delayed 1 second(s)

2022-02-16 22:39:28 - [MESSAGE][PASSED] - Swiped from 360,853 to 360,142

2022-02-16 22:39:31 - [MESSAGE][PASSED] - Delayed 3 second(s)

2022-02-16 22:39:31 - [MESSAGE][PASSED] - startApp.OpenApp.terminateApplication is PASSED

2022-02-16 22:39:31 - [MESSAGE][PASSED] - Call Test Case 'Test Cases/Mobile/Page/Run App/Terminate App' successfully]]></system-out>
         <system-err><![CDATA[]]></system-err>
      </testcase>
      <testcase name="Test Cases/Mobile/Scenario/Analysis/003 - Melihat detail stock kategori week" time="66.958" classname="Test Cases/Mobile/Scenario/Analysis/003 - Melihat detail stock kategori week" status="PASSED">
         <system-out><![CDATA[2022-02-16 22:39:31 - [TEST_CASE][PASSED] - Test Cases/Mobile/Scenario/Analysis/003 - Melihat detail stock kategori week: Test Cases/Mobile/Scenario/Analysis/003 - Melihat detail stock kategori week

2022-02-16 22:39:32 - [TEST_STEP][PASSED] - callTestCase(findTestCase("Mobile/Page/Run App/Run App byID"), [:], STOP_ON_FAILURE): Call Test Case 'Test Cases/Mobile/Page/Run App/Run App byID' successfully

2022-02-16 22:39:32 - [TEST_CASE][PASSED] - Test Cases/Mobile/Page/Run App/Run App byID: Test Cases/Mobile/Page/Run App/Run App byID

2022-02-16 22:39:32 - [TEST_STEP][PASSED] - startApp.OpenApp.startApplication("id.co.miraeasset.sageclub"): startApp.OpenApp.startApplication is PASSED

2022-02-16 22:39:46 - [MESSAGE][PASSED] - Starting app with application ID: 'id.co.miraeasset.sageclub'

2022-02-16 22:39:46 - [MESSAGE][PASSED] - startApp.OpenApp.startApplication is PASSED

2022-02-16 22:39:46 - [MESSAGE][PASSED] - Call Test Case 'Test Cases/Mobile/Page/Run App/Run App byID' successfully

2022-02-16 22:39:46 - [TEST_STEP][PASSED] - callTestCase(findTestCase("Mobile/Page/Analysis/Analysis"), ["action":"technicaldetail", "action2":"week"], CONTINUE_ON_FAILURE): Call Test Case 'Test Cases/Mobile/Page/Analysis/Analysis' successfully

2022-02-16 22:39:46 - [TEST_CASE][PASSED] - Test Cases/Mobile/Page/Analysis/Analysis: Test Cases/Mobile/Page/Analysis/Analysis

2022-02-16 22:39:46 - [TEST_STEP][PASSED] - callTestCase(findTestCase("Mobile/Page/CheckLogin"), [:], CONTINUE_ON_FAILURE): Call Test Case 'Test Cases/Mobile/Page/CheckLogin' successfully

2022-02-16 22:39:46 - [TEST_CASE][PASSED] - Test Cases/Mobile/Page/CheckLogin: Test Cases/Mobile/Page/CheckLogin

2022-02-16 22:39:46 - [TEST_STEP][PASSED] - loginCheck = verifyElementExist(LOGN_BtnLogin, 5, CONTINUE_ON_FAILURE): Element 'Object Repository/Mobile/Page/Login/Button - Login' is exist

2022-02-16 22:39:48 - [MESSAGE][PASSED] - Element 'Object Repository/Mobile/Page/Login/Button - Login' is exist

2022-02-16 22:39:48 - [TEST_STEP][PASSED] - if (loginCheck): Call Test Case 'Test Cases/Mobile/Page/Login/Login' successfully

2022-02-16 22:39:48 - [TEST_STEP][PASSED] - callTestCase(findTestCase("Mobile/Page/Login/Login"), ["action":"username"], CONTINUE_ON_FAILURE): Call Test Case 'Test Cases/Mobile/Page/Login/Login' successfully

2022-02-16 22:39:48 - [TEST_CASE][PASSED] - Test Cases/Mobile/Page/Login/Login: Test Cases/Mobile/Page/Login/Login

2022-02-16 22:39:48 - [TEST_STEP][PASSED] - delay(2): Delayed 2 second(s)

2022-02-16 22:39:50 - [MESSAGE][PASSED] - Delayed 2 second(s)

2022-02-16 22:39:50 - [TEST_STEP][PASSED] - for ([i = 0, i < 1, (i++)]): null

2022-02-16 22:39:50 - [TEST_STEP][PASSED] - if (action == "username"): null

2022-02-16 22:39:50 - [TEST_STEP][PASSED] - tap(LOGN_EdtUserID, 0): Tapped on element 'Object Repository/Mobile/Page/Login/Input - UserID'

2022-02-16 22:39:50 - [MESSAGE][WARNING] - Timeout '0' is invalid. Using default page load timeout: '60'

2022-02-16 22:39:50 - [MESSAGE][PASSED] - Tapped on element 'Object Repository/Mobile/Page/Login/Input - UserID'

2022-02-16 22:39:50 - [TEST_STEP][PASSED] - delay(1): Delayed 1 second(s)

2022-02-16 22:39:51 - [MESSAGE][PASSED] - Delayed 1 second(s)

2022-02-16 22:39:51 - [TEST_STEP][PASSED] - setText(LOGN_EdtRdyUserID, "anggaaditya", 0): Text 'anggaaditya' has been set to element 'Object Repository/Mobile/Page/Login/Input Rdy - UserID'

2022-02-16 22:39:51 - [MESSAGE][WARNING] - Timeout '0' is invalid. Using default page load timeout: '60'

2022-02-16 22:39:52 - [MESSAGE][PASSED] - Text 'anggaaditya' has been set to element 'Object Repository/Mobile/Page/Login/Input Rdy - UserID'

2022-02-16 22:39:52 - [TEST_STEP][PASSED] - delay(1): Delayed 1 second(s)

2022-02-16 22:39:53 - [MESSAGE][PASSED] - Delayed 1 second(s)

2022-02-16 22:39:53 - [TEST_STEP][PASSED] - hideKeyboard(): Keyboard is hidden

2022-02-16 22:39:57 - [MESSAGE][PASSED] - Keyboard is hidden

2022-02-16 22:39:57 - [TEST_STEP][PASSED] - tap(LOGN_EdtPassword, 0): Tapped on element 'Object Repository/Mobile/Page/Login/Input - Password'

2022-02-16 22:39:57 - [MESSAGE][WARNING] - Timeout '0' is invalid. Using default page load timeout: '60'

2022-02-16 22:39:58 - [MESSAGE][PASSED] - Tapped on element 'Object Repository/Mobile/Page/Login/Input - Password'

2022-02-16 22:39:58 - [TEST_STEP][PASSED] - delay(1): Delayed 1 second(s)

2022-02-16 22:39:59 - [MESSAGE][PASSED] - Delayed 1 second(s)

2022-02-16 22:39:59 - [TEST_STEP][PASSED] - setText(LOGN_EdtRdyPassword, "Shalawa18", 0): Text 'Shalawa18' has been set to element 'Object Repository/Mobile/Page/Login/Input Rdy - Password'

2022-02-16 22:39:59 - [MESSAGE][WARNING] - Timeout '0' is invalid. Using default page load timeout: '60'

2022-02-16 22:40:00 - [MESSAGE][PASSED] - Text 'Shalawa18' has been set to element 'Object Repository/Mobile/Page/Login/Input Rdy - Password'

2022-02-16 22:40:00 - [TEST_STEP][PASSED] - delay(1): Delayed 1 second(s)

2022-02-16 22:40:01 - [MESSAGE][PASSED] - Delayed 1 second(s)

2022-02-16 22:40:01 - [TEST_STEP][PASSED] - hideKeyboard(): Keyboard is hidden

2022-02-16 22:40:08 - [MESSAGE][PASSED] - Keyboard is hidden

2022-02-16 22:40:08 - [TEST_STEP][PASSED] - tap(LOGN_BtnLogin, 0): Tapped on element 'Object Repository/Mobile/Page/Login/Button - Login'

2022-02-16 22:40:08 - [MESSAGE][WARNING] - Timeout '0' is invalid. Using default page load timeout: '60'

2022-02-16 22:40:09 - [MESSAGE][PASSED] - Tapped on element 'Object Repository/Mobile/Page/Login/Button - Login'

2022-02-16 22:40:09 - [TEST_STEP][PASSED] - delay(2): Delayed 2 second(s)

2022-02-16 22:40:11 - [MESSAGE][PASSED] - Delayed 2 second(s)

2022-02-16 22:40:11 - [TEST_STEP][PASSED] - break: null

2022-02-16 22:40:11 - [MESSAGE][PASSED] - Call Test Case 'Test Cases/Mobile/Page/Login/Login' successfully

2022-02-16 22:40:11 - [MESSAGE][PASSED] - Call Test Case 'Test Cases/Mobile/Page/CheckLogin' successfully

2022-02-16 22:40:11 - [TEST_STEP][PASSED] - tap(HOME_MenubarAnalysis, 0): Tapped on element 'Object Repository/Mobile/Page/Home/Menubar - Analysis'

2022-02-16 22:40:11 - [MESSAGE][WARNING] - Timeout '0' is invalid. Using default page load timeout: '60'

2022-02-16 22:40:12 - [MESSAGE][PASSED] - Tapped on element 'Object Repository/Mobile/Page/Home/Menubar - Analysis'

2022-02-16 22:40:12 - [TEST_STEP][PASSED] - delay(3): Delayed 3 second(s)

2022-02-16 22:40:15 - [MESSAGE][PASSED] - Delayed 3 second(s)

2022-02-16 22:40:15 - [TEST_STEP][PASSED] - for ([i = 0, i < 1, (i++)]): Delayed 2 second(s)

2022-02-16 22:40:15 - [TEST_STEP][PASSED] - if (action == "technicalsearch"): null

2022-02-16 22:40:15 - [TEST_STEP][PASSED] - else if (action == "technicaldetail"): Delayed 2 second(s)

2022-02-16 22:40:15 - [TEST_STEP][PASSED] - tapAndHold(ANAL_ItemTopResultTech, 1, 0): Tapped and held on element 'Object Repository/Mobile/Page/Analysis/Item - Top Technical' with duration 1

2022-02-16 22:40:15 - [MESSAGE][WARNING] - Timeout '0' is invalid. Using default page load timeout: '60'

2022-02-16 22:40:18 - [MESSAGE][PASSED] - Tapped and held on element 'Object Repository/Mobile/Page/Analysis/Item - Top Technical' with duration 1

2022-02-16 22:40:18 - [TEST_STEP][PASSED] - delay(5): Delayed 5 second(s)

2022-02-16 22:40:23 - [MESSAGE][PASSED] - Delayed 5 second(s)

2022-02-16 22:40:23 - [TEST_STEP][PASSED] - switch (action2): null

2022-02-16 22:40:23 - [TEST_STEP][PASSED] - case "week":: null

2022-02-16 22:40:23 - [TEST_STEP][PASSED] - tapAndHold(ANAL_DETL_BtnW, 1, 0): Tapped and held on element 'Object Repository/Mobile/Page/Analysis/Detail/Button - W' with duration 1

2022-02-16 22:40:23 - [MESSAGE][WARNING] - Timeout '0' is invalid. Using default page load timeout: '60'

2022-02-16 22:40:26 - [MESSAGE][PASSED] - Tapped and held on element 'Object Repository/Mobile/Page/Analysis/Detail/Button - W' with duration 1

2022-02-16 22:40:26 - [TEST_STEP][PASSED] - break: null

2022-02-16 22:40:26 - [TEST_STEP][PASSED] - delay(2): Delayed 2 second(s)

2022-02-16 22:40:28 - [MESSAGE][PASSED] - Delayed 2 second(s)

2022-02-16 22:40:28 - [MESSAGE][PASSED] - Call Test Case 'Test Cases/Mobile/Page/Analysis/Analysis' successfully

2022-02-16 22:40:28 - [TEST_STEP][PASSED] - callTestCase(findTestCase("Mobile/Page/Run App/Terminate App"), [:], STOP_ON_FAILURE): Call Test Case 'Test Cases/Mobile/Page/Run App/Terminate App' successfully

2022-02-16 22:40:28 - [TEST_CASE][PASSED] - Test Cases/Mobile/Page/Run App/Terminate App: Test Cases/Mobile/Page/Run App/Terminate App

2022-02-16 22:40:28 - [TEST_STEP][PASSED] - startApp.OpenApp.terminateApplication(): startApp.OpenApp.terminateApplication is PASSED

2022-02-16 22:40:31 - [MESSAGE][PASSED] - Delayed 3 second(s)

2022-02-16 22:40:31 - [MESSAGE][PASSED] - Current device physical width is 720

2022-02-16 22:40:32 - [MESSAGE][PASSED] - Current device physical height is 1423

2022-02-16 22:40:33 - [MESSAGE][PASSED] - Swiped from 360,853 to 360,142

2022-02-16 22:40:34 - [MESSAGE][PASSED] - Delayed 1 second(s)

2022-02-16 22:40:35 - [MESSAGE][PASSED] - Swiped from 360,853 to 360,142

2022-02-16 22:40:38 - [MESSAGE][PASSED] - Delayed 3 second(s)

2022-02-16 22:40:38 - [MESSAGE][PASSED] - startApp.OpenApp.terminateApplication is PASSED

2022-02-16 22:40:38 - [MESSAGE][PASSED] - Call Test Case 'Test Cases/Mobile/Page/Run App/Terminate App' successfully]]></system-out>
         <system-err><![CDATA[]]></system-err>
      </testcase>
      <testcase name="Test Cases/Mobile/Scenario/Analysis/004 - Melihat detail stock kategori month" time="65.992" classname="Test Cases/Mobile/Scenario/Analysis/004 - Melihat detail stock kategori month" status="PASSED">
         <system-out><![CDATA[2022-02-16 22:40:38 - [TEST_CASE][PASSED] - Test Cases/Mobile/Scenario/Analysis/004 - Melihat detail stock kategori month: Test Cases/Mobile/Scenario/Analysis/004 - Melihat detail stock kategori month

2022-02-16 22:40:39 - [TEST_STEP][PASSED] - callTestCase(findTestCase("Mobile/Page/Run App/Run App byID"), [:], STOP_ON_FAILURE): Call Test Case 'Test Cases/Mobile/Page/Run App/Run App byID' successfully

2022-02-16 22:40:39 - [TEST_CASE][PASSED] - Test Cases/Mobile/Page/Run App/Run App byID: Test Cases/Mobile/Page/Run App/Run App byID

2022-02-16 22:40:39 - [TEST_STEP][PASSED] - startApp.OpenApp.startApplication("id.co.miraeasset.sageclub"): startApp.OpenApp.startApplication is PASSED

2022-02-16 22:40:52 - [MESSAGE][PASSED] - Starting app with application ID: 'id.co.miraeasset.sageclub'

2022-02-16 22:40:52 - [MESSAGE][PASSED] - startApp.OpenApp.startApplication is PASSED

2022-02-16 22:40:52 - [MESSAGE][PASSED] - Call Test Case 'Test Cases/Mobile/Page/Run App/Run App byID' successfully

2022-02-16 22:40:52 - [TEST_STEP][PASSED] - callTestCase(findTestCase("Mobile/Page/Analysis/Analysis"), ["action":"technicaldetail", "action2":"month"], CONTINUE_ON_FAILURE): Call Test Case 'Test Cases/Mobile/Page/Analysis/Analysis' successfully

2022-02-16 22:40:52 - [TEST_CASE][PASSED] - Test Cases/Mobile/Page/Analysis/Analysis: Test Cases/Mobile/Page/Analysis/Analysis

2022-02-16 22:40:52 - [TEST_STEP][PASSED] - callTestCase(findTestCase("Mobile/Page/CheckLogin"), [:], CONTINUE_ON_FAILURE): Call Test Case 'Test Cases/Mobile/Page/CheckLogin' successfully

2022-02-16 22:40:52 - [TEST_CASE][PASSED] - Test Cases/Mobile/Page/CheckLogin: Test Cases/Mobile/Page/CheckLogin

2022-02-16 22:40:52 - [TEST_STEP][PASSED] - loginCheck = verifyElementExist(LOGN_BtnLogin, 5, CONTINUE_ON_FAILURE): Element 'Object Repository/Mobile/Page/Login/Button - Login' is exist

2022-02-16 22:40:54 - [MESSAGE][PASSED] - Element 'Object Repository/Mobile/Page/Login/Button - Login' is exist

2022-02-16 22:40:54 - [TEST_STEP][PASSED] - if (loginCheck): Call Test Case 'Test Cases/Mobile/Page/Login/Login' successfully

2022-02-16 22:40:54 - [TEST_STEP][PASSED] - callTestCase(findTestCase("Mobile/Page/Login/Login"), ["action":"username"], CONTINUE_ON_FAILURE): Call Test Case 'Test Cases/Mobile/Page/Login/Login' successfully

2022-02-16 22:40:54 - [TEST_CASE][PASSED] - Test Cases/Mobile/Page/Login/Login: Test Cases/Mobile/Page/Login/Login

2022-02-16 22:40:54 - [TEST_STEP][PASSED] - delay(2): Delayed 2 second(s)

2022-02-16 22:40:56 - [MESSAGE][PASSED] - Delayed 2 second(s)

2022-02-16 22:40:56 - [TEST_STEP][PASSED] - for ([i = 0, i < 1, (i++)]): null

2022-02-16 22:40:56 - [TEST_STEP][PASSED] - if (action == "username"): null

2022-02-16 22:40:56 - [TEST_STEP][PASSED] - tap(LOGN_EdtUserID, 0): Tapped on element 'Object Repository/Mobile/Page/Login/Input - UserID'

2022-02-16 22:40:56 - [MESSAGE][WARNING] - Timeout '0' is invalid. Using default page load timeout: '60'

2022-02-16 22:40:56 - [MESSAGE][PASSED] - Tapped on element 'Object Repository/Mobile/Page/Login/Input - UserID'

2022-02-16 22:40:56 - [TEST_STEP][PASSED] - delay(1): Delayed 1 second(s)

2022-02-16 22:40:57 - [MESSAGE][PASSED] - Delayed 1 second(s)

2022-02-16 22:40:57 - [TEST_STEP][PASSED] - setText(LOGN_EdtRdyUserID, "anggaaditya", 0): Text 'anggaaditya' has been set to element 'Object Repository/Mobile/Page/Login/Input Rdy - UserID'

2022-02-16 22:40:57 - [MESSAGE][WARNING] - Timeout '0' is invalid. Using default page load timeout: '60'

2022-02-16 22:40:58 - [MESSAGE][PASSED] - Text 'anggaaditya' has been set to element 'Object Repository/Mobile/Page/Login/Input Rdy - UserID'

2022-02-16 22:40:58 - [TEST_STEP][PASSED] - delay(1): Delayed 1 second(s)

2022-02-16 22:40:59 - [MESSAGE][PASSED] - Delayed 1 second(s)

2022-02-16 22:40:59 - [TEST_STEP][PASSED] - hideKeyboard(): Keyboard is hidden

2022-02-16 22:41:04 - [MESSAGE][PASSED] - Keyboard is hidden

2022-02-16 22:41:04 - [TEST_STEP][PASSED] - tap(LOGN_EdtPassword, 0): Tapped on element 'Object Repository/Mobile/Page/Login/Input - Password'

2022-02-16 22:41:04 - [MESSAGE][WARNING] - Timeout '0' is invalid. Using default page load timeout: '60'

2022-02-16 22:41:04 - [MESSAGE][PASSED] - Tapped on element 'Object Repository/Mobile/Page/Login/Input - Password'

2022-02-16 22:41:04 - [TEST_STEP][PASSED] - delay(1): Delayed 1 second(s)

2022-02-16 22:41:05 - [MESSAGE][PASSED] - Delayed 1 second(s)

2022-02-16 22:41:05 - [TEST_STEP][PASSED] - setText(LOGN_EdtRdyPassword, "Shalawa18", 0): Text 'Shalawa18' has been set to element 'Object Repository/Mobile/Page/Login/Input Rdy - Password'

2022-02-16 22:41:05 - [MESSAGE][WARNING] - Timeout '0' is invalid. Using default page load timeout: '60'

2022-02-16 22:41:06 - [MESSAGE][PASSED] - Text 'Shalawa18' has been set to element 'Object Repository/Mobile/Page/Login/Input Rdy - Password'

2022-02-16 22:41:06 - [TEST_STEP][PASSED] - delay(1): Delayed 1 second(s)

2022-02-16 22:41:07 - [MESSAGE][PASSED] - Delayed 1 second(s)

2022-02-16 22:41:07 - [TEST_STEP][PASSED] - hideKeyboard(): Keyboard is hidden

2022-02-16 22:41:14 - [MESSAGE][PASSED] - Keyboard is hidden

2022-02-16 22:41:14 - [TEST_STEP][PASSED] - tap(LOGN_BtnLogin, 0): Tapped on element 'Object Repository/Mobile/Page/Login/Button - Login'

2022-02-16 22:41:14 - [MESSAGE][WARNING] - Timeout '0' is invalid. Using default page load timeout: '60'

2022-02-16 22:41:15 - [MESSAGE][PASSED] - Tapped on element 'Object Repository/Mobile/Page/Login/Button - Login'

2022-02-16 22:41:15 - [TEST_STEP][PASSED] - delay(2): Delayed 2 second(s)

2022-02-16 22:41:17 - [MESSAGE][PASSED] - Delayed 2 second(s)

2022-02-16 22:41:17 - [TEST_STEP][PASSED] - break: null

2022-02-16 22:41:17 - [MESSAGE][PASSED] - Call Test Case 'Test Cases/Mobile/Page/Login/Login' successfully

2022-02-16 22:41:17 - [MESSAGE][PASSED] - Call Test Case 'Test Cases/Mobile/Page/CheckLogin' successfully

2022-02-16 22:41:17 - [TEST_STEP][PASSED] - tap(HOME_MenubarAnalysis, 0): Tapped on element 'Object Repository/Mobile/Page/Home/Menubar - Analysis'

2022-02-16 22:41:17 - [MESSAGE][WARNING] - Timeout '0' is invalid. Using default page load timeout: '60'

2022-02-16 22:41:18 - [MESSAGE][PASSED] - Tapped on element 'Object Repository/Mobile/Page/Home/Menubar - Analysis'

2022-02-16 22:41:18 - [TEST_STEP][PASSED] - delay(3): Delayed 3 second(s)

2022-02-16 22:41:21 - [MESSAGE][PASSED] - Delayed 3 second(s)

2022-02-16 22:41:21 - [TEST_STEP][PASSED] - for ([i = 0, i < 1, (i++)]): Delayed 2 second(s)

2022-02-16 22:41:21 - [TEST_STEP][PASSED] - if (action == "technicalsearch"): null

2022-02-16 22:41:21 - [TEST_STEP][PASSED] - else if (action == "technicaldetail"): Delayed 2 second(s)

2022-02-16 22:41:21 - [TEST_STEP][PASSED] - tapAndHold(ANAL_ItemTopResultTech, 1, 0): Tapped and held on element 'Object Repository/Mobile/Page/Analysis/Item - Top Technical' with duration 1

2022-02-16 22:41:21 - [MESSAGE][WARNING] - Timeout '0' is invalid. Using default page load timeout: '60'

2022-02-16 22:41:24 - [MESSAGE][PASSED] - Tapped and held on element 'Object Repository/Mobile/Page/Analysis/Item - Top Technical' with duration 1

2022-02-16 22:41:24 - [TEST_STEP][PASSED] - delay(5): Delayed 5 second(s)

2022-02-16 22:41:29 - [MESSAGE][PASSED] - Delayed 5 second(s)

2022-02-16 22:41:29 - [TEST_STEP][PASSED] - switch (action2): null

2022-02-16 22:41:29 - [TEST_STEP][PASSED] - case "month":: null

2022-02-16 22:41:29 - [TEST_STEP][PASSED] - tapAndHold(ANAL_DETL_BtnM, 1, 0): Tapped and held on element 'Object Repository/Mobile/Page/Analysis/Detail/Button - M' with duration 1

2022-02-16 22:41:29 - [MESSAGE][WARNING] - Timeout '0' is invalid. Using default page load timeout: '60'

2022-02-16 22:41:32 - [MESSAGE][PASSED] - Tapped and held on element 'Object Repository/Mobile/Page/Analysis/Detail/Button - M' with duration 1

2022-02-16 22:41:32 - [TEST_STEP][PASSED] - break: null

2022-02-16 22:41:32 - [TEST_STEP][PASSED] - delay(2): Delayed 2 second(s)

2022-02-16 22:41:34 - [MESSAGE][PASSED] - Delayed 2 second(s)

2022-02-16 22:41:34 - [MESSAGE][PASSED] - Call Test Case 'Test Cases/Mobile/Page/Analysis/Analysis' successfully

2022-02-16 22:41:34 - [TEST_STEP][PASSED] - callTestCase(findTestCase("Mobile/Page/Run App/Terminate App"), [:], STOP_ON_FAILURE): Call Test Case 'Test Cases/Mobile/Page/Run App/Terminate App' successfully

2022-02-16 22:41:34 - [TEST_CASE][PASSED] - Test Cases/Mobile/Page/Run App/Terminate App: Test Cases/Mobile/Page/Run App/Terminate App

2022-02-16 22:41:34 - [TEST_STEP][PASSED] - startApp.OpenApp.terminateApplication(): startApp.OpenApp.terminateApplication is PASSED

2022-02-16 22:41:37 - [MESSAGE][PASSED] - Delayed 3 second(s)

2022-02-16 22:41:37 - [MESSAGE][PASSED] - Current device physical width is 720

2022-02-16 22:41:38 - [MESSAGE][PASSED] - Current device physical height is 1423

2022-02-16 22:41:39 - [MESSAGE][PASSED] - Swiped from 360,853 to 360,142

2022-02-16 22:41:40 - [MESSAGE][PASSED] - Delayed 1 second(s)

2022-02-16 22:41:41 - [MESSAGE][PASSED] - Swiped from 360,853 to 360,142

2022-02-16 22:41:44 - [MESSAGE][PASSED] - Delayed 3 second(s)

2022-02-16 22:41:44 - [MESSAGE][PASSED] - startApp.OpenApp.terminateApplication is PASSED

2022-02-16 22:41:44 - [MESSAGE][PASSED] - Call Test Case 'Test Cases/Mobile/Page/Run App/Terminate App' successfully]]></system-out>
         <system-err><![CDATA[]]></system-err>
      </testcase>
      <testcase name="Test Cases/Mobile/Scenario/Analysis/005 - Melihat detail stock kategori year" time="65.219" classname="Test Cases/Mobile/Scenario/Analysis/005 - Melihat detail stock kategori year" status="PASSED">
         <system-out><![CDATA[2022-02-16 22:41:44 - [TEST_CASE][PASSED] - Test Cases/Mobile/Scenario/Analysis/005 - Melihat detail stock kategori year: Test Cases/Mobile/Scenario/Analysis/005 - Melihat detail stock kategori year

2022-02-16 22:41:45 - [TEST_STEP][PASSED] - callTestCase(findTestCase("Mobile/Page/Run App/Run App byID"), [:], STOP_ON_FAILURE): Call Test Case 'Test Cases/Mobile/Page/Run App/Run App byID' successfully

2022-02-16 22:41:45 - [TEST_CASE][PASSED] - Test Cases/Mobile/Page/Run App/Run App byID: Test Cases/Mobile/Page/Run App/Run App byID

2022-02-16 22:41:45 - [TEST_STEP][PASSED] - startApp.OpenApp.startApplication("id.co.miraeasset.sageclub"): startApp.OpenApp.startApplication is PASSED

2022-02-16 22:41:57 - [MESSAGE][PASSED] - Starting app with application ID: 'id.co.miraeasset.sageclub'

2022-02-16 22:41:57 - [MESSAGE][PASSED] - startApp.OpenApp.startApplication is PASSED

2022-02-16 22:41:57 - [MESSAGE][PASSED] - Call Test Case 'Test Cases/Mobile/Page/Run App/Run App byID' successfully

2022-02-16 22:41:57 - [TEST_STEP][PASSED] - callTestCase(findTestCase("Mobile/Page/Analysis/Analysis"), ["action":"technicaldetail", "action2":"year"], CONTINUE_ON_FAILURE): Call Test Case 'Test Cases/Mobile/Page/Analysis/Analysis' successfully

2022-02-16 22:41:57 - [TEST_CASE][PASSED] - Test Cases/Mobile/Page/Analysis/Analysis: Test Cases/Mobile/Page/Analysis/Analysis

2022-02-16 22:41:57 - [TEST_STEP][PASSED] - callTestCase(findTestCase("Mobile/Page/CheckLogin"), [:], CONTINUE_ON_FAILURE): Call Test Case 'Test Cases/Mobile/Page/CheckLogin' successfully

2022-02-16 22:41:58 - [TEST_CASE][PASSED] - Test Cases/Mobile/Page/CheckLogin: Test Cases/Mobile/Page/CheckLogin

2022-02-16 22:41:58 - [TEST_STEP][PASSED] - loginCheck = verifyElementExist(LOGN_BtnLogin, 5, CONTINUE_ON_FAILURE): Element 'Object Repository/Mobile/Page/Login/Button - Login' is exist

2022-02-16 22:41:59 - [MESSAGE][PASSED] - Element 'Object Repository/Mobile/Page/Login/Button - Login' is exist

2022-02-16 22:41:59 - [TEST_STEP][PASSED] - if (loginCheck): Call Test Case 'Test Cases/Mobile/Page/Login/Login' successfully

2022-02-16 22:41:59 - [TEST_STEP][PASSED] - callTestCase(findTestCase("Mobile/Page/Login/Login"), ["action":"username"], CONTINUE_ON_FAILURE): Call Test Case 'Test Cases/Mobile/Page/Login/Login' successfully

2022-02-16 22:41:59 - [TEST_CASE][PASSED] - Test Cases/Mobile/Page/Login/Login: Test Cases/Mobile/Page/Login/Login

2022-02-16 22:41:59 - [TEST_STEP][PASSED] - delay(2): Delayed 2 second(s)

2022-02-16 22:42:01 - [MESSAGE][PASSED] - Delayed 2 second(s)

2022-02-16 22:42:01 - [TEST_STEP][PASSED] - for ([i = 0, i < 1, (i++)]): null

2022-02-16 22:42:01 - [TEST_STEP][PASSED] - if (action == "username"): null

2022-02-16 22:42:01 - [TEST_STEP][PASSED] - tap(LOGN_EdtUserID, 0): Tapped on element 'Object Repository/Mobile/Page/Login/Input - UserID'

2022-02-16 22:42:01 - [MESSAGE][WARNING] - Timeout '0' is invalid. Using default page load timeout: '60'

2022-02-16 22:42:02 - [MESSAGE][PASSED] - Tapped on element 'Object Repository/Mobile/Page/Login/Input - UserID'

2022-02-16 22:42:02 - [TEST_STEP][PASSED] - delay(1): Delayed 1 second(s)

2022-02-16 22:42:03 - [MESSAGE][PASSED] - Delayed 1 second(s)

2022-02-16 22:42:03 - [TEST_STEP][PASSED] - setText(LOGN_EdtRdyUserID, "anggaaditya", 0): Text 'anggaaditya' has been set to element 'Object Repository/Mobile/Page/Login/Input Rdy - UserID'

2022-02-16 22:42:03 - [MESSAGE][WARNING] - Timeout '0' is invalid. Using default page load timeout: '60'

2022-02-16 22:42:04 - [MESSAGE][PASSED] - Text 'anggaaditya' has been set to element 'Object Repository/Mobile/Page/Login/Input Rdy - UserID'

2022-02-16 22:42:04 - [TEST_STEP][PASSED] - delay(1): Delayed 1 second(s)

2022-02-16 22:42:05 - [MESSAGE][PASSED] - Delayed 1 second(s)

2022-02-16 22:42:05 - [TEST_STEP][PASSED] - hideKeyboard(): Keyboard is hidden

2022-02-16 22:42:08 - [MESSAGE][PASSED] - Keyboard is hidden

2022-02-16 22:42:08 - [TEST_STEP][PASSED] - tap(LOGN_EdtPassword, 0): Tapped on element 'Object Repository/Mobile/Page/Login/Input - Password'

2022-02-16 22:42:08 - [MESSAGE][WARNING] - Timeout '0' is invalid. Using default page load timeout: '60'

2022-02-16 22:42:09 - [MESSAGE][PASSED] - Tapped on element 'Object Repository/Mobile/Page/Login/Input - Password'

2022-02-16 22:42:09 - [TEST_STEP][PASSED] - delay(1): Delayed 1 second(s)

2022-02-16 22:42:10 - [MESSAGE][PASSED] - Delayed 1 second(s)

2022-02-16 22:42:10 - [TEST_STEP][PASSED] - setText(LOGN_EdtRdyPassword, "Shalawa18", 0): Text 'Shalawa18' has been set to element 'Object Repository/Mobile/Page/Login/Input Rdy - Password'

2022-02-16 22:42:10 - [MESSAGE][WARNING] - Timeout '0' is invalid. Using default page load timeout: '60'

2022-02-16 22:42:10 - [MESSAGE][PASSED] - Text 'Shalawa18' has been set to element 'Object Repository/Mobile/Page/Login/Input Rdy - Password'

2022-02-16 22:42:10 - [TEST_STEP][PASSED] - delay(1): Delayed 1 second(s)

2022-02-16 22:42:11 - [MESSAGE][PASSED] - Delayed 1 second(s)

2022-02-16 22:42:11 - [TEST_STEP][PASSED] - hideKeyboard(): Keyboard is hidden

2022-02-16 22:42:18 - [MESSAGE][PASSED] - Keyboard is hidden

2022-02-16 22:42:18 - [TEST_STEP][PASSED] - tap(LOGN_BtnLogin, 0): Tapped on element 'Object Repository/Mobile/Page/Login/Button - Login'

2022-02-16 22:42:18 - [MESSAGE][WARNING] - Timeout '0' is invalid. Using default page load timeout: '60'

2022-02-16 22:42:19 - [MESSAGE][PASSED] - Tapped on element 'Object Repository/Mobile/Page/Login/Button - Login'

2022-02-16 22:42:19 - [TEST_STEP][PASSED] - delay(2): Delayed 2 second(s)

2022-02-16 22:42:21 - [MESSAGE][PASSED] - Delayed 2 second(s)

2022-02-16 22:42:21 - [TEST_STEP][PASSED] - break: null

2022-02-16 22:42:21 - [MESSAGE][PASSED] - Call Test Case 'Test Cases/Mobile/Page/Login/Login' successfully

2022-02-16 22:42:21 - [MESSAGE][PASSED] - Call Test Case 'Test Cases/Mobile/Page/CheckLogin' successfully

2022-02-16 22:42:21 - [TEST_STEP][PASSED] - tap(HOME_MenubarAnalysis, 0): Tapped on element 'Object Repository/Mobile/Page/Home/Menubar - Analysis'

2022-02-16 22:42:21 - [MESSAGE][WARNING] - Timeout '0' is invalid. Using default page load timeout: '60'

2022-02-16 22:42:24 - [MESSAGE][PASSED] - Tapped on element 'Object Repository/Mobile/Page/Home/Menubar - Analysis'

2022-02-16 22:42:24 - [TEST_STEP][PASSED] - delay(3): Delayed 3 second(s)

2022-02-16 22:42:27 - [MESSAGE][PASSED] - Delayed 3 second(s)

2022-02-16 22:42:27 - [TEST_STEP][PASSED] - for ([i = 0, i < 1, (i++)]): Delayed 2 second(s)

2022-02-16 22:42:27 - [TEST_STEP][PASSED] - if (action == "technicalsearch"): null

2022-02-16 22:42:27 - [TEST_STEP][PASSED] - else if (action == "technicaldetail"): Delayed 2 second(s)

2022-02-16 22:42:27 - [TEST_STEP][PASSED] - tapAndHold(ANAL_ItemTopResultTech, 1, 0): Tapped and held on element 'Object Repository/Mobile/Page/Analysis/Item - Top Technical' with duration 1

2022-02-16 22:42:27 - [MESSAGE][WARNING] - Timeout '0' is invalid. Using default page load timeout: '60'

2022-02-16 22:42:29 - [MESSAGE][PASSED] - Tapped and held on element 'Object Repository/Mobile/Page/Analysis/Item - Top Technical' with duration 1

2022-02-16 22:42:29 - [TEST_STEP][PASSED] - delay(5): Delayed 5 second(s)

2022-02-16 22:42:34 - [MESSAGE][PASSED] - Delayed 5 second(s)

2022-02-16 22:42:34 - [TEST_STEP][PASSED] - switch (action2): null

2022-02-16 22:42:34 - [TEST_STEP][PASSED] - case "year":: null

2022-02-16 22:42:34 - [TEST_STEP][PASSED] - tapAndHold(ANAL_DETL_BtnY, 1, 0): Tapped and held on element 'Object Repository/Mobile/Page/Analysis/Detail/Button - Y' with duration 1

2022-02-16 22:42:34 - [MESSAGE][WARNING] - Timeout '0' is invalid. Using default page load timeout: '60'

2022-02-16 22:42:37 - [MESSAGE][PASSED] - Tapped and held on element 'Object Repository/Mobile/Page/Analysis/Detail/Button - Y' with duration 1

2022-02-16 22:42:37 - [TEST_STEP][PASSED] - break: null

2022-02-16 22:42:37 - [TEST_STEP][PASSED] - delay(2): Delayed 2 second(s)

2022-02-16 22:42:39 - [MESSAGE][PASSED] - Delayed 2 second(s)

2022-02-16 22:42:39 - [MESSAGE][PASSED] - Call Test Case 'Test Cases/Mobile/Page/Analysis/Analysis' successfully

2022-02-16 22:42:39 - [TEST_STEP][PASSED] - callTestCase(findTestCase("Mobile/Page/Run App/Terminate App"), [:], STOP_ON_FAILURE): Call Test Case 'Test Cases/Mobile/Page/Run App/Terminate App' successfully

2022-02-16 22:42:39 - [TEST_CASE][PASSED] - Test Cases/Mobile/Page/Run App/Terminate App: Test Cases/Mobile/Page/Run App/Terminate App

2022-02-16 22:42:39 - [TEST_STEP][PASSED] - startApp.OpenApp.terminateApplication(): startApp.OpenApp.terminateApplication is PASSED

2022-02-16 22:42:42 - [MESSAGE][PASSED] - Delayed 3 second(s)

2022-02-16 22:42:43 - [MESSAGE][PASSED] - Current device physical width is 720

2022-02-16 22:42:43 - [MESSAGE][PASSED] - Current device physical height is 1423

2022-02-16 22:42:44 - [MESSAGE][PASSED] - Swiped from 360,853 to 360,142

2022-02-16 22:42:45 - [MESSAGE][PASSED] - Delayed 1 second(s)

2022-02-16 22:42:46 - [MESSAGE][PASSED] - Swiped from 360,853 to 360,142

2022-02-16 22:42:50 - [MESSAGE][PASSED] - Delayed 3 second(s)

2022-02-16 22:42:50 - [MESSAGE][PASSED] - startApp.OpenApp.terminateApplication is PASSED

2022-02-16 22:42:50 - [MESSAGE][PASSED] - Call Test Case 'Test Cases/Mobile/Page/Run App/Terminate App' successfully]]></system-out>
         <system-err><![CDATA[]]></system-err>
      </testcase>
      <testcase name="Test Cases/Mobile/Scenario/Analysis/006 - Melihat Research Report" time="59.988" classname="Test Cases/Mobile/Scenario/Analysis/006 - Melihat Research Report" status="PASSED">
         <system-out><![CDATA[2022-02-16 22:42:50 - [TEST_CASE][PASSED] - Test Cases/Mobile/Scenario/Analysis/006 - Melihat Research Report: Test Cases/Mobile/Scenario/Analysis/006 - Melihat Research Report

2022-02-16 22:42:50 - [TEST_STEP][PASSED] - callTestCase(findTestCase("Mobile/Page/Run App/Run App byID"), [:], STOP_ON_FAILURE): Call Test Case 'Test Cases/Mobile/Page/Run App/Run App byID' successfully

2022-02-16 22:42:50 - [TEST_CASE][PASSED] - Test Cases/Mobile/Page/Run App/Run App byID: Test Cases/Mobile/Page/Run App/Run App byID

2022-02-16 22:42:50 - [TEST_STEP][PASSED] - startApp.OpenApp.startApplication("id.co.miraeasset.sageclub"): startApp.OpenApp.startApplication is PASSED

2022-02-16 22:43:03 - [MESSAGE][PASSED] - Starting app with application ID: 'id.co.miraeasset.sageclub'

2022-02-16 22:43:03 - [MESSAGE][PASSED] - startApp.OpenApp.startApplication is PASSED

2022-02-16 22:43:03 - [MESSAGE][PASSED] - Call Test Case 'Test Cases/Mobile/Page/Run App/Run App byID' successfully

2022-02-16 22:43:03 - [TEST_STEP][PASSED] - callTestCase(findTestCase("Mobile/Page/Analysis/Analysis"), ["action":"researchdetail"], CONTINUE_ON_FAILURE): Call Test Case 'Test Cases/Mobile/Page/Analysis/Analysis' successfully

2022-02-16 22:43:03 - [TEST_CASE][PASSED] - Test Cases/Mobile/Page/Analysis/Analysis: Test Cases/Mobile/Page/Analysis/Analysis

2022-02-16 22:43:03 - [TEST_STEP][PASSED] - callTestCase(findTestCase("Mobile/Page/CheckLogin"), [:], CONTINUE_ON_FAILURE): Call Test Case 'Test Cases/Mobile/Page/CheckLogin' successfully

2022-02-16 22:43:03 - [TEST_CASE][PASSED] - Test Cases/Mobile/Page/CheckLogin: Test Cases/Mobile/Page/CheckLogin

2022-02-16 22:43:03 - [TEST_STEP][PASSED] - loginCheck = verifyElementExist(LOGN_BtnLogin, 5, CONTINUE_ON_FAILURE): Element 'Object Repository/Mobile/Page/Login/Button - Login' is exist

2022-02-16 22:43:05 - [MESSAGE][PASSED] - Element 'Object Repository/Mobile/Page/Login/Button - Login' is exist

2022-02-16 22:43:05 - [TEST_STEP][PASSED] - if (loginCheck): Call Test Case 'Test Cases/Mobile/Page/Login/Login' successfully

2022-02-16 22:43:05 - [TEST_STEP][PASSED] - callTestCase(findTestCase("Mobile/Page/Login/Login"), ["action":"username"], CONTINUE_ON_FAILURE): Call Test Case 'Test Cases/Mobile/Page/Login/Login' successfully

2022-02-16 22:43:05 - [TEST_CASE][PASSED] - Test Cases/Mobile/Page/Login/Login: Test Cases/Mobile/Page/Login/Login

2022-02-16 22:43:05 - [TEST_STEP][PASSED] - delay(2): Delayed 2 second(s)

2022-02-16 22:43:07 - [MESSAGE][PASSED] - Delayed 2 second(s)

2022-02-16 22:43:07 - [TEST_STEP][PASSED] - for ([i = 0, i < 1, (i++)]): null

2022-02-16 22:43:07 - [TEST_STEP][PASSED] - if (action == "username"): null

2022-02-16 22:43:07 - [TEST_STEP][PASSED] - tap(LOGN_EdtUserID, 0): Tapped on element 'Object Repository/Mobile/Page/Login/Input - UserID'

2022-02-16 22:43:07 - [MESSAGE][WARNING] - Timeout '0' is invalid. Using default page load timeout: '60'

2022-02-16 22:43:07 - [MESSAGE][PASSED] - Tapped on element 'Object Repository/Mobile/Page/Login/Input - UserID'

2022-02-16 22:43:07 - [TEST_STEP][PASSED] - delay(1): Delayed 1 second(s)

2022-02-16 22:43:08 - [MESSAGE][PASSED] - Delayed 1 second(s)

2022-02-16 22:43:08 - [TEST_STEP][PASSED] - setText(LOGN_EdtRdyUserID, "anggaaditya", 0): Text 'anggaaditya' has been set to element 'Object Repository/Mobile/Page/Login/Input Rdy - UserID'

2022-02-16 22:43:08 - [MESSAGE][WARNING] - Timeout '0' is invalid. Using default page load timeout: '60'

2022-02-16 22:43:09 - [MESSAGE][PASSED] - Text 'anggaaditya' has been set to element 'Object Repository/Mobile/Page/Login/Input Rdy - UserID'

2022-02-16 22:43:09 - [TEST_STEP][PASSED] - delay(1): Delayed 1 second(s)

2022-02-16 22:43:10 - [MESSAGE][PASSED] - Delayed 1 second(s)

2022-02-16 22:43:10 - [TEST_STEP][PASSED] - hideKeyboard(): Keyboard is hidden

2022-02-16 22:43:14 - [MESSAGE][PASSED] - Keyboard is hidden

2022-02-16 22:43:14 - [TEST_STEP][PASSED] - tap(LOGN_EdtPassword, 0): Tapped on element 'Object Repository/Mobile/Page/Login/Input - Password'

2022-02-16 22:43:14 - [MESSAGE][WARNING] - Timeout '0' is invalid. Using default page load timeout: '60'

2022-02-16 22:43:14 - [MESSAGE][PASSED] - Tapped on element 'Object Repository/Mobile/Page/Login/Input - Password'

2022-02-16 22:43:14 - [TEST_STEP][PASSED] - delay(1): Delayed 1 second(s)

2022-02-16 22:43:15 - [MESSAGE][PASSED] - Delayed 1 second(s)

2022-02-16 22:43:15 - [TEST_STEP][PASSED] - setText(LOGN_EdtRdyPassword, "Shalawa18", 0): Text 'Shalawa18' has been set to element 'Object Repository/Mobile/Page/Login/Input Rdy - Password'

2022-02-16 22:43:15 - [MESSAGE][WARNING] - Timeout '0' is invalid. Using default page load timeout: '60'

2022-02-16 22:43:16 - [MESSAGE][PASSED] - Text 'Shalawa18' has been set to element 'Object Repository/Mobile/Page/Login/Input Rdy - Password'

2022-02-16 22:43:16 - [TEST_STEP][PASSED] - delay(1): Delayed 1 second(s)

2022-02-16 22:43:17 - [MESSAGE][PASSED] - Delayed 1 second(s)

2022-02-16 22:43:17 - [TEST_STEP][PASSED] - hideKeyboard(): Keyboard is hidden

2022-02-16 22:43:23 - [MESSAGE][PASSED] - Keyboard is hidden

2022-02-16 22:43:23 - [TEST_STEP][PASSED] - tap(LOGN_BtnLogin, 0): Tapped on element 'Object Repository/Mobile/Page/Login/Button - Login'

2022-02-16 22:43:23 - [MESSAGE][WARNING] - Timeout '0' is invalid. Using default page load timeout: '60'

2022-02-16 22:43:24 - [MESSAGE][PASSED] - Tapped on element 'Object Repository/Mobile/Page/Login/Button - Login'

2022-02-16 22:43:24 - [TEST_STEP][PASSED] - delay(2): Delayed 2 second(s)

2022-02-16 22:43:26 - [MESSAGE][PASSED] - Delayed 2 second(s)

2022-02-16 22:43:26 - [TEST_STEP][PASSED] - break: null

2022-02-16 22:43:26 - [MESSAGE][PASSED] - Call Test Case 'Test Cases/Mobile/Page/Login/Login' successfully

2022-02-16 22:43:26 - [MESSAGE][PASSED] - Call Test Case 'Test Cases/Mobile/Page/CheckLogin' successfully

2022-02-16 22:43:26 - [TEST_STEP][PASSED] - tap(HOME_MenubarAnalysis, 0): Tapped on element 'Object Repository/Mobile/Page/Home/Menubar - Analysis'

2022-02-16 22:43:26 - [MESSAGE][WARNING] - Timeout '0' is invalid. Using default page load timeout: '60'

2022-02-16 22:43:28 - [MESSAGE][PASSED] - Tapped on element 'Object Repository/Mobile/Page/Home/Menubar - Analysis'

2022-02-16 22:43:28 - [TEST_STEP][PASSED] - delay(3): Delayed 3 second(s)

2022-02-16 22:43:31 - [MESSAGE][PASSED] - Delayed 3 second(s)

2022-02-16 22:43:31 - [TEST_STEP][PASSED] - for ([i = 0, i < 1, (i++)]): Press back button successfully

2022-02-16 22:43:31 - [TEST_STEP][PASSED] - if (action == "technicalsearch"): null

2022-02-16 22:43:31 - [TEST_STEP][PASSED] - else if (action == "technicaldetail"): null

2022-02-16 22:43:31 - [TEST_STEP][PASSED] - else if (action == "researchdetail"): Press back button successfully

2022-02-16 22:43:31 - [TEST_STEP][PASSED] - tap(ANAL_TabResearchReport, 0): Tapped on element 'Object Repository/Mobile/Page/Analysis/Tab - Research Report'

2022-02-16 22:43:31 - [MESSAGE][WARNING] - Timeout '0' is invalid. Using default page load timeout: '60'

2022-02-16 22:43:32 - [MESSAGE][PASSED] - Tapped on element 'Object Repository/Mobile/Page/Analysis/Tab - Research Report'

2022-02-16 22:43:32 - [TEST_STEP][PASSED] - delay(1): Delayed 1 second(s)

2022-02-16 22:43:33 - [MESSAGE][PASSED] - Delayed 1 second(s)

2022-02-16 22:43:33 - [TEST_STEP][PASSED] - tapAndHold(ANAL_ItemTopSearch, 1, 0): Tapped and held on element 'Object Repository/Mobile/Page/Analysis/Item - Top Search' with duration 1

2022-02-16 22:43:33 - [MESSAGE][WARNING] - Timeout '0' is invalid. Using default page load timeout: '60'

2022-02-16 22:43:36 - [MESSAGE][PASSED] - Tapped and held on element 'Object Repository/Mobile/Page/Analysis/Item - Top Search' with duration 1

2022-02-16 22:43:36 - [TEST_STEP][PASSED] - delay(3): Delayed 3 second(s)

2022-02-16 22:43:39 - [MESSAGE][PASSED] - Delayed 3 second(s)

2022-02-16 22:43:39 - [TEST_STEP][PASSED] - pressBack(): Press back button successfully

2022-02-16 22:43:39 - [MESSAGE][PASSED] - Press back button successfully

2022-02-16 22:43:39 - [MESSAGE][PASSED] - Call Test Case 'Test Cases/Mobile/Page/Analysis/Analysis' successfully

2022-02-16 22:43:39 - [TEST_STEP][PASSED] - callTestCase(findTestCase("Mobile/Page/Run App/Terminate App"), [:], STOP_ON_FAILURE): Call Test Case 'Test Cases/Mobile/Page/Run App/Terminate App' successfully

2022-02-16 22:43:39 - [TEST_CASE][PASSED] - Test Cases/Mobile/Page/Run App/Terminate App: Test Cases/Mobile/Page/Run App/Terminate App

2022-02-16 22:43:39 - [TEST_STEP][PASSED] - startApp.OpenApp.terminateApplication(): startApp.OpenApp.terminateApplication is PASSED

2022-02-16 22:43:42 - [MESSAGE][PASSED] - Delayed 3 second(s)

2022-02-16 22:43:43 - [MESSAGE][PASSED] - Current device physical width is 720

2022-02-16 22:43:43 - [MESSAGE][PASSED] - Current device physical height is 1423

2022-02-16 22:43:44 - [MESSAGE][PASSED] - Swiped from 360,853 to 360,142

2022-02-16 22:43:45 - [MESSAGE][PASSED] - Delayed 1 second(s)

2022-02-16 22:43:46 - [MESSAGE][PASSED] - Swiped from 360,853 to 360,142

2022-02-16 22:43:50 - [MESSAGE][PASSED] - Delayed 3 second(s)

2022-02-16 22:43:50 - [MESSAGE][PASSED] - startApp.OpenApp.terminateApplication is PASSED

2022-02-16 22:43:50 - [MESSAGE][PASSED] - Call Test Case 'Test Cases/Mobile/Page/Run App/Terminate App' successfully]]></system-out>
         <system-err><![CDATA[]]></system-err>
      </testcase>
      <testcase name="Test Cases/Mobile/Scenario/Analysis/007 - Mencari research report" time="68.109" classname="Test Cases/Mobile/Scenario/Analysis/007 - Mencari research report" status="PASSED">
         <system-out><![CDATA[2022-02-16 22:43:50 - [TEST_CASE][PASSED] - Test Cases/Mobile/Scenario/Analysis/007 - Mencari research report: Test Cases/Mobile/Scenario/Analysis/007 - Mencari research report

2022-02-16 22:43:50 - [TEST_STEP][PASSED] - callTestCase(findTestCase("Mobile/Page/Run App/Run App byID"), [:], STOP_ON_FAILURE): Call Test Case 'Test Cases/Mobile/Page/Run App/Run App byID' successfully

2022-02-16 22:43:50 - [TEST_CASE][PASSED] - Test Cases/Mobile/Page/Run App/Run App byID: Test Cases/Mobile/Page/Run App/Run App byID

2022-02-16 22:43:50 - [TEST_STEP][PASSED] - startApp.OpenApp.startApplication("id.co.miraeasset.sageclub"): startApp.OpenApp.startApplication is PASSED

2022-02-16 22:44:04 - [MESSAGE][PASSED] - Starting app with application ID: 'id.co.miraeasset.sageclub'

2022-02-16 22:44:04 - [MESSAGE][PASSED] - startApp.OpenApp.startApplication is PASSED

2022-02-16 22:44:04 - [MESSAGE][PASSED] - Call Test Case 'Test Cases/Mobile/Page/Run App/Run App byID' successfully

2022-02-16 22:44:04 - [TEST_STEP][PASSED] - callTestCase(findTestCase("Mobile/Page/Analysis/Analysis"), ["action":"researchsearch"], CONTINUE_ON_FAILURE): Call Test Case 'Test Cases/Mobile/Page/Analysis/Analysis' successfully

2022-02-16 22:44:04 - [TEST_CASE][PASSED] - Test Cases/Mobile/Page/Analysis/Analysis: Test Cases/Mobile/Page/Analysis/Analysis

2022-02-16 22:44:04 - [TEST_STEP][PASSED] - callTestCase(findTestCase("Mobile/Page/CheckLogin"), [:], CONTINUE_ON_FAILURE): Call Test Case 'Test Cases/Mobile/Page/CheckLogin' successfully

2022-02-16 22:44:04 - [TEST_CASE][PASSED] - Test Cases/Mobile/Page/CheckLogin: Test Cases/Mobile/Page/CheckLogin

2022-02-16 22:44:04 - [TEST_STEP][PASSED] - loginCheck = verifyElementExist(LOGN_BtnLogin, 5, CONTINUE_ON_FAILURE): Element 'Object Repository/Mobile/Page/Login/Button - Login' is exist

2022-02-16 22:44:06 - [MESSAGE][PASSED] - Element 'Object Repository/Mobile/Page/Login/Button - Login' is exist

2022-02-16 22:44:06 - [TEST_STEP][PASSED] - if (loginCheck): Call Test Case 'Test Cases/Mobile/Page/Login/Login' successfully

2022-02-16 22:44:06 - [TEST_STEP][PASSED] - callTestCase(findTestCase("Mobile/Page/Login/Login"), ["action":"username"], CONTINUE_ON_FAILURE): Call Test Case 'Test Cases/Mobile/Page/Login/Login' successfully

2022-02-16 22:44:06 - [TEST_CASE][PASSED] - Test Cases/Mobile/Page/Login/Login: Test Cases/Mobile/Page/Login/Login

2022-02-16 22:44:06 - [TEST_STEP][PASSED] - delay(2): Delayed 2 second(s)

2022-02-16 22:44:08 - [MESSAGE][PASSED] - Delayed 2 second(s)

2022-02-16 22:44:08 - [TEST_STEP][PASSED] - for ([i = 0, i < 1, (i++)]): null

2022-02-16 22:44:08 - [TEST_STEP][PASSED] - if (action == "username"): null

2022-02-16 22:44:08 - [TEST_STEP][PASSED] - tap(LOGN_EdtUserID, 0): Tapped on element 'Object Repository/Mobile/Page/Login/Input - UserID'

2022-02-16 22:44:08 - [MESSAGE][WARNING] - Timeout '0' is invalid. Using default page load timeout: '60'

2022-02-16 22:44:08 - [MESSAGE][PASSED] - Tapped on element 'Object Repository/Mobile/Page/Login/Input - UserID'

2022-02-16 22:44:08 - [TEST_STEP][PASSED] - delay(1): Delayed 1 second(s)

2022-02-16 22:44:09 - [MESSAGE][PASSED] - Delayed 1 second(s)

2022-02-16 22:44:09 - [TEST_STEP][PASSED] - setText(LOGN_EdtRdyUserID, "anggaaditya", 0): Text 'anggaaditya' has been set to element 'Object Repository/Mobile/Page/Login/Input Rdy - UserID'

2022-02-16 22:44:09 - [MESSAGE][WARNING] - Timeout '0' is invalid. Using default page load timeout: '60'

2022-02-16 22:44:10 - [MESSAGE][PASSED] - Text 'anggaaditya' has been set to element 'Object Repository/Mobile/Page/Login/Input Rdy - UserID'

2022-02-16 22:44:10 - [TEST_STEP][PASSED] - delay(1): Delayed 1 second(s)

2022-02-16 22:44:11 - [MESSAGE][PASSED] - Delayed 1 second(s)

2022-02-16 22:44:11 - [TEST_STEP][PASSED] - hideKeyboard(): Keyboard is hidden

2022-02-16 22:44:15 - [MESSAGE][PASSED] - Keyboard is hidden

2022-02-16 22:44:15 - [TEST_STEP][PASSED] - tap(LOGN_EdtPassword, 0): Tapped on element 'Object Repository/Mobile/Page/Login/Input - Password'

2022-02-16 22:44:15 - [MESSAGE][WARNING] - Timeout '0' is invalid. Using default page load timeout: '60'

2022-02-16 22:44:15 - [MESSAGE][PASSED] - Tapped on element 'Object Repository/Mobile/Page/Login/Input - Password'

2022-02-16 22:44:15 - [TEST_STEP][PASSED] - delay(1): Delayed 1 second(s)

2022-02-16 22:44:16 - [MESSAGE][PASSED] - Delayed 1 second(s)

2022-02-16 22:44:16 - [TEST_STEP][PASSED] - setText(LOGN_EdtRdyPassword, "Shalawa18", 0): Text 'Shalawa18' has been set to element 'Object Repository/Mobile/Page/Login/Input Rdy - Password'

2022-02-16 22:44:16 - [MESSAGE][WARNING] - Timeout '0' is invalid. Using default page load timeout: '60'

2022-02-16 22:44:17 - [MESSAGE][PASSED] - Text 'Shalawa18' has been set to element 'Object Repository/Mobile/Page/Login/Input Rdy - Password'

2022-02-16 22:44:17 - [TEST_STEP][PASSED] - delay(1): Delayed 1 second(s)

2022-02-16 22:44:18 - [MESSAGE][PASSED] - Delayed 1 second(s)

2022-02-16 22:44:18 - [TEST_STEP][PASSED] - hideKeyboard(): Keyboard is hidden

2022-02-16 22:44:24 - [MESSAGE][PASSED] - Keyboard is hidden

2022-02-16 22:44:24 - [TEST_STEP][PASSED] - tap(LOGN_BtnLogin, 0): Tapped on element 'Object Repository/Mobile/Page/Login/Button - Login'

2022-02-16 22:44:24 - [MESSAGE][WARNING] - Timeout '0' is invalid. Using default page load timeout: '60'

2022-02-16 22:44:25 - [MESSAGE][PASSED] - Tapped on element 'Object Repository/Mobile/Page/Login/Button - Login'

2022-02-16 22:44:25 - [TEST_STEP][PASSED] - delay(2): Delayed 2 second(s)

2022-02-16 22:44:27 - [MESSAGE][PASSED] - Delayed 2 second(s)

2022-02-16 22:44:27 - [TEST_STEP][PASSED] - break: null

2022-02-16 22:44:27 - [MESSAGE][PASSED] - Call Test Case 'Test Cases/Mobile/Page/Login/Login' successfully

2022-02-16 22:44:27 - [MESSAGE][PASSED] - Call Test Case 'Test Cases/Mobile/Page/CheckLogin' successfully

2022-02-16 22:44:27 - [TEST_STEP][PASSED] - tap(HOME_MenubarAnalysis, 0): Tapped on element 'Object Repository/Mobile/Page/Home/Menubar - Analysis'

2022-02-16 22:44:27 - [MESSAGE][WARNING] - Timeout '0' is invalid. Using default page load timeout: '60'

2022-02-16 22:44:28 - [MESSAGE][PASSED] - Tapped on element 'Object Repository/Mobile/Page/Home/Menubar - Analysis'

2022-02-16 22:44:28 - [TEST_STEP][PASSED] - delay(3): Delayed 3 second(s)

2022-02-16 22:44:31 - [MESSAGE][PASSED] - Delayed 3 second(s)

2022-02-16 22:44:31 - [TEST_STEP][PASSED] - for ([i = 0, i < 1, (i++)]): Press back button successfully

2022-02-16 22:44:31 - [TEST_STEP][PASSED] - if (action == "technicalsearch"): null

2022-02-16 22:44:31 - [TEST_STEP][PASSED] - else if (action == "technicaldetail"): null

2022-02-16 22:44:31 - [TEST_STEP][PASSED] - else if (action == "researchdetail"): null

2022-02-16 22:44:31 - [TEST_STEP][PASSED] - else if (action == "researchsearch"): Press back button successfully

2022-02-16 22:44:31 - [TEST_STEP][PASSED] - tap(ANAL_TabResearchReport, 0): Tapped on element 'Object Repository/Mobile/Page/Analysis/Tab - Research Report'

2022-02-16 22:44:31 - [MESSAGE][WARNING] - Timeout '0' is invalid. Using default page load timeout: '60'

2022-02-16 22:44:33 - [MESSAGE][PASSED] - Tapped on element 'Object Repository/Mobile/Page/Analysis/Tab - Research Report'

2022-02-16 22:44:33 - [TEST_STEP][PASSED] - delay(1): Delayed 1 second(s)

2022-02-16 22:44:34 - [MESSAGE][PASSED] - Delayed 1 second(s)

2022-02-16 22:44:34 - [TEST_STEP][PASSED] - tap(ANAL_EdtSearch, 0): Tapped on element 'Object Repository/Mobile/Page/Analysis/Input - Search'

2022-02-16 22:44:34 - [MESSAGE][WARNING] - Timeout '0' is invalid. Using default page load timeout: '60'

2022-02-16 22:44:34 - [MESSAGE][PASSED] - Tapped on element 'Object Repository/Mobile/Page/Analysis/Input - Search'

2022-02-16 22:44:34 - [TEST_STEP][PASSED] - delay(1): Delayed 1 second(s)

2022-02-16 22:44:35 - [MESSAGE][PASSED] - Delayed 1 second(s)

2022-02-16 22:44:35 - [TEST_STEP][PASSED] - setText(ANAL_EdtSearch, "embun", 0): Text 'embun' has been set to element 'Object Repository/Mobile/Page/Analysis/Input - Search'

2022-02-16 22:44:35 - [MESSAGE][WARNING] - Timeout '0' is invalid. Using default page load timeout: '60'

2022-02-16 22:44:36 - [MESSAGE][PASSED] - Text 'embun' has been set to element 'Object Repository/Mobile/Page/Analysis/Input - Search'

2022-02-16 22:44:36 - [TEST_STEP][PASSED] - hideKeyboard(): Keyboard is hidden

2022-02-16 22:44:39 - [MESSAGE][PASSED] - Keyboard is hidden

2022-02-16 22:44:39 - [TEST_STEP][PASSED] - tapAndHold(ANAL_ItemTopSearch, 1, 0): Tapped and held on element 'Object Repository/Mobile/Page/Analysis/Item - Top Search' with duration 1

2022-02-16 22:44:39 - [MESSAGE][WARNING] - Timeout '0' is invalid. Using default page load timeout: '60'

2022-02-16 22:44:42 - [MESSAGE][PASSED] - Tapped and held on element 'Object Repository/Mobile/Page/Analysis/Item - Top Search' with duration 1

2022-02-16 22:44:42 - [TEST_STEP][PASSED] - delay(3): Delayed 3 second(s)

2022-02-16 22:44:45 - [MESSAGE][PASSED] - Delayed 3 second(s)

2022-02-16 22:44:45 - [TEST_STEP][PASSED] - pressBack(): Press back button successfully

2022-02-16 22:44:46 - [MESSAGE][PASSED] - Press back button successfully

2022-02-16 22:44:46 - [MESSAGE][PASSED] - Call Test Case 'Test Cases/Mobile/Page/Analysis/Analysis' successfully

2022-02-16 22:44:46 - [TEST_STEP][PASSED] - callTestCase(findTestCase("Mobile/Page/Run App/Terminate App"), [:], STOP_ON_FAILURE): Call Test Case 'Test Cases/Mobile/Page/Run App/Terminate App' successfully

2022-02-16 22:44:46 - [TEST_CASE][PASSED] - Test Cases/Mobile/Page/Run App/Terminate App: Test Cases/Mobile/Page/Run App/Terminate App

2022-02-16 22:44:46 - [TEST_STEP][PASSED] - startApp.OpenApp.terminateApplication(): startApp.OpenApp.terminateApplication is PASSED

2022-02-16 22:44:50 - [MESSAGE][PASSED] - Delayed 3 second(s)

2022-02-16 22:44:51 - [MESSAGE][PASSED] - Current device physical width is 720

2022-02-16 22:44:51 - [MESSAGE][PASSED] - Current device physical height is 1423

2022-02-16 22:44:52 - [MESSAGE][PASSED] - Swiped from 360,853 to 360,142

2022-02-16 22:44:53 - [MESSAGE][PASSED] - Delayed 1 second(s)

2022-02-16 22:44:55 - [MESSAGE][PASSED] - Swiped from 360,853 to 360,142

2022-02-16 22:44:58 - [MESSAGE][PASSED] - Delayed 3 second(s)

2022-02-16 22:44:58 - [MESSAGE][PASSED] - startApp.OpenApp.terminateApplication is PASSED

2022-02-16 22:44:58 - [MESSAGE][PASSED] - Call Test Case 'Test Cases/Mobile/Page/Run App/Terminate App' successfully]]></system-out>
         <system-err><![CDATA[]]></system-err>
      </testcase>
      <system-out><![CDATA[2022-02-16 22:36:53 - [TEST_SUITE][PASSED] - analysis: Test Cases/Mobile/Scenario/Analysis/007 - Mencari research report]]></system-out>
      <system-err><![CDATA[]]></system-err>
   </testsuite>
</testsuites>
