<?xml version="1.0" encoding="UTF-8"?>
<testsuites name="news" time="385.198" tests="5" failures="0" skips="0" errors="0">
   <testsuite name="news" tests="5" failures="0" errors="0" time="385.198" skips="0" timestamp="2022-02-17 17:38:31" hostname="Owner - aldy-tft" id="Test Suites/news">
      <properties>
         <property name="deviceName" value="samsung SM-A205F (Android 11)"/>
         <property name="devicePlatform" value=""/>
         <property name="logFolder" value="C:\\Users\\Owner\\Documents\\kerjaan\\KatalonProject\\qa_katalon_pwm\\qa_katalon_pwm\\Reports\\20220217_173814\\news\\20220217_173816"/>
         <property name="logFiles" value="C:\\Users\\Owner\\Documents\\kerjaan\\KatalonProject\\qa_katalon_pwm\\qa_katalon_pwm\\Reports\\20220217_173814\\news\\20220217_173816\\appium.log, C:\\Users\\Owner\\Documents\\kerjaan\\KatalonProject\\qa_katalon_pwm\\qa_katalon_pwm\\Reports\\20220217_173814\\news\\20220217_173816\\execution0.log"/>
         <property name="attachments" value=""/>
         <property name="hostName" value="Owner - aldy-tft"/>
         <property name="os" value="Windows 10 64bit"/>
         <property name="appiumServerStatus" value="{&quot;value&quot;:{&quot;build&quot;:{&quot;version&quot;:&quot;1.22.0&quot;}},&quot;sessionId&quot;:null,&quot;status&quot;:0}"/>
         <property name="katalonVersion" value="7.9.1.208"/>
         <property name="deviceOS" value="Android"/>
         <property name="appiumVersion" value="1.22.0"/>
         <property name="deviceModel" value="SM-A205F"/>
         <property name="hostAddress" value="192.168.100.33"/>
         <property name="deviceManufacturer" value="samsung"/>
         <property name="deviceId" value="RR8M40C9AXE"/>
         <property name="deviceName" value="samsung SM-A205F (Android 11)"/>
         <property name="deviceOSVersion" value="11"/>
      </properties>
      <testcase name="Test Cases/Mobile/Scenario/News/001 - News World Indices" time="100.078" classname="Test Cases/Mobile/Scenario/News/001 - News World Indices" status="PASSED">
         <system-out><![CDATA[2022-02-17 17:38:32 - [TEST_CASE][PASSED] - Test Cases/Mobile/Scenario/News/001 - News World Indices: Test Cases/Mobile/Scenario/News/001 - News World Indices

2022-02-17 17:38:32 - [TEST_STEP][PASSED] - callTestCase(findTestCase("Mobile/Page/Run App/Run App byID"), [:], STOP_ON_FAILURE): Call Test Case 'Test Cases/Mobile/Page/Run App/Run App byID' successfully

2022-02-17 17:38:32 - [TEST_CASE][PASSED] - Test Cases/Mobile/Page/Run App/Run App byID: Test Cases/Mobile/Page/Run App/Run App byID

2022-02-17 17:38:33 - [TEST_STEP][PASSED] - startApp.OpenApp.startApplication("id.co.miraeasset.sageclub"): startApp.OpenApp.startApplication is PASSED

2022-02-17 17:38:34 - [MESSAGE][INFO] - Appium server started on port 54,099

2022-02-17 17:38:52 - [MESSAGE][PASSED] - Starting app with application ID: 'id.co.miraeasset.sageclub'

2022-02-17 17:38:52 - [MESSAGE][PASSED] - startApp.OpenApp.startApplication is PASSED

2022-02-17 17:38:52 - [MESSAGE][PASSED] - Call Test Case 'Test Cases/Mobile/Page/Run App/Run App byID' successfully

2022-02-17 17:38:52 - [TEST_STEP][PASSED] - callTestCase(findTestCase("Mobile/Page/News/News"), ["tab":"worldindices"], CONTINUE_ON_FAILURE): Call Test Case 'Test Cases/Mobile/Page/News/News' successfully

2022-02-17 17:38:52 - [TEST_CASE][PASSED] - Test Cases/Mobile/Page/News/News: Test Cases/Mobile/Page/News/News

2022-02-17 17:38:52 - [TEST_STEP][PASSED] - callTestCase(findTestCase("Mobile/Page/CheckLogin"), [:], CONTINUE_ON_FAILURE): Call Test Case 'Test Cases/Mobile/Page/CheckLogin' successfully

2022-02-17 17:38:52 - [TEST_CASE][PASSED] - Test Cases/Mobile/Page/CheckLogin: Test Cases/Mobile/Page/CheckLogin

2022-02-17 17:38:53 - [TEST_STEP][PASSED] - loginCheck = verifyElementExist(LOGN_BtnLogin, 5, CONTINUE_ON_FAILURE): Element 'Object Repository/Mobile/Page/Login/Button - Login' is exist

2022-02-17 17:38:53 - [MESSAGE][WARNING] - Test object with id 'Object Repository/Mobile/Page/Analysis/Button - Open With Just Once' does not exist

2022-02-17 17:38:53 - [MESSAGE][WARNING] - Test object with id 'Object Repository/Mobile/Page/Analysis/Button - Search' does not exist

2022-02-17 17:38:54 - [MESSAGE][WARNING] - Test object with id 'Object Repository/Mobile/Page/Home/Button -  Add Watchlist' does not exist

2022-02-17 17:38:54 - [MESSAGE][WARNING] - Test object with id 'Object Repository/Mobile/Page/Home/Button - Open with Just Once' does not exist

2022-02-17 17:38:55 - [MESSAGE][WARNING] - Test object with id 'Object Repository/Mobile/Page/Home/Container - Notification' does not exist

2022-02-17 17:38:55 - [MESSAGE][WARNING] - Test object with id 'Object Repository/Mobile/Page/Home/Watchlist/Input - Search' does not exist

2022-02-17 17:38:55 - [MESSAGE][WARNING] - Test object with id 'Object Repository/Mobile/Page/Home/Watchlist/Item - Top Search' does not exist

2022-02-17 17:38:55 - [MESSAGE][WARNING] - Test object with id 'Object Repository/Mobile/Page/Home/Watchlist/Detail Watchlist/Input - Expiry Date' does not exist

2022-02-17 17:38:55 - [MESSAGE][WARNING] - Test object with id 'Object Repository/Mobile/Page/Home/Watchlist/Detail Watchlist/Item - Watchlist' does not exist

2022-02-17 17:38:56 - [MESSAGE][WARNING] - Test object with id 'Object Repository/Mobile/Page/NavigationMenu/Button - Open Just Once' does not exist

2022-02-17 17:38:56 - [MESSAGE][WARNING] - Test object with id 'Object Repository/Mobile/Page/NavigationMenu/Container - Logout' does not exist

2022-02-17 17:38:59 - [MESSAGE][WARNING] - Test object with id 'Object Repository/Mobile/Page/Analysis/Button - Open With Just Once' does not exist

2022-02-17 17:38:59 - [MESSAGE][WARNING] - Test object with id 'Object Repository/Mobile/Page/Analysis/Button - Search' does not exist

2022-02-17 17:39:00 - [MESSAGE][WARNING] - Test object with id 'Object Repository/Mobile/Page/Home/Button -  Add Watchlist' does not exist

2022-02-17 17:39:00 - [MESSAGE][WARNING] - Test object with id 'Object Repository/Mobile/Page/Home/Button - Open with Just Once' does not exist

2022-02-17 17:39:01 - [MESSAGE][WARNING] - Test object with id 'Object Repository/Mobile/Page/Home/Container - Notification' does not exist

2022-02-17 17:39:01 - [MESSAGE][WARNING] - Test object with id 'Object Repository/Mobile/Page/Home/Watchlist/Input - Search' does not exist

2022-02-17 17:39:01 - [MESSAGE][WARNING] - Test object with id 'Object Repository/Mobile/Page/Home/Watchlist/Item - Top Search' does not exist

2022-02-17 17:39:01 - [MESSAGE][WARNING] - Test object with id 'Object Repository/Mobile/Page/Home/Watchlist/Detail Watchlist/Input - Expiry Date' does not exist

2022-02-17 17:39:01 - [MESSAGE][WARNING] - Test object with id 'Object Repository/Mobile/Page/Home/Watchlist/Detail Watchlist/Item - Watchlist' does not exist

2022-02-17 17:39:02 - [MESSAGE][WARNING] - Test object with id 'Object Repository/Mobile/Page/NavigationMenu/Button - Open Just Once' does not exist

2022-02-17 17:39:02 - [MESSAGE][WARNING] - Test object with id 'Object Repository/Mobile/Page/NavigationMenu/Container - Logout' does not exist

2022-02-17 17:39:06 - [MESSAGE][PASSED] - Element 'Object Repository/Mobile/Page/Login/Button - Login' is exist

2022-02-17 17:39:06 - [TEST_STEP][PASSED] - if (loginCheck): Call Test Case 'Test Cases/Mobile/Page/Login/Login' successfully

2022-02-17 17:39:06 - [TEST_STEP][PASSED] - callTestCase(findTestCase("Mobile/Page/Login/Login"), ["action":"username"], CONTINUE_ON_FAILURE): Call Test Case 'Test Cases/Mobile/Page/Login/Login' successfully

2022-02-17 17:39:06 - [TEST_CASE][PASSED] - Test Cases/Mobile/Page/Login/Login: Test Cases/Mobile/Page/Login/Login

2022-02-17 17:39:06 - [TEST_STEP][PASSED] - delay(2): Delayed 2 second(s)

2022-02-17 17:39:08 - [MESSAGE][PASSED] - Delayed 2 second(s)

2022-02-17 17:39:08 - [TEST_STEP][PASSED] - for ([i = 0, i < 1, (i++)]): null

2022-02-17 17:39:08 - [TEST_STEP][PASSED] - if (action == "username"): null

2022-02-17 17:39:08 - [TEST_STEP][PASSED] - tap(LOGN_EdtUserID, 0): Tapped on element 'Object Repository/Mobile/Page/Login/Input - UserID'

2022-02-17 17:39:09 - [MESSAGE][WARNING] - Timeout '0' is invalid. Using default page load timeout: '60'

2022-02-17 17:39:09 - [MESSAGE][PASSED] - Tapped on element 'Object Repository/Mobile/Page/Login/Input - UserID'

2022-02-17 17:39:09 - [TEST_STEP][PASSED] - delay(1): Delayed 1 second(s)

2022-02-17 17:39:10 - [MESSAGE][PASSED] - Delayed 1 second(s)

2022-02-17 17:39:10 - [TEST_STEP][PASSED] - setText(LOGN_EdtRdyUserID, "anggaaditya", 0): Text 'anggaaditya' has been set to element 'Object Repository/Mobile/Page/Login/Input Rdy - UserID'

2022-02-17 17:39:10 - [MESSAGE][WARNING] - Timeout '0' is invalid. Using default page load timeout: '60'

2022-02-17 17:39:11 - [MESSAGE][PASSED] - Text 'anggaaditya' has been set to element 'Object Repository/Mobile/Page/Login/Input Rdy - UserID'

2022-02-17 17:39:11 - [TEST_STEP][PASSED] - delay(1): Delayed 1 second(s)

2022-02-17 17:39:12 - [MESSAGE][PASSED] - Delayed 1 second(s)

2022-02-17 17:39:12 - [TEST_STEP][PASSED] - hideKeyboard(): Keyboard is hidden

2022-02-17 17:39:22 - [MESSAGE][PASSED] - Keyboard is hidden

2022-02-17 17:39:22 - [TEST_STEP][PASSED] - tap(LOGN_EdtPassword, 0): Tapped on element 'Object Repository/Mobile/Page/Login/Input - Password'

2022-02-17 17:39:22 - [MESSAGE][WARNING] - Timeout '0' is invalid. Using default page load timeout: '60'

2022-02-17 17:39:22 - [MESSAGE][PASSED] - Tapped on element 'Object Repository/Mobile/Page/Login/Input - Password'

2022-02-17 17:39:22 - [TEST_STEP][PASSED] - delay(1): Delayed 1 second(s)

2022-02-17 17:39:23 - [MESSAGE][PASSED] - Delayed 1 second(s)

2022-02-17 17:39:23 - [TEST_STEP][PASSED] - setText(LOGN_EdtRdyPassword, "Shalawa18", 0): Text 'Shalawa18' has been set to element 'Object Repository/Mobile/Page/Login/Input Rdy - Password'

2022-02-17 17:39:23 - [MESSAGE][WARNING] - Timeout '0' is invalid. Using default page load timeout: '60'

2022-02-17 17:39:25 - [MESSAGE][PASSED] - Text 'Shalawa18' has been set to element 'Object Repository/Mobile/Page/Login/Input Rdy - Password'

2022-02-17 17:39:25 - [TEST_STEP][PASSED] - delay(1): Delayed 1 second(s)

2022-02-17 17:39:26 - [MESSAGE][PASSED] - Delayed 1 second(s)

2022-02-17 17:39:26 - [TEST_STEP][PASSED] - hideKeyboard(): Keyboard is hidden

2022-02-17 17:39:37 - [MESSAGE][PASSED] - Keyboard is hidden

2022-02-17 17:39:37 - [TEST_STEP][PASSED] - tap(LOGN_BtnLogin, 0): Tapped on element 'Object Repository/Mobile/Page/Login/Button - Login'

2022-02-17 17:39:37 - [MESSAGE][WARNING] - Timeout '0' is invalid. Using default page load timeout: '60'

2022-02-17 17:39:37 - [MESSAGE][PASSED] - Tapped on element 'Object Repository/Mobile/Page/Login/Button - Login'

2022-02-17 17:39:37 - [TEST_STEP][PASSED] - delay(2): Delayed 2 second(s)

2022-02-17 17:39:39 - [MESSAGE][PASSED] - Delayed 2 second(s)

2022-02-17 17:39:39 - [TEST_STEP][PASSED] - break: null

2022-02-17 17:39:39 - [MESSAGE][PASSED] - Call Test Case 'Test Cases/Mobile/Page/Login/Login' successfully

2022-02-17 17:39:39 - [MESSAGE][PASSED] - Call Test Case 'Test Cases/Mobile/Page/CheckLogin' successfully

2022-02-17 17:39:39 - [TEST_STEP][PASSED] - tap(HOME_MenubarNews, 0): Tapped on element 'Object Repository/Mobile/Page/Home/Menubar - News'

2022-02-17 17:39:39 - [MESSAGE][WARNING] - Timeout '0' is invalid. Using default page load timeout: '60'

2022-02-17 17:39:42 - [MESSAGE][PASSED] - Tapped on element 'Object Repository/Mobile/Page/Home/Menubar - News'

2022-02-17 17:39:42 - [TEST_STEP][PASSED] - delay(1): Delayed 1 second(s)

2022-02-17 17:39:43 - [MESSAGE][PASSED] - Delayed 1 second(s)

2022-02-17 17:39:43 - [TEST_STEP][PASSED] - for ([i = 0, i < 1, (i++)]): null

2022-02-17 17:39:43 - [TEST_STEP][PASSED] - if (tab == "macronews"): null

2022-02-17 17:39:43 - [TEST_STEP][PASSED] - else if (tab == "stocknews"): null

2022-02-17 17:39:43 - [TEST_STEP][PASSED] - else if (tab == "fundnews"): null

2022-02-17 17:39:43 - [TEST_STEP][PASSED] - else if (tab == "bondnews"): null

2022-02-17 17:39:43 - [TEST_STEP][PASSED] - else if (tab == "worldindices"): Delayed 3 second(s)

2022-02-17 17:39:43 - [TEST_STEP][PASSED] - scroll.scroll.scrollScreenRightToLeft(NEWS_TabMacro): scroll.scroll.scrollScreenRightToLeft is PASSED

2022-02-17 17:39:43 - [MESSAGE][WARNING] - Timeout '0' is invalid. Using default page load timeout: '60'

2022-02-17 17:39:44 - [MESSAGE][PASSED] - Object 'Object Repository/Mobile/Page/News/Tab - Macro' has left position '14'

2022-02-17 17:39:44 - [MESSAGE][WARNING] - Timeout '0' is invalid. Using default page load timeout: '60'

2022-02-17 17:39:44 - [MESSAGE][PASSED] - Object 'Object Repository/Mobile/Page/News/Tab - Macro' has top position '245'

2022-02-17 17:39:44 - [MESSAGE][WARNING] - Timeout '0' is invalid. Using default page load timeout: '60'

2022-02-17 17:39:44 - [MESSAGE][PASSED] - Object 'Object Repository/Mobile/Page/News/Tab - Macro' has width: '215'

2022-02-17 17:39:44 - [MESSAGE][WARNING] - Timeout '0' is invalid. Using default page load timeout: '60'

2022-02-17 17:39:44 - [MESSAGE][PASSED] - Object 'Object Repository/Mobile/Page/News/Tab - Macro' has height: '84'

2022-02-17 17:39:45 - [MESSAGE][PASSED] - Current device physical width is 720

2022-02-17 17:39:46 - [MESSAGE][PASSED] - Swiped from 620,287 to 100,287

2022-02-17 17:39:46 - [MESSAGE][PASSED] - scroll.scroll.scrollScreenRightToLeft is PASSED

2022-02-17 17:39:46 - [TEST_STEP][PASSED] - delay(1): Delayed 1 second(s)

2022-02-17 17:39:47 - [MESSAGE][PASSED] - Delayed 1 second(s)

2022-02-17 17:39:47 - [TEST_STEP][PASSED] - tap(NEWS_TabWorldIndices, 0): Tapped on element 'Object Repository/Mobile/Page/News/Tab - World Indices'

2022-02-17 17:39:47 - [MESSAGE][WARNING] - Timeout '0' is invalid. Using default page load timeout: '60'

2022-02-17 17:39:48 - [MESSAGE][PASSED] - Tapped on element 'Object Repository/Mobile/Page/News/Tab - World Indices'

2022-02-17 17:39:48 - [TEST_STEP][PASSED] - delay(1): Delayed 1 second(s)

2022-02-17 17:39:50 - [MESSAGE][PASSED] - Delayed 1 second(s)

2022-02-17 17:39:50 - [TEST_STEP][PASSED] - tap(NEWS_BtnIndices, 0): Tapped on element 'Object Repository/Mobile/Page/News/Button - Indices'

2022-02-17 17:39:50 - [MESSAGE][WARNING] - Timeout '0' is invalid. Using default page load timeout: '60'

2022-02-17 17:39:50 - [MESSAGE][PASSED] - Tapped on element 'Object Repository/Mobile/Page/News/Button - Indices'

2022-02-17 17:39:50 - [TEST_STEP][PASSED] - delay(3): Delayed 3 second(s)

2022-02-17 17:39:53 - [MESSAGE][PASSED] - Delayed 3 second(s)

2022-02-17 17:39:53 - [TEST_STEP][PASSED] - tap(NEWS_BtnCurrencies, 0): Tapped on element 'Object Repository/Mobile/Page/News/Button - Currencies'

2022-02-17 17:39:53 - [MESSAGE][WARNING] - Timeout '0' is invalid. Using default page load timeout: '60'

2022-02-17 17:39:53 - [MESSAGE][PASSED] - Tapped on element 'Object Repository/Mobile/Page/News/Button - Currencies'

2022-02-17 17:39:53 - [TEST_STEP][PASSED] - delay(3): Delayed 3 second(s)

2022-02-17 17:39:56 - [MESSAGE][PASSED] - Delayed 3 second(s)

2022-02-17 17:39:56 - [TEST_STEP][PASSED] - tap(NEWS_BtnCommodities, 0): Tapped on element 'Object Repository/Mobile/Page/News/Button - Commodities'

2022-02-17 17:39:56 - [MESSAGE][WARNING] - Timeout '0' is invalid. Using default page load timeout: '60'

2022-02-17 17:39:57 - [MESSAGE][PASSED] - Tapped on element 'Object Repository/Mobile/Page/News/Button - Commodities'

2022-02-17 17:39:57 - [TEST_STEP][PASSED] - delay(3): Delayed 3 second(s)

2022-02-17 17:40:00 - [MESSAGE][PASSED] - Delayed 3 second(s)

2022-02-17 17:40:00 - [TEST_STEP][PASSED] - delay(1): Delayed 1 second(s)

2022-02-17 17:40:01 - [MESSAGE][PASSED] - Delayed 1 second(s)

2022-02-17 17:40:01 - [TEST_STEP][PASSED] - if (tab != "worldindices"): null

2022-02-17 17:40:01 - [MESSAGE][PASSED] - Call Test Case 'Test Cases/Mobile/Page/News/News' successfully

2022-02-17 17:40:01 - [TEST_STEP][PASSED] - callTestCase(findTestCase("Mobile/Page/Run App/Terminate App"), [:], STOP_ON_FAILURE): Call Test Case 'Test Cases/Mobile/Page/Run App/Terminate App' successfully

2022-02-17 17:40:01 - [TEST_CASE][PASSED] - Test Cases/Mobile/Page/Run App/Terminate App: Test Cases/Mobile/Page/Run App/Terminate App

2022-02-17 17:40:02 - [TEST_STEP][PASSED] - startApp.OpenApp.terminateApplication(): startApp.OpenApp.terminateApplication is PASSED

2022-02-17 17:40:05 - [MESSAGE][PASSED] - Delayed 3 second(s)

2022-02-17 17:40:05 - [MESSAGE][PASSED] - Current device physical width is 720

2022-02-17 17:40:05 - [MESSAGE][PASSED] - Current device physical height is 1423

2022-02-17 17:40:07 - [MESSAGE][PASSED] - Swiped from 360,853 to 360,142

2022-02-17 17:40:08 - [MESSAGE][PASSED] - Delayed 1 second(s)

2022-02-17 17:40:09 - [MESSAGE][PASSED] - Swiped from 360,853 to 360,142

2022-02-17 17:40:12 - [MESSAGE][PASSED] - Delayed 3 second(s)

2022-02-17 17:40:12 - [MESSAGE][PASSED] - startApp.OpenApp.terminateApplication is PASSED

2022-02-17 17:40:12 - [MESSAGE][PASSED] - Call Test Case 'Test Cases/Mobile/Page/Run App/Terminate App' successfully]]></system-out>
         <system-err><![CDATA[]]></system-err>
      </testcase>
      <testcase name="Test Cases/Mobile/Scenario/News/002 - News Stock" time="70.696" classname="Test Cases/Mobile/Scenario/News/002 - News Stock" status="PASSED">
         <system-out><![CDATA[2022-02-17 17:40:12 - [TEST_CASE][PASSED] - Test Cases/Mobile/Scenario/News/002 - News Stock: Test Cases/Mobile/Scenario/News/002 - News Stock

2022-02-17 17:40:12 - [TEST_STEP][PASSED] - callTestCase(findTestCase("Mobile/Page/Run App/Run App byID"), [:], STOP_ON_FAILURE): Call Test Case 'Test Cases/Mobile/Page/Run App/Run App byID' successfully

2022-02-17 17:40:12 - [TEST_CASE][PASSED] - Test Cases/Mobile/Page/Run App/Run App byID: Test Cases/Mobile/Page/Run App/Run App byID

2022-02-17 17:40:12 - [TEST_STEP][PASSED] - startApp.OpenApp.startApplication("id.co.miraeasset.sageclub"): startApp.OpenApp.startApplication is PASSED

2022-02-17 17:40:28 - [MESSAGE][PASSED] - Starting app with application ID: 'id.co.miraeasset.sageclub'

2022-02-17 17:40:28 - [MESSAGE][PASSED] - startApp.OpenApp.startApplication is PASSED

2022-02-17 17:40:28 - [MESSAGE][PASSED] - Call Test Case 'Test Cases/Mobile/Page/Run App/Run App byID' successfully

2022-02-17 17:40:28 - [TEST_STEP][PASSED] - callTestCase(findTestCase("Mobile/Page/News/News"), ["tab":"stocknews"], CONTINUE_ON_FAILURE): Call Test Case 'Test Cases/Mobile/Page/News/News' successfully

2022-02-17 17:40:28 - [TEST_CASE][PASSED] - Test Cases/Mobile/Page/News/News: Test Cases/Mobile/Page/News/News

2022-02-17 17:40:28 - [TEST_STEP][PASSED] - callTestCase(findTestCase("Mobile/Page/CheckLogin"), [:], CONTINUE_ON_FAILURE): Call Test Case 'Test Cases/Mobile/Page/CheckLogin' successfully

2022-02-17 17:40:28 - [TEST_CASE][PASSED] - Test Cases/Mobile/Page/CheckLogin: Test Cases/Mobile/Page/CheckLogin

2022-02-17 17:40:28 - [TEST_STEP][PASSED] - loginCheck = verifyElementExist(LOGN_BtnLogin, 5, CONTINUE_ON_FAILURE): Element 'Object Repository/Mobile/Page/Login/Button - Login' is exist

2022-02-17 17:40:31 - [MESSAGE][PASSED] - Element 'Object Repository/Mobile/Page/Login/Button - Login' is exist

2022-02-17 17:40:31 - [TEST_STEP][PASSED] - if (loginCheck): Call Test Case 'Test Cases/Mobile/Page/Login/Login' successfully

2022-02-17 17:40:31 - [TEST_STEP][PASSED] - callTestCase(findTestCase("Mobile/Page/Login/Login"), ["action":"username"], CONTINUE_ON_FAILURE): Call Test Case 'Test Cases/Mobile/Page/Login/Login' successfully

2022-02-17 17:40:31 - [TEST_CASE][PASSED] - Test Cases/Mobile/Page/Login/Login: Test Cases/Mobile/Page/Login/Login

2022-02-17 17:40:31 - [TEST_STEP][PASSED] - delay(2): Delayed 2 second(s)

2022-02-17 17:40:33 - [MESSAGE][PASSED] - Delayed 2 second(s)

2022-02-17 17:40:33 - [TEST_STEP][PASSED] - for ([i = 0, i < 1, (i++)]): null

2022-02-17 17:40:33 - [TEST_STEP][PASSED] - if (action == "username"): null

2022-02-17 17:40:33 - [TEST_STEP][PASSED] - tap(LOGN_EdtUserID, 0): Tapped on element 'Object Repository/Mobile/Page/Login/Input - UserID'

2022-02-17 17:40:33 - [MESSAGE][WARNING] - Timeout '0' is invalid. Using default page load timeout: '60'

2022-02-17 17:40:33 - [MESSAGE][PASSED] - Tapped on element 'Object Repository/Mobile/Page/Login/Input - UserID'

2022-02-17 17:40:33 - [TEST_STEP][PASSED] - delay(1): Delayed 1 second(s)

2022-02-17 17:40:34 - [MESSAGE][PASSED] - Delayed 1 second(s)

2022-02-17 17:40:34 - [TEST_STEP][PASSED] - setText(LOGN_EdtRdyUserID, "anggaaditya", 0): Text 'anggaaditya' has been set to element 'Object Repository/Mobile/Page/Login/Input Rdy - UserID'

2022-02-17 17:40:34 - [MESSAGE][WARNING] - Timeout '0' is invalid. Using default page load timeout: '60'

2022-02-17 17:40:36 - [MESSAGE][PASSED] - Text 'anggaaditya' has been set to element 'Object Repository/Mobile/Page/Login/Input Rdy - UserID'

2022-02-17 17:40:36 - [TEST_STEP][PASSED] - delay(1): Delayed 1 second(s)

2022-02-17 17:40:37 - [MESSAGE][PASSED] - Delayed 1 second(s)

2022-02-17 17:40:37 - [TEST_STEP][PASSED] - hideKeyboard(): Keyboard is hidden

2022-02-17 17:40:44 - [MESSAGE][PASSED] - Keyboard is hidden

2022-02-17 17:40:44 - [TEST_STEP][PASSED] - tap(LOGN_EdtPassword, 0): Tapped on element 'Object Repository/Mobile/Page/Login/Input - Password'

2022-02-17 17:40:44 - [MESSAGE][WARNING] - Timeout '0' is invalid. Using default page load timeout: '60'

2022-02-17 17:40:44 - [MESSAGE][PASSED] - Tapped on element 'Object Repository/Mobile/Page/Login/Input - Password'

2022-02-17 17:40:44 - [TEST_STEP][PASSED] - delay(1): Delayed 1 second(s)

2022-02-17 17:40:45 - [MESSAGE][PASSED] - Delayed 1 second(s)

2022-02-17 17:40:45 - [TEST_STEP][PASSED] - setText(LOGN_EdtRdyPassword, "Shalawa18", 0): Text 'Shalawa18' has been set to element 'Object Repository/Mobile/Page/Login/Input Rdy - Password'

2022-02-17 17:40:45 - [MESSAGE][WARNING] - Timeout '0' is invalid. Using default page load timeout: '60'

2022-02-17 17:40:46 - [MESSAGE][PASSED] - Text 'Shalawa18' has been set to element 'Object Repository/Mobile/Page/Login/Input Rdy - Password'

2022-02-17 17:40:46 - [TEST_STEP][PASSED] - delay(1): Delayed 1 second(s)

2022-02-17 17:40:47 - [MESSAGE][PASSED] - Delayed 1 second(s)

2022-02-17 17:40:47 - [TEST_STEP][PASSED] - hideKeyboard(): Keyboard is hidden

2022-02-17 17:40:56 - [MESSAGE][PASSED] - Keyboard is hidden

2022-02-17 17:40:56 - [TEST_STEP][PASSED] - tap(LOGN_BtnLogin, 0): Tapped on element 'Object Repository/Mobile/Page/Login/Button - Login'

2022-02-17 17:40:56 - [MESSAGE][WARNING] - Timeout '0' is invalid. Using default page load timeout: '60'

2022-02-17 17:40:57 - [MESSAGE][PASSED] - Tapped on element 'Object Repository/Mobile/Page/Login/Button - Login'

2022-02-17 17:40:57 - [TEST_STEP][PASSED] - delay(2): Delayed 2 second(s)

2022-02-17 17:40:59 - [MESSAGE][PASSED] - Delayed 2 second(s)

2022-02-17 17:40:59 - [TEST_STEP][PASSED] - break: null

2022-02-17 17:40:59 - [MESSAGE][PASSED] - Call Test Case 'Test Cases/Mobile/Page/Login/Login' successfully

2022-02-17 17:40:59 - [MESSAGE][PASSED] - Call Test Case 'Test Cases/Mobile/Page/CheckLogin' successfully

2022-02-17 17:40:59 - [TEST_STEP][PASSED] - tap(HOME_MenubarNews, 0): Tapped on element 'Object Repository/Mobile/Page/Home/Menubar - News'

2022-02-17 17:40:59 - [MESSAGE][WARNING] - Timeout '0' is invalid. Using default page load timeout: '60'

2022-02-17 17:41:01 - [MESSAGE][PASSED] - Tapped on element 'Object Repository/Mobile/Page/Home/Menubar - News'

2022-02-17 17:41:01 - [TEST_STEP][PASSED] - delay(1): Delayed 1 second(s)

2022-02-17 17:41:02 - [MESSAGE][PASSED] - Delayed 1 second(s)

2022-02-17 17:41:02 - [TEST_STEP][PASSED] - for ([i = 0, i < 1, (i++)]): Delayed 3 second(s)

2022-02-17 17:41:02 - [TEST_STEP][PASSED] - if (tab == "macronews"): null

2022-02-17 17:41:02 - [TEST_STEP][PASSED] - else if (tab == "stocknews"): Tapped on element 'Object Repository/Mobile/Page/News/Tab - Stock'

2022-02-17 17:41:02 - [TEST_STEP][PASSED] - tap(NEWS_TabStock, 0): Tapped on element 'Object Repository/Mobile/Page/News/Tab - Stock'

2022-02-17 17:41:02 - [MESSAGE][WARNING] - Timeout '0' is invalid. Using default page load timeout: '60'

2022-02-17 17:41:03 - [MESSAGE][PASSED] - Tapped on element 'Object Repository/Mobile/Page/News/Tab - Stock'

2022-02-17 17:41:03 - [TEST_STEP][PASSED] - delay(1): Delayed 1 second(s)

2022-02-17 17:41:04 - [MESSAGE][PASSED] - Delayed 1 second(s)

2022-02-17 17:41:04 - [TEST_STEP][PASSED] - if (tab != "worldindices"): Delayed 3 second(s)

2022-02-17 17:41:04 - [TEST_STEP][PASSED] - try: Delayed 3 second(s)

2022-02-17 17:41:04 - [TEST_STEP][PASSED] - tapAndHold(NEWS_ItemTopNews, 1, 10): Tapped and held on element 'Object Repository/Mobile/Page/News/Item - Top News' with duration 1

2022-02-17 17:41:07 - [MESSAGE][PASSED] - Tapped and held on element 'Object Repository/Mobile/Page/News/Item - Top News' with duration 1

2022-02-17 17:41:07 - [TEST_STEP][PASSED] - delay(1): Delayed 1 second(s)

2022-02-17 17:41:08 - [MESSAGE][PASSED] - Delayed 1 second(s)

2022-02-17 17:41:08 - [TEST_STEP][PASSED] - scroll.scroll.scrollScreenBottomToTop(): scroll.scroll.scrollScreenBottomToTop is PASSED

2022-02-17 17:41:08 - [MESSAGE][PASSED] - Current device physical height is 1423

2022-02-17 17:41:08 - [MESSAGE][PASSED] - Current device physical width is 720

2022-02-17 17:41:09 - [MESSAGE][PASSED] - Swiped from 360,1,138 to 360,284

2022-02-17 17:41:09 - [MESSAGE][PASSED] - scroll.scroll.scrollScreenBottomToTop is PASSED

2022-02-17 17:41:09 - [TEST_STEP][PASSED] - delay(3): Delayed 3 second(s)

2022-02-17 17:41:12 - [MESSAGE][PASSED] - Delayed 3 second(s)

2022-02-17 17:41:12 - [MESSAGE][PASSED] - Call Test Case 'Test Cases/Mobile/Page/News/News' successfully

2022-02-17 17:41:12 - [TEST_STEP][PASSED] - callTestCase(findTestCase("Mobile/Page/Run App/Terminate App"), [:], STOP_ON_FAILURE): Call Test Case 'Test Cases/Mobile/Page/Run App/Terminate App' successfully

2022-02-17 17:41:12 - [TEST_CASE][PASSED] - Test Cases/Mobile/Page/Run App/Terminate App: Test Cases/Mobile/Page/Run App/Terminate App

2022-02-17 17:41:12 - [TEST_STEP][PASSED] - startApp.OpenApp.terminateApplication(): startApp.OpenApp.terminateApplication is PASSED

2022-02-17 17:41:16 - [MESSAGE][PASSED] - Delayed 3 second(s)

2022-02-17 17:41:16 - [MESSAGE][PASSED] - Current device physical width is 720

2022-02-17 17:41:16 - [MESSAGE][PASSED] - Current device physical height is 1423

2022-02-17 17:41:17 - [MESSAGE][PASSED] - Swiped from 360,853 to 360,142

2022-02-17 17:41:18 - [MESSAGE][PASSED] - Delayed 1 second(s)

2022-02-17 17:41:20 - [MESSAGE][PASSED] - Swiped from 360,853 to 360,142

2022-02-17 17:41:23 - [MESSAGE][PASSED] - Delayed 3 second(s)

2022-02-17 17:41:23 - [MESSAGE][PASSED] - startApp.OpenApp.terminateApplication is PASSED

2022-02-17 17:41:23 - [MESSAGE][PASSED] - Call Test Case 'Test Cases/Mobile/Page/Run App/Terminate App' successfully]]></system-out>
         <system-err><![CDATA[]]></system-err>
      </testcase>
      <testcase name="Test Cases/Mobile/Scenario/News/003 - News Fund" time="73.329" classname="Test Cases/Mobile/Scenario/News/003 - News Fund" status="PASSED">
         <system-out><![CDATA[2022-02-17 17:41:23 - [TEST_CASE][PASSED] - Test Cases/Mobile/Scenario/News/003 - News Fund: Test Cases/Mobile/Scenario/News/003 - News Fund

2022-02-17 17:41:23 - [TEST_STEP][PASSED] - callTestCase(findTestCase("Mobile/Page/Run App/Run App byID"), [:], STOP_ON_FAILURE): Call Test Case 'Test Cases/Mobile/Page/Run App/Run App byID' successfully

2022-02-17 17:41:23 - [TEST_CASE][PASSED] - Test Cases/Mobile/Page/Run App/Run App byID: Test Cases/Mobile/Page/Run App/Run App byID

2022-02-17 17:41:23 - [TEST_STEP][PASSED] - startApp.OpenApp.startApplication("id.co.miraeasset.sageclub"): startApp.OpenApp.startApplication is PASSED

2022-02-17 17:41:39 - [MESSAGE][PASSED] - Starting app with application ID: 'id.co.miraeasset.sageclub'

2022-02-17 17:41:39 - [MESSAGE][PASSED] - startApp.OpenApp.startApplication is PASSED

2022-02-17 17:41:39 - [MESSAGE][PASSED] - Call Test Case 'Test Cases/Mobile/Page/Run App/Run App byID' successfully

2022-02-17 17:41:39 - [TEST_STEP][PASSED] - callTestCase(findTestCase("Mobile/Page/News/News"), ["tab":"fundnews"], CONTINUE_ON_FAILURE): Call Test Case 'Test Cases/Mobile/Page/News/News' successfully

2022-02-17 17:41:39 - [TEST_CASE][PASSED] - Test Cases/Mobile/Page/News/News: Test Cases/Mobile/Page/News/News

2022-02-17 17:41:39 - [TEST_STEP][PASSED] - callTestCase(findTestCase("Mobile/Page/CheckLogin"), [:], CONTINUE_ON_FAILURE): Call Test Case 'Test Cases/Mobile/Page/CheckLogin' successfully

2022-02-17 17:41:39 - [TEST_CASE][PASSED] - Test Cases/Mobile/Page/CheckLogin: Test Cases/Mobile/Page/CheckLogin

2022-02-17 17:41:39 - [TEST_STEP][PASSED] - loginCheck = verifyElementExist(LOGN_BtnLogin, 5, CONTINUE_ON_FAILURE): Element 'Object Repository/Mobile/Page/Login/Button - Login' is exist

2022-02-17 17:41:41 - [MESSAGE][PASSED] - Element 'Object Repository/Mobile/Page/Login/Button - Login' is exist

2022-02-17 17:41:41 - [TEST_STEP][PASSED] - if (loginCheck): Call Test Case 'Test Cases/Mobile/Page/Login/Login' successfully

2022-02-17 17:41:41 - [TEST_STEP][PASSED] - callTestCase(findTestCase("Mobile/Page/Login/Login"), ["action":"username"], CONTINUE_ON_FAILURE): Call Test Case 'Test Cases/Mobile/Page/Login/Login' successfully

2022-02-17 17:41:41 - [TEST_CASE][PASSED] - Test Cases/Mobile/Page/Login/Login: Test Cases/Mobile/Page/Login/Login

2022-02-17 17:41:41 - [TEST_STEP][PASSED] - delay(2): Delayed 2 second(s)

2022-02-17 17:41:43 - [MESSAGE][PASSED] - Delayed 2 second(s)

2022-02-17 17:41:43 - [TEST_STEP][PASSED] - for ([i = 0, i < 1, (i++)]): null

2022-02-17 17:41:43 - [TEST_STEP][PASSED] - if (action == "username"): null

2022-02-17 17:41:43 - [TEST_STEP][PASSED] - tap(LOGN_EdtUserID, 0): Tapped on element 'Object Repository/Mobile/Page/Login/Input - UserID'

2022-02-17 17:41:43 - [MESSAGE][WARNING] - Timeout '0' is invalid. Using default page load timeout: '60'

2022-02-17 17:41:43 - [MESSAGE][PASSED] - Tapped on element 'Object Repository/Mobile/Page/Login/Input - UserID'

2022-02-17 17:41:43 - [TEST_STEP][PASSED] - delay(1): Delayed 1 second(s)

2022-02-17 17:41:44 - [MESSAGE][PASSED] - Delayed 1 second(s)

2022-02-17 17:41:44 - [TEST_STEP][PASSED] - setText(LOGN_EdtRdyUserID, "anggaaditya", 0): Text 'anggaaditya' has been set to element 'Object Repository/Mobile/Page/Login/Input Rdy - UserID'

2022-02-17 17:41:44 - [MESSAGE][WARNING] - Timeout '0' is invalid. Using default page load timeout: '60'

2022-02-17 17:41:45 - [MESSAGE][PASSED] - Text 'anggaaditya' has been set to element 'Object Repository/Mobile/Page/Login/Input Rdy - UserID'

2022-02-17 17:41:45 - [TEST_STEP][PASSED] - delay(1): Delayed 1 second(s)

2022-02-17 17:41:46 - [MESSAGE][PASSED] - Delayed 1 second(s)

2022-02-17 17:41:46 - [TEST_STEP][PASSED] - hideKeyboard(): Keyboard is hidden

2022-02-17 17:41:55 - [MESSAGE][PASSED] - Keyboard is hidden

2022-02-17 17:41:55 - [TEST_STEP][PASSED] - tap(LOGN_EdtPassword, 0): Tapped on element 'Object Repository/Mobile/Page/Login/Input - Password'

2022-02-17 17:41:55 - [MESSAGE][WARNING] - Timeout '0' is invalid. Using default page load timeout: '60'

2022-02-17 17:41:55 - [MESSAGE][PASSED] - Tapped on element 'Object Repository/Mobile/Page/Login/Input - Password'

2022-02-17 17:41:55 - [TEST_STEP][PASSED] - delay(1): Delayed 1 second(s)

2022-02-17 17:41:56 - [MESSAGE][PASSED] - Delayed 1 second(s)

2022-02-17 17:41:56 - [TEST_STEP][PASSED] - setText(LOGN_EdtRdyPassword, "Shalawa18", 0): Text 'Shalawa18' has been set to element 'Object Repository/Mobile/Page/Login/Input Rdy - Password'

2022-02-17 17:41:56 - [MESSAGE][WARNING] - Timeout '0' is invalid. Using default page load timeout: '60'

2022-02-17 17:41:56 - [MESSAGE][PASSED] - Text 'Shalawa18' has been set to element 'Object Repository/Mobile/Page/Login/Input Rdy - Password'

2022-02-17 17:41:56 - [TEST_STEP][PASSED] - delay(1): Delayed 1 second(s)

2022-02-17 17:41:57 - [MESSAGE][PASSED] - Delayed 1 second(s)

2022-02-17 17:41:57 - [TEST_STEP][PASSED] - hideKeyboard(): Keyboard is hidden

2022-02-17 17:42:08 - [MESSAGE][PASSED] - Keyboard is hidden

2022-02-17 17:42:08 - [TEST_STEP][PASSED] - tap(LOGN_BtnLogin, 0): Tapped on element 'Object Repository/Mobile/Page/Login/Button - Login'

2022-02-17 17:42:08 - [MESSAGE][WARNING] - Timeout '0' is invalid. Using default page load timeout: '60'

2022-02-17 17:42:09 - [MESSAGE][PASSED] - Tapped on element 'Object Repository/Mobile/Page/Login/Button - Login'

2022-02-17 17:42:09 - [TEST_STEP][PASSED] - delay(2): Delayed 2 second(s)

2022-02-17 17:42:11 - [MESSAGE][PASSED] - Delayed 2 second(s)

2022-02-17 17:42:11 - [TEST_STEP][PASSED] - break: null

2022-02-17 17:42:11 - [MESSAGE][PASSED] - Call Test Case 'Test Cases/Mobile/Page/Login/Login' successfully

2022-02-17 17:42:11 - [MESSAGE][PASSED] - Call Test Case 'Test Cases/Mobile/Page/CheckLogin' successfully

2022-02-17 17:42:11 - [TEST_STEP][PASSED] - tap(HOME_MenubarNews, 0): Tapped on element 'Object Repository/Mobile/Page/Home/Menubar - News'

2022-02-17 17:42:11 - [MESSAGE][WARNING] - Timeout '0' is invalid. Using default page load timeout: '60'

2022-02-17 17:42:13 - [MESSAGE][PASSED] - Tapped on element 'Object Repository/Mobile/Page/Home/Menubar - News'

2022-02-17 17:42:13 - [TEST_STEP][PASSED] - delay(1): Delayed 1 second(s)

2022-02-17 17:42:14 - [MESSAGE][PASSED] - Delayed 1 second(s)

2022-02-17 17:42:14 - [TEST_STEP][PASSED] - for ([i = 0, i < 1, (i++)]): Delayed 3 second(s)

2022-02-17 17:42:14 - [TEST_STEP][PASSED] - if (tab == "macronews"): null

2022-02-17 17:42:14 - [TEST_STEP][PASSED] - else if (tab == "stocknews"): null

2022-02-17 17:42:14 - [TEST_STEP][PASSED] - else if (tab == "fundnews"): Tapped on element 'Object Repository/Mobile/Page/News/Tab - Fund'

2022-02-17 17:42:14 - [TEST_STEP][PASSED] - tap(NEWS_TabFund, 0): Tapped on element 'Object Repository/Mobile/Page/News/Tab - Fund'

2022-02-17 17:42:14 - [MESSAGE][WARNING] - Timeout '0' is invalid. Using default page load timeout: '60'

2022-02-17 17:42:16 - [MESSAGE][PASSED] - Tapped on element 'Object Repository/Mobile/Page/News/Tab - Fund'

2022-02-17 17:42:16 - [TEST_STEP][PASSED] - delay(1): Delayed 1 second(s)

2022-02-17 17:42:17 - [MESSAGE][PASSED] - Delayed 1 second(s)

2022-02-17 17:42:17 - [TEST_STEP][PASSED] - if (tab != "worldindices"): Delayed 3 second(s)

2022-02-17 17:42:17 - [TEST_STEP][PASSED] - try: Delayed 3 second(s)

2022-02-17 17:42:17 - [TEST_STEP][PASSED] - tapAndHold(NEWS_ItemTopNews, 1, 10): Tapped and held on element 'Object Repository/Mobile/Page/News/Item - Top News' with duration 1

2022-02-17 17:42:20 - [MESSAGE][PASSED] - Tapped and held on element 'Object Repository/Mobile/Page/News/Item - Top News' with duration 1

2022-02-17 17:42:20 - [TEST_STEP][PASSED] - delay(1): Delayed 1 second(s)

2022-02-17 17:42:21 - [MESSAGE][PASSED] - Delayed 1 second(s)

2022-02-17 17:42:21 - [TEST_STEP][PASSED] - scroll.scroll.scrollScreenBottomToTop(): scroll.scroll.scrollScreenBottomToTop is PASSED

2022-02-17 17:42:21 - [MESSAGE][PASSED] - Current device physical height is 1423

2022-02-17 17:42:21 - [MESSAGE][PASSED] - Current device physical width is 720

2022-02-17 17:42:23 - [MESSAGE][PASSED] - Swiped from 360,1,138 to 360,284

2022-02-17 17:42:23 - [MESSAGE][PASSED] - scroll.scroll.scrollScreenBottomToTop is PASSED

2022-02-17 17:42:23 - [TEST_STEP][PASSED] - delay(3): Delayed 3 second(s)

2022-02-17 17:42:26 - [MESSAGE][PASSED] - Delayed 3 second(s)

2022-02-17 17:42:26 - [MESSAGE][PASSED] - Call Test Case 'Test Cases/Mobile/Page/News/News' successfully

2022-02-17 17:42:26 - [TEST_STEP][PASSED] - callTestCase(findTestCase("Mobile/Page/Run App/Terminate App"), [:], STOP_ON_FAILURE): Call Test Case 'Test Cases/Mobile/Page/Run App/Terminate App' successfully

2022-02-17 17:42:26 - [TEST_CASE][PASSED] - Test Cases/Mobile/Page/Run App/Terminate App: Test Cases/Mobile/Page/Run App/Terminate App

2022-02-17 17:42:26 - [TEST_STEP][PASSED] - startApp.OpenApp.terminateApplication(): startApp.OpenApp.terminateApplication is PASSED

2022-02-17 17:42:29 - [MESSAGE][PASSED] - Delayed 3 second(s)

2022-02-17 17:42:29 - [MESSAGE][PASSED] - Current device physical width is 720

2022-02-17 17:42:29 - [MESSAGE][PASSED] - Current device physical height is 1423

2022-02-17 17:42:31 - [MESSAGE][PASSED] - Swiped from 360,853 to 360,142

2022-02-17 17:42:32 - [MESSAGE][PASSED] - Delayed 1 second(s)

2022-02-17 17:42:33 - [MESSAGE][PASSED] - Swiped from 360,853 to 360,142

2022-02-17 17:42:36 - [MESSAGE][PASSED] - Delayed 3 second(s)

2022-02-17 17:42:36 - [MESSAGE][PASSED] - startApp.OpenApp.terminateApplication is PASSED

2022-02-17 17:42:36 - [MESSAGE][PASSED] - Call Test Case 'Test Cases/Mobile/Page/Run App/Terminate App' successfully]]></system-out>
         <system-err><![CDATA[]]></system-err>
      </testcase>
      <testcase name="Test Cases/Mobile/Scenario/News/004 - Bond News" time="72.271" classname="Test Cases/Mobile/Scenario/News/004 - Bond News" status="PASSED">
         <system-out><![CDATA[2022-02-17 17:42:36 - [TEST_CASE][PASSED] - Test Cases/Mobile/Scenario/News/004 - Bond News: Test Cases/Mobile/Scenario/News/004 - Bond News

2022-02-17 17:42:36 - [TEST_STEP][PASSED] - callTestCase(findTestCase("Mobile/Page/Run App/Run App byID"), [:], STOP_ON_FAILURE): Call Test Case 'Test Cases/Mobile/Page/Run App/Run App byID' successfully

2022-02-17 17:42:36 - [TEST_CASE][PASSED] - Test Cases/Mobile/Page/Run App/Run App byID: Test Cases/Mobile/Page/Run App/Run App byID

2022-02-17 17:42:36 - [TEST_STEP][PASSED] - startApp.OpenApp.startApplication("id.co.miraeasset.sageclub"): startApp.OpenApp.startApplication is PASSED

2022-02-17 17:42:51 - [MESSAGE][PASSED] - Starting app with application ID: 'id.co.miraeasset.sageclub'

2022-02-17 17:42:51 - [MESSAGE][PASSED] - startApp.OpenApp.startApplication is PASSED

2022-02-17 17:42:51 - [MESSAGE][PASSED] - Call Test Case 'Test Cases/Mobile/Page/Run App/Run App byID' successfully

2022-02-17 17:42:51 - [TEST_STEP][PASSED] - callTestCase(findTestCase("Mobile/Page/News/News"), ["tab":"bondnews"], CONTINUE_ON_FAILURE): Call Test Case 'Test Cases/Mobile/Page/News/News' successfully

2022-02-17 17:42:51 - [TEST_CASE][PASSED] - Test Cases/Mobile/Page/News/News: Test Cases/Mobile/Page/News/News

2022-02-17 17:42:51 - [TEST_STEP][PASSED] - callTestCase(findTestCase("Mobile/Page/CheckLogin"), [:], CONTINUE_ON_FAILURE): Call Test Case 'Test Cases/Mobile/Page/CheckLogin' successfully

2022-02-17 17:42:52 - [TEST_CASE][PASSED] - Test Cases/Mobile/Page/CheckLogin: Test Cases/Mobile/Page/CheckLogin

2022-02-17 17:42:52 - [TEST_STEP][PASSED] - loginCheck = verifyElementExist(LOGN_BtnLogin, 5, CONTINUE_ON_FAILURE): Element 'Object Repository/Mobile/Page/Login/Button - Login' is exist

2022-02-17 17:42:54 - [MESSAGE][PASSED] - Element 'Object Repository/Mobile/Page/Login/Button - Login' is exist

2022-02-17 17:42:54 - [TEST_STEP][PASSED] - if (loginCheck): Call Test Case 'Test Cases/Mobile/Page/Login/Login' successfully

2022-02-17 17:42:54 - [TEST_STEP][PASSED] - callTestCase(findTestCase("Mobile/Page/Login/Login"), ["action":"username"], CONTINUE_ON_FAILURE): Call Test Case 'Test Cases/Mobile/Page/Login/Login' successfully

2022-02-17 17:42:54 - [TEST_CASE][PASSED] - Test Cases/Mobile/Page/Login/Login: Test Cases/Mobile/Page/Login/Login

2022-02-17 17:42:54 - [TEST_STEP][PASSED] - delay(2): Delayed 2 second(s)

2022-02-17 17:42:56 - [MESSAGE][PASSED] - Delayed 2 second(s)

2022-02-17 17:42:56 - [TEST_STEP][PASSED] - for ([i = 0, i < 1, (i++)]): null

2022-02-17 17:42:56 - [TEST_STEP][PASSED] - if (action == "username"): null

2022-02-17 17:42:56 - [TEST_STEP][PASSED] - tap(LOGN_EdtUserID, 0): Tapped on element 'Object Repository/Mobile/Page/Login/Input - UserID'

2022-02-17 17:42:56 - [MESSAGE][WARNING] - Timeout '0' is invalid. Using default page load timeout: '60'

2022-02-17 17:42:56 - [MESSAGE][PASSED] - Tapped on element 'Object Repository/Mobile/Page/Login/Input - UserID'

2022-02-17 17:42:56 - [TEST_STEP][PASSED] - delay(1): Delayed 1 second(s)

2022-02-17 17:42:57 - [MESSAGE][PASSED] - Delayed 1 second(s)

2022-02-17 17:42:57 - [TEST_STEP][PASSED] - setText(LOGN_EdtRdyUserID, "anggaaditya", 0): Text 'anggaaditya' has been set to element 'Object Repository/Mobile/Page/Login/Input Rdy - UserID'

2022-02-17 17:42:57 - [MESSAGE][WARNING] - Timeout '0' is invalid. Using default page load timeout: '60'

2022-02-17 17:42:59 - [MESSAGE][PASSED] - Text 'anggaaditya' has been set to element 'Object Repository/Mobile/Page/Login/Input Rdy - UserID'

2022-02-17 17:42:59 - [TEST_STEP][PASSED] - delay(1): Delayed 1 second(s)

2022-02-17 17:43:00 - [MESSAGE][PASSED] - Delayed 1 second(s)

2022-02-17 17:43:00 - [TEST_STEP][PASSED] - hideKeyboard(): Keyboard is hidden

2022-02-17 17:43:08 - [MESSAGE][PASSED] - Keyboard is hidden

2022-02-17 17:43:08 - [TEST_STEP][PASSED] - tap(LOGN_EdtPassword, 0): Tapped on element 'Object Repository/Mobile/Page/Login/Input - Password'

2022-02-17 17:43:08 - [MESSAGE][WARNING] - Timeout '0' is invalid. Using default page load timeout: '60'

2022-02-17 17:43:08 - [MESSAGE][PASSED] - Tapped on element 'Object Repository/Mobile/Page/Login/Input - Password'

2022-02-17 17:43:08 - [TEST_STEP][PASSED] - delay(1): Delayed 1 second(s)

2022-02-17 17:43:09 - [MESSAGE][PASSED] - Delayed 1 second(s)

2022-02-17 17:43:09 - [TEST_STEP][PASSED] - setText(LOGN_EdtRdyPassword, "Shalawa18", 0): Text 'Shalawa18' has been set to element 'Object Repository/Mobile/Page/Login/Input Rdy - Password'

2022-02-17 17:43:09 - [MESSAGE][WARNING] - Timeout '0' is invalid. Using default page load timeout: '60'

2022-02-17 17:43:10 - [MESSAGE][PASSED] - Text 'Shalawa18' has been set to element 'Object Repository/Mobile/Page/Login/Input Rdy - Password'

2022-02-17 17:43:10 - [TEST_STEP][PASSED] - delay(1): Delayed 1 second(s)

2022-02-17 17:43:11 - [MESSAGE][PASSED] - Delayed 1 second(s)

2022-02-17 17:43:11 - [TEST_STEP][PASSED] - hideKeyboard(): Keyboard is hidden

2022-02-17 17:43:22 - [MESSAGE][PASSED] - Keyboard is hidden

2022-02-17 17:43:22 - [TEST_STEP][PASSED] - tap(LOGN_BtnLogin, 0): Tapped on element 'Object Repository/Mobile/Page/Login/Button - Login'

2022-02-17 17:43:22 - [MESSAGE][WARNING] - Timeout '0' is invalid. Using default page load timeout: '60'

2022-02-17 17:43:22 - [MESSAGE][PASSED] - Tapped on element 'Object Repository/Mobile/Page/Login/Button - Login'

2022-02-17 17:43:22 - [TEST_STEP][PASSED] - delay(2): Delayed 2 second(s)

2022-02-17 17:43:24 - [MESSAGE][PASSED] - Delayed 2 second(s)

2022-02-17 17:43:24 - [TEST_STEP][PASSED] - break: null

2022-02-17 17:43:24 - [MESSAGE][PASSED] - Call Test Case 'Test Cases/Mobile/Page/Login/Login' successfully

2022-02-17 17:43:24 - [MESSAGE][PASSED] - Call Test Case 'Test Cases/Mobile/Page/CheckLogin' successfully

2022-02-17 17:43:24 - [TEST_STEP][PASSED] - tap(HOME_MenubarNews, 0): Tapped on element 'Object Repository/Mobile/Page/Home/Menubar - News'

2022-02-17 17:43:24 - [MESSAGE][WARNING] - Timeout '0' is invalid. Using default page load timeout: '60'

2022-02-17 17:43:26 - [MESSAGE][PASSED] - Tapped on element 'Object Repository/Mobile/Page/Home/Menubar - News'

2022-02-17 17:43:26 - [TEST_STEP][PASSED] - delay(1): Delayed 1 second(s)

2022-02-17 17:43:27 - [MESSAGE][PASSED] - Delayed 1 second(s)

2022-02-17 17:43:27 - [TEST_STEP][PASSED] - for ([i = 0, i < 1, (i++)]): Delayed 3 second(s)

2022-02-17 17:43:27 - [TEST_STEP][PASSED] - if (tab == "macronews"): null

2022-02-17 17:43:27 - [TEST_STEP][PASSED] - else if (tab == "stocknews"): null

2022-02-17 17:43:27 - [TEST_STEP][PASSED] - else if (tab == "fundnews"): null

2022-02-17 17:43:27 - [TEST_STEP][PASSED] - else if (tab == "bondnews"): Tapped on element 'Object Repository/Mobile/Page/News/Tab - Bond'

2022-02-17 17:43:27 - [TEST_STEP][PASSED] - tap(NEWS_TabBond, 0): Tapped on element 'Object Repository/Mobile/Page/News/Tab - Bond'

2022-02-17 17:43:27 - [MESSAGE][WARNING] - Timeout '0' is invalid. Using default page load timeout: '60'

2022-02-17 17:43:28 - [MESSAGE][PASSED] - Tapped on element 'Object Repository/Mobile/Page/News/Tab - Bond'

2022-02-17 17:43:28 - [TEST_STEP][PASSED] - delay(1): Delayed 1 second(s)

2022-02-17 17:43:29 - [MESSAGE][PASSED] - Delayed 1 second(s)

2022-02-17 17:43:29 - [TEST_STEP][PASSED] - if (tab != "worldindices"): Delayed 3 second(s)

2022-02-17 17:43:29 - [TEST_STEP][PASSED] - try: Delayed 3 second(s)

2022-02-17 17:43:29 - [TEST_STEP][PASSED] - tapAndHold(NEWS_ItemTopNews, 1, 10): Tapped and held on element 'Object Repository/Mobile/Page/News/Item - Top News' with duration 1

2022-02-17 17:43:32 - [MESSAGE][PASSED] - Tapped and held on element 'Object Repository/Mobile/Page/News/Item - Top News' with duration 1

2022-02-17 17:43:32 - [TEST_STEP][PASSED] - delay(1): Delayed 1 second(s)

2022-02-17 17:43:33 - [MESSAGE][PASSED] - Delayed 1 second(s)

2022-02-17 17:43:33 - [TEST_STEP][PASSED] - scroll.scroll.scrollScreenBottomToTop(): scroll.scroll.scrollScreenBottomToTop is PASSED

2022-02-17 17:43:33 - [MESSAGE][PASSED] - Current device physical height is 1423

2022-02-17 17:43:34 - [MESSAGE][PASSED] - Current device physical width is 720

2022-02-17 17:43:35 - [MESSAGE][PASSED] - Swiped from 360,1,138 to 360,284

2022-02-17 17:43:35 - [MESSAGE][PASSED] - scroll.scroll.scrollScreenBottomToTop is PASSED

2022-02-17 17:43:35 - [TEST_STEP][PASSED] - delay(3): Delayed 3 second(s)

2022-02-17 17:43:38 - [MESSAGE][PASSED] - Delayed 3 second(s)

2022-02-17 17:43:38 - [MESSAGE][PASSED] - Call Test Case 'Test Cases/Mobile/Page/News/News' successfully

2022-02-17 17:43:38 - [TEST_STEP][PASSED] - callTestCase(findTestCase("Mobile/Page/Run App/Terminate App"), [:], STOP_ON_FAILURE): Call Test Case 'Test Cases/Mobile/Page/Run App/Terminate App' successfully

2022-02-17 17:43:38 - [TEST_CASE][PASSED] - Test Cases/Mobile/Page/Run App/Terminate App: Test Cases/Mobile/Page/Run App/Terminate App

2022-02-17 17:43:38 - [TEST_STEP][PASSED] - startApp.OpenApp.terminateApplication(): startApp.OpenApp.terminateApplication is PASSED

2022-02-17 17:43:41 - [MESSAGE][PASSED] - Delayed 3 second(s)

2022-02-17 17:43:41 - [MESSAGE][PASSED] - Current device physical width is 720

2022-02-17 17:43:42 - [MESSAGE][PASSED] - Current device physical height is 1423

2022-02-17 17:43:43 - [MESSAGE][PASSED] - Swiped from 360,853 to 360,142

2022-02-17 17:43:44 - [MESSAGE][PASSED] - Delayed 1 second(s)

2022-02-17 17:43:45 - [MESSAGE][PASSED] - Swiped from 360,853 to 360,142

2022-02-17 17:43:48 - [MESSAGE][PASSED] - Delayed 3 second(s)

2022-02-17 17:43:48 - [MESSAGE][PASSED] - startApp.OpenApp.terminateApplication is PASSED

2022-02-17 17:43:48 - [MESSAGE][PASSED] - Call Test Case 'Test Cases/Mobile/Page/Run App/Terminate App' successfully]]></system-out>
         <system-err><![CDATA[]]></system-err>
      </testcase>
      <testcase name="Test Cases/Mobile/Scenario/News/005 - Macro News" time="67.86" classname="Test Cases/Mobile/Scenario/News/005 - Macro News" status="PASSED">
         <system-out><![CDATA[2022-02-17 17:43:48 - [TEST_CASE][PASSED] - Test Cases/Mobile/Scenario/News/005 - Macro News: Test Cases/Mobile/Scenario/News/005 - Macro News

2022-02-17 17:43:48 - [TEST_STEP][PASSED] - callTestCase(findTestCase("Mobile/Page/Run App/Run App byID"), [:], STOP_ON_FAILURE): Call Test Case 'Test Cases/Mobile/Page/Run App/Run App byID' successfully

2022-02-17 17:43:49 - [TEST_CASE][PASSED] - Test Cases/Mobile/Page/Run App/Run App byID: Test Cases/Mobile/Page/Run App/Run App byID

2022-02-17 17:43:49 - [TEST_STEP][PASSED] - startApp.OpenApp.startApplication("id.co.miraeasset.sageclub"): startApp.OpenApp.startApplication is PASSED

2022-02-17 17:44:03 - [MESSAGE][PASSED] - Starting app with application ID: 'id.co.miraeasset.sageclub'

2022-02-17 17:44:03 - [MESSAGE][PASSED] - startApp.OpenApp.startApplication is PASSED

2022-02-17 17:44:03 - [MESSAGE][PASSED] - Call Test Case 'Test Cases/Mobile/Page/Run App/Run App byID' successfully

2022-02-17 17:44:03 - [TEST_STEP][PASSED] - callTestCase(findTestCase("Mobile/Page/News/News"), ["tab":"macronews"], CONTINUE_ON_FAILURE): Call Test Case 'Test Cases/Mobile/Page/News/News' successfully

2022-02-17 17:44:03 - [TEST_CASE][PASSED] - Test Cases/Mobile/Page/News/News: Test Cases/Mobile/Page/News/News

2022-02-17 17:44:03 - [TEST_STEP][PASSED] - callTestCase(findTestCase("Mobile/Page/CheckLogin"), [:], CONTINUE_ON_FAILURE): Call Test Case 'Test Cases/Mobile/Page/CheckLogin' successfully

2022-02-17 17:44:04 - [TEST_CASE][PASSED] - Test Cases/Mobile/Page/CheckLogin: Test Cases/Mobile/Page/CheckLogin

2022-02-17 17:44:04 - [TEST_STEP][PASSED] - loginCheck = verifyElementExist(LOGN_BtnLogin, 5, CONTINUE_ON_FAILURE): Element 'Object Repository/Mobile/Page/Login/Button - Login' is exist

2022-02-17 17:44:06 - [MESSAGE][PASSED] - Element 'Object Repository/Mobile/Page/Login/Button - Login' is exist

2022-02-17 17:44:06 - [TEST_STEP][PASSED] - if (loginCheck): Call Test Case 'Test Cases/Mobile/Page/Login/Login' successfully

2022-02-17 17:44:06 - [TEST_STEP][PASSED] - callTestCase(findTestCase("Mobile/Page/Login/Login"), ["action":"username"], CONTINUE_ON_FAILURE): Call Test Case 'Test Cases/Mobile/Page/Login/Login' successfully

2022-02-17 17:44:06 - [TEST_CASE][PASSED] - Test Cases/Mobile/Page/Login/Login: Test Cases/Mobile/Page/Login/Login

2022-02-17 17:44:06 - [TEST_STEP][PASSED] - delay(2): Delayed 2 second(s)

2022-02-17 17:44:08 - [MESSAGE][PASSED] - Delayed 2 second(s)

2022-02-17 17:44:08 - [TEST_STEP][PASSED] - for ([i = 0, i < 1, (i++)]): null

2022-02-17 17:44:08 - [TEST_STEP][PASSED] - if (action == "username"): null

2022-02-17 17:44:08 - [TEST_STEP][PASSED] - tap(LOGN_EdtUserID, 0): Tapped on element 'Object Repository/Mobile/Page/Login/Input - UserID'

2022-02-17 17:44:08 - [MESSAGE][WARNING] - Timeout '0' is invalid. Using default page load timeout: '60'

2022-02-17 17:44:08 - [MESSAGE][PASSED] - Tapped on element 'Object Repository/Mobile/Page/Login/Input - UserID'

2022-02-17 17:44:08 - [TEST_STEP][PASSED] - delay(1): Delayed 1 second(s)

2022-02-17 17:44:09 - [MESSAGE][PASSED] - Delayed 1 second(s)

2022-02-17 17:44:09 - [TEST_STEP][PASSED] - setText(LOGN_EdtRdyUserID, "anggaaditya", 0): Text 'anggaaditya' has been set to element 'Object Repository/Mobile/Page/Login/Input Rdy - UserID'

2022-02-17 17:44:09 - [MESSAGE][WARNING] - Timeout '0' is invalid. Using default page load timeout: '60'

2022-02-17 17:44:11 - [MESSAGE][PASSED] - Text 'anggaaditya' has been set to element 'Object Repository/Mobile/Page/Login/Input Rdy - UserID'

2022-02-17 17:44:11 - [TEST_STEP][PASSED] - delay(1): Delayed 1 second(s)

2022-02-17 17:44:12 - [MESSAGE][PASSED] - Delayed 1 second(s)

2022-02-17 17:44:12 - [TEST_STEP][PASSED] - hideKeyboard(): Keyboard is hidden

2022-02-17 17:44:18 - [MESSAGE][PASSED] - Keyboard is hidden

2022-02-17 17:44:18 - [TEST_STEP][PASSED] - tap(LOGN_EdtPassword, 0): Tapped on element 'Object Repository/Mobile/Page/Login/Input - Password'

2022-02-17 17:44:18 - [MESSAGE][WARNING] - Timeout '0' is invalid. Using default page load timeout: '60'

2022-02-17 17:44:19 - [MESSAGE][PASSED] - Tapped on element 'Object Repository/Mobile/Page/Login/Input - Password'

2022-02-17 17:44:19 - [TEST_STEP][PASSED] - delay(1): Delayed 1 second(s)

2022-02-17 17:44:20 - [MESSAGE][PASSED] - Delayed 1 second(s)

2022-02-17 17:44:20 - [TEST_STEP][PASSED] - setText(LOGN_EdtRdyPassword, "Shalawa18", 0): Text 'Shalawa18' has been set to element 'Object Repository/Mobile/Page/Login/Input Rdy - Password'

2022-02-17 17:44:20 - [MESSAGE][WARNING] - Timeout '0' is invalid. Using default page load timeout: '60'

2022-02-17 17:44:20 - [MESSAGE][PASSED] - Text 'Shalawa18' has been set to element 'Object Repository/Mobile/Page/Login/Input Rdy - Password'

2022-02-17 17:44:20 - [TEST_STEP][PASSED] - delay(1): Delayed 1 second(s)

2022-02-17 17:44:21 - [MESSAGE][PASSED] - Delayed 1 second(s)

2022-02-17 17:44:21 - [TEST_STEP][PASSED] - hideKeyboard(): Keyboard is hidden

2022-02-17 17:44:29 - [MESSAGE][PASSED] - Keyboard is hidden

2022-02-17 17:44:29 - [TEST_STEP][PASSED] - tap(LOGN_BtnLogin, 0): Tapped on element 'Object Repository/Mobile/Page/Login/Button - Login'

2022-02-17 17:44:29 - [MESSAGE][WARNING] - Timeout '0' is invalid. Using default page load timeout: '60'

2022-02-17 17:44:30 - [MESSAGE][PASSED] - Tapped on element 'Object Repository/Mobile/Page/Login/Button - Login'

2022-02-17 17:44:30 - [TEST_STEP][PASSED] - delay(2): Delayed 2 second(s)

2022-02-17 17:44:32 - [MESSAGE][PASSED] - Delayed 2 second(s)

2022-02-17 17:44:32 - [TEST_STEP][PASSED] - break: null

2022-02-17 17:44:32 - [MESSAGE][PASSED] - Call Test Case 'Test Cases/Mobile/Page/Login/Login' successfully

2022-02-17 17:44:32 - [MESSAGE][PASSED] - Call Test Case 'Test Cases/Mobile/Page/CheckLogin' successfully

2022-02-17 17:44:32 - [TEST_STEP][PASSED] - tap(HOME_MenubarNews, 0): Tapped on element 'Object Repository/Mobile/Page/Home/Menubar - News'

2022-02-17 17:44:32 - [MESSAGE][WARNING] - Timeout '0' is invalid. Using default page load timeout: '60'

2022-02-17 17:44:34 - [MESSAGE][PASSED] - Tapped on element 'Object Repository/Mobile/Page/Home/Menubar - News'

2022-02-17 17:44:34 - [TEST_STEP][PASSED] - delay(1): Delayed 1 second(s)

2022-02-17 17:44:35 - [MESSAGE][PASSED] - Delayed 1 second(s)

2022-02-17 17:44:35 - [TEST_STEP][PASSED] - for ([i = 0, i < 1, (i++)]): Delayed 3 second(s)

2022-02-17 17:44:35 - [TEST_STEP][PASSED] - if (tab == "macronews"): Tapped on element 'Object Repository/Mobile/Page/News/Tab - Macro'

2022-02-17 17:44:35 - [TEST_STEP][PASSED] - tap(NEWS_TabMacro, 0): Tapped on element 'Object Repository/Mobile/Page/News/Tab - Macro'

2022-02-17 17:44:35 - [MESSAGE][WARNING] - Timeout '0' is invalid. Using default page load timeout: '60'

2022-02-17 17:44:36 - [MESSAGE][PASSED] - Tapped on element 'Object Repository/Mobile/Page/News/Tab - Macro'

2022-02-17 17:44:36 - [TEST_STEP][PASSED] - delay(1): Delayed 1 second(s)

2022-02-17 17:44:37 - [MESSAGE][PASSED] - Delayed 1 second(s)

2022-02-17 17:44:37 - [TEST_STEP][PASSED] - if (tab != "worldindices"): Delayed 3 second(s)

2022-02-17 17:44:37 - [TEST_STEP][PASSED] - try: Delayed 3 second(s)

2022-02-17 17:44:37 - [TEST_STEP][PASSED] - tapAndHold(NEWS_ItemTopNews, 1, 10): Tapped and held on element 'Object Repository/Mobile/Page/News/Item - Top News' with duration 1

2022-02-17 17:44:40 - [MESSAGE][PASSED] - Tapped and held on element 'Object Repository/Mobile/Page/News/Item - Top News' with duration 1

2022-02-17 17:44:40 - [TEST_STEP][PASSED] - delay(1): Delayed 1 second(s)

2022-02-17 17:44:41 - [MESSAGE][PASSED] - Delayed 1 second(s)

2022-02-17 17:44:41 - [TEST_STEP][PASSED] - scroll.scroll.scrollScreenBottomToTop(): scroll.scroll.scrollScreenBottomToTop is PASSED

2022-02-17 17:44:41 - [MESSAGE][PASSED] - Current device physical height is 1423

2022-02-17 17:44:42 - [MESSAGE][PASSED] - Current device physical width is 720

2022-02-17 17:44:43 - [MESSAGE][PASSED] - Swiped from 360,1,138 to 360,284

2022-02-17 17:44:43 - [MESSAGE][PASSED] - scroll.scroll.scrollScreenBottomToTop is PASSED

2022-02-17 17:44:43 - [TEST_STEP][PASSED] - delay(3): Delayed 3 second(s)

2022-02-17 17:44:46 - [MESSAGE][PASSED] - Delayed 3 second(s)

2022-02-17 17:44:46 - [MESSAGE][PASSED] - Call Test Case 'Test Cases/Mobile/Page/News/News' successfully

2022-02-17 17:44:46 - [TEST_STEP][PASSED] - callTestCase(findTestCase("Mobile/Page/Run App/Terminate App"), [:], STOP_ON_FAILURE): Call Test Case 'Test Cases/Mobile/Page/Run App/Terminate App' successfully

2022-02-17 17:44:46 - [TEST_CASE][PASSED] - Test Cases/Mobile/Page/Run App/Terminate App: Test Cases/Mobile/Page/Run App/Terminate App

2022-02-17 17:44:46 - [TEST_STEP][PASSED] - startApp.OpenApp.terminateApplication(): startApp.OpenApp.terminateApplication is PASSED

2022-02-17 17:44:49 - [MESSAGE][PASSED] - Delayed 3 second(s)

2022-02-17 17:44:49 - [MESSAGE][PASSED] - Current device physical width is 720

2022-02-17 17:44:49 - [MESSAGE][PASSED] - Current device physical height is 1423

2022-02-17 17:44:51 - [MESSAGE][PASSED] - Swiped from 360,853 to 360,142

2022-02-17 17:44:52 - [MESSAGE][PASSED] - Delayed 1 second(s)

2022-02-17 17:44:53 - [MESSAGE][PASSED] - Swiped from 360,853 to 360,142

2022-02-17 17:44:56 - [MESSAGE][PASSED] - Delayed 3 second(s)

2022-02-17 17:44:56 - [MESSAGE][PASSED] - startApp.OpenApp.terminateApplication is PASSED

2022-02-17 17:44:56 - [MESSAGE][PASSED] - Call Test Case 'Test Cases/Mobile/Page/Run App/Terminate App' successfully]]></system-out>
         <system-err><![CDATA[]]></system-err>
      </testcase>
      <system-out><![CDATA[2022-02-17 17:38:31 - [TEST_SUITE][PASSED] - news: Test Cases/Mobile/Scenario/News/005 - Macro News]]></system-out>
      <system-err><![CDATA[]]></system-err>
   </testsuite>
</testsuites>
