<?xml version="1.0" encoding="UTF-8"?>
<testsuites name="analysis" time="502.18" tests="7" failures="0" skips="0" errors="0">
   <testsuite name="analysis" tests="7" failures="0" errors="0" time="502.18" skips="0" timestamp="2022-01-13 08:05:49" hostname="Owner - aldy-tft" id="Test Suites/analysis">
      <properties>
         <property name="deviceName" value="samsung SM-A205F (Android 11)"/>
         <property name="devicePlatform" value=""/>
         <property name="logFolder" value="C:\\Users\\Owner\\Documents\\kerjaan\\KatalonProject\\qa_katalon_pwm\\qa_katalon_pwm\\Reports\\20220113_080456\\analysis\\20220113_080503"/>
         <property name="logFiles" value="C:\\Users\\Owner\\Documents\\kerjaan\\KatalonProject\\qa_katalon_pwm\\qa_katalon_pwm\\Reports\\20220113_080456\\analysis\\20220113_080503\\appium.log, C:\\Users\\Owner\\Documents\\kerjaan\\KatalonProject\\qa_katalon_pwm\\qa_katalon_pwm\\Reports\\20220113_080456\\analysis\\20220113_080503\\execution0.log"/>
         <property name="attachments" value=""/>
         <property name="hostName" value="Owner - aldy-tft"/>
         <property name="os" value="Windows 10 64bit"/>
         <property name="appiumServerStatus" value="{&quot;value&quot;:{&quot;build&quot;:{&quot;version&quot;:&quot;1.22.0&quot;}},&quot;sessionId&quot;:null,&quot;status&quot;:0}"/>
         <property name="katalonVersion" value="7.9.1.208"/>
         <property name="deviceOS" value="Android"/>
         <property name="appiumVersion" value="1.22.0"/>
         <property name="deviceModel" value="SM-A205F"/>
         <property name="hostAddress" value="10.0.30.144"/>
         <property name="deviceManufacturer" value="samsung"/>
         <property name="deviceId" value="RR8M40C9AXE"/>
         <property name="deviceName" value="samsung SM-A205F (Android 11)"/>
         <property name="deviceOSVersion" value="11"/>
      </properties>
      <testcase name="Test Cases/Mobile/Scenario/Analysis/001 - Melihat list stock technical analysis" time="121.334" classname="Test Cases/Mobile/Scenario/Analysis/001 - Melihat list stock technical analysis" status="PASSED">
         <system-out><![CDATA[2022-01-13 08:05:51 - [TEST_CASE][PASSED] - Test Cases/Mobile/Scenario/Analysis/001 - Melihat list stock technical analysis: Test Cases/Mobile/Scenario/Analysis/001 - Melihat list stock technical analysis

2022-01-13 08:05:52 - [TEST_STEP][PASSED] - callTestCase(findTestCase("Mobile/Page/Run App/Run App byID"), [:], STOP_ON_FAILURE): Call Test Case 'Test Cases/Mobile/Page/Run App/Run App byID' successfully

2022-01-13 08:05:52 - [TEST_CASE][PASSED] - Test Cases/Mobile/Page/Run App/Run App byID: Test Cases/Mobile/Page/Run App/Run App byID

2022-01-13 08:05:53 - [TEST_STEP][PASSED] - startApp.OpenApp.startApplication("id.co.miraeasset.sageclub"): startApp.OpenApp.startApplication is PASSED

2022-01-13 08:06:03 - [MESSAGE][INFO] - Appium server started on port 57,478

2022-01-13 08:06:27 - [MESSAGE][PASSED] - Starting app with application ID: 'id.co.miraeasset.sageclub'

2022-01-13 08:06:27 - [MESSAGE][PASSED] - startApp.OpenApp.startApplication is PASSED

2022-01-13 08:06:27 - [MESSAGE][PASSED] - Call Test Case 'Test Cases/Mobile/Page/Run App/Run App byID' successfully

2022-01-13 08:06:27 - [TEST_STEP][PASSED] - callTestCase(findTestCase("Mobile/Page/Analysis/Analysis"), ["action":"technicalsearch"], CONTINUE_ON_FAILURE): Call Test Case 'Test Cases/Mobile/Page/Analysis/Analysis' successfully

2022-01-13 08:06:27 - [TEST_CASE][PASSED] - Test Cases/Mobile/Page/Analysis/Analysis: Test Cases/Mobile/Page/Analysis/Analysis

2022-01-13 08:06:28 - [TEST_STEP][PASSED] - callTestCase(findTestCase("Mobile/Page/CheckLogin"), [:], CONTINUE_ON_FAILURE): Call Test Case 'Test Cases/Mobile/Page/CheckLogin' successfully

2022-01-13 08:06:28 - [TEST_CASE][PASSED] - Test Cases/Mobile/Page/CheckLogin: Test Cases/Mobile/Page/CheckLogin

2022-01-13 08:06:28 - [TEST_STEP][PASSED] - loginCheck = verifyElementExist(LOGN_BtnLogin, 5, CONTINUE_ON_FAILURE): Element 'Object Repository/Mobile/Page/Login/Button - Login' is exist

2022-01-13 08:06:51 - [MESSAGE][PASSED] - Element 'Object Repository/Mobile/Page/Login/Button - Login' is exist

2022-01-13 08:06:51 - [TEST_STEP][PASSED] - if (loginCheck): Call Test Case 'Test Cases/Mobile/Page/Login/Login' successfully

2022-01-13 08:06:51 - [TEST_STEP][PASSED] - callTestCase(findTestCase("Mobile/Page/Login/Login"), ["action":"username"], CONTINUE_ON_FAILURE): Call Test Case 'Test Cases/Mobile/Page/Login/Login' successfully

2022-01-13 08:06:51 - [TEST_CASE][PASSED] - Test Cases/Mobile/Page/Login/Login: Test Cases/Mobile/Page/Login/Login

2022-01-13 08:06:52 - [TEST_STEP][PASSED] - delay(2): Delayed 2 second(s)

2022-01-13 08:06:54 - [MESSAGE][PASSED] - Delayed 2 second(s)

2022-01-13 08:06:54 - [TEST_STEP][PASSED] - for ([i = 0, i < 1, (i++)]): null

2022-01-13 08:06:54 - [TEST_STEP][PASSED] - if (action == "username"): null

2022-01-13 08:06:54 - [TEST_STEP][PASSED] - tap(LOGN_EdtUserID, 0): Tapped on element 'Object Repository/Mobile/Page/Login/Input - UserID'

2022-01-13 08:06:54 - [MESSAGE][WARNING] - Timeout '0' is invalid. Using default page load timeout: '60'

2022-01-13 08:06:54 - [MESSAGE][PASSED] - Tapped on element 'Object Repository/Mobile/Page/Login/Input - UserID'

2022-01-13 08:06:54 - [TEST_STEP][PASSED] - delay(1): Delayed 1 second(s)

2022-01-13 08:06:55 - [MESSAGE][PASSED] - Delayed 1 second(s)

2022-01-13 08:06:55 - [TEST_STEP][PASSED] - setText(LOGN_EdtRdyUserID, "anggaaditya", 0): Text 'anggaaditya' has been set to element 'Object Repository/Mobile/Page/Login/Input Rdy - UserID'

2022-01-13 08:06:55 - [MESSAGE][WARNING] - Timeout '0' is invalid. Using default page load timeout: '60'

2022-01-13 08:06:57 - [MESSAGE][PASSED] - Text 'anggaaditya' has been set to element 'Object Repository/Mobile/Page/Login/Input Rdy - UserID'

2022-01-13 08:06:57 - [TEST_STEP][PASSED] - delay(1): Delayed 1 second(s)

2022-01-13 08:06:58 - [MESSAGE][PASSED] - Delayed 1 second(s)

2022-01-13 08:06:58 - [TEST_STEP][PASSED] - hideKeyboard(): Keyboard is hidden

2022-01-13 08:07:02 - [MESSAGE][PASSED] - Keyboard is hidden

2022-01-13 08:07:02 - [TEST_STEP][PASSED] - tap(LOGN_EdtPassword, 0): Tapped on element 'Object Repository/Mobile/Page/Login/Input - Password'

2022-01-13 08:07:02 - [MESSAGE][WARNING] - Timeout '0' is invalid. Using default page load timeout: '60'

2022-01-13 08:07:04 - [MESSAGE][PASSED] - Tapped on element 'Object Repository/Mobile/Page/Login/Input - Password'

2022-01-13 08:07:04 - [TEST_STEP][PASSED] - delay(1): Delayed 1 second(s)

2022-01-13 08:07:05 - [MESSAGE][PASSED] - Delayed 1 second(s)

2022-01-13 08:07:05 - [TEST_STEP][PASSED] - setText(LOGN_EdtRdyPassword, "Shalawa18", 0): Text 'Shalawa18' has been set to element 'Object Repository/Mobile/Page/Login/Input Rdy - Password'

2022-01-13 08:07:05 - [MESSAGE][WARNING] - Timeout '0' is invalid. Using default page load timeout: '60'

2022-01-13 08:07:05 - [MESSAGE][PASSED] - Text 'Shalawa18' has been set to element 'Object Repository/Mobile/Page/Login/Input Rdy - Password'

2022-01-13 08:07:05 - [TEST_STEP][PASSED] - delay(1): Delayed 1 second(s)

2022-01-13 08:07:06 - [MESSAGE][PASSED] - Delayed 1 second(s)

2022-01-13 08:07:06 - [TEST_STEP][PASSED] - hideKeyboard(): Keyboard is hidden

2022-01-13 08:07:13 - [MESSAGE][PASSED] - Keyboard is hidden

2022-01-13 08:07:13 - [TEST_STEP][PASSED] - tap(LOGN_BtnLogin, 0): Tapped on element 'Object Repository/Mobile/Page/Login/Button - Login'

2022-01-13 08:07:13 - [MESSAGE][WARNING] - Timeout '0' is invalid. Using default page load timeout: '60'

2022-01-13 08:07:14 - [MESSAGE][PASSED] - Tapped on element 'Object Repository/Mobile/Page/Login/Button - Login'

2022-01-13 08:07:14 - [TEST_STEP][PASSED] - delay(2): Delayed 2 second(s)

2022-01-13 08:07:16 - [MESSAGE][PASSED] - Delayed 2 second(s)

2022-01-13 08:07:16 - [TEST_STEP][PASSED] - break: null

2022-01-13 08:07:16 - [MESSAGE][PASSED] - Call Test Case 'Test Cases/Mobile/Page/Login/Login' successfully

2022-01-13 08:07:16 - [MESSAGE][PASSED] - Call Test Case 'Test Cases/Mobile/Page/CheckLogin' successfully

2022-01-13 08:07:16 - [TEST_STEP][PASSED] - tap(HOME_MenubarAnalysis, 0): Tapped on element 'Object Repository/Mobile/Page/Home/Menubar - Analysis'

2022-01-13 08:07:16 - [MESSAGE][WARNING] - Timeout '0' is invalid. Using default page load timeout: '60'

2022-01-13 08:07:18 - [MESSAGE][PASSED] - Tapped on element 'Object Repository/Mobile/Page/Home/Menubar - Analysis'

2022-01-13 08:07:18 - [TEST_STEP][PASSED] - delay(1): Delayed 1 second(s)

2022-01-13 08:07:19 - [MESSAGE][PASSED] - Delayed 1 second(s)

2022-01-13 08:07:19 - [TEST_STEP][PASSED] - for ([i = 0, i < 1, (i++)]): Delayed 2 second(s)

2022-01-13 08:07:19 - [TEST_STEP][PASSED] - if (action == "technicalsearch"): Delayed 2 second(s)

2022-01-13 08:07:19 - [TEST_STEP][PASSED] - tap(ANAL_DropTechIndicator, 0): Tapped on element 'Object Repository/Mobile/Page/Analysis/Dropdown - Technical Indicator'

2022-01-13 08:07:19 - [MESSAGE][WARNING] - Timeout '0' is invalid. Using default page load timeout: '60'

2022-01-13 08:07:20 - [MESSAGE][PASSED] - Tapped on element 'Object Repository/Mobile/Page/Analysis/Dropdown - Technical Indicator'

2022-01-13 08:07:20 - [TEST_STEP][PASSED] - delay(1): Delayed 1 second(s)

2022-01-13 08:07:21 - [MESSAGE][PASSED] - Delayed 1 second(s)

2022-01-13 08:07:21 - [TEST_STEP][PASSED] - tap(ANAL_OptTechIndicatorAll, 0): Tapped on element 'Object Repository/Mobile/Page/Analysis/Option Technical Indicator - All'

2022-01-13 08:07:21 - [MESSAGE][WARNING] - Timeout '0' is invalid. Using default page load timeout: '60'

2022-01-13 08:07:22 - [MESSAGE][PASSED] - Tapped on element 'Object Repository/Mobile/Page/Analysis/Option Technical Indicator - All'

2022-01-13 08:07:22 - [TEST_STEP][PASSED] - delay(1): Delayed 1 second(s)

2022-01-13 08:07:23 - [MESSAGE][PASSED] - Delayed 1 second(s)

2022-01-13 08:07:23 - [TEST_STEP][PASSED] - tap(ANAL_DropMarketCap, 0): Tapped on element 'Object Repository/Mobile/Page/Analysis/Dropdown - Market Cap'

2022-01-13 08:07:23 - [MESSAGE][WARNING] - Timeout '0' is invalid. Using default page load timeout: '60'

2022-01-13 08:07:25 - [MESSAGE][PASSED] - Tapped on element 'Object Repository/Mobile/Page/Analysis/Dropdown - Market Cap'

2022-01-13 08:07:25 - [TEST_STEP][PASSED] - delay(1): Delayed 1 second(s)

2022-01-13 08:07:26 - [MESSAGE][PASSED] - Delayed 1 second(s)

2022-01-13 08:07:26 - [TEST_STEP][PASSED] - tap(ANAL_OptMarketCap1T, 0): Tapped on element 'Object Repository/Mobile/Page/Analysis/Option Market Cap - 1 Trillion'

2022-01-13 08:07:26 - [MESSAGE][WARNING] - Timeout '0' is invalid. Using default page load timeout: '60'

2022-01-13 08:07:27 - [MESSAGE][PASSED] - Tapped on element 'Object Repository/Mobile/Page/Analysis/Option Market Cap - 1 Trillion'

2022-01-13 08:07:27 - [TEST_STEP][PASSED] - delay(1): Delayed 1 second(s)

2022-01-13 08:07:28 - [MESSAGE][PASSED] - Delayed 1 second(s)

2022-01-13 08:07:28 - [TEST_STEP][PASSED] - tap(ANAL_DropTransaction, 0): Tapped on element 'Object Repository/Mobile/Page/Analysis/Dropdown - Transaction'

2022-01-13 08:07:28 - [MESSAGE][WARNING] - Timeout '0' is invalid. Using default page load timeout: '60'

2022-01-13 08:07:29 - [MESSAGE][PASSED] - Tapped on element 'Object Repository/Mobile/Page/Analysis/Dropdown - Transaction'

2022-01-13 08:07:29 - [TEST_STEP][PASSED] - delay(1): Delayed 1 second(s)

2022-01-13 08:07:30 - [MESSAGE][PASSED] - Delayed 1 second(s)

2022-01-13 08:07:30 - [TEST_STEP][PASSED] - tap(ANAL_OptTransaction1B, 0): Tapped on element 'Object Repository/Mobile/Page/Analysis/Option Transaction - 1 Billion'

2022-01-13 08:07:30 - [MESSAGE][WARNING] - Timeout '0' is invalid. Using default page load timeout: '60'

2022-01-13 08:07:31 - [MESSAGE][PASSED] - Tapped on element 'Object Repository/Mobile/Page/Analysis/Option Transaction - 1 Billion'

2022-01-13 08:07:31 - [TEST_STEP][PASSED] - delay(1): Delayed 1 second(s)

2022-01-13 08:07:32 - [MESSAGE][PASSED] - Delayed 1 second(s)

2022-01-13 08:07:32 - [TEST_STEP][PASSED] - tap(ANAL_DropTimeFrame, 0): Tapped on element 'Object Repository/Mobile/Page/Analysis/Dropdown - Time Frame'

2022-01-13 08:07:32 - [MESSAGE][WARNING] - Timeout '0' is invalid. Using default page load timeout: '60'

2022-01-13 08:07:32 - [MESSAGE][PASSED] - Tapped on element 'Object Repository/Mobile/Page/Analysis/Dropdown - Time Frame'

2022-01-13 08:07:32 - [TEST_STEP][PASSED] - delay(1): Delayed 1 second(s)

2022-01-13 08:07:33 - [MESSAGE][PASSED] - Delayed 1 second(s)

2022-01-13 08:07:33 - [TEST_STEP][PASSED] - tap(ANAL_OptTimeFrameDaily, 0): Tapped on element 'Object Repository/Mobile/Page/Analysis/Option Time Frame - Daily'

2022-01-13 08:07:33 - [MESSAGE][WARNING] - Timeout '0' is invalid. Using default page load timeout: '60'

2022-01-13 08:07:34 - [MESSAGE][PASSED] - Tapped on element 'Object Repository/Mobile/Page/Analysis/Option Time Frame - Daily'

2022-01-13 08:07:34 - [TEST_STEP][PASSED] - delay(1): Delayed 1 second(s)

2022-01-13 08:07:35 - [MESSAGE][PASSED] - Delayed 1 second(s)

2022-01-13 08:07:35 - [TEST_STEP][PASSED] - tap(ANAL_DropIndex, 0): Tapped on element 'Object Repository/Mobile/Page/Analysis/Dropdown - Index'

2022-01-13 08:07:35 - [MESSAGE][WARNING] - Timeout '0' is invalid. Using default page load timeout: '60'

2022-01-13 08:07:36 - [MESSAGE][PASSED] - Tapped on element 'Object Repository/Mobile/Page/Analysis/Dropdown - Index'

2022-01-13 08:07:36 - [TEST_STEP][PASSED] - delay(1): Delayed 1 second(s)

2022-01-13 08:07:37 - [MESSAGE][PASSED] - Delayed 1 second(s)

2022-01-13 08:07:37 - [TEST_STEP][PASSED] - tap(ANAL_OptIndexIdx30, 0): Tapped on element 'Object Repository/Mobile/Page/Analysis/Option Index - Idx30'

2022-01-13 08:07:37 - [MESSAGE][WARNING] - Timeout '0' is invalid. Using default page load timeout: '60'

2022-01-13 08:07:39 - [MESSAGE][PASSED] - Tapped on element 'Object Repository/Mobile/Page/Analysis/Option Index - Idx30'

2022-01-13 08:07:39 - [TEST_STEP][PASSED] - delay(2): Delayed 2 second(s)

2022-01-13 08:07:41 - [MESSAGE][PASSED] - Delayed 2 second(s)

2022-01-13 08:07:41 - [MESSAGE][PASSED] - Call Test Case 'Test Cases/Mobile/Page/Analysis/Analysis' successfully

2022-01-13 08:07:41 - [TEST_STEP][PASSED] - callTestCase(findTestCase("Mobile/Page/Run App/Terminate App"), [:], STOP_ON_FAILURE): Call Test Case 'Test Cases/Mobile/Page/Run App/Terminate App' successfully

2022-01-13 08:07:41 - [TEST_CASE][PASSED] - Test Cases/Mobile/Page/Run App/Terminate App: Test Cases/Mobile/Page/Run App/Terminate App

2022-01-13 08:07:41 - [TEST_STEP][PASSED] - startApp.OpenApp.terminateApplication(): startApp.OpenApp.terminateApplication is PASSED

2022-01-13 08:07:45 - [MESSAGE][PASSED] - Delayed 3 second(s)

2022-01-13 08:07:45 - [MESSAGE][PASSED] - Current device physical width is 720

2022-01-13 08:07:45 - [MESSAGE][PASSED] - Current device physical height is 1423

2022-01-13 08:07:47 - [MESSAGE][PASSED] - Swiped from 360,853 to 360,142

2022-01-13 08:07:48 - [MESSAGE][PASSED] - Delayed 1 second(s)

2022-01-13 08:07:49 - [MESSAGE][PASSED] - Swiped from 360,853 to 360,142

2022-01-13 08:07:52 - [MESSAGE][PASSED] - Delayed 3 second(s)

2022-01-13 08:07:52 - [MESSAGE][PASSED] - startApp.OpenApp.terminateApplication is PASSED

2022-01-13 08:07:52 - [MESSAGE][PASSED] - Call Test Case 'Test Cases/Mobile/Page/Run App/Terminate App' successfully]]></system-out>
         <system-err><![CDATA[]]></system-err>
      </testcase>
      <testcase name="Test Cases/Mobile/Scenario/Analysis/002 - Melihat detail stock kategori day" time="64.459" classname="Test Cases/Mobile/Scenario/Analysis/002 - Melihat detail stock kategori day" status="PASSED">
         <system-out><![CDATA[2022-01-13 08:07:52 - [TEST_CASE][PASSED] - Test Cases/Mobile/Scenario/Analysis/002 - Melihat detail stock kategori day: Test Cases/Mobile/Scenario/Analysis/002 - Melihat detail stock kategori day

2022-01-13 08:07:53 - [TEST_STEP][PASSED] - callTestCase(findTestCase("Mobile/Page/Run App/Run App byID"), [:], STOP_ON_FAILURE): Call Test Case 'Test Cases/Mobile/Page/Run App/Run App byID' successfully

2022-01-13 08:07:53 - [TEST_CASE][PASSED] - Test Cases/Mobile/Page/Run App/Run App byID: Test Cases/Mobile/Page/Run App/Run App byID

2022-01-13 08:07:53 - [TEST_STEP][PASSED] - startApp.OpenApp.startApplication("id.co.miraeasset.sageclub"): startApp.OpenApp.startApplication is PASSED

2022-01-13 08:08:09 - [MESSAGE][PASSED] - Starting app with application ID: 'id.co.miraeasset.sageclub'

2022-01-13 08:08:09 - [MESSAGE][PASSED] - startApp.OpenApp.startApplication is PASSED

2022-01-13 08:08:09 - [MESSAGE][PASSED] - Call Test Case 'Test Cases/Mobile/Page/Run App/Run App byID' successfully

2022-01-13 08:08:09 - [TEST_STEP][PASSED] - callTestCase(findTestCase("Mobile/Page/Analysis/Analysis"), ["action":"technicaldetail", "action2":"day"], CONTINUE_ON_FAILURE): Call Test Case 'Test Cases/Mobile/Page/Analysis/Analysis' successfully

2022-01-13 08:08:09 - [TEST_CASE][PASSED] - Test Cases/Mobile/Page/Analysis/Analysis: Test Cases/Mobile/Page/Analysis/Analysis

2022-01-13 08:08:09 - [TEST_STEP][PASSED] - callTestCase(findTestCase("Mobile/Page/CheckLogin"), [:], CONTINUE_ON_FAILURE): Call Test Case 'Test Cases/Mobile/Page/CheckLogin' successfully

2022-01-13 08:08:09 - [TEST_CASE][PASSED] - Test Cases/Mobile/Page/CheckLogin: Test Cases/Mobile/Page/CheckLogin

2022-01-13 08:08:09 - [TEST_STEP][PASSED] - loginCheck = verifyElementExist(LOGN_BtnLogin, 5, CONTINUE_ON_FAILURE): Element 'Object Repository/Mobile/Page/Login/Button - Login' is exist

2022-01-13 08:08:11 - [MESSAGE][PASSED] - Element 'Object Repository/Mobile/Page/Login/Button - Login' is exist

2022-01-13 08:08:11 - [TEST_STEP][PASSED] - if (loginCheck): Call Test Case 'Test Cases/Mobile/Page/Login/Login' successfully

2022-01-13 08:08:11 - [TEST_STEP][PASSED] - callTestCase(findTestCase("Mobile/Page/Login/Login"), ["action":"username"], CONTINUE_ON_FAILURE): Call Test Case 'Test Cases/Mobile/Page/Login/Login' successfully

2022-01-13 08:08:11 - [TEST_CASE][PASSED] - Test Cases/Mobile/Page/Login/Login: Test Cases/Mobile/Page/Login/Login

2022-01-13 08:08:11 - [TEST_STEP][PASSED] - delay(2): Delayed 2 second(s)

2022-01-13 08:08:13 - [MESSAGE][PASSED] - Delayed 2 second(s)

2022-01-13 08:08:13 - [TEST_STEP][PASSED] - for ([i = 0, i < 1, (i++)]): null

2022-01-13 08:08:13 - [TEST_STEP][PASSED] - if (action == "username"): null

2022-01-13 08:08:13 - [TEST_STEP][PASSED] - tap(LOGN_EdtUserID, 0): Tapped on element 'Object Repository/Mobile/Page/Login/Input - UserID'

2022-01-13 08:08:13 - [MESSAGE][WARNING] - Timeout '0' is invalid. Using default page load timeout: '60'

2022-01-13 08:08:13 - [MESSAGE][PASSED] - Tapped on element 'Object Repository/Mobile/Page/Login/Input - UserID'

2022-01-13 08:08:13 - [TEST_STEP][PASSED] - delay(1): Delayed 1 second(s)

2022-01-13 08:08:14 - [MESSAGE][PASSED] - Delayed 1 second(s)

2022-01-13 08:08:14 - [TEST_STEP][PASSED] - setText(LOGN_EdtRdyUserID, "anggaaditya", 0): Text 'anggaaditya' has been set to element 'Object Repository/Mobile/Page/Login/Input Rdy - UserID'

2022-01-13 08:08:14 - [MESSAGE][WARNING] - Timeout '0' is invalid. Using default page load timeout: '60'

2022-01-13 08:08:15 - [MESSAGE][PASSED] - Text 'anggaaditya' has been set to element 'Object Repository/Mobile/Page/Login/Input Rdy - UserID'

2022-01-13 08:08:15 - [TEST_STEP][PASSED] - delay(1): Delayed 1 second(s)

2022-01-13 08:08:16 - [MESSAGE][PASSED] - Delayed 1 second(s)

2022-01-13 08:08:16 - [TEST_STEP][PASSED] - hideKeyboard(): Keyboard is hidden

2022-01-13 08:08:20 - [MESSAGE][PASSED] - Keyboard is hidden

2022-01-13 08:08:20 - [TEST_STEP][PASSED] - tap(LOGN_EdtPassword, 0): Tapped on element 'Object Repository/Mobile/Page/Login/Input - Password'

2022-01-13 08:08:20 - [MESSAGE][WARNING] - Timeout '0' is invalid. Using default page load timeout: '60'

2022-01-13 08:08:21 - [MESSAGE][PASSED] - Tapped on element 'Object Repository/Mobile/Page/Login/Input - Password'

2022-01-13 08:08:21 - [TEST_STEP][PASSED] - delay(1): Delayed 1 second(s)

2022-01-13 08:08:22 - [MESSAGE][PASSED] - Delayed 1 second(s)

2022-01-13 08:08:22 - [TEST_STEP][PASSED] - setText(LOGN_EdtRdyPassword, "Shalawa18", 0): Text 'Shalawa18' has been set to element 'Object Repository/Mobile/Page/Login/Input Rdy - Password'

2022-01-13 08:08:22 - [MESSAGE][WARNING] - Timeout '0' is invalid. Using default page load timeout: '60'

2022-01-13 08:08:22 - [MESSAGE][PASSED] - Text 'Shalawa18' has been set to element 'Object Repository/Mobile/Page/Login/Input Rdy - Password'

2022-01-13 08:08:22 - [TEST_STEP][PASSED] - delay(1): Delayed 1 second(s)

2022-01-13 08:08:23 - [MESSAGE][PASSED] - Delayed 1 second(s)

2022-01-13 08:08:23 - [TEST_STEP][PASSED] - hideKeyboard(): Keyboard is hidden

2022-01-13 08:08:30 - [MESSAGE][PASSED] - Keyboard is hidden

2022-01-13 08:08:30 - [TEST_STEP][PASSED] - tap(LOGN_BtnLogin, 0): Tapped on element 'Object Repository/Mobile/Page/Login/Button - Login'

2022-01-13 08:08:30 - [MESSAGE][WARNING] - Timeout '0' is invalid. Using default page load timeout: '60'

2022-01-13 08:08:31 - [MESSAGE][PASSED] - Tapped on element 'Object Repository/Mobile/Page/Login/Button - Login'

2022-01-13 08:08:31 - [TEST_STEP][PASSED] - delay(2): Delayed 2 second(s)

2022-01-13 08:08:33 - [MESSAGE][PASSED] - Delayed 2 second(s)

2022-01-13 08:08:33 - [TEST_STEP][PASSED] - break: null

2022-01-13 08:08:33 - [MESSAGE][PASSED] - Call Test Case 'Test Cases/Mobile/Page/Login/Login' successfully

2022-01-13 08:08:33 - [MESSAGE][PASSED] - Call Test Case 'Test Cases/Mobile/Page/CheckLogin' successfully

2022-01-13 08:08:33 - [TEST_STEP][PASSED] - tap(HOME_MenubarAnalysis, 0): Tapped on element 'Object Repository/Mobile/Page/Home/Menubar - Analysis'

2022-01-13 08:08:33 - [MESSAGE][WARNING] - Timeout '0' is invalid. Using default page load timeout: '60'

2022-01-13 08:08:37 - [MESSAGE][PASSED] - Tapped on element 'Object Repository/Mobile/Page/Home/Menubar - Analysis'

2022-01-13 08:08:37 - [TEST_STEP][PASSED] - delay(1): Delayed 1 second(s)

2022-01-13 08:08:38 - [MESSAGE][PASSED] - Delayed 1 second(s)

2022-01-13 08:08:38 - [TEST_STEP][PASSED] - for ([i = 0, i < 1, (i++)]): Delayed 2 second(s)

2022-01-13 08:08:38 - [TEST_STEP][PASSED] - if (action == "technicalsearch"): null

2022-01-13 08:08:38 - [TEST_STEP][PASSED] - else if (action == "technicaldetail"): Delayed 2 second(s)

2022-01-13 08:08:38 - [TEST_STEP][PASSED] - tap(ANAL_ItemTopResultTech, 0): Tapped on element 'Object Repository/Mobile/Page/Analysis/Item - Top Technical'

2022-01-13 08:08:38 - [MESSAGE][WARNING] - Timeout '0' is invalid. Using default page load timeout: '60'

2022-01-13 08:08:40 - [MESSAGE][PASSED] - Tapped on element 'Object Repository/Mobile/Page/Analysis/Item - Top Technical'

2022-01-13 08:08:40 - [TEST_STEP][PASSED] - delay(3): Delayed 3 second(s)

2022-01-13 08:08:43 - [MESSAGE][PASSED] - Delayed 3 second(s)

2022-01-13 08:08:43 - [TEST_STEP][PASSED] - switch (action2): null

2022-01-13 08:08:43 - [TEST_STEP][PASSED] - case "day":: null

2022-01-13 08:08:43 - [TEST_STEP][PASSED] - tap(ANAL_DETL_BtnD, 0): Tapped on element 'Object Repository/Mobile/Page/Analysis/Detail/Button - D'

2022-01-13 08:08:43 - [MESSAGE][WARNING] - Timeout '0' is invalid. Using default page load timeout: '60'

2022-01-13 08:08:44 - [MESSAGE][PASSED] - Tapped on element 'Object Repository/Mobile/Page/Analysis/Detail/Button - D'

2022-01-13 08:08:44 - [TEST_STEP][PASSED] - break: null

2022-01-13 08:08:44 - [TEST_STEP][PASSED] - delay(2): Delayed 2 second(s)

2022-01-13 08:08:46 - [MESSAGE][PASSED] - Delayed 2 second(s)

2022-01-13 08:08:46 - [MESSAGE][PASSED] - Call Test Case 'Test Cases/Mobile/Page/Analysis/Analysis' successfully

2022-01-13 08:08:46 - [TEST_STEP][PASSED] - callTestCase(findTestCase("Mobile/Page/Run App/Terminate App"), [:], STOP_ON_FAILURE): Call Test Case 'Test Cases/Mobile/Page/Run App/Terminate App' successfully

2022-01-13 08:08:46 - [TEST_CASE][PASSED] - Test Cases/Mobile/Page/Run App/Terminate App: Test Cases/Mobile/Page/Run App/Terminate App

2022-01-13 08:08:46 - [TEST_STEP][PASSED] - startApp.OpenApp.terminateApplication(): startApp.OpenApp.terminateApplication is PASSED

2022-01-13 08:08:49 - [MESSAGE][PASSED] - Delayed 3 second(s)

2022-01-13 08:08:49 - [MESSAGE][PASSED] - Current device physical width is 720

2022-01-13 08:08:50 - [MESSAGE][PASSED] - Current device physical height is 1423

2022-01-13 08:08:51 - [MESSAGE][PASSED] - Swiped from 360,853 to 360,142

2022-01-13 08:08:52 - [MESSAGE][PASSED] - Delayed 1 second(s)

2022-01-13 08:08:54 - [MESSAGE][PASSED] - Swiped from 360,853 to 360,142

2022-01-13 08:08:57 - [MESSAGE][PASSED] - Delayed 3 second(s)

2022-01-13 08:08:57 - [MESSAGE][PASSED] - startApp.OpenApp.terminateApplication is PASSED

2022-01-13 08:08:57 - [MESSAGE][PASSED] - Call Test Case 'Test Cases/Mobile/Page/Run App/Terminate App' successfully]]></system-out>
         <system-err><![CDATA[]]></system-err>
      </testcase>
      <testcase name="Test Cases/Mobile/Scenario/Analysis/003 - Melihat detail stock kategori week" time="59.53" classname="Test Cases/Mobile/Scenario/Analysis/003 - Melihat detail stock kategori week" status="PASSED">
         <system-out><![CDATA[2022-01-13 08:08:57 - [TEST_CASE][PASSED] - Test Cases/Mobile/Scenario/Analysis/003 - Melihat detail stock kategori week: Test Cases/Mobile/Scenario/Analysis/003 - Melihat detail stock kategori week

2022-01-13 08:08:58 - [TEST_STEP][PASSED] - callTestCase(findTestCase("Mobile/Page/Run App/Run App byID"), [:], STOP_ON_FAILURE): Call Test Case 'Test Cases/Mobile/Page/Run App/Run App byID' successfully

2022-01-13 08:08:58 - [TEST_CASE][PASSED] - Test Cases/Mobile/Page/Run App/Run App byID: Test Cases/Mobile/Page/Run App/Run App byID

2022-01-13 08:08:58 - [TEST_STEP][PASSED] - startApp.OpenApp.startApplication("id.co.miraeasset.sageclub"): startApp.OpenApp.startApplication is PASSED

2022-01-13 08:09:13 - [MESSAGE][PASSED] - Starting app with application ID: 'id.co.miraeasset.sageclub'

2022-01-13 08:09:13 - [MESSAGE][PASSED] - startApp.OpenApp.startApplication is PASSED

2022-01-13 08:09:13 - [MESSAGE][PASSED] - Call Test Case 'Test Cases/Mobile/Page/Run App/Run App byID' successfully

2022-01-13 08:09:13 - [TEST_STEP][PASSED] - callTestCase(findTestCase("Mobile/Page/Analysis/Analysis"), ["action":"technicaldetail", "action2":"week"], CONTINUE_ON_FAILURE): Call Test Case 'Test Cases/Mobile/Page/Analysis/Analysis' successfully

2022-01-13 08:09:13 - [TEST_CASE][PASSED] - Test Cases/Mobile/Page/Analysis/Analysis: Test Cases/Mobile/Page/Analysis/Analysis

2022-01-13 08:09:13 - [TEST_STEP][PASSED] - callTestCase(findTestCase("Mobile/Page/CheckLogin"), [:], CONTINUE_ON_FAILURE): Call Test Case 'Test Cases/Mobile/Page/CheckLogin' successfully

2022-01-13 08:09:13 - [TEST_CASE][PASSED] - Test Cases/Mobile/Page/CheckLogin: Test Cases/Mobile/Page/CheckLogin

2022-01-13 08:09:13 - [TEST_STEP][PASSED] - loginCheck = verifyElementExist(LOGN_BtnLogin, 5, CONTINUE_ON_FAILURE): Element 'Object Repository/Mobile/Page/Login/Button - Login' is exist

2022-01-13 08:09:15 - [MESSAGE][PASSED] - Element 'Object Repository/Mobile/Page/Login/Button - Login' is exist

2022-01-13 08:09:15 - [TEST_STEP][PASSED] - if (loginCheck): Call Test Case 'Test Cases/Mobile/Page/Login/Login' successfully

2022-01-13 08:09:15 - [TEST_STEP][PASSED] - callTestCase(findTestCase("Mobile/Page/Login/Login"), ["action":"username"], CONTINUE_ON_FAILURE): Call Test Case 'Test Cases/Mobile/Page/Login/Login' successfully

2022-01-13 08:09:15 - [TEST_CASE][PASSED] - Test Cases/Mobile/Page/Login/Login: Test Cases/Mobile/Page/Login/Login

2022-01-13 08:09:15 - [TEST_STEP][PASSED] - delay(2): Delayed 2 second(s)

2022-01-13 08:09:17 - [MESSAGE][PASSED] - Delayed 2 second(s)

2022-01-13 08:09:17 - [TEST_STEP][PASSED] - for ([i = 0, i < 1, (i++)]): null

2022-01-13 08:09:17 - [TEST_STEP][PASSED] - if (action == "username"): null

2022-01-13 08:09:17 - [TEST_STEP][PASSED] - tap(LOGN_EdtUserID, 0): Tapped on element 'Object Repository/Mobile/Page/Login/Input - UserID'

2022-01-13 08:09:17 - [MESSAGE][WARNING] - Timeout '0' is invalid. Using default page load timeout: '60'

2022-01-13 08:09:18 - [MESSAGE][PASSED] - Tapped on element 'Object Repository/Mobile/Page/Login/Input - UserID'

2022-01-13 08:09:18 - [TEST_STEP][PASSED] - delay(1): Delayed 1 second(s)

2022-01-13 08:09:19 - [MESSAGE][PASSED] - Delayed 1 second(s)

2022-01-13 08:09:19 - [TEST_STEP][PASSED] - setText(LOGN_EdtRdyUserID, "anggaaditya", 0): Text 'anggaaditya' has been set to element 'Object Repository/Mobile/Page/Login/Input Rdy - UserID'

2022-01-13 08:09:19 - [MESSAGE][WARNING] - Timeout '0' is invalid. Using default page load timeout: '60'

2022-01-13 08:09:19 - [MESSAGE][PASSED] - Text 'anggaaditya' has been set to element 'Object Repository/Mobile/Page/Login/Input Rdy - UserID'

2022-01-13 08:09:19 - [TEST_STEP][PASSED] - delay(1): Delayed 1 second(s)

2022-01-13 08:09:20 - [MESSAGE][PASSED] - Delayed 1 second(s)

2022-01-13 08:09:20 - [TEST_STEP][PASSED] - hideKeyboard(): Keyboard is hidden

2022-01-13 08:09:24 - [MESSAGE][PASSED] - Keyboard is hidden

2022-01-13 08:09:24 - [TEST_STEP][PASSED] - tap(LOGN_EdtPassword, 0): Tapped on element 'Object Repository/Mobile/Page/Login/Input - Password'

2022-01-13 08:09:24 - [MESSAGE][WARNING] - Timeout '0' is invalid. Using default page load timeout: '60'

2022-01-13 08:09:25 - [MESSAGE][PASSED] - Tapped on element 'Object Repository/Mobile/Page/Login/Input - Password'

2022-01-13 08:09:25 - [TEST_STEP][PASSED] - delay(1): Delayed 1 second(s)

2022-01-13 08:09:26 - [MESSAGE][PASSED] - Delayed 1 second(s)

2022-01-13 08:09:26 - [TEST_STEP][PASSED] - setText(LOGN_EdtRdyPassword, "Shalawa18", 0): Text 'Shalawa18' has been set to element 'Object Repository/Mobile/Page/Login/Input Rdy - Password'

2022-01-13 08:09:26 - [MESSAGE][WARNING] - Timeout '0' is invalid. Using default page load timeout: '60'

2022-01-13 08:09:26 - [MESSAGE][PASSED] - Text 'Shalawa18' has been set to element 'Object Repository/Mobile/Page/Login/Input Rdy - Password'

2022-01-13 08:09:26 - [TEST_STEP][PASSED] - delay(1): Delayed 1 second(s)

2022-01-13 08:09:27 - [MESSAGE][PASSED] - Delayed 1 second(s)

2022-01-13 08:09:27 - [TEST_STEP][PASSED] - hideKeyboard(): Keyboard is hidden

2022-01-13 08:09:34 - [MESSAGE][PASSED] - Keyboard is hidden

2022-01-13 08:09:34 - [TEST_STEP][PASSED] - tap(LOGN_BtnLogin, 0): Tapped on element 'Object Repository/Mobile/Page/Login/Button - Login'

2022-01-13 08:09:34 - [MESSAGE][WARNING] - Timeout '0' is invalid. Using default page load timeout: '60'

2022-01-13 08:09:34 - [MESSAGE][PASSED] - Tapped on element 'Object Repository/Mobile/Page/Login/Button - Login'

2022-01-13 08:09:34 - [TEST_STEP][PASSED] - delay(2): Delayed 2 second(s)

2022-01-13 08:09:36 - [MESSAGE][PASSED] - Delayed 2 second(s)

2022-01-13 08:09:36 - [TEST_STEP][PASSED] - break: null

2022-01-13 08:09:36 - [MESSAGE][PASSED] - Call Test Case 'Test Cases/Mobile/Page/Login/Login' successfully

2022-01-13 08:09:36 - [MESSAGE][PASSED] - Call Test Case 'Test Cases/Mobile/Page/CheckLogin' successfully

2022-01-13 08:09:36 - [TEST_STEP][PASSED] - tap(HOME_MenubarAnalysis, 0): Tapped on element 'Object Repository/Mobile/Page/Home/Menubar - Analysis'

2022-01-13 08:09:36 - [MESSAGE][WARNING] - Timeout '0' is invalid. Using default page load timeout: '60'

2022-01-13 08:09:38 - [MESSAGE][PASSED] - Tapped on element 'Object Repository/Mobile/Page/Home/Menubar - Analysis'

2022-01-13 08:09:38 - [TEST_STEP][PASSED] - delay(1): Delayed 1 second(s)

2022-01-13 08:09:39 - [MESSAGE][PASSED] - Delayed 1 second(s)

2022-01-13 08:09:39 - [TEST_STEP][PASSED] - for ([i = 0, i < 1, (i++)]): Delayed 2 second(s)

2022-01-13 08:09:39 - [TEST_STEP][PASSED] - if (action == "technicalsearch"): null

2022-01-13 08:09:39 - [TEST_STEP][PASSED] - else if (action == "technicaldetail"): Delayed 2 second(s)

2022-01-13 08:09:39 - [TEST_STEP][PASSED] - tap(ANAL_ItemTopResultTech, 0): Tapped on element 'Object Repository/Mobile/Page/Analysis/Item - Top Technical'

2022-01-13 08:09:39 - [MESSAGE][WARNING] - Timeout '0' is invalid. Using default page load timeout: '60'

2022-01-13 08:09:40 - [MESSAGE][PASSED] - Tapped on element 'Object Repository/Mobile/Page/Analysis/Item - Top Technical'

2022-01-13 08:09:40 - [TEST_STEP][PASSED] - delay(3): Delayed 3 second(s)

2022-01-13 08:09:43 - [MESSAGE][PASSED] - Delayed 3 second(s)

2022-01-13 08:09:43 - [TEST_STEP][PASSED] - switch (action2): null

2022-01-13 08:09:43 - [TEST_STEP][PASSED] - case "week":: null

2022-01-13 08:09:43 - [TEST_STEP][PASSED] - tap(ANAL_DETL_BtnW, 0): Tapped on element 'Object Repository/Mobile/Page/Analysis/Detail/Button - W'

2022-01-13 08:09:43 - [MESSAGE][WARNING] - Timeout '0' is invalid. Using default page load timeout: '60'

2022-01-13 08:09:44 - [MESSAGE][PASSED] - Tapped on element 'Object Repository/Mobile/Page/Analysis/Detail/Button - W'

2022-01-13 08:09:44 - [TEST_STEP][PASSED] - break: null

2022-01-13 08:09:44 - [TEST_STEP][PASSED] - delay(2): Delayed 2 second(s)

2022-01-13 08:09:46 - [MESSAGE][PASSED] - Delayed 2 second(s)

2022-01-13 08:09:46 - [MESSAGE][PASSED] - Call Test Case 'Test Cases/Mobile/Page/Analysis/Analysis' successfully

2022-01-13 08:09:46 - [TEST_STEP][PASSED] - callTestCase(findTestCase("Mobile/Page/Run App/Terminate App"), [:], STOP_ON_FAILURE): Call Test Case 'Test Cases/Mobile/Page/Run App/Terminate App' successfully

2022-01-13 08:09:46 - [TEST_CASE][PASSED] - Test Cases/Mobile/Page/Run App/Terminate App: Test Cases/Mobile/Page/Run App/Terminate App

2022-01-13 08:09:46 - [TEST_STEP][PASSED] - startApp.OpenApp.terminateApplication(): startApp.OpenApp.terminateApplication is PASSED

2022-01-13 08:09:49 - [MESSAGE][PASSED] - Delayed 3 second(s)

2022-01-13 08:09:49 - [MESSAGE][PASSED] - Current device physical width is 720

2022-01-13 08:09:49 - [MESSAGE][PASSED] - Current device physical height is 1423

2022-01-13 08:09:51 - [MESSAGE][PASSED] - Swiped from 360,853 to 360,142

2022-01-13 08:09:52 - [MESSAGE][PASSED] - Delayed 1 second(s)

2022-01-13 08:09:53 - [MESSAGE][PASSED] - Swiped from 360,853 to 360,142

2022-01-13 08:09:56 - [MESSAGE][PASSED] - Delayed 3 second(s)

2022-01-13 08:09:56 - [MESSAGE][PASSED] - startApp.OpenApp.terminateApplication is PASSED

2022-01-13 08:09:56 - [MESSAGE][PASSED] - Call Test Case 'Test Cases/Mobile/Page/Run App/Terminate App' successfully]]></system-out>
         <system-err><![CDATA[]]></system-err>
      </testcase>
      <testcase name="Test Cases/Mobile/Scenario/Analysis/004 - Melihat detail stock kategori month" time="61.578" classname="Test Cases/Mobile/Scenario/Analysis/004 - Melihat detail stock kategori month" status="PASSED">
         <system-out><![CDATA[2022-01-13 08:09:56 - [TEST_CASE][PASSED] - Test Cases/Mobile/Scenario/Analysis/004 - Melihat detail stock kategori month: Test Cases/Mobile/Scenario/Analysis/004 - Melihat detail stock kategori month

2022-01-13 08:09:57 - [TEST_STEP][PASSED] - callTestCase(findTestCase("Mobile/Page/Run App/Run App byID"), [:], STOP_ON_FAILURE): Call Test Case 'Test Cases/Mobile/Page/Run App/Run App byID' successfully

2022-01-13 08:09:57 - [TEST_CASE][PASSED] - Test Cases/Mobile/Page/Run App/Run App byID: Test Cases/Mobile/Page/Run App/Run App byID

2022-01-13 08:09:57 - [TEST_STEP][PASSED] - startApp.OpenApp.startApplication("id.co.miraeasset.sageclub"): startApp.OpenApp.startApplication is PASSED

2022-01-13 08:10:13 - [MESSAGE][PASSED] - Starting app with application ID: 'id.co.miraeasset.sageclub'

2022-01-13 08:10:13 - [MESSAGE][PASSED] - startApp.OpenApp.startApplication is PASSED

2022-01-13 08:10:13 - [MESSAGE][PASSED] - Call Test Case 'Test Cases/Mobile/Page/Run App/Run App byID' successfully

2022-01-13 08:10:13 - [TEST_STEP][PASSED] - callTestCase(findTestCase("Mobile/Page/Analysis/Analysis"), ["action":"technicaldetail", "action2":"month"], CONTINUE_ON_FAILURE): Call Test Case 'Test Cases/Mobile/Page/Analysis/Analysis' successfully

2022-01-13 08:10:13 - [TEST_CASE][PASSED] - Test Cases/Mobile/Page/Analysis/Analysis: Test Cases/Mobile/Page/Analysis/Analysis

2022-01-13 08:10:13 - [TEST_STEP][PASSED] - callTestCase(findTestCase("Mobile/Page/CheckLogin"), [:], CONTINUE_ON_FAILURE): Call Test Case 'Test Cases/Mobile/Page/CheckLogin' successfully

2022-01-13 08:10:13 - [TEST_CASE][PASSED] - Test Cases/Mobile/Page/CheckLogin: Test Cases/Mobile/Page/CheckLogin

2022-01-13 08:10:13 - [TEST_STEP][PASSED] - loginCheck = verifyElementExist(LOGN_BtnLogin, 5, CONTINUE_ON_FAILURE): Element 'Object Repository/Mobile/Page/Login/Button - Login' is exist

2022-01-13 08:10:15 - [MESSAGE][PASSED] - Element 'Object Repository/Mobile/Page/Login/Button - Login' is exist

2022-01-13 08:10:15 - [TEST_STEP][PASSED] - if (loginCheck): Call Test Case 'Test Cases/Mobile/Page/Login/Login' successfully

2022-01-13 08:10:15 - [TEST_STEP][PASSED] - callTestCase(findTestCase("Mobile/Page/Login/Login"), ["action":"username"], CONTINUE_ON_FAILURE): Call Test Case 'Test Cases/Mobile/Page/Login/Login' successfully

2022-01-13 08:10:15 - [TEST_CASE][PASSED] - Test Cases/Mobile/Page/Login/Login: Test Cases/Mobile/Page/Login/Login

2022-01-13 08:10:15 - [TEST_STEP][PASSED] - delay(2): Delayed 2 second(s)

2022-01-13 08:10:17 - [MESSAGE][PASSED] - Delayed 2 second(s)

2022-01-13 08:10:17 - [TEST_STEP][PASSED] - for ([i = 0, i < 1, (i++)]): null

2022-01-13 08:10:17 - [TEST_STEP][PASSED] - if (action == "username"): null

2022-01-13 08:10:17 - [TEST_STEP][PASSED] - tap(LOGN_EdtUserID, 0): Tapped on element 'Object Repository/Mobile/Page/Login/Input - UserID'

2022-01-13 08:10:17 - [MESSAGE][WARNING] - Timeout '0' is invalid. Using default page load timeout: '60'

2022-01-13 08:10:18 - [MESSAGE][PASSED] - Tapped on element 'Object Repository/Mobile/Page/Login/Input - UserID'

2022-01-13 08:10:18 - [TEST_STEP][PASSED] - delay(1): Delayed 1 second(s)

2022-01-13 08:10:19 - [MESSAGE][PASSED] - Delayed 1 second(s)

2022-01-13 08:10:19 - [TEST_STEP][PASSED] - setText(LOGN_EdtRdyUserID, "anggaaditya", 0): Text 'anggaaditya' has been set to element 'Object Repository/Mobile/Page/Login/Input Rdy - UserID'

2022-01-13 08:10:19 - [MESSAGE][WARNING] - Timeout '0' is invalid. Using default page load timeout: '60'

2022-01-13 08:10:19 - [MESSAGE][PASSED] - Text 'anggaaditya' has been set to element 'Object Repository/Mobile/Page/Login/Input Rdy - UserID'

2022-01-13 08:10:19 - [TEST_STEP][PASSED] - delay(1): Delayed 1 second(s)

2022-01-13 08:10:20 - [MESSAGE][PASSED] - Delayed 1 second(s)

2022-01-13 08:10:20 - [TEST_STEP][PASSED] - hideKeyboard(): Keyboard is hidden

2022-01-13 08:10:24 - [MESSAGE][PASSED] - Keyboard is hidden

2022-01-13 08:10:24 - [TEST_STEP][PASSED] - tap(LOGN_EdtPassword, 0): Tapped on element 'Object Repository/Mobile/Page/Login/Input - Password'

2022-01-13 08:10:24 - [MESSAGE][WARNING] - Timeout '0' is invalid. Using default page load timeout: '60'

2022-01-13 08:10:25 - [MESSAGE][PASSED] - Tapped on element 'Object Repository/Mobile/Page/Login/Input - Password'

2022-01-13 08:10:25 - [TEST_STEP][PASSED] - delay(1): Delayed 1 second(s)

2022-01-13 08:10:26 - [MESSAGE][PASSED] - Delayed 1 second(s)

2022-01-13 08:10:26 - [TEST_STEP][PASSED] - setText(LOGN_EdtRdyPassword, "Shalawa18", 0): Text 'Shalawa18' has been set to element 'Object Repository/Mobile/Page/Login/Input Rdy - Password'

2022-01-13 08:10:26 - [MESSAGE][WARNING] - Timeout '0' is invalid. Using default page load timeout: '60'

2022-01-13 08:10:26 - [MESSAGE][PASSED] - Text 'Shalawa18' has been set to element 'Object Repository/Mobile/Page/Login/Input Rdy - Password'

2022-01-13 08:10:26 - [TEST_STEP][PASSED] - delay(1): Delayed 1 second(s)

2022-01-13 08:10:27 - [MESSAGE][PASSED] - Delayed 1 second(s)

2022-01-13 08:10:27 - [TEST_STEP][PASSED] - hideKeyboard(): Keyboard is hidden

2022-01-13 08:10:34 - [MESSAGE][PASSED] - Keyboard is hidden

2022-01-13 08:10:34 - [TEST_STEP][PASSED] - tap(LOGN_BtnLogin, 0): Tapped on element 'Object Repository/Mobile/Page/Login/Button - Login'

2022-01-13 08:10:34 - [MESSAGE][WARNING] - Timeout '0' is invalid. Using default page load timeout: '60'

2022-01-13 08:10:35 - [MESSAGE][PASSED] - Tapped on element 'Object Repository/Mobile/Page/Login/Button - Login'

2022-01-13 08:10:35 - [TEST_STEP][PASSED] - delay(2): Delayed 2 second(s)

2022-01-13 08:10:37 - [MESSAGE][PASSED] - Delayed 2 second(s)

2022-01-13 08:10:37 - [TEST_STEP][PASSED] - break: null

2022-01-13 08:10:37 - [MESSAGE][PASSED] - Call Test Case 'Test Cases/Mobile/Page/Login/Login' successfully

2022-01-13 08:10:37 - [MESSAGE][PASSED] - Call Test Case 'Test Cases/Mobile/Page/CheckLogin' successfully

2022-01-13 08:10:37 - [TEST_STEP][PASSED] - tap(HOME_MenubarAnalysis, 0): Tapped on element 'Object Repository/Mobile/Page/Home/Menubar - Analysis'

2022-01-13 08:10:37 - [MESSAGE][WARNING] - Timeout '0' is invalid. Using default page load timeout: '60'

2022-01-13 08:10:39 - [MESSAGE][PASSED] - Tapped on element 'Object Repository/Mobile/Page/Home/Menubar - Analysis'

2022-01-13 08:10:39 - [TEST_STEP][PASSED] - delay(1): Delayed 1 second(s)

2022-01-13 08:10:40 - [MESSAGE][PASSED] - Delayed 1 second(s)

2022-01-13 08:10:40 - [TEST_STEP][PASSED] - for ([i = 0, i < 1, (i++)]): Delayed 2 second(s)

2022-01-13 08:10:40 - [TEST_STEP][PASSED] - if (action == "technicalsearch"): null

2022-01-13 08:10:40 - [TEST_STEP][PASSED] - else if (action == "technicaldetail"): Delayed 2 second(s)

2022-01-13 08:10:40 - [TEST_STEP][PASSED] - tap(ANAL_ItemTopResultTech, 0): Tapped on element 'Object Repository/Mobile/Page/Analysis/Item - Top Technical'

2022-01-13 08:10:40 - [MESSAGE][WARNING] - Timeout '0' is invalid. Using default page load timeout: '60'

2022-01-13 08:10:42 - [MESSAGE][PASSED] - Tapped on element 'Object Repository/Mobile/Page/Analysis/Item - Top Technical'

2022-01-13 08:10:42 - [TEST_STEP][PASSED] - delay(3): Delayed 3 second(s)

2022-01-13 08:10:45 - [MESSAGE][PASSED] - Delayed 3 second(s)

2022-01-13 08:10:45 - [TEST_STEP][PASSED] - switch (action2): null

2022-01-13 08:10:45 - [TEST_STEP][PASSED] - case "month":: null

2022-01-13 08:10:45 - [TEST_STEP][PASSED] - tap(ANAL_DETL_BtnM, 0): Tapped on element 'Object Repository/Mobile/Page/Analysis/Detail/Button - M'

2022-01-13 08:10:45 - [MESSAGE][WARNING] - Timeout '0' is invalid. Using default page load timeout: '60'

2022-01-13 08:10:45 - [MESSAGE][PASSED] - Tapped on element 'Object Repository/Mobile/Page/Analysis/Detail/Button - M'

2022-01-13 08:10:45 - [TEST_STEP][PASSED] - break: null

2022-01-13 08:10:45 - [TEST_STEP][PASSED] - delay(2): Delayed 2 second(s)

2022-01-13 08:10:47 - [MESSAGE][PASSED] - Delayed 2 second(s)

2022-01-13 08:10:47 - [MESSAGE][PASSED] - Call Test Case 'Test Cases/Mobile/Page/Analysis/Analysis' successfully

2022-01-13 08:10:47 - [TEST_STEP][PASSED] - callTestCase(findTestCase("Mobile/Page/Run App/Terminate App"), [:], STOP_ON_FAILURE): Call Test Case 'Test Cases/Mobile/Page/Run App/Terminate App' successfully

2022-01-13 08:10:47 - [TEST_CASE][PASSED] - Test Cases/Mobile/Page/Run App/Terminate App: Test Cases/Mobile/Page/Run App/Terminate App

2022-01-13 08:10:47 - [TEST_STEP][PASSED] - startApp.OpenApp.terminateApplication(): startApp.OpenApp.terminateApplication is PASSED

2022-01-13 08:10:50 - [MESSAGE][PASSED] - Delayed 3 second(s)

2022-01-13 08:10:51 - [MESSAGE][PASSED] - Current device physical width is 720

2022-01-13 08:10:51 - [MESSAGE][PASSED] - Current device physical height is 1423

2022-01-13 08:10:52 - [MESSAGE][PASSED] - Swiped from 360,853 to 360,142

2022-01-13 08:10:53 - [MESSAGE][PASSED] - Delayed 1 second(s)

2022-01-13 08:10:55 - [MESSAGE][PASSED] - Swiped from 360,853 to 360,142

2022-01-13 08:10:58 - [MESSAGE][PASSED] - Delayed 3 second(s)

2022-01-13 08:10:58 - [MESSAGE][PASSED] - startApp.OpenApp.terminateApplication is PASSED

2022-01-13 08:10:58 - [MESSAGE][PASSED] - Call Test Case 'Test Cases/Mobile/Page/Run App/Terminate App' successfully]]></system-out>
         <system-err><![CDATA[]]></system-err>
      </testcase>
      <testcase name="Test Cases/Mobile/Scenario/Analysis/005 - Melihat detail stock kategori year" time="61.497" classname="Test Cases/Mobile/Scenario/Analysis/005 - Melihat detail stock kategori year" status="PASSED">
         <system-out><![CDATA[2022-01-13 08:10:58 - [TEST_CASE][PASSED] - Test Cases/Mobile/Scenario/Analysis/005 - Melihat detail stock kategori year: Test Cases/Mobile/Scenario/Analysis/005 - Melihat detail stock kategori year

2022-01-13 08:10:59 - [TEST_STEP][PASSED] - callTestCase(findTestCase("Mobile/Page/Run App/Run App byID"), [:], STOP_ON_FAILURE): Call Test Case 'Test Cases/Mobile/Page/Run App/Run App byID' successfully

2022-01-13 08:10:59 - [TEST_CASE][PASSED] - Test Cases/Mobile/Page/Run App/Run App byID: Test Cases/Mobile/Page/Run App/Run App byID

2022-01-13 08:10:59 - [TEST_STEP][PASSED] - startApp.OpenApp.startApplication("id.co.miraeasset.sageclub"): startApp.OpenApp.startApplication is PASSED

2022-01-13 08:11:14 - [MESSAGE][PASSED] - Starting app with application ID: 'id.co.miraeasset.sageclub'

2022-01-13 08:11:14 - [MESSAGE][PASSED] - startApp.OpenApp.startApplication is PASSED

2022-01-13 08:11:14 - [MESSAGE][PASSED] - Call Test Case 'Test Cases/Mobile/Page/Run App/Run App byID' successfully

2022-01-13 08:11:14 - [TEST_STEP][PASSED] - callTestCase(findTestCase("Mobile/Page/Analysis/Analysis"), ["action":"technicaldetail", "action2":"year"], CONTINUE_ON_FAILURE): Call Test Case 'Test Cases/Mobile/Page/Analysis/Analysis' successfully

2022-01-13 08:11:14 - [TEST_CASE][PASSED] - Test Cases/Mobile/Page/Analysis/Analysis: Test Cases/Mobile/Page/Analysis/Analysis

2022-01-13 08:11:15 - [TEST_STEP][PASSED] - callTestCase(findTestCase("Mobile/Page/CheckLogin"), [:], CONTINUE_ON_FAILURE): Call Test Case 'Test Cases/Mobile/Page/CheckLogin' successfully

2022-01-13 08:11:15 - [TEST_CASE][PASSED] - Test Cases/Mobile/Page/CheckLogin: Test Cases/Mobile/Page/CheckLogin

2022-01-13 08:11:15 - [TEST_STEP][PASSED] - loginCheck = verifyElementExist(LOGN_BtnLogin, 5, CONTINUE_ON_FAILURE): Element 'Object Repository/Mobile/Page/Login/Button - Login' is exist

2022-01-13 08:11:16 - [MESSAGE][PASSED] - Element 'Object Repository/Mobile/Page/Login/Button - Login' is exist

2022-01-13 08:11:16 - [TEST_STEP][PASSED] - if (loginCheck): Call Test Case 'Test Cases/Mobile/Page/Login/Login' successfully

2022-01-13 08:11:16 - [TEST_STEP][PASSED] - callTestCase(findTestCase("Mobile/Page/Login/Login"), ["action":"username"], CONTINUE_ON_FAILURE): Call Test Case 'Test Cases/Mobile/Page/Login/Login' successfully

2022-01-13 08:11:16 - [TEST_CASE][PASSED] - Test Cases/Mobile/Page/Login/Login: Test Cases/Mobile/Page/Login/Login

2022-01-13 08:11:17 - [TEST_STEP][PASSED] - delay(2): Delayed 2 second(s)

2022-01-13 08:11:19 - [MESSAGE][PASSED] - Delayed 2 second(s)

2022-01-13 08:11:19 - [TEST_STEP][PASSED] - for ([i = 0, i < 1, (i++)]): null

2022-01-13 08:11:19 - [TEST_STEP][PASSED] - if (action == "username"): null

2022-01-13 08:11:19 - [TEST_STEP][PASSED] - tap(LOGN_EdtUserID, 0): Tapped on element 'Object Repository/Mobile/Page/Login/Input - UserID'

2022-01-13 08:11:19 - [MESSAGE][WARNING] - Timeout '0' is invalid. Using default page load timeout: '60'

2022-01-13 08:11:19 - [MESSAGE][PASSED] - Tapped on element 'Object Repository/Mobile/Page/Login/Input - UserID'

2022-01-13 08:11:19 - [TEST_STEP][PASSED] - delay(1): Delayed 1 second(s)

2022-01-13 08:11:20 - [MESSAGE][PASSED] - Delayed 1 second(s)

2022-01-13 08:11:20 - [TEST_STEP][PASSED] - setText(LOGN_EdtRdyUserID, "anggaaditya", 0): Text 'anggaaditya' has been set to element 'Object Repository/Mobile/Page/Login/Input Rdy - UserID'

2022-01-13 08:11:20 - [MESSAGE][WARNING] - Timeout '0' is invalid. Using default page load timeout: '60'

2022-01-13 08:11:21 - [MESSAGE][PASSED] - Text 'anggaaditya' has been set to element 'Object Repository/Mobile/Page/Login/Input Rdy - UserID'

2022-01-13 08:11:21 - [TEST_STEP][PASSED] - delay(1): Delayed 1 second(s)

2022-01-13 08:11:22 - [MESSAGE][PASSED] - Delayed 1 second(s)

2022-01-13 08:11:22 - [TEST_STEP][PASSED] - hideKeyboard(): Keyboard is hidden

2022-01-13 08:11:26 - [MESSAGE][PASSED] - Keyboard is hidden

2022-01-13 08:11:26 - [TEST_STEP][PASSED] - tap(LOGN_EdtPassword, 0): Tapped on element 'Object Repository/Mobile/Page/Login/Input - Password'

2022-01-13 08:11:26 - [MESSAGE][WARNING] - Timeout '0' is invalid. Using default page load timeout: '60'

2022-01-13 08:11:26 - [MESSAGE][PASSED] - Tapped on element 'Object Repository/Mobile/Page/Login/Input - Password'

2022-01-13 08:11:26 - [TEST_STEP][PASSED] - delay(1): Delayed 1 second(s)

2022-01-13 08:11:27 - [MESSAGE][PASSED] - Delayed 1 second(s)

2022-01-13 08:11:27 - [TEST_STEP][PASSED] - setText(LOGN_EdtRdyPassword, "Shalawa18", 0): Text 'Shalawa18' has been set to element 'Object Repository/Mobile/Page/Login/Input Rdy - Password'

2022-01-13 08:11:27 - [MESSAGE][WARNING] - Timeout '0' is invalid. Using default page load timeout: '60'

2022-01-13 08:11:28 - [MESSAGE][PASSED] - Text 'Shalawa18' has been set to element 'Object Repository/Mobile/Page/Login/Input Rdy - Password'

2022-01-13 08:11:28 - [TEST_STEP][PASSED] - delay(1): Delayed 1 second(s)

2022-01-13 08:11:29 - [MESSAGE][PASSED] - Delayed 1 second(s)

2022-01-13 08:11:29 - [TEST_STEP][PASSED] - hideKeyboard(): Keyboard is hidden

2022-01-13 08:11:36 - [MESSAGE][PASSED] - Keyboard is hidden

2022-01-13 08:11:36 - [TEST_STEP][PASSED] - tap(LOGN_BtnLogin, 0): Tapped on element 'Object Repository/Mobile/Page/Login/Button - Login'

2022-01-13 08:11:36 - [MESSAGE][WARNING] - Timeout '0' is invalid. Using default page load timeout: '60'

2022-01-13 08:11:37 - [MESSAGE][PASSED] - Tapped on element 'Object Repository/Mobile/Page/Login/Button - Login'

2022-01-13 08:11:37 - [TEST_STEP][PASSED] - delay(2): Delayed 2 second(s)

2022-01-13 08:11:39 - [MESSAGE][PASSED] - Delayed 2 second(s)

2022-01-13 08:11:39 - [TEST_STEP][PASSED] - break: null

2022-01-13 08:11:39 - [MESSAGE][PASSED] - Call Test Case 'Test Cases/Mobile/Page/Login/Login' successfully

2022-01-13 08:11:39 - [MESSAGE][PASSED] - Call Test Case 'Test Cases/Mobile/Page/CheckLogin' successfully

2022-01-13 08:11:39 - [TEST_STEP][PASSED] - tap(HOME_MenubarAnalysis, 0): Tapped on element 'Object Repository/Mobile/Page/Home/Menubar - Analysis'

2022-01-13 08:11:39 - [MESSAGE][WARNING] - Timeout '0' is invalid. Using default page load timeout: '60'

2022-01-13 08:11:40 - [MESSAGE][PASSED] - Tapped on element 'Object Repository/Mobile/Page/Home/Menubar - Analysis'

2022-01-13 08:11:40 - [TEST_STEP][PASSED] - delay(1): Delayed 1 second(s)

2022-01-13 08:11:41 - [MESSAGE][PASSED] - Delayed 1 second(s)

2022-01-13 08:11:41 - [TEST_STEP][PASSED] - for ([i = 0, i < 1, (i++)]): Delayed 2 second(s)

2022-01-13 08:11:41 - [TEST_STEP][PASSED] - if (action == "technicalsearch"): null

2022-01-13 08:11:41 - [TEST_STEP][PASSED] - else if (action == "technicaldetail"): Delayed 2 second(s)

2022-01-13 08:11:41 - [TEST_STEP][PASSED] - tap(ANAL_ItemTopResultTech, 0): Tapped on element 'Object Repository/Mobile/Page/Analysis/Item - Top Technical'

2022-01-13 08:11:41 - [MESSAGE][WARNING] - Timeout '0' is invalid. Using default page load timeout: '60'

2022-01-13 08:11:43 - [MESSAGE][PASSED] - Tapped on element 'Object Repository/Mobile/Page/Analysis/Item - Top Technical'

2022-01-13 08:11:43 - [TEST_STEP][PASSED] - delay(3): Delayed 3 second(s)

2022-01-13 08:11:46 - [MESSAGE][PASSED] - Delayed 3 second(s)

2022-01-13 08:11:46 - [TEST_STEP][PASSED] - switch (action2): null

2022-01-13 08:11:46 - [TEST_STEP][PASSED] - case "year":: null

2022-01-13 08:11:46 - [TEST_STEP][PASSED] - tap(ANAL_DETL_BtnY, 0): Tapped on element 'Object Repository/Mobile/Page/Analysis/Detail/Button - Y'

2022-01-13 08:11:46 - [MESSAGE][WARNING] - Timeout '0' is invalid. Using default page load timeout: '60'

2022-01-13 08:11:47 - [MESSAGE][PASSED] - Tapped on element 'Object Repository/Mobile/Page/Analysis/Detail/Button - Y'

2022-01-13 08:11:47 - [TEST_STEP][PASSED] - break: null

2022-01-13 08:11:47 - [TEST_STEP][PASSED] - delay(2): Delayed 2 second(s)

2022-01-13 08:11:49 - [MESSAGE][PASSED] - Delayed 2 second(s)

2022-01-13 08:11:49 - [MESSAGE][PASSED] - Call Test Case 'Test Cases/Mobile/Page/Analysis/Analysis' successfully

2022-01-13 08:11:49 - [TEST_STEP][PASSED] - callTestCase(findTestCase("Mobile/Page/Run App/Terminate App"), [:], STOP_ON_FAILURE): Call Test Case 'Test Cases/Mobile/Page/Run App/Terminate App' successfully

2022-01-13 08:11:49 - [TEST_CASE][PASSED] - Test Cases/Mobile/Page/Run App/Terminate App: Test Cases/Mobile/Page/Run App/Terminate App

2022-01-13 08:11:49 - [TEST_STEP][PASSED] - startApp.OpenApp.terminateApplication(): startApp.OpenApp.terminateApplication is PASSED

2022-01-13 08:11:52 - [MESSAGE][PASSED] - Delayed 3 second(s)

2022-01-13 08:11:52 - [MESSAGE][PASSED] - Current device physical width is 720

2022-01-13 08:11:52 - [MESSAGE][PASSED] - Current device physical height is 1423

2022-01-13 08:11:54 - [MESSAGE][PASSED] - Swiped from 360,853 to 360,142

2022-01-13 08:11:55 - [MESSAGE][PASSED] - Delayed 1 second(s)

2022-01-13 08:11:56 - [MESSAGE][PASSED] - Swiped from 360,853 to 360,142

2022-01-13 08:11:59 - [MESSAGE][PASSED] - Delayed 3 second(s)

2022-01-13 08:11:59 - [MESSAGE][PASSED] - startApp.OpenApp.terminateApplication is PASSED

2022-01-13 08:11:59 - [MESSAGE][PASSED] - Call Test Case 'Test Cases/Mobile/Page/Run App/Terminate App' successfully]]></system-out>
         <system-err><![CDATA[]]></system-err>
      </testcase>
      <testcase name="Test Cases/Mobile/Scenario/Analysis/006 - Melihat Research Report" time="63.21" classname="Test Cases/Mobile/Scenario/Analysis/006 - Melihat Research Report" status="PASSED">
         <system-out><![CDATA[2022-01-13 08:11:59 - [TEST_CASE][PASSED] - Test Cases/Mobile/Scenario/Analysis/006 - Melihat Research Report: Test Cases/Mobile/Scenario/Analysis/006 - Melihat Research Report

2022-01-13 08:12:00 - [TEST_STEP][PASSED] - callTestCase(findTestCase("Mobile/Page/Run App/Run App byID"), [:], STOP_ON_FAILURE): Call Test Case 'Test Cases/Mobile/Page/Run App/Run App byID' successfully

2022-01-13 08:12:00 - [TEST_CASE][PASSED] - Test Cases/Mobile/Page/Run App/Run App byID: Test Cases/Mobile/Page/Run App/Run App byID

2022-01-13 08:12:00 - [TEST_STEP][PASSED] - startApp.OpenApp.startApplication("id.co.miraeasset.sageclub"): startApp.OpenApp.startApplication is PASSED

2022-01-13 08:12:16 - [MESSAGE][PASSED] - Starting app with application ID: 'id.co.miraeasset.sageclub'

2022-01-13 08:12:16 - [MESSAGE][PASSED] - startApp.OpenApp.startApplication is PASSED

2022-01-13 08:12:16 - [MESSAGE][PASSED] - Call Test Case 'Test Cases/Mobile/Page/Run App/Run App byID' successfully

2022-01-13 08:12:16 - [TEST_STEP][PASSED] - callTestCase(findTestCase("Mobile/Page/Analysis/Analysis"), ["action":"researchdetail"], CONTINUE_ON_FAILURE): Call Test Case 'Test Cases/Mobile/Page/Analysis/Analysis' successfully

2022-01-13 08:12:16 - [TEST_CASE][PASSED] - Test Cases/Mobile/Page/Analysis/Analysis: Test Cases/Mobile/Page/Analysis/Analysis

2022-01-13 08:12:16 - [TEST_STEP][PASSED] - callTestCase(findTestCase("Mobile/Page/CheckLogin"), [:], CONTINUE_ON_FAILURE): Call Test Case 'Test Cases/Mobile/Page/CheckLogin' successfully

2022-01-13 08:12:16 - [TEST_CASE][PASSED] - Test Cases/Mobile/Page/CheckLogin: Test Cases/Mobile/Page/CheckLogin

2022-01-13 08:12:16 - [TEST_STEP][PASSED] - loginCheck = verifyElementExist(LOGN_BtnLogin, 5, CONTINUE_ON_FAILURE): Element 'Object Repository/Mobile/Page/Login/Button - Login' is exist

2022-01-13 08:12:18 - [MESSAGE][PASSED] - Element 'Object Repository/Mobile/Page/Login/Button - Login' is exist

2022-01-13 08:12:18 - [TEST_STEP][PASSED] - if (loginCheck): Call Test Case 'Test Cases/Mobile/Page/Login/Login' successfully

2022-01-13 08:12:18 - [TEST_STEP][PASSED] - callTestCase(findTestCase("Mobile/Page/Login/Login"), ["action":"username"], CONTINUE_ON_FAILURE): Call Test Case 'Test Cases/Mobile/Page/Login/Login' successfully

2022-01-13 08:12:18 - [TEST_CASE][PASSED] - Test Cases/Mobile/Page/Login/Login: Test Cases/Mobile/Page/Login/Login

2022-01-13 08:12:18 - [TEST_STEP][PASSED] - delay(2): Delayed 2 second(s)

2022-01-13 08:12:20 - [MESSAGE][PASSED] - Delayed 2 second(s)

2022-01-13 08:12:20 - [TEST_STEP][PASSED] - for ([i = 0, i < 1, (i++)]): null

2022-01-13 08:12:20 - [TEST_STEP][PASSED] - if (action == "username"): null

2022-01-13 08:12:20 - [TEST_STEP][PASSED] - tap(LOGN_EdtUserID, 0): Tapped on element 'Object Repository/Mobile/Page/Login/Input - UserID'

2022-01-13 08:12:20 - [MESSAGE][WARNING] - Timeout '0' is invalid. Using default page load timeout: '60'

2022-01-13 08:12:20 - [MESSAGE][PASSED] - Tapped on element 'Object Repository/Mobile/Page/Login/Input - UserID'

2022-01-13 08:12:20 - [TEST_STEP][PASSED] - delay(1): Delayed 1 second(s)

2022-01-13 08:12:21 - [MESSAGE][PASSED] - Delayed 1 second(s)

2022-01-13 08:12:21 - [TEST_STEP][PASSED] - setText(LOGN_EdtRdyUserID, "anggaaditya", 0): Text 'anggaaditya' has been set to element 'Object Repository/Mobile/Page/Login/Input Rdy - UserID'

2022-01-13 08:12:21 - [MESSAGE][WARNING] - Timeout '0' is invalid. Using default page load timeout: '60'

2022-01-13 08:12:22 - [MESSAGE][PASSED] - Text 'anggaaditya' has been set to element 'Object Repository/Mobile/Page/Login/Input Rdy - UserID'

2022-01-13 08:12:22 - [TEST_STEP][PASSED] - delay(1): Delayed 1 second(s)

2022-01-13 08:12:23 - [MESSAGE][PASSED] - Delayed 1 second(s)

2022-01-13 08:12:23 - [TEST_STEP][PASSED] - hideKeyboard(): Keyboard is hidden

2022-01-13 08:12:27 - [MESSAGE][PASSED] - Keyboard is hidden

2022-01-13 08:12:27 - [TEST_STEP][PASSED] - tap(LOGN_EdtPassword, 0): Tapped on element 'Object Repository/Mobile/Page/Login/Input - Password'

2022-01-13 08:12:27 - [MESSAGE][WARNING] - Timeout '0' is invalid. Using default page load timeout: '60'

2022-01-13 08:12:28 - [MESSAGE][PASSED] - Tapped on element 'Object Repository/Mobile/Page/Login/Input - Password'

2022-01-13 08:12:28 - [TEST_STEP][PASSED] - delay(1): Delayed 1 second(s)

2022-01-13 08:12:29 - [MESSAGE][PASSED] - Delayed 1 second(s)

2022-01-13 08:12:29 - [TEST_STEP][PASSED] - setText(LOGN_EdtRdyPassword, "Shalawa18", 0): Text 'Shalawa18' has been set to element 'Object Repository/Mobile/Page/Login/Input Rdy - Password'

2022-01-13 08:12:29 - [MESSAGE][WARNING] - Timeout '0' is invalid. Using default page load timeout: '60'

2022-01-13 08:12:29 - [MESSAGE][PASSED] - Text 'Shalawa18' has been set to element 'Object Repository/Mobile/Page/Login/Input Rdy - Password'

2022-01-13 08:12:29 - [TEST_STEP][PASSED] - delay(1): Delayed 1 second(s)

2022-01-13 08:12:30 - [MESSAGE][PASSED] - Delayed 1 second(s)

2022-01-13 08:12:30 - [TEST_STEP][PASSED] - hideKeyboard(): Keyboard is hidden

2022-01-13 08:12:37 - [MESSAGE][PASSED] - Keyboard is hidden

2022-01-13 08:12:37 - [TEST_STEP][PASSED] - tap(LOGN_BtnLogin, 0): Tapped on element 'Object Repository/Mobile/Page/Login/Button - Login'

2022-01-13 08:12:37 - [MESSAGE][WARNING] - Timeout '0' is invalid. Using default page load timeout: '60'

2022-01-13 08:12:38 - [MESSAGE][PASSED] - Tapped on element 'Object Repository/Mobile/Page/Login/Button - Login'

2022-01-13 08:12:38 - [TEST_STEP][PASSED] - delay(2): Delayed 2 second(s)

2022-01-13 08:12:40 - [MESSAGE][PASSED] - Delayed 2 second(s)

2022-01-13 08:12:40 - [TEST_STEP][PASSED] - break: null

2022-01-13 08:12:40 - [MESSAGE][PASSED] - Call Test Case 'Test Cases/Mobile/Page/Login/Login' successfully

2022-01-13 08:12:40 - [MESSAGE][PASSED] - Call Test Case 'Test Cases/Mobile/Page/CheckLogin' successfully

2022-01-13 08:12:40 - [TEST_STEP][PASSED] - tap(HOME_MenubarAnalysis, 0): Tapped on element 'Object Repository/Mobile/Page/Home/Menubar - Analysis'

2022-01-13 08:12:40 - [MESSAGE][WARNING] - Timeout '0' is invalid. Using default page load timeout: '60'

2022-01-13 08:12:41 - [MESSAGE][PASSED] - Tapped on element 'Object Repository/Mobile/Page/Home/Menubar - Analysis'

2022-01-13 08:12:41 - [TEST_STEP][PASSED] - delay(1): Delayed 1 second(s)

2022-01-13 08:12:42 - [MESSAGE][PASSED] - Delayed 1 second(s)

2022-01-13 08:12:42 - [TEST_STEP][PASSED] - for ([i = 0, i < 1, (i++)]): Press back button successfully

2022-01-13 08:12:42 - [TEST_STEP][PASSED] - if (action == "technicalsearch"): null

2022-01-13 08:12:42 - [TEST_STEP][PASSED] - else if (action == "technicaldetail"): null

2022-01-13 08:12:42 - [TEST_STEP][PASSED] - else if (action == "researchdetail"): Press back button successfully

2022-01-13 08:12:42 - [TEST_STEP][PASSED] - tap(ANAL_TabResearchReport, 0): Tapped on element 'Object Repository/Mobile/Page/Analysis/Tab - Research Report'

2022-01-13 08:12:42 - [MESSAGE][WARNING] - Timeout '0' is invalid. Using default page load timeout: '60'

2022-01-13 08:12:43 - [MESSAGE][PASSED] - Tapped on element 'Object Repository/Mobile/Page/Analysis/Tab - Research Report'

2022-01-13 08:12:43 - [TEST_STEP][PASSED] - delay(1): Delayed 1 second(s)

2022-01-13 08:12:44 - [MESSAGE][PASSED] - Delayed 1 second(s)

2022-01-13 08:12:44 - [TEST_STEP][PASSED] - tapAndHold(ANAL_ItemTopSearch, 1, 0): Tapped and held on element 'Object Repository/Mobile/Page/Analysis/Item - Top Search' with duration 1

2022-01-13 08:12:44 - [MESSAGE][WARNING] - Timeout '0' is invalid. Using default page load timeout: '60'

2022-01-13 08:12:47 - [MESSAGE][PASSED] - Tapped and held on element 'Object Repository/Mobile/Page/Analysis/Item - Top Search' with duration 1

2022-01-13 08:12:47 - [TEST_STEP][PASSED] - delay(3): Delayed 3 second(s)

2022-01-13 08:12:50 - [MESSAGE][PASSED] - Delayed 3 second(s)

2022-01-13 08:12:50 - [TEST_STEP][PASSED] - pressBack(): Press back button successfully

2022-01-13 08:12:51 - [MESSAGE][PASSED] - Press back button successfully

2022-01-13 08:12:51 - [MESSAGE][PASSED] - Call Test Case 'Test Cases/Mobile/Page/Analysis/Analysis' successfully

2022-01-13 08:12:51 - [TEST_STEP][PASSED] - callTestCase(findTestCase("Mobile/Page/Run App/Terminate App"), [:], STOP_ON_FAILURE): Call Test Case 'Test Cases/Mobile/Page/Run App/Terminate App' successfully

2022-01-13 08:12:51 - [TEST_CASE][PASSED] - Test Cases/Mobile/Page/Run App/Terminate App: Test Cases/Mobile/Page/Run App/Terminate App

2022-01-13 08:12:51 - [TEST_STEP][PASSED] - startApp.OpenApp.terminateApplication(): startApp.OpenApp.terminateApplication is PASSED

2022-01-13 08:12:55 - [MESSAGE][PASSED] - Delayed 3 second(s)

2022-01-13 08:12:55 - [MESSAGE][PASSED] - Current device physical width is 720

2022-01-13 08:12:56 - [MESSAGE][PASSED] - Current device physical height is 1423

2022-01-13 08:12:57 - [MESSAGE][PASSED] - Swiped from 360,853 to 360,142

2022-01-13 08:12:58 - [MESSAGE][PASSED] - Delayed 1 second(s)

2022-01-13 08:13:00 - [MESSAGE][PASSED] - Swiped from 360,853 to 360,142

2022-01-13 08:13:03 - [MESSAGE][PASSED] - Delayed 3 second(s)

2022-01-13 08:13:03 - [MESSAGE][PASSED] - startApp.OpenApp.terminateApplication is PASSED

2022-01-13 08:13:03 - [MESSAGE][PASSED] - Call Test Case 'Test Cases/Mobile/Page/Run App/Terminate App' successfully]]></system-out>
         <system-err><![CDATA[]]></system-err>
      </testcase>
      <testcase name="Test Cases/Mobile/Scenario/Analysis/007 - Mencari research report" time="67.817" classname="Test Cases/Mobile/Scenario/Analysis/007 - Mencari research report" status="PASSED">
         <system-out><![CDATA[2022-01-13 08:13:03 - [TEST_CASE][PASSED] - Test Cases/Mobile/Scenario/Analysis/007 - Mencari research report: Test Cases/Mobile/Scenario/Analysis/007 - Mencari research report

2022-01-13 08:13:03 - [TEST_STEP][PASSED] - callTestCase(findTestCase("Mobile/Page/Run App/Run App byID"), [:], STOP_ON_FAILURE): Call Test Case 'Test Cases/Mobile/Page/Run App/Run App byID' successfully

2022-01-13 08:13:03 - [TEST_CASE][PASSED] - Test Cases/Mobile/Page/Run App/Run App byID: Test Cases/Mobile/Page/Run App/Run App byID

2022-01-13 08:13:03 - [TEST_STEP][PASSED] - startApp.OpenApp.startApplication("id.co.miraeasset.sageclub"): startApp.OpenApp.startApplication is PASSED

2022-01-13 08:13:19 - [MESSAGE][PASSED] - Starting app with application ID: 'id.co.miraeasset.sageclub'

2022-01-13 08:13:19 - [MESSAGE][PASSED] - startApp.OpenApp.startApplication is PASSED

2022-01-13 08:13:19 - [MESSAGE][PASSED] - Call Test Case 'Test Cases/Mobile/Page/Run App/Run App byID' successfully

2022-01-13 08:13:19 - [TEST_STEP][PASSED] - callTestCase(findTestCase("Mobile/Page/Analysis/Analysis"), ["action":"researchsearch"], CONTINUE_ON_FAILURE): Call Test Case 'Test Cases/Mobile/Page/Analysis/Analysis' successfully

2022-01-13 08:13:19 - [TEST_CASE][PASSED] - Test Cases/Mobile/Page/Analysis/Analysis: Test Cases/Mobile/Page/Analysis/Analysis

2022-01-13 08:13:19 - [TEST_STEP][PASSED] - callTestCase(findTestCase("Mobile/Page/CheckLogin"), [:], CONTINUE_ON_FAILURE): Call Test Case 'Test Cases/Mobile/Page/CheckLogin' successfully

2022-01-13 08:13:19 - [TEST_CASE][PASSED] - Test Cases/Mobile/Page/CheckLogin: Test Cases/Mobile/Page/CheckLogin

2022-01-13 08:13:19 - [TEST_STEP][PASSED] - loginCheck = verifyElementExist(LOGN_BtnLogin, 5, CONTINUE_ON_FAILURE): Element 'Object Repository/Mobile/Page/Login/Button - Login' is exist

2022-01-13 08:13:21 - [MESSAGE][PASSED] - Element 'Object Repository/Mobile/Page/Login/Button - Login' is exist

2022-01-13 08:13:21 - [TEST_STEP][PASSED] - if (loginCheck): Call Test Case 'Test Cases/Mobile/Page/Login/Login' successfully

2022-01-13 08:13:21 - [TEST_STEP][PASSED] - callTestCase(findTestCase("Mobile/Page/Login/Login"), ["action":"username"], CONTINUE_ON_FAILURE): Call Test Case 'Test Cases/Mobile/Page/Login/Login' successfully

2022-01-13 08:13:21 - [TEST_CASE][PASSED] - Test Cases/Mobile/Page/Login/Login: Test Cases/Mobile/Page/Login/Login

2022-01-13 08:13:21 - [TEST_STEP][PASSED] - delay(2): Delayed 2 second(s)

2022-01-13 08:13:23 - [MESSAGE][PASSED] - Delayed 2 second(s)

2022-01-13 08:13:23 - [TEST_STEP][PASSED] - for ([i = 0, i < 1, (i++)]): null

2022-01-13 08:13:23 - [TEST_STEP][PASSED] - if (action == "username"): null

2022-01-13 08:13:23 - [TEST_STEP][PASSED] - tap(LOGN_EdtUserID, 0): Tapped on element 'Object Repository/Mobile/Page/Login/Input - UserID'

2022-01-13 08:13:23 - [MESSAGE][WARNING] - Timeout '0' is invalid. Using default page load timeout: '60'

2022-01-13 08:13:24 - [MESSAGE][PASSED] - Tapped on element 'Object Repository/Mobile/Page/Login/Input - UserID'

2022-01-13 08:13:24 - [TEST_STEP][PASSED] - delay(1): Delayed 1 second(s)

2022-01-13 08:13:25 - [MESSAGE][PASSED] - Delayed 1 second(s)

2022-01-13 08:13:25 - [TEST_STEP][PASSED] - setText(LOGN_EdtRdyUserID, "anggaaditya", 0): Text 'anggaaditya' has been set to element 'Object Repository/Mobile/Page/Login/Input Rdy - UserID'

2022-01-13 08:13:25 - [MESSAGE][WARNING] - Timeout '0' is invalid. Using default page load timeout: '60'

2022-01-13 08:13:25 - [MESSAGE][PASSED] - Text 'anggaaditya' has been set to element 'Object Repository/Mobile/Page/Login/Input Rdy - UserID'

2022-01-13 08:13:25 - [TEST_STEP][PASSED] - delay(1): Delayed 1 second(s)

2022-01-13 08:13:26 - [MESSAGE][PASSED] - Delayed 1 second(s)

2022-01-13 08:13:26 - [TEST_STEP][PASSED] - hideKeyboard(): Keyboard is hidden

2022-01-13 08:13:31 - [MESSAGE][PASSED] - Keyboard is hidden

2022-01-13 08:13:31 - [TEST_STEP][PASSED] - tap(LOGN_EdtPassword, 0): Tapped on element 'Object Repository/Mobile/Page/Login/Input - Password'

2022-01-13 08:13:31 - [MESSAGE][WARNING] - Timeout '0' is invalid. Using default page load timeout: '60'

2022-01-13 08:13:31 - [MESSAGE][PASSED] - Tapped on element 'Object Repository/Mobile/Page/Login/Input - Password'

2022-01-13 08:13:31 - [TEST_STEP][PASSED] - delay(1): Delayed 1 second(s)

2022-01-13 08:13:32 - [MESSAGE][PASSED] - Delayed 1 second(s)

2022-01-13 08:13:32 - [TEST_STEP][PASSED] - setText(LOGN_EdtRdyPassword, "Shalawa18", 0): Text 'Shalawa18' has been set to element 'Object Repository/Mobile/Page/Login/Input Rdy - Password'

2022-01-13 08:13:32 - [MESSAGE][WARNING] - Timeout '0' is invalid. Using default page load timeout: '60'

2022-01-13 08:13:33 - [MESSAGE][PASSED] - Text 'Shalawa18' has been set to element 'Object Repository/Mobile/Page/Login/Input Rdy - Password'

2022-01-13 08:13:33 - [TEST_STEP][PASSED] - delay(1): Delayed 1 second(s)

2022-01-13 08:13:34 - [MESSAGE][PASSED] - Delayed 1 second(s)

2022-01-13 08:13:34 - [TEST_STEP][PASSED] - hideKeyboard(): Keyboard is hidden

2022-01-13 08:13:41 - [MESSAGE][PASSED] - Keyboard is hidden

2022-01-13 08:13:41 - [TEST_STEP][PASSED] - tap(LOGN_BtnLogin, 0): Tapped on element 'Object Repository/Mobile/Page/Login/Button - Login'

2022-01-13 08:13:41 - [MESSAGE][WARNING] - Timeout '0' is invalid. Using default page load timeout: '60'

2022-01-13 08:13:42 - [MESSAGE][PASSED] - Tapped on element 'Object Repository/Mobile/Page/Login/Button - Login'

2022-01-13 08:13:42 - [TEST_STEP][PASSED] - delay(2): Delayed 2 second(s)

2022-01-13 08:13:44 - [MESSAGE][PASSED] - Delayed 2 second(s)

2022-01-13 08:13:44 - [TEST_STEP][PASSED] - break: null

2022-01-13 08:13:44 - [MESSAGE][PASSED] - Call Test Case 'Test Cases/Mobile/Page/Login/Login' successfully

2022-01-13 08:13:44 - [MESSAGE][PASSED] - Call Test Case 'Test Cases/Mobile/Page/CheckLogin' successfully

2022-01-13 08:13:44 - [TEST_STEP][PASSED] - tap(HOME_MenubarAnalysis, 0): Tapped on element 'Object Repository/Mobile/Page/Home/Menubar - Analysis'

2022-01-13 08:13:44 - [MESSAGE][WARNING] - Timeout '0' is invalid. Using default page load timeout: '60'

2022-01-13 08:13:45 - [MESSAGE][PASSED] - Tapped on element 'Object Repository/Mobile/Page/Home/Menubar - Analysis'

2022-01-13 08:13:45 - [TEST_STEP][PASSED] - delay(1): Delayed 1 second(s)

2022-01-13 08:13:46 - [MESSAGE][PASSED] - Delayed 1 second(s)

2022-01-13 08:13:46 - [TEST_STEP][PASSED] - for ([i = 0, i < 1, (i++)]): Press back button successfully

2022-01-13 08:13:46 - [TEST_STEP][PASSED] - if (action == "technicalsearch"): null

2022-01-13 08:13:46 - [TEST_STEP][PASSED] - else if (action == "technicaldetail"): null

2022-01-13 08:13:46 - [TEST_STEP][PASSED] - else if (action == "researchdetail"): null

2022-01-13 08:13:46 - [TEST_STEP][PASSED] - else if (action == "researchsearch"): Press back button successfully

2022-01-13 08:13:46 - [TEST_STEP][PASSED] - tap(ANAL_TabResearchReport, 0): Tapped on element 'Object Repository/Mobile/Page/Analysis/Tab - Research Report'

2022-01-13 08:13:46 - [MESSAGE][WARNING] - Timeout '0' is invalid. Using default page load timeout: '60'

2022-01-13 08:13:48 - [MESSAGE][PASSED] - Tapped on element 'Object Repository/Mobile/Page/Analysis/Tab - Research Report'

2022-01-13 08:13:48 - [TEST_STEP][PASSED] - delay(1): Delayed 1 second(s)

2022-01-13 08:13:49 - [MESSAGE][PASSED] - Delayed 1 second(s)

2022-01-13 08:13:49 - [TEST_STEP][PASSED] - tap(ANAL_EdtSearch, 0): Tapped on element 'Object Repository/Mobile/Page/Analysis/Input - Search'

2022-01-13 08:13:49 - [MESSAGE][WARNING] - Timeout '0' is invalid. Using default page load timeout: '60'

2022-01-13 08:13:49 - [MESSAGE][PASSED] - Tapped on element 'Object Repository/Mobile/Page/Analysis/Input - Search'

2022-01-13 08:13:49 - [TEST_STEP][PASSED] - delay(1): Delayed 1 second(s)

2022-01-13 08:13:50 - [MESSAGE][PASSED] - Delayed 1 second(s)

2022-01-13 08:13:50 - [TEST_STEP][PASSED] - setText(ANAL_EdtSearch, "surya", 0): Text 'surya' has been set to element 'Object Repository/Mobile/Page/Analysis/Input - Search'

2022-01-13 08:13:50 - [MESSAGE][WARNING] - Timeout '0' is invalid. Using default page load timeout: '60'

2022-01-13 08:13:51 - [MESSAGE][PASSED] - Text 'surya' has been set to element 'Object Repository/Mobile/Page/Analysis/Input - Search'

2022-01-13 08:13:51 - [TEST_STEP][PASSED] - hideKeyboard(): Keyboard is hidden

2022-01-13 08:13:52 - [MESSAGE][PASSED] - Keyboard is hidden

2022-01-13 08:13:52 - [TEST_STEP][PASSED] - tapAndHold(ANAL_ItemTopSearch, 1, 0): Tapped and held on element 'Object Repository/Mobile/Page/Analysis/Item - Top Search' with duration 1

2022-01-13 08:13:52 - [MESSAGE][WARNING] - Timeout '0' is invalid. Using default page load timeout: '60'

2022-01-13 08:13:55 - [MESSAGE][PASSED] - Tapped and held on element 'Object Repository/Mobile/Page/Analysis/Item - Top Search' with duration 1

2022-01-13 08:13:55 - [TEST_STEP][PASSED] - delay(3): Delayed 3 second(s)

2022-01-13 08:13:58 - [MESSAGE][PASSED] - Delayed 3 second(s)

2022-01-13 08:13:58 - [TEST_STEP][PASSED] - pressBack(): Press back button successfully

2022-01-13 08:13:59 - [MESSAGE][PASSED] - Press back button successfully

2022-01-13 08:13:59 - [MESSAGE][PASSED] - Call Test Case 'Test Cases/Mobile/Page/Analysis/Analysis' successfully

2022-01-13 08:13:59 - [TEST_STEP][PASSED] - callTestCase(findTestCase("Mobile/Page/Run App/Terminate App"), [:], STOP_ON_FAILURE): Call Test Case 'Test Cases/Mobile/Page/Run App/Terminate App' successfully

2022-01-13 08:13:59 - [TEST_CASE][PASSED] - Test Cases/Mobile/Page/Run App/Terminate App: Test Cases/Mobile/Page/Run App/Terminate App

2022-01-13 08:13:59 - [TEST_STEP][PASSED] - startApp.OpenApp.terminateApplication(): startApp.OpenApp.terminateApplication is PASSED

2022-01-13 08:14:03 - [MESSAGE][PASSED] - Delayed 3 second(s)

2022-01-13 08:14:03 - [MESSAGE][PASSED] - Current device physical width is 720

2022-01-13 08:14:04 - [MESSAGE][PASSED] - Current device physical height is 1423

2022-01-13 08:14:05 - [MESSAGE][PASSED] - Swiped from 360,853 to 360,142

2022-01-13 08:14:06 - [MESSAGE][PASSED] - Delayed 1 second(s)

2022-01-13 08:14:07 - [MESSAGE][PASSED] - Swiped from 360,853 to 360,142

2022-01-13 08:14:10 - [MESSAGE][PASSED] - Delayed 3 second(s)

2022-01-13 08:14:10 - [MESSAGE][PASSED] - startApp.OpenApp.terminateApplication is PASSED

2022-01-13 08:14:10 - [MESSAGE][PASSED] - Call Test Case 'Test Cases/Mobile/Page/Run App/Terminate App' successfully]]></system-out>
         <system-err><![CDATA[]]></system-err>
      </testcase>
      <system-out><![CDATA[2022-01-13 08:05:49 - [TEST_SUITE][PASSED] - analysis: Test Cases/Mobile/Scenario/Analysis/007 - Mencari research report]]></system-out>
      <system-err><![CDATA[]]></system-err>
   </testsuite>
</testsuites>
