<?xml version="1.0" encoding="UTF-8"?>
<testsuites name="portfolio" time="1165.631" tests="19" failures="0" skips="0" errors="0">
   <testsuite name="portfolio" tests="19" failures="0" errors="0" time="1165.631" skips="0" timestamp="2022-02-14 22:33:25" hostname="Owner - aldy-tft" id="Test Suites/portfolio">
      <properties>
         <property name="deviceName" value="samsung SM-A205F (Android 11)"/>
         <property name="devicePlatform" value=""/>
         <property name="logFolder" value="C:\\Users\\Owner\\Documents\\kerjaan\\KatalonProject\\qa_katalon_pwm\\qa_katalon_pwm\\Reports\\20220214_223318\\portfolio\\20220214_223318"/>
         <property name="logFiles" value="C:\\Users\\Owner\\Documents\\kerjaan\\KatalonProject\\qa_katalon_pwm\\qa_katalon_pwm\\Reports\\20220214_223318\\portfolio\\20220214_223318\\appium.log, C:\\Users\\Owner\\Documents\\kerjaan\\KatalonProject\\qa_katalon_pwm\\qa_katalon_pwm\\Reports\\20220214_223318\\portfolio\\20220214_223318\\execution0.log"/>
         <property name="attachments" value=""/>
         <property name="hostName" value="Owner - aldy-tft"/>
         <property name="os" value="Windows 10 64bit"/>
         <property name="appiumServerStatus" value="{&quot;value&quot;:{&quot;build&quot;:{&quot;version&quot;:&quot;1.22.0&quot;}},&quot;sessionId&quot;:null,&quot;status&quot;:0}"/>
         <property name="katalonVersion" value="7.9.1.208"/>
         <property name="deviceOS" value="Android"/>
         <property name="appiumVersion" value="1.22.0"/>
         <property name="deviceModel" value="SM-A205F"/>
         <property name="hostAddress" value="192.168.100.33"/>
         <property name="deviceManufacturer" value="samsung"/>
         <property name="deviceId" value="RR8M40C9AXE"/>
         <property name="deviceName" value="samsung SM-A205F (Android 11)"/>
         <property name="deviceOSVersion" value="11"/>
      </properties>
      <testcase name="Test Cases/Mobile/Scenario/Portfolio/001 - Summary" time="72.134" classname="Test Cases/Mobile/Scenario/Portfolio/001 - Summary" status="PASSED">
         <system-out><![CDATA[2022-02-14 22:33:26 - [TEST_CASE][PASSED] - Test Cases/Mobile/Scenario/Portfolio/001 - Summary: Test Cases/Mobile/Scenario/Portfolio/001 - Summary

2022-02-14 22:33:26 - [TEST_STEP][PASSED] - callTestCase(findTestCase("Mobile/Page/Run App/Run App byID"), [:], STOP_ON_FAILURE): Call Test Case 'Test Cases/Mobile/Page/Run App/Run App byID' successfully

2022-02-14 22:33:27 - [TEST_CASE][PASSED] - Test Cases/Mobile/Page/Run App/Run App byID: Test Cases/Mobile/Page/Run App/Run App byID

2022-02-14 22:33:27 - [TEST_STEP][PASSED] - startApp.OpenApp.startApplication("id.co.miraeasset.sageclub"): startApp.OpenApp.startApplication is PASSED

2022-02-14 22:33:28 - [MESSAGE][INFO] - Appium server started on port 58,340

2022-02-14 22:33:42 - [MESSAGE][PASSED] - Starting app with application ID: 'id.co.miraeasset.sageclub'

2022-02-14 22:33:42 - [MESSAGE][PASSED] - startApp.OpenApp.startApplication is PASSED

2022-02-14 22:33:42 - [MESSAGE][PASSED] - Call Test Case 'Test Cases/Mobile/Page/Run App/Run App byID' successfully

2022-02-14 22:33:42 - [TEST_STEP][PASSED] - callTestCase(findTestCase("Mobile/Page/Portfolio/Portfolio"), ["tab":"summary", "action":"summary"], CONTINUE_ON_FAILURE): Call Test Case 'Test Cases/Mobile/Page/Portfolio/Portfolio' successfully

2022-02-14 22:33:42 - [TEST_CASE][PASSED] - Test Cases/Mobile/Page/Portfolio/Portfolio: Test Cases/Mobile/Page/Portfolio/Portfolio

2022-02-14 22:33:43 - [TEST_STEP][PASSED] - callTestCase(findTestCase("Mobile/Page/CheckLogin"), [:], CONTINUE_ON_FAILURE): Call Test Case 'Test Cases/Mobile/Page/CheckLogin' successfully

2022-02-14 22:33:43 - [TEST_CASE][PASSED] - Test Cases/Mobile/Page/CheckLogin: Test Cases/Mobile/Page/CheckLogin

2022-02-14 22:33:43 - [TEST_STEP][PASSED] - loginCheck = verifyElementExist(LOGN_BtnLogin, 5, CONTINUE_ON_FAILURE): Element 'Object Repository/Mobile/Page/Login/Button - Login' is exist

2022-02-14 22:33:45 - [MESSAGE][WARNING] - Test object with id 'Object Repository/Mobile/Page/Home/Button -  Add Watchlist' does not exist

2022-02-14 22:33:45 - [MESSAGE][WARNING] - Test object with id 'Object Repository/Mobile/Page/Home/Button - Open with Just Once' does not exist

2022-02-14 22:33:45 - [MESSAGE][WARNING] - Test object with id 'Object Repository/Mobile/Page/Home/Container - Notification' does not exist

2022-02-14 22:33:46 - [MESSAGE][WARNING] - Test object with id 'Object Repository/Mobile/Page/Home/Watchlist/Input - Search' does not exist

2022-02-14 22:33:46 - [MESSAGE][WARNING] - Test object with id 'Object Repository/Mobile/Page/Home/Watchlist/Item - Top Search' does not exist

2022-02-14 22:33:46 - [MESSAGE][WARNING] - Test object with id 'Object Repository/Mobile/Page/Home/Watchlist/Detail Watchlist/Item - Watchlist' does not exist

2022-02-14 22:33:46 - [MESSAGE][WARNING] - Test object with id 'Object Repository/Mobile/Page/Home/Watchlist/Detail Watchlist/Scroll - Expiry Date' does not exist

2022-02-14 22:33:46 - [MESSAGE][WARNING] - Test object with id 'Object Repository/Mobile/Page/Home/Watchlist/Detail Watchlist/Scroll - Expiry Month' does not exist

2022-02-14 22:33:46 - [MESSAGE][WARNING] - Test object with id 'Object Repository/Mobile/Page/Home/Watchlist/Detail Watchlist/Scroll - Expiry Year' does not exist

2022-02-14 22:33:51 - [MESSAGE][WARNING] - Test object with id 'Object Repository/Mobile/Page/Home/Watchlist/Detail Watchlist/Alert - Please fill input form' does not exist

2022-02-14 22:33:53 - [MESSAGE][WARNING] - Test object with id 'Object Repository/Mobile/Page/Home/Button -  Add Watchlist' does not exist

2022-02-14 22:33:53 - [MESSAGE][WARNING] - Test object with id 'Object Repository/Mobile/Page/Home/Button - Open with Just Once' does not exist

2022-02-14 22:33:53 - [MESSAGE][WARNING] - Test object with id 'Object Repository/Mobile/Page/Home/Container - Notification' does not exist

2022-02-14 22:33:54 - [MESSAGE][WARNING] - Test object with id 'Object Repository/Mobile/Page/Home/Watchlist/Input - Search' does not exist

2022-02-14 22:33:54 - [MESSAGE][WARNING] - Test object with id 'Object Repository/Mobile/Page/Home/Watchlist/Item - Top Search' does not exist

2022-02-14 22:33:54 - [MESSAGE][WARNING] - Test object with id 'Object Repository/Mobile/Page/Home/Watchlist/Detail Watchlist/Item - Watchlist' does not exist

2022-02-14 22:33:54 - [MESSAGE][WARNING] - Test object with id 'Object Repository/Mobile/Page/Home/Watchlist/Detail Watchlist/Scroll - Expiry Date' does not exist

2022-02-14 22:33:54 - [MESSAGE][WARNING] - Test object with id 'Object Repository/Mobile/Page/Home/Watchlist/Detail Watchlist/Scroll - Expiry Month' does not exist

2022-02-14 22:33:54 - [MESSAGE][WARNING] - Test object with id 'Object Repository/Mobile/Page/Home/Watchlist/Detail Watchlist/Scroll - Expiry Year' does not exist

2022-02-14 22:33:59 - [MESSAGE][WARNING] - Test object with id 'Object Repository/Mobile/Page/Home/Watchlist/Detail Watchlist/Alert - Please fill input form' does not exist

2022-02-14 22:34:00 - [MESSAGE][PASSED] - Element 'Object Repository/Mobile/Page/Login/Button - Login' is exist

2022-02-14 22:34:00 - [TEST_STEP][PASSED] - if (loginCheck): Call Test Case 'Test Cases/Mobile/Page/Login/Login' successfully

2022-02-14 22:34:00 - [TEST_STEP][PASSED] - callTestCase(findTestCase("Mobile/Page/Login/Login"), ["action":"username"], CONTINUE_ON_FAILURE): Call Test Case 'Test Cases/Mobile/Page/Login/Login' successfully

2022-02-14 22:34:01 - [TEST_CASE][PASSED] - Test Cases/Mobile/Page/Login/Login: Test Cases/Mobile/Page/Login/Login

2022-02-14 22:34:01 - [TEST_STEP][PASSED] - delay(2): Delayed 2 second(s)

2022-02-14 22:34:03 - [MESSAGE][PASSED] - Delayed 2 second(s)

2022-02-14 22:34:03 - [TEST_STEP][PASSED] - for ([i = 0, i < 1, (i++)]): null

2022-02-14 22:34:03 - [TEST_STEP][PASSED] - if (action == "username"): null

2022-02-14 22:34:03 - [TEST_STEP][PASSED] - tap(LOGN_EdtUserID, 0): Tapped on element 'Object Repository/Mobile/Page/Login/Input - UserID'

2022-02-14 22:34:03 - [MESSAGE][WARNING] - Timeout '0' is invalid. Using default page load timeout: '60'

2022-02-14 22:34:03 - [MESSAGE][PASSED] - Tapped on element 'Object Repository/Mobile/Page/Login/Input - UserID'

2022-02-14 22:34:03 - [TEST_STEP][PASSED] - delay(1): Delayed 1 second(s)

2022-02-14 22:34:04 - [MESSAGE][PASSED] - Delayed 1 second(s)

2022-02-14 22:34:04 - [TEST_STEP][PASSED] - setText(LOGN_EdtRdyUserID, "anggaaditya", 0): Text 'anggaaditya' has been set to element 'Object Repository/Mobile/Page/Login/Input Rdy - UserID'

2022-02-14 22:34:04 - [MESSAGE][WARNING] - Timeout '0' is invalid. Using default page load timeout: '60'

2022-02-14 22:34:05 - [MESSAGE][PASSED] - Text 'anggaaditya' has been set to element 'Object Repository/Mobile/Page/Login/Input Rdy - UserID'

2022-02-14 22:34:05 - [TEST_STEP][PASSED] - delay(1): Delayed 1 second(s)

2022-02-14 22:34:06 - [MESSAGE][PASSED] - Delayed 1 second(s)

2022-02-14 22:34:06 - [TEST_STEP][PASSED] - hideKeyboard(): Keyboard is hidden

2022-02-14 22:34:10 - [MESSAGE][PASSED] - Keyboard is hidden

2022-02-14 22:34:10 - [TEST_STEP][PASSED] - tap(LOGN_EdtPassword, 0): Tapped on element 'Object Repository/Mobile/Page/Login/Input - Password'

2022-02-14 22:34:10 - [MESSAGE][WARNING] - Timeout '0' is invalid. Using default page load timeout: '60'

2022-02-14 22:34:10 - [MESSAGE][PASSED] - Tapped on element 'Object Repository/Mobile/Page/Login/Input - Password'

2022-02-14 22:34:10 - [TEST_STEP][PASSED] - delay(1): Delayed 1 second(s)

2022-02-14 22:34:11 - [MESSAGE][PASSED] - Delayed 1 second(s)

2022-02-14 22:34:11 - [TEST_STEP][PASSED] - setText(LOGN_EdtRdyPassword, "Shalawa18", 0): Text 'Shalawa18' has been set to element 'Object Repository/Mobile/Page/Login/Input Rdy - Password'

2022-02-14 22:34:11 - [MESSAGE][WARNING] - Timeout '0' is invalid. Using default page load timeout: '60'

2022-02-14 22:34:12 - [MESSAGE][PASSED] - Text 'Shalawa18' has been set to element 'Object Repository/Mobile/Page/Login/Input Rdy - Password'

2022-02-14 22:34:12 - [TEST_STEP][PASSED] - delay(1): Delayed 1 second(s)

2022-02-14 22:34:13 - [MESSAGE][PASSED] - Delayed 1 second(s)

2022-02-14 22:34:13 - [TEST_STEP][PASSED] - hideKeyboard(): Keyboard is hidden

2022-02-14 22:34:19 - [MESSAGE][PASSED] - Keyboard is hidden

2022-02-14 22:34:19 - [TEST_STEP][PASSED] - tap(LOGN_BtnLogin, 0): Tapped on element 'Object Repository/Mobile/Page/Login/Button - Login'

2022-02-14 22:34:19 - [MESSAGE][WARNING] - Timeout '0' is invalid. Using default page load timeout: '60'

2022-02-14 22:34:20 - [MESSAGE][PASSED] - Tapped on element 'Object Repository/Mobile/Page/Login/Button - Login'

2022-02-14 22:34:20 - [TEST_STEP][PASSED] - delay(2): Delayed 2 second(s)

2022-02-14 22:34:22 - [MESSAGE][PASSED] - Delayed 2 second(s)

2022-02-14 22:34:22 - [TEST_STEP][PASSED] - break: null

2022-02-14 22:34:22 - [MESSAGE][PASSED] - Call Test Case 'Test Cases/Mobile/Page/Login/Login' successfully

2022-02-14 22:34:22 - [MESSAGE][PASSED] - Call Test Case 'Test Cases/Mobile/Page/CheckLogin' successfully

2022-02-14 22:34:22 - [TEST_STEP][PASSED] - tap(HOME_MenubarPortfolio, 0): Tapped on element 'Object Repository/Mobile/Page/Home/Menubar - Portfolio'

2022-02-14 22:34:22 - [MESSAGE][WARNING] - Timeout '0' is invalid. Using default page load timeout: '60'

2022-02-14 22:34:24 - [MESSAGE][PASSED] - Tapped on element 'Object Repository/Mobile/Page/Home/Menubar - Portfolio'

2022-02-14 22:34:24 - [TEST_STEP][PASSED] - delay(1): Delayed 1 second(s)

2022-02-14 22:34:25 - [MESSAGE][PASSED] - Delayed 1 second(s)

2022-02-14 22:34:25 - [TEST_STEP][PASSED] - for ([i = 0, i < 1, (i++)]): null

2022-02-14 22:34:25 - [TEST_STEP][PASSED] - if (tab == "summary"): null

2022-02-14 22:34:25 - [TEST_STEP][PASSED] - idr = PORT_BtnIDR: null

2022-02-14 22:34:25 - [TEST_STEP][PASSED] - persen = PORT_BtnPersen: null

2022-02-14 22:34:25 - [TEST_STEP][PASSED] - if (action == "summary"): Delayed 3 second(s)

2022-02-14 22:34:25 - [TEST_STEP][PASSED] - delay(3): Delayed 3 second(s)

2022-02-14 22:34:28 - [MESSAGE][PASSED] - Delayed 3 second(s)

2022-02-14 22:34:28 - [TEST_STEP][PASSED] - if (action != "summary"): null

2022-02-14 22:34:28 - [MESSAGE][PASSED] - Call Test Case 'Test Cases/Mobile/Page/Portfolio/Portfolio' successfully

2022-02-14 22:34:28 - [TEST_STEP][PASSED] - callTestCase(findTestCase("Mobile/Page/Run App/Terminate App"), [:], STOP_ON_FAILURE): Call Test Case 'Test Cases/Mobile/Page/Run App/Terminate App' successfully

2022-02-14 22:34:28 - [TEST_CASE][PASSED] - Test Cases/Mobile/Page/Run App/Terminate App: Test Cases/Mobile/Page/Run App/Terminate App

2022-02-14 22:34:28 - [TEST_STEP][PASSED] - startApp.OpenApp.terminateApplication(): startApp.OpenApp.terminateApplication is PASSED

2022-02-14 22:34:31 - [MESSAGE][PASSED] - Delayed 3 second(s)

2022-02-14 22:34:31 - [MESSAGE][PASSED] - Current device physical width is 720

2022-02-14 22:34:32 - [MESSAGE][PASSED] - Current device physical height is 1423

2022-02-14 22:34:33 - [MESSAGE][PASSED] - Swiped from 360,853 to 360,142

2022-02-14 22:34:34 - [MESSAGE][PASSED] - Delayed 1 second(s)

2022-02-14 22:34:35 - [MESSAGE][PASSED] - Swiped from 360,853 to 360,142

2022-02-14 22:34:38 - [MESSAGE][PASSED] - Delayed 3 second(s)

2022-02-14 22:34:38 - [MESSAGE][PASSED] - startApp.OpenApp.terminateApplication is PASSED

2022-02-14 22:34:38 - [MESSAGE][PASSED] - Call Test Case 'Test Cases/Mobile/Page/Run App/Terminate App' successfully]]></system-out>
         <system-err><![CDATA[]]></system-err>
      </testcase>
      <testcase name="Test Cases/Mobile/Scenario/Portfolio/002 - Portfolio Performance Daily IDR" time="58.302" classname="Test Cases/Mobile/Scenario/Portfolio/002 - Portfolio Performance Daily IDR" status="PASSED">
         <system-out><![CDATA[2022-02-14 22:34:38 - [TEST_CASE][PASSED] - Test Cases/Mobile/Scenario/Portfolio/002 - Portfolio Performance Daily IDR: Test Cases/Mobile/Scenario/Portfolio/002 - Portfolio Performance Daily IDR

2022-02-14 22:34:39 - [TEST_STEP][PASSED] - callTestCase(findTestCase("Mobile/Page/Run App/Run App byID"), [:], STOP_ON_FAILURE): Call Test Case 'Test Cases/Mobile/Page/Run App/Run App byID' successfully

2022-02-14 22:34:39 - [TEST_CASE][PASSED] - Test Cases/Mobile/Page/Run App/Run App byID: Test Cases/Mobile/Page/Run App/Run App byID

2022-02-14 22:34:39 - [TEST_STEP][PASSED] - startApp.OpenApp.startApplication("id.co.miraeasset.sageclub"): startApp.OpenApp.startApplication is PASSED

2022-02-14 22:34:51 - [MESSAGE][PASSED] - Starting app with application ID: 'id.co.miraeasset.sageclub'

2022-02-14 22:34:51 - [MESSAGE][PASSED] - startApp.OpenApp.startApplication is PASSED

2022-02-14 22:34:51 - [MESSAGE][PASSED] - Call Test Case 'Test Cases/Mobile/Page/Run App/Run App byID' successfully

2022-02-14 22:34:51 - [TEST_STEP][PASSED] - callTestCase(findTestCase("Mobile/Page/Portfolio/Portfolio"), ["tab":"summary", "action":"perf_daily", "action2":"idr"], CONTINUE_ON_FAILURE): Call Test Case 'Test Cases/Mobile/Page/Portfolio/Portfolio' successfully

2022-02-14 22:34:51 - [TEST_CASE][PASSED] - Test Cases/Mobile/Page/Portfolio/Portfolio: Test Cases/Mobile/Page/Portfolio/Portfolio

2022-02-14 22:34:51 - [TEST_STEP][PASSED] - callTestCase(findTestCase("Mobile/Page/CheckLogin"), [:], CONTINUE_ON_FAILURE): Call Test Case 'Test Cases/Mobile/Page/CheckLogin' successfully

2022-02-14 22:34:51 - [TEST_CASE][PASSED] - Test Cases/Mobile/Page/CheckLogin: Test Cases/Mobile/Page/CheckLogin

2022-02-14 22:34:51 - [TEST_STEP][PASSED] - loginCheck = verifyElementExist(LOGN_BtnLogin, 5, CONTINUE_ON_FAILURE): Element 'Object Repository/Mobile/Page/Login/Button - Login' is exist

2022-02-14 22:34:52 - [MESSAGE][PASSED] - Element 'Object Repository/Mobile/Page/Login/Button - Login' is exist

2022-02-14 22:34:52 - [TEST_STEP][PASSED] - if (loginCheck): Call Test Case 'Test Cases/Mobile/Page/Login/Login' successfully

2022-02-14 22:34:52 - [TEST_STEP][PASSED] - callTestCase(findTestCase("Mobile/Page/Login/Login"), ["action":"username"], CONTINUE_ON_FAILURE): Call Test Case 'Test Cases/Mobile/Page/Login/Login' successfully

2022-02-14 22:34:53 - [TEST_CASE][PASSED] - Test Cases/Mobile/Page/Login/Login: Test Cases/Mobile/Page/Login/Login

2022-02-14 22:34:53 - [TEST_STEP][PASSED] - delay(2): Delayed 2 second(s)

2022-02-14 22:34:55 - [MESSAGE][PASSED] - Delayed 2 second(s)

2022-02-14 22:34:55 - [TEST_STEP][PASSED] - for ([i = 0, i < 1, (i++)]): null

2022-02-14 22:34:55 - [TEST_STEP][PASSED] - if (action == "username"): null

2022-02-14 22:34:55 - [TEST_STEP][PASSED] - tap(LOGN_EdtUserID, 0): Tapped on element 'Object Repository/Mobile/Page/Login/Input - UserID'

2022-02-14 22:34:55 - [MESSAGE][WARNING] - Timeout '0' is invalid. Using default page load timeout: '60'

2022-02-14 22:34:55 - [MESSAGE][PASSED] - Tapped on element 'Object Repository/Mobile/Page/Login/Input - UserID'

2022-02-14 22:34:55 - [TEST_STEP][PASSED] - delay(1): Delayed 1 second(s)

2022-02-14 22:34:56 - [MESSAGE][PASSED] - Delayed 1 second(s)

2022-02-14 22:34:56 - [TEST_STEP][PASSED] - setText(LOGN_EdtRdyUserID, "anggaaditya", 0): Text 'anggaaditya' has been set to element 'Object Repository/Mobile/Page/Login/Input Rdy - UserID'

2022-02-14 22:34:56 - [MESSAGE][WARNING] - Timeout '0' is invalid. Using default page load timeout: '60'

2022-02-14 22:34:57 - [MESSAGE][PASSED] - Text 'anggaaditya' has been set to element 'Object Repository/Mobile/Page/Login/Input Rdy - UserID'

2022-02-14 22:34:57 - [TEST_STEP][PASSED] - delay(1): Delayed 1 second(s)

2022-02-14 22:34:58 - [MESSAGE][PASSED] - Delayed 1 second(s)

2022-02-14 22:34:58 - [TEST_STEP][PASSED] - hideKeyboard(): Keyboard is hidden

2022-02-14 22:35:01 - [MESSAGE][PASSED] - Keyboard is hidden

2022-02-14 22:35:01 - [TEST_STEP][PASSED] - tap(LOGN_EdtPassword, 0): Tapped on element 'Object Repository/Mobile/Page/Login/Input - Password'

2022-02-14 22:35:01 - [MESSAGE][WARNING] - Timeout '0' is invalid. Using default page load timeout: '60'

2022-02-14 22:35:02 - [MESSAGE][PASSED] - Tapped on element 'Object Repository/Mobile/Page/Login/Input - Password'

2022-02-14 22:35:02 - [TEST_STEP][PASSED] - delay(1): Delayed 1 second(s)

2022-02-14 22:35:03 - [MESSAGE][PASSED] - Delayed 1 second(s)

2022-02-14 22:35:03 - [TEST_STEP][PASSED] - setText(LOGN_EdtRdyPassword, "Shalawa18", 0): Text 'Shalawa18' has been set to element 'Object Repository/Mobile/Page/Login/Input Rdy - Password'

2022-02-14 22:35:03 - [MESSAGE][WARNING] - Timeout '0' is invalid. Using default page load timeout: '60'

2022-02-14 22:35:03 - [MESSAGE][PASSED] - Text 'Shalawa18' has been set to element 'Object Repository/Mobile/Page/Login/Input Rdy - Password'

2022-02-14 22:35:03 - [TEST_STEP][PASSED] - delay(1): Delayed 1 second(s)

2022-02-14 22:35:04 - [MESSAGE][PASSED] - Delayed 1 second(s)

2022-02-14 22:35:04 - [TEST_STEP][PASSED] - hideKeyboard(): Keyboard is hidden

2022-02-14 22:35:10 - [MESSAGE][PASSED] - Keyboard is hidden

2022-02-14 22:35:10 - [TEST_STEP][PASSED] - tap(LOGN_BtnLogin, 0): Tapped on element 'Object Repository/Mobile/Page/Login/Button - Login'

2022-02-14 22:35:10 - [MESSAGE][WARNING] - Timeout '0' is invalid. Using default page load timeout: '60'

2022-02-14 22:35:11 - [MESSAGE][PASSED] - Tapped on element 'Object Repository/Mobile/Page/Login/Button - Login'

2022-02-14 22:35:11 - [TEST_STEP][PASSED] - delay(2): Delayed 2 second(s)

2022-02-14 22:35:13 - [MESSAGE][PASSED] - Delayed 2 second(s)

2022-02-14 22:35:13 - [TEST_STEP][PASSED] - break: null

2022-02-14 22:35:13 - [MESSAGE][PASSED] - Call Test Case 'Test Cases/Mobile/Page/Login/Login' successfully

2022-02-14 22:35:13 - [MESSAGE][PASSED] - Call Test Case 'Test Cases/Mobile/Page/CheckLogin' successfully

2022-02-14 22:35:13 - [TEST_STEP][PASSED] - tap(HOME_MenubarPortfolio, 0): Tapped on element 'Object Repository/Mobile/Page/Home/Menubar - Portfolio'

2022-02-14 22:35:13 - [MESSAGE][WARNING] - Timeout '0' is invalid. Using default page load timeout: '60'

2022-02-14 22:35:15 - [MESSAGE][PASSED] - Tapped on element 'Object Repository/Mobile/Page/Home/Menubar - Portfolio'

2022-02-14 22:35:15 - [TEST_STEP][PASSED] - delay(1): Delayed 1 second(s)

2022-02-14 22:35:16 - [MESSAGE][PASSED] - Delayed 1 second(s)

2022-02-14 22:35:16 - [TEST_STEP][PASSED] - for ([i = 0, i < 1, (i++)]): Delayed 3 second(s)

2022-02-14 22:35:16 - [TEST_STEP][PASSED] - if (tab == "summary"): Delayed 3 second(s)

2022-02-14 22:35:16 - [TEST_STEP][PASSED] - idr = PORT_BtnIDR: null

2022-02-14 22:35:16 - [TEST_STEP][PASSED] - persen = PORT_BtnPersen: null

2022-02-14 22:35:16 - [TEST_STEP][PASSED] - if (action == "summary"): null

2022-02-14 22:35:16 - [TEST_STEP][PASSED] - else if (action == "perf_daily"): scroll.scroll.scrollScreenBottomToTop is PASSED

2022-02-14 22:35:16 - [TEST_STEP][PASSED] - scroll.scroll.scrollScreenBottomToTop(): scroll.scroll.scrollScreenBottomToTop is PASSED

2022-02-14 22:35:16 - [MESSAGE][PASSED] - Current device physical height is 1423

2022-02-14 22:35:16 - [MESSAGE][PASSED] - Current device physical width is 720

2022-02-14 22:35:17 - [MESSAGE][PASSED] - Swiped from 360,1,138 to 360,284

2022-02-14 22:35:17 - [MESSAGE][PASSED] - scroll.scroll.scrollScreenBottomToTop is PASSED

2022-02-14 22:35:17 - [TEST_STEP][PASSED] - if (action != "summary"): Delayed 3 second(s)

2022-02-14 22:35:17 - [TEST_STEP][PASSED] - delay(1): Delayed 1 second(s)

2022-02-14 22:35:18 - [MESSAGE][PASSED] - Delayed 1 second(s)

2022-02-14 22:35:18 - [TEST_STEP][PASSED] - scroll.scroll.scrollScreenBottomToTop(): scroll.scroll.scrollScreenBottomToTop is PASSED

2022-02-14 22:35:19 - [MESSAGE][PASSED] - Current device physical height is 1423

2022-02-14 22:35:19 - [MESSAGE][PASSED] - Current device physical width is 720

2022-02-14 22:35:20 - [MESSAGE][PASSED] - Swiped from 360,1,138 to 360,284

2022-02-14 22:35:20 - [MESSAGE][PASSED] - scroll.scroll.scrollScreenBottomToTop is PASSED

2022-02-14 22:35:20 - [TEST_STEP][PASSED] - delay(3): Delayed 3 second(s)

2022-02-14 22:35:23 - [MESSAGE][PASSED] - Delayed 3 second(s)

2022-02-14 22:35:23 - [TEST_STEP][PASSED] - if (action2 == "idr"): Delayed 3 second(s)

2022-02-14 22:35:23 - [TEST_STEP][PASSED] - tap(idr, 10): Tapped on element 'Object Repository/Mobile/Page/Portfolio/Button - IDR'

2022-02-14 22:35:23 - [MESSAGE][PASSED] - Tapped on element 'Object Repository/Mobile/Page/Portfolio/Button - IDR'

2022-02-14 22:35:23 - [TEST_STEP][PASSED] - delay(3): Delayed 3 second(s)

2022-02-14 22:35:26 - [MESSAGE][PASSED] - Delayed 3 second(s)

2022-02-14 22:35:26 - [MESSAGE][PASSED] - Call Test Case 'Test Cases/Mobile/Page/Portfolio/Portfolio' successfully

2022-02-14 22:35:26 - [TEST_STEP][PASSED] - callTestCase(findTestCase("Mobile/Page/Run App/Terminate App"), [:], STOP_ON_FAILURE): Call Test Case 'Test Cases/Mobile/Page/Run App/Terminate App' successfully

2022-02-14 22:35:26 - [TEST_CASE][PASSED] - Test Cases/Mobile/Page/Run App/Terminate App: Test Cases/Mobile/Page/Run App/Terminate App

2022-02-14 22:35:26 - [TEST_STEP][PASSED] - startApp.OpenApp.terminateApplication(): startApp.OpenApp.terminateApplication is PASSED

2022-02-14 22:35:30 - [MESSAGE][PASSED] - Delayed 3 second(s)

2022-02-14 22:35:30 - [MESSAGE][PASSED] - Current device physical width is 720

2022-02-14 22:35:30 - [MESSAGE][PASSED] - Current device physical height is 1423

2022-02-14 22:35:31 - [MESSAGE][PASSED] - Swiped from 360,853 to 360,142

2022-02-14 22:35:32 - [MESSAGE][PASSED] - Delayed 1 second(s)

2022-02-14 22:35:34 - [MESSAGE][PASSED] - Swiped from 360,853 to 360,142

2022-02-14 22:35:37 - [MESSAGE][PASSED] - Delayed 3 second(s)

2022-02-14 22:35:37 - [MESSAGE][PASSED] - startApp.OpenApp.terminateApplication is PASSED

2022-02-14 22:35:37 - [MESSAGE][PASSED] - Call Test Case 'Test Cases/Mobile/Page/Run App/Terminate App' successfully]]></system-out>
         <system-err><![CDATA[]]></system-err>
      </testcase>
      <testcase name="Test Cases/Mobile/Scenario/Portfolio/003 - Portfolio Performance Month to Date IDR" time="60.302" classname="Test Cases/Mobile/Scenario/Portfolio/003 - Portfolio Performance Month to Date IDR" status="PASSED">
         <system-out><![CDATA[2022-02-14 22:35:37 - [TEST_CASE][PASSED] - Test Cases/Mobile/Scenario/Portfolio/003 - Portfolio Performance Month to Date IDR: Test Cases/Mobile/Scenario/Portfolio/003 - Portfolio Performance Month to Date IDR

2022-02-14 22:35:37 - [TEST_STEP][PASSED] - callTestCase(findTestCase("Mobile/Page/Run App/Run App byID"), [:], STOP_ON_FAILURE): Call Test Case 'Test Cases/Mobile/Page/Run App/Run App byID' successfully

2022-02-14 22:35:37 - [TEST_CASE][PASSED] - Test Cases/Mobile/Page/Run App/Run App byID: Test Cases/Mobile/Page/Run App/Run App byID

2022-02-14 22:35:37 - [TEST_STEP][PASSED] - startApp.OpenApp.startApplication("id.co.miraeasset.sageclub"): startApp.OpenApp.startApplication is PASSED

2022-02-14 22:35:49 - [MESSAGE][PASSED] - Starting app with application ID: 'id.co.miraeasset.sageclub'

2022-02-14 22:35:49 - [MESSAGE][PASSED] - startApp.OpenApp.startApplication is PASSED

2022-02-14 22:35:49 - [MESSAGE][PASSED] - Call Test Case 'Test Cases/Mobile/Page/Run App/Run App byID' successfully

2022-02-14 22:35:49 - [TEST_STEP][PASSED] - callTestCase(findTestCase("Mobile/Page/Portfolio/Portfolio"), ["tab":"summary", "action":"perf_month", "action2":"idr"], CONTINUE_ON_FAILURE): Call Test Case 'Test Cases/Mobile/Page/Portfolio/Portfolio' successfully

2022-02-14 22:35:49 - [TEST_CASE][PASSED] - Test Cases/Mobile/Page/Portfolio/Portfolio: Test Cases/Mobile/Page/Portfolio/Portfolio

2022-02-14 22:35:49 - [TEST_STEP][PASSED] - callTestCase(findTestCase("Mobile/Page/CheckLogin"), [:], CONTINUE_ON_FAILURE): Call Test Case 'Test Cases/Mobile/Page/CheckLogin' successfully

2022-02-14 22:35:49 - [TEST_CASE][PASSED] - Test Cases/Mobile/Page/CheckLogin: Test Cases/Mobile/Page/CheckLogin

2022-02-14 22:35:49 - [TEST_STEP][PASSED] - loginCheck = verifyElementExist(LOGN_BtnLogin, 5, CONTINUE_ON_FAILURE): Element 'Object Repository/Mobile/Page/Login/Button - Login' is exist

2022-02-14 22:35:51 - [MESSAGE][PASSED] - Element 'Object Repository/Mobile/Page/Login/Button - Login' is exist

2022-02-14 22:35:51 - [TEST_STEP][PASSED] - if (loginCheck): Call Test Case 'Test Cases/Mobile/Page/Login/Login' successfully

2022-02-14 22:35:51 - [TEST_STEP][PASSED] - callTestCase(findTestCase("Mobile/Page/Login/Login"), ["action":"username"], CONTINUE_ON_FAILURE): Call Test Case 'Test Cases/Mobile/Page/Login/Login' successfully

2022-02-14 22:35:51 - [TEST_CASE][PASSED] - Test Cases/Mobile/Page/Login/Login: Test Cases/Mobile/Page/Login/Login

2022-02-14 22:35:51 - [TEST_STEP][PASSED] - delay(2): Delayed 2 second(s)

2022-02-14 22:35:53 - [MESSAGE][PASSED] - Delayed 2 second(s)

2022-02-14 22:35:53 - [TEST_STEP][PASSED] - for ([i = 0, i < 1, (i++)]): null

2022-02-14 22:35:53 - [TEST_STEP][PASSED] - if (action == "username"): null

2022-02-14 22:35:53 - [TEST_STEP][PASSED] - tap(LOGN_EdtUserID, 0): Tapped on element 'Object Repository/Mobile/Page/Login/Input - UserID'

2022-02-14 22:35:53 - [MESSAGE][WARNING] - Timeout '0' is invalid. Using default page load timeout: '60'

2022-02-14 22:35:53 - [MESSAGE][PASSED] - Tapped on element 'Object Repository/Mobile/Page/Login/Input - UserID'

2022-02-14 22:35:53 - [TEST_STEP][PASSED] - delay(1): Delayed 1 second(s)

2022-02-14 22:35:54 - [MESSAGE][PASSED] - Delayed 1 second(s)

2022-02-14 22:35:54 - [TEST_STEP][PASSED] - setText(LOGN_EdtRdyUserID, "anggaaditya", 0): Text 'anggaaditya' has been set to element 'Object Repository/Mobile/Page/Login/Input Rdy - UserID'

2022-02-14 22:35:54 - [MESSAGE][WARNING] - Timeout '0' is invalid. Using default page load timeout: '60'

2022-02-14 22:35:55 - [MESSAGE][PASSED] - Text 'anggaaditya' has been set to element 'Object Repository/Mobile/Page/Login/Input Rdy - UserID'

2022-02-14 22:35:55 - [TEST_STEP][PASSED] - delay(1): Delayed 1 second(s)

2022-02-14 22:35:56 - [MESSAGE][PASSED] - Delayed 1 second(s)

2022-02-14 22:35:56 - [TEST_STEP][PASSED] - hideKeyboard(): Keyboard is hidden

2022-02-14 22:36:00 - [MESSAGE][PASSED] - Keyboard is hidden

2022-02-14 22:36:00 - [TEST_STEP][PASSED] - tap(LOGN_EdtPassword, 0): Tapped on element 'Object Repository/Mobile/Page/Login/Input - Password'

2022-02-14 22:36:00 - [MESSAGE][WARNING] - Timeout '0' is invalid. Using default page load timeout: '60'

2022-02-14 22:36:01 - [MESSAGE][PASSED] - Tapped on element 'Object Repository/Mobile/Page/Login/Input - Password'

2022-02-14 22:36:01 - [TEST_STEP][PASSED] - delay(1): Delayed 1 second(s)

2022-02-14 22:36:02 - [MESSAGE][PASSED] - Delayed 1 second(s)

2022-02-14 22:36:02 - [TEST_STEP][PASSED] - setText(LOGN_EdtRdyPassword, "Shalawa18", 0): Text 'Shalawa18' has been set to element 'Object Repository/Mobile/Page/Login/Input Rdy - Password'

2022-02-14 22:36:02 - [MESSAGE][WARNING] - Timeout '0' is invalid. Using default page load timeout: '60'

2022-02-14 22:36:02 - [MESSAGE][PASSED] - Text 'Shalawa18' has been set to element 'Object Repository/Mobile/Page/Login/Input Rdy - Password'

2022-02-14 22:36:02 - [TEST_STEP][PASSED] - delay(1): Delayed 1 second(s)

2022-02-14 22:36:03 - [MESSAGE][PASSED] - Delayed 1 second(s)

2022-02-14 22:36:03 - [TEST_STEP][PASSED] - hideKeyboard(): Keyboard is hidden

2022-02-14 22:36:09 - [MESSAGE][PASSED] - Keyboard is hidden

2022-02-14 22:36:09 - [TEST_STEP][PASSED] - tap(LOGN_BtnLogin, 0): Tapped on element 'Object Repository/Mobile/Page/Login/Button - Login'

2022-02-14 22:36:09 - [MESSAGE][WARNING] - Timeout '0' is invalid. Using default page load timeout: '60'

2022-02-14 22:36:10 - [MESSAGE][PASSED] - Tapped on element 'Object Repository/Mobile/Page/Login/Button - Login'

2022-02-14 22:36:10 - [TEST_STEP][PASSED] - delay(2): Delayed 2 second(s)

2022-02-14 22:36:12 - [MESSAGE][PASSED] - Delayed 2 second(s)

2022-02-14 22:36:12 - [TEST_STEP][PASSED] - break: null

2022-02-14 22:36:12 - [MESSAGE][PASSED] - Call Test Case 'Test Cases/Mobile/Page/Login/Login' successfully

2022-02-14 22:36:12 - [MESSAGE][PASSED] - Call Test Case 'Test Cases/Mobile/Page/CheckLogin' successfully

2022-02-14 22:36:12 - [TEST_STEP][PASSED] - tap(HOME_MenubarPortfolio, 0): Tapped on element 'Object Repository/Mobile/Page/Home/Menubar - Portfolio'

2022-02-14 22:36:12 - [MESSAGE][WARNING] - Timeout '0' is invalid. Using default page load timeout: '60'

2022-02-14 22:36:13 - [MESSAGE][PASSED] - Tapped on element 'Object Repository/Mobile/Page/Home/Menubar - Portfolio'

2022-02-14 22:36:13 - [TEST_STEP][PASSED] - delay(1): Delayed 1 second(s)

2022-02-14 22:36:14 - [MESSAGE][PASSED] - Delayed 1 second(s)

2022-02-14 22:36:14 - [TEST_STEP][PASSED] - for ([i = 0, i < 1, (i++)]): Delayed 3 second(s)

2022-02-14 22:36:14 - [TEST_STEP][PASSED] - if (tab == "summary"): Delayed 3 second(s)

2022-02-14 22:36:14 - [TEST_STEP][PASSED] - idr = PORT_BtnIDR: null

2022-02-14 22:36:14 - [TEST_STEP][PASSED] - persen = PORT_BtnPersen: null

2022-02-14 22:36:14 - [TEST_STEP][PASSED] - if (action == "summary"): null

2022-02-14 22:36:14 - [TEST_STEP][PASSED] - else if (action == "perf_daily"): null

2022-02-14 22:36:14 - [TEST_STEP][PASSED] - else if (action == "perf_month"): Tapped on element 'Object Repository/Mobile/Page/Portfolio/Tab - Summary Month to Date'

2022-02-14 22:36:14 - [TEST_STEP][PASSED] - scroll.scroll.scrollScreenBottomToTop(): scroll.scroll.scrollScreenBottomToTop is PASSED

2022-02-14 22:36:15 - [MESSAGE][PASSED] - Current device physical height is 1423

2022-02-14 22:36:15 - [MESSAGE][PASSED] - Current device physical width is 720

2022-02-14 22:36:16 - [MESSAGE][PASSED] - Swiped from 360,1,138 to 360,284

2022-02-14 22:36:16 - [MESSAGE][PASSED] - scroll.scroll.scrollScreenBottomToTop is PASSED

2022-02-14 22:36:16 - [TEST_STEP][PASSED] - delay(1): Delayed 1 second(s)

2022-02-14 22:36:17 - [MESSAGE][PASSED] - Delayed 1 second(s)

2022-02-14 22:36:17 - [TEST_STEP][PASSED] - tap(PORT_TabSummaryMonth, 0): Tapped on element 'Object Repository/Mobile/Page/Portfolio/Tab - Summary Month to Date'

2022-02-14 22:36:17 - [MESSAGE][WARNING] - Timeout '0' is invalid. Using default page load timeout: '60'

2022-02-14 22:36:18 - [MESSAGE][PASSED] - Tapped on element 'Object Repository/Mobile/Page/Portfolio/Tab - Summary Month to Date'

2022-02-14 22:36:18 - [TEST_STEP][PASSED] - if (action != "summary"): Delayed 3 second(s)

2022-02-14 22:36:18 - [TEST_STEP][PASSED] - delay(1): Delayed 1 second(s)

2022-02-14 22:36:19 - [MESSAGE][PASSED] - Delayed 1 second(s)

2022-02-14 22:36:19 - [TEST_STEP][PASSED] - scroll.scroll.scrollScreenBottomToTop(): scroll.scroll.scrollScreenBottomToTop is PASSED

2022-02-14 22:36:19 - [MESSAGE][PASSED] - Current device physical height is 1423

2022-02-14 22:36:19 - [MESSAGE][PASSED] - Current device physical width is 720

2022-02-14 22:36:20 - [MESSAGE][PASSED] - Swiped from 360,1,138 to 360,284

2022-02-14 22:36:20 - [MESSAGE][PASSED] - scroll.scroll.scrollScreenBottomToTop is PASSED

2022-02-14 22:36:20 - [TEST_STEP][PASSED] - delay(3): Delayed 3 second(s)

2022-02-14 22:36:23 - [MESSAGE][PASSED] - Delayed 3 second(s)

2022-02-14 22:36:23 - [TEST_STEP][PASSED] - if (action2 == "idr"): Delayed 3 second(s)

2022-02-14 22:36:23 - [TEST_STEP][PASSED] - tap(idr, 10): Tapped on element 'Object Repository/Mobile/Page/Portfolio/Button - IDR'

2022-02-14 22:36:24 - [MESSAGE][PASSED] - Tapped on element 'Object Repository/Mobile/Page/Portfolio/Button - IDR'

2022-02-14 22:36:24 - [TEST_STEP][PASSED] - delay(3): Delayed 3 second(s)

2022-02-14 22:36:27 - [MESSAGE][PASSED] - Delayed 3 second(s)

2022-02-14 22:36:27 - [MESSAGE][PASSED] - Call Test Case 'Test Cases/Mobile/Page/Portfolio/Portfolio' successfully

2022-02-14 22:36:27 - [TEST_STEP][PASSED] - callTestCase(findTestCase("Mobile/Page/Run App/Terminate App"), [:], STOP_ON_FAILURE): Call Test Case 'Test Cases/Mobile/Page/Run App/Terminate App' successfully

2022-02-14 22:36:27 - [TEST_CASE][PASSED] - Test Cases/Mobile/Page/Run App/Terminate App: Test Cases/Mobile/Page/Run App/Terminate App

2022-02-14 22:36:27 - [TEST_STEP][PASSED] - startApp.OpenApp.terminateApplication(): startApp.OpenApp.terminateApplication is PASSED

2022-02-14 22:36:30 - [MESSAGE][PASSED] - Delayed 3 second(s)

2022-02-14 22:36:30 - [MESSAGE][PASSED] - Current device physical width is 720

2022-02-14 22:36:30 - [MESSAGE][PASSED] - Current device physical height is 1423

2022-02-14 22:36:32 - [MESSAGE][PASSED] - Swiped from 360,853 to 360,142

2022-02-14 22:36:33 - [MESSAGE][PASSED] - Delayed 1 second(s)

2022-02-14 22:36:34 - [MESSAGE][PASSED] - Swiped from 360,853 to 360,142

2022-02-14 22:36:37 - [MESSAGE][PASSED] - Delayed 3 second(s)

2022-02-14 22:36:37 - [MESSAGE][PASSED] - startApp.OpenApp.terminateApplication is PASSED

2022-02-14 22:36:37 - [MESSAGE][PASSED] - Call Test Case 'Test Cases/Mobile/Page/Run App/Terminate App' successfully]]></system-out>
         <system-err><![CDATA[]]></system-err>
      </testcase>
      <testcase name="Test Cases/Mobile/Scenario/Portfolio/004 - Portfolio Performance Quarter to Date IDR" time="60.332" classname="Test Cases/Mobile/Scenario/Portfolio/004 - Portfolio Performance Quarter to Date IDR" status="PASSED">
         <system-out><![CDATA[2022-02-14 22:36:37 - [TEST_CASE][PASSED] - Test Cases/Mobile/Scenario/Portfolio/004 - Portfolio Performance Quarter to Date IDR: Test Cases/Mobile/Scenario/Portfolio/004 - Portfolio Performance Quarter to Date IDR

2022-02-14 22:36:37 - [TEST_STEP][PASSED] - callTestCase(findTestCase("Mobile/Page/Run App/Run App byID"), [:], STOP_ON_FAILURE): Call Test Case 'Test Cases/Mobile/Page/Run App/Run App byID' successfully

2022-02-14 22:36:37 - [TEST_CASE][PASSED] - Test Cases/Mobile/Page/Run App/Run App byID: Test Cases/Mobile/Page/Run App/Run App byID

2022-02-14 22:36:37 - [TEST_STEP][PASSED] - startApp.OpenApp.startApplication("id.co.miraeasset.sageclub"): startApp.OpenApp.startApplication is PASSED

2022-02-14 22:36:49 - [MESSAGE][PASSED] - Starting app with application ID: 'id.co.miraeasset.sageclub'

2022-02-14 22:36:49 - [MESSAGE][PASSED] - startApp.OpenApp.startApplication is PASSED

2022-02-14 22:36:49 - [MESSAGE][PASSED] - Call Test Case 'Test Cases/Mobile/Page/Run App/Run App byID' successfully

2022-02-14 22:36:49 - [TEST_STEP][PASSED] - callTestCase(findTestCase("Mobile/Page/Portfolio/Portfolio"), ["tab":"summary", "action":"perf_quarter", "action2":"idr"], CONTINUE_ON_FAILURE): Call Test Case 'Test Cases/Mobile/Page/Portfolio/Portfolio' successfully

2022-02-14 22:36:49 - [TEST_CASE][PASSED] - Test Cases/Mobile/Page/Portfolio/Portfolio: Test Cases/Mobile/Page/Portfolio/Portfolio

2022-02-14 22:36:49 - [TEST_STEP][PASSED] - callTestCase(findTestCase("Mobile/Page/CheckLogin"), [:], CONTINUE_ON_FAILURE): Call Test Case 'Test Cases/Mobile/Page/CheckLogin' successfully

2022-02-14 22:36:49 - [TEST_CASE][PASSED] - Test Cases/Mobile/Page/CheckLogin: Test Cases/Mobile/Page/CheckLogin

2022-02-14 22:36:49 - [TEST_STEP][PASSED] - loginCheck = verifyElementExist(LOGN_BtnLogin, 5, CONTINUE_ON_FAILURE): Element 'Object Repository/Mobile/Page/Login/Button - Login' is exist

2022-02-14 22:36:51 - [MESSAGE][PASSED] - Element 'Object Repository/Mobile/Page/Login/Button - Login' is exist

2022-02-14 22:36:51 - [TEST_STEP][PASSED] - if (loginCheck): Call Test Case 'Test Cases/Mobile/Page/Login/Login' successfully

2022-02-14 22:36:51 - [TEST_STEP][PASSED] - callTestCase(findTestCase("Mobile/Page/Login/Login"), ["action":"username"], CONTINUE_ON_FAILURE): Call Test Case 'Test Cases/Mobile/Page/Login/Login' successfully

2022-02-14 22:36:51 - [TEST_CASE][PASSED] - Test Cases/Mobile/Page/Login/Login: Test Cases/Mobile/Page/Login/Login

2022-02-14 22:36:51 - [TEST_STEP][PASSED] - delay(2): Delayed 2 second(s)

2022-02-14 22:36:53 - [MESSAGE][PASSED] - Delayed 2 second(s)

2022-02-14 22:36:53 - [TEST_STEP][PASSED] - for ([i = 0, i < 1, (i++)]): null

2022-02-14 22:36:53 - [TEST_STEP][PASSED] - if (action == "username"): null

2022-02-14 22:36:53 - [TEST_STEP][PASSED] - tap(LOGN_EdtUserID, 0): Tapped on element 'Object Repository/Mobile/Page/Login/Input - UserID'

2022-02-14 22:36:53 - [MESSAGE][WARNING] - Timeout '0' is invalid. Using default page load timeout: '60'

2022-02-14 22:36:54 - [MESSAGE][PASSED] - Tapped on element 'Object Repository/Mobile/Page/Login/Input - UserID'

2022-02-14 22:36:54 - [TEST_STEP][PASSED] - delay(1): Delayed 1 second(s)

2022-02-14 22:36:55 - [MESSAGE][PASSED] - Delayed 1 second(s)

2022-02-14 22:36:55 - [TEST_STEP][PASSED] - setText(LOGN_EdtRdyUserID, "anggaaditya", 0): Text 'anggaaditya' has been set to element 'Object Repository/Mobile/Page/Login/Input Rdy - UserID'

2022-02-14 22:36:55 - [MESSAGE][WARNING] - Timeout '0' is invalid. Using default page load timeout: '60'

2022-02-14 22:36:55 - [MESSAGE][PASSED] - Text 'anggaaditya' has been set to element 'Object Repository/Mobile/Page/Login/Input Rdy - UserID'

2022-02-14 22:36:55 - [TEST_STEP][PASSED] - delay(1): Delayed 1 second(s)

2022-02-14 22:36:56 - [MESSAGE][PASSED] - Delayed 1 second(s)

2022-02-14 22:36:56 - [TEST_STEP][PASSED] - hideKeyboard(): Keyboard is hidden

2022-02-14 22:37:00 - [MESSAGE][PASSED] - Keyboard is hidden

2022-02-14 22:37:00 - [TEST_STEP][PASSED] - tap(LOGN_EdtPassword, 0): Tapped on element 'Object Repository/Mobile/Page/Login/Input - Password'

2022-02-14 22:37:00 - [MESSAGE][WARNING] - Timeout '0' is invalid. Using default page load timeout: '60'

2022-02-14 22:37:01 - [MESSAGE][PASSED] - Tapped on element 'Object Repository/Mobile/Page/Login/Input - Password'

2022-02-14 22:37:01 - [TEST_STEP][PASSED] - delay(1): Delayed 1 second(s)

2022-02-14 22:37:02 - [MESSAGE][PASSED] - Delayed 1 second(s)

2022-02-14 22:37:02 - [TEST_STEP][PASSED] - setText(LOGN_EdtRdyPassword, "Shalawa18", 0): Text 'Shalawa18' has been set to element 'Object Repository/Mobile/Page/Login/Input Rdy - Password'

2022-02-14 22:37:02 - [MESSAGE][WARNING] - Timeout '0' is invalid. Using default page load timeout: '60'

2022-02-14 22:37:02 - [MESSAGE][PASSED] - Text 'Shalawa18' has been set to element 'Object Repository/Mobile/Page/Login/Input Rdy - Password'

2022-02-14 22:37:02 - [TEST_STEP][PASSED] - delay(1): Delayed 1 second(s)

2022-02-14 22:37:03 - [MESSAGE][PASSED] - Delayed 1 second(s)

2022-02-14 22:37:03 - [TEST_STEP][PASSED] - hideKeyboard(): Keyboard is hidden

2022-02-14 22:37:10 - [MESSAGE][PASSED] - Keyboard is hidden

2022-02-14 22:37:10 - [TEST_STEP][PASSED] - tap(LOGN_BtnLogin, 0): Tapped on element 'Object Repository/Mobile/Page/Login/Button - Login'

2022-02-14 22:37:10 - [MESSAGE][WARNING] - Timeout '0' is invalid. Using default page load timeout: '60'

2022-02-14 22:37:10 - [MESSAGE][PASSED] - Tapped on element 'Object Repository/Mobile/Page/Login/Button - Login'

2022-02-14 22:37:10 - [TEST_STEP][PASSED] - delay(2): Delayed 2 second(s)

2022-02-14 22:37:12 - [MESSAGE][PASSED] - Delayed 2 second(s)

2022-02-14 22:37:12 - [TEST_STEP][PASSED] - break: null

2022-02-14 22:37:12 - [MESSAGE][PASSED] - Call Test Case 'Test Cases/Mobile/Page/Login/Login' successfully

2022-02-14 22:37:12 - [MESSAGE][PASSED] - Call Test Case 'Test Cases/Mobile/Page/CheckLogin' successfully

2022-02-14 22:37:12 - [TEST_STEP][PASSED] - tap(HOME_MenubarPortfolio, 0): Tapped on element 'Object Repository/Mobile/Page/Home/Menubar - Portfolio'

2022-02-14 22:37:12 - [MESSAGE][WARNING] - Timeout '0' is invalid. Using default page load timeout: '60'

2022-02-14 22:37:14 - [MESSAGE][PASSED] - Tapped on element 'Object Repository/Mobile/Page/Home/Menubar - Portfolio'

2022-02-14 22:37:14 - [TEST_STEP][PASSED] - delay(1): Delayed 1 second(s)

2022-02-14 22:37:15 - [MESSAGE][PASSED] - Delayed 1 second(s)

2022-02-14 22:37:15 - [TEST_STEP][PASSED] - for ([i = 0, i < 1, (i++)]): Delayed 3 second(s)

2022-02-14 22:37:15 - [TEST_STEP][PASSED] - if (tab == "summary"): Delayed 3 second(s)

2022-02-14 22:37:15 - [TEST_STEP][PASSED] - idr = PORT_BtnIDR: null

2022-02-14 22:37:15 - [TEST_STEP][PASSED] - persen = PORT_BtnPersen: null

2022-02-14 22:37:15 - [TEST_STEP][PASSED] - if (action == "summary"): null

2022-02-14 22:37:15 - [TEST_STEP][PASSED] - else if (action == "perf_daily"): null

2022-02-14 22:37:15 - [TEST_STEP][PASSED] - else if (action == "perf_month"): null

2022-02-14 22:37:15 - [TEST_STEP][PASSED] - else if (action == "perf_quarter"): Tapped on element 'Object Repository/Mobile/Page/Portfolio/Tab - Summary Quarter to Date'

2022-02-14 22:37:15 - [TEST_STEP][PASSED] - scroll.scroll.scrollScreenBottomToTop(): scroll.scroll.scrollScreenBottomToTop is PASSED

2022-02-14 22:37:15 - [MESSAGE][PASSED] - Current device physical height is 1423

2022-02-14 22:37:15 - [MESSAGE][PASSED] - Current device physical width is 720

2022-02-14 22:37:17 - [MESSAGE][PASSED] - Swiped from 360,1,138 to 360,284

2022-02-14 22:37:17 - [MESSAGE][PASSED] - scroll.scroll.scrollScreenBottomToTop is PASSED

2022-02-14 22:37:17 - [TEST_STEP][PASSED] - delay(1): Delayed 1 second(s)

2022-02-14 22:37:18 - [MESSAGE][PASSED] - Delayed 1 second(s)

2022-02-14 22:37:18 - [TEST_STEP][PASSED] - tap(PORT_TabSummaryQuarter, 0): Tapped on element 'Object Repository/Mobile/Page/Portfolio/Tab - Summary Quarter to Date'

2022-02-14 22:37:18 - [MESSAGE][WARNING] - Timeout '0' is invalid. Using default page load timeout: '60'

2022-02-14 22:37:18 - [MESSAGE][PASSED] - Tapped on element 'Object Repository/Mobile/Page/Portfolio/Tab - Summary Quarter to Date'

2022-02-14 22:37:18 - [TEST_STEP][PASSED] - if (action != "summary"): Delayed 3 second(s)

2022-02-14 22:37:18 - [TEST_STEP][PASSED] - delay(1): Delayed 1 second(s)

2022-02-14 22:37:19 - [MESSAGE][PASSED] - Delayed 1 second(s)

2022-02-14 22:37:19 - [TEST_STEP][PASSED] - scroll.scroll.scrollScreenBottomToTop(): scroll.scroll.scrollScreenBottomToTop is PASSED

2022-02-14 22:37:19 - [MESSAGE][PASSED] - Current device physical height is 1423

2022-02-14 22:37:19 - [MESSAGE][PASSED] - Current device physical width is 720

2022-02-14 22:37:21 - [MESSAGE][PASSED] - Swiped from 360,1,138 to 360,284

2022-02-14 22:37:21 - [MESSAGE][PASSED] - scroll.scroll.scrollScreenBottomToTop is PASSED

2022-02-14 22:37:21 - [TEST_STEP][PASSED] - delay(3): Delayed 3 second(s)

2022-02-14 22:37:24 - [MESSAGE][PASSED] - Delayed 3 second(s)

2022-02-14 22:37:24 - [TEST_STEP][PASSED] - if (action2 == "idr"): Delayed 3 second(s)

2022-02-14 22:37:24 - [TEST_STEP][PASSED] - tap(idr, 10): Tapped on element 'Object Repository/Mobile/Page/Portfolio/Button - IDR'

2022-02-14 22:37:24 - [MESSAGE][PASSED] - Tapped on element 'Object Repository/Mobile/Page/Portfolio/Button - IDR'

2022-02-14 22:37:24 - [TEST_STEP][PASSED] - delay(3): Delayed 3 second(s)

2022-02-14 22:37:27 - [MESSAGE][PASSED] - Delayed 3 second(s)

2022-02-14 22:37:27 - [MESSAGE][PASSED] - Call Test Case 'Test Cases/Mobile/Page/Portfolio/Portfolio' successfully

2022-02-14 22:37:27 - [TEST_STEP][PASSED] - callTestCase(findTestCase("Mobile/Page/Run App/Terminate App"), [:], STOP_ON_FAILURE): Call Test Case 'Test Cases/Mobile/Page/Run App/Terminate App' successfully

2022-02-14 22:37:27 - [TEST_CASE][PASSED] - Test Cases/Mobile/Page/Run App/Terminate App: Test Cases/Mobile/Page/Run App/Terminate App

2022-02-14 22:37:27 - [TEST_STEP][PASSED] - startApp.OpenApp.terminateApplication(): startApp.OpenApp.terminateApplication is PASSED

2022-02-14 22:37:30 - [MESSAGE][PASSED] - Delayed 3 second(s)

2022-02-14 22:37:30 - [MESSAGE][PASSED] - Current device physical width is 720

2022-02-14 22:37:31 - [MESSAGE][PASSED] - Current device physical height is 1423

2022-02-14 22:37:32 - [MESSAGE][PASSED] - Swiped from 360,853 to 360,142

2022-02-14 22:37:33 - [MESSAGE][PASSED] - Delayed 1 second(s)

2022-02-14 22:37:34 - [MESSAGE][PASSED] - Swiped from 360,853 to 360,142

2022-02-14 22:37:37 - [MESSAGE][PASSED] - Delayed 3 second(s)

2022-02-14 22:37:37 - [MESSAGE][PASSED] - startApp.OpenApp.terminateApplication is PASSED

2022-02-14 22:37:37 - [MESSAGE][PASSED] - Call Test Case 'Test Cases/Mobile/Page/Run App/Terminate App' successfully]]></system-out>
         <system-err><![CDATA[]]></system-err>
      </testcase>
      <testcase name="Test Cases/Mobile/Scenario/Portfolio/005 - Portfolio Performance Year to Date IDR" time="60.45" classname="Test Cases/Mobile/Scenario/Portfolio/005 - Portfolio Performance Year to Date IDR" status="PASSED">
         <system-out><![CDATA[2022-02-14 22:37:37 - [TEST_CASE][PASSED] - Test Cases/Mobile/Scenario/Portfolio/005 - Portfolio Performance Year to Date IDR: Test Cases/Mobile/Scenario/Portfolio/005 - Portfolio Performance Year to Date IDR

2022-02-14 22:37:38 - [TEST_STEP][PASSED] - callTestCase(findTestCase("Mobile/Page/Run App/Run App byID"), [:], STOP_ON_FAILURE): Call Test Case 'Test Cases/Mobile/Page/Run App/Run App byID' successfully

2022-02-14 22:37:38 - [TEST_CASE][PASSED] - Test Cases/Mobile/Page/Run App/Run App byID: Test Cases/Mobile/Page/Run App/Run App byID

2022-02-14 22:37:38 - [TEST_STEP][PASSED] - startApp.OpenApp.startApplication("id.co.miraeasset.sageclub"): startApp.OpenApp.startApplication is PASSED

2022-02-14 22:37:50 - [MESSAGE][PASSED] - Starting app with application ID: 'id.co.miraeasset.sageclub'

2022-02-14 22:37:50 - [MESSAGE][PASSED] - startApp.OpenApp.startApplication is PASSED

2022-02-14 22:37:50 - [MESSAGE][PASSED] - Call Test Case 'Test Cases/Mobile/Page/Run App/Run App byID' successfully

2022-02-14 22:37:50 - [TEST_STEP][PASSED] - callTestCase(findTestCase("Mobile/Page/Portfolio/Portfolio"), ["tab":"summary", "action":"perf_year", "action2":"idr"], CONTINUE_ON_FAILURE): Call Test Case 'Test Cases/Mobile/Page/Portfolio/Portfolio' successfully

2022-02-14 22:37:50 - [TEST_CASE][PASSED] - Test Cases/Mobile/Page/Portfolio/Portfolio: Test Cases/Mobile/Page/Portfolio/Portfolio

2022-02-14 22:37:50 - [TEST_STEP][PASSED] - callTestCase(findTestCase("Mobile/Page/CheckLogin"), [:], CONTINUE_ON_FAILURE): Call Test Case 'Test Cases/Mobile/Page/CheckLogin' successfully

2022-02-14 22:37:50 - [TEST_CASE][PASSED] - Test Cases/Mobile/Page/CheckLogin: Test Cases/Mobile/Page/CheckLogin

2022-02-14 22:37:50 - [TEST_STEP][PASSED] - loginCheck = verifyElementExist(LOGN_BtnLogin, 5, CONTINUE_ON_FAILURE): Element 'Object Repository/Mobile/Page/Login/Button - Login' is exist

2022-02-14 22:37:52 - [MESSAGE][PASSED] - Element 'Object Repository/Mobile/Page/Login/Button - Login' is exist

2022-02-14 22:37:52 - [TEST_STEP][PASSED] - if (loginCheck): Call Test Case 'Test Cases/Mobile/Page/Login/Login' successfully

2022-02-14 22:37:52 - [TEST_STEP][PASSED] - callTestCase(findTestCase("Mobile/Page/Login/Login"), ["action":"username"], CONTINUE_ON_FAILURE): Call Test Case 'Test Cases/Mobile/Page/Login/Login' successfully

2022-02-14 22:37:52 - [TEST_CASE][PASSED] - Test Cases/Mobile/Page/Login/Login: Test Cases/Mobile/Page/Login/Login

2022-02-14 22:37:52 - [TEST_STEP][PASSED] - delay(2): Delayed 2 second(s)

2022-02-14 22:37:54 - [MESSAGE][PASSED] - Delayed 2 second(s)

2022-02-14 22:37:54 - [TEST_STEP][PASSED] - for ([i = 0, i < 1, (i++)]): null

2022-02-14 22:37:54 - [TEST_STEP][PASSED] - if (action == "username"): null

2022-02-14 22:37:54 - [TEST_STEP][PASSED] - tap(LOGN_EdtUserID, 0): Tapped on element 'Object Repository/Mobile/Page/Login/Input - UserID'

2022-02-14 22:37:54 - [MESSAGE][WARNING] - Timeout '0' is invalid. Using default page load timeout: '60'

2022-02-14 22:37:54 - [MESSAGE][PASSED] - Tapped on element 'Object Repository/Mobile/Page/Login/Input - UserID'

2022-02-14 22:37:54 - [TEST_STEP][PASSED] - delay(1): Delayed 1 second(s)

2022-02-14 22:37:55 - [MESSAGE][PASSED] - Delayed 1 second(s)

2022-02-14 22:37:55 - [TEST_STEP][PASSED] - setText(LOGN_EdtRdyUserID, "anggaaditya", 0): Text 'anggaaditya' has been set to element 'Object Repository/Mobile/Page/Login/Input Rdy - UserID'

2022-02-14 22:37:55 - [MESSAGE][WARNING] - Timeout '0' is invalid. Using default page load timeout: '60'

2022-02-14 22:37:56 - [MESSAGE][PASSED] - Text 'anggaaditya' has been set to element 'Object Repository/Mobile/Page/Login/Input Rdy - UserID'

2022-02-14 22:37:56 - [TEST_STEP][PASSED] - delay(1): Delayed 1 second(s)

2022-02-14 22:37:57 - [MESSAGE][PASSED] - Delayed 1 second(s)

2022-02-14 22:37:57 - [TEST_STEP][PASSED] - hideKeyboard(): Keyboard is hidden

2022-02-14 22:38:01 - [MESSAGE][PASSED] - Keyboard is hidden

2022-02-14 22:38:01 - [TEST_STEP][PASSED] - tap(LOGN_EdtPassword, 0): Tapped on element 'Object Repository/Mobile/Page/Login/Input - Password'

2022-02-14 22:38:01 - [MESSAGE][WARNING] - Timeout '0' is invalid. Using default page load timeout: '60'

2022-02-14 22:38:01 - [MESSAGE][PASSED] - Tapped on element 'Object Repository/Mobile/Page/Login/Input - Password'

2022-02-14 22:38:01 - [TEST_STEP][PASSED] - delay(1): Delayed 1 second(s)

2022-02-14 22:38:02 - [MESSAGE][PASSED] - Delayed 1 second(s)

2022-02-14 22:38:02 - [TEST_STEP][PASSED] - setText(LOGN_EdtRdyPassword, "Shalawa18", 0): Text 'Shalawa18' has been set to element 'Object Repository/Mobile/Page/Login/Input Rdy - Password'

2022-02-14 22:38:02 - [MESSAGE][WARNING] - Timeout '0' is invalid. Using default page load timeout: '60'

2022-02-14 22:38:03 - [MESSAGE][PASSED] - Text 'Shalawa18' has been set to element 'Object Repository/Mobile/Page/Login/Input Rdy - Password'

2022-02-14 22:38:03 - [TEST_STEP][PASSED] - delay(1): Delayed 1 second(s)

2022-02-14 22:38:04 - [MESSAGE][PASSED] - Delayed 1 second(s)

2022-02-14 22:38:04 - [TEST_STEP][PASSED] - hideKeyboard(): Keyboard is hidden

2022-02-14 22:38:10 - [MESSAGE][PASSED] - Keyboard is hidden

2022-02-14 22:38:10 - [TEST_STEP][PASSED] - tap(LOGN_BtnLogin, 0): Tapped on element 'Object Repository/Mobile/Page/Login/Button - Login'

2022-02-14 22:38:10 - [MESSAGE][WARNING] - Timeout '0' is invalid. Using default page load timeout: '60'

2022-02-14 22:38:11 - [MESSAGE][PASSED] - Tapped on element 'Object Repository/Mobile/Page/Login/Button - Login'

2022-02-14 22:38:11 - [TEST_STEP][PASSED] - delay(2): Delayed 2 second(s)

2022-02-14 22:38:13 - [MESSAGE][PASSED] - Delayed 2 second(s)

2022-02-14 22:38:13 - [TEST_STEP][PASSED] - break: null

2022-02-14 22:38:13 - [MESSAGE][PASSED] - Call Test Case 'Test Cases/Mobile/Page/Login/Login' successfully

2022-02-14 22:38:13 - [MESSAGE][PASSED] - Call Test Case 'Test Cases/Mobile/Page/CheckLogin' successfully

2022-02-14 22:38:13 - [TEST_STEP][PASSED] - tap(HOME_MenubarPortfolio, 0): Tapped on element 'Object Repository/Mobile/Page/Home/Menubar - Portfolio'

2022-02-14 22:38:13 - [MESSAGE][WARNING] - Timeout '0' is invalid. Using default page load timeout: '60'

2022-02-14 22:38:14 - [MESSAGE][PASSED] - Tapped on element 'Object Repository/Mobile/Page/Home/Menubar - Portfolio'

2022-02-14 22:38:14 - [TEST_STEP][PASSED] - delay(1): Delayed 1 second(s)

2022-02-14 22:38:15 - [MESSAGE][PASSED] - Delayed 1 second(s)

2022-02-14 22:38:15 - [TEST_STEP][PASSED] - for ([i = 0, i < 1, (i++)]): Delayed 3 second(s)

2022-02-14 22:38:15 - [TEST_STEP][PASSED] - if (tab == "summary"): Delayed 3 second(s)

2022-02-14 22:38:15 - [TEST_STEP][PASSED] - idr = PORT_BtnIDR: null

2022-02-14 22:38:15 - [TEST_STEP][PASSED] - persen = PORT_BtnPersen: null

2022-02-14 22:38:15 - [TEST_STEP][PASSED] - if (action == "summary"): null

2022-02-14 22:38:15 - [TEST_STEP][PASSED] - else if (action == "perf_daily"): null

2022-02-14 22:38:15 - [TEST_STEP][PASSED] - else if (action == "perf_month"): null

2022-02-14 22:38:15 - [TEST_STEP][PASSED] - else if (action == "perf_quarter"): null

2022-02-14 22:38:15 - [TEST_STEP][PASSED] - else if (action == "perf_year"): Tapped on element 'Object Repository/Mobile/Page/Portfolio/Tab - Summary Year to Date'

2022-02-14 22:38:15 - [TEST_STEP][PASSED] - scroll.scroll.scrollScreenBottomToTop(): scroll.scroll.scrollScreenBottomToTop is PASSED

2022-02-14 22:38:16 - [MESSAGE][PASSED] - Current device physical height is 1423

2022-02-14 22:38:16 - [MESSAGE][PASSED] - Current device physical width is 720

2022-02-14 22:38:17 - [MESSAGE][PASSED] - Swiped from 360,1,138 to 360,284

2022-02-14 22:38:17 - [MESSAGE][PASSED] - scroll.scroll.scrollScreenBottomToTop is PASSED

2022-02-14 22:38:17 - [TEST_STEP][PASSED] - delay(1): Delayed 1 second(s)

2022-02-14 22:38:18 - [MESSAGE][PASSED] - Delayed 1 second(s)

2022-02-14 22:38:18 - [TEST_STEP][PASSED] - tap(PORT_TabSummaryYear, 0): Tapped on element 'Object Repository/Mobile/Page/Portfolio/Tab - Summary Year to Date'

2022-02-14 22:38:18 - [MESSAGE][WARNING] - Timeout '0' is invalid. Using default page load timeout: '60'

2022-02-14 22:38:18 - [MESSAGE][PASSED] - Tapped on element 'Object Repository/Mobile/Page/Portfolio/Tab - Summary Year to Date'

2022-02-14 22:38:18 - [TEST_STEP][PASSED] - if (action != "summary"): Delayed 3 second(s)

2022-02-14 22:38:18 - [TEST_STEP][PASSED] - delay(1): Delayed 1 second(s)

2022-02-14 22:38:19 - [MESSAGE][PASSED] - Delayed 1 second(s)

2022-02-14 22:38:19 - [TEST_STEP][PASSED] - scroll.scroll.scrollScreenBottomToTop(): scroll.scroll.scrollScreenBottomToTop is PASSED

2022-02-14 22:38:20 - [MESSAGE][PASSED] - Current device physical height is 1423

2022-02-14 22:38:20 - [MESSAGE][PASSED] - Current device physical width is 720

2022-02-14 22:38:21 - [MESSAGE][PASSED] - Swiped from 360,1,138 to 360,284

2022-02-14 22:38:21 - [MESSAGE][PASSED] - scroll.scroll.scrollScreenBottomToTop is PASSED

2022-02-14 22:38:21 - [TEST_STEP][PASSED] - delay(3): Delayed 3 second(s)

2022-02-14 22:38:24 - [MESSAGE][PASSED] - Delayed 3 second(s)

2022-02-14 22:38:24 - [TEST_STEP][PASSED] - if (action2 == "idr"): Delayed 3 second(s)

2022-02-14 22:38:24 - [TEST_STEP][PASSED] - tap(idr, 10): Tapped on element 'Object Repository/Mobile/Page/Portfolio/Button - IDR'

2022-02-14 22:38:24 - [MESSAGE][PASSED] - Tapped on element 'Object Repository/Mobile/Page/Portfolio/Button - IDR'

2022-02-14 22:38:24 - [TEST_STEP][PASSED] - delay(3): Delayed 3 second(s)

2022-02-14 22:38:27 - [MESSAGE][PASSED] - Delayed 3 second(s)

2022-02-14 22:38:27 - [MESSAGE][PASSED] - Call Test Case 'Test Cases/Mobile/Page/Portfolio/Portfolio' successfully

2022-02-14 22:38:27 - [TEST_STEP][PASSED] - callTestCase(findTestCase("Mobile/Page/Run App/Terminate App"), [:], STOP_ON_FAILURE): Call Test Case 'Test Cases/Mobile/Page/Run App/Terminate App' successfully

2022-02-14 22:38:28 - [TEST_CASE][PASSED] - Test Cases/Mobile/Page/Run App/Terminate App: Test Cases/Mobile/Page/Run App/Terminate App

2022-02-14 22:38:28 - [TEST_STEP][PASSED] - startApp.OpenApp.terminateApplication(): startApp.OpenApp.terminateApplication is PASSED

2022-02-14 22:38:31 - [MESSAGE][PASSED] - Delayed 3 second(s)

2022-02-14 22:38:31 - [MESSAGE][PASSED] - Current device physical width is 720

2022-02-14 22:38:31 - [MESSAGE][PASSED] - Current device physical height is 1423

2022-02-14 22:38:32 - [MESSAGE][PASSED] - Swiped from 360,853 to 360,142

2022-02-14 22:38:33 - [MESSAGE][PASSED] - Delayed 1 second(s)

2022-02-14 22:38:35 - [MESSAGE][PASSED] - Swiped from 360,853 to 360,142

2022-02-14 22:38:38 - [MESSAGE][PASSED] - Delayed 3 second(s)

2022-02-14 22:38:38 - [MESSAGE][PASSED] - startApp.OpenApp.terminateApplication is PASSED

2022-02-14 22:38:38 - [MESSAGE][PASSED] - Call Test Case 'Test Cases/Mobile/Page/Run App/Terminate App' successfully]]></system-out>
         <system-err><![CDATA[]]></system-err>
      </testcase>
      <testcase name="Test Cases/Mobile/Scenario/Portfolio/006 - Portfolio Performance Daily Persen" time="58.794" classname="Test Cases/Mobile/Scenario/Portfolio/006 - Portfolio Performance Daily Persen" status="PASSED">
         <system-out><![CDATA[2022-02-14 22:38:38 - [TEST_CASE][PASSED] - Test Cases/Mobile/Scenario/Portfolio/006 - Portfolio Performance Daily Persen: Test Cases/Mobile/Scenario/Portfolio/006 - Portfolio Performance Daily Persen

2022-02-14 22:38:38 - [TEST_STEP][PASSED] - callTestCase(findTestCase("Mobile/Page/Run App/Run App byID"), [:], STOP_ON_FAILURE): Call Test Case 'Test Cases/Mobile/Page/Run App/Run App byID' successfully

2022-02-14 22:38:38 - [TEST_CASE][PASSED] - Test Cases/Mobile/Page/Run App/Run App byID: Test Cases/Mobile/Page/Run App/Run App byID

2022-02-14 22:38:38 - [TEST_STEP][PASSED] - startApp.OpenApp.startApplication("id.co.miraeasset.sageclub"): startApp.OpenApp.startApplication is PASSED

2022-02-14 22:38:50 - [MESSAGE][PASSED] - Starting app with application ID: 'id.co.miraeasset.sageclub'

2022-02-14 22:38:50 - [MESSAGE][PASSED] - startApp.OpenApp.startApplication is PASSED

2022-02-14 22:38:50 - [MESSAGE][PASSED] - Call Test Case 'Test Cases/Mobile/Page/Run App/Run App byID' successfully

2022-02-14 22:38:50 - [TEST_STEP][PASSED] - callTestCase(findTestCase("Mobile/Page/Portfolio/Portfolio"), ["tab":"summary", "action":"perf_daily", "action2":"persen"], CONTINUE_ON_FAILURE): Call Test Case 'Test Cases/Mobile/Page/Portfolio/Portfolio' successfully

2022-02-14 22:38:50 - [TEST_CASE][PASSED] - Test Cases/Mobile/Page/Portfolio/Portfolio: Test Cases/Mobile/Page/Portfolio/Portfolio

2022-02-14 22:38:50 - [TEST_STEP][PASSED] - callTestCase(findTestCase("Mobile/Page/CheckLogin"), [:], CONTINUE_ON_FAILURE): Call Test Case 'Test Cases/Mobile/Page/CheckLogin' successfully

2022-02-14 22:38:50 - [TEST_CASE][PASSED] - Test Cases/Mobile/Page/CheckLogin: Test Cases/Mobile/Page/CheckLogin

2022-02-14 22:38:50 - [TEST_STEP][PASSED] - loginCheck = verifyElementExist(LOGN_BtnLogin, 5, CONTINUE_ON_FAILURE): Element 'Object Repository/Mobile/Page/Login/Button - Login' is exist

2022-02-14 22:38:52 - [MESSAGE][PASSED] - Element 'Object Repository/Mobile/Page/Login/Button - Login' is exist

2022-02-14 22:38:52 - [TEST_STEP][PASSED] - if (loginCheck): Call Test Case 'Test Cases/Mobile/Page/Login/Login' successfully

2022-02-14 22:38:52 - [TEST_STEP][PASSED] - callTestCase(findTestCase("Mobile/Page/Login/Login"), ["action":"username"], CONTINUE_ON_FAILURE): Call Test Case 'Test Cases/Mobile/Page/Login/Login' successfully

2022-02-14 22:38:52 - [TEST_CASE][PASSED] - Test Cases/Mobile/Page/Login/Login: Test Cases/Mobile/Page/Login/Login

2022-02-14 22:38:52 - [TEST_STEP][PASSED] - delay(2): Delayed 2 second(s)

2022-02-14 22:38:54 - [MESSAGE][PASSED] - Delayed 2 second(s)

2022-02-14 22:38:54 - [TEST_STEP][PASSED] - for ([i = 0, i < 1, (i++)]): null

2022-02-14 22:38:54 - [TEST_STEP][PASSED] - if (action == "username"): null

2022-02-14 22:38:54 - [TEST_STEP][PASSED] - tap(LOGN_EdtUserID, 0): Tapped on element 'Object Repository/Mobile/Page/Login/Input - UserID'

2022-02-14 22:38:54 - [MESSAGE][WARNING] - Timeout '0' is invalid. Using default page load timeout: '60'

2022-02-14 22:38:54 - [MESSAGE][PASSED] - Tapped on element 'Object Repository/Mobile/Page/Login/Input - UserID'

2022-02-14 22:38:54 - [TEST_STEP][PASSED] - delay(1): Delayed 1 second(s)

2022-02-14 22:38:55 - [MESSAGE][PASSED] - Delayed 1 second(s)

2022-02-14 22:38:55 - [TEST_STEP][PASSED] - setText(LOGN_EdtRdyUserID, "anggaaditya", 0): Text 'anggaaditya' has been set to element 'Object Repository/Mobile/Page/Login/Input Rdy - UserID'

2022-02-14 22:38:55 - [MESSAGE][WARNING] - Timeout '0' is invalid. Using default page load timeout: '60'

2022-02-14 22:38:56 - [MESSAGE][PASSED] - Text 'anggaaditya' has been set to element 'Object Repository/Mobile/Page/Login/Input Rdy - UserID'

2022-02-14 22:38:56 - [TEST_STEP][PASSED] - delay(1): Delayed 1 second(s)

2022-02-14 22:38:57 - [MESSAGE][PASSED] - Delayed 1 second(s)

2022-02-14 22:38:57 - [TEST_STEP][PASSED] - hideKeyboard(): Keyboard is hidden

2022-02-14 22:39:01 - [MESSAGE][PASSED] - Keyboard is hidden

2022-02-14 22:39:01 - [TEST_STEP][PASSED] - tap(LOGN_EdtPassword, 0): Tapped on element 'Object Repository/Mobile/Page/Login/Input - Password'

2022-02-14 22:39:01 - [MESSAGE][WARNING] - Timeout '0' is invalid. Using default page load timeout: '60'

2022-02-14 22:39:01 - [MESSAGE][PASSED] - Tapped on element 'Object Repository/Mobile/Page/Login/Input - Password'

2022-02-14 22:39:01 - [TEST_STEP][PASSED] - delay(1): Delayed 1 second(s)

2022-02-14 22:39:02 - [MESSAGE][PASSED] - Delayed 1 second(s)

2022-02-14 22:39:02 - [TEST_STEP][PASSED] - setText(LOGN_EdtRdyPassword, "Shalawa18", 0): Text 'Shalawa18' has been set to element 'Object Repository/Mobile/Page/Login/Input Rdy - Password'

2022-02-14 22:39:02 - [MESSAGE][WARNING] - Timeout '0' is invalid. Using default page load timeout: '60'

2022-02-14 22:39:03 - [MESSAGE][PASSED] - Text 'Shalawa18' has been set to element 'Object Repository/Mobile/Page/Login/Input Rdy - Password'

2022-02-14 22:39:03 - [TEST_STEP][PASSED] - delay(1): Delayed 1 second(s)

2022-02-14 22:39:04 - [MESSAGE][PASSED] - Delayed 1 second(s)

2022-02-14 22:39:04 - [TEST_STEP][PASSED] - hideKeyboard(): Keyboard is hidden

2022-02-14 22:39:10 - [MESSAGE][PASSED] - Keyboard is hidden

2022-02-14 22:39:10 - [TEST_STEP][PASSED] - tap(LOGN_BtnLogin, 0): Tapped on element 'Object Repository/Mobile/Page/Login/Button - Login'

2022-02-14 22:39:10 - [MESSAGE][WARNING] - Timeout '0' is invalid. Using default page load timeout: '60'

2022-02-14 22:39:11 - [MESSAGE][PASSED] - Tapped on element 'Object Repository/Mobile/Page/Login/Button - Login'

2022-02-14 22:39:11 - [TEST_STEP][PASSED] - delay(2): Delayed 2 second(s)

2022-02-14 22:39:13 - [MESSAGE][PASSED] - Delayed 2 second(s)

2022-02-14 22:39:13 - [TEST_STEP][PASSED] - break: null

2022-02-14 22:39:13 - [MESSAGE][PASSED] - Call Test Case 'Test Cases/Mobile/Page/Login/Login' successfully

2022-02-14 22:39:13 - [MESSAGE][PASSED] - Call Test Case 'Test Cases/Mobile/Page/CheckLogin' successfully

2022-02-14 22:39:13 - [TEST_STEP][PASSED] - tap(HOME_MenubarPortfolio, 0): Tapped on element 'Object Repository/Mobile/Page/Home/Menubar - Portfolio'

2022-02-14 22:39:13 - [MESSAGE][WARNING] - Timeout '0' is invalid. Using default page load timeout: '60'

2022-02-14 22:39:14 - [MESSAGE][PASSED] - Tapped on element 'Object Repository/Mobile/Page/Home/Menubar - Portfolio'

2022-02-14 22:39:14 - [TEST_STEP][PASSED] - delay(1): Delayed 1 second(s)

2022-02-14 22:39:15 - [MESSAGE][PASSED] - Delayed 1 second(s)

2022-02-14 22:39:15 - [TEST_STEP][PASSED] - for ([i = 0, i < 1, (i++)]): Delayed 3 second(s)

2022-02-14 22:39:15 - [TEST_STEP][PASSED] - if (tab == "summary"): Delayed 3 second(s)

2022-02-14 22:39:15 - [TEST_STEP][PASSED] - idr = PORT_BtnIDR: null

2022-02-14 22:39:15 - [TEST_STEP][PASSED] - persen = PORT_BtnPersen: null

2022-02-14 22:39:15 - [TEST_STEP][PASSED] - if (action == "summary"): null

2022-02-14 22:39:15 - [TEST_STEP][PASSED] - else if (action == "perf_daily"): scroll.scroll.scrollScreenBottomToTop is PASSED

2022-02-14 22:39:15 - [TEST_STEP][PASSED] - scroll.scroll.scrollScreenBottomToTop(): scroll.scroll.scrollScreenBottomToTop is PASSED

2022-02-14 22:39:16 - [MESSAGE][PASSED] - Current device physical height is 1423

2022-02-14 22:39:16 - [MESSAGE][PASSED] - Current device physical width is 720

2022-02-14 22:39:17 - [MESSAGE][PASSED] - Swiped from 360,1,138 to 360,284

2022-02-14 22:39:17 - [MESSAGE][PASSED] - scroll.scroll.scrollScreenBottomToTop is PASSED

2022-02-14 22:39:17 - [TEST_STEP][PASSED] - if (action != "summary"): Delayed 3 second(s)

2022-02-14 22:39:17 - [TEST_STEP][PASSED] - delay(1): Delayed 1 second(s)

2022-02-14 22:39:18 - [MESSAGE][PASSED] - Delayed 1 second(s)

2022-02-14 22:39:18 - [TEST_STEP][PASSED] - scroll.scroll.scrollScreenBottomToTop(): scroll.scroll.scrollScreenBottomToTop is PASSED

2022-02-14 22:39:18 - [MESSAGE][PASSED] - Current device physical height is 1423

2022-02-14 22:39:19 - [MESSAGE][PASSED] - Current device physical width is 720

2022-02-14 22:39:20 - [MESSAGE][PASSED] - Swiped from 360,1,138 to 360,284

2022-02-14 22:39:20 - [MESSAGE][PASSED] - scroll.scroll.scrollScreenBottomToTop is PASSED

2022-02-14 22:39:20 - [TEST_STEP][PASSED] - delay(3): Delayed 3 second(s)

2022-02-14 22:39:23 - [MESSAGE][PASSED] - Delayed 3 second(s)

2022-02-14 22:39:23 - [TEST_STEP][PASSED] - if (action2 == "idr"): null

2022-02-14 22:39:23 - [TEST_STEP][PASSED] - else if (action2 == "persen"): Delayed 3 second(s)

2022-02-14 22:39:23 - [TEST_STEP][PASSED] - tap(persen, 10): Tapped on element 'Object Repository/Mobile/Page/Portfolio/Button - Persen'

2022-02-14 22:39:23 - [MESSAGE][PASSED] - Tapped on element 'Object Repository/Mobile/Page/Portfolio/Button - Persen'

2022-02-14 22:39:23 - [TEST_STEP][PASSED] - delay(3): Delayed 3 second(s)

2022-02-14 22:39:26 - [MESSAGE][PASSED] - Delayed 3 second(s)

2022-02-14 22:39:26 - [MESSAGE][PASSED] - Call Test Case 'Test Cases/Mobile/Page/Portfolio/Portfolio' successfully

2022-02-14 22:39:26 - [TEST_STEP][PASSED] - callTestCase(findTestCase("Mobile/Page/Run App/Terminate App"), [:], STOP_ON_FAILURE): Call Test Case 'Test Cases/Mobile/Page/Run App/Terminate App' successfully

2022-02-14 22:39:26 - [TEST_CASE][PASSED] - Test Cases/Mobile/Page/Run App/Terminate App: Test Cases/Mobile/Page/Run App/Terminate App

2022-02-14 22:39:26 - [TEST_STEP][PASSED] - startApp.OpenApp.terminateApplication(): startApp.OpenApp.terminateApplication is PASSED

2022-02-14 22:39:29 - [MESSAGE][PASSED] - Delayed 3 second(s)

2022-02-14 22:39:30 - [MESSAGE][PASSED] - Current device physical width is 720

2022-02-14 22:39:30 - [MESSAGE][PASSED] - Current device physical height is 1423

2022-02-14 22:39:31 - [MESSAGE][PASSED] - Swiped from 360,853 to 360,142

2022-02-14 22:39:32 - [MESSAGE][PASSED] - Delayed 1 second(s)

2022-02-14 22:39:33 - [MESSAGE][PASSED] - Swiped from 360,853 to 360,142

2022-02-14 22:39:36 - [MESSAGE][PASSED] - Delayed 3 second(s)

2022-02-14 22:39:36 - [MESSAGE][PASSED] - startApp.OpenApp.terminateApplication is PASSED

2022-02-14 22:39:37 - [MESSAGE][PASSED] - Call Test Case 'Test Cases/Mobile/Page/Run App/Terminate App' successfully]]></system-out>
         <system-err><![CDATA[]]></system-err>
      </testcase>
      <testcase name="Test Cases/Mobile/Scenario/Portfolio/007 - Portfolio Performance Month to Date Persen" time="60.554" classname="Test Cases/Mobile/Scenario/Portfolio/007 - Portfolio Performance Month to Date Persen" status="PASSED">
         <system-out><![CDATA[2022-02-14 22:39:37 - [TEST_CASE][PASSED] - Test Cases/Mobile/Scenario/Portfolio/007 - Portfolio Performance Month to Date Persen: Test Cases/Mobile/Scenario/Portfolio/007 - Portfolio Performance Month to Date Persen

2022-02-14 22:39:37 - [TEST_STEP][PASSED] - callTestCase(findTestCase("Mobile/Page/Run App/Run App byID"), [:], STOP_ON_FAILURE): Call Test Case 'Test Cases/Mobile/Page/Run App/Run App byID' successfully

2022-02-14 22:39:37 - [TEST_CASE][PASSED] - Test Cases/Mobile/Page/Run App/Run App byID: Test Cases/Mobile/Page/Run App/Run App byID

2022-02-14 22:39:37 - [TEST_STEP][PASSED] - startApp.OpenApp.startApplication("id.co.miraeasset.sageclub"): startApp.OpenApp.startApplication is PASSED

2022-02-14 22:39:49 - [MESSAGE][PASSED] - Starting app with application ID: 'id.co.miraeasset.sageclub'

2022-02-14 22:39:49 - [MESSAGE][PASSED] - startApp.OpenApp.startApplication is PASSED

2022-02-14 22:39:49 - [MESSAGE][PASSED] - Call Test Case 'Test Cases/Mobile/Page/Run App/Run App byID' successfully

2022-02-14 22:39:49 - [TEST_STEP][PASSED] - callTestCase(findTestCase("Mobile/Page/Portfolio/Portfolio"), ["tab":"summary", "action":"perf_month", "action2":"persen"], CONTINUE_ON_FAILURE): Call Test Case 'Test Cases/Mobile/Page/Portfolio/Portfolio' successfully

2022-02-14 22:39:49 - [TEST_CASE][PASSED] - Test Cases/Mobile/Page/Portfolio/Portfolio: Test Cases/Mobile/Page/Portfolio/Portfolio

2022-02-14 22:39:49 - [TEST_STEP][PASSED] - callTestCase(findTestCase("Mobile/Page/CheckLogin"), [:], CONTINUE_ON_FAILURE): Call Test Case 'Test Cases/Mobile/Page/CheckLogin' successfully

2022-02-14 22:39:49 - [TEST_CASE][PASSED] - Test Cases/Mobile/Page/CheckLogin: Test Cases/Mobile/Page/CheckLogin

2022-02-14 22:39:49 - [TEST_STEP][PASSED] - loginCheck = verifyElementExist(LOGN_BtnLogin, 5, CONTINUE_ON_FAILURE): Element 'Object Repository/Mobile/Page/Login/Button - Login' is exist

2022-02-14 22:39:51 - [MESSAGE][PASSED] - Element 'Object Repository/Mobile/Page/Login/Button - Login' is exist

2022-02-14 22:39:51 - [TEST_STEP][PASSED] - if (loginCheck): Call Test Case 'Test Cases/Mobile/Page/Login/Login' successfully

2022-02-14 22:39:51 - [TEST_STEP][PASSED] - callTestCase(findTestCase("Mobile/Page/Login/Login"), ["action":"username"], CONTINUE_ON_FAILURE): Call Test Case 'Test Cases/Mobile/Page/Login/Login' successfully

2022-02-14 22:39:51 - [TEST_CASE][PASSED] - Test Cases/Mobile/Page/Login/Login: Test Cases/Mobile/Page/Login/Login

2022-02-14 22:39:51 - [TEST_STEP][PASSED] - delay(2): Delayed 2 second(s)

2022-02-14 22:39:53 - [MESSAGE][PASSED] - Delayed 2 second(s)

2022-02-14 22:39:53 - [TEST_STEP][PASSED] - for ([i = 0, i < 1, (i++)]): null

2022-02-14 22:39:53 - [TEST_STEP][PASSED] - if (action == "username"): null

2022-02-14 22:39:53 - [TEST_STEP][PASSED] - tap(LOGN_EdtUserID, 0): Tapped on element 'Object Repository/Mobile/Page/Login/Input - UserID'

2022-02-14 22:39:53 - [MESSAGE][WARNING] - Timeout '0' is invalid. Using default page load timeout: '60'

2022-02-14 22:39:53 - [MESSAGE][PASSED] - Tapped on element 'Object Repository/Mobile/Page/Login/Input - UserID'

2022-02-14 22:39:53 - [TEST_STEP][PASSED] - delay(1): Delayed 1 second(s)

2022-02-14 22:39:54 - [MESSAGE][PASSED] - Delayed 1 second(s)

2022-02-14 22:39:54 - [TEST_STEP][PASSED] - setText(LOGN_EdtRdyUserID, "anggaaditya", 0): Text 'anggaaditya' has been set to element 'Object Repository/Mobile/Page/Login/Input Rdy - UserID'

2022-02-14 22:39:54 - [MESSAGE][WARNING] - Timeout '0' is invalid. Using default page load timeout: '60'

2022-02-14 22:39:55 - [MESSAGE][PASSED] - Text 'anggaaditya' has been set to element 'Object Repository/Mobile/Page/Login/Input Rdy - UserID'

2022-02-14 22:39:55 - [TEST_STEP][PASSED] - delay(1): Delayed 1 second(s)

2022-02-14 22:39:56 - [MESSAGE][PASSED] - Delayed 1 second(s)

2022-02-14 22:39:56 - [TEST_STEP][PASSED] - hideKeyboard(): Keyboard is hidden

2022-02-14 22:40:00 - [MESSAGE][PASSED] - Keyboard is hidden

2022-02-14 22:40:00 - [TEST_STEP][PASSED] - tap(LOGN_EdtPassword, 0): Tapped on element 'Object Repository/Mobile/Page/Login/Input - Password'

2022-02-14 22:40:00 - [MESSAGE][WARNING] - Timeout '0' is invalid. Using default page load timeout: '60'

2022-02-14 22:40:01 - [MESSAGE][PASSED] - Tapped on element 'Object Repository/Mobile/Page/Login/Input - Password'

2022-02-14 22:40:01 - [TEST_STEP][PASSED] - delay(1): Delayed 1 second(s)

2022-02-14 22:40:02 - [MESSAGE][PASSED] - Delayed 1 second(s)

2022-02-14 22:40:02 - [TEST_STEP][PASSED] - setText(LOGN_EdtRdyPassword, "Shalawa18", 0): Text 'Shalawa18' has been set to element 'Object Repository/Mobile/Page/Login/Input Rdy - Password'

2022-02-14 22:40:02 - [MESSAGE][WARNING] - Timeout '0' is invalid. Using default page load timeout: '60'

2022-02-14 22:40:02 - [MESSAGE][PASSED] - Text 'Shalawa18' has been set to element 'Object Repository/Mobile/Page/Login/Input Rdy - Password'

2022-02-14 22:40:02 - [TEST_STEP][PASSED] - delay(1): Delayed 1 second(s)

2022-02-14 22:40:03 - [MESSAGE][PASSED] - Delayed 1 second(s)

2022-02-14 22:40:03 - [TEST_STEP][PASSED] - hideKeyboard(): Keyboard is hidden

2022-02-14 22:40:09 - [MESSAGE][PASSED] - Keyboard is hidden

2022-02-14 22:40:09 - [TEST_STEP][PASSED] - tap(LOGN_BtnLogin, 0): Tapped on element 'Object Repository/Mobile/Page/Login/Button - Login'

2022-02-14 22:40:09 - [MESSAGE][WARNING] - Timeout '0' is invalid. Using default page load timeout: '60'

2022-02-14 22:40:10 - [MESSAGE][PASSED] - Tapped on element 'Object Repository/Mobile/Page/Login/Button - Login'

2022-02-14 22:40:10 - [TEST_STEP][PASSED] - delay(2): Delayed 2 second(s)

2022-02-14 22:40:12 - [MESSAGE][PASSED] - Delayed 2 second(s)

2022-02-14 22:40:12 - [TEST_STEP][PASSED] - break: null

2022-02-14 22:40:12 - [MESSAGE][PASSED] - Call Test Case 'Test Cases/Mobile/Page/Login/Login' successfully

2022-02-14 22:40:12 - [MESSAGE][PASSED] - Call Test Case 'Test Cases/Mobile/Page/CheckLogin' successfully

2022-02-14 22:40:12 - [TEST_STEP][PASSED] - tap(HOME_MenubarPortfolio, 0): Tapped on element 'Object Repository/Mobile/Page/Home/Menubar - Portfolio'

2022-02-14 22:40:12 - [MESSAGE][WARNING] - Timeout '0' is invalid. Using default page load timeout: '60'

2022-02-14 22:40:14 - [MESSAGE][PASSED] - Tapped on element 'Object Repository/Mobile/Page/Home/Menubar - Portfolio'

2022-02-14 22:40:14 - [TEST_STEP][PASSED] - delay(1): Delayed 1 second(s)

2022-02-14 22:40:15 - [MESSAGE][PASSED] - Delayed 1 second(s)

2022-02-14 22:40:15 - [TEST_STEP][PASSED] - for ([i = 0, i < 1, (i++)]): Delayed 3 second(s)

2022-02-14 22:40:15 - [TEST_STEP][PASSED] - if (tab == "summary"): Delayed 3 second(s)

2022-02-14 22:40:15 - [TEST_STEP][PASSED] - idr = PORT_BtnIDR: null

2022-02-14 22:40:15 - [TEST_STEP][PASSED] - persen = PORT_BtnPersen: null

2022-02-14 22:40:15 - [TEST_STEP][PASSED] - if (action == "summary"): null

2022-02-14 22:40:15 - [TEST_STEP][PASSED] - else if (action == "perf_daily"): null

2022-02-14 22:40:15 - [TEST_STEP][PASSED] - else if (action == "perf_month"): Tapped on element 'Object Repository/Mobile/Page/Portfolio/Tab - Summary Month to Date'

2022-02-14 22:40:15 - [TEST_STEP][PASSED] - scroll.scroll.scrollScreenBottomToTop(): scroll.scroll.scrollScreenBottomToTop is PASSED

2022-02-14 22:40:15 - [MESSAGE][PASSED] - Current device physical height is 1423

2022-02-14 22:40:15 - [MESSAGE][PASSED] - Current device physical width is 720

2022-02-14 22:40:16 - [MESSAGE][PASSED] - Swiped from 360,1,138 to 360,284

2022-02-14 22:40:16 - [MESSAGE][PASSED] - scroll.scroll.scrollScreenBottomToTop is PASSED

2022-02-14 22:40:16 - [TEST_STEP][PASSED] - delay(1): Delayed 1 second(s)

2022-02-14 22:40:17 - [MESSAGE][PASSED] - Delayed 1 second(s)

2022-02-14 22:40:17 - [TEST_STEP][PASSED] - tap(PORT_TabSummaryMonth, 0): Tapped on element 'Object Repository/Mobile/Page/Portfolio/Tab - Summary Month to Date'

2022-02-14 22:40:17 - [MESSAGE][WARNING] - Timeout '0' is invalid. Using default page load timeout: '60'

2022-02-14 22:40:18 - [MESSAGE][PASSED] - Tapped on element 'Object Repository/Mobile/Page/Portfolio/Tab - Summary Month to Date'

2022-02-14 22:40:18 - [TEST_STEP][PASSED] - if (action != "summary"): Delayed 3 second(s)

2022-02-14 22:40:18 - [TEST_STEP][PASSED] - delay(1): Delayed 1 second(s)

2022-02-14 22:40:19 - [MESSAGE][PASSED] - Delayed 1 second(s)

2022-02-14 22:40:19 - [TEST_STEP][PASSED] - scroll.scroll.scrollScreenBottomToTop(): scroll.scroll.scrollScreenBottomToTop is PASSED

2022-02-14 22:40:19 - [MESSAGE][PASSED] - Current device physical height is 1423

2022-02-14 22:40:19 - [MESSAGE][PASSED] - Current device physical width is 720

2022-02-14 22:40:20 - [MESSAGE][PASSED] - Swiped from 360,1,138 to 360,284

2022-02-14 22:40:20 - [MESSAGE][PASSED] - scroll.scroll.scrollScreenBottomToTop is PASSED

2022-02-14 22:40:20 - [TEST_STEP][PASSED] - delay(3): Delayed 3 second(s)

2022-02-14 22:40:23 - [MESSAGE][PASSED] - Delayed 3 second(s)

2022-02-14 22:40:23 - [TEST_STEP][PASSED] - if (action2 == "idr"): null

2022-02-14 22:40:23 - [TEST_STEP][PASSED] - else if (action2 == "persen"): Delayed 3 second(s)

2022-02-14 22:40:23 - [TEST_STEP][PASSED] - tap(persen, 10): Tapped on element 'Object Repository/Mobile/Page/Portfolio/Button - Persen'

2022-02-14 22:40:24 - [MESSAGE][PASSED] - Tapped on element 'Object Repository/Mobile/Page/Portfolio/Button - Persen'

2022-02-14 22:40:24 - [TEST_STEP][PASSED] - delay(3): Delayed 3 second(s)

2022-02-14 22:40:27 - [MESSAGE][PASSED] - Delayed 3 second(s)

2022-02-14 22:40:27 - [MESSAGE][PASSED] - Call Test Case 'Test Cases/Mobile/Page/Portfolio/Portfolio' successfully

2022-02-14 22:40:27 - [TEST_STEP][PASSED] - callTestCase(findTestCase("Mobile/Page/Run App/Terminate App"), [:], STOP_ON_FAILURE): Call Test Case 'Test Cases/Mobile/Page/Run App/Terminate App' successfully

2022-02-14 22:40:27 - [TEST_CASE][PASSED] - Test Cases/Mobile/Page/Run App/Terminate App: Test Cases/Mobile/Page/Run App/Terminate App

2022-02-14 22:40:27 - [TEST_STEP][PASSED] - startApp.OpenApp.terminateApplication(): startApp.OpenApp.terminateApplication is PASSED

2022-02-14 22:40:30 - [MESSAGE][PASSED] - Delayed 3 second(s)

2022-02-14 22:40:30 - [MESSAGE][PASSED] - Current device physical width is 720

2022-02-14 22:40:30 - [MESSAGE][PASSED] - Current device physical height is 1423

2022-02-14 22:40:32 - [MESSAGE][PASSED] - Swiped from 360,853 to 360,142

2022-02-14 22:40:33 - [MESSAGE][PASSED] - Delayed 1 second(s)

2022-02-14 22:40:34 - [MESSAGE][PASSED] - Swiped from 360,853 to 360,142

2022-02-14 22:40:37 - [MESSAGE][PASSED] - Delayed 3 second(s)

2022-02-14 22:40:37 - [MESSAGE][PASSED] - startApp.OpenApp.terminateApplication is PASSED

2022-02-14 22:40:37 - [MESSAGE][PASSED] - Call Test Case 'Test Cases/Mobile/Page/Run App/Terminate App' successfully]]></system-out>
         <system-err><![CDATA[]]></system-err>
      </testcase>
      <testcase name="Test Cases/Mobile/Scenario/Portfolio/008 - Portfolio Performance Quarter to Date Persen" time="60.649" classname="Test Cases/Mobile/Scenario/Portfolio/008 - Portfolio Performance Quarter to Date Persen" status="PASSED">
         <system-out><![CDATA[2022-02-14 22:40:37 - [TEST_CASE][PASSED] - Test Cases/Mobile/Scenario/Portfolio/008 - Portfolio Performance Quarter to Date Persen: Test Cases/Mobile/Scenario/Portfolio/008 - Portfolio Performance Quarter to Date Persen

2022-02-14 22:40:37 - [TEST_STEP][PASSED] - callTestCase(findTestCase("Mobile/Page/Run App/Run App byID"), [:], STOP_ON_FAILURE): Call Test Case 'Test Cases/Mobile/Page/Run App/Run App byID' successfully

2022-02-14 22:40:37 - [TEST_CASE][PASSED] - Test Cases/Mobile/Page/Run App/Run App byID: Test Cases/Mobile/Page/Run App/Run App byID

2022-02-14 22:40:37 - [TEST_STEP][PASSED] - startApp.OpenApp.startApplication("id.co.miraeasset.sageclub"): startApp.OpenApp.startApplication is PASSED

2022-02-14 22:40:49 - [MESSAGE][PASSED] - Starting app with application ID: 'id.co.miraeasset.sageclub'

2022-02-14 22:40:49 - [MESSAGE][PASSED] - startApp.OpenApp.startApplication is PASSED

2022-02-14 22:40:49 - [MESSAGE][PASSED] - Call Test Case 'Test Cases/Mobile/Page/Run App/Run App byID' successfully

2022-02-14 22:40:49 - [TEST_STEP][PASSED] - callTestCase(findTestCase("Mobile/Page/Portfolio/Portfolio"), ["tab":"summary", "action":"perf_quarter", "action2":"persen"], CONTINUE_ON_FAILURE): Call Test Case 'Test Cases/Mobile/Page/Portfolio/Portfolio' successfully

2022-02-14 22:40:49 - [TEST_CASE][PASSED] - Test Cases/Mobile/Page/Portfolio/Portfolio: Test Cases/Mobile/Page/Portfolio/Portfolio

2022-02-14 22:40:49 - [TEST_STEP][PASSED] - callTestCase(findTestCase("Mobile/Page/CheckLogin"), [:], CONTINUE_ON_FAILURE): Call Test Case 'Test Cases/Mobile/Page/CheckLogin' successfully

2022-02-14 22:40:49 - [TEST_CASE][PASSED] - Test Cases/Mobile/Page/CheckLogin: Test Cases/Mobile/Page/CheckLogin

2022-02-14 22:40:49 - [TEST_STEP][PASSED] - loginCheck = verifyElementExist(LOGN_BtnLogin, 5, CONTINUE_ON_FAILURE): Element 'Object Repository/Mobile/Page/Login/Button - Login' is exist

2022-02-14 22:40:51 - [MESSAGE][PASSED] - Element 'Object Repository/Mobile/Page/Login/Button - Login' is exist

2022-02-14 22:40:51 - [TEST_STEP][PASSED] - if (loginCheck): Call Test Case 'Test Cases/Mobile/Page/Login/Login' successfully

2022-02-14 22:40:51 - [TEST_STEP][PASSED] - callTestCase(findTestCase("Mobile/Page/Login/Login"), ["action":"username"], CONTINUE_ON_FAILURE): Call Test Case 'Test Cases/Mobile/Page/Login/Login' successfully

2022-02-14 22:40:52 - [TEST_CASE][PASSED] - Test Cases/Mobile/Page/Login/Login: Test Cases/Mobile/Page/Login/Login

2022-02-14 22:40:52 - [TEST_STEP][PASSED] - delay(2): Delayed 2 second(s)

2022-02-14 22:40:54 - [MESSAGE][PASSED] - Delayed 2 second(s)

2022-02-14 22:40:54 - [TEST_STEP][PASSED] - for ([i = 0, i < 1, (i++)]): null

2022-02-14 22:40:54 - [TEST_STEP][PASSED] - if (action == "username"): null

2022-02-14 22:40:54 - [TEST_STEP][PASSED] - tap(LOGN_EdtUserID, 0): Tapped on element 'Object Repository/Mobile/Page/Login/Input - UserID'

2022-02-14 22:40:54 - [MESSAGE][WARNING] - Timeout '0' is invalid. Using default page load timeout: '60'

2022-02-14 22:40:54 - [MESSAGE][PASSED] - Tapped on element 'Object Repository/Mobile/Page/Login/Input - UserID'

2022-02-14 22:40:54 - [TEST_STEP][PASSED] - delay(1): Delayed 1 second(s)

2022-02-14 22:40:55 - [MESSAGE][PASSED] - Delayed 1 second(s)

2022-02-14 22:40:55 - [TEST_STEP][PASSED] - setText(LOGN_EdtRdyUserID, "anggaaditya", 0): Text 'anggaaditya' has been set to element 'Object Repository/Mobile/Page/Login/Input Rdy - UserID'

2022-02-14 22:40:55 - [MESSAGE][WARNING] - Timeout '0' is invalid. Using default page load timeout: '60'

2022-02-14 22:40:56 - [MESSAGE][PASSED] - Text 'anggaaditya' has been set to element 'Object Repository/Mobile/Page/Login/Input Rdy - UserID'

2022-02-14 22:40:56 - [TEST_STEP][PASSED] - delay(1): Delayed 1 second(s)

2022-02-14 22:40:57 - [MESSAGE][PASSED] - Delayed 1 second(s)

2022-02-14 22:40:57 - [TEST_STEP][PASSED] - hideKeyboard(): Keyboard is hidden

2022-02-14 22:41:00 - [MESSAGE][PASSED] - Keyboard is hidden

2022-02-14 22:41:00 - [TEST_STEP][PASSED] - tap(LOGN_EdtPassword, 0): Tapped on element 'Object Repository/Mobile/Page/Login/Input - Password'

2022-02-14 22:41:00 - [MESSAGE][WARNING] - Timeout '0' is invalid. Using default page load timeout: '60'

2022-02-14 22:41:01 - [MESSAGE][PASSED] - Tapped on element 'Object Repository/Mobile/Page/Login/Input - Password'

2022-02-14 22:41:01 - [TEST_STEP][PASSED] - delay(1): Delayed 1 second(s)

2022-02-14 22:41:02 - [MESSAGE][PASSED] - Delayed 1 second(s)

2022-02-14 22:41:02 - [TEST_STEP][PASSED] - setText(LOGN_EdtRdyPassword, "Shalawa18", 0): Text 'Shalawa18' has been set to element 'Object Repository/Mobile/Page/Login/Input Rdy - Password'

2022-02-14 22:41:02 - [MESSAGE][WARNING] - Timeout '0' is invalid. Using default page load timeout: '60'

2022-02-14 22:41:02 - [MESSAGE][PASSED] - Text 'Shalawa18' has been set to element 'Object Repository/Mobile/Page/Login/Input Rdy - Password'

2022-02-14 22:41:02 - [TEST_STEP][PASSED] - delay(1): Delayed 1 second(s)

2022-02-14 22:41:03 - [MESSAGE][PASSED] - Delayed 1 second(s)

2022-02-14 22:41:03 - [TEST_STEP][PASSED] - hideKeyboard(): Keyboard is hidden

2022-02-14 22:41:10 - [MESSAGE][PASSED] - Keyboard is hidden

2022-02-14 22:41:10 - [TEST_STEP][PASSED] - tap(LOGN_BtnLogin, 0): Tapped on element 'Object Repository/Mobile/Page/Login/Button - Login'

2022-02-14 22:41:10 - [MESSAGE][WARNING] - Timeout '0' is invalid. Using default page load timeout: '60'

2022-02-14 22:41:11 - [MESSAGE][PASSED] - Tapped on element 'Object Repository/Mobile/Page/Login/Button - Login'

2022-02-14 22:41:11 - [TEST_STEP][PASSED] - delay(2): Delayed 2 second(s)

2022-02-14 22:41:13 - [MESSAGE][PASSED] - Delayed 2 second(s)

2022-02-14 22:41:13 - [TEST_STEP][PASSED] - break: null

2022-02-14 22:41:13 - [MESSAGE][PASSED] - Call Test Case 'Test Cases/Mobile/Page/Login/Login' successfully

2022-02-14 22:41:13 - [MESSAGE][PASSED] - Call Test Case 'Test Cases/Mobile/Page/CheckLogin' successfully

2022-02-14 22:41:13 - [TEST_STEP][PASSED] - tap(HOME_MenubarPortfolio, 0): Tapped on element 'Object Repository/Mobile/Page/Home/Menubar - Portfolio'

2022-02-14 22:41:13 - [MESSAGE][WARNING] - Timeout '0' is invalid. Using default page load timeout: '60'

2022-02-14 22:41:14 - [MESSAGE][PASSED] - Tapped on element 'Object Repository/Mobile/Page/Home/Menubar - Portfolio'

2022-02-14 22:41:14 - [TEST_STEP][PASSED] - delay(1): Delayed 1 second(s)

2022-02-14 22:41:15 - [MESSAGE][PASSED] - Delayed 1 second(s)

2022-02-14 22:41:15 - [TEST_STEP][PASSED] - for ([i = 0, i < 1, (i++)]): Delayed 3 second(s)

2022-02-14 22:41:15 - [TEST_STEP][PASSED] - if (tab == "summary"): Delayed 3 second(s)

2022-02-14 22:41:15 - [TEST_STEP][PASSED] - idr = PORT_BtnIDR: null

2022-02-14 22:41:15 - [TEST_STEP][PASSED] - persen = PORT_BtnPersen: null

2022-02-14 22:41:15 - [TEST_STEP][PASSED] - if (action == "summary"): null

2022-02-14 22:41:15 - [TEST_STEP][PASSED] - else if (action == "perf_daily"): null

2022-02-14 22:41:15 - [TEST_STEP][PASSED] - else if (action == "perf_month"): null

2022-02-14 22:41:15 - [TEST_STEP][PASSED] - else if (action == "perf_quarter"): Tapped on element 'Object Repository/Mobile/Page/Portfolio/Tab - Summary Quarter to Date'

2022-02-14 22:41:15 - [TEST_STEP][PASSED] - scroll.scroll.scrollScreenBottomToTop(): scroll.scroll.scrollScreenBottomToTop is PASSED

2022-02-14 22:41:15 - [MESSAGE][PASSED] - Current device physical height is 1423

2022-02-14 22:41:16 - [MESSAGE][PASSED] - Current device physical width is 720

2022-02-14 22:41:17 - [MESSAGE][PASSED] - Swiped from 360,1,138 to 360,284

2022-02-14 22:41:17 - [MESSAGE][PASSED] - scroll.scroll.scrollScreenBottomToTop is PASSED

2022-02-14 22:41:17 - [TEST_STEP][PASSED] - delay(1): Delayed 1 second(s)

2022-02-14 22:41:18 - [MESSAGE][PASSED] - Delayed 1 second(s)

2022-02-14 22:41:18 - [TEST_STEP][PASSED] - tap(PORT_TabSummaryQuarter, 0): Tapped on element 'Object Repository/Mobile/Page/Portfolio/Tab - Summary Quarter to Date'

2022-02-14 22:41:18 - [MESSAGE][WARNING] - Timeout '0' is invalid. Using default page load timeout: '60'

2022-02-14 22:41:18 - [MESSAGE][PASSED] - Tapped on element 'Object Repository/Mobile/Page/Portfolio/Tab - Summary Quarter to Date'

2022-02-14 22:41:18 - [TEST_STEP][PASSED] - if (action != "summary"): Delayed 3 second(s)

2022-02-14 22:41:18 - [TEST_STEP][PASSED] - delay(1): Delayed 1 second(s)

2022-02-14 22:41:19 - [MESSAGE][PASSED] - Delayed 1 second(s)

2022-02-14 22:41:19 - [TEST_STEP][PASSED] - scroll.scroll.scrollScreenBottomToTop(): scroll.scroll.scrollScreenBottomToTop is PASSED

2022-02-14 22:41:20 - [MESSAGE][PASSED] - Current device physical height is 1423

2022-02-14 22:41:20 - [MESSAGE][PASSED] - Current device physical width is 720

2022-02-14 22:41:21 - [MESSAGE][PASSED] - Swiped from 360,1,138 to 360,284

2022-02-14 22:41:21 - [MESSAGE][PASSED] - scroll.scroll.scrollScreenBottomToTop is PASSED

2022-02-14 22:41:21 - [TEST_STEP][PASSED] - delay(3): Delayed 3 second(s)

2022-02-14 22:41:24 - [MESSAGE][PASSED] - Delayed 3 second(s)

2022-02-14 22:41:24 - [TEST_STEP][PASSED] - if (action2 == "idr"): null

2022-02-14 22:41:24 - [TEST_STEP][PASSED] - else if (action2 == "persen"): Delayed 3 second(s)

2022-02-14 22:41:24 - [TEST_STEP][PASSED] - tap(persen, 10): Tapped on element 'Object Repository/Mobile/Page/Portfolio/Button - Persen'

2022-02-14 22:41:24 - [MESSAGE][PASSED] - Tapped on element 'Object Repository/Mobile/Page/Portfolio/Button - Persen'

2022-02-14 22:41:24 - [TEST_STEP][PASSED] - delay(3): Delayed 3 second(s)

2022-02-14 22:41:27 - [MESSAGE][PASSED] - Delayed 3 second(s)

2022-02-14 22:41:27 - [MESSAGE][PASSED] - Call Test Case 'Test Cases/Mobile/Page/Portfolio/Portfolio' successfully

2022-02-14 22:41:27 - [TEST_STEP][PASSED] - callTestCase(findTestCase("Mobile/Page/Run App/Terminate App"), [:], STOP_ON_FAILURE): Call Test Case 'Test Cases/Mobile/Page/Run App/Terminate App' successfully

2022-02-14 22:41:28 - [TEST_CASE][PASSED] - Test Cases/Mobile/Page/Run App/Terminate App: Test Cases/Mobile/Page/Run App/Terminate App

2022-02-14 22:41:28 - [TEST_STEP][PASSED] - startApp.OpenApp.terminateApplication(): startApp.OpenApp.terminateApplication is PASSED

2022-02-14 22:41:31 - [MESSAGE][PASSED] - Delayed 3 second(s)

2022-02-14 22:41:31 - [MESSAGE][PASSED] - Current device physical width is 720

2022-02-14 22:41:31 - [MESSAGE][PASSED] - Current device physical height is 1423

2022-02-14 22:41:32 - [MESSAGE][PASSED] - Swiped from 360,853 to 360,142

2022-02-14 22:41:33 - [MESSAGE][PASSED] - Delayed 1 second(s)

2022-02-14 22:41:35 - [MESSAGE][PASSED] - Swiped from 360,853 to 360,142

2022-02-14 22:41:38 - [MESSAGE][PASSED] - Delayed 3 second(s)

2022-02-14 22:41:38 - [MESSAGE][PASSED] - startApp.OpenApp.terminateApplication is PASSED

2022-02-14 22:41:38 - [MESSAGE][PASSED] - Call Test Case 'Test Cases/Mobile/Page/Run App/Terminate App' successfully]]></system-out>
         <system-err><![CDATA[]]></system-err>
      </testcase>
      <testcase name="Test Cases/Mobile/Scenario/Portfolio/009 - Portfolio Performance Year to Date Persen" time="60.063" classname="Test Cases/Mobile/Scenario/Portfolio/009 - Portfolio Performance Year to Date Persen" status="PASSED">
         <system-out><![CDATA[2022-02-14 22:41:38 - [TEST_CASE][PASSED] - Test Cases/Mobile/Scenario/Portfolio/009 - Portfolio Performance Year to Date Persen: Test Cases/Mobile/Scenario/Portfolio/009 - Portfolio Performance Year to Date Persen

2022-02-14 22:41:38 - [TEST_STEP][PASSED] - callTestCase(findTestCase("Mobile/Page/Run App/Run App byID"), [:], STOP_ON_FAILURE): Call Test Case 'Test Cases/Mobile/Page/Run App/Run App byID' successfully

2022-02-14 22:41:38 - [TEST_CASE][PASSED] - Test Cases/Mobile/Page/Run App/Run App byID: Test Cases/Mobile/Page/Run App/Run App byID

2022-02-14 22:41:38 - [TEST_STEP][PASSED] - startApp.OpenApp.startApplication("id.co.miraeasset.sageclub"): startApp.OpenApp.startApplication is PASSED

2022-02-14 22:41:50 - [MESSAGE][PASSED] - Starting app with application ID: 'id.co.miraeasset.sageclub'

2022-02-14 22:41:50 - [MESSAGE][PASSED] - startApp.OpenApp.startApplication is PASSED

2022-02-14 22:41:50 - [MESSAGE][PASSED] - Call Test Case 'Test Cases/Mobile/Page/Run App/Run App byID' successfully

2022-02-14 22:41:50 - [TEST_STEP][PASSED] - callTestCase(findTestCase("Mobile/Page/Portfolio/Portfolio"), ["tab":"summary", "action":"perf_year", "action2":"persen"], CONTINUE_ON_FAILURE): Call Test Case 'Test Cases/Mobile/Page/Portfolio/Portfolio' successfully

2022-02-14 22:41:50 - [TEST_CASE][PASSED] - Test Cases/Mobile/Page/Portfolio/Portfolio: Test Cases/Mobile/Page/Portfolio/Portfolio

2022-02-14 22:41:50 - [TEST_STEP][PASSED] - callTestCase(findTestCase("Mobile/Page/CheckLogin"), [:], CONTINUE_ON_FAILURE): Call Test Case 'Test Cases/Mobile/Page/CheckLogin' successfully

2022-02-14 22:41:50 - [TEST_CASE][PASSED] - Test Cases/Mobile/Page/CheckLogin: Test Cases/Mobile/Page/CheckLogin

2022-02-14 22:41:50 - [TEST_STEP][PASSED] - loginCheck = verifyElementExist(LOGN_BtnLogin, 5, CONTINUE_ON_FAILURE): Element 'Object Repository/Mobile/Page/Login/Button - Login' is exist

2022-02-14 22:41:52 - [MESSAGE][PASSED] - Element 'Object Repository/Mobile/Page/Login/Button - Login' is exist

2022-02-14 22:41:52 - [TEST_STEP][PASSED] - if (loginCheck): Call Test Case 'Test Cases/Mobile/Page/Login/Login' successfully

2022-02-14 22:41:52 - [TEST_STEP][PASSED] - callTestCase(findTestCase("Mobile/Page/Login/Login"), ["action":"username"], CONTINUE_ON_FAILURE): Call Test Case 'Test Cases/Mobile/Page/Login/Login' successfully

2022-02-14 22:41:52 - [TEST_CASE][PASSED] - Test Cases/Mobile/Page/Login/Login: Test Cases/Mobile/Page/Login/Login

2022-02-14 22:41:52 - [TEST_STEP][PASSED] - delay(2): Delayed 2 second(s)

2022-02-14 22:41:54 - [MESSAGE][PASSED] - Delayed 2 second(s)

2022-02-14 22:41:54 - [TEST_STEP][PASSED] - for ([i = 0, i < 1, (i++)]): null

2022-02-14 22:41:54 - [TEST_STEP][PASSED] - if (action == "username"): null

2022-02-14 22:41:54 - [TEST_STEP][PASSED] - tap(LOGN_EdtUserID, 0): Tapped on element 'Object Repository/Mobile/Page/Login/Input - UserID'

2022-02-14 22:41:54 - [MESSAGE][WARNING] - Timeout '0' is invalid. Using default page load timeout: '60'

2022-02-14 22:41:54 - [MESSAGE][PASSED] - Tapped on element 'Object Repository/Mobile/Page/Login/Input - UserID'

2022-02-14 22:41:54 - [TEST_STEP][PASSED] - delay(1): Delayed 1 second(s)

2022-02-14 22:41:55 - [MESSAGE][PASSED] - Delayed 1 second(s)

2022-02-14 22:41:55 - [TEST_STEP][PASSED] - setText(LOGN_EdtRdyUserID, "anggaaditya", 0): Text 'anggaaditya' has been set to element 'Object Repository/Mobile/Page/Login/Input Rdy - UserID'

2022-02-14 22:41:55 - [MESSAGE][WARNING] - Timeout '0' is invalid. Using default page load timeout: '60'

2022-02-14 22:41:56 - [MESSAGE][PASSED] - Text 'anggaaditya' has been set to element 'Object Repository/Mobile/Page/Login/Input Rdy - UserID'

2022-02-14 22:41:56 - [TEST_STEP][PASSED] - delay(1): Delayed 1 second(s)

2022-02-14 22:41:57 - [MESSAGE][PASSED] - Delayed 1 second(s)

2022-02-14 22:41:57 - [TEST_STEP][PASSED] - hideKeyboard(): Keyboard is hidden

2022-02-14 22:42:01 - [MESSAGE][PASSED] - Keyboard is hidden

2022-02-14 22:42:01 - [TEST_STEP][PASSED] - tap(LOGN_EdtPassword, 0): Tapped on element 'Object Repository/Mobile/Page/Login/Input - Password'

2022-02-14 22:42:01 - [MESSAGE][WARNING] - Timeout '0' is invalid. Using default page load timeout: '60'

2022-02-14 22:42:01 - [MESSAGE][PASSED] - Tapped on element 'Object Repository/Mobile/Page/Login/Input - Password'

2022-02-14 22:42:01 - [TEST_STEP][PASSED] - delay(1): Delayed 1 second(s)

2022-02-14 22:42:02 - [MESSAGE][PASSED] - Delayed 1 second(s)

2022-02-14 22:42:02 - [TEST_STEP][PASSED] - setText(LOGN_EdtRdyPassword, "Shalawa18", 0): Text 'Shalawa18' has been set to element 'Object Repository/Mobile/Page/Login/Input Rdy - Password'

2022-02-14 22:42:02 - [MESSAGE][WARNING] - Timeout '0' is invalid. Using default page load timeout: '60'

2022-02-14 22:42:03 - [MESSAGE][PASSED] - Text 'Shalawa18' has been set to element 'Object Repository/Mobile/Page/Login/Input Rdy - Password'

2022-02-14 22:42:03 - [TEST_STEP][PASSED] - delay(1): Delayed 1 second(s)

2022-02-14 22:42:04 - [MESSAGE][PASSED] - Delayed 1 second(s)

2022-02-14 22:42:04 - [TEST_STEP][PASSED] - hideKeyboard(): Keyboard is hidden

2022-02-14 22:42:10 - [MESSAGE][PASSED] - Keyboard is hidden

2022-02-14 22:42:10 - [TEST_STEP][PASSED] - tap(LOGN_BtnLogin, 0): Tapped on element 'Object Repository/Mobile/Page/Login/Button - Login'

2022-02-14 22:42:10 - [MESSAGE][WARNING] - Timeout '0' is invalid. Using default page load timeout: '60'

2022-02-14 22:42:11 - [MESSAGE][PASSED] - Tapped on element 'Object Repository/Mobile/Page/Login/Button - Login'

2022-02-14 22:42:11 - [TEST_STEP][PASSED] - delay(2): Delayed 2 second(s)

2022-02-14 22:42:13 - [MESSAGE][PASSED] - Delayed 2 second(s)

2022-02-14 22:42:13 - [TEST_STEP][PASSED] - break: null

2022-02-14 22:42:13 - [MESSAGE][PASSED] - Call Test Case 'Test Cases/Mobile/Page/Login/Login' successfully

2022-02-14 22:42:13 - [MESSAGE][PASSED] - Call Test Case 'Test Cases/Mobile/Page/CheckLogin' successfully

2022-02-14 22:42:13 - [TEST_STEP][PASSED] - tap(HOME_MenubarPortfolio, 0): Tapped on element 'Object Repository/Mobile/Page/Home/Menubar - Portfolio'

2022-02-14 22:42:13 - [MESSAGE][WARNING] - Timeout '0' is invalid. Using default page load timeout: '60'

2022-02-14 22:42:14 - [MESSAGE][PASSED] - Tapped on element 'Object Repository/Mobile/Page/Home/Menubar - Portfolio'

2022-02-14 22:42:14 - [TEST_STEP][PASSED] - delay(1): Delayed 1 second(s)

2022-02-14 22:42:15 - [MESSAGE][PASSED] - Delayed 1 second(s)

2022-02-14 22:42:15 - [TEST_STEP][PASSED] - for ([i = 0, i < 1, (i++)]): Delayed 3 second(s)

2022-02-14 22:42:15 - [TEST_STEP][PASSED] - if (tab == "summary"): Delayed 3 second(s)

2022-02-14 22:42:15 - [TEST_STEP][PASSED] - idr = PORT_BtnIDR: null

2022-02-14 22:42:15 - [TEST_STEP][PASSED] - persen = PORT_BtnPersen: null

2022-02-14 22:42:15 - [TEST_STEP][PASSED] - if (action == "summary"): null

2022-02-14 22:42:15 - [TEST_STEP][PASSED] - else if (action == "perf_daily"): null

2022-02-14 22:42:15 - [TEST_STEP][PASSED] - else if (action == "perf_month"): null

2022-02-14 22:42:15 - [TEST_STEP][PASSED] - else if (action == "perf_quarter"): null

2022-02-14 22:42:15 - [TEST_STEP][PASSED] - else if (action == "perf_year"): Tapped on element 'Object Repository/Mobile/Page/Portfolio/Tab - Summary Year to Date'

2022-02-14 22:42:15 - [TEST_STEP][PASSED] - scroll.scroll.scrollScreenBottomToTop(): scroll.scroll.scrollScreenBottomToTop is PASSED

2022-02-14 22:42:15 - [MESSAGE][PASSED] - Current device physical height is 1423

2022-02-14 22:42:16 - [MESSAGE][PASSED] - Current device physical width is 720

2022-02-14 22:42:17 - [MESSAGE][PASSED] - Swiped from 360,1,138 to 360,284

2022-02-14 22:42:17 - [MESSAGE][PASSED] - scroll.scroll.scrollScreenBottomToTop is PASSED

2022-02-14 22:42:17 - [TEST_STEP][PASSED] - delay(1): Delayed 1 second(s)

2022-02-14 22:42:18 - [MESSAGE][PASSED] - Delayed 1 second(s)

2022-02-14 22:42:18 - [TEST_STEP][PASSED] - tap(PORT_TabSummaryYear, 0): Tapped on element 'Object Repository/Mobile/Page/Portfolio/Tab - Summary Year to Date'

2022-02-14 22:42:18 - [MESSAGE][WARNING] - Timeout '0' is invalid. Using default page load timeout: '60'

2022-02-14 22:42:18 - [MESSAGE][PASSED] - Tapped on element 'Object Repository/Mobile/Page/Portfolio/Tab - Summary Year to Date'

2022-02-14 22:42:18 - [TEST_STEP][PASSED] - if (action != "summary"): Delayed 3 second(s)

2022-02-14 22:42:18 - [TEST_STEP][PASSED] - delay(1): Delayed 1 second(s)

2022-02-14 22:42:19 - [MESSAGE][PASSED] - Delayed 1 second(s)

2022-02-14 22:42:19 - [TEST_STEP][PASSED] - scroll.scroll.scrollScreenBottomToTop(): scroll.scroll.scrollScreenBottomToTop is PASSED

2022-02-14 22:42:20 - [MESSAGE][PASSED] - Current device physical height is 1423

2022-02-14 22:42:20 - [MESSAGE][PASSED] - Current device physical width is 720

2022-02-14 22:42:21 - [MESSAGE][PASSED] - Swiped from 360,1,138 to 360,284

2022-02-14 22:42:21 - [MESSAGE][PASSED] - scroll.scroll.scrollScreenBottomToTop is PASSED

2022-02-14 22:42:21 - [TEST_STEP][PASSED] - delay(3): Delayed 3 second(s)

2022-02-14 22:42:24 - [MESSAGE][PASSED] - Delayed 3 second(s)

2022-02-14 22:42:24 - [TEST_STEP][PASSED] - if (action2 == "idr"): null

2022-02-14 22:42:24 - [TEST_STEP][PASSED] - else if (action2 == "persen"): Delayed 3 second(s)

2022-02-14 22:42:24 - [TEST_STEP][PASSED] - tap(persen, 10): Tapped on element 'Object Repository/Mobile/Page/Portfolio/Button - Persen'

2022-02-14 22:42:25 - [MESSAGE][PASSED] - Tapped on element 'Object Repository/Mobile/Page/Portfolio/Button - Persen'

2022-02-14 22:42:25 - [TEST_STEP][PASSED] - delay(3): Delayed 3 second(s)

2022-02-14 22:42:28 - [MESSAGE][PASSED] - Delayed 3 second(s)

2022-02-14 22:42:28 - [MESSAGE][PASSED] - Call Test Case 'Test Cases/Mobile/Page/Portfolio/Portfolio' successfully

2022-02-14 22:42:28 - [TEST_STEP][PASSED] - callTestCase(findTestCase("Mobile/Page/Run App/Terminate App"), [:], STOP_ON_FAILURE): Call Test Case 'Test Cases/Mobile/Page/Run App/Terminate App' successfully

2022-02-14 22:42:28 - [TEST_CASE][PASSED] - Test Cases/Mobile/Page/Run App/Terminate App: Test Cases/Mobile/Page/Run App/Terminate App

2022-02-14 22:42:28 - [TEST_STEP][PASSED] - startApp.OpenApp.terminateApplication(): startApp.OpenApp.terminateApplication is PASSED

2022-02-14 22:42:31 - [MESSAGE][PASSED] - Delayed 3 second(s)

2022-02-14 22:42:31 - [MESSAGE][PASSED] - Current device physical width is 720

2022-02-14 22:42:31 - [MESSAGE][PASSED] - Current device physical height is 1423

2022-02-14 22:42:32 - [MESSAGE][PASSED] - Swiped from 360,853 to 360,142

2022-02-14 22:42:33 - [MESSAGE][PASSED] - Delayed 1 second(s)

2022-02-14 22:42:35 - [MESSAGE][PASSED] - Swiped from 360,853 to 360,142

2022-02-14 22:42:38 - [MESSAGE][PASSED] - Delayed 3 second(s)

2022-02-14 22:42:38 - [MESSAGE][PASSED] - startApp.OpenApp.terminateApplication is PASSED

2022-02-14 22:42:38 - [MESSAGE][PASSED] - Call Test Case 'Test Cases/Mobile/Page/Run App/Terminate App' successfully]]></system-out>
         <system-err><![CDATA[]]></system-err>
      </testcase>
      <testcase name="Test Cases/Mobile/Scenario/Portfolio/010 - Melihat list stock" time="54.533" classname="Test Cases/Mobile/Scenario/Portfolio/010 - Melihat list stock" status="PASSED">
         <system-out><![CDATA[2022-02-14 22:42:38 - [TEST_CASE][PASSED] - Test Cases/Mobile/Scenario/Portfolio/010 - Melihat list stock: Test Cases/Mobile/Scenario/Portfolio/010 - Melihat list stock

2022-02-14 22:42:38 - [TEST_STEP][PASSED] - callTestCase(findTestCase("Mobile/Page/Run App/Run App byID"), [:], STOP_ON_FAILURE): Call Test Case 'Test Cases/Mobile/Page/Run App/Run App byID' successfully

2022-02-14 22:42:38 - [TEST_CASE][PASSED] - Test Cases/Mobile/Page/Run App/Run App byID: Test Cases/Mobile/Page/Run App/Run App byID

2022-02-14 22:42:38 - [TEST_STEP][PASSED] - startApp.OpenApp.startApplication("id.co.miraeasset.sageclub"): startApp.OpenApp.startApplication is PASSED

2022-02-14 22:42:50 - [MESSAGE][PASSED] - Starting app with application ID: 'id.co.miraeasset.sageclub'

2022-02-14 22:42:50 - [MESSAGE][PASSED] - startApp.OpenApp.startApplication is PASSED

2022-02-14 22:42:50 - [MESSAGE][PASSED] - Call Test Case 'Test Cases/Mobile/Page/Run App/Run App byID' successfully

2022-02-14 22:42:50 - [TEST_STEP][PASSED] - callTestCase(findTestCase("Mobile/Page/Portfolio/Portfolio"), ["tab":"stock"], CONTINUE_ON_FAILURE): Call Test Case 'Test Cases/Mobile/Page/Portfolio/Portfolio' successfully

2022-02-14 22:42:50 - [TEST_CASE][PASSED] - Test Cases/Mobile/Page/Portfolio/Portfolio: Test Cases/Mobile/Page/Portfolio/Portfolio

2022-02-14 22:42:50 - [TEST_STEP][PASSED] - callTestCase(findTestCase("Mobile/Page/CheckLogin"), [:], CONTINUE_ON_FAILURE): Call Test Case 'Test Cases/Mobile/Page/CheckLogin' successfully

2022-02-14 22:42:50 - [TEST_CASE][PASSED] - Test Cases/Mobile/Page/CheckLogin: Test Cases/Mobile/Page/CheckLogin

2022-02-14 22:42:50 - [TEST_STEP][PASSED] - loginCheck = verifyElementExist(LOGN_BtnLogin, 5, CONTINUE_ON_FAILURE): Element 'Object Repository/Mobile/Page/Login/Button - Login' is exist

2022-02-14 22:42:52 - [MESSAGE][PASSED] - Element 'Object Repository/Mobile/Page/Login/Button - Login' is exist

2022-02-14 22:42:52 - [TEST_STEP][PASSED] - if (loginCheck): Call Test Case 'Test Cases/Mobile/Page/Login/Login' successfully

2022-02-14 22:42:52 - [TEST_STEP][PASSED] - callTestCase(findTestCase("Mobile/Page/Login/Login"), ["action":"username"], CONTINUE_ON_FAILURE): Call Test Case 'Test Cases/Mobile/Page/Login/Login' successfully

2022-02-14 22:42:52 - [TEST_CASE][PASSED] - Test Cases/Mobile/Page/Login/Login: Test Cases/Mobile/Page/Login/Login

2022-02-14 22:42:52 - [TEST_STEP][PASSED] - delay(2): Delayed 2 second(s)

2022-02-14 22:42:54 - [MESSAGE][PASSED] - Delayed 2 second(s)

2022-02-14 22:42:54 - [TEST_STEP][PASSED] - for ([i = 0, i < 1, (i++)]): null

2022-02-14 22:42:54 - [TEST_STEP][PASSED] - if (action == "username"): null

2022-02-14 22:42:54 - [TEST_STEP][PASSED] - tap(LOGN_EdtUserID, 0): Tapped on element 'Object Repository/Mobile/Page/Login/Input - UserID'

2022-02-14 22:42:54 - [MESSAGE][WARNING] - Timeout '0' is invalid. Using default page load timeout: '60'

2022-02-14 22:42:55 - [MESSAGE][PASSED] - Tapped on element 'Object Repository/Mobile/Page/Login/Input - UserID'

2022-02-14 22:42:55 - [TEST_STEP][PASSED] - delay(1): Delayed 1 second(s)

2022-02-14 22:42:56 - [MESSAGE][PASSED] - Delayed 1 second(s)

2022-02-14 22:42:56 - [TEST_STEP][PASSED] - setText(LOGN_EdtRdyUserID, "anggaaditya", 0): Text 'anggaaditya' has been set to element 'Object Repository/Mobile/Page/Login/Input Rdy - UserID'

2022-02-14 22:42:56 - [MESSAGE][WARNING] - Timeout '0' is invalid. Using default page load timeout: '60'

2022-02-14 22:42:56 - [MESSAGE][PASSED] - Text 'anggaaditya' has been set to element 'Object Repository/Mobile/Page/Login/Input Rdy - UserID'

2022-02-14 22:42:56 - [TEST_STEP][PASSED] - delay(1): Delayed 1 second(s)

2022-02-14 22:42:57 - [MESSAGE][PASSED] - Delayed 1 second(s)

2022-02-14 22:42:57 - [TEST_STEP][PASSED] - hideKeyboard(): Keyboard is hidden

2022-02-14 22:43:01 - [MESSAGE][PASSED] - Keyboard is hidden

2022-02-14 22:43:01 - [TEST_STEP][PASSED] - tap(LOGN_EdtPassword, 0): Tapped on element 'Object Repository/Mobile/Page/Login/Input - Password'

2022-02-14 22:43:01 - [MESSAGE][WARNING] - Timeout '0' is invalid. Using default page load timeout: '60'

2022-02-14 22:43:01 - [MESSAGE][PASSED] - Tapped on element 'Object Repository/Mobile/Page/Login/Input - Password'

2022-02-14 22:43:01 - [TEST_STEP][PASSED] - delay(1): Delayed 1 second(s)

2022-02-14 22:43:02 - [MESSAGE][PASSED] - Delayed 1 second(s)

2022-02-14 22:43:02 - [TEST_STEP][PASSED] - setText(LOGN_EdtRdyPassword, "Shalawa18", 0): Text 'Shalawa18' has been set to element 'Object Repository/Mobile/Page/Login/Input Rdy - Password'

2022-02-14 22:43:02 - [MESSAGE][WARNING] - Timeout '0' is invalid. Using default page load timeout: '60'

2022-02-14 22:43:03 - [MESSAGE][PASSED] - Text 'Shalawa18' has been set to element 'Object Repository/Mobile/Page/Login/Input Rdy - Password'

2022-02-14 22:43:03 - [TEST_STEP][PASSED] - delay(1): Delayed 1 second(s)

2022-02-14 22:43:04 - [MESSAGE][PASSED] - Delayed 1 second(s)

2022-02-14 22:43:04 - [TEST_STEP][PASSED] - hideKeyboard(): Keyboard is hidden

2022-02-14 22:43:10 - [MESSAGE][PASSED] - Keyboard is hidden

2022-02-14 22:43:10 - [TEST_STEP][PASSED] - tap(LOGN_BtnLogin, 0): Tapped on element 'Object Repository/Mobile/Page/Login/Button - Login'

2022-02-14 22:43:10 - [MESSAGE][WARNING] - Timeout '0' is invalid. Using default page load timeout: '60'

2022-02-14 22:43:11 - [MESSAGE][PASSED] - Tapped on element 'Object Repository/Mobile/Page/Login/Button - Login'

2022-02-14 22:43:11 - [TEST_STEP][PASSED] - delay(2): Delayed 2 second(s)

2022-02-14 22:43:13 - [MESSAGE][PASSED] - Delayed 2 second(s)

2022-02-14 22:43:13 - [TEST_STEP][PASSED] - break: null

2022-02-14 22:43:13 - [MESSAGE][PASSED] - Call Test Case 'Test Cases/Mobile/Page/Login/Login' successfully

2022-02-14 22:43:13 - [MESSAGE][PASSED] - Call Test Case 'Test Cases/Mobile/Page/CheckLogin' successfully

2022-02-14 22:43:13 - [TEST_STEP][PASSED] - tap(HOME_MenubarPortfolio, 0): Tapped on element 'Object Repository/Mobile/Page/Home/Menubar - Portfolio'

2022-02-14 22:43:13 - [MESSAGE][WARNING] - Timeout '0' is invalid. Using default page load timeout: '60'

2022-02-14 22:43:15 - [MESSAGE][PASSED] - Tapped on element 'Object Repository/Mobile/Page/Home/Menubar - Portfolio'

2022-02-14 22:43:15 - [TEST_STEP][PASSED] - delay(1): Delayed 1 second(s)

2022-02-14 22:43:16 - [MESSAGE][PASSED] - Delayed 1 second(s)

2022-02-14 22:43:16 - [TEST_STEP][PASSED] - for ([i = 0, i < 1, (i++)]): Delayed 3 second(s)

2022-02-14 22:43:16 - [TEST_STEP][PASSED] - if (tab == "summary"): null

2022-02-14 22:43:16 - [TEST_STEP][PASSED] - else if (tab == "stock"): Delayed 3 second(s)

2022-02-14 22:43:16 - [TEST_STEP][PASSED] - tap(PORT_TabStock, 0): Tapped on element 'Object Repository/Mobile/Page/Portfolio/Tab - Stock'

2022-02-14 22:43:16 - [MESSAGE][WARNING] - Timeout '0' is invalid. Using default page load timeout: '60'

2022-02-14 22:43:17 - [MESSAGE][PASSED] - Tapped on element 'Object Repository/Mobile/Page/Portfolio/Tab - Stock'

2022-02-14 22:43:17 - [TEST_STEP][PASSED] - scroll.scroll.scrollScreenBottomToTop(): scroll.scroll.scrollScreenBottomToTop is PASSED

2022-02-14 22:43:18 - [MESSAGE][PASSED] - Current device physical height is 1423

2022-02-14 22:43:18 - [MESSAGE][PASSED] - Current device physical width is 720

2022-02-14 22:43:19 - [MESSAGE][PASSED] - Swiped from 360,1,138 to 360,284

2022-02-14 22:43:19 - [MESSAGE][PASSED] - scroll.scroll.scrollScreenBottomToTop is PASSED

2022-02-14 22:43:19 - [TEST_STEP][PASSED] - delay(3): Delayed 3 second(s)

2022-02-14 22:43:22 - [MESSAGE][PASSED] - Delayed 3 second(s)

2022-02-14 22:43:22 - [MESSAGE][PASSED] - Call Test Case 'Test Cases/Mobile/Page/Portfolio/Portfolio' successfully

2022-02-14 22:43:22 - [TEST_STEP][PASSED] - callTestCase(findTestCase("Mobile/Page/Run App/Terminate App"), [:], STOP_ON_FAILURE): Call Test Case 'Test Cases/Mobile/Page/Run App/Terminate App' successfully

2022-02-14 22:43:22 - [TEST_CASE][PASSED] - Test Cases/Mobile/Page/Run App/Terminate App: Test Cases/Mobile/Page/Run App/Terminate App

2022-02-14 22:43:22 - [TEST_STEP][PASSED] - startApp.OpenApp.terminateApplication(): startApp.OpenApp.terminateApplication is PASSED

2022-02-14 22:43:25 - [MESSAGE][PASSED] - Delayed 3 second(s)

2022-02-14 22:43:25 - [MESSAGE][PASSED] - Current device physical width is 720

2022-02-14 22:43:26 - [MESSAGE][PASSED] - Current device physical height is 1423

2022-02-14 22:43:27 - [MESSAGE][PASSED] - Swiped from 360,853 to 360,142

2022-02-14 22:43:28 - [MESSAGE][PASSED] - Delayed 1 second(s)

2022-02-14 22:43:29 - [MESSAGE][PASSED] - Swiped from 360,853 to 360,142

2022-02-14 22:43:32 - [MESSAGE][PASSED] - Delayed 3 second(s)

2022-02-14 22:43:32 - [MESSAGE][PASSED] - startApp.OpenApp.terminateApplication is PASSED

2022-02-14 22:43:32 - [MESSAGE][PASSED] - Call Test Case 'Test Cases/Mobile/Page/Run App/Terminate App' successfully]]></system-out>
         <system-err><![CDATA[]]></system-err>
      </testcase>
      <testcase name="Test Cases/Mobile/Scenario/Portfolio/011 - Melihat list mutual fund" time="59.623" classname="Test Cases/Mobile/Scenario/Portfolio/011 - Melihat list mutual fund" status="PASSED">
         <system-out><![CDATA[2022-02-14 22:43:32 - [TEST_CASE][PASSED] - Test Cases/Mobile/Scenario/Portfolio/011 - Melihat list mutual fund: Test Cases/Mobile/Scenario/Portfolio/011 - Melihat list mutual fund

2022-02-14 22:43:33 - [TEST_STEP][PASSED] - callTestCase(findTestCase("Mobile/Page/Run App/Run App byID"), [:], STOP_ON_FAILURE): Call Test Case 'Test Cases/Mobile/Page/Run App/Run App byID' successfully

2022-02-14 22:43:33 - [TEST_CASE][PASSED] - Test Cases/Mobile/Page/Run App/Run App byID: Test Cases/Mobile/Page/Run App/Run App byID

2022-02-14 22:43:33 - [TEST_STEP][PASSED] - startApp.OpenApp.startApplication("id.co.miraeasset.sageclub"): startApp.OpenApp.startApplication is PASSED

2022-02-14 22:43:45 - [MESSAGE][PASSED] - Starting app with application ID: 'id.co.miraeasset.sageclub'

2022-02-14 22:43:45 - [MESSAGE][PASSED] - startApp.OpenApp.startApplication is PASSED

2022-02-14 22:43:45 - [MESSAGE][PASSED] - Call Test Case 'Test Cases/Mobile/Page/Run App/Run App byID' successfully

2022-02-14 22:43:45 - [TEST_STEP][PASSED] - callTestCase(findTestCase("Mobile/Page/Portfolio/Portfolio"), ["tab":"mutualfund", "action2":"none"], CONTINUE_ON_FAILURE): Call Test Case 'Test Cases/Mobile/Page/Portfolio/Portfolio' successfully

2022-02-14 22:43:45 - [TEST_CASE][PASSED] - Test Cases/Mobile/Page/Portfolio/Portfolio: Test Cases/Mobile/Page/Portfolio/Portfolio

2022-02-14 22:43:45 - [TEST_STEP][PASSED] - callTestCase(findTestCase("Mobile/Page/CheckLogin"), [:], CONTINUE_ON_FAILURE): Call Test Case 'Test Cases/Mobile/Page/CheckLogin' successfully

2022-02-14 22:43:45 - [TEST_CASE][PASSED] - Test Cases/Mobile/Page/CheckLogin: Test Cases/Mobile/Page/CheckLogin

2022-02-14 22:43:45 - [TEST_STEP][PASSED] - loginCheck = verifyElementExist(LOGN_BtnLogin, 5, CONTINUE_ON_FAILURE): Element 'Object Repository/Mobile/Page/Login/Button - Login' is exist

2022-02-14 22:43:47 - [MESSAGE][PASSED] - Element 'Object Repository/Mobile/Page/Login/Button - Login' is exist

2022-02-14 22:43:47 - [TEST_STEP][PASSED] - if (loginCheck): Call Test Case 'Test Cases/Mobile/Page/Login/Login' successfully

2022-02-14 22:43:47 - [TEST_STEP][PASSED] - callTestCase(findTestCase("Mobile/Page/Login/Login"), ["action":"username"], CONTINUE_ON_FAILURE): Call Test Case 'Test Cases/Mobile/Page/Login/Login' successfully

2022-02-14 22:43:47 - [TEST_CASE][PASSED] - Test Cases/Mobile/Page/Login/Login: Test Cases/Mobile/Page/Login/Login

2022-02-14 22:43:47 - [TEST_STEP][PASSED] - delay(2): Delayed 2 second(s)

2022-02-14 22:43:49 - [MESSAGE][PASSED] - Delayed 2 second(s)

2022-02-14 22:43:49 - [TEST_STEP][PASSED] - for ([i = 0, i < 1, (i++)]): null

2022-02-14 22:43:49 - [TEST_STEP][PASSED] - if (action == "username"): null

2022-02-14 22:43:49 - [TEST_STEP][PASSED] - tap(LOGN_EdtUserID, 0): Tapped on element 'Object Repository/Mobile/Page/Login/Input - UserID'

2022-02-14 22:43:49 - [MESSAGE][WARNING] - Timeout '0' is invalid. Using default page load timeout: '60'

2022-02-14 22:43:49 - [MESSAGE][PASSED] - Tapped on element 'Object Repository/Mobile/Page/Login/Input - UserID'

2022-02-14 22:43:49 - [TEST_STEP][PASSED] - delay(1): Delayed 1 second(s)

2022-02-14 22:43:50 - [MESSAGE][PASSED] - Delayed 1 second(s)

2022-02-14 22:43:50 - [TEST_STEP][PASSED] - setText(LOGN_EdtRdyUserID, "anggaaditya", 0): Text 'anggaaditya' has been set to element 'Object Repository/Mobile/Page/Login/Input Rdy - UserID'

2022-02-14 22:43:50 - [MESSAGE][WARNING] - Timeout '0' is invalid. Using default page load timeout: '60'

2022-02-14 22:43:51 - [MESSAGE][PASSED] - Text 'anggaaditya' has been set to element 'Object Repository/Mobile/Page/Login/Input Rdy - UserID'

2022-02-14 22:43:51 - [TEST_STEP][PASSED] - delay(1): Delayed 1 second(s)

2022-02-14 22:43:52 - [MESSAGE][PASSED] - Delayed 1 second(s)

2022-02-14 22:43:52 - [TEST_STEP][PASSED] - hideKeyboard(): Keyboard is hidden

2022-02-14 22:43:55 - [MESSAGE][PASSED] - Keyboard is hidden

2022-02-14 22:43:55 - [TEST_STEP][PASSED] - tap(LOGN_EdtPassword, 0): Tapped on element 'Object Repository/Mobile/Page/Login/Input - Password'

2022-02-14 22:43:55 - [MESSAGE][WARNING] - Timeout '0' is invalid. Using default page load timeout: '60'

2022-02-14 22:43:56 - [MESSAGE][PASSED] - Tapped on element 'Object Repository/Mobile/Page/Login/Input - Password'

2022-02-14 22:43:56 - [TEST_STEP][PASSED] - delay(1): Delayed 1 second(s)

2022-02-14 22:43:57 - [MESSAGE][PASSED] - Delayed 1 second(s)

2022-02-14 22:43:57 - [TEST_STEP][PASSED] - setText(LOGN_EdtRdyPassword, "Shalawa18", 0): Text 'Shalawa18' has been set to element 'Object Repository/Mobile/Page/Login/Input Rdy - Password'

2022-02-14 22:43:57 - [MESSAGE][WARNING] - Timeout '0' is invalid. Using default page load timeout: '60'

2022-02-14 22:43:57 - [MESSAGE][PASSED] - Text 'Shalawa18' has been set to element 'Object Repository/Mobile/Page/Login/Input Rdy - Password'

2022-02-14 22:43:57 - [TEST_STEP][PASSED] - delay(1): Delayed 1 second(s)

2022-02-14 22:43:58 - [MESSAGE][PASSED] - Delayed 1 second(s)

2022-02-14 22:43:58 - [TEST_STEP][PASSED] - hideKeyboard(): Keyboard is hidden

2022-02-14 22:44:05 - [MESSAGE][PASSED] - Keyboard is hidden

2022-02-14 22:44:05 - [TEST_STEP][PASSED] - tap(LOGN_BtnLogin, 0): Tapped on element 'Object Repository/Mobile/Page/Login/Button - Login'

2022-02-14 22:44:05 - [MESSAGE][WARNING] - Timeout '0' is invalid. Using default page load timeout: '60'

2022-02-14 22:44:05 - [MESSAGE][PASSED] - Tapped on element 'Object Repository/Mobile/Page/Login/Button - Login'

2022-02-14 22:44:05 - [TEST_STEP][PASSED] - delay(2): Delayed 2 second(s)

2022-02-14 22:44:07 - [MESSAGE][PASSED] - Delayed 2 second(s)

2022-02-14 22:44:07 - [TEST_STEP][PASSED] - break: null

2022-02-14 22:44:07 - [MESSAGE][PASSED] - Call Test Case 'Test Cases/Mobile/Page/Login/Login' successfully

2022-02-14 22:44:07 - [MESSAGE][PASSED] - Call Test Case 'Test Cases/Mobile/Page/CheckLogin' successfully

2022-02-14 22:44:07 - [TEST_STEP][PASSED] - tap(HOME_MenubarPortfolio, 0): Tapped on element 'Object Repository/Mobile/Page/Home/Menubar - Portfolio'

2022-02-14 22:44:07 - [MESSAGE][WARNING] - Timeout '0' is invalid. Using default page load timeout: '60'

2022-02-14 22:44:09 - [MESSAGE][PASSED] - Tapped on element 'Object Repository/Mobile/Page/Home/Menubar - Portfolio'

2022-02-14 22:44:09 - [TEST_STEP][PASSED] - delay(1): Delayed 1 second(s)

2022-02-14 22:44:10 - [MESSAGE][PASSED] - Delayed 1 second(s)

2022-02-14 22:44:10 - [TEST_STEP][PASSED] - for ([i = 0, i < 1, (i++)]): scroll.scroll.scrollScreenBottomToTop is PASSED

2022-02-14 22:44:10 - [TEST_STEP][PASSED] - if (tab == "summary"): null

2022-02-14 22:44:10 - [TEST_STEP][PASSED] - else if (tab == "stock"): null

2022-02-14 22:44:10 - [TEST_STEP][PASSED] - else if (tab == "mutualfund"): scroll.scroll.scrollScreenBottomToTop is PASSED

2022-02-14 22:44:10 - [TEST_STEP][PASSED] - tap(PORT_TabMutualFund, 0): Tapped on element 'Object Repository/Mobile/Page/Portfolio/Tab - Mutual Fund'

2022-02-14 22:44:10 - [MESSAGE][WARNING] - Timeout '0' is invalid. Using default page load timeout: '60'

2022-02-14 22:44:11 - [MESSAGE][PASSED] - Tapped on element 'Object Repository/Mobile/Page/Portfolio/Tab - Mutual Fund'

2022-02-14 22:44:11 - [TEST_STEP][PASSED] - delay(1): Delayed 1 second(s)

2022-02-14 22:44:12 - [MESSAGE][PASSED] - Delayed 1 second(s)

2022-02-14 22:44:12 - [TEST_STEP][PASSED] - try: scroll.scroll.scrollScreenBottomToTop is PASSED

2022-02-14 22:44:12 - [TEST_STEP][PASSED] - tapAndHold(PORT_ItemTopMutualFund, 1, 10): Tapped and held on element 'Object Repository/Mobile/Page/Portfolio/Item - Top Mutual Fund' with duration 1

2022-02-14 22:44:15 - [MESSAGE][PASSED] - Tapped and held on element 'Object Repository/Mobile/Page/Portfolio/Item - Top Mutual Fund' with duration 1

2022-02-14 22:44:15 - [TEST_STEP][PASSED] - delay(2): Delayed 2 second(s)

2022-02-14 22:44:17 - [MESSAGE][PASSED] - Delayed 2 second(s)

2022-02-14 22:44:17 - [TEST_STEP][PASSED] - switch (action2): null

2022-02-14 22:44:17 - [TEST_STEP][PASSED] - delay(3): Delayed 3 second(s)

2022-02-14 22:44:20 - [MESSAGE][PASSED] - Delayed 3 second(s)

2022-02-14 22:44:20 - [TEST_STEP][PASSED] - scroll.scroll.scrollScreenBottomToTop(): scroll.scroll.scrollScreenBottomToTop is PASSED

2022-02-14 22:44:20 - [MESSAGE][PASSED] - Current device physical height is 1423

2022-02-14 22:44:20 - [MESSAGE][PASSED] - Current device physical width is 720

2022-02-14 22:44:22 - [MESSAGE][PASSED] - Swiped from 360,1,138 to 360,284

2022-02-14 22:44:22 - [MESSAGE][PASSED] - scroll.scroll.scrollScreenBottomToTop is PASSED

2022-02-14 22:44:22 - [MESSAGE][PASSED] - Call Test Case 'Test Cases/Mobile/Page/Portfolio/Portfolio' successfully

2022-02-14 22:44:22 - [TEST_STEP][PASSED] - callTestCase(findTestCase("Mobile/Page/Run App/Terminate App"), [:], STOP_ON_FAILURE): Call Test Case 'Test Cases/Mobile/Page/Run App/Terminate App' successfully

2022-02-14 22:44:22 - [TEST_CASE][PASSED] - Test Cases/Mobile/Page/Run App/Terminate App: Test Cases/Mobile/Page/Run App/Terminate App

2022-02-14 22:44:22 - [TEST_STEP][PASSED] - startApp.OpenApp.terminateApplication(): startApp.OpenApp.terminateApplication is PASSED

2022-02-14 22:44:25 - [MESSAGE][PASSED] - Delayed 3 second(s)

2022-02-14 22:44:25 - [MESSAGE][PASSED] - Current device physical width is 720

2022-02-14 22:44:25 - [MESSAGE][PASSED] - Current device physical height is 1423

2022-02-14 22:44:27 - [MESSAGE][PASSED] - Swiped from 360,853 to 360,142

2022-02-14 22:44:28 - [MESSAGE][PASSED] - Delayed 1 second(s)

2022-02-14 22:44:29 - [MESSAGE][PASSED] - Swiped from 360,853 to 360,142

2022-02-14 22:44:32 - [MESSAGE][PASSED] - Delayed 3 second(s)

2022-02-14 22:44:32 - [MESSAGE][PASSED] - startApp.OpenApp.terminateApplication is PASSED

2022-02-14 22:44:32 - [MESSAGE][PASSED] - Call Test Case 'Test Cases/Mobile/Page/Run App/Terminate App' successfully]]></system-out>
         <system-err><![CDATA[]]></system-err>
      </testcase>
      <testcase name="Test Cases/Mobile/Scenario/Portfolio/012 - Melihat list bond" time="54.105" classname="Test Cases/Mobile/Scenario/Portfolio/012 - Melihat list bond" status="PASSED">
         <system-out><![CDATA[2022-02-14 22:44:32 - [TEST_CASE][PASSED] - Test Cases/Mobile/Scenario/Portfolio/012 - Melihat list bond: Test Cases/Mobile/Scenario/Portfolio/012 - Melihat list bond

2022-02-14 22:44:32 - [TEST_STEP][PASSED] - callTestCase(findTestCase("Mobile/Page/Run App/Run App byID"), [:], STOP_ON_FAILURE): Call Test Case 'Test Cases/Mobile/Page/Run App/Run App byID' successfully

2022-02-14 22:44:32 - [TEST_CASE][PASSED] - Test Cases/Mobile/Page/Run App/Run App byID: Test Cases/Mobile/Page/Run App/Run App byID

2022-02-14 22:44:32 - [TEST_STEP][PASSED] - startApp.OpenApp.startApplication("id.co.miraeasset.sageclub"): startApp.OpenApp.startApplication is PASSED

2022-02-14 22:44:44 - [MESSAGE][PASSED] - Starting app with application ID: 'id.co.miraeasset.sageclub'

2022-02-14 22:44:44 - [MESSAGE][PASSED] - startApp.OpenApp.startApplication is PASSED

2022-02-14 22:44:44 - [MESSAGE][PASSED] - Call Test Case 'Test Cases/Mobile/Page/Run App/Run App byID' successfully

2022-02-14 22:44:44 - [TEST_STEP][PASSED] - callTestCase(findTestCase("Mobile/Page/Portfolio/Portfolio"), ["tab":"stock", "action":"none"], CONTINUE_ON_FAILURE): Call Test Case 'Test Cases/Mobile/Page/Portfolio/Portfolio' successfully

2022-02-14 22:44:44 - [TEST_CASE][PASSED] - Test Cases/Mobile/Page/Portfolio/Portfolio: Test Cases/Mobile/Page/Portfolio/Portfolio

2022-02-14 22:44:44 - [TEST_STEP][PASSED] - callTestCase(findTestCase("Mobile/Page/CheckLogin"), [:], CONTINUE_ON_FAILURE): Call Test Case 'Test Cases/Mobile/Page/CheckLogin' successfully

2022-02-14 22:44:44 - [TEST_CASE][PASSED] - Test Cases/Mobile/Page/CheckLogin: Test Cases/Mobile/Page/CheckLogin

2022-02-14 22:44:44 - [TEST_STEP][PASSED] - loginCheck = verifyElementExist(LOGN_BtnLogin, 5, CONTINUE_ON_FAILURE): Element 'Object Repository/Mobile/Page/Login/Button - Login' is exist

2022-02-14 22:44:46 - [MESSAGE][PASSED] - Element 'Object Repository/Mobile/Page/Login/Button - Login' is exist

2022-02-14 22:44:46 - [TEST_STEP][PASSED] - if (loginCheck): Call Test Case 'Test Cases/Mobile/Page/Login/Login' successfully

2022-02-14 22:44:46 - [TEST_STEP][PASSED] - callTestCase(findTestCase("Mobile/Page/Login/Login"), ["action":"username"], CONTINUE_ON_FAILURE): Call Test Case 'Test Cases/Mobile/Page/Login/Login' successfully

2022-02-14 22:44:47 - [TEST_CASE][PASSED] - Test Cases/Mobile/Page/Login/Login: Test Cases/Mobile/Page/Login/Login

2022-02-14 22:44:47 - [TEST_STEP][PASSED] - delay(2): Delayed 2 second(s)

2022-02-14 22:44:49 - [MESSAGE][PASSED] - Delayed 2 second(s)

2022-02-14 22:44:49 - [TEST_STEP][PASSED] - for ([i = 0, i < 1, (i++)]): null

2022-02-14 22:44:49 - [TEST_STEP][PASSED] - if (action == "username"): null

2022-02-14 22:44:49 - [TEST_STEP][PASSED] - tap(LOGN_EdtUserID, 0): Tapped on element 'Object Repository/Mobile/Page/Login/Input - UserID'

2022-02-14 22:44:49 - [MESSAGE][WARNING] - Timeout '0' is invalid. Using default page load timeout: '60'

2022-02-14 22:44:49 - [MESSAGE][PASSED] - Tapped on element 'Object Repository/Mobile/Page/Login/Input - UserID'

2022-02-14 22:44:49 - [TEST_STEP][PASSED] - delay(1): Delayed 1 second(s)

2022-02-14 22:44:50 - [MESSAGE][PASSED] - Delayed 1 second(s)

2022-02-14 22:44:50 - [TEST_STEP][PASSED] - setText(LOGN_EdtRdyUserID, "anggaaditya", 0): Text 'anggaaditya' has been set to element 'Object Repository/Mobile/Page/Login/Input Rdy - UserID'

2022-02-14 22:44:50 - [MESSAGE][WARNING] - Timeout '0' is invalid. Using default page load timeout: '60'

2022-02-14 22:44:51 - [MESSAGE][PASSED] - Text 'anggaaditya' has been set to element 'Object Repository/Mobile/Page/Login/Input Rdy - UserID'

2022-02-14 22:44:51 - [TEST_STEP][PASSED] - delay(1): Delayed 1 second(s)

2022-02-14 22:44:52 - [MESSAGE][PASSED] - Delayed 1 second(s)

2022-02-14 22:44:52 - [TEST_STEP][PASSED] - hideKeyboard(): Keyboard is hidden

2022-02-14 22:44:55 - [MESSAGE][PASSED] - Keyboard is hidden

2022-02-14 22:44:55 - [TEST_STEP][PASSED] - tap(LOGN_EdtPassword, 0): Tapped on element 'Object Repository/Mobile/Page/Login/Input - Password'

2022-02-14 22:44:55 - [MESSAGE][WARNING] - Timeout '0' is invalid. Using default page load timeout: '60'

2022-02-14 22:44:56 - [MESSAGE][PASSED] - Tapped on element 'Object Repository/Mobile/Page/Login/Input - Password'

2022-02-14 22:44:56 - [TEST_STEP][PASSED] - delay(1): Delayed 1 second(s)

2022-02-14 22:44:57 - [MESSAGE][PASSED] - Delayed 1 second(s)

2022-02-14 22:44:57 - [TEST_STEP][PASSED] - setText(LOGN_EdtRdyPassword, "Shalawa18", 0): Text 'Shalawa18' has been set to element 'Object Repository/Mobile/Page/Login/Input Rdy - Password'

2022-02-14 22:44:57 - [MESSAGE][WARNING] - Timeout '0' is invalid. Using default page load timeout: '60'

2022-02-14 22:44:57 - [MESSAGE][PASSED] - Text 'Shalawa18' has been set to element 'Object Repository/Mobile/Page/Login/Input Rdy - Password'

2022-02-14 22:44:57 - [TEST_STEP][PASSED] - delay(1): Delayed 1 second(s)

2022-02-14 22:44:59 - [MESSAGE][PASSED] - Delayed 1 second(s)

2022-02-14 22:44:59 - [TEST_STEP][PASSED] - hideKeyboard(): Keyboard is hidden

2022-02-14 22:45:05 - [MESSAGE][PASSED] - Keyboard is hidden

2022-02-14 22:45:05 - [TEST_STEP][PASSED] - tap(LOGN_BtnLogin, 0): Tapped on element 'Object Repository/Mobile/Page/Login/Button - Login'

2022-02-14 22:45:05 - [MESSAGE][WARNING] - Timeout '0' is invalid. Using default page load timeout: '60'

2022-02-14 22:45:06 - [MESSAGE][PASSED] - Tapped on element 'Object Repository/Mobile/Page/Login/Button - Login'

2022-02-14 22:45:06 - [TEST_STEP][PASSED] - delay(2): Delayed 2 second(s)

2022-02-14 22:45:08 - [MESSAGE][PASSED] - Delayed 2 second(s)

2022-02-14 22:45:08 - [TEST_STEP][PASSED] - break: null

2022-02-14 22:45:08 - [MESSAGE][PASSED] - Call Test Case 'Test Cases/Mobile/Page/Login/Login' successfully

2022-02-14 22:45:08 - [MESSAGE][PASSED] - Call Test Case 'Test Cases/Mobile/Page/CheckLogin' successfully

2022-02-14 22:45:08 - [TEST_STEP][PASSED] - tap(HOME_MenubarPortfolio, 0): Tapped on element 'Object Repository/Mobile/Page/Home/Menubar - Portfolio'

2022-02-14 22:45:08 - [MESSAGE][WARNING] - Timeout '0' is invalid. Using default page load timeout: '60'

2022-02-14 22:45:09 - [MESSAGE][PASSED] - Tapped on element 'Object Repository/Mobile/Page/Home/Menubar - Portfolio'

2022-02-14 22:45:09 - [TEST_STEP][PASSED] - delay(1): Delayed 1 second(s)

2022-02-14 22:45:10 - [MESSAGE][PASSED] - Delayed 1 second(s)

2022-02-14 22:45:10 - [TEST_STEP][PASSED] - for ([i = 0, i < 1, (i++)]): Delayed 3 second(s)

2022-02-14 22:45:10 - [TEST_STEP][PASSED] - if (tab == "summary"): null

2022-02-14 22:45:10 - [TEST_STEP][PASSED] - else if (tab == "stock"): Delayed 3 second(s)

2022-02-14 22:45:10 - [TEST_STEP][PASSED] - tap(PORT_TabStock, 0): Tapped on element 'Object Repository/Mobile/Page/Portfolio/Tab - Stock'

2022-02-14 22:45:10 - [MESSAGE][WARNING] - Timeout '0' is invalid. Using default page load timeout: '60'

2022-02-14 22:45:11 - [MESSAGE][PASSED] - Tapped on element 'Object Repository/Mobile/Page/Portfolio/Tab - Stock'

2022-02-14 22:45:11 - [TEST_STEP][PASSED] - scroll.scroll.scrollScreenBottomToTop(): scroll.scroll.scrollScreenBottomToTop is PASSED

2022-02-14 22:45:11 - [MESSAGE][PASSED] - Current device physical height is 1423

2022-02-14 22:45:12 - [MESSAGE][PASSED] - Current device physical width is 720

2022-02-14 22:45:13 - [MESSAGE][PASSED] - Swiped from 360,1,138 to 360,284

2022-02-14 22:45:13 - [MESSAGE][PASSED] - scroll.scroll.scrollScreenBottomToTop is PASSED

2022-02-14 22:45:13 - [TEST_STEP][PASSED] - delay(3): Delayed 3 second(s)

2022-02-14 22:45:16 - [MESSAGE][PASSED] - Delayed 3 second(s)

2022-02-14 22:45:16 - [MESSAGE][PASSED] - Call Test Case 'Test Cases/Mobile/Page/Portfolio/Portfolio' successfully

2022-02-14 22:45:16 - [TEST_STEP][PASSED] - callTestCase(findTestCase("Mobile/Page/Run App/Terminate App"), [:], STOP_ON_FAILURE): Call Test Case 'Test Cases/Mobile/Page/Run App/Terminate App' successfully

2022-02-14 22:45:16 - [TEST_CASE][PASSED] - Test Cases/Mobile/Page/Run App/Terminate App: Test Cases/Mobile/Page/Run App/Terminate App

2022-02-14 22:45:16 - [TEST_STEP][PASSED] - startApp.OpenApp.terminateApplication(): startApp.OpenApp.terminateApplication is PASSED

2022-02-14 22:45:19 - [MESSAGE][PASSED] - Delayed 3 second(s)

2022-02-14 22:45:19 - [MESSAGE][PASSED] - Current device physical width is 720

2022-02-14 22:45:19 - [MESSAGE][PASSED] - Current device physical height is 1423

2022-02-14 22:45:21 - [MESSAGE][PASSED] - Swiped from 360,853 to 360,142

2022-02-14 22:45:22 - [MESSAGE][PASSED] - Delayed 1 second(s)

2022-02-14 22:45:23 - [MESSAGE][PASSED] - Swiped from 360,853 to 360,142

2022-02-14 22:45:26 - [MESSAGE][PASSED] - Delayed 3 second(s)

2022-02-14 22:45:26 - [MESSAGE][PASSED] - startApp.OpenApp.terminateApplication is PASSED

2022-02-14 22:45:26 - [MESSAGE][PASSED] - Call Test Case 'Test Cases/Mobile/Page/Run App/Terminate App' successfully]]></system-out>
         <system-err><![CDATA[]]></system-err>
      </testcase>
      <testcase name="Test Cases/Mobile/Scenario/Portfolio/013 - Melihat detail mutual fund 1 month" time="64.168" classname="Test Cases/Mobile/Scenario/Portfolio/013 - Melihat detail mutual fund 1 month" status="PASSED">
         <system-out><![CDATA[2022-02-14 22:45:26 - [TEST_CASE][PASSED] - Test Cases/Mobile/Scenario/Portfolio/013 - Melihat detail mutual fund 1 month: Test Cases/Mobile/Scenario/Portfolio/013 - Melihat detail mutual fund 1 month

2022-02-14 22:45:26 - [TEST_STEP][PASSED] - callTestCase(findTestCase("Mobile/Page/Run App/Run App byID"), [:], STOP_ON_FAILURE): Call Test Case 'Test Cases/Mobile/Page/Run App/Run App byID' successfully

2022-02-14 22:45:26 - [TEST_CASE][PASSED] - Test Cases/Mobile/Page/Run App/Run App byID: Test Cases/Mobile/Page/Run App/Run App byID

2022-02-14 22:45:26 - [TEST_STEP][PASSED] - startApp.OpenApp.startApplication("id.co.miraeasset.sageclub"): startApp.OpenApp.startApplication is PASSED

2022-02-14 22:45:38 - [MESSAGE][PASSED] - Starting app with application ID: 'id.co.miraeasset.sageclub'

2022-02-14 22:45:38 - [MESSAGE][PASSED] - startApp.OpenApp.startApplication is PASSED

2022-02-14 22:45:38 - [MESSAGE][PASSED] - Call Test Case 'Test Cases/Mobile/Page/Run App/Run App byID' successfully

2022-02-14 22:45:38 - [TEST_STEP][PASSED] - callTestCase(findTestCase("Mobile/Page/Portfolio/Portfolio"), ["tab":"mutualfund", "action2":"1 month"], CONTINUE_ON_FAILURE): Call Test Case 'Test Cases/Mobile/Page/Portfolio/Portfolio' successfully

2022-02-14 22:45:39 - [TEST_CASE][PASSED] - Test Cases/Mobile/Page/Portfolio/Portfolio: Test Cases/Mobile/Page/Portfolio/Portfolio

2022-02-14 22:45:39 - [TEST_STEP][PASSED] - callTestCase(findTestCase("Mobile/Page/CheckLogin"), [:], CONTINUE_ON_FAILURE): Call Test Case 'Test Cases/Mobile/Page/CheckLogin' successfully

2022-02-14 22:45:39 - [TEST_CASE][PASSED] - Test Cases/Mobile/Page/CheckLogin: Test Cases/Mobile/Page/CheckLogin

2022-02-14 22:45:39 - [TEST_STEP][PASSED] - loginCheck = verifyElementExist(LOGN_BtnLogin, 5, CONTINUE_ON_FAILURE): Element 'Object Repository/Mobile/Page/Login/Button - Login' is exist

2022-02-14 22:45:41 - [MESSAGE][PASSED] - Element 'Object Repository/Mobile/Page/Login/Button - Login' is exist

2022-02-14 22:45:41 - [TEST_STEP][PASSED] - if (loginCheck): Call Test Case 'Test Cases/Mobile/Page/Login/Login' successfully

2022-02-14 22:45:41 - [TEST_STEP][PASSED] - callTestCase(findTestCase("Mobile/Page/Login/Login"), ["action":"username"], CONTINUE_ON_FAILURE): Call Test Case 'Test Cases/Mobile/Page/Login/Login' successfully

2022-02-14 22:45:41 - [TEST_CASE][PASSED] - Test Cases/Mobile/Page/Login/Login: Test Cases/Mobile/Page/Login/Login

2022-02-14 22:45:41 - [TEST_STEP][PASSED] - delay(2): Delayed 2 second(s)

2022-02-14 22:45:43 - [MESSAGE][PASSED] - Delayed 2 second(s)

2022-02-14 22:45:43 - [TEST_STEP][PASSED] - for ([i = 0, i < 1, (i++)]): null

2022-02-14 22:45:43 - [TEST_STEP][PASSED] - if (action == "username"): null

2022-02-14 22:45:43 - [TEST_STEP][PASSED] - tap(LOGN_EdtUserID, 0): Tapped on element 'Object Repository/Mobile/Page/Login/Input - UserID'

2022-02-14 22:45:43 - [MESSAGE][WARNING] - Timeout '0' is invalid. Using default page load timeout: '60'

2022-02-14 22:45:43 - [MESSAGE][PASSED] - Tapped on element 'Object Repository/Mobile/Page/Login/Input - UserID'

2022-02-14 22:45:43 - [TEST_STEP][PASSED] - delay(1): Delayed 1 second(s)

2022-02-14 22:45:44 - [MESSAGE][PASSED] - Delayed 1 second(s)

2022-02-14 22:45:44 - [TEST_STEP][PASSED] - setText(LOGN_EdtRdyUserID, "anggaaditya", 0): Text 'anggaaditya' has been set to element 'Object Repository/Mobile/Page/Login/Input Rdy - UserID'

2022-02-14 22:45:44 - [MESSAGE][WARNING] - Timeout '0' is invalid. Using default page load timeout: '60'

2022-02-14 22:45:45 - [MESSAGE][PASSED] - Text 'anggaaditya' has been set to element 'Object Repository/Mobile/Page/Login/Input Rdy - UserID'

2022-02-14 22:45:45 - [TEST_STEP][PASSED] - delay(1): Delayed 1 second(s)

2022-02-14 22:45:46 - [MESSAGE][PASSED] - Delayed 1 second(s)

2022-02-14 22:45:46 - [TEST_STEP][PASSED] - hideKeyboard(): Keyboard is hidden

2022-02-14 22:45:50 - [MESSAGE][PASSED] - Keyboard is hidden

2022-02-14 22:45:50 - [TEST_STEP][PASSED] - tap(LOGN_EdtPassword, 0): Tapped on element 'Object Repository/Mobile/Page/Login/Input - Password'

2022-02-14 22:45:50 - [MESSAGE][WARNING] - Timeout '0' is invalid. Using default page load timeout: '60'

2022-02-14 22:45:50 - [MESSAGE][PASSED] - Tapped on element 'Object Repository/Mobile/Page/Login/Input - Password'

2022-02-14 22:45:50 - [TEST_STEP][PASSED] - delay(1): Delayed 1 second(s)

2022-02-14 22:45:51 - [MESSAGE][PASSED] - Delayed 1 second(s)

2022-02-14 22:45:51 - [TEST_STEP][PASSED] - setText(LOGN_EdtRdyPassword, "Shalawa18", 0): Text 'Shalawa18' has been set to element 'Object Repository/Mobile/Page/Login/Input Rdy - Password'

2022-02-14 22:45:51 - [MESSAGE][WARNING] - Timeout '0' is invalid. Using default page load timeout: '60'

2022-02-14 22:45:52 - [MESSAGE][PASSED] - Text 'Shalawa18' has been set to element 'Object Repository/Mobile/Page/Login/Input Rdy - Password'

2022-02-14 22:45:52 - [TEST_STEP][PASSED] - delay(1): Delayed 1 second(s)

2022-02-14 22:45:53 - [MESSAGE][PASSED] - Delayed 1 second(s)

2022-02-14 22:45:53 - [TEST_STEP][PASSED] - hideKeyboard(): Keyboard is hidden

2022-02-14 22:45:59 - [MESSAGE][PASSED] - Keyboard is hidden

2022-02-14 22:45:59 - [TEST_STEP][PASSED] - tap(LOGN_BtnLogin, 0): Tapped on element 'Object Repository/Mobile/Page/Login/Button - Login'

2022-02-14 22:45:59 - [MESSAGE][WARNING] - Timeout '0' is invalid. Using default page load timeout: '60'

2022-02-14 22:46:00 - [MESSAGE][PASSED] - Tapped on element 'Object Repository/Mobile/Page/Login/Button - Login'

2022-02-14 22:46:00 - [TEST_STEP][PASSED] - delay(2): Delayed 2 second(s)

2022-02-14 22:46:02 - [MESSAGE][PASSED] - Delayed 2 second(s)

2022-02-14 22:46:02 - [TEST_STEP][PASSED] - break: null

2022-02-14 22:46:02 - [MESSAGE][PASSED] - Call Test Case 'Test Cases/Mobile/Page/Login/Login' successfully

2022-02-14 22:46:02 - [MESSAGE][PASSED] - Call Test Case 'Test Cases/Mobile/Page/CheckLogin' successfully

2022-02-14 22:46:02 - [TEST_STEP][PASSED] - tap(HOME_MenubarPortfolio, 0): Tapped on element 'Object Repository/Mobile/Page/Home/Menubar - Portfolio'

2022-02-14 22:46:02 - [MESSAGE][WARNING] - Timeout '0' is invalid. Using default page load timeout: '60'

2022-02-14 22:46:04 - [MESSAGE][PASSED] - Tapped on element 'Object Repository/Mobile/Page/Home/Menubar - Portfolio'

2022-02-14 22:46:04 - [TEST_STEP][PASSED] - delay(1): Delayed 1 second(s)

2022-02-14 22:46:05 - [MESSAGE][PASSED] - Delayed 1 second(s)

2022-02-14 22:46:05 - [TEST_STEP][PASSED] - for ([i = 0, i < 1, (i++)]): scroll.scroll.scrollScreenBottomToTop is PASSED

2022-02-14 22:46:05 - [TEST_STEP][PASSED] - if (tab == "summary"): null

2022-02-14 22:46:05 - [TEST_STEP][PASSED] - else if (tab == "stock"): null

2022-02-14 22:46:05 - [TEST_STEP][PASSED] - else if (tab == "mutualfund"): scroll.scroll.scrollScreenBottomToTop is PASSED

2022-02-14 22:46:05 - [TEST_STEP][PASSED] - tap(PORT_TabMutualFund, 0): Tapped on element 'Object Repository/Mobile/Page/Portfolio/Tab - Mutual Fund'

2022-02-14 22:46:05 - [MESSAGE][WARNING] - Timeout '0' is invalid. Using default page load timeout: '60'

2022-02-14 22:46:06 - [MESSAGE][PASSED] - Tapped on element 'Object Repository/Mobile/Page/Portfolio/Tab - Mutual Fund'

2022-02-14 22:46:06 - [TEST_STEP][PASSED] - delay(1): Delayed 1 second(s)

2022-02-14 22:46:07 - [MESSAGE][PASSED] - Delayed 1 second(s)

2022-02-14 22:46:07 - [TEST_STEP][PASSED] - try: scroll.scroll.scrollScreenBottomToTop is PASSED

2022-02-14 22:46:07 - [TEST_STEP][PASSED] - tapAndHold(PORT_ItemTopMutualFund, 1, 10): Tapped and held on element 'Object Repository/Mobile/Page/Portfolio/Item - Top Mutual Fund' with duration 1

2022-02-14 22:46:10 - [MESSAGE][PASSED] - Tapped and held on element 'Object Repository/Mobile/Page/Portfolio/Item - Top Mutual Fund' with duration 1

2022-02-14 22:46:10 - [TEST_STEP][PASSED] - delay(2): Delayed 2 second(s)

2022-02-14 22:46:12 - [MESSAGE][PASSED] - Delayed 2 second(s)

2022-02-14 22:46:12 - [TEST_STEP][PASSED] - switch (action2): null

2022-02-14 22:46:12 - [TEST_STEP][PASSED] - case "1 month":: null

2022-02-14 22:46:12 - [TEST_STEP][PASSED] - tapAndHold(PORT_DETL_Btn1Month, 1, 0): Tapped and held on element 'Object Repository/Mobile/Page/Portfolio/Detail Mutual Funds/Button - 1 Month' with duration 1

2022-02-14 22:46:12 - [MESSAGE][WARNING] - Timeout '0' is invalid. Using default page load timeout: '60'

2022-02-14 22:46:15 - [MESSAGE][PASSED] - Tapped and held on element 'Object Repository/Mobile/Page/Portfolio/Detail Mutual Funds/Button - 1 Month' with duration 1

2022-02-14 22:46:15 - [TEST_STEP][PASSED] - break: null

2022-02-14 22:46:15 - [TEST_STEP][PASSED] - delay(3): Delayed 3 second(s)

2022-02-14 22:46:18 - [MESSAGE][PASSED] - Delayed 3 second(s)

2022-02-14 22:46:18 - [TEST_STEP][PASSED] - scroll.scroll.scrollScreenBottomToTop(): scroll.scroll.scrollScreenBottomToTop is PASSED

2022-02-14 22:46:19 - [MESSAGE][PASSED] - Current device physical height is 1423

2022-02-14 22:46:19 - [MESSAGE][PASSED] - Current device physical width is 720

2022-02-14 22:46:20 - [MESSAGE][PASSED] - Swiped from 360,1,138 to 360,284

2022-02-14 22:46:20 - [MESSAGE][PASSED] - scroll.scroll.scrollScreenBottomToTop is PASSED

2022-02-14 22:46:20 - [MESSAGE][PASSED] - Call Test Case 'Test Cases/Mobile/Page/Portfolio/Portfolio' successfully

2022-02-14 22:46:20 - [TEST_STEP][PASSED] - callTestCase(findTestCase("Mobile/Page/Run App/Terminate App"), [:], STOP_ON_FAILURE): Call Test Case 'Test Cases/Mobile/Page/Run App/Terminate App' successfully

2022-02-14 22:46:20 - [TEST_CASE][PASSED] - Test Cases/Mobile/Page/Run App/Terminate App: Test Cases/Mobile/Page/Run App/Terminate App

2022-02-14 22:46:20 - [TEST_STEP][PASSED] - startApp.OpenApp.terminateApplication(): startApp.OpenApp.terminateApplication is PASSED

2022-02-14 22:46:23 - [MESSAGE][PASSED] - Delayed 3 second(s)

2022-02-14 22:46:23 - [MESSAGE][PASSED] - Current device physical width is 720

2022-02-14 22:46:24 - [MESSAGE][PASSED] - Current device physical height is 1423

2022-02-14 22:46:25 - [MESSAGE][PASSED] - Swiped from 360,853 to 360,142

2022-02-14 22:46:26 - [MESSAGE][PASSED] - Delayed 1 second(s)

2022-02-14 22:46:27 - [MESSAGE][PASSED] - Swiped from 360,853 to 360,142

2022-02-14 22:46:30 - [MESSAGE][PASSED] - Delayed 3 second(s)

2022-02-14 22:46:30 - [MESSAGE][PASSED] - startApp.OpenApp.terminateApplication is PASSED

2022-02-14 22:46:30 - [MESSAGE][PASSED] - Call Test Case 'Test Cases/Mobile/Page/Run App/Terminate App' successfully]]></system-out>
         <system-err><![CDATA[]]></system-err>
      </testcase>
      <testcase name="Test Cases/Mobile/Scenario/Portfolio/014 - Melihat detail mutual fund 3 month" time="63.111" classname="Test Cases/Mobile/Scenario/Portfolio/014 - Melihat detail mutual fund 3 month" status="PASSED">
         <system-out><![CDATA[2022-02-14 22:46:30 - [TEST_CASE][PASSED] - Test Cases/Mobile/Scenario/Portfolio/014 - Melihat detail mutual fund 3 month: Test Cases/Mobile/Scenario/Portfolio/014 - Melihat detail mutual fund 3 month

2022-02-14 22:46:30 - [TEST_STEP][PASSED] - callTestCase(findTestCase("Mobile/Page/Run App/Run App byID"), [:], STOP_ON_FAILURE): Call Test Case 'Test Cases/Mobile/Page/Run App/Run App byID' successfully

2022-02-14 22:46:31 - [TEST_CASE][PASSED] - Test Cases/Mobile/Page/Run App/Run App byID: Test Cases/Mobile/Page/Run App/Run App byID

2022-02-14 22:46:31 - [TEST_STEP][PASSED] - startApp.OpenApp.startApplication("id.co.miraeasset.sageclub"): startApp.OpenApp.startApplication is PASSED

2022-02-14 22:46:43 - [MESSAGE][PASSED] - Starting app with application ID: 'id.co.miraeasset.sageclub'

2022-02-14 22:46:43 - [MESSAGE][PASSED] - startApp.OpenApp.startApplication is PASSED

2022-02-14 22:46:43 - [MESSAGE][PASSED] - Call Test Case 'Test Cases/Mobile/Page/Run App/Run App byID' successfully

2022-02-14 22:46:43 - [TEST_STEP][PASSED] - callTestCase(findTestCase("Mobile/Page/Portfolio/Portfolio"), ["tab":"mutualfund", "action2":"3 month"], CONTINUE_ON_FAILURE): Call Test Case 'Test Cases/Mobile/Page/Portfolio/Portfolio' successfully

2022-02-14 22:46:43 - [TEST_CASE][PASSED] - Test Cases/Mobile/Page/Portfolio/Portfolio: Test Cases/Mobile/Page/Portfolio/Portfolio

2022-02-14 22:46:43 - [TEST_STEP][PASSED] - callTestCase(findTestCase("Mobile/Page/CheckLogin"), [:], CONTINUE_ON_FAILURE): Call Test Case 'Test Cases/Mobile/Page/CheckLogin' successfully

2022-02-14 22:46:43 - [TEST_CASE][PASSED] - Test Cases/Mobile/Page/CheckLogin: Test Cases/Mobile/Page/CheckLogin

2022-02-14 22:46:43 - [TEST_STEP][PASSED] - loginCheck = verifyElementExist(LOGN_BtnLogin, 5, CONTINUE_ON_FAILURE): Element 'Object Repository/Mobile/Page/Login/Button - Login' is exist

2022-02-14 22:46:45 - [MESSAGE][PASSED] - Element 'Object Repository/Mobile/Page/Login/Button - Login' is exist

2022-02-14 22:46:45 - [TEST_STEP][PASSED] - if (loginCheck): Call Test Case 'Test Cases/Mobile/Page/Login/Login' successfully

2022-02-14 22:46:45 - [TEST_STEP][PASSED] - callTestCase(findTestCase("Mobile/Page/Login/Login"), ["action":"username"], CONTINUE_ON_FAILURE): Call Test Case 'Test Cases/Mobile/Page/Login/Login' successfully

2022-02-14 22:46:45 - [TEST_CASE][PASSED] - Test Cases/Mobile/Page/Login/Login: Test Cases/Mobile/Page/Login/Login

2022-02-14 22:46:45 - [TEST_STEP][PASSED] - delay(2): Delayed 2 second(s)

2022-02-14 22:46:47 - [MESSAGE][PASSED] - Delayed 2 second(s)

2022-02-14 22:46:47 - [TEST_STEP][PASSED] - for ([i = 0, i < 1, (i++)]): null

2022-02-14 22:46:47 - [TEST_STEP][PASSED] - if (action == "username"): null

2022-02-14 22:46:47 - [TEST_STEP][PASSED] - tap(LOGN_EdtUserID, 0): Tapped on element 'Object Repository/Mobile/Page/Login/Input - UserID'

2022-02-14 22:46:47 - [MESSAGE][WARNING] - Timeout '0' is invalid. Using default page load timeout: '60'

2022-02-14 22:46:47 - [MESSAGE][PASSED] - Tapped on element 'Object Repository/Mobile/Page/Login/Input - UserID'

2022-02-14 22:46:47 - [TEST_STEP][PASSED] - delay(1): Delayed 1 second(s)

2022-02-14 22:46:48 - [MESSAGE][PASSED] - Delayed 1 second(s)

2022-02-14 22:46:48 - [TEST_STEP][PASSED] - setText(LOGN_EdtRdyUserID, "anggaaditya", 0): Text 'anggaaditya' has been set to element 'Object Repository/Mobile/Page/Login/Input Rdy - UserID'

2022-02-14 22:46:48 - [MESSAGE][WARNING] - Timeout '0' is invalid. Using default page load timeout: '60'

2022-02-14 22:46:49 - [MESSAGE][PASSED] - Text 'anggaaditya' has been set to element 'Object Repository/Mobile/Page/Login/Input Rdy - UserID'

2022-02-14 22:46:49 - [TEST_STEP][PASSED] - delay(1): Delayed 1 second(s)

2022-02-14 22:46:50 - [MESSAGE][PASSED] - Delayed 1 second(s)

2022-02-14 22:46:50 - [TEST_STEP][PASSED] - hideKeyboard(): Keyboard is hidden

2022-02-14 22:46:54 - [MESSAGE][PASSED] - Keyboard is hidden

2022-02-14 22:46:54 - [TEST_STEP][PASSED] - tap(LOGN_EdtPassword, 0): Tapped on element 'Object Repository/Mobile/Page/Login/Input - Password'

2022-02-14 22:46:54 - [MESSAGE][WARNING] - Timeout '0' is invalid. Using default page load timeout: '60'

2022-02-14 22:46:54 - [MESSAGE][PASSED] - Tapped on element 'Object Repository/Mobile/Page/Login/Input - Password'

2022-02-14 22:46:54 - [TEST_STEP][PASSED] - delay(1): Delayed 1 second(s)

2022-02-14 22:46:55 - [MESSAGE][PASSED] - Delayed 1 second(s)

2022-02-14 22:46:55 - [TEST_STEP][PASSED] - setText(LOGN_EdtRdyPassword, "Shalawa18", 0): Text 'Shalawa18' has been set to element 'Object Repository/Mobile/Page/Login/Input Rdy - Password'

2022-02-14 22:46:55 - [MESSAGE][WARNING] - Timeout '0' is invalid. Using default page load timeout: '60'

2022-02-14 22:46:56 - [MESSAGE][PASSED] - Text 'Shalawa18' has been set to element 'Object Repository/Mobile/Page/Login/Input Rdy - Password'

2022-02-14 22:46:56 - [TEST_STEP][PASSED] - delay(1): Delayed 1 second(s)

2022-02-14 22:46:57 - [MESSAGE][PASSED] - Delayed 1 second(s)

2022-02-14 22:46:57 - [TEST_STEP][PASSED] - hideKeyboard(): Keyboard is hidden

2022-02-14 22:47:03 - [MESSAGE][PASSED] - Keyboard is hidden

2022-02-14 22:47:03 - [TEST_STEP][PASSED] - tap(LOGN_BtnLogin, 0): Tapped on element 'Object Repository/Mobile/Page/Login/Button - Login'

2022-02-14 22:47:03 - [MESSAGE][WARNING] - Timeout '0' is invalid. Using default page load timeout: '60'

2022-02-14 22:47:04 - [MESSAGE][PASSED] - Tapped on element 'Object Repository/Mobile/Page/Login/Button - Login'

2022-02-14 22:47:04 - [TEST_STEP][PASSED] - delay(2): Delayed 2 second(s)

2022-02-14 22:47:06 - [MESSAGE][PASSED] - Delayed 2 second(s)

2022-02-14 22:47:06 - [TEST_STEP][PASSED] - break: null

2022-02-14 22:47:06 - [MESSAGE][PASSED] - Call Test Case 'Test Cases/Mobile/Page/Login/Login' successfully

2022-02-14 22:47:06 - [MESSAGE][PASSED] - Call Test Case 'Test Cases/Mobile/Page/CheckLogin' successfully

2022-02-14 22:47:06 - [TEST_STEP][PASSED] - tap(HOME_MenubarPortfolio, 0): Tapped on element 'Object Repository/Mobile/Page/Home/Menubar - Portfolio'

2022-02-14 22:47:06 - [MESSAGE][WARNING] - Timeout '0' is invalid. Using default page load timeout: '60'

2022-02-14 22:47:07 - [MESSAGE][PASSED] - Tapped on element 'Object Repository/Mobile/Page/Home/Menubar - Portfolio'

2022-02-14 22:47:07 - [TEST_STEP][PASSED] - delay(1): Delayed 1 second(s)

2022-02-14 22:47:08 - [MESSAGE][PASSED] - Delayed 1 second(s)

2022-02-14 22:47:08 - [TEST_STEP][PASSED] - for ([i = 0, i < 1, (i++)]): scroll.scroll.scrollScreenBottomToTop is PASSED

2022-02-14 22:47:08 - [TEST_STEP][PASSED] - if (tab == "summary"): null

2022-02-14 22:47:08 - [TEST_STEP][PASSED] - else if (tab == "stock"): null

2022-02-14 22:47:08 - [TEST_STEP][PASSED] - else if (tab == "mutualfund"): scroll.scroll.scrollScreenBottomToTop is PASSED

2022-02-14 22:47:08 - [TEST_STEP][PASSED] - tap(PORT_TabMutualFund, 0): Tapped on element 'Object Repository/Mobile/Page/Portfolio/Tab - Mutual Fund'

2022-02-14 22:47:08 - [MESSAGE][WARNING] - Timeout '0' is invalid. Using default page load timeout: '60'

2022-02-14 22:47:10 - [MESSAGE][PASSED] - Tapped on element 'Object Repository/Mobile/Page/Portfolio/Tab - Mutual Fund'

2022-02-14 22:47:10 - [TEST_STEP][PASSED] - delay(1): Delayed 1 second(s)

2022-02-14 22:47:11 - [MESSAGE][PASSED] - Delayed 1 second(s)

2022-02-14 22:47:11 - [TEST_STEP][PASSED] - try: scroll.scroll.scrollScreenBottomToTop is PASSED

2022-02-14 22:47:11 - [TEST_STEP][PASSED] - tapAndHold(PORT_ItemTopMutualFund, 1, 10): Tapped and held on element 'Object Repository/Mobile/Page/Portfolio/Item - Top Mutual Fund' with duration 1

2022-02-14 22:47:14 - [MESSAGE][PASSED] - Tapped and held on element 'Object Repository/Mobile/Page/Portfolio/Item - Top Mutual Fund' with duration 1

2022-02-14 22:47:14 - [TEST_STEP][PASSED] - delay(2): Delayed 2 second(s)

2022-02-14 22:47:16 - [MESSAGE][PASSED] - Delayed 2 second(s)

2022-02-14 22:47:16 - [TEST_STEP][PASSED] - switch (action2): null

2022-02-14 22:47:16 - [TEST_STEP][PASSED] - case "3 month":: null

2022-02-14 22:47:16 - [TEST_STEP][PASSED] - tapAndHold(PORT_DETL_Btn3Month, 1, 0): Tapped and held on element 'Object Repository/Mobile/Page/Portfolio/Detail Mutual Funds/Button - 3 Month' with duration 1

2022-02-14 22:47:16 - [MESSAGE][WARNING] - Timeout '0' is invalid. Using default page load timeout: '60'

2022-02-14 22:47:18 - [MESSAGE][PASSED] - Tapped and held on element 'Object Repository/Mobile/Page/Portfolio/Detail Mutual Funds/Button - 3 Month' with duration 1

2022-02-14 22:47:18 - [TEST_STEP][PASSED] - break: null

2022-02-14 22:47:18 - [TEST_STEP][PASSED] - delay(3): Delayed 3 second(s)

2022-02-14 22:47:21 - [MESSAGE][PASSED] - Delayed 3 second(s)

2022-02-14 22:47:21 - [TEST_STEP][PASSED] - scroll.scroll.scrollScreenBottomToTop(): scroll.scroll.scrollScreenBottomToTop is PASSED

2022-02-14 22:47:22 - [MESSAGE][PASSED] - Current device physical height is 1423

2022-02-14 22:47:22 - [MESSAGE][PASSED] - Current device physical width is 720

2022-02-14 22:47:23 - [MESSAGE][PASSED] - Swiped from 360,1,138 to 360,284

2022-02-14 22:47:23 - [MESSAGE][PASSED] - scroll.scroll.scrollScreenBottomToTop is PASSED

2022-02-14 22:47:23 - [MESSAGE][PASSED] - Call Test Case 'Test Cases/Mobile/Page/Portfolio/Portfolio' successfully

2022-02-14 22:47:23 - [TEST_STEP][PASSED] - callTestCase(findTestCase("Mobile/Page/Run App/Terminate App"), [:], STOP_ON_FAILURE): Call Test Case 'Test Cases/Mobile/Page/Run App/Terminate App' successfully

2022-02-14 22:47:23 - [TEST_CASE][PASSED] - Test Cases/Mobile/Page/Run App/Terminate App: Test Cases/Mobile/Page/Run App/Terminate App

2022-02-14 22:47:23 - [TEST_STEP][PASSED] - startApp.OpenApp.terminateApplication(): startApp.OpenApp.terminateApplication is PASSED

2022-02-14 22:47:26 - [MESSAGE][PASSED] - Delayed 3 second(s)

2022-02-14 22:47:26 - [MESSAGE][PASSED] - Current device physical width is 720

2022-02-14 22:47:27 - [MESSAGE][PASSED] - Current device physical height is 1423

2022-02-14 22:47:28 - [MESSAGE][PASSED] - Swiped from 360,853 to 360,142

2022-02-14 22:47:29 - [MESSAGE][PASSED] - Delayed 1 second(s)

2022-02-14 22:47:30 - [MESSAGE][PASSED] - Swiped from 360,853 to 360,142

2022-02-14 22:47:33 - [MESSAGE][PASSED] - Delayed 3 second(s)

2022-02-14 22:47:33 - [MESSAGE][PASSED] - startApp.OpenApp.terminateApplication is PASSED

2022-02-14 22:47:33 - [MESSAGE][PASSED] - Call Test Case 'Test Cases/Mobile/Page/Run App/Terminate App' successfully]]></system-out>
         <system-err><![CDATA[]]></system-err>
      </testcase>
      <testcase name="Test Cases/Mobile/Scenario/Portfolio/015 - Melihat detail mutual fund 6 month" time="62.863" classname="Test Cases/Mobile/Scenario/Portfolio/015 - Melihat detail mutual fund 6 month" status="PASSED">
         <system-out><![CDATA[2022-02-14 22:47:33 - [TEST_CASE][PASSED] - Test Cases/Mobile/Scenario/Portfolio/015 - Melihat detail mutual fund 6 month: Test Cases/Mobile/Scenario/Portfolio/015 - Melihat detail mutual fund 6 month

2022-02-14 22:47:34 - [TEST_STEP][PASSED] - callTestCase(findTestCase("Mobile/Page/Run App/Run App byID"), [:], STOP_ON_FAILURE): Call Test Case 'Test Cases/Mobile/Page/Run App/Run App byID' successfully

2022-02-14 22:47:34 - [TEST_CASE][PASSED] - Test Cases/Mobile/Page/Run App/Run App byID: Test Cases/Mobile/Page/Run App/Run App byID

2022-02-14 22:47:34 - [TEST_STEP][PASSED] - startApp.OpenApp.startApplication("id.co.miraeasset.sageclub"): startApp.OpenApp.startApplication is PASSED

2022-02-14 22:47:46 - [MESSAGE][PASSED] - Starting app with application ID: 'id.co.miraeasset.sageclub'

2022-02-14 22:47:46 - [MESSAGE][PASSED] - startApp.OpenApp.startApplication is PASSED

2022-02-14 22:47:46 - [MESSAGE][PASSED] - Call Test Case 'Test Cases/Mobile/Page/Run App/Run App byID' successfully

2022-02-14 22:47:46 - [TEST_STEP][PASSED] - callTestCase(findTestCase("Mobile/Page/Portfolio/Portfolio"), ["tab":"mutualfund", "action2":"6 month"], CONTINUE_ON_FAILURE): Call Test Case 'Test Cases/Mobile/Page/Portfolio/Portfolio' successfully

2022-02-14 22:47:46 - [TEST_CASE][PASSED] - Test Cases/Mobile/Page/Portfolio/Portfolio: Test Cases/Mobile/Page/Portfolio/Portfolio

2022-02-14 22:47:46 - [TEST_STEP][PASSED] - callTestCase(findTestCase("Mobile/Page/CheckLogin"), [:], CONTINUE_ON_FAILURE): Call Test Case 'Test Cases/Mobile/Page/CheckLogin' successfully

2022-02-14 22:47:46 - [TEST_CASE][PASSED] - Test Cases/Mobile/Page/CheckLogin: Test Cases/Mobile/Page/CheckLogin

2022-02-14 22:47:46 - [TEST_STEP][PASSED] - loginCheck = verifyElementExist(LOGN_BtnLogin, 5, CONTINUE_ON_FAILURE): Element 'Object Repository/Mobile/Page/Login/Button - Login' is exist

2022-02-14 22:47:48 - [MESSAGE][PASSED] - Element 'Object Repository/Mobile/Page/Login/Button - Login' is exist

2022-02-14 22:47:48 - [TEST_STEP][PASSED] - if (loginCheck): Call Test Case 'Test Cases/Mobile/Page/Login/Login' successfully

2022-02-14 22:47:48 - [TEST_STEP][PASSED] - callTestCase(findTestCase("Mobile/Page/Login/Login"), ["action":"username"], CONTINUE_ON_FAILURE): Call Test Case 'Test Cases/Mobile/Page/Login/Login' successfully

2022-02-14 22:47:48 - [TEST_CASE][PASSED] - Test Cases/Mobile/Page/Login/Login: Test Cases/Mobile/Page/Login/Login

2022-02-14 22:47:48 - [TEST_STEP][PASSED] - delay(2): Delayed 2 second(s)

2022-02-14 22:47:50 - [MESSAGE][PASSED] - Delayed 2 second(s)

2022-02-14 22:47:50 - [TEST_STEP][PASSED] - for ([i = 0, i < 1, (i++)]): null

2022-02-14 22:47:50 - [TEST_STEP][PASSED] - if (action == "username"): null

2022-02-14 22:47:50 - [TEST_STEP][PASSED] - tap(LOGN_EdtUserID, 0): Tapped on element 'Object Repository/Mobile/Page/Login/Input - UserID'

2022-02-14 22:47:50 - [MESSAGE][WARNING] - Timeout '0' is invalid. Using default page load timeout: '60'

2022-02-14 22:47:50 - [MESSAGE][PASSED] - Tapped on element 'Object Repository/Mobile/Page/Login/Input - UserID'

2022-02-14 22:47:50 - [TEST_STEP][PASSED] - delay(1): Delayed 1 second(s)

2022-02-14 22:47:51 - [MESSAGE][PASSED] - Delayed 1 second(s)

2022-02-14 22:47:51 - [TEST_STEP][PASSED] - setText(LOGN_EdtRdyUserID, "anggaaditya", 0): Text 'anggaaditya' has been set to element 'Object Repository/Mobile/Page/Login/Input Rdy - UserID'

2022-02-14 22:47:51 - [MESSAGE][WARNING] - Timeout '0' is invalid. Using default page load timeout: '60'

2022-02-14 22:47:52 - [MESSAGE][PASSED] - Text 'anggaaditya' has been set to element 'Object Repository/Mobile/Page/Login/Input Rdy - UserID'

2022-02-14 22:47:52 - [TEST_STEP][PASSED] - delay(1): Delayed 1 second(s)

2022-02-14 22:47:53 - [MESSAGE][PASSED] - Delayed 1 second(s)

2022-02-14 22:47:53 - [TEST_STEP][PASSED] - hideKeyboard(): Keyboard is hidden

2022-02-14 22:47:56 - [MESSAGE][PASSED] - Keyboard is hidden

2022-02-14 22:47:56 - [TEST_STEP][PASSED] - tap(LOGN_EdtPassword, 0): Tapped on element 'Object Repository/Mobile/Page/Login/Input - Password'

2022-02-14 22:47:56 - [MESSAGE][WARNING] - Timeout '0' is invalid. Using default page load timeout: '60'

2022-02-14 22:47:57 - [MESSAGE][PASSED] - Tapped on element 'Object Repository/Mobile/Page/Login/Input - Password'

2022-02-14 22:47:57 - [TEST_STEP][PASSED] - delay(1): Delayed 1 second(s)

2022-02-14 22:47:58 - [MESSAGE][PASSED] - Delayed 1 second(s)

2022-02-14 22:47:58 - [TEST_STEP][PASSED] - setText(LOGN_EdtRdyPassword, "Shalawa18", 0): Text 'Shalawa18' has been set to element 'Object Repository/Mobile/Page/Login/Input Rdy - Password'

2022-02-14 22:47:58 - [MESSAGE][WARNING] - Timeout '0' is invalid. Using default page load timeout: '60'

2022-02-14 22:47:59 - [MESSAGE][PASSED] - Text 'Shalawa18' has been set to element 'Object Repository/Mobile/Page/Login/Input Rdy - Password'

2022-02-14 22:47:59 - [TEST_STEP][PASSED] - delay(1): Delayed 1 second(s)

2022-02-14 22:48:00 - [MESSAGE][PASSED] - Delayed 1 second(s)

2022-02-14 22:48:00 - [TEST_STEP][PASSED] - hideKeyboard(): Keyboard is hidden

2022-02-14 22:48:06 - [MESSAGE][PASSED] - Keyboard is hidden

2022-02-14 22:48:06 - [TEST_STEP][PASSED] - tap(LOGN_BtnLogin, 0): Tapped on element 'Object Repository/Mobile/Page/Login/Button - Login'

2022-02-14 22:48:06 - [MESSAGE][WARNING] - Timeout '0' is invalid. Using default page load timeout: '60'

2022-02-14 22:48:07 - [MESSAGE][PASSED] - Tapped on element 'Object Repository/Mobile/Page/Login/Button - Login'

2022-02-14 22:48:07 - [TEST_STEP][PASSED] - delay(2): Delayed 2 second(s)

2022-02-14 22:48:09 - [MESSAGE][PASSED] - Delayed 2 second(s)

2022-02-14 22:48:09 - [TEST_STEP][PASSED] - break: null

2022-02-14 22:48:09 - [MESSAGE][PASSED] - Call Test Case 'Test Cases/Mobile/Page/Login/Login' successfully

2022-02-14 22:48:09 - [MESSAGE][PASSED] - Call Test Case 'Test Cases/Mobile/Page/CheckLogin' successfully

2022-02-14 22:48:09 - [TEST_STEP][PASSED] - tap(HOME_MenubarPortfolio, 0): Tapped on element 'Object Repository/Mobile/Page/Home/Menubar - Portfolio'

2022-02-14 22:48:09 - [MESSAGE][WARNING] - Timeout '0' is invalid. Using default page load timeout: '60'

2022-02-14 22:48:10 - [MESSAGE][PASSED] - Tapped on element 'Object Repository/Mobile/Page/Home/Menubar - Portfolio'

2022-02-14 22:48:10 - [TEST_STEP][PASSED] - delay(1): Delayed 1 second(s)

2022-02-14 22:48:11 - [MESSAGE][PASSED] - Delayed 1 second(s)

2022-02-14 22:48:11 - [TEST_STEP][PASSED] - for ([i = 0, i < 1, (i++)]): scroll.scroll.scrollScreenBottomToTop is PASSED

2022-02-14 22:48:11 - [TEST_STEP][PASSED] - if (tab == "summary"): null

2022-02-14 22:48:11 - [TEST_STEP][PASSED] - else if (tab == "stock"): null

2022-02-14 22:48:11 - [TEST_STEP][PASSED] - else if (tab == "mutualfund"): scroll.scroll.scrollScreenBottomToTop is PASSED

2022-02-14 22:48:11 - [TEST_STEP][PASSED] - tap(PORT_TabMutualFund, 0): Tapped on element 'Object Repository/Mobile/Page/Portfolio/Tab - Mutual Fund'

2022-02-14 22:48:11 - [MESSAGE][WARNING] - Timeout '0' is invalid. Using default page load timeout: '60'

2022-02-14 22:48:12 - [MESSAGE][PASSED] - Tapped on element 'Object Repository/Mobile/Page/Portfolio/Tab - Mutual Fund'

2022-02-14 22:48:12 - [TEST_STEP][PASSED] - delay(1): Delayed 1 second(s)

2022-02-14 22:48:13 - [MESSAGE][PASSED] - Delayed 1 second(s)

2022-02-14 22:48:13 - [TEST_STEP][PASSED] - try: scroll.scroll.scrollScreenBottomToTop is PASSED

2022-02-14 22:48:13 - [TEST_STEP][PASSED] - tapAndHold(PORT_ItemTopMutualFund, 1, 10): Tapped and held on element 'Object Repository/Mobile/Page/Portfolio/Item - Top Mutual Fund' with duration 1

2022-02-14 22:48:16 - [MESSAGE][PASSED] - Tapped and held on element 'Object Repository/Mobile/Page/Portfolio/Item - Top Mutual Fund' with duration 1

2022-02-14 22:48:16 - [TEST_STEP][PASSED] - delay(2): Delayed 2 second(s)

2022-02-14 22:48:18 - [MESSAGE][PASSED] - Delayed 2 second(s)

2022-02-14 22:48:18 - [TEST_STEP][PASSED] - switch (action2): null

2022-02-14 22:48:18 - [TEST_STEP][PASSED] - case "6 month":: null

2022-02-14 22:48:18 - [TEST_STEP][PASSED] - tapAndHold(PORT_DETL_Btn6Month, 1, 0): Tapped and held on element 'Object Repository/Mobile/Page/Portfolio/Detail Mutual Funds/Button - 6 Month' with duration 1

2022-02-14 22:48:18 - [MESSAGE][WARNING] - Timeout '0' is invalid. Using default page load timeout: '60'

2022-02-14 22:48:21 - [MESSAGE][PASSED] - Tapped and held on element 'Object Repository/Mobile/Page/Portfolio/Detail Mutual Funds/Button - 6 Month' with duration 1

2022-02-14 22:48:21 - [TEST_STEP][PASSED] - break: null

2022-02-14 22:48:21 - [TEST_STEP][PASSED] - delay(3): Delayed 3 second(s)

2022-02-14 22:48:24 - [MESSAGE][PASSED] - Delayed 3 second(s)

2022-02-14 22:48:24 - [TEST_STEP][PASSED] - scroll.scroll.scrollScreenBottomToTop(): scroll.scroll.scrollScreenBottomToTop is PASSED

2022-02-14 22:48:25 - [MESSAGE][PASSED] - Current device physical height is 1423

2022-02-14 22:48:25 - [MESSAGE][PASSED] - Current device physical width is 720

2022-02-14 22:48:26 - [MESSAGE][PASSED] - Swiped from 360,1,138 to 360,284

2022-02-14 22:48:26 - [MESSAGE][PASSED] - scroll.scroll.scrollScreenBottomToTop is PASSED

2022-02-14 22:48:26 - [MESSAGE][PASSED] - Call Test Case 'Test Cases/Mobile/Page/Portfolio/Portfolio' successfully

2022-02-14 22:48:26 - [TEST_STEP][PASSED] - callTestCase(findTestCase("Mobile/Page/Run App/Terminate App"), [:], STOP_ON_FAILURE): Call Test Case 'Test Cases/Mobile/Page/Run App/Terminate App' successfully

2022-02-14 22:48:26 - [TEST_CASE][PASSED] - Test Cases/Mobile/Page/Run App/Terminate App: Test Cases/Mobile/Page/Run App/Terminate App

2022-02-14 22:48:26 - [TEST_STEP][PASSED] - startApp.OpenApp.terminateApplication(): startApp.OpenApp.terminateApplication is PASSED

2022-02-14 22:48:29 - [MESSAGE][PASSED] - Delayed 3 second(s)

2022-02-14 22:48:29 - [MESSAGE][PASSED] - Current device physical width is 720

2022-02-14 22:48:30 - [MESSAGE][PASSED] - Current device physical height is 1423

2022-02-14 22:48:31 - [MESSAGE][PASSED] - Swiped from 360,853 to 360,142

2022-02-14 22:48:32 - [MESSAGE][PASSED] - Delayed 1 second(s)

2022-02-14 22:48:33 - [MESSAGE][PASSED] - Swiped from 360,853 to 360,142

2022-02-14 22:48:36 - [MESSAGE][PASSED] - Delayed 3 second(s)

2022-02-14 22:48:36 - [MESSAGE][PASSED] - startApp.OpenApp.terminateApplication is PASSED

2022-02-14 22:48:36 - [MESSAGE][PASSED] - Call Test Case 'Test Cases/Mobile/Page/Run App/Terminate App' successfully]]></system-out>
         <system-err><![CDATA[]]></system-err>
      </testcase>
      <testcase name="Test Cases/Mobile/Scenario/Portfolio/016 - Melihat detail mutual fund 1 year" time="63.473" classname="Test Cases/Mobile/Scenario/Portfolio/016 - Melihat detail mutual fund 1 year" status="PASSED">
         <system-out><![CDATA[2022-02-14 22:48:36 - [TEST_CASE][PASSED] - Test Cases/Mobile/Scenario/Portfolio/016 - Melihat detail mutual fund 1 year: Test Cases/Mobile/Scenario/Portfolio/016 - Melihat detail mutual fund 1 year

2022-02-14 22:48:36 - [TEST_STEP][PASSED] - callTestCase(findTestCase("Mobile/Page/Run App/Run App byID"), [:], STOP_ON_FAILURE): Call Test Case 'Test Cases/Mobile/Page/Run App/Run App byID' successfully

2022-02-14 22:48:37 - [TEST_CASE][PASSED] - Test Cases/Mobile/Page/Run App/Run App byID: Test Cases/Mobile/Page/Run App/Run App byID

2022-02-14 22:48:37 - [TEST_STEP][PASSED] - startApp.OpenApp.startApplication("id.co.miraeasset.sageclub"): startApp.OpenApp.startApplication is PASSED

2022-02-14 22:48:49 - [MESSAGE][PASSED] - Starting app with application ID: 'id.co.miraeasset.sageclub'

2022-02-14 22:48:49 - [MESSAGE][PASSED] - startApp.OpenApp.startApplication is PASSED

2022-02-14 22:48:49 - [MESSAGE][PASSED] - Call Test Case 'Test Cases/Mobile/Page/Run App/Run App byID' successfully

2022-02-14 22:48:49 - [TEST_STEP][PASSED] - callTestCase(findTestCase("Mobile/Page/Portfolio/Portfolio"), ["tab":"mutualfund", "action2":"1 year"], CONTINUE_ON_FAILURE): Call Test Case 'Test Cases/Mobile/Page/Portfolio/Portfolio' successfully

2022-02-14 22:48:49 - [TEST_CASE][PASSED] - Test Cases/Mobile/Page/Portfolio/Portfolio: Test Cases/Mobile/Page/Portfolio/Portfolio

2022-02-14 22:48:49 - [TEST_STEP][PASSED] - callTestCase(findTestCase("Mobile/Page/CheckLogin"), [:], CONTINUE_ON_FAILURE): Call Test Case 'Test Cases/Mobile/Page/CheckLogin' successfully

2022-02-14 22:48:49 - [TEST_CASE][PASSED] - Test Cases/Mobile/Page/CheckLogin: Test Cases/Mobile/Page/CheckLogin

2022-02-14 22:48:49 - [TEST_STEP][PASSED] - loginCheck = verifyElementExist(LOGN_BtnLogin, 5, CONTINUE_ON_FAILURE): Element 'Object Repository/Mobile/Page/Login/Button - Login' is exist

2022-02-14 22:48:51 - [MESSAGE][PASSED] - Element 'Object Repository/Mobile/Page/Login/Button - Login' is exist

2022-02-14 22:48:51 - [TEST_STEP][PASSED] - if (loginCheck): Call Test Case 'Test Cases/Mobile/Page/Login/Login' successfully

2022-02-14 22:48:51 - [TEST_STEP][PASSED] - callTestCase(findTestCase("Mobile/Page/Login/Login"), ["action":"username"], CONTINUE_ON_FAILURE): Call Test Case 'Test Cases/Mobile/Page/Login/Login' successfully

2022-02-14 22:48:51 - [TEST_CASE][PASSED] - Test Cases/Mobile/Page/Login/Login: Test Cases/Mobile/Page/Login/Login

2022-02-14 22:48:51 - [TEST_STEP][PASSED] - delay(2): Delayed 2 second(s)

2022-02-14 22:48:53 - [MESSAGE][PASSED] - Delayed 2 second(s)

2022-02-14 22:48:53 - [TEST_STEP][PASSED] - for ([i = 0, i < 1, (i++)]): null

2022-02-14 22:48:53 - [TEST_STEP][PASSED] - if (action == "username"): null

2022-02-14 22:48:53 - [TEST_STEP][PASSED] - tap(LOGN_EdtUserID, 0): Tapped on element 'Object Repository/Mobile/Page/Login/Input - UserID'

2022-02-14 22:48:53 - [MESSAGE][WARNING] - Timeout '0' is invalid. Using default page load timeout: '60'

2022-02-14 22:48:53 - [MESSAGE][PASSED] - Tapped on element 'Object Repository/Mobile/Page/Login/Input - UserID'

2022-02-14 22:48:53 - [TEST_STEP][PASSED] - delay(1): Delayed 1 second(s)

2022-02-14 22:48:54 - [MESSAGE][PASSED] - Delayed 1 second(s)

2022-02-14 22:48:54 - [TEST_STEP][PASSED] - setText(LOGN_EdtRdyUserID, "anggaaditya", 0): Text 'anggaaditya' has been set to element 'Object Repository/Mobile/Page/Login/Input Rdy - UserID'

2022-02-14 22:48:54 - [MESSAGE][WARNING] - Timeout '0' is invalid. Using default page load timeout: '60'

2022-02-14 22:48:55 - [MESSAGE][PASSED] - Text 'anggaaditya' has been set to element 'Object Repository/Mobile/Page/Login/Input Rdy - UserID'

2022-02-14 22:48:55 - [TEST_STEP][PASSED] - delay(1): Delayed 1 second(s)

2022-02-14 22:48:56 - [MESSAGE][PASSED] - Delayed 1 second(s)

2022-02-14 22:48:56 - [TEST_STEP][PASSED] - hideKeyboard(): Keyboard is hidden

2022-02-14 22:48:59 - [MESSAGE][PASSED] - Keyboard is hidden

2022-02-14 22:48:59 - [TEST_STEP][PASSED] - tap(LOGN_EdtPassword, 0): Tapped on element 'Object Repository/Mobile/Page/Login/Input - Password'

2022-02-14 22:48:59 - [MESSAGE][WARNING] - Timeout '0' is invalid. Using default page load timeout: '60'

2022-02-14 22:49:00 - [MESSAGE][PASSED] - Tapped on element 'Object Repository/Mobile/Page/Login/Input - Password'

2022-02-14 22:49:00 - [TEST_STEP][PASSED] - delay(1): Delayed 1 second(s)

2022-02-14 22:49:01 - [MESSAGE][PASSED] - Delayed 1 second(s)

2022-02-14 22:49:01 - [TEST_STEP][PASSED] - setText(LOGN_EdtRdyPassword, "Shalawa18", 0): Text 'Shalawa18' has been set to element 'Object Repository/Mobile/Page/Login/Input Rdy - Password'

2022-02-14 22:49:01 - [MESSAGE][WARNING] - Timeout '0' is invalid. Using default page load timeout: '60'

2022-02-14 22:49:02 - [MESSAGE][PASSED] - Text 'Shalawa18' has been set to element 'Object Repository/Mobile/Page/Login/Input Rdy - Password'

2022-02-14 22:49:02 - [TEST_STEP][PASSED] - delay(1): Delayed 1 second(s)

2022-02-14 22:49:03 - [MESSAGE][PASSED] - Delayed 1 second(s)

2022-02-14 22:49:03 - [TEST_STEP][PASSED] - hideKeyboard(): Keyboard is hidden

2022-02-14 22:49:09 - [MESSAGE][PASSED] - Keyboard is hidden

2022-02-14 22:49:09 - [TEST_STEP][PASSED] - tap(LOGN_BtnLogin, 0): Tapped on element 'Object Repository/Mobile/Page/Login/Button - Login'

2022-02-14 22:49:09 - [MESSAGE][WARNING] - Timeout '0' is invalid. Using default page load timeout: '60'

2022-02-14 22:49:10 - [MESSAGE][PASSED] - Tapped on element 'Object Repository/Mobile/Page/Login/Button - Login'

2022-02-14 22:49:10 - [TEST_STEP][PASSED] - delay(2): Delayed 2 second(s)

2022-02-14 22:49:12 - [MESSAGE][PASSED] - Delayed 2 second(s)

2022-02-14 22:49:12 - [TEST_STEP][PASSED] - break: null

2022-02-14 22:49:12 - [MESSAGE][PASSED] - Call Test Case 'Test Cases/Mobile/Page/Login/Login' successfully

2022-02-14 22:49:12 - [MESSAGE][PASSED] - Call Test Case 'Test Cases/Mobile/Page/CheckLogin' successfully

2022-02-14 22:49:12 - [TEST_STEP][PASSED] - tap(HOME_MenubarPortfolio, 0): Tapped on element 'Object Repository/Mobile/Page/Home/Menubar - Portfolio'

2022-02-14 22:49:12 - [MESSAGE][WARNING] - Timeout '0' is invalid. Using default page load timeout: '60'

2022-02-14 22:49:14 - [MESSAGE][PASSED] - Tapped on element 'Object Repository/Mobile/Page/Home/Menubar - Portfolio'

2022-02-14 22:49:14 - [TEST_STEP][PASSED] - delay(1): Delayed 1 second(s)

2022-02-14 22:49:15 - [MESSAGE][PASSED] - Delayed 1 second(s)

2022-02-14 22:49:15 - [TEST_STEP][PASSED] - for ([i = 0, i < 1, (i++)]): scroll.scroll.scrollScreenBottomToTop is PASSED

2022-02-14 22:49:15 - [TEST_STEP][PASSED] - if (tab == "summary"): null

2022-02-14 22:49:15 - [TEST_STEP][PASSED] - else if (tab == "stock"): null

2022-02-14 22:49:15 - [TEST_STEP][PASSED] - else if (tab == "mutualfund"): scroll.scroll.scrollScreenBottomToTop is PASSED

2022-02-14 22:49:15 - [TEST_STEP][PASSED] - tap(PORT_TabMutualFund, 0): Tapped on element 'Object Repository/Mobile/Page/Portfolio/Tab - Mutual Fund'

2022-02-14 22:49:15 - [MESSAGE][WARNING] - Timeout '0' is invalid. Using default page load timeout: '60'

2022-02-14 22:49:16 - [MESSAGE][PASSED] - Tapped on element 'Object Repository/Mobile/Page/Portfolio/Tab - Mutual Fund'

2022-02-14 22:49:16 - [TEST_STEP][PASSED] - delay(1): Delayed 1 second(s)

2022-02-14 22:49:17 - [MESSAGE][PASSED] - Delayed 1 second(s)

2022-02-14 22:49:17 - [TEST_STEP][PASSED] - try: scroll.scroll.scrollScreenBottomToTop is PASSED

2022-02-14 22:49:17 - [TEST_STEP][PASSED] - tapAndHold(PORT_ItemTopMutualFund, 1, 10): Tapped and held on element 'Object Repository/Mobile/Page/Portfolio/Item - Top Mutual Fund' with duration 1

2022-02-14 22:49:20 - [MESSAGE][PASSED] - Tapped and held on element 'Object Repository/Mobile/Page/Portfolio/Item - Top Mutual Fund' with duration 1

2022-02-14 22:49:20 - [TEST_STEP][PASSED] - delay(2): Delayed 2 second(s)

2022-02-14 22:49:22 - [MESSAGE][PASSED] - Delayed 2 second(s)

2022-02-14 22:49:22 - [TEST_STEP][PASSED] - switch (action2): null

2022-02-14 22:49:22 - [TEST_STEP][PASSED] - case "1 year":: null

2022-02-14 22:49:22 - [TEST_STEP][PASSED] - tapAndHold(PORT_DETL_Btn1Year, 1, 0): Tapped and held on element 'Object Repository/Mobile/Page/Portfolio/Detail Mutual Funds/Button - 1 Year' with duration 1

2022-02-14 22:49:22 - [MESSAGE][WARNING] - Timeout '0' is invalid. Using default page load timeout: '60'

2022-02-14 22:49:25 - [MESSAGE][PASSED] - Tapped and held on element 'Object Repository/Mobile/Page/Portfolio/Detail Mutual Funds/Button - 1 Year' with duration 1

2022-02-14 22:49:25 - [TEST_STEP][PASSED] - break: null

2022-02-14 22:49:25 - [TEST_STEP][PASSED] - delay(3): Delayed 3 second(s)

2022-02-14 22:49:28 - [MESSAGE][PASSED] - Delayed 3 second(s)

2022-02-14 22:49:28 - [TEST_STEP][PASSED] - scroll.scroll.scrollScreenBottomToTop(): scroll.scroll.scrollScreenBottomToTop is PASSED

2022-02-14 22:49:28 - [MESSAGE][PASSED] - Current device physical height is 1423

2022-02-14 22:49:28 - [MESSAGE][PASSED] - Current device physical width is 720

2022-02-14 22:49:29 - [MESSAGE][PASSED] - Swiped from 360,1,138 to 360,284

2022-02-14 22:49:29 - [MESSAGE][PASSED] - scroll.scroll.scrollScreenBottomToTop is PASSED

2022-02-14 22:49:29 - [MESSAGE][PASSED] - Call Test Case 'Test Cases/Mobile/Page/Portfolio/Portfolio' successfully

2022-02-14 22:49:29 - [TEST_STEP][PASSED] - callTestCase(findTestCase("Mobile/Page/Run App/Terminate App"), [:], STOP_ON_FAILURE): Call Test Case 'Test Cases/Mobile/Page/Run App/Terminate App' successfully

2022-02-14 22:49:29 - [TEST_CASE][PASSED] - Test Cases/Mobile/Page/Run App/Terminate App: Test Cases/Mobile/Page/Run App/Terminate App

2022-02-14 22:49:29 - [TEST_STEP][PASSED] - startApp.OpenApp.terminateApplication(): startApp.OpenApp.terminateApplication is PASSED

2022-02-14 22:49:33 - [MESSAGE][PASSED] - Delayed 3 second(s)

2022-02-14 22:49:33 - [MESSAGE][PASSED] - Current device physical width is 720

2022-02-14 22:49:33 - [MESSAGE][PASSED] - Current device physical height is 1423

2022-02-14 22:49:34 - [MESSAGE][PASSED] - Swiped from 360,853 to 360,142

2022-02-14 22:49:35 - [MESSAGE][PASSED] - Delayed 1 second(s)

2022-02-14 22:49:37 - [MESSAGE][PASSED] - Swiped from 360,853 to 360,142

2022-02-14 22:49:40 - [MESSAGE][PASSED] - Delayed 3 second(s)

2022-02-14 22:49:40 - [MESSAGE][PASSED] - startApp.OpenApp.terminateApplication is PASSED

2022-02-14 22:49:40 - [MESSAGE][PASSED] - Call Test Case 'Test Cases/Mobile/Page/Run App/Terminate App' successfully]]></system-out>
         <system-err><![CDATA[]]></system-err>
      </testcase>
      <testcase name="Test Cases/Mobile/Scenario/Portfolio/017 - Melihat detail mutual fund 3 year" time="63.619" classname="Test Cases/Mobile/Scenario/Portfolio/017 - Melihat detail mutual fund 3 year" status="PASSED">
         <system-out><![CDATA[2022-02-14 22:49:40 - [TEST_CASE][PASSED] - Test Cases/Mobile/Scenario/Portfolio/017 - Melihat detail mutual fund 3 year: Test Cases/Mobile/Scenario/Portfolio/017 - Melihat detail mutual fund 3 year

2022-02-14 22:49:40 - [TEST_STEP][PASSED] - callTestCase(findTestCase("Mobile/Page/Run App/Run App byID"), [:], STOP_ON_FAILURE): Call Test Case 'Test Cases/Mobile/Page/Run App/Run App byID' successfully

2022-02-14 22:49:40 - [TEST_CASE][PASSED] - Test Cases/Mobile/Page/Run App/Run App byID: Test Cases/Mobile/Page/Run App/Run App byID

2022-02-14 22:49:40 - [TEST_STEP][PASSED] - startApp.OpenApp.startApplication("id.co.miraeasset.sageclub"): startApp.OpenApp.startApplication is PASSED

2022-02-14 22:49:52 - [MESSAGE][PASSED] - Starting app with application ID: 'id.co.miraeasset.sageclub'

2022-02-14 22:49:52 - [MESSAGE][PASSED] - startApp.OpenApp.startApplication is PASSED

2022-02-14 22:49:52 - [MESSAGE][PASSED] - Call Test Case 'Test Cases/Mobile/Page/Run App/Run App byID' successfully

2022-02-14 22:49:52 - [TEST_STEP][PASSED] - callTestCase(findTestCase("Mobile/Page/Portfolio/Portfolio"), ["tab":"mutualfund", "action2":"3 year"], CONTINUE_ON_FAILURE): Call Test Case 'Test Cases/Mobile/Page/Portfolio/Portfolio' successfully

2022-02-14 22:49:52 - [TEST_CASE][PASSED] - Test Cases/Mobile/Page/Portfolio/Portfolio: Test Cases/Mobile/Page/Portfolio/Portfolio

2022-02-14 22:49:52 - [TEST_STEP][PASSED] - callTestCase(findTestCase("Mobile/Page/CheckLogin"), [:], CONTINUE_ON_FAILURE): Call Test Case 'Test Cases/Mobile/Page/CheckLogin' successfully

2022-02-14 22:49:52 - [TEST_CASE][PASSED] - Test Cases/Mobile/Page/CheckLogin: Test Cases/Mobile/Page/CheckLogin

2022-02-14 22:49:52 - [TEST_STEP][PASSED] - loginCheck = verifyElementExist(LOGN_BtnLogin, 5, CONTINUE_ON_FAILURE): Element 'Object Repository/Mobile/Page/Login/Button - Login' is exist

2022-02-14 22:49:54 - [MESSAGE][PASSED] - Element 'Object Repository/Mobile/Page/Login/Button - Login' is exist

2022-02-14 22:49:54 - [TEST_STEP][PASSED] - if (loginCheck): Call Test Case 'Test Cases/Mobile/Page/Login/Login' successfully

2022-02-14 22:49:54 - [TEST_STEP][PASSED] - callTestCase(findTestCase("Mobile/Page/Login/Login"), ["action":"username"], CONTINUE_ON_FAILURE): Call Test Case 'Test Cases/Mobile/Page/Login/Login' successfully

2022-02-14 22:49:54 - [TEST_CASE][PASSED] - Test Cases/Mobile/Page/Login/Login: Test Cases/Mobile/Page/Login/Login

2022-02-14 22:49:54 - [TEST_STEP][PASSED] - delay(2): Delayed 2 second(s)

2022-02-14 22:49:56 - [MESSAGE][PASSED] - Delayed 2 second(s)

2022-02-14 22:49:56 - [TEST_STEP][PASSED] - for ([i = 0, i < 1, (i++)]): null

2022-02-14 22:49:56 - [TEST_STEP][PASSED] - if (action == "username"): null

2022-02-14 22:49:56 - [TEST_STEP][PASSED] - tap(LOGN_EdtUserID, 0): Tapped on element 'Object Repository/Mobile/Page/Login/Input - UserID'

2022-02-14 22:49:56 - [MESSAGE][WARNING] - Timeout '0' is invalid. Using default page load timeout: '60'

2022-02-14 22:49:57 - [MESSAGE][PASSED] - Tapped on element 'Object Repository/Mobile/Page/Login/Input - UserID'

2022-02-14 22:49:57 - [TEST_STEP][PASSED] - delay(1): Delayed 1 second(s)

2022-02-14 22:49:58 - [MESSAGE][PASSED] - Delayed 1 second(s)

2022-02-14 22:49:58 - [TEST_STEP][PASSED] - setText(LOGN_EdtRdyUserID, "anggaaditya", 0): Text 'anggaaditya' has been set to element 'Object Repository/Mobile/Page/Login/Input Rdy - UserID'

2022-02-14 22:49:58 - [MESSAGE][WARNING] - Timeout '0' is invalid. Using default page load timeout: '60'

2022-02-14 22:49:58 - [MESSAGE][PASSED] - Text 'anggaaditya' has been set to element 'Object Repository/Mobile/Page/Login/Input Rdy - UserID'

2022-02-14 22:49:58 - [TEST_STEP][PASSED] - delay(1): Delayed 1 second(s)

2022-02-14 22:49:59 - [MESSAGE][PASSED] - Delayed 1 second(s)

2022-02-14 22:49:59 - [TEST_STEP][PASSED] - hideKeyboard(): Keyboard is hidden

2022-02-14 22:50:03 - [MESSAGE][PASSED] - Keyboard is hidden

2022-02-14 22:50:03 - [TEST_STEP][PASSED] - tap(LOGN_EdtPassword, 0): Tapped on element 'Object Repository/Mobile/Page/Login/Input - Password'

2022-02-14 22:50:03 - [MESSAGE][WARNING] - Timeout '0' is invalid. Using default page load timeout: '60'

2022-02-14 22:50:03 - [MESSAGE][PASSED] - Tapped on element 'Object Repository/Mobile/Page/Login/Input - Password'

2022-02-14 22:50:03 - [TEST_STEP][PASSED] - delay(1): Delayed 1 second(s)

2022-02-14 22:50:04 - [MESSAGE][PASSED] - Delayed 1 second(s)

2022-02-14 22:50:04 - [TEST_STEP][PASSED] - setText(LOGN_EdtRdyPassword, "Shalawa18", 0): Text 'Shalawa18' has been set to element 'Object Repository/Mobile/Page/Login/Input Rdy - Password'

2022-02-14 22:50:04 - [MESSAGE][WARNING] - Timeout '0' is invalid. Using default page load timeout: '60'

2022-02-14 22:50:05 - [MESSAGE][PASSED] - Text 'Shalawa18' has been set to element 'Object Repository/Mobile/Page/Login/Input Rdy - Password'

2022-02-14 22:50:05 - [TEST_STEP][PASSED] - delay(1): Delayed 1 second(s)

2022-02-14 22:50:06 - [MESSAGE][PASSED] - Delayed 1 second(s)

2022-02-14 22:50:06 - [TEST_STEP][PASSED] - hideKeyboard(): Keyboard is hidden

2022-02-14 22:50:12 - [MESSAGE][PASSED] - Keyboard is hidden

2022-02-14 22:50:12 - [TEST_STEP][PASSED] - tap(LOGN_BtnLogin, 0): Tapped on element 'Object Repository/Mobile/Page/Login/Button - Login'

2022-02-14 22:50:12 - [MESSAGE][WARNING] - Timeout '0' is invalid. Using default page load timeout: '60'

2022-02-14 22:50:13 - [MESSAGE][PASSED] - Tapped on element 'Object Repository/Mobile/Page/Login/Button - Login'

2022-02-14 22:50:13 - [TEST_STEP][PASSED] - delay(2): Delayed 2 second(s)

2022-02-14 22:50:15 - [MESSAGE][PASSED] - Delayed 2 second(s)

2022-02-14 22:50:15 - [TEST_STEP][PASSED] - break: null

2022-02-14 22:50:15 - [MESSAGE][PASSED] - Call Test Case 'Test Cases/Mobile/Page/Login/Login' successfully

2022-02-14 22:50:15 - [MESSAGE][PASSED] - Call Test Case 'Test Cases/Mobile/Page/CheckLogin' successfully

2022-02-14 22:50:15 - [TEST_STEP][PASSED] - tap(HOME_MenubarPortfolio, 0): Tapped on element 'Object Repository/Mobile/Page/Home/Menubar - Portfolio'

2022-02-14 22:50:15 - [MESSAGE][WARNING] - Timeout '0' is invalid. Using default page load timeout: '60'

2022-02-14 22:50:17 - [MESSAGE][PASSED] - Tapped on element 'Object Repository/Mobile/Page/Home/Menubar - Portfolio'

2022-02-14 22:50:17 - [TEST_STEP][PASSED] - delay(1): Delayed 1 second(s)

2022-02-14 22:50:18 - [MESSAGE][PASSED] - Delayed 1 second(s)

2022-02-14 22:50:18 - [TEST_STEP][PASSED] - for ([i = 0, i < 1, (i++)]): scroll.scroll.scrollScreenBottomToTop is PASSED

2022-02-14 22:50:18 - [TEST_STEP][PASSED] - if (tab == "summary"): null

2022-02-14 22:50:18 - [TEST_STEP][PASSED] - else if (tab == "stock"): null

2022-02-14 22:50:18 - [TEST_STEP][PASSED] - else if (tab == "mutualfund"): scroll.scroll.scrollScreenBottomToTop is PASSED

2022-02-14 22:50:18 - [TEST_STEP][PASSED] - tap(PORT_TabMutualFund, 0): Tapped on element 'Object Repository/Mobile/Page/Portfolio/Tab - Mutual Fund'

2022-02-14 22:50:18 - [MESSAGE][WARNING] - Timeout '0' is invalid. Using default page load timeout: '60'

2022-02-14 22:50:20 - [MESSAGE][PASSED] - Tapped on element 'Object Repository/Mobile/Page/Portfolio/Tab - Mutual Fund'

2022-02-14 22:50:20 - [TEST_STEP][PASSED] - delay(1): Delayed 1 second(s)

2022-02-14 22:50:21 - [MESSAGE][PASSED] - Delayed 1 second(s)

2022-02-14 22:50:21 - [TEST_STEP][PASSED] - try: scroll.scroll.scrollScreenBottomToTop is PASSED

2022-02-14 22:50:21 - [TEST_STEP][PASSED] - tapAndHold(PORT_ItemTopMutualFund, 1, 10): Tapped and held on element 'Object Repository/Mobile/Page/Portfolio/Item - Top Mutual Fund' with duration 1

2022-02-14 22:50:23 - [MESSAGE][PASSED] - Tapped and held on element 'Object Repository/Mobile/Page/Portfolio/Item - Top Mutual Fund' with duration 1

2022-02-14 22:50:23 - [TEST_STEP][PASSED] - delay(2): Delayed 2 second(s)

2022-02-14 22:50:25 - [MESSAGE][PASSED] - Delayed 2 second(s)

2022-02-14 22:50:25 - [TEST_STEP][PASSED] - switch (action2): null

2022-02-14 22:50:25 - [TEST_STEP][PASSED] - case "3 year":: null

2022-02-14 22:50:25 - [TEST_STEP][PASSED] - tapAndHold(PORT_DETL_Btn3Year, 1, 0): Tapped and held on element 'Object Repository/Mobile/Page/Portfolio/Detail Mutual Funds/Button - 3 Year' with duration 1

2022-02-14 22:50:25 - [MESSAGE][WARNING] - Timeout '0' is invalid. Using default page load timeout: '60'

2022-02-14 22:50:28 - [MESSAGE][PASSED] - Tapped and held on element 'Object Repository/Mobile/Page/Portfolio/Detail Mutual Funds/Button - 3 Year' with duration 1

2022-02-14 22:50:28 - [TEST_STEP][PASSED] - break: null

2022-02-14 22:50:28 - [TEST_STEP][PASSED] - delay(3): Delayed 3 second(s)

2022-02-14 22:50:31 - [MESSAGE][PASSED] - Delayed 3 second(s)

2022-02-14 22:50:31 - [TEST_STEP][PASSED] - scroll.scroll.scrollScreenBottomToTop(): scroll.scroll.scrollScreenBottomToTop is PASSED

2022-02-14 22:50:32 - [MESSAGE][PASSED] - Current device physical height is 1423

2022-02-14 22:50:32 - [MESSAGE][PASSED] - Current device physical width is 720

2022-02-14 22:50:33 - [MESSAGE][PASSED] - Swiped from 360,1,138 to 360,284

2022-02-14 22:50:33 - [MESSAGE][PASSED] - scroll.scroll.scrollScreenBottomToTop is PASSED

2022-02-14 22:50:33 - [MESSAGE][PASSED] - Call Test Case 'Test Cases/Mobile/Page/Portfolio/Portfolio' successfully

2022-02-14 22:50:33 - [TEST_STEP][PASSED] - callTestCase(findTestCase("Mobile/Page/Run App/Terminate App"), [:], STOP_ON_FAILURE): Call Test Case 'Test Cases/Mobile/Page/Run App/Terminate App' successfully

2022-02-14 22:50:33 - [TEST_CASE][PASSED] - Test Cases/Mobile/Page/Run App/Terminate App: Test Cases/Mobile/Page/Run App/Terminate App

2022-02-14 22:50:33 - [TEST_STEP][PASSED] - startApp.OpenApp.terminateApplication(): startApp.OpenApp.terminateApplication is PASSED

2022-02-14 22:50:36 - [MESSAGE][PASSED] - Delayed 3 second(s)

2022-02-14 22:50:36 - [MESSAGE][PASSED] - Current device physical width is 720

2022-02-14 22:50:37 - [MESSAGE][PASSED] - Current device physical height is 1423

2022-02-14 22:50:38 - [MESSAGE][PASSED] - Swiped from 360,853 to 360,142

2022-02-14 22:50:39 - [MESSAGE][PASSED] - Delayed 1 second(s)

2022-02-14 22:50:40 - [MESSAGE][PASSED] - Swiped from 360,853 to 360,142

2022-02-14 22:50:43 - [MESSAGE][PASSED] - Delayed 3 second(s)

2022-02-14 22:50:43 - [MESSAGE][PASSED] - startApp.OpenApp.terminateApplication is PASSED

2022-02-14 22:50:43 - [MESSAGE][PASSED] - Call Test Case 'Test Cases/Mobile/Page/Run App/Terminate App' successfully]]></system-out>
         <system-err><![CDATA[]]></system-err>
      </testcase>
      <testcase name="Test Cases/Mobile/Scenario/Portfolio/018 - Melihat detail mutual fund 5 year" time="64.197" classname="Test Cases/Mobile/Scenario/Portfolio/018 - Melihat detail mutual fund 5 year" status="PASSED">
         <system-out><![CDATA[2022-02-14 22:50:43 - [TEST_CASE][PASSED] - Test Cases/Mobile/Scenario/Portfolio/018 - Melihat detail mutual fund 5 year: Test Cases/Mobile/Scenario/Portfolio/018 - Melihat detail mutual fund 5 year

2022-02-14 22:50:44 - [TEST_STEP][PASSED] - callTestCase(findTestCase("Mobile/Page/Run App/Run App byID"), [:], STOP_ON_FAILURE): Call Test Case 'Test Cases/Mobile/Page/Run App/Run App byID' successfully

2022-02-14 22:50:44 - [TEST_CASE][PASSED] - Test Cases/Mobile/Page/Run App/Run App byID: Test Cases/Mobile/Page/Run App/Run App byID

2022-02-14 22:50:44 - [TEST_STEP][PASSED] - startApp.OpenApp.startApplication("id.co.miraeasset.sageclub"): startApp.OpenApp.startApplication is PASSED

2022-02-14 22:50:56 - [MESSAGE][PASSED] - Starting app with application ID: 'id.co.miraeasset.sageclub'

2022-02-14 22:50:56 - [MESSAGE][PASSED] - startApp.OpenApp.startApplication is PASSED

2022-02-14 22:50:56 - [MESSAGE][PASSED] - Call Test Case 'Test Cases/Mobile/Page/Run App/Run App byID' successfully

2022-02-14 22:50:56 - [TEST_STEP][PASSED] - callTestCase(findTestCase("Mobile/Page/Portfolio/Portfolio"), ["tab":"mutualfund", "action2":"5 year"], CONTINUE_ON_FAILURE): Call Test Case 'Test Cases/Mobile/Page/Portfolio/Portfolio' successfully

2022-02-14 22:50:56 - [TEST_CASE][PASSED] - Test Cases/Mobile/Page/Portfolio/Portfolio: Test Cases/Mobile/Page/Portfolio/Portfolio

2022-02-14 22:50:56 - [TEST_STEP][PASSED] - callTestCase(findTestCase("Mobile/Page/CheckLogin"), [:], CONTINUE_ON_FAILURE): Call Test Case 'Test Cases/Mobile/Page/CheckLogin' successfully

2022-02-14 22:50:56 - [TEST_CASE][PASSED] - Test Cases/Mobile/Page/CheckLogin: Test Cases/Mobile/Page/CheckLogin

2022-02-14 22:50:56 - [TEST_STEP][PASSED] - loginCheck = verifyElementExist(LOGN_BtnLogin, 5, CONTINUE_ON_FAILURE): Element 'Object Repository/Mobile/Page/Login/Button - Login' is exist

2022-02-14 22:50:58 - [MESSAGE][PASSED] - Element 'Object Repository/Mobile/Page/Login/Button - Login' is exist

2022-02-14 22:50:58 - [TEST_STEP][PASSED] - if (loginCheck): Call Test Case 'Test Cases/Mobile/Page/Login/Login' successfully

2022-02-14 22:50:58 - [TEST_STEP][PASSED] - callTestCase(findTestCase("Mobile/Page/Login/Login"), ["action":"username"], CONTINUE_ON_FAILURE): Call Test Case 'Test Cases/Mobile/Page/Login/Login' successfully

2022-02-14 22:50:58 - [TEST_CASE][PASSED] - Test Cases/Mobile/Page/Login/Login: Test Cases/Mobile/Page/Login/Login

2022-02-14 22:50:58 - [TEST_STEP][PASSED] - delay(2): Delayed 2 second(s)

2022-02-14 22:51:00 - [MESSAGE][PASSED] - Delayed 2 second(s)

2022-02-14 22:51:00 - [TEST_STEP][PASSED] - for ([i = 0, i < 1, (i++)]): null

2022-02-14 22:51:00 - [TEST_STEP][PASSED] - if (action == "username"): null

2022-02-14 22:51:00 - [TEST_STEP][PASSED] - tap(LOGN_EdtUserID, 0): Tapped on element 'Object Repository/Mobile/Page/Login/Input - UserID'

2022-02-14 22:51:00 - [MESSAGE][WARNING] - Timeout '0' is invalid. Using default page load timeout: '60'

2022-02-14 22:51:01 - [MESSAGE][PASSED] - Tapped on element 'Object Repository/Mobile/Page/Login/Input - UserID'

2022-02-14 22:51:01 - [TEST_STEP][PASSED] - delay(1): Delayed 1 second(s)

2022-02-14 22:51:02 - [MESSAGE][PASSED] - Delayed 1 second(s)

2022-02-14 22:51:02 - [TEST_STEP][PASSED] - setText(LOGN_EdtRdyUserID, "anggaaditya", 0): Text 'anggaaditya' has been set to element 'Object Repository/Mobile/Page/Login/Input Rdy - UserID'

2022-02-14 22:51:02 - [MESSAGE][WARNING] - Timeout '0' is invalid. Using default page load timeout: '60'

2022-02-14 22:51:02 - [MESSAGE][PASSED] - Text 'anggaaditya' has been set to element 'Object Repository/Mobile/Page/Login/Input Rdy - UserID'

2022-02-14 22:51:02 - [TEST_STEP][PASSED] - delay(1): Delayed 1 second(s)

2022-02-14 22:51:03 - [MESSAGE][PASSED] - Delayed 1 second(s)

2022-02-14 22:51:03 - [TEST_STEP][PASSED] - hideKeyboard(): Keyboard is hidden

2022-02-14 22:51:07 - [MESSAGE][PASSED] - Keyboard is hidden

2022-02-14 22:51:07 - [TEST_STEP][PASSED] - tap(LOGN_EdtPassword, 0): Tapped on element 'Object Repository/Mobile/Page/Login/Input - Password'

2022-02-14 22:51:07 - [MESSAGE][WARNING] - Timeout '0' is invalid. Using default page load timeout: '60'

2022-02-14 22:51:07 - [MESSAGE][PASSED] - Tapped on element 'Object Repository/Mobile/Page/Login/Input - Password'

2022-02-14 22:51:07 - [TEST_STEP][PASSED] - delay(1): Delayed 1 second(s)

2022-02-14 22:51:08 - [MESSAGE][PASSED] - Delayed 1 second(s)

2022-02-14 22:51:08 - [TEST_STEP][PASSED] - setText(LOGN_EdtRdyPassword, "Shalawa18", 0): Text 'Shalawa18' has been set to element 'Object Repository/Mobile/Page/Login/Input Rdy - Password'

2022-02-14 22:51:08 - [MESSAGE][WARNING] - Timeout '0' is invalid. Using default page load timeout: '60'

2022-02-14 22:51:09 - [MESSAGE][PASSED] - Text 'Shalawa18' has been set to element 'Object Repository/Mobile/Page/Login/Input Rdy - Password'

2022-02-14 22:51:09 - [TEST_STEP][PASSED] - delay(1): Delayed 1 second(s)

2022-02-14 22:51:10 - [MESSAGE][PASSED] - Delayed 1 second(s)

2022-02-14 22:51:10 - [TEST_STEP][PASSED] - hideKeyboard(): Keyboard is hidden

2022-02-14 22:51:16 - [MESSAGE][PASSED] - Keyboard is hidden

2022-02-14 22:51:16 - [TEST_STEP][PASSED] - tap(LOGN_BtnLogin, 0): Tapped on element 'Object Repository/Mobile/Page/Login/Button - Login'

2022-02-14 22:51:16 - [MESSAGE][WARNING] - Timeout '0' is invalid. Using default page load timeout: '60'

2022-02-14 22:51:17 - [MESSAGE][PASSED] - Tapped on element 'Object Repository/Mobile/Page/Login/Button - Login'

2022-02-14 22:51:17 - [TEST_STEP][PASSED] - delay(2): Delayed 2 second(s)

2022-02-14 22:51:19 - [MESSAGE][PASSED] - Delayed 2 second(s)

2022-02-14 22:51:19 - [TEST_STEP][PASSED] - break: null

2022-02-14 22:51:19 - [MESSAGE][PASSED] - Call Test Case 'Test Cases/Mobile/Page/Login/Login' successfully

2022-02-14 22:51:19 - [MESSAGE][PASSED] - Call Test Case 'Test Cases/Mobile/Page/CheckLogin' successfully

2022-02-14 22:51:19 - [TEST_STEP][PASSED] - tap(HOME_MenubarPortfolio, 0): Tapped on element 'Object Repository/Mobile/Page/Home/Menubar - Portfolio'

2022-02-14 22:51:19 - [MESSAGE][WARNING] - Timeout '0' is invalid. Using default page load timeout: '60'

2022-02-14 22:51:21 - [MESSAGE][PASSED] - Tapped on element 'Object Repository/Mobile/Page/Home/Menubar - Portfolio'

2022-02-14 22:51:21 - [TEST_STEP][PASSED] - delay(1): Delayed 1 second(s)

2022-02-14 22:51:22 - [MESSAGE][PASSED] - Delayed 1 second(s)

2022-02-14 22:51:22 - [TEST_STEP][PASSED] - for ([i = 0, i < 1, (i++)]): scroll.scroll.scrollScreenBottomToTop is PASSED

2022-02-14 22:51:22 - [TEST_STEP][PASSED] - if (tab == "summary"): null

2022-02-14 22:51:22 - [TEST_STEP][PASSED] - else if (tab == "stock"): null

2022-02-14 22:51:22 - [TEST_STEP][PASSED] - else if (tab == "mutualfund"): scroll.scroll.scrollScreenBottomToTop is PASSED

2022-02-14 22:51:22 - [TEST_STEP][PASSED] - tap(PORT_TabMutualFund, 0): Tapped on element 'Object Repository/Mobile/Page/Portfolio/Tab - Mutual Fund'

2022-02-14 22:51:22 - [MESSAGE][WARNING] - Timeout '0' is invalid. Using default page load timeout: '60'

2022-02-14 22:51:24 - [MESSAGE][PASSED] - Tapped on element 'Object Repository/Mobile/Page/Portfolio/Tab - Mutual Fund'

2022-02-14 22:51:24 - [TEST_STEP][PASSED] - delay(1): Delayed 1 second(s)

2022-02-14 22:51:25 - [MESSAGE][PASSED] - Delayed 1 second(s)

2022-02-14 22:51:25 - [TEST_STEP][PASSED] - try: scroll.scroll.scrollScreenBottomToTop is PASSED

2022-02-14 22:51:25 - [TEST_STEP][PASSED] - tapAndHold(PORT_ItemTopMutualFund, 1, 10): Tapped and held on element 'Object Repository/Mobile/Page/Portfolio/Item - Top Mutual Fund' with duration 1

2022-02-14 22:51:28 - [MESSAGE][PASSED] - Tapped and held on element 'Object Repository/Mobile/Page/Portfolio/Item - Top Mutual Fund' with duration 1

2022-02-14 22:51:28 - [TEST_STEP][PASSED] - delay(2): Delayed 2 second(s)

2022-02-14 22:51:30 - [MESSAGE][PASSED] - Delayed 2 second(s)

2022-02-14 22:51:30 - [TEST_STEP][PASSED] - switch (action2): null

2022-02-14 22:51:30 - [TEST_STEP][PASSED] - case "5 year":: null

2022-02-14 22:51:30 - [TEST_STEP][PASSED] - tapAndHold(PORT_DETL_Btn5Year, 1, 0): Tapped and held on element 'Object Repository/Mobile/Page/Portfolio/Detail Mutual Funds/Button - 5 Year' with duration 1

2022-02-14 22:51:30 - [MESSAGE][WARNING] - Timeout '0' is invalid. Using default page load timeout: '60'

2022-02-14 22:51:32 - [MESSAGE][PASSED] - Tapped and held on element 'Object Repository/Mobile/Page/Portfolio/Detail Mutual Funds/Button - 5 Year' with duration 1

2022-02-14 22:51:32 - [TEST_STEP][PASSED] - break: null

2022-02-14 22:51:32 - [TEST_STEP][PASSED] - delay(3): Delayed 3 second(s)

2022-02-14 22:51:35 - [MESSAGE][PASSED] - Delayed 3 second(s)

2022-02-14 22:51:35 - [TEST_STEP][PASSED] - scroll.scroll.scrollScreenBottomToTop(): scroll.scroll.scrollScreenBottomToTop is PASSED

2022-02-14 22:51:36 - [MESSAGE][PASSED] - Current device physical height is 1423

2022-02-14 22:51:36 - [MESSAGE][PASSED] - Current device physical width is 720

2022-02-14 22:51:37 - [MESSAGE][PASSED] - Swiped from 360,1,138 to 360,284

2022-02-14 22:51:37 - [MESSAGE][PASSED] - scroll.scroll.scrollScreenBottomToTop is PASSED

2022-02-14 22:51:37 - [MESSAGE][PASSED] - Call Test Case 'Test Cases/Mobile/Page/Portfolio/Portfolio' successfully

2022-02-14 22:51:37 - [TEST_STEP][PASSED] - callTestCase(findTestCase("Mobile/Page/Run App/Terminate App"), [:], STOP_ON_FAILURE): Call Test Case 'Test Cases/Mobile/Page/Run App/Terminate App' successfully

2022-02-14 22:51:37 - [TEST_CASE][PASSED] - Test Cases/Mobile/Page/Run App/Terminate App: Test Cases/Mobile/Page/Run App/Terminate App

2022-02-14 22:51:37 - [TEST_STEP][PASSED] - startApp.OpenApp.terminateApplication(): startApp.OpenApp.terminateApplication is PASSED

2022-02-14 22:51:40 - [MESSAGE][PASSED] - Delayed 3 second(s)

2022-02-14 22:51:41 - [MESSAGE][PASSED] - Current device physical width is 720

2022-02-14 22:51:41 - [MESSAGE][PASSED] - Current device physical height is 1423

2022-02-14 22:51:42 - [MESSAGE][PASSED] - Swiped from 360,853 to 360,142

2022-02-14 22:51:43 - [MESSAGE][PASSED] - Delayed 1 second(s)

2022-02-14 22:51:44 - [MESSAGE][PASSED] - Swiped from 360,853 to 360,142

2022-02-14 22:51:47 - [MESSAGE][PASSED] - Delayed 3 second(s)

2022-02-14 22:51:47 - [MESSAGE][PASSED] - startApp.OpenApp.terminateApplication is PASSED

2022-02-14 22:51:47 - [MESSAGE][PASSED] - Call Test Case 'Test Cases/Mobile/Page/Run App/Terminate App' successfully]]></system-out>
         <system-err><![CDATA[]]></system-err>
      </testcase>
      <testcase name="Test Cases/Mobile/Scenario/Portfolio/019 - Melihat detail mutual fund 10 year" time="63.274" classname="Test Cases/Mobile/Scenario/Portfolio/019 - Melihat detail mutual fund 10 year" status="PASSED">
         <system-out><![CDATA[2022-02-14 22:51:48 - [TEST_CASE][PASSED] - Test Cases/Mobile/Scenario/Portfolio/019 - Melihat detail mutual fund 10 year: Test Cases/Mobile/Scenario/Portfolio/019 - Melihat detail mutual fund 10 year

2022-02-14 22:51:48 - [TEST_STEP][PASSED] - callTestCase(findTestCase("Mobile/Page/Run App/Run App byID"), [:], STOP_ON_FAILURE): Call Test Case 'Test Cases/Mobile/Page/Run App/Run App byID' successfully

2022-02-14 22:51:48 - [TEST_CASE][PASSED] - Test Cases/Mobile/Page/Run App/Run App byID: Test Cases/Mobile/Page/Run App/Run App byID

2022-02-14 22:51:48 - [TEST_STEP][PASSED] - startApp.OpenApp.startApplication("id.co.miraeasset.sageclub"): startApp.OpenApp.startApplication is PASSED

2022-02-14 22:52:00 - [MESSAGE][PASSED] - Starting app with application ID: 'id.co.miraeasset.sageclub'

2022-02-14 22:52:00 - [MESSAGE][PASSED] - startApp.OpenApp.startApplication is PASSED

2022-02-14 22:52:00 - [MESSAGE][PASSED] - Call Test Case 'Test Cases/Mobile/Page/Run App/Run App byID' successfully

2022-02-14 22:52:00 - [TEST_STEP][PASSED] - callTestCase(findTestCase("Mobile/Page/Portfolio/Portfolio"), ["tab":"mutualfund", "action2":"10 year"], CONTINUE_ON_FAILURE): Call Test Case 'Test Cases/Mobile/Page/Portfolio/Portfolio' successfully

2022-02-14 22:52:00 - [TEST_CASE][PASSED] - Test Cases/Mobile/Page/Portfolio/Portfolio: Test Cases/Mobile/Page/Portfolio/Portfolio

2022-02-14 22:52:00 - [TEST_STEP][PASSED] - callTestCase(findTestCase("Mobile/Page/CheckLogin"), [:], CONTINUE_ON_FAILURE): Call Test Case 'Test Cases/Mobile/Page/CheckLogin' successfully

2022-02-14 22:52:00 - [TEST_CASE][PASSED] - Test Cases/Mobile/Page/CheckLogin: Test Cases/Mobile/Page/CheckLogin

2022-02-14 22:52:00 - [TEST_STEP][PASSED] - loginCheck = verifyElementExist(LOGN_BtnLogin, 5, CONTINUE_ON_FAILURE): Element 'Object Repository/Mobile/Page/Login/Button - Login' is exist

2022-02-14 22:52:02 - [MESSAGE][PASSED] - Element 'Object Repository/Mobile/Page/Login/Button - Login' is exist

2022-02-14 22:52:02 - [TEST_STEP][PASSED] - if (loginCheck): Call Test Case 'Test Cases/Mobile/Page/Login/Login' successfully

2022-02-14 22:52:02 - [TEST_STEP][PASSED] - callTestCase(findTestCase("Mobile/Page/Login/Login"), ["action":"username"], CONTINUE_ON_FAILURE): Call Test Case 'Test Cases/Mobile/Page/Login/Login' successfully

2022-02-14 22:52:02 - [TEST_CASE][PASSED] - Test Cases/Mobile/Page/Login/Login: Test Cases/Mobile/Page/Login/Login

2022-02-14 22:52:02 - [TEST_STEP][PASSED] - delay(2): Delayed 2 second(s)

2022-02-14 22:52:04 - [MESSAGE][PASSED] - Delayed 2 second(s)

2022-02-14 22:52:04 - [TEST_STEP][PASSED] - for ([i = 0, i < 1, (i++)]): null

2022-02-14 22:52:04 - [TEST_STEP][PASSED] - if (action == "username"): null

2022-02-14 22:52:04 - [TEST_STEP][PASSED] - tap(LOGN_EdtUserID, 0): Tapped on element 'Object Repository/Mobile/Page/Login/Input - UserID'

2022-02-14 22:52:04 - [MESSAGE][WARNING] - Timeout '0' is invalid. Using default page load timeout: '60'

2022-02-14 22:52:05 - [MESSAGE][PASSED] - Tapped on element 'Object Repository/Mobile/Page/Login/Input - UserID'

2022-02-14 22:52:05 - [TEST_STEP][PASSED] - delay(1): Delayed 1 second(s)

2022-02-14 22:52:06 - [MESSAGE][PASSED] - Delayed 1 second(s)

2022-02-14 22:52:06 - [TEST_STEP][PASSED] - setText(LOGN_EdtRdyUserID, "anggaaditya", 0): Text 'anggaaditya' has been set to element 'Object Repository/Mobile/Page/Login/Input Rdy - UserID'

2022-02-14 22:52:06 - [MESSAGE][WARNING] - Timeout '0' is invalid. Using default page load timeout: '60'

2022-02-14 22:52:06 - [MESSAGE][PASSED] - Text 'anggaaditya' has been set to element 'Object Repository/Mobile/Page/Login/Input Rdy - UserID'

2022-02-14 22:52:06 - [TEST_STEP][PASSED] - delay(1): Delayed 1 second(s)

2022-02-14 22:52:07 - [MESSAGE][PASSED] - Delayed 1 second(s)

2022-02-14 22:52:07 - [TEST_STEP][PASSED] - hideKeyboard(): Keyboard is hidden

2022-02-14 22:52:11 - [MESSAGE][PASSED] - Keyboard is hidden

2022-02-14 22:52:11 - [TEST_STEP][PASSED] - tap(LOGN_EdtPassword, 0): Tapped on element 'Object Repository/Mobile/Page/Login/Input - Password'

2022-02-14 22:52:11 - [MESSAGE][WARNING] - Timeout '0' is invalid. Using default page load timeout: '60'

2022-02-14 22:52:11 - [MESSAGE][PASSED] - Tapped on element 'Object Repository/Mobile/Page/Login/Input - Password'

2022-02-14 22:52:11 - [TEST_STEP][PASSED] - delay(1): Delayed 1 second(s)

2022-02-14 22:52:12 - [MESSAGE][PASSED] - Delayed 1 second(s)

2022-02-14 22:52:12 - [TEST_STEP][PASSED] - setText(LOGN_EdtRdyPassword, "Shalawa18", 0): Text 'Shalawa18' has been set to element 'Object Repository/Mobile/Page/Login/Input Rdy - Password'

2022-02-14 22:52:12 - [MESSAGE][WARNING] - Timeout '0' is invalid. Using default page load timeout: '60'

2022-02-14 22:52:13 - [MESSAGE][PASSED] - Text 'Shalawa18' has been set to element 'Object Repository/Mobile/Page/Login/Input Rdy - Password'

2022-02-14 22:52:13 - [TEST_STEP][PASSED] - delay(1): Delayed 1 second(s)

2022-02-14 22:52:14 - [MESSAGE][PASSED] - Delayed 1 second(s)

2022-02-14 22:52:14 - [TEST_STEP][PASSED] - hideKeyboard(): Keyboard is hidden

2022-02-14 22:52:21 - [MESSAGE][PASSED] - Keyboard is hidden

2022-02-14 22:52:21 - [TEST_STEP][PASSED] - tap(LOGN_BtnLogin, 0): Tapped on element 'Object Repository/Mobile/Page/Login/Button - Login'

2022-02-14 22:52:21 - [MESSAGE][WARNING] - Timeout '0' is invalid. Using default page load timeout: '60'

2022-02-14 22:52:21 - [MESSAGE][PASSED] - Tapped on element 'Object Repository/Mobile/Page/Login/Button - Login'

2022-02-14 22:52:21 - [TEST_STEP][PASSED] - delay(2): Delayed 2 second(s)

2022-02-14 22:52:23 - [MESSAGE][PASSED] - Delayed 2 second(s)

2022-02-14 22:52:23 - [TEST_STEP][PASSED] - break: null

2022-02-14 22:52:23 - [MESSAGE][PASSED] - Call Test Case 'Test Cases/Mobile/Page/Login/Login' successfully

2022-02-14 22:52:23 - [MESSAGE][PASSED] - Call Test Case 'Test Cases/Mobile/Page/CheckLogin' successfully

2022-02-14 22:52:23 - [TEST_STEP][PASSED] - tap(HOME_MenubarPortfolio, 0): Tapped on element 'Object Repository/Mobile/Page/Home/Menubar - Portfolio'

2022-02-14 22:52:23 - [MESSAGE][WARNING] - Timeout '0' is invalid. Using default page load timeout: '60'

2022-02-14 22:52:25 - [MESSAGE][PASSED] - Tapped on element 'Object Repository/Mobile/Page/Home/Menubar - Portfolio'

2022-02-14 22:52:25 - [TEST_STEP][PASSED] - delay(1): Delayed 1 second(s)

2022-02-14 22:52:26 - [MESSAGE][PASSED] - Delayed 1 second(s)

2022-02-14 22:52:26 - [TEST_STEP][PASSED] - for ([i = 0, i < 1, (i++)]): scroll.scroll.scrollScreenBottomToTop is PASSED

2022-02-14 22:52:26 - [TEST_STEP][PASSED] - if (tab == "summary"): null

2022-02-14 22:52:26 - [TEST_STEP][PASSED] - else if (tab == "stock"): null

2022-02-14 22:52:26 - [TEST_STEP][PASSED] - else if (tab == "mutualfund"): scroll.scroll.scrollScreenBottomToTop is PASSED

2022-02-14 22:52:26 - [TEST_STEP][PASSED] - tap(PORT_TabMutualFund, 0): Tapped on element 'Object Repository/Mobile/Page/Portfolio/Tab - Mutual Fund'

2022-02-14 22:52:26 - [MESSAGE][WARNING] - Timeout '0' is invalid. Using default page load timeout: '60'

2022-02-14 22:52:27 - [MESSAGE][PASSED] - Tapped on element 'Object Repository/Mobile/Page/Portfolio/Tab - Mutual Fund'

2022-02-14 22:52:27 - [TEST_STEP][PASSED] - delay(1): Delayed 1 second(s)

2022-02-14 22:52:28 - [MESSAGE][PASSED] - Delayed 1 second(s)

2022-02-14 22:52:28 - [TEST_STEP][PASSED] - try: scroll.scroll.scrollScreenBottomToTop is PASSED

2022-02-14 22:52:28 - [TEST_STEP][PASSED] - tapAndHold(PORT_ItemTopMutualFund, 1, 10): Tapped and held on element 'Object Repository/Mobile/Page/Portfolio/Item - Top Mutual Fund' with duration 1

2022-02-14 22:52:31 - [MESSAGE][PASSED] - Tapped and held on element 'Object Repository/Mobile/Page/Portfolio/Item - Top Mutual Fund' with duration 1

2022-02-14 22:52:31 - [TEST_STEP][PASSED] - delay(2): Delayed 2 second(s)

2022-02-14 22:52:33 - [MESSAGE][PASSED] - Delayed 2 second(s)

2022-02-14 22:52:33 - [TEST_STEP][PASSED] - switch (action2): null

2022-02-14 22:52:33 - [TEST_STEP][PASSED] - case "10 year":: null

2022-02-14 22:52:33 - [TEST_STEP][PASSED] - tapAndHold(PORT_DETL_Btn10Year, 1, 0): Tapped and held on element 'Object Repository/Mobile/Page/Portfolio/Detail Mutual Funds/Button - 10 Year' with duration 1

2022-02-14 22:52:33 - [MESSAGE][WARNING] - Timeout '0' is invalid. Using default page load timeout: '60'

2022-02-14 22:52:36 - [MESSAGE][PASSED] - Tapped and held on element 'Object Repository/Mobile/Page/Portfolio/Detail Mutual Funds/Button - 10 Year' with duration 1

2022-02-14 22:52:36 - [TEST_STEP][PASSED] - break: null

2022-02-14 22:52:36 - [TEST_STEP][PASSED] - delay(3): Delayed 3 second(s)

2022-02-14 22:52:39 - [MESSAGE][PASSED] - Delayed 3 second(s)

2022-02-14 22:52:39 - [TEST_STEP][PASSED] - scroll.scroll.scrollScreenBottomToTop(): scroll.scroll.scrollScreenBottomToTop is PASSED

2022-02-14 22:52:39 - [MESSAGE][PASSED] - Current device physical height is 1423

2022-02-14 22:52:39 - [MESSAGE][PASSED] - Current device physical width is 720

2022-02-14 22:52:40 - [MESSAGE][PASSED] - Swiped from 360,1,138 to 360,284

2022-02-14 22:52:40 - [MESSAGE][PASSED] - scroll.scroll.scrollScreenBottomToTop is PASSED

2022-02-14 22:52:40 - [MESSAGE][PASSED] - Call Test Case 'Test Cases/Mobile/Page/Portfolio/Portfolio' successfully

2022-02-14 22:52:40 - [TEST_STEP][PASSED] - callTestCase(findTestCase("Mobile/Page/Run App/Terminate App"), [:], STOP_ON_FAILURE): Call Test Case 'Test Cases/Mobile/Page/Run App/Terminate App' successfully

2022-02-14 22:52:41 - [TEST_CASE][PASSED] - Test Cases/Mobile/Page/Run App/Terminate App: Test Cases/Mobile/Page/Run App/Terminate App

2022-02-14 22:52:41 - [TEST_STEP][PASSED] - startApp.OpenApp.terminateApplication(): startApp.OpenApp.terminateApplication is PASSED

2022-02-14 22:52:44 - [MESSAGE][PASSED] - Delayed 3 second(s)

2022-02-14 22:52:44 - [MESSAGE][PASSED] - Current device physical width is 720

2022-02-14 22:52:44 - [MESSAGE][PASSED] - Current device physical height is 1423

2022-02-14 22:52:45 - [MESSAGE][PASSED] - Swiped from 360,853 to 360,142

2022-02-14 22:52:46 - [MESSAGE][PASSED] - Delayed 1 second(s)

2022-02-14 22:52:48 - [MESSAGE][PASSED] - Swiped from 360,853 to 360,142

2022-02-14 22:52:51 - [MESSAGE][PASSED] - Delayed 3 second(s)

2022-02-14 22:52:51 - [MESSAGE][PASSED] - startApp.OpenApp.terminateApplication is PASSED

2022-02-14 22:52:51 - [MESSAGE][PASSED] - Call Test Case 'Test Cases/Mobile/Page/Run App/Terminate App' successfully]]></system-out>
         <system-err><![CDATA[]]></system-err>
      </testcase>
      <system-out><![CDATA[2022-02-14 22:33:25 - [TEST_SUITE][PASSED] - portfolio: Test Cases/Mobile/Scenario/Portfolio/019 - Melihat detail mutual fund 10 year]]></system-out>
      <system-err><![CDATA[]]></system-err>
   </testsuite>
</testsuites>
