<?xml version="1.0" encoding="UTF-8"?>
<testsuites name="login" time="283.63" tests="5" failures="0" skips="0" errors="0">
   <testsuite name="login" tests="5" failures="0" errors="0" time="283.63" skips="0" timestamp="2022-01-17 14:18:43" hostname="Owner - aldy-tft" id="Test Suites/login">
      <properties>
         <property name="deviceName" value="samsung SM-A205F (Android 11)"/>
         <property name="devicePlatform" value=""/>
         <property name="logFolder" value="C:\\Users\\Owner\\Documents\\kerjaan\\KatalonProject\\qa_katalon_pwm\\qa_katalon_pwm\\Reports\\20220117_141003\\login\\20220117_141010"/>
         <property name="logFiles" value="C:\\Users\\Owner\\Documents\\kerjaan\\KatalonProject\\qa_katalon_pwm\\qa_katalon_pwm\\Reports\\20220117_141003\\login\\20220117_141010\\appium.log, C:\\Users\\Owner\\Documents\\kerjaan\\KatalonProject\\qa_katalon_pwm\\qa_katalon_pwm\\Reports\\20220117_141003\\login\\20220117_141010\\execution0.log"/>
         <property name="attachments" value=""/>
         <property name="hostName" value="Owner - aldy-tft"/>
         <property name="os" value="Windows 10 64bit"/>
         <property name="appiumServerStatus" value="{&quot;value&quot;:{&quot;build&quot;:{&quot;version&quot;:&quot;1.22.0&quot;}},&quot;sessionId&quot;:null,&quot;status&quot;:0}"/>
         <property name="katalonVersion" value="7.9.1.208"/>
         <property name="deviceOS" value="Android"/>
         <property name="appiumVersion" value="1.22.0"/>
         <property name="deviceModel" value="SM-A205F"/>
         <property name="hostAddress" value="192.168.100.36"/>
         <property name="deviceManufacturer" value="samsung"/>
         <property name="deviceId" value="RR8M40C9AXE"/>
         <property name="deviceName" value="samsung SM-A205F (Android 11)"/>
         <property name="deviceOSVersion" value="11"/>
      </properties>
      <testcase name="Test Cases/Mobile/Scenario/Login/001 - Login dengan username" time="76.472" classname="Test Cases/Mobile/Scenario/Login/001 - Login dengan username" status="PASSED">
         <system-out><![CDATA[2022-01-17 14:18:45 - [TEST_CASE][PASSED] - Test Cases/Mobile/Scenario/Login/001 - Login dengan username: Test Cases/Mobile/Scenario/Login/001 - Login dengan username

2022-01-17 14:18:45 - [TEST_STEP][PASSED] - callTestCase(findTestCase("Mobile/Page/Run App/Run App byID"), [:], STOP_ON_FAILURE): Call Test Case 'Test Cases/Mobile/Page/Run App/Run App byID' successfully

2022-01-17 14:18:45 - [TEST_CASE][PASSED] - Test Cases/Mobile/Page/Run App/Run App byID: Test Cases/Mobile/Page/Run App/Run App byID

2022-01-17 14:18:46 - [TEST_STEP][PASSED] - startApp.OpenApp.startApplication("id.co.miraeasset.sageclub"): startApp.OpenApp.startApplication is PASSED

2022-01-17 14:18:48 - [MESSAGE][INFO] - Appium server started on port 63,381

2022-01-17 14:19:04 - [MESSAGE][PASSED] - Starting app with application ID: 'id.co.miraeasset.sageclub'

2022-01-17 14:19:04 - [MESSAGE][PASSED] - startApp.OpenApp.startApplication is PASSED

2022-01-17 14:19:04 - [MESSAGE][PASSED] - Call Test Case 'Test Cases/Mobile/Page/Run App/Run App byID' successfully

2022-01-17 14:19:04 - [TEST_STEP][PASSED] - callTestCase(findTestCase("Mobile/Page/Login/Login"), ["action":"username"], CONTINUE_ON_FAILURE): Call Test Case 'Test Cases/Mobile/Page/Login/Login' successfully

2022-01-17 14:19:04 - [TEST_CASE][PASSED] - Test Cases/Mobile/Page/Login/Login: Test Cases/Mobile/Page/Login/Login

2022-01-17 14:19:05 - [TEST_STEP][PASSED] - delay(2): Delayed 2 second(s)

2022-01-17 14:19:07 - [MESSAGE][PASSED] - Delayed 2 second(s)

2022-01-17 14:19:07 - [TEST_STEP][PASSED] - for ([i = 0, i < 1, (i++)]): null

2022-01-17 14:19:07 - [TEST_STEP][PASSED] - if (action == "username"): null

2022-01-17 14:19:07 - [TEST_STEP][PASSED] - tap(LOGN_EdtUserID, 0): Tapped on element 'Object Repository/Mobile/Page/Login/Input - UserID'

2022-01-17 14:19:31 - [MESSAGE][WARNING] - Timeout '0' is invalid. Using default page load timeout: '60'

2022-01-17 14:19:31 - [MESSAGE][PASSED] - Tapped on element 'Object Repository/Mobile/Page/Login/Input - UserID'

2022-01-17 14:19:31 - [TEST_STEP][PASSED] - delay(1): Delayed 1 second(s)

2022-01-17 14:19:32 - [MESSAGE][PASSED] - Delayed 1 second(s)

2022-01-17 14:19:32 - [TEST_STEP][PASSED] - setText(LOGN_EdtRdyUserID, "anggaaditya", 0): Text 'anggaaditya' has been set to element 'Object Repository/Mobile/Page/Login/Input Rdy - UserID'

2022-01-17 14:19:32 - [MESSAGE][WARNING] - Timeout '0' is invalid. Using default page load timeout: '60'

2022-01-17 14:19:33 - [MESSAGE][PASSED] - Text 'anggaaditya' has been set to element 'Object Repository/Mobile/Page/Login/Input Rdy - UserID'

2022-01-17 14:19:33 - [TEST_STEP][PASSED] - delay(1): Delayed 1 second(s)

2022-01-17 14:19:34 - [MESSAGE][PASSED] - Delayed 1 second(s)

2022-01-17 14:19:34 - [TEST_STEP][PASSED] - hideKeyboard(): Keyboard is hidden

2022-01-17 14:19:38 - [MESSAGE][PASSED] - Keyboard is hidden

2022-01-17 14:19:38 - [TEST_STEP][PASSED] - tap(LOGN_EdtPassword, 0): Tapped on element 'Object Repository/Mobile/Page/Login/Input - Password'

2022-01-17 14:19:38 - [MESSAGE][WARNING] - Timeout '0' is invalid. Using default page load timeout: '60'

2022-01-17 14:19:38 - [MESSAGE][PASSED] - Tapped on element 'Object Repository/Mobile/Page/Login/Input - Password'

2022-01-17 14:19:38 - [TEST_STEP][PASSED] - delay(1): Delayed 1 second(s)

2022-01-17 14:19:39 - [MESSAGE][PASSED] - Delayed 1 second(s)

2022-01-17 14:19:39 - [TEST_STEP][PASSED] - setText(LOGN_EdtRdyPassword, "Shalawa18", 0): Text 'Shalawa18' has been set to element 'Object Repository/Mobile/Page/Login/Input Rdy - Password'

2022-01-17 14:19:39 - [MESSAGE][WARNING] - Timeout '0' is invalid. Using default page load timeout: '60'

2022-01-17 14:19:40 - [MESSAGE][PASSED] - Text 'Shalawa18' has been set to element 'Object Repository/Mobile/Page/Login/Input Rdy - Password'

2022-01-17 14:19:40 - [TEST_STEP][PASSED] - delay(1): Delayed 1 second(s)

2022-01-17 14:19:41 - [MESSAGE][PASSED] - Delayed 1 second(s)

2022-01-17 14:19:41 - [TEST_STEP][PASSED] - hideKeyboard(): Keyboard is hidden

2022-01-17 14:19:47 - [MESSAGE][PASSED] - Keyboard is hidden

2022-01-17 14:19:47 - [TEST_STEP][PASSED] - tap(LOGN_BtnLogin, 0): Tapped on element 'Object Repository/Mobile/Page/Login/Button - Login'

2022-01-17 14:19:47 - [MESSAGE][WARNING] - Timeout '0' is invalid. Using default page load timeout: '60'

2022-01-17 14:19:48 - [MESSAGE][PASSED] - Tapped on element 'Object Repository/Mobile/Page/Login/Button - Login'

2022-01-17 14:19:48 - [TEST_STEP][PASSED] - delay(2): Delayed 2 second(s)

2022-01-17 14:19:50 - [MESSAGE][PASSED] - Delayed 2 second(s)

2022-01-17 14:19:50 - [TEST_STEP][PASSED] - break: null

2022-01-17 14:19:50 - [MESSAGE][PASSED] - Call Test Case 'Test Cases/Mobile/Page/Login/Login' successfully

2022-01-17 14:19:50 - [TEST_STEP][PASSED] - callTestCase(findTestCase("Mobile/Page/Run App/Terminate App"), [:], STOP_ON_FAILURE): Call Test Case 'Test Cases/Mobile/Page/Run App/Terminate App' successfully

2022-01-17 14:19:50 - [TEST_CASE][PASSED] - Test Cases/Mobile/Page/Run App/Terminate App: Test Cases/Mobile/Page/Run App/Terminate App

2022-01-17 14:19:50 - [TEST_STEP][PASSED] - startApp.OpenApp.terminateApplication(): startApp.OpenApp.terminateApplication is PASSED

2022-01-17 14:19:54 - [MESSAGE][PASSED] - Delayed 3 second(s)

2022-01-17 14:19:54 - [MESSAGE][PASSED] - Current device physical width is 720

2022-01-17 14:19:54 - [MESSAGE][PASSED] - Current device physical height is 1423

2022-01-17 14:19:56 - [MESSAGE][PASSED] - Swiped from 360,853 to 360,142

2022-01-17 14:19:57 - [MESSAGE][PASSED] - Delayed 1 second(s)

2022-01-17 14:19:58 - [MESSAGE][PASSED] - Swiped from 360,853 to 360,142

2022-01-17 14:20:01 - [MESSAGE][PASSED] - Delayed 3 second(s)

2022-01-17 14:20:01 - [MESSAGE][PASSED] - startApp.OpenApp.terminateApplication is PASSED

2022-01-17 14:20:01 - [MESSAGE][PASSED] - Call Test Case 'Test Cases/Mobile/Page/Run App/Terminate App' successfully]]></system-out>
         <system-err><![CDATA[]]></system-err>
      </testcase>
      <testcase name="Test Cases/Mobile/Scenario/Login/002 - Login dengan password salah" time="45.907" classname="Test Cases/Mobile/Scenario/Login/002 - Login dengan password salah" status="PASSED">
         <system-out><![CDATA[2022-01-17 14:20:01 - [TEST_CASE][PASSED] - Test Cases/Mobile/Scenario/Login/002 - Login dengan password salah: Test Cases/Mobile/Scenario/Login/002 - Login dengan password salah

2022-01-17 14:20:01 - [TEST_STEP][PASSED] - callTestCase(findTestCase("Mobile/Page/Run App/Run App byID"), [:], STOP_ON_FAILURE): Call Test Case 'Test Cases/Mobile/Page/Run App/Run App byID' successfully

2022-01-17 14:20:02 - [TEST_CASE][PASSED] - Test Cases/Mobile/Page/Run App/Run App byID: Test Cases/Mobile/Page/Run App/Run App byID

2022-01-17 14:20:02 - [TEST_STEP][PASSED] - startApp.OpenApp.startApplication("id.co.miraeasset.sageclub"): startApp.OpenApp.startApplication is PASSED

2022-01-17 14:20:15 - [MESSAGE][PASSED] - Starting app with application ID: 'id.co.miraeasset.sageclub'

2022-01-17 14:20:15 - [MESSAGE][PASSED] - startApp.OpenApp.startApplication is PASSED

2022-01-17 14:20:15 - [MESSAGE][PASSED] - Call Test Case 'Test Cases/Mobile/Page/Run App/Run App byID' successfully

2022-01-17 14:20:15 - [TEST_STEP][PASSED] - callTestCase(findTestCase("Mobile/Page/Login/Login"), ["action":"wrongpassword"], CONTINUE_ON_FAILURE): Call Test Case 'Test Cases/Mobile/Page/Login/Login' successfully

2022-01-17 14:20:15 - [TEST_CASE][PASSED] - Test Cases/Mobile/Page/Login/Login: Test Cases/Mobile/Page/Login/Login

2022-01-17 14:20:15 - [TEST_STEP][PASSED] - delay(2): Delayed 2 second(s)

2022-01-17 14:20:17 - [MESSAGE][PASSED] - Delayed 2 second(s)

2022-01-17 14:20:17 - [TEST_STEP][PASSED] - for ([i = 0, i < 1, (i++)]): null

2022-01-17 14:20:17 - [TEST_STEP][PASSED] - if (action == "username"): null

2022-01-17 14:20:17 - [TEST_STEP][PASSED] - else if (action == "wrongpassword"): null

2022-01-17 14:20:17 - [TEST_STEP][PASSED] - tap(LOGN_EdtUserID, 0): Tapped on element 'Object Repository/Mobile/Page/Login/Input - UserID'

2022-01-17 14:20:17 - [MESSAGE][WARNING] - Timeout '0' is invalid. Using default page load timeout: '60'

2022-01-17 14:20:18 - [MESSAGE][PASSED] - Tapped on element 'Object Repository/Mobile/Page/Login/Input - UserID'

2022-01-17 14:20:18 - [TEST_STEP][PASSED] - delay(1): Delayed 1 second(s)

2022-01-17 14:20:19 - [MESSAGE][PASSED] - Delayed 1 second(s)

2022-01-17 14:20:19 - [TEST_STEP][PASSED] - setText(LOGN_EdtRdyUserID, "anggaaditya", 0): Text 'anggaaditya' has been set to element 'Object Repository/Mobile/Page/Login/Input Rdy - UserID'

2022-01-17 14:20:19 - [MESSAGE][WARNING] - Timeout '0' is invalid. Using default page load timeout: '60'

2022-01-17 14:20:20 - [MESSAGE][PASSED] - Text 'anggaaditya' has been set to element 'Object Repository/Mobile/Page/Login/Input Rdy - UserID'

2022-01-17 14:20:20 - [TEST_STEP][PASSED] - delay(1): Delayed 1 second(s)

2022-01-17 14:20:21 - [MESSAGE][PASSED] - Delayed 1 second(s)

2022-01-17 14:20:21 - [TEST_STEP][PASSED] - hideKeyboard(): Keyboard is hidden

2022-01-17 14:20:24 - [MESSAGE][PASSED] - Keyboard is hidden

2022-01-17 14:20:24 - [TEST_STEP][PASSED] - tap(LOGN_EdtPassword, 0): Tapped on element 'Object Repository/Mobile/Page/Login/Input - Password'

2022-01-17 14:20:24 - [MESSAGE][WARNING] - Timeout '0' is invalid. Using default page load timeout: '60'

2022-01-17 14:20:25 - [MESSAGE][PASSED] - Tapped on element 'Object Repository/Mobile/Page/Login/Input - Password'

2022-01-17 14:20:25 - [TEST_STEP][PASSED] - delay(1): Delayed 1 second(s)

2022-01-17 14:20:26 - [MESSAGE][PASSED] - Delayed 1 second(s)

2022-01-17 14:20:26 - [TEST_STEP][PASSED] - setText(LOGN_EdtRdyPassword, "Shalawa181", 0): Text 'Shalawa181' has been set to element 'Object Repository/Mobile/Page/Login/Input Rdy - Password'

2022-01-17 14:20:26 - [MESSAGE][WARNING] - Timeout '0' is invalid. Using default page load timeout: '60'

2022-01-17 14:20:26 - [MESSAGE][PASSED] - Text 'Shalawa181' has been set to element 'Object Repository/Mobile/Page/Login/Input Rdy - Password'

2022-01-17 14:20:26 - [TEST_STEP][PASSED] - delay(1): Delayed 1 second(s)

2022-01-17 14:20:27 - [MESSAGE][PASSED] - Delayed 1 second(s)

2022-01-17 14:20:27 - [TEST_STEP][PASSED] - hideKeyboard(): Keyboard is hidden

2022-01-17 14:20:33 - [MESSAGE][PASSED] - Keyboard is hidden

2022-01-17 14:20:33 - [TEST_STEP][PASSED] - tap(LOGN_BtnLogin, 0): Tapped on element 'Object Repository/Mobile/Page/Login/Button - Login'

2022-01-17 14:20:33 - [MESSAGE][WARNING] - Timeout '0' is invalid. Using default page load timeout: '60'

2022-01-17 14:20:34 - [MESSAGE][PASSED] - Tapped on element 'Object Repository/Mobile/Page/Login/Button - Login'

2022-01-17 14:20:34 - [TEST_STEP][PASSED] - delay(2): Delayed 2 second(s)

2022-01-17 14:20:36 - [MESSAGE][PASSED] - Delayed 2 second(s)

2022-01-17 14:20:36 - [TEST_STEP][PASSED] - verify = verifyElementExist(LOGN_AlertInvalidCredentials, 5, STOP_ON_FAILURE): Element 'Object Repository/Mobile/Page/Login/Alert - Invalid credentials' is exist

2022-01-17 14:20:37 - [MESSAGE][PASSED] - Element 'Object Repository/Mobile/Page/Login/Alert - Invalid credentials' is exist

2022-01-17 14:20:37 - [TEST_STEP][PASSED] - break: null

2022-01-17 14:20:37 - [MESSAGE][PASSED] - Call Test Case 'Test Cases/Mobile/Page/Login/Login' successfully

2022-01-17 14:20:37 - [TEST_STEP][PASSED] - callTestCase(findTestCase("Mobile/Page/Run App/Terminate App"), [:], STOP_ON_FAILURE): Call Test Case 'Test Cases/Mobile/Page/Run App/Terminate App' successfully

2022-01-17 14:20:37 - [TEST_CASE][PASSED] - Test Cases/Mobile/Page/Run App/Terminate App: Test Cases/Mobile/Page/Run App/Terminate App

2022-01-17 14:20:37 - [TEST_STEP][PASSED] - startApp.OpenApp.terminateApplication(): startApp.OpenApp.terminateApplication is PASSED

2022-01-17 14:20:40 - [MESSAGE][PASSED] - Delayed 3 second(s)

2022-01-17 14:20:40 - [MESSAGE][PASSED] - Current device physical width is 720

2022-01-17 14:20:40 - [MESSAGE][PASSED] - Current device physical height is 1423

2022-01-17 14:20:42 - [MESSAGE][PASSED] - Swiped from 360,853 to 360,142

2022-01-17 14:20:43 - [MESSAGE][PASSED] - Delayed 1 second(s)

2022-01-17 14:20:44 - [MESSAGE][PASSED] - Swiped from 360,853 to 360,142

2022-01-17 14:20:47 - [MESSAGE][PASSED] - Delayed 3 second(s)

2022-01-17 14:20:47 - [MESSAGE][PASSED] - startApp.OpenApp.terminateApplication is PASSED

2022-01-17 14:20:47 - [MESSAGE][PASSED] - Call Test Case 'Test Cases/Mobile/Page/Run App/Terminate App' successfully]]></system-out>
         <system-err><![CDATA[]]></system-err>
      </testcase>
      <testcase name="Test Cases/Mobile/Scenario/Login/003 - Login tanpa internet" time="59.467" classname="Test Cases/Mobile/Scenario/Login/003 - Login tanpa internet" status="PASSED">
         <system-out><![CDATA[2022-01-17 14:20:47 - [TEST_CASE][PASSED] - Test Cases/Mobile/Scenario/Login/003 - Login tanpa internet: Test Cases/Mobile/Scenario/Login/003 - Login tanpa internet

2022-01-17 14:20:47 - [TEST_STEP][PASSED] - callTestCase(findTestCase("Mobile/Page/Run App/Run App byID"), [:], STOP_ON_FAILURE): Call Test Case 'Test Cases/Mobile/Page/Run App/Run App byID' successfully

2022-01-17 14:20:47 - [TEST_CASE][PASSED] - Test Cases/Mobile/Page/Run App/Run App byID: Test Cases/Mobile/Page/Run App/Run App byID

2022-01-17 14:20:47 - [TEST_STEP][PASSED] - startApp.OpenApp.startApplication("id.co.miraeasset.sageclub"): startApp.OpenApp.startApplication is PASSED

2022-01-17 14:21:01 - [MESSAGE][PASSED] - Starting app with application ID: 'id.co.miraeasset.sageclub'

2022-01-17 14:21:01 - [MESSAGE][PASSED] - startApp.OpenApp.startApplication is PASSED

2022-01-17 14:21:01 - [MESSAGE][PASSED] - Call Test Case 'Test Cases/Mobile/Page/Run App/Run App byID' successfully

2022-01-17 14:21:01 - [TEST_STEP][PASSED] - callTestCase(findTestCase("Mobile/Page/Login/Login"), ["action":"nointernet"], CONTINUE_ON_FAILURE): Call Test Case 'Test Cases/Mobile/Page/Login/Login' successfully

2022-01-17 14:21:01 - [TEST_CASE][PASSED] - Test Cases/Mobile/Page/Login/Login: Test Cases/Mobile/Page/Login/Login

2022-01-17 14:21:01 - [TEST_STEP][PASSED] - delay(2): Delayed 2 second(s)

2022-01-17 14:21:03 - [MESSAGE][PASSED] - Delayed 2 second(s)

2022-01-17 14:21:03 - [TEST_STEP][PASSED] - for ([i = 0, i < 1, (i++)]): null

2022-01-17 14:21:03 - [TEST_STEP][PASSED] - if (action == "username"): null

2022-01-17 14:21:03 - [TEST_STEP][PASSED] - else if (action == "wrongpassword"): null

2022-01-17 14:21:03 - [TEST_STEP][PASSED] - else if (action == "nointernet"): null

2022-01-17 14:21:03 - [TEST_STEP][PASSED] - scroll.scroll.scrollNotificationBar(): scroll.scroll.scrollNotificationBar is PASSED

2022-01-17 14:21:03 - [MESSAGE][PASSED] - Current device physical height is 1423

2022-01-17 14:21:05 - [MESSAGE][PASSED] - Swiped from 50,50 to 50,1,138

2022-01-17 14:21:05 - [MESSAGE][PASSED] - scroll.scroll.scrollNotificationBar is PASSED

2022-01-17 14:21:05 - [TEST_STEP][PASSED] - delay(1): Delayed 1 second(s)

2022-01-17 14:21:06 - [MESSAGE][PASSED] - Delayed 1 second(s)

2022-01-17 14:21:06 - [TEST_STEP][PASSED] - tap(OTHR_BtnWifi, 0): Tapped on element 'Object Repository/Mobile/Page/Others/Button - Wifi'

2022-01-17 14:21:06 - [MESSAGE][WARNING] - Timeout '0' is invalid. Using default page load timeout: '60'

2022-01-17 14:21:07 - [MESSAGE][PASSED] - Tapped on element 'Object Repository/Mobile/Page/Others/Button - Wifi'

2022-01-17 14:21:07 - [TEST_STEP][PASSED] - delay(1): Delayed 1 second(s)

2022-01-17 14:21:08 - [MESSAGE][PASSED] - Delayed 1 second(s)

2022-01-17 14:21:08 - [TEST_STEP][PASSED] - pressBack(): Press back button successfully

2022-01-17 14:21:08 - [MESSAGE][PASSED] - Press back button successfully

2022-01-17 14:21:08 - [TEST_STEP][PASSED] - tap(LOGN_EdtUserID, 0): Tapped on element 'Object Repository/Mobile/Page/Login/Input - UserID'

2022-01-17 14:21:08 - [MESSAGE][WARNING] - Timeout '0' is invalid. Using default page load timeout: '60'

2022-01-17 14:21:10 - [MESSAGE][PASSED] - Tapped on element 'Object Repository/Mobile/Page/Login/Input - UserID'

2022-01-17 14:21:10 - [TEST_STEP][PASSED] - delay(1): Delayed 1 second(s)

2022-01-17 14:21:11 - [MESSAGE][PASSED] - Delayed 1 second(s)

2022-01-17 14:21:11 - [TEST_STEP][PASSED] - setText(LOGN_EdtRdyUserID, "anggaaditya", 0): Text 'anggaaditya' has been set to element 'Object Repository/Mobile/Page/Login/Input Rdy - UserID'

2022-01-17 14:21:11 - [MESSAGE][WARNING] - Timeout '0' is invalid. Using default page load timeout: '60'

2022-01-17 14:21:12 - [MESSAGE][PASSED] - Text 'anggaaditya' has been set to element 'Object Repository/Mobile/Page/Login/Input Rdy - UserID'

2022-01-17 14:21:12 - [TEST_STEP][PASSED] - delay(1): Delayed 1 second(s)

2022-01-17 14:21:13 - [MESSAGE][PASSED] - Delayed 1 second(s)

2022-01-17 14:21:13 - [TEST_STEP][PASSED] - hideKeyboard(): Keyboard is hidden

2022-01-17 14:21:16 - [MESSAGE][PASSED] - Keyboard is hidden

2022-01-17 14:21:16 - [TEST_STEP][PASSED] - tap(LOGN_EdtPassword, 0): Tapped on element 'Object Repository/Mobile/Page/Login/Input - Password'

2022-01-17 14:21:16 - [MESSAGE][WARNING] - Timeout '0' is invalid. Using default page load timeout: '60'

2022-01-17 14:21:17 - [MESSAGE][PASSED] - Tapped on element 'Object Repository/Mobile/Page/Login/Input - Password'

2022-01-17 14:21:17 - [TEST_STEP][PASSED] - delay(1): Delayed 1 second(s)

2022-01-17 14:21:18 - [MESSAGE][PASSED] - Delayed 1 second(s)

2022-01-17 14:21:18 - [TEST_STEP][PASSED] - setText(LOGN_EdtRdyPassword, "Shalawa18", 0): Text 'Shalawa18' has been set to element 'Object Repository/Mobile/Page/Login/Input Rdy - Password'

2022-01-17 14:21:18 - [MESSAGE][WARNING] - Timeout '0' is invalid. Using default page load timeout: '60'

2022-01-17 14:21:18 - [MESSAGE][PASSED] - Text 'Shalawa18' has been set to element 'Object Repository/Mobile/Page/Login/Input Rdy - Password'

2022-01-17 14:21:18 - [TEST_STEP][PASSED] - delay(1): Delayed 1 second(s)

2022-01-17 14:21:19 - [MESSAGE][PASSED] - Delayed 1 second(s)

2022-01-17 14:21:19 - [TEST_STEP][PASSED] - hideKeyboard(): Keyboard is hidden

2022-01-17 14:21:25 - [MESSAGE][PASSED] - Keyboard is hidden

2022-01-17 14:21:25 - [TEST_STEP][PASSED] - tap(LOGN_BtnLogin, 0): Tapped on element 'Object Repository/Mobile/Page/Login/Button - Login'

2022-01-17 14:21:25 - [MESSAGE][WARNING] - Timeout '0' is invalid. Using default page load timeout: '60'

2022-01-17 14:21:26 - [MESSAGE][PASSED] - Tapped on element 'Object Repository/Mobile/Page/Login/Button - Login'

2022-01-17 14:21:26 - [TEST_STEP][PASSED] - delay(2): Delayed 2 second(s)

2022-01-17 14:21:28 - [MESSAGE][PASSED] - Delayed 2 second(s)

2022-01-17 14:21:28 - [TEST_STEP][PASSED] - verify = verifyElementExist(LOGN_AlertCheckYourNetwork, 5, STOP_ON_FAILURE): Element 'Object Repository/Mobile/Page/Login/Alert - Check your network' is exist

2022-01-17 14:21:29 - [MESSAGE][PASSED] - Element 'Object Repository/Mobile/Page/Login/Alert - Check your network' is exist

2022-01-17 14:21:29 - [TEST_STEP][PASSED] - scroll.scroll.scrollNotificationBar(): scroll.scroll.scrollNotificationBar is PASSED

2022-01-17 14:21:30 - [MESSAGE][PASSED] - Current device physical height is 1423

2022-01-17 14:21:31 - [MESSAGE][PASSED] - Swiped from 50,50 to 50,1,138

2022-01-17 14:21:31 - [MESSAGE][PASSED] - scroll.scroll.scrollNotificationBar is PASSED

2022-01-17 14:21:31 - [TEST_STEP][PASSED] - delay(1): Delayed 1 second(s)

2022-01-17 14:21:32 - [MESSAGE][PASSED] - Delayed 1 second(s)

2022-01-17 14:21:32 - [TEST_STEP][PASSED] - tap(OTHR_BtnWifi, 0): Tapped on element 'Object Repository/Mobile/Page/Others/Button - Wifi'

2022-01-17 14:21:32 - [MESSAGE][WARNING] - Timeout '0' is invalid. Using default page load timeout: '60'

2022-01-17 14:21:33 - [MESSAGE][PASSED] - Tapped on element 'Object Repository/Mobile/Page/Others/Button - Wifi'

2022-01-17 14:21:33 - [TEST_STEP][PASSED] - delay(1): Delayed 1 second(s)

2022-01-17 14:21:34 - [MESSAGE][PASSED] - Delayed 1 second(s)

2022-01-17 14:21:34 - [TEST_STEP][PASSED] - pressBack(): Press back button successfully

2022-01-17 14:21:34 - [MESSAGE][PASSED] - Press back button successfully

2022-01-17 14:21:34 - [TEST_STEP][PASSED] - break: null

2022-01-17 14:21:34 - [MESSAGE][PASSED] - Call Test Case 'Test Cases/Mobile/Page/Login/Login' successfully

2022-01-17 14:21:34 - [TEST_STEP][PASSED] - callTestCase(findTestCase("Mobile/Page/Run App/Terminate App"), [:], STOP_ON_FAILURE): Call Test Case 'Test Cases/Mobile/Page/Run App/Terminate App' successfully

2022-01-17 14:21:35 - [TEST_CASE][PASSED] - Test Cases/Mobile/Page/Run App/Terminate App: Test Cases/Mobile/Page/Run App/Terminate App

2022-01-17 14:21:35 - [TEST_STEP][PASSED] - startApp.OpenApp.terminateApplication(): startApp.OpenApp.terminateApplication is PASSED

2022-01-17 14:21:39 - [MESSAGE][PASSED] - Delayed 3 second(s)

2022-01-17 14:21:39 - [MESSAGE][PASSED] - Current device physical width is 720

2022-01-17 14:21:40 - [MESSAGE][PASSED] - Current device physical height is 1423

2022-01-17 14:21:41 - [MESSAGE][PASSED] - Swiped from 360,853 to 360,142

2022-01-17 14:21:42 - [MESSAGE][PASSED] - Delayed 1 second(s)

2022-01-17 14:21:43 - [MESSAGE][PASSED] - Swiped from 360,853 to 360,142

2022-01-17 14:21:46 - [MESSAGE][PASSED] - Delayed 3 second(s)

2022-01-17 14:21:46 - [MESSAGE][PASSED] - startApp.OpenApp.terminateApplication is PASSED

2022-01-17 14:21:46 - [MESSAGE][PASSED] - Call Test Case 'Test Cases/Mobile/Page/Run App/Terminate App' successfully]]></system-out>
         <system-err><![CDATA[]]></system-err>
      </testcase>
      <testcase name="Test Cases/Mobile/Scenario/Login/004 - Login dengan mengaktifkan visible password" time="46.903" classname="Test Cases/Mobile/Scenario/Login/004 - Login dengan mengaktifkan visible password" status="PASSED">
         <system-out><![CDATA[2022-01-17 14:21:46 - [TEST_CASE][PASSED] - Test Cases/Mobile/Scenario/Login/004 - Login dengan mengaktifkan visible password: Test Cases/Mobile/Scenario/Login/004 - Login dengan mengaktifkan visible password

2022-01-17 14:21:47 - [TEST_STEP][PASSED] - callTestCase(findTestCase("Mobile/Page/Run App/Run App byID"), [:], STOP_ON_FAILURE): Call Test Case 'Test Cases/Mobile/Page/Run App/Run App byID' successfully

2022-01-17 14:21:47 - [TEST_CASE][PASSED] - Test Cases/Mobile/Page/Run App/Run App byID: Test Cases/Mobile/Page/Run App/Run App byID

2022-01-17 14:21:47 - [TEST_STEP][PASSED] - startApp.OpenApp.startApplication("id.co.miraeasset.sageclub"): startApp.OpenApp.startApplication is PASSED

2022-01-17 14:22:01 - [MESSAGE][PASSED] - Starting app with application ID: 'id.co.miraeasset.sageclub'

2022-01-17 14:22:01 - [MESSAGE][PASSED] - startApp.OpenApp.startApplication is PASSED

2022-01-17 14:22:01 - [MESSAGE][PASSED] - Call Test Case 'Test Cases/Mobile/Page/Run App/Run App byID' successfully

2022-01-17 14:22:01 - [TEST_STEP][PASSED] - callTestCase(findTestCase("Mobile/Page/Login/Login"), ["action":"visiblepassword"], CONTINUE_ON_FAILURE): Call Test Case 'Test Cases/Mobile/Page/Login/Login' successfully

2022-01-17 14:22:01 - [TEST_CASE][PASSED] - Test Cases/Mobile/Page/Login/Login: Test Cases/Mobile/Page/Login/Login

2022-01-17 14:22:01 - [TEST_STEP][PASSED] - delay(2): Delayed 2 second(s)

2022-01-17 14:22:03 - [MESSAGE][PASSED] - Delayed 2 second(s)

2022-01-17 14:22:03 - [TEST_STEP][PASSED] - for ([i = 0, i < 1, (i++)]): null

2022-01-17 14:22:03 - [TEST_STEP][PASSED] - if (action == "username"): null

2022-01-17 14:22:03 - [TEST_STEP][PASSED] - else if (action == "wrongpassword"): null

2022-01-17 14:22:03 - [TEST_STEP][PASSED] - else if (action == "nointernet"): null

2022-01-17 14:22:03 - [TEST_STEP][PASSED] - else if (action == "visiblepassword"): null

2022-01-17 14:22:03 - [TEST_STEP][PASSED] - tap(LOGN_EdtUserID, 0): Tapped on element 'Object Repository/Mobile/Page/Login/Input - UserID'

2022-01-17 14:22:03 - [MESSAGE][WARNING] - Timeout '0' is invalid. Using default page load timeout: '60'

2022-01-17 14:22:04 - [MESSAGE][PASSED] - Tapped on element 'Object Repository/Mobile/Page/Login/Input - UserID'

2022-01-17 14:22:04 - [TEST_STEP][PASSED] - delay(1): Delayed 1 second(s)

2022-01-17 14:22:05 - [MESSAGE][PASSED] - Delayed 1 second(s)

2022-01-17 14:22:05 - [TEST_STEP][PASSED] - setText(LOGN_EdtRdyUserID, "anggaaditya", 0): Text 'anggaaditya' has been set to element 'Object Repository/Mobile/Page/Login/Input Rdy - UserID'

2022-01-17 14:22:05 - [MESSAGE][WARNING] - Timeout '0' is invalid. Using default page load timeout: '60'

2022-01-17 14:22:05 - [MESSAGE][PASSED] - Text 'anggaaditya' has been set to element 'Object Repository/Mobile/Page/Login/Input Rdy - UserID'

2022-01-17 14:22:05 - [TEST_STEP][PASSED] - delay(1): Delayed 1 second(s)

2022-01-17 14:22:06 - [MESSAGE][PASSED] - Delayed 1 second(s)

2022-01-17 14:22:06 - [TEST_STEP][PASSED] - hideKeyboard(): Keyboard is hidden

2022-01-17 14:22:10 - [MESSAGE][PASSED] - Keyboard is hidden

2022-01-17 14:22:10 - [TEST_STEP][PASSED] - top = getElementTopPosition(LOGN_EdtPassword, 0): Object 'Object Repository/Mobile/Page/Login/Input - Password' has top position '758'

2022-01-17 14:22:10 - [MESSAGE][WARNING] - Timeout '0' is invalid. Using default page load timeout: '60'

2022-01-17 14:22:11 - [MESSAGE][PASSED] - Object 'Object Repository/Mobile/Page/Login/Input - Password' has top position '758'

2022-01-17 14:22:11 - [TEST_STEP][PASSED] - left = getElementLeftPosition(LOGN_EdtPassword, 0): Object 'Object Repository/Mobile/Page/Login/Input - Password' has left position '32'

2022-01-17 14:22:11 - [MESSAGE][WARNING] - Timeout '0' is invalid. Using default page load timeout: '60'

2022-01-17 14:22:11 - [MESSAGE][PASSED] - Object 'Object Repository/Mobile/Page/Login/Input - Password' has left position '32'

2022-01-17 14:22:11 - [TEST_STEP][PASSED] - x = left + getElementWidth(LOGN_EdtPassword, 0) * 0.9: Object 'Object Repository/Mobile/Page/Login/Input - Password' has width: '657'

2022-01-17 14:22:11 - [MESSAGE][WARNING] - Timeout '0' is invalid. Using default page load timeout: '60'

2022-01-17 14:22:12 - [MESSAGE][PASSED] - Object 'Object Repository/Mobile/Page/Login/Input - Password' has width: '657'

2022-01-17 14:22:12 - [TEST_STEP][PASSED] - y = top + getElementHeight(LOGN_EdtPassword, 0) / 2: Object 'Object Repository/Mobile/Page/Login/Input - Password' has height: '84'

2022-01-17 14:22:12 - [MESSAGE][WARNING] - Timeout '0' is invalid. Using default page load timeout: '60'

2022-01-17 14:22:12 - [MESSAGE][PASSED] - Object 'Object Repository/Mobile/Page/Login/Input - Password' has height: '84'

2022-01-17 14:22:12 - [TEST_STEP][PASSED] - tapAtPosition(x, y): Tapped at [623, 800]

2022-01-17 14:22:13 - [MESSAGE][PASSED] - Tapped at [623, 800]

2022-01-17 14:22:13 - [TEST_STEP][PASSED] - delay(1): Delayed 1 second(s)

2022-01-17 14:22:14 - [MESSAGE][PASSED] - Delayed 1 second(s)

2022-01-17 14:22:14 - [TEST_STEP][PASSED] - tap(LOGN_EdtPassword, 0): Tapped on element 'Object Repository/Mobile/Page/Login/Input - Password'

2022-01-17 14:22:14 - [MESSAGE][WARNING] - Timeout '0' is invalid. Using default page load timeout: '60'

2022-01-17 14:22:14 - [MESSAGE][PASSED] - Tapped on element 'Object Repository/Mobile/Page/Login/Input - Password'

2022-01-17 14:22:14 - [TEST_STEP][PASSED] - delay(1): Delayed 1 second(s)

2022-01-17 14:22:15 - [MESSAGE][PASSED] - Delayed 1 second(s)

2022-01-17 14:22:15 - [TEST_STEP][PASSED] - setText(LOGN_EdtRdyPassword, "Shalawa18", 0): Text 'Shalawa18' has been set to element 'Object Repository/Mobile/Page/Login/Input Rdy - Password'

2022-01-17 14:22:15 - [MESSAGE][WARNING] - Timeout '0' is invalid. Using default page load timeout: '60'

2022-01-17 14:22:15 - [MESSAGE][PASSED] - Text 'Shalawa18' has been set to element 'Object Repository/Mobile/Page/Login/Input Rdy - Password'

2022-01-17 14:22:15 - [TEST_STEP][PASSED] - delay(1): Delayed 1 second(s)

2022-01-17 14:22:16 - [MESSAGE][PASSED] - Delayed 1 second(s)

2022-01-17 14:22:16 - [TEST_STEP][PASSED] - hideKeyboard(): Keyboard is hidden

2022-01-17 14:22:20 - [MESSAGE][PASSED] - Keyboard is hidden

2022-01-17 14:22:20 - [TEST_STEP][PASSED] - tap(LOGN_BtnLogin, 0): Tapped on element 'Object Repository/Mobile/Page/Login/Button - Login'

2022-01-17 14:22:20 - [MESSAGE][WARNING] - Timeout '0' is invalid. Using default page load timeout: '60'

2022-01-17 14:22:21 - [MESSAGE][PASSED] - Tapped on element 'Object Repository/Mobile/Page/Login/Button - Login'

2022-01-17 14:22:21 - [TEST_STEP][PASSED] - delay(2): Delayed 2 second(s)

2022-01-17 14:22:23 - [MESSAGE][PASSED] - Delayed 2 second(s)

2022-01-17 14:22:23 - [TEST_STEP][PASSED] - break: null

2022-01-17 14:22:23 - [MESSAGE][PASSED] - Call Test Case 'Test Cases/Mobile/Page/Login/Login' successfully

2022-01-17 14:22:23 - [TEST_STEP][PASSED] - callTestCase(findTestCase("Mobile/Page/Run App/Terminate App"), [:], STOP_ON_FAILURE): Call Test Case 'Test Cases/Mobile/Page/Run App/Terminate App' successfully

2022-01-17 14:22:23 - [TEST_CASE][PASSED] - Test Cases/Mobile/Page/Run App/Terminate App: Test Cases/Mobile/Page/Run App/Terminate App

2022-01-17 14:22:23 - [TEST_STEP][PASSED] - startApp.OpenApp.terminateApplication(): startApp.OpenApp.terminateApplication is PASSED

2022-01-17 14:22:26 - [MESSAGE][PASSED] - Delayed 3 second(s)

2022-01-17 14:22:26 - [MESSAGE][PASSED] - Current device physical width is 720

2022-01-17 14:22:27 - [MESSAGE][PASSED] - Current device physical height is 1423

2022-01-17 14:22:28 - [MESSAGE][PASSED] - Swiped from 360,853 to 360,142

2022-01-17 14:22:29 - [MESSAGE][PASSED] - Delayed 1 second(s)

2022-01-17 14:22:30 - [MESSAGE][PASSED] - Swiped from 360,853 to 360,142

2022-01-17 14:22:33 - [MESSAGE][PASSED] - Delayed 3 second(s)

2022-01-17 14:22:33 - [MESSAGE][PASSED] - startApp.OpenApp.terminateApplication is PASSED

2022-01-17 14:22:33 - [MESSAGE][PASSED] - Call Test Case 'Test Cases/Mobile/Page/Run App/Terminate App' successfully]]></system-out>
         <system-err><![CDATA[]]></system-err>
      </testcase>
      <testcase name="Test Cases/Mobile/Scenario/Login/005 - Login menggunakan username dengan membatalkan fingerprint" time="53.323" classname="Test Cases/Mobile/Scenario/Login/005 - Login menggunakan username dengan membatalkan fingerprint" status="PASSED">
         <system-out><![CDATA[2022-01-17 14:22:33 - [TEST_CASE][PASSED] - Test Cases/Mobile/Scenario/Login/005 - Login menggunakan username dengan membatalkan fingerprint: Test Cases/Mobile/Scenario/Login/005 - Login menggunakan username dengan membatalkan fingerprint

2022-01-17 14:22:34 - [TEST_STEP][PASSED] - callTestCase(findTestCase("Mobile/Page/Run App/Run App byID"), [:], STOP_ON_FAILURE): Call Test Case 'Test Cases/Mobile/Page/Run App/Run App byID' successfully

2022-01-17 14:22:34 - [TEST_CASE][PASSED] - Test Cases/Mobile/Page/Run App/Run App byID: Test Cases/Mobile/Page/Run App/Run App byID

2022-01-17 14:22:34 - [TEST_STEP][PASSED] - startApp.OpenApp.startApplication("id.co.miraeasset.sageclub"): startApp.OpenApp.startApplication is PASSED

2022-01-17 14:22:49 - [MESSAGE][PASSED] - Starting app with application ID: 'id.co.miraeasset.sageclub'

2022-01-17 14:22:49 - [MESSAGE][PASSED] - startApp.OpenApp.startApplication is PASSED

2022-01-17 14:22:49 - [MESSAGE][PASSED] - Call Test Case 'Test Cases/Mobile/Page/Run App/Run App byID' successfully

2022-01-17 14:22:49 - [TEST_STEP][PASSED] - callTestCase(findTestCase("Mobile/Page/Login/Login"), ["action":"cancelfingerprint"], CONTINUE_ON_FAILURE): Call Test Case 'Test Cases/Mobile/Page/Login/Login' successfully

2022-01-17 14:22:49 - [TEST_CASE][PASSED] - Test Cases/Mobile/Page/Login/Login: Test Cases/Mobile/Page/Login/Login

2022-01-17 14:22:49 - [TEST_STEP][PASSED] - delay(2): Delayed 2 second(s)

2022-01-17 14:22:51 - [MESSAGE][PASSED] - Delayed 2 second(s)

2022-01-17 14:22:51 - [TEST_STEP][PASSED] - for ([i = 0, i < 1, (i++)]): Delayed 2 second(s)

2022-01-17 14:22:51 - [TEST_STEP][PASSED] - if (action == "username"): null

2022-01-17 14:22:51 - [TEST_STEP][PASSED] - else if (action == "wrongpassword"): null

2022-01-17 14:22:51 - [TEST_STEP][PASSED] - else if (action == "nointernet"): null

2022-01-17 14:22:51 - [TEST_STEP][PASSED] - else if (action == "visiblepassword"): null

2022-01-17 14:22:51 - [TEST_STEP][PASSED] - else if (action == "cancelfingerprint"): Delayed 2 second(s)

2022-01-17 14:22:51 - [TEST_STEP][PASSED] - tap(LOGN_BtnFingerprint, 0): Tapped on element 'Object Repository/Mobile/Page/Login/Button - Fingerprint'

2022-01-17 14:22:51 - [MESSAGE][WARNING] - Timeout '0' is invalid. Using default page load timeout: '60'

2022-01-17 14:22:53 - [MESSAGE][PASSED] - Tapped on element 'Object Repository/Mobile/Page/Login/Button - Fingerprint'

2022-01-17 14:22:53 - [TEST_STEP][PASSED] - delay(1): Delayed 1 second(s)

2022-01-17 14:22:54 - [MESSAGE][PASSED] - Delayed 1 second(s)

2022-01-17 14:22:54 - [TEST_STEP][PASSED] - pressBack(): Press back button successfully

2022-01-17 14:22:54 - [MESSAGE][PASSED] - Press back button successfully

2022-01-17 14:22:54 - [TEST_STEP][PASSED] - delay(1): Delayed 1 second(s)

2022-01-17 14:22:55 - [MESSAGE][PASSED] - Delayed 1 second(s)

2022-01-17 14:22:55 - [TEST_STEP][PASSED] - tap(LOGN_EdtUserID, 0): Tapped on element 'Object Repository/Mobile/Page/Login/Input - UserID'

2022-01-17 14:22:55 - [MESSAGE][WARNING] - Timeout '0' is invalid. Using default page load timeout: '60'

2022-01-17 14:22:56 - [MESSAGE][PASSED] - Tapped on element 'Object Repository/Mobile/Page/Login/Input - UserID'

2022-01-17 14:22:56 - [TEST_STEP][PASSED] - delay(1): Delayed 1 second(s)

2022-01-17 14:22:57 - [MESSAGE][PASSED] - Delayed 1 second(s)

2022-01-17 14:22:57 - [TEST_STEP][PASSED] - setText(LOGN_EdtRdyUserID, "anggaaditya", 0): Text 'anggaaditya' has been set to element 'Object Repository/Mobile/Page/Login/Input Rdy - UserID'

2022-01-17 14:22:57 - [MESSAGE][WARNING] - Timeout '0' is invalid. Using default page load timeout: '60'

2022-01-17 14:22:57 - [MESSAGE][PASSED] - Text 'anggaaditya' has been set to element 'Object Repository/Mobile/Page/Login/Input Rdy - UserID'

2022-01-17 14:22:57 - [TEST_STEP][PASSED] - delay(1): Delayed 1 second(s)

2022-01-17 14:22:58 - [MESSAGE][PASSED] - Delayed 1 second(s)

2022-01-17 14:22:58 - [TEST_STEP][PASSED] - hideKeyboard(): Keyboard is hidden

2022-01-17 14:23:02 - [MESSAGE][PASSED] - Keyboard is hidden

2022-01-17 14:23:02 - [TEST_STEP][PASSED] - tap(LOGN_EdtPassword, 0): Tapped on element 'Object Repository/Mobile/Page/Login/Input - Password'

2022-01-17 14:23:02 - [MESSAGE][WARNING] - Timeout '0' is invalid. Using default page load timeout: '60'

2022-01-17 14:23:04 - [MESSAGE][PASSED] - Tapped on element 'Object Repository/Mobile/Page/Login/Input - Password'

2022-01-17 14:23:04 - [TEST_STEP][PASSED] - delay(1): Delayed 1 second(s)

2022-01-17 14:23:05 - [MESSAGE][PASSED] - Delayed 1 second(s)

2022-01-17 14:23:05 - [TEST_STEP][PASSED] - setText(LOGN_EdtRdyPassword, "Shalawa18", 0): Text 'Shalawa18' has been set to element 'Object Repository/Mobile/Page/Login/Input Rdy - Password'

2022-01-17 14:23:05 - [MESSAGE][WARNING] - Timeout '0' is invalid. Using default page load timeout: '60'

2022-01-17 14:23:05 - [MESSAGE][PASSED] - Text 'Shalawa18' has been set to element 'Object Repository/Mobile/Page/Login/Input Rdy - Password'

2022-01-17 14:23:05 - [TEST_STEP][PASSED] - delay(1): Delayed 1 second(s)

2022-01-17 14:23:06 - [MESSAGE][PASSED] - Delayed 1 second(s)

2022-01-17 14:23:06 - [TEST_STEP][PASSED] - hideKeyboard(): Keyboard is hidden

2022-01-17 14:23:12 - [MESSAGE][PASSED] - Keyboard is hidden

2022-01-17 14:23:12 - [TEST_STEP][PASSED] - tap(LOGN_BtnLogin, 0): Tapped on element 'Object Repository/Mobile/Page/Login/Button - Login'

2022-01-17 14:23:12 - [MESSAGE][WARNING] - Timeout '0' is invalid. Using default page load timeout: '60'

2022-01-17 14:23:14 - [MESSAGE][PASSED] - Tapped on element 'Object Repository/Mobile/Page/Login/Button - Login'

2022-01-17 14:23:14 - [TEST_STEP][PASSED] - delay(2): Delayed 2 second(s)

2022-01-17 14:23:16 - [MESSAGE][PASSED] - Delayed 2 second(s)

2022-01-17 14:23:16 - [MESSAGE][PASSED] - Call Test Case 'Test Cases/Mobile/Page/Login/Login' successfully

2022-01-17 14:23:16 - [TEST_STEP][PASSED] - callTestCase(findTestCase("Mobile/Page/Run App/Terminate App"), [:], STOP_ON_FAILURE): Call Test Case 'Test Cases/Mobile/Page/Run App/Terminate App' successfully

2022-01-17 14:23:16 - [TEST_CASE][PASSED] - Test Cases/Mobile/Page/Run App/Terminate App: Test Cases/Mobile/Page/Run App/Terminate App

2022-01-17 14:23:16 - [TEST_STEP][PASSED] - startApp.OpenApp.terminateApplication(): startApp.OpenApp.terminateApplication is PASSED

2022-01-17 14:23:19 - [MESSAGE][PASSED] - Delayed 3 second(s)

2022-01-17 14:23:20 - [MESSAGE][PASSED] - Current device physical width is 720

2022-01-17 14:23:20 - [MESSAGE][PASSED] - Current device physical height is 1423

2022-01-17 14:23:21 - [MESSAGE][PASSED] - Swiped from 360,853 to 360,142

2022-01-17 14:23:22 - [MESSAGE][PASSED] - Delayed 1 second(s)

2022-01-17 14:23:24 - [MESSAGE][PASSED] - Swiped from 360,853 to 360,142

2022-01-17 14:23:27 - [MESSAGE][PASSED] - Delayed 3 second(s)

2022-01-17 14:23:27 - [MESSAGE][PASSED] - startApp.OpenApp.terminateApplication is PASSED

2022-01-17 14:23:27 - [MESSAGE][PASSED] - Call Test Case 'Test Cases/Mobile/Page/Run App/Terminate App' successfully]]></system-out>
         <system-err><![CDATA[]]></system-err>
      </testcase>
      <system-out><![CDATA[2022-01-17 14:18:43 - [TEST_SUITE][PASSED] - login: Test Cases/Mobile/Scenario/Login/005 - Login menggunakan username dengan membatalkan fingerprint]]></system-out>
      <system-err><![CDATA[]]></system-err>
   </testsuite>
</testsuites>
