<?xml version="1.0" encoding="UTF-8"?>
<testsuites name="Register" time="2057.665" tests="13" failures="1" skips="0" errors="0">
   <testsuite name="Register" tests="13" failures="1" errors="0" time="2057.665" skips="0" timestamp="2021-10-29 17:46:32" hostname="Owner - aldy-tft" id="Test Suites/Register">
      <properties>
         <property name="deviceName" value="samsung SM-A205F (Android 11)"/>
         <property name="devicePlatform" value=""/>
         <property name="logFolder" value="C:\\Users\\Owner\\Documents\\kerjaan\\KatalonProject\\qa-katalon-maxfund\\Reports\\20211029_174625\\Register\\20211029_174625"/>
         <property name="logFiles" value="C:\\Users\\Owner\\Documents\\kerjaan\\KatalonProject\\qa-katalon-maxfund\\Reports\\20211029_174625\\Register\\20211029_174625\\appium.log, C:\\Users\\Owner\\Documents\\kerjaan\\KatalonProject\\qa-katalon-maxfund\\Reports\\20211029_174625\\Register\\20211029_174625\\execution0.log"/>
         <property name="attachments" value="C:\\Users\\Owner\\Documents\\kerjaan\\KatalonProject\\qa-katalon-maxfund\\Reports\\20211029_174625\\Register\\20211029_174625\\1635504505385.png, C:\\Users\\Owner\\Documents\\kerjaan\\KatalonProject\\qa-katalon-maxfund\\Reports\\20211029_174625\\Register\\20211029_174625\\1635504635453.png, C:\\Users\\Owner\\Documents\\kerjaan\\KatalonProject\\qa-katalon-maxfund\\Reports\\20211029_174625\\Register\\20211029_174625\\1635504638262.png, C:\\Users\\Owner\\Documents\\kerjaan\\KatalonProject\\qa-katalon-maxfund\\Reports\\20211029_174625\\Register\\20211029_174625\\1635504883441.png, C:\\Users\\Owner\\Documents\\kerjaan\\KatalonProject\\qa-katalon-maxfund\\Reports\\20211029_174625\\Register\\20211029_174625\\1635504886301.png, C:\\Users\\Owner\\Documents\\kerjaan\\KatalonProject\\qa-katalon-maxfund\\Reports\\20211029_174625\\Register\\20211029_174625\\1635505095680.png, C:\\Users\\Owner\\Documents\\kerjaan\\KatalonProject\\qa-katalon-maxfund\\Reports\\20211029_174625\\Register\\20211029_174625\\1635505098506.png, C:\\Users\\Owner\\Documents\\kerjaan\\KatalonProject\\qa-katalon-maxfund\\Reports\\20211029_174625\\Register\\20211029_174625\\1635505353087.png, C:\\Users\\Owner\\Documents\\kerjaan\\KatalonProject\\qa-katalon-maxfund\\Reports\\20211029_174625\\Register\\20211029_174625\\1635505355906.png, C:\\Users\\Owner\\Documents\\kerjaan\\KatalonProject\\qa-katalon-maxfund\\Reports\\20211029_174625\\Register\\20211029_174625\\1635505574849.png, C:\\Users\\Owner\\Documents\\kerjaan\\KatalonProject\\qa-katalon-maxfund\\Reports\\20211029_174625\\Register\\20211029_174625\\1635505577805.png, C:\\Users\\Owner\\Documents\\kerjaan\\KatalonProject\\qa-katalon-maxfund\\Reports\\20211029_174625\\Register\\20211029_174625\\1635505789741.png, C:\\Users\\Owner\\Documents\\kerjaan\\KatalonProject\\qa-katalon-maxfund\\Reports\\20211029_174625\\Register\\20211029_174625\\1635505792666.png, C:\\Users\\Owner\\Documents\\kerjaan\\KatalonProject\\qa-katalon-maxfund\\Reports\\20211029_174625\\Register\\20211029_174625\\1635506187469.png, C:\\Users\\Owner\\Documents\\kerjaan\\KatalonProject\\qa-katalon-maxfund\\Reports\\20211029_174625\\Register\\20211029_174625\\1635506331906.png, C:\\Users\\Owner\\Documents\\kerjaan\\KatalonProject\\qa-katalon-maxfund\\Reports\\20211029_174625\\Register\\20211029_174625\\1635506333873.png"/>
         <property name="hostName" value="Owner - aldy-tft"/>
         <property name="os" value="Windows 10 64bit"/>
         <property name="appiumServerStatus" value="{&quot;value&quot;:{&quot;build&quot;:{&quot;version&quot;:&quot;1.22.0&quot;}},&quot;sessionId&quot;:null,&quot;status&quot;:0}"/>
         <property name="katalonVersion" value="7.9.1.208"/>
         <property name="deviceOS" value="Android"/>
         <property name="appiumVersion" value="1.22.0"/>
         <property name="deviceModel" value="SM-A205F"/>
         <property name="hostAddress" value="192.168.100.6"/>
         <property name="deviceManufacturer" value="samsung"/>
         <property name="deviceId" value="RR8M40C9AXE"/>
         <property name="deviceName" value="samsung SM-A205F (Android 11)"/>
         <property name="deviceOSVersion" value="11"/>
      </properties>
      <testcase name="Test Cases/Mobile/Scenario/Register/001 - Registrasi dengan Akun Terdaftar" time="113.132" classname="Test Cases/Mobile/Scenario/Register/001 - Registrasi dengan Akun Terdaftar" status="FAILED">
         <failure type="FAILED" message="Test Cases/Mobile/Scenario/Register/001 - Registrasi dengan Akun Terdaftar FAILED.
Reason:
com.kms.katalon.core.exception.StepFailedException: Call Test Case 'Test Cases/Mobile/Page/Register/Register' failed
	at com.kms.katalon.core.keyword.builtin.CallTestCaseKeyword$_callTestCase_closure1.doCall(CallTestCaseKeyword.groovy:63)
	at com.kms.katalon.core.keyword.builtin.CallTestCaseKeyword$_callTestCase_closure1.call(CallTestCaseKeyword.groovy)
	at com.kms.katalon.core.keyword.internal.KeywordMain.runKeyword(KeywordMain.groovy:68)
	at com.kms.katalon.core.keyword.builtin.CallTestCaseKeyword.callTestCase(CallTestCaseKeyword.groovy:81)
	at com.kms.katalon.core.keyword.builtin.CallTestCaseKeyword.execute(CallTestCaseKeyword.groovy:44)
	at com.kms.katalon.core.keyword.internal.KeywordExecutor.executeKeywordForPlatform(KeywordExecutor.groovy:73)
	at com.kms.katalon.core.keyword.BuiltinKeywords.callTestCase(BuiltinKeywords.groovy:334)
	at 001 - Registrasi dengan Akun Terdaftar.run(001 - Registrasi dengan Akun Terdaftar:22)
	at com.kms.katalon.core.main.ScriptEngine.run(ScriptEngine.java:194)
	at com.kms.katalon.core.main.ScriptEngine.runScriptAsRawText(ScriptEngine.java:119)
	at com.kms.katalon.core.main.TestCaseExecutor.runScript(TestCaseExecutor.java:398)
	at com.kms.katalon.core.main.TestCaseExecutor.doExecute(TestCaseExecutor.java:389)
	at com.kms.katalon.core.main.TestCaseExecutor.processExecutionPhase(TestCaseExecutor.java:368)
	at com.kms.katalon.core.main.TestCaseExecutor.accessMainPhase(TestCaseExecutor.java:360)
	at com.kms.katalon.core.main.TestCaseExecutor.execute(TestCaseExecutor.java:255)
	at com.kms.katalon.core.main.TestSuiteExecutor.accessTestCaseMainPhase(TestSuiteExecutor.java:203)
	at com.kms.katalon.core.main.TestSuiteExecutor.accessTestSuiteMainPhase(TestSuiteExecutor.java:152)
	at com.kms.katalon.core.main.TestSuiteExecutor.execute(TestSuiteExecutor.java:95)
	at com.kms.katalon.core.main.TestCaseMain.startTestSuite(TestCaseMain.java:157)
	at com.kms.katalon.core.main.TestCaseMain$startTestSuite$0.call(Unknown Source)
	at TempTestSuite1635504385814.run(TempTestSuite1635504385814.groovy:39)
Caused by: com.kms.katalon.core.exception.StepFailedException: Object Object Repository/Mobile/Page/Register/Already Registered/Personal Info/Dropdown - Agama not found
	at com.kms.katalon.core.mobile.helper.MobileElementCommonHelper.findElementWithCheck(MobileElementCommonHelper.java:159)
	at com.kms.katalon.core.mobile.helper.MobileElementCommonHelper.tapAndHold(MobileElementCommonHelper.java:103)
	at com.kms.katalon.core.mobile.keyword.builtin.TapAndHoldKeyword$_tapAndHold_closure1.doCall(TapAndHoldKeyword.groovy:71)
	at com.kms.katalon.core.mobile.keyword.builtin.TapAndHoldKeyword$_tapAndHold_closure1.call(TapAndHoldKeyword.groovy)
	at com.kms.katalon.core.mobile.keyword.internal.MobileKeywordMain.runKeyword(MobileKeywordMain.groovy:21)
	at com.kms.katalon.core.mobile.keyword.builtin.TapAndHoldKeyword.tapAndHold(TapAndHoldKeyword.groovy:72)
	at com.kms.katalon.core.mobile.keyword.builtin.TapAndHoldKeyword.execute(TapAndHoldKeyword.groovy:65)
	at com.kms.katalon.core.keyword.internal.KeywordExecutor.executeKeywordForPlatform(KeywordExecutor.groovy:73)
	at com.kms.katalon.core.mobile.keyword.MobileBuiltInKeywords.tapAndHold(MobileBuiltInKeywords.groovy:1435)
	at com.kms.katalon.core.mobile.keyword.MobileBuiltInKeywords$tapAndHold$3.call(Unknown Source)
	at RegisterMethod.registered(Script1634005272891.groovy:70)
	at RegisterMethod$registered.call(Unknown Source)
	at Register.run(Register:37)
	at com.kms.katalon.core.main.ScriptEngine.run(ScriptEngine.java:194)
	at com.kms.katalon.core.main.ScriptEngine.runScriptAsRawText(ScriptEngine.java:119)
	at com.kms.katalon.core.main.TestCaseExecutor.runScript(TestCaseExecutor.java:398)
	at com.kms.katalon.core.main.TestCaseExecutor.doExecute(TestCaseExecutor.java:389)
	at com.kms.katalon.core.main.TestCaseExecutor.processExecutionPhase(TestCaseExecutor.java:368)
	at com.kms.katalon.core.main.TestCaseExecutor.accessMainPhase(TestCaseExecutor.java:360)
	at com.kms.katalon.core.main.TestCaseExecutor.execute(TestCaseExecutor.java:255)
	at com.kms.katalon.core.main.TestCaseMain.runTestCase(TestCaseMain.java:114)
	at com.kms.katalon.core.keyword.builtin.CallTestCaseKeyword$_callTestCase_closure1.doCall(CallTestCaseKeyword.groovy:59)
	... 20 more
"/>
         <system-out><![CDATA[2021-10-29 17:46:33 - [TEST_CASE][FAILED] - Test Cases/Mobile/Scenario/Register/001 - Registrasi dengan Akun Terdaftar: Test Cases/Mobile/Scenario/Register/001 - Registrasi dengan Akun Terdaftar FAILED.
Reason:
com.kms.katalon.core.exception.StepFailedException: Call Test Case 'Test Cases/Mobile/Page/Register/Register' failed
	at com.kms.katalon.core.keyword.builtin.CallTestCaseKeyword$_callTestCase_closure1.doCall(CallTestCaseKeyword.groovy:63)
	at com.kms.katalon.core.keyword.builtin.CallTestCaseKeyword$_callTestCase_closure1.call(CallTestCaseKeyword.groovy)
	at com.kms.katalon.core.keyword.internal.KeywordMain.runKeyword(KeywordMain.groovy:68)
	at com.kms.katalon.core.keyword.builtin.CallTestCaseKeyword.callTestCase(CallTestCaseKeyword.groovy:81)
	at com.kms.katalon.core.keyword.builtin.CallTestCaseKeyword.execute(CallTestCaseKeyword.groovy:44)
	at com.kms.katalon.core.keyword.internal.KeywordExecutor.executeKeywordForPlatform(KeywordExecutor.groovy:73)
	at com.kms.katalon.core.keyword.BuiltinKeywords.callTestCase(BuiltinKeywords.groovy:334)
	at 001 - Registrasi dengan Akun Terdaftar.run(001 - Registrasi dengan Akun Terdaftar:22)
	at com.kms.katalon.core.main.ScriptEngine.run(ScriptEngine.java:194)
	at com.kms.katalon.core.main.ScriptEngine.runScriptAsRawText(ScriptEngine.java:119)
	at com.kms.katalon.core.main.TestCaseExecutor.runScript(TestCaseExecutor.java:398)
	at com.kms.katalon.core.main.TestCaseExecutor.doExecute(TestCaseExecutor.java:389)
	at com.kms.katalon.core.main.TestCaseExecutor.processExecutionPhase(TestCaseExecutor.java:368)
	at com.kms.katalon.core.main.TestCaseExecutor.accessMainPhase(TestCaseExecutor.java:360)
	at com.kms.katalon.core.main.TestCaseExecutor.execute(TestCaseExecutor.java:255)
	at com.kms.katalon.core.main.TestSuiteExecutor.accessTestCaseMainPhase(TestSuiteExecutor.java:203)
	at com.kms.katalon.core.main.TestSuiteExecutor.accessTestSuiteMainPhase(TestSuiteExecutor.java:152)
	at com.kms.katalon.core.main.TestSuiteExecutor.execute(TestSuiteExecutor.java:95)
	at com.kms.katalon.core.main.TestCaseMain.startTestSuite(TestCaseMain.java:157)
	at com.kms.katalon.core.main.TestCaseMain$startTestSuite$0.call(Unknown Source)
	at TempTestSuite1635504385814.run(TempTestSuite1635504385814.groovy:39)
Caused by: com.kms.katalon.core.exception.StepFailedException: Object Object Repository/Mobile/Page/Register/Already Registered/Personal Info/Dropdown - Agama not found
	at com.kms.katalon.core.mobile.helper.MobileElementCommonHelper.findElementWithCheck(MobileElementCommonHelper.java:159)
	at com.kms.katalon.core.mobile.helper.MobileElementCommonHelper.tapAndHold(MobileElementCommonHelper.java:103)
	at com.kms.katalon.core.mobile.keyword.builtin.TapAndHoldKeyword$_tapAndHold_closure1.doCall(TapAndHoldKeyword.groovy:71)
	at com.kms.katalon.core.mobile.keyword.builtin.TapAndHoldKeyword$_tapAndHold_closure1.call(TapAndHoldKeyword.groovy)
	at com.kms.katalon.core.mobile.keyword.internal.MobileKeywordMain.runKeyword(MobileKeywordMain.groovy:21)
	at com.kms.katalon.core.mobile.keyword.builtin.TapAndHoldKeyword.tapAndHold(TapAndHoldKeyword.groovy:72)
	at com.kms.katalon.core.mobile.keyword.builtin.TapAndHoldKeyword.execute(TapAndHoldKeyword.groovy:65)
	at com.kms.katalon.core.keyword.internal.KeywordExecutor.executeKeywordForPlatform(KeywordExecutor.groovy:73)
	at com.kms.katalon.core.mobile.keyword.MobileBuiltInKeywords.tapAndHold(MobileBuiltInKeywords.groovy:1435)
	at com.kms.katalon.core.mobile.keyword.MobileBuiltInKeywords$tapAndHold$3.call(Unknown Source)
	at RegisterMethod.registered(Script1634005272891.groovy:70)
	at RegisterMethod$registered.call(Unknown Source)
	at Register.run(Register:37)
	at com.kms.katalon.core.main.ScriptEngine.run(ScriptEngine.java:194)
	at com.kms.katalon.core.main.ScriptEngine.runScriptAsRawText(ScriptEngine.java:119)
	at com.kms.katalon.core.main.TestCaseExecutor.runScript(TestCaseExecutor.java:398)
	at com.kms.katalon.core.main.TestCaseExecutor.doExecute(TestCaseExecutor.java:389)
	at com.kms.katalon.core.main.TestCaseExecutor.processExecutionPhase(TestCaseExecutor.java:368)
	at com.kms.katalon.core.main.TestCaseExecutor.accessMainPhase(TestCaseExecutor.java:360)
	at com.kms.katalon.core.main.TestCaseExecutor.execute(TestCaseExecutor.java:255)
	at com.kms.katalon.core.main.TestCaseMain.runTestCase(TestCaseMain.java:114)
	at com.kms.katalon.core.keyword.builtin.CallTestCaseKeyword$_callTestCase_closure1.doCall(CallTestCaseKeyword.groovy:59)
	... 20 more


2021-10-29 17:46:33 - [TEST_STEP][PASSED] - callTestCase(findTestCase("Mobile/Page/Run App/Run App byID"), [:], STOP_ON_FAILURE): Call Test Case 'Test Cases/Mobile/Page/Run App/Run App byID' successfully

2021-10-29 17:46:33 - [TEST_CASE][PASSED] - Test Cases/Mobile/Page/Run App/Run App byID: Test Cases/Mobile/Page/Run App/Run App byID

2021-10-29 17:46:33 - [TEST_STEP][PASSED] - startApp.OpenApp.startApplication("com.mirae.maxfund"): startApp.OpenApp.startApplication is PASSED

2021-10-29 17:46:35 - [MESSAGE][INFO] - Appium server started on port 55,773

2021-10-29 17:46:50 - [MESSAGE][PASSED] - Starting app with application ID: 'com.mirae.maxfund'

2021-10-29 17:46:50 - [MESSAGE][PASSED] - startApp.OpenApp.startApplication is PASSED

2021-10-29 17:46:50 - [MESSAGE][PASSED] - Call Test Case 'Test Cases/Mobile/Page/Run App/Run App byID' successfully

2021-10-29 17:46:50 - [TEST_STEP][FAILED] - callTestCase(findTestCase("Mobile/Page/Register/Register"), ["isFromLoginPage":0, "isRegistered":1, "negativeStatus":"none"], STOP_ON_FAILURE): Unable to call Test Case 'Test Cases/Mobile/Page/Register/Register' (Root cause: com.kms.katalon.core.exception.StepFailedException: Call Test Case 'Test Cases/Mobile/Page/Register/Register' failed
	at com.kms.katalon.core.keyword.builtin.CallTestCaseKeyword$_callTestCase_closure1.doCall(CallTestCaseKeyword.groovy:63)
	at com.kms.katalon.core.keyword.builtin.CallTestCaseKeyword$_callTestCase_closure1.call(CallTestCaseKeyword.groovy)
	at com.kms.katalon.core.keyword.internal.KeywordMain.runKeyword(KeywordMain.groovy:68)
	at com.kms.katalon.core.keyword.builtin.CallTestCaseKeyword.callTestCase(CallTestCaseKeyword.groovy:81)
	at com.kms.katalon.core.keyword.builtin.CallTestCaseKeyword.execute(CallTestCaseKeyword.groovy:44)
	at com.kms.katalon.core.keyword.internal.KeywordExecutor.executeKeywordForPlatform(KeywordExecutor.groovy:73)
	at com.kms.katalon.core.keyword.BuiltinKeywords.callTestCase(BuiltinKeywords.groovy:334)
	at 001 - Registrasi dengan Akun Terdaftar.run(001 - Registrasi dengan Akun Terdaftar:22)
	at com.kms.katalon.core.main.ScriptEngine.run(ScriptEngine.java:194)
	at com.kms.katalon.core.main.ScriptEngine.runScriptAsRawText(ScriptEngine.java:119)
	at com.kms.katalon.core.main.TestCaseExecutor.runScript(TestCaseExecutor.java:398)
	at com.kms.katalon.core.main.TestCaseExecutor.doExecute(TestCaseExecutor.java:389)
	at com.kms.katalon.core.main.TestCaseExecutor.processExecutionPhase(TestCaseExecutor.java:368)
	at com.kms.katalon.core.main.TestCaseExecutor.accessMainPhase(TestCaseExecutor.java:360)
	at com.kms.katalon.core.main.TestCaseExecutor.execute(TestCaseExecutor.java:255)
	at com.kms.katalon.core.main.TestSuiteExecutor.accessTestCaseMainPhase(TestSuiteExecutor.java:203)
	at com.kms.katalon.core.main.TestSuiteExecutor.accessTestSuiteMainPhase(TestSuiteExecutor.java:152)
	at com.kms.katalon.core.main.TestSuiteExecutor.execute(TestSuiteExecutor.java:95)
	at com.kms.katalon.core.main.TestCaseMain.startTestSuite(TestCaseMain.java:157)
	at com.kms.katalon.core.main.TestCaseMain$startTestSuite$0.call(Unknown Source)
	at TempTestSuite1635504385814.run(TempTestSuite1635504385814.groovy:39)
Caused by: com.kms.katalon.core.exception.StepFailedException: Object Object Repository/Mobile/Page/Register/Already Registered/Personal Info/Dropdown - Agama not found
	at com.kms.katalon.core.mobile.helper.MobileElementCommonHelper.findElementWithCheck(MobileElementCommonHelper.java:159)
	at com.kms.katalon.core.mobile.helper.MobileElementCommonHelper.tapAndHold(MobileElementCommonHelper.java:103)
	at com.kms.katalon.core.mobile.keyword.builtin.TapAndHoldKeyword$_tapAndHold_closure1.doCall(TapAndHoldKeyword.groovy:71)
	at com.kms.katalon.core.mobile.keyword.builtin.TapAndHoldKeyword$_tapAndHold_closure1.call(TapAndHoldKeyword.groovy)
	at com.kms.katalon.core.mobile.keyword.internal.MobileKeywordMain.runKeyword(MobileKeywordMain.groovy:21)
	at com.kms.katalon.core.mobile.keyword.builtin.TapAndHoldKeyword.tapAndHold(TapAndHoldKeyword.groovy:72)
	at com.kms.katalon.core.mobile.keyword.builtin.TapAndHoldKeyword.execute(TapAndHoldKeyword.groovy:65)
	at com.kms.katalon.core.keyword.internal.KeywordExecutor.executeKeywordForPlatform(KeywordExecutor.groovy:73)
	at com.kms.katalon.core.mobile.keyword.MobileBuiltInKeywords.tapAndHold(MobileBuiltInKeywords.groovy:1435)
	at com.kms.katalon.core.mobile.keyword.MobileBuiltInKeywords$tapAndHold$3.call(Unknown Source)
	at RegisterMethod.registered(Script1634005272891.groovy:70)
	at RegisterMethod$registered.call(Unknown Source)
	at Register.run(Register:37)
	at com.kms.katalon.core.main.ScriptEngine.run(ScriptEngine.java:194)
	at com.kms.katalon.core.main.ScriptEngine.runScriptAsRawText(ScriptEngine.java:119)
	at com.kms.katalon.core.main.TestCaseExecutor.runScript(TestCaseExecutor.java:398)
	at com.kms.katalon.core.main.TestCaseExecutor.doExecute(TestCaseExecutor.java:389)
	at com.kms.katalon.core.main.TestCaseExecutor.processExecutionPhase(TestCaseExecutor.java:368)
	at com.kms.katalon.core.main.TestCaseExecutor.accessMainPhase(TestCaseExecutor.java:360)
	at com.kms.katalon.core.main.TestCaseExecutor.execute(TestCaseExecutor.java:255)
	at com.kms.katalon.core.main.TestCaseMain.runTestCase(TestCaseMain.java:114)
	at com.kms.katalon.core.keyword.builtin.CallTestCaseKeyword$_callTestCase_closure1.doCall(CallTestCaseKeyword.groovy:59)
	... 20 more
)

2021-10-29 17:46:50 - [TEST_CASE][FAILED] - Test Cases/Mobile/Page/Register/Register: Test Cases/Mobile/Page/Register/Register FAILED.
Reason:
com.kms.katalon.core.exception.StepFailedException: Object Object Repository/Mobile/Page/Register/Already Registered/Personal Info/Dropdown - Agama not found
	at com.kms.katalon.core.mobile.helper.MobileElementCommonHelper.findElementWithCheck(MobileElementCommonHelper.java:159)
	at com.kms.katalon.core.mobile.helper.MobileElementCommonHelper.tapAndHold(MobileElementCommonHelper.java:103)
	at com.kms.katalon.core.mobile.keyword.builtin.TapAndHoldKeyword$_tapAndHold_closure1.doCall(TapAndHoldKeyword.groovy:71)
	at com.kms.katalon.core.mobile.keyword.builtin.TapAndHoldKeyword$_tapAndHold_closure1.call(TapAndHoldKeyword.groovy)
	at com.kms.katalon.core.mobile.keyword.internal.MobileKeywordMain.runKeyword(MobileKeywordMain.groovy:21)
	at com.kms.katalon.core.mobile.keyword.builtin.TapAndHoldKeyword.tapAndHold(TapAndHoldKeyword.groovy:72)
	at com.kms.katalon.core.mobile.keyword.builtin.TapAndHoldKeyword.execute(TapAndHoldKeyword.groovy:65)
	at com.kms.katalon.core.keyword.internal.KeywordExecutor.executeKeywordForPlatform(KeywordExecutor.groovy:73)
	at com.kms.katalon.core.mobile.keyword.MobileBuiltInKeywords.tapAndHold(MobileBuiltInKeywords.groovy:1435)
	at com.kms.katalon.core.mobile.keyword.MobileBuiltInKeywords$tapAndHold$3.call(Unknown Source)
	at RegisterMethod.registered(Script1634005272891.groovy:70)
	at RegisterMethod$registered.call(Unknown Source)
	at Register.run(Register:37)
	at com.kms.katalon.core.main.ScriptEngine.run(ScriptEngine.java:194)
	at com.kms.katalon.core.main.ScriptEngine.runScriptAsRawText(ScriptEngine.java:119)
	at com.kms.katalon.core.main.TestCaseExecutor.runScript(TestCaseExecutor.java:398)
	at com.kms.katalon.core.main.TestCaseExecutor.doExecute(TestCaseExecutor.java:389)
	at com.kms.katalon.core.main.TestCaseExecutor.processExecutionPhase(TestCaseExecutor.java:368)
	at com.kms.katalon.core.main.TestCaseExecutor.accessMainPhase(TestCaseExecutor.java:360)
	at com.kms.katalon.core.main.TestCaseExecutor.execute(TestCaseExecutor.java:255)
	at com.kms.katalon.core.main.TestCaseMain.runTestCase(TestCaseMain.java:114)
	at com.kms.katalon.core.keyword.builtin.CallTestCaseKeyword$_callTestCase_closure1.doCall(CallTestCaseKeyword.groovy:59)
	at com.kms.katalon.core.keyword.builtin.CallTestCaseKeyword$_callTestCase_closure1.call(CallTestCaseKeyword.groovy)
	at com.kms.katalon.core.keyword.internal.KeywordMain.runKeyword(KeywordMain.groovy:68)
	at com.kms.katalon.core.keyword.builtin.CallTestCaseKeyword.callTestCase(CallTestCaseKeyword.groovy:81)
	at com.kms.katalon.core.keyword.builtin.CallTestCaseKeyword.execute(CallTestCaseKeyword.groovy:44)
	at com.kms.katalon.core.keyword.internal.KeywordExecutor.executeKeywordForPlatform(KeywordExecutor.groovy:73)
	at com.kms.katalon.core.keyword.BuiltinKeywords.callTestCase(BuiltinKeywords.groovy:334)
	at 001 - Registrasi dengan Akun Terdaftar.run(001 - Registrasi dengan Akun Terdaftar:22)
	at com.kms.katalon.core.main.ScriptEngine.run(ScriptEngine.java:194)
	at com.kms.katalon.core.main.ScriptEngine.runScriptAsRawText(ScriptEngine.java:119)
	at com.kms.katalon.core.main.TestCaseExecutor.runScript(TestCaseExecutor.java:398)
	at com.kms.katalon.core.main.TestCaseExecutor.doExecute(TestCaseExecutor.java:389)
	at com.kms.katalon.core.main.TestCaseExecutor.processExecutionPhase(TestCaseExecutor.java:368)
	at com.kms.katalon.core.main.TestCaseExecutor.accessMainPhase(TestCaseExecutor.java:360)
	at com.kms.katalon.core.main.TestCaseExecutor.execute(TestCaseExecutor.java:255)
	at com.kms.katalon.core.main.TestSuiteExecutor.accessTestCaseMainPhase(TestSuiteExecutor.java:203)
	at com.kms.katalon.core.main.TestSuiteExecutor.accessTestSuiteMainPhase(TestSuiteExecutor.java:152)
	at com.kms.katalon.core.main.TestSuiteExecutor.execute(TestSuiteExecutor.java:95)
	at com.kms.katalon.core.main.TestCaseMain.startTestSuite(TestCaseMain.java:157)
	at com.kms.katalon.core.main.TestCaseMain$startTestSuite$0.call(Unknown Source)
	at TempTestSuite1635504385814.run(TempTestSuite1635504385814.groovy:39)


2021-10-29 17:46:51 - [TEST_STEP][PASSED] - delay(5): Delayed 5 second(s)

2021-10-29 17:46:56 - [MESSAGE][PASSED] - Delayed 5 second(s)

2021-10-29 17:46:56 - [TEST_STEP][PASSED] - if (isFromLoginPage == 1): null

2021-10-29 17:46:56 - [TEST_STEP][PASSED] - else: Tapped on element 'Object Repository/Mobile/Page/Dashboard/Button - Register'

2021-10-29 17:46:56 - [TEST_STEP][PASSED] - tap(findTestObject("Object Repository/Mobile/Page/Dashboard/Button - Register"), 0): Tapped on element 'Object Repository/Mobile/Page/Dashboard/Button - Register'

2021-10-29 17:46:56 - [MESSAGE][WARNING] - Timeout '0' is invalid. Using default page load timeout: '60'

2021-10-29 17:46:57 - [MESSAGE][PASSED] - Tapped on element 'Object Repository/Mobile/Page/Dashboard/Button - Register'

2021-10-29 17:46:57 - [TEST_STEP][PASSED] - delay(3): Delayed 3 second(s)

2021-10-29 17:47:00 - [MESSAGE][PASSED] - Delayed 3 second(s)

2021-10-29 17:47:00 - [TEST_STEP][PASSED] - if (isRegistered == 1): null

2021-10-29 17:47:00 - [TEST_STEP][PASSED] - RegisterMethod.registered(negativeStatus): null

2021-10-29 17:47:00 - [TEST_STEP][PASSED] - userid = "irma03": null

2021-10-29 17:47:00 - [TEST_STEP][PASSED] - pass = "Juwita123": null

2021-10-29 17:47:00 - [TEST_STEP][PASSED] - alamat = "bekasi": null

2021-10-29 17:47:00 - [TEST_STEP][PASSED] - kodepos = "17111": null

2021-10-29 17:47:00 - [TEST_STEP][PASSED] - tap(findTestObject("Object Repository/Mobile/Page/Register/Radio Button - Yes already registered"), 0): Tapped on element 'Object Repository/Mobile/Page/Register/Radio Button - Yes already registered'

2021-10-29 17:47:00 - [MESSAGE][WARNING] - Timeout '0' is invalid. Using default page load timeout: '60'

2021-10-29 17:47:01 - [MESSAGE][PASSED] - Tapped on element 'Object Repository/Mobile/Page/Register/Radio Button - Yes already registered'

2021-10-29 17:47:01 - [TEST_STEP][PASSED] - tap(findTestObject("Object Repository/Mobile/Page/Register/Already Registered/Edit Text - User ID"), 0): Tapped on element 'Object Repository/Mobile/Page/Register/Already Registered/Edit Text - User ID'

2021-10-29 17:47:01 - [MESSAGE][WARNING] - Timeout '0' is invalid. Using default page load timeout: '60'

2021-10-29 17:47:02 - [MESSAGE][PASSED] - Tapped on element 'Object Repository/Mobile/Page/Register/Already Registered/Edit Text - User ID'

2021-10-29 17:47:02 - [TEST_STEP][PASSED] - setText(findTestObject("Object Repository/Mobile/Page/Register/Already Registered/Edit Text - User ID"), userid, 0): Text 'irma03' has been set to element 'Object Repository/Mobile/Page/Register/Already Registered/Edit Text - User ID'

2021-10-29 17:47:02 - [MESSAGE][WARNING] - Timeout '0' is invalid. Using default page load timeout: '60'

2021-10-29 17:47:04 - [MESSAGE][PASSED] - Text 'irma03' has been set to element 'Object Repository/Mobile/Page/Register/Already Registered/Edit Text - User ID'

2021-10-29 17:47:04 - [TEST_STEP][PASSED] - hideKeyboard(): Keyboard is hidden

2021-10-29 17:47:10 - [MESSAGE][PASSED] - Keyboard is hidden

2021-10-29 17:47:10 - [TEST_STEP][PASSED] - tap(findTestObject("Object Repository/Mobile/Page/Register/Already Registered/Edit Text - Password"), 0): Tapped on element 'Object Repository/Mobile/Page/Register/Already Registered/Edit Text - Password'

2021-10-29 17:47:10 - [MESSAGE][WARNING] - Timeout '0' is invalid. Using default page load timeout: '60'

2021-10-29 17:47:11 - [MESSAGE][PASSED] - Tapped on element 'Object Repository/Mobile/Page/Register/Already Registered/Edit Text - Password'

2021-10-29 17:47:11 - [TEST_STEP][PASSED] - if (negativeStatus == "invalidAccount"): null

2021-10-29 17:47:11 - [TEST_STEP][PASSED] - else: Tapped on element 'Object Repository/Mobile/Page/Register/Already Registered/Button - Next'

2021-10-29 17:47:11 - [TEST_STEP][PASSED] - setText(findTestObject("Object Repository/Mobile/Page/Register/Already Registered/Edit Text - Password"), pass, 0): Text 'Juwita123' has been set to element 'Object Repository/Mobile/Page/Register/Already Registered/Edit Text - Password'

2021-10-29 17:47:11 - [MESSAGE][WARNING] - Timeout '0' is invalid. Using default page load timeout: '60'

2021-10-29 17:47:12 - [MESSAGE][PASSED] - Text 'Juwita123' has been set to element 'Object Repository/Mobile/Page/Register/Already Registered/Edit Text - Password'

2021-10-29 17:47:12 - [TEST_STEP][PASSED] - hideKeyboard(): Keyboard is hidden

2021-10-29 17:47:18 - [MESSAGE][PASSED] - Keyboard is hidden

2021-10-29 17:47:18 - [TEST_STEP][PASSED] - tap(findTestObject("Object Repository/Mobile/Page/Register/Already Registered/Button - Next"), 0): Tapped on element 'Object Repository/Mobile/Page/Register/Already Registered/Button - Next'

2021-10-29 17:47:18 - [MESSAGE][WARNING] - Timeout '0' is invalid. Using default page load timeout: '60'

2021-10-29 17:47:20 - [MESSAGE][PASSED] - Tapped on element 'Object Repository/Mobile/Page/Register/Already Registered/Button - Next'

2021-10-29 17:47:20 - [TEST_STEP][PASSED] - delay(5): Delayed 5 second(s)

2021-10-29 17:47:25 - [MESSAGE][PASSED] - Delayed 5 second(s)

2021-10-29 17:47:25 - [TEST_STEP][FAILED] - tapAndHold(findTestObject("Object Repository/Mobile/Page/Register/Already Registered/Personal Info/Dropdown - Agama"), 1, 0): Failed to tap and hold on element 'Object Repository/Mobile/Page/Register/Already Registered/Personal Info/Dropdown - Agama' with duration 1 (Root cause: com.kms.katalon.core.exception.StepFailedException: Object Object Repository/Mobile/Page/Register/Already Registered/Personal Info/Dropdown - Agama not found
	at com.kms.katalon.core.mobile.helper.MobileElementCommonHelper.findElementWithCheck(MobileElementCommonHelper.java:159)
	at com.kms.katalon.core.mobile.helper.MobileElementCommonHelper.tapAndHold(MobileElementCommonHelper.java:103)
	at com.kms.katalon.core.mobile.keyword.builtin.TapAndHoldKeyword$_tapAndHold_closure1.doCall(TapAndHoldKeyword.groovy:71)
	at com.kms.katalon.core.mobile.keyword.builtin.TapAndHoldKeyword$_tapAndHold_closure1.call(TapAndHoldKeyword.groovy)
	at com.kms.katalon.core.mobile.keyword.internal.MobileKeywordMain.runKeyword(MobileKeywordMain.groovy:21)
	at com.kms.katalon.core.mobile.keyword.builtin.TapAndHoldKeyword.tapAndHold(TapAndHoldKeyword.groovy:72)
	at com.kms.katalon.core.mobile.keyword.builtin.TapAndHoldKeyword.execute(TapAndHoldKeyword.groovy:65)
	at com.kms.katalon.core.keyword.internal.KeywordExecutor.executeKeywordForPlatform(KeywordExecutor.groovy:73)
	at com.kms.katalon.core.mobile.keyword.MobileBuiltInKeywords.tapAndHold(MobileBuiltInKeywords.groovy:1435)
	at com.kms.katalon.core.mobile.keyword.MobileBuiltInKeywords$tapAndHold$3.call(Unknown Source)
	at RegisterMethod.registered(Script1634005272891.groovy:70)
	at RegisterMethod$registered.call(Unknown Source)
	at Register.run(Register:37)
	at com.kms.katalon.core.main.ScriptEngine.run(ScriptEngine.java:194)
	at com.kms.katalon.core.main.ScriptEngine.runScriptAsRawText(ScriptEngine.java:119)
	at com.kms.katalon.core.main.TestCaseExecutor.runScript(TestCaseExecutor.java:398)
	at com.kms.katalon.core.main.TestCaseExecutor.doExecute(TestCaseExecutor.java:389)
	at com.kms.katalon.core.main.TestCaseExecutor.processExecutionPhase(TestCaseExecutor.java:368)
	at com.kms.katalon.core.main.TestCaseExecutor.accessMainPhase(TestCaseExecutor.java:360)
	at com.kms.katalon.core.main.TestCaseExecutor.execute(TestCaseExecutor.java:255)
	at com.kms.katalon.core.main.TestCaseMain.runTestCase(TestCaseMain.java:114)
	at com.kms.katalon.core.keyword.builtin.CallTestCaseKeyword$_callTestCase_closure1.doCall(CallTestCaseKeyword.groovy:59)
	at com.kms.katalon.core.keyword.builtin.CallTestCaseKeyword$_callTestCase_closure1.call(CallTestCaseKeyword.groovy)
	at com.kms.katalon.core.keyword.internal.KeywordMain.runKeyword(KeywordMain.groovy:68)
	at com.kms.katalon.core.keyword.builtin.CallTestCaseKeyword.callTestCase(CallTestCaseKeyword.groovy:81)
	at com.kms.katalon.core.keyword.builtin.CallTestCaseKeyword.execute(CallTestCaseKeyword.groovy:44)
	at com.kms.katalon.core.keyword.internal.KeywordExecutor.executeKeywordForPlatform(KeywordExecutor.groovy:73)
	at com.kms.katalon.core.keyword.BuiltinKeywords.callTestCase(BuiltinKeywords.groovy:334)
	at 001 - Registrasi dengan Akun Terdaftar.run(001 - Registrasi dengan Akun Terdaftar:22)
	at com.kms.katalon.core.main.ScriptEngine.run(ScriptEngine.java:194)
	at com.kms.katalon.core.main.ScriptEngine.runScriptAsRawText(ScriptEngine.java:119)
	at com.kms.katalon.core.main.TestCaseExecutor.runScript(TestCaseExecutor.java:398)
	at com.kms.katalon.core.main.TestCaseExecutor.doExecute(TestCaseExecutor.java:389)
	at com.kms.katalon.core.main.TestCaseExecutor.processExecutionPhase(TestCaseExecutor.java:368)
	at com.kms.katalon.core.main.TestCaseExecutor.accessMainPhase(TestCaseExecutor.java:360)
	at com.kms.katalon.core.main.TestCaseExecutor.execute(TestCaseExecutor.java:255)
	at com.kms.katalon.core.main.TestSuiteExecutor.accessTestCaseMainPhase(TestSuiteExecutor.java:203)
	at com.kms.katalon.core.main.TestSuiteExecutor.accessTestSuiteMainPhase(TestSuiteExecutor.java:152)
	at com.kms.katalon.core.main.TestSuiteExecutor.execute(TestSuiteExecutor.java:95)
	at com.kms.katalon.core.main.TestCaseMain.startTestSuite(TestCaseMain.java:157)
	at com.kms.katalon.core.main.TestCaseMain$startTestSuite$0.call(Unknown Source)
	at TempTestSuite1635504385814.run(TempTestSuite1635504385814.groovy:39)
)

2021-10-29 17:47:25 - [MESSAGE][WARNING] - Timeout '0' is invalid. Using default page load timeout: '60'

2021-10-29 17:48:26 - [MESSAGE][FAILED] - Failed to tap and hold on element 'Object Repository/Mobile/Page/Register/Already Registered/Personal Info/Dropdown - Agama' with duration 1 (Root cause: com.kms.katalon.core.exception.StepFailedException: Object Object Repository/Mobile/Page/Register/Already Registered/Personal Info/Dropdown - Agama not found
	at com.kms.katalon.core.mobile.helper.MobileElementCommonHelper.findElementWithCheck(MobileElementCommonHelper.java:159)
	at com.kms.katalon.core.mobile.helper.MobileElementCommonHelper.tapAndHold(MobileElementCommonHelper.java:103)
	at com.kms.katalon.core.mobile.keyword.builtin.TapAndHoldKeyword$_tapAndHold_closure1.doCall(TapAndHoldKeyword.groovy:71)
	at com.kms.katalon.core.mobile.keyword.builtin.TapAndHoldKeyword$_tapAndHold_closure1.call(TapAndHoldKeyword.groovy)
	at com.kms.katalon.core.mobile.keyword.internal.MobileKeywordMain.runKeyword(MobileKeywordMain.groovy:21)
	at com.kms.katalon.core.mobile.keyword.builtin.TapAndHoldKeyword.tapAndHold(TapAndHoldKeyword.groovy:72)
	at com.kms.katalon.core.mobile.keyword.builtin.TapAndHoldKeyword.execute(TapAndHoldKeyword.groovy:65)
	at com.kms.katalon.core.keyword.internal.KeywordExecutor.executeKeywordForPlatform(KeywordExecutor.groovy:73)
	at com.kms.katalon.core.mobile.keyword.MobileBuiltInKeywords.tapAndHold(MobileBuiltInKeywords.groovy:1435)
	at com.kms.katalon.core.mobile.keyword.MobileBuiltInKeywords$tapAndHold$3.call(Unknown Source)
	at RegisterMethod.registered(Script1634005272891.groovy:70)
	at RegisterMethod$registered.call(Unknown Source)
	at Register.run(Register:37)
	at com.kms.katalon.core.main.ScriptEngine.run(ScriptEngine.java:194)
	at com.kms.katalon.core.main.ScriptEngine.runScriptAsRawText(ScriptEngine.java:119)
	at com.kms.katalon.core.main.TestCaseExecutor.runScript(TestCaseExecutor.java:398)
	at com.kms.katalon.core.main.TestCaseExecutor.doExecute(TestCaseExecutor.java:389)
	at com.kms.katalon.core.main.TestCaseExecutor.processExecutionPhase(TestCaseExecutor.java:368)
	at com.kms.katalon.core.main.TestCaseExecutor.accessMainPhase(TestCaseExecutor.java:360)
	at com.kms.katalon.core.main.TestCaseExecutor.execute(TestCaseExecutor.java:255)
	at com.kms.katalon.core.main.TestCaseMain.runTestCase(TestCaseMain.java:114)
	at com.kms.katalon.core.keyword.builtin.CallTestCaseKeyword$_callTestCase_closure1.doCall(CallTestCaseKeyword.groovy:59)
	at com.kms.katalon.core.keyword.builtin.CallTestCaseKeyword$_callTestCase_closure1.call(CallTestCaseKeyword.groovy)
	at com.kms.katalon.core.keyword.internal.KeywordMain.runKeyword(KeywordMain.groovy:68)
	at com.kms.katalon.core.keyword.builtin.CallTestCaseKeyword.callTestCase(CallTestCaseKeyword.groovy:81)
	at com.kms.katalon.core.keyword.builtin.CallTestCaseKeyword.execute(CallTestCaseKeyword.groovy:44)
	at com.kms.katalon.core.keyword.internal.KeywordExecutor.executeKeywordForPlatform(KeywordExecutor.groovy:73)
	at com.kms.katalon.core.keyword.BuiltinKeywords.callTestCase(BuiltinKeywords.groovy:334)
	at 001 - Registrasi dengan Akun Terdaftar.run(001 - Registrasi dengan Akun Terdaftar:22)
	at com.kms.katalon.core.main.ScriptEngine.run(ScriptEngine.java:194)
	at com.kms.katalon.core.main.ScriptEngine.runScriptAsRawText(ScriptEngine.java:119)
	at com.kms.katalon.core.main.TestCaseExecutor.runScript(TestCaseExecutor.java:398)
	at com.kms.katalon.core.main.TestCaseExecutor.doExecute(TestCaseExecutor.java:389)
	at com.kms.katalon.core.main.TestCaseExecutor.processExecutionPhase(TestCaseExecutor.java:368)
	at com.kms.katalon.core.main.TestCaseExecutor.accessMainPhase(TestCaseExecutor.java:360)
	at com.kms.katalon.core.main.TestCaseExecutor.execute(TestCaseExecutor.java:255)
	at com.kms.katalon.core.main.TestSuiteExecutor.accessTestCaseMainPhase(TestSuiteExecutor.java:203)
	at com.kms.katalon.core.main.TestSuiteExecutor.accessTestSuiteMainPhase(TestSuiteExecutor.java:152)
	at com.kms.katalon.core.main.TestSuiteExecutor.execute(TestSuiteExecutor.java:95)
	at com.kms.katalon.core.main.TestCaseMain.startTestSuite(TestCaseMain.java:157)
	at com.kms.katalon.core.main.TestCaseMain$startTestSuite$0.call(Unknown Source)
	at TempTestSuite1635504385814.run(TempTestSuite1635504385814.groovy:39)
)
[[ATTACHMENT|C:\\Users\\Owner\\Documents\\kerjaan\\KatalonProject\\qa-katalon-maxfund\\Reports\\20211029_174625\\Register\\20211029_174625\\1635504505385.png]]

2021-10-29 17:48:26 - [MESSAGE][FAILED] - Unable to call Test Case 'Test Cases/Mobile/Page/Register/Register' (Root cause: com.kms.katalon.core.exception.StepFailedException: Call Test Case 'Test Cases/Mobile/Page/Register/Register' failed
	at com.kms.katalon.core.keyword.builtin.CallTestCaseKeyword$_callTestCase_closure1.doCall(CallTestCaseKeyword.groovy:63)
	at com.kms.katalon.core.keyword.builtin.CallTestCaseKeyword$_callTestCase_closure1.call(CallTestCaseKeyword.groovy)
	at com.kms.katalon.core.keyword.internal.KeywordMain.runKeyword(KeywordMain.groovy:68)
	at com.kms.katalon.core.keyword.builtin.CallTestCaseKeyword.callTestCase(CallTestCaseKeyword.groovy:81)
	at com.kms.katalon.core.keyword.builtin.CallTestCaseKeyword.execute(CallTestCaseKeyword.groovy:44)
	at com.kms.katalon.core.keyword.internal.KeywordExecutor.executeKeywordForPlatform(KeywordExecutor.groovy:73)
	at com.kms.katalon.core.keyword.BuiltinKeywords.callTestCase(BuiltinKeywords.groovy:334)
	at 001 - Registrasi dengan Akun Terdaftar.run(001 - Registrasi dengan Akun Terdaftar:22)
	at com.kms.katalon.core.main.ScriptEngine.run(ScriptEngine.java:194)
	at com.kms.katalon.core.main.ScriptEngine.runScriptAsRawText(ScriptEngine.java:119)
	at com.kms.katalon.core.main.TestCaseExecutor.runScript(TestCaseExecutor.java:398)
	at com.kms.katalon.core.main.TestCaseExecutor.doExecute(TestCaseExecutor.java:389)
	at com.kms.katalon.core.main.TestCaseExecutor.processExecutionPhase(TestCaseExecutor.java:368)
	at com.kms.katalon.core.main.TestCaseExecutor.accessMainPhase(TestCaseExecutor.java:360)
	at com.kms.katalon.core.main.TestCaseExecutor.execute(TestCaseExecutor.java:255)
	at com.kms.katalon.core.main.TestSuiteExecutor.accessTestCaseMainPhase(TestSuiteExecutor.java:203)
	at com.kms.katalon.core.main.TestSuiteExecutor.accessTestSuiteMainPhase(TestSuiteExecutor.java:152)
	at com.kms.katalon.core.main.TestSuiteExecutor.execute(TestSuiteExecutor.java:95)
	at com.kms.katalon.core.main.TestCaseMain.startTestSuite(TestCaseMain.java:157)
	at com.kms.katalon.core.main.TestCaseMain$startTestSuite$0.call(Unknown Source)
	at TempTestSuite1635504385814.run(TempTestSuite1635504385814.groovy:39)
Caused by: com.kms.katalon.core.exception.StepFailedException: Object Object Repository/Mobile/Page/Register/Already Registered/Personal Info/Dropdown - Agama not found
	at com.kms.katalon.core.mobile.helper.MobileElementCommonHelper.findElementWithCheck(MobileElementCommonHelper.java:159)
	at com.kms.katalon.core.mobile.helper.MobileElementCommonHelper.tapAndHold(MobileElementCommonHelper.java:103)
	at com.kms.katalon.core.mobile.keyword.builtin.TapAndHoldKeyword$_tapAndHold_closure1.doCall(TapAndHoldKeyword.groovy:71)
	at com.kms.katalon.core.mobile.keyword.builtin.TapAndHoldKeyword$_tapAndHold_closure1.call(TapAndHoldKeyword.groovy)
	at com.kms.katalon.core.mobile.keyword.internal.MobileKeywordMain.runKeyword(MobileKeywordMain.groovy:21)
	at com.kms.katalon.core.mobile.keyword.builtin.TapAndHoldKeyword.tapAndHold(TapAndHoldKeyword.groovy:72)
	at com.kms.katalon.core.mobile.keyword.builtin.TapAndHoldKeyword.execute(TapAndHoldKeyword.groovy:65)
	at com.kms.katalon.core.keyword.internal.KeywordExecutor.executeKeywordForPlatform(KeywordExecutor.groovy:73)
	at com.kms.katalon.core.mobile.keyword.MobileBuiltInKeywords.tapAndHold(MobileBuiltInKeywords.groovy:1435)
	at com.kms.katalon.core.mobile.keyword.MobileBuiltInKeywords$tapAndHold$3.call(Unknown Source)
	at RegisterMethod.registered(Script1634005272891.groovy:70)
	at RegisterMethod$registered.call(Unknown Source)
	at Register.run(Register:37)
	at com.kms.katalon.core.main.ScriptEngine.run(ScriptEngine.java:194)
	at com.kms.katalon.core.main.ScriptEngine.runScriptAsRawText(ScriptEngine.java:119)
	at com.kms.katalon.core.main.TestCaseExecutor.runScript(TestCaseExecutor.java:398)
	at com.kms.katalon.core.main.TestCaseExecutor.doExecute(TestCaseExecutor.java:389)
	at com.kms.katalon.core.main.TestCaseExecutor.processExecutionPhase(TestCaseExecutor.java:368)
	at com.kms.katalon.core.main.TestCaseExecutor.accessMainPhase(TestCaseExecutor.java:360)
	at com.kms.katalon.core.main.TestCaseExecutor.execute(TestCaseExecutor.java:255)
	at com.kms.katalon.core.main.TestCaseMain.runTestCase(TestCaseMain.java:114)
	at com.kms.katalon.core.keyword.builtin.CallTestCaseKeyword$_callTestCase_closure1.doCall(CallTestCaseKeyword.groovy:59)
	... 20 more
)]]></system-out>
         <system-err><![CDATA[2021-10-29 17:46:33 - [TEST_CASE][FAILED] - Test Cases/Mobile/Scenario/Register/001 - Registrasi dengan Akun Terdaftar: Test Cases/Mobile/Scenario/Register/001 - Registrasi dengan Akun Terdaftar FAILED.
Reason:
com.kms.katalon.core.exception.StepFailedException: Call Test Case 'Test Cases/Mobile/Page/Register/Register' failed
	at com.kms.katalon.core.keyword.builtin.CallTestCaseKeyword$_callTestCase_closure1.doCall(CallTestCaseKeyword.groovy:63)
	at com.kms.katalon.core.keyword.builtin.CallTestCaseKeyword$_callTestCase_closure1.call(CallTestCaseKeyword.groovy)
	at com.kms.katalon.core.keyword.internal.KeywordMain.runKeyword(KeywordMain.groovy:68)
	at com.kms.katalon.core.keyword.builtin.CallTestCaseKeyword.callTestCase(CallTestCaseKeyword.groovy:81)
	at com.kms.katalon.core.keyword.builtin.CallTestCaseKeyword.execute(CallTestCaseKeyword.groovy:44)
	at com.kms.katalon.core.keyword.internal.KeywordExecutor.executeKeywordForPlatform(KeywordExecutor.groovy:73)
	at com.kms.katalon.core.keyword.BuiltinKeywords.callTestCase(BuiltinKeywords.groovy:334)
	at 001 - Registrasi dengan Akun Terdaftar.run(001 - Registrasi dengan Akun Terdaftar:22)
	at com.kms.katalon.core.main.ScriptEngine.run(ScriptEngine.java:194)
	at com.kms.katalon.core.main.ScriptEngine.runScriptAsRawText(ScriptEngine.java:119)
	at com.kms.katalon.core.main.TestCaseExecutor.runScript(TestCaseExecutor.java:398)
	at com.kms.katalon.core.main.TestCaseExecutor.doExecute(TestCaseExecutor.java:389)
	at com.kms.katalon.core.main.TestCaseExecutor.processExecutionPhase(TestCaseExecutor.java:368)
	at com.kms.katalon.core.main.TestCaseExecutor.accessMainPhase(TestCaseExecutor.java:360)
	at com.kms.katalon.core.main.TestCaseExecutor.execute(TestCaseExecutor.java:255)
	at com.kms.katalon.core.main.TestSuiteExecutor.accessTestCaseMainPhase(TestSuiteExecutor.java:203)
	at com.kms.katalon.core.main.TestSuiteExecutor.accessTestSuiteMainPhase(TestSuiteExecutor.java:152)
	at com.kms.katalon.core.main.TestSuiteExecutor.execute(TestSuiteExecutor.java:95)
	at com.kms.katalon.core.main.TestCaseMain.startTestSuite(TestCaseMain.java:157)
	at com.kms.katalon.core.main.TestCaseMain$startTestSuite$0.call(Unknown Source)
	at TempTestSuite1635504385814.run(TempTestSuite1635504385814.groovy:39)
Caused by: com.kms.katalon.core.exception.StepFailedException: Object Object Repository/Mobile/Page/Register/Already Registered/Personal Info/Dropdown - Agama not found
	at com.kms.katalon.core.mobile.helper.MobileElementCommonHelper.findElementWithCheck(MobileElementCommonHelper.java:159)
	at com.kms.katalon.core.mobile.helper.MobileElementCommonHelper.tapAndHold(MobileElementCommonHelper.java:103)
	at com.kms.katalon.core.mobile.keyword.builtin.TapAndHoldKeyword$_tapAndHold_closure1.doCall(TapAndHoldKeyword.groovy:71)
	at com.kms.katalon.core.mobile.keyword.builtin.TapAndHoldKeyword$_tapAndHold_closure1.call(TapAndHoldKeyword.groovy)
	at com.kms.katalon.core.mobile.keyword.internal.MobileKeywordMain.runKeyword(MobileKeywordMain.groovy:21)
	at com.kms.katalon.core.mobile.keyword.builtin.TapAndHoldKeyword.tapAndHold(TapAndHoldKeyword.groovy:72)
	at com.kms.katalon.core.mobile.keyword.builtin.TapAndHoldKeyword.execute(TapAndHoldKeyword.groovy:65)
	at com.kms.katalon.core.keyword.internal.KeywordExecutor.executeKeywordForPlatform(KeywordExecutor.groovy:73)
	at com.kms.katalon.core.mobile.keyword.MobileBuiltInKeywords.tapAndHold(MobileBuiltInKeywords.groovy:1435)
	at com.kms.katalon.core.mobile.keyword.MobileBuiltInKeywords$tapAndHold$3.call(Unknown Source)
	at RegisterMethod.registered(Script1634005272891.groovy:70)
	at RegisterMethod$registered.call(Unknown Source)
	at Register.run(Register:37)
	at com.kms.katalon.core.main.ScriptEngine.run(ScriptEngine.java:194)
	at com.kms.katalon.core.main.ScriptEngine.runScriptAsRawText(ScriptEngine.java:119)
	at com.kms.katalon.core.main.TestCaseExecutor.runScript(TestCaseExecutor.java:398)
	at com.kms.katalon.core.main.TestCaseExecutor.doExecute(TestCaseExecutor.java:389)
	at com.kms.katalon.core.main.TestCaseExecutor.processExecutionPhase(TestCaseExecutor.java:368)
	at com.kms.katalon.core.main.TestCaseExecutor.accessMainPhase(TestCaseExecutor.java:360)
	at com.kms.katalon.core.main.TestCaseExecutor.execute(TestCaseExecutor.java:255)
	at com.kms.katalon.core.main.TestCaseMain.runTestCase(TestCaseMain.java:114)
	at com.kms.katalon.core.keyword.builtin.CallTestCaseKeyword$_callTestCase_closure1.doCall(CallTestCaseKeyword.groovy:59)
	... 20 more]]></system-err>
      </testcase>
      <testcase name="Test Cases/Mobile/Scenario/Register/002 - Registrasi akun baru dengan alamat sesuai KTP" time="212.782" classname="Test Cases/Mobile/Scenario/Register/002 - Registrasi akun baru dengan alamat sesuai KTP" status="PASSED">
         <system-out><![CDATA[2021-10-29 17:48:26 - [TEST_CASE][PASSED] - Test Cases/Mobile/Scenario/Register/002 - Registrasi akun baru dengan alamat sesuai KTP: Test Cases/Mobile/Scenario/Register/002 - Registrasi akun baru dengan alamat sesuai KTP

2021-10-29 17:48:26 - [TEST_STEP][PASSED] - callTestCase(findTestCase("Mobile/Page/Run App/Run App byID"), [:], STOP_ON_FAILURE): Call Test Case 'Test Cases/Mobile/Page/Run App/Run App byID' successfully

2021-10-29 17:48:26 - [TEST_CASE][PASSED] - Test Cases/Mobile/Page/Run App/Run App byID: Test Cases/Mobile/Page/Run App/Run App byID

2021-10-29 17:48:26 - [TEST_STEP][PASSED] - startApp.OpenApp.startApplication("com.mirae.maxfund"): startApp.OpenApp.startApplication is PASSED

2021-10-29 17:48:38 - [MESSAGE][PASSED] - Starting app with application ID: 'com.mirae.maxfund'

2021-10-29 17:48:38 - [MESSAGE][PASSED] - startApp.OpenApp.startApplication is PASSED

2021-10-29 17:48:38 - [MESSAGE][PASSED] - Call Test Case 'Test Cases/Mobile/Page/Run App/Run App byID' successfully

2021-10-29 17:48:38 - [TEST_STEP][PASSED] - callTestCase(findTestCase("Mobile/Page/Register/Register"), ["isFromLoginPage":0, "isRegistered":0, "isBedaAlamat":0, "isUseReferralCode":0, "negativeStatus":"none"], STOP_ON_FAILURE): Call Test Case 'Test Cases/Mobile/Page/Register/Register' successfully

2021-10-29 17:48:39 - [TEST_CASE][PASSED] - Test Cases/Mobile/Page/Register/Register: Test Cases/Mobile/Page/Register/Register

2021-10-29 17:48:39 - [TEST_STEP][PASSED] - delay(5): Delayed 5 second(s)

2021-10-29 17:48:44 - [MESSAGE][PASSED] - Delayed 5 second(s)

2021-10-29 17:48:44 - [TEST_STEP][PASSED] - if (isFromLoginPage == 1): null

2021-10-29 17:48:44 - [TEST_STEP][PASSED] - else: Tapped on element 'Object Repository/Mobile/Page/Dashboard/Button - Register'

2021-10-29 17:48:44 - [TEST_STEP][PASSED] - tap(findTestObject("Object Repository/Mobile/Page/Dashboard/Button - Register"), 0): Tapped on element 'Object Repository/Mobile/Page/Dashboard/Button - Register'

2021-10-29 17:48:44 - [MESSAGE][WARNING] - Timeout '0' is invalid. Using default page load timeout: '60'

2021-10-29 17:48:44 - [MESSAGE][PASSED] - Tapped on element 'Object Repository/Mobile/Page/Dashboard/Button - Register'

2021-10-29 17:48:44 - [TEST_STEP][PASSED] - delay(3): Delayed 3 second(s)

2021-10-29 17:48:47 - [MESSAGE][PASSED] - Delayed 3 second(s)

2021-10-29 17:48:47 - [TEST_STEP][PASSED] - if (isRegistered == 1): null

2021-10-29 17:48:47 - [TEST_STEP][PASSED] - else: null

2021-10-29 17:48:47 - [TEST_STEP][PASSED] - RegisterMethod.notRegistered(negativeStatus, isBedaAlamat, isUseReferralCode): null

2021-10-29 17:48:47 - [TEST_STEP][PASSED] - fullname = "QATEST" + acak.acak.randomStringWord(): acak.acak.randomStringWord is PASSED

2021-10-29 17:48:47 - [MESSAGE][PASSED] - acak.acak.randomStringWord is PASSED

2021-10-29 17:48:47 - [TEST_STEP][PASSED] - birthdate = "1/1/1998": null

2021-10-29 17:48:47 - [TEST_STEP][PASSED] - phone = "082" + acak.acak.randomStringNumber(9): acak.acak.randomStringNumber is PASSED

2021-10-29 17:48:47 - [MESSAGE][PASSED] - acak.acak.randomStringNumber is PASSED

2021-10-29 17:48:47 - [TEST_STEP][PASSED] - email = fullname + "@gmail.com": null

2021-10-29 17:48:47 - [TEST_STEP][PASSED] - password = "Mirae1234": null

2021-10-29 17:48:47 - [TEST_STEP][PASSED] - branch = "qa cabang": null

2021-10-29 17:48:47 - [TEST_STEP][PASSED] - accountnumber = "222444222444": null

2021-10-29 17:48:47 - [TEST_STEP][PASSED] - nameowner = fullname: null

2021-10-29 17:48:47 - [TEST_STEP][PASSED] - alamat = "Jl. Cempaka Putih Barat 12 F No.12, RT.8/RW.8": null

2021-10-29 17:48:47 - [TEST_STEP][PASSED] - kodepos = "15412": null

2021-10-29 17:48:47 - [TEST_STEP][PASSED] - referralcode = "15412": null

2021-10-29 17:48:47 - [TEST_STEP][PASSED] - flag = "indonesia": null

2021-10-29 17:48:47 - [TEST_STEP][PASSED] - bank = "citibank": null

2021-10-29 17:48:47 - [TEST_STEP][PASSED] - tap(findTestObject("Object Repository/Mobile/Page/Register/Radio Button - Not registered yet"), 0): Tapped on element 'Object Repository/Mobile/Page/Register/Radio Button - Not registered yet'

2021-10-29 17:48:47 - [MESSAGE][WARNING] - Timeout '0' is invalid. Using default page load timeout: '60'

2021-10-29 17:48:48 - [MESSAGE][PASSED] - Tapped on element 'Object Repository/Mobile/Page/Register/Radio Button - Not registered yet'

2021-10-29 17:48:48 - [TEST_STEP][PASSED] - delay(3): Delayed 3 second(s)

2021-10-29 17:48:51 - [MESSAGE][PASSED] - Delayed 3 second(s)

2021-10-29 17:48:51 - [TEST_STEP][PASSED] - tap(findTestObject("Object Repository/Mobile/Page/Register/Not Registered/Button - Next"), 0): Tapped on element 'Object Repository/Mobile/Page/Register/Not Registered/Button - Next'

2021-10-29 17:48:51 - [MESSAGE][WARNING] - Timeout '0' is invalid. Using default page load timeout: '60'

2021-10-29 17:48:52 - [MESSAGE][PASSED] - Tapped on element 'Object Repository/Mobile/Page/Register/Not Registered/Button - Next'

2021-10-29 17:48:52 - [TEST_STEP][PASSED] - delay(1): Delayed 1 second(s)

2021-10-29 17:48:53 - [MESSAGE][PASSED] - Delayed 1 second(s)

2021-10-29 17:48:53 - [TEST_STEP][PASSED] - tap(findTestObject("Object Repository/Mobile/Page/Register/Not Registered/Informasi Pribadi/Edit Text - Fullname"), 0): Tapped on element 'Object Repository/Mobile/Page/Register/Not Registered/Informasi Pribadi/Edit Text - Fullname'

2021-10-29 17:48:53 - [MESSAGE][WARNING] - Timeout '0' is invalid. Using default page load timeout: '60'

2021-10-29 17:48:53 - [MESSAGE][PASSED] - Tapped on element 'Object Repository/Mobile/Page/Register/Not Registered/Informasi Pribadi/Edit Text - Fullname'

2021-10-29 17:48:53 - [TEST_STEP][PASSED] - setText(findTestObject("Object Repository/Mobile/Page/Register/Not Registered/Informasi Pribadi/Edit Text - Fullname"), fullname, 0): Text 'QATESTcLOmhdUpPjOeFfk' has been set to element 'Object Repository/Mobile/Page/Register/Not Registered/Informasi Pribadi/Edit Text - Fullname'

2021-10-29 17:48:53 - [MESSAGE][WARNING] - Timeout '0' is invalid. Using default page load timeout: '60'

2021-10-29 17:48:55 - [MESSAGE][PASSED] - Text 'QATESTcLOmhdUpPjOeFfk' has been set to element 'Object Repository/Mobile/Page/Register/Not Registered/Informasi Pribadi/Edit Text - Fullname'

2021-10-29 17:48:55 - [TEST_STEP][PASSED] - hideKeyboard(): Keyboard is hidden

2021-10-29 17:48:58 - [MESSAGE][PASSED] - Keyboard is hidden

2021-10-29 17:48:58 - [TEST_STEP][PASSED] - delay(1): Delayed 1 second(s)

2021-10-29 17:48:59 - [MESSAGE][PASSED] - Delayed 1 second(s)

2021-10-29 17:48:59 - [TEST_STEP][PASSED] - tap(findTestObject("Object Repository/Mobile/Page/Register/Not Registered/Informasi Pribadi/Date Picker - Date of Birth"), 0): Tapped on element 'Object Repository/Mobile/Page/Register/Not Registered/Informasi Pribadi/Date Picker - Date of Birth'

2021-10-29 17:48:59 - [MESSAGE][WARNING] - Timeout '0' is invalid. Using default page load timeout: '60'

2021-10-29 17:49:00 - [MESSAGE][PASSED] - Tapped on element 'Object Repository/Mobile/Page/Register/Not Registered/Informasi Pribadi/Date Picker - Date of Birth'

2021-10-29 17:49:00 - [TEST_STEP][PASSED] - tap(findTestObject("Object Repository/Mobile/Page/Register/Not Registered/Informasi Pribadi/Date Picker - Icon Edit"), 0): Tapped on element 'Object Repository/Mobile/Page/Register/Not Registered/Informasi Pribadi/Date Picker - Icon Edit'

2021-10-29 17:49:00 - [MESSAGE][WARNING] - Timeout '0' is invalid. Using default page load timeout: '60'

2021-10-29 17:49:02 - [MESSAGE][PASSED] - Tapped on element 'Object Repository/Mobile/Page/Register/Not Registered/Informasi Pribadi/Date Picker - Icon Edit'

2021-10-29 17:49:02 - [TEST_STEP][PASSED] - if (negativeStatus == "less17YearsOld"): null

2021-10-29 17:49:02 - [TEST_STEP][PASSED] - else: Delayed 1 second(s)

2021-10-29 17:49:02 - [TEST_STEP][PASSED] - setText(findTestObject("Mobile/Page/Register/Not Registered/Informasi Pribadi/Date Picker - Edit Text Date"), birthdate, 0): Text '1/1/1998' has been set to element 'Object Repository/Mobile/Page/Register/Not Registered/Informasi Pribadi/Date Picker - Edit Text Date'

2021-10-29 17:49:02 - [MESSAGE][WARNING] - Timeout '0' is invalid. Using default page load timeout: '60'

2021-10-29 17:49:03 - [MESSAGE][PASSED] - Text '1/1/1998' has been set to element 'Object Repository/Mobile/Page/Register/Not Registered/Informasi Pribadi/Date Picker - Edit Text Date'

2021-10-29 17:49:03 - [TEST_STEP][PASSED] - tap(findTestObject("Mobile/Page/Register/Not Registered/Informasi Pribadi/Date Picker - Button OK"), 0): Tapped on element 'Object Repository/Mobile/Page/Register/Not Registered/Informasi Pribadi/Date Picker - Button OK'

2021-10-29 17:49:03 - [MESSAGE][WARNING] - Timeout '0' is invalid. Using default page load timeout: '60'

2021-10-29 17:49:05 - [MESSAGE][PASSED] - Tapped on element 'Object Repository/Mobile/Page/Register/Not Registered/Informasi Pribadi/Date Picker - Button OK'

2021-10-29 17:49:05 - [TEST_STEP][PASSED] - delay(1): Delayed 1 second(s)

2021-10-29 17:49:06 - [MESSAGE][PASSED] - Delayed 1 second(s)

2021-10-29 17:49:06 - [TEST_STEP][PASSED] - tap(findTestObject("Object Repository/Mobile/Page/Register/Not Registered/Informasi Pribadi/Dropdown - Flag Phone Number"), 0): Tapped on element 'Object Repository/Mobile/Page/Register/Not Registered/Informasi Pribadi/Dropdown - Flag Phone Number'

2021-10-29 17:49:06 - [MESSAGE][WARNING] - Timeout '0' is invalid. Using default page load timeout: '60'

2021-10-29 17:49:07 - [MESSAGE][PASSED] - Tapped on element 'Object Repository/Mobile/Page/Register/Not Registered/Informasi Pribadi/Dropdown - Flag Phone Number'

2021-10-29 17:49:07 - [TEST_STEP][PASSED] - tap(findTestObject("Object Repository/Mobile/Page/Register/Not Registered/Informasi Pribadi/Edit Text - Search Flag"), 0): Tapped on element 'Object Repository/Mobile/Page/Register/Not Registered/Informasi Pribadi/Edit Text - Search Flag'

2021-10-29 17:49:07 - [MESSAGE][WARNING] - Timeout '0' is invalid. Using default page load timeout: '60'

2021-10-29 17:49:07 - [MESSAGE][PASSED] - Tapped on element 'Object Repository/Mobile/Page/Register/Not Registered/Informasi Pribadi/Edit Text - Search Flag'

2021-10-29 17:49:07 - [TEST_STEP][PASSED] - setText(findTestObject("Object Repository/Mobile/Page/Register/Not Registered/Informasi Pribadi/Edit Text - Search Flag"), flag, 0): Text 'indonesia' has been set to element 'Object Repository/Mobile/Page/Register/Not Registered/Informasi Pribadi/Edit Text - Search Flag'

2021-10-29 17:49:08 - [MESSAGE][WARNING] - Timeout '0' is invalid. Using default page load timeout: '60'

2021-10-29 17:49:09 - [MESSAGE][PASSED] - Text 'indonesia' has been set to element 'Object Repository/Mobile/Page/Register/Not Registered/Informasi Pribadi/Edit Text - Search Flag'

2021-10-29 17:49:09 - [TEST_STEP][PASSED] - tap(findTestObject("Mobile/Page/Register/Not Registered/Informasi Pribadi/Item Flag - Top Search"), 0): Tapped on element 'Object Repository/Mobile/Page/Register/Not Registered/Informasi Pribadi/Item Flag - Top Search'

2021-10-29 17:49:09 - [MESSAGE][WARNING] - Timeout '0' is invalid. Using default page load timeout: '60'

2021-10-29 17:49:11 - [MESSAGE][PASSED] - Tapped on element 'Object Repository/Mobile/Page/Register/Not Registered/Informasi Pribadi/Item Flag - Top Search'

2021-10-29 17:49:11 - [TEST_STEP][PASSED] - tap(findTestObject("Object Repository/Mobile/Page/Register/Not Registered/Informasi Pribadi/Edit Text - Phone Number"), 0): Tapped on element 'Object Repository/Mobile/Page/Register/Not Registered/Informasi Pribadi/Edit Text - Phone Number'

2021-10-29 17:49:11 - [MESSAGE][WARNING] - Timeout '0' is invalid. Using default page load timeout: '60'

2021-10-29 17:49:11 - [MESSAGE][PASSED] - Tapped on element 'Object Repository/Mobile/Page/Register/Not Registered/Informasi Pribadi/Edit Text - Phone Number'

2021-10-29 17:49:11 - [TEST_STEP][PASSED] - setText(findTestObject("Object Repository/Mobile/Page/Register/Not Registered/Informasi Pribadi/Edit Text - Phone Number"), phone, 0): Text '082939268106' has been set to element 'Object Repository/Mobile/Page/Register/Not Registered/Informasi Pribadi/Edit Text - Phone Number'

2021-10-29 17:49:11 - [MESSAGE][WARNING] - Timeout '0' is invalid. Using default page load timeout: '60'

2021-10-29 17:49:13 - [MESSAGE][PASSED] - Text '082939268106' has been set to element 'Object Repository/Mobile/Page/Register/Not Registered/Informasi Pribadi/Edit Text - Phone Number'

2021-10-29 17:49:13 - [TEST_STEP][PASSED] - hideKeyboard(): Keyboard is hidden

2021-10-29 17:49:19 - [MESSAGE][PASSED] - Keyboard is hidden

2021-10-29 17:49:19 - [TEST_STEP][PASSED] - delay(1): Delayed 1 second(s)

2021-10-29 17:49:20 - [MESSAGE][PASSED] - Delayed 1 second(s)

2021-10-29 17:49:20 - [TEST_STEP][PASSED] - tap(findTestObject("Object Repository/Mobile/Page/Register/Not Registered/Informasi Pribadi/Dropdown - Flag Re Phone Number"), 0): Tapped on element 'Object Repository/Mobile/Page/Register/Not Registered/Informasi Pribadi/Dropdown - Flag Re Phone Number'

2021-10-29 17:49:20 - [MESSAGE][WARNING] - Timeout '0' is invalid. Using default page load timeout: '60'

2021-10-29 17:49:21 - [MESSAGE][PASSED] - Tapped on element 'Object Repository/Mobile/Page/Register/Not Registered/Informasi Pribadi/Dropdown - Flag Re Phone Number'

2021-10-29 17:49:21 - [TEST_STEP][PASSED] - tap(findTestObject("Object Repository/Mobile/Page/Register/Not Registered/Informasi Pribadi/Edit Text - Search Flag"), 0): Tapped on element 'Object Repository/Mobile/Page/Register/Not Registered/Informasi Pribadi/Edit Text - Search Flag'

2021-10-29 17:49:21 - [MESSAGE][WARNING] - Timeout '0' is invalid. Using default page load timeout: '60'

2021-10-29 17:49:21 - [MESSAGE][PASSED] - Tapped on element 'Object Repository/Mobile/Page/Register/Not Registered/Informasi Pribadi/Edit Text - Search Flag'

2021-10-29 17:49:21 - [TEST_STEP][PASSED] - setText(findTestObject("Object Repository/Mobile/Page/Register/Not Registered/Informasi Pribadi/Edit Text - Search Flag"), flag, 0): Text 'indonesia' has been set to element 'Object Repository/Mobile/Page/Register/Not Registered/Informasi Pribadi/Edit Text - Search Flag'

2021-10-29 17:49:22 - [MESSAGE][WARNING] - Timeout '0' is invalid. Using default page load timeout: '60'

2021-10-29 17:49:23 - [MESSAGE][PASSED] - Text 'indonesia' has been set to element 'Object Repository/Mobile/Page/Register/Not Registered/Informasi Pribadi/Edit Text - Search Flag'

2021-10-29 17:49:23 - [TEST_STEP][PASSED] - tap(findTestObject("Mobile/Page/Register/Not Registered/Informasi Pribadi/Item Flag - Top Search"), 0): Tapped on element 'Object Repository/Mobile/Page/Register/Not Registered/Informasi Pribadi/Item Flag - Top Search'

2021-10-29 17:49:23 - [MESSAGE][WARNING] - Timeout '0' is invalid. Using default page load timeout: '60'

2021-10-29 17:49:25 - [MESSAGE][PASSED] - Tapped on element 'Object Repository/Mobile/Page/Register/Not Registered/Informasi Pribadi/Item Flag - Top Search'

2021-10-29 17:49:25 - [TEST_STEP][PASSED] - tap(findTestObject("Object Repository/Mobile/Page/Register/Not Registered/Informasi Pribadi/Edit Text - Re Phone Number"), 0): Tapped on element 'Object Repository/Mobile/Page/Register/Not Registered/Informasi Pribadi/Edit Text - Re Phone Number'

2021-10-29 17:49:25 - [MESSAGE][WARNING] - Timeout '0' is invalid. Using default page load timeout: '60'

2021-10-29 17:49:25 - [MESSAGE][PASSED] - Tapped on element 'Object Repository/Mobile/Page/Register/Not Registered/Informasi Pribadi/Edit Text - Re Phone Number'

2021-10-29 17:49:25 - [TEST_STEP][PASSED] - setText(findTestObject("Object Repository/Mobile/Page/Register/Not Registered/Informasi Pribadi/Edit Text - Re Phone Number"), phone, 0): Text '082939268106' has been set to element 'Object Repository/Mobile/Page/Register/Not Registered/Informasi Pribadi/Edit Text - Re Phone Number'

2021-10-29 17:49:25 - [MESSAGE][WARNING] - Timeout '0' is invalid. Using default page load timeout: '60'

2021-10-29 17:49:26 - [MESSAGE][PASSED] - Text '082939268106' has been set to element 'Object Repository/Mobile/Page/Register/Not Registered/Informasi Pribadi/Edit Text - Re Phone Number'

2021-10-29 17:49:26 - [TEST_STEP][PASSED] - hideKeyboard(): Keyboard is hidden

2021-10-29 17:49:32 - [MESSAGE][PASSED] - Keyboard is hidden

2021-10-29 17:49:32 - [TEST_STEP][PASSED] - delay(1): Delayed 1 second(s)

2021-10-29 17:49:33 - [MESSAGE][PASSED] - Delayed 1 second(s)

2021-10-29 17:49:33 - [TEST_STEP][PASSED] - if (negativeStatus == "emailRegistered"): null

2021-10-29 17:49:33 - [TEST_STEP][PASSED] - else: Delayed 1 second(s)

2021-10-29 17:49:33 - [TEST_STEP][PASSED] - tap(findTestObject("Object Repository/Mobile/Page/Register/Not Registered/Informasi Pribadi/Edit Text - Email"), 0): Tapped on element 'Object Repository/Mobile/Page/Register/Not Registered/Informasi Pribadi/Edit Text - Email'

2021-10-29 17:49:33 - [MESSAGE][WARNING] - Timeout '0' is invalid. Using default page load timeout: '60'

2021-10-29 17:49:34 - [MESSAGE][PASSED] - Tapped on element 'Object Repository/Mobile/Page/Register/Not Registered/Informasi Pribadi/Edit Text - Email'

2021-10-29 17:49:34 - [TEST_STEP][PASSED] - setText(findTestObject("Object Repository/Mobile/Page/Register/Not Registered/Informasi Pribadi/Edit Text - Email"), email, 0): Text 'QATESTcLOmhdUpPjOeFfk@gmail.com' has been set to element 'Object Repository/Mobile/Page/Register/Not Registered/Informasi Pribadi/Edit Text - Email'

2021-10-29 17:49:34 - [MESSAGE][WARNING] - Timeout '0' is invalid. Using default page load timeout: '60'

2021-10-29 17:49:35 - [MESSAGE][PASSED] - Text 'QATESTcLOmhdUpPjOeFfk@gmail.com' has been set to element 'Object Repository/Mobile/Page/Register/Not Registered/Informasi Pribadi/Edit Text - Email'

2021-10-29 17:49:35 - [TEST_STEP][PASSED] - hideKeyboard(): Keyboard is hidden

2021-10-29 17:49:38 - [MESSAGE][PASSED] - Keyboard is hidden

2021-10-29 17:49:38 - [TEST_STEP][PASSED] - delay(1): Delayed 1 second(s)

2021-10-29 17:49:39 - [MESSAGE][PASSED] - Delayed 1 second(s)

2021-10-29 17:49:39 - [TEST_STEP][PASSED] - if (negativeStatus == "emailNotMatch"): null

2021-10-29 17:49:39 - [TEST_STEP][PASSED] - else: Delayed 1 second(s)

2021-10-29 17:49:39 - [TEST_STEP][PASSED] - tap(findTestObject("Object Repository/Mobile/Page/Register/Not Registered/Informasi Pribadi/Edit Text - Re Email"), 0): Tapped on element 'Object Repository/Mobile/Page/Register/Not Registered/Informasi Pribadi/Edit Text - Re Email'

2021-10-29 17:49:39 - [MESSAGE][WARNING] - Timeout '0' is invalid. Using default page load timeout: '60'

2021-10-29 17:49:40 - [MESSAGE][PASSED] - Tapped on element 'Object Repository/Mobile/Page/Register/Not Registered/Informasi Pribadi/Edit Text - Re Email'

2021-10-29 17:49:40 - [TEST_STEP][PASSED] - setText(findTestObject("Object Repository/Mobile/Page/Register/Not Registered/Informasi Pribadi/Edit Text - Re Email"), email, 0): Text 'QATESTcLOmhdUpPjOeFfk@gmail.com' has been set to element 'Object Repository/Mobile/Page/Register/Not Registered/Informasi Pribadi/Edit Text - Re Email'

2021-10-29 17:49:40 - [MESSAGE][WARNING] - Timeout '0' is invalid. Using default page load timeout: '60'

2021-10-29 17:49:41 - [MESSAGE][PASSED] - Text 'QATESTcLOmhdUpPjOeFfk@gmail.com' has been set to element 'Object Repository/Mobile/Page/Register/Not Registered/Informasi Pribadi/Edit Text - Re Email'

2021-10-29 17:49:41 - [TEST_STEP][PASSED] - hideKeyboard(): Keyboard is hidden

2021-10-29 17:49:44 - [MESSAGE][PASSED] - Keyboard is hidden

2021-10-29 17:49:44 - [TEST_STEP][PASSED] - delay(1): Delayed 1 second(s)

2021-10-29 17:49:45 - [MESSAGE][PASSED] - Delayed 1 second(s)

2021-10-29 17:49:45 - [TEST_STEP][PASSED] - if (negativeStatus == "passwordNotFollowRules"): null

2021-10-29 17:49:45 - [TEST_STEP][PASSED] - else: Delayed 1 second(s)

2021-10-29 17:49:45 - [TEST_STEP][PASSED] - tap(findTestObject("Object Repository/Mobile/Page/Register/Not Registered/Informasi Pribadi/Edit Text - Password"), 0): Tapped on element 'Object Repository/Mobile/Page/Register/Not Registered/Informasi Pribadi/Edit Text - Password'

2021-10-29 17:49:46 - [MESSAGE][WARNING] - Timeout '0' is invalid. Using default page load timeout: '60'

2021-10-29 17:49:46 - [MESSAGE][PASSED] - Tapped on element 'Object Repository/Mobile/Page/Register/Not Registered/Informasi Pribadi/Edit Text - Password'

2021-10-29 17:49:46 - [TEST_STEP][PASSED] - setText(findTestObject("Object Repository/Mobile/Page/Register/Not Registered/Informasi Pribadi/Edit Text - Password"), password, 0): Text 'Mirae1234' has been set to element 'Object Repository/Mobile/Page/Register/Not Registered/Informasi Pribadi/Edit Text - Password'

2021-10-29 17:49:46 - [MESSAGE][WARNING] - Timeout '0' is invalid. Using default page load timeout: '60'

2021-10-29 17:49:47 - [MESSAGE][PASSED] - Text 'Mirae1234' has been set to element 'Object Repository/Mobile/Page/Register/Not Registered/Informasi Pribadi/Edit Text - Password'

2021-10-29 17:49:47 - [TEST_STEP][PASSED] - hideKeyboard(): Keyboard is hidden

2021-10-29 17:49:53 - [MESSAGE][PASSED] - Keyboard is hidden

2021-10-29 17:49:53 - [TEST_STEP][PASSED] - delay(1): Delayed 1 second(s)

2021-10-29 17:49:54 - [MESSAGE][PASSED] - Delayed 1 second(s)

2021-10-29 17:49:54 - [TEST_STEP][PASSED] - tap(findTestObject("Object Repository/Mobile/Page/Register/Not Registered/Informasi Pribadi/Edit Text - Re Password"), 0): Tapped on element 'Object Repository/Mobile/Page/Register/Not Registered/Informasi Pribadi/Edit Text - Re Password'

2021-10-29 17:49:54 - [MESSAGE][WARNING] - Timeout '0' is invalid. Using default page load timeout: '60'

2021-10-29 17:49:55 - [MESSAGE][PASSED] - Tapped on element 'Object Repository/Mobile/Page/Register/Not Registered/Informasi Pribadi/Edit Text - Re Password'

2021-10-29 17:49:55 - [TEST_STEP][PASSED] - setText(findTestObject("Object Repository/Mobile/Page/Register/Not Registered/Informasi Pribadi/Edit Text - Re Password"), password, 0): Text 'Mirae1234' has been set to element 'Object Repository/Mobile/Page/Register/Not Registered/Informasi Pribadi/Edit Text - Re Password'

2021-10-29 17:49:55 - [MESSAGE][WARNING] - Timeout '0' is invalid. Using default page load timeout: '60'

2021-10-29 17:49:56 - [MESSAGE][PASSED] - Text 'Mirae1234' has been set to element 'Object Repository/Mobile/Page/Register/Not Registered/Informasi Pribadi/Edit Text - Re Password'

2021-10-29 17:49:56 - [TEST_STEP][PASSED] - hideKeyboard(): Keyboard is hidden

2021-10-29 17:50:02 - [MESSAGE][PASSED] - Keyboard is hidden

2021-10-29 17:50:02 - [TEST_STEP][PASSED] - delay(1): Delayed 1 second(s)

2021-10-29 17:50:03 - [MESSAGE][PASSED] - Delayed 1 second(s)

2021-10-29 17:50:03 - [TEST_STEP][PASSED] - if (isBedaAlamat == 1): null

2021-10-29 17:50:03 - [TEST_STEP][PASSED] - tap(findTestObject("Object Repository/Mobile/Page/Register/Not Registered/Informasi Pribadi/Button - Icon KTP"), 0): Tapped on element 'Object Repository/Mobile/Page/Register/Not Registered/Informasi Pribadi/Button - Icon KTP'

2021-10-29 17:50:03 - [MESSAGE][WARNING] - Timeout '0' is invalid. Using default page load timeout: '60'

2021-10-29 17:50:04 - [MESSAGE][PASSED] - Tapped on element 'Object Repository/Mobile/Page/Register/Not Registered/Informasi Pribadi/Button - Icon KTP'

2021-10-29 17:50:04 - [TEST_STEP][PASSED] - permission = verifyElementExist(findTestObject("Object Repository/Mobile/Page/Register/Not Registered/Informasi Pribadi/Permission - Only this time"), 1, OPTIONAL): Element 'Object Repository/Mobile/Page/Register/Not Registered/Informasi Pribadi/Permission - Only this time' is exist

2021-10-29 17:50:05 - [MESSAGE][PASSED] - Element 'Object Repository/Mobile/Page/Register/Not Registered/Informasi Pribadi/Permission - Only this time' is exist

2021-10-29 17:50:05 - [TEST_STEP][PASSED] - if (permission): Tapped on element 'Object Repository/Mobile/Page/Register/Not Registered/Informasi Pribadi/Permission - Only this time'

2021-10-29 17:50:05 - [TEST_STEP][PASSED] - tap(findTestObject("Object Repository/Mobile/Page/Register/Not Registered/Informasi Pribadi/Permission - Only this time"), 0): Tapped on element 'Object Repository/Mobile/Page/Register/Not Registered/Informasi Pribadi/Permission - Only this time'

2021-10-29 17:50:05 - [MESSAGE][WARNING] - Timeout '0' is invalid. Using default page load timeout: '60'

2021-10-29 17:50:05 - [MESSAGE][PASSED] - Tapped on element 'Object Repository/Mobile/Page/Register/Not Registered/Informasi Pribadi/Permission - Only this time'

2021-10-29 17:50:05 - [TEST_STEP][PASSED] - permission = verifyElementExist(findTestObject("Object Repository/Mobile/Page/Register/Not Registered/Informasi Pribadi/Permission - Only this time"), 1, OPTIONAL): Element 'Object Repository/Mobile/Page/Register/Not Registered/Informasi Pribadi/Permission - Only this time' is exist

2021-10-29 17:50:06 - [MESSAGE][PASSED] - Element 'Object Repository/Mobile/Page/Register/Not Registered/Informasi Pribadi/Permission - Only this time' is exist

2021-10-29 17:50:06 - [TEST_STEP][PASSED] - if (permission): Tapped on element 'Object Repository/Mobile/Page/Register/Not Registered/Informasi Pribadi/Permission - Only this time'

2021-10-29 17:50:06 - [TEST_STEP][PASSED] - tap(findTestObject("Object Repository/Mobile/Page/Register/Not Registered/Informasi Pribadi/Permission - Only this time"), 0): Tapped on element 'Object Repository/Mobile/Page/Register/Not Registered/Informasi Pribadi/Permission - Only this time'

2021-10-29 17:50:06 - [MESSAGE][WARNING] - Timeout '0' is invalid. Using default page load timeout: '60'

2021-10-29 17:50:07 - [MESSAGE][PASSED] - Tapped on element 'Object Repository/Mobile/Page/Register/Not Registered/Informasi Pribadi/Permission - Only this time'

2021-10-29 17:50:07 - [TEST_STEP][PASSED] - tap(findTestObject("Object Repository/Mobile/Page/Register/Not Registered/Informasi Pribadi/Button - Capture KTP"), 0): Tapped on element 'Object Repository/Mobile/Page/Register/Not Registered/Informasi Pribadi/Button - Capture KTP'

2021-10-29 17:50:07 - [MESSAGE][WARNING] - Timeout '0' is invalid. Using default page load timeout: '60'

2021-10-29 17:50:09 - [MESSAGE][PASSED] - Tapped on element 'Object Repository/Mobile/Page/Register/Not Registered/Informasi Pribadi/Button - Capture KTP'

2021-10-29 17:50:09 - [TEST_STEP][PASSED] - delay(2): Delayed 2 second(s)

2021-10-29 17:50:11 - [MESSAGE][PASSED] - Delayed 2 second(s)

2021-10-29 17:50:11 - [TEST_STEP][PASSED] - scroll.scroll.scrollLeftToRight(findTestObject("Object Repository/Mobile/Page/Register/Not Registered/Informasi Pribadi/Slider - Edit Photo Scale")): scroll.scroll.scrollLeftToRight is PASSED

2021-10-29 17:50:11 - [MESSAGE][WARNING] - Timeout '0' is invalid. Using default page load timeout: '60'

2021-10-29 17:50:12 - [MESSAGE][PASSED] - Object 'Object Repository/Mobile/Page/Register/Not Registered/Informasi Pribadi/Slider - Edit Photo Scale' has left position '0'

2021-10-29 17:50:12 - [MESSAGE][WARNING] - Timeout '0' is invalid. Using default page load timeout: '60'

2021-10-29 17:50:12 - [MESSAGE][PASSED] - Object 'Object Repository/Mobile/Page/Register/Not Registered/Informasi Pribadi/Slider - Edit Photo Scale' has top position '1,284'

2021-10-29 17:50:12 - [MESSAGE][WARNING] - Timeout '0' is invalid. Using default page load timeout: '60'

2021-10-29 17:50:13 - [MESSAGE][PASSED] - Object 'Object Repository/Mobile/Page/Register/Not Registered/Informasi Pribadi/Slider - Edit Photo Scale' has width: '720'

2021-10-29 17:50:13 - [MESSAGE][WARNING] - Timeout '0' is invalid. Using default page load timeout: '60'

2021-10-29 17:50:13 - [MESSAGE][PASSED] - Object 'Object Repository/Mobile/Page/Register/Not Registered/Informasi Pribadi/Slider - Edit Photo Scale' has height: '66'

2021-10-29 17:50:14 - [MESSAGE][PASSED] - Swiped from 144,1,317 to 576,1,317

2021-10-29 17:50:14 - [MESSAGE][PASSED] - scroll.scroll.scrollLeftToRight is PASSED

2021-10-29 17:50:14 - [TEST_STEP][PASSED] - tap(findTestObject("Object Repository/Mobile/Page/Register/Not Registered/Informasi Pribadi/Button - Edit Photo Rotate"), 0): Tapped on element 'Object Repository/Mobile/Page/Register/Not Registered/Informasi Pribadi/Button - Edit Photo Rotate'

2021-10-29 17:50:14 - [MESSAGE][WARNING] - Timeout '0' is invalid. Using default page load timeout: '60'

2021-10-29 17:50:15 - [MESSAGE][PASSED] - Tapped on element 'Object Repository/Mobile/Page/Register/Not Registered/Informasi Pribadi/Button - Edit Photo Rotate'

2021-10-29 17:50:15 - [TEST_STEP][PASSED] - tap(findTestObject("Object Repository/Mobile/Page/Register/Not Registered/Informasi Pribadi/Button - Edit Photo Rotate 90 degree"), 0): Tapped on element 'Object Repository/Mobile/Page/Register/Not Registered/Informasi Pribadi/Button - Edit Photo Rotate 90 degree'

2021-10-29 17:50:15 - [MESSAGE][WARNING] - Timeout '0' is invalid. Using default page load timeout: '60'

2021-10-29 17:50:17 - [MESSAGE][PASSED] - Tapped on element 'Object Repository/Mobile/Page/Register/Not Registered/Informasi Pribadi/Button - Edit Photo Rotate 90 degree'

2021-10-29 17:50:17 - [TEST_STEP][PASSED] - tap(findTestObject("Object Repository/Mobile/Page/Register/Not Registered/Informasi Pribadi/Button - Edit Photo Reset Rotation"), 0): Tapped on element 'Object Repository/Mobile/Page/Register/Not Registered/Informasi Pribadi/Button - Edit Photo Reset Rotation'

2021-10-29 17:50:17 - [MESSAGE][WARNING] - Timeout '0' is invalid. Using default page load timeout: '60'

2021-10-29 17:50:18 - [MESSAGE][PASSED] - Tapped on element 'Object Repository/Mobile/Page/Register/Not Registered/Informasi Pribadi/Button - Edit Photo Reset Rotation'

2021-10-29 17:50:18 - [TEST_STEP][PASSED] - scroll.scroll.scrollLeftToRight(findTestObject("Object Repository/Mobile/Page/Register/Not Registered/Informasi Pribadi/Slider - Edit Photo Rotate")): scroll.scroll.scrollLeftToRight is PASSED

2021-10-29 17:50:18 - [MESSAGE][WARNING] - Timeout '0' is invalid. Using default page load timeout: '60'

2021-10-29 17:50:18 - [MESSAGE][PASSED] - Object 'Object Repository/Mobile/Page/Register/Not Registered/Informasi Pribadi/Slider - Edit Photo Rotate' has left position '88'

2021-10-29 17:50:18 - [MESSAGE][WARNING] - Timeout '0' is invalid. Using default page load timeout: '60'

2021-10-29 17:50:18 - [MESSAGE][PASSED] - Object 'Object Repository/Mobile/Page/Register/Not Registered/Informasi Pribadi/Slider - Edit Photo Rotate' has top position '1,284'

2021-10-29 17:50:18 - [MESSAGE][WARNING] - Timeout '0' is invalid. Using default page load timeout: '60'

2021-10-29 17:50:18 - [MESSAGE][PASSED] - Object 'Object Repository/Mobile/Page/Register/Not Registered/Informasi Pribadi/Slider - Edit Photo Rotate' has width: '544'

2021-10-29 17:50:18 - [MESSAGE][WARNING] - Timeout '0' is invalid. Using default page load timeout: '60'

2021-10-29 17:50:19 - [MESSAGE][PASSED] - Object 'Object Repository/Mobile/Page/Register/Not Registered/Informasi Pribadi/Slider - Edit Photo Rotate' has height: '66'

2021-10-29 17:50:20 - [MESSAGE][PASSED] - Swiped from 196,1,317 to 523,1,317

2021-10-29 17:50:20 - [MESSAGE][PASSED] - scroll.scroll.scrollLeftToRight is PASSED

2021-10-29 17:50:20 - [TEST_STEP][PASSED] - tap(findTestObject("Object Repository/Mobile/Page/Register/Not Registered/Informasi Pribadi/Button - Edit Photo Confirm"), 0): Tapped on element 'Object Repository/Mobile/Page/Register/Not Registered/Informasi Pribadi/Button - Edit Photo Confirm'

2021-10-29 17:50:20 - [MESSAGE][WARNING] - Timeout '0' is invalid. Using default page load timeout: '60'

2021-10-29 17:50:22 - [MESSAGE][PASSED] - Tapped on element 'Object Repository/Mobile/Page/Register/Not Registered/Informasi Pribadi/Button - Edit Photo Confirm'

2021-10-29 17:50:22 - [TEST_STEP][PASSED] - delay(2): Delayed 2 second(s)

2021-10-29 17:50:24 - [MESSAGE][PASSED] - Delayed 2 second(s)

2021-10-29 17:50:24 - [TEST_STEP][PASSED] - hideKeyboard(): Keyboard is hidden

2021-10-29 17:50:30 - [MESSAGE][PASSED] - Keyboard is hidden

2021-10-29 17:50:30 - [TEST_STEP][PASSED] - delay(1): Delayed 1 second(s)

2021-10-29 17:50:31 - [MESSAGE][PASSED] - Delayed 1 second(s)

2021-10-29 17:50:31 - [TEST_STEP][PASSED] - scroll.scroll.scrollToBottomOpenKeyboard(): scroll.scroll.scrollToBottomOpenKeyboard is PASSED

2021-10-29 17:50:31 - [MESSAGE][PASSED] - Current device physical height is 1423

2021-10-29 17:50:32 - [MESSAGE][PASSED] - Current device physical width is 720

2021-10-29 17:50:33 - [MESSAGE][PASSED] - Swiped from 360,853 to 360,284

2021-10-29 17:50:33 - [MESSAGE][PASSED] - scroll.scroll.scrollToBottomOpenKeyboard is PASSED

2021-10-29 17:50:33 - [TEST_STEP][PASSED] - tap(findTestObject("Object Repository/Mobile/Page/Register/Not Registered/Informasi Pribadi/Button - Icon Face with KTP"), 0): Tapped on element 'Object Repository/Mobile/Page/Register/Not Registered/Informasi Pribadi/Button - Icon Face with KTP'

2021-10-29 17:50:33 - [MESSAGE][WARNING] - Timeout '0' is invalid. Using default page load timeout: '60'

2021-10-29 17:50:34 - [MESSAGE][PASSED] - Tapped on element 'Object Repository/Mobile/Page/Register/Not Registered/Informasi Pribadi/Button - Icon Face with KTP'

2021-10-29 17:50:34 - [TEST_STEP][PASSED] - permission = verifyElementExist(findTestObject("Object Repository/Mobile/Page/Register/Not Registered/Informasi Pribadi/Permission - Only this time"), 1, OPTIONAL): Element 'Object Repository/Mobile/Page/Register/Not Registered/Informasi Pribadi/Permission - Only this time' not found

2021-10-29 17:50:37 - [MESSAGE][WARNING] - Element 'Object Repository/Mobile/Page/Register/Not Registered/Informasi Pribadi/Permission - Only this time' not found
[[ATTACHMENT|C:\\Users\\Owner\\Documents\\kerjaan\\KatalonProject\\qa-katalon-maxfund\\Reports\\20211029_174625\\Register\\20211029_174625\\1635504635453.png]]

2021-10-29 17:50:37 - [TEST_STEP][PASSED] - if (permission): null

2021-10-29 17:50:37 - [TEST_STEP][PASSED] - permission = verifyElementExist(findTestObject("Object Repository/Mobile/Page/Register/Not Registered/Informasi Pribadi/Permission - Only this time"), 1, OPTIONAL): Element 'Object Repository/Mobile/Page/Register/Not Registered/Informasi Pribadi/Permission - Only this time' not found

2021-10-29 17:50:39 - [MESSAGE][WARNING] - Element 'Object Repository/Mobile/Page/Register/Not Registered/Informasi Pribadi/Permission - Only this time' not found
[[ATTACHMENT|C:\\Users\\Owner\\Documents\\kerjaan\\KatalonProject\\qa-katalon-maxfund\\Reports\\20211029_174625\\Register\\20211029_174625\\1635504638262.png]]

2021-10-29 17:50:39 - [TEST_STEP][PASSED] - if (permission): null

2021-10-29 17:50:39 - [TEST_STEP][PASSED] - tap(findTestObject("Object Repository/Mobile/Page/Register/Not Registered/Informasi Pribadi/Button - Capture Face with KTP"), 0): Tapped on element 'Object Repository/Mobile/Page/Register/Not Registered/Informasi Pribadi/Button - Capture Face with KTP'

2021-10-29 17:50:39 - [MESSAGE][WARNING] - Timeout '0' is invalid. Using default page load timeout: '60'

2021-10-29 17:50:40 - [MESSAGE][PASSED] - Tapped on element 'Object Repository/Mobile/Page/Register/Not Registered/Informasi Pribadi/Button - Capture Face with KTP'

2021-10-29 17:50:40 - [TEST_STEP][PASSED] - delay(2): Delayed 2 second(s)

2021-10-29 17:50:42 - [MESSAGE][PASSED] - Delayed 2 second(s)

2021-10-29 17:50:42 - [TEST_STEP][PASSED] - hideKeyboard(): Keyboard is hidden

2021-10-29 17:50:48 - [MESSAGE][PASSED] - Keyboard is hidden

2021-10-29 17:50:48 - [TEST_STEP][PASSED] - delay(1): Delayed 1 second(s)

2021-10-29 17:50:49 - [MESSAGE][PASSED] - Delayed 1 second(s)

2021-10-29 17:50:49 - [TEST_STEP][PASSED] - scroll.scroll.scrollToBottomOpenKeyboard(): scroll.scroll.scrollToBottomOpenKeyboard is PASSED

2021-10-29 17:50:49 - [MESSAGE][PASSED] - Current device physical height is 1423

2021-10-29 17:50:50 - [MESSAGE][PASSED] - Current device physical width is 720

2021-10-29 17:50:51 - [MESSAGE][PASSED] - Swiped from 360,853 to 360,284

2021-10-29 17:50:51 - [MESSAGE][PASSED] - scroll.scroll.scrollToBottomOpenKeyboard is PASSED

2021-10-29 17:50:51 - [TEST_STEP][PASSED] - tap(findTestObject("Object Repository/Mobile/Page/Register/Not Registered/Informasi Pribadi/Radio Button - Low Risk"), 0): Tapped on element 'Object Repository/Mobile/Page/Register/Not Registered/Informasi Pribadi/Radio Button - Low Risk'

2021-10-29 17:50:51 - [MESSAGE][WARNING] - Timeout '0' is invalid. Using default page load timeout: '60'

2021-10-29 17:50:51 - [MESSAGE][PASSED] - Tapped on element 'Object Repository/Mobile/Page/Register/Not Registered/Informasi Pribadi/Radio Button - Low Risk'

2021-10-29 17:50:51 - [TEST_STEP][PASSED] - delay(1): Delayed 1 second(s)

2021-10-29 17:50:52 - [MESSAGE][PASSED] - Delayed 1 second(s)

2021-10-29 17:50:52 - [TEST_STEP][PASSED] - tap(findTestObject("Object Repository/Mobile/Page/Register/Not Registered/Informasi Pribadi/Radio Button - Medium Risk"), 0): Tapped on element 'Object Repository/Mobile/Page/Register/Not Registered/Informasi Pribadi/Radio Button - Medium Risk'

2021-10-29 17:50:52 - [MESSAGE][WARNING] - Timeout '0' is invalid. Using default page load timeout: '60'

2021-10-29 17:50:53 - [MESSAGE][PASSED] - Tapped on element 'Object Repository/Mobile/Page/Register/Not Registered/Informasi Pribadi/Radio Button - Medium Risk'

2021-10-29 17:50:53 - [TEST_STEP][PASSED] - delay(1): Delayed 1 second(s)

2021-10-29 17:50:54 - [MESSAGE][PASSED] - Delayed 1 second(s)

2021-10-29 17:50:54 - [TEST_STEP][PASSED] - tap(findTestObject("Object Repository/Mobile/Page/Register/Not Registered/Informasi Pribadi/Radio Button - High Risk"), 0): Tapped on element 'Object Repository/Mobile/Page/Register/Not Registered/Informasi Pribadi/Radio Button - High Risk'

2021-10-29 17:50:54 - [MESSAGE][WARNING] - Timeout '0' is invalid. Using default page load timeout: '60'

2021-10-29 17:50:55 - [MESSAGE][PASSED] - Tapped on element 'Object Repository/Mobile/Page/Register/Not Registered/Informasi Pribadi/Radio Button - High Risk'

2021-10-29 17:50:55 - [TEST_STEP][PASSED] - delay(1): Delayed 1 second(s)

2021-10-29 17:50:56 - [MESSAGE][PASSED] - Delayed 1 second(s)

2021-10-29 17:50:56 - [TEST_STEP][PASSED] - tap(findTestObject("Object Repository/Mobile/Page/Register/Not Registered/Informasi Pribadi/Button - Next"), 0): Tapped on element 'Object Repository/Mobile/Page/Register/Not Registered/Informasi Pribadi/Button - Next'

2021-10-29 17:50:56 - [MESSAGE][WARNING] - Timeout '0' is invalid. Using default page load timeout: '60'

2021-10-29 17:50:57 - [MESSAGE][PASSED] - Tapped on element 'Object Repository/Mobile/Page/Register/Not Registered/Informasi Pribadi/Button - Next'

2021-10-29 17:50:57 - [TEST_STEP][PASSED] - delay(1): Delayed 1 second(s)

2021-10-29 17:50:58 - [MESSAGE][PASSED] - Delayed 1 second(s)

2021-10-29 17:50:58 - [TEST_STEP][PASSED] - tapAndHold(findTestObject("Mobile/Page/Register/Not Registered/Akun Bank/Dropdown - Bank"), 1, 0): Tapped and held on element 'Object Repository/Mobile/Page/Register/Not Registered/Akun Bank/Dropdown - Bank' with duration 1

2021-10-29 17:50:58 - [MESSAGE][WARNING] - Timeout '0' is invalid. Using default page load timeout: '60'

2021-10-29 17:51:01 - [MESSAGE][PASSED] - Tapped and held on element 'Object Repository/Mobile/Page/Register/Not Registered/Akun Bank/Dropdown - Bank' with duration 1

2021-10-29 17:51:01 - [TEST_STEP][PASSED] - tap(findTestObject("Mobile/Page/Register/Not Registered/Akun Bank/Edit Text - Search Bank"), 0): Tapped on element 'Object Repository/Mobile/Page/Register/Not Registered/Akun Bank/Edit Text - Search Bank'

2021-10-29 17:51:01 - [MESSAGE][WARNING] - Timeout '0' is invalid. Using default page load timeout: '60'

2021-10-29 17:51:02 - [MESSAGE][PASSED] - Tapped on element 'Object Repository/Mobile/Page/Register/Not Registered/Akun Bank/Edit Text - Search Bank'

2021-10-29 17:51:02 - [TEST_STEP][PASSED] - setText(findTestObject("Mobile/Page/Register/Not Registered/Akun Bank/Edit Text - Search Bank"), "citibank", 0): Text 'citibank' has been set to element 'Object Repository/Mobile/Page/Register/Not Registered/Akun Bank/Edit Text - Search Bank'

2021-10-29 17:51:02 - [MESSAGE][WARNING] - Timeout '0' is invalid. Using default page load timeout: '60'

2021-10-29 17:51:03 - [MESSAGE][PASSED] - Text 'citibank' has been set to element 'Object Repository/Mobile/Page/Register/Not Registered/Akun Bank/Edit Text - Search Bank'

2021-10-29 17:51:03 - [TEST_STEP][PASSED] - driver = getDriver(): null

2021-10-29 17:51:03 - [TEST_STEP][PASSED] - driver.pressKeyCode(ENTER): null

2021-10-29 17:51:03 - [TEST_STEP][PASSED] - tap(findTestObject("Object Repository/Mobile/Page/Register/Not Registered/Akun Bank/Item - Top Search Bank"), 0): Tapped on element 'Object Repository/Mobile/Page/Register/Not Registered/Akun Bank/Item - Top Search Bank'

2021-10-29 17:51:03 - [MESSAGE][WARNING] - Timeout '0' is invalid. Using default page load timeout: '60'

2021-10-29 17:51:04 - [MESSAGE][PASSED] - Tapped on element 'Object Repository/Mobile/Page/Register/Not Registered/Akun Bank/Item - Top Search Bank'

2021-10-29 17:51:04 - [TEST_STEP][PASSED] - delay(1): Delayed 1 second(s)

2021-10-29 17:51:05 - [MESSAGE][PASSED] - Delayed 1 second(s)

2021-10-29 17:51:05 - [TEST_STEP][PASSED] - tapAndHold(findTestObject("Mobile/Page/Register/Not Registered/Akun Bank/Dropdown - Country"), 1, 0): Tapped and held on element 'Object Repository/Mobile/Page/Register/Not Registered/Akun Bank/Dropdown - Country' with duration 1

2021-10-29 17:51:05 - [MESSAGE][WARNING] - Timeout '0' is invalid. Using default page load timeout: '60'

2021-10-29 17:51:08 - [MESSAGE][PASSED] - Tapped and held on element 'Object Repository/Mobile/Page/Register/Not Registered/Akun Bank/Dropdown - Country' with duration 1

2021-10-29 17:51:08 - [TEST_STEP][PASSED] - tap(findTestObject("Object Repository/Mobile/Page/Register/Not Registered/Akun Bank/Dropdown - Country Option Indonesia"), 0): Tapped on element 'Object Repository/Mobile/Page/Register/Not Registered/Akun Bank/Dropdown - Country Option Indonesia'

2021-10-29 17:51:08 - [MESSAGE][WARNING] - Timeout '0' is invalid. Using default page load timeout: '60'

2021-10-29 17:51:09 - [MESSAGE][PASSED] - Tapped on element 'Object Repository/Mobile/Page/Register/Not Registered/Akun Bank/Dropdown - Country Option Indonesia'

2021-10-29 17:51:09 - [TEST_STEP][PASSED] - delay(1): Delayed 1 second(s)

2021-10-29 17:51:10 - [MESSAGE][PASSED] - Delayed 1 second(s)

2021-10-29 17:51:10 - [TEST_STEP][PASSED] - tap(findTestObject("Object Repository/Mobile/Page/Register/Not Registered/Akun Bank/Edit Text - Branch"), 0): Tapped on element 'Object Repository/Mobile/Page/Register/Not Registered/Akun Bank/Edit Text - Branch'

2021-10-29 17:51:10 - [MESSAGE][WARNING] - Timeout '0' is invalid. Using default page load timeout: '60'

2021-10-29 17:51:10 - [MESSAGE][PASSED] - Tapped on element 'Object Repository/Mobile/Page/Register/Not Registered/Akun Bank/Edit Text - Branch'

2021-10-29 17:51:10 - [TEST_STEP][PASSED] - setText(findTestObject("Object Repository/Mobile/Page/Register/Not Registered/Akun Bank/Edit Text - Branch"), branch, 0): Text 'qa cabang' has been set to element 'Object Repository/Mobile/Page/Register/Not Registered/Akun Bank/Edit Text - Branch'

2021-10-29 17:51:10 - [MESSAGE][WARNING] - Timeout '0' is invalid. Using default page load timeout: '60'

2021-10-29 17:51:12 - [MESSAGE][PASSED] - Text 'qa cabang' has been set to element 'Object Repository/Mobile/Page/Register/Not Registered/Akun Bank/Edit Text - Branch'

2021-10-29 17:51:12 - [TEST_STEP][PASSED] - hideKeyboard(): Keyboard is hidden

2021-10-29 17:51:15 - [MESSAGE][PASSED] - Keyboard is hidden

2021-10-29 17:51:15 - [TEST_STEP][PASSED] - delay(1): Delayed 1 second(s)

2021-10-29 17:51:16 - [MESSAGE][PASSED] - Delayed 1 second(s)

2021-10-29 17:51:16 - [TEST_STEP][PASSED] - tap(findTestObject("Object Repository/Mobile/Page/Register/Not Registered/Akun Bank/Edit Text - Account Number"), 0): Tapped on element 'Object Repository/Mobile/Page/Register/Not Registered/Akun Bank/Edit Text - Account Number'

2021-10-29 17:51:16 - [MESSAGE][WARNING] - Timeout '0' is invalid. Using default page load timeout: '60'

2021-10-29 17:51:16 - [MESSAGE][PASSED] - Tapped on element 'Object Repository/Mobile/Page/Register/Not Registered/Akun Bank/Edit Text - Account Number'

2021-10-29 17:51:16 - [TEST_STEP][PASSED] - setText(findTestObject("Object Repository/Mobile/Page/Register/Not Registered/Akun Bank/Edit Text - Account Number"), accountnumber, 0): Text '222444222444' has been set to element 'Object Repository/Mobile/Page/Register/Not Registered/Akun Bank/Edit Text - Account Number'

2021-10-29 17:51:16 - [MESSAGE][WARNING] - Timeout '0' is invalid. Using default page load timeout: '60'

2021-10-29 17:51:18 - [MESSAGE][PASSED] - Text '222444222444' has been set to element 'Object Repository/Mobile/Page/Register/Not Registered/Akun Bank/Edit Text - Account Number'

2021-10-29 17:51:18 - [TEST_STEP][PASSED] - hideKeyboard(): Keyboard is hidden

2021-10-29 17:51:24 - [MESSAGE][PASSED] - Keyboard is hidden

2021-10-29 17:51:24 - [TEST_STEP][PASSED] - delay(1): Delayed 1 second(s)

2021-10-29 17:51:25 - [MESSAGE][PASSED] - Delayed 1 second(s)

2021-10-29 17:51:25 - [TEST_STEP][PASSED] - if (negativeStatus == "ownerNameNotMatch"): null

2021-10-29 17:51:25 - [TEST_STEP][PASSED] - else: Delayed 1 second(s)

2021-10-29 17:51:25 - [TEST_STEP][PASSED] - tap(findTestObject("Object Repository/Mobile/Page/Register/Not Registered/Akun Bank/Edit Text - Name Owner"), 0): Tapped on element 'Object Repository/Mobile/Page/Register/Not Registered/Akun Bank/Edit Text - Name Owner'

2021-10-29 17:51:25 - [MESSAGE][WARNING] - Timeout '0' is invalid. Using default page load timeout: '60'

2021-10-29 17:51:25 - [MESSAGE][PASSED] - Tapped on element 'Object Repository/Mobile/Page/Register/Not Registered/Akun Bank/Edit Text - Name Owner'

2021-10-29 17:51:25 - [TEST_STEP][PASSED] - setText(findTestObject("Object Repository/Mobile/Page/Register/Not Registered/Akun Bank/Edit Text - Name Owner"), nameowner, 0): Text 'QATESTcLOmhdUpPjOeFfk' has been set to element 'Object Repository/Mobile/Page/Register/Not Registered/Akun Bank/Edit Text - Name Owner'

2021-10-29 17:51:25 - [MESSAGE][WARNING] - Timeout '0' is invalid. Using default page load timeout: '60'

2021-10-29 17:51:26 - [MESSAGE][PASSED] - Text 'QATESTcLOmhdUpPjOeFfk' has been set to element 'Object Repository/Mobile/Page/Register/Not Registered/Akun Bank/Edit Text - Name Owner'

2021-10-29 17:51:26 - [TEST_STEP][PASSED] - hideKeyboard(): Keyboard is hidden

2021-10-29 17:51:30 - [MESSAGE][PASSED] - Keyboard is hidden

2021-10-29 17:51:30 - [TEST_STEP][PASSED] - delay(1): Delayed 1 second(s)

2021-10-29 17:51:31 - [MESSAGE][PASSED] - Delayed 1 second(s)

2021-10-29 17:51:31 - [TEST_STEP][PASSED] - tap(findTestObject("Object Repository/Mobile/Page/Register/Not Registered/Akun Bank/Button - Next"), 0): Tapped on element 'Object Repository/Mobile/Page/Register/Not Registered/Akun Bank/Button - Next'

2021-10-29 17:51:31 - [MESSAGE][WARNING] - Timeout '0' is invalid. Using default page load timeout: '60'

2021-10-29 17:51:32 - [MESSAGE][PASSED] - Tapped on element 'Object Repository/Mobile/Page/Register/Not Registered/Akun Bank/Button - Next'

2021-10-29 17:51:32 - [TEST_STEP][PASSED] - delay(1): Delayed 1 second(s)

2021-10-29 17:51:33 - [MESSAGE][PASSED] - Delayed 1 second(s)

2021-10-29 17:51:33 - [TEST_STEP][PASSED] - if (isUseReferralCode == 1): null

2021-10-29 17:51:33 - [TEST_STEP][PASSED] - if (negativeStatus == "noSignature"): null

2021-10-29 17:51:33 - [TEST_STEP][PASSED] - else: Delayed 1 second(s)

2021-10-29 17:51:33 - [TEST_STEP][PASSED] - scroll.scroll.scrollRightToLeft(findTestObject("Mobile/Page/Register/Not Registered/Konfirmasi/Field - Signature")): scroll.scroll.scrollRightToLeft is PASSED

2021-10-29 17:51:33 - [MESSAGE][WARNING] - Timeout '0' is invalid. Using default page load timeout: '60'

2021-10-29 17:51:33 - [MESSAGE][PASSED] - Object 'Object Repository/Mobile/Page/Register/Not Registered/Konfirmasi/Field - Signature' has left position '31'

2021-10-29 17:51:33 - [MESSAGE][WARNING] - Timeout '0' is invalid. Using default page load timeout: '60'

2021-10-29 17:51:33 - [MESSAGE][PASSED] - Object 'Object Repository/Mobile/Page/Register/Not Registered/Konfirmasi/Field - Signature' has top position '612'

2021-10-29 17:51:33 - [MESSAGE][WARNING] - Timeout '0' is invalid. Using default page load timeout: '60'

2021-10-29 17:51:33 - [MESSAGE][PASSED] - Object 'Object Repository/Mobile/Page/Register/Not Registered/Konfirmasi/Field - Signature' has width: '658'

2021-10-29 17:51:33 - [MESSAGE][WARNING] - Timeout '0' is invalid. Using default page load timeout: '60'

2021-10-29 17:51:33 - [MESSAGE][PASSED] - Object 'Object Repository/Mobile/Page/Register/Not Registered/Konfirmasi/Field - Signature' has height: '384'

2021-10-29 17:51:35 - [MESSAGE][PASSED] - Swiped from 557,804 to 162,804

2021-10-29 17:51:35 - [MESSAGE][PASSED] - scroll.scroll.scrollRightToLeft is PASSED

2021-10-29 17:51:35 - [TEST_STEP][PASSED] - delay(1): Delayed 1 second(s)

2021-10-29 17:51:36 - [MESSAGE][PASSED] - Delayed 1 second(s)

2021-10-29 17:51:36 - [TEST_STEP][PASSED] - tap(findTestObject("Mobile/Page/Register/Not Registered/Konfirmasi/Checkbox - Agreement"), 0): Tapped on element 'Object Repository/Mobile/Page/Register/Not Registered/Konfirmasi/Checkbox - Agreement'

2021-10-29 17:51:36 - [MESSAGE][WARNING] - Timeout '0' is invalid. Using default page load timeout: '60'

2021-10-29 17:51:36 - [MESSAGE][PASSED] - Tapped on element 'Object Repository/Mobile/Page/Register/Not Registered/Konfirmasi/Checkbox - Agreement'

2021-10-29 17:51:36 - [TEST_STEP][PASSED] - delay(1): Delayed 1 second(s)

2021-10-29 17:51:37 - [MESSAGE][PASSED] - Delayed 1 second(s)

2021-10-29 17:51:37 - [TEST_STEP][PASSED] - pressBack(): Press back button successfully

2021-10-29 17:51:37 - [MESSAGE][PASSED] - Press back button successfully

2021-10-29 17:51:37 - [TEST_STEP][PASSED] - delay(1): Delayed 1 second(s)

2021-10-29 17:51:38 - [MESSAGE][PASSED] - Delayed 1 second(s)

2021-10-29 17:51:38 - [TEST_STEP][PASSED] - hideKeyboard(): Keyboard is hidden

2021-10-29 17:51:40 - [MESSAGE][PASSED] - Keyboard is hidden

2021-10-29 17:51:40 - [TEST_STEP][PASSED] - tap(findTestObject("Object Repository/Mobile/Page/Register/Not Registered/Konfirmasi/Button - Next"), 0): Tapped on element 'Object Repository/Mobile/Page/Register/Not Registered/Konfirmasi/Button - Next'

2021-10-29 17:51:40 - [MESSAGE][WARNING] - Timeout '0' is invalid. Using default page load timeout: '60'

2021-10-29 17:51:41 - [MESSAGE][PASSED] - Tapped on element 'Object Repository/Mobile/Page/Register/Not Registered/Konfirmasi/Button - Next'

2021-10-29 17:51:41 - [TEST_STEP][PASSED] - delay(5): Delayed 5 second(s)

2021-10-29 17:51:46 - [MESSAGE][PASSED] - Delayed 5 second(s)

2021-10-29 17:51:46 - [TEST_STEP][PASSED] - tap(findTestObject("Object Repository/Mobile/Page/Register/Not Registered/Konfirmasi/Button - Back to Home"), 0): Tapped on element 'Object Repository/Mobile/Page/Register/Not Registered/Konfirmasi/Button - Back to Home'

2021-10-29 17:51:46 - [MESSAGE][WARNING] - Timeout '0' is invalid. Using default page load timeout: '60'

2021-10-29 17:51:47 - [MESSAGE][PASSED] - Tapped on element 'Object Repository/Mobile/Page/Register/Not Registered/Konfirmasi/Button - Back to Home'

2021-10-29 17:51:47 - [TEST_STEP][PASSED] - delay(1): Delayed 1 second(s)

2021-10-29 17:51:48 - [MESSAGE][PASSED] - Delayed 1 second(s)

2021-10-29 17:51:48 - [MESSAGE][PASSED] - Call Test Case 'Test Cases/Mobile/Page/Register/Register' successfully

2021-10-29 17:51:48 - [TEST_STEP][PASSED] - callTestCase(findTestCase("Mobile/Page/Run App/Terminate App"), [:], STOP_ON_FAILURE): Call Test Case 'Test Cases/Mobile/Page/Run App/Terminate App' successfully

2021-10-29 17:51:48 - [TEST_CASE][PASSED] - Test Cases/Mobile/Page/Run App/Terminate App: Test Cases/Mobile/Page/Run App/Terminate App

2021-10-29 17:51:48 - [TEST_STEP][PASSED] - startApp.OpenApp.terminateApplication(): startApp.OpenApp.terminateApplication is PASSED

2021-10-29 17:51:52 - [MESSAGE][PASSED] - Delayed 3 second(s)

2021-10-29 17:51:52 - [MESSAGE][PASSED] - Current device physical width is 720

2021-10-29 17:51:52 - [MESSAGE][PASSED] - Current device physical height is 1423

2021-10-29 17:51:53 - [MESSAGE][PASSED] - Swiped from 360,853 to 360,142

2021-10-29 17:51:54 - [MESSAGE][PASSED] - Delayed 1 second(s)

2021-10-29 17:51:55 - [MESSAGE][PASSED] - Swiped from 360,853 to 360,142

2021-10-29 17:51:58 - [MESSAGE][PASSED] - Delayed 3 second(s)

2021-10-29 17:51:58 - [MESSAGE][PASSED] - startApp.OpenApp.terminateApplication is PASSED

2021-10-29 17:51:59 - [MESSAGE][PASSED] - Call Test Case 'Test Cases/Mobile/Page/Run App/Terminate App' successfully]]></system-out>
         <system-err><![CDATA[]]></system-err>
      </testcase>
      <testcase name="Test Cases/Mobile/Scenario/Register/003 - Registrasi akun baru dengan alamat berbeda dengan KTP" time="248.489" classname="Test Cases/Mobile/Scenario/Register/003 - Registrasi akun baru dengan alamat berbeda dengan KTP" status="PASSED">
         <system-out><![CDATA[2021-10-29 17:51:59 - [TEST_CASE][PASSED] - Test Cases/Mobile/Scenario/Register/003 - Registrasi akun baru dengan alamat berbeda dengan KTP: Test Cases/Mobile/Scenario/Register/003 - Registrasi akun baru dengan alamat berbeda dengan KTP

2021-10-29 17:51:59 - [TEST_STEP][PASSED] - callTestCase(findTestCase("Mobile/Page/Run App/Run App byID"), [:], STOP_ON_FAILURE): Call Test Case 'Test Cases/Mobile/Page/Run App/Run App byID' successfully

2021-10-29 17:51:59 - [TEST_CASE][PASSED] - Test Cases/Mobile/Page/Run App/Run App byID: Test Cases/Mobile/Page/Run App/Run App byID

2021-10-29 17:51:59 - [TEST_STEP][PASSED] - startApp.OpenApp.startApplication("com.mirae.maxfund"): startApp.OpenApp.startApplication is PASSED

2021-10-29 17:52:11 - [MESSAGE][PASSED] - Starting app with application ID: 'com.mirae.maxfund'

2021-10-29 17:52:11 - [MESSAGE][PASSED] - startApp.OpenApp.startApplication is PASSED

2021-10-29 17:52:11 - [MESSAGE][PASSED] - Call Test Case 'Test Cases/Mobile/Page/Run App/Run App byID' successfully

2021-10-29 17:52:11 - [TEST_STEP][PASSED] - callTestCase(findTestCase("Mobile/Page/Register/Register"), ["isFromLoginPage":0, "isRegistered":0, "isBedaAlamat":1, "isUseReferralCode":0, "negativeStatus":"none"], STOP_ON_FAILURE): Call Test Case 'Test Cases/Mobile/Page/Register/Register' successfully

2021-10-29 17:52:11 - [TEST_CASE][PASSED] - Test Cases/Mobile/Page/Register/Register: Test Cases/Mobile/Page/Register/Register

2021-10-29 17:52:11 - [TEST_STEP][PASSED] - delay(5): Delayed 5 second(s)

2021-10-29 17:52:16 - [MESSAGE][PASSED] - Delayed 5 second(s)

2021-10-29 17:52:16 - [TEST_STEP][PASSED] - if (isFromLoginPage == 1): null

2021-10-29 17:52:16 - [TEST_STEP][PASSED] - else: Tapped on element 'Object Repository/Mobile/Page/Dashboard/Button - Register'

2021-10-29 17:52:16 - [TEST_STEP][PASSED] - tap(findTestObject("Object Repository/Mobile/Page/Dashboard/Button - Register"), 0): Tapped on element 'Object Repository/Mobile/Page/Dashboard/Button - Register'

2021-10-29 17:52:16 - [MESSAGE][WARNING] - Timeout '0' is invalid. Using default page load timeout: '60'

2021-10-29 17:52:18 - [MESSAGE][PASSED] - Tapped on element 'Object Repository/Mobile/Page/Dashboard/Button - Register'

2021-10-29 17:52:18 - [TEST_STEP][PASSED] - delay(3): Delayed 3 second(s)

2021-10-29 17:52:21 - [MESSAGE][PASSED] - Delayed 3 second(s)

2021-10-29 17:52:21 - [TEST_STEP][PASSED] - if (isRegistered == 1): null

2021-10-29 17:52:21 - [TEST_STEP][PASSED] - else: null

2021-10-29 17:52:21 - [TEST_STEP][PASSED] - RegisterMethod.notRegistered(negativeStatus, isBedaAlamat, isUseReferralCode): null

2021-10-29 17:52:21 - [TEST_STEP][PASSED] - fullname = "QATEST" + acak.acak.randomStringWord(): acak.acak.randomStringWord is PASSED

2021-10-29 17:52:21 - [MESSAGE][PASSED] - acak.acak.randomStringWord is PASSED

2021-10-29 17:52:21 - [TEST_STEP][PASSED] - birthdate = "1/1/1998": null

2021-10-29 17:52:21 - [TEST_STEP][PASSED] - phone = "082" + acak.acak.randomStringNumber(9): acak.acak.randomStringNumber is PASSED

2021-10-29 17:52:21 - [MESSAGE][PASSED] - acak.acak.randomStringNumber is PASSED

2021-10-29 17:52:21 - [TEST_STEP][PASSED] - email = fullname + "@gmail.com": null

2021-10-29 17:52:21 - [TEST_STEP][PASSED] - password = "Mirae1234": null

2021-10-29 17:52:21 - [TEST_STEP][PASSED] - branch = "qa cabang": null

2021-10-29 17:52:21 - [TEST_STEP][PASSED] - accountnumber = "222444222444": null

2021-10-29 17:52:21 - [TEST_STEP][PASSED] - nameowner = fullname: null

2021-10-29 17:52:21 - [TEST_STEP][PASSED] - alamat = "Jl. Cempaka Putih Barat 12 F No.12, RT.8/RW.8": null

2021-10-29 17:52:21 - [TEST_STEP][PASSED] - kodepos = "15412": null

2021-10-29 17:52:21 - [TEST_STEP][PASSED] - referralcode = "15412": null

2021-10-29 17:52:21 - [TEST_STEP][PASSED] - flag = "indonesia": null

2021-10-29 17:52:21 - [TEST_STEP][PASSED] - bank = "citibank": null

2021-10-29 17:52:21 - [TEST_STEP][PASSED] - tap(findTestObject("Object Repository/Mobile/Page/Register/Radio Button - Not registered yet"), 0): Tapped on element 'Object Repository/Mobile/Page/Register/Radio Button - Not registered yet'

2021-10-29 17:52:21 - [MESSAGE][WARNING] - Timeout '0' is invalid. Using default page load timeout: '60'

2021-10-29 17:52:21 - [MESSAGE][PASSED] - Tapped on element 'Object Repository/Mobile/Page/Register/Radio Button - Not registered yet'

2021-10-29 17:52:21 - [TEST_STEP][PASSED] - delay(3): Delayed 3 second(s)

2021-10-29 17:52:24 - [MESSAGE][PASSED] - Delayed 3 second(s)

2021-10-29 17:52:24 - [TEST_STEP][PASSED] - tap(findTestObject("Object Repository/Mobile/Page/Register/Not Registered/Button - Next"), 0): Tapped on element 'Object Repository/Mobile/Page/Register/Not Registered/Button - Next'

2021-10-29 17:52:24 - [MESSAGE][WARNING] - Timeout '0' is invalid. Using default page load timeout: '60'

2021-10-29 17:52:25 - [MESSAGE][PASSED] - Tapped on element 'Object Repository/Mobile/Page/Register/Not Registered/Button - Next'

2021-10-29 17:52:25 - [TEST_STEP][PASSED] - delay(1): Delayed 1 second(s)

2021-10-29 17:52:26 - [MESSAGE][PASSED] - Delayed 1 second(s)

2021-10-29 17:52:26 - [TEST_STEP][PASSED] - tap(findTestObject("Object Repository/Mobile/Page/Register/Not Registered/Informasi Pribadi/Edit Text - Fullname"), 0): Tapped on element 'Object Repository/Mobile/Page/Register/Not Registered/Informasi Pribadi/Edit Text - Fullname'

2021-10-29 17:52:26 - [MESSAGE][WARNING] - Timeout '0' is invalid. Using default page load timeout: '60'

2021-10-29 17:52:27 - [MESSAGE][PASSED] - Tapped on element 'Object Repository/Mobile/Page/Register/Not Registered/Informasi Pribadi/Edit Text - Fullname'

2021-10-29 17:52:27 - [TEST_STEP][PASSED] - setText(findTestObject("Object Repository/Mobile/Page/Register/Not Registered/Informasi Pribadi/Edit Text - Fullname"), fullname, 0): Text 'QATESTUBqHDhVEpgKbBul' has been set to element 'Object Repository/Mobile/Page/Register/Not Registered/Informasi Pribadi/Edit Text - Fullname'

2021-10-29 17:52:27 - [MESSAGE][WARNING] - Timeout '0' is invalid. Using default page load timeout: '60'

2021-10-29 17:52:28 - [MESSAGE][PASSED] - Text 'QATESTUBqHDhVEpgKbBul' has been set to element 'Object Repository/Mobile/Page/Register/Not Registered/Informasi Pribadi/Edit Text - Fullname'

2021-10-29 17:52:28 - [TEST_STEP][PASSED] - hideKeyboard(): Keyboard is hidden

2021-10-29 17:52:32 - [MESSAGE][PASSED] - Keyboard is hidden

2021-10-29 17:52:32 - [TEST_STEP][PASSED] - delay(1): Delayed 1 second(s)

2021-10-29 17:52:33 - [MESSAGE][PASSED] - Delayed 1 second(s)

2021-10-29 17:52:33 - [TEST_STEP][PASSED] - tap(findTestObject("Object Repository/Mobile/Page/Register/Not Registered/Informasi Pribadi/Date Picker - Date of Birth"), 0): Tapped on element 'Object Repository/Mobile/Page/Register/Not Registered/Informasi Pribadi/Date Picker - Date of Birth'

2021-10-29 17:52:33 - [MESSAGE][WARNING] - Timeout '0' is invalid. Using default page load timeout: '60'

2021-10-29 17:52:33 - [MESSAGE][PASSED] - Tapped on element 'Object Repository/Mobile/Page/Register/Not Registered/Informasi Pribadi/Date Picker - Date of Birth'

2021-10-29 17:52:33 - [TEST_STEP][PASSED] - tap(findTestObject("Object Repository/Mobile/Page/Register/Not Registered/Informasi Pribadi/Date Picker - Icon Edit"), 0): Tapped on element 'Object Repository/Mobile/Page/Register/Not Registered/Informasi Pribadi/Date Picker - Icon Edit'

2021-10-29 17:52:33 - [MESSAGE][WARNING] - Timeout '0' is invalid. Using default page load timeout: '60'

2021-10-29 17:52:36 - [MESSAGE][PASSED] - Tapped on element 'Object Repository/Mobile/Page/Register/Not Registered/Informasi Pribadi/Date Picker - Icon Edit'

2021-10-29 17:52:36 - [TEST_STEP][PASSED] - if (negativeStatus == "less17YearsOld"): null

2021-10-29 17:52:36 - [TEST_STEP][PASSED] - else: Delayed 1 second(s)

2021-10-29 17:52:36 - [TEST_STEP][PASSED] - setText(findTestObject("Mobile/Page/Register/Not Registered/Informasi Pribadi/Date Picker - Edit Text Date"), birthdate, 0): Text '1/1/1998' has been set to element 'Object Repository/Mobile/Page/Register/Not Registered/Informasi Pribadi/Date Picker - Edit Text Date'

2021-10-29 17:52:36 - [MESSAGE][WARNING] - Timeout '0' is invalid. Using default page load timeout: '60'

2021-10-29 17:52:37 - [MESSAGE][PASSED] - Text '1/1/1998' has been set to element 'Object Repository/Mobile/Page/Register/Not Registered/Informasi Pribadi/Date Picker - Edit Text Date'

2021-10-29 17:52:37 - [TEST_STEP][PASSED] - tap(findTestObject("Mobile/Page/Register/Not Registered/Informasi Pribadi/Date Picker - Button OK"), 0): Tapped on element 'Object Repository/Mobile/Page/Register/Not Registered/Informasi Pribadi/Date Picker - Button OK'

2021-10-29 17:52:37 - [MESSAGE][WARNING] - Timeout '0' is invalid. Using default page load timeout: '60'

2021-10-29 17:52:38 - [MESSAGE][PASSED] - Tapped on element 'Object Repository/Mobile/Page/Register/Not Registered/Informasi Pribadi/Date Picker - Button OK'

2021-10-29 17:52:38 - [TEST_STEP][PASSED] - delay(1): Delayed 1 second(s)

2021-10-29 17:52:39 - [MESSAGE][PASSED] - Delayed 1 second(s)

2021-10-29 17:52:39 - [TEST_STEP][PASSED] - tap(findTestObject("Object Repository/Mobile/Page/Register/Not Registered/Informasi Pribadi/Dropdown - Flag Phone Number"), 0): Tapped on element 'Object Repository/Mobile/Page/Register/Not Registered/Informasi Pribadi/Dropdown - Flag Phone Number'

2021-10-29 17:52:39 - [MESSAGE][WARNING] - Timeout '0' is invalid. Using default page load timeout: '60'

2021-10-29 17:52:40 - [MESSAGE][PASSED] - Tapped on element 'Object Repository/Mobile/Page/Register/Not Registered/Informasi Pribadi/Dropdown - Flag Phone Number'

2021-10-29 17:52:40 - [TEST_STEP][PASSED] - tap(findTestObject("Object Repository/Mobile/Page/Register/Not Registered/Informasi Pribadi/Edit Text - Search Flag"), 0): Tapped on element 'Object Repository/Mobile/Page/Register/Not Registered/Informasi Pribadi/Edit Text - Search Flag'

2021-10-29 17:52:40 - [MESSAGE][WARNING] - Timeout '0' is invalid. Using default page load timeout: '60'

2021-10-29 17:52:41 - [MESSAGE][PASSED] - Tapped on element 'Object Repository/Mobile/Page/Register/Not Registered/Informasi Pribadi/Edit Text - Search Flag'

2021-10-29 17:52:41 - [TEST_STEP][PASSED] - setText(findTestObject("Object Repository/Mobile/Page/Register/Not Registered/Informasi Pribadi/Edit Text - Search Flag"), flag, 0): Text 'indonesia' has been set to element 'Object Repository/Mobile/Page/Register/Not Registered/Informasi Pribadi/Edit Text - Search Flag'

2021-10-29 17:52:41 - [MESSAGE][WARNING] - Timeout '0' is invalid. Using default page load timeout: '60'

2021-10-29 17:52:42 - [MESSAGE][PASSED] - Text 'indonesia' has been set to element 'Object Repository/Mobile/Page/Register/Not Registered/Informasi Pribadi/Edit Text - Search Flag'

2021-10-29 17:52:42 - [TEST_STEP][PASSED] - tap(findTestObject("Mobile/Page/Register/Not Registered/Informasi Pribadi/Item Flag - Top Search"), 0): Tapped on element 'Object Repository/Mobile/Page/Register/Not Registered/Informasi Pribadi/Item Flag - Top Search'

2021-10-29 17:52:42 - [MESSAGE][WARNING] - Timeout '0' is invalid. Using default page load timeout: '60'

2021-10-29 17:52:43 - [MESSAGE][PASSED] - Tapped on element 'Object Repository/Mobile/Page/Register/Not Registered/Informasi Pribadi/Item Flag - Top Search'

2021-10-29 17:52:43 - [TEST_STEP][PASSED] - tap(findTestObject("Object Repository/Mobile/Page/Register/Not Registered/Informasi Pribadi/Edit Text - Phone Number"), 0): Tapped on element 'Object Repository/Mobile/Page/Register/Not Registered/Informasi Pribadi/Edit Text - Phone Number'

2021-10-29 17:52:43 - [MESSAGE][WARNING] - Timeout '0' is invalid. Using default page load timeout: '60'

2021-10-29 17:52:45 - [MESSAGE][PASSED] - Tapped on element 'Object Repository/Mobile/Page/Register/Not Registered/Informasi Pribadi/Edit Text - Phone Number'

2021-10-29 17:52:45 - [TEST_STEP][PASSED] - setText(findTestObject("Object Repository/Mobile/Page/Register/Not Registered/Informasi Pribadi/Edit Text - Phone Number"), phone, 0): Text '082480160931' has been set to element 'Object Repository/Mobile/Page/Register/Not Registered/Informasi Pribadi/Edit Text - Phone Number'

2021-10-29 17:52:45 - [MESSAGE][WARNING] - Timeout '0' is invalid. Using default page load timeout: '60'

2021-10-29 17:52:46 - [MESSAGE][PASSED] - Text '082480160931' has been set to element 'Object Repository/Mobile/Page/Register/Not Registered/Informasi Pribadi/Edit Text - Phone Number'

2021-10-29 17:52:46 - [TEST_STEP][PASSED] - hideKeyboard(): Keyboard is hidden

2021-10-29 17:52:52 - [MESSAGE][PASSED] - Keyboard is hidden

2021-10-29 17:52:52 - [TEST_STEP][PASSED] - delay(1): Delayed 1 second(s)

2021-10-29 17:52:53 - [MESSAGE][PASSED] - Delayed 1 second(s)

2021-10-29 17:52:53 - [TEST_STEP][PASSED] - tap(findTestObject("Object Repository/Mobile/Page/Register/Not Registered/Informasi Pribadi/Dropdown - Flag Re Phone Number"), 0): Tapped on element 'Object Repository/Mobile/Page/Register/Not Registered/Informasi Pribadi/Dropdown - Flag Re Phone Number'

2021-10-29 17:52:53 - [MESSAGE][WARNING] - Timeout '0' is invalid. Using default page load timeout: '60'

2021-10-29 17:52:53 - [MESSAGE][PASSED] - Tapped on element 'Object Repository/Mobile/Page/Register/Not Registered/Informasi Pribadi/Dropdown - Flag Re Phone Number'

2021-10-29 17:52:53 - [TEST_STEP][PASSED] - tap(findTestObject("Object Repository/Mobile/Page/Register/Not Registered/Informasi Pribadi/Edit Text - Search Flag"), 0): Tapped on element 'Object Repository/Mobile/Page/Register/Not Registered/Informasi Pribadi/Edit Text - Search Flag'

2021-10-29 17:52:53 - [MESSAGE][WARNING] - Timeout '0' is invalid. Using default page load timeout: '60'

2021-10-29 17:52:55 - [MESSAGE][PASSED] - Tapped on element 'Object Repository/Mobile/Page/Register/Not Registered/Informasi Pribadi/Edit Text - Search Flag'

2021-10-29 17:52:55 - [TEST_STEP][PASSED] - setText(findTestObject("Object Repository/Mobile/Page/Register/Not Registered/Informasi Pribadi/Edit Text - Search Flag"), flag, 0): Text 'indonesia' has been set to element 'Object Repository/Mobile/Page/Register/Not Registered/Informasi Pribadi/Edit Text - Search Flag'

2021-10-29 17:52:55 - [MESSAGE][WARNING] - Timeout '0' is invalid. Using default page load timeout: '60'

2021-10-29 17:52:56 - [MESSAGE][PASSED] - Text 'indonesia' has been set to element 'Object Repository/Mobile/Page/Register/Not Registered/Informasi Pribadi/Edit Text - Search Flag'

2021-10-29 17:52:56 - [TEST_STEP][PASSED] - tap(findTestObject("Mobile/Page/Register/Not Registered/Informasi Pribadi/Item Flag - Top Search"), 0): Tapped on element 'Object Repository/Mobile/Page/Register/Not Registered/Informasi Pribadi/Item Flag - Top Search'

2021-10-29 17:52:56 - [MESSAGE][WARNING] - Timeout '0' is invalid. Using default page load timeout: '60'

2021-10-29 17:52:58 - [MESSAGE][PASSED] - Tapped on element 'Object Repository/Mobile/Page/Register/Not Registered/Informasi Pribadi/Item Flag - Top Search'

2021-10-29 17:52:58 - [TEST_STEP][PASSED] - tap(findTestObject("Object Repository/Mobile/Page/Register/Not Registered/Informasi Pribadi/Edit Text - Re Phone Number"), 0): Tapped on element 'Object Repository/Mobile/Page/Register/Not Registered/Informasi Pribadi/Edit Text - Re Phone Number'

2021-10-29 17:52:58 - [MESSAGE][WARNING] - Timeout '0' is invalid. Using default page load timeout: '60'

2021-10-29 17:52:58 - [MESSAGE][PASSED] - Tapped on element 'Object Repository/Mobile/Page/Register/Not Registered/Informasi Pribadi/Edit Text - Re Phone Number'

2021-10-29 17:52:58 - [TEST_STEP][PASSED] - setText(findTestObject("Object Repository/Mobile/Page/Register/Not Registered/Informasi Pribadi/Edit Text - Re Phone Number"), phone, 0): Text '082480160931' has been set to element 'Object Repository/Mobile/Page/Register/Not Registered/Informasi Pribadi/Edit Text - Re Phone Number'

2021-10-29 17:52:58 - [MESSAGE][WARNING] - Timeout '0' is invalid. Using default page load timeout: '60'

2021-10-29 17:52:59 - [MESSAGE][PASSED] - Text '082480160931' has been set to element 'Object Repository/Mobile/Page/Register/Not Registered/Informasi Pribadi/Edit Text - Re Phone Number'

2021-10-29 17:52:59 - [TEST_STEP][PASSED] - hideKeyboard(): Keyboard is hidden

2021-10-29 17:53:06 - [MESSAGE][PASSED] - Keyboard is hidden

2021-10-29 17:53:06 - [TEST_STEP][PASSED] - delay(1): Delayed 1 second(s)

2021-10-29 17:53:07 - [MESSAGE][PASSED] - Delayed 1 second(s)

2021-10-29 17:53:07 - [TEST_STEP][PASSED] - if (negativeStatus == "emailRegistered"): null

2021-10-29 17:53:07 - [TEST_STEP][PASSED] - else: Delayed 1 second(s)

2021-10-29 17:53:07 - [TEST_STEP][PASSED] - tap(findTestObject("Object Repository/Mobile/Page/Register/Not Registered/Informasi Pribadi/Edit Text - Email"), 0): Tapped on element 'Object Repository/Mobile/Page/Register/Not Registered/Informasi Pribadi/Edit Text - Email'

2021-10-29 17:53:07 - [MESSAGE][WARNING] - Timeout '0' is invalid. Using default page load timeout: '60'

2021-10-29 17:53:07 - [MESSAGE][PASSED] - Tapped on element 'Object Repository/Mobile/Page/Register/Not Registered/Informasi Pribadi/Edit Text - Email'

2021-10-29 17:53:07 - [TEST_STEP][PASSED] - setText(findTestObject("Object Repository/Mobile/Page/Register/Not Registered/Informasi Pribadi/Edit Text - Email"), email, 0): Text 'QATESTUBqHDhVEpgKbBul@gmail.com' has been set to element 'Object Repository/Mobile/Page/Register/Not Registered/Informasi Pribadi/Edit Text - Email'

2021-10-29 17:53:07 - [MESSAGE][WARNING] - Timeout '0' is invalid. Using default page load timeout: '60'

2021-10-29 17:53:09 - [MESSAGE][PASSED] - Text 'QATESTUBqHDhVEpgKbBul@gmail.com' has been set to element 'Object Repository/Mobile/Page/Register/Not Registered/Informasi Pribadi/Edit Text - Email'

2021-10-29 17:53:09 - [TEST_STEP][PASSED] - hideKeyboard(): Keyboard is hidden

2021-10-29 17:53:12 - [MESSAGE][PASSED] - Keyboard is hidden

2021-10-29 17:53:12 - [TEST_STEP][PASSED] - delay(1): Delayed 1 second(s)

2021-10-29 17:53:13 - [MESSAGE][PASSED] - Delayed 1 second(s)

2021-10-29 17:53:13 - [TEST_STEP][PASSED] - if (negativeStatus == "emailNotMatch"): null

2021-10-29 17:53:13 - [TEST_STEP][PASSED] - else: Delayed 1 second(s)

2021-10-29 17:53:13 - [TEST_STEP][PASSED] - tap(findTestObject("Object Repository/Mobile/Page/Register/Not Registered/Informasi Pribadi/Edit Text - Re Email"), 0): Tapped on element 'Object Repository/Mobile/Page/Register/Not Registered/Informasi Pribadi/Edit Text - Re Email'

2021-10-29 17:53:13 - [MESSAGE][WARNING] - Timeout '0' is invalid. Using default page load timeout: '60'

2021-10-29 17:53:13 - [MESSAGE][PASSED] - Tapped on element 'Object Repository/Mobile/Page/Register/Not Registered/Informasi Pribadi/Edit Text - Re Email'

2021-10-29 17:53:13 - [TEST_STEP][PASSED] - setText(findTestObject("Object Repository/Mobile/Page/Register/Not Registered/Informasi Pribadi/Edit Text - Re Email"), email, 0): Text 'QATESTUBqHDhVEpgKbBul@gmail.com' has been set to element 'Object Repository/Mobile/Page/Register/Not Registered/Informasi Pribadi/Edit Text - Re Email'

2021-10-29 17:53:13 - [MESSAGE][WARNING] - Timeout '0' is invalid. Using default page load timeout: '60'

2021-10-29 17:53:15 - [MESSAGE][PASSED] - Text 'QATESTUBqHDhVEpgKbBul@gmail.com' has been set to element 'Object Repository/Mobile/Page/Register/Not Registered/Informasi Pribadi/Edit Text - Re Email'

2021-10-29 17:53:15 - [TEST_STEP][PASSED] - hideKeyboard(): Keyboard is hidden

2021-10-29 17:53:18 - [MESSAGE][PASSED] - Keyboard is hidden

2021-10-29 17:53:18 - [TEST_STEP][PASSED] - delay(1): Delayed 1 second(s)

2021-10-29 17:53:19 - [MESSAGE][PASSED] - Delayed 1 second(s)

2021-10-29 17:53:19 - [TEST_STEP][PASSED] - if (negativeStatus == "passwordNotFollowRules"): null

2021-10-29 17:53:19 - [TEST_STEP][PASSED] - else: Delayed 1 second(s)

2021-10-29 17:53:19 - [TEST_STEP][PASSED] - tap(findTestObject("Object Repository/Mobile/Page/Register/Not Registered/Informasi Pribadi/Edit Text - Password"), 0): Tapped on element 'Object Repository/Mobile/Page/Register/Not Registered/Informasi Pribadi/Edit Text - Password'

2021-10-29 17:53:19 - [MESSAGE][WARNING] - Timeout '0' is invalid. Using default page load timeout: '60'

2021-10-29 17:53:19 - [MESSAGE][PASSED] - Tapped on element 'Object Repository/Mobile/Page/Register/Not Registered/Informasi Pribadi/Edit Text - Password'

2021-10-29 17:53:19 - [TEST_STEP][PASSED] - setText(findTestObject("Object Repository/Mobile/Page/Register/Not Registered/Informasi Pribadi/Edit Text - Password"), password, 0): Text 'Mirae1234' has been set to element 'Object Repository/Mobile/Page/Register/Not Registered/Informasi Pribadi/Edit Text - Password'

2021-10-29 17:53:19 - [MESSAGE][WARNING] - Timeout '0' is invalid. Using default page load timeout: '60'

2021-10-29 17:53:21 - [MESSAGE][PASSED] - Text 'Mirae1234' has been set to element 'Object Repository/Mobile/Page/Register/Not Registered/Informasi Pribadi/Edit Text - Password'

2021-10-29 17:53:21 - [TEST_STEP][PASSED] - hideKeyboard(): Keyboard is hidden

2021-10-29 17:53:27 - [MESSAGE][PASSED] - Keyboard is hidden

2021-10-29 17:53:27 - [TEST_STEP][PASSED] - delay(1): Delayed 1 second(s)

2021-10-29 17:53:28 - [MESSAGE][PASSED] - Delayed 1 second(s)

2021-10-29 17:53:28 - [TEST_STEP][PASSED] - tap(findTestObject("Object Repository/Mobile/Page/Register/Not Registered/Informasi Pribadi/Edit Text - Re Password"), 0): Tapped on element 'Object Repository/Mobile/Page/Register/Not Registered/Informasi Pribadi/Edit Text - Re Password'

2021-10-29 17:53:28 - [MESSAGE][WARNING] - Timeout '0' is invalid. Using default page load timeout: '60'

2021-10-29 17:53:28 - [MESSAGE][PASSED] - Tapped on element 'Object Repository/Mobile/Page/Register/Not Registered/Informasi Pribadi/Edit Text - Re Password'

2021-10-29 17:53:28 - [TEST_STEP][PASSED] - setText(findTestObject("Object Repository/Mobile/Page/Register/Not Registered/Informasi Pribadi/Edit Text - Re Password"), password, 0): Text 'Mirae1234' has been set to element 'Object Repository/Mobile/Page/Register/Not Registered/Informasi Pribadi/Edit Text - Re Password'

2021-10-29 17:53:28 - [MESSAGE][WARNING] - Timeout '0' is invalid. Using default page load timeout: '60'

2021-10-29 17:53:30 - [MESSAGE][PASSED] - Text 'Mirae1234' has been set to element 'Object Repository/Mobile/Page/Register/Not Registered/Informasi Pribadi/Edit Text - Re Password'

2021-10-29 17:53:30 - [TEST_STEP][PASSED] - hideKeyboard(): Keyboard is hidden

2021-10-29 17:53:36 - [MESSAGE][PASSED] - Keyboard is hidden

2021-10-29 17:53:36 - [TEST_STEP][PASSED] - delay(1): Delayed 1 second(s)

2021-10-29 17:53:37 - [MESSAGE][PASSED] - Delayed 1 second(s)

2021-10-29 17:53:37 - [TEST_STEP][PASSED] - if (isBedaAlamat == 1): Delayed 1 second(s)

2021-10-29 17:53:37 - [TEST_STEP][PASSED] - tap(findTestObject("Object Repository/Mobile/Page/Register/Not Registered/Informasi Pribadi/Radio Button - Address different"), 0): Tapped on element 'Object Repository/Mobile/Page/Register/Not Registered/Informasi Pribadi/Radio Button - Address different'

2021-10-29 17:53:37 - [MESSAGE][WARNING] - Timeout '0' is invalid. Using default page load timeout: '60'

2021-10-29 17:53:38 - [MESSAGE][PASSED] - Tapped on element 'Object Repository/Mobile/Page/Register/Not Registered/Informasi Pribadi/Radio Button - Address different'

2021-10-29 17:53:38 - [TEST_STEP][PASSED] - delay(1): Delayed 1 second(s)

2021-10-29 17:53:39 - [MESSAGE][PASSED] - Delayed 1 second(s)

2021-10-29 17:53:39 - [TEST_STEP][PASSED] - tap(findTestObject("Object Repository/Mobile/Page/Register/Not Registered/Informasi Pribadi/Address Different/Edit Text - Mailing Address"), 0): Tapped on element 'Object Repository/Mobile/Page/Register/Not Registered/Informasi Pribadi/Address Different/Edit Text - Mailing Address'

2021-10-29 17:53:39 - [MESSAGE][WARNING] - Timeout '0' is invalid. Using default page load timeout: '60'

2021-10-29 17:53:39 - [MESSAGE][PASSED] - Tapped on element 'Object Repository/Mobile/Page/Register/Not Registered/Informasi Pribadi/Address Different/Edit Text - Mailing Address'

2021-10-29 17:53:39 - [TEST_STEP][PASSED] - setText(findTestObject("Object Repository/Mobile/Page/Register/Not Registered/Informasi Pribadi/Address Different/Edit Text - Mailing Address"), alamat, 0): Text 'Jl. Cempaka Putih Barat 12 F No.12, RT.8/RW.8' has been set to element 'Object Repository/Mobile/Page/Register/Not Registered/Informasi Pribadi/Address Different/Edit Text - Mailing Address'

2021-10-29 17:53:39 - [MESSAGE][WARNING] - Timeout '0' is invalid. Using default page load timeout: '60'

2021-10-29 17:53:41 - [MESSAGE][PASSED] - Text 'Jl. Cempaka Putih Barat 12 F No.12, RT.8/RW.8' has been set to element 'Object Repository/Mobile/Page/Register/Not Registered/Informasi Pribadi/Address Different/Edit Text - Mailing Address'

2021-10-29 17:53:41 - [TEST_STEP][PASSED] - hideKeyboard(): Keyboard is hidden

2021-10-29 17:53:44 - [MESSAGE][PASSED] - Keyboard is hidden

2021-10-29 17:53:44 - [TEST_STEP][PASSED] - delay(1): Delayed 1 second(s)

2021-10-29 17:53:45 - [MESSAGE][PASSED] - Delayed 1 second(s)

2021-10-29 17:53:45 - [TEST_STEP][PASSED] - tapAndHold(findTestObject("Mobile/Page/Register/Not Registered/Informasi Pribadi/Address Different/Dropdown - Province"), 1, 0): Tapped and held on element 'Object Repository/Mobile/Page/Register/Not Registered/Informasi Pribadi/Address Different/Dropdown - Province' with duration 1

2021-10-29 17:53:45 - [MESSAGE][WARNING] - Timeout '0' is invalid. Using default page load timeout: '60'

2021-10-29 17:53:48 - [MESSAGE][PASSED] - Tapped and held on element 'Object Repository/Mobile/Page/Register/Not Registered/Informasi Pribadi/Address Different/Dropdown - Province' with duration 1

2021-10-29 17:53:48 - [TEST_STEP][PASSED] - tap(findTestObject("Mobile/Page/Register/Not Registered/Informasi Pribadi/Address Different/Dropdown - Province Option Jakarta"), 0): Tapped on element 'Object Repository/Mobile/Page/Register/Not Registered/Informasi Pribadi/Address Different/Dropdown - Province Option Jakarta'

2021-10-29 17:53:48 - [MESSAGE][WARNING] - Timeout '0' is invalid. Using default page load timeout: '60'

2021-10-29 17:53:49 - [MESSAGE][PASSED] - Tapped on element 'Object Repository/Mobile/Page/Register/Not Registered/Informasi Pribadi/Address Different/Dropdown - Province Option Jakarta'

2021-10-29 17:53:49 - [TEST_STEP][PASSED] - delay(2): Delayed 2 second(s)

2021-10-29 17:53:51 - [MESSAGE][PASSED] - Delayed 2 second(s)

2021-10-29 17:53:51 - [TEST_STEP][PASSED] - hideKeyboard(): Keyboard is hidden

2021-10-29 17:53:55 - [MESSAGE][PASSED] - Keyboard is hidden

2021-10-29 17:53:55 - [TEST_STEP][PASSED] - delay(1): Delayed 1 second(s)

2021-10-29 17:53:56 - [MESSAGE][PASSED] - Delayed 1 second(s)

2021-10-29 17:53:56 - [TEST_STEP][PASSED] - tapAndHold(findTestObject("Mobile/Page/Register/Not Registered/Informasi Pribadi/Address Different/Dropdown - City"), 1, 0): Tapped and held on element 'Object Repository/Mobile/Page/Register/Not Registered/Informasi Pribadi/Address Different/Dropdown - City' with duration 1

2021-10-29 17:53:56 - [MESSAGE][WARNING] - Timeout '0' is invalid. Using default page load timeout: '60'

2021-10-29 17:53:58 - [MESSAGE][PASSED] - Tapped and held on element 'Object Repository/Mobile/Page/Register/Not Registered/Informasi Pribadi/Address Different/Dropdown - City' with duration 1

2021-10-29 17:53:58 - [TEST_STEP][PASSED] - tap(findTestObject("Object Repository/Mobile/Page/Register/Not Registered/Informasi Pribadi/Address Different/Dropdown - City Option Jaksel"), 0): Tapped on element 'Object Repository/Mobile/Page/Register/Not Registered/Informasi Pribadi/Address Different/Dropdown - City Option Jaksel'

2021-10-29 17:53:58 - [MESSAGE][WARNING] - Timeout '0' is invalid. Using default page load timeout: '60'

2021-10-29 17:53:59 - [MESSAGE][PASSED] - Tapped on element 'Object Repository/Mobile/Page/Register/Not Registered/Informasi Pribadi/Address Different/Dropdown - City Option Jaksel'

2021-10-29 17:53:59 - [TEST_STEP][PASSED] - delay(2): Delayed 2 second(s)

2021-10-29 17:54:01 - [MESSAGE][PASSED] - Delayed 2 second(s)

2021-10-29 17:54:01 - [TEST_STEP][PASSED] - hideKeyboard(): Keyboard is hidden

2021-10-29 17:54:04 - [MESSAGE][PASSED] - Keyboard is hidden

2021-10-29 17:54:04 - [TEST_STEP][PASSED] - delay(1): Delayed 1 second(s)

2021-10-29 17:54:05 - [MESSAGE][PASSED] - Delayed 1 second(s)

2021-10-29 17:54:05 - [TEST_STEP][PASSED] - if (negativeStatus == "isPostalCodeIncorrect"): null

2021-10-29 17:54:05 - [TEST_STEP][PASSED] - else: Delayed 1 second(s)

2021-10-29 17:54:05 - [TEST_STEP][PASSED] - tap(findTestObject("Object Repository/Mobile/Page/Register/Not Registered/Informasi Pribadi/Address Different/Edit Text - Postal Code"), 0): Tapped on element 'Object Repository/Mobile/Page/Register/Not Registered/Informasi Pribadi/Address Different/Edit Text - Postal Code'

2021-10-29 17:54:05 - [MESSAGE][WARNING] - Timeout '0' is invalid. Using default page load timeout: '60'

2021-10-29 17:54:06 - [MESSAGE][PASSED] - Tapped on element 'Object Repository/Mobile/Page/Register/Not Registered/Informasi Pribadi/Address Different/Edit Text - Postal Code'

2021-10-29 17:54:06 - [TEST_STEP][PASSED] - setText(findTestObject("Object Repository/Mobile/Page/Register/Not Registered/Informasi Pribadi/Address Different/Edit Text - Postal Code"), kodepos, 0): Text '15412' has been set to element 'Object Repository/Mobile/Page/Register/Not Registered/Informasi Pribadi/Address Different/Edit Text - Postal Code'

2021-10-29 17:54:06 - [MESSAGE][WARNING] - Timeout '0' is invalid. Using default page load timeout: '60'

2021-10-29 17:54:07 - [MESSAGE][PASSED] - Text '15412' has been set to element 'Object Repository/Mobile/Page/Register/Not Registered/Informasi Pribadi/Address Different/Edit Text - Postal Code'

2021-10-29 17:54:07 - [TEST_STEP][PASSED] - hideKeyboard(): Keyboard is hidden

2021-10-29 17:54:13 - [MESSAGE][PASSED] - Keyboard is hidden

2021-10-29 17:54:13 - [TEST_STEP][PASSED] - delay(1): Delayed 1 second(s)

2021-10-29 17:54:14 - [MESSAGE][PASSED] - Delayed 1 second(s)

2021-10-29 17:54:14 - [TEST_STEP][PASSED] - tap(findTestObject("Object Repository/Mobile/Page/Register/Not Registered/Informasi Pribadi/Button - Icon KTP"), 0): Tapped on element 'Object Repository/Mobile/Page/Register/Not Registered/Informasi Pribadi/Button - Icon KTP'

2021-10-29 17:54:14 - [MESSAGE][WARNING] - Timeout '0' is invalid. Using default page load timeout: '60'

2021-10-29 17:54:14 - [MESSAGE][PASSED] - Tapped on element 'Object Repository/Mobile/Page/Register/Not Registered/Informasi Pribadi/Button - Icon KTP'

2021-10-29 17:54:14 - [TEST_STEP][PASSED] - permission = verifyElementExist(findTestObject("Object Repository/Mobile/Page/Register/Not Registered/Informasi Pribadi/Permission - Only this time"), 1, OPTIONAL): Element 'Object Repository/Mobile/Page/Register/Not Registered/Informasi Pribadi/Permission - Only this time' is exist

2021-10-29 17:54:15 - [MESSAGE][PASSED] - Element 'Object Repository/Mobile/Page/Register/Not Registered/Informasi Pribadi/Permission - Only this time' is exist

2021-10-29 17:54:15 - [TEST_STEP][PASSED] - if (permission): Tapped on element 'Object Repository/Mobile/Page/Register/Not Registered/Informasi Pribadi/Permission - Only this time'

2021-10-29 17:54:15 - [TEST_STEP][PASSED] - tap(findTestObject("Object Repository/Mobile/Page/Register/Not Registered/Informasi Pribadi/Permission - Only this time"), 0): Tapped on element 'Object Repository/Mobile/Page/Register/Not Registered/Informasi Pribadi/Permission - Only this time'

2021-10-29 17:54:15 - [MESSAGE][WARNING] - Timeout '0' is invalid. Using default page load timeout: '60'

2021-10-29 17:54:16 - [MESSAGE][PASSED] - Tapped on element 'Object Repository/Mobile/Page/Register/Not Registered/Informasi Pribadi/Permission - Only this time'

2021-10-29 17:54:16 - [TEST_STEP][PASSED] - permission = verifyElementExist(findTestObject("Object Repository/Mobile/Page/Register/Not Registered/Informasi Pribadi/Permission - Only this time"), 1, OPTIONAL): Element 'Object Repository/Mobile/Page/Register/Not Registered/Informasi Pribadi/Permission - Only this time' is exist

2021-10-29 17:54:17 - [MESSAGE][PASSED] - Element 'Object Repository/Mobile/Page/Register/Not Registered/Informasi Pribadi/Permission - Only this time' is exist

2021-10-29 17:54:17 - [TEST_STEP][PASSED] - if (permission): Tapped on element 'Object Repository/Mobile/Page/Register/Not Registered/Informasi Pribadi/Permission - Only this time'

2021-10-29 17:54:17 - [TEST_STEP][PASSED] - tap(findTestObject("Object Repository/Mobile/Page/Register/Not Registered/Informasi Pribadi/Permission - Only this time"), 0): Tapped on element 'Object Repository/Mobile/Page/Register/Not Registered/Informasi Pribadi/Permission - Only this time'

2021-10-29 17:54:17 - [MESSAGE][WARNING] - Timeout '0' is invalid. Using default page load timeout: '60'

2021-10-29 17:54:17 - [MESSAGE][PASSED] - Tapped on element 'Object Repository/Mobile/Page/Register/Not Registered/Informasi Pribadi/Permission - Only this time'

2021-10-29 17:54:17 - [TEST_STEP][PASSED] - tap(findTestObject("Object Repository/Mobile/Page/Register/Not Registered/Informasi Pribadi/Button - Capture KTP"), 0): Tapped on element 'Object Repository/Mobile/Page/Register/Not Registered/Informasi Pribadi/Button - Capture KTP'

2021-10-29 17:54:17 - [MESSAGE][WARNING] - Timeout '0' is invalid. Using default page load timeout: '60'

2021-10-29 17:54:19 - [MESSAGE][PASSED] - Tapped on element 'Object Repository/Mobile/Page/Register/Not Registered/Informasi Pribadi/Button - Capture KTP'

2021-10-29 17:54:19 - [TEST_STEP][PASSED] - delay(2): Delayed 2 second(s)

2021-10-29 17:54:21 - [MESSAGE][PASSED] - Delayed 2 second(s)

2021-10-29 17:54:21 - [TEST_STEP][PASSED] - scroll.scroll.scrollLeftToRight(findTestObject("Object Repository/Mobile/Page/Register/Not Registered/Informasi Pribadi/Slider - Edit Photo Scale")): scroll.scroll.scrollLeftToRight is PASSED

2021-10-29 17:54:21 - [MESSAGE][WARNING] - Timeout '0' is invalid. Using default page load timeout: '60'

2021-10-29 17:54:22 - [MESSAGE][PASSED] - Object 'Object Repository/Mobile/Page/Register/Not Registered/Informasi Pribadi/Slider - Edit Photo Scale' has left position '0'

2021-10-29 17:54:22 - [MESSAGE][WARNING] - Timeout '0' is invalid. Using default page load timeout: '60'

2021-10-29 17:54:23 - [MESSAGE][PASSED] - Object 'Object Repository/Mobile/Page/Register/Not Registered/Informasi Pribadi/Slider - Edit Photo Scale' has top position '1,284'

2021-10-29 17:54:23 - [MESSAGE][WARNING] - Timeout '0' is invalid. Using default page load timeout: '60'

2021-10-29 17:54:23 - [MESSAGE][PASSED] - Object 'Object Repository/Mobile/Page/Register/Not Registered/Informasi Pribadi/Slider - Edit Photo Scale' has width: '720'

2021-10-29 17:54:23 - [MESSAGE][WARNING] - Timeout '0' is invalid. Using default page load timeout: '60'

2021-10-29 17:54:23 - [MESSAGE][PASSED] - Object 'Object Repository/Mobile/Page/Register/Not Registered/Informasi Pribadi/Slider - Edit Photo Scale' has height: '66'

2021-10-29 17:54:24 - [MESSAGE][PASSED] - Swiped from 144,1,317 to 576,1,317

2021-10-29 17:54:24 - [MESSAGE][PASSED] - scroll.scroll.scrollLeftToRight is PASSED

2021-10-29 17:54:24 - [TEST_STEP][PASSED] - tap(findTestObject("Object Repository/Mobile/Page/Register/Not Registered/Informasi Pribadi/Button - Edit Photo Rotate"), 0): Tapped on element 'Object Repository/Mobile/Page/Register/Not Registered/Informasi Pribadi/Button - Edit Photo Rotate'

2021-10-29 17:54:24 - [MESSAGE][WARNING] - Timeout '0' is invalid. Using default page load timeout: '60'

2021-10-29 17:54:25 - [MESSAGE][PASSED] - Tapped on element 'Object Repository/Mobile/Page/Register/Not Registered/Informasi Pribadi/Button - Edit Photo Rotate'

2021-10-29 17:54:25 - [TEST_STEP][PASSED] - tap(findTestObject("Object Repository/Mobile/Page/Register/Not Registered/Informasi Pribadi/Button - Edit Photo Rotate 90 degree"), 0): Tapped on element 'Object Repository/Mobile/Page/Register/Not Registered/Informasi Pribadi/Button - Edit Photo Rotate 90 degree'

2021-10-29 17:54:25 - [MESSAGE][WARNING] - Timeout '0' is invalid. Using default page load timeout: '60'

2021-10-29 17:54:26 - [MESSAGE][PASSED] - Tapped on element 'Object Repository/Mobile/Page/Register/Not Registered/Informasi Pribadi/Button - Edit Photo Rotate 90 degree'

2021-10-29 17:54:26 - [TEST_STEP][PASSED] - tap(findTestObject("Object Repository/Mobile/Page/Register/Not Registered/Informasi Pribadi/Button - Edit Photo Reset Rotation"), 0): Tapped on element 'Object Repository/Mobile/Page/Register/Not Registered/Informasi Pribadi/Button - Edit Photo Reset Rotation'

2021-10-29 17:54:26 - [MESSAGE][WARNING] - Timeout '0' is invalid. Using default page load timeout: '60'

2021-10-29 17:54:27 - [MESSAGE][PASSED] - Tapped on element 'Object Repository/Mobile/Page/Register/Not Registered/Informasi Pribadi/Button - Edit Photo Reset Rotation'

2021-10-29 17:54:27 - [TEST_STEP][PASSED] - scroll.scroll.scrollLeftToRight(findTestObject("Object Repository/Mobile/Page/Register/Not Registered/Informasi Pribadi/Slider - Edit Photo Rotate")): scroll.scroll.scrollLeftToRight is PASSED

2021-10-29 17:54:27 - [MESSAGE][WARNING] - Timeout '0' is invalid. Using default page load timeout: '60'

2021-10-29 17:54:28 - [MESSAGE][PASSED] - Object 'Object Repository/Mobile/Page/Register/Not Registered/Informasi Pribadi/Slider - Edit Photo Rotate' has left position '88'

2021-10-29 17:54:28 - [MESSAGE][WARNING] - Timeout '0' is invalid. Using default page load timeout: '60'

2021-10-29 17:54:28 - [MESSAGE][PASSED] - Object 'Object Repository/Mobile/Page/Register/Not Registered/Informasi Pribadi/Slider - Edit Photo Rotate' has top position '1,284'

2021-10-29 17:54:28 - [MESSAGE][WARNING] - Timeout '0' is invalid. Using default page load timeout: '60'

2021-10-29 17:54:28 - [MESSAGE][PASSED] - Object 'Object Repository/Mobile/Page/Register/Not Registered/Informasi Pribadi/Slider - Edit Photo Rotate' has width: '544'

2021-10-29 17:54:28 - [MESSAGE][WARNING] - Timeout '0' is invalid. Using default page load timeout: '60'

2021-10-29 17:54:28 - [MESSAGE][PASSED] - Object 'Object Repository/Mobile/Page/Register/Not Registered/Informasi Pribadi/Slider - Edit Photo Rotate' has height: '66'

2021-10-29 17:54:29 - [MESSAGE][PASSED] - Swiped from 196,1,317 to 523,1,317

2021-10-29 17:54:29 - [MESSAGE][PASSED] - scroll.scroll.scrollLeftToRight is PASSED

2021-10-29 17:54:29 - [TEST_STEP][PASSED] - tap(findTestObject("Object Repository/Mobile/Page/Register/Not Registered/Informasi Pribadi/Button - Edit Photo Confirm"), 0): Tapped on element 'Object Repository/Mobile/Page/Register/Not Registered/Informasi Pribadi/Button - Edit Photo Confirm'

2021-10-29 17:54:30 - [MESSAGE][WARNING] - Timeout '0' is invalid. Using default page load timeout: '60'

2021-10-29 17:54:30 - [MESSAGE][PASSED] - Tapped on element 'Object Repository/Mobile/Page/Register/Not Registered/Informasi Pribadi/Button - Edit Photo Confirm'

2021-10-29 17:54:30 - [TEST_STEP][PASSED] - delay(2): Delayed 2 second(s)

2021-10-29 17:54:32 - [MESSAGE][PASSED] - Delayed 2 second(s)

2021-10-29 17:54:32 - [TEST_STEP][PASSED] - hideKeyboard(): Keyboard is hidden

2021-10-29 17:54:38 - [MESSAGE][PASSED] - Keyboard is hidden

2021-10-29 17:54:38 - [TEST_STEP][PASSED] - delay(1): Delayed 1 second(s)

2021-10-29 17:54:39 - [MESSAGE][PASSED] - Delayed 1 second(s)

2021-10-29 17:54:39 - [TEST_STEP][PASSED] - scroll.scroll.scrollToBottomOpenKeyboard(): scroll.scroll.scrollToBottomOpenKeyboard is PASSED

2021-10-29 17:54:39 - [MESSAGE][PASSED] - Current device physical height is 1423

2021-10-29 17:54:40 - [MESSAGE][PASSED] - Current device physical width is 720

2021-10-29 17:54:41 - [MESSAGE][PASSED] - Swiped from 360,853 to 360,284

2021-10-29 17:54:41 - [MESSAGE][PASSED] - scroll.scroll.scrollToBottomOpenKeyboard is PASSED

2021-10-29 17:54:41 - [TEST_STEP][PASSED] - tap(findTestObject("Object Repository/Mobile/Page/Register/Not Registered/Informasi Pribadi/Button - Icon Face with KTP"), 0): Tapped on element 'Object Repository/Mobile/Page/Register/Not Registered/Informasi Pribadi/Button - Icon Face with KTP'

2021-10-29 17:54:41 - [MESSAGE][WARNING] - Timeout '0' is invalid. Using default page load timeout: '60'

2021-10-29 17:54:42 - [MESSAGE][PASSED] - Tapped on element 'Object Repository/Mobile/Page/Register/Not Registered/Informasi Pribadi/Button - Icon Face with KTP'

2021-10-29 17:54:42 - [TEST_STEP][PASSED] - permission = verifyElementExist(findTestObject("Object Repository/Mobile/Page/Register/Not Registered/Informasi Pribadi/Permission - Only this time"), 1, OPTIONAL): Element 'Object Repository/Mobile/Page/Register/Not Registered/Informasi Pribadi/Permission - Only this time' not found

2021-10-29 17:54:45 - [MESSAGE][WARNING] - Element 'Object Repository/Mobile/Page/Register/Not Registered/Informasi Pribadi/Permission - Only this time' not found
[[ATTACHMENT|C:\\Users\\Owner\\Documents\\kerjaan\\KatalonProject\\qa-katalon-maxfund\\Reports\\20211029_174625\\Register\\20211029_174625\\1635504883441.png]]

2021-10-29 17:54:45 - [TEST_STEP][PASSED] - if (permission): null

2021-10-29 17:54:45 - [TEST_STEP][PASSED] - permission = verifyElementExist(findTestObject("Object Repository/Mobile/Page/Register/Not Registered/Informasi Pribadi/Permission - Only this time"), 1, OPTIONAL): Element 'Object Repository/Mobile/Page/Register/Not Registered/Informasi Pribadi/Permission - Only this time' not found

2021-10-29 17:54:47 - [MESSAGE][WARNING] - Element 'Object Repository/Mobile/Page/Register/Not Registered/Informasi Pribadi/Permission - Only this time' not found
[[ATTACHMENT|C:\\Users\\Owner\\Documents\\kerjaan\\KatalonProject\\qa-katalon-maxfund\\Reports\\20211029_174625\\Register\\20211029_174625\\1635504886301.png]]

2021-10-29 17:54:47 - [TEST_STEP][PASSED] - if (permission): null

2021-10-29 17:54:47 - [TEST_STEP][PASSED] - tap(findTestObject("Object Repository/Mobile/Page/Register/Not Registered/Informasi Pribadi/Button - Capture Face with KTP"), 0): Tapped on element 'Object Repository/Mobile/Page/Register/Not Registered/Informasi Pribadi/Button - Capture Face with KTP'

2021-10-29 17:54:48 - [MESSAGE][WARNING] - Timeout '0' is invalid. Using default page load timeout: '60'

2021-10-29 17:54:48 - [MESSAGE][PASSED] - Tapped on element 'Object Repository/Mobile/Page/Register/Not Registered/Informasi Pribadi/Button - Capture Face with KTP'

2021-10-29 17:54:48 - [TEST_STEP][PASSED] - delay(2): Delayed 2 second(s)

2021-10-29 17:54:50 - [MESSAGE][PASSED] - Delayed 2 second(s)

2021-10-29 17:54:50 - [TEST_STEP][PASSED] - hideKeyboard(): Keyboard is hidden

2021-10-29 17:54:56 - [MESSAGE][PASSED] - Keyboard is hidden

2021-10-29 17:54:56 - [TEST_STEP][PASSED] - delay(1): Delayed 1 second(s)

2021-10-29 17:54:57 - [MESSAGE][PASSED] - Delayed 1 second(s)

2021-10-29 17:54:57 - [TEST_STEP][PASSED] - scroll.scroll.scrollToBottomOpenKeyboard(): scroll.scroll.scrollToBottomOpenKeyboard is PASSED

2021-10-29 17:54:57 - [MESSAGE][PASSED] - Current device physical height is 1423

2021-10-29 17:54:58 - [MESSAGE][PASSED] - Current device physical width is 720

2021-10-29 17:54:59 - [MESSAGE][PASSED] - Swiped from 360,853 to 360,284

2021-10-29 17:54:59 - [MESSAGE][PASSED] - scroll.scroll.scrollToBottomOpenKeyboard is PASSED

2021-10-29 17:54:59 - [TEST_STEP][PASSED] - tap(findTestObject("Object Repository/Mobile/Page/Register/Not Registered/Informasi Pribadi/Radio Button - Low Risk"), 0): Tapped on element 'Object Repository/Mobile/Page/Register/Not Registered/Informasi Pribadi/Radio Button - Low Risk'

2021-10-29 17:54:59 - [MESSAGE][WARNING] - Timeout '0' is invalid. Using default page load timeout: '60'

2021-10-29 17:55:00 - [MESSAGE][PASSED] - Tapped on element 'Object Repository/Mobile/Page/Register/Not Registered/Informasi Pribadi/Radio Button - Low Risk'

2021-10-29 17:55:00 - [TEST_STEP][PASSED] - delay(1): Delayed 1 second(s)

2021-10-29 17:55:01 - [MESSAGE][PASSED] - Delayed 1 second(s)

2021-10-29 17:55:01 - [TEST_STEP][PASSED] - tap(findTestObject("Object Repository/Mobile/Page/Register/Not Registered/Informasi Pribadi/Radio Button - Medium Risk"), 0): Tapped on element 'Object Repository/Mobile/Page/Register/Not Registered/Informasi Pribadi/Radio Button - Medium Risk'

2021-10-29 17:55:01 - [MESSAGE][WARNING] - Timeout '0' is invalid. Using default page load timeout: '60'

2021-10-29 17:55:02 - [MESSAGE][PASSED] - Tapped on element 'Object Repository/Mobile/Page/Register/Not Registered/Informasi Pribadi/Radio Button - Medium Risk'

2021-10-29 17:55:02 - [TEST_STEP][PASSED] - delay(1): Delayed 1 second(s)

2021-10-29 17:55:03 - [MESSAGE][PASSED] - Delayed 1 second(s)

2021-10-29 17:55:03 - [TEST_STEP][PASSED] - tap(findTestObject("Object Repository/Mobile/Page/Register/Not Registered/Informasi Pribadi/Radio Button - High Risk"), 0): Tapped on element 'Object Repository/Mobile/Page/Register/Not Registered/Informasi Pribadi/Radio Button - High Risk'

2021-10-29 17:55:03 - [MESSAGE][WARNING] - Timeout '0' is invalid. Using default page load timeout: '60'

2021-10-29 17:55:03 - [MESSAGE][PASSED] - Tapped on element 'Object Repository/Mobile/Page/Register/Not Registered/Informasi Pribadi/Radio Button - High Risk'

2021-10-29 17:55:03 - [TEST_STEP][PASSED] - delay(1): Delayed 1 second(s)

2021-10-29 17:55:04 - [MESSAGE][PASSED] - Delayed 1 second(s)

2021-10-29 17:55:04 - [TEST_STEP][PASSED] - tap(findTestObject("Object Repository/Mobile/Page/Register/Not Registered/Informasi Pribadi/Button - Next"), 0): Tapped on element 'Object Repository/Mobile/Page/Register/Not Registered/Informasi Pribadi/Button - Next'

2021-10-29 17:55:05 - [MESSAGE][WARNING] - Timeout '0' is invalid. Using default page load timeout: '60'

2021-10-29 17:55:06 - [MESSAGE][PASSED] - Tapped on element 'Object Repository/Mobile/Page/Register/Not Registered/Informasi Pribadi/Button - Next'

2021-10-29 17:55:06 - [TEST_STEP][PASSED] - delay(1): Delayed 1 second(s)

2021-10-29 17:55:07 - [MESSAGE][PASSED] - Delayed 1 second(s)

2021-10-29 17:55:07 - [TEST_STEP][PASSED] - tapAndHold(findTestObject("Mobile/Page/Register/Not Registered/Akun Bank/Dropdown - Bank"), 1, 0): Tapped and held on element 'Object Repository/Mobile/Page/Register/Not Registered/Akun Bank/Dropdown - Bank' with duration 1

2021-10-29 17:55:07 - [MESSAGE][WARNING] - Timeout '0' is invalid. Using default page load timeout: '60'

2021-10-29 17:55:10 - [MESSAGE][PASSED] - Tapped and held on element 'Object Repository/Mobile/Page/Register/Not Registered/Akun Bank/Dropdown - Bank' with duration 1

2021-10-29 17:55:10 - [TEST_STEP][PASSED] - tap(findTestObject("Mobile/Page/Register/Not Registered/Akun Bank/Edit Text - Search Bank"), 0): Tapped on element 'Object Repository/Mobile/Page/Register/Not Registered/Akun Bank/Edit Text - Search Bank'

2021-10-29 17:55:10 - [MESSAGE][WARNING] - Timeout '0' is invalid. Using default page load timeout: '60'

2021-10-29 17:55:10 - [MESSAGE][PASSED] - Tapped on element 'Object Repository/Mobile/Page/Register/Not Registered/Akun Bank/Edit Text - Search Bank'

2021-10-29 17:55:10 - [TEST_STEP][PASSED] - setText(findTestObject("Mobile/Page/Register/Not Registered/Akun Bank/Edit Text - Search Bank"), "citibank", 0): Text 'citibank' has been set to element 'Object Repository/Mobile/Page/Register/Not Registered/Akun Bank/Edit Text - Search Bank'

2021-10-29 17:55:10 - [MESSAGE][WARNING] - Timeout '0' is invalid. Using default page load timeout: '60'

2021-10-29 17:55:11 - [MESSAGE][PASSED] - Text 'citibank' has been set to element 'Object Repository/Mobile/Page/Register/Not Registered/Akun Bank/Edit Text - Search Bank'

2021-10-29 17:55:11 - [TEST_STEP][PASSED] - driver = getDriver(): null

2021-10-29 17:55:11 - [TEST_STEP][PASSED] - driver.pressKeyCode(ENTER): null

2021-10-29 17:55:12 - [TEST_STEP][PASSED] - tap(findTestObject("Object Repository/Mobile/Page/Register/Not Registered/Akun Bank/Item - Top Search Bank"), 0): Tapped on element 'Object Repository/Mobile/Page/Register/Not Registered/Akun Bank/Item - Top Search Bank'

2021-10-29 17:55:12 - [MESSAGE][WARNING] - Timeout '0' is invalid. Using default page load timeout: '60'

2021-10-29 17:55:13 - [MESSAGE][PASSED] - Tapped on element 'Object Repository/Mobile/Page/Register/Not Registered/Akun Bank/Item - Top Search Bank'

2021-10-29 17:55:13 - [TEST_STEP][PASSED] - delay(1): Delayed 1 second(s)

2021-10-29 17:55:14 - [MESSAGE][PASSED] - Delayed 1 second(s)

2021-10-29 17:55:14 - [TEST_STEP][PASSED] - tapAndHold(findTestObject("Mobile/Page/Register/Not Registered/Akun Bank/Dropdown - Country"), 1, 0): Tapped and held on element 'Object Repository/Mobile/Page/Register/Not Registered/Akun Bank/Dropdown - Country' with duration 1

2021-10-29 17:55:14 - [MESSAGE][WARNING] - Timeout '0' is invalid. Using default page load timeout: '60'

2021-10-29 17:55:17 - [MESSAGE][PASSED] - Tapped and held on element 'Object Repository/Mobile/Page/Register/Not Registered/Akun Bank/Dropdown - Country' with duration 1

2021-10-29 17:55:17 - [TEST_STEP][PASSED] - tap(findTestObject("Object Repository/Mobile/Page/Register/Not Registered/Akun Bank/Dropdown - Country Option Indonesia"), 0): Tapped on element 'Object Repository/Mobile/Page/Register/Not Registered/Akun Bank/Dropdown - Country Option Indonesia'

2021-10-29 17:55:17 - [MESSAGE][WARNING] - Timeout '0' is invalid. Using default page load timeout: '60'

2021-10-29 17:55:18 - [MESSAGE][PASSED] - Tapped on element 'Object Repository/Mobile/Page/Register/Not Registered/Akun Bank/Dropdown - Country Option Indonesia'

2021-10-29 17:55:18 - [TEST_STEP][PASSED] - delay(1): Delayed 1 second(s)

2021-10-29 17:55:19 - [MESSAGE][PASSED] - Delayed 1 second(s)

2021-10-29 17:55:19 - [TEST_STEP][PASSED] - tap(findTestObject("Object Repository/Mobile/Page/Register/Not Registered/Akun Bank/Edit Text - Branch"), 0): Tapped on element 'Object Repository/Mobile/Page/Register/Not Registered/Akun Bank/Edit Text - Branch'

2021-10-29 17:55:19 - [MESSAGE][WARNING] - Timeout '0' is invalid. Using default page load timeout: '60'

2021-10-29 17:55:20 - [MESSAGE][PASSED] - Tapped on element 'Object Repository/Mobile/Page/Register/Not Registered/Akun Bank/Edit Text - Branch'

2021-10-29 17:55:20 - [TEST_STEP][PASSED] - setText(findTestObject("Object Repository/Mobile/Page/Register/Not Registered/Akun Bank/Edit Text - Branch"), branch, 0): Text 'qa cabang' has been set to element 'Object Repository/Mobile/Page/Register/Not Registered/Akun Bank/Edit Text - Branch'

2021-10-29 17:55:20 - [MESSAGE][WARNING] - Timeout '0' is invalid. Using default page load timeout: '60'

2021-10-29 17:55:21 - [MESSAGE][PASSED] - Text 'qa cabang' has been set to element 'Object Repository/Mobile/Page/Register/Not Registered/Akun Bank/Edit Text - Branch'

2021-10-29 17:55:21 - [TEST_STEP][PASSED] - hideKeyboard(): Keyboard is hidden

2021-10-29 17:55:24 - [MESSAGE][PASSED] - Keyboard is hidden

2021-10-29 17:55:24 - [TEST_STEP][PASSED] - delay(1): Delayed 1 second(s)

2021-10-29 17:55:25 - [MESSAGE][PASSED] - Delayed 1 second(s)

2021-10-29 17:55:25 - [TEST_STEP][PASSED] - tap(findTestObject("Object Repository/Mobile/Page/Register/Not Registered/Akun Bank/Edit Text - Account Number"), 0): Tapped on element 'Object Repository/Mobile/Page/Register/Not Registered/Akun Bank/Edit Text - Account Number'

2021-10-29 17:55:25 - [MESSAGE][WARNING] - Timeout '0' is invalid. Using default page load timeout: '60'

2021-10-29 17:55:26 - [MESSAGE][PASSED] - Tapped on element 'Object Repository/Mobile/Page/Register/Not Registered/Akun Bank/Edit Text - Account Number'

2021-10-29 17:55:26 - [TEST_STEP][PASSED] - setText(findTestObject("Object Repository/Mobile/Page/Register/Not Registered/Akun Bank/Edit Text - Account Number"), accountnumber, 0): Text '222444222444' has been set to element 'Object Repository/Mobile/Page/Register/Not Registered/Akun Bank/Edit Text - Account Number'

2021-10-29 17:55:26 - [MESSAGE][WARNING] - Timeout '0' is invalid. Using default page load timeout: '60'

2021-10-29 17:55:27 - [MESSAGE][PASSED] - Text '222444222444' has been set to element 'Object Repository/Mobile/Page/Register/Not Registered/Akun Bank/Edit Text - Account Number'

2021-10-29 17:55:27 - [TEST_STEP][PASSED] - hideKeyboard(): Keyboard is hidden

2021-10-29 17:55:33 - [MESSAGE][PASSED] - Keyboard is hidden

2021-10-29 17:55:33 - [TEST_STEP][PASSED] - delay(1): Delayed 1 second(s)

2021-10-29 17:55:34 - [MESSAGE][PASSED] - Delayed 1 second(s)

2021-10-29 17:55:34 - [TEST_STEP][PASSED] - if (negativeStatus == "ownerNameNotMatch"): null

2021-10-29 17:55:34 - [TEST_STEP][PASSED] - else: Delayed 1 second(s)

2021-10-29 17:55:34 - [TEST_STEP][PASSED] - tap(findTestObject("Object Repository/Mobile/Page/Register/Not Registered/Akun Bank/Edit Text - Name Owner"), 0): Tapped on element 'Object Repository/Mobile/Page/Register/Not Registered/Akun Bank/Edit Text - Name Owner'

2021-10-29 17:55:34 - [MESSAGE][WARNING] - Timeout '0' is invalid. Using default page load timeout: '60'

2021-10-29 17:55:35 - [MESSAGE][PASSED] - Tapped on element 'Object Repository/Mobile/Page/Register/Not Registered/Akun Bank/Edit Text - Name Owner'

2021-10-29 17:55:35 - [TEST_STEP][PASSED] - setText(findTestObject("Object Repository/Mobile/Page/Register/Not Registered/Akun Bank/Edit Text - Name Owner"), nameowner, 0): Text 'QATESTUBqHDhVEpgKbBul' has been set to element 'Object Repository/Mobile/Page/Register/Not Registered/Akun Bank/Edit Text - Name Owner'

2021-10-29 17:55:35 - [MESSAGE][WARNING] - Timeout '0' is invalid. Using default page load timeout: '60'

2021-10-29 17:55:36 - [MESSAGE][PASSED] - Text 'QATESTUBqHDhVEpgKbBul' has been set to element 'Object Repository/Mobile/Page/Register/Not Registered/Akun Bank/Edit Text - Name Owner'

2021-10-29 17:55:36 - [TEST_STEP][PASSED] - hideKeyboard(): Keyboard is hidden

2021-10-29 17:55:39 - [MESSAGE][PASSED] - Keyboard is hidden

2021-10-29 17:55:39 - [TEST_STEP][PASSED] - delay(1): Delayed 1 second(s)

2021-10-29 17:55:40 - [MESSAGE][PASSED] - Delayed 1 second(s)

2021-10-29 17:55:40 - [TEST_STEP][PASSED] - tap(findTestObject("Object Repository/Mobile/Page/Register/Not Registered/Akun Bank/Button - Next"), 0): Tapped on element 'Object Repository/Mobile/Page/Register/Not Registered/Akun Bank/Button - Next'

2021-10-29 17:55:40 - [MESSAGE][WARNING] - Timeout '0' is invalid. Using default page load timeout: '60'

2021-10-29 17:55:41 - [MESSAGE][PASSED] - Tapped on element 'Object Repository/Mobile/Page/Register/Not Registered/Akun Bank/Button - Next'

2021-10-29 17:55:41 - [TEST_STEP][PASSED] - delay(1): Delayed 1 second(s)

2021-10-29 17:55:42 - [MESSAGE][PASSED] - Delayed 1 second(s)

2021-10-29 17:55:42 - [TEST_STEP][PASSED] - if (isUseReferralCode == 1): null

2021-10-29 17:55:42 - [TEST_STEP][PASSED] - if (negativeStatus == "noSignature"): null

2021-10-29 17:55:42 - [TEST_STEP][PASSED] - else: Delayed 1 second(s)

2021-10-29 17:55:42 - [TEST_STEP][PASSED] - scroll.scroll.scrollRightToLeft(findTestObject("Mobile/Page/Register/Not Registered/Konfirmasi/Field - Signature")): scroll.scroll.scrollRightToLeft is PASSED

2021-10-29 17:55:42 - [MESSAGE][WARNING] - Timeout '0' is invalid. Using default page load timeout: '60'

2021-10-29 17:55:43 - [MESSAGE][PASSED] - Object 'Object Repository/Mobile/Page/Register/Not Registered/Konfirmasi/Field - Signature' has left position '31'

2021-10-29 17:55:43 - [MESSAGE][WARNING] - Timeout '0' is invalid. Using default page load timeout: '60'

2021-10-29 17:55:43 - [MESSAGE][PASSED] - Object 'Object Repository/Mobile/Page/Register/Not Registered/Konfirmasi/Field - Signature' has top position '612'

2021-10-29 17:55:43 - [MESSAGE][WARNING] - Timeout '0' is invalid. Using default page load timeout: '60'

2021-10-29 17:55:43 - [MESSAGE][PASSED] - Object 'Object Repository/Mobile/Page/Register/Not Registered/Konfirmasi/Field - Signature' has width: '658'

2021-10-29 17:55:43 - [MESSAGE][WARNING] - Timeout '0' is invalid. Using default page load timeout: '60'

2021-10-29 17:55:43 - [MESSAGE][PASSED] - Object 'Object Repository/Mobile/Page/Register/Not Registered/Konfirmasi/Field - Signature' has height: '384'

2021-10-29 17:55:44 - [MESSAGE][PASSED] - Swiped from 557,804 to 162,804

2021-10-29 17:55:44 - [MESSAGE][PASSED] - scroll.scroll.scrollRightToLeft is PASSED

2021-10-29 17:55:44 - [TEST_STEP][PASSED] - delay(1): Delayed 1 second(s)

2021-10-29 17:55:45 - [MESSAGE][PASSED] - Delayed 1 second(s)

2021-10-29 17:55:45 - [TEST_STEP][PASSED] - tap(findTestObject("Mobile/Page/Register/Not Registered/Konfirmasi/Checkbox - Agreement"), 0): Tapped on element 'Object Repository/Mobile/Page/Register/Not Registered/Konfirmasi/Checkbox - Agreement'

2021-10-29 17:55:45 - [MESSAGE][WARNING] - Timeout '0' is invalid. Using default page load timeout: '60'

2021-10-29 17:55:45 - [MESSAGE][PASSED] - Tapped on element 'Object Repository/Mobile/Page/Register/Not Registered/Konfirmasi/Checkbox - Agreement'

2021-10-29 17:55:45 - [TEST_STEP][PASSED] - delay(1): Delayed 1 second(s)

2021-10-29 17:55:46 - [MESSAGE][PASSED] - Delayed 1 second(s)

2021-10-29 17:55:46 - [TEST_STEP][PASSED] - pressBack(): Press back button successfully

2021-10-29 17:55:47 - [MESSAGE][PASSED] - Press back button successfully

2021-10-29 17:55:47 - [TEST_STEP][PASSED] - delay(1): Delayed 1 second(s)

2021-10-29 17:55:48 - [MESSAGE][PASSED] - Delayed 1 second(s)

2021-10-29 17:55:48 - [TEST_STEP][PASSED] - hideKeyboard(): Keyboard is hidden

2021-10-29 17:55:49 - [MESSAGE][PASSED] - Keyboard is hidden

2021-10-29 17:55:49 - [TEST_STEP][PASSED] - tap(findTestObject("Object Repository/Mobile/Page/Register/Not Registered/Konfirmasi/Button - Next"), 0): Tapped on element 'Object Repository/Mobile/Page/Register/Not Registered/Konfirmasi/Button - Next'

2021-10-29 17:55:49 - [MESSAGE][WARNING] - Timeout '0' is invalid. Using default page load timeout: '60'

2021-10-29 17:55:49 - [MESSAGE][PASSED] - Tapped on element 'Object Repository/Mobile/Page/Register/Not Registered/Konfirmasi/Button - Next'

2021-10-29 17:55:49 - [TEST_STEP][PASSED] - delay(5): Delayed 5 second(s)

2021-10-29 17:55:54 - [MESSAGE][PASSED] - Delayed 5 second(s)

2021-10-29 17:55:54 - [TEST_STEP][PASSED] - tap(findTestObject("Object Repository/Mobile/Page/Register/Not Registered/Konfirmasi/Button - Back to Home"), 0): Tapped on element 'Object Repository/Mobile/Page/Register/Not Registered/Konfirmasi/Button - Back to Home'

2021-10-29 17:55:54 - [MESSAGE][WARNING] - Timeout '0' is invalid. Using default page load timeout: '60'

2021-10-29 17:55:56 - [MESSAGE][PASSED] - Tapped on element 'Object Repository/Mobile/Page/Register/Not Registered/Konfirmasi/Button - Back to Home'

2021-10-29 17:55:56 - [TEST_STEP][PASSED] - delay(1): Delayed 1 second(s)

2021-10-29 17:55:57 - [MESSAGE][PASSED] - Delayed 1 second(s)

2021-10-29 17:55:57 - [MESSAGE][PASSED] - Call Test Case 'Test Cases/Mobile/Page/Register/Register' successfully

2021-10-29 17:55:57 - [TEST_STEP][PASSED] - callTestCase(findTestCase("Mobile/Page/Run App/Terminate App"), [:], STOP_ON_FAILURE): Call Test Case 'Test Cases/Mobile/Page/Run App/Terminate App' successfully

2021-10-29 17:55:57 - [TEST_CASE][PASSED] - Test Cases/Mobile/Page/Run App/Terminate App: Test Cases/Mobile/Page/Run App/Terminate App

2021-10-29 17:55:57 - [TEST_STEP][PASSED] - startApp.OpenApp.terminateApplication(): startApp.OpenApp.terminateApplication is PASSED

2021-10-29 17:56:00 - [MESSAGE][PASSED] - Delayed 3 second(s)

2021-10-29 17:56:00 - [MESSAGE][PASSED] - Current device physical width is 720

2021-10-29 17:56:00 - [MESSAGE][PASSED] - Current device physical height is 1423

2021-10-29 17:56:02 - [MESSAGE][PASSED] - Swiped from 360,853 to 360,142

2021-10-29 17:56:03 - [MESSAGE][PASSED] - Delayed 1 second(s)

2021-10-29 17:56:04 - [MESSAGE][PASSED] - Swiped from 360,853 to 360,142

2021-10-29 17:56:07 - [MESSAGE][PASSED] - Delayed 3 second(s)

2021-10-29 17:56:07 - [MESSAGE][PASSED] - startApp.OpenApp.terminateApplication is PASSED

2021-10-29 17:56:07 - [MESSAGE][PASSED] - Call Test Case 'Test Cases/Mobile/Page/Run App/Terminate App' successfully]]></system-out>
         <system-err><![CDATA[]]></system-err>
      </testcase>
      <testcase name="Test Cases/Mobile/Scenario/Register/004 - Registrasi akun baru dengan alamat sesuai KTP menggunakan Refferal Code" time="219.542" classname="Test Cases/Mobile/Scenario/Register/004 - Registrasi akun baru dengan alamat sesuai KTP menggunakan Refferal Code" status="PASSED">
         <system-out><![CDATA[2021-10-29 17:56:07 - [TEST_CASE][PASSED] - Test Cases/Mobile/Scenario/Register/004 - Registrasi akun baru dengan alamat sesuai KTP menggunakan Refferal Code: Test Cases/Mobile/Scenario/Register/004 - Registrasi akun baru dengan alamat sesuai KTP menggunakan Refferal Code

2021-10-29 17:56:07 - [TEST_STEP][PASSED] - callTestCase(findTestCase("Mobile/Page/Run App/Run App byID"), [:], STOP_ON_FAILURE): Call Test Case 'Test Cases/Mobile/Page/Run App/Run App byID' successfully

2021-10-29 17:56:07 - [TEST_CASE][PASSED] - Test Cases/Mobile/Page/Run App/Run App byID: Test Cases/Mobile/Page/Run App/Run App byID

2021-10-29 17:56:07 - [TEST_STEP][PASSED] - startApp.OpenApp.startApplication("com.mirae.maxfund"): startApp.OpenApp.startApplication is PASSED

2021-10-29 17:56:20 - [MESSAGE][PASSED] - Starting app with application ID: 'com.mirae.maxfund'

2021-10-29 17:56:20 - [MESSAGE][PASSED] - startApp.OpenApp.startApplication is PASSED

2021-10-29 17:56:20 - [MESSAGE][PASSED] - Call Test Case 'Test Cases/Mobile/Page/Run App/Run App byID' successfully

2021-10-29 17:56:20 - [TEST_STEP][PASSED] - callTestCase(findTestCase("Mobile/Page/Register/Register"), ["isFromLoginPage":0, "isRegistered":0, "isBedaAlamat":0, "isUseReferralCode":1, "negativeStatus":"none"], STOP_ON_FAILURE): Call Test Case 'Test Cases/Mobile/Page/Register/Register' successfully

2021-10-29 17:56:20 - [TEST_CASE][PASSED] - Test Cases/Mobile/Page/Register/Register: Test Cases/Mobile/Page/Register/Register

2021-10-29 17:56:20 - [TEST_STEP][PASSED] - delay(5): Delayed 5 second(s)

2021-10-29 17:56:25 - [MESSAGE][PASSED] - Delayed 5 second(s)

2021-10-29 17:56:25 - [TEST_STEP][PASSED] - if (isFromLoginPage == 1): null

2021-10-29 17:56:25 - [TEST_STEP][PASSED] - else: Tapped on element 'Object Repository/Mobile/Page/Dashboard/Button - Register'

2021-10-29 17:56:25 - [TEST_STEP][PASSED] - tap(findTestObject("Object Repository/Mobile/Page/Dashboard/Button - Register"), 0): Tapped on element 'Object Repository/Mobile/Page/Dashboard/Button - Register'

2021-10-29 17:56:25 - [MESSAGE][WARNING] - Timeout '0' is invalid. Using default page load timeout: '60'

2021-10-29 17:56:25 - [MESSAGE][PASSED] - Tapped on element 'Object Repository/Mobile/Page/Dashboard/Button - Register'

2021-10-29 17:56:25 - [TEST_STEP][PASSED] - delay(3): Delayed 3 second(s)

2021-10-29 17:56:28 - [MESSAGE][PASSED] - Delayed 3 second(s)

2021-10-29 17:56:28 - [TEST_STEP][PASSED] - if (isRegistered == 1): null

2021-10-29 17:56:28 - [TEST_STEP][PASSED] - else: null

2021-10-29 17:56:28 - [TEST_STEP][PASSED] - RegisterMethod.notRegistered(negativeStatus, isBedaAlamat, isUseReferralCode): null

2021-10-29 17:56:28 - [TEST_STEP][PASSED] - fullname = "QATEST" + acak.acak.randomStringWord(): acak.acak.randomStringWord is PASSED

2021-10-29 17:56:28 - [MESSAGE][PASSED] - acak.acak.randomStringWord is PASSED

2021-10-29 17:56:28 - [TEST_STEP][PASSED] - birthdate = "1/1/1998": null

2021-10-29 17:56:28 - [TEST_STEP][PASSED] - phone = "082" + acak.acak.randomStringNumber(9): acak.acak.randomStringNumber is PASSED

2021-10-29 17:56:28 - [MESSAGE][PASSED] - acak.acak.randomStringNumber is PASSED

2021-10-29 17:56:28 - [TEST_STEP][PASSED] - email = fullname + "@gmail.com": null

2021-10-29 17:56:28 - [TEST_STEP][PASSED] - password = "Mirae1234": null

2021-10-29 17:56:28 - [TEST_STEP][PASSED] - branch = "qa cabang": null

2021-10-29 17:56:28 - [TEST_STEP][PASSED] - accountnumber = "222444222444": null

2021-10-29 17:56:28 - [TEST_STEP][PASSED] - nameowner = fullname: null

2021-10-29 17:56:28 - [TEST_STEP][PASSED] - alamat = "Jl. Cempaka Putih Barat 12 F No.12, RT.8/RW.8": null

2021-10-29 17:56:28 - [TEST_STEP][PASSED] - kodepos = "15412": null

2021-10-29 17:56:28 - [TEST_STEP][PASSED] - referralcode = "15412": null

2021-10-29 17:56:28 - [TEST_STEP][PASSED] - flag = "indonesia": null

2021-10-29 17:56:28 - [TEST_STEP][PASSED] - bank = "citibank": null

2021-10-29 17:56:28 - [TEST_STEP][PASSED] - tap(findTestObject("Object Repository/Mobile/Page/Register/Radio Button - Not registered yet"), 0): Tapped on element 'Object Repository/Mobile/Page/Register/Radio Button - Not registered yet'

2021-10-29 17:56:28 - [MESSAGE][WARNING] - Timeout '0' is invalid. Using default page load timeout: '60'

2021-10-29 17:56:29 - [MESSAGE][PASSED] - Tapped on element 'Object Repository/Mobile/Page/Register/Radio Button - Not registered yet'

2021-10-29 17:56:29 - [TEST_STEP][PASSED] - delay(3): Delayed 3 second(s)

2021-10-29 17:56:32 - [MESSAGE][PASSED] - Delayed 3 second(s)

2021-10-29 17:56:32 - [TEST_STEP][PASSED] - tap(findTestObject("Object Repository/Mobile/Page/Register/Not Registered/Button - Next"), 0): Tapped on element 'Object Repository/Mobile/Page/Register/Not Registered/Button - Next'

2021-10-29 17:56:32 - [MESSAGE][WARNING] - Timeout '0' is invalid. Using default page load timeout: '60'

2021-10-29 17:56:34 - [MESSAGE][PASSED] - Tapped on element 'Object Repository/Mobile/Page/Register/Not Registered/Button - Next'

2021-10-29 17:56:34 - [TEST_STEP][PASSED] - delay(1): Delayed 1 second(s)

2021-10-29 17:56:35 - [MESSAGE][PASSED] - Delayed 1 second(s)

2021-10-29 17:56:35 - [TEST_STEP][PASSED] - tap(findTestObject("Object Repository/Mobile/Page/Register/Not Registered/Informasi Pribadi/Edit Text - Fullname"), 0): Tapped on element 'Object Repository/Mobile/Page/Register/Not Registered/Informasi Pribadi/Edit Text - Fullname'

2021-10-29 17:56:35 - [MESSAGE][WARNING] - Timeout '0' is invalid. Using default page load timeout: '60'

2021-10-29 17:56:35 - [MESSAGE][PASSED] - Tapped on element 'Object Repository/Mobile/Page/Register/Not Registered/Informasi Pribadi/Edit Text - Fullname'

2021-10-29 17:56:35 - [TEST_STEP][PASSED] - setText(findTestObject("Object Repository/Mobile/Page/Register/Not Registered/Informasi Pribadi/Edit Text - Fullname"), fullname, 0): Text 'QATESTiWVBmTSXWQNZutw' has been set to element 'Object Repository/Mobile/Page/Register/Not Registered/Informasi Pribadi/Edit Text - Fullname'

2021-10-29 17:56:35 - [MESSAGE][WARNING] - Timeout '0' is invalid. Using default page load timeout: '60'

2021-10-29 17:56:37 - [MESSAGE][PASSED] - Text 'QATESTiWVBmTSXWQNZutw' has been set to element 'Object Repository/Mobile/Page/Register/Not Registered/Informasi Pribadi/Edit Text - Fullname'

2021-10-29 17:56:37 - [TEST_STEP][PASSED] - hideKeyboard(): Keyboard is hidden

2021-10-29 17:56:40 - [MESSAGE][PASSED] - Keyboard is hidden

2021-10-29 17:56:40 - [TEST_STEP][PASSED] - delay(1): Delayed 1 second(s)

2021-10-29 17:56:41 - [MESSAGE][PASSED] - Delayed 1 second(s)

2021-10-29 17:56:41 - [TEST_STEP][PASSED] - tap(findTestObject("Object Repository/Mobile/Page/Register/Not Registered/Informasi Pribadi/Date Picker - Date of Birth"), 0): Tapped on element 'Object Repository/Mobile/Page/Register/Not Registered/Informasi Pribadi/Date Picker - Date of Birth'

2021-10-29 17:56:41 - [MESSAGE][WARNING] - Timeout '0' is invalid. Using default page load timeout: '60'

2021-10-29 17:56:42 - [MESSAGE][PASSED] - Tapped on element 'Object Repository/Mobile/Page/Register/Not Registered/Informasi Pribadi/Date Picker - Date of Birth'

2021-10-29 17:56:42 - [TEST_STEP][PASSED] - tap(findTestObject("Object Repository/Mobile/Page/Register/Not Registered/Informasi Pribadi/Date Picker - Icon Edit"), 0): Tapped on element 'Object Repository/Mobile/Page/Register/Not Registered/Informasi Pribadi/Date Picker - Icon Edit'

2021-10-29 17:56:42 - [MESSAGE][WARNING] - Timeout '0' is invalid. Using default page load timeout: '60'

2021-10-29 17:56:44 - [MESSAGE][PASSED] - Tapped on element 'Object Repository/Mobile/Page/Register/Not Registered/Informasi Pribadi/Date Picker - Icon Edit'

2021-10-29 17:56:44 - [TEST_STEP][PASSED] - if (negativeStatus == "less17YearsOld"): null

2021-10-29 17:56:44 - [TEST_STEP][PASSED] - else: Delayed 1 second(s)

2021-10-29 17:56:44 - [TEST_STEP][PASSED] - setText(findTestObject("Mobile/Page/Register/Not Registered/Informasi Pribadi/Date Picker - Edit Text Date"), birthdate, 0): Text '1/1/1998' has been set to element 'Object Repository/Mobile/Page/Register/Not Registered/Informasi Pribadi/Date Picker - Edit Text Date'

2021-10-29 17:56:44 - [MESSAGE][WARNING] - Timeout '0' is invalid. Using default page load timeout: '60'

2021-10-29 17:56:45 - [MESSAGE][PASSED] - Text '1/1/1998' has been set to element 'Object Repository/Mobile/Page/Register/Not Registered/Informasi Pribadi/Date Picker - Edit Text Date'

2021-10-29 17:56:45 - [TEST_STEP][PASSED] - tap(findTestObject("Mobile/Page/Register/Not Registered/Informasi Pribadi/Date Picker - Button OK"), 0): Tapped on element 'Object Repository/Mobile/Page/Register/Not Registered/Informasi Pribadi/Date Picker - Button OK'

2021-10-29 17:56:45 - [MESSAGE][WARNING] - Timeout '0' is invalid. Using default page load timeout: '60'

2021-10-29 17:56:46 - [MESSAGE][PASSED] - Tapped on element 'Object Repository/Mobile/Page/Register/Not Registered/Informasi Pribadi/Date Picker - Button OK'

2021-10-29 17:56:46 - [TEST_STEP][PASSED] - delay(1): Delayed 1 second(s)

2021-10-29 17:56:47 - [MESSAGE][PASSED] - Delayed 1 second(s)

2021-10-29 17:56:47 - [TEST_STEP][PASSED] - tap(findTestObject("Object Repository/Mobile/Page/Register/Not Registered/Informasi Pribadi/Dropdown - Flag Phone Number"), 0): Tapped on element 'Object Repository/Mobile/Page/Register/Not Registered/Informasi Pribadi/Dropdown - Flag Phone Number'

2021-10-29 17:56:47 - [MESSAGE][WARNING] - Timeout '0' is invalid. Using default page load timeout: '60'

2021-10-29 17:56:49 - [MESSAGE][PASSED] - Tapped on element 'Object Repository/Mobile/Page/Register/Not Registered/Informasi Pribadi/Dropdown - Flag Phone Number'

2021-10-29 17:56:49 - [TEST_STEP][PASSED] - tap(findTestObject("Object Repository/Mobile/Page/Register/Not Registered/Informasi Pribadi/Edit Text - Search Flag"), 0): Tapped on element 'Object Repository/Mobile/Page/Register/Not Registered/Informasi Pribadi/Edit Text - Search Flag'

2021-10-29 17:56:49 - [MESSAGE][WARNING] - Timeout '0' is invalid. Using default page load timeout: '60'

2021-10-29 17:56:49 - [MESSAGE][PASSED] - Tapped on element 'Object Repository/Mobile/Page/Register/Not Registered/Informasi Pribadi/Edit Text - Search Flag'

2021-10-29 17:56:49 - [TEST_STEP][PASSED] - setText(findTestObject("Object Repository/Mobile/Page/Register/Not Registered/Informasi Pribadi/Edit Text - Search Flag"), flag, 0): Text 'indonesia' has been set to element 'Object Repository/Mobile/Page/Register/Not Registered/Informasi Pribadi/Edit Text - Search Flag'

2021-10-29 17:56:49 - [MESSAGE][WARNING] - Timeout '0' is invalid. Using default page load timeout: '60'

2021-10-29 17:56:51 - [MESSAGE][PASSED] - Text 'indonesia' has been set to element 'Object Repository/Mobile/Page/Register/Not Registered/Informasi Pribadi/Edit Text - Search Flag'

2021-10-29 17:56:51 - [TEST_STEP][PASSED] - tap(findTestObject("Mobile/Page/Register/Not Registered/Informasi Pribadi/Item Flag - Top Search"), 0): Tapped on element 'Object Repository/Mobile/Page/Register/Not Registered/Informasi Pribadi/Item Flag - Top Search'

2021-10-29 17:56:51 - [MESSAGE][WARNING] - Timeout '0' is invalid. Using default page load timeout: '60'

2021-10-29 17:56:53 - [MESSAGE][PASSED] - Tapped on element 'Object Repository/Mobile/Page/Register/Not Registered/Informasi Pribadi/Item Flag - Top Search'

2021-10-29 17:56:53 - [TEST_STEP][PASSED] - tap(findTestObject("Object Repository/Mobile/Page/Register/Not Registered/Informasi Pribadi/Edit Text - Phone Number"), 0): Tapped on element 'Object Repository/Mobile/Page/Register/Not Registered/Informasi Pribadi/Edit Text - Phone Number'

2021-10-29 17:56:53 - [MESSAGE][WARNING] - Timeout '0' is invalid. Using default page load timeout: '60'

2021-10-29 17:56:53 - [MESSAGE][PASSED] - Tapped on element 'Object Repository/Mobile/Page/Register/Not Registered/Informasi Pribadi/Edit Text - Phone Number'

2021-10-29 17:56:53 - [TEST_STEP][PASSED] - setText(findTestObject("Object Repository/Mobile/Page/Register/Not Registered/Informasi Pribadi/Edit Text - Phone Number"), phone, 0): Text '082957144254' has been set to element 'Object Repository/Mobile/Page/Register/Not Registered/Informasi Pribadi/Edit Text - Phone Number'

2021-10-29 17:56:53 - [MESSAGE][WARNING] - Timeout '0' is invalid. Using default page load timeout: '60'

2021-10-29 17:56:54 - [MESSAGE][PASSED] - Text '082957144254' has been set to element 'Object Repository/Mobile/Page/Register/Not Registered/Informasi Pribadi/Edit Text - Phone Number'

2021-10-29 17:56:54 - [TEST_STEP][PASSED] - hideKeyboard(): Keyboard is hidden

2021-10-29 17:57:00 - [MESSAGE][PASSED] - Keyboard is hidden

2021-10-29 17:57:00 - [TEST_STEP][PASSED] - delay(1): Delayed 1 second(s)

2021-10-29 17:57:01 - [MESSAGE][PASSED] - Delayed 1 second(s)

2021-10-29 17:57:01 - [TEST_STEP][PASSED] - tap(findTestObject("Object Repository/Mobile/Page/Register/Not Registered/Informasi Pribadi/Dropdown - Flag Re Phone Number"), 0): Tapped on element 'Object Repository/Mobile/Page/Register/Not Registered/Informasi Pribadi/Dropdown - Flag Re Phone Number'

2021-10-29 17:57:01 - [MESSAGE][WARNING] - Timeout '0' is invalid. Using default page load timeout: '60'

2021-10-29 17:57:03 - [MESSAGE][PASSED] - Tapped on element 'Object Repository/Mobile/Page/Register/Not Registered/Informasi Pribadi/Dropdown - Flag Re Phone Number'

2021-10-29 17:57:03 - [TEST_STEP][PASSED] - tap(findTestObject("Object Repository/Mobile/Page/Register/Not Registered/Informasi Pribadi/Edit Text - Search Flag"), 0): Tapped on element 'Object Repository/Mobile/Page/Register/Not Registered/Informasi Pribadi/Edit Text - Search Flag'

2021-10-29 17:57:03 - [MESSAGE][WARNING] - Timeout '0' is invalid. Using default page load timeout: '60'

2021-10-29 17:57:03 - [MESSAGE][PASSED] - Tapped on element 'Object Repository/Mobile/Page/Register/Not Registered/Informasi Pribadi/Edit Text - Search Flag'

2021-10-29 17:57:03 - [TEST_STEP][PASSED] - setText(findTestObject("Object Repository/Mobile/Page/Register/Not Registered/Informasi Pribadi/Edit Text - Search Flag"), flag, 0): Text 'indonesia' has been set to element 'Object Repository/Mobile/Page/Register/Not Registered/Informasi Pribadi/Edit Text - Search Flag'

2021-10-29 17:57:03 - [MESSAGE][WARNING] - Timeout '0' is invalid. Using default page load timeout: '60'

2021-10-29 17:57:05 - [MESSAGE][PASSED] - Text 'indonesia' has been set to element 'Object Repository/Mobile/Page/Register/Not Registered/Informasi Pribadi/Edit Text - Search Flag'

2021-10-29 17:57:05 - [TEST_STEP][PASSED] - tap(findTestObject("Mobile/Page/Register/Not Registered/Informasi Pribadi/Item Flag - Top Search"), 0): Tapped on element 'Object Repository/Mobile/Page/Register/Not Registered/Informasi Pribadi/Item Flag - Top Search'

2021-10-29 17:57:05 - [MESSAGE][WARNING] - Timeout '0' is invalid. Using default page load timeout: '60'

2021-10-29 17:57:06 - [MESSAGE][PASSED] - Tapped on element 'Object Repository/Mobile/Page/Register/Not Registered/Informasi Pribadi/Item Flag - Top Search'

2021-10-29 17:57:06 - [TEST_STEP][PASSED] - tap(findTestObject("Object Repository/Mobile/Page/Register/Not Registered/Informasi Pribadi/Edit Text - Re Phone Number"), 0): Tapped on element 'Object Repository/Mobile/Page/Register/Not Registered/Informasi Pribadi/Edit Text - Re Phone Number'

2021-10-29 17:57:07 - [MESSAGE][WARNING] - Timeout '0' is invalid. Using default page load timeout: '60'

2021-10-29 17:57:07 - [MESSAGE][PASSED] - Tapped on element 'Object Repository/Mobile/Page/Register/Not Registered/Informasi Pribadi/Edit Text - Re Phone Number'

2021-10-29 17:57:07 - [TEST_STEP][PASSED] - setText(findTestObject("Object Repository/Mobile/Page/Register/Not Registered/Informasi Pribadi/Edit Text - Re Phone Number"), phone, 0): Text '082957144254' has been set to element 'Object Repository/Mobile/Page/Register/Not Registered/Informasi Pribadi/Edit Text - Re Phone Number'

2021-10-29 17:57:07 - [MESSAGE][WARNING] - Timeout '0' is invalid. Using default page load timeout: '60'

2021-10-29 17:57:08 - [MESSAGE][PASSED] - Text '082957144254' has been set to element 'Object Repository/Mobile/Page/Register/Not Registered/Informasi Pribadi/Edit Text - Re Phone Number'

2021-10-29 17:57:08 - [TEST_STEP][PASSED] - hideKeyboard(): Keyboard is hidden

2021-10-29 17:57:14 - [MESSAGE][PASSED] - Keyboard is hidden

2021-10-29 17:57:14 - [TEST_STEP][PASSED] - delay(1): Delayed 1 second(s)

2021-10-29 17:57:15 - [MESSAGE][PASSED] - Delayed 1 second(s)

2021-10-29 17:57:15 - [TEST_STEP][PASSED] - if (negativeStatus == "emailRegistered"): null

2021-10-29 17:57:15 - [TEST_STEP][PASSED] - else: Delayed 1 second(s)

2021-10-29 17:57:15 - [TEST_STEP][PASSED] - tap(findTestObject("Object Repository/Mobile/Page/Register/Not Registered/Informasi Pribadi/Edit Text - Email"), 0): Tapped on element 'Object Repository/Mobile/Page/Register/Not Registered/Informasi Pribadi/Edit Text - Email'

2021-10-29 17:57:15 - [MESSAGE][WARNING] - Timeout '0' is invalid. Using default page load timeout: '60'

2021-10-29 17:57:15 - [MESSAGE][PASSED] - Tapped on element 'Object Repository/Mobile/Page/Register/Not Registered/Informasi Pribadi/Edit Text - Email'

2021-10-29 17:57:15 - [TEST_STEP][PASSED] - setText(findTestObject("Object Repository/Mobile/Page/Register/Not Registered/Informasi Pribadi/Edit Text - Email"), email, 0): Text 'QATESTiWVBmTSXWQNZutw@gmail.com' has been set to element 'Object Repository/Mobile/Page/Register/Not Registered/Informasi Pribadi/Edit Text - Email'

2021-10-29 17:57:15 - [MESSAGE][WARNING] - Timeout '0' is invalid. Using default page load timeout: '60'

2021-10-29 17:57:17 - [MESSAGE][PASSED] - Text 'QATESTiWVBmTSXWQNZutw@gmail.com' has been set to element 'Object Repository/Mobile/Page/Register/Not Registered/Informasi Pribadi/Edit Text - Email'

2021-10-29 17:57:17 - [TEST_STEP][PASSED] - hideKeyboard(): Keyboard is hidden

2021-10-29 17:57:20 - [MESSAGE][PASSED] - Keyboard is hidden

2021-10-29 17:57:20 - [TEST_STEP][PASSED] - delay(1): Delayed 1 second(s)

2021-10-29 17:57:21 - [MESSAGE][PASSED] - Delayed 1 second(s)

2021-10-29 17:57:21 - [TEST_STEP][PASSED] - if (negativeStatus == "emailNotMatch"): null

2021-10-29 17:57:21 - [TEST_STEP][PASSED] - else: Delayed 1 second(s)

2021-10-29 17:57:21 - [TEST_STEP][PASSED] - tap(findTestObject("Object Repository/Mobile/Page/Register/Not Registered/Informasi Pribadi/Edit Text - Re Email"), 0): Tapped on element 'Object Repository/Mobile/Page/Register/Not Registered/Informasi Pribadi/Edit Text - Re Email'

2021-10-29 17:57:21 - [MESSAGE][WARNING] - Timeout '0' is invalid. Using default page load timeout: '60'

2021-10-29 17:57:21 - [MESSAGE][PASSED] - Tapped on element 'Object Repository/Mobile/Page/Register/Not Registered/Informasi Pribadi/Edit Text - Re Email'

2021-10-29 17:57:21 - [TEST_STEP][PASSED] - setText(findTestObject("Object Repository/Mobile/Page/Register/Not Registered/Informasi Pribadi/Edit Text - Re Email"), email, 0): Text 'QATESTiWVBmTSXWQNZutw@gmail.com' has been set to element 'Object Repository/Mobile/Page/Register/Not Registered/Informasi Pribadi/Edit Text - Re Email'

2021-10-29 17:57:22 - [MESSAGE][WARNING] - Timeout '0' is invalid. Using default page load timeout: '60'

2021-10-29 17:57:23 - [MESSAGE][PASSED] - Text 'QATESTiWVBmTSXWQNZutw@gmail.com' has been set to element 'Object Repository/Mobile/Page/Register/Not Registered/Informasi Pribadi/Edit Text - Re Email'

2021-10-29 17:57:23 - [TEST_STEP][PASSED] - hideKeyboard(): Keyboard is hidden

2021-10-29 17:57:26 - [MESSAGE][PASSED] - Keyboard is hidden

2021-10-29 17:57:26 - [TEST_STEP][PASSED] - delay(1): Delayed 1 second(s)

2021-10-29 17:57:27 - [MESSAGE][PASSED] - Delayed 1 second(s)

2021-10-29 17:57:27 - [TEST_STEP][PASSED] - if (negativeStatus == "passwordNotFollowRules"): null

2021-10-29 17:57:27 - [TEST_STEP][PASSED] - else: Delayed 1 second(s)

2021-10-29 17:57:27 - [TEST_STEP][PASSED] - tap(findTestObject("Object Repository/Mobile/Page/Register/Not Registered/Informasi Pribadi/Edit Text - Password"), 0): Tapped on element 'Object Repository/Mobile/Page/Register/Not Registered/Informasi Pribadi/Edit Text - Password'

2021-10-29 17:57:27 - [MESSAGE][WARNING] - Timeout '0' is invalid. Using default page load timeout: '60'

2021-10-29 17:57:28 - [MESSAGE][PASSED] - Tapped on element 'Object Repository/Mobile/Page/Register/Not Registered/Informasi Pribadi/Edit Text - Password'

2021-10-29 17:57:28 - [TEST_STEP][PASSED] - setText(findTestObject("Object Repository/Mobile/Page/Register/Not Registered/Informasi Pribadi/Edit Text - Password"), password, 0): Text 'Mirae1234' has been set to element 'Object Repository/Mobile/Page/Register/Not Registered/Informasi Pribadi/Edit Text - Password'

2021-10-29 17:57:28 - [MESSAGE][WARNING] - Timeout '0' is invalid. Using default page load timeout: '60'

2021-10-29 17:57:29 - [MESSAGE][PASSED] - Text 'Mirae1234' has been set to element 'Object Repository/Mobile/Page/Register/Not Registered/Informasi Pribadi/Edit Text - Password'

2021-10-29 17:57:29 - [TEST_STEP][PASSED] - hideKeyboard(): Keyboard is hidden

2021-10-29 17:57:35 - [MESSAGE][PASSED] - Keyboard is hidden

2021-10-29 17:57:35 - [TEST_STEP][PASSED] - delay(1): Delayed 1 second(s)

2021-10-29 17:57:36 - [MESSAGE][PASSED] - Delayed 1 second(s)

2021-10-29 17:57:36 - [TEST_STEP][PASSED] - tap(findTestObject("Object Repository/Mobile/Page/Register/Not Registered/Informasi Pribadi/Edit Text - Re Password"), 0): Tapped on element 'Object Repository/Mobile/Page/Register/Not Registered/Informasi Pribadi/Edit Text - Re Password'

2021-10-29 17:57:36 - [MESSAGE][WARNING] - Timeout '0' is invalid. Using default page load timeout: '60'

2021-10-29 17:57:36 - [MESSAGE][PASSED] - Tapped on element 'Object Repository/Mobile/Page/Register/Not Registered/Informasi Pribadi/Edit Text - Re Password'

2021-10-29 17:57:36 - [TEST_STEP][PASSED] - setText(findTestObject("Object Repository/Mobile/Page/Register/Not Registered/Informasi Pribadi/Edit Text - Re Password"), password, 0): Text 'Mirae1234' has been set to element 'Object Repository/Mobile/Page/Register/Not Registered/Informasi Pribadi/Edit Text - Re Password'

2021-10-29 17:57:36 - [MESSAGE][WARNING] - Timeout '0' is invalid. Using default page load timeout: '60'

2021-10-29 17:57:38 - [MESSAGE][PASSED] - Text 'Mirae1234' has been set to element 'Object Repository/Mobile/Page/Register/Not Registered/Informasi Pribadi/Edit Text - Re Password'

2021-10-29 17:57:38 - [TEST_STEP][PASSED] - hideKeyboard(): Keyboard is hidden

2021-10-29 17:57:44 - [MESSAGE][PASSED] - Keyboard is hidden

2021-10-29 17:57:44 - [TEST_STEP][PASSED] - delay(1): Delayed 1 second(s)

2021-10-29 17:57:45 - [MESSAGE][PASSED] - Delayed 1 second(s)

2021-10-29 17:57:45 - [TEST_STEP][PASSED] - if (isBedaAlamat == 1): null

2021-10-29 17:57:45 - [TEST_STEP][PASSED] - tap(findTestObject("Object Repository/Mobile/Page/Register/Not Registered/Informasi Pribadi/Button - Icon KTP"), 0): Tapped on element 'Object Repository/Mobile/Page/Register/Not Registered/Informasi Pribadi/Button - Icon KTP'

2021-10-29 17:57:45 - [MESSAGE][WARNING] - Timeout '0' is invalid. Using default page load timeout: '60'

2021-10-29 17:57:45 - [MESSAGE][PASSED] - Tapped on element 'Object Repository/Mobile/Page/Register/Not Registered/Informasi Pribadi/Button - Icon KTP'

2021-10-29 17:57:45 - [TEST_STEP][PASSED] - permission = verifyElementExist(findTestObject("Object Repository/Mobile/Page/Register/Not Registered/Informasi Pribadi/Permission - Only this time"), 1, OPTIONAL): Element 'Object Repository/Mobile/Page/Register/Not Registered/Informasi Pribadi/Permission - Only this time' is exist

2021-10-29 17:57:46 - [MESSAGE][PASSED] - Element 'Object Repository/Mobile/Page/Register/Not Registered/Informasi Pribadi/Permission - Only this time' is exist

2021-10-29 17:57:46 - [TEST_STEP][PASSED] - if (permission): Tapped on element 'Object Repository/Mobile/Page/Register/Not Registered/Informasi Pribadi/Permission - Only this time'

2021-10-29 17:57:46 - [TEST_STEP][PASSED] - tap(findTestObject("Object Repository/Mobile/Page/Register/Not Registered/Informasi Pribadi/Permission - Only this time"), 0): Tapped on element 'Object Repository/Mobile/Page/Register/Not Registered/Informasi Pribadi/Permission - Only this time'

2021-10-29 17:57:46 - [MESSAGE][WARNING] - Timeout '0' is invalid. Using default page load timeout: '60'

2021-10-29 17:57:47 - [MESSAGE][PASSED] - Tapped on element 'Object Repository/Mobile/Page/Register/Not Registered/Informasi Pribadi/Permission - Only this time'

2021-10-29 17:57:47 - [TEST_STEP][PASSED] - permission = verifyElementExist(findTestObject("Object Repository/Mobile/Page/Register/Not Registered/Informasi Pribadi/Permission - Only this time"), 1, OPTIONAL): Element 'Object Repository/Mobile/Page/Register/Not Registered/Informasi Pribadi/Permission - Only this time' is exist

2021-10-29 17:57:47 - [MESSAGE][PASSED] - Element 'Object Repository/Mobile/Page/Register/Not Registered/Informasi Pribadi/Permission - Only this time' is exist

2021-10-29 17:57:47 - [TEST_STEP][PASSED] - if (permission): Tapped on element 'Object Repository/Mobile/Page/Register/Not Registered/Informasi Pribadi/Permission - Only this time'

2021-10-29 17:57:47 - [TEST_STEP][PASSED] - tap(findTestObject("Object Repository/Mobile/Page/Register/Not Registered/Informasi Pribadi/Permission - Only this time"), 0): Tapped on element 'Object Repository/Mobile/Page/Register/Not Registered/Informasi Pribadi/Permission - Only this time'

2021-10-29 17:57:48 - [MESSAGE][WARNING] - Timeout '0' is invalid. Using default page load timeout: '60'

2021-10-29 17:57:48 - [MESSAGE][PASSED] - Tapped on element 'Object Repository/Mobile/Page/Register/Not Registered/Informasi Pribadi/Permission - Only this time'

2021-10-29 17:57:48 - [TEST_STEP][PASSED] - tap(findTestObject("Object Repository/Mobile/Page/Register/Not Registered/Informasi Pribadi/Button - Capture KTP"), 0): Tapped on element 'Object Repository/Mobile/Page/Register/Not Registered/Informasi Pribadi/Button - Capture KTP'

2021-10-29 17:57:48 - [MESSAGE][WARNING] - Timeout '0' is invalid. Using default page load timeout: '60'

2021-10-29 17:57:50 - [MESSAGE][PASSED] - Tapped on element 'Object Repository/Mobile/Page/Register/Not Registered/Informasi Pribadi/Button - Capture KTP'

2021-10-29 17:57:50 - [TEST_STEP][PASSED] - delay(2): Delayed 2 second(s)

2021-10-29 17:57:52 - [MESSAGE][PASSED] - Delayed 2 second(s)

2021-10-29 17:57:52 - [TEST_STEP][PASSED] - scroll.scroll.scrollLeftToRight(findTestObject("Object Repository/Mobile/Page/Register/Not Registered/Informasi Pribadi/Slider - Edit Photo Scale")): scroll.scroll.scrollLeftToRight is PASSED

2021-10-29 17:57:52 - [MESSAGE][WARNING] - Timeout '0' is invalid. Using default page load timeout: '60'

2021-10-29 17:57:53 - [MESSAGE][PASSED] - Object 'Object Repository/Mobile/Page/Register/Not Registered/Informasi Pribadi/Slider - Edit Photo Scale' has left position '0'

2021-10-29 17:57:53 - [MESSAGE][WARNING] - Timeout '0' is invalid. Using default page load timeout: '60'

2021-10-29 17:57:53 - [MESSAGE][PASSED] - Object 'Object Repository/Mobile/Page/Register/Not Registered/Informasi Pribadi/Slider - Edit Photo Scale' has top position '1,284'

2021-10-29 17:57:53 - [MESSAGE][WARNING] - Timeout '0' is invalid. Using default page load timeout: '60'

2021-10-29 17:57:53 - [MESSAGE][PASSED] - Object 'Object Repository/Mobile/Page/Register/Not Registered/Informasi Pribadi/Slider - Edit Photo Scale' has width: '720'

2021-10-29 17:57:53 - [MESSAGE][WARNING] - Timeout '0' is invalid. Using default page load timeout: '60'

2021-10-29 17:57:53 - [MESSAGE][PASSED] - Object 'Object Repository/Mobile/Page/Register/Not Registered/Informasi Pribadi/Slider - Edit Photo Scale' has height: '66'

2021-10-29 17:57:55 - [MESSAGE][PASSED] - Swiped from 144,1,317 to 576,1,317

2021-10-29 17:57:55 - [MESSAGE][PASSED] - scroll.scroll.scrollLeftToRight is PASSED

2021-10-29 17:57:55 - [TEST_STEP][PASSED] - tap(findTestObject("Object Repository/Mobile/Page/Register/Not Registered/Informasi Pribadi/Button - Edit Photo Rotate"), 0): Tapped on element 'Object Repository/Mobile/Page/Register/Not Registered/Informasi Pribadi/Button - Edit Photo Rotate'

2021-10-29 17:57:55 - [MESSAGE][WARNING] - Timeout '0' is invalid. Using default page load timeout: '60'

2021-10-29 17:57:55 - [MESSAGE][PASSED] - Tapped on element 'Object Repository/Mobile/Page/Register/Not Registered/Informasi Pribadi/Button - Edit Photo Rotate'

2021-10-29 17:57:55 - [TEST_STEP][PASSED] - tap(findTestObject("Object Repository/Mobile/Page/Register/Not Registered/Informasi Pribadi/Button - Edit Photo Rotate 90 degree"), 0): Tapped on element 'Object Repository/Mobile/Page/Register/Not Registered/Informasi Pribadi/Button - Edit Photo Rotate 90 degree'

2021-10-29 17:57:55 - [MESSAGE][WARNING] - Timeout '0' is invalid. Using default page load timeout: '60'

2021-10-29 17:57:57 - [MESSAGE][PASSED] - Tapped on element 'Object Repository/Mobile/Page/Register/Not Registered/Informasi Pribadi/Button - Edit Photo Rotate 90 degree'

2021-10-29 17:57:57 - [TEST_STEP][PASSED] - tap(findTestObject("Object Repository/Mobile/Page/Register/Not Registered/Informasi Pribadi/Button - Edit Photo Reset Rotation"), 0): Tapped on element 'Object Repository/Mobile/Page/Register/Not Registered/Informasi Pribadi/Button - Edit Photo Reset Rotation'

2021-10-29 17:57:57 - [MESSAGE][WARNING] - Timeout '0' is invalid. Using default page load timeout: '60'

2021-10-29 17:57:58 - [MESSAGE][PASSED] - Tapped on element 'Object Repository/Mobile/Page/Register/Not Registered/Informasi Pribadi/Button - Edit Photo Reset Rotation'

2021-10-29 17:57:58 - [TEST_STEP][PASSED] - scroll.scroll.scrollLeftToRight(findTestObject("Object Repository/Mobile/Page/Register/Not Registered/Informasi Pribadi/Slider - Edit Photo Rotate")): scroll.scroll.scrollLeftToRight is PASSED

2021-10-29 17:57:58 - [MESSAGE][WARNING] - Timeout '0' is invalid. Using default page load timeout: '60'

2021-10-29 17:57:59 - [MESSAGE][PASSED] - Object 'Object Repository/Mobile/Page/Register/Not Registered/Informasi Pribadi/Slider - Edit Photo Rotate' has left position '88'

2021-10-29 17:57:59 - [MESSAGE][WARNING] - Timeout '0' is invalid. Using default page load timeout: '60'

2021-10-29 17:57:59 - [MESSAGE][PASSED] - Object 'Object Repository/Mobile/Page/Register/Not Registered/Informasi Pribadi/Slider - Edit Photo Rotate' has top position '1,284'

2021-10-29 17:57:59 - [MESSAGE][WARNING] - Timeout '0' is invalid. Using default page load timeout: '60'

2021-10-29 17:57:59 - [MESSAGE][PASSED] - Object 'Object Repository/Mobile/Page/Register/Not Registered/Informasi Pribadi/Slider - Edit Photo Rotate' has width: '544'

2021-10-29 17:57:59 - [MESSAGE][WARNING] - Timeout '0' is invalid. Using default page load timeout: '60'

2021-10-29 17:57:59 - [MESSAGE][PASSED] - Object 'Object Repository/Mobile/Page/Register/Not Registered/Informasi Pribadi/Slider - Edit Photo Rotate' has height: '66'

2021-10-29 17:58:00 - [MESSAGE][PASSED] - Swiped from 196,1,317 to 523,1,317

2021-10-29 17:58:00 - [MESSAGE][PASSED] - scroll.scroll.scrollLeftToRight is PASSED

2021-10-29 17:58:00 - [TEST_STEP][PASSED] - tap(findTestObject("Object Repository/Mobile/Page/Register/Not Registered/Informasi Pribadi/Button - Edit Photo Confirm"), 0): Tapped on element 'Object Repository/Mobile/Page/Register/Not Registered/Informasi Pribadi/Button - Edit Photo Confirm'

2021-10-29 17:58:00 - [MESSAGE][WARNING] - Timeout '0' is invalid. Using default page load timeout: '60'

2021-10-29 17:58:02 - [MESSAGE][PASSED] - Tapped on element 'Object Repository/Mobile/Page/Register/Not Registered/Informasi Pribadi/Button - Edit Photo Confirm'

2021-10-29 17:58:02 - [TEST_STEP][PASSED] - delay(2): Delayed 2 second(s)

2021-10-29 17:58:04 - [MESSAGE][PASSED] - Delayed 2 second(s)

2021-10-29 17:58:04 - [TEST_STEP][PASSED] - hideKeyboard(): Keyboard is hidden

2021-10-29 17:58:10 - [MESSAGE][PASSED] - Keyboard is hidden

2021-10-29 17:58:10 - [TEST_STEP][PASSED] - delay(1): Delayed 1 second(s)

2021-10-29 17:58:11 - [MESSAGE][PASSED] - Delayed 1 second(s)

2021-10-29 17:58:11 - [TEST_STEP][PASSED] - scroll.scroll.scrollToBottomOpenKeyboard(): scroll.scroll.scrollToBottomOpenKeyboard is PASSED

2021-10-29 17:58:12 - [MESSAGE][PASSED] - Current device physical height is 1423

2021-10-29 17:58:12 - [MESSAGE][PASSED] - Current device physical width is 720

2021-10-29 17:58:13 - [MESSAGE][PASSED] - Swiped from 360,853 to 360,284

2021-10-29 17:58:13 - [MESSAGE][PASSED] - scroll.scroll.scrollToBottomOpenKeyboard is PASSED

2021-10-29 17:58:13 - [TEST_STEP][PASSED] - tap(findTestObject("Object Repository/Mobile/Page/Register/Not Registered/Informasi Pribadi/Button - Icon Face with KTP"), 0): Tapped on element 'Object Repository/Mobile/Page/Register/Not Registered/Informasi Pribadi/Button - Icon Face with KTP'

2021-10-29 17:58:13 - [MESSAGE][WARNING] - Timeout '0' is invalid. Using default page load timeout: '60'

2021-10-29 17:58:14 - [MESSAGE][PASSED] - Tapped on element 'Object Repository/Mobile/Page/Register/Not Registered/Informasi Pribadi/Button - Icon Face with KTP'

2021-10-29 17:58:14 - [TEST_STEP][PASSED] - permission = verifyElementExist(findTestObject("Object Repository/Mobile/Page/Register/Not Registered/Informasi Pribadi/Permission - Only this time"), 1, OPTIONAL): Element 'Object Repository/Mobile/Page/Register/Not Registered/Informasi Pribadi/Permission - Only this time' not found

2021-10-29 17:58:17 - [MESSAGE][WARNING] - Element 'Object Repository/Mobile/Page/Register/Not Registered/Informasi Pribadi/Permission - Only this time' not found
[[ATTACHMENT|C:\\Users\\Owner\\Documents\\kerjaan\\KatalonProject\\qa-katalon-maxfund\\Reports\\20211029_174625\\Register\\20211029_174625\\1635505095680.png]]

2021-10-29 17:58:17 - [TEST_STEP][PASSED] - if (permission): null

2021-10-29 17:58:17 - [TEST_STEP][PASSED] - permission = verifyElementExist(findTestObject("Object Repository/Mobile/Page/Register/Not Registered/Informasi Pribadi/Permission - Only this time"), 1, OPTIONAL): Element 'Object Repository/Mobile/Page/Register/Not Registered/Informasi Pribadi/Permission - Only this time' not found

2021-10-29 17:58:20 - [MESSAGE][WARNING] - Element 'Object Repository/Mobile/Page/Register/Not Registered/Informasi Pribadi/Permission - Only this time' not found
[[ATTACHMENT|C:\\Users\\Owner\\Documents\\kerjaan\\KatalonProject\\qa-katalon-maxfund\\Reports\\20211029_174625\\Register\\20211029_174625\\1635505098506.png]]

2021-10-29 17:58:20 - [TEST_STEP][PASSED] - if (permission): null

2021-10-29 17:58:20 - [TEST_STEP][PASSED] - tap(findTestObject("Object Repository/Mobile/Page/Register/Not Registered/Informasi Pribadi/Button - Capture Face with KTP"), 0): Tapped on element 'Object Repository/Mobile/Page/Register/Not Registered/Informasi Pribadi/Button - Capture Face with KTP'

2021-10-29 17:58:20 - [MESSAGE][WARNING] - Timeout '0' is invalid. Using default page load timeout: '60'

2021-10-29 17:58:21 - [MESSAGE][PASSED] - Tapped on element 'Object Repository/Mobile/Page/Register/Not Registered/Informasi Pribadi/Button - Capture Face with KTP'

2021-10-29 17:58:21 - [TEST_STEP][PASSED] - delay(2): Delayed 2 second(s)

2021-10-29 17:58:23 - [MESSAGE][PASSED] - Delayed 2 second(s)

2021-10-29 17:58:23 - [TEST_STEP][PASSED] - hideKeyboard(): Keyboard is hidden

2021-10-29 17:58:28 - [MESSAGE][PASSED] - Keyboard is hidden

2021-10-29 17:58:28 - [TEST_STEP][PASSED] - delay(1): Delayed 1 second(s)

2021-10-29 17:58:29 - [MESSAGE][PASSED] - Delayed 1 second(s)

2021-10-29 17:58:29 - [TEST_STEP][PASSED] - scroll.scroll.scrollToBottomOpenKeyboard(): scroll.scroll.scrollToBottomOpenKeyboard is PASSED

2021-10-29 17:58:30 - [MESSAGE][PASSED] - Current device physical height is 1423

2021-10-29 17:58:30 - [MESSAGE][PASSED] - Current device physical width is 720

2021-10-29 17:58:31 - [MESSAGE][PASSED] - Swiped from 360,853 to 360,284

2021-10-29 17:58:31 - [MESSAGE][PASSED] - scroll.scroll.scrollToBottomOpenKeyboard is PASSED

2021-10-29 17:58:31 - [TEST_STEP][PASSED] - tap(findTestObject("Object Repository/Mobile/Page/Register/Not Registered/Informasi Pribadi/Radio Button - Low Risk"), 0): Tapped on element 'Object Repository/Mobile/Page/Register/Not Registered/Informasi Pribadi/Radio Button - Low Risk'

2021-10-29 17:58:31 - [MESSAGE][WARNING] - Timeout '0' is invalid. Using default page load timeout: '60'

2021-10-29 17:58:31 - [MESSAGE][PASSED] - Tapped on element 'Object Repository/Mobile/Page/Register/Not Registered/Informasi Pribadi/Radio Button - Low Risk'

2021-10-29 17:58:31 - [TEST_STEP][PASSED] - delay(1): Delayed 1 second(s)

2021-10-29 17:58:32 - [MESSAGE][PASSED] - Delayed 1 second(s)

2021-10-29 17:58:32 - [TEST_STEP][PASSED] - tap(findTestObject("Object Repository/Mobile/Page/Register/Not Registered/Informasi Pribadi/Radio Button - Medium Risk"), 0): Tapped on element 'Object Repository/Mobile/Page/Register/Not Registered/Informasi Pribadi/Radio Button - Medium Risk'

2021-10-29 17:58:32 - [MESSAGE][WARNING] - Timeout '0' is invalid. Using default page load timeout: '60'

2021-10-29 17:58:33 - [MESSAGE][PASSED] - Tapped on element 'Object Repository/Mobile/Page/Register/Not Registered/Informasi Pribadi/Radio Button - Medium Risk'

2021-10-29 17:58:33 - [TEST_STEP][PASSED] - delay(1): Delayed 1 second(s)

2021-10-29 17:58:34 - [MESSAGE][PASSED] - Delayed 1 second(s)

2021-10-29 17:58:34 - [TEST_STEP][PASSED] - tap(findTestObject("Object Repository/Mobile/Page/Register/Not Registered/Informasi Pribadi/Radio Button - High Risk"), 0): Tapped on element 'Object Repository/Mobile/Page/Register/Not Registered/Informasi Pribadi/Radio Button - High Risk'

2021-10-29 17:58:34 - [MESSAGE][WARNING] - Timeout '0' is invalid. Using default page load timeout: '60'

2021-10-29 17:58:35 - [MESSAGE][PASSED] - Tapped on element 'Object Repository/Mobile/Page/Register/Not Registered/Informasi Pribadi/Radio Button - High Risk'

2021-10-29 17:58:35 - [TEST_STEP][PASSED] - delay(1): Delayed 1 second(s)

2021-10-29 17:58:36 - [MESSAGE][PASSED] - Delayed 1 second(s)

2021-10-29 17:58:36 - [TEST_STEP][PASSED] - tap(findTestObject("Object Repository/Mobile/Page/Register/Not Registered/Informasi Pribadi/Button - Next"), 0): Tapped on element 'Object Repository/Mobile/Page/Register/Not Registered/Informasi Pribadi/Button - Next'

2021-10-29 17:58:36 - [MESSAGE][WARNING] - Timeout '0' is invalid. Using default page load timeout: '60'

2021-10-29 17:58:37 - [MESSAGE][PASSED] - Tapped on element 'Object Repository/Mobile/Page/Register/Not Registered/Informasi Pribadi/Button - Next'

2021-10-29 17:58:37 - [TEST_STEP][PASSED] - delay(1): Delayed 1 second(s)

2021-10-29 17:58:38 - [MESSAGE][PASSED] - Delayed 1 second(s)

2021-10-29 17:58:38 - [TEST_STEP][PASSED] - tapAndHold(findTestObject("Mobile/Page/Register/Not Registered/Akun Bank/Dropdown - Bank"), 1, 0): Tapped and held on element 'Object Repository/Mobile/Page/Register/Not Registered/Akun Bank/Dropdown - Bank' with duration 1

2021-10-29 17:58:38 - [MESSAGE][WARNING] - Timeout '0' is invalid. Using default page load timeout: '60'

2021-10-29 17:58:41 - [MESSAGE][PASSED] - Tapped and held on element 'Object Repository/Mobile/Page/Register/Not Registered/Akun Bank/Dropdown - Bank' with duration 1

2021-10-29 17:58:41 - [TEST_STEP][PASSED] - tap(findTestObject("Mobile/Page/Register/Not Registered/Akun Bank/Edit Text - Search Bank"), 0): Tapped on element 'Object Repository/Mobile/Page/Register/Not Registered/Akun Bank/Edit Text - Search Bank'

2021-10-29 17:58:41 - [MESSAGE][WARNING] - Timeout '0' is invalid. Using default page load timeout: '60'

2021-10-29 17:58:42 - [MESSAGE][PASSED] - Tapped on element 'Object Repository/Mobile/Page/Register/Not Registered/Akun Bank/Edit Text - Search Bank'

2021-10-29 17:58:42 - [TEST_STEP][PASSED] - setText(findTestObject("Mobile/Page/Register/Not Registered/Akun Bank/Edit Text - Search Bank"), "citibank", 0): Text 'citibank' has been set to element 'Object Repository/Mobile/Page/Register/Not Registered/Akun Bank/Edit Text - Search Bank'

2021-10-29 17:58:42 - [MESSAGE][WARNING] - Timeout '0' is invalid. Using default page load timeout: '60'

2021-10-29 17:58:43 - [MESSAGE][PASSED] - Text 'citibank' has been set to element 'Object Repository/Mobile/Page/Register/Not Registered/Akun Bank/Edit Text - Search Bank'

2021-10-29 17:58:43 - [TEST_STEP][PASSED] - driver = getDriver(): null

2021-10-29 17:58:43 - [TEST_STEP][PASSED] - driver.pressKeyCode(ENTER): null

2021-10-29 17:58:43 - [TEST_STEP][PASSED] - tap(findTestObject("Object Repository/Mobile/Page/Register/Not Registered/Akun Bank/Item - Top Search Bank"), 0): Tapped on element 'Object Repository/Mobile/Page/Register/Not Registered/Akun Bank/Item - Top Search Bank'

2021-10-29 17:58:43 - [MESSAGE][WARNING] - Timeout '0' is invalid. Using default page load timeout: '60'

2021-10-29 17:58:45 - [MESSAGE][PASSED] - Tapped on element 'Object Repository/Mobile/Page/Register/Not Registered/Akun Bank/Item - Top Search Bank'

2021-10-29 17:58:45 - [TEST_STEP][PASSED] - delay(1): Delayed 1 second(s)

2021-10-29 17:58:46 - [MESSAGE][PASSED] - Delayed 1 second(s)

2021-10-29 17:58:46 - [TEST_STEP][PASSED] - tapAndHold(findTestObject("Mobile/Page/Register/Not Registered/Akun Bank/Dropdown - Country"), 1, 0): Tapped and held on element 'Object Repository/Mobile/Page/Register/Not Registered/Akun Bank/Dropdown - Country' with duration 1

2021-10-29 17:58:46 - [MESSAGE][WARNING] - Timeout '0' is invalid. Using default page load timeout: '60'

2021-10-29 17:58:49 - [MESSAGE][PASSED] - Tapped and held on element 'Object Repository/Mobile/Page/Register/Not Registered/Akun Bank/Dropdown - Country' with duration 1

2021-10-29 17:58:49 - [TEST_STEP][PASSED] - tap(findTestObject("Object Repository/Mobile/Page/Register/Not Registered/Akun Bank/Dropdown - Country Option Indonesia"), 0): Tapped on element 'Object Repository/Mobile/Page/Register/Not Registered/Akun Bank/Dropdown - Country Option Indonesia'

2021-10-29 17:58:49 - [MESSAGE][WARNING] - Timeout '0' is invalid. Using default page load timeout: '60'

2021-10-29 17:58:50 - [MESSAGE][PASSED] - Tapped on element 'Object Repository/Mobile/Page/Register/Not Registered/Akun Bank/Dropdown - Country Option Indonesia'

2021-10-29 17:58:50 - [TEST_STEP][PASSED] - delay(1): Delayed 1 second(s)

2021-10-29 17:58:51 - [MESSAGE][PASSED] - Delayed 1 second(s)

2021-10-29 17:58:51 - [TEST_STEP][PASSED] - tap(findTestObject("Object Repository/Mobile/Page/Register/Not Registered/Akun Bank/Edit Text - Branch"), 0): Tapped on element 'Object Repository/Mobile/Page/Register/Not Registered/Akun Bank/Edit Text - Branch'

2021-10-29 17:58:51 - [MESSAGE][WARNING] - Timeout '0' is invalid. Using default page load timeout: '60'

2021-10-29 17:58:51 - [MESSAGE][PASSED] - Tapped on element 'Object Repository/Mobile/Page/Register/Not Registered/Akun Bank/Edit Text - Branch'

2021-10-29 17:58:51 - [TEST_STEP][PASSED] - setText(findTestObject("Object Repository/Mobile/Page/Register/Not Registered/Akun Bank/Edit Text - Branch"), branch, 0): Text 'qa cabang' has been set to element 'Object Repository/Mobile/Page/Register/Not Registered/Akun Bank/Edit Text - Branch'

2021-10-29 17:58:52 - [MESSAGE][WARNING] - Timeout '0' is invalid. Using default page load timeout: '60'

2021-10-29 17:58:53 - [MESSAGE][PASSED] - Text 'qa cabang' has been set to element 'Object Repository/Mobile/Page/Register/Not Registered/Akun Bank/Edit Text - Branch'

2021-10-29 17:58:53 - [TEST_STEP][PASSED] - hideKeyboard(): Keyboard is hidden

2021-10-29 17:58:56 - [MESSAGE][PASSED] - Keyboard is hidden

2021-10-29 17:58:56 - [TEST_STEP][PASSED] - delay(1): Delayed 1 second(s)

2021-10-29 17:58:57 - [MESSAGE][PASSED] - Delayed 1 second(s)

2021-10-29 17:58:57 - [TEST_STEP][PASSED] - tap(findTestObject("Object Repository/Mobile/Page/Register/Not Registered/Akun Bank/Edit Text - Account Number"), 0): Tapped on element 'Object Repository/Mobile/Page/Register/Not Registered/Akun Bank/Edit Text - Account Number'

2021-10-29 17:58:57 - [MESSAGE][WARNING] - Timeout '0' is invalid. Using default page load timeout: '60'

2021-10-29 17:58:58 - [MESSAGE][PASSED] - Tapped on element 'Object Repository/Mobile/Page/Register/Not Registered/Akun Bank/Edit Text - Account Number'

2021-10-29 17:58:58 - [TEST_STEP][PASSED] - setText(findTestObject("Object Repository/Mobile/Page/Register/Not Registered/Akun Bank/Edit Text - Account Number"), accountnumber, 0): Text '222444222444' has been set to element 'Object Repository/Mobile/Page/Register/Not Registered/Akun Bank/Edit Text - Account Number'

2021-10-29 17:58:58 - [MESSAGE][WARNING] - Timeout '0' is invalid. Using default page load timeout: '60'

2021-10-29 17:58:59 - [MESSAGE][PASSED] - Text '222444222444' has been set to element 'Object Repository/Mobile/Page/Register/Not Registered/Akun Bank/Edit Text - Account Number'

2021-10-29 17:58:59 - [TEST_STEP][PASSED] - hideKeyboard(): Keyboard is hidden

2021-10-29 17:59:05 - [MESSAGE][PASSED] - Keyboard is hidden

2021-10-29 17:59:05 - [TEST_STEP][PASSED] - delay(1): Delayed 1 second(s)

2021-10-29 17:59:06 - [MESSAGE][PASSED] - Delayed 1 second(s)

2021-10-29 17:59:06 - [TEST_STEP][PASSED] - if (negativeStatus == "ownerNameNotMatch"): null

2021-10-29 17:59:06 - [TEST_STEP][PASSED] - else: Delayed 1 second(s)

2021-10-29 17:59:06 - [TEST_STEP][PASSED] - tap(findTestObject("Object Repository/Mobile/Page/Register/Not Registered/Akun Bank/Edit Text - Name Owner"), 0): Tapped on element 'Object Repository/Mobile/Page/Register/Not Registered/Akun Bank/Edit Text - Name Owner'

2021-10-29 17:59:06 - [MESSAGE][WARNING] - Timeout '0' is invalid. Using default page load timeout: '60'

2021-10-29 17:59:07 - [MESSAGE][PASSED] - Tapped on element 'Object Repository/Mobile/Page/Register/Not Registered/Akun Bank/Edit Text - Name Owner'

2021-10-29 17:59:07 - [TEST_STEP][PASSED] - setText(findTestObject("Object Repository/Mobile/Page/Register/Not Registered/Akun Bank/Edit Text - Name Owner"), nameowner, 0): Text 'QATESTiWVBmTSXWQNZutw' has been set to element 'Object Repository/Mobile/Page/Register/Not Registered/Akun Bank/Edit Text - Name Owner'

2021-10-29 17:59:07 - [MESSAGE][WARNING] - Timeout '0' is invalid. Using default page load timeout: '60'

2021-10-29 17:59:08 - [MESSAGE][PASSED] - Text 'QATESTiWVBmTSXWQNZutw' has been set to element 'Object Repository/Mobile/Page/Register/Not Registered/Akun Bank/Edit Text - Name Owner'

2021-10-29 17:59:08 - [TEST_STEP][PASSED] - hideKeyboard(): Keyboard is hidden

2021-10-29 17:59:11 - [MESSAGE][PASSED] - Keyboard is hidden

2021-10-29 17:59:11 - [TEST_STEP][PASSED] - delay(1): Delayed 1 second(s)

2021-10-29 17:59:12 - [MESSAGE][PASSED] - Delayed 1 second(s)

2021-10-29 17:59:12 - [TEST_STEP][PASSED] - tap(findTestObject("Object Repository/Mobile/Page/Register/Not Registered/Akun Bank/Button - Next"), 0): Tapped on element 'Object Repository/Mobile/Page/Register/Not Registered/Akun Bank/Button - Next'

2021-10-29 17:59:12 - [MESSAGE][WARNING] - Timeout '0' is invalid. Using default page load timeout: '60'

2021-10-29 17:59:14 - [MESSAGE][PASSED] - Tapped on element 'Object Repository/Mobile/Page/Register/Not Registered/Akun Bank/Button - Next'

2021-10-29 17:59:14 - [TEST_STEP][PASSED] - delay(1): Delayed 1 second(s)

2021-10-29 17:59:15 - [MESSAGE][PASSED] - Delayed 1 second(s)

2021-10-29 17:59:15 - [TEST_STEP][PASSED] - if (isUseReferralCode == 1): Delayed 1 second(s)

2021-10-29 17:59:15 - [TEST_STEP][PASSED] - tap(findTestObject("Object Repository/Mobile/Page/Register/Not Registered/Konfirmasi/Edit Text - Referral Code"), 0): Tapped on element 'Object Repository/Mobile/Page/Register/Not Registered/Konfirmasi/Edit Text - Referral Code'

2021-10-29 17:59:15 - [MESSAGE][WARNING] - Timeout '0' is invalid. Using default page load timeout: '60'

2021-10-29 17:59:15 - [MESSAGE][PASSED] - Tapped on element 'Object Repository/Mobile/Page/Register/Not Registered/Konfirmasi/Edit Text - Referral Code'

2021-10-29 17:59:15 - [TEST_STEP][PASSED] - setText(findTestObject("Object Repository/Mobile/Page/Register/Not Registered/Konfirmasi/Edit Text - Referral Code"), referralcode, 0): Text '15412' has been set to element 'Object Repository/Mobile/Page/Register/Not Registered/Konfirmasi/Edit Text - Referral Code'

2021-10-29 17:59:15 - [MESSAGE][WARNING] - Timeout '0' is invalid. Using default page load timeout: '60'

2021-10-29 17:59:16 - [MESSAGE][PASSED] - Text '15412' has been set to element 'Object Repository/Mobile/Page/Register/Not Registered/Konfirmasi/Edit Text - Referral Code'

2021-10-29 17:59:16 - [TEST_STEP][PASSED] - hideKeyboard(): Keyboard is hidden

2021-10-29 17:59:20 - [MESSAGE][PASSED] - Keyboard is hidden

2021-10-29 17:59:20 - [TEST_STEP][PASSED] - delay(1): Delayed 1 second(s)

2021-10-29 17:59:21 - [MESSAGE][PASSED] - Delayed 1 second(s)

2021-10-29 17:59:21 - [TEST_STEP][PASSED] - if (negativeStatus == "noSignature"): null

2021-10-29 17:59:21 - [TEST_STEP][PASSED] - else: Delayed 1 second(s)

2021-10-29 17:59:21 - [TEST_STEP][PASSED] - scroll.scroll.scrollRightToLeft(findTestObject("Mobile/Page/Register/Not Registered/Konfirmasi/Field - Signature")): scroll.scroll.scrollRightToLeft is PASSED

2021-10-29 17:59:21 - [MESSAGE][WARNING] - Timeout '0' is invalid. Using default page load timeout: '60'

2021-10-29 17:59:21 - [MESSAGE][PASSED] - Object 'Object Repository/Mobile/Page/Register/Not Registered/Konfirmasi/Field - Signature' has left position '31'

2021-10-29 17:59:21 - [MESSAGE][WARNING] - Timeout '0' is invalid. Using default page load timeout: '60'

2021-10-29 17:59:21 - [MESSAGE][PASSED] - Object 'Object Repository/Mobile/Page/Register/Not Registered/Konfirmasi/Field - Signature' has top position '612'

2021-10-29 17:59:21 - [MESSAGE][WARNING] - Timeout '0' is invalid. Using default page load timeout: '60'

2021-10-29 17:59:21 - [MESSAGE][PASSED] - Object 'Object Repository/Mobile/Page/Register/Not Registered/Konfirmasi/Field - Signature' has width: '658'

2021-10-29 17:59:21 - [MESSAGE][WARNING] - Timeout '0' is invalid. Using default page load timeout: '60'

2021-10-29 17:59:21 - [MESSAGE][PASSED] - Object 'Object Repository/Mobile/Page/Register/Not Registered/Konfirmasi/Field - Signature' has height: '384'

2021-10-29 17:59:22 - [MESSAGE][PASSED] - Swiped from 557,804 to 162,804

2021-10-29 17:59:22 - [MESSAGE][PASSED] - scroll.scroll.scrollRightToLeft is PASSED

2021-10-29 17:59:22 - [TEST_STEP][PASSED] - delay(1): Delayed 1 second(s)

2021-10-29 17:59:23 - [MESSAGE][PASSED] - Delayed 1 second(s)

2021-10-29 17:59:23 - [TEST_STEP][PASSED] - tap(findTestObject("Mobile/Page/Register/Not Registered/Konfirmasi/Checkbox - Agreement"), 0): Tapped on element 'Object Repository/Mobile/Page/Register/Not Registered/Konfirmasi/Checkbox - Agreement'

2021-10-29 17:59:23 - [MESSAGE][WARNING] - Timeout '0' is invalid. Using default page load timeout: '60'

2021-10-29 17:59:24 - [MESSAGE][PASSED] - Tapped on element 'Object Repository/Mobile/Page/Register/Not Registered/Konfirmasi/Checkbox - Agreement'

2021-10-29 17:59:24 - [TEST_STEP][PASSED] - delay(1): Delayed 1 second(s)

2021-10-29 17:59:25 - [MESSAGE][PASSED] - Delayed 1 second(s)

2021-10-29 17:59:25 - [TEST_STEP][PASSED] - pressBack(): Press back button successfully

2021-10-29 17:59:25 - [MESSAGE][PASSED] - Press back button successfully

2021-10-29 17:59:25 - [TEST_STEP][PASSED] - delay(1): Delayed 1 second(s)

2021-10-29 17:59:26 - [MESSAGE][PASSED] - Delayed 1 second(s)

2021-10-29 17:59:26 - [TEST_STEP][PASSED] - hideKeyboard(): Keyboard is hidden

2021-10-29 17:59:29 - [MESSAGE][PASSED] - Keyboard is hidden

2021-10-29 17:59:29 - [TEST_STEP][PASSED] - tap(findTestObject("Object Repository/Mobile/Page/Register/Not Registered/Konfirmasi/Button - Next"), 0): Tapped on element 'Object Repository/Mobile/Page/Register/Not Registered/Konfirmasi/Button - Next'

2021-10-29 17:59:29 - [MESSAGE][WARNING] - Timeout '0' is invalid. Using default page load timeout: '60'

2021-10-29 17:59:30 - [MESSAGE][PASSED] - Tapped on element 'Object Repository/Mobile/Page/Register/Not Registered/Konfirmasi/Button - Next'

2021-10-29 17:59:30 - [TEST_STEP][PASSED] - delay(5): Delayed 5 second(s)

2021-10-29 17:59:35 - [MESSAGE][PASSED] - Delayed 5 second(s)

2021-10-29 17:59:35 - [TEST_STEP][PASSED] - tap(findTestObject("Object Repository/Mobile/Page/Register/Not Registered/Konfirmasi/Button - Back to Home"), 0): Tapped on element 'Object Repository/Mobile/Page/Register/Not Registered/Konfirmasi/Button - Back to Home'

2021-10-29 17:59:35 - [MESSAGE][WARNING] - Timeout '0' is invalid. Using default page load timeout: '60'

2021-10-29 17:59:35 - [MESSAGE][PASSED] - Tapped on element 'Object Repository/Mobile/Page/Register/Not Registered/Konfirmasi/Button - Back to Home'

2021-10-29 17:59:35 - [TEST_STEP][PASSED] - delay(1): Delayed 1 second(s)

2021-10-29 17:59:36 - [MESSAGE][PASSED] - Delayed 1 second(s)

2021-10-29 17:59:36 - [MESSAGE][PASSED] - Call Test Case 'Test Cases/Mobile/Page/Register/Register' successfully

2021-10-29 17:59:36 - [TEST_STEP][PASSED] - callTestCase(findTestCase("Mobile/Page/Run App/Terminate App"), [:], STOP_ON_FAILURE): Call Test Case 'Test Cases/Mobile/Page/Run App/Terminate App' successfully

2021-10-29 17:59:36 - [TEST_CASE][PASSED] - Test Cases/Mobile/Page/Run App/Terminate App: Test Cases/Mobile/Page/Run App/Terminate App

2021-10-29 17:59:36 - [TEST_STEP][PASSED] - startApp.OpenApp.terminateApplication(): startApp.OpenApp.terminateApplication is PASSED

2021-10-29 17:59:40 - [MESSAGE][PASSED] - Delayed 3 second(s)

2021-10-29 17:59:40 - [MESSAGE][PASSED] - Current device physical width is 720

2021-10-29 17:59:40 - [MESSAGE][PASSED] - Current device physical height is 1423

2021-10-29 17:59:41 - [MESSAGE][PASSED] - Swiped from 360,853 to 360,142

2021-10-29 17:59:42 - [MESSAGE][PASSED] - Delayed 1 second(s)

2021-10-29 17:59:44 - [MESSAGE][PASSED] - Swiped from 360,853 to 360,142

2021-10-29 17:59:47 - [MESSAGE][PASSED] - Delayed 3 second(s)

2021-10-29 17:59:47 - [MESSAGE][PASSED] - startApp.OpenApp.terminateApplication is PASSED

2021-10-29 17:59:47 - [MESSAGE][PASSED] - Call Test Case 'Test Cases/Mobile/Page/Run App/Terminate App' successfully]]></system-out>
         <system-err><![CDATA[]]></system-err>
      </testcase>
      <testcase name="Test Cases/Mobile/Scenario/Register/005 - Registrasi akun baru dengan alamat berbeda dengan KTP menggunakan Refferal Code" time="257.338" classname="Test Cases/Mobile/Scenario/Register/005 - Registrasi akun baru dengan alamat berbeda dengan KTP menggunakan Refferal Code" status="PASSED">
         <system-out><![CDATA[2021-10-29 17:59:47 - [TEST_CASE][PASSED] - Test Cases/Mobile/Scenario/Register/005 - Registrasi akun baru dengan alamat berbeda dengan KTP menggunakan Refferal Code: Test Cases/Mobile/Scenario/Register/005 - Registrasi akun baru dengan alamat berbeda dengan KTP menggunakan Refferal Code

2021-10-29 17:59:47 - [TEST_STEP][PASSED] - callTestCase(findTestCase("Mobile/Page/Run App/Run App byID"), [:], STOP_ON_FAILURE): Call Test Case 'Test Cases/Mobile/Page/Run App/Run App byID' successfully

2021-10-29 17:59:47 - [TEST_CASE][PASSED] - Test Cases/Mobile/Page/Run App/Run App byID: Test Cases/Mobile/Page/Run App/Run App byID

2021-10-29 17:59:47 - [TEST_STEP][PASSED] - startApp.OpenApp.startApplication("com.mirae.maxfund"): startApp.OpenApp.startApplication is PASSED

2021-10-29 17:59:58 - [MESSAGE][PASSED] - Starting app with application ID: 'com.mirae.maxfund'

2021-10-29 17:59:58 - [MESSAGE][PASSED] - startApp.OpenApp.startApplication is PASSED

2021-10-29 17:59:58 - [MESSAGE][PASSED] - Call Test Case 'Test Cases/Mobile/Page/Run App/Run App byID' successfully

2021-10-29 17:59:58 - [TEST_STEP][PASSED] - callTestCase(findTestCase("Mobile/Page/Register/Register"), ["isFromLoginPage":0, "isRegistered":0, "isBedaAlamat":1, "isUseReferralCode":1, "negativeStatus":"none"], STOP_ON_FAILURE): Call Test Case 'Test Cases/Mobile/Page/Register/Register' successfully

2021-10-29 17:59:58 - [TEST_CASE][PASSED] - Test Cases/Mobile/Page/Register/Register: Test Cases/Mobile/Page/Register/Register

2021-10-29 17:59:58 - [TEST_STEP][PASSED] - delay(5): Delayed 5 second(s)

2021-10-29 18:00:03 - [MESSAGE][PASSED] - Delayed 5 second(s)

2021-10-29 18:00:03 - [TEST_STEP][PASSED] - if (isFromLoginPage == 1): null

2021-10-29 18:00:03 - [TEST_STEP][PASSED] - else: Tapped on element 'Object Repository/Mobile/Page/Dashboard/Button - Register'

2021-10-29 18:00:03 - [TEST_STEP][PASSED] - tap(findTestObject("Object Repository/Mobile/Page/Dashboard/Button - Register"), 0): Tapped on element 'Object Repository/Mobile/Page/Dashboard/Button - Register'

2021-10-29 18:00:03 - [MESSAGE][WARNING] - Timeout '0' is invalid. Using default page load timeout: '60'

2021-10-29 18:00:03 - [MESSAGE][PASSED] - Tapped on element 'Object Repository/Mobile/Page/Dashboard/Button - Register'

2021-10-29 18:00:03 - [TEST_STEP][PASSED] - delay(3): Delayed 3 second(s)

2021-10-29 18:00:06 - [MESSAGE][PASSED] - Delayed 3 second(s)

2021-10-29 18:00:06 - [TEST_STEP][PASSED] - if (isRegistered == 1): null

2021-10-29 18:00:06 - [TEST_STEP][PASSED] - else: null

2021-10-29 18:00:06 - [TEST_STEP][PASSED] - RegisterMethod.notRegistered(negativeStatus, isBedaAlamat, isUseReferralCode): null

2021-10-29 18:00:06 - [TEST_STEP][PASSED] - fullname = "QATEST" + acak.acak.randomStringWord(): acak.acak.randomStringWord is PASSED

2021-10-29 18:00:06 - [MESSAGE][PASSED] - acak.acak.randomStringWord is PASSED

2021-10-29 18:00:06 - [TEST_STEP][PASSED] - birthdate = "1/1/1998": null

2021-10-29 18:00:06 - [TEST_STEP][PASSED] - phone = "082" + acak.acak.randomStringNumber(9): acak.acak.randomStringNumber is PASSED

2021-10-29 18:00:06 - [MESSAGE][PASSED] - acak.acak.randomStringNumber is PASSED

2021-10-29 18:00:06 - [TEST_STEP][PASSED] - email = fullname + "@gmail.com": null

2021-10-29 18:00:06 - [TEST_STEP][PASSED] - password = "Mirae1234": null

2021-10-29 18:00:06 - [TEST_STEP][PASSED] - branch = "qa cabang": null

2021-10-29 18:00:06 - [TEST_STEP][PASSED] - accountnumber = "222444222444": null

2021-10-29 18:00:06 - [TEST_STEP][PASSED] - nameowner = fullname: null

2021-10-29 18:00:06 - [TEST_STEP][PASSED] - alamat = "Jl. Cempaka Putih Barat 12 F No.12, RT.8/RW.8": null

2021-10-29 18:00:06 - [TEST_STEP][PASSED] - kodepos = "15412": null

2021-10-29 18:00:06 - [TEST_STEP][PASSED] - referralcode = "15412": null

2021-10-29 18:00:06 - [TEST_STEP][PASSED] - flag = "indonesia": null

2021-10-29 18:00:06 - [TEST_STEP][PASSED] - bank = "citibank": null

2021-10-29 18:00:06 - [TEST_STEP][PASSED] - tap(findTestObject("Object Repository/Mobile/Page/Register/Radio Button - Not registered yet"), 0): Tapped on element 'Object Repository/Mobile/Page/Register/Radio Button - Not registered yet'

2021-10-29 18:00:06 - [MESSAGE][WARNING] - Timeout '0' is invalid. Using default page load timeout: '60'

2021-10-29 18:00:07 - [MESSAGE][PASSED] - Tapped on element 'Object Repository/Mobile/Page/Register/Radio Button - Not registered yet'

2021-10-29 18:00:07 - [TEST_STEP][PASSED] - delay(3): Delayed 3 second(s)

2021-10-29 18:00:10 - [MESSAGE][PASSED] - Delayed 3 second(s)

2021-10-29 18:00:10 - [TEST_STEP][PASSED] - tap(findTestObject("Object Repository/Mobile/Page/Register/Not Registered/Button - Next"), 0): Tapped on element 'Object Repository/Mobile/Page/Register/Not Registered/Button - Next'

2021-10-29 18:00:10 - [MESSAGE][WARNING] - Timeout '0' is invalid. Using default page load timeout: '60'

2021-10-29 18:00:12 - [MESSAGE][PASSED] - Tapped on element 'Object Repository/Mobile/Page/Register/Not Registered/Button - Next'

2021-10-29 18:00:12 - [TEST_STEP][PASSED] - delay(1): Delayed 1 second(s)

2021-10-29 18:00:13 - [MESSAGE][PASSED] - Delayed 1 second(s)

2021-10-29 18:00:13 - [TEST_STEP][PASSED] - tap(findTestObject("Object Repository/Mobile/Page/Register/Not Registered/Informasi Pribadi/Edit Text - Fullname"), 0): Tapped on element 'Object Repository/Mobile/Page/Register/Not Registered/Informasi Pribadi/Edit Text - Fullname'

2021-10-29 18:00:13 - [MESSAGE][WARNING] - Timeout '0' is invalid. Using default page load timeout: '60'

2021-10-29 18:00:13 - [MESSAGE][PASSED] - Tapped on element 'Object Repository/Mobile/Page/Register/Not Registered/Informasi Pribadi/Edit Text - Fullname'

2021-10-29 18:00:13 - [TEST_STEP][PASSED] - setText(findTestObject("Object Repository/Mobile/Page/Register/Not Registered/Informasi Pribadi/Edit Text - Fullname"), fullname, 0): Text 'QATESTVXsPOVabZUvPpil' has been set to element 'Object Repository/Mobile/Page/Register/Not Registered/Informasi Pribadi/Edit Text - Fullname'

2021-10-29 18:00:13 - [MESSAGE][WARNING] - Timeout '0' is invalid. Using default page load timeout: '60'

2021-10-29 18:00:15 - [MESSAGE][PASSED] - Text 'QATESTVXsPOVabZUvPpil' has been set to element 'Object Repository/Mobile/Page/Register/Not Registered/Informasi Pribadi/Edit Text - Fullname'

2021-10-29 18:00:15 - [TEST_STEP][PASSED] - hideKeyboard(): Keyboard is hidden

2021-10-29 18:00:18 - [MESSAGE][PASSED] - Keyboard is hidden

2021-10-29 18:00:18 - [TEST_STEP][PASSED] - delay(1): Delayed 1 second(s)

2021-10-29 18:00:19 - [MESSAGE][PASSED] - Delayed 1 second(s)

2021-10-29 18:00:19 - [TEST_STEP][PASSED] - tap(findTestObject("Object Repository/Mobile/Page/Register/Not Registered/Informasi Pribadi/Date Picker - Date of Birth"), 0): Tapped on element 'Object Repository/Mobile/Page/Register/Not Registered/Informasi Pribadi/Date Picker - Date of Birth'

2021-10-29 18:00:19 - [MESSAGE][WARNING] - Timeout '0' is invalid. Using default page load timeout: '60'

2021-10-29 18:00:19 - [MESSAGE][PASSED] - Tapped on element 'Object Repository/Mobile/Page/Register/Not Registered/Informasi Pribadi/Date Picker - Date of Birth'

2021-10-29 18:00:19 - [TEST_STEP][PASSED] - tap(findTestObject("Object Repository/Mobile/Page/Register/Not Registered/Informasi Pribadi/Date Picker - Icon Edit"), 0): Tapped on element 'Object Repository/Mobile/Page/Register/Not Registered/Informasi Pribadi/Date Picker - Icon Edit'

2021-10-29 18:00:20 - [MESSAGE][WARNING] - Timeout '0' is invalid. Using default page load timeout: '60'

2021-10-29 18:00:22 - [MESSAGE][PASSED] - Tapped on element 'Object Repository/Mobile/Page/Register/Not Registered/Informasi Pribadi/Date Picker - Icon Edit'

2021-10-29 18:00:22 - [TEST_STEP][PASSED] - if (negativeStatus == "less17YearsOld"): null

2021-10-29 18:00:22 - [TEST_STEP][PASSED] - else: Delayed 1 second(s)

2021-10-29 18:00:22 - [TEST_STEP][PASSED] - setText(findTestObject("Mobile/Page/Register/Not Registered/Informasi Pribadi/Date Picker - Edit Text Date"), birthdate, 0): Text '1/1/1998' has been set to element 'Object Repository/Mobile/Page/Register/Not Registered/Informasi Pribadi/Date Picker - Edit Text Date'

2021-10-29 18:00:22 - [MESSAGE][WARNING] - Timeout '0' is invalid. Using default page load timeout: '60'

2021-10-29 18:00:23 - [MESSAGE][PASSED] - Text '1/1/1998' has been set to element 'Object Repository/Mobile/Page/Register/Not Registered/Informasi Pribadi/Date Picker - Edit Text Date'

2021-10-29 18:00:23 - [TEST_STEP][PASSED] - tap(findTestObject("Mobile/Page/Register/Not Registered/Informasi Pribadi/Date Picker - Button OK"), 0): Tapped on element 'Object Repository/Mobile/Page/Register/Not Registered/Informasi Pribadi/Date Picker - Button OK'

2021-10-29 18:00:23 - [MESSAGE][WARNING] - Timeout '0' is invalid. Using default page load timeout: '60'

2021-10-29 18:00:24 - [MESSAGE][PASSED] - Tapped on element 'Object Repository/Mobile/Page/Register/Not Registered/Informasi Pribadi/Date Picker - Button OK'

2021-10-29 18:00:24 - [TEST_STEP][PASSED] - delay(1): Delayed 1 second(s)

2021-10-29 18:00:25 - [MESSAGE][PASSED] - Delayed 1 second(s)

2021-10-29 18:00:25 - [TEST_STEP][PASSED] - tap(findTestObject("Object Repository/Mobile/Page/Register/Not Registered/Informasi Pribadi/Dropdown - Flag Phone Number"), 0): Tapped on element 'Object Repository/Mobile/Page/Register/Not Registered/Informasi Pribadi/Dropdown - Flag Phone Number'

2021-10-29 18:00:25 - [MESSAGE][WARNING] - Timeout '0' is invalid. Using default page load timeout: '60'

2021-10-29 18:00:26 - [MESSAGE][PASSED] - Tapped on element 'Object Repository/Mobile/Page/Register/Not Registered/Informasi Pribadi/Dropdown - Flag Phone Number'

2021-10-29 18:00:26 - [TEST_STEP][PASSED] - tap(findTestObject("Object Repository/Mobile/Page/Register/Not Registered/Informasi Pribadi/Edit Text - Search Flag"), 0): Tapped on element 'Object Repository/Mobile/Page/Register/Not Registered/Informasi Pribadi/Edit Text - Search Flag'

2021-10-29 18:00:26 - [MESSAGE][WARNING] - Timeout '0' is invalid. Using default page load timeout: '60'

2021-10-29 18:00:27 - [MESSAGE][PASSED] - Tapped on element 'Object Repository/Mobile/Page/Register/Not Registered/Informasi Pribadi/Edit Text - Search Flag'

2021-10-29 18:00:27 - [TEST_STEP][PASSED] - setText(findTestObject("Object Repository/Mobile/Page/Register/Not Registered/Informasi Pribadi/Edit Text - Search Flag"), flag, 0): Text 'indonesia' has been set to element 'Object Repository/Mobile/Page/Register/Not Registered/Informasi Pribadi/Edit Text - Search Flag'

2021-10-29 18:00:27 - [MESSAGE][WARNING] - Timeout '0' is invalid. Using default page load timeout: '60'

2021-10-29 18:00:29 - [MESSAGE][PASSED] - Text 'indonesia' has been set to element 'Object Repository/Mobile/Page/Register/Not Registered/Informasi Pribadi/Edit Text - Search Flag'

2021-10-29 18:00:29 - [TEST_STEP][PASSED] - tap(findTestObject("Mobile/Page/Register/Not Registered/Informasi Pribadi/Item Flag - Top Search"), 0): Tapped on element 'Object Repository/Mobile/Page/Register/Not Registered/Informasi Pribadi/Item Flag - Top Search'

2021-10-29 18:00:29 - [MESSAGE][WARNING] - Timeout '0' is invalid. Using default page load timeout: '60'

2021-10-29 18:00:30 - [MESSAGE][PASSED] - Tapped on element 'Object Repository/Mobile/Page/Register/Not Registered/Informasi Pribadi/Item Flag - Top Search'

2021-10-29 18:00:30 - [TEST_STEP][PASSED] - tap(findTestObject("Object Repository/Mobile/Page/Register/Not Registered/Informasi Pribadi/Edit Text - Phone Number"), 0): Tapped on element 'Object Repository/Mobile/Page/Register/Not Registered/Informasi Pribadi/Edit Text - Phone Number'

2021-10-29 18:00:30 - [MESSAGE][WARNING] - Timeout '0' is invalid. Using default page load timeout: '60'

2021-10-29 18:00:31 - [MESSAGE][PASSED] - Tapped on element 'Object Repository/Mobile/Page/Register/Not Registered/Informasi Pribadi/Edit Text - Phone Number'

2021-10-29 18:00:31 - [TEST_STEP][PASSED] - setText(findTestObject("Object Repository/Mobile/Page/Register/Not Registered/Informasi Pribadi/Edit Text - Phone Number"), phone, 0): Text '082464961745' has been set to element 'Object Repository/Mobile/Page/Register/Not Registered/Informasi Pribadi/Edit Text - Phone Number'

2021-10-29 18:00:31 - [MESSAGE][WARNING] - Timeout '0' is invalid. Using default page load timeout: '60'

2021-10-29 18:00:32 - [MESSAGE][PASSED] - Text '082464961745' has been set to element 'Object Repository/Mobile/Page/Register/Not Registered/Informasi Pribadi/Edit Text - Phone Number'

2021-10-29 18:00:32 - [TEST_STEP][PASSED] - hideKeyboard(): Keyboard is hidden

2021-10-29 18:00:38 - [MESSAGE][PASSED] - Keyboard is hidden

2021-10-29 18:00:38 - [TEST_STEP][PASSED] - delay(1): Delayed 1 second(s)

2021-10-29 18:00:39 - [MESSAGE][PASSED] - Delayed 1 second(s)

2021-10-29 18:00:39 - [TEST_STEP][PASSED] - tap(findTestObject("Object Repository/Mobile/Page/Register/Not Registered/Informasi Pribadi/Dropdown - Flag Re Phone Number"), 0): Tapped on element 'Object Repository/Mobile/Page/Register/Not Registered/Informasi Pribadi/Dropdown - Flag Re Phone Number'

2021-10-29 18:00:39 - [MESSAGE][WARNING] - Timeout '0' is invalid. Using default page load timeout: '60'

2021-10-29 18:00:41 - [MESSAGE][PASSED] - Tapped on element 'Object Repository/Mobile/Page/Register/Not Registered/Informasi Pribadi/Dropdown - Flag Re Phone Number'

2021-10-29 18:00:41 - [TEST_STEP][PASSED] - tap(findTestObject("Object Repository/Mobile/Page/Register/Not Registered/Informasi Pribadi/Edit Text - Search Flag"), 0): Tapped on element 'Object Repository/Mobile/Page/Register/Not Registered/Informasi Pribadi/Edit Text - Search Flag'

2021-10-29 18:00:41 - [MESSAGE][WARNING] - Timeout '0' is invalid. Using default page load timeout: '60'

2021-10-29 18:00:41 - [MESSAGE][PASSED] - Tapped on element 'Object Repository/Mobile/Page/Register/Not Registered/Informasi Pribadi/Edit Text - Search Flag'

2021-10-29 18:00:41 - [TEST_STEP][PASSED] - setText(findTestObject("Object Repository/Mobile/Page/Register/Not Registered/Informasi Pribadi/Edit Text - Search Flag"), flag, 0): Text 'indonesia' has been set to element 'Object Repository/Mobile/Page/Register/Not Registered/Informasi Pribadi/Edit Text - Search Flag'

2021-10-29 18:00:41 - [MESSAGE][WARNING] - Timeout '0' is invalid. Using default page load timeout: '60'

2021-10-29 18:00:43 - [MESSAGE][PASSED] - Text 'indonesia' has been set to element 'Object Repository/Mobile/Page/Register/Not Registered/Informasi Pribadi/Edit Text - Search Flag'

2021-10-29 18:00:43 - [TEST_STEP][PASSED] - tap(findTestObject("Mobile/Page/Register/Not Registered/Informasi Pribadi/Item Flag - Top Search"), 0): Tapped on element 'Object Repository/Mobile/Page/Register/Not Registered/Informasi Pribadi/Item Flag - Top Search'

2021-10-29 18:00:43 - [MESSAGE][WARNING] - Timeout '0' is invalid. Using default page load timeout: '60'

2021-10-29 18:00:45 - [MESSAGE][PASSED] - Tapped on element 'Object Repository/Mobile/Page/Register/Not Registered/Informasi Pribadi/Item Flag - Top Search'

2021-10-29 18:00:45 - [TEST_STEP][PASSED] - tap(findTestObject("Object Repository/Mobile/Page/Register/Not Registered/Informasi Pribadi/Edit Text - Re Phone Number"), 0): Tapped on element 'Object Repository/Mobile/Page/Register/Not Registered/Informasi Pribadi/Edit Text - Re Phone Number'

2021-10-29 18:00:45 - [MESSAGE][WARNING] - Timeout '0' is invalid. Using default page load timeout: '60'

2021-10-29 18:00:45 - [MESSAGE][PASSED] - Tapped on element 'Object Repository/Mobile/Page/Register/Not Registered/Informasi Pribadi/Edit Text - Re Phone Number'

2021-10-29 18:00:45 - [TEST_STEP][PASSED] - setText(findTestObject("Object Repository/Mobile/Page/Register/Not Registered/Informasi Pribadi/Edit Text - Re Phone Number"), phone, 0): Text '082464961745' has been set to element 'Object Repository/Mobile/Page/Register/Not Registered/Informasi Pribadi/Edit Text - Re Phone Number'

2021-10-29 18:00:45 - [MESSAGE][WARNING] - Timeout '0' is invalid. Using default page load timeout: '60'

2021-10-29 18:00:46 - [MESSAGE][PASSED] - Text '082464961745' has been set to element 'Object Repository/Mobile/Page/Register/Not Registered/Informasi Pribadi/Edit Text - Re Phone Number'

2021-10-29 18:00:46 - [TEST_STEP][PASSED] - hideKeyboard(): Keyboard is hidden

2021-10-29 18:00:52 - [MESSAGE][PASSED] - Keyboard is hidden

2021-10-29 18:00:52 - [TEST_STEP][PASSED] - delay(1): Delayed 1 second(s)

2021-10-29 18:00:53 - [MESSAGE][PASSED] - Delayed 1 second(s)

2021-10-29 18:00:53 - [TEST_STEP][PASSED] - if (negativeStatus == "emailRegistered"): null

2021-10-29 18:00:53 - [TEST_STEP][PASSED] - else: Delayed 1 second(s)

2021-10-29 18:00:53 - [TEST_STEP][PASSED] - tap(findTestObject("Object Repository/Mobile/Page/Register/Not Registered/Informasi Pribadi/Edit Text - Email"), 0): Tapped on element 'Object Repository/Mobile/Page/Register/Not Registered/Informasi Pribadi/Edit Text - Email'

2021-10-29 18:00:53 - [MESSAGE][WARNING] - Timeout '0' is invalid. Using default page load timeout: '60'

2021-10-29 18:00:53 - [MESSAGE][PASSED] - Tapped on element 'Object Repository/Mobile/Page/Register/Not Registered/Informasi Pribadi/Edit Text - Email'

2021-10-29 18:00:53 - [TEST_STEP][PASSED] - setText(findTestObject("Object Repository/Mobile/Page/Register/Not Registered/Informasi Pribadi/Edit Text - Email"), email, 0): Text 'QATESTVXsPOVabZUvPpil@gmail.com' has been set to element 'Object Repository/Mobile/Page/Register/Not Registered/Informasi Pribadi/Edit Text - Email'

2021-10-29 18:00:53 - [MESSAGE][WARNING] - Timeout '0' is invalid. Using default page load timeout: '60'

2021-10-29 18:00:55 - [MESSAGE][PASSED] - Text 'QATESTVXsPOVabZUvPpil@gmail.com' has been set to element 'Object Repository/Mobile/Page/Register/Not Registered/Informasi Pribadi/Edit Text - Email'

2021-10-29 18:00:55 - [TEST_STEP][PASSED] - hideKeyboard(): Keyboard is hidden

2021-10-29 18:00:58 - [MESSAGE][PASSED] - Keyboard is hidden

2021-10-29 18:00:58 - [TEST_STEP][PASSED] - delay(1): Delayed 1 second(s)

2021-10-29 18:00:59 - [MESSAGE][PASSED] - Delayed 1 second(s)

2021-10-29 18:00:59 - [TEST_STEP][PASSED] - if (negativeStatus == "emailNotMatch"): null

2021-10-29 18:00:59 - [TEST_STEP][PASSED] - else: Delayed 1 second(s)

2021-10-29 18:00:59 - [TEST_STEP][PASSED] - tap(findTestObject("Object Repository/Mobile/Page/Register/Not Registered/Informasi Pribadi/Edit Text - Re Email"), 0): Tapped on element 'Object Repository/Mobile/Page/Register/Not Registered/Informasi Pribadi/Edit Text - Re Email'

2021-10-29 18:00:59 - [MESSAGE][WARNING] - Timeout '0' is invalid. Using default page load timeout: '60'

2021-10-29 18:00:59 - [MESSAGE][PASSED] - Tapped on element 'Object Repository/Mobile/Page/Register/Not Registered/Informasi Pribadi/Edit Text - Re Email'

2021-10-29 18:00:59 - [TEST_STEP][PASSED] - setText(findTestObject("Object Repository/Mobile/Page/Register/Not Registered/Informasi Pribadi/Edit Text - Re Email"), email, 0): Text 'QATESTVXsPOVabZUvPpil@gmail.com' has been set to element 'Object Repository/Mobile/Page/Register/Not Registered/Informasi Pribadi/Edit Text - Re Email'

2021-10-29 18:00:59 - [MESSAGE][WARNING] - Timeout '0' is invalid. Using default page load timeout: '60'

2021-10-29 18:01:01 - [MESSAGE][PASSED] - Text 'QATESTVXsPOVabZUvPpil@gmail.com' has been set to element 'Object Repository/Mobile/Page/Register/Not Registered/Informasi Pribadi/Edit Text - Re Email'

2021-10-29 18:01:01 - [TEST_STEP][PASSED] - hideKeyboard(): Keyboard is hidden

2021-10-29 18:01:04 - [MESSAGE][PASSED] - Keyboard is hidden

2021-10-29 18:01:04 - [TEST_STEP][PASSED] - delay(1): Delayed 1 second(s)

2021-10-29 18:01:05 - [MESSAGE][PASSED] - Delayed 1 second(s)

2021-10-29 18:01:05 - [TEST_STEP][PASSED] - if (negativeStatus == "passwordNotFollowRules"): null

2021-10-29 18:01:05 - [TEST_STEP][PASSED] - else: Delayed 1 second(s)

2021-10-29 18:01:05 - [TEST_STEP][PASSED] - tap(findTestObject("Object Repository/Mobile/Page/Register/Not Registered/Informasi Pribadi/Edit Text - Password"), 0): Tapped on element 'Object Repository/Mobile/Page/Register/Not Registered/Informasi Pribadi/Edit Text - Password'

2021-10-29 18:01:05 - [MESSAGE][WARNING] - Timeout '0' is invalid. Using default page load timeout: '60'

2021-10-29 18:01:05 - [MESSAGE][PASSED] - Tapped on element 'Object Repository/Mobile/Page/Register/Not Registered/Informasi Pribadi/Edit Text - Password'

2021-10-29 18:01:05 - [TEST_STEP][PASSED] - setText(findTestObject("Object Repository/Mobile/Page/Register/Not Registered/Informasi Pribadi/Edit Text - Password"), password, 0): Text 'Mirae1234' has been set to element 'Object Repository/Mobile/Page/Register/Not Registered/Informasi Pribadi/Edit Text - Password'

2021-10-29 18:01:05 - [MESSAGE][WARNING] - Timeout '0' is invalid. Using default page load timeout: '60'

2021-10-29 18:01:07 - [MESSAGE][PASSED] - Text 'Mirae1234' has been set to element 'Object Repository/Mobile/Page/Register/Not Registered/Informasi Pribadi/Edit Text - Password'

2021-10-29 18:01:07 - [TEST_STEP][PASSED] - hideKeyboard(): Keyboard is hidden

2021-10-29 18:01:13 - [MESSAGE][PASSED] - Keyboard is hidden

2021-10-29 18:01:13 - [TEST_STEP][PASSED] - delay(1): Delayed 1 second(s)

2021-10-29 18:01:14 - [MESSAGE][PASSED] - Delayed 1 second(s)

2021-10-29 18:01:14 - [TEST_STEP][PASSED] - tap(findTestObject("Object Repository/Mobile/Page/Register/Not Registered/Informasi Pribadi/Edit Text - Re Password"), 0): Tapped on element 'Object Repository/Mobile/Page/Register/Not Registered/Informasi Pribadi/Edit Text - Re Password'

2021-10-29 18:01:14 - [MESSAGE][WARNING] - Timeout '0' is invalid. Using default page load timeout: '60'

2021-10-29 18:01:14 - [MESSAGE][PASSED] - Tapped on element 'Object Repository/Mobile/Page/Register/Not Registered/Informasi Pribadi/Edit Text - Re Password'

2021-10-29 18:01:14 - [TEST_STEP][PASSED] - setText(findTestObject("Object Repository/Mobile/Page/Register/Not Registered/Informasi Pribadi/Edit Text - Re Password"), password, 0): Text 'Mirae1234' has been set to element 'Object Repository/Mobile/Page/Register/Not Registered/Informasi Pribadi/Edit Text - Re Password'

2021-10-29 18:01:14 - [MESSAGE][WARNING] - Timeout '0' is invalid. Using default page load timeout: '60'

2021-10-29 18:01:16 - [MESSAGE][PASSED] - Text 'Mirae1234' has been set to element 'Object Repository/Mobile/Page/Register/Not Registered/Informasi Pribadi/Edit Text - Re Password'

2021-10-29 18:01:16 - [TEST_STEP][PASSED] - hideKeyboard(): Keyboard is hidden

2021-10-29 18:01:22 - [MESSAGE][PASSED] - Keyboard is hidden

2021-10-29 18:01:22 - [TEST_STEP][PASSED] - delay(1): Delayed 1 second(s)

2021-10-29 18:01:23 - [MESSAGE][PASSED] - Delayed 1 second(s)

2021-10-29 18:01:23 - [TEST_STEP][PASSED] - if (isBedaAlamat == 1): Delayed 1 second(s)

2021-10-29 18:01:23 - [TEST_STEP][PASSED] - tap(findTestObject("Object Repository/Mobile/Page/Register/Not Registered/Informasi Pribadi/Radio Button - Address different"), 0): Tapped on element 'Object Repository/Mobile/Page/Register/Not Registered/Informasi Pribadi/Radio Button - Address different'

2021-10-29 18:01:23 - [MESSAGE][WARNING] - Timeout '0' is invalid. Using default page load timeout: '60'

2021-10-29 18:01:24 - [MESSAGE][PASSED] - Tapped on element 'Object Repository/Mobile/Page/Register/Not Registered/Informasi Pribadi/Radio Button - Address different'

2021-10-29 18:01:24 - [TEST_STEP][PASSED] - delay(1): Delayed 1 second(s)

2021-10-29 18:01:25 - [MESSAGE][PASSED] - Delayed 1 second(s)

2021-10-29 18:01:25 - [TEST_STEP][PASSED] - tap(findTestObject("Object Repository/Mobile/Page/Register/Not Registered/Informasi Pribadi/Address Different/Edit Text - Mailing Address"), 0): Tapped on element 'Object Repository/Mobile/Page/Register/Not Registered/Informasi Pribadi/Address Different/Edit Text - Mailing Address'

2021-10-29 18:01:25 - [MESSAGE][WARNING] - Timeout '0' is invalid. Using default page load timeout: '60'

2021-10-29 18:01:25 - [MESSAGE][PASSED] - Tapped on element 'Object Repository/Mobile/Page/Register/Not Registered/Informasi Pribadi/Address Different/Edit Text - Mailing Address'

2021-10-29 18:01:25 - [TEST_STEP][PASSED] - setText(findTestObject("Object Repository/Mobile/Page/Register/Not Registered/Informasi Pribadi/Address Different/Edit Text - Mailing Address"), alamat, 0): Text 'Jl. Cempaka Putih Barat 12 F No.12, RT.8/RW.8' has been set to element 'Object Repository/Mobile/Page/Register/Not Registered/Informasi Pribadi/Address Different/Edit Text - Mailing Address'

2021-10-29 18:01:25 - [MESSAGE][WARNING] - Timeout '0' is invalid. Using default page load timeout: '60'

2021-10-29 18:01:27 - [MESSAGE][PASSED] - Text 'Jl. Cempaka Putih Barat 12 F No.12, RT.8/RW.8' has been set to element 'Object Repository/Mobile/Page/Register/Not Registered/Informasi Pribadi/Address Different/Edit Text - Mailing Address'

2021-10-29 18:01:27 - [TEST_STEP][PASSED] - hideKeyboard(): Keyboard is hidden

2021-10-29 18:01:30 - [MESSAGE][PASSED] - Keyboard is hidden

2021-10-29 18:01:30 - [TEST_STEP][PASSED] - delay(1): Delayed 1 second(s)

2021-10-29 18:01:31 - [MESSAGE][PASSED] - Delayed 1 second(s)

2021-10-29 18:01:31 - [TEST_STEP][PASSED] - tapAndHold(findTestObject("Mobile/Page/Register/Not Registered/Informasi Pribadi/Address Different/Dropdown - Province"), 1, 0): Tapped and held on element 'Object Repository/Mobile/Page/Register/Not Registered/Informasi Pribadi/Address Different/Dropdown - Province' with duration 1

2021-10-29 18:01:31 - [MESSAGE][WARNING] - Timeout '0' is invalid. Using default page load timeout: '60'

2021-10-29 18:01:34 - [MESSAGE][PASSED] - Tapped and held on element 'Object Repository/Mobile/Page/Register/Not Registered/Informasi Pribadi/Address Different/Dropdown - Province' with duration 1

2021-10-29 18:01:34 - [TEST_STEP][PASSED] - tap(findTestObject("Mobile/Page/Register/Not Registered/Informasi Pribadi/Address Different/Dropdown - Province Option Jakarta"), 0): Tapped on element 'Object Repository/Mobile/Page/Register/Not Registered/Informasi Pribadi/Address Different/Dropdown - Province Option Jakarta'

2021-10-29 18:01:34 - [MESSAGE][WARNING] - Timeout '0' is invalid. Using default page load timeout: '60'

2021-10-29 18:01:35 - [MESSAGE][PASSED] - Tapped on element 'Object Repository/Mobile/Page/Register/Not Registered/Informasi Pribadi/Address Different/Dropdown - Province Option Jakarta'

2021-10-29 18:01:35 - [TEST_STEP][PASSED] - delay(2): Delayed 2 second(s)

2021-10-29 18:01:37 - [MESSAGE][PASSED] - Delayed 2 second(s)

2021-10-29 18:01:37 - [TEST_STEP][PASSED] - hideKeyboard(): Keyboard is hidden

2021-10-29 18:01:41 - [MESSAGE][PASSED] - Keyboard is hidden

2021-10-29 18:01:41 - [TEST_STEP][PASSED] - delay(1): Delayed 1 second(s)

2021-10-29 18:01:42 - [MESSAGE][PASSED] - Delayed 1 second(s)

2021-10-29 18:01:42 - [TEST_STEP][PASSED] - tapAndHold(findTestObject("Mobile/Page/Register/Not Registered/Informasi Pribadi/Address Different/Dropdown - City"), 1, 0): Tapped and held on element 'Object Repository/Mobile/Page/Register/Not Registered/Informasi Pribadi/Address Different/Dropdown - City' with duration 1

2021-10-29 18:01:42 - [MESSAGE][WARNING] - Timeout '0' is invalid. Using default page load timeout: '60'

2021-10-29 18:01:45 - [MESSAGE][PASSED] - Tapped and held on element 'Object Repository/Mobile/Page/Register/Not Registered/Informasi Pribadi/Address Different/Dropdown - City' with duration 1

2021-10-29 18:01:45 - [TEST_STEP][PASSED] - tap(findTestObject("Object Repository/Mobile/Page/Register/Not Registered/Informasi Pribadi/Address Different/Dropdown - City Option Jaksel"), 0): Tapped on element 'Object Repository/Mobile/Page/Register/Not Registered/Informasi Pribadi/Address Different/Dropdown - City Option Jaksel'

2021-10-29 18:01:45 - [MESSAGE][WARNING] - Timeout '0' is invalid. Using default page load timeout: '60'

2021-10-29 18:01:46 - [MESSAGE][PASSED] - Tapped on element 'Object Repository/Mobile/Page/Register/Not Registered/Informasi Pribadi/Address Different/Dropdown - City Option Jaksel'

2021-10-29 18:01:46 - [TEST_STEP][PASSED] - delay(2): Delayed 2 second(s)

2021-10-29 18:01:48 - [MESSAGE][PASSED] - Delayed 2 second(s)

2021-10-29 18:01:48 - [TEST_STEP][PASSED] - hideKeyboard(): Keyboard is hidden

2021-10-29 18:01:52 - [MESSAGE][PASSED] - Keyboard is hidden

2021-10-29 18:01:52 - [TEST_STEP][PASSED] - delay(1): Delayed 1 second(s)

2021-10-29 18:01:53 - [MESSAGE][PASSED] - Delayed 1 second(s)

2021-10-29 18:01:53 - [TEST_STEP][PASSED] - if (negativeStatus == "isPostalCodeIncorrect"): null

2021-10-29 18:01:53 - [TEST_STEP][PASSED] - else: Delayed 1 second(s)

2021-10-29 18:01:53 - [TEST_STEP][PASSED] - tap(findTestObject("Object Repository/Mobile/Page/Register/Not Registered/Informasi Pribadi/Address Different/Edit Text - Postal Code"), 0): Tapped on element 'Object Repository/Mobile/Page/Register/Not Registered/Informasi Pribadi/Address Different/Edit Text - Postal Code'

2021-10-29 18:01:53 - [MESSAGE][WARNING] - Timeout '0' is invalid. Using default page load timeout: '60'

2021-10-29 18:01:54 - [MESSAGE][PASSED] - Tapped on element 'Object Repository/Mobile/Page/Register/Not Registered/Informasi Pribadi/Address Different/Edit Text - Postal Code'

2021-10-29 18:01:54 - [TEST_STEP][PASSED] - setText(findTestObject("Object Repository/Mobile/Page/Register/Not Registered/Informasi Pribadi/Address Different/Edit Text - Postal Code"), kodepos, 0): Text '15412' has been set to element 'Object Repository/Mobile/Page/Register/Not Registered/Informasi Pribadi/Address Different/Edit Text - Postal Code'

2021-10-29 18:01:54 - [MESSAGE][WARNING] - Timeout '0' is invalid. Using default page load timeout: '60'

2021-10-29 18:01:55 - [MESSAGE][PASSED] - Text '15412' has been set to element 'Object Repository/Mobile/Page/Register/Not Registered/Informasi Pribadi/Address Different/Edit Text - Postal Code'

2021-10-29 18:01:55 - [TEST_STEP][PASSED] - hideKeyboard(): Keyboard is hidden

2021-10-29 18:02:01 - [MESSAGE][PASSED] - Keyboard is hidden

2021-10-29 18:02:01 - [TEST_STEP][PASSED] - delay(1): Delayed 1 second(s)

2021-10-29 18:02:02 - [MESSAGE][PASSED] - Delayed 1 second(s)

2021-10-29 18:02:02 - [TEST_STEP][PASSED] - tap(findTestObject("Object Repository/Mobile/Page/Register/Not Registered/Informasi Pribadi/Button - Icon KTP"), 0): Tapped on element 'Object Repository/Mobile/Page/Register/Not Registered/Informasi Pribadi/Button - Icon KTP'

2021-10-29 18:02:02 - [MESSAGE][WARNING] - Timeout '0' is invalid. Using default page load timeout: '60'

2021-10-29 18:02:03 - [MESSAGE][PASSED] - Tapped on element 'Object Repository/Mobile/Page/Register/Not Registered/Informasi Pribadi/Button - Icon KTP'

2021-10-29 18:02:03 - [TEST_STEP][PASSED] - permission = verifyElementExist(findTestObject("Object Repository/Mobile/Page/Register/Not Registered/Informasi Pribadi/Permission - Only this time"), 1, OPTIONAL): Element 'Object Repository/Mobile/Page/Register/Not Registered/Informasi Pribadi/Permission - Only this time' is exist

2021-10-29 18:02:03 - [MESSAGE][PASSED] - Element 'Object Repository/Mobile/Page/Register/Not Registered/Informasi Pribadi/Permission - Only this time' is exist

2021-10-29 18:02:03 - [TEST_STEP][PASSED] - if (permission): Tapped on element 'Object Repository/Mobile/Page/Register/Not Registered/Informasi Pribadi/Permission - Only this time'

2021-10-29 18:02:03 - [TEST_STEP][PASSED] - tap(findTestObject("Object Repository/Mobile/Page/Register/Not Registered/Informasi Pribadi/Permission - Only this time"), 0): Tapped on element 'Object Repository/Mobile/Page/Register/Not Registered/Informasi Pribadi/Permission - Only this time'

2021-10-29 18:02:04 - [MESSAGE][WARNING] - Timeout '0' is invalid. Using default page load timeout: '60'

2021-10-29 18:02:04 - [MESSAGE][PASSED] - Tapped on element 'Object Repository/Mobile/Page/Register/Not Registered/Informasi Pribadi/Permission - Only this time'

2021-10-29 18:02:04 - [TEST_STEP][PASSED] - permission = verifyElementExist(findTestObject("Object Repository/Mobile/Page/Register/Not Registered/Informasi Pribadi/Permission - Only this time"), 1, OPTIONAL): Element 'Object Repository/Mobile/Page/Register/Not Registered/Informasi Pribadi/Permission - Only this time' is exist

2021-10-29 18:02:05 - [MESSAGE][PASSED] - Element 'Object Repository/Mobile/Page/Register/Not Registered/Informasi Pribadi/Permission - Only this time' is exist

2021-10-29 18:02:05 - [TEST_STEP][PASSED] - if (permission): Tapped on element 'Object Repository/Mobile/Page/Register/Not Registered/Informasi Pribadi/Permission - Only this time'

2021-10-29 18:02:05 - [TEST_STEP][PASSED] - tap(findTestObject("Object Repository/Mobile/Page/Register/Not Registered/Informasi Pribadi/Permission - Only this time"), 0): Tapped on element 'Object Repository/Mobile/Page/Register/Not Registered/Informasi Pribadi/Permission - Only this time'

2021-10-29 18:02:05 - [MESSAGE][WARNING] - Timeout '0' is invalid. Using default page load timeout: '60'

2021-10-29 18:02:05 - [MESSAGE][PASSED] - Tapped on element 'Object Repository/Mobile/Page/Register/Not Registered/Informasi Pribadi/Permission - Only this time'

2021-10-29 18:02:05 - [TEST_STEP][PASSED] - tap(findTestObject("Object Repository/Mobile/Page/Register/Not Registered/Informasi Pribadi/Button - Capture KTP"), 0): Tapped on element 'Object Repository/Mobile/Page/Register/Not Registered/Informasi Pribadi/Button - Capture KTP'

2021-10-29 18:02:05 - [MESSAGE][WARNING] - Timeout '0' is invalid. Using default page load timeout: '60'

2021-10-29 18:02:07 - [MESSAGE][PASSED] - Tapped on element 'Object Repository/Mobile/Page/Register/Not Registered/Informasi Pribadi/Button - Capture KTP'

2021-10-29 18:02:07 - [TEST_STEP][PASSED] - delay(2): Delayed 2 second(s)

2021-10-29 18:02:09 - [MESSAGE][PASSED] - Delayed 2 second(s)

2021-10-29 18:02:09 - [TEST_STEP][PASSED] - scroll.scroll.scrollLeftToRight(findTestObject("Object Repository/Mobile/Page/Register/Not Registered/Informasi Pribadi/Slider - Edit Photo Scale")): scroll.scroll.scrollLeftToRight is PASSED

2021-10-29 18:02:09 - [MESSAGE][WARNING] - Timeout '0' is invalid. Using default page load timeout: '60'

2021-10-29 18:02:10 - [MESSAGE][PASSED] - Object 'Object Repository/Mobile/Page/Register/Not Registered/Informasi Pribadi/Slider - Edit Photo Scale' has left position '0'

2021-10-29 18:02:10 - [MESSAGE][WARNING] - Timeout '0' is invalid. Using default page load timeout: '60'

2021-10-29 18:02:10 - [MESSAGE][PASSED] - Object 'Object Repository/Mobile/Page/Register/Not Registered/Informasi Pribadi/Slider - Edit Photo Scale' has top position '1,284'

2021-10-29 18:02:10 - [MESSAGE][WARNING] - Timeout '0' is invalid. Using default page load timeout: '60'

2021-10-29 18:02:11 - [MESSAGE][PASSED] - Object 'Object Repository/Mobile/Page/Register/Not Registered/Informasi Pribadi/Slider - Edit Photo Scale' has width: '720'

2021-10-29 18:02:11 - [MESSAGE][WARNING] - Timeout '0' is invalid. Using default page load timeout: '60'

2021-10-29 18:02:11 - [MESSAGE][PASSED] - Object 'Object Repository/Mobile/Page/Register/Not Registered/Informasi Pribadi/Slider - Edit Photo Scale' has height: '66'

2021-10-29 18:02:12 - [MESSAGE][PASSED] - Swiped from 144,1,317 to 576,1,317

2021-10-29 18:02:12 - [MESSAGE][PASSED] - scroll.scroll.scrollLeftToRight is PASSED

2021-10-29 18:02:12 - [TEST_STEP][PASSED] - tap(findTestObject("Object Repository/Mobile/Page/Register/Not Registered/Informasi Pribadi/Button - Edit Photo Rotate"), 0): Tapped on element 'Object Repository/Mobile/Page/Register/Not Registered/Informasi Pribadi/Button - Edit Photo Rotate'

2021-10-29 18:02:12 - [MESSAGE][WARNING] - Timeout '0' is invalid. Using default page load timeout: '60'

2021-10-29 18:02:12 - [MESSAGE][PASSED] - Tapped on element 'Object Repository/Mobile/Page/Register/Not Registered/Informasi Pribadi/Button - Edit Photo Rotate'

2021-10-29 18:02:12 - [TEST_STEP][PASSED] - tap(findTestObject("Object Repository/Mobile/Page/Register/Not Registered/Informasi Pribadi/Button - Edit Photo Rotate 90 degree"), 0): Tapped on element 'Object Repository/Mobile/Page/Register/Not Registered/Informasi Pribadi/Button - Edit Photo Rotate 90 degree'

2021-10-29 18:02:12 - [MESSAGE][WARNING] - Timeout '0' is invalid. Using default page load timeout: '60'

2021-10-29 18:02:14 - [MESSAGE][PASSED] - Tapped on element 'Object Repository/Mobile/Page/Register/Not Registered/Informasi Pribadi/Button - Edit Photo Rotate 90 degree'

2021-10-29 18:02:14 - [TEST_STEP][PASSED] - tap(findTestObject("Object Repository/Mobile/Page/Register/Not Registered/Informasi Pribadi/Button - Edit Photo Reset Rotation"), 0): Tapped on element 'Object Repository/Mobile/Page/Register/Not Registered/Informasi Pribadi/Button - Edit Photo Reset Rotation'

2021-10-29 18:02:14 - [MESSAGE][WARNING] - Timeout '0' is invalid. Using default page load timeout: '60'

2021-10-29 18:02:16 - [MESSAGE][PASSED] - Tapped on element 'Object Repository/Mobile/Page/Register/Not Registered/Informasi Pribadi/Button - Edit Photo Reset Rotation'

2021-10-29 18:02:16 - [TEST_STEP][PASSED] - scroll.scroll.scrollLeftToRight(findTestObject("Object Repository/Mobile/Page/Register/Not Registered/Informasi Pribadi/Slider - Edit Photo Rotate")): scroll.scroll.scrollLeftToRight is PASSED

2021-10-29 18:02:16 - [MESSAGE][WARNING] - Timeout '0' is invalid. Using default page load timeout: '60'

2021-10-29 18:02:16 - [MESSAGE][PASSED] - Object 'Object Repository/Mobile/Page/Register/Not Registered/Informasi Pribadi/Slider - Edit Photo Rotate' has left position '88'

2021-10-29 18:02:16 - [MESSAGE][WARNING] - Timeout '0' is invalid. Using default page load timeout: '60'

2021-10-29 18:02:16 - [MESSAGE][PASSED] - Object 'Object Repository/Mobile/Page/Register/Not Registered/Informasi Pribadi/Slider - Edit Photo Rotate' has top position '1,284'

2021-10-29 18:02:16 - [MESSAGE][WARNING] - Timeout '0' is invalid. Using default page load timeout: '60'

2021-10-29 18:02:16 - [MESSAGE][PASSED] - Object 'Object Repository/Mobile/Page/Register/Not Registered/Informasi Pribadi/Slider - Edit Photo Rotate' has width: '544'

2021-10-29 18:02:16 - [MESSAGE][WARNING] - Timeout '0' is invalid. Using default page load timeout: '60'

2021-10-29 18:02:16 - [MESSAGE][PASSED] - Object 'Object Repository/Mobile/Page/Register/Not Registered/Informasi Pribadi/Slider - Edit Photo Rotate' has height: '66'

2021-10-29 18:02:17 - [MESSAGE][PASSED] - Swiped from 196,1,317 to 523,1,317

2021-10-29 18:02:17 - [MESSAGE][PASSED] - scroll.scroll.scrollLeftToRight is PASSED

2021-10-29 18:02:17 - [TEST_STEP][PASSED] - tap(findTestObject("Object Repository/Mobile/Page/Register/Not Registered/Informasi Pribadi/Button - Edit Photo Confirm"), 0): Tapped on element 'Object Repository/Mobile/Page/Register/Not Registered/Informasi Pribadi/Button - Edit Photo Confirm'

2021-10-29 18:02:17 - [MESSAGE][WARNING] - Timeout '0' is invalid. Using default page load timeout: '60'

2021-10-29 18:02:20 - [MESSAGE][PASSED] - Tapped on element 'Object Repository/Mobile/Page/Register/Not Registered/Informasi Pribadi/Button - Edit Photo Confirm'

2021-10-29 18:02:20 - [TEST_STEP][PASSED] - delay(2): Delayed 2 second(s)

2021-10-29 18:02:22 - [MESSAGE][PASSED] - Delayed 2 second(s)

2021-10-29 18:02:22 - [TEST_STEP][PASSED] - hideKeyboard(): Keyboard is hidden

2021-10-29 18:02:28 - [MESSAGE][PASSED] - Keyboard is hidden

2021-10-29 18:02:28 - [TEST_STEP][PASSED] - delay(1): Delayed 1 second(s)

2021-10-29 18:02:29 - [MESSAGE][PASSED] - Delayed 1 second(s)

2021-10-29 18:02:29 - [TEST_STEP][PASSED] - scroll.scroll.scrollToBottomOpenKeyboard(): scroll.scroll.scrollToBottomOpenKeyboard is PASSED

2021-10-29 18:02:29 - [MESSAGE][PASSED] - Current device physical height is 1423

2021-10-29 18:02:29 - [MESSAGE][PASSED] - Current device physical width is 720

2021-10-29 18:02:30 - [MESSAGE][PASSED] - Swiped from 360,853 to 360,284

2021-10-29 18:02:30 - [MESSAGE][PASSED] - scroll.scroll.scrollToBottomOpenKeyboard is PASSED

2021-10-29 18:02:30 - [TEST_STEP][PASSED] - tap(findTestObject("Object Repository/Mobile/Page/Register/Not Registered/Informasi Pribadi/Button - Icon Face with KTP"), 0): Tapped on element 'Object Repository/Mobile/Page/Register/Not Registered/Informasi Pribadi/Button - Icon Face with KTP'

2021-10-29 18:02:30 - [MESSAGE][WARNING] - Timeout '0' is invalid. Using default page load timeout: '60'

2021-10-29 18:02:32 - [MESSAGE][PASSED] - Tapped on element 'Object Repository/Mobile/Page/Register/Not Registered/Informasi Pribadi/Button - Icon Face with KTP'

2021-10-29 18:02:32 - [TEST_STEP][PASSED] - permission = verifyElementExist(findTestObject("Object Repository/Mobile/Page/Register/Not Registered/Informasi Pribadi/Permission - Only this time"), 1, OPTIONAL): Element 'Object Repository/Mobile/Page/Register/Not Registered/Informasi Pribadi/Permission - Only this time' not found

2021-10-29 18:02:34 - [MESSAGE][WARNING] - Element 'Object Repository/Mobile/Page/Register/Not Registered/Informasi Pribadi/Permission - Only this time' not found
[[ATTACHMENT|C:\\Users\\Owner\\Documents\\kerjaan\\KatalonProject\\qa-katalon-maxfund\\Reports\\20211029_174625\\Register\\20211029_174625\\1635505353087.png]]

2021-10-29 18:02:34 - [TEST_STEP][PASSED] - if (permission): null

2021-10-29 18:02:34 - [TEST_STEP][PASSED] - permission = verifyElementExist(findTestObject("Object Repository/Mobile/Page/Register/Not Registered/Informasi Pribadi/Permission - Only this time"), 1, OPTIONAL): Element 'Object Repository/Mobile/Page/Register/Not Registered/Informasi Pribadi/Permission - Only this time' not found

2021-10-29 18:02:37 - [MESSAGE][WARNING] - Element 'Object Repository/Mobile/Page/Register/Not Registered/Informasi Pribadi/Permission - Only this time' not found
[[ATTACHMENT|C:\\Users\\Owner\\Documents\\kerjaan\\KatalonProject\\qa-katalon-maxfund\\Reports\\20211029_174625\\Register\\20211029_174625\\1635505355906.png]]

2021-10-29 18:02:37 - [TEST_STEP][PASSED] - if (permission): null

2021-10-29 18:02:37 - [TEST_STEP][PASSED] - tap(findTestObject("Object Repository/Mobile/Page/Register/Not Registered/Informasi Pribadi/Button - Capture Face with KTP"), 0): Tapped on element 'Object Repository/Mobile/Page/Register/Not Registered/Informasi Pribadi/Button - Capture Face with KTP'

2021-10-29 18:02:37 - [MESSAGE][WARNING] - Timeout '0' is invalid. Using default page load timeout: '60'

2021-10-29 18:02:38 - [MESSAGE][PASSED] - Tapped on element 'Object Repository/Mobile/Page/Register/Not Registered/Informasi Pribadi/Button - Capture Face with KTP'

2021-10-29 18:02:38 - [TEST_STEP][PASSED] - delay(2): Delayed 2 second(s)

2021-10-29 18:02:40 - [MESSAGE][PASSED] - Delayed 2 second(s)

2021-10-29 18:02:40 - [TEST_STEP][PASSED] - hideKeyboard(): Keyboard is hidden

2021-10-29 18:02:46 - [MESSAGE][PASSED] - Keyboard is hidden

2021-10-29 18:02:46 - [TEST_STEP][PASSED] - delay(1): Delayed 1 second(s)

2021-10-29 18:02:47 - [MESSAGE][PASSED] - Delayed 1 second(s)

2021-10-29 18:02:47 - [TEST_STEP][PASSED] - scroll.scroll.scrollToBottomOpenKeyboard(): scroll.scroll.scrollToBottomOpenKeyboard is PASSED

2021-10-29 18:02:47 - [MESSAGE][PASSED] - Current device physical height is 1423

2021-10-29 18:02:47 - [MESSAGE][PASSED] - Current device physical width is 720

2021-10-29 18:02:48 - [MESSAGE][PASSED] - Swiped from 360,853 to 360,284

2021-10-29 18:02:48 - [MESSAGE][PASSED] - scroll.scroll.scrollToBottomOpenKeyboard is PASSED

2021-10-29 18:02:48 - [TEST_STEP][PASSED] - tap(findTestObject("Object Repository/Mobile/Page/Register/Not Registered/Informasi Pribadi/Radio Button - Low Risk"), 0): Tapped on element 'Object Repository/Mobile/Page/Register/Not Registered/Informasi Pribadi/Radio Button - Low Risk'

2021-10-29 18:02:48 - [MESSAGE][WARNING] - Timeout '0' is invalid. Using default page load timeout: '60'

2021-10-29 18:02:49 - [MESSAGE][PASSED] - Tapped on element 'Object Repository/Mobile/Page/Register/Not Registered/Informasi Pribadi/Radio Button - Low Risk'

2021-10-29 18:02:49 - [TEST_STEP][PASSED] - delay(1): Delayed 1 second(s)

2021-10-29 18:02:50 - [MESSAGE][PASSED] - Delayed 1 second(s)

2021-10-29 18:02:50 - [TEST_STEP][PASSED] - tap(findTestObject("Object Repository/Mobile/Page/Register/Not Registered/Informasi Pribadi/Radio Button - Medium Risk"), 0): Tapped on element 'Object Repository/Mobile/Page/Register/Not Registered/Informasi Pribadi/Radio Button - Medium Risk'

2021-10-29 18:02:50 - [MESSAGE][WARNING] - Timeout '0' is invalid. Using default page load timeout: '60'

2021-10-29 18:02:51 - [MESSAGE][PASSED] - Tapped on element 'Object Repository/Mobile/Page/Register/Not Registered/Informasi Pribadi/Radio Button - Medium Risk'

2021-10-29 18:02:51 - [TEST_STEP][PASSED] - delay(1): Delayed 1 second(s)

2021-10-29 18:02:52 - [MESSAGE][PASSED] - Delayed 1 second(s)

2021-10-29 18:02:52 - [TEST_STEP][PASSED] - tap(findTestObject("Object Repository/Mobile/Page/Register/Not Registered/Informasi Pribadi/Radio Button - High Risk"), 0): Tapped on element 'Object Repository/Mobile/Page/Register/Not Registered/Informasi Pribadi/Radio Button - High Risk'

2021-10-29 18:02:52 - [MESSAGE][WARNING] - Timeout '0' is invalid. Using default page load timeout: '60'

2021-10-29 18:02:53 - [MESSAGE][PASSED] - Tapped on element 'Object Repository/Mobile/Page/Register/Not Registered/Informasi Pribadi/Radio Button - High Risk'

2021-10-29 18:02:53 - [TEST_STEP][PASSED] - delay(1): Delayed 1 second(s)

2021-10-29 18:02:54 - [MESSAGE][PASSED] - Delayed 1 second(s)

2021-10-29 18:02:54 - [TEST_STEP][PASSED] - tap(findTestObject("Object Repository/Mobile/Page/Register/Not Registered/Informasi Pribadi/Button - Next"), 0): Tapped on element 'Object Repository/Mobile/Page/Register/Not Registered/Informasi Pribadi/Button - Next'

2021-10-29 18:02:54 - [MESSAGE][WARNING] - Timeout '0' is invalid. Using default page load timeout: '60'

2021-10-29 18:02:54 - [MESSAGE][PASSED] - Tapped on element 'Object Repository/Mobile/Page/Register/Not Registered/Informasi Pribadi/Button - Next'

2021-10-29 18:02:54 - [TEST_STEP][PASSED] - delay(1): Delayed 1 second(s)

2021-10-29 18:02:55 - [MESSAGE][PASSED] - Delayed 1 second(s)

2021-10-29 18:02:55 - [TEST_STEP][PASSED] - tapAndHold(findTestObject("Mobile/Page/Register/Not Registered/Akun Bank/Dropdown - Bank"), 1, 0): Tapped and held on element 'Object Repository/Mobile/Page/Register/Not Registered/Akun Bank/Dropdown - Bank' with duration 1

2021-10-29 18:02:55 - [MESSAGE][WARNING] - Timeout '0' is invalid. Using default page load timeout: '60'

2021-10-29 18:02:58 - [MESSAGE][PASSED] - Tapped and held on element 'Object Repository/Mobile/Page/Register/Not Registered/Akun Bank/Dropdown - Bank' with duration 1

2021-10-29 18:02:58 - [TEST_STEP][PASSED] - tap(findTestObject("Mobile/Page/Register/Not Registered/Akun Bank/Edit Text - Search Bank"), 0): Tapped on element 'Object Repository/Mobile/Page/Register/Not Registered/Akun Bank/Edit Text - Search Bank'

2021-10-29 18:02:58 - [MESSAGE][WARNING] - Timeout '0' is invalid. Using default page load timeout: '60'

2021-10-29 18:02:58 - [MESSAGE][PASSED] - Tapped on element 'Object Repository/Mobile/Page/Register/Not Registered/Akun Bank/Edit Text - Search Bank'

2021-10-29 18:02:58 - [TEST_STEP][PASSED] - setText(findTestObject("Mobile/Page/Register/Not Registered/Akun Bank/Edit Text - Search Bank"), "citibank", 0): Text 'citibank' has been set to element 'Object Repository/Mobile/Page/Register/Not Registered/Akun Bank/Edit Text - Search Bank'

2021-10-29 18:02:59 - [MESSAGE][WARNING] - Timeout '0' is invalid. Using default page load timeout: '60'

2021-10-29 18:03:00 - [MESSAGE][PASSED] - Text 'citibank' has been set to element 'Object Repository/Mobile/Page/Register/Not Registered/Akun Bank/Edit Text - Search Bank'

2021-10-29 18:03:00 - [TEST_STEP][PASSED] - driver = getDriver(): null

2021-10-29 18:03:00 - [TEST_STEP][PASSED] - driver.pressKeyCode(ENTER): null

2021-10-29 18:03:01 - [TEST_STEP][PASSED] - tap(findTestObject("Object Repository/Mobile/Page/Register/Not Registered/Akun Bank/Item - Top Search Bank"), 0): Tapped on element 'Object Repository/Mobile/Page/Register/Not Registered/Akun Bank/Item - Top Search Bank'

2021-10-29 18:03:01 - [MESSAGE][WARNING] - Timeout '0' is invalid. Using default page load timeout: '60'

2021-10-29 18:03:01 - [MESSAGE][PASSED] - Tapped on element 'Object Repository/Mobile/Page/Register/Not Registered/Akun Bank/Item - Top Search Bank'

2021-10-29 18:03:01 - [TEST_STEP][PASSED] - delay(1): Delayed 1 second(s)

2021-10-29 18:03:02 - [MESSAGE][PASSED] - Delayed 1 second(s)

2021-10-29 18:03:02 - [TEST_STEP][PASSED] - tapAndHold(findTestObject("Mobile/Page/Register/Not Registered/Akun Bank/Dropdown - Country"), 1, 0): Tapped and held on element 'Object Repository/Mobile/Page/Register/Not Registered/Akun Bank/Dropdown - Country' with duration 1

2021-10-29 18:03:03 - [MESSAGE][WARNING] - Timeout '0' is invalid. Using default page load timeout: '60'

2021-10-29 18:03:05 - [MESSAGE][PASSED] - Tapped and held on element 'Object Repository/Mobile/Page/Register/Not Registered/Akun Bank/Dropdown - Country' with duration 1

2021-10-29 18:03:05 - [TEST_STEP][PASSED] - tap(findTestObject("Object Repository/Mobile/Page/Register/Not Registered/Akun Bank/Dropdown - Country Option Indonesia"), 0): Tapped on element 'Object Repository/Mobile/Page/Register/Not Registered/Akun Bank/Dropdown - Country Option Indonesia'

2021-10-29 18:03:05 - [MESSAGE][WARNING] - Timeout '0' is invalid. Using default page load timeout: '60'

2021-10-29 18:03:06 - [MESSAGE][PASSED] - Tapped on element 'Object Repository/Mobile/Page/Register/Not Registered/Akun Bank/Dropdown - Country Option Indonesia'

2021-10-29 18:03:06 - [TEST_STEP][PASSED] - delay(1): Delayed 1 second(s)

2021-10-29 18:03:07 - [MESSAGE][PASSED] - Delayed 1 second(s)

2021-10-29 18:03:07 - [TEST_STEP][PASSED] - tap(findTestObject("Object Repository/Mobile/Page/Register/Not Registered/Akun Bank/Edit Text - Branch"), 0): Tapped on element 'Object Repository/Mobile/Page/Register/Not Registered/Akun Bank/Edit Text - Branch'

2021-10-29 18:03:08 - [MESSAGE][WARNING] - Timeout '0' is invalid. Using default page load timeout: '60'

2021-10-29 18:03:08 - [MESSAGE][PASSED] - Tapped on element 'Object Repository/Mobile/Page/Register/Not Registered/Akun Bank/Edit Text - Branch'

2021-10-29 18:03:08 - [TEST_STEP][PASSED] - setText(findTestObject("Object Repository/Mobile/Page/Register/Not Registered/Akun Bank/Edit Text - Branch"), branch, 0): Text 'qa cabang' has been set to element 'Object Repository/Mobile/Page/Register/Not Registered/Akun Bank/Edit Text - Branch'

2021-10-29 18:03:08 - [MESSAGE][WARNING] - Timeout '0' is invalid. Using default page load timeout: '60'

2021-10-29 18:03:09 - [MESSAGE][PASSED] - Text 'qa cabang' has been set to element 'Object Repository/Mobile/Page/Register/Not Registered/Akun Bank/Edit Text - Branch'

2021-10-29 18:03:09 - [TEST_STEP][PASSED] - hideKeyboard(): Keyboard is hidden

2021-10-29 18:03:12 - [MESSAGE][PASSED] - Keyboard is hidden

2021-10-29 18:03:12 - [TEST_STEP][PASSED] - delay(1): Delayed 1 second(s)

2021-10-29 18:03:13 - [MESSAGE][PASSED] - Delayed 1 second(s)

2021-10-29 18:03:13 - [TEST_STEP][PASSED] - tap(findTestObject("Object Repository/Mobile/Page/Register/Not Registered/Akun Bank/Edit Text - Account Number"), 0): Tapped on element 'Object Repository/Mobile/Page/Register/Not Registered/Akun Bank/Edit Text - Account Number'

2021-10-29 18:03:13 - [MESSAGE][WARNING] - Timeout '0' is invalid. Using default page load timeout: '60'

2021-10-29 18:03:14 - [MESSAGE][PASSED] - Tapped on element 'Object Repository/Mobile/Page/Register/Not Registered/Akun Bank/Edit Text - Account Number'

2021-10-29 18:03:14 - [TEST_STEP][PASSED] - setText(findTestObject("Object Repository/Mobile/Page/Register/Not Registered/Akun Bank/Edit Text - Account Number"), accountnumber, 0): Text '222444222444' has been set to element 'Object Repository/Mobile/Page/Register/Not Registered/Akun Bank/Edit Text - Account Number'

2021-10-29 18:03:14 - [MESSAGE][WARNING] - Timeout '0' is invalid. Using default page load timeout: '60'

2021-10-29 18:03:15 - [MESSAGE][PASSED] - Text '222444222444' has been set to element 'Object Repository/Mobile/Page/Register/Not Registered/Akun Bank/Edit Text - Account Number'

2021-10-29 18:03:15 - [TEST_STEP][PASSED] - hideKeyboard(): Keyboard is hidden

2021-10-29 18:03:21 - [MESSAGE][PASSED] - Keyboard is hidden

2021-10-29 18:03:21 - [TEST_STEP][PASSED] - delay(1): Delayed 1 second(s)

2021-10-29 18:03:22 - [MESSAGE][PASSED] - Delayed 1 second(s)

2021-10-29 18:03:22 - [TEST_STEP][PASSED] - if (negativeStatus == "ownerNameNotMatch"): null

2021-10-29 18:03:22 - [TEST_STEP][PASSED] - else: Delayed 1 second(s)

2021-10-29 18:03:22 - [TEST_STEP][PASSED] - tap(findTestObject("Object Repository/Mobile/Page/Register/Not Registered/Akun Bank/Edit Text - Name Owner"), 0): Tapped on element 'Object Repository/Mobile/Page/Register/Not Registered/Akun Bank/Edit Text - Name Owner'

2021-10-29 18:03:22 - [MESSAGE][WARNING] - Timeout '0' is invalid. Using default page load timeout: '60'

2021-10-29 18:03:23 - [MESSAGE][PASSED] - Tapped on element 'Object Repository/Mobile/Page/Register/Not Registered/Akun Bank/Edit Text - Name Owner'

2021-10-29 18:03:23 - [TEST_STEP][PASSED] - setText(findTestObject("Object Repository/Mobile/Page/Register/Not Registered/Akun Bank/Edit Text - Name Owner"), nameowner, 0): Text 'QATESTVXsPOVabZUvPpil' has been set to element 'Object Repository/Mobile/Page/Register/Not Registered/Akun Bank/Edit Text - Name Owner'

2021-10-29 18:03:23 - [MESSAGE][WARNING] - Timeout '0' is invalid. Using default page load timeout: '60'

2021-10-29 18:03:24 - [MESSAGE][PASSED] - Text 'QATESTVXsPOVabZUvPpil' has been set to element 'Object Repository/Mobile/Page/Register/Not Registered/Akun Bank/Edit Text - Name Owner'

2021-10-29 18:03:24 - [TEST_STEP][PASSED] - hideKeyboard(): Keyboard is hidden

2021-10-29 18:03:27 - [MESSAGE][PASSED] - Keyboard is hidden

2021-10-29 18:03:27 - [TEST_STEP][PASSED] - delay(1): Delayed 1 second(s)

2021-10-29 18:03:28 - [MESSAGE][PASSED] - Delayed 1 second(s)

2021-10-29 18:03:28 - [TEST_STEP][PASSED] - tap(findTestObject("Object Repository/Mobile/Page/Register/Not Registered/Akun Bank/Button - Next"), 0): Tapped on element 'Object Repository/Mobile/Page/Register/Not Registered/Akun Bank/Button - Next'

2021-10-29 18:03:28 - [MESSAGE][WARNING] - Timeout '0' is invalid. Using default page load timeout: '60'

2021-10-29 18:03:30 - [MESSAGE][PASSED] - Tapped on element 'Object Repository/Mobile/Page/Register/Not Registered/Akun Bank/Button - Next'

2021-10-29 18:03:30 - [TEST_STEP][PASSED] - delay(1): Delayed 1 second(s)

2021-10-29 18:03:31 - [MESSAGE][PASSED] - Delayed 1 second(s)

2021-10-29 18:03:31 - [TEST_STEP][PASSED] - if (isUseReferralCode == 1): Delayed 1 second(s)

2021-10-29 18:03:31 - [TEST_STEP][PASSED] - tap(findTestObject("Object Repository/Mobile/Page/Register/Not Registered/Konfirmasi/Edit Text - Referral Code"), 0): Tapped on element 'Object Repository/Mobile/Page/Register/Not Registered/Konfirmasi/Edit Text - Referral Code'

2021-10-29 18:03:31 - [MESSAGE][WARNING] - Timeout '0' is invalid. Using default page load timeout: '60'

2021-10-29 18:03:31 - [MESSAGE][PASSED] - Tapped on element 'Object Repository/Mobile/Page/Register/Not Registered/Konfirmasi/Edit Text - Referral Code'

2021-10-29 18:03:31 - [TEST_STEP][PASSED] - setText(findTestObject("Object Repository/Mobile/Page/Register/Not Registered/Konfirmasi/Edit Text - Referral Code"), referralcode, 0): Text '15412' has been set to element 'Object Repository/Mobile/Page/Register/Not Registered/Konfirmasi/Edit Text - Referral Code'

2021-10-29 18:03:31 - [MESSAGE][WARNING] - Timeout '0' is invalid. Using default page load timeout: '60'

2021-10-29 18:03:32 - [MESSAGE][PASSED] - Text '15412' has been set to element 'Object Repository/Mobile/Page/Register/Not Registered/Konfirmasi/Edit Text - Referral Code'

2021-10-29 18:03:32 - [TEST_STEP][PASSED] - hideKeyboard(): Keyboard is hidden

2021-10-29 18:03:36 - [MESSAGE][PASSED] - Keyboard is hidden

2021-10-29 18:03:36 - [TEST_STEP][PASSED] - delay(1): Delayed 1 second(s)

2021-10-29 18:03:37 - [MESSAGE][PASSED] - Delayed 1 second(s)

2021-10-29 18:03:37 - [TEST_STEP][PASSED] - if (negativeStatus == "noSignature"): null

2021-10-29 18:03:37 - [TEST_STEP][PASSED] - else: Delayed 1 second(s)

2021-10-29 18:03:37 - [TEST_STEP][PASSED] - scroll.scroll.scrollRightToLeft(findTestObject("Mobile/Page/Register/Not Registered/Konfirmasi/Field - Signature")): scroll.scroll.scrollRightToLeft is PASSED

2021-10-29 18:03:37 - [MESSAGE][WARNING] - Timeout '0' is invalid. Using default page load timeout: '60'

2021-10-29 18:03:37 - [MESSAGE][PASSED] - Object 'Object Repository/Mobile/Page/Register/Not Registered/Konfirmasi/Field - Signature' has left position '31'

2021-10-29 18:03:37 - [MESSAGE][WARNING] - Timeout '0' is invalid. Using default page load timeout: '60'

2021-10-29 18:03:37 - [MESSAGE][PASSED] - Object 'Object Repository/Mobile/Page/Register/Not Registered/Konfirmasi/Field - Signature' has top position '612'

2021-10-29 18:03:37 - [MESSAGE][WARNING] - Timeout '0' is invalid. Using default page load timeout: '60'

2021-10-29 18:03:37 - [MESSAGE][PASSED] - Object 'Object Repository/Mobile/Page/Register/Not Registered/Konfirmasi/Field - Signature' has width: '658'

2021-10-29 18:03:37 - [MESSAGE][WARNING] - Timeout '0' is invalid. Using default page load timeout: '60'

2021-10-29 18:03:37 - [MESSAGE][PASSED] - Object 'Object Repository/Mobile/Page/Register/Not Registered/Konfirmasi/Field - Signature' has height: '384'

2021-10-29 18:03:38 - [MESSAGE][PASSED] - Swiped from 557,804 to 162,804

2021-10-29 18:03:38 - [MESSAGE][PASSED] - scroll.scroll.scrollRightToLeft is PASSED

2021-10-29 18:03:38 - [TEST_STEP][PASSED] - delay(1): Delayed 1 second(s)

2021-10-29 18:03:39 - [MESSAGE][PASSED] - Delayed 1 second(s)

2021-10-29 18:03:39 - [TEST_STEP][PASSED] - tap(findTestObject("Mobile/Page/Register/Not Registered/Konfirmasi/Checkbox - Agreement"), 0): Tapped on element 'Object Repository/Mobile/Page/Register/Not Registered/Konfirmasi/Checkbox - Agreement'

2021-10-29 18:03:39 - [MESSAGE][WARNING] - Timeout '0' is invalid. Using default page load timeout: '60'

2021-10-29 18:03:40 - [MESSAGE][PASSED] - Tapped on element 'Object Repository/Mobile/Page/Register/Not Registered/Konfirmasi/Checkbox - Agreement'

2021-10-29 18:03:40 - [TEST_STEP][PASSED] - delay(1): Delayed 1 second(s)

2021-10-29 18:03:41 - [MESSAGE][PASSED] - Delayed 1 second(s)

2021-10-29 18:03:41 - [TEST_STEP][PASSED] - pressBack(): Press back button successfully

2021-10-29 18:03:41 - [MESSAGE][PASSED] - Press back button successfully

2021-10-29 18:03:41 - [TEST_STEP][PASSED] - delay(1): Delayed 1 second(s)

2021-10-29 18:03:42 - [MESSAGE][PASSED] - Delayed 1 second(s)

2021-10-29 18:03:42 - [TEST_STEP][PASSED] - hideKeyboard(): Keyboard is hidden

2021-10-29 18:03:45 - [MESSAGE][PASSED] - Keyboard is hidden

2021-10-29 18:03:45 - [TEST_STEP][PASSED] - tap(findTestObject("Object Repository/Mobile/Page/Register/Not Registered/Konfirmasi/Button - Next"), 0): Tapped on element 'Object Repository/Mobile/Page/Register/Not Registered/Konfirmasi/Button - Next'

2021-10-29 18:03:45 - [MESSAGE][WARNING] - Timeout '0' is invalid. Using default page load timeout: '60'

2021-10-29 18:03:46 - [MESSAGE][PASSED] - Tapped on element 'Object Repository/Mobile/Page/Register/Not Registered/Konfirmasi/Button - Next'

2021-10-29 18:03:46 - [TEST_STEP][PASSED] - delay(5): Delayed 5 second(s)

2021-10-29 18:03:51 - [MESSAGE][PASSED] - Delayed 5 second(s)

2021-10-29 18:03:51 - [TEST_STEP][PASSED] - tap(findTestObject("Object Repository/Mobile/Page/Register/Not Registered/Konfirmasi/Button - Back to Home"), 0): Tapped on element 'Object Repository/Mobile/Page/Register/Not Registered/Konfirmasi/Button - Back to Home'

2021-10-29 18:03:51 - [MESSAGE][WARNING] - Timeout '0' is invalid. Using default page load timeout: '60'

2021-10-29 18:03:53 - [MESSAGE][PASSED] - Tapped on element 'Object Repository/Mobile/Page/Register/Not Registered/Konfirmasi/Button - Back to Home'

2021-10-29 18:03:53 - [TEST_STEP][PASSED] - delay(1): Delayed 1 second(s)

2021-10-29 18:03:54 - [MESSAGE][PASSED] - Delayed 1 second(s)

2021-10-29 18:03:54 - [MESSAGE][PASSED] - Call Test Case 'Test Cases/Mobile/Page/Register/Register' successfully

2021-10-29 18:03:54 - [TEST_STEP][PASSED] - callTestCase(findTestCase("Mobile/Page/Run App/Terminate App"), [:], STOP_ON_FAILURE): Call Test Case 'Test Cases/Mobile/Page/Run App/Terminate App' successfully

2021-10-29 18:03:54 - [TEST_CASE][PASSED] - Test Cases/Mobile/Page/Run App/Terminate App: Test Cases/Mobile/Page/Run App/Terminate App

2021-10-29 18:03:54 - [TEST_STEP][PASSED] - startApp.OpenApp.terminateApplication(): startApp.OpenApp.terminateApplication is PASSED

2021-10-29 18:03:57 - [MESSAGE][PASSED] - Delayed 3 second(s)

2021-10-29 18:03:57 - [MESSAGE][PASSED] - Current device physical width is 720

2021-10-29 18:03:57 - [MESSAGE][PASSED] - Current device physical height is 1423

2021-10-29 18:03:59 - [MESSAGE][PASSED] - Swiped from 360,853 to 360,142

2021-10-29 18:04:00 - [MESSAGE][PASSED] - Delayed 1 second(s)

2021-10-29 18:04:01 - [MESSAGE][PASSED] - Swiped from 360,853 to 360,142

2021-10-29 18:04:04 - [MESSAGE][PASSED] - Delayed 3 second(s)

2021-10-29 18:04:04 - [MESSAGE][PASSED] - startApp.OpenApp.terminateApplication is PASSED

2021-10-29 18:04:04 - [MESSAGE][PASSED] - Call Test Case 'Test Cases/Mobile/Page/Run App/Terminate App' successfully]]></system-out>
         <system-err><![CDATA[]]></system-err>
      </testcase>
      <testcase name="Test Cases/Mobile/Scenario/Register/006 - Registrasi akun baru dengan alamat sesuai KTP dan tidak mengisi kolom signature" time="209.746" classname="Test Cases/Mobile/Scenario/Register/006 - Registrasi akun baru dengan alamat sesuai KTP dan tidak mengisi kolom signature" status="PASSED">
         <system-out><![CDATA[2021-10-29 18:04:04 - [TEST_CASE][PASSED] - Test Cases/Mobile/Scenario/Register/006 - Registrasi akun baru dengan alamat sesuai KTP dan tidak mengisi kolom signature: Test Cases/Mobile/Scenario/Register/006 - Registrasi akun baru dengan alamat sesuai KTP dan tidak mengisi kolom signature

2021-10-29 18:04:04 - [TEST_STEP][PASSED] - callTestCase(findTestCase("Mobile/Page/Run App/Run App byID"), [:], STOP_ON_FAILURE): Call Test Case 'Test Cases/Mobile/Page/Run App/Run App byID' successfully

2021-10-29 18:04:04 - [TEST_CASE][PASSED] - Test Cases/Mobile/Page/Run App/Run App byID: Test Cases/Mobile/Page/Run App/Run App byID

2021-10-29 18:04:04 - [TEST_STEP][PASSED] - startApp.OpenApp.startApplication("com.mirae.maxfund"): startApp.OpenApp.startApplication is PASSED

2021-10-29 18:04:17 - [MESSAGE][PASSED] - Starting app with application ID: 'com.mirae.maxfund'

2021-10-29 18:04:17 - [MESSAGE][PASSED] - startApp.OpenApp.startApplication is PASSED

2021-10-29 18:04:17 - [MESSAGE][PASSED] - Call Test Case 'Test Cases/Mobile/Page/Run App/Run App byID' successfully

2021-10-29 18:04:17 - [TEST_STEP][PASSED] - callTestCase(findTestCase("Mobile/Page/Register/Register"), ["isFromLoginPage":0, "isRegistered":0, "isBedaAlamat":0, "isUseReferralCode":0, "negativeStatus":"noSignature"], STOP_ON_FAILURE): Call Test Case 'Test Cases/Mobile/Page/Register/Register' successfully

2021-10-29 18:04:17 - [TEST_CASE][PASSED] - Test Cases/Mobile/Page/Register/Register: Test Cases/Mobile/Page/Register/Register

2021-10-29 18:04:17 - [TEST_STEP][PASSED] - delay(5): Delayed 5 second(s)

2021-10-29 18:04:22 - [MESSAGE][PASSED] - Delayed 5 second(s)

2021-10-29 18:04:22 - [TEST_STEP][PASSED] - if (isFromLoginPage == 1): null

2021-10-29 18:04:22 - [TEST_STEP][PASSED] - else: Tapped on element 'Object Repository/Mobile/Page/Dashboard/Button - Register'

2021-10-29 18:04:22 - [TEST_STEP][PASSED] - tap(findTestObject("Object Repository/Mobile/Page/Dashboard/Button - Register"), 0): Tapped on element 'Object Repository/Mobile/Page/Dashboard/Button - Register'

2021-10-29 18:04:22 - [MESSAGE][WARNING] - Timeout '0' is invalid. Using default page load timeout: '60'

2021-10-29 18:04:25 - [MESSAGE][PASSED] - Tapped on element 'Object Repository/Mobile/Page/Dashboard/Button - Register'

2021-10-29 18:04:25 - [TEST_STEP][PASSED] - delay(3): Delayed 3 second(s)

2021-10-29 18:04:28 - [MESSAGE][PASSED] - Delayed 3 second(s)

2021-10-29 18:04:28 - [TEST_STEP][PASSED] - if (isRegistered == 1): null

2021-10-29 18:04:28 - [TEST_STEP][PASSED] - else: null

2021-10-29 18:04:28 - [TEST_STEP][PASSED] - RegisterMethod.notRegistered(negativeStatus, isBedaAlamat, isUseReferralCode): null

2021-10-29 18:04:28 - [TEST_STEP][PASSED] - fullname = "QATEST" + acak.acak.randomStringWord(): acak.acak.randomStringWord is PASSED

2021-10-29 18:04:28 - [MESSAGE][PASSED] - acak.acak.randomStringWord is PASSED

2021-10-29 18:04:28 - [TEST_STEP][PASSED] - birthdate = "1/1/1998": null

2021-10-29 18:04:28 - [TEST_STEP][PASSED] - phone = "082" + acak.acak.randomStringNumber(9): acak.acak.randomStringNumber is PASSED

2021-10-29 18:04:28 - [MESSAGE][PASSED] - acak.acak.randomStringNumber is PASSED

2021-10-29 18:04:28 - [TEST_STEP][PASSED] - email = fullname + "@gmail.com": null

2021-10-29 18:04:28 - [TEST_STEP][PASSED] - password = "Mirae1234": null

2021-10-29 18:04:28 - [TEST_STEP][PASSED] - branch = "qa cabang": null

2021-10-29 18:04:28 - [TEST_STEP][PASSED] - accountnumber = "222444222444": null

2021-10-29 18:04:28 - [TEST_STEP][PASSED] - nameowner = fullname: null

2021-10-29 18:04:28 - [TEST_STEP][PASSED] - alamat = "Jl. Cempaka Putih Barat 12 F No.12, RT.8/RW.8": null

2021-10-29 18:04:28 - [TEST_STEP][PASSED] - kodepos = "15412": null

2021-10-29 18:04:28 - [TEST_STEP][PASSED] - referralcode = "15412": null

2021-10-29 18:04:28 - [TEST_STEP][PASSED] - flag = "indonesia": null

2021-10-29 18:04:28 - [TEST_STEP][PASSED] - bank = "citibank": null

2021-10-29 18:04:28 - [TEST_STEP][PASSED] - tap(findTestObject("Object Repository/Mobile/Page/Register/Radio Button - Not registered yet"), 0): Tapped on element 'Object Repository/Mobile/Page/Register/Radio Button - Not registered yet'

2021-10-29 18:04:28 - [MESSAGE][WARNING] - Timeout '0' is invalid. Using default page load timeout: '60'

2021-10-29 18:04:29 - [MESSAGE][PASSED] - Tapped on element 'Object Repository/Mobile/Page/Register/Radio Button - Not registered yet'

2021-10-29 18:04:29 - [TEST_STEP][PASSED] - delay(3): Delayed 3 second(s)

2021-10-29 18:04:32 - [MESSAGE][PASSED] - Delayed 3 second(s)

2021-10-29 18:04:32 - [TEST_STEP][PASSED] - tap(findTestObject("Object Repository/Mobile/Page/Register/Not Registered/Button - Next"), 0): Tapped on element 'Object Repository/Mobile/Page/Register/Not Registered/Button - Next'

2021-10-29 18:04:32 - [MESSAGE][WARNING] - Timeout '0' is invalid. Using default page load timeout: '60'

2021-10-29 18:04:32 - [MESSAGE][PASSED] - Tapped on element 'Object Repository/Mobile/Page/Register/Not Registered/Button - Next'

2021-10-29 18:04:32 - [TEST_STEP][PASSED] - delay(1): Delayed 1 second(s)

2021-10-29 18:04:33 - [MESSAGE][PASSED] - Delayed 1 second(s)

2021-10-29 18:04:33 - [TEST_STEP][PASSED] - tap(findTestObject("Object Repository/Mobile/Page/Register/Not Registered/Informasi Pribadi/Edit Text - Fullname"), 0): Tapped on element 'Object Repository/Mobile/Page/Register/Not Registered/Informasi Pribadi/Edit Text - Fullname'

2021-10-29 18:04:33 - [MESSAGE][WARNING] - Timeout '0' is invalid. Using default page load timeout: '60'

2021-10-29 18:04:34 - [MESSAGE][PASSED] - Tapped on element 'Object Repository/Mobile/Page/Register/Not Registered/Informasi Pribadi/Edit Text - Fullname'

2021-10-29 18:04:34 - [TEST_STEP][PASSED] - setText(findTestObject("Object Repository/Mobile/Page/Register/Not Registered/Informasi Pribadi/Edit Text - Fullname"), fullname, 0): Text 'QATESTrmtcxkiuwmLIcXy' has been set to element 'Object Repository/Mobile/Page/Register/Not Registered/Informasi Pribadi/Edit Text - Fullname'

2021-10-29 18:04:34 - [MESSAGE][WARNING] - Timeout '0' is invalid. Using default page load timeout: '60'

2021-10-29 18:04:35 - [MESSAGE][PASSED] - Text 'QATESTrmtcxkiuwmLIcXy' has been set to element 'Object Repository/Mobile/Page/Register/Not Registered/Informasi Pribadi/Edit Text - Fullname'

2021-10-29 18:04:35 - [TEST_STEP][PASSED] - hideKeyboard(): Keyboard is hidden

2021-10-29 18:04:39 - [MESSAGE][PASSED] - Keyboard is hidden

2021-10-29 18:04:39 - [TEST_STEP][PASSED] - delay(1): Delayed 1 second(s)

2021-10-29 18:04:40 - [MESSAGE][PASSED] - Delayed 1 second(s)

2021-10-29 18:04:40 - [TEST_STEP][PASSED] - tap(findTestObject("Object Repository/Mobile/Page/Register/Not Registered/Informasi Pribadi/Date Picker - Date of Birth"), 0): Tapped on element 'Object Repository/Mobile/Page/Register/Not Registered/Informasi Pribadi/Date Picker - Date of Birth'

2021-10-29 18:04:40 - [MESSAGE][WARNING] - Timeout '0' is invalid. Using default page load timeout: '60'

2021-10-29 18:04:40 - [MESSAGE][PASSED] - Tapped on element 'Object Repository/Mobile/Page/Register/Not Registered/Informasi Pribadi/Date Picker - Date of Birth'

2021-10-29 18:04:40 - [TEST_STEP][PASSED] - tap(findTestObject("Object Repository/Mobile/Page/Register/Not Registered/Informasi Pribadi/Date Picker - Icon Edit"), 0): Tapped on element 'Object Repository/Mobile/Page/Register/Not Registered/Informasi Pribadi/Date Picker - Icon Edit'

2021-10-29 18:04:40 - [MESSAGE][WARNING] - Timeout '0' is invalid. Using default page load timeout: '60'

2021-10-29 18:04:43 - [MESSAGE][PASSED] - Tapped on element 'Object Repository/Mobile/Page/Register/Not Registered/Informasi Pribadi/Date Picker - Icon Edit'

2021-10-29 18:04:43 - [TEST_STEP][PASSED] - if (negativeStatus == "less17YearsOld"): null

2021-10-29 18:04:43 - [TEST_STEP][PASSED] - else: Delayed 1 second(s)

2021-10-29 18:04:43 - [TEST_STEP][PASSED] - setText(findTestObject("Mobile/Page/Register/Not Registered/Informasi Pribadi/Date Picker - Edit Text Date"), birthdate, 0): Text '1/1/1998' has been set to element 'Object Repository/Mobile/Page/Register/Not Registered/Informasi Pribadi/Date Picker - Edit Text Date'

2021-10-29 18:04:43 - [MESSAGE][WARNING] - Timeout '0' is invalid. Using default page load timeout: '60'

2021-10-29 18:04:43 - [MESSAGE][PASSED] - Text '1/1/1998' has been set to element 'Object Repository/Mobile/Page/Register/Not Registered/Informasi Pribadi/Date Picker - Edit Text Date'

2021-10-29 18:04:43 - [TEST_STEP][PASSED] - tap(findTestObject("Mobile/Page/Register/Not Registered/Informasi Pribadi/Date Picker - Button OK"), 0): Tapped on element 'Object Repository/Mobile/Page/Register/Not Registered/Informasi Pribadi/Date Picker - Button OK'

2021-10-29 18:04:43 - [MESSAGE][WARNING] - Timeout '0' is invalid. Using default page load timeout: '60'

2021-10-29 18:04:45 - [MESSAGE][PASSED] - Tapped on element 'Object Repository/Mobile/Page/Register/Not Registered/Informasi Pribadi/Date Picker - Button OK'

2021-10-29 18:04:45 - [TEST_STEP][PASSED] - delay(1): Delayed 1 second(s)

2021-10-29 18:04:46 - [MESSAGE][PASSED] - Delayed 1 second(s)

2021-10-29 18:04:46 - [TEST_STEP][PASSED] - tap(findTestObject("Object Repository/Mobile/Page/Register/Not Registered/Informasi Pribadi/Dropdown - Flag Phone Number"), 0): Tapped on element 'Object Repository/Mobile/Page/Register/Not Registered/Informasi Pribadi/Dropdown - Flag Phone Number'

2021-10-29 18:04:46 - [MESSAGE][WARNING] - Timeout '0' is invalid. Using default page load timeout: '60'

2021-10-29 18:04:47 - [MESSAGE][PASSED] - Tapped on element 'Object Repository/Mobile/Page/Register/Not Registered/Informasi Pribadi/Dropdown - Flag Phone Number'

2021-10-29 18:04:47 - [TEST_STEP][PASSED] - tap(findTestObject("Object Repository/Mobile/Page/Register/Not Registered/Informasi Pribadi/Edit Text - Search Flag"), 0): Tapped on element 'Object Repository/Mobile/Page/Register/Not Registered/Informasi Pribadi/Edit Text - Search Flag'

2021-10-29 18:04:47 - [MESSAGE][WARNING] - Timeout '0' is invalid. Using default page load timeout: '60'

2021-10-29 18:04:47 - [MESSAGE][PASSED] - Tapped on element 'Object Repository/Mobile/Page/Register/Not Registered/Informasi Pribadi/Edit Text - Search Flag'

2021-10-29 18:04:47 - [TEST_STEP][PASSED] - setText(findTestObject("Object Repository/Mobile/Page/Register/Not Registered/Informasi Pribadi/Edit Text - Search Flag"), flag, 0): Text 'indonesia' has been set to element 'Object Repository/Mobile/Page/Register/Not Registered/Informasi Pribadi/Edit Text - Search Flag'

2021-10-29 18:04:47 - [MESSAGE][WARNING] - Timeout '0' is invalid. Using default page load timeout: '60'

2021-10-29 18:04:49 - [MESSAGE][PASSED] - Text 'indonesia' has been set to element 'Object Repository/Mobile/Page/Register/Not Registered/Informasi Pribadi/Edit Text - Search Flag'

2021-10-29 18:04:49 - [TEST_STEP][PASSED] - tap(findTestObject("Mobile/Page/Register/Not Registered/Informasi Pribadi/Item Flag - Top Search"), 0): Tapped on element 'Object Repository/Mobile/Page/Register/Not Registered/Informasi Pribadi/Item Flag - Top Search'

2021-10-29 18:04:49 - [MESSAGE][WARNING] - Timeout '0' is invalid. Using default page load timeout: '60'

2021-10-29 18:04:51 - [MESSAGE][PASSED] - Tapped on element 'Object Repository/Mobile/Page/Register/Not Registered/Informasi Pribadi/Item Flag - Top Search'

2021-10-29 18:04:51 - [TEST_STEP][PASSED] - tap(findTestObject("Object Repository/Mobile/Page/Register/Not Registered/Informasi Pribadi/Edit Text - Phone Number"), 0): Tapped on element 'Object Repository/Mobile/Page/Register/Not Registered/Informasi Pribadi/Edit Text - Phone Number'

2021-10-29 18:04:51 - [MESSAGE][WARNING] - Timeout '0' is invalid. Using default page load timeout: '60'

2021-10-29 18:04:51 - [MESSAGE][PASSED] - Tapped on element 'Object Repository/Mobile/Page/Register/Not Registered/Informasi Pribadi/Edit Text - Phone Number'

2021-10-29 18:04:51 - [TEST_STEP][PASSED] - setText(findTestObject("Object Repository/Mobile/Page/Register/Not Registered/Informasi Pribadi/Edit Text - Phone Number"), phone, 0): Text '082203032908' has been set to element 'Object Repository/Mobile/Page/Register/Not Registered/Informasi Pribadi/Edit Text - Phone Number'

2021-10-29 18:04:51 - [MESSAGE][WARNING] - Timeout '0' is invalid. Using default page load timeout: '60'

2021-10-29 18:04:53 - [MESSAGE][PASSED] - Text '082203032908' has been set to element 'Object Repository/Mobile/Page/Register/Not Registered/Informasi Pribadi/Edit Text - Phone Number'

2021-10-29 18:04:53 - [TEST_STEP][PASSED] - hideKeyboard(): Keyboard is hidden

2021-10-29 18:04:58 - [MESSAGE][PASSED] - Keyboard is hidden

2021-10-29 18:04:58 - [TEST_STEP][PASSED] - delay(1): Delayed 1 second(s)

2021-10-29 18:04:59 - [MESSAGE][PASSED] - Delayed 1 second(s)

2021-10-29 18:04:59 - [TEST_STEP][PASSED] - tap(findTestObject("Object Repository/Mobile/Page/Register/Not Registered/Informasi Pribadi/Dropdown - Flag Re Phone Number"), 0): Tapped on element 'Object Repository/Mobile/Page/Register/Not Registered/Informasi Pribadi/Dropdown - Flag Re Phone Number'

2021-10-29 18:05:00 - [MESSAGE][WARNING] - Timeout '0' is invalid. Using default page load timeout: '60'

2021-10-29 18:05:01 - [MESSAGE][PASSED] - Tapped on element 'Object Repository/Mobile/Page/Register/Not Registered/Informasi Pribadi/Dropdown - Flag Re Phone Number'

2021-10-29 18:05:01 - [TEST_STEP][PASSED] - tap(findTestObject("Object Repository/Mobile/Page/Register/Not Registered/Informasi Pribadi/Edit Text - Search Flag"), 0): Tapped on element 'Object Repository/Mobile/Page/Register/Not Registered/Informasi Pribadi/Edit Text - Search Flag'

2021-10-29 18:05:01 - [MESSAGE][WARNING] - Timeout '0' is invalid. Using default page load timeout: '60'

2021-10-29 18:05:02 - [MESSAGE][PASSED] - Tapped on element 'Object Repository/Mobile/Page/Register/Not Registered/Informasi Pribadi/Edit Text - Search Flag'

2021-10-29 18:05:02 - [TEST_STEP][PASSED] - setText(findTestObject("Object Repository/Mobile/Page/Register/Not Registered/Informasi Pribadi/Edit Text - Search Flag"), flag, 0): Text 'indonesia' has been set to element 'Object Repository/Mobile/Page/Register/Not Registered/Informasi Pribadi/Edit Text - Search Flag'

2021-10-29 18:05:02 - [MESSAGE][WARNING] - Timeout '0' is invalid. Using default page load timeout: '60'

2021-10-29 18:05:03 - [MESSAGE][PASSED] - Text 'indonesia' has been set to element 'Object Repository/Mobile/Page/Register/Not Registered/Informasi Pribadi/Edit Text - Search Flag'

2021-10-29 18:05:03 - [TEST_STEP][PASSED] - tap(findTestObject("Mobile/Page/Register/Not Registered/Informasi Pribadi/Item Flag - Top Search"), 0): Tapped on element 'Object Repository/Mobile/Page/Register/Not Registered/Informasi Pribadi/Item Flag - Top Search'

2021-10-29 18:05:03 - [MESSAGE][WARNING] - Timeout '0' is invalid. Using default page load timeout: '60'

2021-10-29 18:05:05 - [MESSAGE][PASSED] - Tapped on element 'Object Repository/Mobile/Page/Register/Not Registered/Informasi Pribadi/Item Flag - Top Search'

2021-10-29 18:05:05 - [TEST_STEP][PASSED] - tap(findTestObject("Object Repository/Mobile/Page/Register/Not Registered/Informasi Pribadi/Edit Text - Re Phone Number"), 0): Tapped on element 'Object Repository/Mobile/Page/Register/Not Registered/Informasi Pribadi/Edit Text - Re Phone Number'

2021-10-29 18:05:05 - [MESSAGE][WARNING] - Timeout '0' is invalid. Using default page load timeout: '60'

2021-10-29 18:05:06 - [MESSAGE][PASSED] - Tapped on element 'Object Repository/Mobile/Page/Register/Not Registered/Informasi Pribadi/Edit Text - Re Phone Number'

2021-10-29 18:05:06 - [TEST_STEP][PASSED] - setText(findTestObject("Object Repository/Mobile/Page/Register/Not Registered/Informasi Pribadi/Edit Text - Re Phone Number"), phone, 0): Text '082203032908' has been set to element 'Object Repository/Mobile/Page/Register/Not Registered/Informasi Pribadi/Edit Text - Re Phone Number'

2021-10-29 18:05:06 - [MESSAGE][WARNING] - Timeout '0' is invalid. Using default page load timeout: '60'

2021-10-29 18:05:06 - [MESSAGE][PASSED] - Text '082203032908' has been set to element 'Object Repository/Mobile/Page/Register/Not Registered/Informasi Pribadi/Edit Text - Re Phone Number'

2021-10-29 18:05:06 - [TEST_STEP][PASSED] - hideKeyboard(): Keyboard is hidden

2021-10-29 18:05:12 - [MESSAGE][PASSED] - Keyboard is hidden

2021-10-29 18:05:12 - [TEST_STEP][PASSED] - delay(1): Delayed 1 second(s)

2021-10-29 18:05:13 - [MESSAGE][PASSED] - Delayed 1 second(s)

2021-10-29 18:05:13 - [TEST_STEP][PASSED] - if (negativeStatus == "emailRegistered"): null

2021-10-29 18:05:13 - [TEST_STEP][PASSED] - else: Delayed 1 second(s)

2021-10-29 18:05:13 - [TEST_STEP][PASSED] - tap(findTestObject("Object Repository/Mobile/Page/Register/Not Registered/Informasi Pribadi/Edit Text - Email"), 0): Tapped on element 'Object Repository/Mobile/Page/Register/Not Registered/Informasi Pribadi/Edit Text - Email'

2021-10-29 18:05:13 - [MESSAGE][WARNING] - Timeout '0' is invalid. Using default page load timeout: '60'

2021-10-29 18:05:14 - [MESSAGE][PASSED] - Tapped on element 'Object Repository/Mobile/Page/Register/Not Registered/Informasi Pribadi/Edit Text - Email'

2021-10-29 18:05:14 - [TEST_STEP][PASSED] - setText(findTestObject("Object Repository/Mobile/Page/Register/Not Registered/Informasi Pribadi/Edit Text - Email"), email, 0): Text 'QATESTrmtcxkiuwmLIcXy@gmail.com' has been set to element 'Object Repository/Mobile/Page/Register/Not Registered/Informasi Pribadi/Edit Text - Email'

2021-10-29 18:05:14 - [MESSAGE][WARNING] - Timeout '0' is invalid. Using default page load timeout: '60'

2021-10-29 18:05:15 - [MESSAGE][PASSED] - Text 'QATESTrmtcxkiuwmLIcXy@gmail.com' has been set to element 'Object Repository/Mobile/Page/Register/Not Registered/Informasi Pribadi/Edit Text - Email'

2021-10-29 18:05:15 - [TEST_STEP][PASSED] - hideKeyboard(): Keyboard is hidden

2021-10-29 18:05:18 - [MESSAGE][PASSED] - Keyboard is hidden

2021-10-29 18:05:18 - [TEST_STEP][PASSED] - delay(1): Delayed 1 second(s)

2021-10-29 18:05:19 - [MESSAGE][PASSED] - Delayed 1 second(s)

2021-10-29 18:05:19 - [TEST_STEP][PASSED] - if (negativeStatus == "emailNotMatch"): null

2021-10-29 18:05:19 - [TEST_STEP][PASSED] - else: Delayed 1 second(s)

2021-10-29 18:05:19 - [TEST_STEP][PASSED] - tap(findTestObject("Object Repository/Mobile/Page/Register/Not Registered/Informasi Pribadi/Edit Text - Re Email"), 0): Tapped on element 'Object Repository/Mobile/Page/Register/Not Registered/Informasi Pribadi/Edit Text - Re Email'

2021-10-29 18:05:19 - [MESSAGE][WARNING] - Timeout '0' is invalid. Using default page load timeout: '60'

2021-10-29 18:05:21 - [MESSAGE][PASSED] - Tapped on element 'Object Repository/Mobile/Page/Register/Not Registered/Informasi Pribadi/Edit Text - Re Email'

2021-10-29 18:05:21 - [TEST_STEP][PASSED] - setText(findTestObject("Object Repository/Mobile/Page/Register/Not Registered/Informasi Pribadi/Edit Text - Re Email"), email, 0): Text 'QATESTrmtcxkiuwmLIcXy@gmail.com' has been set to element 'Object Repository/Mobile/Page/Register/Not Registered/Informasi Pribadi/Edit Text - Re Email'

2021-10-29 18:05:21 - [MESSAGE][WARNING] - Timeout '0' is invalid. Using default page load timeout: '60'

2021-10-29 18:05:21 - [MESSAGE][PASSED] - Text 'QATESTrmtcxkiuwmLIcXy@gmail.com' has been set to element 'Object Repository/Mobile/Page/Register/Not Registered/Informasi Pribadi/Edit Text - Re Email'

2021-10-29 18:05:21 - [TEST_STEP][PASSED] - hideKeyboard(): Keyboard is hidden

2021-10-29 18:05:24 - [MESSAGE][PASSED] - Keyboard is hidden

2021-10-29 18:05:24 - [TEST_STEP][PASSED] - delay(1): Delayed 1 second(s)

2021-10-29 18:05:25 - [MESSAGE][PASSED] - Delayed 1 second(s)

2021-10-29 18:05:25 - [TEST_STEP][PASSED] - if (negativeStatus == "passwordNotFollowRules"): null

2021-10-29 18:05:25 - [TEST_STEP][PASSED] - else: Delayed 1 second(s)

2021-10-29 18:05:25 - [TEST_STEP][PASSED] - tap(findTestObject("Object Repository/Mobile/Page/Register/Not Registered/Informasi Pribadi/Edit Text - Password"), 0): Tapped on element 'Object Repository/Mobile/Page/Register/Not Registered/Informasi Pribadi/Edit Text - Password'

2021-10-29 18:05:25 - [MESSAGE][WARNING] - Timeout '0' is invalid. Using default page load timeout: '60'

2021-10-29 18:05:26 - [MESSAGE][PASSED] - Tapped on element 'Object Repository/Mobile/Page/Register/Not Registered/Informasi Pribadi/Edit Text - Password'

2021-10-29 18:05:26 - [TEST_STEP][PASSED] - setText(findTestObject("Object Repository/Mobile/Page/Register/Not Registered/Informasi Pribadi/Edit Text - Password"), password, 0): Text 'Mirae1234' has been set to element 'Object Repository/Mobile/Page/Register/Not Registered/Informasi Pribadi/Edit Text - Password'

2021-10-29 18:05:26 - [MESSAGE][WARNING] - Timeout '0' is invalid. Using default page load timeout: '60'

2021-10-29 18:05:27 - [MESSAGE][PASSED] - Text 'Mirae1234' has been set to element 'Object Repository/Mobile/Page/Register/Not Registered/Informasi Pribadi/Edit Text - Password'

2021-10-29 18:05:27 - [TEST_STEP][PASSED] - hideKeyboard(): Keyboard is hidden

2021-10-29 18:05:33 - [MESSAGE][PASSED] - Keyboard is hidden

2021-10-29 18:05:33 - [TEST_STEP][PASSED] - delay(1): Delayed 1 second(s)

2021-10-29 18:05:34 - [MESSAGE][PASSED] - Delayed 1 second(s)

2021-10-29 18:05:34 - [TEST_STEP][PASSED] - tap(findTestObject("Object Repository/Mobile/Page/Register/Not Registered/Informasi Pribadi/Edit Text - Re Password"), 0): Tapped on element 'Object Repository/Mobile/Page/Register/Not Registered/Informasi Pribadi/Edit Text - Re Password'

2021-10-29 18:05:34 - [MESSAGE][WARNING] - Timeout '0' is invalid. Using default page load timeout: '60'

2021-10-29 18:05:35 - [MESSAGE][PASSED] - Tapped on element 'Object Repository/Mobile/Page/Register/Not Registered/Informasi Pribadi/Edit Text - Re Password'

2021-10-29 18:05:35 - [TEST_STEP][PASSED] - setText(findTestObject("Object Repository/Mobile/Page/Register/Not Registered/Informasi Pribadi/Edit Text - Re Password"), password, 0): Text 'Mirae1234' has been set to element 'Object Repository/Mobile/Page/Register/Not Registered/Informasi Pribadi/Edit Text - Re Password'

2021-10-29 18:05:35 - [MESSAGE][WARNING] - Timeout '0' is invalid. Using default page load timeout: '60'

2021-10-29 18:05:36 - [MESSAGE][PASSED] - Text 'Mirae1234' has been set to element 'Object Repository/Mobile/Page/Register/Not Registered/Informasi Pribadi/Edit Text - Re Password'

2021-10-29 18:05:36 - [TEST_STEP][PASSED] - hideKeyboard(): Keyboard is hidden

2021-10-29 18:05:42 - [MESSAGE][PASSED] - Keyboard is hidden

2021-10-29 18:05:42 - [TEST_STEP][PASSED] - delay(1): Delayed 1 second(s)

2021-10-29 18:05:43 - [MESSAGE][PASSED] - Delayed 1 second(s)

2021-10-29 18:05:43 - [TEST_STEP][PASSED] - if (isBedaAlamat == 1): null

2021-10-29 18:05:43 - [TEST_STEP][PASSED] - tap(findTestObject("Object Repository/Mobile/Page/Register/Not Registered/Informasi Pribadi/Button - Icon KTP"), 0): Tapped on element 'Object Repository/Mobile/Page/Register/Not Registered/Informasi Pribadi/Button - Icon KTP'

2021-10-29 18:05:43 - [MESSAGE][WARNING] - Timeout '0' is invalid. Using default page load timeout: '60'

2021-10-29 18:05:43 - [MESSAGE][PASSED] - Tapped on element 'Object Repository/Mobile/Page/Register/Not Registered/Informasi Pribadi/Button - Icon KTP'

2021-10-29 18:05:43 - [TEST_STEP][PASSED] - permission = verifyElementExist(findTestObject("Object Repository/Mobile/Page/Register/Not Registered/Informasi Pribadi/Permission - Only this time"), 1, OPTIONAL): Element 'Object Repository/Mobile/Page/Register/Not Registered/Informasi Pribadi/Permission - Only this time' is exist

2021-10-29 18:05:44 - [MESSAGE][PASSED] - Element 'Object Repository/Mobile/Page/Register/Not Registered/Informasi Pribadi/Permission - Only this time' is exist

2021-10-29 18:05:44 - [TEST_STEP][PASSED] - if (permission): Tapped on element 'Object Repository/Mobile/Page/Register/Not Registered/Informasi Pribadi/Permission - Only this time'

2021-10-29 18:05:44 - [TEST_STEP][PASSED] - tap(findTestObject("Object Repository/Mobile/Page/Register/Not Registered/Informasi Pribadi/Permission - Only this time"), 0): Tapped on element 'Object Repository/Mobile/Page/Register/Not Registered/Informasi Pribadi/Permission - Only this time'

2021-10-29 18:05:44 - [MESSAGE][WARNING] - Timeout '0' is invalid. Using default page load timeout: '60'

2021-10-29 18:05:45 - [MESSAGE][PASSED] - Tapped on element 'Object Repository/Mobile/Page/Register/Not Registered/Informasi Pribadi/Permission - Only this time'

2021-10-29 18:05:45 - [TEST_STEP][PASSED] - permission = verifyElementExist(findTestObject("Object Repository/Mobile/Page/Register/Not Registered/Informasi Pribadi/Permission - Only this time"), 1, OPTIONAL): Element 'Object Repository/Mobile/Page/Register/Not Registered/Informasi Pribadi/Permission - Only this time' is exist

2021-10-29 18:05:46 - [MESSAGE][PASSED] - Element 'Object Repository/Mobile/Page/Register/Not Registered/Informasi Pribadi/Permission - Only this time' is exist

2021-10-29 18:05:46 - [TEST_STEP][PASSED] - if (permission): Tapped on element 'Object Repository/Mobile/Page/Register/Not Registered/Informasi Pribadi/Permission - Only this time'

2021-10-29 18:05:46 - [TEST_STEP][PASSED] - tap(findTestObject("Object Repository/Mobile/Page/Register/Not Registered/Informasi Pribadi/Permission - Only this time"), 0): Tapped on element 'Object Repository/Mobile/Page/Register/Not Registered/Informasi Pribadi/Permission - Only this time'

2021-10-29 18:05:46 - [MESSAGE][WARNING] - Timeout '0' is invalid. Using default page load timeout: '60'

2021-10-29 18:05:46 - [MESSAGE][PASSED] - Tapped on element 'Object Repository/Mobile/Page/Register/Not Registered/Informasi Pribadi/Permission - Only this time'

2021-10-29 18:05:46 - [TEST_STEP][PASSED] - tap(findTestObject("Object Repository/Mobile/Page/Register/Not Registered/Informasi Pribadi/Button - Capture KTP"), 0): Tapped on element 'Object Repository/Mobile/Page/Register/Not Registered/Informasi Pribadi/Button - Capture KTP'

2021-10-29 18:05:46 - [MESSAGE][WARNING] - Timeout '0' is invalid. Using default page load timeout: '60'

2021-10-29 18:05:48 - [MESSAGE][PASSED] - Tapped on element 'Object Repository/Mobile/Page/Register/Not Registered/Informasi Pribadi/Button - Capture KTP'

2021-10-29 18:05:48 - [TEST_STEP][PASSED] - delay(2): Delayed 2 second(s)

2021-10-29 18:05:50 - [MESSAGE][PASSED] - Delayed 2 second(s)

2021-10-29 18:05:50 - [TEST_STEP][PASSED] - scroll.scroll.scrollLeftToRight(findTestObject("Object Repository/Mobile/Page/Register/Not Registered/Informasi Pribadi/Slider - Edit Photo Scale")): scroll.scroll.scrollLeftToRight is PASSED

2021-10-29 18:05:50 - [MESSAGE][WARNING] - Timeout '0' is invalid. Using default page load timeout: '60'

2021-10-29 18:05:52 - [MESSAGE][PASSED] - Object 'Object Repository/Mobile/Page/Register/Not Registered/Informasi Pribadi/Slider - Edit Photo Scale' has left position '0'

2021-10-29 18:05:52 - [MESSAGE][WARNING] - Timeout '0' is invalid. Using default page load timeout: '60'

2021-10-29 18:05:52 - [MESSAGE][PASSED] - Object 'Object Repository/Mobile/Page/Register/Not Registered/Informasi Pribadi/Slider - Edit Photo Scale' has top position '1,284'

2021-10-29 18:05:52 - [MESSAGE][WARNING] - Timeout '0' is invalid. Using default page load timeout: '60'

2021-10-29 18:05:53 - [MESSAGE][PASSED] - Object 'Object Repository/Mobile/Page/Register/Not Registered/Informasi Pribadi/Slider - Edit Photo Scale' has width: '720'

2021-10-29 18:05:53 - [MESSAGE][WARNING] - Timeout '0' is invalid. Using default page load timeout: '60'

2021-10-29 18:05:53 - [MESSAGE][PASSED] - Object 'Object Repository/Mobile/Page/Register/Not Registered/Informasi Pribadi/Slider - Edit Photo Scale' has height: '66'

2021-10-29 18:05:54 - [MESSAGE][PASSED] - Swiped from 144,1,317 to 576,1,317

2021-10-29 18:05:54 - [MESSAGE][PASSED] - scroll.scroll.scrollLeftToRight is PASSED

2021-10-29 18:05:54 - [TEST_STEP][PASSED] - tap(findTestObject("Object Repository/Mobile/Page/Register/Not Registered/Informasi Pribadi/Button - Edit Photo Rotate"), 0): Tapped on element 'Object Repository/Mobile/Page/Register/Not Registered/Informasi Pribadi/Button - Edit Photo Rotate'

2021-10-29 18:05:54 - [MESSAGE][WARNING] - Timeout '0' is invalid. Using default page load timeout: '60'

2021-10-29 18:05:54 - [MESSAGE][PASSED] - Tapped on element 'Object Repository/Mobile/Page/Register/Not Registered/Informasi Pribadi/Button - Edit Photo Rotate'

2021-10-29 18:05:54 - [TEST_STEP][PASSED] - tap(findTestObject("Object Repository/Mobile/Page/Register/Not Registered/Informasi Pribadi/Button - Edit Photo Rotate 90 degree"), 0): Tapped on element 'Object Repository/Mobile/Page/Register/Not Registered/Informasi Pribadi/Button - Edit Photo Rotate 90 degree'

2021-10-29 18:05:54 - [MESSAGE][WARNING] - Timeout '0' is invalid. Using default page load timeout: '60'

2021-10-29 18:05:56 - [MESSAGE][PASSED] - Tapped on element 'Object Repository/Mobile/Page/Register/Not Registered/Informasi Pribadi/Button - Edit Photo Rotate 90 degree'

2021-10-29 18:05:56 - [TEST_STEP][PASSED] - tap(findTestObject("Object Repository/Mobile/Page/Register/Not Registered/Informasi Pribadi/Button - Edit Photo Reset Rotation"), 0): Tapped on element 'Object Repository/Mobile/Page/Register/Not Registered/Informasi Pribadi/Button - Edit Photo Reset Rotation'

2021-10-29 18:05:56 - [MESSAGE][WARNING] - Timeout '0' is invalid. Using default page load timeout: '60'

2021-10-29 18:05:57 - [MESSAGE][PASSED] - Tapped on element 'Object Repository/Mobile/Page/Register/Not Registered/Informasi Pribadi/Button - Edit Photo Reset Rotation'

2021-10-29 18:05:57 - [TEST_STEP][PASSED] - scroll.scroll.scrollLeftToRight(findTestObject("Object Repository/Mobile/Page/Register/Not Registered/Informasi Pribadi/Slider - Edit Photo Rotate")): scroll.scroll.scrollLeftToRight is PASSED

2021-10-29 18:05:57 - [MESSAGE][WARNING] - Timeout '0' is invalid. Using default page load timeout: '60'

2021-10-29 18:05:58 - [MESSAGE][PASSED] - Object 'Object Repository/Mobile/Page/Register/Not Registered/Informasi Pribadi/Slider - Edit Photo Rotate' has left position '88'

2021-10-29 18:05:58 - [MESSAGE][WARNING] - Timeout '0' is invalid. Using default page load timeout: '60'

2021-10-29 18:05:58 - [MESSAGE][PASSED] - Object 'Object Repository/Mobile/Page/Register/Not Registered/Informasi Pribadi/Slider - Edit Photo Rotate' has top position '1,284'

2021-10-29 18:05:58 - [MESSAGE][WARNING] - Timeout '0' is invalid. Using default page load timeout: '60'

2021-10-29 18:05:58 - [MESSAGE][PASSED] - Object 'Object Repository/Mobile/Page/Register/Not Registered/Informasi Pribadi/Slider - Edit Photo Rotate' has width: '544'

2021-10-29 18:05:58 - [MESSAGE][WARNING] - Timeout '0' is invalid. Using default page load timeout: '60'

2021-10-29 18:05:58 - [MESSAGE][PASSED] - Object 'Object Repository/Mobile/Page/Register/Not Registered/Informasi Pribadi/Slider - Edit Photo Rotate' has height: '66'

2021-10-29 18:05:59 - [MESSAGE][PASSED] - Swiped from 196,1,317 to 523,1,317

2021-10-29 18:05:59 - [MESSAGE][PASSED] - scroll.scroll.scrollLeftToRight is PASSED

2021-10-29 18:05:59 - [TEST_STEP][PASSED] - tap(findTestObject("Object Repository/Mobile/Page/Register/Not Registered/Informasi Pribadi/Button - Edit Photo Confirm"), 0): Tapped on element 'Object Repository/Mobile/Page/Register/Not Registered/Informasi Pribadi/Button - Edit Photo Confirm'

2021-10-29 18:05:59 - [MESSAGE][WARNING] - Timeout '0' is invalid. Using default page load timeout: '60'

2021-10-29 18:05:59 - [MESSAGE][PASSED] - Tapped on element 'Object Repository/Mobile/Page/Register/Not Registered/Informasi Pribadi/Button - Edit Photo Confirm'

2021-10-29 18:05:59 - [TEST_STEP][PASSED] - delay(2): Delayed 2 second(s)

2021-10-29 18:06:01 - [MESSAGE][PASSED] - Delayed 2 second(s)

2021-10-29 18:06:01 - [TEST_STEP][PASSED] - hideKeyboard(): Keyboard is hidden

2021-10-29 18:06:09 - [MESSAGE][PASSED] - Keyboard is hidden

2021-10-29 18:06:09 - [TEST_STEP][PASSED] - delay(1): Delayed 1 second(s)

2021-10-29 18:06:10 - [MESSAGE][PASSED] - Delayed 1 second(s)

2021-10-29 18:06:10 - [TEST_STEP][PASSED] - scroll.scroll.scrollToBottomOpenKeyboard(): scroll.scroll.scrollToBottomOpenKeyboard is PASSED

2021-10-29 18:06:11 - [MESSAGE][PASSED] - Current device physical height is 1423

2021-10-29 18:06:11 - [MESSAGE][PASSED] - Current device physical width is 720

2021-10-29 18:06:12 - [MESSAGE][PASSED] - Swiped from 360,853 to 360,284

2021-10-29 18:06:12 - [MESSAGE][PASSED] - scroll.scroll.scrollToBottomOpenKeyboard is PASSED

2021-10-29 18:06:12 - [TEST_STEP][PASSED] - tap(findTestObject("Object Repository/Mobile/Page/Register/Not Registered/Informasi Pribadi/Button - Icon Face with KTP"), 0): Tapped on element 'Object Repository/Mobile/Page/Register/Not Registered/Informasi Pribadi/Button - Icon Face with KTP'

2021-10-29 18:06:12 - [MESSAGE][WARNING] - Timeout '0' is invalid. Using default page load timeout: '60'

2021-10-29 18:06:13 - [MESSAGE][PASSED] - Tapped on element 'Object Repository/Mobile/Page/Register/Not Registered/Informasi Pribadi/Button - Icon Face with KTP'

2021-10-29 18:06:13 - [TEST_STEP][PASSED] - permission = verifyElementExist(findTestObject("Object Repository/Mobile/Page/Register/Not Registered/Informasi Pribadi/Permission - Only this time"), 1, OPTIONAL): Element 'Object Repository/Mobile/Page/Register/Not Registered/Informasi Pribadi/Permission - Only this time' not found

2021-10-29 18:06:16 - [MESSAGE][WARNING] - Element 'Object Repository/Mobile/Page/Register/Not Registered/Informasi Pribadi/Permission - Only this time' not found
[[ATTACHMENT|C:\\Users\\Owner\\Documents\\kerjaan\\KatalonProject\\qa-katalon-maxfund\\Reports\\20211029_174625\\Register\\20211029_174625\\1635505574849.png]]

2021-10-29 18:06:16 - [TEST_STEP][PASSED] - if (permission): null

2021-10-29 18:06:16 - [TEST_STEP][PASSED] - permission = verifyElementExist(findTestObject("Object Repository/Mobile/Page/Register/Not Registered/Informasi Pribadi/Permission - Only this time"), 1, OPTIONAL): Element 'Object Repository/Mobile/Page/Register/Not Registered/Informasi Pribadi/Permission - Only this time' not found

2021-10-29 18:06:19 - [MESSAGE][WARNING] - Element 'Object Repository/Mobile/Page/Register/Not Registered/Informasi Pribadi/Permission - Only this time' not found
[[ATTACHMENT|C:\\Users\\Owner\\Documents\\kerjaan\\KatalonProject\\qa-katalon-maxfund\\Reports\\20211029_174625\\Register\\20211029_174625\\1635505577805.png]]

2021-10-29 18:06:19 - [TEST_STEP][PASSED] - if (permission): null

2021-10-29 18:06:19 - [TEST_STEP][PASSED] - tap(findTestObject("Object Repository/Mobile/Page/Register/Not Registered/Informasi Pribadi/Button - Capture Face with KTP"), 0): Tapped on element 'Object Repository/Mobile/Page/Register/Not Registered/Informasi Pribadi/Button - Capture Face with KTP'

2021-10-29 18:06:19 - [MESSAGE][WARNING] - Timeout '0' is invalid. Using default page load timeout: '60'

2021-10-29 18:06:19 - [MESSAGE][PASSED] - Tapped on element 'Object Repository/Mobile/Page/Register/Not Registered/Informasi Pribadi/Button - Capture Face with KTP'

2021-10-29 18:06:19 - [TEST_STEP][PASSED] - delay(2): Delayed 2 second(s)

2021-10-29 18:06:21 - [MESSAGE][PASSED] - Delayed 2 second(s)

2021-10-29 18:06:21 - [TEST_STEP][PASSED] - hideKeyboard(): Keyboard is hidden

2021-10-29 18:06:28 - [MESSAGE][PASSED] - Keyboard is hidden

2021-10-29 18:06:28 - [TEST_STEP][PASSED] - delay(1): Delayed 1 second(s)

2021-10-29 18:06:29 - [MESSAGE][PASSED] - Delayed 1 second(s)

2021-10-29 18:06:29 - [TEST_STEP][PASSED] - scroll.scroll.scrollToBottomOpenKeyboard(): scroll.scroll.scrollToBottomOpenKeyboard is PASSED

2021-10-29 18:06:29 - [MESSAGE][PASSED] - Current device physical height is 1423

2021-10-29 18:06:29 - [MESSAGE][PASSED] - Current device physical width is 720

2021-10-29 18:06:30 - [MESSAGE][PASSED] - Swiped from 360,853 to 360,284

2021-10-29 18:06:30 - [MESSAGE][PASSED] - scroll.scroll.scrollToBottomOpenKeyboard is PASSED

2021-10-29 18:06:30 - [TEST_STEP][PASSED] - tap(findTestObject("Object Repository/Mobile/Page/Register/Not Registered/Informasi Pribadi/Radio Button - Low Risk"), 0): Tapped on element 'Object Repository/Mobile/Page/Register/Not Registered/Informasi Pribadi/Radio Button - Low Risk'

2021-10-29 18:06:30 - [MESSAGE][WARNING] - Timeout '0' is invalid. Using default page load timeout: '60'

2021-10-29 18:06:31 - [MESSAGE][PASSED] - Tapped on element 'Object Repository/Mobile/Page/Register/Not Registered/Informasi Pribadi/Radio Button - Low Risk'

2021-10-29 18:06:31 - [TEST_STEP][PASSED] - delay(1): Delayed 1 second(s)

2021-10-29 18:06:32 - [MESSAGE][PASSED] - Delayed 1 second(s)

2021-10-29 18:06:32 - [TEST_STEP][PASSED] - tap(findTestObject("Object Repository/Mobile/Page/Register/Not Registered/Informasi Pribadi/Radio Button - Medium Risk"), 0): Tapped on element 'Object Repository/Mobile/Page/Register/Not Registered/Informasi Pribadi/Radio Button - Medium Risk'

2021-10-29 18:06:32 - [MESSAGE][WARNING] - Timeout '0' is invalid. Using default page load timeout: '60'

2021-10-29 18:06:32 - [MESSAGE][PASSED] - Tapped on element 'Object Repository/Mobile/Page/Register/Not Registered/Informasi Pribadi/Radio Button - Medium Risk'

2021-10-29 18:06:32 - [TEST_STEP][PASSED] - delay(1): Delayed 1 second(s)

2021-10-29 18:06:33 - [MESSAGE][PASSED] - Delayed 1 second(s)

2021-10-29 18:06:33 - [TEST_STEP][PASSED] - tap(findTestObject("Object Repository/Mobile/Page/Register/Not Registered/Informasi Pribadi/Radio Button - High Risk"), 0): Tapped on element 'Object Repository/Mobile/Page/Register/Not Registered/Informasi Pribadi/Radio Button - High Risk'

2021-10-29 18:06:33 - [MESSAGE][WARNING] - Timeout '0' is invalid. Using default page load timeout: '60'

2021-10-29 18:06:34 - [MESSAGE][PASSED] - Tapped on element 'Object Repository/Mobile/Page/Register/Not Registered/Informasi Pribadi/Radio Button - High Risk'

2021-10-29 18:06:34 - [TEST_STEP][PASSED] - delay(1): Delayed 1 second(s)

2021-10-29 18:06:35 - [MESSAGE][PASSED] - Delayed 1 second(s)

2021-10-29 18:06:35 - [TEST_STEP][PASSED] - tap(findTestObject("Object Repository/Mobile/Page/Register/Not Registered/Informasi Pribadi/Button - Next"), 0): Tapped on element 'Object Repository/Mobile/Page/Register/Not Registered/Informasi Pribadi/Button - Next'

2021-10-29 18:06:35 - [MESSAGE][WARNING] - Timeout '0' is invalid. Using default page load timeout: '60'

2021-10-29 18:06:36 - [MESSAGE][PASSED] - Tapped on element 'Object Repository/Mobile/Page/Register/Not Registered/Informasi Pribadi/Button - Next'

2021-10-29 18:06:36 - [TEST_STEP][PASSED] - delay(1): Delayed 1 second(s)

2021-10-29 18:06:37 - [MESSAGE][PASSED] - Delayed 1 second(s)

2021-10-29 18:06:37 - [TEST_STEP][PASSED] - tapAndHold(findTestObject("Mobile/Page/Register/Not Registered/Akun Bank/Dropdown - Bank"), 1, 0): Tapped and held on element 'Object Repository/Mobile/Page/Register/Not Registered/Akun Bank/Dropdown - Bank' with duration 1

2021-10-29 18:06:37 - [MESSAGE][WARNING] - Timeout '0' is invalid. Using default page load timeout: '60'

2021-10-29 18:06:40 - [MESSAGE][PASSED] - Tapped and held on element 'Object Repository/Mobile/Page/Register/Not Registered/Akun Bank/Dropdown - Bank' with duration 1

2021-10-29 18:06:40 - [TEST_STEP][PASSED] - tap(findTestObject("Mobile/Page/Register/Not Registered/Akun Bank/Edit Text - Search Bank"), 0): Tapped on element 'Object Repository/Mobile/Page/Register/Not Registered/Akun Bank/Edit Text - Search Bank'

2021-10-29 18:06:40 - [MESSAGE][WARNING] - Timeout '0' is invalid. Using default page load timeout: '60'

2021-10-29 18:06:40 - [MESSAGE][PASSED] - Tapped on element 'Object Repository/Mobile/Page/Register/Not Registered/Akun Bank/Edit Text - Search Bank'

2021-10-29 18:06:40 - [TEST_STEP][PASSED] - setText(findTestObject("Mobile/Page/Register/Not Registered/Akun Bank/Edit Text - Search Bank"), "citibank", 0): Text 'citibank' has been set to element 'Object Repository/Mobile/Page/Register/Not Registered/Akun Bank/Edit Text - Search Bank'

2021-10-29 18:06:40 - [MESSAGE][WARNING] - Timeout '0' is invalid. Using default page load timeout: '60'

2021-10-29 18:06:42 - [MESSAGE][PASSED] - Text 'citibank' has been set to element 'Object Repository/Mobile/Page/Register/Not Registered/Akun Bank/Edit Text - Search Bank'

2021-10-29 18:06:42 - [TEST_STEP][PASSED] - driver = getDriver(): null

2021-10-29 18:06:42 - [TEST_STEP][PASSED] - driver.pressKeyCode(ENTER): null

2021-10-29 18:06:42 - [TEST_STEP][PASSED] - tap(findTestObject("Object Repository/Mobile/Page/Register/Not Registered/Akun Bank/Item - Top Search Bank"), 0): Tapped on element 'Object Repository/Mobile/Page/Register/Not Registered/Akun Bank/Item - Top Search Bank'

2021-10-29 18:06:43 - [MESSAGE][WARNING] - Timeout '0' is invalid. Using default page load timeout: '60'

2021-10-29 18:06:44 - [MESSAGE][PASSED] - Tapped on element 'Object Repository/Mobile/Page/Register/Not Registered/Akun Bank/Item - Top Search Bank'

2021-10-29 18:06:44 - [TEST_STEP][PASSED] - delay(1): Delayed 1 second(s)

2021-10-29 18:06:45 - [MESSAGE][PASSED] - Delayed 1 second(s)

2021-10-29 18:06:45 - [TEST_STEP][PASSED] - tapAndHold(findTestObject("Mobile/Page/Register/Not Registered/Akun Bank/Dropdown - Country"), 1, 0): Tapped and held on element 'Object Repository/Mobile/Page/Register/Not Registered/Akun Bank/Dropdown - Country' with duration 1

2021-10-29 18:06:45 - [MESSAGE][WARNING] - Timeout '0' is invalid. Using default page load timeout: '60'

2021-10-29 18:06:48 - [MESSAGE][PASSED] - Tapped and held on element 'Object Repository/Mobile/Page/Register/Not Registered/Akun Bank/Dropdown - Country' with duration 1

2021-10-29 18:06:48 - [TEST_STEP][PASSED] - tap(findTestObject("Object Repository/Mobile/Page/Register/Not Registered/Akun Bank/Dropdown - Country Option Indonesia"), 0): Tapped on element 'Object Repository/Mobile/Page/Register/Not Registered/Akun Bank/Dropdown - Country Option Indonesia'

2021-10-29 18:06:48 - [MESSAGE][WARNING] - Timeout '0' is invalid. Using default page load timeout: '60'

2021-10-29 18:06:49 - [MESSAGE][PASSED] - Tapped on element 'Object Repository/Mobile/Page/Register/Not Registered/Akun Bank/Dropdown - Country Option Indonesia'

2021-10-29 18:06:49 - [TEST_STEP][PASSED] - delay(1): Delayed 1 second(s)

2021-10-29 18:06:50 - [MESSAGE][PASSED] - Delayed 1 second(s)

2021-10-29 18:06:50 - [TEST_STEP][PASSED] - tap(findTestObject("Object Repository/Mobile/Page/Register/Not Registered/Akun Bank/Edit Text - Branch"), 0): Tapped on element 'Object Repository/Mobile/Page/Register/Not Registered/Akun Bank/Edit Text - Branch'

2021-10-29 18:06:50 - [MESSAGE][WARNING] - Timeout '0' is invalid. Using default page load timeout: '60'

2021-10-29 18:06:51 - [MESSAGE][PASSED] - Tapped on element 'Object Repository/Mobile/Page/Register/Not Registered/Akun Bank/Edit Text - Branch'

2021-10-29 18:06:51 - [TEST_STEP][PASSED] - setText(findTestObject("Object Repository/Mobile/Page/Register/Not Registered/Akun Bank/Edit Text - Branch"), branch, 0): Text 'qa cabang' has been set to element 'Object Repository/Mobile/Page/Register/Not Registered/Akun Bank/Edit Text - Branch'

2021-10-29 18:06:51 - [MESSAGE][WARNING] - Timeout '0' is invalid. Using default page load timeout: '60'

2021-10-29 18:06:52 - [MESSAGE][PASSED] - Text 'qa cabang' has been set to element 'Object Repository/Mobile/Page/Register/Not Registered/Akun Bank/Edit Text - Branch'

2021-10-29 18:06:52 - [TEST_STEP][PASSED] - hideKeyboard(): Keyboard is hidden

2021-10-29 18:06:55 - [MESSAGE][PASSED] - Keyboard is hidden

2021-10-29 18:06:55 - [TEST_STEP][PASSED] - delay(1): Delayed 1 second(s)

2021-10-29 18:06:56 - [MESSAGE][PASSED] - Delayed 1 second(s)

2021-10-29 18:06:56 - [TEST_STEP][PASSED] - tap(findTestObject("Object Repository/Mobile/Page/Register/Not Registered/Akun Bank/Edit Text - Account Number"), 0): Tapped on element 'Object Repository/Mobile/Page/Register/Not Registered/Akun Bank/Edit Text - Account Number'

2021-10-29 18:06:56 - [MESSAGE][WARNING] - Timeout '0' is invalid. Using default page load timeout: '60'

2021-10-29 18:06:57 - [MESSAGE][PASSED] - Tapped on element 'Object Repository/Mobile/Page/Register/Not Registered/Akun Bank/Edit Text - Account Number'

2021-10-29 18:06:57 - [TEST_STEP][PASSED] - setText(findTestObject("Object Repository/Mobile/Page/Register/Not Registered/Akun Bank/Edit Text - Account Number"), accountnumber, 0): Text '222444222444' has been set to element 'Object Repository/Mobile/Page/Register/Not Registered/Akun Bank/Edit Text - Account Number'

2021-10-29 18:06:57 - [MESSAGE][WARNING] - Timeout '0' is invalid. Using default page load timeout: '60'

2021-10-29 18:06:58 - [MESSAGE][PASSED] - Text '222444222444' has been set to element 'Object Repository/Mobile/Page/Register/Not Registered/Akun Bank/Edit Text - Account Number'

2021-10-29 18:06:58 - [TEST_STEP][PASSED] - hideKeyboard(): Keyboard is hidden

2021-10-29 18:07:04 - [MESSAGE][PASSED] - Keyboard is hidden

2021-10-29 18:07:04 - [TEST_STEP][PASSED] - delay(1): Delayed 1 second(s)

2021-10-29 18:07:05 - [MESSAGE][PASSED] - Delayed 1 second(s)

2021-10-29 18:07:05 - [TEST_STEP][PASSED] - if (negativeStatus == "ownerNameNotMatch"): null

2021-10-29 18:07:05 - [TEST_STEP][PASSED] - else: Delayed 1 second(s)

2021-10-29 18:07:05 - [TEST_STEP][PASSED] - tap(findTestObject("Object Repository/Mobile/Page/Register/Not Registered/Akun Bank/Edit Text - Name Owner"), 0): Tapped on element 'Object Repository/Mobile/Page/Register/Not Registered/Akun Bank/Edit Text - Name Owner'

2021-10-29 18:07:05 - [MESSAGE][WARNING] - Timeout '0' is invalid. Using default page load timeout: '60'

2021-10-29 18:07:06 - [MESSAGE][PASSED] - Tapped on element 'Object Repository/Mobile/Page/Register/Not Registered/Akun Bank/Edit Text - Name Owner'

2021-10-29 18:07:06 - [TEST_STEP][PASSED] - setText(findTestObject("Object Repository/Mobile/Page/Register/Not Registered/Akun Bank/Edit Text - Name Owner"), nameowner, 0): Text 'QATESTrmtcxkiuwmLIcXy' has been set to element 'Object Repository/Mobile/Page/Register/Not Registered/Akun Bank/Edit Text - Name Owner'

2021-10-29 18:07:06 - [MESSAGE][WARNING] - Timeout '0' is invalid. Using default page load timeout: '60'

2021-10-29 18:07:07 - [MESSAGE][PASSED] - Text 'QATESTrmtcxkiuwmLIcXy' has been set to element 'Object Repository/Mobile/Page/Register/Not Registered/Akun Bank/Edit Text - Name Owner'

2021-10-29 18:07:07 - [TEST_STEP][PASSED] - hideKeyboard(): Keyboard is hidden

2021-10-29 18:07:10 - [MESSAGE][PASSED] - Keyboard is hidden

2021-10-29 18:07:10 - [TEST_STEP][PASSED] - delay(1): Delayed 1 second(s)

2021-10-29 18:07:11 - [MESSAGE][PASSED] - Delayed 1 second(s)

2021-10-29 18:07:11 - [TEST_STEP][PASSED] - tap(findTestObject("Object Repository/Mobile/Page/Register/Not Registered/Akun Bank/Button - Next"), 0): Tapped on element 'Object Repository/Mobile/Page/Register/Not Registered/Akun Bank/Button - Next'

2021-10-29 18:07:11 - [MESSAGE][WARNING] - Timeout '0' is invalid. Using default page load timeout: '60'

2021-10-29 18:07:12 - [MESSAGE][PASSED] - Tapped on element 'Object Repository/Mobile/Page/Register/Not Registered/Akun Bank/Button - Next'

2021-10-29 18:07:12 - [TEST_STEP][PASSED] - delay(1): Delayed 1 second(s)

2021-10-29 18:07:13 - [MESSAGE][PASSED] - Delayed 1 second(s)

2021-10-29 18:07:13 - [TEST_STEP][PASSED] - if (isUseReferralCode == 1): null

2021-10-29 18:07:13 - [TEST_STEP][PASSED] - if (negativeStatus == "noSignature"): Element 'Object Repository/Mobile/Page/Register/Not Registered/Konfirmasi/Alert - Please sign' is exist

2021-10-29 18:07:13 - [TEST_STEP][PASSED] - tap(findTestObject("Mobile/Page/Register/Not Registered/Konfirmasi/Checkbox - Agreement"), 0): Tapped on element 'Object Repository/Mobile/Page/Register/Not Registered/Konfirmasi/Checkbox - Agreement'

2021-10-29 18:07:13 - [MESSAGE][WARNING] - Timeout '0' is invalid. Using default page load timeout: '60'

2021-10-29 18:07:14 - [MESSAGE][PASSED] - Tapped on element 'Object Repository/Mobile/Page/Register/Not Registered/Konfirmasi/Checkbox - Agreement'

2021-10-29 18:07:14 - [TEST_STEP][PASSED] - delay(1): Delayed 1 second(s)

2021-10-29 18:07:15 - [MESSAGE][PASSED] - Delayed 1 second(s)

2021-10-29 18:07:15 - [TEST_STEP][PASSED] - pressBack(): Press back button successfully

2021-10-29 18:07:15 - [MESSAGE][PASSED] - Press back button successfully

2021-10-29 18:07:15 - [TEST_STEP][PASSED] - delay(1): Delayed 1 second(s)

2021-10-29 18:07:16 - [MESSAGE][PASSED] - Delayed 1 second(s)

2021-10-29 18:07:16 - [TEST_STEP][PASSED] - hideKeyboard(): Keyboard is hidden

2021-10-29 18:07:17 - [MESSAGE][PASSED] - Keyboard is hidden

2021-10-29 18:07:17 - [TEST_STEP][PASSED] - tap(findTestObject("Object Repository/Mobile/Page/Register/Not Registered/Konfirmasi/Button - Next"), 0): Tapped on element 'Object Repository/Mobile/Page/Register/Not Registered/Konfirmasi/Button - Next'

2021-10-29 18:07:18 - [MESSAGE][WARNING] - Timeout '0' is invalid. Using default page load timeout: '60'

2021-10-29 18:07:18 - [MESSAGE][PASSED] - Tapped on element 'Object Repository/Mobile/Page/Register/Not Registered/Konfirmasi/Button - Next'

2021-10-29 18:07:18 - [TEST_STEP][PASSED] - delay(5): Delayed 5 second(s)

2021-10-29 18:07:23 - [MESSAGE][PASSED] - Delayed 5 second(s)

2021-10-29 18:07:23 - [TEST_STEP][PASSED] - alertpleasesign = verifyElementExist(findTestObject("Object Repository/Mobile/Page/Register/Not Registered/Konfirmasi/Alert - Please sign"), 1, OPTIONAL): Element 'Object Repository/Mobile/Page/Register/Not Registered/Konfirmasi/Alert - Please sign' is exist

2021-10-29 18:07:24 - [MESSAGE][PASSED] - Element 'Object Repository/Mobile/Page/Register/Not Registered/Konfirmasi/Alert - Please sign' is exist

2021-10-29 18:07:24 - [MESSAGE][PASSED] - Call Test Case 'Test Cases/Mobile/Page/Register/Register' successfully

2021-10-29 18:07:24 - [TEST_STEP][PASSED] - callTestCase(findTestCase("Mobile/Page/Run App/Terminate App"), [:], STOP_ON_FAILURE): Call Test Case 'Test Cases/Mobile/Page/Run App/Terminate App' successfully

2021-10-29 18:07:24 - [TEST_CASE][PASSED] - Test Cases/Mobile/Page/Run App/Terminate App: Test Cases/Mobile/Page/Run App/Terminate App

2021-10-29 18:07:24 - [TEST_STEP][PASSED] - startApp.OpenApp.terminateApplication(): startApp.OpenApp.terminateApplication is PASSED

2021-10-29 18:07:27 - [MESSAGE][PASSED] - Delayed 3 second(s)

2021-10-29 18:07:27 - [MESSAGE][PASSED] - Current device physical width is 720

2021-10-29 18:07:27 - [MESSAGE][PASSED] - Current device physical height is 1423

2021-10-29 18:07:28 - [MESSAGE][PASSED] - Swiped from 360,853 to 360,142

2021-10-29 18:07:29 - [MESSAGE][PASSED] - Delayed 1 second(s)

2021-10-29 18:07:31 - [MESSAGE][PASSED] - Swiped from 360,853 to 360,142

2021-10-29 18:07:34 - [MESSAGE][PASSED] - Delayed 3 second(s)

2021-10-29 18:07:34 - [MESSAGE][PASSED] - startApp.OpenApp.terminateApplication is PASSED

2021-10-29 18:07:34 - [MESSAGE][PASSED] - Call Test Case 'Test Cases/Mobile/Page/Run App/Terminate App' successfully]]></system-out>
         <system-err><![CDATA[]]></system-err>
      </testcase>
      <testcase name="Test Cases/Mobile/Scenario/Register/007 - Registrasi melalui Link Daftar di sini" time="219.385" classname="Test Cases/Mobile/Scenario/Register/007 - Registrasi melalui Link Daftar di sini" status="PASSED">
         <system-out><![CDATA[2021-10-29 18:07:34 - [TEST_CASE][PASSED] - Test Cases/Mobile/Scenario/Register/007 - Registrasi melalui Link Daftar di sini: Test Cases/Mobile/Scenario/Register/007 - Registrasi melalui Link Daftar di sini

2021-10-29 18:07:34 - [TEST_STEP][PASSED] - callTestCase(findTestCase("Mobile/Page/Run App/Run App byID"), [:], STOP_ON_FAILURE): Call Test Case 'Test Cases/Mobile/Page/Run App/Run App byID' successfully

2021-10-29 18:07:34 - [TEST_CASE][PASSED] - Test Cases/Mobile/Page/Run App/Run App byID: Test Cases/Mobile/Page/Run App/Run App byID

2021-10-29 18:07:34 - [TEST_STEP][PASSED] - startApp.OpenApp.startApplication("com.mirae.maxfund"): startApp.OpenApp.startApplication is PASSED

2021-10-29 18:07:47 - [MESSAGE][PASSED] - Starting app with application ID: 'com.mirae.maxfund'

2021-10-29 18:07:47 - [MESSAGE][PASSED] - startApp.OpenApp.startApplication is PASSED

2021-10-29 18:07:47 - [MESSAGE][PASSED] - Call Test Case 'Test Cases/Mobile/Page/Run App/Run App byID' successfully

2021-10-29 18:07:47 - [TEST_STEP][PASSED] - callTestCase(findTestCase("Mobile/Page/Register/Register"), ["isFromLoginPage":1, "isRegistered":0, "isBedaAlamat":0, "isUseReferralCode":0, "negativeStatus":"none"], STOP_ON_FAILURE): Call Test Case 'Test Cases/Mobile/Page/Register/Register' successfully

2021-10-29 18:07:47 - [TEST_CASE][PASSED] - Test Cases/Mobile/Page/Register/Register: Test Cases/Mobile/Page/Register/Register

2021-10-29 18:07:47 - [TEST_STEP][PASSED] - delay(5): Delayed 5 second(s)

2021-10-29 18:07:52 - [MESSAGE][PASSED] - Delayed 5 second(s)

2021-10-29 18:07:52 - [TEST_STEP][PASSED] - if (isFromLoginPage == 1): Tapped on element 'Object Repository/Mobile/Page/Login/Button - Register'

2021-10-29 18:07:52 - [TEST_STEP][PASSED] - tap(findTestObject("Object Repository/Mobile/Page/Dashboard/Button - Login"), 0): Tapped on element 'Object Repository/Mobile/Page/Dashboard/Button - Login'

2021-10-29 18:07:52 - [MESSAGE][WARNING] - Timeout '0' is invalid. Using default page load timeout: '60'

2021-10-29 18:07:54 - [MESSAGE][PASSED] - Tapped on element 'Object Repository/Mobile/Page/Dashboard/Button - Login'

2021-10-29 18:07:54 - [TEST_STEP][PASSED] - delay(1): Delayed 1 second(s)

2021-10-29 18:07:55 - [MESSAGE][PASSED] - Delayed 1 second(s)

2021-10-29 18:07:55 - [TEST_STEP][PASSED] - tap(findTestObject("Object Repository/Mobile/Page/Login/Button - Register"), 0): Tapped on element 'Object Repository/Mobile/Page/Login/Button - Register'

2021-10-29 18:07:55 - [MESSAGE][WARNING] - Timeout '0' is invalid. Using default page load timeout: '60'

2021-10-29 18:07:57 - [MESSAGE][PASSED] - Tapped on element 'Object Repository/Mobile/Page/Login/Button - Register'

2021-10-29 18:07:57 - [TEST_STEP][PASSED] - delay(3): Delayed 3 second(s)

2021-10-29 18:08:00 - [MESSAGE][PASSED] - Delayed 3 second(s)

2021-10-29 18:08:00 - [TEST_STEP][PASSED] - if (isRegistered == 1): null

2021-10-29 18:08:00 - [TEST_STEP][PASSED] - else: null

2021-10-29 18:08:00 - [TEST_STEP][PASSED] - RegisterMethod.notRegistered(negativeStatus, isBedaAlamat, isUseReferralCode): null

2021-10-29 18:08:00 - [TEST_STEP][PASSED] - fullname = "QATEST" + acak.acak.randomStringWord(): acak.acak.randomStringWord is PASSED

2021-10-29 18:08:00 - [MESSAGE][PASSED] - acak.acak.randomStringWord is PASSED

2021-10-29 18:08:00 - [TEST_STEP][PASSED] - birthdate = "1/1/1998": null

2021-10-29 18:08:00 - [TEST_STEP][PASSED] - phone = "082" + acak.acak.randomStringNumber(9): acak.acak.randomStringNumber is PASSED

2021-10-29 18:08:00 - [MESSAGE][PASSED] - acak.acak.randomStringNumber is PASSED

2021-10-29 18:08:00 - [TEST_STEP][PASSED] - email = fullname + "@gmail.com": null

2021-10-29 18:08:00 - [TEST_STEP][PASSED] - password = "Mirae1234": null

2021-10-29 18:08:00 - [TEST_STEP][PASSED] - branch = "qa cabang": null

2021-10-29 18:08:00 - [TEST_STEP][PASSED] - accountnumber = "222444222444": null

2021-10-29 18:08:00 - [TEST_STEP][PASSED] - nameowner = fullname: null

2021-10-29 18:08:00 - [TEST_STEP][PASSED] - alamat = "Jl. Cempaka Putih Barat 12 F No.12, RT.8/RW.8": null

2021-10-29 18:08:00 - [TEST_STEP][PASSED] - kodepos = "15412": null

2021-10-29 18:08:00 - [TEST_STEP][PASSED] - referralcode = "15412": null

2021-10-29 18:08:00 - [TEST_STEP][PASSED] - flag = "indonesia": null

2021-10-29 18:08:00 - [TEST_STEP][PASSED] - bank = "citibank": null

2021-10-29 18:08:00 - [TEST_STEP][PASSED] - tap(findTestObject("Object Repository/Mobile/Page/Register/Radio Button - Not registered yet"), 0): Tapped on element 'Object Repository/Mobile/Page/Register/Radio Button - Not registered yet'

2021-10-29 18:08:00 - [MESSAGE][WARNING] - Timeout '0' is invalid. Using default page load timeout: '60'

2021-10-29 18:08:01 - [MESSAGE][PASSED] - Tapped on element 'Object Repository/Mobile/Page/Register/Radio Button - Not registered yet'

2021-10-29 18:08:01 - [TEST_STEP][PASSED] - delay(3): Delayed 3 second(s)

2021-10-29 18:08:04 - [MESSAGE][PASSED] - Delayed 3 second(s)

2021-10-29 18:08:04 - [TEST_STEP][PASSED] - tap(findTestObject("Object Repository/Mobile/Page/Register/Not Registered/Button - Next"), 0): Tapped on element 'Object Repository/Mobile/Page/Register/Not Registered/Button - Next'

2021-10-29 18:08:04 - [MESSAGE][WARNING] - Timeout '0' is invalid. Using default page load timeout: '60'

2021-10-29 18:08:05 - [MESSAGE][PASSED] - Tapped on element 'Object Repository/Mobile/Page/Register/Not Registered/Button - Next'

2021-10-29 18:08:05 - [TEST_STEP][PASSED] - delay(1): Delayed 1 second(s)

2021-10-29 18:08:06 - [MESSAGE][PASSED] - Delayed 1 second(s)

2021-10-29 18:08:06 - [TEST_STEP][PASSED] - tap(findTestObject("Object Repository/Mobile/Page/Register/Not Registered/Informasi Pribadi/Edit Text - Fullname"), 0): Tapped on element 'Object Repository/Mobile/Page/Register/Not Registered/Informasi Pribadi/Edit Text - Fullname'

2021-10-29 18:08:07 - [MESSAGE][WARNING] - Timeout '0' is invalid. Using default page load timeout: '60'

2021-10-29 18:08:07 - [MESSAGE][PASSED] - Tapped on element 'Object Repository/Mobile/Page/Register/Not Registered/Informasi Pribadi/Edit Text - Fullname'

2021-10-29 18:08:07 - [TEST_STEP][PASSED] - setText(findTestObject("Object Repository/Mobile/Page/Register/Not Registered/Informasi Pribadi/Edit Text - Fullname"), fullname, 0): Text 'QATESTbTgLwbYuBlxfPaG' has been set to element 'Object Repository/Mobile/Page/Register/Not Registered/Informasi Pribadi/Edit Text - Fullname'

2021-10-29 18:08:07 - [MESSAGE][WARNING] - Timeout '0' is invalid. Using default page load timeout: '60'

2021-10-29 18:08:09 - [MESSAGE][PASSED] - Text 'QATESTbTgLwbYuBlxfPaG' has been set to element 'Object Repository/Mobile/Page/Register/Not Registered/Informasi Pribadi/Edit Text - Fullname'

2021-10-29 18:08:09 - [TEST_STEP][PASSED] - hideKeyboard(): Keyboard is hidden

2021-10-29 18:08:12 - [MESSAGE][PASSED] - Keyboard is hidden

2021-10-29 18:08:12 - [TEST_STEP][PASSED] - delay(1): Delayed 1 second(s)

2021-10-29 18:08:13 - [MESSAGE][PASSED] - Delayed 1 second(s)

2021-10-29 18:08:13 - [TEST_STEP][PASSED] - tap(findTestObject("Object Repository/Mobile/Page/Register/Not Registered/Informasi Pribadi/Date Picker - Date of Birth"), 0): Tapped on element 'Object Repository/Mobile/Page/Register/Not Registered/Informasi Pribadi/Date Picker - Date of Birth'

2021-10-29 18:08:13 - [MESSAGE][WARNING] - Timeout '0' is invalid. Using default page load timeout: '60'

2021-10-29 18:08:13 - [MESSAGE][PASSED] - Tapped on element 'Object Repository/Mobile/Page/Register/Not Registered/Informasi Pribadi/Date Picker - Date of Birth'

2021-10-29 18:08:13 - [TEST_STEP][PASSED] - tap(findTestObject("Object Repository/Mobile/Page/Register/Not Registered/Informasi Pribadi/Date Picker - Icon Edit"), 0): Tapped on element 'Object Repository/Mobile/Page/Register/Not Registered/Informasi Pribadi/Date Picker - Icon Edit'

2021-10-29 18:08:13 - [MESSAGE][WARNING] - Timeout '0' is invalid. Using default page load timeout: '60'

2021-10-29 18:08:16 - [MESSAGE][PASSED] - Tapped on element 'Object Repository/Mobile/Page/Register/Not Registered/Informasi Pribadi/Date Picker - Icon Edit'

2021-10-29 18:08:16 - [TEST_STEP][PASSED] - if (negativeStatus == "less17YearsOld"): null

2021-10-29 18:08:16 - [TEST_STEP][PASSED] - else: Delayed 1 second(s)

2021-10-29 18:08:16 - [TEST_STEP][PASSED] - setText(findTestObject("Mobile/Page/Register/Not Registered/Informasi Pribadi/Date Picker - Edit Text Date"), birthdate, 0): Text '1/1/1998' has been set to element 'Object Repository/Mobile/Page/Register/Not Registered/Informasi Pribadi/Date Picker - Edit Text Date'

2021-10-29 18:08:16 - [MESSAGE][WARNING] - Timeout '0' is invalid. Using default page load timeout: '60'

2021-10-29 18:08:17 - [MESSAGE][PASSED] - Text '1/1/1998' has been set to element 'Object Repository/Mobile/Page/Register/Not Registered/Informasi Pribadi/Date Picker - Edit Text Date'

2021-10-29 18:08:17 - [TEST_STEP][PASSED] - tap(findTestObject("Mobile/Page/Register/Not Registered/Informasi Pribadi/Date Picker - Button OK"), 0): Tapped on element 'Object Repository/Mobile/Page/Register/Not Registered/Informasi Pribadi/Date Picker - Button OK'

2021-10-29 18:08:17 - [MESSAGE][WARNING] - Timeout '0' is invalid. Using default page load timeout: '60'

2021-10-29 18:08:18 - [MESSAGE][PASSED] - Tapped on element 'Object Repository/Mobile/Page/Register/Not Registered/Informasi Pribadi/Date Picker - Button OK'

2021-10-29 18:08:18 - [TEST_STEP][PASSED] - delay(1): Delayed 1 second(s)

2021-10-29 18:08:19 - [MESSAGE][PASSED] - Delayed 1 second(s)

2021-10-29 18:08:19 - [TEST_STEP][PASSED] - tap(findTestObject("Object Repository/Mobile/Page/Register/Not Registered/Informasi Pribadi/Dropdown - Flag Phone Number"), 0): Tapped on element 'Object Repository/Mobile/Page/Register/Not Registered/Informasi Pribadi/Dropdown - Flag Phone Number'

2021-10-29 18:08:19 - [MESSAGE][WARNING] - Timeout '0' is invalid. Using default page load timeout: '60'

2021-10-29 18:08:20 - [MESSAGE][PASSED] - Tapped on element 'Object Repository/Mobile/Page/Register/Not Registered/Informasi Pribadi/Dropdown - Flag Phone Number'

2021-10-29 18:08:20 - [TEST_STEP][PASSED] - tap(findTestObject("Object Repository/Mobile/Page/Register/Not Registered/Informasi Pribadi/Edit Text - Search Flag"), 0): Tapped on element 'Object Repository/Mobile/Page/Register/Not Registered/Informasi Pribadi/Edit Text - Search Flag'

2021-10-29 18:08:21 - [MESSAGE][WARNING] - Timeout '0' is invalid. Using default page load timeout: '60'

2021-10-29 18:08:21 - [MESSAGE][PASSED] - Tapped on element 'Object Repository/Mobile/Page/Register/Not Registered/Informasi Pribadi/Edit Text - Search Flag'

2021-10-29 18:08:21 - [TEST_STEP][PASSED] - setText(findTestObject("Object Repository/Mobile/Page/Register/Not Registered/Informasi Pribadi/Edit Text - Search Flag"), flag, 0): Text 'indonesia' has been set to element 'Object Repository/Mobile/Page/Register/Not Registered/Informasi Pribadi/Edit Text - Search Flag'

2021-10-29 18:08:21 - [MESSAGE][WARNING] - Timeout '0' is invalid. Using default page load timeout: '60'

2021-10-29 18:08:22 - [MESSAGE][PASSED] - Text 'indonesia' has been set to element 'Object Repository/Mobile/Page/Register/Not Registered/Informasi Pribadi/Edit Text - Search Flag'

2021-10-29 18:08:22 - [TEST_STEP][PASSED] - tap(findTestObject("Mobile/Page/Register/Not Registered/Informasi Pribadi/Item Flag - Top Search"), 0): Tapped on element 'Object Repository/Mobile/Page/Register/Not Registered/Informasi Pribadi/Item Flag - Top Search'

2021-10-29 18:08:22 - [MESSAGE][WARNING] - Timeout '0' is invalid. Using default page load timeout: '60'

2021-10-29 18:08:23 - [MESSAGE][PASSED] - Tapped on element 'Object Repository/Mobile/Page/Register/Not Registered/Informasi Pribadi/Item Flag - Top Search'

2021-10-29 18:08:23 - [TEST_STEP][PASSED] - tap(findTestObject("Object Repository/Mobile/Page/Register/Not Registered/Informasi Pribadi/Edit Text - Phone Number"), 0): Tapped on element 'Object Repository/Mobile/Page/Register/Not Registered/Informasi Pribadi/Edit Text - Phone Number'

2021-10-29 18:08:23 - [MESSAGE][WARNING] - Timeout '0' is invalid. Using default page load timeout: '60'

2021-10-29 18:08:25 - [MESSAGE][PASSED] - Tapped on element 'Object Repository/Mobile/Page/Register/Not Registered/Informasi Pribadi/Edit Text - Phone Number'

2021-10-29 18:08:25 - [TEST_STEP][PASSED] - setText(findTestObject("Object Repository/Mobile/Page/Register/Not Registered/Informasi Pribadi/Edit Text - Phone Number"), phone, 0): Text '082216646885' has been set to element 'Object Repository/Mobile/Page/Register/Not Registered/Informasi Pribadi/Edit Text - Phone Number'

2021-10-29 18:08:25 - [MESSAGE][WARNING] - Timeout '0' is invalid. Using default page load timeout: '60'

2021-10-29 18:08:26 - [MESSAGE][PASSED] - Text '082216646885' has been set to element 'Object Repository/Mobile/Page/Register/Not Registered/Informasi Pribadi/Edit Text - Phone Number'

2021-10-29 18:08:26 - [TEST_STEP][PASSED] - hideKeyboard(): Keyboard is hidden

2021-10-29 18:08:32 - [MESSAGE][PASSED] - Keyboard is hidden

2021-10-29 18:08:32 - [TEST_STEP][PASSED] - delay(1): Delayed 1 second(s)

2021-10-29 18:08:33 - [MESSAGE][PASSED] - Delayed 1 second(s)

2021-10-29 18:08:33 - [TEST_STEP][PASSED] - tap(findTestObject("Object Repository/Mobile/Page/Register/Not Registered/Informasi Pribadi/Dropdown - Flag Re Phone Number"), 0): Tapped on element 'Object Repository/Mobile/Page/Register/Not Registered/Informasi Pribadi/Dropdown - Flag Re Phone Number'

2021-10-29 18:08:33 - [MESSAGE][WARNING] - Timeout '0' is invalid. Using default page load timeout: '60'

2021-10-29 18:08:34 - [MESSAGE][PASSED] - Tapped on element 'Object Repository/Mobile/Page/Register/Not Registered/Informasi Pribadi/Dropdown - Flag Re Phone Number'

2021-10-29 18:08:34 - [TEST_STEP][PASSED] - tap(findTestObject("Object Repository/Mobile/Page/Register/Not Registered/Informasi Pribadi/Edit Text - Search Flag"), 0): Tapped on element 'Object Repository/Mobile/Page/Register/Not Registered/Informasi Pribadi/Edit Text - Search Flag'

2021-10-29 18:08:34 - [MESSAGE][WARNING] - Timeout '0' is invalid. Using default page load timeout: '60'

2021-10-29 18:08:35 - [MESSAGE][PASSED] - Tapped on element 'Object Repository/Mobile/Page/Register/Not Registered/Informasi Pribadi/Edit Text - Search Flag'

2021-10-29 18:08:35 - [TEST_STEP][PASSED] - setText(findTestObject("Object Repository/Mobile/Page/Register/Not Registered/Informasi Pribadi/Edit Text - Search Flag"), flag, 0): Text 'indonesia' has been set to element 'Object Repository/Mobile/Page/Register/Not Registered/Informasi Pribadi/Edit Text - Search Flag'

2021-10-29 18:08:35 - [MESSAGE][WARNING] - Timeout '0' is invalid. Using default page load timeout: '60'

2021-10-29 18:08:36 - [MESSAGE][PASSED] - Text 'indonesia' has been set to element 'Object Repository/Mobile/Page/Register/Not Registered/Informasi Pribadi/Edit Text - Search Flag'

2021-10-29 18:08:36 - [TEST_STEP][PASSED] - tap(findTestObject("Mobile/Page/Register/Not Registered/Informasi Pribadi/Item Flag - Top Search"), 0): Tapped on element 'Object Repository/Mobile/Page/Register/Not Registered/Informasi Pribadi/Item Flag - Top Search'

2021-10-29 18:08:36 - [MESSAGE][WARNING] - Timeout '0' is invalid. Using default page load timeout: '60'

2021-10-29 18:08:38 - [MESSAGE][PASSED] - Tapped on element 'Object Repository/Mobile/Page/Register/Not Registered/Informasi Pribadi/Item Flag - Top Search'

2021-10-29 18:08:38 - [TEST_STEP][PASSED] - tap(findTestObject("Object Repository/Mobile/Page/Register/Not Registered/Informasi Pribadi/Edit Text - Re Phone Number"), 0): Tapped on element 'Object Repository/Mobile/Page/Register/Not Registered/Informasi Pribadi/Edit Text - Re Phone Number'

2021-10-29 18:08:38 - [MESSAGE][WARNING] - Timeout '0' is invalid. Using default page load timeout: '60'

2021-10-29 18:08:38 - [MESSAGE][PASSED] - Tapped on element 'Object Repository/Mobile/Page/Register/Not Registered/Informasi Pribadi/Edit Text - Re Phone Number'

2021-10-29 18:08:38 - [TEST_STEP][PASSED] - setText(findTestObject("Object Repository/Mobile/Page/Register/Not Registered/Informasi Pribadi/Edit Text - Re Phone Number"), phone, 0): Text '082216646885' has been set to element 'Object Repository/Mobile/Page/Register/Not Registered/Informasi Pribadi/Edit Text - Re Phone Number'

2021-10-29 18:08:38 - [MESSAGE][WARNING] - Timeout '0' is invalid. Using default page load timeout: '60'

2021-10-29 18:08:39 - [MESSAGE][PASSED] - Text '082216646885' has been set to element 'Object Repository/Mobile/Page/Register/Not Registered/Informasi Pribadi/Edit Text - Re Phone Number'

2021-10-29 18:08:39 - [TEST_STEP][PASSED] - hideKeyboard(): Keyboard is hidden

2021-10-29 18:08:45 - [MESSAGE][PASSED] - Keyboard is hidden

2021-10-29 18:08:45 - [TEST_STEP][PASSED] - delay(1): Delayed 1 second(s)

2021-10-29 18:08:46 - [MESSAGE][PASSED] - Delayed 1 second(s)

2021-10-29 18:08:46 - [TEST_STEP][PASSED] - if (negativeStatus == "emailRegistered"): null

2021-10-29 18:08:46 - [TEST_STEP][PASSED] - else: Delayed 1 second(s)

2021-10-29 18:08:46 - [TEST_STEP][PASSED] - tap(findTestObject("Object Repository/Mobile/Page/Register/Not Registered/Informasi Pribadi/Edit Text - Email"), 0): Tapped on element 'Object Repository/Mobile/Page/Register/Not Registered/Informasi Pribadi/Edit Text - Email'

2021-10-29 18:08:46 - [MESSAGE][WARNING] - Timeout '0' is invalid. Using default page load timeout: '60'

2021-10-29 18:08:47 - [MESSAGE][PASSED] - Tapped on element 'Object Repository/Mobile/Page/Register/Not Registered/Informasi Pribadi/Edit Text - Email'

2021-10-29 18:08:47 - [TEST_STEP][PASSED] - setText(findTestObject("Object Repository/Mobile/Page/Register/Not Registered/Informasi Pribadi/Edit Text - Email"), email, 0): Text 'QATESTbTgLwbYuBlxfPaG@gmail.com' has been set to element 'Object Repository/Mobile/Page/Register/Not Registered/Informasi Pribadi/Edit Text - Email'

2021-10-29 18:08:47 - [MESSAGE][WARNING] - Timeout '0' is invalid. Using default page load timeout: '60'

2021-10-29 18:08:48 - [MESSAGE][PASSED] - Text 'QATESTbTgLwbYuBlxfPaG@gmail.com' has been set to element 'Object Repository/Mobile/Page/Register/Not Registered/Informasi Pribadi/Edit Text - Email'

2021-10-29 18:08:48 - [TEST_STEP][PASSED] - hideKeyboard(): Keyboard is hidden

2021-10-29 18:08:52 - [MESSAGE][PASSED] - Keyboard is hidden

2021-10-29 18:08:52 - [TEST_STEP][PASSED] - delay(1): Delayed 1 second(s)

2021-10-29 18:08:53 - [MESSAGE][PASSED] - Delayed 1 second(s)

2021-10-29 18:08:53 - [TEST_STEP][PASSED] - if (negativeStatus == "emailNotMatch"): null

2021-10-29 18:08:53 - [TEST_STEP][PASSED] - else: Delayed 1 second(s)

2021-10-29 18:08:53 - [TEST_STEP][PASSED] - tap(findTestObject("Object Repository/Mobile/Page/Register/Not Registered/Informasi Pribadi/Edit Text - Re Email"), 0): Tapped on element 'Object Repository/Mobile/Page/Register/Not Registered/Informasi Pribadi/Edit Text - Re Email'

2021-10-29 18:08:53 - [MESSAGE][WARNING] - Timeout '0' is invalid. Using default page load timeout: '60'

2021-10-29 18:08:53 - [MESSAGE][PASSED] - Tapped on element 'Object Repository/Mobile/Page/Register/Not Registered/Informasi Pribadi/Edit Text - Re Email'

2021-10-29 18:08:53 - [TEST_STEP][PASSED] - setText(findTestObject("Object Repository/Mobile/Page/Register/Not Registered/Informasi Pribadi/Edit Text - Re Email"), email, 0): Text 'QATESTbTgLwbYuBlxfPaG@gmail.com' has been set to element 'Object Repository/Mobile/Page/Register/Not Registered/Informasi Pribadi/Edit Text - Re Email'

2021-10-29 18:08:53 - [MESSAGE][WARNING] - Timeout '0' is invalid. Using default page load timeout: '60'

2021-10-29 18:08:54 - [MESSAGE][PASSED] - Text 'QATESTbTgLwbYuBlxfPaG@gmail.com' has been set to element 'Object Repository/Mobile/Page/Register/Not Registered/Informasi Pribadi/Edit Text - Re Email'

2021-10-29 18:08:54 - [TEST_STEP][PASSED] - hideKeyboard(): Keyboard is hidden

2021-10-29 18:08:58 - [MESSAGE][PASSED] - Keyboard is hidden

2021-10-29 18:08:58 - [TEST_STEP][PASSED] - delay(1): Delayed 1 second(s)

2021-10-29 18:08:59 - [MESSAGE][PASSED] - Delayed 1 second(s)

2021-10-29 18:08:59 - [TEST_STEP][PASSED] - if (negativeStatus == "passwordNotFollowRules"): null

2021-10-29 18:08:59 - [TEST_STEP][PASSED] - else: Delayed 1 second(s)

2021-10-29 18:08:59 - [TEST_STEP][PASSED] - tap(findTestObject("Object Repository/Mobile/Page/Register/Not Registered/Informasi Pribadi/Edit Text - Password"), 0): Tapped on element 'Object Repository/Mobile/Page/Register/Not Registered/Informasi Pribadi/Edit Text - Password'

2021-10-29 18:08:59 - [MESSAGE][WARNING] - Timeout '0' is invalid. Using default page load timeout: '60'

2021-10-29 18:08:59 - [MESSAGE][PASSED] - Tapped on element 'Object Repository/Mobile/Page/Register/Not Registered/Informasi Pribadi/Edit Text - Password'

2021-10-29 18:08:59 - [TEST_STEP][PASSED] - setText(findTestObject("Object Repository/Mobile/Page/Register/Not Registered/Informasi Pribadi/Edit Text - Password"), password, 0): Text 'Mirae1234' has been set to element 'Object Repository/Mobile/Page/Register/Not Registered/Informasi Pribadi/Edit Text - Password'

2021-10-29 18:08:59 - [MESSAGE][WARNING] - Timeout '0' is invalid. Using default page load timeout: '60'

2021-10-29 18:09:01 - [MESSAGE][PASSED] - Text 'Mirae1234' has been set to element 'Object Repository/Mobile/Page/Register/Not Registered/Informasi Pribadi/Edit Text - Password'

2021-10-29 18:09:01 - [TEST_STEP][PASSED] - hideKeyboard(): Keyboard is hidden

2021-10-29 18:09:06 - [MESSAGE][PASSED] - Keyboard is hidden

2021-10-29 18:09:07 - [TEST_STEP][PASSED] - delay(1): Delayed 1 second(s)

2021-10-29 18:09:08 - [MESSAGE][PASSED] - Delayed 1 second(s)

2021-10-29 18:09:08 - [TEST_STEP][PASSED] - tap(findTestObject("Object Repository/Mobile/Page/Register/Not Registered/Informasi Pribadi/Edit Text - Re Password"), 0): Tapped on element 'Object Repository/Mobile/Page/Register/Not Registered/Informasi Pribadi/Edit Text - Re Password'

2021-10-29 18:09:08 - [MESSAGE][WARNING] - Timeout '0' is invalid. Using default page load timeout: '60'

2021-10-29 18:09:08 - [MESSAGE][PASSED] - Tapped on element 'Object Repository/Mobile/Page/Register/Not Registered/Informasi Pribadi/Edit Text - Re Password'

2021-10-29 18:09:08 - [TEST_STEP][PASSED] - setText(findTestObject("Object Repository/Mobile/Page/Register/Not Registered/Informasi Pribadi/Edit Text - Re Password"), password, 0): Text 'Mirae1234' has been set to element 'Object Repository/Mobile/Page/Register/Not Registered/Informasi Pribadi/Edit Text - Re Password'

2021-10-29 18:09:08 - [MESSAGE][WARNING] - Timeout '0' is invalid. Using default page load timeout: '60'

2021-10-29 18:09:09 - [MESSAGE][PASSED] - Text 'Mirae1234' has been set to element 'Object Repository/Mobile/Page/Register/Not Registered/Informasi Pribadi/Edit Text - Re Password'

2021-10-29 18:09:09 - [TEST_STEP][PASSED] - hideKeyboard(): Keyboard is hidden

2021-10-29 18:09:15 - [MESSAGE][PASSED] - Keyboard is hidden

2021-10-29 18:09:15 - [TEST_STEP][PASSED] - delay(1): Delayed 1 second(s)

2021-10-29 18:09:16 - [MESSAGE][PASSED] - Delayed 1 second(s)

2021-10-29 18:09:16 - [TEST_STEP][PASSED] - if (isBedaAlamat == 1): null

2021-10-29 18:09:16 - [TEST_STEP][PASSED] - tap(findTestObject("Object Repository/Mobile/Page/Register/Not Registered/Informasi Pribadi/Button - Icon KTP"), 0): Tapped on element 'Object Repository/Mobile/Page/Register/Not Registered/Informasi Pribadi/Button - Icon KTP'

2021-10-29 18:09:16 - [MESSAGE][WARNING] - Timeout '0' is invalid. Using default page load timeout: '60'

2021-10-29 18:09:17 - [MESSAGE][PASSED] - Tapped on element 'Object Repository/Mobile/Page/Register/Not Registered/Informasi Pribadi/Button - Icon KTP'

2021-10-29 18:09:17 - [TEST_STEP][PASSED] - permission = verifyElementExist(findTestObject("Object Repository/Mobile/Page/Register/Not Registered/Informasi Pribadi/Permission - Only this time"), 1, OPTIONAL): Element 'Object Repository/Mobile/Page/Register/Not Registered/Informasi Pribadi/Permission - Only this time' is exist

2021-10-29 18:09:18 - [MESSAGE][PASSED] - Element 'Object Repository/Mobile/Page/Register/Not Registered/Informasi Pribadi/Permission - Only this time' is exist

2021-10-29 18:09:18 - [TEST_STEP][PASSED] - if (permission): Tapped on element 'Object Repository/Mobile/Page/Register/Not Registered/Informasi Pribadi/Permission - Only this time'

2021-10-29 18:09:18 - [TEST_STEP][PASSED] - tap(findTestObject("Object Repository/Mobile/Page/Register/Not Registered/Informasi Pribadi/Permission - Only this time"), 0): Tapped on element 'Object Repository/Mobile/Page/Register/Not Registered/Informasi Pribadi/Permission - Only this time'

2021-10-29 18:09:18 - [MESSAGE][WARNING] - Timeout '0' is invalid. Using default page load timeout: '60'

2021-10-29 18:09:18 - [MESSAGE][PASSED] - Tapped on element 'Object Repository/Mobile/Page/Register/Not Registered/Informasi Pribadi/Permission - Only this time'

2021-10-29 18:09:18 - [TEST_STEP][PASSED] - permission = verifyElementExist(findTestObject("Object Repository/Mobile/Page/Register/Not Registered/Informasi Pribadi/Permission - Only this time"), 1, OPTIONAL): Element 'Object Repository/Mobile/Page/Register/Not Registered/Informasi Pribadi/Permission - Only this time' is exist

2021-10-29 18:09:19 - [MESSAGE][PASSED] - Element 'Object Repository/Mobile/Page/Register/Not Registered/Informasi Pribadi/Permission - Only this time' is exist

2021-10-29 18:09:19 - [TEST_STEP][PASSED] - if (permission): Tapped on element 'Object Repository/Mobile/Page/Register/Not Registered/Informasi Pribadi/Permission - Only this time'

2021-10-29 18:09:19 - [TEST_STEP][PASSED] - tap(findTestObject("Object Repository/Mobile/Page/Register/Not Registered/Informasi Pribadi/Permission - Only this time"), 0): Tapped on element 'Object Repository/Mobile/Page/Register/Not Registered/Informasi Pribadi/Permission - Only this time'

2021-10-29 18:09:19 - [MESSAGE][WARNING] - Timeout '0' is invalid. Using default page load timeout: '60'

2021-10-29 18:09:19 - [MESSAGE][PASSED] - Tapped on element 'Object Repository/Mobile/Page/Register/Not Registered/Informasi Pribadi/Permission - Only this time'

2021-10-29 18:09:19 - [TEST_STEP][PASSED] - tap(findTestObject("Object Repository/Mobile/Page/Register/Not Registered/Informasi Pribadi/Button - Capture KTP"), 0): Tapped on element 'Object Repository/Mobile/Page/Register/Not Registered/Informasi Pribadi/Button - Capture KTP'

2021-10-29 18:09:19 - [MESSAGE][WARNING] - Timeout '0' is invalid. Using default page load timeout: '60'

2021-10-29 18:09:21 - [MESSAGE][PASSED] - Tapped on element 'Object Repository/Mobile/Page/Register/Not Registered/Informasi Pribadi/Button - Capture KTP'

2021-10-29 18:09:21 - [TEST_STEP][PASSED] - delay(2): Delayed 2 second(s)

2021-10-29 18:09:23 - [MESSAGE][PASSED] - Delayed 2 second(s)

2021-10-29 18:09:23 - [TEST_STEP][PASSED] - scroll.scroll.scrollLeftToRight(findTestObject("Object Repository/Mobile/Page/Register/Not Registered/Informasi Pribadi/Slider - Edit Photo Scale")): scroll.scroll.scrollLeftToRight is PASSED

2021-10-29 18:09:23 - [MESSAGE][WARNING] - Timeout '0' is invalid. Using default page load timeout: '60'

2021-10-29 18:09:25 - [MESSAGE][PASSED] - Object 'Object Repository/Mobile/Page/Register/Not Registered/Informasi Pribadi/Slider - Edit Photo Scale' has left position '0'

2021-10-29 18:09:25 - [MESSAGE][WARNING] - Timeout '0' is invalid. Using default page load timeout: '60'

2021-10-29 18:09:25 - [MESSAGE][PASSED] - Object 'Object Repository/Mobile/Page/Register/Not Registered/Informasi Pribadi/Slider - Edit Photo Scale' has top position '1,284'

2021-10-29 18:09:25 - [MESSAGE][WARNING] - Timeout '0' is invalid. Using default page load timeout: '60'

2021-10-29 18:09:25 - [MESSAGE][PASSED] - Object 'Object Repository/Mobile/Page/Register/Not Registered/Informasi Pribadi/Slider - Edit Photo Scale' has width: '720'

2021-10-29 18:09:25 - [MESSAGE][WARNING] - Timeout '0' is invalid. Using default page load timeout: '60'

2021-10-29 18:09:25 - [MESSAGE][PASSED] - Object 'Object Repository/Mobile/Page/Register/Not Registered/Informasi Pribadi/Slider - Edit Photo Scale' has height: '66'

2021-10-29 18:09:26 - [MESSAGE][PASSED] - Swiped from 144,1,317 to 576,1,317

2021-10-29 18:09:26 - [MESSAGE][PASSED] - scroll.scroll.scrollLeftToRight is PASSED

2021-10-29 18:09:26 - [TEST_STEP][PASSED] - tap(findTestObject("Object Repository/Mobile/Page/Register/Not Registered/Informasi Pribadi/Button - Edit Photo Rotate"), 0): Tapped on element 'Object Repository/Mobile/Page/Register/Not Registered/Informasi Pribadi/Button - Edit Photo Rotate'

2021-10-29 18:09:26 - [MESSAGE][WARNING] - Timeout '0' is invalid. Using default page load timeout: '60'

2021-10-29 18:09:27 - [MESSAGE][PASSED] - Tapped on element 'Object Repository/Mobile/Page/Register/Not Registered/Informasi Pribadi/Button - Edit Photo Rotate'

2021-10-29 18:09:27 - [TEST_STEP][PASSED] - tap(findTestObject("Object Repository/Mobile/Page/Register/Not Registered/Informasi Pribadi/Button - Edit Photo Rotate 90 degree"), 0): Tapped on element 'Object Repository/Mobile/Page/Register/Not Registered/Informasi Pribadi/Button - Edit Photo Rotate 90 degree'

2021-10-29 18:09:27 - [MESSAGE][WARNING] - Timeout '0' is invalid. Using default page load timeout: '60'

2021-10-29 18:09:29 - [MESSAGE][PASSED] - Tapped on element 'Object Repository/Mobile/Page/Register/Not Registered/Informasi Pribadi/Button - Edit Photo Rotate 90 degree'

2021-10-29 18:09:29 - [TEST_STEP][PASSED] - tap(findTestObject("Object Repository/Mobile/Page/Register/Not Registered/Informasi Pribadi/Button - Edit Photo Reset Rotation"), 0): Tapped on element 'Object Repository/Mobile/Page/Register/Not Registered/Informasi Pribadi/Button - Edit Photo Reset Rotation'

2021-10-29 18:09:29 - [MESSAGE][WARNING] - Timeout '0' is invalid. Using default page load timeout: '60'

2021-10-29 18:09:30 - [MESSAGE][PASSED] - Tapped on element 'Object Repository/Mobile/Page/Register/Not Registered/Informasi Pribadi/Button - Edit Photo Reset Rotation'

2021-10-29 18:09:30 - [TEST_STEP][PASSED] - scroll.scroll.scrollLeftToRight(findTestObject("Object Repository/Mobile/Page/Register/Not Registered/Informasi Pribadi/Slider - Edit Photo Rotate")): scroll.scroll.scrollLeftToRight is PASSED

2021-10-29 18:09:30 - [MESSAGE][WARNING] - Timeout '0' is invalid. Using default page load timeout: '60'

2021-10-29 18:09:30 - [MESSAGE][PASSED] - Object 'Object Repository/Mobile/Page/Register/Not Registered/Informasi Pribadi/Slider - Edit Photo Rotate' has left position '88'

2021-10-29 18:09:30 - [MESSAGE][WARNING] - Timeout '0' is invalid. Using default page load timeout: '60'

2021-10-29 18:09:31 - [MESSAGE][PASSED] - Object 'Object Repository/Mobile/Page/Register/Not Registered/Informasi Pribadi/Slider - Edit Photo Rotate' has top position '1,284'

2021-10-29 18:09:31 - [MESSAGE][WARNING] - Timeout '0' is invalid. Using default page load timeout: '60'

2021-10-29 18:09:31 - [MESSAGE][PASSED] - Object 'Object Repository/Mobile/Page/Register/Not Registered/Informasi Pribadi/Slider - Edit Photo Rotate' has width: '544'

2021-10-29 18:09:31 - [MESSAGE][WARNING] - Timeout '0' is invalid. Using default page load timeout: '60'

2021-10-29 18:09:31 - [MESSAGE][PASSED] - Object 'Object Repository/Mobile/Page/Register/Not Registered/Informasi Pribadi/Slider - Edit Photo Rotate' has height: '66'

2021-10-29 18:09:32 - [MESSAGE][PASSED] - Swiped from 196,1,317 to 523,1,317

2021-10-29 18:09:32 - [MESSAGE][PASSED] - scroll.scroll.scrollLeftToRight is PASSED

2021-10-29 18:09:32 - [TEST_STEP][PASSED] - tap(findTestObject("Object Repository/Mobile/Page/Register/Not Registered/Informasi Pribadi/Button - Edit Photo Confirm"), 0): Tapped on element 'Object Repository/Mobile/Page/Register/Not Registered/Informasi Pribadi/Button - Edit Photo Confirm'

2021-10-29 18:09:32 - [MESSAGE][WARNING] - Timeout '0' is invalid. Using default page load timeout: '60'

2021-10-29 18:09:34 - [MESSAGE][PASSED] - Tapped on element 'Object Repository/Mobile/Page/Register/Not Registered/Informasi Pribadi/Button - Edit Photo Confirm'

2021-10-29 18:09:34 - [TEST_STEP][PASSED] - delay(2): Delayed 2 second(s)

2021-10-29 18:09:36 - [MESSAGE][PASSED] - Delayed 2 second(s)

2021-10-29 18:09:36 - [TEST_STEP][PASSED] - hideKeyboard(): Keyboard is hidden

2021-10-29 18:09:44 - [MESSAGE][PASSED] - Keyboard is hidden

2021-10-29 18:09:44 - [TEST_STEP][PASSED] - delay(1): Delayed 1 second(s)

2021-10-29 18:09:45 - [MESSAGE][PASSED] - Delayed 1 second(s)

2021-10-29 18:09:45 - [TEST_STEP][PASSED] - scroll.scroll.scrollToBottomOpenKeyboard(): scroll.scroll.scrollToBottomOpenKeyboard is PASSED

2021-10-29 18:09:45 - [MESSAGE][PASSED] - Current device physical height is 1423

2021-10-29 18:09:45 - [MESSAGE][PASSED] - Current device physical width is 720

2021-10-29 18:09:46 - [MESSAGE][PASSED] - Swiped from 360,853 to 360,284

2021-10-29 18:09:46 - [MESSAGE][PASSED] - scroll.scroll.scrollToBottomOpenKeyboard is PASSED

2021-10-29 18:09:46 - [TEST_STEP][PASSED] - tap(findTestObject("Object Repository/Mobile/Page/Register/Not Registered/Informasi Pribadi/Button - Icon Face with KTP"), 0): Tapped on element 'Object Repository/Mobile/Page/Register/Not Registered/Informasi Pribadi/Button - Icon Face with KTP'

2021-10-29 18:09:46 - [MESSAGE][WARNING] - Timeout '0' is invalid. Using default page load timeout: '60'

2021-10-29 18:09:48 - [MESSAGE][PASSED] - Tapped on element 'Object Repository/Mobile/Page/Register/Not Registered/Informasi Pribadi/Button - Icon Face with KTP'

2021-10-29 18:09:48 - [TEST_STEP][PASSED] - permission = verifyElementExist(findTestObject("Object Repository/Mobile/Page/Register/Not Registered/Informasi Pribadi/Permission - Only this time"), 1, OPTIONAL): Element 'Object Repository/Mobile/Page/Register/Not Registered/Informasi Pribadi/Permission - Only this time' not found

2021-10-29 18:09:51 - [MESSAGE][WARNING] - Element 'Object Repository/Mobile/Page/Register/Not Registered/Informasi Pribadi/Permission - Only this time' not found
[[ATTACHMENT|C:\\Users\\Owner\\Documents\\kerjaan\\KatalonProject\\qa-katalon-maxfund\\Reports\\20211029_174625\\Register\\20211029_174625\\1635505789741.png]]

2021-10-29 18:09:51 - [TEST_STEP][PASSED] - if (permission): null

2021-10-29 18:09:51 - [TEST_STEP][PASSED] - permission = verifyElementExist(findTestObject("Object Repository/Mobile/Page/Register/Not Registered/Informasi Pribadi/Permission - Only this time"), 1, OPTIONAL): Element 'Object Repository/Mobile/Page/Register/Not Registered/Informasi Pribadi/Permission - Only this time' not found

2021-10-29 18:09:54 - [MESSAGE][WARNING] - Element 'Object Repository/Mobile/Page/Register/Not Registered/Informasi Pribadi/Permission - Only this time' not found
[[ATTACHMENT|C:\\Users\\Owner\\Documents\\kerjaan\\KatalonProject\\qa-katalon-maxfund\\Reports\\20211029_174625\\Register\\20211029_174625\\1635505792666.png]]

2021-10-29 18:09:54 - [TEST_STEP][PASSED] - if (permission): null

2021-10-29 18:09:54 - [TEST_STEP][PASSED] - tap(findTestObject("Object Repository/Mobile/Page/Register/Not Registered/Informasi Pribadi/Button - Capture Face with KTP"), 0): Tapped on element 'Object Repository/Mobile/Page/Register/Not Registered/Informasi Pribadi/Button - Capture Face with KTP'

2021-10-29 18:09:54 - [MESSAGE][WARNING] - Timeout '0' is invalid. Using default page load timeout: '60'

2021-10-29 18:09:54 - [MESSAGE][PASSED] - Tapped on element 'Object Repository/Mobile/Page/Register/Not Registered/Informasi Pribadi/Button - Capture Face with KTP'

2021-10-29 18:09:54 - [TEST_STEP][PASSED] - delay(2): Delayed 2 second(s)

2021-10-29 18:09:56 - [MESSAGE][PASSED] - Delayed 2 second(s)

2021-10-29 18:09:56 - [TEST_STEP][PASSED] - hideKeyboard(): Keyboard is hidden

2021-10-29 18:10:02 - [MESSAGE][PASSED] - Keyboard is hidden

2021-10-29 18:10:02 - [TEST_STEP][PASSED] - delay(1): Delayed 1 second(s)

2021-10-29 18:10:03 - [MESSAGE][PASSED] - Delayed 1 second(s)

2021-10-29 18:10:03 - [TEST_STEP][PASSED] - scroll.scroll.scrollToBottomOpenKeyboard(): scroll.scroll.scrollToBottomOpenKeyboard is PASSED

2021-10-29 18:10:04 - [MESSAGE][PASSED] - Current device physical height is 1423

2021-10-29 18:10:04 - [MESSAGE][PASSED] - Current device physical width is 720

2021-10-29 18:10:05 - [MESSAGE][PASSED] - Swiped from 360,853 to 360,284

2021-10-29 18:10:05 - [MESSAGE][PASSED] - scroll.scroll.scrollToBottomOpenKeyboard is PASSED

2021-10-29 18:10:05 - [TEST_STEP][PASSED] - tap(findTestObject("Object Repository/Mobile/Page/Register/Not Registered/Informasi Pribadi/Radio Button - Low Risk"), 0): Tapped on element 'Object Repository/Mobile/Page/Register/Not Registered/Informasi Pribadi/Radio Button - Low Risk'

2021-10-29 18:10:05 - [MESSAGE][WARNING] - Timeout '0' is invalid. Using default page load timeout: '60'

2021-10-29 18:10:06 - [MESSAGE][PASSED] - Tapped on element 'Object Repository/Mobile/Page/Register/Not Registered/Informasi Pribadi/Radio Button - Low Risk'

2021-10-29 18:10:06 - [TEST_STEP][PASSED] - delay(1): Delayed 1 second(s)

2021-10-29 18:10:07 - [MESSAGE][PASSED] - Delayed 1 second(s)

2021-10-29 18:10:07 - [TEST_STEP][PASSED] - tap(findTestObject("Object Repository/Mobile/Page/Register/Not Registered/Informasi Pribadi/Radio Button - Medium Risk"), 0): Tapped on element 'Object Repository/Mobile/Page/Register/Not Registered/Informasi Pribadi/Radio Button - Medium Risk'

2021-10-29 18:10:07 - [MESSAGE][WARNING] - Timeout '0' is invalid. Using default page load timeout: '60'

2021-10-29 18:10:08 - [MESSAGE][PASSED] - Tapped on element 'Object Repository/Mobile/Page/Register/Not Registered/Informasi Pribadi/Radio Button - Medium Risk'

2021-10-29 18:10:08 - [TEST_STEP][PASSED] - delay(1): Delayed 1 second(s)

2021-10-29 18:10:09 - [MESSAGE][PASSED] - Delayed 1 second(s)

2021-10-29 18:10:09 - [TEST_STEP][PASSED] - tap(findTestObject("Object Repository/Mobile/Page/Register/Not Registered/Informasi Pribadi/Radio Button - High Risk"), 0): Tapped on element 'Object Repository/Mobile/Page/Register/Not Registered/Informasi Pribadi/Radio Button - High Risk'

2021-10-29 18:10:09 - [MESSAGE][WARNING] - Timeout '0' is invalid. Using default page load timeout: '60'

2021-10-29 18:10:10 - [MESSAGE][PASSED] - Tapped on element 'Object Repository/Mobile/Page/Register/Not Registered/Informasi Pribadi/Radio Button - High Risk'

2021-10-29 18:10:10 - [TEST_STEP][PASSED] - delay(1): Delayed 1 second(s)

2021-10-29 18:10:11 - [MESSAGE][PASSED] - Delayed 1 second(s)

2021-10-29 18:10:11 - [TEST_STEP][PASSED] - tap(findTestObject("Object Repository/Mobile/Page/Register/Not Registered/Informasi Pribadi/Button - Next"), 0): Tapped on element 'Object Repository/Mobile/Page/Register/Not Registered/Informasi Pribadi/Button - Next'

2021-10-29 18:10:11 - [MESSAGE][WARNING] - Timeout '0' is invalid. Using default page load timeout: '60'

2021-10-29 18:10:12 - [MESSAGE][PASSED] - Tapped on element 'Object Repository/Mobile/Page/Register/Not Registered/Informasi Pribadi/Button - Next'

2021-10-29 18:10:12 - [TEST_STEP][PASSED] - delay(1): Delayed 1 second(s)

2021-10-29 18:10:13 - [MESSAGE][PASSED] - Delayed 1 second(s)

2021-10-29 18:10:13 - [TEST_STEP][PASSED] - tapAndHold(findTestObject("Mobile/Page/Register/Not Registered/Akun Bank/Dropdown - Bank"), 1, 0): Tapped and held on element 'Object Repository/Mobile/Page/Register/Not Registered/Akun Bank/Dropdown - Bank' with duration 1

2021-10-29 18:10:13 - [MESSAGE][WARNING] - Timeout '0' is invalid. Using default page load timeout: '60'

2021-10-29 18:10:16 - [MESSAGE][PASSED] - Tapped and held on element 'Object Repository/Mobile/Page/Register/Not Registered/Akun Bank/Dropdown - Bank' with duration 1

2021-10-29 18:10:16 - [TEST_STEP][PASSED] - tap(findTestObject("Mobile/Page/Register/Not Registered/Akun Bank/Edit Text - Search Bank"), 0): Tapped on element 'Object Repository/Mobile/Page/Register/Not Registered/Akun Bank/Edit Text - Search Bank'

2021-10-29 18:10:16 - [MESSAGE][WARNING] - Timeout '0' is invalid. Using default page load timeout: '60'

2021-10-29 18:10:16 - [MESSAGE][PASSED] - Tapped on element 'Object Repository/Mobile/Page/Register/Not Registered/Akun Bank/Edit Text - Search Bank'

2021-10-29 18:10:16 - [TEST_STEP][PASSED] - setText(findTestObject("Mobile/Page/Register/Not Registered/Akun Bank/Edit Text - Search Bank"), "citibank", 0): Text 'citibank' has been set to element 'Object Repository/Mobile/Page/Register/Not Registered/Akun Bank/Edit Text - Search Bank'

2021-10-29 18:10:16 - [MESSAGE][WARNING] - Timeout '0' is invalid. Using default page load timeout: '60'

2021-10-29 18:10:18 - [MESSAGE][PASSED] - Text 'citibank' has been set to element 'Object Repository/Mobile/Page/Register/Not Registered/Akun Bank/Edit Text - Search Bank'

2021-10-29 18:10:18 - [TEST_STEP][PASSED] - driver = getDriver(): null

2021-10-29 18:10:18 - [TEST_STEP][PASSED] - driver.pressKeyCode(ENTER): null

2021-10-29 18:10:18 - [TEST_STEP][PASSED] - tap(findTestObject("Object Repository/Mobile/Page/Register/Not Registered/Akun Bank/Item - Top Search Bank"), 0): Tapped on element 'Object Repository/Mobile/Page/Register/Not Registered/Akun Bank/Item - Top Search Bank'

2021-10-29 18:10:18 - [MESSAGE][WARNING] - Timeout '0' is invalid. Using default page load timeout: '60'

2021-10-29 18:10:19 - [MESSAGE][PASSED] - Tapped on element 'Object Repository/Mobile/Page/Register/Not Registered/Akun Bank/Item - Top Search Bank'

2021-10-29 18:10:19 - [TEST_STEP][PASSED] - delay(1): Delayed 1 second(s)

2021-10-29 18:10:20 - [MESSAGE][PASSED] - Delayed 1 second(s)

2021-10-29 18:10:20 - [TEST_STEP][PASSED] - tapAndHold(findTestObject("Mobile/Page/Register/Not Registered/Akun Bank/Dropdown - Country"), 1, 0): Tapped and held on element 'Object Repository/Mobile/Page/Register/Not Registered/Akun Bank/Dropdown - Country' with duration 1

2021-10-29 18:10:20 - [MESSAGE][WARNING] - Timeout '0' is invalid. Using default page load timeout: '60'

2021-10-29 18:10:22 - [MESSAGE][PASSED] - Tapped and held on element 'Object Repository/Mobile/Page/Register/Not Registered/Akun Bank/Dropdown - Country' with duration 1

2021-10-29 18:10:22 - [TEST_STEP][PASSED] - tap(findTestObject("Object Repository/Mobile/Page/Register/Not Registered/Akun Bank/Dropdown - Country Option Indonesia"), 0): Tapped on element 'Object Repository/Mobile/Page/Register/Not Registered/Akun Bank/Dropdown - Country Option Indonesia'

2021-10-29 18:10:22 - [MESSAGE][WARNING] - Timeout '0' is invalid. Using default page load timeout: '60'

2021-10-29 18:10:24 - [MESSAGE][PASSED] - Tapped on element 'Object Repository/Mobile/Page/Register/Not Registered/Akun Bank/Dropdown - Country Option Indonesia'

2021-10-29 18:10:24 - [TEST_STEP][PASSED] - delay(1): Delayed 1 second(s)

2021-10-29 18:10:25 - [MESSAGE][PASSED] - Delayed 1 second(s)

2021-10-29 18:10:25 - [TEST_STEP][PASSED] - tap(findTestObject("Object Repository/Mobile/Page/Register/Not Registered/Akun Bank/Edit Text - Branch"), 0): Tapped on element 'Object Repository/Mobile/Page/Register/Not Registered/Akun Bank/Edit Text - Branch'

2021-10-29 18:10:25 - [MESSAGE][WARNING] - Timeout '0' is invalid. Using default page load timeout: '60'

2021-10-29 18:10:25 - [MESSAGE][PASSED] - Tapped on element 'Object Repository/Mobile/Page/Register/Not Registered/Akun Bank/Edit Text - Branch'

2021-10-29 18:10:25 - [TEST_STEP][PASSED] - setText(findTestObject("Object Repository/Mobile/Page/Register/Not Registered/Akun Bank/Edit Text - Branch"), branch, 0): Text 'qa cabang' has been set to element 'Object Repository/Mobile/Page/Register/Not Registered/Akun Bank/Edit Text - Branch'

2021-10-29 18:10:25 - [MESSAGE][WARNING] - Timeout '0' is invalid. Using default page load timeout: '60'

2021-10-29 18:10:26 - [MESSAGE][PASSED] - Text 'qa cabang' has been set to element 'Object Repository/Mobile/Page/Register/Not Registered/Akun Bank/Edit Text - Branch'

2021-10-29 18:10:26 - [TEST_STEP][PASSED] - hideKeyboard(): Keyboard is hidden

2021-10-29 18:10:30 - [MESSAGE][PASSED] - Keyboard is hidden

2021-10-29 18:10:30 - [TEST_STEP][PASSED] - delay(1): Delayed 1 second(s)

2021-10-29 18:10:31 - [MESSAGE][PASSED] - Delayed 1 second(s)

2021-10-29 18:10:31 - [TEST_STEP][PASSED] - tap(findTestObject("Object Repository/Mobile/Page/Register/Not Registered/Akun Bank/Edit Text - Account Number"), 0): Tapped on element 'Object Repository/Mobile/Page/Register/Not Registered/Akun Bank/Edit Text - Account Number'

2021-10-29 18:10:31 - [MESSAGE][WARNING] - Timeout '0' is invalid. Using default page load timeout: '60'

2021-10-29 18:10:31 - [MESSAGE][PASSED] - Tapped on element 'Object Repository/Mobile/Page/Register/Not Registered/Akun Bank/Edit Text - Account Number'

2021-10-29 18:10:31 - [TEST_STEP][PASSED] - setText(findTestObject("Object Repository/Mobile/Page/Register/Not Registered/Akun Bank/Edit Text - Account Number"), accountnumber, 0): Text '222444222444' has been set to element 'Object Repository/Mobile/Page/Register/Not Registered/Akun Bank/Edit Text - Account Number'

2021-10-29 18:10:31 - [MESSAGE][WARNING] - Timeout '0' is invalid. Using default page load timeout: '60'

2021-10-29 18:10:33 - [MESSAGE][PASSED] - Text '222444222444' has been set to element 'Object Repository/Mobile/Page/Register/Not Registered/Akun Bank/Edit Text - Account Number'

2021-10-29 18:10:33 - [TEST_STEP][PASSED] - hideKeyboard(): Keyboard is hidden

2021-10-29 18:10:38 - [MESSAGE][PASSED] - Keyboard is hidden

2021-10-29 18:10:39 - [TEST_STEP][PASSED] - delay(1): Delayed 1 second(s)

2021-10-29 18:10:40 - [MESSAGE][PASSED] - Delayed 1 second(s)

2021-10-29 18:10:40 - [TEST_STEP][PASSED] - if (negativeStatus == "ownerNameNotMatch"): null

2021-10-29 18:10:40 - [TEST_STEP][PASSED] - else: Delayed 1 second(s)

2021-10-29 18:10:40 - [TEST_STEP][PASSED] - tap(findTestObject("Object Repository/Mobile/Page/Register/Not Registered/Akun Bank/Edit Text - Name Owner"), 0): Tapped on element 'Object Repository/Mobile/Page/Register/Not Registered/Akun Bank/Edit Text - Name Owner'

2021-10-29 18:10:40 - [MESSAGE][WARNING] - Timeout '0' is invalid. Using default page load timeout: '60'

2021-10-29 18:10:40 - [MESSAGE][PASSED] - Tapped on element 'Object Repository/Mobile/Page/Register/Not Registered/Akun Bank/Edit Text - Name Owner'

2021-10-29 18:10:40 - [TEST_STEP][PASSED] - setText(findTestObject("Object Repository/Mobile/Page/Register/Not Registered/Akun Bank/Edit Text - Name Owner"), nameowner, 0): Text 'QATESTbTgLwbYuBlxfPaG' has been set to element 'Object Repository/Mobile/Page/Register/Not Registered/Akun Bank/Edit Text - Name Owner'

2021-10-29 18:10:40 - [MESSAGE][WARNING] - Timeout '0' is invalid. Using default page load timeout: '60'

2021-10-29 18:10:41 - [MESSAGE][PASSED] - Text 'QATESTbTgLwbYuBlxfPaG' has been set to element 'Object Repository/Mobile/Page/Register/Not Registered/Akun Bank/Edit Text - Name Owner'

2021-10-29 18:10:41 - [TEST_STEP][PASSED] - hideKeyboard(): Keyboard is hidden

2021-10-29 18:10:45 - [MESSAGE][PASSED] - Keyboard is hidden

2021-10-29 18:10:45 - [TEST_STEP][PASSED] - delay(1): Delayed 1 second(s)

2021-10-29 18:10:46 - [MESSAGE][PASSED] - Delayed 1 second(s)

2021-10-29 18:10:46 - [TEST_STEP][PASSED] - tap(findTestObject("Object Repository/Mobile/Page/Register/Not Registered/Akun Bank/Button - Next"), 0): Tapped on element 'Object Repository/Mobile/Page/Register/Not Registered/Akun Bank/Button - Next'

2021-10-29 18:10:46 - [MESSAGE][WARNING] - Timeout '0' is invalid. Using default page load timeout: '60'

2021-10-29 18:10:47 - [MESSAGE][PASSED] - Tapped on element 'Object Repository/Mobile/Page/Register/Not Registered/Akun Bank/Button - Next'

2021-10-29 18:10:47 - [TEST_STEP][PASSED] - delay(1): Delayed 1 second(s)

2021-10-29 18:10:48 - [MESSAGE][PASSED] - Delayed 1 second(s)

2021-10-29 18:10:48 - [TEST_STEP][PASSED] - if (isUseReferralCode == 1): null

2021-10-29 18:10:48 - [TEST_STEP][PASSED] - if (negativeStatus == "noSignature"): null

2021-10-29 18:10:48 - [TEST_STEP][PASSED] - else: Delayed 1 second(s)

2021-10-29 18:10:48 - [TEST_STEP][PASSED] - scroll.scroll.scrollRightToLeft(findTestObject("Mobile/Page/Register/Not Registered/Konfirmasi/Field - Signature")): scroll.scroll.scrollRightToLeft is PASSED

2021-10-29 18:10:48 - [MESSAGE][WARNING] - Timeout '0' is invalid. Using default page load timeout: '60'

2021-10-29 18:10:48 - [MESSAGE][PASSED] - Object 'Object Repository/Mobile/Page/Register/Not Registered/Konfirmasi/Field - Signature' has left position '31'

2021-10-29 18:10:48 - [MESSAGE][WARNING] - Timeout '0' is invalid. Using default page load timeout: '60'

2021-10-29 18:10:48 - [MESSAGE][PASSED] - Object 'Object Repository/Mobile/Page/Register/Not Registered/Konfirmasi/Field - Signature' has top position '612'

2021-10-29 18:10:48 - [MESSAGE][WARNING] - Timeout '0' is invalid. Using default page load timeout: '60'

2021-10-29 18:10:48 - [MESSAGE][PASSED] - Object 'Object Repository/Mobile/Page/Register/Not Registered/Konfirmasi/Field - Signature' has width: '658'

2021-10-29 18:10:48 - [MESSAGE][WARNING] - Timeout '0' is invalid. Using default page load timeout: '60'

2021-10-29 18:10:48 - [MESSAGE][PASSED] - Object 'Object Repository/Mobile/Page/Register/Not Registered/Konfirmasi/Field - Signature' has height: '384'

2021-10-29 18:10:49 - [MESSAGE][PASSED] - Swiped from 557,804 to 162,804

2021-10-29 18:10:49 - [MESSAGE][PASSED] - scroll.scroll.scrollRightToLeft is PASSED

2021-10-29 18:10:49 - [TEST_STEP][PASSED] - delay(1): Delayed 1 second(s)

2021-10-29 18:10:50 - [MESSAGE][PASSED] - Delayed 1 second(s)

2021-10-29 18:10:50 - [TEST_STEP][PASSED] - tap(findTestObject("Mobile/Page/Register/Not Registered/Konfirmasi/Checkbox - Agreement"), 0): Tapped on element 'Object Repository/Mobile/Page/Register/Not Registered/Konfirmasi/Checkbox - Agreement'

2021-10-29 18:10:50 - [MESSAGE][WARNING] - Timeout '0' is invalid. Using default page load timeout: '60'

2021-10-29 18:10:51 - [MESSAGE][PASSED] - Tapped on element 'Object Repository/Mobile/Page/Register/Not Registered/Konfirmasi/Checkbox - Agreement'

2021-10-29 18:10:51 - [TEST_STEP][PASSED] - delay(1): Delayed 1 second(s)

2021-10-29 18:10:52 - [MESSAGE][PASSED] - Delayed 1 second(s)

2021-10-29 18:10:52 - [TEST_STEP][PASSED] - pressBack(): Press back button successfully

2021-10-29 18:10:52 - [MESSAGE][PASSED] - Press back button successfully

2021-10-29 18:10:52 - [TEST_STEP][PASSED] - delay(1): Delayed 1 second(s)

2021-10-29 18:10:53 - [MESSAGE][PASSED] - Delayed 1 second(s)

2021-10-29 18:10:53 - [TEST_STEP][PASSED] - hideKeyboard(): Keyboard is hidden

2021-10-29 18:10:55 - [MESSAGE][PASSED] - Keyboard is hidden

2021-10-29 18:10:55 - [TEST_STEP][PASSED] - tap(findTestObject("Object Repository/Mobile/Page/Register/Not Registered/Konfirmasi/Button - Next"), 0): Tapped on element 'Object Repository/Mobile/Page/Register/Not Registered/Konfirmasi/Button - Next'

2021-10-29 18:10:55 - [MESSAGE][WARNING] - Timeout '0' is invalid. Using default page load timeout: '60'

2021-10-29 18:10:55 - [MESSAGE][PASSED] - Tapped on element 'Object Repository/Mobile/Page/Register/Not Registered/Konfirmasi/Button - Next'

2021-10-29 18:10:55 - [TEST_STEP][PASSED] - delay(5): Delayed 5 second(s)

2021-10-29 18:11:00 - [MESSAGE][PASSED] - Delayed 5 second(s)

2021-10-29 18:11:00 - [TEST_STEP][PASSED] - tap(findTestObject("Object Repository/Mobile/Page/Register/Not Registered/Konfirmasi/Button - Back to Home"), 0): Tapped on element 'Object Repository/Mobile/Page/Register/Not Registered/Konfirmasi/Button - Back to Home'

2021-10-29 18:11:00 - [MESSAGE][WARNING] - Timeout '0' is invalid. Using default page load timeout: '60'

2021-10-29 18:11:02 - [MESSAGE][PASSED] - Tapped on element 'Object Repository/Mobile/Page/Register/Not Registered/Konfirmasi/Button - Back to Home'

2021-10-29 18:11:02 - [TEST_STEP][PASSED] - delay(1): Delayed 1 second(s)

2021-10-29 18:11:03 - [MESSAGE][PASSED] - Delayed 1 second(s)

2021-10-29 18:11:03 - [MESSAGE][PASSED] - Call Test Case 'Test Cases/Mobile/Page/Register/Register' successfully

2021-10-29 18:11:03 - [TEST_STEP][PASSED] - callTestCase(findTestCase("Mobile/Page/Run App/Terminate App"), [:], STOP_ON_FAILURE): Call Test Case 'Test Cases/Mobile/Page/Run App/Terminate App' successfully

2021-10-29 18:11:03 - [TEST_CASE][PASSED] - Test Cases/Mobile/Page/Run App/Terminate App: Test Cases/Mobile/Page/Run App/Terminate App

2021-10-29 18:11:03 - [TEST_STEP][PASSED] - startApp.OpenApp.terminateApplication(): startApp.OpenApp.terminateApplication is PASSED

2021-10-29 18:11:06 - [MESSAGE][PASSED] - Delayed 3 second(s)

2021-10-29 18:11:06 - [MESSAGE][PASSED] - Current device physical width is 720

2021-10-29 18:11:07 - [MESSAGE][PASSED] - Current device physical height is 1423

2021-10-29 18:11:08 - [MESSAGE][PASSED] - Swiped from 360,853 to 360,142

2021-10-29 18:11:09 - [MESSAGE][PASSED] - Delayed 1 second(s)

2021-10-29 18:11:10 - [MESSAGE][PASSED] - Swiped from 360,853 to 360,142

2021-10-29 18:11:13 - [MESSAGE][PASSED] - Delayed 3 second(s)

2021-10-29 18:11:13 - [MESSAGE][PASSED] - startApp.OpenApp.terminateApplication is PASSED

2021-10-29 18:11:13 - [MESSAGE][PASSED] - Call Test Case 'Test Cases/Mobile/Page/Run App/Terminate App' successfully]]></system-out>
         <system-err><![CDATA[]]></system-err>
      </testcase>
      <testcase name="Test Cases/Mobile/Scenario/Register/008 - Registrasi dengan alamat email terdaftar" time="87.344" classname="Test Cases/Mobile/Scenario/Register/008 - Registrasi dengan alamat email terdaftar" status="PASSED">
         <system-out><![CDATA[2021-10-29 18:11:13 - [TEST_CASE][PASSED] - Test Cases/Mobile/Scenario/Register/008 - Registrasi dengan alamat email terdaftar: Test Cases/Mobile/Scenario/Register/008 - Registrasi dengan alamat email terdaftar

2021-10-29 18:11:13 - [TEST_STEP][PASSED] - callTestCase(findTestCase("Mobile/Page/Run App/Run App byID"), [:], STOP_ON_FAILURE): Call Test Case 'Test Cases/Mobile/Page/Run App/Run App byID' successfully

2021-10-29 18:11:13 - [TEST_CASE][PASSED] - Test Cases/Mobile/Page/Run App/Run App byID: Test Cases/Mobile/Page/Run App/Run App byID

2021-10-29 18:11:13 - [TEST_STEP][PASSED] - startApp.OpenApp.startApplication("com.mirae.maxfund"): startApp.OpenApp.startApplication is PASSED

2021-10-29 18:11:26 - [MESSAGE][PASSED] - Starting app with application ID: 'com.mirae.maxfund'

2021-10-29 18:11:26 - [MESSAGE][PASSED] - startApp.OpenApp.startApplication is PASSED

2021-10-29 18:11:26 - [MESSAGE][PASSED] - Call Test Case 'Test Cases/Mobile/Page/Run App/Run App byID' successfully

2021-10-29 18:11:26 - [TEST_STEP][PASSED] - callTestCase(findTestCase("Mobile/Page/Register/Register"), ["isFromLoginPage":0, "isRegistered":0, "isBedaAlamat":0, "isUseReferralCode":0, "negativeStatus":"emailRegistered"], STOP_ON_FAILURE): Call Test Case 'Test Cases/Mobile/Page/Register/Register' successfully

2021-10-29 18:11:26 - [TEST_CASE][PASSED] - Test Cases/Mobile/Page/Register/Register: Test Cases/Mobile/Page/Register/Register

2021-10-29 18:11:26 - [TEST_STEP][PASSED] - delay(5): Delayed 5 second(s)

2021-10-29 18:11:31 - [MESSAGE][PASSED] - Delayed 5 second(s)

2021-10-29 18:11:31 - [TEST_STEP][PASSED] - if (isFromLoginPage == 1): null

2021-10-29 18:11:31 - [TEST_STEP][PASSED] - else: Tapped on element 'Object Repository/Mobile/Page/Dashboard/Button - Register'

2021-10-29 18:11:31 - [TEST_STEP][PASSED] - tap(findTestObject("Object Repository/Mobile/Page/Dashboard/Button - Register"), 0): Tapped on element 'Object Repository/Mobile/Page/Dashboard/Button - Register'

2021-10-29 18:11:31 - [MESSAGE][WARNING] - Timeout '0' is invalid. Using default page load timeout: '60'

2021-10-29 18:11:33 - [MESSAGE][PASSED] - Tapped on element 'Object Repository/Mobile/Page/Dashboard/Button - Register'

2021-10-29 18:11:33 - [TEST_STEP][PASSED] - delay(3): Delayed 3 second(s)

2021-10-29 18:11:36 - [MESSAGE][PASSED] - Delayed 3 second(s)

2021-10-29 18:11:36 - [TEST_STEP][PASSED] - if (isRegistered == 1): null

2021-10-29 18:11:36 - [TEST_STEP][PASSED] - else: null

2021-10-29 18:11:36 - [TEST_STEP][PASSED] - RegisterMethod.notRegistered(negativeStatus, isBedaAlamat, isUseReferralCode): null

2021-10-29 18:11:36 - [TEST_STEP][PASSED] - fullname = "QATEST" + acak.acak.randomStringWord(): acak.acak.randomStringWord is PASSED

2021-10-29 18:11:36 - [MESSAGE][PASSED] - acak.acak.randomStringWord is PASSED

2021-10-29 18:11:36 - [TEST_STEP][PASSED] - birthdate = "1/1/1998": null

2021-10-29 18:11:36 - [TEST_STEP][PASSED] - phone = "082" + acak.acak.randomStringNumber(9): acak.acak.randomStringNumber is PASSED

2021-10-29 18:11:36 - [MESSAGE][PASSED] - acak.acak.randomStringNumber is PASSED

2021-10-29 18:11:36 - [TEST_STEP][PASSED] - email = fullname + "@gmail.com": null

2021-10-29 18:11:36 - [TEST_STEP][PASSED] - password = "Mirae1234": null

2021-10-29 18:11:36 - [TEST_STEP][PASSED] - branch = "qa cabang": null

2021-10-29 18:11:36 - [TEST_STEP][PASSED] - accountnumber = "222444222444": null

2021-10-29 18:11:36 - [TEST_STEP][PASSED] - nameowner = fullname: null

2021-10-29 18:11:36 - [TEST_STEP][PASSED] - alamat = "Jl. Cempaka Putih Barat 12 F No.12, RT.8/RW.8": null

2021-10-29 18:11:36 - [TEST_STEP][PASSED] - kodepos = "15412": null

2021-10-29 18:11:36 - [TEST_STEP][PASSED] - referralcode = "15412": null

2021-10-29 18:11:36 - [TEST_STEP][PASSED] - flag = "indonesia": null

2021-10-29 18:11:36 - [TEST_STEP][PASSED] - bank = "citibank": null

2021-10-29 18:11:36 - [TEST_STEP][PASSED] - tap(findTestObject("Object Repository/Mobile/Page/Register/Radio Button - Not registered yet"), 0): Tapped on element 'Object Repository/Mobile/Page/Register/Radio Button - Not registered yet'

2021-10-29 18:11:36 - [MESSAGE][WARNING] - Timeout '0' is invalid. Using default page load timeout: '60'

2021-10-29 18:11:37 - [MESSAGE][PASSED] - Tapped on element 'Object Repository/Mobile/Page/Register/Radio Button - Not registered yet'

2021-10-29 18:11:37 - [TEST_STEP][PASSED] - delay(3): Delayed 3 second(s)

2021-10-29 18:11:40 - [MESSAGE][PASSED] - Delayed 3 second(s)

2021-10-29 18:11:40 - [TEST_STEP][PASSED] - tap(findTestObject("Object Repository/Mobile/Page/Register/Not Registered/Button - Next"), 0): Tapped on element 'Object Repository/Mobile/Page/Register/Not Registered/Button - Next'

2021-10-29 18:11:40 - [MESSAGE][WARNING] - Timeout '0' is invalid. Using default page load timeout: '60'

2021-10-29 18:11:41 - [MESSAGE][PASSED] - Tapped on element 'Object Repository/Mobile/Page/Register/Not Registered/Button - Next'

2021-10-29 18:11:41 - [TEST_STEP][PASSED] - delay(1): Delayed 1 second(s)

2021-10-29 18:11:42 - [MESSAGE][PASSED] - Delayed 1 second(s)

2021-10-29 18:11:42 - [TEST_STEP][PASSED] - tap(findTestObject("Object Repository/Mobile/Page/Register/Not Registered/Informasi Pribadi/Edit Text - Fullname"), 0): Tapped on element 'Object Repository/Mobile/Page/Register/Not Registered/Informasi Pribadi/Edit Text - Fullname'

2021-10-29 18:11:42 - [MESSAGE][WARNING] - Timeout '0' is invalid. Using default page load timeout: '60'

2021-10-29 18:11:42 - [MESSAGE][PASSED] - Tapped on element 'Object Repository/Mobile/Page/Register/Not Registered/Informasi Pribadi/Edit Text - Fullname'

2021-10-29 18:11:42 - [TEST_STEP][PASSED] - setText(findTestObject("Object Repository/Mobile/Page/Register/Not Registered/Informasi Pribadi/Edit Text - Fullname"), fullname, 0): Text 'QATESTOUeEncceVBEpcok' has been set to element 'Object Repository/Mobile/Page/Register/Not Registered/Informasi Pribadi/Edit Text - Fullname'

2021-10-29 18:11:42 - [MESSAGE][WARNING] - Timeout '0' is invalid. Using default page load timeout: '60'

2021-10-29 18:11:44 - [MESSAGE][PASSED] - Text 'QATESTOUeEncceVBEpcok' has been set to element 'Object Repository/Mobile/Page/Register/Not Registered/Informasi Pribadi/Edit Text - Fullname'

2021-10-29 18:11:44 - [TEST_STEP][PASSED] - hideKeyboard(): Keyboard is hidden

2021-10-29 18:11:47 - [MESSAGE][PASSED] - Keyboard is hidden

2021-10-29 18:11:47 - [TEST_STEP][PASSED] - delay(1): Delayed 1 second(s)

2021-10-29 18:11:48 - [MESSAGE][PASSED] - Delayed 1 second(s)

2021-10-29 18:11:48 - [TEST_STEP][PASSED] - tap(findTestObject("Object Repository/Mobile/Page/Register/Not Registered/Informasi Pribadi/Date Picker - Date of Birth"), 0): Tapped on element 'Object Repository/Mobile/Page/Register/Not Registered/Informasi Pribadi/Date Picker - Date of Birth'

2021-10-29 18:11:48 - [MESSAGE][WARNING] - Timeout '0' is invalid. Using default page load timeout: '60'

2021-10-29 18:11:49 - [MESSAGE][PASSED] - Tapped on element 'Object Repository/Mobile/Page/Register/Not Registered/Informasi Pribadi/Date Picker - Date of Birth'

2021-10-29 18:11:49 - [TEST_STEP][PASSED] - tap(findTestObject("Object Repository/Mobile/Page/Register/Not Registered/Informasi Pribadi/Date Picker - Icon Edit"), 0): Tapped on element 'Object Repository/Mobile/Page/Register/Not Registered/Informasi Pribadi/Date Picker - Icon Edit'

2021-10-29 18:11:49 - [MESSAGE][WARNING] - Timeout '0' is invalid. Using default page load timeout: '60'

2021-10-29 18:11:51 - [MESSAGE][PASSED] - Tapped on element 'Object Repository/Mobile/Page/Register/Not Registered/Informasi Pribadi/Date Picker - Icon Edit'

2021-10-29 18:11:51 - [TEST_STEP][PASSED] - if (negativeStatus == "less17YearsOld"): null

2021-10-29 18:11:51 - [TEST_STEP][PASSED] - else: Delayed 1 second(s)

2021-10-29 18:11:51 - [TEST_STEP][PASSED] - setText(findTestObject("Mobile/Page/Register/Not Registered/Informasi Pribadi/Date Picker - Edit Text Date"), birthdate, 0): Text '1/1/1998' has been set to element 'Object Repository/Mobile/Page/Register/Not Registered/Informasi Pribadi/Date Picker - Edit Text Date'

2021-10-29 18:11:51 - [MESSAGE][WARNING] - Timeout '0' is invalid. Using default page load timeout: '60'

2021-10-29 18:11:52 - [MESSAGE][PASSED] - Text '1/1/1998' has been set to element 'Object Repository/Mobile/Page/Register/Not Registered/Informasi Pribadi/Date Picker - Edit Text Date'

2021-10-29 18:11:52 - [TEST_STEP][PASSED] - tap(findTestObject("Mobile/Page/Register/Not Registered/Informasi Pribadi/Date Picker - Button OK"), 0): Tapped on element 'Object Repository/Mobile/Page/Register/Not Registered/Informasi Pribadi/Date Picker - Button OK'

2021-10-29 18:11:52 - [MESSAGE][WARNING] - Timeout '0' is invalid. Using default page load timeout: '60'

2021-10-29 18:11:53 - [MESSAGE][PASSED] - Tapped on element 'Object Repository/Mobile/Page/Register/Not Registered/Informasi Pribadi/Date Picker - Button OK'

2021-10-29 18:11:53 - [TEST_STEP][PASSED] - delay(1): Delayed 1 second(s)

2021-10-29 18:11:54 - [MESSAGE][PASSED] - Delayed 1 second(s)

2021-10-29 18:11:54 - [TEST_STEP][PASSED] - tap(findTestObject("Object Repository/Mobile/Page/Register/Not Registered/Informasi Pribadi/Dropdown - Flag Phone Number"), 0): Tapped on element 'Object Repository/Mobile/Page/Register/Not Registered/Informasi Pribadi/Dropdown - Flag Phone Number'

2021-10-29 18:11:54 - [MESSAGE][WARNING] - Timeout '0' is invalid. Using default page load timeout: '60'

2021-10-29 18:11:56 - [MESSAGE][PASSED] - Tapped on element 'Object Repository/Mobile/Page/Register/Not Registered/Informasi Pribadi/Dropdown - Flag Phone Number'

2021-10-29 18:11:56 - [TEST_STEP][PASSED] - tap(findTestObject("Object Repository/Mobile/Page/Register/Not Registered/Informasi Pribadi/Edit Text - Search Flag"), 0): Tapped on element 'Object Repository/Mobile/Page/Register/Not Registered/Informasi Pribadi/Edit Text - Search Flag'

2021-10-29 18:11:56 - [MESSAGE][WARNING] - Timeout '0' is invalid. Using default page load timeout: '60'

2021-10-29 18:11:56 - [MESSAGE][PASSED] - Tapped on element 'Object Repository/Mobile/Page/Register/Not Registered/Informasi Pribadi/Edit Text - Search Flag'

2021-10-29 18:11:56 - [TEST_STEP][PASSED] - setText(findTestObject("Object Repository/Mobile/Page/Register/Not Registered/Informasi Pribadi/Edit Text - Search Flag"), flag, 0): Text 'indonesia' has been set to element 'Object Repository/Mobile/Page/Register/Not Registered/Informasi Pribadi/Edit Text - Search Flag'

2021-10-29 18:11:56 - [MESSAGE][WARNING] - Timeout '0' is invalid. Using default page load timeout: '60'

2021-10-29 18:11:58 - [MESSAGE][PASSED] - Text 'indonesia' has been set to element 'Object Repository/Mobile/Page/Register/Not Registered/Informasi Pribadi/Edit Text - Search Flag'

2021-10-29 18:11:58 - [TEST_STEP][PASSED] - tap(findTestObject("Mobile/Page/Register/Not Registered/Informasi Pribadi/Item Flag - Top Search"), 0): Tapped on element 'Object Repository/Mobile/Page/Register/Not Registered/Informasi Pribadi/Item Flag - Top Search'

2021-10-29 18:11:58 - [MESSAGE][WARNING] - Timeout '0' is invalid. Using default page load timeout: '60'

2021-10-29 18:11:58 - [MESSAGE][PASSED] - Tapped on element 'Object Repository/Mobile/Page/Register/Not Registered/Informasi Pribadi/Item Flag - Top Search'

2021-10-29 18:11:58 - [TEST_STEP][PASSED] - tap(findTestObject("Object Repository/Mobile/Page/Register/Not Registered/Informasi Pribadi/Edit Text - Phone Number"), 0): Tapped on element 'Object Repository/Mobile/Page/Register/Not Registered/Informasi Pribadi/Edit Text - Phone Number'

2021-10-29 18:11:58 - [MESSAGE][WARNING] - Timeout '0' is invalid. Using default page load timeout: '60'

2021-10-29 18:12:00 - [MESSAGE][PASSED] - Tapped on element 'Object Repository/Mobile/Page/Register/Not Registered/Informasi Pribadi/Edit Text - Phone Number'

2021-10-29 18:12:00 - [TEST_STEP][PASSED] - setText(findTestObject("Object Repository/Mobile/Page/Register/Not Registered/Informasi Pribadi/Edit Text - Phone Number"), phone, 0): Text '082246260085' has been set to element 'Object Repository/Mobile/Page/Register/Not Registered/Informasi Pribadi/Edit Text - Phone Number'

2021-10-29 18:12:00 - [MESSAGE][WARNING] - Timeout '0' is invalid. Using default page load timeout: '60'

2021-10-29 18:12:01 - [MESSAGE][PASSED] - Text '082246260085' has been set to element 'Object Repository/Mobile/Page/Register/Not Registered/Informasi Pribadi/Edit Text - Phone Number'

2021-10-29 18:12:01 - [TEST_STEP][PASSED] - hideKeyboard(): Keyboard is hidden

2021-10-29 18:12:07 - [MESSAGE][PASSED] - Keyboard is hidden

2021-10-29 18:12:07 - [TEST_STEP][PASSED] - delay(1): Delayed 1 second(s)

2021-10-29 18:12:08 - [MESSAGE][PASSED] - Delayed 1 second(s)

2021-10-29 18:12:08 - [TEST_STEP][PASSED] - tap(findTestObject("Object Repository/Mobile/Page/Register/Not Registered/Informasi Pribadi/Dropdown - Flag Re Phone Number"), 0): Tapped on element 'Object Repository/Mobile/Page/Register/Not Registered/Informasi Pribadi/Dropdown - Flag Re Phone Number'

2021-10-29 18:12:08 - [MESSAGE][WARNING] - Timeout '0' is invalid. Using default page load timeout: '60'

2021-10-29 18:12:09 - [MESSAGE][PASSED] - Tapped on element 'Object Repository/Mobile/Page/Register/Not Registered/Informasi Pribadi/Dropdown - Flag Re Phone Number'

2021-10-29 18:12:09 - [TEST_STEP][PASSED] - tap(findTestObject("Object Repository/Mobile/Page/Register/Not Registered/Informasi Pribadi/Edit Text - Search Flag"), 0): Tapped on element 'Object Repository/Mobile/Page/Register/Not Registered/Informasi Pribadi/Edit Text - Search Flag'

2021-10-29 18:12:10 - [MESSAGE][WARNING] - Timeout '0' is invalid. Using default page load timeout: '60'

2021-10-29 18:12:10 - [MESSAGE][PASSED] - Tapped on element 'Object Repository/Mobile/Page/Register/Not Registered/Informasi Pribadi/Edit Text - Search Flag'

2021-10-29 18:12:10 - [TEST_STEP][PASSED] - setText(findTestObject("Object Repository/Mobile/Page/Register/Not Registered/Informasi Pribadi/Edit Text - Search Flag"), flag, 0): Text 'indonesia' has been set to element 'Object Repository/Mobile/Page/Register/Not Registered/Informasi Pribadi/Edit Text - Search Flag'

2021-10-29 18:12:10 - [MESSAGE][WARNING] - Timeout '0' is invalid. Using default page load timeout: '60'

2021-10-29 18:12:11 - [MESSAGE][PASSED] - Text 'indonesia' has been set to element 'Object Repository/Mobile/Page/Register/Not Registered/Informasi Pribadi/Edit Text - Search Flag'

2021-10-29 18:12:11 - [TEST_STEP][PASSED] - tap(findTestObject("Mobile/Page/Register/Not Registered/Informasi Pribadi/Item Flag - Top Search"), 0): Tapped on element 'Object Repository/Mobile/Page/Register/Not Registered/Informasi Pribadi/Item Flag - Top Search'

2021-10-29 18:12:11 - [MESSAGE][WARNING] - Timeout '0' is invalid. Using default page load timeout: '60'

2021-10-29 18:12:13 - [MESSAGE][PASSED] - Tapped on element 'Object Repository/Mobile/Page/Register/Not Registered/Informasi Pribadi/Item Flag - Top Search'

2021-10-29 18:12:13 - [TEST_STEP][PASSED] - tap(findTestObject("Object Repository/Mobile/Page/Register/Not Registered/Informasi Pribadi/Edit Text - Re Phone Number"), 0): Tapped on element 'Object Repository/Mobile/Page/Register/Not Registered/Informasi Pribadi/Edit Text - Re Phone Number'

2021-10-29 18:12:13 - [MESSAGE][WARNING] - Timeout '0' is invalid. Using default page load timeout: '60'

2021-10-29 18:12:13 - [MESSAGE][PASSED] - Tapped on element 'Object Repository/Mobile/Page/Register/Not Registered/Informasi Pribadi/Edit Text - Re Phone Number'

2021-10-29 18:12:13 - [TEST_STEP][PASSED] - setText(findTestObject("Object Repository/Mobile/Page/Register/Not Registered/Informasi Pribadi/Edit Text - Re Phone Number"), phone, 0): Text '082246260085' has been set to element 'Object Repository/Mobile/Page/Register/Not Registered/Informasi Pribadi/Edit Text - Re Phone Number'

2021-10-29 18:12:14 - [MESSAGE][WARNING] - Timeout '0' is invalid. Using default page load timeout: '60'

2021-10-29 18:12:14 - [MESSAGE][PASSED] - Text '082246260085' has been set to element 'Object Repository/Mobile/Page/Register/Not Registered/Informasi Pribadi/Edit Text - Re Phone Number'

2021-10-29 18:12:14 - [TEST_STEP][PASSED] - hideKeyboard(): Keyboard is hidden

2021-10-29 18:12:20 - [MESSAGE][PASSED] - Keyboard is hidden

2021-10-29 18:12:20 - [TEST_STEP][PASSED] - delay(1): Delayed 1 second(s)

2021-10-29 18:12:21 - [MESSAGE][PASSED] - Delayed 1 second(s)

2021-10-29 18:12:21 - [TEST_STEP][PASSED] - if (negativeStatus == "emailRegistered"): null

2021-10-29 18:12:21 - [TEST_STEP][PASSED] - email = "test@gmail.com": null

2021-10-29 18:12:21 - [TEST_STEP][PASSED] - tap(findTestObject("Object Repository/Mobile/Page/Register/Not Registered/Informasi Pribadi/Edit Text - Email"), 0): Tapped on element 'Object Repository/Mobile/Page/Register/Not Registered/Informasi Pribadi/Edit Text - Email'

2021-10-29 18:12:21 - [MESSAGE][WARNING] - Timeout '0' is invalid. Using default page load timeout: '60'

2021-10-29 18:12:22 - [MESSAGE][PASSED] - Tapped on element 'Object Repository/Mobile/Page/Register/Not Registered/Informasi Pribadi/Edit Text - Email'

2021-10-29 18:12:22 - [TEST_STEP][PASSED] - setText(findTestObject("Object Repository/Mobile/Page/Register/Not Registered/Informasi Pribadi/Edit Text - Email"), email, 0): Text 'test@gmail.com' has been set to element 'Object Repository/Mobile/Page/Register/Not Registered/Informasi Pribadi/Edit Text - Email'

2021-10-29 18:12:22 - [MESSAGE][WARNING] - Timeout '0' is invalid. Using default page load timeout: '60'

2021-10-29 18:12:23 - [MESSAGE][PASSED] - Text 'test@gmail.com' has been set to element 'Object Repository/Mobile/Page/Register/Not Registered/Informasi Pribadi/Edit Text - Email'

2021-10-29 18:12:23 - [TEST_STEP][PASSED] - hideKeyboard(): Keyboard is hidden

2021-10-29 18:12:26 - [MESSAGE][PASSED] - Keyboard is hidden

2021-10-29 18:12:26 - [TEST_STEP][PASSED] - delay(4): Delayed 4 second(s)

2021-10-29 18:12:30 - [MESSAGE][PASSED] - Delayed 4 second(s)

2021-10-29 18:12:30 - [TEST_STEP][PASSED] - emailregistered = verifyElementExist(findTestObject("Object Repository/Mobile/Page/Register/Not Registered/Informasi Pribadi/Alert - Email has been registered"), 1, OPTIONAL): Element 'Object Repository/Mobile/Page/Register/Not Registered/Informasi Pribadi/Alert - Email has been registered' is exist

2021-10-29 18:12:30 - [MESSAGE][PASSED] - Element 'Object Repository/Mobile/Page/Register/Not Registered/Informasi Pribadi/Alert - Email has been registered' is exist

2021-10-29 18:12:30 - [TEST_STEP][PASSED] - return null: null

2021-10-29 18:12:30 - [MESSAGE][PASSED] - Call Test Case 'Test Cases/Mobile/Page/Register/Register' successfully

2021-10-29 18:12:30 - [TEST_STEP][PASSED] - callTestCase(findTestCase("Mobile/Page/Run App/Terminate App"), [:], STOP_ON_FAILURE): Call Test Case 'Test Cases/Mobile/Page/Run App/Terminate App' successfully

2021-10-29 18:12:30 - [TEST_CASE][PASSED] - Test Cases/Mobile/Page/Run App/Terminate App: Test Cases/Mobile/Page/Run App/Terminate App

2021-10-29 18:12:30 - [TEST_STEP][PASSED] - startApp.OpenApp.terminateApplication(): startApp.OpenApp.terminateApplication is PASSED

2021-10-29 18:12:34 - [MESSAGE][PASSED] - Delayed 3 second(s)

2021-10-29 18:12:34 - [MESSAGE][PASSED] - Current device physical width is 720

2021-10-29 18:12:34 - [MESSAGE][PASSED] - Current device physical height is 1423

2021-10-29 18:12:35 - [MESSAGE][PASSED] - Swiped from 360,853 to 360,142

2021-10-29 18:12:36 - [MESSAGE][PASSED] - Delayed 1 second(s)

2021-10-29 18:12:37 - [MESSAGE][PASSED] - Swiped from 360,853 to 360,142

2021-10-29 18:12:40 - [MESSAGE][PASSED] - Delayed 3 second(s)

2021-10-29 18:12:40 - [MESSAGE][PASSED] - startApp.OpenApp.terminateApplication is PASSED

2021-10-29 18:12:40 - [MESSAGE][PASSED] - Call Test Case 'Test Cases/Mobile/Page/Run App/Terminate App' successfully]]></system-out>
         <system-err><![CDATA[]]></system-err>
      </testcase>
      <testcase name="Test Cases/Mobile/Scenario/Register/009 - Registrasi dengan alamat email berbeda" time="88.424" classname="Test Cases/Mobile/Scenario/Register/009 - Registrasi dengan alamat email berbeda" status="PASSED">
         <system-out><![CDATA[2021-10-29 18:12:40 - [TEST_CASE][PASSED] - Test Cases/Mobile/Scenario/Register/009 - Registrasi dengan alamat email berbeda: Test Cases/Mobile/Scenario/Register/009 - Registrasi dengan alamat email berbeda

2021-10-29 18:12:41 - [TEST_STEP][PASSED] - callTestCase(findTestCase("Mobile/Page/Run App/Run App byID"), [:], STOP_ON_FAILURE): Call Test Case 'Test Cases/Mobile/Page/Run App/Run App byID' successfully

2021-10-29 18:12:41 - [TEST_CASE][PASSED] - Test Cases/Mobile/Page/Run App/Run App byID: Test Cases/Mobile/Page/Run App/Run App byID

2021-10-29 18:12:41 - [TEST_STEP][PASSED] - startApp.OpenApp.startApplication("com.mirae.maxfund"): startApp.OpenApp.startApplication is PASSED

2021-10-29 18:12:52 - [MESSAGE][PASSED] - Starting app with application ID: 'com.mirae.maxfund'

2021-10-29 18:12:52 - [MESSAGE][PASSED] - startApp.OpenApp.startApplication is PASSED

2021-10-29 18:12:52 - [MESSAGE][PASSED] - Call Test Case 'Test Cases/Mobile/Page/Run App/Run App byID' successfully

2021-10-29 18:12:52 - [TEST_STEP][PASSED] - callTestCase(findTestCase("Mobile/Page/Register/Register"), ["isFromLoginPage":0, "isRegistered":0, "isBedaAlamat":0, "isUseReferralCode":0, "negativeStatus":"emailNotMatch"], STOP_ON_FAILURE): Call Test Case 'Test Cases/Mobile/Page/Register/Register' successfully

2021-10-29 18:12:52 - [TEST_CASE][PASSED] - Test Cases/Mobile/Page/Register/Register: Test Cases/Mobile/Page/Register/Register

2021-10-29 18:12:52 - [TEST_STEP][PASSED] - delay(5): Delayed 5 second(s)

2021-10-29 18:12:57 - [MESSAGE][PASSED] - Delayed 5 second(s)

2021-10-29 18:12:57 - [TEST_STEP][PASSED] - if (isFromLoginPage == 1): null

2021-10-29 18:12:57 - [TEST_STEP][PASSED] - else: Tapped on element 'Object Repository/Mobile/Page/Dashboard/Button - Register'

2021-10-29 18:12:57 - [TEST_STEP][PASSED] - tap(findTestObject("Object Repository/Mobile/Page/Dashboard/Button - Register"), 0): Tapped on element 'Object Repository/Mobile/Page/Dashboard/Button - Register'

2021-10-29 18:12:57 - [MESSAGE][WARNING] - Timeout '0' is invalid. Using default page load timeout: '60'

2021-10-29 18:12:58 - [MESSAGE][PASSED] - Tapped on element 'Object Repository/Mobile/Page/Dashboard/Button - Register'

2021-10-29 18:12:58 - [TEST_STEP][PASSED] - delay(3): Delayed 3 second(s)

2021-10-29 18:13:01 - [MESSAGE][PASSED] - Delayed 3 second(s)

2021-10-29 18:13:01 - [TEST_STEP][PASSED] - if (isRegistered == 1): null

2021-10-29 18:13:01 - [TEST_STEP][PASSED] - else: null

2021-10-29 18:13:01 - [TEST_STEP][PASSED] - RegisterMethod.notRegistered(negativeStatus, isBedaAlamat, isUseReferralCode): null

2021-10-29 18:13:01 - [TEST_STEP][PASSED] - fullname = "QATEST" + acak.acak.randomStringWord(): acak.acak.randomStringWord is PASSED

2021-10-29 18:13:01 - [MESSAGE][PASSED] - acak.acak.randomStringWord is PASSED

2021-10-29 18:13:01 - [TEST_STEP][PASSED] - birthdate = "1/1/1998": null

2021-10-29 18:13:01 - [TEST_STEP][PASSED] - phone = "082" + acak.acak.randomStringNumber(9): acak.acak.randomStringNumber is PASSED

2021-10-29 18:13:01 - [MESSAGE][PASSED] - acak.acak.randomStringNumber is PASSED

2021-10-29 18:13:01 - [TEST_STEP][PASSED] - email = fullname + "@gmail.com": null

2021-10-29 18:13:01 - [TEST_STEP][PASSED] - password = "Mirae1234": null

2021-10-29 18:13:01 - [TEST_STEP][PASSED] - branch = "qa cabang": null

2021-10-29 18:13:01 - [TEST_STEP][PASSED] - accountnumber = "222444222444": null

2021-10-29 18:13:01 - [TEST_STEP][PASSED] - nameowner = fullname: null

2021-10-29 18:13:01 - [TEST_STEP][PASSED] - alamat = "Jl. Cempaka Putih Barat 12 F No.12, RT.8/RW.8": null

2021-10-29 18:13:01 - [TEST_STEP][PASSED] - kodepos = "15412": null

2021-10-29 18:13:01 - [TEST_STEP][PASSED] - referralcode = "15412": null

2021-10-29 18:13:01 - [TEST_STEP][PASSED] - flag = "indonesia": null

2021-10-29 18:13:01 - [TEST_STEP][PASSED] - bank = "citibank": null

2021-10-29 18:13:01 - [TEST_STEP][PASSED] - tap(findTestObject("Object Repository/Mobile/Page/Register/Radio Button - Not registered yet"), 0): Tapped on element 'Object Repository/Mobile/Page/Register/Radio Button - Not registered yet'

2021-10-29 18:13:01 - [MESSAGE][WARNING] - Timeout '0' is invalid. Using default page load timeout: '60'

2021-10-29 18:13:02 - [MESSAGE][PASSED] - Tapped on element 'Object Repository/Mobile/Page/Register/Radio Button - Not registered yet'

2021-10-29 18:13:02 - [TEST_STEP][PASSED] - delay(3): Delayed 3 second(s)

2021-10-29 18:13:05 - [MESSAGE][PASSED] - Delayed 3 second(s)

2021-10-29 18:13:05 - [TEST_STEP][PASSED] - tap(findTestObject("Object Repository/Mobile/Page/Register/Not Registered/Button - Next"), 0): Tapped on element 'Object Repository/Mobile/Page/Register/Not Registered/Button - Next'

2021-10-29 18:13:06 - [MESSAGE][WARNING] - Timeout '0' is invalid. Using default page load timeout: '60'

2021-10-29 18:13:07 - [MESSAGE][PASSED] - Tapped on element 'Object Repository/Mobile/Page/Register/Not Registered/Button - Next'

2021-10-29 18:13:07 - [TEST_STEP][PASSED] - delay(1): Delayed 1 second(s)

2021-10-29 18:13:08 - [MESSAGE][PASSED] - Delayed 1 second(s)

2021-10-29 18:13:08 - [TEST_STEP][PASSED] - tap(findTestObject("Object Repository/Mobile/Page/Register/Not Registered/Informasi Pribadi/Edit Text - Fullname"), 0): Tapped on element 'Object Repository/Mobile/Page/Register/Not Registered/Informasi Pribadi/Edit Text - Fullname'

2021-10-29 18:13:08 - [MESSAGE][WARNING] - Timeout '0' is invalid. Using default page load timeout: '60'

2021-10-29 18:13:08 - [MESSAGE][PASSED] - Tapped on element 'Object Repository/Mobile/Page/Register/Not Registered/Informasi Pribadi/Edit Text - Fullname'

2021-10-29 18:13:08 - [TEST_STEP][PASSED] - setText(findTestObject("Object Repository/Mobile/Page/Register/Not Registered/Informasi Pribadi/Edit Text - Fullname"), fullname, 0): Text 'QATESTWqrdRnLWGgfbYzV' has been set to element 'Object Repository/Mobile/Page/Register/Not Registered/Informasi Pribadi/Edit Text - Fullname'

2021-10-29 18:13:08 - [MESSAGE][WARNING] - Timeout '0' is invalid. Using default page load timeout: '60'

2021-10-29 18:13:10 - [MESSAGE][PASSED] - Text 'QATESTWqrdRnLWGgfbYzV' has been set to element 'Object Repository/Mobile/Page/Register/Not Registered/Informasi Pribadi/Edit Text - Fullname'

2021-10-29 18:13:10 - [TEST_STEP][PASSED] - hideKeyboard(): Keyboard is hidden

2021-10-29 18:13:13 - [MESSAGE][PASSED] - Keyboard is hidden

2021-10-29 18:13:13 - [TEST_STEP][PASSED] - delay(1): Delayed 1 second(s)

2021-10-29 18:13:14 - [MESSAGE][PASSED] - Delayed 1 second(s)

2021-10-29 18:13:14 - [TEST_STEP][PASSED] - tap(findTestObject("Object Repository/Mobile/Page/Register/Not Registered/Informasi Pribadi/Date Picker - Date of Birth"), 0): Tapped on element 'Object Repository/Mobile/Page/Register/Not Registered/Informasi Pribadi/Date Picker - Date of Birth'

2021-10-29 18:13:14 - [MESSAGE][WARNING] - Timeout '0' is invalid. Using default page load timeout: '60'

2021-10-29 18:13:14 - [MESSAGE][PASSED] - Tapped on element 'Object Repository/Mobile/Page/Register/Not Registered/Informasi Pribadi/Date Picker - Date of Birth'

2021-10-29 18:13:14 - [TEST_STEP][PASSED] - tap(findTestObject("Object Repository/Mobile/Page/Register/Not Registered/Informasi Pribadi/Date Picker - Icon Edit"), 0): Tapped on element 'Object Repository/Mobile/Page/Register/Not Registered/Informasi Pribadi/Date Picker - Icon Edit'

2021-10-29 18:13:14 - [MESSAGE][WARNING] - Timeout '0' is invalid. Using default page load timeout: '60'

2021-10-29 18:13:16 - [MESSAGE][PASSED] - Tapped on element 'Object Repository/Mobile/Page/Register/Not Registered/Informasi Pribadi/Date Picker - Icon Edit'

2021-10-29 18:13:16 - [TEST_STEP][PASSED] - if (negativeStatus == "less17YearsOld"): null

2021-10-29 18:13:16 - [TEST_STEP][PASSED] - else: Delayed 1 second(s)

2021-10-29 18:13:16 - [TEST_STEP][PASSED] - setText(findTestObject("Mobile/Page/Register/Not Registered/Informasi Pribadi/Date Picker - Edit Text Date"), birthdate, 0): Text '1/1/1998' has been set to element 'Object Repository/Mobile/Page/Register/Not Registered/Informasi Pribadi/Date Picker - Edit Text Date'

2021-10-29 18:13:16 - [MESSAGE][WARNING] - Timeout '0' is invalid. Using default page load timeout: '60'

2021-10-29 18:13:17 - [MESSAGE][PASSED] - Text '1/1/1998' has been set to element 'Object Repository/Mobile/Page/Register/Not Registered/Informasi Pribadi/Date Picker - Edit Text Date'

2021-10-29 18:13:17 - [TEST_STEP][PASSED] - tap(findTestObject("Mobile/Page/Register/Not Registered/Informasi Pribadi/Date Picker - Button OK"), 0): Tapped on element 'Object Repository/Mobile/Page/Register/Not Registered/Informasi Pribadi/Date Picker - Button OK'

2021-10-29 18:13:18 - [MESSAGE][WARNING] - Timeout '0' is invalid. Using default page load timeout: '60'

2021-10-29 18:13:18 - [MESSAGE][PASSED] - Tapped on element 'Object Repository/Mobile/Page/Register/Not Registered/Informasi Pribadi/Date Picker - Button OK'

2021-10-29 18:13:18 - [TEST_STEP][PASSED] - delay(1): Delayed 1 second(s)

2021-10-29 18:13:19 - [MESSAGE][PASSED] - Delayed 1 second(s)

2021-10-29 18:13:19 - [TEST_STEP][PASSED] - tap(findTestObject("Object Repository/Mobile/Page/Register/Not Registered/Informasi Pribadi/Dropdown - Flag Phone Number"), 0): Tapped on element 'Object Repository/Mobile/Page/Register/Not Registered/Informasi Pribadi/Dropdown - Flag Phone Number'

2021-10-29 18:13:19 - [MESSAGE][WARNING] - Timeout '0' is invalid. Using default page load timeout: '60'

2021-10-29 18:13:21 - [MESSAGE][PASSED] - Tapped on element 'Object Repository/Mobile/Page/Register/Not Registered/Informasi Pribadi/Dropdown - Flag Phone Number'

2021-10-29 18:13:21 - [TEST_STEP][PASSED] - tap(findTestObject("Object Repository/Mobile/Page/Register/Not Registered/Informasi Pribadi/Edit Text - Search Flag"), 0): Tapped on element 'Object Repository/Mobile/Page/Register/Not Registered/Informasi Pribadi/Edit Text - Search Flag'

2021-10-29 18:13:21 - [MESSAGE][WARNING] - Timeout '0' is invalid. Using default page load timeout: '60'

2021-10-29 18:13:21 - [MESSAGE][PASSED] - Tapped on element 'Object Repository/Mobile/Page/Register/Not Registered/Informasi Pribadi/Edit Text - Search Flag'

2021-10-29 18:13:21 - [TEST_STEP][PASSED] - setText(findTestObject("Object Repository/Mobile/Page/Register/Not Registered/Informasi Pribadi/Edit Text - Search Flag"), flag, 0): Text 'indonesia' has been set to element 'Object Repository/Mobile/Page/Register/Not Registered/Informasi Pribadi/Edit Text - Search Flag'

2021-10-29 18:13:21 - [MESSAGE][WARNING] - Timeout '0' is invalid. Using default page load timeout: '60'

2021-10-29 18:13:23 - [MESSAGE][PASSED] - Text 'indonesia' has been set to element 'Object Repository/Mobile/Page/Register/Not Registered/Informasi Pribadi/Edit Text - Search Flag'

2021-10-29 18:13:23 - [TEST_STEP][PASSED] - tap(findTestObject("Mobile/Page/Register/Not Registered/Informasi Pribadi/Item Flag - Top Search"), 0): Tapped on element 'Object Repository/Mobile/Page/Register/Not Registered/Informasi Pribadi/Item Flag - Top Search'

2021-10-29 18:13:23 - [MESSAGE][WARNING] - Timeout '0' is invalid. Using default page load timeout: '60'

2021-10-29 18:13:24 - [MESSAGE][PASSED] - Tapped on element 'Object Repository/Mobile/Page/Register/Not Registered/Informasi Pribadi/Item Flag - Top Search'

2021-10-29 18:13:24 - [TEST_STEP][PASSED] - tap(findTestObject("Object Repository/Mobile/Page/Register/Not Registered/Informasi Pribadi/Edit Text - Phone Number"), 0): Tapped on element 'Object Repository/Mobile/Page/Register/Not Registered/Informasi Pribadi/Edit Text - Phone Number'

2021-10-29 18:13:25 - [MESSAGE][WARNING] - Timeout '0' is invalid. Using default page load timeout: '60'

2021-10-29 18:13:25 - [MESSAGE][PASSED] - Tapped on element 'Object Repository/Mobile/Page/Register/Not Registered/Informasi Pribadi/Edit Text - Phone Number'

2021-10-29 18:13:25 - [TEST_STEP][PASSED] - setText(findTestObject("Object Repository/Mobile/Page/Register/Not Registered/Informasi Pribadi/Edit Text - Phone Number"), phone, 0): Text '082394942358' has been set to element 'Object Repository/Mobile/Page/Register/Not Registered/Informasi Pribadi/Edit Text - Phone Number'

2021-10-29 18:13:25 - [MESSAGE][WARNING] - Timeout '0' is invalid. Using default page load timeout: '60'

2021-10-29 18:13:26 - [MESSAGE][PASSED] - Text '082394942358' has been set to element 'Object Repository/Mobile/Page/Register/Not Registered/Informasi Pribadi/Edit Text - Phone Number'

2021-10-29 18:13:26 - [TEST_STEP][PASSED] - hideKeyboard(): Keyboard is hidden

2021-10-29 18:13:32 - [MESSAGE][PASSED] - Keyboard is hidden

2021-10-29 18:13:32 - [TEST_STEP][PASSED] - delay(1): Delayed 1 second(s)

2021-10-29 18:13:33 - [MESSAGE][PASSED] - Delayed 1 second(s)

2021-10-29 18:13:33 - [TEST_STEP][PASSED] - tap(findTestObject("Object Repository/Mobile/Page/Register/Not Registered/Informasi Pribadi/Dropdown - Flag Re Phone Number"), 0): Tapped on element 'Object Repository/Mobile/Page/Register/Not Registered/Informasi Pribadi/Dropdown - Flag Re Phone Number'

2021-10-29 18:13:33 - [MESSAGE][WARNING] - Timeout '0' is invalid. Using default page load timeout: '60'

2021-10-29 18:13:35 - [MESSAGE][PASSED] - Tapped on element 'Object Repository/Mobile/Page/Register/Not Registered/Informasi Pribadi/Dropdown - Flag Re Phone Number'

2021-10-29 18:13:35 - [TEST_STEP][PASSED] - tap(findTestObject("Object Repository/Mobile/Page/Register/Not Registered/Informasi Pribadi/Edit Text - Search Flag"), 0): Tapped on element 'Object Repository/Mobile/Page/Register/Not Registered/Informasi Pribadi/Edit Text - Search Flag'

2021-10-29 18:13:35 - [MESSAGE][WARNING] - Timeout '0' is invalid. Using default page load timeout: '60'

2021-10-29 18:13:35 - [MESSAGE][PASSED] - Tapped on element 'Object Repository/Mobile/Page/Register/Not Registered/Informasi Pribadi/Edit Text - Search Flag'

2021-10-29 18:13:35 - [TEST_STEP][PASSED] - setText(findTestObject("Object Repository/Mobile/Page/Register/Not Registered/Informasi Pribadi/Edit Text - Search Flag"), flag, 0): Text 'indonesia' has been set to element 'Object Repository/Mobile/Page/Register/Not Registered/Informasi Pribadi/Edit Text - Search Flag'

2021-10-29 18:13:35 - [MESSAGE][WARNING] - Timeout '0' is invalid. Using default page load timeout: '60'

2021-10-29 18:13:36 - [MESSAGE][PASSED] - Text 'indonesia' has been set to element 'Object Repository/Mobile/Page/Register/Not Registered/Informasi Pribadi/Edit Text - Search Flag'

2021-10-29 18:13:36 - [TEST_STEP][PASSED] - tap(findTestObject("Mobile/Page/Register/Not Registered/Informasi Pribadi/Item Flag - Top Search"), 0): Tapped on element 'Object Repository/Mobile/Page/Register/Not Registered/Informasi Pribadi/Item Flag - Top Search'

2021-10-29 18:13:36 - [MESSAGE][WARNING] - Timeout '0' is invalid. Using default page load timeout: '60'

2021-10-29 18:13:37 - [MESSAGE][PASSED] - Tapped on element 'Object Repository/Mobile/Page/Register/Not Registered/Informasi Pribadi/Item Flag - Top Search'

2021-10-29 18:13:37 - [TEST_STEP][PASSED] - tap(findTestObject("Object Repository/Mobile/Page/Register/Not Registered/Informasi Pribadi/Edit Text - Re Phone Number"), 0): Tapped on element 'Object Repository/Mobile/Page/Register/Not Registered/Informasi Pribadi/Edit Text - Re Phone Number'

2021-10-29 18:13:37 - [MESSAGE][WARNING] - Timeout '0' is invalid. Using default page load timeout: '60'

2021-10-29 18:13:39 - [MESSAGE][PASSED] - Tapped on element 'Object Repository/Mobile/Page/Register/Not Registered/Informasi Pribadi/Edit Text - Re Phone Number'

2021-10-29 18:13:39 - [TEST_STEP][PASSED] - setText(findTestObject("Object Repository/Mobile/Page/Register/Not Registered/Informasi Pribadi/Edit Text - Re Phone Number"), phone, 0): Text '082394942358' has been set to element 'Object Repository/Mobile/Page/Register/Not Registered/Informasi Pribadi/Edit Text - Re Phone Number'

2021-10-29 18:13:39 - [MESSAGE][WARNING] - Timeout '0' is invalid. Using default page load timeout: '60'

2021-10-29 18:13:39 - [MESSAGE][PASSED] - Text '082394942358' has been set to element 'Object Repository/Mobile/Page/Register/Not Registered/Informasi Pribadi/Edit Text - Re Phone Number'

2021-10-29 18:13:39 - [TEST_STEP][PASSED] - hideKeyboard(): Keyboard is hidden

2021-10-29 18:13:45 - [MESSAGE][PASSED] - Keyboard is hidden

2021-10-29 18:13:45 - [TEST_STEP][PASSED] - delay(1): Delayed 1 second(s)

2021-10-29 18:13:46 - [MESSAGE][PASSED] - Delayed 1 second(s)

2021-10-29 18:13:46 - [TEST_STEP][PASSED] - if (negativeStatus == "emailRegistered"): null

2021-10-29 18:13:46 - [TEST_STEP][PASSED] - else: Delayed 1 second(s)

2021-10-29 18:13:46 - [TEST_STEP][PASSED] - tap(findTestObject("Object Repository/Mobile/Page/Register/Not Registered/Informasi Pribadi/Edit Text - Email"), 0): Tapped on element 'Object Repository/Mobile/Page/Register/Not Registered/Informasi Pribadi/Edit Text - Email'

2021-10-29 18:13:46 - [MESSAGE][WARNING] - Timeout '0' is invalid. Using default page load timeout: '60'

2021-10-29 18:13:47 - [MESSAGE][PASSED] - Tapped on element 'Object Repository/Mobile/Page/Register/Not Registered/Informasi Pribadi/Edit Text - Email'

2021-10-29 18:13:47 - [TEST_STEP][PASSED] - setText(findTestObject("Object Repository/Mobile/Page/Register/Not Registered/Informasi Pribadi/Edit Text - Email"), email, 0): Text 'QATESTWqrdRnLWGgfbYzV@gmail.com' has been set to element 'Object Repository/Mobile/Page/Register/Not Registered/Informasi Pribadi/Edit Text - Email'

2021-10-29 18:13:47 - [MESSAGE][WARNING] - Timeout '0' is invalid. Using default page load timeout: '60'

2021-10-29 18:13:48 - [MESSAGE][PASSED] - Text 'QATESTWqrdRnLWGgfbYzV@gmail.com' has been set to element 'Object Repository/Mobile/Page/Register/Not Registered/Informasi Pribadi/Edit Text - Email'

2021-10-29 18:13:48 - [TEST_STEP][PASSED] - hideKeyboard(): Keyboard is hidden

2021-10-29 18:13:51 - [MESSAGE][PASSED] - Keyboard is hidden

2021-10-29 18:13:51 - [TEST_STEP][PASSED] - delay(1): Delayed 1 second(s)

2021-10-29 18:13:52 - [MESSAGE][PASSED] - Delayed 1 second(s)

2021-10-29 18:13:52 - [TEST_STEP][PASSED] - if (negativeStatus == "emailNotMatch"): null

2021-10-29 18:13:52 - [TEST_STEP][PASSED] - tap(findTestObject("Object Repository/Mobile/Page/Register/Not Registered/Informasi Pribadi/Edit Text - Re Email"), 0): Tapped on element 'Object Repository/Mobile/Page/Register/Not Registered/Informasi Pribadi/Edit Text - Re Email'

2021-10-29 18:13:52 - [MESSAGE][WARNING] - Timeout '0' is invalid. Using default page load timeout: '60'

2021-10-29 18:13:53 - [MESSAGE][PASSED] - Tapped on element 'Object Repository/Mobile/Page/Register/Not Registered/Informasi Pribadi/Edit Text - Re Email'

2021-10-29 18:13:53 - [TEST_STEP][PASSED] - setText(findTestObject("Object Repository/Mobile/Page/Register/Not Registered/Informasi Pribadi/Edit Text - Re Email"), "a" + email, 0): Text 'aQATESTWqrdRnLWGgfbYzV@gmail.com' has been set to element 'Object Repository/Mobile/Page/Register/Not Registered/Informasi Pribadi/Edit Text - Re Email'

2021-10-29 18:13:53 - [MESSAGE][WARNING] - Timeout '0' is invalid. Using default page load timeout: '60'

2021-10-29 18:13:54 - [MESSAGE][PASSED] - Text 'aQATESTWqrdRnLWGgfbYzV@gmail.com' has been set to element 'Object Repository/Mobile/Page/Register/Not Registered/Informasi Pribadi/Edit Text - Re Email'

2021-10-29 18:13:54 - [TEST_STEP][PASSED] - hideKeyboard(): Keyboard is hidden

2021-10-29 18:13:58 - [MESSAGE][PASSED] - Keyboard is hidden

2021-10-29 18:13:58 - [TEST_STEP][PASSED] - delay(1): Delayed 1 second(s)

2021-10-29 18:13:59 - [MESSAGE][PASSED] - Delayed 1 second(s)

2021-10-29 18:13:59 - [TEST_STEP][PASSED] - emailmatch = verifyElementExist(findTestObject("Object Repository/Mobile/Page/Register/Not Registered/Informasi Pribadi/Alert - Email not match yet"), 1, OPTIONAL): Element 'Object Repository/Mobile/Page/Register/Not Registered/Informasi Pribadi/Alert - Email not match yet' is exist

2021-10-29 18:13:59 - [MESSAGE][PASSED] - Element 'Object Repository/Mobile/Page/Register/Not Registered/Informasi Pribadi/Alert - Email not match yet' is exist

2021-10-29 18:13:59 - [TEST_STEP][PASSED] - return null: null

2021-10-29 18:13:59 - [MESSAGE][PASSED] - Call Test Case 'Test Cases/Mobile/Page/Register/Register' successfully

2021-10-29 18:13:59 - [TEST_STEP][PASSED] - callTestCase(findTestCase("Mobile/Page/Run App/Terminate App"), [:], STOP_ON_FAILURE): Call Test Case 'Test Cases/Mobile/Page/Run App/Terminate App' successfully

2021-10-29 18:13:59 - [TEST_CASE][PASSED] - Test Cases/Mobile/Page/Run App/Terminate App: Test Cases/Mobile/Page/Run App/Terminate App

2021-10-29 18:13:59 - [TEST_STEP][PASSED] - startApp.OpenApp.terminateApplication(): startApp.OpenApp.terminateApplication is PASSED

2021-10-29 18:14:02 - [MESSAGE][PASSED] - Delayed 3 second(s)

2021-10-29 18:14:02 - [MESSAGE][PASSED] - Current device physical width is 720

2021-10-29 18:14:02 - [MESSAGE][PASSED] - Current device physical height is 1423

2021-10-29 18:14:04 - [MESSAGE][PASSED] - Swiped from 360,853 to 360,142

2021-10-29 18:14:05 - [MESSAGE][PASSED] - Delayed 1 second(s)

2021-10-29 18:14:06 - [MESSAGE][PASSED] - Swiped from 360,853 to 360,142

2021-10-29 18:14:09 - [MESSAGE][PASSED] - Delayed 3 second(s)

2021-10-29 18:14:09 - [MESSAGE][PASSED] - startApp.OpenApp.terminateApplication is PASSED

2021-10-29 18:14:09 - [MESSAGE][PASSED] - Call Test Case 'Test Cases/Mobile/Page/Run App/Terminate App' successfully]]></system-out>
         <system-err><![CDATA[]]></system-err>
      </testcase>
      <testcase name="Test Cases/Mobile/Scenario/Register/010 - Registrasi dengan umur di bawah 17 tahun" time="48.533" classname="Test Cases/Mobile/Scenario/Register/010 - Registrasi dengan umur di bawah 17 tahun" status="PASSED">
         <system-out><![CDATA[2021-10-29 18:14:09 - [TEST_CASE][PASSED] - Test Cases/Mobile/Scenario/Register/010 - Registrasi dengan umur di bawah 17 tahun: Test Cases/Mobile/Scenario/Register/010 - Registrasi dengan umur di bawah 17 tahun

2021-10-29 18:14:09 - [TEST_STEP][PASSED] - callTestCase(findTestCase("Mobile/Page/Run App/Run App byID"), [:], STOP_ON_FAILURE): Call Test Case 'Test Cases/Mobile/Page/Run App/Run App byID' successfully

2021-10-29 18:14:09 - [TEST_CASE][PASSED] - Test Cases/Mobile/Page/Run App/Run App byID: Test Cases/Mobile/Page/Run App/Run App byID

2021-10-29 18:14:09 - [TEST_STEP][PASSED] - startApp.OpenApp.startApplication("com.mirae.maxfund"): startApp.OpenApp.startApplication is PASSED

2021-10-29 18:14:20 - [MESSAGE][PASSED] - Starting app with application ID: 'com.mirae.maxfund'

2021-10-29 18:14:20 - [MESSAGE][PASSED] - startApp.OpenApp.startApplication is PASSED

2021-10-29 18:14:20 - [MESSAGE][PASSED] - Call Test Case 'Test Cases/Mobile/Page/Run App/Run App byID' successfully

2021-10-29 18:14:20 - [TEST_STEP][PASSED] - callTestCase(findTestCase("Mobile/Page/Register/Register"), ["isFromLoginPage":0, "isRegistered":0, "isBedaAlamat":0, "isUseReferralCode":0, "negativeStatus":"less17YearsOld"], STOP_ON_FAILURE): Call Test Case 'Test Cases/Mobile/Page/Register/Register' successfully

2021-10-29 18:14:20 - [TEST_CASE][PASSED] - Test Cases/Mobile/Page/Register/Register: Test Cases/Mobile/Page/Register/Register

2021-10-29 18:14:20 - [TEST_STEP][PASSED] - delay(5): Delayed 5 second(s)

2021-10-29 18:14:25 - [MESSAGE][PASSED] - Delayed 5 second(s)

2021-10-29 18:14:25 - [TEST_STEP][PASSED] - if (isFromLoginPage == 1): null

2021-10-29 18:14:25 - [TEST_STEP][PASSED] - else: Tapped on element 'Object Repository/Mobile/Page/Dashboard/Button - Register'

2021-10-29 18:14:25 - [TEST_STEP][PASSED] - tap(findTestObject("Object Repository/Mobile/Page/Dashboard/Button - Register"), 0): Tapped on element 'Object Repository/Mobile/Page/Dashboard/Button - Register'

2021-10-29 18:14:25 - [MESSAGE][WARNING] - Timeout '0' is invalid. Using default page load timeout: '60'

2021-10-29 18:14:25 - [MESSAGE][PASSED] - Tapped on element 'Object Repository/Mobile/Page/Dashboard/Button - Register'

2021-10-29 18:14:25 - [TEST_STEP][PASSED] - delay(3): Delayed 3 second(s)

2021-10-29 18:14:28 - [MESSAGE][PASSED] - Delayed 3 second(s)

2021-10-29 18:14:28 - [TEST_STEP][PASSED] - if (isRegistered == 1): null

2021-10-29 18:14:28 - [TEST_STEP][PASSED] - else: null

2021-10-29 18:14:28 - [TEST_STEP][PASSED] - RegisterMethod.notRegistered(negativeStatus, isBedaAlamat, isUseReferralCode): null

2021-10-29 18:14:28 - [TEST_STEP][PASSED] - fullname = "QATEST" + acak.acak.randomStringWord(): acak.acak.randomStringWord is PASSED

2021-10-29 18:14:28 - [MESSAGE][PASSED] - acak.acak.randomStringWord is PASSED

2021-10-29 18:14:28 - [TEST_STEP][PASSED] - birthdate = "1/1/1998": null

2021-10-29 18:14:28 - [TEST_STEP][PASSED] - phone = "082" + acak.acak.randomStringNumber(9): acak.acak.randomStringNumber is PASSED

2021-10-29 18:14:28 - [MESSAGE][PASSED] - acak.acak.randomStringNumber is PASSED

2021-10-29 18:14:28 - [TEST_STEP][PASSED] - email = fullname + "@gmail.com": null

2021-10-29 18:14:28 - [TEST_STEP][PASSED] - password = "Mirae1234": null

2021-10-29 18:14:28 - [TEST_STEP][PASSED] - branch = "qa cabang": null

2021-10-29 18:14:28 - [TEST_STEP][PASSED] - accountnumber = "222444222444": null

2021-10-29 18:14:28 - [TEST_STEP][PASSED] - nameowner = fullname: null

2021-10-29 18:14:28 - [TEST_STEP][PASSED] - alamat = "Jl. Cempaka Putih Barat 12 F No.12, RT.8/RW.8": null

2021-10-29 18:14:28 - [TEST_STEP][PASSED] - kodepos = "15412": null

2021-10-29 18:14:28 - [TEST_STEP][PASSED] - referralcode = "15412": null

2021-10-29 18:14:28 - [TEST_STEP][PASSED] - flag = "indonesia": null

2021-10-29 18:14:28 - [TEST_STEP][PASSED] - bank = "citibank": null

2021-10-29 18:14:28 - [TEST_STEP][PASSED] - tap(findTestObject("Object Repository/Mobile/Page/Register/Radio Button - Not registered yet"), 0): Tapped on element 'Object Repository/Mobile/Page/Register/Radio Button - Not registered yet'

2021-10-29 18:14:28 - [MESSAGE][WARNING] - Timeout '0' is invalid. Using default page load timeout: '60'

2021-10-29 18:14:29 - [MESSAGE][PASSED] - Tapped on element 'Object Repository/Mobile/Page/Register/Radio Button - Not registered yet'

2021-10-29 18:14:29 - [TEST_STEP][PASSED] - delay(3): Delayed 3 second(s)

2021-10-29 18:14:32 - [MESSAGE][PASSED] - Delayed 3 second(s)

2021-10-29 18:14:32 - [TEST_STEP][PASSED] - tap(findTestObject("Object Repository/Mobile/Page/Register/Not Registered/Button - Next"), 0): Tapped on element 'Object Repository/Mobile/Page/Register/Not Registered/Button - Next'

2021-10-29 18:14:32 - [MESSAGE][WARNING] - Timeout '0' is invalid. Using default page load timeout: '60'

2021-10-29 18:14:34 - [MESSAGE][PASSED] - Tapped on element 'Object Repository/Mobile/Page/Register/Not Registered/Button - Next'

2021-10-29 18:14:34 - [TEST_STEP][PASSED] - delay(1): Delayed 1 second(s)

2021-10-29 18:14:35 - [MESSAGE][PASSED] - Delayed 1 second(s)

2021-10-29 18:14:35 - [TEST_STEP][PASSED] - tap(findTestObject("Object Repository/Mobile/Page/Register/Not Registered/Informasi Pribadi/Edit Text - Fullname"), 0): Tapped on element 'Object Repository/Mobile/Page/Register/Not Registered/Informasi Pribadi/Edit Text - Fullname'

2021-10-29 18:14:35 - [MESSAGE][WARNING] - Timeout '0' is invalid. Using default page load timeout: '60'

2021-10-29 18:14:35 - [MESSAGE][PASSED] - Tapped on element 'Object Repository/Mobile/Page/Register/Not Registered/Informasi Pribadi/Edit Text - Fullname'

2021-10-29 18:14:35 - [TEST_STEP][PASSED] - setText(findTestObject("Object Repository/Mobile/Page/Register/Not Registered/Informasi Pribadi/Edit Text - Fullname"), fullname, 0): Text 'QATESTFyULQZtLNUXBIAr' has been set to element 'Object Repository/Mobile/Page/Register/Not Registered/Informasi Pribadi/Edit Text - Fullname'

2021-10-29 18:14:35 - [MESSAGE][WARNING] - Timeout '0' is invalid. Using default page load timeout: '60'

2021-10-29 18:14:37 - [MESSAGE][PASSED] - Text 'QATESTFyULQZtLNUXBIAr' has been set to element 'Object Repository/Mobile/Page/Register/Not Registered/Informasi Pribadi/Edit Text - Fullname'

2021-10-29 18:14:37 - [TEST_STEP][PASSED] - hideKeyboard(): Keyboard is hidden

2021-10-29 18:14:40 - [MESSAGE][PASSED] - Keyboard is hidden

2021-10-29 18:14:40 - [TEST_STEP][PASSED] - delay(1): Delayed 1 second(s)

2021-10-29 18:14:41 - [MESSAGE][PASSED] - Delayed 1 second(s)

2021-10-29 18:14:41 - [TEST_STEP][PASSED] - tap(findTestObject("Object Repository/Mobile/Page/Register/Not Registered/Informasi Pribadi/Date Picker - Date of Birth"), 0): Tapped on element 'Object Repository/Mobile/Page/Register/Not Registered/Informasi Pribadi/Date Picker - Date of Birth'

2021-10-29 18:14:41 - [MESSAGE][WARNING] - Timeout '0' is invalid. Using default page load timeout: '60'

2021-10-29 18:14:41 - [MESSAGE][PASSED] - Tapped on element 'Object Repository/Mobile/Page/Register/Not Registered/Informasi Pribadi/Date Picker - Date of Birth'

2021-10-29 18:14:41 - [TEST_STEP][PASSED] - tap(findTestObject("Object Repository/Mobile/Page/Register/Not Registered/Informasi Pribadi/Date Picker - Icon Edit"), 0): Tapped on element 'Object Repository/Mobile/Page/Register/Not Registered/Informasi Pribadi/Date Picker - Icon Edit'

2021-10-29 18:14:41 - [MESSAGE][WARNING] - Timeout '0' is invalid. Using default page load timeout: '60'

2021-10-29 18:14:42 - [MESSAGE][PASSED] - Tapped on element 'Object Repository/Mobile/Page/Register/Not Registered/Informasi Pribadi/Date Picker - Icon Edit'

2021-10-29 18:14:42 - [TEST_STEP][PASSED] - if (negativeStatus == "less17YearsOld"): null

2021-10-29 18:14:42 - [TEST_STEP][PASSED] - birthdate = "1/1/2010": null

2021-10-29 18:14:42 - [TEST_STEP][PASSED] - setText(findTestObject("Mobile/Page/Register/Not Registered/Informasi Pribadi/Date Picker - Edit Text Date"), birthdate, 0): Text '1/1/2010' has been set to element 'Object Repository/Mobile/Page/Register/Not Registered/Informasi Pribadi/Date Picker - Edit Text Date'

2021-10-29 18:14:43 - [MESSAGE][WARNING] - Timeout '0' is invalid. Using default page load timeout: '60'

2021-10-29 18:14:45 - [MESSAGE][PASSED] - Text '1/1/2010' has been set to element 'Object Repository/Mobile/Page/Register/Not Registered/Informasi Pribadi/Date Picker - Edit Text Date'

2021-10-29 18:14:45 - [TEST_STEP][PASSED] - tap(findTestObject("Mobile/Page/Register/Not Registered/Informasi Pribadi/Date Picker - Button OK"), 0): Tapped on element 'Object Repository/Mobile/Page/Register/Not Registered/Informasi Pribadi/Date Picker - Button OK'

2021-10-29 18:14:45 - [MESSAGE][WARNING] - Timeout '0' is invalid. Using default page load timeout: '60'

2021-10-29 18:14:46 - [MESSAGE][PASSED] - Tapped on element 'Object Repository/Mobile/Page/Register/Not Registered/Informasi Pribadi/Date Picker - Button OK'

2021-10-29 18:14:46 - [TEST_STEP][PASSED] - delay(1): Delayed 1 second(s)

2021-10-29 18:14:47 - [MESSAGE][PASSED] - Delayed 1 second(s)

2021-10-29 18:14:47 - [TEST_STEP][PASSED] - checkdate = verifyElementExist(findTestObject("Object Repository/Mobile/Page/Register/Not Registered/Informasi Pribadi/Alert - Must be 17 years"), 1, OPTIONAL): Element 'Object Repository/Mobile/Page/Register/Not Registered/Informasi Pribadi/Alert - Must be 17 years' is exist

2021-10-29 18:14:47 - [MESSAGE][PASSED] - Element 'Object Repository/Mobile/Page/Register/Not Registered/Informasi Pribadi/Alert - Must be 17 years' is exist

2021-10-29 18:14:47 - [TEST_STEP][PASSED] - return null: null

2021-10-29 18:14:47 - [MESSAGE][PASSED] - Call Test Case 'Test Cases/Mobile/Page/Register/Register' successfully

2021-10-29 18:14:47 - [TEST_STEP][PASSED] - callTestCase(findTestCase("Mobile/Page/Run App/Terminate App"), [:], STOP_ON_FAILURE): Call Test Case 'Test Cases/Mobile/Page/Run App/Terminate App' successfully

2021-10-29 18:14:47 - [TEST_CASE][PASSED] - Test Cases/Mobile/Page/Run App/Terminate App: Test Cases/Mobile/Page/Run App/Terminate App

2021-10-29 18:14:47 - [TEST_STEP][PASSED] - startApp.OpenApp.terminateApplication(): startApp.OpenApp.terminateApplication is PASSED

2021-10-29 18:14:51 - [MESSAGE][PASSED] - Delayed 3 second(s)

2021-10-29 18:14:51 - [MESSAGE][PASSED] - Current device physical width is 720

2021-10-29 18:14:51 - [MESSAGE][PASSED] - Current device physical height is 1423

2021-10-29 18:14:52 - [MESSAGE][PASSED] - Swiped from 360,853 to 360,142

2021-10-29 18:14:53 - [MESSAGE][PASSED] - Delayed 1 second(s)

2021-10-29 18:14:54 - [MESSAGE][PASSED] - Swiped from 360,853 to 360,142

2021-10-29 18:14:57 - [MESSAGE][PASSED] - Delayed 3 second(s)

2021-10-29 18:14:57 - [MESSAGE][PASSED] - startApp.OpenApp.terminateApplication is PASSED

2021-10-29 18:14:57 - [MESSAGE][PASSED] - Call Test Case 'Test Cases/Mobile/Page/Run App/Terminate App' successfully]]></system-out>
         <system-err><![CDATA[]]></system-err>
      </testcase>
      <testcase name="Test Cases/Mobile/Scenario/Register/011 - Registrasi dengan password tidak sesuai rules" time="100.348" classname="Test Cases/Mobile/Scenario/Register/011 - Registrasi dengan password tidak sesuai rules" status="PASSED">
         <system-out><![CDATA[2021-10-29 18:14:57 - [TEST_CASE][PASSED] - Test Cases/Mobile/Scenario/Register/011 - Registrasi dengan password tidak sesuai rules: Test Cases/Mobile/Scenario/Register/011 - Registrasi dengan password tidak sesuai rules

2021-10-29 18:14:58 - [TEST_STEP][PASSED] - callTestCase(findTestCase("Mobile/Page/Run App/Run App byID"), [:], STOP_ON_FAILURE): Call Test Case 'Test Cases/Mobile/Page/Run App/Run App byID' successfully

2021-10-29 18:14:58 - [TEST_CASE][PASSED] - Test Cases/Mobile/Page/Run App/Run App byID: Test Cases/Mobile/Page/Run App/Run App byID

2021-10-29 18:14:58 - [TEST_STEP][PASSED] - startApp.OpenApp.startApplication("com.mirae.maxfund"): startApp.OpenApp.startApplication is PASSED

2021-10-29 18:15:08 - [MESSAGE][PASSED] - Starting app with application ID: 'com.mirae.maxfund'

2021-10-29 18:15:08 - [MESSAGE][PASSED] - startApp.OpenApp.startApplication is PASSED

2021-10-29 18:15:08 - [MESSAGE][PASSED] - Call Test Case 'Test Cases/Mobile/Page/Run App/Run App byID' successfully

2021-10-29 18:15:08 - [TEST_STEP][PASSED] - callTestCase(findTestCase("Mobile/Page/Register/Register"), ["isFromLoginPage":0, "isRegistered":0, "isBedaAlamat":0, "isUseReferralCode":0, "negativeStatus":"passwordNotFollowRules"], STOP_ON_FAILURE): Call Test Case 'Test Cases/Mobile/Page/Register/Register' successfully

2021-10-29 18:15:09 - [TEST_CASE][PASSED] - Test Cases/Mobile/Page/Register/Register: Test Cases/Mobile/Page/Register/Register

2021-10-29 18:15:09 - [TEST_STEP][PASSED] - delay(5): Delayed 5 second(s)

2021-10-29 18:15:14 - [MESSAGE][PASSED] - Delayed 5 second(s)

2021-10-29 18:15:14 - [TEST_STEP][PASSED] - if (isFromLoginPage == 1): null

2021-10-29 18:15:14 - [TEST_STEP][PASSED] - else: Tapped on element 'Object Repository/Mobile/Page/Dashboard/Button - Register'

2021-10-29 18:15:14 - [TEST_STEP][PASSED] - tap(findTestObject("Object Repository/Mobile/Page/Dashboard/Button - Register"), 0): Tapped on element 'Object Repository/Mobile/Page/Dashboard/Button - Register'

2021-10-29 18:15:14 - [MESSAGE][WARNING] - Timeout '0' is invalid. Using default page load timeout: '60'

2021-10-29 18:15:16 - [MESSAGE][PASSED] - Tapped on element 'Object Repository/Mobile/Page/Dashboard/Button - Register'

2021-10-29 18:15:16 - [TEST_STEP][PASSED] - delay(3): Delayed 3 second(s)

2021-10-29 18:15:19 - [MESSAGE][PASSED] - Delayed 3 second(s)

2021-10-29 18:15:19 - [TEST_STEP][PASSED] - if (isRegistered == 1): null

2021-10-29 18:15:19 - [TEST_STEP][PASSED] - else: null

2021-10-29 18:15:19 - [TEST_STEP][PASSED] - RegisterMethod.notRegistered(negativeStatus, isBedaAlamat, isUseReferralCode): null

2021-10-29 18:15:19 - [TEST_STEP][PASSED] - fullname = "QATEST" + acak.acak.randomStringWord(): acak.acak.randomStringWord is PASSED

2021-10-29 18:15:19 - [MESSAGE][PASSED] - acak.acak.randomStringWord is PASSED

2021-10-29 18:15:19 - [TEST_STEP][PASSED] - birthdate = "1/1/1998": null

2021-10-29 18:15:19 - [TEST_STEP][PASSED] - phone = "082" + acak.acak.randomStringNumber(9): acak.acak.randomStringNumber is PASSED

2021-10-29 18:15:19 - [MESSAGE][PASSED] - acak.acak.randomStringNumber is PASSED

2021-10-29 18:15:19 - [TEST_STEP][PASSED] - email = fullname + "@gmail.com": null

2021-10-29 18:15:19 - [TEST_STEP][PASSED] - password = "Mirae1234": null

2021-10-29 18:15:19 - [TEST_STEP][PASSED] - branch = "qa cabang": null

2021-10-29 18:15:19 - [TEST_STEP][PASSED] - accountnumber = "222444222444": null

2021-10-29 18:15:19 - [TEST_STEP][PASSED] - nameowner = fullname: null

2021-10-29 18:15:19 - [TEST_STEP][PASSED] - alamat = "Jl. Cempaka Putih Barat 12 F No.12, RT.8/RW.8": null

2021-10-29 18:15:19 - [TEST_STEP][PASSED] - kodepos = "15412": null

2021-10-29 18:15:19 - [TEST_STEP][PASSED] - referralcode = "15412": null

2021-10-29 18:15:19 - [TEST_STEP][PASSED] - flag = "indonesia": null

2021-10-29 18:15:19 - [TEST_STEP][PASSED] - bank = "citibank": null

2021-10-29 18:15:19 - [TEST_STEP][PASSED] - tap(findTestObject("Object Repository/Mobile/Page/Register/Radio Button - Not registered yet"), 0): Tapped on element 'Object Repository/Mobile/Page/Register/Radio Button - Not registered yet'

2021-10-29 18:15:19 - [MESSAGE][WARNING] - Timeout '0' is invalid. Using default page load timeout: '60'

2021-10-29 18:15:20 - [MESSAGE][PASSED] - Tapped on element 'Object Repository/Mobile/Page/Register/Radio Button - Not registered yet'

2021-10-29 18:15:20 - [TEST_STEP][PASSED] - delay(3): Delayed 3 second(s)

2021-10-29 18:15:23 - [MESSAGE][PASSED] - Delayed 3 second(s)

2021-10-29 18:15:23 - [TEST_STEP][PASSED] - tap(findTestObject("Object Repository/Mobile/Page/Register/Not Registered/Button - Next"), 0): Tapped on element 'Object Repository/Mobile/Page/Register/Not Registered/Button - Next'

2021-10-29 18:15:23 - [MESSAGE][WARNING] - Timeout '0' is invalid. Using default page load timeout: '60'

2021-10-29 18:15:24 - [MESSAGE][PASSED] - Tapped on element 'Object Repository/Mobile/Page/Register/Not Registered/Button - Next'

2021-10-29 18:15:24 - [TEST_STEP][PASSED] - delay(1): Delayed 1 second(s)

2021-10-29 18:15:25 - [MESSAGE][PASSED] - Delayed 1 second(s)

2021-10-29 18:15:25 - [TEST_STEP][PASSED] - tap(findTestObject("Object Repository/Mobile/Page/Register/Not Registered/Informasi Pribadi/Edit Text - Fullname"), 0): Tapped on element 'Object Repository/Mobile/Page/Register/Not Registered/Informasi Pribadi/Edit Text - Fullname'

2021-10-29 18:15:25 - [MESSAGE][WARNING] - Timeout '0' is invalid. Using default page load timeout: '60'

2021-10-29 18:15:26 - [MESSAGE][PASSED] - Tapped on element 'Object Repository/Mobile/Page/Register/Not Registered/Informasi Pribadi/Edit Text - Fullname'

2021-10-29 18:15:26 - [TEST_STEP][PASSED] - setText(findTestObject("Object Repository/Mobile/Page/Register/Not Registered/Informasi Pribadi/Edit Text - Fullname"), fullname, 0): Text 'QATESTDrrTwBCouOkjQsL' has been set to element 'Object Repository/Mobile/Page/Register/Not Registered/Informasi Pribadi/Edit Text - Fullname'

2021-10-29 18:15:26 - [MESSAGE][WARNING] - Timeout '0' is invalid. Using default page load timeout: '60'

2021-10-29 18:15:27 - [MESSAGE][PASSED] - Text 'QATESTDrrTwBCouOkjQsL' has been set to element 'Object Repository/Mobile/Page/Register/Not Registered/Informasi Pribadi/Edit Text - Fullname'

2021-10-29 18:15:27 - [TEST_STEP][PASSED] - hideKeyboard(): Keyboard is hidden

2021-10-29 18:15:31 - [MESSAGE][PASSED] - Keyboard is hidden

2021-10-29 18:15:31 - [TEST_STEP][PASSED] - delay(1): Delayed 1 second(s)

2021-10-29 18:15:32 - [MESSAGE][PASSED] - Delayed 1 second(s)

2021-10-29 18:15:32 - [TEST_STEP][PASSED] - tap(findTestObject("Object Repository/Mobile/Page/Register/Not Registered/Informasi Pribadi/Date Picker - Date of Birth"), 0): Tapped on element 'Object Repository/Mobile/Page/Register/Not Registered/Informasi Pribadi/Date Picker - Date of Birth'

2021-10-29 18:15:32 - [MESSAGE][WARNING] - Timeout '0' is invalid. Using default page load timeout: '60'

2021-10-29 18:15:32 - [MESSAGE][PASSED] - Tapped on element 'Object Repository/Mobile/Page/Register/Not Registered/Informasi Pribadi/Date Picker - Date of Birth'

2021-10-29 18:15:32 - [TEST_STEP][PASSED] - tap(findTestObject("Object Repository/Mobile/Page/Register/Not Registered/Informasi Pribadi/Date Picker - Icon Edit"), 0): Tapped on element 'Object Repository/Mobile/Page/Register/Not Registered/Informasi Pribadi/Date Picker - Icon Edit'

2021-10-29 18:15:32 - [MESSAGE][WARNING] - Timeout '0' is invalid. Using default page load timeout: '60'

2021-10-29 18:15:34 - [MESSAGE][PASSED] - Tapped on element 'Object Repository/Mobile/Page/Register/Not Registered/Informasi Pribadi/Date Picker - Icon Edit'

2021-10-29 18:15:34 - [TEST_STEP][PASSED] - if (negativeStatus == "less17YearsOld"): null

2021-10-29 18:15:34 - [TEST_STEP][PASSED] - else: Delayed 1 second(s)

2021-10-29 18:15:34 - [TEST_STEP][PASSED] - setText(findTestObject("Mobile/Page/Register/Not Registered/Informasi Pribadi/Date Picker - Edit Text Date"), birthdate, 0): Text '1/1/1998' has been set to element 'Object Repository/Mobile/Page/Register/Not Registered/Informasi Pribadi/Date Picker - Edit Text Date'

2021-10-29 18:15:34 - [MESSAGE][WARNING] - Timeout '0' is invalid. Using default page load timeout: '60'

2021-10-29 18:15:35 - [MESSAGE][PASSED] - Text '1/1/1998' has been set to element 'Object Repository/Mobile/Page/Register/Not Registered/Informasi Pribadi/Date Picker - Edit Text Date'

2021-10-29 18:15:35 - [TEST_STEP][PASSED] - tap(findTestObject("Mobile/Page/Register/Not Registered/Informasi Pribadi/Date Picker - Button OK"), 0): Tapped on element 'Object Repository/Mobile/Page/Register/Not Registered/Informasi Pribadi/Date Picker - Button OK'

2021-10-29 18:15:35 - [MESSAGE][WARNING] - Timeout '0' is invalid. Using default page load timeout: '60'

2021-10-29 18:15:37 - [MESSAGE][PASSED] - Tapped on element 'Object Repository/Mobile/Page/Register/Not Registered/Informasi Pribadi/Date Picker - Button OK'

2021-10-29 18:15:37 - [TEST_STEP][PASSED] - delay(1): Delayed 1 second(s)

2021-10-29 18:15:38 - [MESSAGE][PASSED] - Delayed 1 second(s)

2021-10-29 18:15:38 - [TEST_STEP][PASSED] - tap(findTestObject("Object Repository/Mobile/Page/Register/Not Registered/Informasi Pribadi/Dropdown - Flag Phone Number"), 0): Tapped on element 'Object Repository/Mobile/Page/Register/Not Registered/Informasi Pribadi/Dropdown - Flag Phone Number'

2021-10-29 18:15:38 - [MESSAGE][WARNING] - Timeout '0' is invalid. Using default page load timeout: '60'

2021-10-29 18:15:39 - [MESSAGE][PASSED] - Tapped on element 'Object Repository/Mobile/Page/Register/Not Registered/Informasi Pribadi/Dropdown - Flag Phone Number'

2021-10-29 18:15:39 - [TEST_STEP][PASSED] - tap(findTestObject("Object Repository/Mobile/Page/Register/Not Registered/Informasi Pribadi/Edit Text - Search Flag"), 0): Tapped on element 'Object Repository/Mobile/Page/Register/Not Registered/Informasi Pribadi/Edit Text - Search Flag'

2021-10-29 18:15:39 - [MESSAGE][WARNING] - Timeout '0' is invalid. Using default page load timeout: '60'

2021-10-29 18:15:40 - [MESSAGE][PASSED] - Tapped on element 'Object Repository/Mobile/Page/Register/Not Registered/Informasi Pribadi/Edit Text - Search Flag'

2021-10-29 18:15:40 - [TEST_STEP][PASSED] - setText(findTestObject("Object Repository/Mobile/Page/Register/Not Registered/Informasi Pribadi/Edit Text - Search Flag"), flag, 0): Text 'indonesia' has been set to element 'Object Repository/Mobile/Page/Register/Not Registered/Informasi Pribadi/Edit Text - Search Flag'

2021-10-29 18:15:40 - [MESSAGE][WARNING] - Timeout '0' is invalid. Using default page load timeout: '60'

2021-10-29 18:15:41 - [MESSAGE][PASSED] - Text 'indonesia' has been set to element 'Object Repository/Mobile/Page/Register/Not Registered/Informasi Pribadi/Edit Text - Search Flag'

2021-10-29 18:15:41 - [TEST_STEP][PASSED] - tap(findTestObject("Mobile/Page/Register/Not Registered/Informasi Pribadi/Item Flag - Top Search"), 0): Tapped on element 'Object Repository/Mobile/Page/Register/Not Registered/Informasi Pribadi/Item Flag - Top Search'

2021-10-29 18:15:41 - [MESSAGE][WARNING] - Timeout '0' is invalid. Using default page load timeout: '60'

2021-10-29 18:15:43 - [MESSAGE][PASSED] - Tapped on element 'Object Repository/Mobile/Page/Register/Not Registered/Informasi Pribadi/Item Flag - Top Search'

2021-10-29 18:15:43 - [TEST_STEP][PASSED] - tap(findTestObject("Object Repository/Mobile/Page/Register/Not Registered/Informasi Pribadi/Edit Text - Phone Number"), 0): Tapped on element 'Object Repository/Mobile/Page/Register/Not Registered/Informasi Pribadi/Edit Text - Phone Number'

2021-10-29 18:15:43 - [MESSAGE][WARNING] - Timeout '0' is invalid. Using default page load timeout: '60'

2021-10-29 18:15:43 - [MESSAGE][PASSED] - Tapped on element 'Object Repository/Mobile/Page/Register/Not Registered/Informasi Pribadi/Edit Text - Phone Number'

2021-10-29 18:15:43 - [TEST_STEP][PASSED] - setText(findTestObject("Object Repository/Mobile/Page/Register/Not Registered/Informasi Pribadi/Edit Text - Phone Number"), phone, 0): Text '082313774192' has been set to element 'Object Repository/Mobile/Page/Register/Not Registered/Informasi Pribadi/Edit Text - Phone Number'

2021-10-29 18:15:43 - [MESSAGE][WARNING] - Timeout '0' is invalid. Using default page load timeout: '60'

2021-10-29 18:15:45 - [MESSAGE][PASSED] - Text '082313774192' has been set to element 'Object Repository/Mobile/Page/Register/Not Registered/Informasi Pribadi/Edit Text - Phone Number'

2021-10-29 18:15:45 - [TEST_STEP][PASSED] - hideKeyboard(): Keyboard is hidden

2021-10-29 18:15:51 - [MESSAGE][PASSED] - Keyboard is hidden

2021-10-29 18:15:51 - [TEST_STEP][PASSED] - delay(1): Delayed 1 second(s)

2021-10-29 18:15:52 - [MESSAGE][PASSED] - Delayed 1 second(s)

2021-10-29 18:15:52 - [TEST_STEP][PASSED] - tap(findTestObject("Object Repository/Mobile/Page/Register/Not Registered/Informasi Pribadi/Dropdown - Flag Re Phone Number"), 0): Tapped on element 'Object Repository/Mobile/Page/Register/Not Registered/Informasi Pribadi/Dropdown - Flag Re Phone Number'

2021-10-29 18:15:52 - [MESSAGE][WARNING] - Timeout '0' is invalid. Using default page load timeout: '60'

2021-10-29 18:15:52 - [MESSAGE][PASSED] - Tapped on element 'Object Repository/Mobile/Page/Register/Not Registered/Informasi Pribadi/Dropdown - Flag Re Phone Number'

2021-10-29 18:15:52 - [TEST_STEP][PASSED] - tap(findTestObject("Object Repository/Mobile/Page/Register/Not Registered/Informasi Pribadi/Edit Text - Search Flag"), 0): Tapped on element 'Object Repository/Mobile/Page/Register/Not Registered/Informasi Pribadi/Edit Text - Search Flag'

2021-10-29 18:15:52 - [MESSAGE][WARNING] - Timeout '0' is invalid. Using default page load timeout: '60'

2021-10-29 18:15:54 - [MESSAGE][PASSED] - Tapped on element 'Object Repository/Mobile/Page/Register/Not Registered/Informasi Pribadi/Edit Text - Search Flag'

2021-10-29 18:15:54 - [TEST_STEP][PASSED] - setText(findTestObject("Object Repository/Mobile/Page/Register/Not Registered/Informasi Pribadi/Edit Text - Search Flag"), flag, 0): Text 'indonesia' has been set to element 'Object Repository/Mobile/Page/Register/Not Registered/Informasi Pribadi/Edit Text - Search Flag'

2021-10-29 18:15:54 - [MESSAGE][WARNING] - Timeout '0' is invalid. Using default page load timeout: '60'

2021-10-29 18:15:55 - [MESSAGE][PASSED] - Text 'indonesia' has been set to element 'Object Repository/Mobile/Page/Register/Not Registered/Informasi Pribadi/Edit Text - Search Flag'

2021-10-29 18:15:55 - [TEST_STEP][PASSED] - tap(findTestObject("Mobile/Page/Register/Not Registered/Informasi Pribadi/Item Flag - Top Search"), 0): Tapped on element 'Object Repository/Mobile/Page/Register/Not Registered/Informasi Pribadi/Item Flag - Top Search'

2021-10-29 18:15:55 - [MESSAGE][WARNING] - Timeout '0' is invalid. Using default page load timeout: '60'

2021-10-29 18:15:56 - [MESSAGE][PASSED] - Tapped on element 'Object Repository/Mobile/Page/Register/Not Registered/Informasi Pribadi/Item Flag - Top Search'

2021-10-29 18:15:56 - [TEST_STEP][PASSED] - tap(findTestObject("Object Repository/Mobile/Page/Register/Not Registered/Informasi Pribadi/Edit Text - Re Phone Number"), 0): Tapped on element 'Object Repository/Mobile/Page/Register/Not Registered/Informasi Pribadi/Edit Text - Re Phone Number'

2021-10-29 18:15:56 - [MESSAGE][WARNING] - Timeout '0' is invalid. Using default page load timeout: '60'

2021-10-29 18:15:57 - [MESSAGE][PASSED] - Tapped on element 'Object Repository/Mobile/Page/Register/Not Registered/Informasi Pribadi/Edit Text - Re Phone Number'

2021-10-29 18:15:57 - [TEST_STEP][PASSED] - setText(findTestObject("Object Repository/Mobile/Page/Register/Not Registered/Informasi Pribadi/Edit Text - Re Phone Number"), phone, 0): Text '082313774192' has been set to element 'Object Repository/Mobile/Page/Register/Not Registered/Informasi Pribadi/Edit Text - Re Phone Number'

2021-10-29 18:15:57 - [MESSAGE][WARNING] - Timeout '0' is invalid. Using default page load timeout: '60'

2021-10-29 18:15:58 - [MESSAGE][PASSED] - Text '082313774192' has been set to element 'Object Repository/Mobile/Page/Register/Not Registered/Informasi Pribadi/Edit Text - Re Phone Number'

2021-10-29 18:15:58 - [TEST_STEP][PASSED] - hideKeyboard(): Keyboard is hidden

2021-10-29 18:16:04 - [MESSAGE][PASSED] - Keyboard is hidden

2021-10-29 18:16:04 - [TEST_STEP][PASSED] - delay(1): Delayed 1 second(s)

2021-10-29 18:16:05 - [MESSAGE][PASSED] - Delayed 1 second(s)

2021-10-29 18:16:05 - [TEST_STEP][PASSED] - if (negativeStatus == "emailRegistered"): null

2021-10-29 18:16:05 - [TEST_STEP][PASSED] - else: Delayed 1 second(s)

2021-10-29 18:16:05 - [TEST_STEP][PASSED] - tap(findTestObject("Object Repository/Mobile/Page/Register/Not Registered/Informasi Pribadi/Edit Text - Email"), 0): Tapped on element 'Object Repository/Mobile/Page/Register/Not Registered/Informasi Pribadi/Edit Text - Email'

2021-10-29 18:16:05 - [MESSAGE][WARNING] - Timeout '0' is invalid. Using default page load timeout: '60'

2021-10-29 18:16:05 - [MESSAGE][PASSED] - Tapped on element 'Object Repository/Mobile/Page/Register/Not Registered/Informasi Pribadi/Edit Text - Email'

2021-10-29 18:16:05 - [TEST_STEP][PASSED] - setText(findTestObject("Object Repository/Mobile/Page/Register/Not Registered/Informasi Pribadi/Edit Text - Email"), email, 0): Text 'QATESTDrrTwBCouOkjQsL@gmail.com' has been set to element 'Object Repository/Mobile/Page/Register/Not Registered/Informasi Pribadi/Edit Text - Email'

2021-10-29 18:16:05 - [MESSAGE][WARNING] - Timeout '0' is invalid. Using default page load timeout: '60'

2021-10-29 18:16:07 - [MESSAGE][PASSED] - Text 'QATESTDrrTwBCouOkjQsL@gmail.com' has been set to element 'Object Repository/Mobile/Page/Register/Not Registered/Informasi Pribadi/Edit Text - Email'

2021-10-29 18:16:07 - [TEST_STEP][PASSED] - hideKeyboard(): Keyboard is hidden

2021-10-29 18:16:10 - [MESSAGE][PASSED] - Keyboard is hidden

2021-10-29 18:16:10 - [TEST_STEP][PASSED] - delay(1): Delayed 1 second(s)

2021-10-29 18:16:11 - [MESSAGE][PASSED] - Delayed 1 second(s)

2021-10-29 18:16:11 - [TEST_STEP][PASSED] - if (negativeStatus == "emailNotMatch"): null

2021-10-29 18:16:11 - [TEST_STEP][PASSED] - else: Delayed 1 second(s)

2021-10-29 18:16:11 - [TEST_STEP][PASSED] - tap(findTestObject("Object Repository/Mobile/Page/Register/Not Registered/Informasi Pribadi/Edit Text - Re Email"), 0): Tapped on element 'Object Repository/Mobile/Page/Register/Not Registered/Informasi Pribadi/Edit Text - Re Email'

2021-10-29 18:16:11 - [MESSAGE][WARNING] - Timeout '0' is invalid. Using default page load timeout: '60'

2021-10-29 18:16:11 - [MESSAGE][PASSED] - Tapped on element 'Object Repository/Mobile/Page/Register/Not Registered/Informasi Pribadi/Edit Text - Re Email'

2021-10-29 18:16:11 - [TEST_STEP][PASSED] - setText(findTestObject("Object Repository/Mobile/Page/Register/Not Registered/Informasi Pribadi/Edit Text - Re Email"), email, 0): Text 'QATESTDrrTwBCouOkjQsL@gmail.com' has been set to element 'Object Repository/Mobile/Page/Register/Not Registered/Informasi Pribadi/Edit Text - Re Email'

2021-10-29 18:16:12 - [MESSAGE][WARNING] - Timeout '0' is invalid. Using default page load timeout: '60'

2021-10-29 18:16:13 - [MESSAGE][PASSED] - Text 'QATESTDrrTwBCouOkjQsL@gmail.com' has been set to element 'Object Repository/Mobile/Page/Register/Not Registered/Informasi Pribadi/Edit Text - Re Email'

2021-10-29 18:16:13 - [TEST_STEP][PASSED] - hideKeyboard(): Keyboard is hidden

2021-10-29 18:16:16 - [MESSAGE][PASSED] - Keyboard is hidden

2021-10-29 18:16:16 - [TEST_STEP][PASSED] - delay(1): Delayed 1 second(s)

2021-10-29 18:16:17 - [MESSAGE][PASSED] - Delayed 1 second(s)

2021-10-29 18:16:17 - [TEST_STEP][PASSED] - if (negativeStatus == "passwordNotFollowRules"): null

2021-10-29 18:16:17 - [TEST_STEP][PASSED] - password = "12345678": null

2021-10-29 18:16:17 - [TEST_STEP][PASSED] - tap(findTestObject("Object Repository/Mobile/Page/Register/Not Registered/Informasi Pribadi/Edit Text - Password"), 0): Tapped on element 'Object Repository/Mobile/Page/Register/Not Registered/Informasi Pribadi/Edit Text - Password'

2021-10-29 18:16:17 - [MESSAGE][WARNING] - Timeout '0' is invalid. Using default page load timeout: '60'

2021-10-29 18:16:18 - [MESSAGE][PASSED] - Tapped on element 'Object Repository/Mobile/Page/Register/Not Registered/Informasi Pribadi/Edit Text - Password'

2021-10-29 18:16:18 - [TEST_STEP][PASSED] - setText(findTestObject("Object Repository/Mobile/Page/Register/Not Registered/Informasi Pribadi/Edit Text - Password"), password, 0): Text '12345678' has been set to element 'Object Repository/Mobile/Page/Register/Not Registered/Informasi Pribadi/Edit Text - Password'

2021-10-29 18:16:18 - [MESSAGE][WARNING] - Timeout '0' is invalid. Using default page load timeout: '60'

2021-10-29 18:16:19 - [MESSAGE][PASSED] - Text '12345678' has been set to element 'Object Repository/Mobile/Page/Register/Not Registered/Informasi Pribadi/Edit Text - Password'

2021-10-29 18:16:19 - [TEST_STEP][PASSED] - hideKeyboard(): Keyboard is hidden

2021-10-29 18:16:25 - [MESSAGE][PASSED] - Keyboard is hidden

2021-10-29 18:16:25 - [TEST_STEP][PASSED] - delay(1): Delayed 1 second(s)

2021-10-29 18:16:26 - [MESSAGE][PASSED] - Delayed 1 second(s)

2021-10-29 18:16:26 - [TEST_STEP][PASSED] - passwordnumber = verifyElementExist(findTestObject("Object Repository/Mobile/Page/Register/Not Registered/Informasi Pribadi/Alert - Password not filled yet"), 1, OPTIONAL): Element 'Object Repository/Mobile/Page/Register/Not Registered/Informasi Pribadi/Alert - Password not filled yet' not found

2021-10-29 18:16:28 - [MESSAGE][WARNING] - Element 'Object Repository/Mobile/Page/Register/Not Registered/Informasi Pribadi/Alert - Password not filled yet' not found
[[ATTACHMENT|C:\\Users\\Owner\\Documents\\kerjaan\\KatalonProject\\qa-katalon-maxfund\\Reports\\20211029_174625\\Register\\20211029_174625\\1635506187469.png]]

2021-10-29 18:16:28 - [TEST_STEP][PASSED] - return null: null

2021-10-29 18:16:28 - [MESSAGE][PASSED] - Call Test Case 'Test Cases/Mobile/Page/Register/Register' successfully

2021-10-29 18:16:28 - [TEST_STEP][PASSED] - callTestCase(findTestCase("Mobile/Page/Run App/Terminate App"), [:], STOP_ON_FAILURE): Call Test Case 'Test Cases/Mobile/Page/Run App/Terminate App' successfully

2021-10-29 18:16:28 - [TEST_CASE][PASSED] - Test Cases/Mobile/Page/Run App/Terminate App: Test Cases/Mobile/Page/Run App/Terminate App

2021-10-29 18:16:28 - [TEST_STEP][PASSED] - startApp.OpenApp.terminateApplication(): startApp.OpenApp.terminateApplication is PASSED

2021-10-29 18:16:31 - [MESSAGE][PASSED] - Delayed 3 second(s)

2021-10-29 18:16:31 - [MESSAGE][PASSED] - Current device physical width is 720

2021-10-29 18:16:31 - [MESSAGE][PASSED] - Current device physical height is 1423

2021-10-29 18:16:32 - [MESSAGE][PASSED] - Swiped from 360,853 to 360,142

2021-10-29 18:16:33 - [MESSAGE][PASSED] - Delayed 1 second(s)

2021-10-29 18:16:35 - [MESSAGE][PASSED] - Swiped from 360,853 to 360,142

2021-10-29 18:16:38 - [MESSAGE][PASSED] - Delayed 3 second(s)

2021-10-29 18:16:38 - [MESSAGE][PASSED] - startApp.OpenApp.terminateApplication is PASSED

2021-10-29 18:16:38 - [MESSAGE][PASSED] - Call Test Case 'Test Cases/Mobile/Page/Run App/Terminate App' successfully]]></system-out>
         <system-err><![CDATA[]]></system-err>
      </testcase>
      <testcase name="Test Cases/Mobile/Scenario/Register/012 - User memasukkan nama di rekening berbeda dengan nama akun" time="200.61" classname="Test Cases/Mobile/Scenario/Register/012 - User memasukkan nama di rekening berbeda dengan nama akun" status="PASSED">
         <system-out><![CDATA[2021-10-29 18:16:38 - [TEST_CASE][PASSED] - Test Cases/Mobile/Scenario/Register/012 - User memasukkan nama di rekening berbeda dengan nama akun: Test Cases/Mobile/Scenario/Register/012 - User memasukkan nama di rekening berbeda dengan nama akun

2021-10-29 18:16:38 - [TEST_STEP][PASSED] - callTestCase(findTestCase("Mobile/Page/Run App/Run App byID"), [:], STOP_ON_FAILURE): Call Test Case 'Test Cases/Mobile/Page/Run App/Run App byID' successfully

2021-10-29 18:16:38 - [TEST_CASE][PASSED] - Test Cases/Mobile/Page/Run App/Run App byID: Test Cases/Mobile/Page/Run App/Run App byID

2021-10-29 18:16:38 - [TEST_STEP][PASSED] - startApp.OpenApp.startApplication("com.mirae.maxfund"): startApp.OpenApp.startApplication is PASSED

2021-10-29 18:16:50 - [MESSAGE][PASSED] - Starting app with application ID: 'com.mirae.maxfund'

2021-10-29 18:16:50 - [MESSAGE][PASSED] - startApp.OpenApp.startApplication is PASSED

2021-10-29 18:16:50 - [MESSAGE][PASSED] - Call Test Case 'Test Cases/Mobile/Page/Run App/Run App byID' successfully

2021-10-29 18:16:50 - [TEST_STEP][PASSED] - callTestCase(findTestCase("Mobile/Page/Register/Register"), ["isFromLoginPage":0, "isRegistered":0, "isBedaAlamat":0, "isUseReferralCode":0, "negativeStatus":"ownerNameNotMatch"], STOP_ON_FAILURE): Call Test Case 'Test Cases/Mobile/Page/Register/Register' successfully

2021-10-29 18:16:50 - [TEST_CASE][PASSED] - Test Cases/Mobile/Page/Register/Register: Test Cases/Mobile/Page/Register/Register

2021-10-29 18:16:50 - [TEST_STEP][PASSED] - delay(5): Delayed 5 second(s)

2021-10-29 18:16:55 - [MESSAGE][PASSED] - Delayed 5 second(s)

2021-10-29 18:16:55 - [TEST_STEP][PASSED] - if (isFromLoginPage == 1): null

2021-10-29 18:16:55 - [TEST_STEP][PASSED] - else: Tapped on element 'Object Repository/Mobile/Page/Dashboard/Button - Register'

2021-10-29 18:16:55 - [TEST_STEP][PASSED] - tap(findTestObject("Object Repository/Mobile/Page/Dashboard/Button - Register"), 0): Tapped on element 'Object Repository/Mobile/Page/Dashboard/Button - Register'

2021-10-29 18:16:55 - [MESSAGE][WARNING] - Timeout '0' is invalid. Using default page load timeout: '60'

2021-10-29 18:16:57 - [MESSAGE][PASSED] - Tapped on element 'Object Repository/Mobile/Page/Dashboard/Button - Register'

2021-10-29 18:16:57 - [TEST_STEP][PASSED] - delay(3): Delayed 3 second(s)

2021-10-29 18:17:00 - [MESSAGE][PASSED] - Delayed 3 second(s)

2021-10-29 18:17:00 - [TEST_STEP][PASSED] - if (isRegistered == 1): null

2021-10-29 18:17:00 - [TEST_STEP][PASSED] - else: null

2021-10-29 18:17:00 - [TEST_STEP][PASSED] - RegisterMethod.notRegistered(negativeStatus, isBedaAlamat, isUseReferralCode): null

2021-10-29 18:17:00 - [TEST_STEP][PASSED] - fullname = "QATEST" + acak.acak.randomStringWord(): acak.acak.randomStringWord is PASSED

2021-10-29 18:17:00 - [MESSAGE][PASSED] - acak.acak.randomStringWord is PASSED

2021-10-29 18:17:00 - [TEST_STEP][PASSED] - birthdate = "1/1/1998": null

2021-10-29 18:17:00 - [TEST_STEP][PASSED] - phone = "082" + acak.acak.randomStringNumber(9): acak.acak.randomStringNumber is PASSED

2021-10-29 18:17:00 - [MESSAGE][PASSED] - acak.acak.randomStringNumber is PASSED

2021-10-29 18:17:00 - [TEST_STEP][PASSED] - email = fullname + "@gmail.com": null

2021-10-29 18:17:00 - [TEST_STEP][PASSED] - password = "Mirae1234": null

2021-10-29 18:17:00 - [TEST_STEP][PASSED] - branch = "qa cabang": null

2021-10-29 18:17:00 - [TEST_STEP][PASSED] - accountnumber = "222444222444": null

2021-10-29 18:17:00 - [TEST_STEP][PASSED] - nameowner = fullname: null

2021-10-29 18:17:00 - [TEST_STEP][PASSED] - alamat = "Jl. Cempaka Putih Barat 12 F No.12, RT.8/RW.8": null

2021-10-29 18:17:00 - [TEST_STEP][PASSED] - kodepos = "15412": null

2021-10-29 18:17:00 - [TEST_STEP][PASSED] - referralcode = "15412": null

2021-10-29 18:17:00 - [TEST_STEP][PASSED] - flag = "indonesia": null

2021-10-29 18:17:00 - [TEST_STEP][PASSED] - bank = "citibank": null

2021-10-29 18:17:00 - [TEST_STEP][PASSED] - tap(findTestObject("Object Repository/Mobile/Page/Register/Radio Button - Not registered yet"), 0): Tapped on element 'Object Repository/Mobile/Page/Register/Radio Button - Not registered yet'

2021-10-29 18:17:00 - [MESSAGE][WARNING] - Timeout '0' is invalid. Using default page load timeout: '60'

2021-10-29 18:17:02 - [MESSAGE][PASSED] - Tapped on element 'Object Repository/Mobile/Page/Register/Radio Button - Not registered yet'

2021-10-29 18:17:02 - [TEST_STEP][PASSED] - delay(3): Delayed 3 second(s)

2021-10-29 18:17:05 - [MESSAGE][PASSED] - Delayed 3 second(s)

2021-10-29 18:17:05 - [TEST_STEP][PASSED] - tap(findTestObject("Object Repository/Mobile/Page/Register/Not Registered/Button - Next"), 0): Tapped on element 'Object Repository/Mobile/Page/Register/Not Registered/Button - Next'

2021-10-29 18:17:05 - [MESSAGE][WARNING] - Timeout '0' is invalid. Using default page load timeout: '60'

2021-10-29 18:17:06 - [MESSAGE][PASSED] - Tapped on element 'Object Repository/Mobile/Page/Register/Not Registered/Button - Next'

2021-10-29 18:17:06 - [TEST_STEP][PASSED] - delay(1): Delayed 1 second(s)

2021-10-29 18:17:07 - [MESSAGE][PASSED] - Delayed 1 second(s)

2021-10-29 18:17:07 - [TEST_STEP][PASSED] - tap(findTestObject("Object Repository/Mobile/Page/Register/Not Registered/Informasi Pribadi/Edit Text - Fullname"), 0): Tapped on element 'Object Repository/Mobile/Page/Register/Not Registered/Informasi Pribadi/Edit Text - Fullname'

2021-10-29 18:17:07 - [MESSAGE][WARNING] - Timeout '0' is invalid. Using default page load timeout: '60'

2021-10-29 18:17:07 - [MESSAGE][PASSED] - Tapped on element 'Object Repository/Mobile/Page/Register/Not Registered/Informasi Pribadi/Edit Text - Fullname'

2021-10-29 18:17:07 - [TEST_STEP][PASSED] - setText(findTestObject("Object Repository/Mobile/Page/Register/Not Registered/Informasi Pribadi/Edit Text - Fullname"), fullname, 0): Text 'QATESTZuHnicZGEVfEsQw' has been set to element 'Object Repository/Mobile/Page/Register/Not Registered/Informasi Pribadi/Edit Text - Fullname'

2021-10-29 18:17:07 - [MESSAGE][WARNING] - Timeout '0' is invalid. Using default page load timeout: '60'

2021-10-29 18:17:09 - [MESSAGE][PASSED] - Text 'QATESTZuHnicZGEVfEsQw' has been set to element 'Object Repository/Mobile/Page/Register/Not Registered/Informasi Pribadi/Edit Text - Fullname'

2021-10-29 18:17:09 - [TEST_STEP][PASSED] - hideKeyboard(): Keyboard is hidden

2021-10-29 18:17:12 - [MESSAGE][PASSED] - Keyboard is hidden

2021-10-29 18:17:12 - [TEST_STEP][PASSED] - delay(1): Delayed 1 second(s)

2021-10-29 18:17:13 - [MESSAGE][PASSED] - Delayed 1 second(s)

2021-10-29 18:17:13 - [TEST_STEP][PASSED] - tap(findTestObject("Object Repository/Mobile/Page/Register/Not Registered/Informasi Pribadi/Date Picker - Date of Birth"), 0): Tapped on element 'Object Repository/Mobile/Page/Register/Not Registered/Informasi Pribadi/Date Picker - Date of Birth'

2021-10-29 18:17:13 - [MESSAGE][WARNING] - Timeout '0' is invalid. Using default page load timeout: '60'

2021-10-29 18:17:14 - [MESSAGE][PASSED] - Tapped on element 'Object Repository/Mobile/Page/Register/Not Registered/Informasi Pribadi/Date Picker - Date of Birth'

2021-10-29 18:17:14 - [TEST_STEP][PASSED] - tap(findTestObject("Object Repository/Mobile/Page/Register/Not Registered/Informasi Pribadi/Date Picker - Icon Edit"), 0): Tapped on element 'Object Repository/Mobile/Page/Register/Not Registered/Informasi Pribadi/Date Picker - Icon Edit'

2021-10-29 18:17:14 - [MESSAGE][WARNING] - Timeout '0' is invalid. Using default page load timeout: '60'

2021-10-29 18:17:16 - [MESSAGE][PASSED] - Tapped on element 'Object Repository/Mobile/Page/Register/Not Registered/Informasi Pribadi/Date Picker - Icon Edit'

2021-10-29 18:17:16 - [TEST_STEP][PASSED] - if (negativeStatus == "less17YearsOld"): null

2021-10-29 18:17:16 - [TEST_STEP][PASSED] - else: Delayed 1 second(s)

2021-10-29 18:17:16 - [TEST_STEP][PASSED] - setText(findTestObject("Mobile/Page/Register/Not Registered/Informasi Pribadi/Date Picker - Edit Text Date"), birthdate, 0): Text '1/1/1998' has been set to element 'Object Repository/Mobile/Page/Register/Not Registered/Informasi Pribadi/Date Picker - Edit Text Date'

2021-10-29 18:17:16 - [MESSAGE][WARNING] - Timeout '0' is invalid. Using default page load timeout: '60'

2021-10-29 18:17:17 - [MESSAGE][PASSED] - Text '1/1/1998' has been set to element 'Object Repository/Mobile/Page/Register/Not Registered/Informasi Pribadi/Date Picker - Edit Text Date'

2021-10-29 18:17:17 - [TEST_STEP][PASSED] - tap(findTestObject("Mobile/Page/Register/Not Registered/Informasi Pribadi/Date Picker - Button OK"), 0): Tapped on element 'Object Repository/Mobile/Page/Register/Not Registered/Informasi Pribadi/Date Picker - Button OK'

2021-10-29 18:17:17 - [MESSAGE][WARNING] - Timeout '0' is invalid. Using default page load timeout: '60'

2021-10-29 18:17:19 - [MESSAGE][PASSED] - Tapped on element 'Object Repository/Mobile/Page/Register/Not Registered/Informasi Pribadi/Date Picker - Button OK'

2021-10-29 18:17:19 - [TEST_STEP][PASSED] - delay(1): Delayed 1 second(s)

2021-10-29 18:17:20 - [MESSAGE][PASSED] - Delayed 1 second(s)

2021-10-29 18:17:20 - [TEST_STEP][PASSED] - tap(findTestObject("Object Repository/Mobile/Page/Register/Not Registered/Informasi Pribadi/Dropdown - Flag Phone Number"), 0): Tapped on element 'Object Repository/Mobile/Page/Register/Not Registered/Informasi Pribadi/Dropdown - Flag Phone Number'

2021-10-29 18:17:20 - [MESSAGE][WARNING] - Timeout '0' is invalid. Using default page load timeout: '60'

2021-10-29 18:17:21 - [MESSAGE][PASSED] - Tapped on element 'Object Repository/Mobile/Page/Register/Not Registered/Informasi Pribadi/Dropdown - Flag Phone Number'

2021-10-29 18:17:21 - [TEST_STEP][PASSED] - tap(findTestObject("Object Repository/Mobile/Page/Register/Not Registered/Informasi Pribadi/Edit Text - Search Flag"), 0): Tapped on element 'Object Repository/Mobile/Page/Register/Not Registered/Informasi Pribadi/Edit Text - Search Flag'

2021-10-29 18:17:21 - [MESSAGE][WARNING] - Timeout '0' is invalid. Using default page load timeout: '60'

2021-10-29 18:17:21 - [MESSAGE][PASSED] - Tapped on element 'Object Repository/Mobile/Page/Register/Not Registered/Informasi Pribadi/Edit Text - Search Flag'

2021-10-29 18:17:21 - [TEST_STEP][PASSED] - setText(findTestObject("Object Repository/Mobile/Page/Register/Not Registered/Informasi Pribadi/Edit Text - Search Flag"), flag, 0): Text 'indonesia' has been set to element 'Object Repository/Mobile/Page/Register/Not Registered/Informasi Pribadi/Edit Text - Search Flag'

2021-10-29 18:17:21 - [MESSAGE][WARNING] - Timeout '0' is invalid. Using default page load timeout: '60'

2021-10-29 18:17:23 - [MESSAGE][PASSED] - Text 'indonesia' has been set to element 'Object Repository/Mobile/Page/Register/Not Registered/Informasi Pribadi/Edit Text - Search Flag'

2021-10-29 18:17:23 - [TEST_STEP][PASSED] - tap(findTestObject("Mobile/Page/Register/Not Registered/Informasi Pribadi/Item Flag - Top Search"), 0): Tapped on element 'Object Repository/Mobile/Page/Register/Not Registered/Informasi Pribadi/Item Flag - Top Search'

2021-10-29 18:17:23 - [MESSAGE][WARNING] - Timeout '0' is invalid. Using default page load timeout: '60'

2021-10-29 18:17:25 - [MESSAGE][PASSED] - Tapped on element 'Object Repository/Mobile/Page/Register/Not Registered/Informasi Pribadi/Item Flag - Top Search'

2021-10-29 18:17:25 - [TEST_STEP][PASSED] - tap(findTestObject("Object Repository/Mobile/Page/Register/Not Registered/Informasi Pribadi/Edit Text - Phone Number"), 0): Tapped on element 'Object Repository/Mobile/Page/Register/Not Registered/Informasi Pribadi/Edit Text - Phone Number'

2021-10-29 18:17:25 - [MESSAGE][WARNING] - Timeout '0' is invalid. Using default page load timeout: '60'

2021-10-29 18:17:25 - [MESSAGE][PASSED] - Tapped on element 'Object Repository/Mobile/Page/Register/Not Registered/Informasi Pribadi/Edit Text - Phone Number'

2021-10-29 18:17:25 - [TEST_STEP][PASSED] - setText(findTestObject("Object Repository/Mobile/Page/Register/Not Registered/Informasi Pribadi/Edit Text - Phone Number"), phone, 0): Text '082486541793' has been set to element 'Object Repository/Mobile/Page/Register/Not Registered/Informasi Pribadi/Edit Text - Phone Number'

2021-10-29 18:17:25 - [MESSAGE][WARNING] - Timeout '0' is invalid. Using default page load timeout: '60'

2021-10-29 18:17:27 - [MESSAGE][PASSED] - Text '082486541793' has been set to element 'Object Repository/Mobile/Page/Register/Not Registered/Informasi Pribadi/Edit Text - Phone Number'

2021-10-29 18:17:27 - [TEST_STEP][PASSED] - hideKeyboard(): Keyboard is hidden

2021-10-29 18:17:33 - [MESSAGE][PASSED] - Keyboard is hidden

2021-10-29 18:17:33 - [TEST_STEP][PASSED] - delay(1): Delayed 1 second(s)

2021-10-29 18:17:34 - [MESSAGE][PASSED] - Delayed 1 second(s)

2021-10-29 18:17:34 - [TEST_STEP][PASSED] - tap(findTestObject("Object Repository/Mobile/Page/Register/Not Registered/Informasi Pribadi/Dropdown - Flag Re Phone Number"), 0): Tapped on element 'Object Repository/Mobile/Page/Register/Not Registered/Informasi Pribadi/Dropdown - Flag Re Phone Number'

2021-10-29 18:17:34 - [MESSAGE][WARNING] - Timeout '0' is invalid. Using default page load timeout: '60'

2021-10-29 18:17:35 - [MESSAGE][PASSED] - Tapped on element 'Object Repository/Mobile/Page/Register/Not Registered/Informasi Pribadi/Dropdown - Flag Re Phone Number'

2021-10-29 18:17:35 - [TEST_STEP][PASSED] - tap(findTestObject("Object Repository/Mobile/Page/Register/Not Registered/Informasi Pribadi/Edit Text - Search Flag"), 0): Tapped on element 'Object Repository/Mobile/Page/Register/Not Registered/Informasi Pribadi/Edit Text - Search Flag'

2021-10-29 18:17:35 - [MESSAGE][WARNING] - Timeout '0' is invalid. Using default page load timeout: '60'

2021-10-29 18:17:35 - [MESSAGE][PASSED] - Tapped on element 'Object Repository/Mobile/Page/Register/Not Registered/Informasi Pribadi/Edit Text - Search Flag'

2021-10-29 18:17:35 - [TEST_STEP][PASSED] - setText(findTestObject("Object Repository/Mobile/Page/Register/Not Registered/Informasi Pribadi/Edit Text - Search Flag"), flag, 0): Text 'indonesia' has been set to element 'Object Repository/Mobile/Page/Register/Not Registered/Informasi Pribadi/Edit Text - Search Flag'

2021-10-29 18:17:36 - [MESSAGE][WARNING] - Timeout '0' is invalid. Using default page load timeout: '60'

2021-10-29 18:17:37 - [MESSAGE][PASSED] - Text 'indonesia' has been set to element 'Object Repository/Mobile/Page/Register/Not Registered/Informasi Pribadi/Edit Text - Search Flag'

2021-10-29 18:17:37 - [TEST_STEP][PASSED] - tap(findTestObject("Mobile/Page/Register/Not Registered/Informasi Pribadi/Item Flag - Top Search"), 0): Tapped on element 'Object Repository/Mobile/Page/Register/Not Registered/Informasi Pribadi/Item Flag - Top Search'

2021-10-29 18:17:37 - [MESSAGE][WARNING] - Timeout '0' is invalid. Using default page load timeout: '60'

2021-10-29 18:17:39 - [MESSAGE][PASSED] - Tapped on element 'Object Repository/Mobile/Page/Register/Not Registered/Informasi Pribadi/Item Flag - Top Search'

2021-10-29 18:17:39 - [TEST_STEP][PASSED] - tap(findTestObject("Object Repository/Mobile/Page/Register/Not Registered/Informasi Pribadi/Edit Text - Re Phone Number"), 0): Tapped on element 'Object Repository/Mobile/Page/Register/Not Registered/Informasi Pribadi/Edit Text - Re Phone Number'

2021-10-29 18:17:39 - [MESSAGE][WARNING] - Timeout '0' is invalid. Using default page load timeout: '60'

2021-10-29 18:17:39 - [MESSAGE][PASSED] - Tapped on element 'Object Repository/Mobile/Page/Register/Not Registered/Informasi Pribadi/Edit Text - Re Phone Number'

2021-10-29 18:17:39 - [TEST_STEP][PASSED] - setText(findTestObject("Object Repository/Mobile/Page/Register/Not Registered/Informasi Pribadi/Edit Text - Re Phone Number"), phone, 0): Text '082486541793' has been set to element 'Object Repository/Mobile/Page/Register/Not Registered/Informasi Pribadi/Edit Text - Re Phone Number'

2021-10-29 18:17:39 - [MESSAGE][WARNING] - Timeout '0' is invalid. Using default page load timeout: '60'

2021-10-29 18:17:40 - [MESSAGE][PASSED] - Text '082486541793' has been set to element 'Object Repository/Mobile/Page/Register/Not Registered/Informasi Pribadi/Edit Text - Re Phone Number'

2021-10-29 18:17:40 - [TEST_STEP][PASSED] - hideKeyboard(): Keyboard is hidden

2021-10-29 18:17:46 - [MESSAGE][PASSED] - Keyboard is hidden

2021-10-29 18:17:46 - [TEST_STEP][PASSED] - delay(1): Delayed 1 second(s)

2021-10-29 18:17:47 - [MESSAGE][PASSED] - Delayed 1 second(s)

2021-10-29 18:17:47 - [TEST_STEP][PASSED] - if (negativeStatus == "emailRegistered"): null

2021-10-29 18:17:47 - [TEST_STEP][PASSED] - else: Delayed 1 second(s)

2021-10-29 18:17:47 - [TEST_STEP][PASSED] - tap(findTestObject("Object Repository/Mobile/Page/Register/Not Registered/Informasi Pribadi/Edit Text - Email"), 0): Tapped on element 'Object Repository/Mobile/Page/Register/Not Registered/Informasi Pribadi/Edit Text - Email'

2021-10-29 18:17:47 - [MESSAGE][WARNING] - Timeout '0' is invalid. Using default page load timeout: '60'

2021-10-29 18:17:47 - [MESSAGE][PASSED] - Tapped on element 'Object Repository/Mobile/Page/Register/Not Registered/Informasi Pribadi/Edit Text - Email'

2021-10-29 18:17:47 - [TEST_STEP][PASSED] - setText(findTestObject("Object Repository/Mobile/Page/Register/Not Registered/Informasi Pribadi/Edit Text - Email"), email, 0): Text 'QATESTZuHnicZGEVfEsQw@gmail.com' has been set to element 'Object Repository/Mobile/Page/Register/Not Registered/Informasi Pribadi/Edit Text - Email'

2021-10-29 18:17:48 - [MESSAGE][WARNING] - Timeout '0' is invalid. Using default page load timeout: '60'

2021-10-29 18:17:49 - [MESSAGE][PASSED] - Text 'QATESTZuHnicZGEVfEsQw@gmail.com' has been set to element 'Object Repository/Mobile/Page/Register/Not Registered/Informasi Pribadi/Edit Text - Email'

2021-10-29 18:17:49 - [TEST_STEP][PASSED] - hideKeyboard(): Keyboard is hidden

2021-10-29 18:17:52 - [MESSAGE][PASSED] - Keyboard is hidden

2021-10-29 18:17:52 - [TEST_STEP][PASSED] - delay(1): Delayed 1 second(s)

2021-10-29 18:17:53 - [MESSAGE][PASSED] - Delayed 1 second(s)

2021-10-29 18:17:53 - [TEST_STEP][PASSED] - if (negativeStatus == "emailNotMatch"): null

2021-10-29 18:17:53 - [TEST_STEP][PASSED] - else: Delayed 1 second(s)

2021-10-29 18:17:53 - [TEST_STEP][PASSED] - tap(findTestObject("Object Repository/Mobile/Page/Register/Not Registered/Informasi Pribadi/Edit Text - Re Email"), 0): Tapped on element 'Object Repository/Mobile/Page/Register/Not Registered/Informasi Pribadi/Edit Text - Re Email'

2021-10-29 18:17:53 - [MESSAGE][WARNING] - Timeout '0' is invalid. Using default page load timeout: '60'

2021-10-29 18:17:54 - [MESSAGE][PASSED] - Tapped on element 'Object Repository/Mobile/Page/Register/Not Registered/Informasi Pribadi/Edit Text - Re Email'

2021-10-29 18:17:54 - [TEST_STEP][PASSED] - setText(findTestObject("Object Repository/Mobile/Page/Register/Not Registered/Informasi Pribadi/Edit Text - Re Email"), email, 0): Text 'QATESTZuHnicZGEVfEsQw@gmail.com' has been set to element 'Object Repository/Mobile/Page/Register/Not Registered/Informasi Pribadi/Edit Text - Re Email'

2021-10-29 18:17:54 - [MESSAGE][WARNING] - Timeout '0' is invalid. Using default page load timeout: '60'

2021-10-29 18:17:55 - [MESSAGE][PASSED] - Text 'QATESTZuHnicZGEVfEsQw@gmail.com' has been set to element 'Object Repository/Mobile/Page/Register/Not Registered/Informasi Pribadi/Edit Text - Re Email'

2021-10-29 18:17:55 - [TEST_STEP][PASSED] - hideKeyboard(): Keyboard is hidden

2021-10-29 18:17:58 - [MESSAGE][PASSED] - Keyboard is hidden

2021-10-29 18:17:58 - [TEST_STEP][PASSED] - delay(1): Delayed 1 second(s)

2021-10-29 18:17:59 - [MESSAGE][PASSED] - Delayed 1 second(s)

2021-10-29 18:17:59 - [TEST_STEP][PASSED] - if (negativeStatus == "passwordNotFollowRules"): null

2021-10-29 18:17:59 - [TEST_STEP][PASSED] - else: Delayed 1 second(s)

2021-10-29 18:17:59 - [TEST_STEP][PASSED] - tap(findTestObject("Object Repository/Mobile/Page/Register/Not Registered/Informasi Pribadi/Edit Text - Password"), 0): Tapped on element 'Object Repository/Mobile/Page/Register/Not Registered/Informasi Pribadi/Edit Text - Password'

2021-10-29 18:17:59 - [MESSAGE][WARNING] - Timeout '0' is invalid. Using default page load timeout: '60'

2021-10-29 18:18:01 - [MESSAGE][PASSED] - Tapped on element 'Object Repository/Mobile/Page/Register/Not Registered/Informasi Pribadi/Edit Text - Password'

2021-10-29 18:18:01 - [TEST_STEP][PASSED] - setText(findTestObject("Object Repository/Mobile/Page/Register/Not Registered/Informasi Pribadi/Edit Text - Password"), password, 0): Text 'Mirae1234' has been set to element 'Object Repository/Mobile/Page/Register/Not Registered/Informasi Pribadi/Edit Text - Password'

2021-10-29 18:18:01 - [MESSAGE][WARNING] - Timeout '0' is invalid. Using default page load timeout: '60'

2021-10-29 18:18:01 - [MESSAGE][PASSED] - Text 'Mirae1234' has been set to element 'Object Repository/Mobile/Page/Register/Not Registered/Informasi Pribadi/Edit Text - Password'

2021-10-29 18:18:01 - [TEST_STEP][PASSED] - hideKeyboard(): Keyboard is hidden

2021-10-29 18:18:07 - [MESSAGE][PASSED] - Keyboard is hidden

2021-10-29 18:18:07 - [TEST_STEP][PASSED] - delay(1): Delayed 1 second(s)

2021-10-29 18:18:08 - [MESSAGE][PASSED] - Delayed 1 second(s)

2021-10-29 18:18:08 - [TEST_STEP][PASSED] - tap(findTestObject("Object Repository/Mobile/Page/Register/Not Registered/Informasi Pribadi/Edit Text - Re Password"), 0): Tapped on element 'Object Repository/Mobile/Page/Register/Not Registered/Informasi Pribadi/Edit Text - Re Password'

2021-10-29 18:18:08 - [MESSAGE][WARNING] - Timeout '0' is invalid. Using default page load timeout: '60'

2021-10-29 18:18:09 - [MESSAGE][PASSED] - Tapped on element 'Object Repository/Mobile/Page/Register/Not Registered/Informasi Pribadi/Edit Text - Re Password'

2021-10-29 18:18:09 - [TEST_STEP][PASSED] - setText(findTestObject("Object Repository/Mobile/Page/Register/Not Registered/Informasi Pribadi/Edit Text - Re Password"), password, 0): Text 'Mirae1234' has been set to element 'Object Repository/Mobile/Page/Register/Not Registered/Informasi Pribadi/Edit Text - Re Password'

2021-10-29 18:18:09 - [MESSAGE][WARNING] - Timeout '0' is invalid. Using default page load timeout: '60'

2021-10-29 18:18:10 - [MESSAGE][PASSED] - Text 'Mirae1234' has been set to element 'Object Repository/Mobile/Page/Register/Not Registered/Informasi Pribadi/Edit Text - Re Password'

2021-10-29 18:18:10 - [TEST_STEP][PASSED] - hideKeyboard(): Keyboard is hidden

2021-10-29 18:18:16 - [MESSAGE][PASSED] - Keyboard is hidden

2021-10-29 18:18:16 - [TEST_STEP][PASSED] - delay(1): Delayed 1 second(s)

2021-10-29 18:18:17 - [MESSAGE][PASSED] - Delayed 1 second(s)

2021-10-29 18:18:17 - [TEST_STEP][PASSED] - if (isBedaAlamat == 1): null

2021-10-29 18:18:17 - [TEST_STEP][PASSED] - tap(findTestObject("Object Repository/Mobile/Page/Register/Not Registered/Informasi Pribadi/Button - Icon KTP"), 0): Tapped on element 'Object Repository/Mobile/Page/Register/Not Registered/Informasi Pribadi/Button - Icon KTP'

2021-10-29 18:18:17 - [MESSAGE][WARNING] - Timeout '0' is invalid. Using default page load timeout: '60'

2021-10-29 18:18:18 - [MESSAGE][PASSED] - Tapped on element 'Object Repository/Mobile/Page/Register/Not Registered/Informasi Pribadi/Button - Icon KTP'

2021-10-29 18:18:18 - [TEST_STEP][PASSED] - permission = verifyElementExist(findTestObject("Object Repository/Mobile/Page/Register/Not Registered/Informasi Pribadi/Permission - Only this time"), 1, OPTIONAL): Element 'Object Repository/Mobile/Page/Register/Not Registered/Informasi Pribadi/Permission - Only this time' is exist

2021-10-29 18:18:19 - [MESSAGE][PASSED] - Element 'Object Repository/Mobile/Page/Register/Not Registered/Informasi Pribadi/Permission - Only this time' is exist

2021-10-29 18:18:19 - [TEST_STEP][PASSED] - if (permission): Tapped on element 'Object Repository/Mobile/Page/Register/Not Registered/Informasi Pribadi/Permission - Only this time'

2021-10-29 18:18:19 - [TEST_STEP][PASSED] - tap(findTestObject("Object Repository/Mobile/Page/Register/Not Registered/Informasi Pribadi/Permission - Only this time"), 0): Tapped on element 'Object Repository/Mobile/Page/Register/Not Registered/Informasi Pribadi/Permission - Only this time'

2021-10-29 18:18:19 - [MESSAGE][WARNING] - Timeout '0' is invalid. Using default page load timeout: '60'

2021-10-29 18:18:19 - [MESSAGE][PASSED] - Tapped on element 'Object Repository/Mobile/Page/Register/Not Registered/Informasi Pribadi/Permission - Only this time'

2021-10-29 18:18:19 - [TEST_STEP][PASSED] - permission = verifyElementExist(findTestObject("Object Repository/Mobile/Page/Register/Not Registered/Informasi Pribadi/Permission - Only this time"), 1, OPTIONAL): Element 'Object Repository/Mobile/Page/Register/Not Registered/Informasi Pribadi/Permission - Only this time' is exist

2021-10-29 18:18:20 - [MESSAGE][PASSED] - Element 'Object Repository/Mobile/Page/Register/Not Registered/Informasi Pribadi/Permission - Only this time' is exist

2021-10-29 18:18:20 - [TEST_STEP][PASSED] - if (permission): Tapped on element 'Object Repository/Mobile/Page/Register/Not Registered/Informasi Pribadi/Permission - Only this time'

2021-10-29 18:18:20 - [TEST_STEP][PASSED] - tap(findTestObject("Object Repository/Mobile/Page/Register/Not Registered/Informasi Pribadi/Permission - Only this time"), 0): Tapped on element 'Object Repository/Mobile/Page/Register/Not Registered/Informasi Pribadi/Permission - Only this time'

2021-10-29 18:18:20 - [MESSAGE][WARNING] - Timeout '0' is invalid. Using default page load timeout: '60'

2021-10-29 18:18:21 - [MESSAGE][PASSED] - Tapped on element 'Object Repository/Mobile/Page/Register/Not Registered/Informasi Pribadi/Permission - Only this time'

2021-10-29 18:18:21 - [TEST_STEP][PASSED] - tap(findTestObject("Object Repository/Mobile/Page/Register/Not Registered/Informasi Pribadi/Button - Capture KTP"), 0): Tapped on element 'Object Repository/Mobile/Page/Register/Not Registered/Informasi Pribadi/Button - Capture KTP'

2021-10-29 18:18:21 - [MESSAGE][WARNING] - Timeout '0' is invalid. Using default page load timeout: '60'

2021-10-29 18:18:22 - [MESSAGE][PASSED] - Tapped on element 'Object Repository/Mobile/Page/Register/Not Registered/Informasi Pribadi/Button - Capture KTP'

2021-10-29 18:18:22 - [TEST_STEP][PASSED] - delay(2): Delayed 2 second(s)

2021-10-29 18:18:24 - [MESSAGE][PASSED] - Delayed 2 second(s)

2021-10-29 18:18:24 - [TEST_STEP][PASSED] - scroll.scroll.scrollLeftToRight(findTestObject("Object Repository/Mobile/Page/Register/Not Registered/Informasi Pribadi/Slider - Edit Photo Scale")): scroll.scroll.scrollLeftToRight is PASSED

2021-10-29 18:18:24 - [MESSAGE][WARNING] - Timeout '0' is invalid. Using default page load timeout: '60'

2021-10-29 18:18:27 - [MESSAGE][PASSED] - Object 'Object Repository/Mobile/Page/Register/Not Registered/Informasi Pribadi/Slider - Edit Photo Scale' has left position '0'

2021-10-29 18:18:27 - [MESSAGE][WARNING] - Timeout '0' is invalid. Using default page load timeout: '60'

2021-10-29 18:18:27 - [MESSAGE][PASSED] - Object 'Object Repository/Mobile/Page/Register/Not Registered/Informasi Pribadi/Slider - Edit Photo Scale' has top position '1,284'

2021-10-29 18:18:27 - [MESSAGE][WARNING] - Timeout '0' is invalid. Using default page load timeout: '60'

2021-10-29 18:18:27 - [MESSAGE][PASSED] - Object 'Object Repository/Mobile/Page/Register/Not Registered/Informasi Pribadi/Slider - Edit Photo Scale' has width: '720'

2021-10-29 18:18:27 - [MESSAGE][WARNING] - Timeout '0' is invalid. Using default page load timeout: '60'

2021-10-29 18:18:27 - [MESSAGE][PASSED] - Object 'Object Repository/Mobile/Page/Register/Not Registered/Informasi Pribadi/Slider - Edit Photo Scale' has height: '66'

2021-10-29 18:18:29 - [MESSAGE][PASSED] - Swiped from 144,1,317 to 576,1,317

2021-10-29 18:18:29 - [MESSAGE][PASSED] - scroll.scroll.scrollLeftToRight is PASSED

2021-10-29 18:18:29 - [TEST_STEP][PASSED] - tap(findTestObject("Object Repository/Mobile/Page/Register/Not Registered/Informasi Pribadi/Button - Edit Photo Rotate"), 0): Tapped on element 'Object Repository/Mobile/Page/Register/Not Registered/Informasi Pribadi/Button - Edit Photo Rotate'

2021-10-29 18:18:29 - [MESSAGE][WARNING] - Timeout '0' is invalid. Using default page load timeout: '60'

2021-10-29 18:18:30 - [MESSAGE][PASSED] - Tapped on element 'Object Repository/Mobile/Page/Register/Not Registered/Informasi Pribadi/Button - Edit Photo Rotate'

2021-10-29 18:18:30 - [TEST_STEP][PASSED] - tap(findTestObject("Object Repository/Mobile/Page/Register/Not Registered/Informasi Pribadi/Button - Edit Photo Rotate 90 degree"), 0): Tapped on element 'Object Repository/Mobile/Page/Register/Not Registered/Informasi Pribadi/Button - Edit Photo Rotate 90 degree'

2021-10-29 18:18:30 - [MESSAGE][WARNING] - Timeout '0' is invalid. Using default page load timeout: '60'

2021-10-29 18:18:32 - [MESSAGE][PASSED] - Tapped on element 'Object Repository/Mobile/Page/Register/Not Registered/Informasi Pribadi/Button - Edit Photo Rotate 90 degree'

2021-10-29 18:18:32 - [TEST_STEP][PASSED] - tap(findTestObject("Object Repository/Mobile/Page/Register/Not Registered/Informasi Pribadi/Button - Edit Photo Reset Rotation"), 0): Tapped on element 'Object Repository/Mobile/Page/Register/Not Registered/Informasi Pribadi/Button - Edit Photo Reset Rotation'

2021-10-29 18:18:32 - [MESSAGE][WARNING] - Timeout '0' is invalid. Using default page load timeout: '60'

2021-10-29 18:18:33 - [MESSAGE][PASSED] - Tapped on element 'Object Repository/Mobile/Page/Register/Not Registered/Informasi Pribadi/Button - Edit Photo Reset Rotation'

2021-10-29 18:18:33 - [TEST_STEP][PASSED] - scroll.scroll.scrollLeftToRight(findTestObject("Object Repository/Mobile/Page/Register/Not Registered/Informasi Pribadi/Slider - Edit Photo Rotate")): scroll.scroll.scrollLeftToRight is PASSED

2021-10-29 18:18:33 - [MESSAGE][WARNING] - Timeout '0' is invalid. Using default page load timeout: '60'

2021-10-29 18:18:33 - [MESSAGE][PASSED] - Object 'Object Repository/Mobile/Page/Register/Not Registered/Informasi Pribadi/Slider - Edit Photo Rotate' has left position '88'

2021-10-29 18:18:33 - [MESSAGE][WARNING] - Timeout '0' is invalid. Using default page load timeout: '60'

2021-10-29 18:18:33 - [MESSAGE][PASSED] - Object 'Object Repository/Mobile/Page/Register/Not Registered/Informasi Pribadi/Slider - Edit Photo Rotate' has top position '1,284'

2021-10-29 18:18:33 - [MESSAGE][WARNING] - Timeout '0' is invalid. Using default page load timeout: '60'

2021-10-29 18:18:33 - [MESSAGE][PASSED] - Object 'Object Repository/Mobile/Page/Register/Not Registered/Informasi Pribadi/Slider - Edit Photo Rotate' has width: '544'

2021-10-29 18:18:33 - [MESSAGE][WARNING] - Timeout '0' is invalid. Using default page load timeout: '60'

2021-10-29 18:18:34 - [MESSAGE][PASSED] - Object 'Object Repository/Mobile/Page/Register/Not Registered/Informasi Pribadi/Slider - Edit Photo Rotate' has height: '66'

2021-10-29 18:18:35 - [MESSAGE][PASSED] - Swiped from 196,1,317 to 523,1,317

2021-10-29 18:18:35 - [MESSAGE][PASSED] - scroll.scroll.scrollLeftToRight is PASSED

2021-10-29 18:18:35 - [TEST_STEP][PASSED] - tap(findTestObject("Object Repository/Mobile/Page/Register/Not Registered/Informasi Pribadi/Button - Edit Photo Confirm"), 0): Tapped on element 'Object Repository/Mobile/Page/Register/Not Registered/Informasi Pribadi/Button - Edit Photo Confirm'

2021-10-29 18:18:35 - [MESSAGE][WARNING] - Timeout '0' is invalid. Using default page load timeout: '60'

2021-10-29 18:18:37 - [MESSAGE][PASSED] - Tapped on element 'Object Repository/Mobile/Page/Register/Not Registered/Informasi Pribadi/Button - Edit Photo Confirm'

2021-10-29 18:18:37 - [TEST_STEP][PASSED] - delay(2): Delayed 2 second(s)

2021-10-29 18:18:39 - [MESSAGE][PASSED] - Delayed 2 second(s)

2021-10-29 18:18:39 - [TEST_STEP][PASSED] - hideKeyboard(): Keyboard is hidden

2021-10-29 18:18:45 - [MESSAGE][PASSED] - Keyboard is hidden

2021-10-29 18:18:45 - [TEST_STEP][PASSED] - delay(1): Delayed 1 second(s)

2021-10-29 18:18:46 - [MESSAGE][PASSED] - Delayed 1 second(s)

2021-10-29 18:18:46 - [TEST_STEP][PASSED] - scroll.scroll.scrollToBottomOpenKeyboard(): scroll.scroll.scrollToBottomOpenKeyboard is PASSED

2021-10-29 18:18:46 - [MESSAGE][PASSED] - Current device physical height is 1423

2021-10-29 18:18:46 - [MESSAGE][PASSED] - Current device physical width is 720

2021-10-29 18:18:47 - [MESSAGE][PASSED] - Swiped from 360,853 to 360,284

2021-10-29 18:18:48 - [MESSAGE][PASSED] - scroll.scroll.scrollToBottomOpenKeyboard is PASSED

2021-10-29 18:18:48 - [TEST_STEP][PASSED] - tap(findTestObject("Object Repository/Mobile/Page/Register/Not Registered/Informasi Pribadi/Button - Icon Face with KTP"), 0): Tapped on element 'Object Repository/Mobile/Page/Register/Not Registered/Informasi Pribadi/Button - Icon Face with KTP'

2021-10-29 18:18:48 - [MESSAGE][WARNING] - Timeout '0' is invalid. Using default page load timeout: '60'

2021-10-29 18:18:49 - [MESSAGE][PASSED] - Tapped on element 'Object Repository/Mobile/Page/Register/Not Registered/Informasi Pribadi/Button - Icon Face with KTP'

2021-10-29 18:18:49 - [TEST_STEP][PASSED] - permission = verifyElementExist(findTestObject("Object Repository/Mobile/Page/Register/Not Registered/Informasi Pribadi/Permission - Only this time"), 1, OPTIONAL): Element 'Object Repository/Mobile/Page/Register/Not Registered/Informasi Pribadi/Permission - Only this time' not found

2021-10-29 18:18:52 - [MESSAGE][WARNING] - Element 'Object Repository/Mobile/Page/Register/Not Registered/Informasi Pribadi/Permission - Only this time' not found
[[ATTACHMENT|C:\\Users\\Owner\\Documents\\kerjaan\\KatalonProject\\qa-katalon-maxfund\\Reports\\20211029_174625\\Register\\20211029_174625\\1635506331906.png]]

2021-10-29 18:18:52 - [TEST_STEP][PASSED] - if (permission): null

2021-10-29 18:18:52 - [TEST_STEP][PASSED] - permission = verifyElementExist(findTestObject("Object Repository/Mobile/Page/Register/Not Registered/Informasi Pribadi/Permission - Only this time"), 1, OPTIONAL): Element 'Object Repository/Mobile/Page/Register/Not Registered/Informasi Pribadi/Permission - Only this time' not found

2021-10-29 18:18:55 - [MESSAGE][WARNING] - Element 'Object Repository/Mobile/Page/Register/Not Registered/Informasi Pribadi/Permission - Only this time' not found
[[ATTACHMENT|C:\\Users\\Owner\\Documents\\kerjaan\\KatalonProject\\qa-katalon-maxfund\\Reports\\20211029_174625\\Register\\20211029_174625\\1635506333873.png]]

2021-10-29 18:18:55 - [TEST_STEP][PASSED] - if (permission): null

2021-10-29 18:18:55 - [TEST_STEP][PASSED] - tap(findTestObject("Object Repository/Mobile/Page/Register/Not Registered/Informasi Pribadi/Button - Capture Face with KTP"), 0): Tapped on element 'Object Repository/Mobile/Page/Register/Not Registered/Informasi Pribadi/Button - Capture Face with KTP'

2021-10-29 18:18:55 - [MESSAGE][WARNING] - Timeout '0' is invalid. Using default page load timeout: '60'

2021-10-29 18:18:56 - [MESSAGE][PASSED] - Tapped on element 'Object Repository/Mobile/Page/Register/Not Registered/Informasi Pribadi/Button - Capture Face with KTP'

2021-10-29 18:18:56 - [TEST_STEP][PASSED] - delay(2): Delayed 2 second(s)

2021-10-29 18:18:58 - [MESSAGE][PASSED] - Delayed 2 second(s)

2021-10-29 18:18:58 - [TEST_STEP][PASSED] - hideKeyboard(): Keyboard is hidden

2021-10-29 18:19:04 - [MESSAGE][PASSED] - Keyboard is hidden

2021-10-29 18:19:04 - [TEST_STEP][PASSED] - delay(1): Delayed 1 second(s)

2021-10-29 18:19:05 - [MESSAGE][PASSED] - Delayed 1 second(s)

2021-10-29 18:19:05 - [TEST_STEP][PASSED] - scroll.scroll.scrollToBottomOpenKeyboard(): scroll.scroll.scrollToBottomOpenKeyboard is PASSED

2021-10-29 18:19:05 - [MESSAGE][PASSED] - Current device physical height is 1423

2021-10-29 18:19:05 - [MESSAGE][PASSED] - Current device physical width is 720

2021-10-29 18:19:06 - [MESSAGE][PASSED] - Swiped from 360,853 to 360,284

2021-10-29 18:19:06 - [MESSAGE][PASSED] - scroll.scroll.scrollToBottomOpenKeyboard is PASSED

2021-10-29 18:19:06 - [TEST_STEP][PASSED] - tap(findTestObject("Object Repository/Mobile/Page/Register/Not Registered/Informasi Pribadi/Radio Button - Low Risk"), 0): Tapped on element 'Object Repository/Mobile/Page/Register/Not Registered/Informasi Pribadi/Radio Button - Low Risk'

2021-10-29 18:19:06 - [MESSAGE][WARNING] - Timeout '0' is invalid. Using default page load timeout: '60'

2021-10-29 18:19:07 - [MESSAGE][PASSED] - Tapped on element 'Object Repository/Mobile/Page/Register/Not Registered/Informasi Pribadi/Radio Button - Low Risk'

2021-10-29 18:19:07 - [TEST_STEP][PASSED] - delay(1): Delayed 1 second(s)

2021-10-29 18:19:08 - [MESSAGE][PASSED] - Delayed 1 second(s)

2021-10-29 18:19:08 - [TEST_STEP][PASSED] - tap(findTestObject("Object Repository/Mobile/Page/Register/Not Registered/Informasi Pribadi/Radio Button - Medium Risk"), 0): Tapped on element 'Object Repository/Mobile/Page/Register/Not Registered/Informasi Pribadi/Radio Button - Medium Risk'

2021-10-29 18:19:08 - [MESSAGE][WARNING] - Timeout '0' is invalid. Using default page load timeout: '60'

2021-10-29 18:19:09 - [MESSAGE][PASSED] - Tapped on element 'Object Repository/Mobile/Page/Register/Not Registered/Informasi Pribadi/Radio Button - Medium Risk'

2021-10-29 18:19:09 - [TEST_STEP][PASSED] - delay(1): Delayed 1 second(s)

2021-10-29 18:19:10 - [MESSAGE][PASSED] - Delayed 1 second(s)

2021-10-29 18:19:10 - [TEST_STEP][PASSED] - tap(findTestObject("Object Repository/Mobile/Page/Register/Not Registered/Informasi Pribadi/Radio Button - High Risk"), 0): Tapped on element 'Object Repository/Mobile/Page/Register/Not Registered/Informasi Pribadi/Radio Button - High Risk'

2021-10-29 18:19:10 - [MESSAGE][WARNING] - Timeout '0' is invalid. Using default page load timeout: '60'

2021-10-29 18:19:11 - [MESSAGE][PASSED] - Tapped on element 'Object Repository/Mobile/Page/Register/Not Registered/Informasi Pribadi/Radio Button - High Risk'

2021-10-29 18:19:11 - [TEST_STEP][PASSED] - delay(1): Delayed 1 second(s)

2021-10-29 18:19:12 - [MESSAGE][PASSED] - Delayed 1 second(s)

2021-10-29 18:19:12 - [TEST_STEP][PASSED] - tap(findTestObject("Object Repository/Mobile/Page/Register/Not Registered/Informasi Pribadi/Button - Next"), 0): Tapped on element 'Object Repository/Mobile/Page/Register/Not Registered/Informasi Pribadi/Button - Next'

2021-10-29 18:19:12 - [MESSAGE][WARNING] - Timeout '0' is invalid. Using default page load timeout: '60'

2021-10-29 18:19:13 - [MESSAGE][PASSED] - Tapped on element 'Object Repository/Mobile/Page/Register/Not Registered/Informasi Pribadi/Button - Next'

2021-10-29 18:19:13 - [TEST_STEP][PASSED] - delay(1): Delayed 1 second(s)

2021-10-29 18:19:14 - [MESSAGE][PASSED] - Delayed 1 second(s)

2021-10-29 18:19:14 - [TEST_STEP][PASSED] - tapAndHold(findTestObject("Mobile/Page/Register/Not Registered/Akun Bank/Dropdown - Bank"), 1, 0): Tapped and held on element 'Object Repository/Mobile/Page/Register/Not Registered/Akun Bank/Dropdown - Bank' with duration 1

2021-10-29 18:19:14 - [MESSAGE][WARNING] - Timeout '0' is invalid. Using default page load timeout: '60'

2021-10-29 18:19:17 - [MESSAGE][PASSED] - Tapped and held on element 'Object Repository/Mobile/Page/Register/Not Registered/Akun Bank/Dropdown - Bank' with duration 1

2021-10-29 18:19:17 - [TEST_STEP][PASSED] - tap(findTestObject("Mobile/Page/Register/Not Registered/Akun Bank/Edit Text - Search Bank"), 0): Tapped on element 'Object Repository/Mobile/Page/Register/Not Registered/Akun Bank/Edit Text - Search Bank'

2021-10-29 18:19:17 - [MESSAGE][WARNING] - Timeout '0' is invalid. Using default page load timeout: '60'

2021-10-29 18:19:18 - [MESSAGE][PASSED] - Tapped on element 'Object Repository/Mobile/Page/Register/Not Registered/Akun Bank/Edit Text - Search Bank'

2021-10-29 18:19:18 - [TEST_STEP][PASSED] - setText(findTestObject("Mobile/Page/Register/Not Registered/Akun Bank/Edit Text - Search Bank"), "citibank", 0): Text 'citibank' has been set to element 'Object Repository/Mobile/Page/Register/Not Registered/Akun Bank/Edit Text - Search Bank'

2021-10-29 18:19:18 - [MESSAGE][WARNING] - Timeout '0' is invalid. Using default page load timeout: '60'

2021-10-29 18:19:19 - [MESSAGE][PASSED] - Text 'citibank' has been set to element 'Object Repository/Mobile/Page/Register/Not Registered/Akun Bank/Edit Text - Search Bank'

2021-10-29 18:19:19 - [TEST_STEP][PASSED] - driver = getDriver(): null

2021-10-29 18:19:19 - [TEST_STEP][PASSED] - driver.pressKeyCode(ENTER): null

2021-10-29 18:19:19 - [TEST_STEP][PASSED] - tap(findTestObject("Object Repository/Mobile/Page/Register/Not Registered/Akun Bank/Item - Top Search Bank"), 0): Tapped on element 'Object Repository/Mobile/Page/Register/Not Registered/Akun Bank/Item - Top Search Bank'

2021-10-29 18:19:19 - [MESSAGE][WARNING] - Timeout '0' is invalid. Using default page load timeout: '60'

2021-10-29 18:19:21 - [MESSAGE][PASSED] - Tapped on element 'Object Repository/Mobile/Page/Register/Not Registered/Akun Bank/Item - Top Search Bank'

2021-10-29 18:19:21 - [TEST_STEP][PASSED] - delay(1): Delayed 1 second(s)

2021-10-29 18:19:22 - [MESSAGE][PASSED] - Delayed 1 second(s)

2021-10-29 18:19:22 - [TEST_STEP][PASSED] - tapAndHold(findTestObject("Mobile/Page/Register/Not Registered/Akun Bank/Dropdown - Country"), 1, 0): Tapped and held on element 'Object Repository/Mobile/Page/Register/Not Registered/Akun Bank/Dropdown - Country' with duration 1

2021-10-29 18:19:22 - [MESSAGE][WARNING] - Timeout '0' is invalid. Using default page load timeout: '60'

2021-10-29 18:19:25 - [MESSAGE][PASSED] - Tapped and held on element 'Object Repository/Mobile/Page/Register/Not Registered/Akun Bank/Dropdown - Country' with duration 1

2021-10-29 18:19:25 - [TEST_STEP][PASSED] - tap(findTestObject("Object Repository/Mobile/Page/Register/Not Registered/Akun Bank/Dropdown - Country Option Indonesia"), 0): Tapped on element 'Object Repository/Mobile/Page/Register/Not Registered/Akun Bank/Dropdown - Country Option Indonesia'

2021-10-29 18:19:25 - [MESSAGE][WARNING] - Timeout '0' is invalid. Using default page load timeout: '60'

2021-10-29 18:19:26 - [MESSAGE][PASSED] - Tapped on element 'Object Repository/Mobile/Page/Register/Not Registered/Akun Bank/Dropdown - Country Option Indonesia'

2021-10-29 18:19:26 - [TEST_STEP][PASSED] - delay(1): Delayed 1 second(s)

2021-10-29 18:19:27 - [MESSAGE][PASSED] - Delayed 1 second(s)

2021-10-29 18:19:27 - [TEST_STEP][PASSED] - tap(findTestObject("Object Repository/Mobile/Page/Register/Not Registered/Akun Bank/Edit Text - Branch"), 0): Tapped on element 'Object Repository/Mobile/Page/Register/Not Registered/Akun Bank/Edit Text - Branch'

2021-10-29 18:19:27 - [MESSAGE][WARNING] - Timeout '0' is invalid. Using default page load timeout: '60'

2021-10-29 18:19:28 - [MESSAGE][PASSED] - Tapped on element 'Object Repository/Mobile/Page/Register/Not Registered/Akun Bank/Edit Text - Branch'

2021-10-29 18:19:28 - [TEST_STEP][PASSED] - setText(findTestObject("Object Repository/Mobile/Page/Register/Not Registered/Akun Bank/Edit Text - Branch"), branch, 0): Text 'qa cabang' has been set to element 'Object Repository/Mobile/Page/Register/Not Registered/Akun Bank/Edit Text - Branch'

2021-10-29 18:19:28 - [MESSAGE][WARNING] - Timeout '0' is invalid. Using default page load timeout: '60'

2021-10-29 18:19:29 - [MESSAGE][PASSED] - Text 'qa cabang' has been set to element 'Object Repository/Mobile/Page/Register/Not Registered/Akun Bank/Edit Text - Branch'

2021-10-29 18:19:29 - [TEST_STEP][PASSED] - hideKeyboard(): Keyboard is hidden

2021-10-29 18:19:32 - [MESSAGE][PASSED] - Keyboard is hidden

2021-10-29 18:19:32 - [TEST_STEP][PASSED] - delay(1): Delayed 1 second(s)

2021-10-29 18:19:33 - [MESSAGE][PASSED] - Delayed 1 second(s)

2021-10-29 18:19:33 - [TEST_STEP][PASSED] - tap(findTestObject("Object Repository/Mobile/Page/Register/Not Registered/Akun Bank/Edit Text - Account Number"), 0): Tapped on element 'Object Repository/Mobile/Page/Register/Not Registered/Akun Bank/Edit Text - Account Number'

2021-10-29 18:19:33 - [MESSAGE][WARNING] - Timeout '0' is invalid. Using default page load timeout: '60'

2021-10-29 18:19:34 - [MESSAGE][PASSED] - Tapped on element 'Object Repository/Mobile/Page/Register/Not Registered/Akun Bank/Edit Text - Account Number'

2021-10-29 18:19:34 - [TEST_STEP][PASSED] - setText(findTestObject("Object Repository/Mobile/Page/Register/Not Registered/Akun Bank/Edit Text - Account Number"), accountnumber, 0): Text '222444222444' has been set to element 'Object Repository/Mobile/Page/Register/Not Registered/Akun Bank/Edit Text - Account Number'

2021-10-29 18:19:34 - [MESSAGE][WARNING] - Timeout '0' is invalid. Using default page load timeout: '60'

2021-10-29 18:19:35 - [MESSAGE][PASSED] - Text '222444222444' has been set to element 'Object Repository/Mobile/Page/Register/Not Registered/Akun Bank/Edit Text - Account Number'

2021-10-29 18:19:35 - [TEST_STEP][PASSED] - hideKeyboard(): Keyboard is hidden

2021-10-29 18:19:41 - [MESSAGE][PASSED] - Keyboard is hidden

2021-10-29 18:19:41 - [TEST_STEP][PASSED] - delay(1): Delayed 1 second(s)

2021-10-29 18:19:42 - [MESSAGE][PASSED] - Delayed 1 second(s)

2021-10-29 18:19:42 - [TEST_STEP][PASSED] - if (negativeStatus == "ownerNameNotMatch"): null

2021-10-29 18:19:42 - [TEST_STEP][PASSED] - nameowner = "aa": null

2021-10-29 18:19:42 - [TEST_STEP][PASSED] - tap(findTestObject("Object Repository/Mobile/Page/Register/Not Registered/Akun Bank/Edit Text - Name Owner"), 0): Tapped on element 'Object Repository/Mobile/Page/Register/Not Registered/Akun Bank/Edit Text - Name Owner'

2021-10-29 18:19:42 - [MESSAGE][WARNING] - Timeout '0' is invalid. Using default page load timeout: '60'

2021-10-29 18:19:42 - [MESSAGE][PASSED] - Tapped on element 'Object Repository/Mobile/Page/Register/Not Registered/Akun Bank/Edit Text - Name Owner'

2021-10-29 18:19:42 - [TEST_STEP][PASSED] - setText(findTestObject("Object Repository/Mobile/Page/Register/Not Registered/Akun Bank/Edit Text - Name Owner"), nameowner, 0): Text 'aa' has been set to element 'Object Repository/Mobile/Page/Register/Not Registered/Akun Bank/Edit Text - Name Owner'

2021-10-29 18:19:42 - [MESSAGE][WARNING] - Timeout '0' is invalid. Using default page load timeout: '60'

2021-10-29 18:19:44 - [MESSAGE][PASSED] - Text 'aa' has been set to element 'Object Repository/Mobile/Page/Register/Not Registered/Akun Bank/Edit Text - Name Owner'

2021-10-29 18:19:44 - [TEST_STEP][PASSED] - hideKeyboard(): Keyboard is hidden

2021-10-29 18:19:47 - [MESSAGE][PASSED] - Keyboard is hidden

2021-10-29 18:19:47 - [TEST_STEP][PASSED] - delay(1): Delayed 1 second(s)

2021-10-29 18:19:48 - [MESSAGE][PASSED] - Delayed 1 second(s)

2021-10-29 18:19:48 - [TEST_STEP][PASSED] - passwordnumber = verifyElementExist(findTestObject("Object Repository/Mobile/Page/Register/Not Registered/Akun Bank/Alert - Account name has to be similar"), 1, OPTIONAL): Element 'Object Repository/Mobile/Page/Register/Not Registered/Akun Bank/Alert - Account name has to be similar' is exist

2021-10-29 18:19:48 - [MESSAGE][PASSED] - Element 'Object Repository/Mobile/Page/Register/Not Registered/Akun Bank/Alert - Account name has to be similar' is exist

2021-10-29 18:19:48 - [TEST_STEP][PASSED] - return null: null

2021-10-29 18:19:48 - [MESSAGE][PASSED] - Call Test Case 'Test Cases/Mobile/Page/Register/Register' successfully

2021-10-29 18:19:48 - [TEST_STEP][PASSED] - callTestCase(findTestCase("Mobile/Page/Run App/Terminate App"), [:], STOP_ON_FAILURE): Call Test Case 'Test Cases/Mobile/Page/Run App/Terminate App' successfully

2021-10-29 18:19:48 - [TEST_CASE][PASSED] - Test Cases/Mobile/Page/Run App/Terminate App: Test Cases/Mobile/Page/Run App/Terminate App

2021-10-29 18:19:48 - [TEST_STEP][PASSED] - startApp.OpenApp.terminateApplication(): startApp.OpenApp.terminateApplication is PASSED

2021-10-29 18:19:51 - [MESSAGE][PASSED] - Delayed 3 second(s)

2021-10-29 18:19:52 - [MESSAGE][PASSED] - Current device physical width is 720

2021-10-29 18:19:52 - [MESSAGE][PASSED] - Current device physical height is 1423

2021-10-29 18:19:53 - [MESSAGE][PASSED] - Swiped from 360,853 to 360,142

2021-10-29 18:19:54 - [MESSAGE][PASSED] - Delayed 1 second(s)

2021-10-29 18:19:55 - [MESSAGE][PASSED] - Swiped from 360,853 to 360,142

2021-10-29 18:19:58 - [MESSAGE][PASSED] - Delayed 3 second(s)

2021-10-29 18:19:58 - [MESSAGE][PASSED] - startApp.OpenApp.terminateApplication is PASSED

2021-10-29 18:19:58 - [MESSAGE][PASSED] - Call Test Case 'Test Cases/Mobile/Page/Run App/Terminate App' successfully]]></system-out>
         <system-err><![CDATA[]]></system-err>
      </testcase>
      <testcase name="Test Cases/Mobile/Scenario/Register/014 - Registrasi dengan Akun Terdaftar (Akun Invalid)" time="50.486" classname="Test Cases/Mobile/Scenario/Register/014 - Registrasi dengan Akun Terdaftar (Akun Invalid)" status="PASSED">
         <system-out><![CDATA[2021-10-29 18:19:58 - [TEST_CASE][PASSED] - Test Cases/Mobile/Scenario/Register/014 - Registrasi dengan Akun Terdaftar (Akun Invalid): Test Cases/Mobile/Scenario/Register/014 - Registrasi dengan Akun Terdaftar (Akun Invalid)

2021-10-29 18:19:59 - [TEST_STEP][PASSED] - callTestCase(findTestCase("Mobile/Page/Run App/Run App byID"), [:], STOP_ON_FAILURE): Call Test Case 'Test Cases/Mobile/Page/Run App/Run App byID' successfully

2021-10-29 18:19:59 - [TEST_CASE][PASSED] - Test Cases/Mobile/Page/Run App/Run App byID: Test Cases/Mobile/Page/Run App/Run App byID

2021-10-29 18:19:59 - [TEST_STEP][PASSED] - startApp.OpenApp.startApplication("com.mirae.maxfund"): startApp.OpenApp.startApplication is PASSED

2021-10-29 18:20:09 - [MESSAGE][PASSED] - Starting app with application ID: 'com.mirae.maxfund'

2021-10-29 18:20:09 - [MESSAGE][PASSED] - startApp.OpenApp.startApplication is PASSED

2021-10-29 18:20:09 - [MESSAGE][PASSED] - Call Test Case 'Test Cases/Mobile/Page/Run App/Run App byID' successfully

2021-10-29 18:20:09 - [TEST_STEP][PASSED] - callTestCase(findTestCase("Mobile/Page/Register/Register"), ["isFromLoginPage":0, "isRegistered":1, "negativeStatus":"invalidAccount"], STOP_ON_FAILURE): Call Test Case 'Test Cases/Mobile/Page/Register/Register' successfully

2021-10-29 18:20:10 - [TEST_CASE][PASSED] - Test Cases/Mobile/Page/Register/Register: Test Cases/Mobile/Page/Register/Register

2021-10-29 18:20:10 - [TEST_STEP][PASSED] - delay(5): Delayed 5 second(s)

2021-10-29 18:20:15 - [MESSAGE][PASSED] - Delayed 5 second(s)

2021-10-29 18:20:15 - [TEST_STEP][PASSED] - if (isFromLoginPage == 1): null

2021-10-29 18:20:15 - [TEST_STEP][PASSED] - else: Tapped on element 'Object Repository/Mobile/Page/Dashboard/Button - Register'

2021-10-29 18:20:15 - [TEST_STEP][PASSED] - tap(findTestObject("Object Repository/Mobile/Page/Dashboard/Button - Register"), 0): Tapped on element 'Object Repository/Mobile/Page/Dashboard/Button - Register'

2021-10-29 18:20:15 - [MESSAGE][WARNING] - Timeout '0' is invalid. Using default page load timeout: '60'

2021-10-29 18:20:17 - [MESSAGE][PASSED] - Tapped on element 'Object Repository/Mobile/Page/Dashboard/Button - Register'

2021-10-29 18:20:17 - [TEST_STEP][PASSED] - delay(3): Delayed 3 second(s)

2021-10-29 18:20:20 - [MESSAGE][PASSED] - Delayed 3 second(s)

2021-10-29 18:20:20 - [TEST_STEP][PASSED] - if (isRegistered == 1): null

2021-10-29 18:20:20 - [TEST_STEP][PASSED] - RegisterMethod.registered(negativeStatus): null

2021-10-29 18:20:20 - [TEST_STEP][PASSED] - userid = "irma03": null

2021-10-29 18:20:20 - [TEST_STEP][PASSED] - pass = "Juwita123": null

2021-10-29 18:20:20 - [TEST_STEP][PASSED] - alamat = "bekasi": null

2021-10-29 18:20:20 - [TEST_STEP][PASSED] - kodepos = "17111": null

2021-10-29 18:20:20 - [TEST_STEP][PASSED] - tap(findTestObject("Object Repository/Mobile/Page/Register/Radio Button - Yes already registered"), 0): Tapped on element 'Object Repository/Mobile/Page/Register/Radio Button - Yes already registered'

2021-10-29 18:20:20 - [MESSAGE][WARNING] - Timeout '0' is invalid. Using default page load timeout: '60'

2021-10-29 18:20:20 - [MESSAGE][PASSED] - Tapped on element 'Object Repository/Mobile/Page/Register/Radio Button - Yes already registered'

2021-10-29 18:20:20 - [TEST_STEP][PASSED] - tap(findTestObject("Object Repository/Mobile/Page/Register/Already Registered/Edit Text - User ID"), 0): Tapped on element 'Object Repository/Mobile/Page/Register/Already Registered/Edit Text - User ID'

2021-10-29 18:20:21 - [MESSAGE][WARNING] - Timeout '0' is invalid. Using default page load timeout: '60'

2021-10-29 18:20:21 - [MESSAGE][PASSED] - Tapped on element 'Object Repository/Mobile/Page/Register/Already Registered/Edit Text - User ID'

2021-10-29 18:20:21 - [TEST_STEP][PASSED] - setText(findTestObject("Object Repository/Mobile/Page/Register/Already Registered/Edit Text - User ID"), userid, 0): Text 'irma03' has been set to element 'Object Repository/Mobile/Page/Register/Already Registered/Edit Text - User ID'

2021-10-29 18:20:21 - [MESSAGE][WARNING] - Timeout '0' is invalid. Using default page load timeout: '60'

2021-10-29 18:20:23 - [MESSAGE][PASSED] - Text 'irma03' has been set to element 'Object Repository/Mobile/Page/Register/Already Registered/Edit Text - User ID'

2021-10-29 18:20:23 - [TEST_STEP][PASSED] - hideKeyboard(): Keyboard is hidden

2021-10-29 18:20:29 - [MESSAGE][PASSED] - Keyboard is hidden

2021-10-29 18:20:29 - [TEST_STEP][PASSED] - tap(findTestObject("Object Repository/Mobile/Page/Register/Already Registered/Edit Text - Password"), 0): Tapped on element 'Object Repository/Mobile/Page/Register/Already Registered/Edit Text - Password'

2021-10-29 18:20:29 - [MESSAGE][WARNING] - Timeout '0' is invalid. Using default page load timeout: '60'

2021-10-29 18:20:29 - [MESSAGE][PASSED] - Tapped on element 'Object Repository/Mobile/Page/Register/Already Registered/Edit Text - Password'

2021-10-29 18:20:29 - [TEST_STEP][PASSED] - if (negativeStatus == "invalidAccount"): null

2021-10-29 18:20:29 - [TEST_STEP][PASSED] - setText(findTestObject("Object Repository/Mobile/Page/Register/Already Registered/Edit Text - Password"), pass + "a", 0): Text 'Juwita123a' has been set to element 'Object Repository/Mobile/Page/Register/Already Registered/Edit Text - Password'

2021-10-29 18:20:30 - [MESSAGE][WARNING] - Timeout '0' is invalid. Using default page load timeout: '60'

2021-10-29 18:20:31 - [MESSAGE][PASSED] - Text 'Juwita123a' has been set to element 'Object Repository/Mobile/Page/Register/Already Registered/Edit Text - Password'

2021-10-29 18:20:31 - [TEST_STEP][PASSED] - hideKeyboard(): Keyboard is hidden

2021-10-29 18:20:37 - [MESSAGE][PASSED] - Keyboard is hidden

2021-10-29 18:20:37 - [TEST_STEP][PASSED] - tap(findTestObject("Object Repository/Mobile/Page/Register/Already Registered/Button - Next"), 0): Tapped on element 'Object Repository/Mobile/Page/Register/Already Registered/Button - Next'

2021-10-29 18:20:37 - [MESSAGE][WARNING] - Timeout '0' is invalid. Using default page load timeout: '60'

2021-10-29 18:20:39 - [MESSAGE][PASSED] - Tapped on element 'Object Repository/Mobile/Page/Register/Already Registered/Button - Next'

2021-10-29 18:20:39 - [TEST_STEP][PASSED] - check = verifyElementExist(findTestObject("Object Repository/Mobile/Page/Register/Already Registered/Alert - Invalid Account"), 1): Element 'Object Repository/Mobile/Page/Register/Already Registered/Alert - Invalid Account' is exist

2021-10-29 18:20:39 - [MESSAGE][PASSED] - Element 'Object Repository/Mobile/Page/Register/Already Registered/Alert - Invalid Account' is exist

2021-10-29 18:20:39 - [TEST_STEP][PASSED] - return null: null

2021-10-29 18:20:39 - [MESSAGE][PASSED] - Call Test Case 'Test Cases/Mobile/Page/Register/Register' successfully

2021-10-29 18:20:39 - [TEST_STEP][PASSED] - callTestCase(findTestCase("Mobile/Page/Run App/Terminate App"), [:], STOP_ON_FAILURE): Call Test Case 'Test Cases/Mobile/Page/Run App/Terminate App' successfully

2021-10-29 18:20:39 - [TEST_CASE][PASSED] - Test Cases/Mobile/Page/Run App/Terminate App: Test Cases/Mobile/Page/Run App/Terminate App

2021-10-29 18:20:39 - [TEST_STEP][PASSED] - startApp.OpenApp.terminateApplication(): startApp.OpenApp.terminateApplication is PASSED

2021-10-29 18:20:42 - [MESSAGE][PASSED] - Delayed 3 second(s)

2021-10-29 18:20:42 - [MESSAGE][PASSED] - Current device physical width is 720

2021-10-29 18:20:42 - [MESSAGE][PASSED] - Current device physical height is 1423

2021-10-29 18:20:44 - [MESSAGE][PASSED] - Swiped from 360,853 to 360,142

2021-10-29 18:20:45 - [MESSAGE][PASSED] - Delayed 1 second(s)

2021-10-29 18:20:46 - [MESSAGE][PASSED] - Swiped from 360,853 to 360,142

2021-10-29 18:20:49 - [MESSAGE][PASSED] - Delayed 3 second(s)

2021-10-29 18:20:49 - [MESSAGE][PASSED] - startApp.OpenApp.terminateApplication is PASSED

2021-10-29 18:20:49 - [MESSAGE][PASSED] - Call Test Case 'Test Cases/Mobile/Page/Run App/Terminate App' successfully]]></system-out>
         <system-err><![CDATA[]]></system-err>
      </testcase>
      <system-out><![CDATA[2021-10-29 17:46:32 - [TEST_SUITE][FAILED] - Register: Test Cases/Mobile/Scenario/Register/001 - Registrasi dengan Akun Terdaftar FAILED.
Reason:
com.kms.katalon.core.exception.StepFailedException: Call Test Case 'Test Cases/Mobile/Page/Register/Register' failed
	at com.kms.katalon.core.keyword.builtin.CallTestCaseKeyword$_callTestCase_closure1.doCall(CallTestCaseKeyword.groovy:63)
	at com.kms.katalon.core.keyword.builtin.CallTestCaseKeyword$_callTestCase_closure1.call(CallTestCaseKeyword.groovy)
	at com.kms.katalon.core.keyword.internal.KeywordMain.runKeyword(KeywordMain.groovy:68)
	at com.kms.katalon.core.keyword.builtin.CallTestCaseKeyword.callTestCase(CallTestCaseKeyword.groovy:81)
	at com.kms.katalon.core.keyword.builtin.CallTestCaseKeyword.execute(CallTestCaseKeyword.groovy:44)
	at com.kms.katalon.core.keyword.internal.KeywordExecutor.executeKeywordForPlatform(KeywordExecutor.groovy:73)
	at com.kms.katalon.core.keyword.BuiltinKeywords.callTestCase(BuiltinKeywords.groovy:334)
	at 001 - Registrasi dengan Akun Terdaftar.run(001 - Registrasi dengan Akun Terdaftar:22)
	at com.kms.katalon.core.main.ScriptEngine.run(ScriptEngine.java:194)
	at com.kms.katalon.core.main.ScriptEngine.runScriptAsRawText(ScriptEngine.java:119)
	at com.kms.katalon.core.main.TestCaseExecutor.runScript(TestCaseExecutor.java:398)
	at com.kms.katalon.core.main.TestCaseExecutor.doExecute(TestCaseExecutor.java:389)
	at com.kms.katalon.core.main.TestCaseExecutor.processExecutionPhase(TestCaseExecutor.java:368)
	at com.kms.katalon.core.main.TestCaseExecutor.accessMainPhase(TestCaseExecutor.java:360)
	at com.kms.katalon.core.main.TestCaseExecutor.execute(TestCaseExecutor.java:255)
	at com.kms.katalon.core.main.TestSuiteExecutor.accessTestCaseMainPhase(TestSuiteExecutor.java:203)
	at com.kms.katalon.core.main.TestSuiteExecutor.accessTestSuiteMainPhase(TestSuiteExecutor.java:152)
	at com.kms.katalon.core.main.TestSuiteExecutor.execute(TestSuiteExecutor.java:95)
	at com.kms.katalon.core.main.TestCaseMain.startTestSuite(TestCaseMain.java:157)
	at com.kms.katalon.core.main.TestCaseMain$startTestSuite$0.call(Unknown Source)
	at TempTestSuite1635504385814.run(TempTestSuite1635504385814.groovy:39)
Caused by: com.kms.katalon.core.exception.StepFailedException: Object Object Repository/Mobile/Page/Register/Already Registered/Personal Info/Dropdown - Agama not found
	at com.kms.katalon.core.mobile.helper.MobileElementCommonHelper.findElementWithCheck(MobileElementCommonHelper.java:159)
	at com.kms.katalon.core.mobile.helper.MobileElementCommonHelper.tapAndHold(MobileElementCommonHelper.java:103)
	at com.kms.katalon.core.mobile.keyword.builtin.TapAndHoldKeyword$_tapAndHold_closure1.doCall(TapAndHoldKeyword.groovy:71)
	at com.kms.katalon.core.mobile.keyword.builtin.TapAndHoldKeyword$_tapAndHold_closure1.call(TapAndHoldKeyword.groovy)
	at com.kms.katalon.core.mobile.keyword.internal.MobileKeywordMain.runKeyword(MobileKeywordMain.groovy:21)
	at com.kms.katalon.core.mobile.keyword.builtin.TapAndHoldKeyword.tapAndHold(TapAndHoldKeyword.groovy:72)
	at com.kms.katalon.core.mobile.keyword.builtin.TapAndHoldKeyword.execute(TapAndHoldKeyword.groovy:65)
	at com.kms.katalon.core.keyword.internal.KeywordExecutor.executeKeywordForPlatform(KeywordExecutor.groovy:73)
	at com.kms.katalon.core.mobile.keyword.MobileBuiltInKeywords.tapAndHold(MobileBuiltInKeywords.groovy:1435)
	at com.kms.katalon.core.mobile.keyword.MobileBuiltInKeywords$tapAndHold$3.call(Unknown Source)
	at RegisterMethod.registered(Script1634005272891.groovy:70)
	at RegisterMethod$registered.call(Unknown Source)
	at Register.run(Register:37)
	at com.kms.katalon.core.main.ScriptEngine.run(ScriptEngine.java:194)
	at com.kms.katalon.core.main.ScriptEngine.runScriptAsRawText(ScriptEngine.java:119)
	at com.kms.katalon.core.main.TestCaseExecutor.runScript(TestCaseExecutor.java:398)
	at com.kms.katalon.core.main.TestCaseExecutor.doExecute(TestCaseExecutor.java:389)
	at com.kms.katalon.core.main.TestCaseExecutor.processExecutionPhase(TestCaseExecutor.java:368)
	at com.kms.katalon.core.main.TestCaseExecutor.accessMainPhase(TestCaseExecutor.java:360)
	at com.kms.katalon.core.main.TestCaseExecutor.execute(TestCaseExecutor.java:255)
	at com.kms.katalon.core.main.TestCaseMain.runTestCase(TestCaseMain.java:114)
	at com.kms.katalon.core.keyword.builtin.CallTestCaseKeyword$_callTestCase_closure1.doCall(CallTestCaseKeyword.groovy:59)
	... 20 more]]></system-out>
      <system-err><![CDATA[2021-10-29 17:46:32 - [TEST_SUITE][FAILED] - Register: Test Cases/Mobile/Scenario/Register/001 - Registrasi dengan Akun Terdaftar FAILED.
Reason:
com.kms.katalon.core.exception.StepFailedException: Call Test Case 'Test Cases/Mobile/Page/Register/Register' failed
	at com.kms.katalon.core.keyword.builtin.CallTestCaseKeyword$_callTestCase_closure1.doCall(CallTestCaseKeyword.groovy:63)
	at com.kms.katalon.core.keyword.builtin.CallTestCaseKeyword$_callTestCase_closure1.call(CallTestCaseKeyword.groovy)
	at com.kms.katalon.core.keyword.internal.KeywordMain.runKeyword(KeywordMain.groovy:68)
	at com.kms.katalon.core.keyword.builtin.CallTestCaseKeyword.callTestCase(CallTestCaseKeyword.groovy:81)
	at com.kms.katalon.core.keyword.builtin.CallTestCaseKeyword.execute(CallTestCaseKeyword.groovy:44)
	at com.kms.katalon.core.keyword.internal.KeywordExecutor.executeKeywordForPlatform(KeywordExecutor.groovy:73)
	at com.kms.katalon.core.keyword.BuiltinKeywords.callTestCase(BuiltinKeywords.groovy:334)
	at 001 - Registrasi dengan Akun Terdaftar.run(001 - Registrasi dengan Akun Terdaftar:22)
	at com.kms.katalon.core.main.ScriptEngine.run(ScriptEngine.java:194)
	at com.kms.katalon.core.main.ScriptEngine.runScriptAsRawText(ScriptEngine.java:119)
	at com.kms.katalon.core.main.TestCaseExecutor.runScript(TestCaseExecutor.java:398)
	at com.kms.katalon.core.main.TestCaseExecutor.doExecute(TestCaseExecutor.java:389)
	at com.kms.katalon.core.main.TestCaseExecutor.processExecutionPhase(TestCaseExecutor.java:368)
	at com.kms.katalon.core.main.TestCaseExecutor.accessMainPhase(TestCaseExecutor.java:360)
	at com.kms.katalon.core.main.TestCaseExecutor.execute(TestCaseExecutor.java:255)
	at com.kms.katalon.core.main.TestSuiteExecutor.accessTestCaseMainPhase(TestSuiteExecutor.java:203)
	at com.kms.katalon.core.main.TestSuiteExecutor.accessTestSuiteMainPhase(TestSuiteExecutor.java:152)
	at com.kms.katalon.core.main.TestSuiteExecutor.execute(TestSuiteExecutor.java:95)
	at com.kms.katalon.core.main.TestCaseMain.startTestSuite(TestCaseMain.java:157)
	at com.kms.katalon.core.main.TestCaseMain$startTestSuite$0.call(Unknown Source)
	at TempTestSuite1635504385814.run(TempTestSuite1635504385814.groovy:39)
Caused by: com.kms.katalon.core.exception.StepFailedException: Object Object Repository/Mobile/Page/Register/Already Registered/Personal Info/Dropdown - Agama not found
	at com.kms.katalon.core.mobile.helper.MobileElementCommonHelper.findElementWithCheck(MobileElementCommonHelper.java:159)
	at com.kms.katalon.core.mobile.helper.MobileElementCommonHelper.tapAndHold(MobileElementCommonHelper.java:103)
	at com.kms.katalon.core.mobile.keyword.builtin.TapAndHoldKeyword$_tapAndHold_closure1.doCall(TapAndHoldKeyword.groovy:71)
	at com.kms.katalon.core.mobile.keyword.builtin.TapAndHoldKeyword$_tapAndHold_closure1.call(TapAndHoldKeyword.groovy)
	at com.kms.katalon.core.mobile.keyword.internal.MobileKeywordMain.runKeyword(MobileKeywordMain.groovy:21)
	at com.kms.katalon.core.mobile.keyword.builtin.TapAndHoldKeyword.tapAndHold(TapAndHoldKeyword.groovy:72)
	at com.kms.katalon.core.mobile.keyword.builtin.TapAndHoldKeyword.execute(TapAndHoldKeyword.groovy:65)
	at com.kms.katalon.core.keyword.internal.KeywordExecutor.executeKeywordForPlatform(KeywordExecutor.groovy:73)
	at com.kms.katalon.core.mobile.keyword.MobileBuiltInKeywords.tapAndHold(MobileBuiltInKeywords.groovy:1435)
	at com.kms.katalon.core.mobile.keyword.MobileBuiltInKeywords$tapAndHold$3.call(Unknown Source)
	at RegisterMethod.registered(Script1634005272891.groovy:70)
	at RegisterMethod$registered.call(Unknown Source)
	at Register.run(Register:37)
	at com.kms.katalon.core.main.ScriptEngine.run(ScriptEngine.java:194)
	at com.kms.katalon.core.main.ScriptEngine.runScriptAsRawText(ScriptEngine.java:119)
	at com.kms.katalon.core.main.TestCaseExecutor.runScript(TestCaseExecutor.java:398)
	at com.kms.katalon.core.main.TestCaseExecutor.doExecute(TestCaseExecutor.java:389)
	at com.kms.katalon.core.main.TestCaseExecutor.processExecutionPhase(TestCaseExecutor.java:368)
	at com.kms.katalon.core.main.TestCaseExecutor.accessMainPhase(TestCaseExecutor.java:360)
	at com.kms.katalon.core.main.TestCaseExecutor.execute(TestCaseExecutor.java:255)
	at com.kms.katalon.core.main.TestCaseMain.runTestCase(TestCaseMain.java:114)
	at com.kms.katalon.core.keyword.builtin.CallTestCaseKeyword$_callTestCase_closure1.doCall(CallTestCaseKeyword.groovy:59)
	... 20 more]]></system-err>
   </testsuite>
</testsuites>
