<?xml version="1.0" encoding="UTF-8"?>
<testsuites name="portfolio" time="1220.075" tests="19" failures="0" skips="0" errors="0">
   <testsuite name="portfolio" tests="19" failures="0" errors="0" time="1220.075" skips="0" timestamp="2022-01-03 08:29:27" hostname="Owner - aldy-tft" id="Test Suites/portfolio">
      <properties>
         <property name="deviceName" value="samsung SM-A205F (Android 11)"/>
         <property name="devicePlatform" value=""/>
         <property name="logFolder" value="C:\\Users\\Owner\\Documents\\kerjaan\\KatalonProject\\qa_katalon_pwm\\qa_katalon_pwm\\Reports\\20220103_074849\\portfolio\\20220103_074913"/>
         <property name="logFiles" value="C:\\Users\\Owner\\Documents\\kerjaan\\KatalonProject\\qa_katalon_pwm\\qa_katalon_pwm\\Reports\\20220103_074849\\portfolio\\20220103_074913\\appium.log, C:\\Users\\Owner\\Documents\\kerjaan\\KatalonProject\\qa_katalon_pwm\\qa_katalon_pwm\\Reports\\20220103_074849\\portfolio\\20220103_074913\\execution0.log"/>
         <property name="attachments" value=""/>
         <property name="hostName" value="Owner - aldy-tft"/>
         <property name="os" value="Windows 10 64bit"/>
         <property name="appiumServerStatus" value="{&quot;value&quot;:{&quot;build&quot;:{&quot;version&quot;:&quot;1.22.0&quot;}},&quot;sessionId&quot;:null,&quot;status&quot;:0}"/>
         <property name="katalonVersion" value="7.9.1.208"/>
         <property name="deviceOS" value="Android"/>
         <property name="appiumVersion" value="1.22.0"/>
         <property name="deviceModel" value="SM-A205F"/>
         <property name="hostAddress" value="10.0.30.143"/>
         <property name="deviceManufacturer" value="samsung"/>
         <property name="deviceId" value="RR8M40C9AXE"/>
         <property name="deviceName" value="samsung SM-A205F (Android 11)"/>
         <property name="deviceOSVersion" value="11"/>
      </properties>
      <testcase name="Test Cases/Mobile/Scenario/Portfolio/001 - Summary" time="74.559" classname="Test Cases/Mobile/Scenario/Portfolio/001 - Summary" status="PASSED">
         <system-out><![CDATA[2022-01-03 08:29:28 - [TEST_CASE][PASSED] - Test Cases/Mobile/Scenario/Portfolio/001 - Summary: Test Cases/Mobile/Scenario/Portfolio/001 - Summary

2022-01-03 08:29:28 - [TEST_STEP][PASSED] - callTestCase(findTestCase("Mobile/Page/Run App/Run App byID"), [:], STOP_ON_FAILURE): Call Test Case 'Test Cases/Mobile/Page/Run App/Run App byID' successfully

2022-01-03 08:29:28 - [TEST_CASE][PASSED] - Test Cases/Mobile/Page/Run App/Run App byID: Test Cases/Mobile/Page/Run App/Run App byID

2022-01-03 08:29:29 - [TEST_STEP][PASSED] - startApp.OpenApp.startApplication("id.co.miraeasset.sageclub"): startApp.OpenApp.startApplication is PASSED

2022-01-03 08:29:30 - [MESSAGE][INFO] - Appium server started on port 61,944

2022-01-03 08:29:46 - [MESSAGE][PASSED] - Starting app with application ID: 'id.co.miraeasset.sageclub'

2022-01-03 08:29:46 - [MESSAGE][PASSED] - startApp.OpenApp.startApplication is PASSED

2022-01-03 08:29:46 - [MESSAGE][PASSED] - Call Test Case 'Test Cases/Mobile/Page/Run App/Run App byID' successfully

2022-01-03 08:29:46 - [TEST_STEP][PASSED] - callTestCase(findTestCase("Mobile/Page/Portfolio/Portfolio"), ["tab":"summary", "action":"summary"], CONTINUE_ON_FAILURE): Call Test Case 'Test Cases/Mobile/Page/Portfolio/Portfolio' successfully

2022-01-03 08:29:46 - [TEST_CASE][PASSED] - Test Cases/Mobile/Page/Portfolio/Portfolio: Test Cases/Mobile/Page/Portfolio/Portfolio

2022-01-03 08:29:47 - [TEST_STEP][PASSED] - callTestCase(findTestCase("Mobile/Page/CheckLogin"), [:], CONTINUE_ON_FAILURE): Call Test Case 'Test Cases/Mobile/Page/CheckLogin' successfully

2022-01-03 08:29:47 - [TEST_CASE][PASSED] - Test Cases/Mobile/Page/CheckLogin: Test Cases/Mobile/Page/CheckLogin

2022-01-03 08:29:47 - [TEST_STEP][PASSED] - loginCheck = verifyElementExist(LOGN_BtnLogin, 5, CONTINUE_ON_FAILURE): Element 'Object Repository/Mobile/Page/Login/Button - Login' is exist

2022-01-03 08:30:05 - [MESSAGE][PASSED] - Element 'Object Repository/Mobile/Page/Login/Button - Login' is exist

2022-01-03 08:30:05 - [TEST_STEP][PASSED] - if (loginCheck): Call Test Case 'Test Cases/Mobile/Page/Login/Login' successfully

2022-01-03 08:30:05 - [TEST_STEP][PASSED] - callTestCase(findTestCase("Mobile/Page/Login/Login"), ["action":"username"], CONTINUE_ON_FAILURE): Call Test Case 'Test Cases/Mobile/Page/Login/Login' successfully

2022-01-03 08:30:05 - [TEST_CASE][PASSED] - Test Cases/Mobile/Page/Login/Login: Test Cases/Mobile/Page/Login/Login

2022-01-03 08:30:05 - [TEST_STEP][PASSED] - delay(2): Delayed 2 second(s)

2022-01-03 08:30:07 - [MESSAGE][PASSED] - Delayed 2 second(s)

2022-01-03 08:30:07 - [TEST_STEP][PASSED] - for ([i = 0, i < 1, (i++)]): null

2022-01-03 08:30:07 - [TEST_STEP][PASSED] - if (action == "username"): null

2022-01-03 08:30:07 - [TEST_STEP][PASSED] - tap(LOGN_EdtUserID, 0): Tapped on element 'Object Repository/Mobile/Page/Login/Input - UserID'

2022-01-03 08:30:07 - [MESSAGE][WARNING] - Timeout '0' is invalid. Using default page load timeout: '60'

2022-01-03 08:30:08 - [MESSAGE][PASSED] - Tapped on element 'Object Repository/Mobile/Page/Login/Input - UserID'

2022-01-03 08:30:08 - [TEST_STEP][PASSED] - delay(1): Delayed 1 second(s)

2022-01-03 08:30:09 - [MESSAGE][PASSED] - Delayed 1 second(s)

2022-01-03 08:30:09 - [TEST_STEP][PASSED] - setText(LOGN_EdtRdyUserID, "anggaaditya", 0): Text 'anggaaditya' has been set to element 'Object Repository/Mobile/Page/Login/Input Rdy - UserID'

2022-01-03 08:30:09 - [MESSAGE][WARNING] - Timeout '0' is invalid. Using default page load timeout: '60'

2022-01-03 08:30:09 - [MESSAGE][PASSED] - Text 'anggaaditya' has been set to element 'Object Repository/Mobile/Page/Login/Input Rdy - UserID'

2022-01-03 08:30:09 - [TEST_STEP][PASSED] - delay(1): Delayed 1 second(s)

2022-01-03 08:30:10 - [MESSAGE][PASSED] - Delayed 1 second(s)

2022-01-03 08:30:10 - [TEST_STEP][PASSED] - hideKeyboard(): Keyboard is hidden

2022-01-03 08:30:14 - [MESSAGE][PASSED] - Keyboard is hidden

2022-01-03 08:30:14 - [TEST_STEP][PASSED] - tap(LOGN_EdtPassword, 0): Tapped on element 'Object Repository/Mobile/Page/Login/Input - Password'

2022-01-03 08:30:14 - [MESSAGE][WARNING] - Timeout '0' is invalid. Using default page load timeout: '60'

2022-01-03 08:30:15 - [MESSAGE][PASSED] - Tapped on element 'Object Repository/Mobile/Page/Login/Input - Password'

2022-01-03 08:30:15 - [TEST_STEP][PASSED] - delay(1): Delayed 1 second(s)

2022-01-03 08:30:16 - [MESSAGE][PASSED] - Delayed 1 second(s)

2022-01-03 08:30:16 - [TEST_STEP][PASSED] - setText(LOGN_EdtRdyPassword, "Shalawa18", 0): Text 'Shalawa18' has been set to element 'Object Repository/Mobile/Page/Login/Input Rdy - Password'

2022-01-03 08:30:16 - [MESSAGE][WARNING] - Timeout '0' is invalid. Using default page load timeout: '60'

2022-01-03 08:30:16 - [MESSAGE][PASSED] - Text 'Shalawa18' has been set to element 'Object Repository/Mobile/Page/Login/Input Rdy - Password'

2022-01-03 08:30:16 - [TEST_STEP][PASSED] - delay(1): Delayed 1 second(s)

2022-01-03 08:30:17 - [MESSAGE][PASSED] - Delayed 1 second(s)

2022-01-03 08:30:17 - [TEST_STEP][PASSED] - hideKeyboard(): Keyboard is hidden

2022-01-03 08:30:24 - [MESSAGE][PASSED] - Keyboard is hidden

2022-01-03 08:30:24 - [TEST_STEP][PASSED] - tap(LOGN_BtnLogin, 0): Tapped on element 'Object Repository/Mobile/Page/Login/Button - Login'

2022-01-03 08:30:24 - [MESSAGE][WARNING] - Timeout '0' is invalid. Using default page load timeout: '60'

2022-01-03 08:30:25 - [MESSAGE][PASSED] - Tapped on element 'Object Repository/Mobile/Page/Login/Button - Login'

2022-01-03 08:30:25 - [TEST_STEP][PASSED] - delay(2): Delayed 2 second(s)

2022-01-03 08:30:27 - [MESSAGE][PASSED] - Delayed 2 second(s)

2022-01-03 08:30:27 - [TEST_STEP][PASSED] - break: null

2022-01-03 08:30:27 - [MESSAGE][PASSED] - Call Test Case 'Test Cases/Mobile/Page/Login/Login' successfully

2022-01-03 08:30:27 - [MESSAGE][PASSED] - Call Test Case 'Test Cases/Mobile/Page/CheckLogin' successfully

2022-01-03 08:30:27 - [TEST_STEP][PASSED] - tap(HOME_MenubarPortfolio, 0): Tapped on element 'Object Repository/Mobile/Page/Home/Menubar - Portfolio'

2022-01-03 08:30:27 - [MESSAGE][WARNING] - Timeout '0' is invalid. Using default page load timeout: '60'

2022-01-03 08:30:28 - [MESSAGE][PASSED] - Tapped on element 'Object Repository/Mobile/Page/Home/Menubar - Portfolio'

2022-01-03 08:30:28 - [TEST_STEP][PASSED] - delay(1): Delayed 1 second(s)

2022-01-03 08:30:29 - [MESSAGE][PASSED] - Delayed 1 second(s)

2022-01-03 08:30:29 - [TEST_STEP][PASSED] - for ([i = 0, i < 1, (i++)]): null

2022-01-03 08:30:29 - [TEST_STEP][PASSED] - if (tab == "summary"): null

2022-01-03 08:30:29 - [TEST_STEP][PASSED] - idr = PORT_BtnIDR: null

2022-01-03 08:30:29 - [TEST_STEP][PASSED] - persen = PORT_BtnPersen: null

2022-01-03 08:30:29 - [TEST_STEP][PASSED] - if (action == "summary"): Delayed 3 second(s)

2022-01-03 08:30:29 - [TEST_STEP][PASSED] - delay(3): Delayed 3 second(s)

2022-01-03 08:30:32 - [MESSAGE][PASSED] - Delayed 3 second(s)

2022-01-03 08:30:32 - [TEST_STEP][PASSED] - if (action != "summary"): null

2022-01-03 08:30:32 - [MESSAGE][PASSED] - Call Test Case 'Test Cases/Mobile/Page/Portfolio/Portfolio' successfully

2022-01-03 08:30:32 - [TEST_STEP][PASSED] - callTestCase(findTestCase("Mobile/Page/Run App/Terminate App"), [:], STOP_ON_FAILURE): Call Test Case 'Test Cases/Mobile/Page/Run App/Terminate App' successfully

2022-01-03 08:30:32 - [TEST_CASE][PASSED] - Test Cases/Mobile/Page/Run App/Terminate App: Test Cases/Mobile/Page/Run App/Terminate App

2022-01-03 08:30:32 - [TEST_STEP][PASSED] - startApp.OpenApp.terminateApplication(): startApp.OpenApp.terminateApplication is PASSED

2022-01-03 08:30:35 - [MESSAGE][PASSED] - Delayed 3 second(s)

2022-01-03 08:30:35 - [MESSAGE][PASSED] - Current device physical width is 720

2022-01-03 08:30:35 - [MESSAGE][PASSED] - Current device physical height is 1423

2022-01-03 08:30:37 - [MESSAGE][PASSED] - Swiped from 360,853 to 360,142

2022-01-03 08:30:38 - [MESSAGE][PASSED] - Delayed 1 second(s)

2022-01-03 08:30:39 - [MESSAGE][PASSED] - Swiped from 360,853 to 360,142

2022-01-03 08:30:42 - [MESSAGE][PASSED] - Delayed 3 second(s)

2022-01-03 08:30:42 - [MESSAGE][PASSED] - startApp.OpenApp.terminateApplication is PASSED

2022-01-03 08:30:42 - [MESSAGE][PASSED] - Call Test Case 'Test Cases/Mobile/Page/Run App/Terminate App' successfully]]></system-out>
         <system-err><![CDATA[]]></system-err>
      </testcase>
      <testcase name="Test Cases/Mobile/Scenario/Portfolio/002 - Portfolio Performance Daily IDR" time="61.455" classname="Test Cases/Mobile/Scenario/Portfolio/002 - Portfolio Performance Daily IDR" status="PASSED">
         <system-out><![CDATA[2022-01-03 08:30:42 - [TEST_CASE][PASSED] - Test Cases/Mobile/Scenario/Portfolio/002 - Portfolio Performance Daily IDR: Test Cases/Mobile/Scenario/Portfolio/002 - Portfolio Performance Daily IDR

2022-01-03 08:30:42 - [TEST_STEP][PASSED] - callTestCase(findTestCase("Mobile/Page/Run App/Run App byID"), [:], STOP_ON_FAILURE): Call Test Case 'Test Cases/Mobile/Page/Run App/Run App byID' successfully

2022-01-03 08:30:43 - [TEST_CASE][PASSED] - Test Cases/Mobile/Page/Run App/Run App byID: Test Cases/Mobile/Page/Run App/Run App byID

2022-01-03 08:30:43 - [TEST_STEP][PASSED] - startApp.OpenApp.startApplication("id.co.miraeasset.sageclub"): startApp.OpenApp.startApplication is PASSED

2022-01-03 08:30:56 - [MESSAGE][PASSED] - Starting app with application ID: 'id.co.miraeasset.sageclub'

2022-01-03 08:30:56 - [MESSAGE][PASSED] - startApp.OpenApp.startApplication is PASSED

2022-01-03 08:30:56 - [MESSAGE][PASSED] - Call Test Case 'Test Cases/Mobile/Page/Run App/Run App byID' successfully

2022-01-03 08:30:56 - [TEST_STEP][PASSED] - callTestCase(findTestCase("Mobile/Page/Portfolio/Portfolio"), ["tab":"summary", "action":"perf_daily", "action2":"idr"], CONTINUE_ON_FAILURE): Call Test Case 'Test Cases/Mobile/Page/Portfolio/Portfolio' successfully

2022-01-03 08:30:56 - [TEST_CASE][PASSED] - Test Cases/Mobile/Page/Portfolio/Portfolio: Test Cases/Mobile/Page/Portfolio/Portfolio

2022-01-03 08:30:56 - [TEST_STEP][PASSED] - callTestCase(findTestCase("Mobile/Page/CheckLogin"), [:], CONTINUE_ON_FAILURE): Call Test Case 'Test Cases/Mobile/Page/CheckLogin' successfully

2022-01-03 08:30:56 - [TEST_CASE][PASSED] - Test Cases/Mobile/Page/CheckLogin: Test Cases/Mobile/Page/CheckLogin

2022-01-03 08:30:56 - [TEST_STEP][PASSED] - loginCheck = verifyElementExist(LOGN_BtnLogin, 5, CONTINUE_ON_FAILURE): Element 'Object Repository/Mobile/Page/Login/Button - Login' is exist

2022-01-03 08:30:58 - [MESSAGE][PASSED] - Element 'Object Repository/Mobile/Page/Login/Button - Login' is exist

2022-01-03 08:30:58 - [TEST_STEP][PASSED] - if (loginCheck): Call Test Case 'Test Cases/Mobile/Page/Login/Login' successfully

2022-01-03 08:30:58 - [TEST_STEP][PASSED] - callTestCase(findTestCase("Mobile/Page/Login/Login"), ["action":"username"], CONTINUE_ON_FAILURE): Call Test Case 'Test Cases/Mobile/Page/Login/Login' successfully

2022-01-03 08:30:58 - [TEST_CASE][PASSED] - Test Cases/Mobile/Page/Login/Login: Test Cases/Mobile/Page/Login/Login

2022-01-03 08:30:58 - [TEST_STEP][PASSED] - delay(2): Delayed 2 second(s)

2022-01-03 08:31:00 - [MESSAGE][PASSED] - Delayed 2 second(s)

2022-01-03 08:31:00 - [TEST_STEP][PASSED] - for ([i = 0, i < 1, (i++)]): null

2022-01-03 08:31:00 - [TEST_STEP][PASSED] - if (action == "username"): null

2022-01-03 08:31:00 - [TEST_STEP][PASSED] - tap(LOGN_EdtUserID, 0): Tapped on element 'Object Repository/Mobile/Page/Login/Input - UserID'

2022-01-03 08:31:00 - [MESSAGE][WARNING] - Timeout '0' is invalid. Using default page load timeout: '60'

2022-01-03 08:31:00 - [MESSAGE][PASSED] - Tapped on element 'Object Repository/Mobile/Page/Login/Input - UserID'

2022-01-03 08:31:00 - [TEST_STEP][PASSED] - delay(1): Delayed 1 second(s)

2022-01-03 08:31:01 - [MESSAGE][PASSED] - Delayed 1 second(s)

2022-01-03 08:31:01 - [TEST_STEP][PASSED] - setText(LOGN_EdtRdyUserID, "anggaaditya", 0): Text 'anggaaditya' has been set to element 'Object Repository/Mobile/Page/Login/Input Rdy - UserID'

2022-01-03 08:31:01 - [MESSAGE][WARNING] - Timeout '0' is invalid. Using default page load timeout: '60'

2022-01-03 08:31:02 - [MESSAGE][PASSED] - Text 'anggaaditya' has been set to element 'Object Repository/Mobile/Page/Login/Input Rdy - UserID'

2022-01-03 08:31:02 - [TEST_STEP][PASSED] - delay(1): Delayed 1 second(s)

2022-01-03 08:31:03 - [MESSAGE][PASSED] - Delayed 1 second(s)

2022-01-03 08:31:03 - [TEST_STEP][PASSED] - hideKeyboard(): Keyboard is hidden

2022-01-03 08:31:07 - [MESSAGE][PASSED] - Keyboard is hidden

2022-01-03 08:31:07 - [TEST_STEP][PASSED] - tap(LOGN_EdtPassword, 0): Tapped on element 'Object Repository/Mobile/Page/Login/Input - Password'

2022-01-03 08:31:07 - [MESSAGE][WARNING] - Timeout '0' is invalid. Using default page load timeout: '60'

2022-01-03 08:31:07 - [MESSAGE][PASSED] - Tapped on element 'Object Repository/Mobile/Page/Login/Input - Password'

2022-01-03 08:31:07 - [TEST_STEP][PASSED] - delay(1): Delayed 1 second(s)

2022-01-03 08:31:08 - [MESSAGE][PASSED] - Delayed 1 second(s)

2022-01-03 08:31:08 - [TEST_STEP][PASSED] - setText(LOGN_EdtRdyPassword, "Shalawa18", 0): Text 'Shalawa18' has been set to element 'Object Repository/Mobile/Page/Login/Input Rdy - Password'

2022-01-03 08:31:08 - [MESSAGE][WARNING] - Timeout '0' is invalid. Using default page load timeout: '60'

2022-01-03 08:31:09 - [MESSAGE][PASSED] - Text 'Shalawa18' has been set to element 'Object Repository/Mobile/Page/Login/Input Rdy - Password'

2022-01-03 08:31:09 - [TEST_STEP][PASSED] - delay(1): Delayed 1 second(s)

2022-01-03 08:31:10 - [MESSAGE][PASSED] - Delayed 1 second(s)

2022-01-03 08:31:10 - [TEST_STEP][PASSED] - hideKeyboard(): Keyboard is hidden

2022-01-03 08:31:16 - [MESSAGE][PASSED] - Keyboard is hidden

2022-01-03 08:31:16 - [TEST_STEP][PASSED] - tap(LOGN_BtnLogin, 0): Tapped on element 'Object Repository/Mobile/Page/Login/Button - Login'

2022-01-03 08:31:16 - [MESSAGE][WARNING] - Timeout '0' is invalid. Using default page load timeout: '60'

2022-01-03 08:31:17 - [MESSAGE][PASSED] - Tapped on element 'Object Repository/Mobile/Page/Login/Button - Login'

2022-01-03 08:31:17 - [TEST_STEP][PASSED] - delay(2): Delayed 2 second(s)

2022-01-03 08:31:19 - [MESSAGE][PASSED] - Delayed 2 second(s)

2022-01-03 08:31:19 - [TEST_STEP][PASSED] - break: null

2022-01-03 08:31:19 - [MESSAGE][PASSED] - Call Test Case 'Test Cases/Mobile/Page/Login/Login' successfully

2022-01-03 08:31:19 - [MESSAGE][PASSED] - Call Test Case 'Test Cases/Mobile/Page/CheckLogin' successfully

2022-01-03 08:31:19 - [TEST_STEP][PASSED] - tap(HOME_MenubarPortfolio, 0): Tapped on element 'Object Repository/Mobile/Page/Home/Menubar - Portfolio'

2022-01-03 08:31:19 - [MESSAGE][WARNING] - Timeout '0' is invalid. Using default page load timeout: '60'

2022-01-03 08:31:21 - [MESSAGE][PASSED] - Tapped on element 'Object Repository/Mobile/Page/Home/Menubar - Portfolio'

2022-01-03 08:31:21 - [TEST_STEP][PASSED] - delay(1): Delayed 1 second(s)

2022-01-03 08:31:22 - [MESSAGE][PASSED] - Delayed 1 second(s)

2022-01-03 08:31:22 - [TEST_STEP][PASSED] - for ([i = 0, i < 1, (i++)]): Delayed 3 second(s)

2022-01-03 08:31:22 - [TEST_STEP][PASSED] - if (tab == "summary"): Delayed 3 second(s)

2022-01-03 08:31:22 - [TEST_STEP][PASSED] - idr = PORT_BtnIDR: null

2022-01-03 08:31:22 - [TEST_STEP][PASSED] - persen = PORT_BtnPersen: null

2022-01-03 08:31:22 - [TEST_STEP][PASSED] - if (action == "summary"): null

2022-01-03 08:31:22 - [TEST_STEP][PASSED] - else if (action == "perf_daily"): scroll.scroll.scrollScreenBottomToTop is PASSED

2022-01-03 08:31:22 - [TEST_STEP][PASSED] - scroll.scroll.scrollScreenBottomToTop(): scroll.scroll.scrollScreenBottomToTop is PASSED

2022-01-03 08:31:22 - [MESSAGE][PASSED] - Current device physical height is 1423

2022-01-03 08:31:23 - [MESSAGE][PASSED] - Current device physical width is 720

2022-01-03 08:31:24 - [MESSAGE][PASSED] - Swiped from 360,1,138 to 360,284

2022-01-03 08:31:24 - [MESSAGE][PASSED] - scroll.scroll.scrollScreenBottomToTop is PASSED

2022-01-03 08:31:24 - [TEST_STEP][PASSED] - if (action != "summary"): Delayed 3 second(s)

2022-01-03 08:31:24 - [TEST_STEP][PASSED] - delay(1): Delayed 1 second(s)

2022-01-03 08:31:25 - [MESSAGE][PASSED] - Delayed 1 second(s)

2022-01-03 08:31:25 - [TEST_STEP][PASSED] - scroll.scroll.scrollScreenBottomToTop(): scroll.scroll.scrollScreenBottomToTop is PASSED

2022-01-03 08:31:25 - [MESSAGE][PASSED] - Current device physical height is 1423

2022-01-03 08:31:25 - [MESSAGE][PASSED] - Current device physical width is 720

2022-01-03 08:31:27 - [MESSAGE][PASSED] - Swiped from 360,1,138 to 360,284

2022-01-03 08:31:27 - [MESSAGE][PASSED] - scroll.scroll.scrollScreenBottomToTop is PASSED

2022-01-03 08:31:27 - [TEST_STEP][PASSED] - delay(3): Delayed 3 second(s)

2022-01-03 08:31:30 - [MESSAGE][PASSED] - Delayed 3 second(s)

2022-01-03 08:31:30 - [TEST_STEP][PASSED] - if (action2 == "idr"): Delayed 3 second(s)

2022-01-03 08:31:30 - [TEST_STEP][PASSED] - tap(idr, 10): Tapped on element 'Object Repository/Mobile/Page/Portfolio/Button - IDR'

2022-01-03 08:31:30 - [MESSAGE][PASSED] - Tapped on element 'Object Repository/Mobile/Page/Portfolio/Button - IDR'

2022-01-03 08:31:30 - [TEST_STEP][PASSED] - delay(3): Delayed 3 second(s)

2022-01-03 08:31:33 - [MESSAGE][PASSED] - Delayed 3 second(s)

2022-01-03 08:31:33 - [MESSAGE][PASSED] - Call Test Case 'Test Cases/Mobile/Page/Portfolio/Portfolio' successfully

2022-01-03 08:31:33 - [TEST_STEP][PASSED] - callTestCase(findTestCase("Mobile/Page/Run App/Terminate App"), [:], STOP_ON_FAILURE): Call Test Case 'Test Cases/Mobile/Page/Run App/Terminate App' successfully

2022-01-03 08:31:33 - [TEST_CASE][PASSED] - Test Cases/Mobile/Page/Run App/Terminate App: Test Cases/Mobile/Page/Run App/Terminate App

2022-01-03 08:31:33 - [TEST_STEP][PASSED] - startApp.OpenApp.terminateApplication(): startApp.OpenApp.terminateApplication is PASSED

2022-01-03 08:31:36 - [MESSAGE][PASSED] - Delayed 3 second(s)

2022-01-03 08:31:37 - [MESSAGE][PASSED] - Current device physical width is 720

2022-01-03 08:31:37 - [MESSAGE][PASSED] - Current device physical height is 1423

2022-01-03 08:31:38 - [MESSAGE][PASSED] - Swiped from 360,853 to 360,142

2022-01-03 08:31:39 - [MESSAGE][PASSED] - Delayed 1 second(s)

2022-01-03 08:31:41 - [MESSAGE][PASSED] - Swiped from 360,853 to 360,142

2022-01-03 08:31:44 - [MESSAGE][PASSED] - Delayed 3 second(s)

2022-01-03 08:31:44 - [MESSAGE][PASSED] - startApp.OpenApp.terminateApplication is PASSED

2022-01-03 08:31:44 - [MESSAGE][PASSED] - Call Test Case 'Test Cases/Mobile/Page/Run App/Terminate App' successfully]]></system-out>
         <system-err><![CDATA[]]></system-err>
      </testcase>
      <testcase name="Test Cases/Mobile/Scenario/Portfolio/003 - Portfolio Performance Month to Date IDR" time="64.0" classname="Test Cases/Mobile/Scenario/Portfolio/003 - Portfolio Performance Month to Date IDR" status="PASSED">
         <system-out><![CDATA[2022-01-03 08:31:44 - [TEST_CASE][PASSED] - Test Cases/Mobile/Scenario/Portfolio/003 - Portfolio Performance Month to Date IDR: Test Cases/Mobile/Scenario/Portfolio/003 - Portfolio Performance Month to Date IDR

2022-01-03 08:31:44 - [TEST_STEP][PASSED] - callTestCase(findTestCase("Mobile/Page/Run App/Run App byID"), [:], STOP_ON_FAILURE): Call Test Case 'Test Cases/Mobile/Page/Run App/Run App byID' successfully

2022-01-03 08:31:44 - [TEST_CASE][PASSED] - Test Cases/Mobile/Page/Run App/Run App byID: Test Cases/Mobile/Page/Run App/Run App byID

2022-01-03 08:31:44 - [TEST_STEP][PASSED] - startApp.OpenApp.startApplication("id.co.miraeasset.sageclub"): startApp.OpenApp.startApplication is PASSED

2022-01-03 08:31:58 - [MESSAGE][PASSED] - Starting app with application ID: 'id.co.miraeasset.sageclub'

2022-01-03 08:31:58 - [MESSAGE][PASSED] - startApp.OpenApp.startApplication is PASSED

2022-01-03 08:31:58 - [MESSAGE][PASSED] - Call Test Case 'Test Cases/Mobile/Page/Run App/Run App byID' successfully

2022-01-03 08:31:58 - [TEST_STEP][PASSED] - callTestCase(findTestCase("Mobile/Page/Portfolio/Portfolio"), ["tab":"summary", "action":"perf_month", "action2":"idr"], CONTINUE_ON_FAILURE): Call Test Case 'Test Cases/Mobile/Page/Portfolio/Portfolio' successfully

2022-01-03 08:31:58 - [TEST_CASE][PASSED] - Test Cases/Mobile/Page/Portfolio/Portfolio: Test Cases/Mobile/Page/Portfolio/Portfolio

2022-01-03 08:31:58 - [TEST_STEP][PASSED] - callTestCase(findTestCase("Mobile/Page/CheckLogin"), [:], CONTINUE_ON_FAILURE): Call Test Case 'Test Cases/Mobile/Page/CheckLogin' successfully

2022-01-03 08:31:58 - [TEST_CASE][PASSED] - Test Cases/Mobile/Page/CheckLogin: Test Cases/Mobile/Page/CheckLogin

2022-01-03 08:31:58 - [TEST_STEP][PASSED] - loginCheck = verifyElementExist(LOGN_BtnLogin, 5, CONTINUE_ON_FAILURE): Element 'Object Repository/Mobile/Page/Login/Button - Login' is exist

2022-01-03 08:32:00 - [MESSAGE][PASSED] - Element 'Object Repository/Mobile/Page/Login/Button - Login' is exist

2022-01-03 08:32:00 - [TEST_STEP][PASSED] - if (loginCheck): Call Test Case 'Test Cases/Mobile/Page/Login/Login' successfully

2022-01-03 08:32:00 - [TEST_STEP][PASSED] - callTestCase(findTestCase("Mobile/Page/Login/Login"), ["action":"username"], CONTINUE_ON_FAILURE): Call Test Case 'Test Cases/Mobile/Page/Login/Login' successfully

2022-01-03 08:32:01 - [TEST_CASE][PASSED] - Test Cases/Mobile/Page/Login/Login: Test Cases/Mobile/Page/Login/Login

2022-01-03 08:32:01 - [TEST_STEP][PASSED] - delay(2): Delayed 2 second(s)

2022-01-03 08:32:03 - [MESSAGE][PASSED] - Delayed 2 second(s)

2022-01-03 08:32:03 - [TEST_STEP][PASSED] - for ([i = 0, i < 1, (i++)]): null

2022-01-03 08:32:03 - [TEST_STEP][PASSED] - if (action == "username"): null

2022-01-03 08:32:03 - [TEST_STEP][PASSED] - tap(LOGN_EdtUserID, 0): Tapped on element 'Object Repository/Mobile/Page/Login/Input - UserID'

2022-01-03 08:32:03 - [MESSAGE][WARNING] - Timeout '0' is invalid. Using default page load timeout: '60'

2022-01-03 08:32:03 - [MESSAGE][PASSED] - Tapped on element 'Object Repository/Mobile/Page/Login/Input - UserID'

2022-01-03 08:32:03 - [TEST_STEP][PASSED] - delay(1): Delayed 1 second(s)

2022-01-03 08:32:04 - [MESSAGE][PASSED] - Delayed 1 second(s)

2022-01-03 08:32:04 - [TEST_STEP][PASSED] - setText(LOGN_EdtRdyUserID, "anggaaditya", 0): Text 'anggaaditya' has been set to element 'Object Repository/Mobile/Page/Login/Input Rdy - UserID'

2022-01-03 08:32:04 - [MESSAGE][WARNING] - Timeout '0' is invalid. Using default page load timeout: '60'

2022-01-03 08:32:05 - [MESSAGE][PASSED] - Text 'anggaaditya' has been set to element 'Object Repository/Mobile/Page/Login/Input Rdy - UserID'

2022-01-03 08:32:05 - [TEST_STEP][PASSED] - delay(1): Delayed 1 second(s)

2022-01-03 08:32:06 - [MESSAGE][PASSED] - Delayed 1 second(s)

2022-01-03 08:32:06 - [TEST_STEP][PASSED] - hideKeyboard(): Keyboard is hidden

2022-01-03 08:32:10 - [MESSAGE][PASSED] - Keyboard is hidden

2022-01-03 08:32:10 - [TEST_STEP][PASSED] - tap(LOGN_EdtPassword, 0): Tapped on element 'Object Repository/Mobile/Page/Login/Input - Password'

2022-01-03 08:32:10 - [MESSAGE][WARNING] - Timeout '0' is invalid. Using default page load timeout: '60'

2022-01-03 08:32:10 - [MESSAGE][PASSED] - Tapped on element 'Object Repository/Mobile/Page/Login/Input - Password'

2022-01-03 08:32:10 - [TEST_STEP][PASSED] - delay(1): Delayed 1 second(s)

2022-01-03 08:32:11 - [MESSAGE][PASSED] - Delayed 1 second(s)

2022-01-03 08:32:11 - [TEST_STEP][PASSED] - setText(LOGN_EdtRdyPassword, "Shalawa18", 0): Text 'Shalawa18' has been set to element 'Object Repository/Mobile/Page/Login/Input Rdy - Password'

2022-01-03 08:32:11 - [MESSAGE][WARNING] - Timeout '0' is invalid. Using default page load timeout: '60'

2022-01-03 08:32:12 - [MESSAGE][PASSED] - Text 'Shalawa18' has been set to element 'Object Repository/Mobile/Page/Login/Input Rdy - Password'

2022-01-03 08:32:12 - [TEST_STEP][PASSED] - delay(1): Delayed 1 second(s)

2022-01-03 08:32:13 - [MESSAGE][PASSED] - Delayed 1 second(s)

2022-01-03 08:32:13 - [TEST_STEP][PASSED] - hideKeyboard(): Keyboard is hidden

2022-01-03 08:32:19 - [MESSAGE][PASSED] - Keyboard is hidden

2022-01-03 08:32:19 - [TEST_STEP][PASSED] - tap(LOGN_BtnLogin, 0): Tapped on element 'Object Repository/Mobile/Page/Login/Button - Login'

2022-01-03 08:32:19 - [MESSAGE][WARNING] - Timeout '0' is invalid. Using default page load timeout: '60'

2022-01-03 08:32:20 - [MESSAGE][PASSED] - Tapped on element 'Object Repository/Mobile/Page/Login/Button - Login'

2022-01-03 08:32:20 - [TEST_STEP][PASSED] - delay(2): Delayed 2 second(s)

2022-01-03 08:32:22 - [MESSAGE][PASSED] - Delayed 2 second(s)

2022-01-03 08:32:22 - [TEST_STEP][PASSED] - break: null

2022-01-03 08:32:22 - [MESSAGE][PASSED] - Call Test Case 'Test Cases/Mobile/Page/Login/Login' successfully

2022-01-03 08:32:22 - [MESSAGE][PASSED] - Call Test Case 'Test Cases/Mobile/Page/CheckLogin' successfully

2022-01-03 08:32:22 - [TEST_STEP][PASSED] - tap(HOME_MenubarPortfolio, 0): Tapped on element 'Object Repository/Mobile/Page/Home/Menubar - Portfolio'

2022-01-03 08:32:22 - [MESSAGE][WARNING] - Timeout '0' is invalid. Using default page load timeout: '60'

2022-01-03 08:32:23 - [MESSAGE][PASSED] - Tapped on element 'Object Repository/Mobile/Page/Home/Menubar - Portfolio'

2022-01-03 08:32:23 - [TEST_STEP][PASSED] - delay(1): Delayed 1 second(s)

2022-01-03 08:32:24 - [MESSAGE][PASSED] - Delayed 1 second(s)

2022-01-03 08:32:24 - [TEST_STEP][PASSED] - for ([i = 0, i < 1, (i++)]): Delayed 3 second(s)

2022-01-03 08:32:24 - [TEST_STEP][PASSED] - if (tab == "summary"): Delayed 3 second(s)

2022-01-03 08:32:24 - [TEST_STEP][PASSED] - idr = PORT_BtnIDR: null

2022-01-03 08:32:24 - [TEST_STEP][PASSED] - persen = PORT_BtnPersen: null

2022-01-03 08:32:24 - [TEST_STEP][PASSED] - if (action == "summary"): null

2022-01-03 08:32:24 - [TEST_STEP][PASSED] - else if (action == "perf_daily"): null

2022-01-03 08:32:24 - [TEST_STEP][PASSED] - else if (action == "perf_month"): Tapped on element 'Object Repository/Mobile/Page/Portfolio/Tab - Summary Month to Date'

2022-01-03 08:32:24 - [TEST_STEP][PASSED] - scroll.scroll.scrollScreenBottomToTop(): scroll.scroll.scrollScreenBottomToTop is PASSED

2022-01-03 08:32:25 - [MESSAGE][PASSED] - Current device physical height is 1423

2022-01-03 08:32:25 - [MESSAGE][PASSED] - Current device physical width is 720

2022-01-03 08:32:26 - [MESSAGE][PASSED] - Swiped from 360,1,138 to 360,284

2022-01-03 08:32:26 - [MESSAGE][PASSED] - scroll.scroll.scrollScreenBottomToTop is PASSED

2022-01-03 08:32:26 - [TEST_STEP][PASSED] - delay(1): Delayed 1 second(s)

2022-01-03 08:32:27 - [MESSAGE][PASSED] - Delayed 1 second(s)

2022-01-03 08:32:27 - [TEST_STEP][PASSED] - tap(PORT_TabSummaryMonth, 0): Tapped on element 'Object Repository/Mobile/Page/Portfolio/Tab - Summary Month to Date'

2022-01-03 08:32:27 - [MESSAGE][WARNING] - Timeout '0' is invalid. Using default page load timeout: '60'

2022-01-03 08:32:28 - [MESSAGE][PASSED] - Tapped on element 'Object Repository/Mobile/Page/Portfolio/Tab - Summary Month to Date'

2022-01-03 08:32:28 - [TEST_STEP][PASSED] - if (action != "summary"): Delayed 3 second(s)

2022-01-03 08:32:28 - [TEST_STEP][PASSED] - delay(1): Delayed 1 second(s)

2022-01-03 08:32:29 - [MESSAGE][PASSED] - Delayed 1 second(s)

2022-01-03 08:32:29 - [TEST_STEP][PASSED] - scroll.scroll.scrollScreenBottomToTop(): scroll.scroll.scrollScreenBottomToTop is PASSED

2022-01-03 08:32:29 - [MESSAGE][PASSED] - Current device physical height is 1423

2022-01-03 08:32:29 - [MESSAGE][PASSED] - Current device physical width is 720

2022-01-03 08:32:31 - [MESSAGE][PASSED] - Swiped from 360,1,138 to 360,284

2022-01-03 08:32:31 - [MESSAGE][PASSED] - scroll.scroll.scrollScreenBottomToTop is PASSED

2022-01-03 08:32:31 - [TEST_STEP][PASSED] - delay(3): Delayed 3 second(s)

2022-01-03 08:32:34 - [MESSAGE][PASSED] - Delayed 3 second(s)

2022-01-03 08:32:34 - [TEST_STEP][PASSED] - if (action2 == "idr"): Delayed 3 second(s)

2022-01-03 08:32:34 - [TEST_STEP][PASSED] - tap(idr, 10): Tapped on element 'Object Repository/Mobile/Page/Portfolio/Button - IDR'

2022-01-03 08:32:34 - [MESSAGE][PASSED] - Tapped on element 'Object Repository/Mobile/Page/Portfolio/Button - IDR'

2022-01-03 08:32:34 - [TEST_STEP][PASSED] - delay(3): Delayed 3 second(s)

2022-01-03 08:32:37 - [MESSAGE][PASSED] - Delayed 3 second(s)

2022-01-03 08:32:37 - [MESSAGE][PASSED] - Call Test Case 'Test Cases/Mobile/Page/Portfolio/Portfolio' successfully

2022-01-03 08:32:37 - [TEST_STEP][PASSED] - callTestCase(findTestCase("Mobile/Page/Run App/Terminate App"), [:], STOP_ON_FAILURE): Call Test Case 'Test Cases/Mobile/Page/Run App/Terminate App' successfully

2022-01-03 08:32:37 - [TEST_CASE][PASSED] - Test Cases/Mobile/Page/Run App/Terminate App: Test Cases/Mobile/Page/Run App/Terminate App

2022-01-03 08:32:37 - [TEST_STEP][PASSED] - startApp.OpenApp.terminateApplication(): startApp.OpenApp.terminateApplication is PASSED

2022-01-03 08:32:40 - [MESSAGE][PASSED] - Delayed 3 second(s)

2022-01-03 08:32:41 - [MESSAGE][PASSED] - Current device physical width is 720

2022-01-03 08:32:41 - [MESSAGE][PASSED] - Current device physical height is 1423

2022-01-03 08:32:42 - [MESSAGE][PASSED] - Swiped from 360,853 to 360,142

2022-01-03 08:32:43 - [MESSAGE][PASSED] - Delayed 1 second(s)

2022-01-03 08:32:45 - [MESSAGE][PASSED] - Swiped from 360,853 to 360,142

2022-01-03 08:32:48 - [MESSAGE][PASSED] - Delayed 3 second(s)

2022-01-03 08:32:48 - [MESSAGE][PASSED] - startApp.OpenApp.terminateApplication is PASSED

2022-01-03 08:32:48 - [MESSAGE][PASSED] - Call Test Case 'Test Cases/Mobile/Page/Run App/Terminate App' successfully]]></system-out>
         <system-err><![CDATA[]]></system-err>
      </testcase>
      <testcase name="Test Cases/Mobile/Scenario/Portfolio/004 - Portfolio Performance Quarter to Date IDR" time="64.001" classname="Test Cases/Mobile/Scenario/Portfolio/004 - Portfolio Performance Quarter to Date IDR" status="PASSED">
         <system-out><![CDATA[2022-01-03 08:32:48 - [TEST_CASE][PASSED] - Test Cases/Mobile/Scenario/Portfolio/004 - Portfolio Performance Quarter to Date IDR: Test Cases/Mobile/Scenario/Portfolio/004 - Portfolio Performance Quarter to Date IDR

2022-01-03 08:32:48 - [TEST_STEP][PASSED] - callTestCase(findTestCase("Mobile/Page/Run App/Run App byID"), [:], STOP_ON_FAILURE): Call Test Case 'Test Cases/Mobile/Page/Run App/Run App byID' successfully

2022-01-03 08:32:48 - [TEST_CASE][PASSED] - Test Cases/Mobile/Page/Run App/Run App byID: Test Cases/Mobile/Page/Run App/Run App byID

2022-01-03 08:32:48 - [TEST_STEP][PASSED] - startApp.OpenApp.startApplication("id.co.miraeasset.sageclub"): startApp.OpenApp.startApplication is PASSED

2022-01-03 08:33:01 - [MESSAGE][PASSED] - Starting app with application ID: 'id.co.miraeasset.sageclub'

2022-01-03 08:33:01 - [MESSAGE][PASSED] - startApp.OpenApp.startApplication is PASSED

2022-01-03 08:33:01 - [MESSAGE][PASSED] - Call Test Case 'Test Cases/Mobile/Page/Run App/Run App byID' successfully

2022-01-03 08:33:01 - [TEST_STEP][PASSED] - callTestCase(findTestCase("Mobile/Page/Portfolio/Portfolio"), ["tab":"summary", "action":"perf_quarter", "action2":"idr"], CONTINUE_ON_FAILURE): Call Test Case 'Test Cases/Mobile/Page/Portfolio/Portfolio' successfully

2022-01-03 08:33:01 - [TEST_CASE][PASSED] - Test Cases/Mobile/Page/Portfolio/Portfolio: Test Cases/Mobile/Page/Portfolio/Portfolio

2022-01-03 08:33:01 - [TEST_STEP][PASSED] - callTestCase(findTestCase("Mobile/Page/CheckLogin"), [:], CONTINUE_ON_FAILURE): Call Test Case 'Test Cases/Mobile/Page/CheckLogin' successfully

2022-01-03 08:33:01 - [TEST_CASE][PASSED] - Test Cases/Mobile/Page/CheckLogin: Test Cases/Mobile/Page/CheckLogin

2022-01-03 08:33:01 - [TEST_STEP][PASSED] - loginCheck = verifyElementExist(LOGN_BtnLogin, 5, CONTINUE_ON_FAILURE): Element 'Object Repository/Mobile/Page/Login/Button - Login' is exist

2022-01-03 08:33:03 - [MESSAGE][PASSED] - Element 'Object Repository/Mobile/Page/Login/Button - Login' is exist

2022-01-03 08:33:03 - [TEST_STEP][PASSED] - if (loginCheck): Call Test Case 'Test Cases/Mobile/Page/Login/Login' successfully

2022-01-03 08:33:03 - [TEST_STEP][PASSED] - callTestCase(findTestCase("Mobile/Page/Login/Login"), ["action":"username"], CONTINUE_ON_FAILURE): Call Test Case 'Test Cases/Mobile/Page/Login/Login' successfully

2022-01-03 08:33:03 - [TEST_CASE][PASSED] - Test Cases/Mobile/Page/Login/Login: Test Cases/Mobile/Page/Login/Login

2022-01-03 08:33:03 - [TEST_STEP][PASSED] - delay(2): Delayed 2 second(s)

2022-01-03 08:33:05 - [MESSAGE][PASSED] - Delayed 2 second(s)

2022-01-03 08:33:05 - [TEST_STEP][PASSED] - for ([i = 0, i < 1, (i++)]): null

2022-01-03 08:33:05 - [TEST_STEP][PASSED] - if (action == "username"): null

2022-01-03 08:33:05 - [TEST_STEP][PASSED] - tap(LOGN_EdtUserID, 0): Tapped on element 'Object Repository/Mobile/Page/Login/Input - UserID'

2022-01-03 08:33:05 - [MESSAGE][WARNING] - Timeout '0' is invalid. Using default page load timeout: '60'

2022-01-03 08:33:06 - [MESSAGE][PASSED] - Tapped on element 'Object Repository/Mobile/Page/Login/Input - UserID'

2022-01-03 08:33:06 - [TEST_STEP][PASSED] - delay(1): Delayed 1 second(s)

2022-01-03 08:33:07 - [MESSAGE][PASSED] - Delayed 1 second(s)

2022-01-03 08:33:07 - [TEST_STEP][PASSED] - setText(LOGN_EdtRdyUserID, "anggaaditya", 0): Text 'anggaaditya' has been set to element 'Object Repository/Mobile/Page/Login/Input Rdy - UserID'

2022-01-03 08:33:07 - [MESSAGE][WARNING] - Timeout '0' is invalid. Using default page load timeout: '60'

2022-01-03 08:33:08 - [MESSAGE][PASSED] - Text 'anggaaditya' has been set to element 'Object Repository/Mobile/Page/Login/Input Rdy - UserID'

2022-01-03 08:33:08 - [TEST_STEP][PASSED] - delay(1): Delayed 1 second(s)

2022-01-03 08:33:09 - [MESSAGE][PASSED] - Delayed 1 second(s)

2022-01-03 08:33:09 - [TEST_STEP][PASSED] - hideKeyboard(): Keyboard is hidden

2022-01-03 08:33:12 - [MESSAGE][PASSED] - Keyboard is hidden

2022-01-03 08:33:12 - [TEST_STEP][PASSED] - tap(LOGN_EdtPassword, 0): Tapped on element 'Object Repository/Mobile/Page/Login/Input - Password'

2022-01-03 08:33:12 - [MESSAGE][WARNING] - Timeout '0' is invalid. Using default page load timeout: '60'

2022-01-03 08:33:14 - [MESSAGE][PASSED] - Tapped on element 'Object Repository/Mobile/Page/Login/Input - Password'

2022-01-03 08:33:14 - [TEST_STEP][PASSED] - delay(1): Delayed 1 second(s)

2022-01-03 08:33:15 - [MESSAGE][PASSED] - Delayed 1 second(s)

2022-01-03 08:33:15 - [TEST_STEP][PASSED] - setText(LOGN_EdtRdyPassword, "Shalawa18", 0): Text 'Shalawa18' has been set to element 'Object Repository/Mobile/Page/Login/Input Rdy - Password'

2022-01-03 08:33:15 - [MESSAGE][WARNING] - Timeout '0' is invalid. Using default page load timeout: '60'

2022-01-03 08:33:16 - [MESSAGE][PASSED] - Text 'Shalawa18' has been set to element 'Object Repository/Mobile/Page/Login/Input Rdy - Password'

2022-01-03 08:33:16 - [TEST_STEP][PASSED] - delay(1): Delayed 1 second(s)

2022-01-03 08:33:17 - [MESSAGE][PASSED] - Delayed 1 second(s)

2022-01-03 08:33:17 - [TEST_STEP][PASSED] - hideKeyboard(): Keyboard is hidden

2022-01-03 08:33:23 - [MESSAGE][PASSED] - Keyboard is hidden

2022-01-03 08:33:23 - [TEST_STEP][PASSED] - tap(LOGN_BtnLogin, 0): Tapped on element 'Object Repository/Mobile/Page/Login/Button - Login'

2022-01-03 08:33:23 - [MESSAGE][WARNING] - Timeout '0' is invalid. Using default page load timeout: '60'

2022-01-03 08:33:24 - [MESSAGE][PASSED] - Tapped on element 'Object Repository/Mobile/Page/Login/Button - Login'

2022-01-03 08:33:24 - [TEST_STEP][PASSED] - delay(2): Delayed 2 second(s)

2022-01-03 08:33:26 - [MESSAGE][PASSED] - Delayed 2 second(s)

2022-01-03 08:33:26 - [TEST_STEP][PASSED] - break: null

2022-01-03 08:33:26 - [MESSAGE][PASSED] - Call Test Case 'Test Cases/Mobile/Page/Login/Login' successfully

2022-01-03 08:33:26 - [MESSAGE][PASSED] - Call Test Case 'Test Cases/Mobile/Page/CheckLogin' successfully

2022-01-03 08:33:26 - [TEST_STEP][PASSED] - tap(HOME_MenubarPortfolio, 0): Tapped on element 'Object Repository/Mobile/Page/Home/Menubar - Portfolio'

2022-01-03 08:33:26 - [MESSAGE][WARNING] - Timeout '0' is invalid. Using default page load timeout: '60'

2022-01-03 08:33:27 - [MESSAGE][PASSED] - Tapped on element 'Object Repository/Mobile/Page/Home/Menubar - Portfolio'

2022-01-03 08:33:27 - [TEST_STEP][PASSED] - delay(1): Delayed 1 second(s)

2022-01-03 08:33:28 - [MESSAGE][PASSED] - Delayed 1 second(s)

2022-01-03 08:33:28 - [TEST_STEP][PASSED] - for ([i = 0, i < 1, (i++)]): Delayed 3 second(s)

2022-01-03 08:33:28 - [TEST_STEP][PASSED] - if (tab == "summary"): Delayed 3 second(s)

2022-01-03 08:33:28 - [TEST_STEP][PASSED] - idr = PORT_BtnIDR: null

2022-01-03 08:33:28 - [TEST_STEP][PASSED] - persen = PORT_BtnPersen: null

2022-01-03 08:33:28 - [TEST_STEP][PASSED] - if (action == "summary"): null

2022-01-03 08:33:28 - [TEST_STEP][PASSED] - else if (action == "perf_daily"): null

2022-01-03 08:33:28 - [TEST_STEP][PASSED] - else if (action == "perf_month"): null

2022-01-03 08:33:29 - [TEST_STEP][PASSED] - else if (action == "perf_quarter"): Tapped on element 'Object Repository/Mobile/Page/Portfolio/Tab - Summary Quarter to Date'

2022-01-03 08:33:29 - [TEST_STEP][PASSED] - scroll.scroll.scrollScreenBottomToTop(): scroll.scroll.scrollScreenBottomToTop is PASSED

2022-01-03 08:33:29 - [MESSAGE][PASSED] - Current device physical height is 1423

2022-01-03 08:33:29 - [MESSAGE][PASSED] - Current device physical width is 720

2022-01-03 08:33:30 - [MESSAGE][PASSED] - Swiped from 360,1,138 to 360,284

2022-01-03 08:33:30 - [MESSAGE][PASSED] - scroll.scroll.scrollScreenBottomToTop is PASSED

2022-01-03 08:33:30 - [TEST_STEP][PASSED] - delay(1): Delayed 1 second(s)

2022-01-03 08:33:31 - [MESSAGE][PASSED] - Delayed 1 second(s)

2022-01-03 08:33:31 - [TEST_STEP][PASSED] - tap(PORT_TabSummaryQuarter, 0): Tapped on element 'Object Repository/Mobile/Page/Portfolio/Tab - Summary Quarter to Date'

2022-01-03 08:33:31 - [MESSAGE][WARNING] - Timeout '0' is invalid. Using default page load timeout: '60'

2022-01-03 08:33:32 - [MESSAGE][PASSED] - Tapped on element 'Object Repository/Mobile/Page/Portfolio/Tab - Summary Quarter to Date'

2022-01-03 08:33:32 - [TEST_STEP][PASSED] - if (action != "summary"): Delayed 3 second(s)

2022-01-03 08:33:32 - [TEST_STEP][PASSED] - delay(1): Delayed 1 second(s)

2022-01-03 08:33:33 - [MESSAGE][PASSED] - Delayed 1 second(s)

2022-01-03 08:33:33 - [TEST_STEP][PASSED] - scroll.scroll.scrollScreenBottomToTop(): scroll.scroll.scrollScreenBottomToTop is PASSED

2022-01-03 08:33:33 - [MESSAGE][PASSED] - Current device physical height is 1423

2022-01-03 08:33:34 - [MESSAGE][PASSED] - Current device physical width is 720

2022-01-03 08:33:35 - [MESSAGE][PASSED] - Swiped from 360,1,138 to 360,284

2022-01-03 08:33:35 - [MESSAGE][PASSED] - scroll.scroll.scrollScreenBottomToTop is PASSED

2022-01-03 08:33:35 - [TEST_STEP][PASSED] - delay(3): Delayed 3 second(s)

2022-01-03 08:33:38 - [MESSAGE][PASSED] - Delayed 3 second(s)

2022-01-03 08:33:38 - [TEST_STEP][PASSED] - if (action2 == "idr"): Delayed 3 second(s)

2022-01-03 08:33:38 - [TEST_STEP][PASSED] - tap(idr, 10): Tapped on element 'Object Repository/Mobile/Page/Portfolio/Button - IDR'

2022-01-03 08:33:38 - [MESSAGE][PASSED] - Tapped on element 'Object Repository/Mobile/Page/Portfolio/Button - IDR'

2022-01-03 08:33:38 - [TEST_STEP][PASSED] - delay(3): Delayed 3 second(s)

2022-01-03 08:33:41 - [MESSAGE][PASSED] - Delayed 3 second(s)

2022-01-03 08:33:41 - [MESSAGE][PASSED] - Call Test Case 'Test Cases/Mobile/Page/Portfolio/Portfolio' successfully

2022-01-03 08:33:41 - [TEST_STEP][PASSED] - callTestCase(findTestCase("Mobile/Page/Run App/Terminate App"), [:], STOP_ON_FAILURE): Call Test Case 'Test Cases/Mobile/Page/Run App/Terminate App' successfully

2022-01-03 08:33:41 - [TEST_CASE][PASSED] - Test Cases/Mobile/Page/Run App/Terminate App: Test Cases/Mobile/Page/Run App/Terminate App

2022-01-03 08:33:41 - [TEST_STEP][PASSED] - startApp.OpenApp.terminateApplication(): startApp.OpenApp.terminateApplication is PASSED

2022-01-03 08:33:44 - [MESSAGE][PASSED] - Delayed 3 second(s)

2022-01-03 08:33:45 - [MESSAGE][PASSED] - Current device physical width is 720

2022-01-03 08:33:45 - [MESSAGE][PASSED] - Current device physical height is 1423

2022-01-03 08:33:46 - [MESSAGE][PASSED] - Swiped from 360,853 to 360,142

2022-01-03 08:33:47 - [MESSAGE][PASSED] - Delayed 1 second(s)

2022-01-03 08:33:49 - [MESSAGE][PASSED] - Swiped from 360,853 to 360,142

2022-01-03 08:33:52 - [MESSAGE][PASSED] - Delayed 3 second(s)

2022-01-03 08:33:52 - [MESSAGE][PASSED] - startApp.OpenApp.terminateApplication is PASSED

2022-01-03 08:33:52 - [MESSAGE][PASSED] - Call Test Case 'Test Cases/Mobile/Page/Run App/Terminate App' successfully]]></system-out>
         <system-err><![CDATA[]]></system-err>
      </testcase>
      <testcase name="Test Cases/Mobile/Scenario/Portfolio/005 - Portfolio Performance Year to Date IDR" time="62.304" classname="Test Cases/Mobile/Scenario/Portfolio/005 - Portfolio Performance Year to Date IDR" status="PASSED">
         <system-out><![CDATA[2022-01-03 08:33:52 - [TEST_CASE][PASSED] - Test Cases/Mobile/Scenario/Portfolio/005 - Portfolio Performance Year to Date IDR: Test Cases/Mobile/Scenario/Portfolio/005 - Portfolio Performance Year to Date IDR

2022-01-03 08:33:52 - [TEST_STEP][PASSED] - callTestCase(findTestCase("Mobile/Page/Run App/Run App byID"), [:], STOP_ON_FAILURE): Call Test Case 'Test Cases/Mobile/Page/Run App/Run App byID' successfully

2022-01-03 08:33:52 - [TEST_CASE][PASSED] - Test Cases/Mobile/Page/Run App/Run App byID: Test Cases/Mobile/Page/Run App/Run App byID

2022-01-03 08:33:52 - [TEST_STEP][PASSED] - startApp.OpenApp.startApplication("id.co.miraeasset.sageclub"): startApp.OpenApp.startApplication is PASSED

2022-01-03 08:34:05 - [MESSAGE][PASSED] - Starting app with application ID: 'id.co.miraeasset.sageclub'

2022-01-03 08:34:05 - [MESSAGE][PASSED] - startApp.OpenApp.startApplication is PASSED

2022-01-03 08:34:05 - [MESSAGE][PASSED] - Call Test Case 'Test Cases/Mobile/Page/Run App/Run App byID' successfully

2022-01-03 08:34:05 - [TEST_STEP][PASSED] - callTestCase(findTestCase("Mobile/Page/Portfolio/Portfolio"), ["tab":"summary", "action":"perf_year", "action2":"idr"], CONTINUE_ON_FAILURE): Call Test Case 'Test Cases/Mobile/Page/Portfolio/Portfolio' successfully

2022-01-03 08:34:05 - [TEST_CASE][PASSED] - Test Cases/Mobile/Page/Portfolio/Portfolio: Test Cases/Mobile/Page/Portfolio/Portfolio

2022-01-03 08:34:05 - [TEST_STEP][PASSED] - callTestCase(findTestCase("Mobile/Page/CheckLogin"), [:], CONTINUE_ON_FAILURE): Call Test Case 'Test Cases/Mobile/Page/CheckLogin' successfully

2022-01-03 08:34:05 - [TEST_CASE][PASSED] - Test Cases/Mobile/Page/CheckLogin: Test Cases/Mobile/Page/CheckLogin

2022-01-03 08:34:05 - [TEST_STEP][PASSED] - loginCheck = verifyElementExist(LOGN_BtnLogin, 5, CONTINUE_ON_FAILURE): Element 'Object Repository/Mobile/Page/Login/Button - Login' is exist

2022-01-03 08:34:07 - [MESSAGE][PASSED] - Element 'Object Repository/Mobile/Page/Login/Button - Login' is exist

2022-01-03 08:34:07 - [TEST_STEP][PASSED] - if (loginCheck): Call Test Case 'Test Cases/Mobile/Page/Login/Login' successfully

2022-01-03 08:34:07 - [TEST_STEP][PASSED] - callTestCase(findTestCase("Mobile/Page/Login/Login"), ["action":"username"], CONTINUE_ON_FAILURE): Call Test Case 'Test Cases/Mobile/Page/Login/Login' successfully

2022-01-03 08:34:07 - [TEST_CASE][PASSED] - Test Cases/Mobile/Page/Login/Login: Test Cases/Mobile/Page/Login/Login

2022-01-03 08:34:07 - [TEST_STEP][PASSED] - delay(2): Delayed 2 second(s)

2022-01-03 08:34:09 - [MESSAGE][PASSED] - Delayed 2 second(s)

2022-01-03 08:34:09 - [TEST_STEP][PASSED] - for ([i = 0, i < 1, (i++)]): null

2022-01-03 08:34:09 - [TEST_STEP][PASSED] - if (action == "username"): null

2022-01-03 08:34:09 - [TEST_STEP][PASSED] - tap(LOGN_EdtUserID, 0): Tapped on element 'Object Repository/Mobile/Page/Login/Input - UserID'

2022-01-03 08:34:09 - [MESSAGE][WARNING] - Timeout '0' is invalid. Using default page load timeout: '60'

2022-01-03 08:34:10 - [MESSAGE][PASSED] - Tapped on element 'Object Repository/Mobile/Page/Login/Input - UserID'

2022-01-03 08:34:10 - [TEST_STEP][PASSED] - delay(1): Delayed 1 second(s)

2022-01-03 08:34:11 - [MESSAGE][PASSED] - Delayed 1 second(s)

2022-01-03 08:34:11 - [TEST_STEP][PASSED] - setText(LOGN_EdtRdyUserID, "anggaaditya", 0): Text 'anggaaditya' has been set to element 'Object Repository/Mobile/Page/Login/Input Rdy - UserID'

2022-01-03 08:34:11 - [MESSAGE][WARNING] - Timeout '0' is invalid. Using default page load timeout: '60'

2022-01-03 08:34:12 - [MESSAGE][PASSED] - Text 'anggaaditya' has been set to element 'Object Repository/Mobile/Page/Login/Input Rdy - UserID'

2022-01-03 08:34:12 - [TEST_STEP][PASSED] - delay(1): Delayed 1 second(s)

2022-01-03 08:34:13 - [MESSAGE][PASSED] - Delayed 1 second(s)

2022-01-03 08:34:13 - [TEST_STEP][PASSED] - hideKeyboard(): Keyboard is hidden

2022-01-03 08:34:16 - [MESSAGE][PASSED] - Keyboard is hidden

2022-01-03 08:34:16 - [TEST_STEP][PASSED] - tap(LOGN_EdtPassword, 0): Tapped on element 'Object Repository/Mobile/Page/Login/Input - Password'

2022-01-03 08:34:16 - [MESSAGE][WARNING] - Timeout '0' is invalid. Using default page load timeout: '60'

2022-01-03 08:34:17 - [MESSAGE][PASSED] - Tapped on element 'Object Repository/Mobile/Page/Login/Input - Password'

2022-01-03 08:34:17 - [TEST_STEP][PASSED] - delay(1): Delayed 1 second(s)

2022-01-03 08:34:18 - [MESSAGE][PASSED] - Delayed 1 second(s)

2022-01-03 08:34:18 - [TEST_STEP][PASSED] - setText(LOGN_EdtRdyPassword, "Shalawa18", 0): Text 'Shalawa18' has been set to element 'Object Repository/Mobile/Page/Login/Input Rdy - Password'

2022-01-03 08:34:18 - [MESSAGE][WARNING] - Timeout '0' is invalid. Using default page load timeout: '60'

2022-01-03 08:34:19 - [MESSAGE][PASSED] - Text 'Shalawa18' has been set to element 'Object Repository/Mobile/Page/Login/Input Rdy - Password'

2022-01-03 08:34:19 - [TEST_STEP][PASSED] - delay(1): Delayed 1 second(s)

2022-01-03 08:34:20 - [MESSAGE][PASSED] - Delayed 1 second(s)

2022-01-03 08:34:20 - [TEST_STEP][PASSED] - hideKeyboard(): Keyboard is hidden

2022-01-03 08:34:26 - [MESSAGE][PASSED] - Keyboard is hidden

2022-01-03 08:34:26 - [TEST_STEP][PASSED] - tap(LOGN_BtnLogin, 0): Tapped on element 'Object Repository/Mobile/Page/Login/Button - Login'

2022-01-03 08:34:26 - [MESSAGE][WARNING] - Timeout '0' is invalid. Using default page load timeout: '60'

2022-01-03 08:34:27 - [MESSAGE][PASSED] - Tapped on element 'Object Repository/Mobile/Page/Login/Button - Login'

2022-01-03 08:34:27 - [TEST_STEP][PASSED] - delay(2): Delayed 2 second(s)

2022-01-03 08:34:29 - [MESSAGE][PASSED] - Delayed 2 second(s)

2022-01-03 08:34:29 - [TEST_STEP][PASSED] - break: null

2022-01-03 08:34:29 - [MESSAGE][PASSED] - Call Test Case 'Test Cases/Mobile/Page/Login/Login' successfully

2022-01-03 08:34:29 - [MESSAGE][PASSED] - Call Test Case 'Test Cases/Mobile/Page/CheckLogin' successfully

2022-01-03 08:34:29 - [TEST_STEP][PASSED] - tap(HOME_MenubarPortfolio, 0): Tapped on element 'Object Repository/Mobile/Page/Home/Menubar - Portfolio'

2022-01-03 08:34:29 - [MESSAGE][WARNING] - Timeout '0' is invalid. Using default page load timeout: '60'

2022-01-03 08:34:30 - [MESSAGE][PASSED] - Tapped on element 'Object Repository/Mobile/Page/Home/Menubar - Portfolio'

2022-01-03 08:34:30 - [TEST_STEP][PASSED] - delay(1): Delayed 1 second(s)

2022-01-03 08:34:31 - [MESSAGE][PASSED] - Delayed 1 second(s)

2022-01-03 08:34:31 - [TEST_STEP][PASSED] - for ([i = 0, i < 1, (i++)]): Delayed 3 second(s)

2022-01-03 08:34:31 - [TEST_STEP][PASSED] - if (tab == "summary"): Delayed 3 second(s)

2022-01-03 08:34:31 - [TEST_STEP][PASSED] - idr = PORT_BtnIDR: null

2022-01-03 08:34:31 - [TEST_STEP][PASSED] - persen = PORT_BtnPersen: null

2022-01-03 08:34:31 - [TEST_STEP][PASSED] - if (action == "summary"): null

2022-01-03 08:34:31 - [TEST_STEP][PASSED] - else if (action == "perf_daily"): null

2022-01-03 08:34:31 - [TEST_STEP][PASSED] - else if (action == "perf_month"): null

2022-01-03 08:34:31 - [TEST_STEP][PASSED] - else if (action == "perf_quarter"): null

2022-01-03 08:34:31 - [TEST_STEP][PASSED] - else if (action == "perf_year"): Tapped on element 'Object Repository/Mobile/Page/Portfolio/Tab - Summary Year to Date'

2022-01-03 08:34:31 - [TEST_STEP][PASSED] - scroll.scroll.scrollScreenBottomToTop(): scroll.scroll.scrollScreenBottomToTop is PASSED

2022-01-03 08:34:31 - [MESSAGE][PASSED] - Current device physical height is 1423

2022-01-03 08:34:31 - [MESSAGE][PASSED] - Current device physical width is 720

2022-01-03 08:34:33 - [MESSAGE][PASSED] - Swiped from 360,1,138 to 360,284

2022-01-03 08:34:33 - [MESSAGE][PASSED] - scroll.scroll.scrollScreenBottomToTop is PASSED

2022-01-03 08:34:33 - [TEST_STEP][PASSED] - delay(1): Delayed 1 second(s)

2022-01-03 08:34:34 - [MESSAGE][PASSED] - Delayed 1 second(s)

2022-01-03 08:34:34 - [TEST_STEP][PASSED] - tap(PORT_TabSummaryYear, 0): Tapped on element 'Object Repository/Mobile/Page/Portfolio/Tab - Summary Year to Date'

2022-01-03 08:34:34 - [MESSAGE][WARNING] - Timeout '0' is invalid. Using default page load timeout: '60'

2022-01-03 08:34:34 - [MESSAGE][PASSED] - Tapped on element 'Object Repository/Mobile/Page/Portfolio/Tab - Summary Year to Date'

2022-01-03 08:34:34 - [TEST_STEP][PASSED] - if (action != "summary"): Delayed 3 second(s)

2022-01-03 08:34:34 - [TEST_STEP][PASSED] - delay(1): Delayed 1 second(s)

2022-01-03 08:34:35 - [MESSAGE][PASSED] - Delayed 1 second(s)

2022-01-03 08:34:35 - [TEST_STEP][PASSED] - scroll.scroll.scrollScreenBottomToTop(): scroll.scroll.scrollScreenBottomToTop is PASSED

2022-01-03 08:34:35 - [MESSAGE][PASSED] - Current device physical height is 1423

2022-01-03 08:34:36 - [MESSAGE][PASSED] - Current device physical width is 720

2022-01-03 08:34:37 - [MESSAGE][PASSED] - Swiped from 360,1,138 to 360,284

2022-01-03 08:34:37 - [MESSAGE][PASSED] - scroll.scroll.scrollScreenBottomToTop is PASSED

2022-01-03 08:34:37 - [TEST_STEP][PASSED] - delay(3): Delayed 3 second(s)

2022-01-03 08:34:40 - [MESSAGE][PASSED] - Delayed 3 second(s)

2022-01-03 08:34:40 - [TEST_STEP][PASSED] - if (action2 == "idr"): Delayed 3 second(s)

2022-01-03 08:34:40 - [TEST_STEP][PASSED] - tap(idr, 10): Tapped on element 'Object Repository/Mobile/Page/Portfolio/Button - IDR'

2022-01-03 08:34:41 - [MESSAGE][PASSED] - Tapped on element 'Object Repository/Mobile/Page/Portfolio/Button - IDR'

2022-01-03 08:34:41 - [TEST_STEP][PASSED] - delay(3): Delayed 3 second(s)

2022-01-03 08:34:44 - [MESSAGE][PASSED] - Delayed 3 second(s)

2022-01-03 08:34:44 - [MESSAGE][PASSED] - Call Test Case 'Test Cases/Mobile/Page/Portfolio/Portfolio' successfully

2022-01-03 08:34:44 - [TEST_STEP][PASSED] - callTestCase(findTestCase("Mobile/Page/Run App/Terminate App"), [:], STOP_ON_FAILURE): Call Test Case 'Test Cases/Mobile/Page/Run App/Terminate App' successfully

2022-01-03 08:34:44 - [TEST_CASE][PASSED] - Test Cases/Mobile/Page/Run App/Terminate App: Test Cases/Mobile/Page/Run App/Terminate App

2022-01-03 08:34:44 - [TEST_STEP][PASSED] - startApp.OpenApp.terminateApplication(): startApp.OpenApp.terminateApplication is PASSED

2022-01-03 08:34:47 - [MESSAGE][PASSED] - Delayed 3 second(s)

2022-01-03 08:34:47 - [MESSAGE][PASSED] - Current device physical width is 720

2022-01-03 08:34:47 - [MESSAGE][PASSED] - Current device physical height is 1423

2022-01-03 08:34:49 - [MESSAGE][PASSED] - Swiped from 360,853 to 360,142

2022-01-03 08:34:50 - [MESSAGE][PASSED] - Delayed 1 second(s)

2022-01-03 08:34:51 - [MESSAGE][PASSED] - Swiped from 360,853 to 360,142

2022-01-03 08:34:54 - [MESSAGE][PASSED] - Delayed 3 second(s)

2022-01-03 08:34:54 - [MESSAGE][PASSED] - startApp.OpenApp.terminateApplication is PASSED

2022-01-03 08:34:54 - [MESSAGE][PASSED] - Call Test Case 'Test Cases/Mobile/Page/Run App/Terminate App' successfully]]></system-out>
         <system-err><![CDATA[]]></system-err>
      </testcase>
      <testcase name="Test Cases/Mobile/Scenario/Portfolio/006 - Portfolio Performance Daily Persen" time="60.843" classname="Test Cases/Mobile/Scenario/Portfolio/006 - Portfolio Performance Daily Persen" status="PASSED">
         <system-out><![CDATA[2022-01-03 08:34:54 - [TEST_CASE][PASSED] - Test Cases/Mobile/Scenario/Portfolio/006 - Portfolio Performance Daily Persen: Test Cases/Mobile/Scenario/Portfolio/006 - Portfolio Performance Daily Persen

2022-01-03 08:34:54 - [TEST_STEP][PASSED] - callTestCase(findTestCase("Mobile/Page/Run App/Run App byID"), [:], STOP_ON_FAILURE): Call Test Case 'Test Cases/Mobile/Page/Run App/Run App byID' successfully

2022-01-03 08:34:54 - [TEST_CASE][PASSED] - Test Cases/Mobile/Page/Run App/Run App byID: Test Cases/Mobile/Page/Run App/Run App byID

2022-01-03 08:34:54 - [TEST_STEP][PASSED] - startApp.OpenApp.startApplication("id.co.miraeasset.sageclub"): startApp.OpenApp.startApplication is PASSED

2022-01-03 08:35:07 - [MESSAGE][PASSED] - Starting app with application ID: 'id.co.miraeasset.sageclub'

2022-01-03 08:35:07 - [MESSAGE][PASSED] - startApp.OpenApp.startApplication is PASSED

2022-01-03 08:35:07 - [MESSAGE][PASSED] - Call Test Case 'Test Cases/Mobile/Page/Run App/Run App byID' successfully

2022-01-03 08:35:07 - [TEST_STEP][PASSED] - callTestCase(findTestCase("Mobile/Page/Portfolio/Portfolio"), ["tab":"summary", "action":"perf_daily", "action2":"persen"], CONTINUE_ON_FAILURE): Call Test Case 'Test Cases/Mobile/Page/Portfolio/Portfolio' successfully

2022-01-03 08:35:07 - [TEST_CASE][PASSED] - Test Cases/Mobile/Page/Portfolio/Portfolio: Test Cases/Mobile/Page/Portfolio/Portfolio

2022-01-03 08:35:07 - [TEST_STEP][PASSED] - callTestCase(findTestCase("Mobile/Page/CheckLogin"), [:], CONTINUE_ON_FAILURE): Call Test Case 'Test Cases/Mobile/Page/CheckLogin' successfully

2022-01-03 08:35:08 - [TEST_CASE][PASSED] - Test Cases/Mobile/Page/CheckLogin: Test Cases/Mobile/Page/CheckLogin

2022-01-03 08:35:08 - [TEST_STEP][PASSED] - loginCheck = verifyElementExist(LOGN_BtnLogin, 5, CONTINUE_ON_FAILURE): Element 'Object Repository/Mobile/Page/Login/Button - Login' is exist

2022-01-03 08:35:09 - [MESSAGE][PASSED] - Element 'Object Repository/Mobile/Page/Login/Button - Login' is exist

2022-01-03 08:35:09 - [TEST_STEP][PASSED] - if (loginCheck): Call Test Case 'Test Cases/Mobile/Page/Login/Login' successfully

2022-01-03 08:35:09 - [TEST_STEP][PASSED] - callTestCase(findTestCase("Mobile/Page/Login/Login"), ["action":"username"], CONTINUE_ON_FAILURE): Call Test Case 'Test Cases/Mobile/Page/Login/Login' successfully

2022-01-03 08:35:09 - [TEST_CASE][PASSED] - Test Cases/Mobile/Page/Login/Login: Test Cases/Mobile/Page/Login/Login

2022-01-03 08:35:09 - [TEST_STEP][PASSED] - delay(2): Delayed 2 second(s)

2022-01-03 08:35:11 - [MESSAGE][PASSED] - Delayed 2 second(s)

2022-01-03 08:35:11 - [TEST_STEP][PASSED] - for ([i = 0, i < 1, (i++)]): null

2022-01-03 08:35:11 - [TEST_STEP][PASSED] - if (action == "username"): null

2022-01-03 08:35:11 - [TEST_STEP][PASSED] - tap(LOGN_EdtUserID, 0): Tapped on element 'Object Repository/Mobile/Page/Login/Input - UserID'

2022-01-03 08:35:11 - [MESSAGE][WARNING] - Timeout '0' is invalid. Using default page load timeout: '60'

2022-01-03 08:35:12 - [MESSAGE][PASSED] - Tapped on element 'Object Repository/Mobile/Page/Login/Input - UserID'

2022-01-03 08:35:12 - [TEST_STEP][PASSED] - delay(1): Delayed 1 second(s)

2022-01-03 08:35:13 - [MESSAGE][PASSED] - Delayed 1 second(s)

2022-01-03 08:35:13 - [TEST_STEP][PASSED] - setText(LOGN_EdtRdyUserID, "anggaaditya", 0): Text 'anggaaditya' has been set to element 'Object Repository/Mobile/Page/Login/Input Rdy - UserID'

2022-01-03 08:35:13 - [MESSAGE][WARNING] - Timeout '0' is invalid. Using default page load timeout: '60'

2022-01-03 08:35:14 - [MESSAGE][PASSED] - Text 'anggaaditya' has been set to element 'Object Repository/Mobile/Page/Login/Input Rdy - UserID'

2022-01-03 08:35:14 - [TEST_STEP][PASSED] - delay(1): Delayed 1 second(s)

2022-01-03 08:35:15 - [MESSAGE][PASSED] - Delayed 1 second(s)

2022-01-03 08:35:15 - [TEST_STEP][PASSED] - hideKeyboard(): Keyboard is hidden

2022-01-03 08:35:18 - [MESSAGE][PASSED] - Keyboard is hidden

2022-01-03 08:35:18 - [TEST_STEP][PASSED] - tap(LOGN_EdtPassword, 0): Tapped on element 'Object Repository/Mobile/Page/Login/Input - Password'

2022-01-03 08:35:18 - [MESSAGE][WARNING] - Timeout '0' is invalid. Using default page load timeout: '60'

2022-01-03 08:35:19 - [MESSAGE][PASSED] - Tapped on element 'Object Repository/Mobile/Page/Login/Input - Password'

2022-01-03 08:35:19 - [TEST_STEP][PASSED] - delay(1): Delayed 1 second(s)

2022-01-03 08:35:20 - [MESSAGE][PASSED] - Delayed 1 second(s)

2022-01-03 08:35:20 - [TEST_STEP][PASSED] - setText(LOGN_EdtRdyPassword, "Shalawa18", 0): Text 'Shalawa18' has been set to element 'Object Repository/Mobile/Page/Login/Input Rdy - Password'

2022-01-03 08:35:20 - [MESSAGE][WARNING] - Timeout '0' is invalid. Using default page load timeout: '60'

2022-01-03 08:35:20 - [MESSAGE][PASSED] - Text 'Shalawa18' has been set to element 'Object Repository/Mobile/Page/Login/Input Rdy - Password'

2022-01-03 08:35:20 - [TEST_STEP][PASSED] - delay(1): Delayed 1 second(s)

2022-01-03 08:35:21 - [MESSAGE][PASSED] - Delayed 1 second(s)

2022-01-03 08:35:21 - [TEST_STEP][PASSED] - hideKeyboard(): Keyboard is hidden

2022-01-03 08:35:28 - [MESSAGE][PASSED] - Keyboard is hidden

2022-01-03 08:35:28 - [TEST_STEP][PASSED] - tap(LOGN_BtnLogin, 0): Tapped on element 'Object Repository/Mobile/Page/Login/Button - Login'

2022-01-03 08:35:28 - [MESSAGE][WARNING] - Timeout '0' is invalid. Using default page load timeout: '60'

2022-01-03 08:35:28 - [MESSAGE][PASSED] - Tapped on element 'Object Repository/Mobile/Page/Login/Button - Login'

2022-01-03 08:35:28 - [TEST_STEP][PASSED] - delay(2): Delayed 2 second(s)

2022-01-03 08:35:30 - [MESSAGE][PASSED] - Delayed 2 second(s)

2022-01-03 08:35:30 - [TEST_STEP][PASSED] - break: null

2022-01-03 08:35:30 - [MESSAGE][PASSED] - Call Test Case 'Test Cases/Mobile/Page/Login/Login' successfully

2022-01-03 08:35:30 - [MESSAGE][PASSED] - Call Test Case 'Test Cases/Mobile/Page/CheckLogin' successfully

2022-01-03 08:35:30 - [TEST_STEP][PASSED] - tap(HOME_MenubarPortfolio, 0): Tapped on element 'Object Repository/Mobile/Page/Home/Menubar - Portfolio'

2022-01-03 08:35:30 - [MESSAGE][WARNING] - Timeout '0' is invalid. Using default page load timeout: '60'

2022-01-03 08:35:32 - [MESSAGE][PASSED] - Tapped on element 'Object Repository/Mobile/Page/Home/Menubar - Portfolio'

2022-01-03 08:35:32 - [TEST_STEP][PASSED] - delay(1): Delayed 1 second(s)

2022-01-03 08:35:33 - [MESSAGE][PASSED] - Delayed 1 second(s)

2022-01-03 08:35:33 - [TEST_STEP][PASSED] - for ([i = 0, i < 1, (i++)]): Delayed 3 second(s)

2022-01-03 08:35:33 - [TEST_STEP][PASSED] - if (tab == "summary"): Delayed 3 second(s)

2022-01-03 08:35:33 - [TEST_STEP][PASSED] - idr = PORT_BtnIDR: null

2022-01-03 08:35:33 - [TEST_STEP][PASSED] - persen = PORT_BtnPersen: null

2022-01-03 08:35:33 - [TEST_STEP][PASSED] - if (action == "summary"): null

2022-01-03 08:35:33 - [TEST_STEP][PASSED] - else if (action == "perf_daily"): scroll.scroll.scrollScreenBottomToTop is PASSED

2022-01-03 08:35:33 - [TEST_STEP][PASSED] - scroll.scroll.scrollScreenBottomToTop(): scroll.scroll.scrollScreenBottomToTop is PASSED

2022-01-03 08:35:33 - [MESSAGE][PASSED] - Current device physical height is 1423

2022-01-03 08:35:34 - [MESSAGE][PASSED] - Current device physical width is 720

2022-01-03 08:35:35 - [MESSAGE][PASSED] - Swiped from 360,1,138 to 360,284

2022-01-03 08:35:35 - [MESSAGE][PASSED] - scroll.scroll.scrollScreenBottomToTop is PASSED

2022-01-03 08:35:35 - [TEST_STEP][PASSED] - if (action != "summary"): Delayed 3 second(s)

2022-01-03 08:35:35 - [TEST_STEP][PASSED] - delay(1): Delayed 1 second(s)

2022-01-03 08:35:36 - [MESSAGE][PASSED] - Delayed 1 second(s)

2022-01-03 08:35:36 - [TEST_STEP][PASSED] - scroll.scroll.scrollScreenBottomToTop(): scroll.scroll.scrollScreenBottomToTop is PASSED

2022-01-03 08:35:36 - [MESSAGE][PASSED] - Current device physical height is 1423

2022-01-03 08:35:37 - [MESSAGE][PASSED] - Current device physical width is 720

2022-01-03 08:35:38 - [MESSAGE][PASSED] - Swiped from 360,1,138 to 360,284

2022-01-03 08:35:38 - [MESSAGE][PASSED] - scroll.scroll.scrollScreenBottomToTop is PASSED

2022-01-03 08:35:38 - [TEST_STEP][PASSED] - delay(3): Delayed 3 second(s)

2022-01-03 08:35:41 - [MESSAGE][PASSED] - Delayed 3 second(s)

2022-01-03 08:35:41 - [TEST_STEP][PASSED] - if (action2 == "idr"): null

2022-01-03 08:35:41 - [TEST_STEP][PASSED] - else if (action2 == "persen"): Delayed 3 second(s)

2022-01-03 08:35:41 - [TEST_STEP][PASSED] - tap(persen, 10): Tapped on element 'Object Repository/Mobile/Page/Portfolio/Button - Persen'

2022-01-03 08:35:41 - [MESSAGE][PASSED] - Tapped on element 'Object Repository/Mobile/Page/Portfolio/Button - Persen'

2022-01-03 08:35:41 - [TEST_STEP][PASSED] - delay(3): Delayed 3 second(s)

2022-01-03 08:35:44 - [MESSAGE][PASSED] - Delayed 3 second(s)

2022-01-03 08:35:44 - [MESSAGE][PASSED] - Call Test Case 'Test Cases/Mobile/Page/Portfolio/Portfolio' successfully

2022-01-03 08:35:44 - [TEST_STEP][PASSED] - callTestCase(findTestCase("Mobile/Page/Run App/Terminate App"), [:], STOP_ON_FAILURE): Call Test Case 'Test Cases/Mobile/Page/Run App/Terminate App' successfully

2022-01-03 08:35:44 - [TEST_CASE][PASSED] - Test Cases/Mobile/Page/Run App/Terminate App: Test Cases/Mobile/Page/Run App/Terminate App

2022-01-03 08:35:45 - [TEST_STEP][PASSED] - startApp.OpenApp.terminateApplication(): startApp.OpenApp.terminateApplication is PASSED

2022-01-03 08:35:48 - [MESSAGE][PASSED] - Delayed 3 second(s)

2022-01-03 08:35:48 - [MESSAGE][PASSED] - Current device physical width is 720

2022-01-03 08:35:48 - [MESSAGE][PASSED] - Current device physical height is 1423

2022-01-03 08:35:50 - [MESSAGE][PASSED] - Swiped from 360,853 to 360,142

2022-01-03 08:35:51 - [MESSAGE][PASSED] - Delayed 1 second(s)

2022-01-03 08:35:52 - [MESSAGE][PASSED] - Swiped from 360,853 to 360,142

2022-01-03 08:35:55 - [MESSAGE][PASSED] - Delayed 3 second(s)

2022-01-03 08:35:55 - [MESSAGE][PASSED] - startApp.OpenApp.terminateApplication is PASSED

2022-01-03 08:35:55 - [MESSAGE][PASSED] - Call Test Case 'Test Cases/Mobile/Page/Run App/Terminate App' successfully]]></system-out>
         <system-err><![CDATA[]]></system-err>
      </testcase>
      <testcase name="Test Cases/Mobile/Scenario/Portfolio/007 - Portfolio Performance Month to Date Persen" time="62.206" classname="Test Cases/Mobile/Scenario/Portfolio/007 - Portfolio Performance Month to Date Persen" status="PASSED">
         <system-out><![CDATA[2022-01-03 08:35:55 - [TEST_CASE][PASSED] - Test Cases/Mobile/Scenario/Portfolio/007 - Portfolio Performance Month to Date Persen: Test Cases/Mobile/Scenario/Portfolio/007 - Portfolio Performance Month to Date Persen

2022-01-03 08:35:55 - [TEST_STEP][PASSED] - callTestCase(findTestCase("Mobile/Page/Run App/Run App byID"), [:], STOP_ON_FAILURE): Call Test Case 'Test Cases/Mobile/Page/Run App/Run App byID' successfully

2022-01-03 08:35:55 - [TEST_CASE][PASSED] - Test Cases/Mobile/Page/Run App/Run App byID: Test Cases/Mobile/Page/Run App/Run App byID

2022-01-03 08:35:55 - [TEST_STEP][PASSED] - startApp.OpenApp.startApplication("id.co.miraeasset.sageclub"): startApp.OpenApp.startApplication is PASSED

2022-01-03 08:36:08 - [MESSAGE][PASSED] - Starting app with application ID: 'id.co.miraeasset.sageclub'

2022-01-03 08:36:08 - [MESSAGE][PASSED] - startApp.OpenApp.startApplication is PASSED

2022-01-03 08:36:08 - [MESSAGE][PASSED] - Call Test Case 'Test Cases/Mobile/Page/Run App/Run App byID' successfully

2022-01-03 08:36:08 - [TEST_STEP][PASSED] - callTestCase(findTestCase("Mobile/Page/Portfolio/Portfolio"), ["tab":"summary", "action":"perf_month", "action2":"persen"], CONTINUE_ON_FAILURE): Call Test Case 'Test Cases/Mobile/Page/Portfolio/Portfolio' successfully

2022-01-03 08:36:09 - [TEST_CASE][PASSED] - Test Cases/Mobile/Page/Portfolio/Portfolio: Test Cases/Mobile/Page/Portfolio/Portfolio

2022-01-03 08:36:09 - [TEST_STEP][PASSED] - callTestCase(findTestCase("Mobile/Page/CheckLogin"), [:], CONTINUE_ON_FAILURE): Call Test Case 'Test Cases/Mobile/Page/CheckLogin' successfully

2022-01-03 08:36:09 - [TEST_CASE][PASSED] - Test Cases/Mobile/Page/CheckLogin: Test Cases/Mobile/Page/CheckLogin

2022-01-03 08:36:09 - [TEST_STEP][PASSED] - loginCheck = verifyElementExist(LOGN_BtnLogin, 5, CONTINUE_ON_FAILURE): Element 'Object Repository/Mobile/Page/Login/Button - Login' is exist

2022-01-03 08:36:11 - [MESSAGE][PASSED] - Element 'Object Repository/Mobile/Page/Login/Button - Login' is exist

2022-01-03 08:36:11 - [TEST_STEP][PASSED] - if (loginCheck): Call Test Case 'Test Cases/Mobile/Page/Login/Login' successfully

2022-01-03 08:36:11 - [TEST_STEP][PASSED] - callTestCase(findTestCase("Mobile/Page/Login/Login"), ["action":"username"], CONTINUE_ON_FAILURE): Call Test Case 'Test Cases/Mobile/Page/Login/Login' successfully

2022-01-03 08:36:11 - [TEST_CASE][PASSED] - Test Cases/Mobile/Page/Login/Login: Test Cases/Mobile/Page/Login/Login

2022-01-03 08:36:11 - [TEST_STEP][PASSED] - delay(2): Delayed 2 second(s)

2022-01-03 08:36:13 - [MESSAGE][PASSED] - Delayed 2 second(s)

2022-01-03 08:36:13 - [TEST_STEP][PASSED] - for ([i = 0, i < 1, (i++)]): null

2022-01-03 08:36:13 - [TEST_STEP][PASSED] - if (action == "username"): null

2022-01-03 08:36:13 - [TEST_STEP][PASSED] - tap(LOGN_EdtUserID, 0): Tapped on element 'Object Repository/Mobile/Page/Login/Input - UserID'

2022-01-03 08:36:13 - [MESSAGE][WARNING] - Timeout '0' is invalid. Using default page load timeout: '60'

2022-01-03 08:36:13 - [MESSAGE][PASSED] - Tapped on element 'Object Repository/Mobile/Page/Login/Input - UserID'

2022-01-03 08:36:13 - [TEST_STEP][PASSED] - delay(1): Delayed 1 second(s)

2022-01-03 08:36:14 - [MESSAGE][PASSED] - Delayed 1 second(s)

2022-01-03 08:36:14 - [TEST_STEP][PASSED] - setText(LOGN_EdtRdyUserID, "anggaaditya", 0): Text 'anggaaditya' has been set to element 'Object Repository/Mobile/Page/Login/Input Rdy - UserID'

2022-01-03 08:36:14 - [MESSAGE][WARNING] - Timeout '0' is invalid. Using default page load timeout: '60'

2022-01-03 08:36:15 - [MESSAGE][PASSED] - Text 'anggaaditya' has been set to element 'Object Repository/Mobile/Page/Login/Input Rdy - UserID'

2022-01-03 08:36:15 - [TEST_STEP][PASSED] - delay(1): Delayed 1 second(s)

2022-01-03 08:36:16 - [MESSAGE][PASSED] - Delayed 1 second(s)

2022-01-03 08:36:16 - [TEST_STEP][PASSED] - hideKeyboard(): Keyboard is hidden

2022-01-03 08:36:20 - [MESSAGE][PASSED] - Keyboard is hidden

2022-01-03 08:36:20 - [TEST_STEP][PASSED] - tap(LOGN_EdtPassword, 0): Tapped on element 'Object Repository/Mobile/Page/Login/Input - Password'

2022-01-03 08:36:20 - [MESSAGE][WARNING] - Timeout '0' is invalid. Using default page load timeout: '60'

2022-01-03 08:36:20 - [MESSAGE][PASSED] - Tapped on element 'Object Repository/Mobile/Page/Login/Input - Password'

2022-01-03 08:36:20 - [TEST_STEP][PASSED] - delay(1): Delayed 1 second(s)

2022-01-03 08:36:21 - [MESSAGE][PASSED] - Delayed 1 second(s)

2022-01-03 08:36:21 - [TEST_STEP][PASSED] - setText(LOGN_EdtRdyPassword, "Shalawa18", 0): Text 'Shalawa18' has been set to element 'Object Repository/Mobile/Page/Login/Input Rdy - Password'

2022-01-03 08:36:21 - [MESSAGE][WARNING] - Timeout '0' is invalid. Using default page load timeout: '60'

2022-01-03 08:36:22 - [MESSAGE][PASSED] - Text 'Shalawa18' has been set to element 'Object Repository/Mobile/Page/Login/Input Rdy - Password'

2022-01-03 08:36:22 - [TEST_STEP][PASSED] - delay(1): Delayed 1 second(s)

2022-01-03 08:36:23 - [MESSAGE][PASSED] - Delayed 1 second(s)

2022-01-03 08:36:23 - [TEST_STEP][PASSED] - hideKeyboard(): Keyboard is hidden

2022-01-03 08:36:29 - [MESSAGE][PASSED] - Keyboard is hidden

2022-01-03 08:36:29 - [TEST_STEP][PASSED] - tap(LOGN_BtnLogin, 0): Tapped on element 'Object Repository/Mobile/Page/Login/Button - Login'

2022-01-03 08:36:29 - [MESSAGE][WARNING] - Timeout '0' is invalid. Using default page load timeout: '60'

2022-01-03 08:36:30 - [MESSAGE][PASSED] - Tapped on element 'Object Repository/Mobile/Page/Login/Button - Login'

2022-01-03 08:36:30 - [TEST_STEP][PASSED] - delay(2): Delayed 2 second(s)

2022-01-03 08:36:32 - [MESSAGE][PASSED] - Delayed 2 second(s)

2022-01-03 08:36:32 - [TEST_STEP][PASSED] - break: null

2022-01-03 08:36:32 - [MESSAGE][PASSED] - Call Test Case 'Test Cases/Mobile/Page/Login/Login' successfully

2022-01-03 08:36:32 - [MESSAGE][PASSED] - Call Test Case 'Test Cases/Mobile/Page/CheckLogin' successfully

2022-01-03 08:36:32 - [TEST_STEP][PASSED] - tap(HOME_MenubarPortfolio, 0): Tapped on element 'Object Repository/Mobile/Page/Home/Menubar - Portfolio'

2022-01-03 08:36:32 - [MESSAGE][WARNING] - Timeout '0' is invalid. Using default page load timeout: '60'

2022-01-03 08:36:33 - [MESSAGE][PASSED] - Tapped on element 'Object Repository/Mobile/Page/Home/Menubar - Portfolio'

2022-01-03 08:36:33 - [TEST_STEP][PASSED] - delay(1): Delayed 1 second(s)

2022-01-03 08:36:34 - [MESSAGE][PASSED] - Delayed 1 second(s)

2022-01-03 08:36:34 - [TEST_STEP][PASSED] - for ([i = 0, i < 1, (i++)]): Delayed 3 second(s)

2022-01-03 08:36:34 - [TEST_STEP][PASSED] - if (tab == "summary"): Delayed 3 second(s)

2022-01-03 08:36:34 - [TEST_STEP][PASSED] - idr = PORT_BtnIDR: null

2022-01-03 08:36:34 - [TEST_STEP][PASSED] - persen = PORT_BtnPersen: null

2022-01-03 08:36:34 - [TEST_STEP][PASSED] - if (action == "summary"): null

2022-01-03 08:36:34 - [TEST_STEP][PASSED] - else if (action == "perf_daily"): null

2022-01-03 08:36:34 - [TEST_STEP][PASSED] - else if (action == "perf_month"): Tapped on element 'Object Repository/Mobile/Page/Portfolio/Tab - Summary Month to Date'

2022-01-03 08:36:34 - [TEST_STEP][PASSED] - scroll.scroll.scrollScreenBottomToTop(): scroll.scroll.scrollScreenBottomToTop is PASSED

2022-01-03 08:36:34 - [MESSAGE][PASSED] - Current device physical height is 1423

2022-01-03 08:36:34 - [MESSAGE][PASSED] - Current device physical width is 720

2022-01-03 08:36:36 - [MESSAGE][PASSED] - Swiped from 360,1,138 to 360,284

2022-01-03 08:36:36 - [MESSAGE][PASSED] - scroll.scroll.scrollScreenBottomToTop is PASSED

2022-01-03 08:36:36 - [TEST_STEP][PASSED] - delay(1): Delayed 1 second(s)

2022-01-03 08:36:37 - [MESSAGE][PASSED] - Delayed 1 second(s)

2022-01-03 08:36:37 - [TEST_STEP][PASSED] - tap(PORT_TabSummaryMonth, 0): Tapped on element 'Object Repository/Mobile/Page/Portfolio/Tab - Summary Month to Date'

2022-01-03 08:36:37 - [MESSAGE][WARNING] - Timeout '0' is invalid. Using default page load timeout: '60'

2022-01-03 08:36:37 - [MESSAGE][PASSED] - Tapped on element 'Object Repository/Mobile/Page/Portfolio/Tab - Summary Month to Date'

2022-01-03 08:36:37 - [TEST_STEP][PASSED] - if (action != "summary"): Delayed 3 second(s)

2022-01-03 08:36:37 - [TEST_STEP][PASSED] - delay(1): Delayed 1 second(s)

2022-01-03 08:36:38 - [MESSAGE][PASSED] - Delayed 1 second(s)

2022-01-03 08:36:38 - [TEST_STEP][PASSED] - scroll.scroll.scrollScreenBottomToTop(): scroll.scroll.scrollScreenBottomToTop is PASSED

2022-01-03 08:36:38 - [MESSAGE][PASSED] - Current device physical height is 1423

2022-01-03 08:36:39 - [MESSAGE][PASSED] - Current device physical width is 720

2022-01-03 08:36:40 - [MESSAGE][PASSED] - Swiped from 360,1,138 to 360,284

2022-01-03 08:36:40 - [MESSAGE][PASSED] - scroll.scroll.scrollScreenBottomToTop is PASSED

2022-01-03 08:36:40 - [TEST_STEP][PASSED] - delay(3): Delayed 3 second(s)

2022-01-03 08:36:43 - [MESSAGE][PASSED] - Delayed 3 second(s)

2022-01-03 08:36:43 - [TEST_STEP][PASSED] - if (action2 == "idr"): null

2022-01-03 08:36:43 - [TEST_STEP][PASSED] - else if (action2 == "persen"): Delayed 3 second(s)

2022-01-03 08:36:43 - [TEST_STEP][PASSED] - tap(persen, 10): Tapped on element 'Object Repository/Mobile/Page/Portfolio/Button - Persen'

2022-01-03 08:36:44 - [MESSAGE][PASSED] - Tapped on element 'Object Repository/Mobile/Page/Portfolio/Button - Persen'

2022-01-03 08:36:44 - [TEST_STEP][PASSED] - delay(3): Delayed 3 second(s)

2022-01-03 08:36:47 - [MESSAGE][PASSED] - Delayed 3 second(s)

2022-01-03 08:36:47 - [MESSAGE][PASSED] - Call Test Case 'Test Cases/Mobile/Page/Portfolio/Portfolio' successfully

2022-01-03 08:36:47 - [TEST_STEP][PASSED] - callTestCase(findTestCase("Mobile/Page/Run App/Terminate App"), [:], STOP_ON_FAILURE): Call Test Case 'Test Cases/Mobile/Page/Run App/Terminate App' successfully

2022-01-03 08:36:47 - [TEST_CASE][PASSED] - Test Cases/Mobile/Page/Run App/Terminate App: Test Cases/Mobile/Page/Run App/Terminate App

2022-01-03 08:36:47 - [TEST_STEP][PASSED] - startApp.OpenApp.terminateApplication(): startApp.OpenApp.terminateApplication is PASSED

2022-01-03 08:36:50 - [MESSAGE][PASSED] - Delayed 3 second(s)

2022-01-03 08:36:50 - [MESSAGE][PASSED] - Current device physical width is 720

2022-01-03 08:36:50 - [MESSAGE][PASSED] - Current device physical height is 1423

2022-01-03 08:36:52 - [MESSAGE][PASSED] - Swiped from 360,853 to 360,142

2022-01-03 08:36:53 - [MESSAGE][PASSED] - Delayed 1 second(s)

2022-01-03 08:36:54 - [MESSAGE][PASSED] - Swiped from 360,853 to 360,142

2022-01-03 08:36:57 - [MESSAGE][PASSED] - Delayed 3 second(s)

2022-01-03 08:36:57 - [MESSAGE][PASSED] - startApp.OpenApp.terminateApplication is PASSED

2022-01-03 08:36:57 - [MESSAGE][PASSED] - Call Test Case 'Test Cases/Mobile/Page/Run App/Terminate App' successfully]]></system-out>
         <system-err><![CDATA[]]></system-err>
      </testcase>
      <testcase name="Test Cases/Mobile/Scenario/Portfolio/008 - Portfolio Performance Quarter to Date Persen" time="64.164" classname="Test Cases/Mobile/Scenario/Portfolio/008 - Portfolio Performance Quarter to Date Persen" status="PASSED">
         <system-out><![CDATA[2022-01-03 08:36:57 - [TEST_CASE][PASSED] - Test Cases/Mobile/Scenario/Portfolio/008 - Portfolio Performance Quarter to Date Persen: Test Cases/Mobile/Scenario/Portfolio/008 - Portfolio Performance Quarter to Date Persen

2022-01-03 08:36:57 - [TEST_STEP][PASSED] - callTestCase(findTestCase("Mobile/Page/Run App/Run App byID"), [:], STOP_ON_FAILURE): Call Test Case 'Test Cases/Mobile/Page/Run App/Run App byID' successfully

2022-01-03 08:36:57 - [TEST_CASE][PASSED] - Test Cases/Mobile/Page/Run App/Run App byID: Test Cases/Mobile/Page/Run App/Run App byID

2022-01-03 08:36:57 - [TEST_STEP][PASSED] - startApp.OpenApp.startApplication("id.co.miraeasset.sageclub"): startApp.OpenApp.startApplication is PASSED

2022-01-03 08:37:12 - [MESSAGE][PASSED] - Starting app with application ID: 'id.co.miraeasset.sageclub'

2022-01-03 08:37:12 - [MESSAGE][PASSED] - startApp.OpenApp.startApplication is PASSED

2022-01-03 08:37:12 - [MESSAGE][PASSED] - Call Test Case 'Test Cases/Mobile/Page/Run App/Run App byID' successfully

2022-01-03 08:37:12 - [TEST_STEP][PASSED] - callTestCase(findTestCase("Mobile/Page/Portfolio/Portfolio"), ["tab":"summary", "action":"perf_quarter", "action2":"persen"], CONTINUE_ON_FAILURE): Call Test Case 'Test Cases/Mobile/Page/Portfolio/Portfolio' successfully

2022-01-03 08:37:12 - [TEST_CASE][PASSED] - Test Cases/Mobile/Page/Portfolio/Portfolio: Test Cases/Mobile/Page/Portfolio/Portfolio

2022-01-03 08:37:12 - [TEST_STEP][PASSED] - callTestCase(findTestCase("Mobile/Page/CheckLogin"), [:], CONTINUE_ON_FAILURE): Call Test Case 'Test Cases/Mobile/Page/CheckLogin' successfully

2022-01-03 08:37:12 - [TEST_CASE][PASSED] - Test Cases/Mobile/Page/CheckLogin: Test Cases/Mobile/Page/CheckLogin

2022-01-03 08:37:12 - [TEST_STEP][PASSED] - loginCheck = verifyElementExist(LOGN_BtnLogin, 5, CONTINUE_ON_FAILURE): Element 'Object Repository/Mobile/Page/Login/Button - Login' is exist

2022-01-03 08:37:14 - [MESSAGE][PASSED] - Element 'Object Repository/Mobile/Page/Login/Button - Login' is exist

2022-01-03 08:37:14 - [TEST_STEP][PASSED] - if (loginCheck): Call Test Case 'Test Cases/Mobile/Page/Login/Login' successfully

2022-01-03 08:37:14 - [TEST_STEP][PASSED] - callTestCase(findTestCase("Mobile/Page/Login/Login"), ["action":"username"], CONTINUE_ON_FAILURE): Call Test Case 'Test Cases/Mobile/Page/Login/Login' successfully

2022-01-03 08:37:14 - [TEST_CASE][PASSED] - Test Cases/Mobile/Page/Login/Login: Test Cases/Mobile/Page/Login/Login

2022-01-03 08:37:14 - [TEST_STEP][PASSED] - delay(2): Delayed 2 second(s)

2022-01-03 08:37:16 - [MESSAGE][PASSED] - Delayed 2 second(s)

2022-01-03 08:37:16 - [TEST_STEP][PASSED] - for ([i = 0, i < 1, (i++)]): null

2022-01-03 08:37:16 - [TEST_STEP][PASSED] - if (action == "username"): null

2022-01-03 08:37:16 - [TEST_STEP][PASSED] - tap(LOGN_EdtUserID, 0): Tapped on element 'Object Repository/Mobile/Page/Login/Input - UserID'

2022-01-03 08:37:16 - [MESSAGE][WARNING] - Timeout '0' is invalid. Using default page load timeout: '60'

2022-01-03 08:37:17 - [MESSAGE][PASSED] - Tapped on element 'Object Repository/Mobile/Page/Login/Input - UserID'

2022-01-03 08:37:17 - [TEST_STEP][PASSED] - delay(1): Delayed 1 second(s)

2022-01-03 08:37:18 - [MESSAGE][PASSED] - Delayed 1 second(s)

2022-01-03 08:37:18 - [TEST_STEP][PASSED] - setText(LOGN_EdtRdyUserID, "anggaaditya", 0): Text 'anggaaditya' has been set to element 'Object Repository/Mobile/Page/Login/Input Rdy - UserID'

2022-01-03 08:37:18 - [MESSAGE][WARNING] - Timeout '0' is invalid. Using default page load timeout: '60'

2022-01-03 08:37:18 - [MESSAGE][PASSED] - Text 'anggaaditya' has been set to element 'Object Repository/Mobile/Page/Login/Input Rdy - UserID'

2022-01-03 08:37:18 - [TEST_STEP][PASSED] - delay(1): Delayed 1 second(s)

2022-01-03 08:37:19 - [MESSAGE][PASSED] - Delayed 1 second(s)

2022-01-03 08:37:19 - [TEST_STEP][PASSED] - hideKeyboard(): Keyboard is hidden

2022-01-03 08:37:23 - [MESSAGE][PASSED] - Keyboard is hidden

2022-01-03 08:37:23 - [TEST_STEP][PASSED] - tap(LOGN_EdtPassword, 0): Tapped on element 'Object Repository/Mobile/Page/Login/Input - Password'

2022-01-03 08:37:23 - [MESSAGE][WARNING] - Timeout '0' is invalid. Using default page load timeout: '60'

2022-01-03 08:37:24 - [MESSAGE][PASSED] - Tapped on element 'Object Repository/Mobile/Page/Login/Input - Password'

2022-01-03 08:37:24 - [TEST_STEP][PASSED] - delay(1): Delayed 1 second(s)

2022-01-03 08:37:25 - [MESSAGE][PASSED] - Delayed 1 second(s)

2022-01-03 08:37:25 - [TEST_STEP][PASSED] - setText(LOGN_EdtRdyPassword, "Shalawa18", 0): Text 'Shalawa18' has been set to element 'Object Repository/Mobile/Page/Login/Input Rdy - Password'

2022-01-03 08:37:25 - [MESSAGE][WARNING] - Timeout '0' is invalid. Using default page load timeout: '60'

2022-01-03 08:37:25 - [MESSAGE][PASSED] - Text 'Shalawa18' has been set to element 'Object Repository/Mobile/Page/Login/Input Rdy - Password'

2022-01-03 08:37:25 - [TEST_STEP][PASSED] - delay(1): Delayed 1 second(s)

2022-01-03 08:37:26 - [MESSAGE][PASSED] - Delayed 1 second(s)

2022-01-03 08:37:26 - [TEST_STEP][PASSED] - hideKeyboard(): Keyboard is hidden

2022-01-03 08:37:33 - [MESSAGE][PASSED] - Keyboard is hidden

2022-01-03 08:37:33 - [TEST_STEP][PASSED] - tap(LOGN_BtnLogin, 0): Tapped on element 'Object Repository/Mobile/Page/Login/Button - Login'

2022-01-03 08:37:33 - [MESSAGE][WARNING] - Timeout '0' is invalid. Using default page load timeout: '60'

2022-01-03 08:37:34 - [MESSAGE][PASSED] - Tapped on element 'Object Repository/Mobile/Page/Login/Button - Login'

2022-01-03 08:37:34 - [TEST_STEP][PASSED] - delay(2): Delayed 2 second(s)

2022-01-03 08:37:36 - [MESSAGE][PASSED] - Delayed 2 second(s)

2022-01-03 08:37:36 - [TEST_STEP][PASSED] - break: null

2022-01-03 08:37:36 - [MESSAGE][PASSED] - Call Test Case 'Test Cases/Mobile/Page/Login/Login' successfully

2022-01-03 08:37:36 - [MESSAGE][PASSED] - Call Test Case 'Test Cases/Mobile/Page/CheckLogin' successfully

2022-01-03 08:37:36 - [TEST_STEP][PASSED] - tap(HOME_MenubarPortfolio, 0): Tapped on element 'Object Repository/Mobile/Page/Home/Menubar - Portfolio'

2022-01-03 08:37:36 - [MESSAGE][WARNING] - Timeout '0' is invalid. Using default page load timeout: '60'

2022-01-03 08:37:37 - [MESSAGE][PASSED] - Tapped on element 'Object Repository/Mobile/Page/Home/Menubar - Portfolio'

2022-01-03 08:37:37 - [TEST_STEP][PASSED] - delay(1): Delayed 1 second(s)

2022-01-03 08:37:38 - [MESSAGE][PASSED] - Delayed 1 second(s)

2022-01-03 08:37:38 - [TEST_STEP][PASSED] - for ([i = 0, i < 1, (i++)]): Delayed 3 second(s)

2022-01-03 08:37:38 - [TEST_STEP][PASSED] - if (tab == "summary"): Delayed 3 second(s)

2022-01-03 08:37:38 - [TEST_STEP][PASSED] - idr = PORT_BtnIDR: null

2022-01-03 08:37:38 - [TEST_STEP][PASSED] - persen = PORT_BtnPersen: null

2022-01-03 08:37:38 - [TEST_STEP][PASSED] - if (action == "summary"): null

2022-01-03 08:37:38 - [TEST_STEP][PASSED] - else if (action == "perf_daily"): null

2022-01-03 08:37:38 - [TEST_STEP][PASSED] - else if (action == "perf_month"): null

2022-01-03 08:37:38 - [TEST_STEP][PASSED] - else if (action == "perf_quarter"): Tapped on element 'Object Repository/Mobile/Page/Portfolio/Tab - Summary Quarter to Date'

2022-01-03 08:37:38 - [TEST_STEP][PASSED] - scroll.scroll.scrollScreenBottomToTop(): scroll.scroll.scrollScreenBottomToTop is PASSED

2022-01-03 08:37:38 - [MESSAGE][PASSED] - Current device physical height is 1423

2022-01-03 08:37:39 - [MESSAGE][PASSED] - Current device physical width is 720

2022-01-03 08:37:40 - [MESSAGE][PASSED] - Swiped from 360,1,138 to 360,284

2022-01-03 08:37:40 - [MESSAGE][PASSED] - scroll.scroll.scrollScreenBottomToTop is PASSED

2022-01-03 08:37:40 - [TEST_STEP][PASSED] - delay(1): Delayed 1 second(s)

2022-01-03 08:37:41 - [MESSAGE][PASSED] - Delayed 1 second(s)

2022-01-03 08:37:41 - [TEST_STEP][PASSED] - tap(PORT_TabSummaryQuarter, 0): Tapped on element 'Object Repository/Mobile/Page/Portfolio/Tab - Summary Quarter to Date'

2022-01-03 08:37:41 - [MESSAGE][WARNING] - Timeout '0' is invalid. Using default page load timeout: '60'

2022-01-03 08:37:41 - [MESSAGE][PASSED] - Tapped on element 'Object Repository/Mobile/Page/Portfolio/Tab - Summary Quarter to Date'

2022-01-03 08:37:41 - [TEST_STEP][PASSED] - if (action != "summary"): Delayed 3 second(s)

2022-01-03 08:37:41 - [TEST_STEP][PASSED] - delay(1): Delayed 1 second(s)

2022-01-03 08:37:42 - [MESSAGE][PASSED] - Delayed 1 second(s)

2022-01-03 08:37:42 - [TEST_STEP][PASSED] - scroll.scroll.scrollScreenBottomToTop(): scroll.scroll.scrollScreenBottomToTop is PASSED

2022-01-03 08:37:43 - [MESSAGE][PASSED] - Current device physical height is 1423

2022-01-03 08:37:43 - [MESSAGE][PASSED] - Current device physical width is 720

2022-01-03 08:37:44 - [MESSAGE][PASSED] - Swiped from 360,1,138 to 360,284

2022-01-03 08:37:44 - [MESSAGE][PASSED] - scroll.scroll.scrollScreenBottomToTop is PASSED

2022-01-03 08:37:44 - [TEST_STEP][PASSED] - delay(3): Delayed 3 second(s)

2022-01-03 08:37:47 - [MESSAGE][PASSED] - Delayed 3 second(s)

2022-01-03 08:37:47 - [TEST_STEP][PASSED] - if (action2 == "idr"): null

2022-01-03 08:37:47 - [TEST_STEP][PASSED] - else if (action2 == "persen"): Delayed 3 second(s)

2022-01-03 08:37:47 - [TEST_STEP][PASSED] - tap(persen, 10): Tapped on element 'Object Repository/Mobile/Page/Portfolio/Button - Persen'

2022-01-03 08:37:48 - [MESSAGE][PASSED] - Tapped on element 'Object Repository/Mobile/Page/Portfolio/Button - Persen'

2022-01-03 08:37:48 - [TEST_STEP][PASSED] - delay(3): Delayed 3 second(s)

2022-01-03 08:37:51 - [MESSAGE][PASSED] - Delayed 3 second(s)

2022-01-03 08:37:51 - [MESSAGE][PASSED] - Call Test Case 'Test Cases/Mobile/Page/Portfolio/Portfolio' successfully

2022-01-03 08:37:51 - [TEST_STEP][PASSED] - callTestCase(findTestCase("Mobile/Page/Run App/Terminate App"), [:], STOP_ON_FAILURE): Call Test Case 'Test Cases/Mobile/Page/Run App/Terminate App' successfully

2022-01-03 08:37:51 - [TEST_CASE][PASSED] - Test Cases/Mobile/Page/Run App/Terminate App: Test Cases/Mobile/Page/Run App/Terminate App

2022-01-03 08:37:51 - [TEST_STEP][PASSED] - startApp.OpenApp.terminateApplication(): startApp.OpenApp.terminateApplication is PASSED

2022-01-03 08:37:54 - [MESSAGE][PASSED] - Delayed 3 second(s)

2022-01-03 08:37:54 - [MESSAGE][PASSED] - Current device physical width is 720

2022-01-03 08:37:54 - [MESSAGE][PASSED] - Current device physical height is 1423

2022-01-03 08:37:56 - [MESSAGE][PASSED] - Swiped from 360,853 to 360,142

2022-01-03 08:37:57 - [MESSAGE][PASSED] - Delayed 1 second(s)

2022-01-03 08:37:58 - [MESSAGE][PASSED] - Swiped from 360,853 to 360,142

2022-01-03 08:38:01 - [MESSAGE][PASSED] - Delayed 3 second(s)

2022-01-03 08:38:01 - [MESSAGE][PASSED] - startApp.OpenApp.terminateApplication is PASSED

2022-01-03 08:38:01 - [MESSAGE][PASSED] - Call Test Case 'Test Cases/Mobile/Page/Run App/Terminate App' successfully]]></system-out>
         <system-err><![CDATA[]]></system-err>
      </testcase>
      <testcase name="Test Cases/Mobile/Scenario/Portfolio/009 - Portfolio Performance Year to Date Persen" time="62.631" classname="Test Cases/Mobile/Scenario/Portfolio/009 - Portfolio Performance Year to Date Persen" status="PASSED">
         <system-out><![CDATA[2022-01-03 08:38:01 - [TEST_CASE][PASSED] - Test Cases/Mobile/Scenario/Portfolio/009 - Portfolio Performance Year to Date Persen: Test Cases/Mobile/Scenario/Portfolio/009 - Portfolio Performance Year to Date Persen

2022-01-03 08:38:01 - [TEST_STEP][PASSED] - callTestCase(findTestCase("Mobile/Page/Run App/Run App byID"), [:], STOP_ON_FAILURE): Call Test Case 'Test Cases/Mobile/Page/Run App/Run App byID' successfully

2022-01-03 08:38:02 - [TEST_CASE][PASSED] - Test Cases/Mobile/Page/Run App/Run App byID: Test Cases/Mobile/Page/Run App/Run App byID

2022-01-03 08:38:02 - [TEST_STEP][PASSED] - startApp.OpenApp.startApplication("id.co.miraeasset.sageclub"): startApp.OpenApp.startApplication is PASSED

2022-01-03 08:38:15 - [MESSAGE][PASSED] - Starting app with application ID: 'id.co.miraeasset.sageclub'

2022-01-03 08:38:15 - [MESSAGE][PASSED] - startApp.OpenApp.startApplication is PASSED

2022-01-03 08:38:15 - [MESSAGE][PASSED] - Call Test Case 'Test Cases/Mobile/Page/Run App/Run App byID' successfully

2022-01-03 08:38:15 - [TEST_STEP][PASSED] - callTestCase(findTestCase("Mobile/Page/Portfolio/Portfolio"), ["tab":"summary", "action":"perf_year", "action2":"persen"], CONTINUE_ON_FAILURE): Call Test Case 'Test Cases/Mobile/Page/Portfolio/Portfolio' successfully

2022-01-03 08:38:15 - [TEST_CASE][PASSED] - Test Cases/Mobile/Page/Portfolio/Portfolio: Test Cases/Mobile/Page/Portfolio/Portfolio

2022-01-03 08:38:15 - [TEST_STEP][PASSED] - callTestCase(findTestCase("Mobile/Page/CheckLogin"), [:], CONTINUE_ON_FAILURE): Call Test Case 'Test Cases/Mobile/Page/CheckLogin' successfully

2022-01-03 08:38:15 - [TEST_CASE][PASSED] - Test Cases/Mobile/Page/CheckLogin: Test Cases/Mobile/Page/CheckLogin

2022-01-03 08:38:15 - [TEST_STEP][PASSED] - loginCheck = verifyElementExist(LOGN_BtnLogin, 5, CONTINUE_ON_FAILURE): Element 'Object Repository/Mobile/Page/Login/Button - Login' is exist

2022-01-03 08:38:17 - [MESSAGE][PASSED] - Element 'Object Repository/Mobile/Page/Login/Button - Login' is exist

2022-01-03 08:38:17 - [TEST_STEP][PASSED] - if (loginCheck): Call Test Case 'Test Cases/Mobile/Page/Login/Login' successfully

2022-01-03 08:38:17 - [TEST_STEP][PASSED] - callTestCase(findTestCase("Mobile/Page/Login/Login"), ["action":"username"], CONTINUE_ON_FAILURE): Call Test Case 'Test Cases/Mobile/Page/Login/Login' successfully

2022-01-03 08:38:17 - [TEST_CASE][PASSED] - Test Cases/Mobile/Page/Login/Login: Test Cases/Mobile/Page/Login/Login

2022-01-03 08:38:17 - [TEST_STEP][PASSED] - delay(2): Delayed 2 second(s)

2022-01-03 08:38:19 - [MESSAGE][PASSED] - Delayed 2 second(s)

2022-01-03 08:38:19 - [TEST_STEP][PASSED] - for ([i = 0, i < 1, (i++)]): null

2022-01-03 08:38:19 - [TEST_STEP][PASSED] - if (action == "username"): null

2022-01-03 08:38:19 - [TEST_STEP][PASSED] - tap(LOGN_EdtUserID, 0): Tapped on element 'Object Repository/Mobile/Page/Login/Input - UserID'

2022-01-03 08:38:19 - [MESSAGE][WARNING] - Timeout '0' is invalid. Using default page load timeout: '60'

2022-01-03 08:38:19 - [MESSAGE][PASSED] - Tapped on element 'Object Repository/Mobile/Page/Login/Input - UserID'

2022-01-03 08:38:19 - [TEST_STEP][PASSED] - delay(1): Delayed 1 second(s)

2022-01-03 08:38:20 - [MESSAGE][PASSED] - Delayed 1 second(s)

2022-01-03 08:38:20 - [TEST_STEP][PASSED] - setText(LOGN_EdtRdyUserID, "anggaaditya", 0): Text 'anggaaditya' has been set to element 'Object Repository/Mobile/Page/Login/Input Rdy - UserID'

2022-01-03 08:38:20 - [MESSAGE][WARNING] - Timeout '0' is invalid. Using default page load timeout: '60'

2022-01-03 08:38:22 - [MESSAGE][PASSED] - Text 'anggaaditya' has been set to element 'Object Repository/Mobile/Page/Login/Input Rdy - UserID'

2022-01-03 08:38:22 - [TEST_STEP][PASSED] - delay(1): Delayed 1 second(s)

2022-01-03 08:38:23 - [MESSAGE][PASSED] - Delayed 1 second(s)

2022-01-03 08:38:23 - [TEST_STEP][PASSED] - hideKeyboard(): Keyboard is hidden

2022-01-03 08:38:26 - [MESSAGE][PASSED] - Keyboard is hidden

2022-01-03 08:38:26 - [TEST_STEP][PASSED] - tap(LOGN_EdtPassword, 0): Tapped on element 'Object Repository/Mobile/Page/Login/Input - Password'

2022-01-03 08:38:26 - [MESSAGE][WARNING] - Timeout '0' is invalid. Using default page load timeout: '60'

2022-01-03 08:38:27 - [MESSAGE][PASSED] - Tapped on element 'Object Repository/Mobile/Page/Login/Input - Password'

2022-01-03 08:38:27 - [TEST_STEP][PASSED] - delay(1): Delayed 1 second(s)

2022-01-03 08:38:28 - [MESSAGE][PASSED] - Delayed 1 second(s)

2022-01-03 08:38:28 - [TEST_STEP][PASSED] - setText(LOGN_EdtRdyPassword, "Shalawa18", 0): Text 'Shalawa18' has been set to element 'Object Repository/Mobile/Page/Login/Input Rdy - Password'

2022-01-03 08:38:28 - [MESSAGE][WARNING] - Timeout '0' is invalid. Using default page load timeout: '60'

2022-01-03 08:38:29 - [MESSAGE][PASSED] - Text 'Shalawa18' has been set to element 'Object Repository/Mobile/Page/Login/Input Rdy - Password'

2022-01-03 08:38:29 - [TEST_STEP][PASSED] - delay(1): Delayed 1 second(s)

2022-01-03 08:38:30 - [MESSAGE][PASSED] - Delayed 1 second(s)

2022-01-03 08:38:30 - [TEST_STEP][PASSED] - hideKeyboard(): Keyboard is hidden

2022-01-03 08:38:36 - [MESSAGE][PASSED] - Keyboard is hidden

2022-01-03 08:38:36 - [TEST_STEP][PASSED] - tap(LOGN_BtnLogin, 0): Tapped on element 'Object Repository/Mobile/Page/Login/Button - Login'

2022-01-03 08:38:36 - [MESSAGE][WARNING] - Timeout '0' is invalid. Using default page load timeout: '60'

2022-01-03 08:38:37 - [MESSAGE][PASSED] - Tapped on element 'Object Repository/Mobile/Page/Login/Button - Login'

2022-01-03 08:38:37 - [TEST_STEP][PASSED] - delay(2): Delayed 2 second(s)

2022-01-03 08:38:39 - [MESSAGE][PASSED] - Delayed 2 second(s)

2022-01-03 08:38:39 - [TEST_STEP][PASSED] - break: null

2022-01-03 08:38:39 - [MESSAGE][PASSED] - Call Test Case 'Test Cases/Mobile/Page/Login/Login' successfully

2022-01-03 08:38:39 - [MESSAGE][PASSED] - Call Test Case 'Test Cases/Mobile/Page/CheckLogin' successfully

2022-01-03 08:38:39 - [TEST_STEP][PASSED] - tap(HOME_MenubarPortfolio, 0): Tapped on element 'Object Repository/Mobile/Page/Home/Menubar - Portfolio'

2022-01-03 08:38:39 - [MESSAGE][WARNING] - Timeout '0' is invalid. Using default page load timeout: '60'

2022-01-03 08:38:40 - [MESSAGE][PASSED] - Tapped on element 'Object Repository/Mobile/Page/Home/Menubar - Portfolio'

2022-01-03 08:38:40 - [TEST_STEP][PASSED] - delay(1): Delayed 1 second(s)

2022-01-03 08:38:41 - [MESSAGE][PASSED] - Delayed 1 second(s)

2022-01-03 08:38:41 - [TEST_STEP][PASSED] - for ([i = 0, i < 1, (i++)]): Delayed 3 second(s)

2022-01-03 08:38:41 - [TEST_STEP][PASSED] - if (tab == "summary"): Delayed 3 second(s)

2022-01-03 08:38:41 - [TEST_STEP][PASSED] - idr = PORT_BtnIDR: null

2022-01-03 08:38:41 - [TEST_STEP][PASSED] - persen = PORT_BtnPersen: null

2022-01-03 08:38:41 - [TEST_STEP][PASSED] - if (action == "summary"): null

2022-01-03 08:38:41 - [TEST_STEP][PASSED] - else if (action == "perf_daily"): null

2022-01-03 08:38:41 - [TEST_STEP][PASSED] - else if (action == "perf_month"): null

2022-01-03 08:38:41 - [TEST_STEP][PASSED] - else if (action == "perf_quarter"): null

2022-01-03 08:38:41 - [TEST_STEP][PASSED] - else if (action == "perf_year"): Tapped on element 'Object Repository/Mobile/Page/Portfolio/Tab - Summary Year to Date'

2022-01-03 08:38:41 - [TEST_STEP][PASSED] - scroll.scroll.scrollScreenBottomToTop(): scroll.scroll.scrollScreenBottomToTop is PASSED

2022-01-03 08:38:41 - [MESSAGE][PASSED] - Current device physical height is 1423

2022-01-03 08:38:41 - [MESSAGE][PASSED] - Current device physical width is 720

2022-01-03 08:38:43 - [MESSAGE][PASSED] - Swiped from 360,1,138 to 360,284

2022-01-03 08:38:43 - [MESSAGE][PASSED] - scroll.scroll.scrollScreenBottomToTop is PASSED

2022-01-03 08:38:43 - [TEST_STEP][PASSED] - delay(1): Delayed 1 second(s)

2022-01-03 08:38:44 - [MESSAGE][PASSED] - Delayed 1 second(s)

2022-01-03 08:38:44 - [TEST_STEP][PASSED] - tap(PORT_TabSummaryYear, 0): Tapped on element 'Object Repository/Mobile/Page/Portfolio/Tab - Summary Year to Date'

2022-01-03 08:38:44 - [MESSAGE][WARNING] - Timeout '0' is invalid. Using default page load timeout: '60'

2022-01-03 08:38:44 - [MESSAGE][PASSED] - Tapped on element 'Object Repository/Mobile/Page/Portfolio/Tab - Summary Year to Date'

2022-01-03 08:38:44 - [TEST_STEP][PASSED] - if (action != "summary"): Delayed 3 second(s)

2022-01-03 08:38:44 - [TEST_STEP][PASSED] - delay(1): Delayed 1 second(s)

2022-01-03 08:38:45 - [MESSAGE][PASSED] - Delayed 1 second(s)

2022-01-03 08:38:45 - [TEST_STEP][PASSED] - scroll.scroll.scrollScreenBottomToTop(): scroll.scroll.scrollScreenBottomToTop is PASSED

2022-01-03 08:38:45 - [MESSAGE][PASSED] - Current device physical height is 1423

2022-01-03 08:38:46 - [MESSAGE][PASSED] - Current device physical width is 720

2022-01-03 08:38:47 - [MESSAGE][PASSED] - Swiped from 360,1,138 to 360,284

2022-01-03 08:38:47 - [MESSAGE][PASSED] - scroll.scroll.scrollScreenBottomToTop is PASSED

2022-01-03 08:38:47 - [TEST_STEP][PASSED] - delay(3): Delayed 3 second(s)

2022-01-03 08:38:50 - [MESSAGE][PASSED] - Delayed 3 second(s)

2022-01-03 08:38:50 - [TEST_STEP][PASSED] - if (action2 == "idr"): null

2022-01-03 08:38:50 - [TEST_STEP][PASSED] - else if (action2 == "persen"): Delayed 3 second(s)

2022-01-03 08:38:50 - [TEST_STEP][PASSED] - tap(persen, 10): Tapped on element 'Object Repository/Mobile/Page/Portfolio/Button - Persen'

2022-01-03 08:38:50 - [MESSAGE][PASSED] - Tapped on element 'Object Repository/Mobile/Page/Portfolio/Button - Persen'

2022-01-03 08:38:50 - [TEST_STEP][PASSED] - delay(3): Delayed 3 second(s)

2022-01-03 08:38:53 - [MESSAGE][PASSED] - Delayed 3 second(s)

2022-01-03 08:38:53 - [MESSAGE][PASSED] - Call Test Case 'Test Cases/Mobile/Page/Portfolio/Portfolio' successfully

2022-01-03 08:38:53 - [TEST_STEP][PASSED] - callTestCase(findTestCase("Mobile/Page/Run App/Terminate App"), [:], STOP_ON_FAILURE): Call Test Case 'Test Cases/Mobile/Page/Run App/Terminate App' successfully

2022-01-03 08:38:53 - [TEST_CASE][PASSED] - Test Cases/Mobile/Page/Run App/Terminate App: Test Cases/Mobile/Page/Run App/Terminate App

2022-01-03 08:38:54 - [TEST_STEP][PASSED] - startApp.OpenApp.terminateApplication(): startApp.OpenApp.terminateApplication is PASSED

2022-01-03 08:38:57 - [MESSAGE][PASSED] - Delayed 3 second(s)

2022-01-03 08:38:57 - [MESSAGE][PASSED] - Current device physical width is 720

2022-01-03 08:38:57 - [MESSAGE][PASSED] - Current device physical height is 1423

2022-01-03 08:38:59 - [MESSAGE][PASSED] - Swiped from 360,853 to 360,142

2022-01-03 08:39:00 - [MESSAGE][PASSED] - Delayed 1 second(s)

2022-01-03 08:39:01 - [MESSAGE][PASSED] - Swiped from 360,853 to 360,142

2022-01-03 08:39:04 - [MESSAGE][PASSED] - Delayed 3 second(s)

2022-01-03 08:39:04 - [MESSAGE][PASSED] - startApp.OpenApp.terminateApplication is PASSED

2022-01-03 08:39:04 - [MESSAGE][PASSED] - Call Test Case 'Test Cases/Mobile/Page/Run App/Terminate App' successfully]]></system-out>
         <system-err><![CDATA[]]></system-err>
      </testcase>
      <testcase name="Test Cases/Mobile/Scenario/Portfolio/010 - Melihat list stock" time="56.082" classname="Test Cases/Mobile/Scenario/Portfolio/010 - Melihat list stock" status="PASSED">
         <system-out><![CDATA[2022-01-03 08:39:04 - [TEST_CASE][PASSED] - Test Cases/Mobile/Scenario/Portfolio/010 - Melihat list stock: Test Cases/Mobile/Scenario/Portfolio/010 - Melihat list stock

2022-01-03 08:39:04 - [TEST_STEP][PASSED] - callTestCase(findTestCase("Mobile/Page/Run App/Run App byID"), [:], STOP_ON_FAILURE): Call Test Case 'Test Cases/Mobile/Page/Run App/Run App byID' successfully

2022-01-03 08:39:04 - [TEST_CASE][PASSED] - Test Cases/Mobile/Page/Run App/Run App byID: Test Cases/Mobile/Page/Run App/Run App byID

2022-01-03 08:39:04 - [TEST_STEP][PASSED] - startApp.OpenApp.startApplication("id.co.miraeasset.sageclub"): startApp.OpenApp.startApplication is PASSED

2022-01-03 08:39:17 - [MESSAGE][PASSED] - Starting app with application ID: 'id.co.miraeasset.sageclub'

2022-01-03 08:39:17 - [MESSAGE][PASSED] - startApp.OpenApp.startApplication is PASSED

2022-01-03 08:39:17 - [MESSAGE][PASSED] - Call Test Case 'Test Cases/Mobile/Page/Run App/Run App byID' successfully

2022-01-03 08:39:17 - [TEST_STEP][PASSED] - callTestCase(findTestCase("Mobile/Page/Portfolio/Portfolio"), ["tab":"stock"], CONTINUE_ON_FAILURE): Call Test Case 'Test Cases/Mobile/Page/Portfolio/Portfolio' successfully

2022-01-03 08:39:17 - [TEST_CASE][PASSED] - Test Cases/Mobile/Page/Portfolio/Portfolio: Test Cases/Mobile/Page/Portfolio/Portfolio

2022-01-03 08:39:17 - [TEST_STEP][PASSED] - callTestCase(findTestCase("Mobile/Page/CheckLogin"), [:], CONTINUE_ON_FAILURE): Call Test Case 'Test Cases/Mobile/Page/CheckLogin' successfully

2022-01-03 08:39:17 - [TEST_CASE][PASSED] - Test Cases/Mobile/Page/CheckLogin: Test Cases/Mobile/Page/CheckLogin

2022-01-03 08:39:17 - [TEST_STEP][PASSED] - loginCheck = verifyElementExist(LOGN_BtnLogin, 5, CONTINUE_ON_FAILURE): Element 'Object Repository/Mobile/Page/Login/Button - Login' is exist

2022-01-03 08:39:20 - [MESSAGE][PASSED] - Element 'Object Repository/Mobile/Page/Login/Button - Login' is exist

2022-01-03 08:39:20 - [TEST_STEP][PASSED] - if (loginCheck): Call Test Case 'Test Cases/Mobile/Page/Login/Login' successfully

2022-01-03 08:39:20 - [TEST_STEP][PASSED] - callTestCase(findTestCase("Mobile/Page/Login/Login"), ["action":"username"], CONTINUE_ON_FAILURE): Call Test Case 'Test Cases/Mobile/Page/Login/Login' successfully

2022-01-03 08:39:20 - [TEST_CASE][PASSED] - Test Cases/Mobile/Page/Login/Login: Test Cases/Mobile/Page/Login/Login

2022-01-03 08:39:20 - [TEST_STEP][PASSED] - delay(2): Delayed 2 second(s)

2022-01-03 08:39:22 - [MESSAGE][PASSED] - Delayed 2 second(s)

2022-01-03 08:39:22 - [TEST_STEP][PASSED] - for ([i = 0, i < 1, (i++)]): null

2022-01-03 08:39:22 - [TEST_STEP][PASSED] - if (action == "username"): null

2022-01-03 08:39:22 - [TEST_STEP][PASSED] - tap(LOGN_EdtUserID, 0): Tapped on element 'Object Repository/Mobile/Page/Login/Input - UserID'

2022-01-03 08:39:22 - [MESSAGE][WARNING] - Timeout '0' is invalid. Using default page load timeout: '60'

2022-01-03 08:39:22 - [MESSAGE][PASSED] - Tapped on element 'Object Repository/Mobile/Page/Login/Input - UserID'

2022-01-03 08:39:22 - [TEST_STEP][PASSED] - delay(1): Delayed 1 second(s)

2022-01-03 08:39:23 - [MESSAGE][PASSED] - Delayed 1 second(s)

2022-01-03 08:39:23 - [TEST_STEP][PASSED] - setText(LOGN_EdtRdyUserID, "anggaaditya", 0): Text 'anggaaditya' has been set to element 'Object Repository/Mobile/Page/Login/Input Rdy - UserID'

2022-01-03 08:39:23 - [MESSAGE][WARNING] - Timeout '0' is invalid. Using default page load timeout: '60'

2022-01-03 08:39:24 - [MESSAGE][PASSED] - Text 'anggaaditya' has been set to element 'Object Repository/Mobile/Page/Login/Input Rdy - UserID'

2022-01-03 08:39:24 - [TEST_STEP][PASSED] - delay(1): Delayed 1 second(s)

2022-01-03 08:39:25 - [MESSAGE][PASSED] - Delayed 1 second(s)

2022-01-03 08:39:25 - [TEST_STEP][PASSED] - hideKeyboard(): Keyboard is hidden

2022-01-03 08:39:29 - [MESSAGE][PASSED] - Keyboard is hidden

2022-01-03 08:39:29 - [TEST_STEP][PASSED] - tap(LOGN_EdtPassword, 0): Tapped on element 'Object Repository/Mobile/Page/Login/Input - Password'

2022-01-03 08:39:29 - [MESSAGE][WARNING] - Timeout '0' is invalid. Using default page load timeout: '60'

2022-01-03 08:39:29 - [MESSAGE][PASSED] - Tapped on element 'Object Repository/Mobile/Page/Login/Input - Password'

2022-01-03 08:39:29 - [TEST_STEP][PASSED] - delay(1): Delayed 1 second(s)

2022-01-03 08:39:30 - [MESSAGE][PASSED] - Delayed 1 second(s)

2022-01-03 08:39:30 - [TEST_STEP][PASSED] - setText(LOGN_EdtRdyPassword, "Shalawa18", 0): Text 'Shalawa18' has been set to element 'Object Repository/Mobile/Page/Login/Input Rdy - Password'

2022-01-03 08:39:30 - [MESSAGE][WARNING] - Timeout '0' is invalid. Using default page load timeout: '60'

2022-01-03 08:39:31 - [MESSAGE][PASSED] - Text 'Shalawa18' has been set to element 'Object Repository/Mobile/Page/Login/Input Rdy - Password'

2022-01-03 08:39:31 - [TEST_STEP][PASSED] - delay(1): Delayed 1 second(s)

2022-01-03 08:39:32 - [MESSAGE][PASSED] - Delayed 1 second(s)

2022-01-03 08:39:32 - [TEST_STEP][PASSED] - hideKeyboard(): Keyboard is hidden

2022-01-03 08:39:38 - [MESSAGE][PASSED] - Keyboard is hidden

2022-01-03 08:39:38 - [TEST_STEP][PASSED] - tap(LOGN_BtnLogin, 0): Tapped on element 'Object Repository/Mobile/Page/Login/Button - Login'

2022-01-03 08:39:38 - [MESSAGE][WARNING] - Timeout '0' is invalid. Using default page load timeout: '60'

2022-01-03 08:39:39 - [MESSAGE][PASSED] - Tapped on element 'Object Repository/Mobile/Page/Login/Button - Login'

2022-01-03 08:39:39 - [TEST_STEP][PASSED] - delay(2): Delayed 2 second(s)

2022-01-03 08:39:41 - [MESSAGE][PASSED] - Delayed 2 second(s)

2022-01-03 08:39:41 - [TEST_STEP][PASSED] - break: null

2022-01-03 08:39:41 - [MESSAGE][PASSED] - Call Test Case 'Test Cases/Mobile/Page/Login/Login' successfully

2022-01-03 08:39:41 - [MESSAGE][PASSED] - Call Test Case 'Test Cases/Mobile/Page/CheckLogin' successfully

2022-01-03 08:39:41 - [TEST_STEP][PASSED] - tap(HOME_MenubarPortfolio, 0): Tapped on element 'Object Repository/Mobile/Page/Home/Menubar - Portfolio'

2022-01-03 08:39:41 - [MESSAGE][WARNING] - Timeout '0' is invalid. Using default page load timeout: '60'

2022-01-03 08:39:42 - [MESSAGE][PASSED] - Tapped on element 'Object Repository/Mobile/Page/Home/Menubar - Portfolio'

2022-01-03 08:39:42 - [TEST_STEP][PASSED] - delay(1): Delayed 1 second(s)

2022-01-03 08:39:43 - [MESSAGE][PASSED] - Delayed 1 second(s)

2022-01-03 08:39:43 - [TEST_STEP][PASSED] - for ([i = 0, i < 1, (i++)]): Delayed 3 second(s)

2022-01-03 08:39:43 - [TEST_STEP][PASSED] - if (tab == "summary"): null

2022-01-03 08:39:43 - [TEST_STEP][PASSED] - else if (tab == "stock"): Delayed 3 second(s)

2022-01-03 08:39:43 - [TEST_STEP][PASSED] - tap(PORT_TabStock, 0): Tapped on element 'Object Repository/Mobile/Page/Portfolio/Tab - Stock'

2022-01-03 08:39:43 - [MESSAGE][WARNING] - Timeout '0' is invalid. Using default page load timeout: '60'

2022-01-03 08:39:45 - [MESSAGE][PASSED] - Tapped on element 'Object Repository/Mobile/Page/Portfolio/Tab - Stock'

2022-01-03 08:39:45 - [TEST_STEP][PASSED] - scroll.scroll.scrollScreenBottomToTop(): scroll.scroll.scrollScreenBottomToTop is PASSED

2022-01-03 08:39:45 - [MESSAGE][PASSED] - Current device physical height is 1423

2022-01-03 08:39:45 - [MESSAGE][PASSED] - Current device physical width is 720

2022-01-03 08:39:46 - [MESSAGE][PASSED] - Swiped from 360,1,138 to 360,284

2022-01-03 08:39:47 - [MESSAGE][PASSED] - scroll.scroll.scrollScreenBottomToTop is PASSED

2022-01-03 08:39:47 - [TEST_STEP][PASSED] - delay(3): Delayed 3 second(s)

2022-01-03 08:39:50 - [MESSAGE][PASSED] - Delayed 3 second(s)

2022-01-03 08:39:50 - [MESSAGE][PASSED] - Call Test Case 'Test Cases/Mobile/Page/Portfolio/Portfolio' successfully

2022-01-03 08:39:50 - [TEST_STEP][PASSED] - callTestCase(findTestCase("Mobile/Page/Run App/Terminate App"), [:], STOP_ON_FAILURE): Call Test Case 'Test Cases/Mobile/Page/Run App/Terminate App' successfully

2022-01-03 08:39:50 - [TEST_CASE][PASSED] - Test Cases/Mobile/Page/Run App/Terminate App: Test Cases/Mobile/Page/Run App/Terminate App

2022-01-03 08:39:50 - [TEST_STEP][PASSED] - startApp.OpenApp.terminateApplication(): startApp.OpenApp.terminateApplication is PASSED

2022-01-03 08:39:53 - [MESSAGE][PASSED] - Delayed 3 second(s)

2022-01-03 08:39:53 - [MESSAGE][PASSED] - Current device physical width is 720

2022-01-03 08:39:53 - [MESSAGE][PASSED] - Current device physical height is 1423

2022-01-03 08:39:55 - [MESSAGE][PASSED] - Swiped from 360,853 to 360,142

2022-01-03 08:39:56 - [MESSAGE][PASSED] - Delayed 1 second(s)

2022-01-03 08:39:57 - [MESSAGE][PASSED] - Swiped from 360,853 to 360,142

2022-01-03 08:40:00 - [MESSAGE][PASSED] - Delayed 3 second(s)

2022-01-03 08:40:00 - [MESSAGE][PASSED] - startApp.OpenApp.terminateApplication is PASSED

2022-01-03 08:40:00 - [MESSAGE][PASSED] - Call Test Case 'Test Cases/Mobile/Page/Run App/Terminate App' successfully]]></system-out>
         <system-err><![CDATA[]]></system-err>
      </testcase>
      <testcase name="Test Cases/Mobile/Scenario/Portfolio/011 - Melihat list mutual fund" time="62.785" classname="Test Cases/Mobile/Scenario/Portfolio/011 - Melihat list mutual fund" status="PASSED">
         <system-out><![CDATA[2022-01-03 08:40:00 - [TEST_CASE][PASSED] - Test Cases/Mobile/Scenario/Portfolio/011 - Melihat list mutual fund: Test Cases/Mobile/Scenario/Portfolio/011 - Melihat list mutual fund

2022-01-03 08:40:00 - [TEST_STEP][PASSED] - callTestCase(findTestCase("Mobile/Page/Run App/Run App byID"), [:], STOP_ON_FAILURE): Call Test Case 'Test Cases/Mobile/Page/Run App/Run App byID' successfully

2022-01-03 08:40:00 - [TEST_CASE][PASSED] - Test Cases/Mobile/Page/Run App/Run App byID: Test Cases/Mobile/Page/Run App/Run App byID

2022-01-03 08:40:00 - [TEST_STEP][PASSED] - startApp.OpenApp.startApplication("id.co.miraeasset.sageclub"): startApp.OpenApp.startApplication is PASSED

2022-01-03 08:40:14 - [MESSAGE][PASSED] - Starting app with application ID: 'id.co.miraeasset.sageclub'

2022-01-03 08:40:14 - [MESSAGE][PASSED] - startApp.OpenApp.startApplication is PASSED

2022-01-03 08:40:14 - [MESSAGE][PASSED] - Call Test Case 'Test Cases/Mobile/Page/Run App/Run App byID' successfully

2022-01-03 08:40:14 - [TEST_STEP][PASSED] - callTestCase(findTestCase("Mobile/Page/Portfolio/Portfolio"), ["tab":"mutualfund", "action2":"none"], CONTINUE_ON_FAILURE): Call Test Case 'Test Cases/Mobile/Page/Portfolio/Portfolio' successfully

2022-01-03 08:40:14 - [TEST_CASE][PASSED] - Test Cases/Mobile/Page/Portfolio/Portfolio: Test Cases/Mobile/Page/Portfolio/Portfolio

2022-01-03 08:40:14 - [TEST_STEP][PASSED] - callTestCase(findTestCase("Mobile/Page/CheckLogin"), [:], CONTINUE_ON_FAILURE): Call Test Case 'Test Cases/Mobile/Page/CheckLogin' successfully

2022-01-03 08:40:14 - [TEST_CASE][PASSED] - Test Cases/Mobile/Page/CheckLogin: Test Cases/Mobile/Page/CheckLogin

2022-01-03 08:40:14 - [TEST_STEP][PASSED] - loginCheck = verifyElementExist(LOGN_BtnLogin, 5, CONTINUE_ON_FAILURE): Element 'Object Repository/Mobile/Page/Login/Button - Login' is exist

2022-01-03 08:40:16 - [MESSAGE][PASSED] - Element 'Object Repository/Mobile/Page/Login/Button - Login' is exist

2022-01-03 08:40:16 - [TEST_STEP][PASSED] - if (loginCheck): Call Test Case 'Test Cases/Mobile/Page/Login/Login' successfully

2022-01-03 08:40:16 - [TEST_STEP][PASSED] - callTestCase(findTestCase("Mobile/Page/Login/Login"), ["action":"username"], CONTINUE_ON_FAILURE): Call Test Case 'Test Cases/Mobile/Page/Login/Login' successfully

2022-01-03 08:40:16 - [TEST_CASE][PASSED] - Test Cases/Mobile/Page/Login/Login: Test Cases/Mobile/Page/Login/Login

2022-01-03 08:40:16 - [TEST_STEP][PASSED] - delay(2): Delayed 2 second(s)

2022-01-03 08:40:18 - [MESSAGE][PASSED] - Delayed 2 second(s)

2022-01-03 08:40:18 - [TEST_STEP][PASSED] - for ([i = 0, i < 1, (i++)]): null

2022-01-03 08:40:18 - [TEST_STEP][PASSED] - if (action == "username"): null

2022-01-03 08:40:18 - [TEST_STEP][PASSED] - tap(LOGN_EdtUserID, 0): Tapped on element 'Object Repository/Mobile/Page/Login/Input - UserID'

2022-01-03 08:40:18 - [MESSAGE][WARNING] - Timeout '0' is invalid. Using default page load timeout: '60'

2022-01-03 08:40:18 - [MESSAGE][PASSED] - Tapped on element 'Object Repository/Mobile/Page/Login/Input - UserID'

2022-01-03 08:40:18 - [TEST_STEP][PASSED] - delay(1): Delayed 1 second(s)

2022-01-03 08:40:19 - [MESSAGE][PASSED] - Delayed 1 second(s)

2022-01-03 08:40:19 - [TEST_STEP][PASSED] - setText(LOGN_EdtRdyUserID, "anggaaditya", 0): Text 'anggaaditya' has been set to element 'Object Repository/Mobile/Page/Login/Input Rdy - UserID'

2022-01-03 08:40:19 - [MESSAGE][WARNING] - Timeout '0' is invalid. Using default page load timeout: '60'

2022-01-03 08:40:20 - [MESSAGE][PASSED] - Text 'anggaaditya' has been set to element 'Object Repository/Mobile/Page/Login/Input Rdy - UserID'

2022-01-03 08:40:20 - [TEST_STEP][PASSED] - delay(1): Delayed 1 second(s)

2022-01-03 08:40:21 - [MESSAGE][PASSED] - Delayed 1 second(s)

2022-01-03 08:40:21 - [TEST_STEP][PASSED] - hideKeyboard(): Keyboard is hidden

2022-01-03 08:40:25 - [MESSAGE][PASSED] - Keyboard is hidden

2022-01-03 08:40:25 - [TEST_STEP][PASSED] - tap(LOGN_EdtPassword, 0): Tapped on element 'Object Repository/Mobile/Page/Login/Input - Password'

2022-01-03 08:40:25 - [MESSAGE][WARNING] - Timeout '0' is invalid. Using default page load timeout: '60'

2022-01-03 08:40:26 - [MESSAGE][PASSED] - Tapped on element 'Object Repository/Mobile/Page/Login/Input - Password'

2022-01-03 08:40:26 - [TEST_STEP][PASSED] - delay(1): Delayed 1 second(s)

2022-01-03 08:40:27 - [MESSAGE][PASSED] - Delayed 1 second(s)

2022-01-03 08:40:27 - [TEST_STEP][PASSED] - setText(LOGN_EdtRdyPassword, "Shalawa18", 0): Text 'Shalawa18' has been set to element 'Object Repository/Mobile/Page/Login/Input Rdy - Password'

2022-01-03 08:40:27 - [MESSAGE][WARNING] - Timeout '0' is invalid. Using default page load timeout: '60'

2022-01-03 08:40:28 - [MESSAGE][PASSED] - Text 'Shalawa18' has been set to element 'Object Repository/Mobile/Page/Login/Input Rdy - Password'

2022-01-03 08:40:28 - [TEST_STEP][PASSED] - delay(1): Delayed 1 second(s)

2022-01-03 08:40:29 - [MESSAGE][PASSED] - Delayed 1 second(s)

2022-01-03 08:40:29 - [TEST_STEP][PASSED] - hideKeyboard(): Keyboard is hidden

2022-01-03 08:40:35 - [MESSAGE][PASSED] - Keyboard is hidden

2022-01-03 08:40:35 - [TEST_STEP][PASSED] - tap(LOGN_BtnLogin, 0): Tapped on element 'Object Repository/Mobile/Page/Login/Button - Login'

2022-01-03 08:40:35 - [MESSAGE][WARNING] - Timeout '0' is invalid. Using default page load timeout: '60'

2022-01-03 08:40:36 - [MESSAGE][PASSED] - Tapped on element 'Object Repository/Mobile/Page/Login/Button - Login'

2022-01-03 08:40:36 - [TEST_STEP][PASSED] - delay(2): Delayed 2 second(s)

2022-01-03 08:40:38 - [MESSAGE][PASSED] - Delayed 2 second(s)

2022-01-03 08:40:38 - [TEST_STEP][PASSED] - break: null

2022-01-03 08:40:38 - [MESSAGE][PASSED] - Call Test Case 'Test Cases/Mobile/Page/Login/Login' successfully

2022-01-03 08:40:38 - [MESSAGE][PASSED] - Call Test Case 'Test Cases/Mobile/Page/CheckLogin' successfully

2022-01-03 08:40:38 - [TEST_STEP][PASSED] - tap(HOME_MenubarPortfolio, 0): Tapped on element 'Object Repository/Mobile/Page/Home/Menubar - Portfolio'

2022-01-03 08:40:38 - [MESSAGE][WARNING] - Timeout '0' is invalid. Using default page load timeout: '60'

2022-01-03 08:40:39 - [MESSAGE][PASSED] - Tapped on element 'Object Repository/Mobile/Page/Home/Menubar - Portfolio'

2022-01-03 08:40:39 - [TEST_STEP][PASSED] - delay(1): Delayed 1 second(s)

2022-01-03 08:40:40 - [MESSAGE][PASSED] - Delayed 1 second(s)

2022-01-03 08:40:40 - [TEST_STEP][PASSED] - for ([i = 0, i < 1, (i++)]): scroll.scroll.scrollScreenBottomToTop is PASSED

2022-01-03 08:40:40 - [TEST_STEP][PASSED] - if (tab == "summary"): null

2022-01-03 08:40:40 - [TEST_STEP][PASSED] - else if (tab == "stock"): null

2022-01-03 08:40:40 - [TEST_STEP][PASSED] - else if (tab == "mutualfund"): scroll.scroll.scrollScreenBottomToTop is PASSED

2022-01-03 08:40:40 - [TEST_STEP][PASSED] - tap(PORT_TabMutualFund, 0): Tapped on element 'Object Repository/Mobile/Page/Portfolio/Tab - Mutual Fund'

2022-01-03 08:40:40 - [MESSAGE][WARNING] - Timeout '0' is invalid. Using default page load timeout: '60'

2022-01-03 08:40:42 - [MESSAGE][PASSED] - Tapped on element 'Object Repository/Mobile/Page/Portfolio/Tab - Mutual Fund'

2022-01-03 08:40:42 - [TEST_STEP][PASSED] - delay(1): Delayed 1 second(s)

2022-01-03 08:40:43 - [MESSAGE][PASSED] - Delayed 1 second(s)

2022-01-03 08:40:43 - [TEST_STEP][PASSED] - try: scroll.scroll.scrollScreenBottomToTop is PASSED

2022-01-03 08:40:43 - [TEST_STEP][PASSED] - tapAndHold(PORT_ItemTopMutualFund, 1, 10): Tapped and held on element 'Object Repository/Mobile/Page/Portfolio/Item - Top Mutual Fund' with duration 1

2022-01-03 08:40:45 - [MESSAGE][PASSED] - Tapped and held on element 'Object Repository/Mobile/Page/Portfolio/Item - Top Mutual Fund' with duration 1

2022-01-03 08:40:45 - [TEST_STEP][PASSED] - delay(2): Delayed 2 second(s)

2022-01-03 08:40:48 - [MESSAGE][PASSED] - Delayed 2 second(s)

2022-01-03 08:40:48 - [TEST_STEP][PASSED] - switch (action2): null

2022-01-03 08:40:48 - [TEST_STEP][PASSED] - delay(3): Delayed 3 second(s)

2022-01-03 08:40:51 - [MESSAGE][PASSED] - Delayed 3 second(s)

2022-01-03 08:40:51 - [TEST_STEP][PASSED] - scroll.scroll.scrollScreenBottomToTop(): scroll.scroll.scrollScreenBottomToTop is PASSED

2022-01-03 08:40:51 - [MESSAGE][PASSED] - Current device physical height is 1423

2022-01-03 08:40:51 - [MESSAGE][PASSED] - Current device physical width is 720

2022-01-03 08:40:52 - [MESSAGE][PASSED] - Swiped from 360,1,138 to 360,284

2022-01-03 08:40:52 - [MESSAGE][PASSED] - scroll.scroll.scrollScreenBottomToTop is PASSED

2022-01-03 08:40:52 - [MESSAGE][PASSED] - Call Test Case 'Test Cases/Mobile/Page/Portfolio/Portfolio' successfully

2022-01-03 08:40:52 - [TEST_STEP][PASSED] - callTestCase(findTestCase("Mobile/Page/Run App/Terminate App"), [:], STOP_ON_FAILURE): Call Test Case 'Test Cases/Mobile/Page/Run App/Terminate App' successfully

2022-01-03 08:40:52 - [TEST_CASE][PASSED] - Test Cases/Mobile/Page/Run App/Terminate App: Test Cases/Mobile/Page/Run App/Terminate App

2022-01-03 08:40:52 - [TEST_STEP][PASSED] - startApp.OpenApp.terminateApplication(): startApp.OpenApp.terminateApplication is PASSED

2022-01-03 08:40:55 - [MESSAGE][PASSED] - Delayed 3 second(s)

2022-01-03 08:40:56 - [MESSAGE][PASSED] - Current device physical width is 720

2022-01-03 08:40:56 - [MESSAGE][PASSED] - Current device physical height is 1423

2022-01-03 08:40:57 - [MESSAGE][PASSED] - Swiped from 360,853 to 360,142

2022-01-03 08:40:58 - [MESSAGE][PASSED] - Delayed 1 second(s)

2022-01-03 08:41:00 - [MESSAGE][PASSED] - Swiped from 360,853 to 360,142

2022-01-03 08:41:03 - [MESSAGE][PASSED] - Delayed 3 second(s)

2022-01-03 08:41:03 - [MESSAGE][PASSED] - startApp.OpenApp.terminateApplication is PASSED

2022-01-03 08:41:03 - [MESSAGE][PASSED] - Call Test Case 'Test Cases/Mobile/Page/Run App/Terminate App' successfully]]></system-out>
         <system-err><![CDATA[]]></system-err>
      </testcase>
      <testcase name="Test Cases/Mobile/Scenario/Portfolio/012 - Melihat list bond" time="59.652" classname="Test Cases/Mobile/Scenario/Portfolio/012 - Melihat list bond" status="PASSED">
         <system-out><![CDATA[2022-01-03 08:41:03 - [TEST_CASE][PASSED] - Test Cases/Mobile/Scenario/Portfolio/012 - Melihat list bond: Test Cases/Mobile/Scenario/Portfolio/012 - Melihat list bond

2022-01-03 08:41:03 - [TEST_STEP][PASSED] - callTestCase(findTestCase("Mobile/Page/Run App/Run App byID"), [:], STOP_ON_FAILURE): Call Test Case 'Test Cases/Mobile/Page/Run App/Run App byID' successfully

2022-01-03 08:41:03 - [TEST_CASE][PASSED] - Test Cases/Mobile/Page/Run App/Run App byID: Test Cases/Mobile/Page/Run App/Run App byID

2022-01-03 08:41:03 - [TEST_STEP][PASSED] - startApp.OpenApp.startApplication("id.co.miraeasset.sageclub"): startApp.OpenApp.startApplication is PASSED

2022-01-03 08:41:18 - [MESSAGE][PASSED] - Starting app with application ID: 'id.co.miraeasset.sageclub'

2022-01-03 08:41:18 - [MESSAGE][PASSED] - startApp.OpenApp.startApplication is PASSED

2022-01-03 08:41:18 - [MESSAGE][PASSED] - Call Test Case 'Test Cases/Mobile/Page/Run App/Run App byID' successfully

2022-01-03 08:41:18 - [TEST_STEP][PASSED] - callTestCase(findTestCase("Mobile/Page/Portfolio/Portfolio"), ["tab":"stock", "action":"none"], CONTINUE_ON_FAILURE): Call Test Case 'Test Cases/Mobile/Page/Portfolio/Portfolio' successfully

2022-01-03 08:41:18 - [TEST_CASE][PASSED] - Test Cases/Mobile/Page/Portfolio/Portfolio: Test Cases/Mobile/Page/Portfolio/Portfolio

2022-01-03 08:41:18 - [TEST_STEP][PASSED] - callTestCase(findTestCase("Mobile/Page/CheckLogin"), [:], CONTINUE_ON_FAILURE): Call Test Case 'Test Cases/Mobile/Page/CheckLogin' successfully

2022-01-03 08:41:18 - [TEST_CASE][PASSED] - Test Cases/Mobile/Page/CheckLogin: Test Cases/Mobile/Page/CheckLogin

2022-01-03 08:41:18 - [TEST_STEP][PASSED] - loginCheck = verifyElementExist(LOGN_BtnLogin, 5, CONTINUE_ON_FAILURE): Element 'Object Repository/Mobile/Page/Login/Button - Login' is exist

2022-01-03 08:41:20 - [MESSAGE][PASSED] - Element 'Object Repository/Mobile/Page/Login/Button - Login' is exist

2022-01-03 08:41:20 - [TEST_STEP][PASSED] - if (loginCheck): Call Test Case 'Test Cases/Mobile/Page/Login/Login' successfully

2022-01-03 08:41:20 - [TEST_STEP][PASSED] - callTestCase(findTestCase("Mobile/Page/Login/Login"), ["action":"username"], CONTINUE_ON_FAILURE): Call Test Case 'Test Cases/Mobile/Page/Login/Login' successfully

2022-01-03 08:41:20 - [TEST_CASE][PASSED] - Test Cases/Mobile/Page/Login/Login: Test Cases/Mobile/Page/Login/Login

2022-01-03 08:41:20 - [TEST_STEP][PASSED] - delay(2): Delayed 2 second(s)

2022-01-03 08:41:22 - [MESSAGE][PASSED] - Delayed 2 second(s)

2022-01-03 08:41:22 - [TEST_STEP][PASSED] - for ([i = 0, i < 1, (i++)]): null

2022-01-03 08:41:22 - [TEST_STEP][PASSED] - if (action == "username"): null

2022-01-03 08:41:22 - [TEST_STEP][PASSED] - tap(LOGN_EdtUserID, 0): Tapped on element 'Object Repository/Mobile/Page/Login/Input - UserID'

2022-01-03 08:41:22 - [MESSAGE][WARNING] - Timeout '0' is invalid. Using default page load timeout: '60'

2022-01-03 08:41:22 - [MESSAGE][PASSED] - Tapped on element 'Object Repository/Mobile/Page/Login/Input - UserID'

2022-01-03 08:41:22 - [TEST_STEP][PASSED] - delay(1): Delayed 1 second(s)

2022-01-03 08:41:24 - [MESSAGE][PASSED] - Delayed 1 second(s)

2022-01-03 08:41:24 - [TEST_STEP][PASSED] - setText(LOGN_EdtRdyUserID, "anggaaditya", 0): Text 'anggaaditya' has been set to element 'Object Repository/Mobile/Page/Login/Input Rdy - UserID'

2022-01-03 08:41:24 - [MESSAGE][WARNING] - Timeout '0' is invalid. Using default page load timeout: '60'

2022-01-03 08:41:24 - [MESSAGE][PASSED] - Text 'anggaaditya' has been set to element 'Object Repository/Mobile/Page/Login/Input Rdy - UserID'

2022-01-03 08:41:24 - [TEST_STEP][PASSED] - delay(1): Delayed 1 second(s)

2022-01-03 08:41:25 - [MESSAGE][PASSED] - Delayed 1 second(s)

2022-01-03 08:41:25 - [TEST_STEP][PASSED] - hideKeyboard(): Keyboard is hidden

2022-01-03 08:41:30 - [MESSAGE][PASSED] - Keyboard is hidden

2022-01-03 08:41:30 - [TEST_STEP][PASSED] - tap(LOGN_EdtPassword, 0): Tapped on element 'Object Repository/Mobile/Page/Login/Input - Password'

2022-01-03 08:41:30 - [MESSAGE][WARNING] - Timeout '0' is invalid. Using default page load timeout: '60'

2022-01-03 08:41:30 - [MESSAGE][PASSED] - Tapped on element 'Object Repository/Mobile/Page/Login/Input - Password'

2022-01-03 08:41:30 - [TEST_STEP][PASSED] - delay(1): Delayed 1 second(s)

2022-01-03 08:41:31 - [MESSAGE][PASSED] - Delayed 1 second(s)

2022-01-03 08:41:31 - [TEST_STEP][PASSED] - setText(LOGN_EdtRdyPassword, "Shalawa18", 0): Text 'Shalawa18' has been set to element 'Object Repository/Mobile/Page/Login/Input Rdy - Password'

2022-01-03 08:41:31 - [MESSAGE][WARNING] - Timeout '0' is invalid. Using default page load timeout: '60'

2022-01-03 08:41:32 - [MESSAGE][PASSED] - Text 'Shalawa18' has been set to element 'Object Repository/Mobile/Page/Login/Input Rdy - Password'

2022-01-03 08:41:32 - [TEST_STEP][PASSED] - delay(1): Delayed 1 second(s)

2022-01-03 08:41:33 - [MESSAGE][PASSED] - Delayed 1 second(s)

2022-01-03 08:41:33 - [TEST_STEP][PASSED] - hideKeyboard(): Keyboard is hidden

2022-01-03 08:41:41 - [MESSAGE][PASSED] - Keyboard is hidden

2022-01-03 08:41:41 - [TEST_STEP][PASSED] - tap(LOGN_BtnLogin, 0): Tapped on element 'Object Repository/Mobile/Page/Login/Button - Login'

2022-01-03 08:41:41 - [MESSAGE][WARNING] - Timeout '0' is invalid. Using default page load timeout: '60'

2022-01-03 08:41:42 - [MESSAGE][PASSED] - Tapped on element 'Object Repository/Mobile/Page/Login/Button - Login'

2022-01-03 08:41:42 - [TEST_STEP][PASSED] - delay(2): Delayed 2 second(s)

2022-01-03 08:41:44 - [MESSAGE][PASSED] - Delayed 2 second(s)

2022-01-03 08:41:44 - [TEST_STEP][PASSED] - break: null

2022-01-03 08:41:44 - [MESSAGE][PASSED] - Call Test Case 'Test Cases/Mobile/Page/Login/Login' successfully

2022-01-03 08:41:44 - [MESSAGE][PASSED] - Call Test Case 'Test Cases/Mobile/Page/CheckLogin' successfully

2022-01-03 08:41:44 - [TEST_STEP][PASSED] - tap(HOME_MenubarPortfolio, 0): Tapped on element 'Object Repository/Mobile/Page/Home/Menubar - Portfolio'

2022-01-03 08:41:44 - [MESSAGE][WARNING] - Timeout '0' is invalid. Using default page load timeout: '60'

2022-01-03 08:41:46 - [MESSAGE][PASSED] - Tapped on element 'Object Repository/Mobile/Page/Home/Menubar - Portfolio'

2022-01-03 08:41:46 - [TEST_STEP][PASSED] - delay(1): Delayed 1 second(s)

2022-01-03 08:41:47 - [MESSAGE][PASSED] - Delayed 1 second(s)

2022-01-03 08:41:47 - [TEST_STEP][PASSED] - for ([i = 0, i < 1, (i++)]): Delayed 3 second(s)

2022-01-03 08:41:47 - [TEST_STEP][PASSED] - if (tab == "summary"): null

2022-01-03 08:41:47 - [TEST_STEP][PASSED] - else if (tab == "stock"): Delayed 3 second(s)

2022-01-03 08:41:47 - [TEST_STEP][PASSED] - tap(PORT_TabStock, 0): Tapped on element 'Object Repository/Mobile/Page/Portfolio/Tab - Stock'

2022-01-03 08:41:47 - [MESSAGE][WARNING] - Timeout '0' is invalid. Using default page load timeout: '60'

2022-01-03 08:41:47 - [MESSAGE][PASSED] - Tapped on element 'Object Repository/Mobile/Page/Portfolio/Tab - Stock'

2022-01-03 08:41:47 - [TEST_STEP][PASSED] - scroll.scroll.scrollScreenBottomToTop(): scroll.scroll.scrollScreenBottomToTop is PASSED

2022-01-03 08:41:48 - [MESSAGE][PASSED] - Current device physical height is 1423

2022-01-03 08:41:48 - [MESSAGE][PASSED] - Current device physical width is 720

2022-01-03 08:41:49 - [MESSAGE][PASSED] - Swiped from 360,1,138 to 360,284

2022-01-03 08:41:49 - [MESSAGE][PASSED] - scroll.scroll.scrollScreenBottomToTop is PASSED

2022-01-03 08:41:49 - [TEST_STEP][PASSED] - delay(3): Delayed 3 second(s)

2022-01-03 08:41:52 - [MESSAGE][PASSED] - Delayed 3 second(s)

2022-01-03 08:41:52 - [MESSAGE][PASSED] - Call Test Case 'Test Cases/Mobile/Page/Portfolio/Portfolio' successfully

2022-01-03 08:41:52 - [TEST_STEP][PASSED] - callTestCase(findTestCase("Mobile/Page/Run App/Terminate App"), [:], STOP_ON_FAILURE): Call Test Case 'Test Cases/Mobile/Page/Run App/Terminate App' successfully

2022-01-03 08:41:52 - [TEST_CASE][PASSED] - Test Cases/Mobile/Page/Run App/Terminate App: Test Cases/Mobile/Page/Run App/Terminate App

2022-01-03 08:41:52 - [TEST_STEP][PASSED] - startApp.OpenApp.terminateApplication(): startApp.OpenApp.terminateApplication is PASSED

2022-01-03 08:41:55 - [MESSAGE][PASSED] - Delayed 3 second(s)

2022-01-03 08:41:55 - [MESSAGE][PASSED] - Current device physical width is 720

2022-01-03 08:41:56 - [MESSAGE][PASSED] - Current device physical height is 1423

2022-01-03 08:41:57 - [MESSAGE][PASSED] - Swiped from 360,853 to 360,142

2022-01-03 08:41:58 - [MESSAGE][PASSED] - Delayed 1 second(s)

2022-01-03 08:41:59 - [MESSAGE][PASSED] - Swiped from 360,853 to 360,142

2022-01-03 08:42:02 - [MESSAGE][PASSED] - Delayed 3 second(s)

2022-01-03 08:42:02 - [MESSAGE][PASSED] - startApp.OpenApp.terminateApplication is PASSED

2022-01-03 08:42:02 - [MESSAGE][PASSED] - Call Test Case 'Test Cases/Mobile/Page/Run App/Terminate App' successfully]]></system-out>
         <system-err><![CDATA[]]></system-err>
      </testcase>
      <testcase name="Test Cases/Mobile/Scenario/Portfolio/013 - Melihat detail mutual fund 1 month" time="68.066" classname="Test Cases/Mobile/Scenario/Portfolio/013 - Melihat detail mutual fund 1 month" status="PASSED">
         <system-out><![CDATA[2022-01-03 08:42:02 - [TEST_CASE][PASSED] - Test Cases/Mobile/Scenario/Portfolio/013 - Melihat detail mutual fund 1 month: Test Cases/Mobile/Scenario/Portfolio/013 - Melihat detail mutual fund 1 month

2022-01-03 08:42:03 - [TEST_STEP][PASSED] - callTestCase(findTestCase("Mobile/Page/Run App/Run App byID"), [:], STOP_ON_FAILURE): Call Test Case 'Test Cases/Mobile/Page/Run App/Run App byID' successfully

2022-01-03 08:42:03 - [TEST_CASE][PASSED] - Test Cases/Mobile/Page/Run App/Run App byID: Test Cases/Mobile/Page/Run App/Run App byID

2022-01-03 08:42:03 - [TEST_STEP][PASSED] - startApp.OpenApp.startApplication("id.co.miraeasset.sageclub"): startApp.OpenApp.startApplication is PASSED

2022-01-03 08:42:16 - [MESSAGE][PASSED] - Starting app with application ID: 'id.co.miraeasset.sageclub'

2022-01-03 08:42:16 - [MESSAGE][PASSED] - startApp.OpenApp.startApplication is PASSED

2022-01-03 08:42:16 - [MESSAGE][PASSED] - Call Test Case 'Test Cases/Mobile/Page/Run App/Run App byID' successfully

2022-01-03 08:42:16 - [TEST_STEP][PASSED] - callTestCase(findTestCase("Mobile/Page/Portfolio/Portfolio"), ["tab":"mutualfund", "action2":"1 month"], CONTINUE_ON_FAILURE): Call Test Case 'Test Cases/Mobile/Page/Portfolio/Portfolio' successfully

2022-01-03 08:42:16 - [TEST_CASE][PASSED] - Test Cases/Mobile/Page/Portfolio/Portfolio: Test Cases/Mobile/Page/Portfolio/Portfolio

2022-01-03 08:42:16 - [TEST_STEP][PASSED] - callTestCase(findTestCase("Mobile/Page/CheckLogin"), [:], CONTINUE_ON_FAILURE): Call Test Case 'Test Cases/Mobile/Page/CheckLogin' successfully

2022-01-03 08:42:16 - [TEST_CASE][PASSED] - Test Cases/Mobile/Page/CheckLogin: Test Cases/Mobile/Page/CheckLogin

2022-01-03 08:42:16 - [TEST_STEP][PASSED] - loginCheck = verifyElementExist(LOGN_BtnLogin, 5, CONTINUE_ON_FAILURE): Element 'Object Repository/Mobile/Page/Login/Button - Login' is exist

2022-01-03 08:42:18 - [MESSAGE][PASSED] - Element 'Object Repository/Mobile/Page/Login/Button - Login' is exist

2022-01-03 08:42:18 - [TEST_STEP][PASSED] - if (loginCheck): Call Test Case 'Test Cases/Mobile/Page/Login/Login' successfully

2022-01-03 08:42:18 - [TEST_STEP][PASSED] - callTestCase(findTestCase("Mobile/Page/Login/Login"), ["action":"username"], CONTINUE_ON_FAILURE): Call Test Case 'Test Cases/Mobile/Page/Login/Login' successfully

2022-01-03 08:42:18 - [TEST_CASE][PASSED] - Test Cases/Mobile/Page/Login/Login: Test Cases/Mobile/Page/Login/Login

2022-01-03 08:42:18 - [TEST_STEP][PASSED] - delay(2): Delayed 2 second(s)

2022-01-03 08:42:20 - [MESSAGE][PASSED] - Delayed 2 second(s)

2022-01-03 08:42:20 - [TEST_STEP][PASSED] - for ([i = 0, i < 1, (i++)]): null

2022-01-03 08:42:20 - [TEST_STEP][PASSED] - if (action == "username"): null

2022-01-03 08:42:20 - [TEST_STEP][PASSED] - tap(LOGN_EdtUserID, 0): Tapped on element 'Object Repository/Mobile/Page/Login/Input - UserID'

2022-01-03 08:42:20 - [MESSAGE][WARNING] - Timeout '0' is invalid. Using default page load timeout: '60'

2022-01-03 08:42:21 - [MESSAGE][PASSED] - Tapped on element 'Object Repository/Mobile/Page/Login/Input - UserID'

2022-01-03 08:42:21 - [TEST_STEP][PASSED] - delay(1): Delayed 1 second(s)

2022-01-03 08:42:22 - [MESSAGE][PASSED] - Delayed 1 second(s)

2022-01-03 08:42:22 - [TEST_STEP][PASSED] - setText(LOGN_EdtRdyUserID, "anggaaditya", 0): Text 'anggaaditya' has been set to element 'Object Repository/Mobile/Page/Login/Input Rdy - UserID'

2022-01-03 08:42:22 - [MESSAGE][WARNING] - Timeout '0' is invalid. Using default page load timeout: '60'

2022-01-03 08:42:23 - [MESSAGE][PASSED] - Text 'anggaaditya' has been set to element 'Object Repository/Mobile/Page/Login/Input Rdy - UserID'

2022-01-03 08:42:23 - [TEST_STEP][PASSED] - delay(1): Delayed 1 second(s)

2022-01-03 08:42:24 - [MESSAGE][PASSED] - Delayed 1 second(s)

2022-01-03 08:42:24 - [TEST_STEP][PASSED] - hideKeyboard(): Keyboard is hidden

2022-01-03 08:42:29 - [MESSAGE][PASSED] - Keyboard is hidden

2022-01-03 08:42:29 - [TEST_STEP][PASSED] - tap(LOGN_EdtPassword, 0): Tapped on element 'Object Repository/Mobile/Page/Login/Input - Password'

2022-01-03 08:42:29 - [MESSAGE][WARNING] - Timeout '0' is invalid. Using default page load timeout: '60'

2022-01-03 08:42:29 - [MESSAGE][PASSED] - Tapped on element 'Object Repository/Mobile/Page/Login/Input - Password'

2022-01-03 08:42:29 - [TEST_STEP][PASSED] - delay(1): Delayed 1 second(s)

2022-01-03 08:42:30 - [MESSAGE][PASSED] - Delayed 1 second(s)

2022-01-03 08:42:30 - [TEST_STEP][PASSED] - setText(LOGN_EdtRdyPassword, "Shalawa18", 0): Text 'Shalawa18' has been set to element 'Object Repository/Mobile/Page/Login/Input Rdy - Password'

2022-01-03 08:42:30 - [MESSAGE][WARNING] - Timeout '0' is invalid. Using default page load timeout: '60'

2022-01-03 08:42:31 - [MESSAGE][PASSED] - Text 'Shalawa18' has been set to element 'Object Repository/Mobile/Page/Login/Input Rdy - Password'

2022-01-03 08:42:31 - [TEST_STEP][PASSED] - delay(1): Delayed 1 second(s)

2022-01-03 08:42:32 - [MESSAGE][PASSED] - Delayed 1 second(s)

2022-01-03 08:42:32 - [TEST_STEP][PASSED] - hideKeyboard(): Keyboard is hidden

2022-01-03 08:42:40 - [MESSAGE][PASSED] - Keyboard is hidden

2022-01-03 08:42:40 - [TEST_STEP][PASSED] - tap(LOGN_BtnLogin, 0): Tapped on element 'Object Repository/Mobile/Page/Login/Button - Login'

2022-01-03 08:42:40 - [MESSAGE][WARNING] - Timeout '0' is invalid. Using default page load timeout: '60'

2022-01-03 08:42:41 - [MESSAGE][PASSED] - Tapped on element 'Object Repository/Mobile/Page/Login/Button - Login'

2022-01-03 08:42:41 - [TEST_STEP][PASSED] - delay(2): Delayed 2 second(s)

2022-01-03 08:42:43 - [MESSAGE][PASSED] - Delayed 2 second(s)

2022-01-03 08:42:43 - [TEST_STEP][PASSED] - break: null

2022-01-03 08:42:43 - [MESSAGE][PASSED] - Call Test Case 'Test Cases/Mobile/Page/Login/Login' successfully

2022-01-03 08:42:43 - [MESSAGE][PASSED] - Call Test Case 'Test Cases/Mobile/Page/CheckLogin' successfully

2022-01-03 08:42:43 - [TEST_STEP][PASSED] - tap(HOME_MenubarPortfolio, 0): Tapped on element 'Object Repository/Mobile/Page/Home/Menubar - Portfolio'

2022-01-03 08:42:43 - [MESSAGE][WARNING] - Timeout '0' is invalid. Using default page load timeout: '60'

2022-01-03 08:42:44 - [MESSAGE][PASSED] - Tapped on element 'Object Repository/Mobile/Page/Home/Menubar - Portfolio'

2022-01-03 08:42:44 - [TEST_STEP][PASSED] - delay(1): Delayed 1 second(s)

2022-01-03 08:42:45 - [MESSAGE][PASSED] - Delayed 1 second(s)

2022-01-03 08:42:45 - [TEST_STEP][PASSED] - for ([i = 0, i < 1, (i++)]): scroll.scroll.scrollScreenBottomToTop is PASSED

2022-01-03 08:42:45 - [TEST_STEP][PASSED] - if (tab == "summary"): null

2022-01-03 08:42:45 - [TEST_STEP][PASSED] - else if (tab == "stock"): null

2022-01-03 08:42:45 - [TEST_STEP][PASSED] - else if (tab == "mutualfund"): scroll.scroll.scrollScreenBottomToTop is PASSED

2022-01-03 08:42:45 - [TEST_STEP][PASSED] - tap(PORT_TabMutualFund, 0): Tapped on element 'Object Repository/Mobile/Page/Portfolio/Tab - Mutual Fund'

2022-01-03 08:42:45 - [MESSAGE][WARNING] - Timeout '0' is invalid. Using default page load timeout: '60'

2022-01-03 08:42:46 - [MESSAGE][PASSED] - Tapped on element 'Object Repository/Mobile/Page/Portfolio/Tab - Mutual Fund'

2022-01-03 08:42:46 - [TEST_STEP][PASSED] - delay(1): Delayed 1 second(s)

2022-01-03 08:42:47 - [MESSAGE][PASSED] - Delayed 1 second(s)

2022-01-03 08:42:47 - [TEST_STEP][PASSED] - try: scroll.scroll.scrollScreenBottomToTop is PASSED

2022-01-03 08:42:47 - [TEST_STEP][PASSED] - tapAndHold(PORT_ItemTopMutualFund, 1, 10): Tapped and held on element 'Object Repository/Mobile/Page/Portfolio/Item - Top Mutual Fund' with duration 1

2022-01-03 08:42:50 - [MESSAGE][PASSED] - Tapped and held on element 'Object Repository/Mobile/Page/Portfolio/Item - Top Mutual Fund' with duration 1

2022-01-03 08:42:50 - [TEST_STEP][PASSED] - delay(2): Delayed 2 second(s)

2022-01-03 08:42:52 - [MESSAGE][PASSED] - Delayed 2 second(s)

2022-01-03 08:42:52 - [TEST_STEP][PASSED] - switch (action2): null

2022-01-03 08:42:52 - [TEST_STEP][PASSED] - case "1 month":: null

2022-01-03 08:42:52 - [TEST_STEP][PASSED] - tapAndHold(PORT_DETL_Btn1Month, 1, 0): Tapped and held on element 'Object Repository/Mobile/Page/Portfolio/Detail Mutual Funds/Button - 1 Month' with duration 1

2022-01-03 08:42:52 - [MESSAGE][WARNING] - Timeout '0' is invalid. Using default page load timeout: '60'

2022-01-03 08:42:55 - [MESSAGE][PASSED] - Tapped and held on element 'Object Repository/Mobile/Page/Portfolio/Detail Mutual Funds/Button - 1 Month' with duration 1

2022-01-03 08:42:55 - [TEST_STEP][PASSED] - break: null

2022-01-03 08:42:55 - [TEST_STEP][PASSED] - delay(3): Delayed 3 second(s)

2022-01-03 08:42:58 - [MESSAGE][PASSED] - Delayed 3 second(s)

2022-01-03 08:42:58 - [TEST_STEP][PASSED] - scroll.scroll.scrollScreenBottomToTop(): scroll.scroll.scrollScreenBottomToTop is PASSED

2022-01-03 08:42:58 - [MESSAGE][PASSED] - Current device physical height is 1423

2022-01-03 08:42:58 - [MESSAGE][PASSED] - Current device physical width is 720

2022-01-03 08:43:00 - [MESSAGE][PASSED] - Swiped from 360,1,138 to 360,284

2022-01-03 08:43:00 - [MESSAGE][PASSED] - scroll.scroll.scrollScreenBottomToTop is PASSED

2022-01-03 08:43:00 - [MESSAGE][PASSED] - Call Test Case 'Test Cases/Mobile/Page/Portfolio/Portfolio' successfully

2022-01-03 08:43:00 - [TEST_STEP][PASSED] - callTestCase(findTestCase("Mobile/Page/Run App/Terminate App"), [:], STOP_ON_FAILURE): Call Test Case 'Test Cases/Mobile/Page/Run App/Terminate App' successfully

2022-01-03 08:43:00 - [TEST_CASE][PASSED] - Test Cases/Mobile/Page/Run App/Terminate App: Test Cases/Mobile/Page/Run App/Terminate App

2022-01-03 08:43:00 - [TEST_STEP][PASSED] - startApp.OpenApp.terminateApplication(): startApp.OpenApp.terminateApplication is PASSED

2022-01-03 08:43:03 - [MESSAGE][PASSED] - Delayed 3 second(s)

2022-01-03 08:43:03 - [MESSAGE][PASSED] - Current device physical width is 720

2022-01-03 08:43:03 - [MESSAGE][PASSED] - Current device physical height is 1423

2022-01-03 08:43:05 - [MESSAGE][PASSED] - Swiped from 360,853 to 360,142

2022-01-03 08:43:06 - [MESSAGE][PASSED] - Delayed 1 second(s)

2022-01-03 08:43:07 - [MESSAGE][PASSED] - Swiped from 360,853 to 360,142

2022-01-03 08:43:10 - [MESSAGE][PASSED] - Delayed 3 second(s)

2022-01-03 08:43:10 - [MESSAGE][PASSED] - startApp.OpenApp.terminateApplication is PASSED

2022-01-03 08:43:10 - [MESSAGE][PASSED] - Call Test Case 'Test Cases/Mobile/Page/Run App/Terminate App' successfully]]></system-out>
         <system-err><![CDATA[]]></system-err>
      </testcase>
      <testcase name="Test Cases/Mobile/Scenario/Portfolio/014 - Melihat detail mutual fund 3 month" time="65.472" classname="Test Cases/Mobile/Scenario/Portfolio/014 - Melihat detail mutual fund 3 month" status="PASSED">
         <system-out><![CDATA[2022-01-03 08:43:10 - [TEST_CASE][PASSED] - Test Cases/Mobile/Scenario/Portfolio/014 - Melihat detail mutual fund 3 month: Test Cases/Mobile/Scenario/Portfolio/014 - Melihat detail mutual fund 3 month

2022-01-03 08:43:11 - [TEST_STEP][PASSED] - callTestCase(findTestCase("Mobile/Page/Run App/Run App byID"), [:], STOP_ON_FAILURE): Call Test Case 'Test Cases/Mobile/Page/Run App/Run App byID' successfully

2022-01-03 08:43:11 - [TEST_CASE][PASSED] - Test Cases/Mobile/Page/Run App/Run App byID: Test Cases/Mobile/Page/Run App/Run App byID

2022-01-03 08:43:11 - [TEST_STEP][PASSED] - startApp.OpenApp.startApplication("id.co.miraeasset.sageclub"): startApp.OpenApp.startApplication is PASSED

2022-01-03 08:43:25 - [MESSAGE][PASSED] - Starting app with application ID: 'id.co.miraeasset.sageclub'

2022-01-03 08:43:25 - [MESSAGE][PASSED] - startApp.OpenApp.startApplication is PASSED

2022-01-03 08:43:25 - [MESSAGE][PASSED] - Call Test Case 'Test Cases/Mobile/Page/Run App/Run App byID' successfully

2022-01-03 08:43:25 - [TEST_STEP][PASSED] - callTestCase(findTestCase("Mobile/Page/Portfolio/Portfolio"), ["tab":"mutualfund", "action2":"3 month"], CONTINUE_ON_FAILURE): Call Test Case 'Test Cases/Mobile/Page/Portfolio/Portfolio' successfully

2022-01-03 08:43:25 - [TEST_CASE][PASSED] - Test Cases/Mobile/Page/Portfolio/Portfolio: Test Cases/Mobile/Page/Portfolio/Portfolio

2022-01-03 08:43:25 - [TEST_STEP][PASSED] - callTestCase(findTestCase("Mobile/Page/CheckLogin"), [:], CONTINUE_ON_FAILURE): Call Test Case 'Test Cases/Mobile/Page/CheckLogin' successfully

2022-01-03 08:43:25 - [TEST_CASE][PASSED] - Test Cases/Mobile/Page/CheckLogin: Test Cases/Mobile/Page/CheckLogin

2022-01-03 08:43:25 - [TEST_STEP][PASSED] - loginCheck = verifyElementExist(LOGN_BtnLogin, 5, CONTINUE_ON_FAILURE): Element 'Object Repository/Mobile/Page/Login/Button - Login' is exist

2022-01-03 08:43:27 - [MESSAGE][PASSED] - Element 'Object Repository/Mobile/Page/Login/Button - Login' is exist

2022-01-03 08:43:27 - [TEST_STEP][PASSED] - if (loginCheck): Call Test Case 'Test Cases/Mobile/Page/Login/Login' successfully

2022-01-03 08:43:27 - [TEST_STEP][PASSED] - callTestCase(findTestCase("Mobile/Page/Login/Login"), ["action":"username"], CONTINUE_ON_FAILURE): Call Test Case 'Test Cases/Mobile/Page/Login/Login' successfully

2022-01-03 08:43:27 - [TEST_CASE][PASSED] - Test Cases/Mobile/Page/Login/Login: Test Cases/Mobile/Page/Login/Login

2022-01-03 08:43:27 - [TEST_STEP][PASSED] - delay(2): Delayed 2 second(s)

2022-01-03 08:43:29 - [MESSAGE][PASSED] - Delayed 2 second(s)

2022-01-03 08:43:29 - [TEST_STEP][PASSED] - for ([i = 0, i < 1, (i++)]): null

2022-01-03 08:43:29 - [TEST_STEP][PASSED] - if (action == "username"): null

2022-01-03 08:43:29 - [TEST_STEP][PASSED] - tap(LOGN_EdtUserID, 0): Tapped on element 'Object Repository/Mobile/Page/Login/Input - UserID'

2022-01-03 08:43:29 - [MESSAGE][WARNING] - Timeout '0' is invalid. Using default page load timeout: '60'

2022-01-03 08:43:30 - [MESSAGE][PASSED] - Tapped on element 'Object Repository/Mobile/Page/Login/Input - UserID'

2022-01-03 08:43:30 - [TEST_STEP][PASSED] - delay(1): Delayed 1 second(s)

2022-01-03 08:43:31 - [MESSAGE][PASSED] - Delayed 1 second(s)

2022-01-03 08:43:31 - [TEST_STEP][PASSED] - setText(LOGN_EdtRdyUserID, "anggaaditya", 0): Text 'anggaaditya' has been set to element 'Object Repository/Mobile/Page/Login/Input Rdy - UserID'

2022-01-03 08:43:31 - [MESSAGE][WARNING] - Timeout '0' is invalid. Using default page load timeout: '60'

2022-01-03 08:43:31 - [MESSAGE][PASSED] - Text 'anggaaditya' has been set to element 'Object Repository/Mobile/Page/Login/Input Rdy - UserID'

2022-01-03 08:43:31 - [TEST_STEP][PASSED] - delay(1): Delayed 1 second(s)

2022-01-03 08:43:32 - [MESSAGE][PASSED] - Delayed 1 second(s)

2022-01-03 08:43:32 - [TEST_STEP][PASSED] - hideKeyboard(): Keyboard is hidden

2022-01-03 08:43:36 - [MESSAGE][PASSED] - Keyboard is hidden

2022-01-03 08:43:36 - [TEST_STEP][PASSED] - tap(LOGN_EdtPassword, 0): Tapped on element 'Object Repository/Mobile/Page/Login/Input - Password'

2022-01-03 08:43:36 - [MESSAGE][WARNING] - Timeout '0' is invalid. Using default page load timeout: '60'

2022-01-03 08:43:37 - [MESSAGE][PASSED] - Tapped on element 'Object Repository/Mobile/Page/Login/Input - Password'

2022-01-03 08:43:37 - [TEST_STEP][PASSED] - delay(1): Delayed 1 second(s)

2022-01-03 08:43:38 - [MESSAGE][PASSED] - Delayed 1 second(s)

2022-01-03 08:43:38 - [TEST_STEP][PASSED] - setText(LOGN_EdtRdyPassword, "Shalawa18", 0): Text 'Shalawa18' has been set to element 'Object Repository/Mobile/Page/Login/Input Rdy - Password'

2022-01-03 08:43:38 - [MESSAGE][WARNING] - Timeout '0' is invalid. Using default page load timeout: '60'

2022-01-03 08:43:39 - [MESSAGE][PASSED] - Text 'Shalawa18' has been set to element 'Object Repository/Mobile/Page/Login/Input Rdy - Password'

2022-01-03 08:43:39 - [TEST_STEP][PASSED] - delay(1): Delayed 1 second(s)

2022-01-03 08:43:40 - [MESSAGE][PASSED] - Delayed 1 second(s)

2022-01-03 08:43:40 - [TEST_STEP][PASSED] - hideKeyboard(): Keyboard is hidden

2022-01-03 08:43:46 - [MESSAGE][PASSED] - Keyboard is hidden

2022-01-03 08:43:46 - [TEST_STEP][PASSED] - tap(LOGN_BtnLogin, 0): Tapped on element 'Object Repository/Mobile/Page/Login/Button - Login'

2022-01-03 08:43:46 - [MESSAGE][WARNING] - Timeout '0' is invalid. Using default page load timeout: '60'

2022-01-03 08:43:47 - [MESSAGE][PASSED] - Tapped on element 'Object Repository/Mobile/Page/Login/Button - Login'

2022-01-03 08:43:47 - [TEST_STEP][PASSED] - delay(2): Delayed 2 second(s)

2022-01-03 08:43:49 - [MESSAGE][PASSED] - Delayed 2 second(s)

2022-01-03 08:43:49 - [TEST_STEP][PASSED] - break: null

2022-01-03 08:43:49 - [MESSAGE][PASSED] - Call Test Case 'Test Cases/Mobile/Page/Login/Login' successfully

2022-01-03 08:43:49 - [MESSAGE][PASSED] - Call Test Case 'Test Cases/Mobile/Page/CheckLogin' successfully

2022-01-03 08:43:49 - [TEST_STEP][PASSED] - tap(HOME_MenubarPortfolio, 0): Tapped on element 'Object Repository/Mobile/Page/Home/Menubar - Portfolio'

2022-01-03 08:43:49 - [MESSAGE][WARNING] - Timeout '0' is invalid. Using default page load timeout: '60'

2022-01-03 08:43:50 - [MESSAGE][PASSED] - Tapped on element 'Object Repository/Mobile/Page/Home/Menubar - Portfolio'

2022-01-03 08:43:50 - [TEST_STEP][PASSED] - delay(1): Delayed 1 second(s)

2022-01-03 08:43:51 - [MESSAGE][PASSED] - Delayed 1 second(s)

2022-01-03 08:43:51 - [TEST_STEP][PASSED] - for ([i = 0, i < 1, (i++)]): scroll.scroll.scrollScreenBottomToTop is PASSED

2022-01-03 08:43:51 - [TEST_STEP][PASSED] - if (tab == "summary"): null

2022-01-03 08:43:51 - [TEST_STEP][PASSED] - else if (tab == "stock"): null

2022-01-03 08:43:51 - [TEST_STEP][PASSED] - else if (tab == "mutualfund"): scroll.scroll.scrollScreenBottomToTop is PASSED

2022-01-03 08:43:51 - [TEST_STEP][PASSED] - tap(PORT_TabMutualFund, 0): Tapped on element 'Object Repository/Mobile/Page/Portfolio/Tab - Mutual Fund'

2022-01-03 08:43:51 - [MESSAGE][WARNING] - Timeout '0' is invalid. Using default page load timeout: '60'

2022-01-03 08:43:52 - [MESSAGE][PASSED] - Tapped on element 'Object Repository/Mobile/Page/Portfolio/Tab - Mutual Fund'

2022-01-03 08:43:52 - [TEST_STEP][PASSED] - delay(1): Delayed 1 second(s)

2022-01-03 08:43:53 - [MESSAGE][PASSED] - Delayed 1 second(s)

2022-01-03 08:43:53 - [TEST_STEP][PASSED] - try: scroll.scroll.scrollScreenBottomToTop is PASSED

2022-01-03 08:43:53 - [TEST_STEP][PASSED] - tapAndHold(PORT_ItemTopMutualFund, 1, 10): Tapped and held on element 'Object Repository/Mobile/Page/Portfolio/Item - Top Mutual Fund' with duration 1

2022-01-03 08:43:56 - [MESSAGE][PASSED] - Tapped and held on element 'Object Repository/Mobile/Page/Portfolio/Item - Top Mutual Fund' with duration 1

2022-01-03 08:43:56 - [TEST_STEP][PASSED] - delay(2): Delayed 2 second(s)

2022-01-03 08:43:58 - [MESSAGE][PASSED] - Delayed 2 second(s)

2022-01-03 08:43:58 - [TEST_STEP][PASSED] - switch (action2): null

2022-01-03 08:43:58 - [TEST_STEP][PASSED] - case "3 month":: null

2022-01-03 08:43:58 - [TEST_STEP][PASSED] - tapAndHold(PORT_DETL_Btn3Month, 1, 0): Tapped and held on element 'Object Repository/Mobile/Page/Portfolio/Detail Mutual Funds/Button - 3 Month' with duration 1

2022-01-03 08:43:58 - [MESSAGE][WARNING] - Timeout '0' is invalid. Using default page load timeout: '60'

2022-01-03 08:44:01 - [MESSAGE][PASSED] - Tapped and held on element 'Object Repository/Mobile/Page/Portfolio/Detail Mutual Funds/Button - 3 Month' with duration 1

2022-01-03 08:44:01 - [TEST_STEP][PASSED] - break: null

2022-01-03 08:44:01 - [TEST_STEP][PASSED] - delay(3): Delayed 3 second(s)

2022-01-03 08:44:04 - [MESSAGE][PASSED] - Delayed 3 second(s)

2022-01-03 08:44:04 - [TEST_STEP][PASSED] - scroll.scroll.scrollScreenBottomToTop(): scroll.scroll.scrollScreenBottomToTop is PASSED

2022-01-03 08:44:04 - [MESSAGE][PASSED] - Current device physical height is 1423

2022-01-03 08:44:04 - [MESSAGE][PASSED] - Current device physical width is 720

2022-01-03 08:44:05 - [MESSAGE][PASSED] - Swiped from 360,1,138 to 360,284

2022-01-03 08:44:05 - [MESSAGE][PASSED] - scroll.scroll.scrollScreenBottomToTop is PASSED

2022-01-03 08:44:05 - [MESSAGE][PASSED] - Call Test Case 'Test Cases/Mobile/Page/Portfolio/Portfolio' successfully

2022-01-03 08:44:05 - [TEST_STEP][PASSED] - callTestCase(findTestCase("Mobile/Page/Run App/Terminate App"), [:], STOP_ON_FAILURE): Call Test Case 'Test Cases/Mobile/Page/Run App/Terminate App' successfully

2022-01-03 08:44:06 - [TEST_CASE][PASSED] - Test Cases/Mobile/Page/Run App/Terminate App: Test Cases/Mobile/Page/Run App/Terminate App

2022-01-03 08:44:06 - [TEST_STEP][PASSED] - startApp.OpenApp.terminateApplication(): startApp.OpenApp.terminateApplication is PASSED

2022-01-03 08:44:09 - [MESSAGE][PASSED] - Delayed 3 second(s)

2022-01-03 08:44:09 - [MESSAGE][PASSED] - Current device physical width is 720

2022-01-03 08:44:09 - [MESSAGE][PASSED] - Current device physical height is 1423

2022-01-03 08:44:11 - [MESSAGE][PASSED] - Swiped from 360,853 to 360,142

2022-01-03 08:44:12 - [MESSAGE][PASSED] - Delayed 1 second(s)

2022-01-03 08:44:13 - [MESSAGE][PASSED] - Swiped from 360,853 to 360,142

2022-01-03 08:44:16 - [MESSAGE][PASSED] - Delayed 3 second(s)

2022-01-03 08:44:16 - [MESSAGE][PASSED] - startApp.OpenApp.terminateApplication is PASSED

2022-01-03 08:44:16 - [MESSAGE][PASSED] - Call Test Case 'Test Cases/Mobile/Page/Run App/Terminate App' successfully]]></system-out>
         <system-err><![CDATA[]]></system-err>
      </testcase>
      <testcase name="Test Cases/Mobile/Scenario/Portfolio/015 - Melihat detail mutual fund 6 month" time="66.564" classname="Test Cases/Mobile/Scenario/Portfolio/015 - Melihat detail mutual fund 6 month" status="PASSED">
         <system-out><![CDATA[2022-01-03 08:44:16 - [TEST_CASE][PASSED] - Test Cases/Mobile/Scenario/Portfolio/015 - Melihat detail mutual fund 6 month: Test Cases/Mobile/Scenario/Portfolio/015 - Melihat detail mutual fund 6 month

2022-01-03 08:44:16 - [TEST_STEP][PASSED] - callTestCase(findTestCase("Mobile/Page/Run App/Run App byID"), [:], STOP_ON_FAILURE): Call Test Case 'Test Cases/Mobile/Page/Run App/Run App byID' successfully

2022-01-03 08:44:16 - [TEST_CASE][PASSED] - Test Cases/Mobile/Page/Run App/Run App byID: Test Cases/Mobile/Page/Run App/Run App byID

2022-01-03 08:44:16 - [TEST_STEP][PASSED] - startApp.OpenApp.startApplication("id.co.miraeasset.sageclub"): startApp.OpenApp.startApplication is PASSED

2022-01-03 08:44:30 - [MESSAGE][PASSED] - Starting app with application ID: 'id.co.miraeasset.sageclub'

2022-01-03 08:44:30 - [MESSAGE][PASSED] - startApp.OpenApp.startApplication is PASSED

2022-01-03 08:44:30 - [MESSAGE][PASSED] - Call Test Case 'Test Cases/Mobile/Page/Run App/Run App byID' successfully

2022-01-03 08:44:30 - [TEST_STEP][PASSED] - callTestCase(findTestCase("Mobile/Page/Portfolio/Portfolio"), ["tab":"mutualfund", "action2":"6 month"], CONTINUE_ON_FAILURE): Call Test Case 'Test Cases/Mobile/Page/Portfolio/Portfolio' successfully

2022-01-03 08:44:30 - [TEST_CASE][PASSED] - Test Cases/Mobile/Page/Portfolio/Portfolio: Test Cases/Mobile/Page/Portfolio/Portfolio

2022-01-03 08:44:30 - [TEST_STEP][PASSED] - callTestCase(findTestCase("Mobile/Page/CheckLogin"), [:], CONTINUE_ON_FAILURE): Call Test Case 'Test Cases/Mobile/Page/CheckLogin' successfully

2022-01-03 08:44:30 - [TEST_CASE][PASSED] - Test Cases/Mobile/Page/CheckLogin: Test Cases/Mobile/Page/CheckLogin

2022-01-03 08:44:30 - [TEST_STEP][PASSED] - loginCheck = verifyElementExist(LOGN_BtnLogin, 5, CONTINUE_ON_FAILURE): Element 'Object Repository/Mobile/Page/Login/Button - Login' is exist

2022-01-03 08:44:32 - [MESSAGE][PASSED] - Element 'Object Repository/Mobile/Page/Login/Button - Login' is exist

2022-01-03 08:44:32 - [TEST_STEP][PASSED] - if (loginCheck): Call Test Case 'Test Cases/Mobile/Page/Login/Login' successfully

2022-01-03 08:44:32 - [TEST_STEP][PASSED] - callTestCase(findTestCase("Mobile/Page/Login/Login"), ["action":"username"], CONTINUE_ON_FAILURE): Call Test Case 'Test Cases/Mobile/Page/Login/Login' successfully

2022-01-03 08:44:32 - [TEST_CASE][PASSED] - Test Cases/Mobile/Page/Login/Login: Test Cases/Mobile/Page/Login/Login

2022-01-03 08:44:32 - [TEST_STEP][PASSED] - delay(2): Delayed 2 second(s)

2022-01-03 08:44:34 - [MESSAGE][PASSED] - Delayed 2 second(s)

2022-01-03 08:44:34 - [TEST_STEP][PASSED] - for ([i = 0, i < 1, (i++)]): null

2022-01-03 08:44:34 - [TEST_STEP][PASSED] - if (action == "username"): null

2022-01-03 08:44:34 - [TEST_STEP][PASSED] - tap(LOGN_EdtUserID, 0): Tapped on element 'Object Repository/Mobile/Page/Login/Input - UserID'

2022-01-03 08:44:34 - [MESSAGE][WARNING] - Timeout '0' is invalid. Using default page load timeout: '60'

2022-01-03 08:44:35 - [MESSAGE][PASSED] - Tapped on element 'Object Repository/Mobile/Page/Login/Input - UserID'

2022-01-03 08:44:35 - [TEST_STEP][PASSED] - delay(1): Delayed 1 second(s)

2022-01-03 08:44:36 - [MESSAGE][PASSED] - Delayed 1 second(s)

2022-01-03 08:44:36 - [TEST_STEP][PASSED] - setText(LOGN_EdtRdyUserID, "anggaaditya", 0): Text 'anggaaditya' has been set to element 'Object Repository/Mobile/Page/Login/Input Rdy - UserID'

2022-01-03 08:44:36 - [MESSAGE][WARNING] - Timeout '0' is invalid. Using default page load timeout: '60'

2022-01-03 08:44:37 - [MESSAGE][PASSED] - Text 'anggaaditya' has been set to element 'Object Repository/Mobile/Page/Login/Input Rdy - UserID'

2022-01-03 08:44:37 - [TEST_STEP][PASSED] - delay(1): Delayed 1 second(s)

2022-01-03 08:44:38 - [MESSAGE][PASSED] - Delayed 1 second(s)

2022-01-03 08:44:38 - [TEST_STEP][PASSED] - hideKeyboard(): Keyboard is hidden

2022-01-03 08:44:41 - [MESSAGE][PASSED] - Keyboard is hidden

2022-01-03 08:44:42 - [TEST_STEP][PASSED] - tap(LOGN_EdtPassword, 0): Tapped on element 'Object Repository/Mobile/Page/Login/Input - Password'

2022-01-03 08:44:42 - [MESSAGE][WARNING] - Timeout '0' is invalid. Using default page load timeout: '60'

2022-01-03 08:44:42 - [MESSAGE][PASSED] - Tapped on element 'Object Repository/Mobile/Page/Login/Input - Password'

2022-01-03 08:44:42 - [TEST_STEP][PASSED] - delay(1): Delayed 1 second(s)

2022-01-03 08:44:43 - [MESSAGE][PASSED] - Delayed 1 second(s)

2022-01-03 08:44:43 - [TEST_STEP][PASSED] - setText(LOGN_EdtRdyPassword, "Shalawa18", 0): Text 'Shalawa18' has been set to element 'Object Repository/Mobile/Page/Login/Input Rdy - Password'

2022-01-03 08:44:43 - [MESSAGE][WARNING] - Timeout '0' is invalid. Using default page load timeout: '60'

2022-01-03 08:44:44 - [MESSAGE][PASSED] - Text 'Shalawa18' has been set to element 'Object Repository/Mobile/Page/Login/Input Rdy - Password'

2022-01-03 08:44:44 - [TEST_STEP][PASSED] - delay(1): Delayed 1 second(s)

2022-01-03 08:44:45 - [MESSAGE][PASSED] - Delayed 1 second(s)

2022-01-03 08:44:45 - [TEST_STEP][PASSED] - hideKeyboard(): Keyboard is hidden

2022-01-03 08:44:51 - [MESSAGE][PASSED] - Keyboard is hidden

2022-01-03 08:44:51 - [TEST_STEP][PASSED] - tap(LOGN_BtnLogin, 0): Tapped on element 'Object Repository/Mobile/Page/Login/Button - Login'

2022-01-03 08:44:51 - [MESSAGE][WARNING] - Timeout '0' is invalid. Using default page load timeout: '60'

2022-01-03 08:44:52 - [MESSAGE][PASSED] - Tapped on element 'Object Repository/Mobile/Page/Login/Button - Login'

2022-01-03 08:44:52 - [TEST_STEP][PASSED] - delay(2): Delayed 2 second(s)

2022-01-03 08:44:54 - [MESSAGE][PASSED] - Delayed 2 second(s)

2022-01-03 08:44:54 - [TEST_STEP][PASSED] - break: null

2022-01-03 08:44:54 - [MESSAGE][PASSED] - Call Test Case 'Test Cases/Mobile/Page/Login/Login' successfully

2022-01-03 08:44:54 - [MESSAGE][PASSED] - Call Test Case 'Test Cases/Mobile/Page/CheckLogin' successfully

2022-01-03 08:44:54 - [TEST_STEP][PASSED] - tap(HOME_MenubarPortfolio, 0): Tapped on element 'Object Repository/Mobile/Page/Home/Menubar - Portfolio'

2022-01-03 08:44:54 - [MESSAGE][WARNING] - Timeout '0' is invalid. Using default page load timeout: '60'

2022-01-03 08:44:56 - [MESSAGE][PASSED] - Tapped on element 'Object Repository/Mobile/Page/Home/Menubar - Portfolio'

2022-01-03 08:44:56 - [TEST_STEP][PASSED] - delay(1): Delayed 1 second(s)

2022-01-03 08:44:57 - [MESSAGE][PASSED] - Delayed 1 second(s)

2022-01-03 08:44:57 - [TEST_STEP][PASSED] - for ([i = 0, i < 1, (i++)]): scroll.scroll.scrollScreenBottomToTop is PASSED

2022-01-03 08:44:57 - [TEST_STEP][PASSED] - if (tab == "summary"): null

2022-01-03 08:44:57 - [TEST_STEP][PASSED] - else if (tab == "stock"): null

2022-01-03 08:44:57 - [TEST_STEP][PASSED] - else if (tab == "mutualfund"): scroll.scroll.scrollScreenBottomToTop is PASSED

2022-01-03 08:44:57 - [TEST_STEP][PASSED] - tap(PORT_TabMutualFund, 0): Tapped on element 'Object Repository/Mobile/Page/Portfolio/Tab - Mutual Fund'

2022-01-03 08:44:57 - [MESSAGE][WARNING] - Timeout '0' is invalid. Using default page load timeout: '60'

2022-01-03 08:44:58 - [MESSAGE][PASSED] - Tapped on element 'Object Repository/Mobile/Page/Portfolio/Tab - Mutual Fund'

2022-01-03 08:44:58 - [TEST_STEP][PASSED] - delay(1): Delayed 1 second(s)

2022-01-03 08:44:59 - [MESSAGE][PASSED] - Delayed 1 second(s)

2022-01-03 08:44:59 - [TEST_STEP][PASSED] - try: scroll.scroll.scrollScreenBottomToTop is PASSED

2022-01-03 08:44:59 - [TEST_STEP][PASSED] - tapAndHold(PORT_ItemTopMutualFund, 1, 10): Tapped and held on element 'Object Repository/Mobile/Page/Portfolio/Item - Top Mutual Fund' with duration 1

2022-01-03 08:45:02 - [MESSAGE][PASSED] - Tapped and held on element 'Object Repository/Mobile/Page/Portfolio/Item - Top Mutual Fund' with duration 1

2022-01-03 08:45:02 - [TEST_STEP][PASSED] - delay(2): Delayed 2 second(s)

2022-01-03 08:45:04 - [MESSAGE][PASSED] - Delayed 2 second(s)

2022-01-03 08:45:04 - [TEST_STEP][PASSED] - switch (action2): null

2022-01-03 08:45:04 - [TEST_STEP][PASSED] - case "6 month":: null

2022-01-03 08:45:04 - [TEST_STEP][PASSED] - tapAndHold(PORT_DETL_Btn6Month, 1, 0): Tapped and held on element 'Object Repository/Mobile/Page/Portfolio/Detail Mutual Funds/Button - 6 Month' with duration 1

2022-01-03 08:45:04 - [MESSAGE][WARNING] - Timeout '0' is invalid. Using default page load timeout: '60'

2022-01-03 08:45:07 - [MESSAGE][PASSED] - Tapped and held on element 'Object Repository/Mobile/Page/Portfolio/Detail Mutual Funds/Button - 6 Month' with duration 1

2022-01-03 08:45:07 - [TEST_STEP][PASSED] - break: null

2022-01-03 08:45:07 - [TEST_STEP][PASSED] - delay(3): Delayed 3 second(s)

2022-01-03 08:45:10 - [MESSAGE][PASSED] - Delayed 3 second(s)

2022-01-03 08:45:10 - [TEST_STEP][PASSED] - scroll.scroll.scrollScreenBottomToTop(): scroll.scroll.scrollScreenBottomToTop is PASSED

2022-01-03 08:45:11 - [MESSAGE][PASSED] - Current device physical height is 1423

2022-01-03 08:45:11 - [MESSAGE][PASSED] - Current device physical width is 720

2022-01-03 08:45:12 - [MESSAGE][PASSED] - Swiped from 360,1,138 to 360,284

2022-01-03 08:45:12 - [MESSAGE][PASSED] - scroll.scroll.scrollScreenBottomToTop is PASSED

2022-01-03 08:45:12 - [MESSAGE][PASSED] - Call Test Case 'Test Cases/Mobile/Page/Portfolio/Portfolio' successfully

2022-01-03 08:45:12 - [TEST_STEP][PASSED] - callTestCase(findTestCase("Mobile/Page/Run App/Terminate App"), [:], STOP_ON_FAILURE): Call Test Case 'Test Cases/Mobile/Page/Run App/Terminate App' successfully

2022-01-03 08:45:12 - [TEST_CASE][PASSED] - Test Cases/Mobile/Page/Run App/Terminate App: Test Cases/Mobile/Page/Run App/Terminate App

2022-01-03 08:45:12 - [TEST_STEP][PASSED] - startApp.OpenApp.terminateApplication(): startApp.OpenApp.terminateApplication is PASSED

2022-01-03 08:45:15 - [MESSAGE][PASSED] - Delayed 3 second(s)

2022-01-03 08:45:16 - [MESSAGE][PASSED] - Current device physical width is 720

2022-01-03 08:45:16 - [MESSAGE][PASSED] - Current device physical height is 1423

2022-01-03 08:45:17 - [MESSAGE][PASSED] - Swiped from 360,853 to 360,142

2022-01-03 08:45:18 - [MESSAGE][PASSED] - Delayed 1 second(s)

2022-01-03 08:45:19 - [MESSAGE][PASSED] - Swiped from 360,853 to 360,142

2022-01-03 08:45:23 - [MESSAGE][PASSED] - Delayed 3 second(s)

2022-01-03 08:45:23 - [MESSAGE][PASSED] - startApp.OpenApp.terminateApplication is PASSED

2022-01-03 08:45:23 - [MESSAGE][PASSED] - Call Test Case 'Test Cases/Mobile/Page/Run App/Terminate App' successfully]]></system-out>
         <system-err><![CDATA[]]></system-err>
      </testcase>
      <testcase name="Test Cases/Mobile/Scenario/Portfolio/016 - Melihat detail mutual fund 1 year" time="68.052" classname="Test Cases/Mobile/Scenario/Portfolio/016 - Melihat detail mutual fund 1 year" status="PASSED">
         <system-out><![CDATA[2022-01-03 08:45:23 - [TEST_CASE][PASSED] - Test Cases/Mobile/Scenario/Portfolio/016 - Melihat detail mutual fund 1 year: Test Cases/Mobile/Scenario/Portfolio/016 - Melihat detail mutual fund 1 year

2022-01-03 08:45:23 - [TEST_STEP][PASSED] - callTestCase(findTestCase("Mobile/Page/Run App/Run App byID"), [:], STOP_ON_FAILURE): Call Test Case 'Test Cases/Mobile/Page/Run App/Run App byID' successfully

2022-01-03 08:45:23 - [TEST_CASE][PASSED] - Test Cases/Mobile/Page/Run App/Run App byID: Test Cases/Mobile/Page/Run App/Run App byID

2022-01-03 08:45:23 - [TEST_STEP][PASSED] - startApp.OpenApp.startApplication("id.co.miraeasset.sageclub"): startApp.OpenApp.startApplication is PASSED

2022-01-03 08:45:37 - [MESSAGE][PASSED] - Starting app with application ID: 'id.co.miraeasset.sageclub'

2022-01-03 08:45:37 - [MESSAGE][PASSED] - startApp.OpenApp.startApplication is PASSED

2022-01-03 08:45:37 - [MESSAGE][PASSED] - Call Test Case 'Test Cases/Mobile/Page/Run App/Run App byID' successfully

2022-01-03 08:45:37 - [TEST_STEP][PASSED] - callTestCase(findTestCase("Mobile/Page/Portfolio/Portfolio"), ["tab":"mutualfund", "action2":"1 year"], CONTINUE_ON_FAILURE): Call Test Case 'Test Cases/Mobile/Page/Portfolio/Portfolio' successfully

2022-01-03 08:45:38 - [TEST_CASE][PASSED] - Test Cases/Mobile/Page/Portfolio/Portfolio: Test Cases/Mobile/Page/Portfolio/Portfolio

2022-01-03 08:45:38 - [TEST_STEP][PASSED] - callTestCase(findTestCase("Mobile/Page/CheckLogin"), [:], CONTINUE_ON_FAILURE): Call Test Case 'Test Cases/Mobile/Page/CheckLogin' successfully

2022-01-03 08:45:38 - [TEST_CASE][PASSED] - Test Cases/Mobile/Page/CheckLogin: Test Cases/Mobile/Page/CheckLogin

2022-01-03 08:45:38 - [TEST_STEP][PASSED] - loginCheck = verifyElementExist(LOGN_BtnLogin, 5, CONTINUE_ON_FAILURE): Element 'Object Repository/Mobile/Page/Login/Button - Login' is exist

2022-01-03 08:45:40 - [MESSAGE][PASSED] - Element 'Object Repository/Mobile/Page/Login/Button - Login' is exist

2022-01-03 08:45:40 - [TEST_STEP][PASSED] - if (loginCheck): Call Test Case 'Test Cases/Mobile/Page/Login/Login' successfully

2022-01-03 08:45:40 - [TEST_STEP][PASSED] - callTestCase(findTestCase("Mobile/Page/Login/Login"), ["action":"username"], CONTINUE_ON_FAILURE): Call Test Case 'Test Cases/Mobile/Page/Login/Login' successfully

2022-01-03 08:45:40 - [TEST_CASE][PASSED] - Test Cases/Mobile/Page/Login/Login: Test Cases/Mobile/Page/Login/Login

2022-01-03 08:45:40 - [TEST_STEP][PASSED] - delay(2): Delayed 2 second(s)

2022-01-03 08:45:42 - [MESSAGE][PASSED] - Delayed 2 second(s)

2022-01-03 08:45:42 - [TEST_STEP][PASSED] - for ([i = 0, i < 1, (i++)]): null

2022-01-03 08:45:42 - [TEST_STEP][PASSED] - if (action == "username"): null

2022-01-03 08:45:42 - [TEST_STEP][PASSED] - tap(LOGN_EdtUserID, 0): Tapped on element 'Object Repository/Mobile/Page/Login/Input - UserID'

2022-01-03 08:45:42 - [MESSAGE][WARNING] - Timeout '0' is invalid. Using default page load timeout: '60'

2022-01-03 08:45:42 - [MESSAGE][PASSED] - Tapped on element 'Object Repository/Mobile/Page/Login/Input - UserID'

2022-01-03 08:45:42 - [TEST_STEP][PASSED] - delay(1): Delayed 1 second(s)

2022-01-03 08:45:43 - [MESSAGE][PASSED] - Delayed 1 second(s)

2022-01-03 08:45:43 - [TEST_STEP][PASSED] - setText(LOGN_EdtRdyUserID, "anggaaditya", 0): Text 'anggaaditya' has been set to element 'Object Repository/Mobile/Page/Login/Input Rdy - UserID'

2022-01-03 08:45:43 - [MESSAGE][WARNING] - Timeout '0' is invalid. Using default page load timeout: '60'

2022-01-03 08:45:44 - [MESSAGE][PASSED] - Text 'anggaaditya' has been set to element 'Object Repository/Mobile/Page/Login/Input Rdy - UserID'

2022-01-03 08:45:44 - [TEST_STEP][PASSED] - delay(1): Delayed 1 second(s)

2022-01-03 08:45:45 - [MESSAGE][PASSED] - Delayed 1 second(s)

2022-01-03 08:45:45 - [TEST_STEP][PASSED] - hideKeyboard(): Keyboard is hidden

2022-01-03 08:45:49 - [MESSAGE][PASSED] - Keyboard is hidden

2022-01-03 08:45:49 - [TEST_STEP][PASSED] - tap(LOGN_EdtPassword, 0): Tapped on element 'Object Repository/Mobile/Page/Login/Input - Password'

2022-01-03 08:45:49 - [MESSAGE][WARNING] - Timeout '0' is invalid. Using default page load timeout: '60'

2022-01-03 08:45:50 - [MESSAGE][PASSED] - Tapped on element 'Object Repository/Mobile/Page/Login/Input - Password'

2022-01-03 08:45:50 - [TEST_STEP][PASSED] - delay(1): Delayed 1 second(s)

2022-01-03 08:45:51 - [MESSAGE][PASSED] - Delayed 1 second(s)

2022-01-03 08:45:51 - [TEST_STEP][PASSED] - setText(LOGN_EdtRdyPassword, "Shalawa18", 0): Text 'Shalawa18' has been set to element 'Object Repository/Mobile/Page/Login/Input Rdy - Password'

2022-01-03 08:45:51 - [MESSAGE][WARNING] - Timeout '0' is invalid. Using default page load timeout: '60'

2022-01-03 08:45:51 - [MESSAGE][PASSED] - Text 'Shalawa18' has been set to element 'Object Repository/Mobile/Page/Login/Input Rdy - Password'

2022-01-03 08:45:51 - [TEST_STEP][PASSED] - delay(1): Delayed 1 second(s)

2022-01-03 08:45:52 - [MESSAGE][PASSED] - Delayed 1 second(s)

2022-01-03 08:45:52 - [TEST_STEP][PASSED] - hideKeyboard(): Keyboard is hidden

2022-01-03 08:45:59 - [MESSAGE][PASSED] - Keyboard is hidden

2022-01-03 08:45:59 - [TEST_STEP][PASSED] - tap(LOGN_BtnLogin, 0): Tapped on element 'Object Repository/Mobile/Page/Login/Button - Login'

2022-01-03 08:45:59 - [MESSAGE][WARNING] - Timeout '0' is invalid. Using default page load timeout: '60'

2022-01-03 08:46:00 - [MESSAGE][PASSED] - Tapped on element 'Object Repository/Mobile/Page/Login/Button - Login'

2022-01-03 08:46:00 - [TEST_STEP][PASSED] - delay(2): Delayed 2 second(s)

2022-01-03 08:46:02 - [MESSAGE][PASSED] - Delayed 2 second(s)

2022-01-03 08:46:02 - [TEST_STEP][PASSED] - break: null

2022-01-03 08:46:02 - [MESSAGE][PASSED] - Call Test Case 'Test Cases/Mobile/Page/Login/Login' successfully

2022-01-03 08:46:02 - [MESSAGE][PASSED] - Call Test Case 'Test Cases/Mobile/Page/CheckLogin' successfully

2022-01-03 08:46:02 - [TEST_STEP][PASSED] - tap(HOME_MenubarPortfolio, 0): Tapped on element 'Object Repository/Mobile/Page/Home/Menubar - Portfolio'

2022-01-03 08:46:02 - [MESSAGE][WARNING] - Timeout '0' is invalid. Using default page load timeout: '60'

2022-01-03 08:46:04 - [MESSAGE][PASSED] - Tapped on element 'Object Repository/Mobile/Page/Home/Menubar - Portfolio'

2022-01-03 08:46:04 - [TEST_STEP][PASSED] - delay(1): Delayed 1 second(s)

2022-01-03 08:46:05 - [MESSAGE][PASSED] - Delayed 1 second(s)

2022-01-03 08:46:05 - [TEST_STEP][PASSED] - for ([i = 0, i < 1, (i++)]): scroll.scroll.scrollScreenBottomToTop is PASSED

2022-01-03 08:46:05 - [TEST_STEP][PASSED] - if (tab == "summary"): null

2022-01-03 08:46:05 - [TEST_STEP][PASSED] - else if (tab == "stock"): null

2022-01-03 08:46:05 - [TEST_STEP][PASSED] - else if (tab == "mutualfund"): scroll.scroll.scrollScreenBottomToTop is PASSED

2022-01-03 08:46:05 - [TEST_STEP][PASSED] - tap(PORT_TabMutualFund, 0): Tapped on element 'Object Repository/Mobile/Page/Portfolio/Tab - Mutual Fund'

2022-01-03 08:46:05 - [MESSAGE][WARNING] - Timeout '0' is invalid. Using default page load timeout: '60'

2022-01-03 08:46:06 - [MESSAGE][PASSED] - Tapped on element 'Object Repository/Mobile/Page/Portfolio/Tab - Mutual Fund'

2022-01-03 08:46:06 - [TEST_STEP][PASSED] - delay(1): Delayed 1 second(s)

2022-01-03 08:46:07 - [MESSAGE][PASSED] - Delayed 1 second(s)

2022-01-03 08:46:07 - [TEST_STEP][PASSED] - try: scroll.scroll.scrollScreenBottomToTop is PASSED

2022-01-03 08:46:07 - [TEST_STEP][PASSED] - tapAndHold(PORT_ItemTopMutualFund, 1, 10): Tapped and held on element 'Object Repository/Mobile/Page/Portfolio/Item - Top Mutual Fund' with duration 1

2022-01-03 08:46:10 - [MESSAGE][PASSED] - Tapped and held on element 'Object Repository/Mobile/Page/Portfolio/Item - Top Mutual Fund' with duration 1

2022-01-03 08:46:10 - [TEST_STEP][PASSED] - delay(2): Delayed 2 second(s)

2022-01-03 08:46:12 - [MESSAGE][PASSED] - Delayed 2 second(s)

2022-01-03 08:46:12 - [TEST_STEP][PASSED] - switch (action2): null

2022-01-03 08:46:12 - [TEST_STEP][PASSED] - case "1 year":: null

2022-01-03 08:46:12 - [TEST_STEP][PASSED] - tapAndHold(PORT_DETL_Btn1Year, 1, 0): Tapped and held on element 'Object Repository/Mobile/Page/Portfolio/Detail Mutual Funds/Button - 1 Year' with duration 1

2022-01-03 08:46:12 - [MESSAGE][WARNING] - Timeout '0' is invalid. Using default page load timeout: '60'

2022-01-03 08:46:15 - [MESSAGE][PASSED] - Tapped and held on element 'Object Repository/Mobile/Page/Portfolio/Detail Mutual Funds/Button - 1 Year' with duration 1

2022-01-03 08:46:15 - [TEST_STEP][PASSED] - break: null

2022-01-03 08:46:15 - [TEST_STEP][PASSED] - delay(3): Delayed 3 second(s)

2022-01-03 08:46:18 - [MESSAGE][PASSED] - Delayed 3 second(s)

2022-01-03 08:46:18 - [TEST_STEP][PASSED] - scroll.scroll.scrollScreenBottomToTop(): scroll.scroll.scrollScreenBottomToTop is PASSED

2022-01-03 08:46:18 - [MESSAGE][PASSED] - Current device physical height is 1423

2022-01-03 08:46:19 - [MESSAGE][PASSED] - Current device physical width is 720

2022-01-03 08:46:20 - [MESSAGE][PASSED] - Swiped from 360,1,138 to 360,284

2022-01-03 08:46:20 - [MESSAGE][PASSED] - scroll.scroll.scrollScreenBottomToTop is PASSED

2022-01-03 08:46:20 - [MESSAGE][PASSED] - Call Test Case 'Test Cases/Mobile/Page/Portfolio/Portfolio' successfully

2022-01-03 08:46:20 - [TEST_STEP][PASSED] - callTestCase(findTestCase("Mobile/Page/Run App/Terminate App"), [:], STOP_ON_FAILURE): Call Test Case 'Test Cases/Mobile/Page/Run App/Terminate App' successfully

2022-01-03 08:46:20 - [TEST_CASE][PASSED] - Test Cases/Mobile/Page/Run App/Terminate App: Test Cases/Mobile/Page/Run App/Terminate App

2022-01-03 08:46:20 - [TEST_STEP][PASSED] - startApp.OpenApp.terminateApplication(): startApp.OpenApp.terminateApplication is PASSED

2022-01-03 08:46:23 - [MESSAGE][PASSED] - Delayed 3 second(s)

2022-01-03 08:46:23 - [MESSAGE][PASSED] - Current device physical width is 720

2022-01-03 08:46:24 - [MESSAGE][PASSED] - Current device physical height is 1423

2022-01-03 08:46:25 - [MESSAGE][PASSED] - Swiped from 360,853 to 360,142

2022-01-03 08:46:26 - [MESSAGE][PASSED] - Delayed 1 second(s)

2022-01-03 08:46:28 - [MESSAGE][PASSED] - Swiped from 360,853 to 360,142

2022-01-03 08:46:31 - [MESSAGE][PASSED] - Delayed 3 second(s)

2022-01-03 08:46:31 - [MESSAGE][PASSED] - startApp.OpenApp.terminateApplication is PASSED

2022-01-03 08:46:31 - [MESSAGE][PASSED] - Call Test Case 'Test Cases/Mobile/Page/Run App/Terminate App' successfully]]></system-out>
         <system-err><![CDATA[]]></system-err>
      </testcase>
      <testcase name="Test Cases/Mobile/Scenario/Portfolio/017 - Melihat detail mutual fund 3 year" time="66.646" classname="Test Cases/Mobile/Scenario/Portfolio/017 - Melihat detail mutual fund 3 year" status="PASSED">
         <system-out><![CDATA[2022-01-03 08:46:31 - [TEST_CASE][PASSED] - Test Cases/Mobile/Scenario/Portfolio/017 - Melihat detail mutual fund 3 year: Test Cases/Mobile/Scenario/Portfolio/017 - Melihat detail mutual fund 3 year

2022-01-03 08:46:31 - [TEST_STEP][PASSED] - callTestCase(findTestCase("Mobile/Page/Run App/Run App byID"), [:], STOP_ON_FAILURE): Call Test Case 'Test Cases/Mobile/Page/Run App/Run App byID' successfully

2022-01-03 08:46:31 - [TEST_CASE][PASSED] - Test Cases/Mobile/Page/Run App/Run App byID: Test Cases/Mobile/Page/Run App/Run App byID

2022-01-03 08:46:31 - [TEST_STEP][PASSED] - startApp.OpenApp.startApplication("id.co.miraeasset.sageclub"): startApp.OpenApp.startApplication is PASSED

2022-01-03 08:46:46 - [MESSAGE][PASSED] - Starting app with application ID: 'id.co.miraeasset.sageclub'

2022-01-03 08:46:46 - [MESSAGE][PASSED] - startApp.OpenApp.startApplication is PASSED

2022-01-03 08:46:46 - [MESSAGE][PASSED] - Call Test Case 'Test Cases/Mobile/Page/Run App/Run App byID' successfully

2022-01-03 08:46:46 - [TEST_STEP][PASSED] - callTestCase(findTestCase("Mobile/Page/Portfolio/Portfolio"), ["tab":"mutualfund", "action2":"3 year"], CONTINUE_ON_FAILURE): Call Test Case 'Test Cases/Mobile/Page/Portfolio/Portfolio' successfully

2022-01-03 08:46:46 - [TEST_CASE][PASSED] - Test Cases/Mobile/Page/Portfolio/Portfolio: Test Cases/Mobile/Page/Portfolio/Portfolio

2022-01-03 08:46:46 - [TEST_STEP][PASSED] - callTestCase(findTestCase("Mobile/Page/CheckLogin"), [:], CONTINUE_ON_FAILURE): Call Test Case 'Test Cases/Mobile/Page/CheckLogin' successfully

2022-01-03 08:46:46 - [TEST_CASE][PASSED] - Test Cases/Mobile/Page/CheckLogin: Test Cases/Mobile/Page/CheckLogin

2022-01-03 08:46:46 - [TEST_STEP][PASSED] - loginCheck = verifyElementExist(LOGN_BtnLogin, 5, CONTINUE_ON_FAILURE): Element 'Object Repository/Mobile/Page/Login/Button - Login' is exist

2022-01-03 08:46:48 - [MESSAGE][PASSED] - Element 'Object Repository/Mobile/Page/Login/Button - Login' is exist

2022-01-03 08:46:48 - [TEST_STEP][PASSED] - if (loginCheck): Call Test Case 'Test Cases/Mobile/Page/Login/Login' successfully

2022-01-03 08:46:48 - [TEST_STEP][PASSED] - callTestCase(findTestCase("Mobile/Page/Login/Login"), ["action":"username"], CONTINUE_ON_FAILURE): Call Test Case 'Test Cases/Mobile/Page/Login/Login' successfully

2022-01-03 08:46:48 - [TEST_CASE][PASSED] - Test Cases/Mobile/Page/Login/Login: Test Cases/Mobile/Page/Login/Login

2022-01-03 08:46:48 - [TEST_STEP][PASSED] - delay(2): Delayed 2 second(s)

2022-01-03 08:46:50 - [MESSAGE][PASSED] - Delayed 2 second(s)

2022-01-03 08:46:50 - [TEST_STEP][PASSED] - for ([i = 0, i < 1, (i++)]): null

2022-01-03 08:46:50 - [TEST_STEP][PASSED] - if (action == "username"): null

2022-01-03 08:46:50 - [TEST_STEP][PASSED] - tap(LOGN_EdtUserID, 0): Tapped on element 'Object Repository/Mobile/Page/Login/Input - UserID'

2022-01-03 08:46:50 - [MESSAGE][WARNING] - Timeout '0' is invalid. Using default page load timeout: '60'

2022-01-03 08:46:51 - [MESSAGE][PASSED] - Tapped on element 'Object Repository/Mobile/Page/Login/Input - UserID'

2022-01-03 08:46:51 - [TEST_STEP][PASSED] - delay(1): Delayed 1 second(s)

2022-01-03 08:46:52 - [MESSAGE][PASSED] - Delayed 1 second(s)

2022-01-03 08:46:52 - [TEST_STEP][PASSED] - setText(LOGN_EdtRdyUserID, "anggaaditya", 0): Text 'anggaaditya' has been set to element 'Object Repository/Mobile/Page/Login/Input Rdy - UserID'

2022-01-03 08:46:52 - [MESSAGE][WARNING] - Timeout '0' is invalid. Using default page load timeout: '60'

2022-01-03 08:46:52 - [MESSAGE][PASSED] - Text 'anggaaditya' has been set to element 'Object Repository/Mobile/Page/Login/Input Rdy - UserID'

2022-01-03 08:46:52 - [TEST_STEP][PASSED] - delay(1): Delayed 1 second(s)

2022-01-03 08:46:53 - [MESSAGE][PASSED] - Delayed 1 second(s)

2022-01-03 08:46:53 - [TEST_STEP][PASSED] - hideKeyboard(): Keyboard is hidden

2022-01-03 08:46:57 - [MESSAGE][PASSED] - Keyboard is hidden

2022-01-03 08:46:57 - [TEST_STEP][PASSED] - tap(LOGN_EdtPassword, 0): Tapped on element 'Object Repository/Mobile/Page/Login/Input - Password'

2022-01-03 08:46:57 - [MESSAGE][WARNING] - Timeout '0' is invalid. Using default page load timeout: '60'

2022-01-03 08:46:58 - [MESSAGE][PASSED] - Tapped on element 'Object Repository/Mobile/Page/Login/Input - Password'

2022-01-03 08:46:58 - [TEST_STEP][PASSED] - delay(1): Delayed 1 second(s)

2022-01-03 08:46:59 - [MESSAGE][PASSED] - Delayed 1 second(s)

2022-01-03 08:46:59 - [TEST_STEP][PASSED] - setText(LOGN_EdtRdyPassword, "Shalawa18", 0): Text 'Shalawa18' has been set to element 'Object Repository/Mobile/Page/Login/Input Rdy - Password'

2022-01-03 08:46:59 - [MESSAGE][WARNING] - Timeout '0' is invalid. Using default page load timeout: '60'

2022-01-03 08:46:59 - [MESSAGE][PASSED] - Text 'Shalawa18' has been set to element 'Object Repository/Mobile/Page/Login/Input Rdy - Password'

2022-01-03 08:46:59 - [TEST_STEP][PASSED] - delay(1): Delayed 1 second(s)

2022-01-03 08:47:00 - [MESSAGE][PASSED] - Delayed 1 second(s)

2022-01-03 08:47:00 - [TEST_STEP][PASSED] - hideKeyboard(): Keyboard is hidden

2022-01-03 08:47:07 - [MESSAGE][PASSED] - Keyboard is hidden

2022-01-03 08:47:07 - [TEST_STEP][PASSED] - tap(LOGN_BtnLogin, 0): Tapped on element 'Object Repository/Mobile/Page/Login/Button - Login'

2022-01-03 08:47:07 - [MESSAGE][WARNING] - Timeout '0' is invalid. Using default page load timeout: '60'

2022-01-03 08:47:08 - [MESSAGE][PASSED] - Tapped on element 'Object Repository/Mobile/Page/Login/Button - Login'

2022-01-03 08:47:08 - [TEST_STEP][PASSED] - delay(2): Delayed 2 second(s)

2022-01-03 08:47:10 - [MESSAGE][PASSED] - Delayed 2 second(s)

2022-01-03 08:47:10 - [TEST_STEP][PASSED] - break: null

2022-01-03 08:47:10 - [MESSAGE][PASSED] - Call Test Case 'Test Cases/Mobile/Page/Login/Login' successfully

2022-01-03 08:47:10 - [MESSAGE][PASSED] - Call Test Case 'Test Cases/Mobile/Page/CheckLogin' successfully

2022-01-03 08:47:10 - [TEST_STEP][PASSED] - tap(HOME_MenubarPortfolio, 0): Tapped on element 'Object Repository/Mobile/Page/Home/Menubar - Portfolio'

2022-01-03 08:47:10 - [MESSAGE][WARNING] - Timeout '0' is invalid. Using default page load timeout: '60'

2022-01-03 08:47:11 - [MESSAGE][PASSED] - Tapped on element 'Object Repository/Mobile/Page/Home/Menubar - Portfolio'

2022-01-03 08:47:11 - [TEST_STEP][PASSED] - delay(1): Delayed 1 second(s)

2022-01-03 08:47:12 - [MESSAGE][PASSED] - Delayed 1 second(s)

2022-01-03 08:47:12 - [TEST_STEP][PASSED] - for ([i = 0, i < 1, (i++)]): scroll.scroll.scrollScreenBottomToTop is PASSED

2022-01-03 08:47:12 - [TEST_STEP][PASSED] - if (tab == "summary"): null

2022-01-03 08:47:12 - [TEST_STEP][PASSED] - else if (tab == "stock"): null

2022-01-03 08:47:12 - [TEST_STEP][PASSED] - else if (tab == "mutualfund"): scroll.scroll.scrollScreenBottomToTop is PASSED

2022-01-03 08:47:12 - [TEST_STEP][PASSED] - tap(PORT_TabMutualFund, 0): Tapped on element 'Object Repository/Mobile/Page/Portfolio/Tab - Mutual Fund'

2022-01-03 08:47:12 - [MESSAGE][WARNING] - Timeout '0' is invalid. Using default page load timeout: '60'

2022-01-03 08:47:13 - [MESSAGE][PASSED] - Tapped on element 'Object Repository/Mobile/Page/Portfolio/Tab - Mutual Fund'

2022-01-03 08:47:13 - [TEST_STEP][PASSED] - delay(1): Delayed 1 second(s)

2022-01-03 08:47:14 - [MESSAGE][PASSED] - Delayed 1 second(s)

2022-01-03 08:47:14 - [TEST_STEP][PASSED] - try: scroll.scroll.scrollScreenBottomToTop is PASSED

2022-01-03 08:47:14 - [TEST_STEP][PASSED] - tapAndHold(PORT_ItemTopMutualFund, 1, 10): Tapped and held on element 'Object Repository/Mobile/Page/Portfolio/Item - Top Mutual Fund' with duration 1

2022-01-03 08:47:17 - [MESSAGE][PASSED] - Tapped and held on element 'Object Repository/Mobile/Page/Portfolio/Item - Top Mutual Fund' with duration 1

2022-01-03 08:47:17 - [TEST_STEP][PASSED] - delay(2): Delayed 2 second(s)

2022-01-03 08:47:19 - [MESSAGE][PASSED] - Delayed 2 second(s)

2022-01-03 08:47:19 - [TEST_STEP][PASSED] - switch (action2): null

2022-01-03 08:47:19 - [TEST_STEP][PASSED] - case "3 year":: null

2022-01-03 08:47:19 - [TEST_STEP][PASSED] - tapAndHold(PORT_DETL_Btn3Year, 1, 0): Tapped and held on element 'Object Repository/Mobile/Page/Portfolio/Detail Mutual Funds/Button - 3 Year' with duration 1

2022-01-03 08:47:19 - [MESSAGE][WARNING] - Timeout '0' is invalid. Using default page load timeout: '60'

2022-01-03 08:47:22 - [MESSAGE][PASSED] - Tapped and held on element 'Object Repository/Mobile/Page/Portfolio/Detail Mutual Funds/Button - 3 Year' with duration 1

2022-01-03 08:47:22 - [TEST_STEP][PASSED] - break: null

2022-01-03 08:47:22 - [TEST_STEP][PASSED] - delay(3): Delayed 3 second(s)

2022-01-03 08:47:25 - [MESSAGE][PASSED] - Delayed 3 second(s)

2022-01-03 08:47:25 - [TEST_STEP][PASSED] - scroll.scroll.scrollScreenBottomToTop(): scroll.scroll.scrollScreenBottomToTop is PASSED

2022-01-03 08:47:25 - [MESSAGE][PASSED] - Current device physical height is 1423

2022-01-03 08:47:26 - [MESSAGE][PASSED] - Current device physical width is 720

2022-01-03 08:47:27 - [MESSAGE][PASSED] - Swiped from 360,1,138 to 360,284

2022-01-03 08:47:27 - [MESSAGE][PASSED] - scroll.scroll.scrollScreenBottomToTop is PASSED

2022-01-03 08:47:27 - [MESSAGE][PASSED] - Call Test Case 'Test Cases/Mobile/Page/Portfolio/Portfolio' successfully

2022-01-03 08:47:27 - [TEST_STEP][PASSED] - callTestCase(findTestCase("Mobile/Page/Run App/Terminate App"), [:], STOP_ON_FAILURE): Call Test Case 'Test Cases/Mobile/Page/Run App/Terminate App' successfully

2022-01-03 08:47:27 - [TEST_CASE][PASSED] - Test Cases/Mobile/Page/Run App/Terminate App: Test Cases/Mobile/Page/Run App/Terminate App

2022-01-03 08:47:27 - [TEST_STEP][PASSED] - startApp.OpenApp.terminateApplication(): startApp.OpenApp.terminateApplication is PASSED

2022-01-03 08:47:30 - [MESSAGE][PASSED] - Delayed 3 second(s)

2022-01-03 08:47:30 - [MESSAGE][PASSED] - Current device physical width is 720

2022-01-03 08:47:30 - [MESSAGE][PASSED] - Current device physical height is 1423

2022-01-03 08:47:32 - [MESSAGE][PASSED] - Swiped from 360,853 to 360,142

2022-01-03 08:47:33 - [MESSAGE][PASSED] - Delayed 1 second(s)

2022-01-03 08:47:34 - [MESSAGE][PASSED] - Swiped from 360,853 to 360,142

2022-01-03 08:47:37 - [MESSAGE][PASSED] - Delayed 3 second(s)

2022-01-03 08:47:37 - [MESSAGE][PASSED] - startApp.OpenApp.terminateApplication is PASSED

2022-01-03 08:47:37 - [MESSAGE][PASSED] - Call Test Case 'Test Cases/Mobile/Page/Run App/Terminate App' successfully]]></system-out>
         <system-err><![CDATA[]]></system-err>
      </testcase>
      <testcase name="Test Cases/Mobile/Scenario/Portfolio/018 - Melihat detail mutual fund 5 year" time="64.783" classname="Test Cases/Mobile/Scenario/Portfolio/018 - Melihat detail mutual fund 5 year" status="PASSED">
         <system-out><![CDATA[2022-01-03 08:47:37 - [TEST_CASE][PASSED] - Test Cases/Mobile/Scenario/Portfolio/018 - Melihat detail mutual fund 5 year: Test Cases/Mobile/Scenario/Portfolio/018 - Melihat detail mutual fund 5 year

2022-01-03 08:47:37 - [TEST_STEP][PASSED] - callTestCase(findTestCase("Mobile/Page/Run App/Run App byID"), [:], STOP_ON_FAILURE): Call Test Case 'Test Cases/Mobile/Page/Run App/Run App byID' successfully

2022-01-03 08:47:38 - [TEST_CASE][PASSED] - Test Cases/Mobile/Page/Run App/Run App byID: Test Cases/Mobile/Page/Run App/Run App byID

2022-01-03 08:47:38 - [TEST_STEP][PASSED] - startApp.OpenApp.startApplication("id.co.miraeasset.sageclub"): startApp.OpenApp.startApplication is PASSED

2022-01-03 08:47:51 - [MESSAGE][PASSED] - Starting app with application ID: 'id.co.miraeasset.sageclub'

2022-01-03 08:47:51 - [MESSAGE][PASSED] - startApp.OpenApp.startApplication is PASSED

2022-01-03 08:47:51 - [MESSAGE][PASSED] - Call Test Case 'Test Cases/Mobile/Page/Run App/Run App byID' successfully

2022-01-03 08:47:51 - [TEST_STEP][PASSED] - callTestCase(findTestCase("Mobile/Page/Portfolio/Portfolio"), ["tab":"mutualfund", "action2":"5 year"], CONTINUE_ON_FAILURE): Call Test Case 'Test Cases/Mobile/Page/Portfolio/Portfolio' successfully

2022-01-03 08:47:51 - [TEST_CASE][PASSED] - Test Cases/Mobile/Page/Portfolio/Portfolio: Test Cases/Mobile/Page/Portfolio/Portfolio

2022-01-03 08:47:51 - [TEST_STEP][PASSED] - callTestCase(findTestCase("Mobile/Page/CheckLogin"), [:], CONTINUE_ON_FAILURE): Call Test Case 'Test Cases/Mobile/Page/CheckLogin' successfully

2022-01-03 08:47:51 - [TEST_CASE][PASSED] - Test Cases/Mobile/Page/CheckLogin: Test Cases/Mobile/Page/CheckLogin

2022-01-03 08:47:51 - [TEST_STEP][PASSED] - loginCheck = verifyElementExist(LOGN_BtnLogin, 5, CONTINUE_ON_FAILURE): Element 'Object Repository/Mobile/Page/Login/Button - Login' is exist

2022-01-03 08:47:53 - [MESSAGE][PASSED] - Element 'Object Repository/Mobile/Page/Login/Button - Login' is exist

2022-01-03 08:47:53 - [TEST_STEP][PASSED] - if (loginCheck): Call Test Case 'Test Cases/Mobile/Page/Login/Login' successfully

2022-01-03 08:47:53 - [TEST_STEP][PASSED] - callTestCase(findTestCase("Mobile/Page/Login/Login"), ["action":"username"], CONTINUE_ON_FAILURE): Call Test Case 'Test Cases/Mobile/Page/Login/Login' successfully

2022-01-03 08:47:53 - [TEST_CASE][PASSED] - Test Cases/Mobile/Page/Login/Login: Test Cases/Mobile/Page/Login/Login

2022-01-03 08:47:53 - [TEST_STEP][PASSED] - delay(2): Delayed 2 second(s)

2022-01-03 08:47:55 - [MESSAGE][PASSED] - Delayed 2 second(s)

2022-01-03 08:47:55 - [TEST_STEP][PASSED] - for ([i = 0, i < 1, (i++)]): null

2022-01-03 08:47:55 - [TEST_STEP][PASSED] - if (action == "username"): null

2022-01-03 08:47:55 - [TEST_STEP][PASSED] - tap(LOGN_EdtUserID, 0): Tapped on element 'Object Repository/Mobile/Page/Login/Input - UserID'

2022-01-03 08:47:55 - [MESSAGE][WARNING] - Timeout '0' is invalid. Using default page load timeout: '60'

2022-01-03 08:47:56 - [MESSAGE][PASSED] - Tapped on element 'Object Repository/Mobile/Page/Login/Input - UserID'

2022-01-03 08:47:56 - [TEST_STEP][PASSED] - delay(1): Delayed 1 second(s)

2022-01-03 08:47:57 - [MESSAGE][PASSED] - Delayed 1 second(s)

2022-01-03 08:47:57 - [TEST_STEP][PASSED] - setText(LOGN_EdtRdyUserID, "anggaaditya", 0): Text 'anggaaditya' has been set to element 'Object Repository/Mobile/Page/Login/Input Rdy - UserID'

2022-01-03 08:47:57 - [MESSAGE][WARNING] - Timeout '0' is invalid. Using default page load timeout: '60'

2022-01-03 08:47:57 - [MESSAGE][PASSED] - Text 'anggaaditya' has been set to element 'Object Repository/Mobile/Page/Login/Input Rdy - UserID'

2022-01-03 08:47:57 - [TEST_STEP][PASSED] - delay(1): Delayed 1 second(s)

2022-01-03 08:47:58 - [MESSAGE][PASSED] - Delayed 1 second(s)

2022-01-03 08:47:58 - [TEST_STEP][PASSED] - hideKeyboard(): Keyboard is hidden

2022-01-03 08:48:02 - [MESSAGE][PASSED] - Keyboard is hidden

2022-01-03 08:48:02 - [TEST_STEP][PASSED] - tap(LOGN_EdtPassword, 0): Tapped on element 'Object Repository/Mobile/Page/Login/Input - Password'

2022-01-03 08:48:02 - [MESSAGE][WARNING] - Timeout '0' is invalid. Using default page load timeout: '60'

2022-01-03 08:48:03 - [MESSAGE][PASSED] - Tapped on element 'Object Repository/Mobile/Page/Login/Input - Password'

2022-01-03 08:48:03 - [TEST_STEP][PASSED] - delay(1): Delayed 1 second(s)

2022-01-03 08:48:04 - [MESSAGE][PASSED] - Delayed 1 second(s)

2022-01-03 08:48:04 - [TEST_STEP][PASSED] - setText(LOGN_EdtRdyPassword, "Shalawa18", 0): Text 'Shalawa18' has been set to element 'Object Repository/Mobile/Page/Login/Input Rdy - Password'

2022-01-03 08:48:04 - [MESSAGE][WARNING] - Timeout '0' is invalid. Using default page load timeout: '60'

2022-01-03 08:48:04 - [MESSAGE][PASSED] - Text 'Shalawa18' has been set to element 'Object Repository/Mobile/Page/Login/Input Rdy - Password'

2022-01-03 08:48:04 - [TEST_STEP][PASSED] - delay(1): Delayed 1 second(s)

2022-01-03 08:48:05 - [MESSAGE][PASSED] - Delayed 1 second(s)

2022-01-03 08:48:05 - [TEST_STEP][PASSED] - hideKeyboard(): Keyboard is hidden

2022-01-03 08:48:11 - [MESSAGE][PASSED] - Keyboard is hidden

2022-01-03 08:48:12 - [TEST_STEP][PASSED] - tap(LOGN_BtnLogin, 0): Tapped on element 'Object Repository/Mobile/Page/Login/Button - Login'

2022-01-03 08:48:12 - [MESSAGE][WARNING] - Timeout '0' is invalid. Using default page load timeout: '60'

2022-01-03 08:48:12 - [MESSAGE][PASSED] - Tapped on element 'Object Repository/Mobile/Page/Login/Button - Login'

2022-01-03 08:48:12 - [TEST_STEP][PASSED] - delay(2): Delayed 2 second(s)

2022-01-03 08:48:14 - [MESSAGE][PASSED] - Delayed 2 second(s)

2022-01-03 08:48:14 - [TEST_STEP][PASSED] - break: null

2022-01-03 08:48:14 - [MESSAGE][PASSED] - Call Test Case 'Test Cases/Mobile/Page/Login/Login' successfully

2022-01-03 08:48:14 - [MESSAGE][PASSED] - Call Test Case 'Test Cases/Mobile/Page/CheckLogin' successfully

2022-01-03 08:48:14 - [TEST_STEP][PASSED] - tap(HOME_MenubarPortfolio, 0): Tapped on element 'Object Repository/Mobile/Page/Home/Menubar - Portfolio'

2022-01-03 08:48:14 - [MESSAGE][WARNING] - Timeout '0' is invalid. Using default page load timeout: '60'

2022-01-03 08:48:15 - [MESSAGE][PASSED] - Tapped on element 'Object Repository/Mobile/Page/Home/Menubar - Portfolio'

2022-01-03 08:48:15 - [TEST_STEP][PASSED] - delay(1): Delayed 1 second(s)

2022-01-03 08:48:16 - [MESSAGE][PASSED] - Delayed 1 second(s)

2022-01-03 08:48:16 - [TEST_STEP][PASSED] - for ([i = 0, i < 1, (i++)]): scroll.scroll.scrollScreenBottomToTop is PASSED

2022-01-03 08:48:16 - [TEST_STEP][PASSED] - if (tab == "summary"): null

2022-01-03 08:48:16 - [TEST_STEP][PASSED] - else if (tab == "stock"): null

2022-01-03 08:48:16 - [TEST_STEP][PASSED] - else if (tab == "mutualfund"): scroll.scroll.scrollScreenBottomToTop is PASSED

2022-01-03 08:48:16 - [TEST_STEP][PASSED] - tap(PORT_TabMutualFund, 0): Tapped on element 'Object Repository/Mobile/Page/Portfolio/Tab - Mutual Fund'

2022-01-03 08:48:16 - [MESSAGE][WARNING] - Timeout '0' is invalid. Using default page load timeout: '60'

2022-01-03 08:48:18 - [MESSAGE][PASSED] - Tapped on element 'Object Repository/Mobile/Page/Portfolio/Tab - Mutual Fund'

2022-01-03 08:48:18 - [TEST_STEP][PASSED] - delay(1): Delayed 1 second(s)

2022-01-03 08:48:19 - [MESSAGE][PASSED] - Delayed 1 second(s)

2022-01-03 08:48:19 - [TEST_STEP][PASSED] - try: scroll.scroll.scrollScreenBottomToTop is PASSED

2022-01-03 08:48:19 - [TEST_STEP][PASSED] - tapAndHold(PORT_ItemTopMutualFund, 1, 10): Tapped and held on element 'Object Repository/Mobile/Page/Portfolio/Item - Top Mutual Fund' with duration 1

2022-01-03 08:48:22 - [MESSAGE][PASSED] - Tapped and held on element 'Object Repository/Mobile/Page/Portfolio/Item - Top Mutual Fund' with duration 1

2022-01-03 08:48:22 - [TEST_STEP][PASSED] - delay(2): Delayed 2 second(s)

2022-01-03 08:48:24 - [MESSAGE][PASSED] - Delayed 2 second(s)

2022-01-03 08:48:24 - [TEST_STEP][PASSED] - switch (action2): null

2022-01-03 08:48:24 - [TEST_STEP][PASSED] - case "5 year":: null

2022-01-03 08:48:24 - [TEST_STEP][PASSED] - tapAndHold(PORT_DETL_Btn5Year, 1, 0): Tapped and held on element 'Object Repository/Mobile/Page/Portfolio/Detail Mutual Funds/Button - 5 Year' with duration 1

2022-01-03 08:48:24 - [MESSAGE][WARNING] - Timeout '0' is invalid. Using default page load timeout: '60'

2022-01-03 08:48:27 - [MESSAGE][PASSED] - Tapped and held on element 'Object Repository/Mobile/Page/Portfolio/Detail Mutual Funds/Button - 5 Year' with duration 1

2022-01-03 08:48:27 - [TEST_STEP][PASSED] - break: null

2022-01-03 08:48:27 - [TEST_STEP][PASSED] - delay(3): Delayed 3 second(s)

2022-01-03 08:48:30 - [MESSAGE][PASSED] - Delayed 3 second(s)

2022-01-03 08:48:30 - [TEST_STEP][PASSED] - scroll.scroll.scrollScreenBottomToTop(): scroll.scroll.scrollScreenBottomToTop is PASSED

2022-01-03 08:48:30 - [MESSAGE][PASSED] - Current device physical height is 1423

2022-01-03 08:48:30 - [MESSAGE][PASSED] - Current device physical width is 720

2022-01-03 08:48:32 - [MESSAGE][PASSED] - Swiped from 360,1,138 to 360,284

2022-01-03 08:48:32 - [MESSAGE][PASSED] - scroll.scroll.scrollScreenBottomToTop is PASSED

2022-01-03 08:48:32 - [MESSAGE][PASSED] - Call Test Case 'Test Cases/Mobile/Page/Portfolio/Portfolio' successfully

2022-01-03 08:48:32 - [TEST_STEP][PASSED] - callTestCase(findTestCase("Mobile/Page/Run App/Terminate App"), [:], STOP_ON_FAILURE): Call Test Case 'Test Cases/Mobile/Page/Run App/Terminate App' successfully

2022-01-03 08:48:32 - [TEST_CASE][PASSED] - Test Cases/Mobile/Page/Run App/Terminate App: Test Cases/Mobile/Page/Run App/Terminate App

2022-01-03 08:48:32 - [TEST_STEP][PASSED] - startApp.OpenApp.terminateApplication(): startApp.OpenApp.terminateApplication is PASSED

2022-01-03 08:48:35 - [MESSAGE][PASSED] - Delayed 3 second(s)

2022-01-03 08:48:35 - [MESSAGE][PASSED] - Current device physical width is 720

2022-01-03 08:48:35 - [MESSAGE][PASSED] - Current device physical height is 1423

2022-01-03 08:48:37 - [MESSAGE][PASSED] - Swiped from 360,853 to 360,142

2022-01-03 08:48:38 - [MESSAGE][PASSED] - Delayed 1 second(s)

2022-01-03 08:48:39 - [MESSAGE][PASSED] - Swiped from 360,853 to 360,142

2022-01-03 08:48:42 - [MESSAGE][PASSED] - Delayed 3 second(s)

2022-01-03 08:48:42 - [MESSAGE][PASSED] - startApp.OpenApp.terminateApplication is PASSED

2022-01-03 08:48:42 - [MESSAGE][PASSED] - Call Test Case 'Test Cases/Mobile/Page/Run App/Terminate App' successfully]]></system-out>
         <system-err><![CDATA[]]></system-err>
      </testcase>
      <testcase name="Test Cases/Mobile/Scenario/Portfolio/019 - Melihat detail mutual fund 10 year" time="64.655" classname="Test Cases/Mobile/Scenario/Portfolio/019 - Melihat detail mutual fund 10 year" status="PASSED">
         <system-out><![CDATA[2022-01-03 08:48:42 - [TEST_CASE][PASSED] - Test Cases/Mobile/Scenario/Portfolio/019 - Melihat detail mutual fund 10 year: Test Cases/Mobile/Scenario/Portfolio/019 - Melihat detail mutual fund 10 year

2022-01-03 08:48:42 - [TEST_STEP][PASSED] - callTestCase(findTestCase("Mobile/Page/Run App/Run App byID"), [:], STOP_ON_FAILURE): Call Test Case 'Test Cases/Mobile/Page/Run App/Run App byID' successfully

2022-01-03 08:48:42 - [TEST_CASE][PASSED] - Test Cases/Mobile/Page/Run App/Run App byID: Test Cases/Mobile/Page/Run App/Run App byID

2022-01-03 08:48:42 - [TEST_STEP][PASSED] - startApp.OpenApp.startApplication("id.co.miraeasset.sageclub"): startApp.OpenApp.startApplication is PASSED

2022-01-03 08:48:56 - [MESSAGE][PASSED] - Starting app with application ID: 'id.co.miraeasset.sageclub'

2022-01-03 08:48:56 - [MESSAGE][PASSED] - startApp.OpenApp.startApplication is PASSED

2022-01-03 08:48:56 - [MESSAGE][PASSED] - Call Test Case 'Test Cases/Mobile/Page/Run App/Run App byID' successfully

2022-01-03 08:48:56 - [TEST_STEP][PASSED] - callTestCase(findTestCase("Mobile/Page/Portfolio/Portfolio"), ["tab":"mutualfund", "action2":"10 year"], CONTINUE_ON_FAILURE): Call Test Case 'Test Cases/Mobile/Page/Portfolio/Portfolio' successfully

2022-01-03 08:48:56 - [TEST_CASE][PASSED] - Test Cases/Mobile/Page/Portfolio/Portfolio: Test Cases/Mobile/Page/Portfolio/Portfolio

2022-01-03 08:48:56 - [TEST_STEP][PASSED] - callTestCase(findTestCase("Mobile/Page/CheckLogin"), [:], CONTINUE_ON_FAILURE): Call Test Case 'Test Cases/Mobile/Page/CheckLogin' successfully

2022-01-03 08:48:56 - [TEST_CASE][PASSED] - Test Cases/Mobile/Page/CheckLogin: Test Cases/Mobile/Page/CheckLogin

2022-01-03 08:48:56 - [TEST_STEP][PASSED] - loginCheck = verifyElementExist(LOGN_BtnLogin, 5, CONTINUE_ON_FAILURE): Element 'Object Repository/Mobile/Page/Login/Button - Login' is exist

2022-01-03 08:48:58 - [MESSAGE][PASSED] - Element 'Object Repository/Mobile/Page/Login/Button - Login' is exist

2022-01-03 08:48:58 - [TEST_STEP][PASSED] - if (loginCheck): Call Test Case 'Test Cases/Mobile/Page/Login/Login' successfully

2022-01-03 08:48:58 - [TEST_STEP][PASSED] - callTestCase(findTestCase("Mobile/Page/Login/Login"), ["action":"username"], CONTINUE_ON_FAILURE): Call Test Case 'Test Cases/Mobile/Page/Login/Login' successfully

2022-01-03 08:48:58 - [TEST_CASE][PASSED] - Test Cases/Mobile/Page/Login/Login: Test Cases/Mobile/Page/Login/Login

2022-01-03 08:48:58 - [TEST_STEP][PASSED] - delay(2): Delayed 2 second(s)

2022-01-03 08:49:00 - [MESSAGE][PASSED] - Delayed 2 second(s)

2022-01-03 08:49:00 - [TEST_STEP][PASSED] - for ([i = 0, i < 1, (i++)]): null

2022-01-03 08:49:00 - [TEST_STEP][PASSED] - if (action == "username"): null

2022-01-03 08:49:00 - [TEST_STEP][PASSED] - tap(LOGN_EdtUserID, 0): Tapped on element 'Object Repository/Mobile/Page/Login/Input - UserID'

2022-01-03 08:49:00 - [MESSAGE][WARNING] - Timeout '0' is invalid. Using default page load timeout: '60'

2022-01-03 08:49:00 - [MESSAGE][PASSED] - Tapped on element 'Object Repository/Mobile/Page/Login/Input - UserID'

2022-01-03 08:49:00 - [TEST_STEP][PASSED] - delay(1): Delayed 1 second(s)

2022-01-03 08:49:01 - [MESSAGE][PASSED] - Delayed 1 second(s)

2022-01-03 08:49:01 - [TEST_STEP][PASSED] - setText(LOGN_EdtRdyUserID, "anggaaditya", 0): Text 'anggaaditya' has been set to element 'Object Repository/Mobile/Page/Login/Input Rdy - UserID'

2022-01-03 08:49:01 - [MESSAGE][WARNING] - Timeout '0' is invalid. Using default page load timeout: '60'

2022-01-03 08:49:02 - [MESSAGE][PASSED] - Text 'anggaaditya' has been set to element 'Object Repository/Mobile/Page/Login/Input Rdy - UserID'

2022-01-03 08:49:02 - [TEST_STEP][PASSED] - delay(1): Delayed 1 second(s)

2022-01-03 08:49:03 - [MESSAGE][PASSED] - Delayed 1 second(s)

2022-01-03 08:49:03 - [TEST_STEP][PASSED] - hideKeyboard(): Keyboard is hidden

2022-01-03 08:49:07 - [MESSAGE][PASSED] - Keyboard is hidden

2022-01-03 08:49:07 - [TEST_STEP][PASSED] - tap(LOGN_EdtPassword, 0): Tapped on element 'Object Repository/Mobile/Page/Login/Input - Password'

2022-01-03 08:49:07 - [MESSAGE][WARNING] - Timeout '0' is invalid. Using default page load timeout: '60'

2022-01-03 08:49:08 - [MESSAGE][PASSED] - Tapped on element 'Object Repository/Mobile/Page/Login/Input - Password'

2022-01-03 08:49:08 - [TEST_STEP][PASSED] - delay(1): Delayed 1 second(s)

2022-01-03 08:49:09 - [MESSAGE][PASSED] - Delayed 1 second(s)

2022-01-03 08:49:09 - [TEST_STEP][PASSED] - setText(LOGN_EdtRdyPassword, "Shalawa18", 0): Text 'Shalawa18' has been set to element 'Object Repository/Mobile/Page/Login/Input Rdy - Password'

2022-01-03 08:49:09 - [MESSAGE][WARNING] - Timeout '0' is invalid. Using default page load timeout: '60'

2022-01-03 08:49:10 - [MESSAGE][PASSED] - Text 'Shalawa18' has been set to element 'Object Repository/Mobile/Page/Login/Input Rdy - Password'

2022-01-03 08:49:10 - [TEST_STEP][PASSED] - delay(1): Delayed 1 second(s)

2022-01-03 08:49:11 - [MESSAGE][PASSED] - Delayed 1 second(s)

2022-01-03 08:49:11 - [TEST_STEP][PASSED] - hideKeyboard(): Keyboard is hidden

2022-01-03 08:49:17 - [MESSAGE][PASSED] - Keyboard is hidden

2022-01-03 08:49:17 - [TEST_STEP][PASSED] - tap(LOGN_BtnLogin, 0): Tapped on element 'Object Repository/Mobile/Page/Login/Button - Login'

2022-01-03 08:49:17 - [MESSAGE][WARNING] - Timeout '0' is invalid. Using default page load timeout: '60'

2022-01-03 08:49:18 - [MESSAGE][PASSED] - Tapped on element 'Object Repository/Mobile/Page/Login/Button - Login'

2022-01-03 08:49:18 - [TEST_STEP][PASSED] - delay(2): Delayed 2 second(s)

2022-01-03 08:49:20 - [MESSAGE][PASSED] - Delayed 2 second(s)

2022-01-03 08:49:20 - [TEST_STEP][PASSED] - break: null

2022-01-03 08:49:20 - [MESSAGE][PASSED] - Call Test Case 'Test Cases/Mobile/Page/Login/Login' successfully

2022-01-03 08:49:20 - [MESSAGE][PASSED] - Call Test Case 'Test Cases/Mobile/Page/CheckLogin' successfully

2022-01-03 08:49:20 - [TEST_STEP][PASSED] - tap(HOME_MenubarPortfolio, 0): Tapped on element 'Object Repository/Mobile/Page/Home/Menubar - Portfolio'

2022-01-03 08:49:20 - [MESSAGE][WARNING] - Timeout '0' is invalid. Using default page load timeout: '60'

2022-01-03 08:49:21 - [MESSAGE][PASSED] - Tapped on element 'Object Repository/Mobile/Page/Home/Menubar - Portfolio'

2022-01-03 08:49:21 - [TEST_STEP][PASSED] - delay(1): Delayed 1 second(s)

2022-01-03 08:49:22 - [MESSAGE][PASSED] - Delayed 1 second(s)

2022-01-03 08:49:22 - [TEST_STEP][PASSED] - for ([i = 0, i < 1, (i++)]): scroll.scroll.scrollScreenBottomToTop is PASSED

2022-01-03 08:49:22 - [TEST_STEP][PASSED] - if (tab == "summary"): null

2022-01-03 08:49:22 - [TEST_STEP][PASSED] - else if (tab == "stock"): null

2022-01-03 08:49:22 - [TEST_STEP][PASSED] - else if (tab == "mutualfund"): scroll.scroll.scrollScreenBottomToTop is PASSED

2022-01-03 08:49:22 - [TEST_STEP][PASSED] - tap(PORT_TabMutualFund, 0): Tapped on element 'Object Repository/Mobile/Page/Portfolio/Tab - Mutual Fund'

2022-01-03 08:49:22 - [MESSAGE][WARNING] - Timeout '0' is invalid. Using default page load timeout: '60'

2022-01-03 08:49:22 - [MESSAGE][PASSED] - Tapped on element 'Object Repository/Mobile/Page/Portfolio/Tab - Mutual Fund'

2022-01-03 08:49:22 - [TEST_STEP][PASSED] - delay(1): Delayed 1 second(s)

2022-01-03 08:49:23 - [MESSAGE][PASSED] - Delayed 1 second(s)

2022-01-03 08:49:23 - [TEST_STEP][PASSED] - try: scroll.scroll.scrollScreenBottomToTop is PASSED

2022-01-03 08:49:23 - [TEST_STEP][PASSED] - tapAndHold(PORT_ItemTopMutualFund, 1, 10): Tapped and held on element 'Object Repository/Mobile/Page/Portfolio/Item - Top Mutual Fund' with duration 1

2022-01-03 08:49:26 - [MESSAGE][PASSED] - Tapped and held on element 'Object Repository/Mobile/Page/Portfolio/Item - Top Mutual Fund' with duration 1

2022-01-03 08:49:26 - [TEST_STEP][PASSED] - delay(2): Delayed 2 second(s)

2022-01-03 08:49:28 - [MESSAGE][PASSED] - Delayed 2 second(s)

2022-01-03 08:49:28 - [TEST_STEP][PASSED] - switch (action2): null

2022-01-03 08:49:28 - [TEST_STEP][PASSED] - case "10 year":: null

2022-01-03 08:49:28 - [TEST_STEP][PASSED] - tapAndHold(PORT_DETL_Btn10Year, 1, 0): Tapped and held on element 'Object Repository/Mobile/Page/Portfolio/Detail Mutual Funds/Button - 10 Year' with duration 1

2022-01-03 08:49:28 - [MESSAGE][WARNING] - Timeout '0' is invalid. Using default page load timeout: '60'

2022-01-03 08:49:31 - [MESSAGE][PASSED] - Tapped and held on element 'Object Repository/Mobile/Page/Portfolio/Detail Mutual Funds/Button - 10 Year' with duration 1

2022-01-03 08:49:31 - [TEST_STEP][PASSED] - break: null

2022-01-03 08:49:31 - [TEST_STEP][PASSED] - delay(3): Delayed 3 second(s)

2022-01-03 08:49:34 - [MESSAGE][PASSED] - Delayed 3 second(s)

2022-01-03 08:49:34 - [TEST_STEP][PASSED] - scroll.scroll.scrollScreenBottomToTop(): scroll.scroll.scrollScreenBottomToTop is PASSED

2022-01-03 08:49:35 - [MESSAGE][PASSED] - Current device physical height is 1423

2022-01-03 08:49:35 - [MESSAGE][PASSED] - Current device physical width is 720

2022-01-03 08:49:36 - [MESSAGE][PASSED] - Swiped from 360,1,138 to 360,284

2022-01-03 08:49:36 - [MESSAGE][PASSED] - scroll.scroll.scrollScreenBottomToTop is PASSED

2022-01-03 08:49:36 - [MESSAGE][PASSED] - Call Test Case 'Test Cases/Mobile/Page/Portfolio/Portfolio' successfully

2022-01-03 08:49:36 - [TEST_STEP][PASSED] - callTestCase(findTestCase("Mobile/Page/Run App/Terminate App"), [:], STOP_ON_FAILURE): Call Test Case 'Test Cases/Mobile/Page/Run App/Terminate App' successfully

2022-01-03 08:49:36 - [TEST_CASE][PASSED] - Test Cases/Mobile/Page/Run App/Terminate App: Test Cases/Mobile/Page/Run App/Terminate App

2022-01-03 08:49:36 - [TEST_STEP][PASSED] - startApp.OpenApp.terminateApplication(): startApp.OpenApp.terminateApplication is PASSED

2022-01-03 08:49:39 - [MESSAGE][PASSED] - Delayed 3 second(s)

2022-01-03 08:49:40 - [MESSAGE][PASSED] - Current device physical width is 720

2022-01-03 08:49:40 - [MESSAGE][PASSED] - Current device physical height is 1423

2022-01-03 08:49:41 - [MESSAGE][PASSED] - Swiped from 360,853 to 360,142

2022-01-03 08:49:42 - [MESSAGE][PASSED] - Delayed 1 second(s)

2022-01-03 08:49:44 - [MESSAGE][PASSED] - Swiped from 360,853 to 360,142

2022-01-03 08:49:47 - [MESSAGE][PASSED] - Delayed 3 second(s)

2022-01-03 08:49:47 - [MESSAGE][PASSED] - startApp.OpenApp.terminateApplication is PASSED

2022-01-03 08:49:47 - [MESSAGE][PASSED] - Call Test Case 'Test Cases/Mobile/Page/Run App/Terminate App' successfully]]></system-out>
         <system-err><![CDATA[]]></system-err>
      </testcase>
      <system-out><![CDATA[2022-01-03 08:29:27 - [TEST_SUITE][PASSED] - portfolio: Test Cases/Mobile/Scenario/Portfolio/019 - Melihat detail mutual fund 10 year]]></system-out>
      <system-err><![CDATA[]]></system-err>
   </testsuite>
</testsuites>
