<?xml version="1.0" encoding="UTF-8"?>
<testsuites name="news" time="348.23" tests="5" failures="0" skips="0" errors="0">
   <testsuite name="news" tests="5" failures="0" errors="0" time="348.23" skips="0" timestamp="2022-01-11 09:42:05" hostname="Owner - aldy-tft" id="Test Suites/news">
      <properties>
         <property name="deviceName" value="samsung SM-A205F (Android 11)"/>
         <property name="devicePlatform" value=""/>
         <property name="logFolder" value="C:\\Users\\Owner\\Documents\\kerjaan\\KatalonProject\\qa_katalon_pwm\\qa_katalon_pwm\\Reports\\20220111_094158\\news\\20220111_094158"/>
         <property name="logFiles" value="C:\\Users\\Owner\\Documents\\kerjaan\\KatalonProject\\qa_katalon_pwm\\qa_katalon_pwm\\Reports\\20220111_094158\\news\\20220111_094158\\appium.log, C:\\Users\\Owner\\Documents\\kerjaan\\KatalonProject\\qa_katalon_pwm\\qa_katalon_pwm\\Reports\\20220111_094158\\news\\20220111_094158\\execution0.log"/>
         <property name="attachments" value=""/>
         <property name="hostName" value="Owner - aldy-tft"/>
         <property name="os" value="Windows 10 64bit"/>
         <property name="appiumServerStatus" value="{&quot;value&quot;:{&quot;build&quot;:{&quot;version&quot;:&quot;1.22.0&quot;}},&quot;sessionId&quot;:null,&quot;status&quot;:0}"/>
         <property name="katalonVersion" value="7.9.1.208"/>
         <property name="deviceOS" value="Android"/>
         <property name="appiumVersion" value="1.22.0"/>
         <property name="deviceModel" value="SM-A205F"/>
         <property name="hostAddress" value="10.0.30.173"/>
         <property name="deviceManufacturer" value="samsung"/>
         <property name="deviceId" value="RR8M40C9AXE"/>
         <property name="deviceName" value="samsung SM-A205F (Android 11)"/>
         <property name="deviceOSVersion" value="11"/>
      </properties>
      <testcase name="Test Cases/Mobile/Scenario/News/001 - News World Indices" time="88.687" classname="Test Cases/Mobile/Scenario/News/001 - News World Indices" status="PASSED">
         <system-out><![CDATA[2022-01-11 09:42:06 - [TEST_CASE][PASSED] - Test Cases/Mobile/Scenario/News/001 - News World Indices: Test Cases/Mobile/Scenario/News/001 - News World Indices

2022-01-11 09:42:06 - [TEST_STEP][PASSED] - callTestCase(findTestCase("Mobile/Page/Run App/Run App byID"), [:], STOP_ON_FAILURE): Call Test Case 'Test Cases/Mobile/Page/Run App/Run App byID' successfully

2022-01-11 09:42:06 - [TEST_CASE][PASSED] - Test Cases/Mobile/Page/Run App/Run App byID: Test Cases/Mobile/Page/Run App/Run App byID

2022-01-11 09:42:07 - [TEST_STEP][PASSED] - startApp.OpenApp.startApplication("id.co.miraeasset.sageclub"): startApp.OpenApp.startApplication is PASSED

2022-01-11 09:42:08 - [MESSAGE][INFO] - Appium server started on port 63,414

2022-01-11 09:42:24 - [MESSAGE][PASSED] - Starting app with application ID: 'id.co.miraeasset.sageclub'

2022-01-11 09:42:24 - [MESSAGE][PASSED] - startApp.OpenApp.startApplication is PASSED

2022-01-11 09:42:24 - [MESSAGE][PASSED] - Call Test Case 'Test Cases/Mobile/Page/Run App/Run App byID' successfully

2022-01-11 09:42:24 - [TEST_STEP][PASSED] - callTestCase(findTestCase("Mobile/Page/News/News"), ["tab":"worldindices"], CONTINUE_ON_FAILURE): Call Test Case 'Test Cases/Mobile/Page/News/News' successfully

2022-01-11 09:42:24 - [TEST_CASE][PASSED] - Test Cases/Mobile/Page/News/News: Test Cases/Mobile/Page/News/News

2022-01-11 09:42:24 - [TEST_STEP][PASSED] - callTestCase(findTestCase("Mobile/Page/CheckLogin"), [:], CONTINUE_ON_FAILURE): Call Test Case 'Test Cases/Mobile/Page/CheckLogin' successfully

2022-01-11 09:42:24 - [TEST_CASE][PASSED] - Test Cases/Mobile/Page/CheckLogin: Test Cases/Mobile/Page/CheckLogin

2022-01-11 09:42:24 - [TEST_STEP][PASSED] - loginCheck = verifyElementExist(LOGN_BtnLogin, 5, CONTINUE_ON_FAILURE): Element 'Object Repository/Mobile/Page/Login/Button - Login' is exist

2022-01-11 09:42:39 - [MESSAGE][PASSED] - Element 'Object Repository/Mobile/Page/Login/Button - Login' is exist

2022-01-11 09:42:39 - [TEST_STEP][PASSED] - if (loginCheck): Call Test Case 'Test Cases/Mobile/Page/Login/Login' successfully

2022-01-11 09:42:39 - [TEST_STEP][PASSED] - callTestCase(findTestCase("Mobile/Page/Login/Login"), ["action":"username"], CONTINUE_ON_FAILURE): Call Test Case 'Test Cases/Mobile/Page/Login/Login' successfully

2022-01-11 09:42:39 - [TEST_CASE][PASSED] - Test Cases/Mobile/Page/Login/Login: Test Cases/Mobile/Page/Login/Login

2022-01-11 09:42:39 - [TEST_STEP][PASSED] - delay(2): Delayed 2 second(s)

2022-01-11 09:42:41 - [MESSAGE][PASSED] - Delayed 2 second(s)

2022-01-11 09:42:41 - [TEST_STEP][PASSED] - for ([i = 0, i < 1, (i++)]): null

2022-01-11 09:42:41 - [TEST_STEP][PASSED] - if (action == "username"): null

2022-01-11 09:42:41 - [TEST_STEP][PASSED] - tap(LOGN_EdtUserID, 0): Tapped on element 'Object Repository/Mobile/Page/Login/Input - UserID'

2022-01-11 09:42:41 - [MESSAGE][WARNING] - Timeout '0' is invalid. Using default page load timeout: '60'

2022-01-11 09:42:42 - [MESSAGE][PASSED] - Tapped on element 'Object Repository/Mobile/Page/Login/Input - UserID'

2022-01-11 09:42:42 - [TEST_STEP][PASSED] - delay(1): Delayed 1 second(s)

2022-01-11 09:42:43 - [MESSAGE][PASSED] - Delayed 1 second(s)

2022-01-11 09:42:43 - [TEST_STEP][PASSED] - setText(LOGN_EdtRdyUserID, "anggaaditya", 0): Text 'anggaaditya' has been set to element 'Object Repository/Mobile/Page/Login/Input Rdy - UserID'

2022-01-11 09:42:43 - [MESSAGE][WARNING] - Timeout '0' is invalid. Using default page load timeout: '60'

2022-01-11 09:42:43 - [MESSAGE][PASSED] - Text 'anggaaditya' has been set to element 'Object Repository/Mobile/Page/Login/Input Rdy - UserID'

2022-01-11 09:42:43 - [TEST_STEP][PASSED] - delay(1): Delayed 1 second(s)

2022-01-11 09:42:44 - [MESSAGE][PASSED] - Delayed 1 second(s)

2022-01-11 09:42:44 - [TEST_STEP][PASSED] - hideKeyboard(): Keyboard is hidden

2022-01-11 09:42:48 - [MESSAGE][PASSED] - Keyboard is hidden

2022-01-11 09:42:48 - [TEST_STEP][PASSED] - tap(LOGN_EdtPassword, 0): Tapped on element 'Object Repository/Mobile/Page/Login/Input - Password'

2022-01-11 09:42:48 - [MESSAGE][WARNING] - Timeout '0' is invalid. Using default page load timeout: '60'

2022-01-11 09:42:49 - [MESSAGE][PASSED] - Tapped on element 'Object Repository/Mobile/Page/Login/Input - Password'

2022-01-11 09:42:49 - [TEST_STEP][PASSED] - delay(1): Delayed 1 second(s)

2022-01-11 09:42:50 - [MESSAGE][PASSED] - Delayed 1 second(s)

2022-01-11 09:42:50 - [TEST_STEP][PASSED] - setText(LOGN_EdtRdyPassword, "Shalawa18", 0): Text 'Shalawa18' has been set to element 'Object Repository/Mobile/Page/Login/Input Rdy - Password'

2022-01-11 09:42:50 - [MESSAGE][WARNING] - Timeout '0' is invalid. Using default page load timeout: '60'

2022-01-11 09:42:50 - [MESSAGE][PASSED] - Text 'Shalawa18' has been set to element 'Object Repository/Mobile/Page/Login/Input Rdy - Password'

2022-01-11 09:42:50 - [TEST_STEP][PASSED] - delay(1): Delayed 1 second(s)

2022-01-11 09:42:51 - [MESSAGE][PASSED] - Delayed 1 second(s)

2022-01-11 09:42:51 - [TEST_STEP][PASSED] - hideKeyboard(): Keyboard is hidden

2022-01-11 09:42:58 - [MESSAGE][PASSED] - Keyboard is hidden

2022-01-11 09:42:58 - [TEST_STEP][PASSED] - tap(LOGN_BtnLogin, 0): Tapped on element 'Object Repository/Mobile/Page/Login/Button - Login'

2022-01-11 09:42:58 - [MESSAGE][WARNING] - Timeout '0' is invalid. Using default page load timeout: '60'

2022-01-11 09:42:59 - [MESSAGE][PASSED] - Tapped on element 'Object Repository/Mobile/Page/Login/Button - Login'

2022-01-11 09:42:59 - [TEST_STEP][PASSED] - delay(2): Delayed 2 second(s)

2022-01-11 09:43:01 - [MESSAGE][PASSED] - Delayed 2 second(s)

2022-01-11 09:43:01 - [TEST_STEP][PASSED] - break: null

2022-01-11 09:43:01 - [MESSAGE][PASSED] - Call Test Case 'Test Cases/Mobile/Page/Login/Login' successfully

2022-01-11 09:43:01 - [MESSAGE][PASSED] - Call Test Case 'Test Cases/Mobile/Page/CheckLogin' successfully

2022-01-11 09:43:01 - [TEST_STEP][PASSED] - tap(HOME_MenubarNews, 0): Tapped on element 'Object Repository/Mobile/Page/Home/Menubar - News'

2022-01-11 09:43:01 - [MESSAGE][WARNING] - Timeout '0' is invalid. Using default page load timeout: '60'

2022-01-11 09:43:03 - [MESSAGE][PASSED] - Tapped on element 'Object Repository/Mobile/Page/Home/Menubar - News'

2022-01-11 09:43:03 - [TEST_STEP][PASSED] - delay(1): Delayed 1 second(s)

2022-01-11 09:43:04 - [MESSAGE][PASSED] - Delayed 1 second(s)

2022-01-11 09:43:04 - [TEST_STEP][PASSED] - for ([i = 0, i < 1, (i++)]): null

2022-01-11 09:43:04 - [TEST_STEP][PASSED] - if (tab == "macronews"): null

2022-01-11 09:43:04 - [TEST_STEP][PASSED] - else if (tab == "stocknews"): null

2022-01-11 09:43:04 - [TEST_STEP][PASSED] - else if (tab == "fundnews"): null

2022-01-11 09:43:04 - [TEST_STEP][PASSED] - else if (tab == "bondnews"): null

2022-01-11 09:43:04 - [TEST_STEP][PASSED] - else if (tab == "worldindices"): Delayed 3 second(s)

2022-01-11 09:43:04 - [TEST_STEP][PASSED] - scroll.scroll.scrollScreenRightToLeft(NEWS_TabMacro): scroll.scroll.scrollScreenRightToLeft is PASSED

2022-01-11 09:43:04 - [MESSAGE][WARNING] - Timeout '0' is invalid. Using default page load timeout: '60'

2022-01-11 09:43:05 - [MESSAGE][PASSED] - Object 'Object Repository/Mobile/Page/News/Tab - Macro' has left position '14'

2022-01-11 09:43:05 - [MESSAGE][WARNING] - Timeout '0' is invalid. Using default page load timeout: '60'

2022-01-11 09:43:06 - [MESSAGE][PASSED] - Object 'Object Repository/Mobile/Page/News/Tab - Macro' has top position '262'

2022-01-11 09:43:06 - [MESSAGE][WARNING] - Timeout '0' is invalid. Using default page load timeout: '60'

2022-01-11 09:43:06 - [MESSAGE][PASSED] - Object 'Object Repository/Mobile/Page/News/Tab - Macro' has width: '215'

2022-01-11 09:43:06 - [MESSAGE][WARNING] - Timeout '0' is invalid. Using default page load timeout: '60'

2022-01-11 09:43:06 - [MESSAGE][PASSED] - Object 'Object Repository/Mobile/Page/News/Tab - Macro' has height: '84'

2022-01-11 09:43:06 - [MESSAGE][PASSED] - Current device physical width is 720

2022-01-11 09:43:08 - [MESSAGE][PASSED] - Swiped from 620,304 to 100,304

2022-01-11 09:43:08 - [MESSAGE][PASSED] - scroll.scroll.scrollScreenRightToLeft is PASSED

2022-01-11 09:43:08 - [TEST_STEP][PASSED] - delay(1): Delayed 1 second(s)

2022-01-11 09:43:09 - [MESSAGE][PASSED] - Delayed 1 second(s)

2022-01-11 09:43:09 - [TEST_STEP][PASSED] - tap(NEWS_TabWorldIndices, 0): Tapped on element 'Object Repository/Mobile/Page/News/Tab - World Indices'

2022-01-11 09:43:09 - [MESSAGE][WARNING] - Timeout '0' is invalid. Using default page load timeout: '60'

2022-01-11 09:43:10 - [MESSAGE][PASSED] - Tapped on element 'Object Repository/Mobile/Page/News/Tab - World Indices'

2022-01-11 09:43:10 - [TEST_STEP][PASSED] - delay(1): Delayed 1 second(s)

2022-01-11 09:43:11 - [MESSAGE][PASSED] - Delayed 1 second(s)

2022-01-11 09:43:11 - [TEST_STEP][PASSED] - tap(NEWS_BtnIndices, 0): Tapped on element 'Object Repository/Mobile/Page/News/Button - Indices'

2022-01-11 09:43:11 - [MESSAGE][WARNING] - Timeout '0' is invalid. Using default page load timeout: '60'

2022-01-11 09:43:12 - [MESSAGE][PASSED] - Tapped on element 'Object Repository/Mobile/Page/News/Button - Indices'

2022-01-11 09:43:12 - [TEST_STEP][PASSED] - delay(3): Delayed 3 second(s)

2022-01-11 09:43:15 - [MESSAGE][PASSED] - Delayed 3 second(s)

2022-01-11 09:43:15 - [TEST_STEP][PASSED] - tap(NEWS_BtnCurrencies, 0): Tapped on element 'Object Repository/Mobile/Page/News/Button - Currencies'

2022-01-11 09:43:15 - [MESSAGE][WARNING] - Timeout '0' is invalid. Using default page load timeout: '60'

2022-01-11 09:43:16 - [MESSAGE][PASSED] - Tapped on element 'Object Repository/Mobile/Page/News/Button - Currencies'

2022-01-11 09:43:16 - [TEST_STEP][PASSED] - delay(3): Delayed 3 second(s)

2022-01-11 09:43:19 - [MESSAGE][PASSED] - Delayed 3 second(s)

2022-01-11 09:43:19 - [TEST_STEP][PASSED] - tap(NEWS_BtnCommodities, 0): Tapped on element 'Object Repository/Mobile/Page/News/Button - Commodities'

2022-01-11 09:43:19 - [MESSAGE][WARNING] - Timeout '0' is invalid. Using default page load timeout: '60'

2022-01-11 09:43:20 - [MESSAGE][PASSED] - Tapped on element 'Object Repository/Mobile/Page/News/Button - Commodities'

2022-01-11 09:43:20 - [TEST_STEP][PASSED] - delay(3): Delayed 3 second(s)

2022-01-11 09:43:23 - [MESSAGE][PASSED] - Delayed 3 second(s)

2022-01-11 09:43:23 - [TEST_STEP][PASSED] - delay(1): Delayed 1 second(s)

2022-01-11 09:43:24 - [MESSAGE][PASSED] - Delayed 1 second(s)

2022-01-11 09:43:24 - [TEST_STEP][PASSED] - if (tab != "worldindices"): null

2022-01-11 09:43:24 - [MESSAGE][PASSED] - Call Test Case 'Test Cases/Mobile/Page/News/News' successfully

2022-01-11 09:43:24 - [TEST_STEP][PASSED] - callTestCase(findTestCase("Mobile/Page/Run App/Terminate App"), [:], STOP_ON_FAILURE): Call Test Case 'Test Cases/Mobile/Page/Run App/Terminate App' successfully

2022-01-11 09:43:24 - [TEST_CASE][PASSED] - Test Cases/Mobile/Page/Run App/Terminate App: Test Cases/Mobile/Page/Run App/Terminate App

2022-01-11 09:43:24 - [TEST_STEP][PASSED] - startApp.OpenApp.terminateApplication(): startApp.OpenApp.terminateApplication is PASSED

2022-01-11 09:43:27 - [MESSAGE][PASSED] - Delayed 3 second(s)

2022-01-11 09:43:28 - [MESSAGE][PASSED] - Current device physical width is 720

2022-01-11 09:43:28 - [MESSAGE][PASSED] - Current device physical height is 1423

2022-01-11 09:43:29 - [MESSAGE][PASSED] - Swiped from 360,853 to 360,142

2022-01-11 09:43:30 - [MESSAGE][PASSED] - Delayed 1 second(s)

2022-01-11 09:43:31 - [MESSAGE][PASSED] - Swiped from 360,853 to 360,142

2022-01-11 09:43:35 - [MESSAGE][PASSED] - Delayed 3 second(s)

2022-01-11 09:43:35 - [MESSAGE][PASSED] - startApp.OpenApp.terminateApplication is PASSED

2022-01-11 09:43:35 - [MESSAGE][PASSED] - Call Test Case 'Test Cases/Mobile/Page/Run App/Terminate App' successfully]]></system-out>
         <system-err><![CDATA[]]></system-err>
      </testcase>
      <testcase name="Test Cases/Mobile/Scenario/News/002 - News Stock" time="65.618" classname="Test Cases/Mobile/Scenario/News/002 - News Stock" status="PASSED">
         <system-out><![CDATA[2022-01-11 09:43:35 - [TEST_CASE][PASSED] - Test Cases/Mobile/Scenario/News/002 - News Stock: Test Cases/Mobile/Scenario/News/002 - News Stock

2022-01-11 09:43:35 - [TEST_STEP][PASSED] - callTestCase(findTestCase("Mobile/Page/Run App/Run App byID"), [:], STOP_ON_FAILURE): Call Test Case 'Test Cases/Mobile/Page/Run App/Run App byID' successfully

2022-01-11 09:43:35 - [TEST_CASE][PASSED] - Test Cases/Mobile/Page/Run App/Run App byID: Test Cases/Mobile/Page/Run App/Run App byID

2022-01-11 09:43:35 - [TEST_STEP][PASSED] - startApp.OpenApp.startApplication("id.co.miraeasset.sageclub"): startApp.OpenApp.startApplication is PASSED

2022-01-11 09:43:49 - [MESSAGE][PASSED] - Starting app with application ID: 'id.co.miraeasset.sageclub'

2022-01-11 09:43:49 - [MESSAGE][PASSED] - startApp.OpenApp.startApplication is PASSED

2022-01-11 09:43:49 - [MESSAGE][PASSED] - Call Test Case 'Test Cases/Mobile/Page/Run App/Run App byID' successfully

2022-01-11 09:43:49 - [TEST_STEP][PASSED] - callTestCase(findTestCase("Mobile/Page/News/News"), ["tab":"stocknews"], CONTINUE_ON_FAILURE): Call Test Case 'Test Cases/Mobile/Page/News/News' successfully

2022-01-11 09:43:49 - [TEST_CASE][PASSED] - Test Cases/Mobile/Page/News/News: Test Cases/Mobile/Page/News/News

2022-01-11 09:43:49 - [TEST_STEP][PASSED] - callTestCase(findTestCase("Mobile/Page/CheckLogin"), [:], CONTINUE_ON_FAILURE): Call Test Case 'Test Cases/Mobile/Page/CheckLogin' successfully

2022-01-11 09:43:49 - [TEST_CASE][PASSED] - Test Cases/Mobile/Page/CheckLogin: Test Cases/Mobile/Page/CheckLogin

2022-01-11 09:43:49 - [TEST_STEP][PASSED] - loginCheck = verifyElementExist(LOGN_BtnLogin, 5, CONTINUE_ON_FAILURE): Element 'Object Repository/Mobile/Page/Login/Button - Login' is exist

2022-01-11 09:43:51 - [MESSAGE][PASSED] - Element 'Object Repository/Mobile/Page/Login/Button - Login' is exist

2022-01-11 09:43:51 - [TEST_STEP][PASSED] - if (loginCheck): Call Test Case 'Test Cases/Mobile/Page/Login/Login' successfully

2022-01-11 09:43:51 - [TEST_STEP][PASSED] - callTestCase(findTestCase("Mobile/Page/Login/Login"), ["action":"username"], CONTINUE_ON_FAILURE): Call Test Case 'Test Cases/Mobile/Page/Login/Login' successfully

2022-01-11 09:43:51 - [TEST_CASE][PASSED] - Test Cases/Mobile/Page/Login/Login: Test Cases/Mobile/Page/Login/Login

2022-01-11 09:43:51 - [TEST_STEP][PASSED] - delay(2): Delayed 2 second(s)

2022-01-11 09:43:53 - [MESSAGE][PASSED] - Delayed 2 second(s)

2022-01-11 09:43:53 - [TEST_STEP][PASSED] - for ([i = 0, i < 1, (i++)]): null

2022-01-11 09:43:53 - [TEST_STEP][PASSED] - if (action == "username"): null

2022-01-11 09:43:53 - [TEST_STEP][PASSED] - tap(LOGN_EdtUserID, 0): Tapped on element 'Object Repository/Mobile/Page/Login/Input - UserID'

2022-01-11 09:43:53 - [MESSAGE][WARNING] - Timeout '0' is invalid. Using default page load timeout: '60'

2022-01-11 09:43:53 - [MESSAGE][PASSED] - Tapped on element 'Object Repository/Mobile/Page/Login/Input - UserID'

2022-01-11 09:43:53 - [TEST_STEP][PASSED] - delay(1): Delayed 1 second(s)

2022-01-11 09:43:54 - [MESSAGE][PASSED] - Delayed 1 second(s)

2022-01-11 09:43:54 - [TEST_STEP][PASSED] - setText(LOGN_EdtRdyUserID, "anggaaditya", 0): Text 'anggaaditya' has been set to element 'Object Repository/Mobile/Page/Login/Input Rdy - UserID'

2022-01-11 09:43:54 - [MESSAGE][WARNING] - Timeout '0' is invalid. Using default page load timeout: '60'

2022-01-11 09:43:55 - [MESSAGE][PASSED] - Text 'anggaaditya' has been set to element 'Object Repository/Mobile/Page/Login/Input Rdy - UserID'

2022-01-11 09:43:55 - [TEST_STEP][PASSED] - delay(1): Delayed 1 second(s)

2022-01-11 09:43:56 - [MESSAGE][PASSED] - Delayed 1 second(s)

2022-01-11 09:43:56 - [TEST_STEP][PASSED] - hideKeyboard(): Keyboard is hidden

2022-01-11 09:44:00 - [MESSAGE][PASSED] - Keyboard is hidden

2022-01-11 09:44:00 - [TEST_STEP][PASSED] - tap(LOGN_EdtPassword, 0): Tapped on element 'Object Repository/Mobile/Page/Login/Input - Password'

2022-01-11 09:44:00 - [MESSAGE][WARNING] - Timeout '0' is invalid. Using default page load timeout: '60'

2022-01-11 09:44:01 - [MESSAGE][PASSED] - Tapped on element 'Object Repository/Mobile/Page/Login/Input - Password'

2022-01-11 09:44:01 - [TEST_STEP][PASSED] - delay(1): Delayed 1 second(s)

2022-01-11 09:44:02 - [MESSAGE][PASSED] - Delayed 1 second(s)

2022-01-11 09:44:02 - [TEST_STEP][PASSED] - setText(LOGN_EdtRdyPassword, "Shalawa18", 0): Text 'Shalawa18' has been set to element 'Object Repository/Mobile/Page/Login/Input Rdy - Password'

2022-01-11 09:44:02 - [MESSAGE][WARNING] - Timeout '0' is invalid. Using default page load timeout: '60'

2022-01-11 09:44:03 - [MESSAGE][PASSED] - Text 'Shalawa18' has been set to element 'Object Repository/Mobile/Page/Login/Input Rdy - Password'

2022-01-11 09:44:03 - [TEST_STEP][PASSED] - delay(1): Delayed 1 second(s)

2022-01-11 09:44:04 - [MESSAGE][PASSED] - Delayed 1 second(s)

2022-01-11 09:44:04 - [TEST_STEP][PASSED] - hideKeyboard(): Keyboard is hidden

2022-01-11 09:44:11 - [MESSAGE][PASSED] - Keyboard is hidden

2022-01-11 09:44:11 - [TEST_STEP][PASSED] - tap(LOGN_BtnLogin, 0): Tapped on element 'Object Repository/Mobile/Page/Login/Button - Login'

2022-01-11 09:44:11 - [MESSAGE][WARNING] - Timeout '0' is invalid. Using default page load timeout: '60'

2022-01-11 09:44:12 - [MESSAGE][PASSED] - Tapped on element 'Object Repository/Mobile/Page/Login/Button - Login'

2022-01-11 09:44:12 - [TEST_STEP][PASSED] - delay(2): Delayed 2 second(s)

2022-01-11 09:44:14 - [MESSAGE][PASSED] - Delayed 2 second(s)

2022-01-11 09:44:14 - [TEST_STEP][PASSED] - break: null

2022-01-11 09:44:14 - [MESSAGE][PASSED] - Call Test Case 'Test Cases/Mobile/Page/Login/Login' successfully

2022-01-11 09:44:14 - [MESSAGE][PASSED] - Call Test Case 'Test Cases/Mobile/Page/CheckLogin' successfully

2022-01-11 09:44:14 - [TEST_STEP][PASSED] - tap(HOME_MenubarNews, 0): Tapped on element 'Object Repository/Mobile/Page/Home/Menubar - News'

2022-01-11 09:44:14 - [MESSAGE][WARNING] - Timeout '0' is invalid. Using default page load timeout: '60'

2022-01-11 09:44:17 - [MESSAGE][PASSED] - Tapped on element 'Object Repository/Mobile/Page/Home/Menubar - News'

2022-01-11 09:44:17 - [TEST_STEP][PASSED] - delay(1): Delayed 1 second(s)

2022-01-11 09:44:18 - [MESSAGE][PASSED] - Delayed 1 second(s)

2022-01-11 09:44:18 - [TEST_STEP][PASSED] - for ([i = 0, i < 1, (i++)]): Delayed 3 second(s)

2022-01-11 09:44:18 - [TEST_STEP][PASSED] - if (tab == "macronews"): null

2022-01-11 09:44:18 - [TEST_STEP][PASSED] - else if (tab == "stocknews"): Tapped on element 'Object Repository/Mobile/Page/News/Tab - Stock'

2022-01-11 09:44:18 - [TEST_STEP][PASSED] - tap(NEWS_TabStock, 0): Tapped on element 'Object Repository/Mobile/Page/News/Tab - Stock'

2022-01-11 09:44:18 - [MESSAGE][WARNING] - Timeout '0' is invalid. Using default page load timeout: '60'

2022-01-11 09:44:19 - [MESSAGE][PASSED] - Tapped on element 'Object Repository/Mobile/Page/News/Tab - Stock'

2022-01-11 09:44:19 - [TEST_STEP][PASSED] - delay(1): Delayed 1 second(s)

2022-01-11 09:44:20 - [MESSAGE][PASSED] - Delayed 1 second(s)

2022-01-11 09:44:20 - [TEST_STEP][PASSED] - if (tab != "worldindices"): Delayed 3 second(s)

2022-01-11 09:44:20 - [TEST_STEP][PASSED] - try: Delayed 3 second(s)

2022-01-11 09:44:20 - [TEST_STEP][PASSED] - tapAndHold(NEWS_ItemTopNews, 1, 10): Tapped and held on element 'Object Repository/Mobile/Page/News/Item - Top News' with duration 1

2022-01-11 09:44:24 - [MESSAGE][PASSED] - Tapped and held on element 'Object Repository/Mobile/Page/News/Item - Top News' with duration 1

2022-01-11 09:44:24 - [TEST_STEP][PASSED] - delay(1): Delayed 1 second(s)

2022-01-11 09:44:25 - [MESSAGE][PASSED] - Delayed 1 second(s)

2022-01-11 09:44:25 - [TEST_STEP][PASSED] - scroll.scroll.scrollScreenBottomToTop(): scroll.scroll.scrollScreenBottomToTop is PASSED

2022-01-11 09:44:25 - [MESSAGE][PASSED] - Current device physical height is 1423

2022-01-11 09:44:25 - [MESSAGE][PASSED] - Current device physical width is 720

2022-01-11 09:44:27 - [MESSAGE][PASSED] - Swiped from 360,1,138 to 360,284

2022-01-11 09:44:27 - [MESSAGE][PASSED] - scroll.scroll.scrollScreenBottomToTop is PASSED

2022-01-11 09:44:27 - [TEST_STEP][PASSED] - delay(3): Delayed 3 second(s)

2022-01-11 09:44:30 - [MESSAGE][PASSED] - Delayed 3 second(s)

2022-01-11 09:44:30 - [MESSAGE][PASSED] - Call Test Case 'Test Cases/Mobile/Page/News/News' successfully

2022-01-11 09:44:30 - [TEST_STEP][PASSED] - callTestCase(findTestCase("Mobile/Page/Run App/Terminate App"), [:], STOP_ON_FAILURE): Call Test Case 'Test Cases/Mobile/Page/Run App/Terminate App' successfully

2022-01-11 09:44:30 - [TEST_CASE][PASSED] - Test Cases/Mobile/Page/Run App/Terminate App: Test Cases/Mobile/Page/Run App/Terminate App

2022-01-11 09:44:30 - [TEST_STEP][PASSED] - startApp.OpenApp.terminateApplication(): startApp.OpenApp.terminateApplication is PASSED

2022-01-11 09:44:33 - [MESSAGE][PASSED] - Delayed 3 second(s)

2022-01-11 09:44:33 - [MESSAGE][PASSED] - Current device physical width is 720

2022-01-11 09:44:33 - [MESSAGE][PASSED] - Current device physical height is 1423

2022-01-11 09:44:35 - [MESSAGE][PASSED] - Swiped from 360,853 to 360,142

2022-01-11 09:44:36 - [MESSAGE][PASSED] - Delayed 1 second(s)

2022-01-11 09:44:37 - [MESSAGE][PASSED] - Swiped from 360,853 to 360,142

2022-01-11 09:44:40 - [MESSAGE][PASSED] - Delayed 3 second(s)

2022-01-11 09:44:40 - [MESSAGE][PASSED] - startApp.OpenApp.terminateApplication is PASSED

2022-01-11 09:44:40 - [MESSAGE][PASSED] - Call Test Case 'Test Cases/Mobile/Page/Run App/Terminate App' successfully]]></system-out>
         <system-err><![CDATA[]]></system-err>
      </testcase>
      <testcase name="Test Cases/Mobile/Scenario/News/003 - News Fund" time="64.369" classname="Test Cases/Mobile/Scenario/News/003 - News Fund" status="PASSED">
         <system-out><![CDATA[2022-01-11 09:44:40 - [TEST_CASE][PASSED] - Test Cases/Mobile/Scenario/News/003 - News Fund: Test Cases/Mobile/Scenario/News/003 - News Fund

2022-01-11 09:44:40 - [TEST_STEP][PASSED] - callTestCase(findTestCase("Mobile/Page/Run App/Run App byID"), [:], STOP_ON_FAILURE): Call Test Case 'Test Cases/Mobile/Page/Run App/Run App byID' successfully

2022-01-11 09:44:40 - [TEST_CASE][PASSED] - Test Cases/Mobile/Page/Run App/Run App byID: Test Cases/Mobile/Page/Run App/Run App byID

2022-01-11 09:44:40 - [TEST_STEP][PASSED] - startApp.OpenApp.startApplication("id.co.miraeasset.sageclub"): startApp.OpenApp.startApplication is PASSED

2022-01-11 09:44:54 - [MESSAGE][PASSED] - Starting app with application ID: 'id.co.miraeasset.sageclub'

2022-01-11 09:44:54 - [MESSAGE][PASSED] - startApp.OpenApp.startApplication is PASSED

2022-01-11 09:44:54 - [MESSAGE][PASSED] - Call Test Case 'Test Cases/Mobile/Page/Run App/Run App byID' successfully

2022-01-11 09:44:54 - [TEST_STEP][PASSED] - callTestCase(findTestCase("Mobile/Page/News/News"), ["tab":"fundnews"], CONTINUE_ON_FAILURE): Call Test Case 'Test Cases/Mobile/Page/News/News' successfully

2022-01-11 09:44:54 - [TEST_CASE][PASSED] - Test Cases/Mobile/Page/News/News: Test Cases/Mobile/Page/News/News

2022-01-11 09:44:54 - [TEST_STEP][PASSED] - callTestCase(findTestCase("Mobile/Page/CheckLogin"), [:], CONTINUE_ON_FAILURE): Call Test Case 'Test Cases/Mobile/Page/CheckLogin' successfully

2022-01-11 09:44:54 - [TEST_CASE][PASSED] - Test Cases/Mobile/Page/CheckLogin: Test Cases/Mobile/Page/CheckLogin

2022-01-11 09:44:54 - [TEST_STEP][PASSED] - loginCheck = verifyElementExist(LOGN_BtnLogin, 5, CONTINUE_ON_FAILURE): Element 'Object Repository/Mobile/Page/Login/Button - Login' is exist

2022-01-11 09:44:56 - [MESSAGE][PASSED] - Element 'Object Repository/Mobile/Page/Login/Button - Login' is exist

2022-01-11 09:44:56 - [TEST_STEP][PASSED] - if (loginCheck): Call Test Case 'Test Cases/Mobile/Page/Login/Login' successfully

2022-01-11 09:44:56 - [TEST_STEP][PASSED] - callTestCase(findTestCase("Mobile/Page/Login/Login"), ["action":"username"], CONTINUE_ON_FAILURE): Call Test Case 'Test Cases/Mobile/Page/Login/Login' successfully

2022-01-11 09:44:56 - [TEST_CASE][PASSED] - Test Cases/Mobile/Page/Login/Login: Test Cases/Mobile/Page/Login/Login

2022-01-11 09:44:56 - [TEST_STEP][PASSED] - delay(2): Delayed 2 second(s)

2022-01-11 09:44:58 - [MESSAGE][PASSED] - Delayed 2 second(s)

2022-01-11 09:44:58 - [TEST_STEP][PASSED] - for ([i = 0, i < 1, (i++)]): null

2022-01-11 09:44:58 - [TEST_STEP][PASSED] - if (action == "username"): null

2022-01-11 09:44:58 - [TEST_STEP][PASSED] - tap(LOGN_EdtUserID, 0): Tapped on element 'Object Repository/Mobile/Page/Login/Input - UserID'

2022-01-11 09:44:58 - [MESSAGE][WARNING] - Timeout '0' is invalid. Using default page load timeout: '60'

2022-01-11 09:44:59 - [MESSAGE][PASSED] - Tapped on element 'Object Repository/Mobile/Page/Login/Input - UserID'

2022-01-11 09:44:59 - [TEST_STEP][PASSED] - delay(1): Delayed 1 second(s)

2022-01-11 09:45:00 - [MESSAGE][PASSED] - Delayed 1 second(s)

2022-01-11 09:45:00 - [TEST_STEP][PASSED] - setText(LOGN_EdtRdyUserID, "anggaaditya", 0): Text 'anggaaditya' has been set to element 'Object Repository/Mobile/Page/Login/Input Rdy - UserID'

2022-01-11 09:45:00 - [MESSAGE][WARNING] - Timeout '0' is invalid. Using default page load timeout: '60'

2022-01-11 09:45:01 - [MESSAGE][PASSED] - Text 'anggaaditya' has been set to element 'Object Repository/Mobile/Page/Login/Input Rdy - UserID'

2022-01-11 09:45:01 - [TEST_STEP][PASSED] - delay(1): Delayed 1 second(s)

2022-01-11 09:45:02 - [MESSAGE][PASSED] - Delayed 1 second(s)

2022-01-11 09:45:02 - [TEST_STEP][PASSED] - hideKeyboard(): Keyboard is hidden

2022-01-11 09:45:06 - [MESSAGE][PASSED] - Keyboard is hidden

2022-01-11 09:45:06 - [TEST_STEP][PASSED] - tap(LOGN_EdtPassword, 0): Tapped on element 'Object Repository/Mobile/Page/Login/Input - Password'

2022-01-11 09:45:06 - [MESSAGE][WARNING] - Timeout '0' is invalid. Using default page load timeout: '60'

2022-01-11 09:45:07 - [MESSAGE][PASSED] - Tapped on element 'Object Repository/Mobile/Page/Login/Input - Password'

2022-01-11 09:45:07 - [TEST_STEP][PASSED] - delay(1): Delayed 1 second(s)

2022-01-11 09:45:08 - [MESSAGE][PASSED] - Delayed 1 second(s)

2022-01-11 09:45:08 - [TEST_STEP][PASSED] - setText(LOGN_EdtRdyPassword, "Shalawa18", 0): Text 'Shalawa18' has been set to element 'Object Repository/Mobile/Page/Login/Input Rdy - Password'

2022-01-11 09:45:08 - [MESSAGE][WARNING] - Timeout '0' is invalid. Using default page load timeout: '60'

2022-01-11 09:45:08 - [MESSAGE][PASSED] - Text 'Shalawa18' has been set to element 'Object Repository/Mobile/Page/Login/Input Rdy - Password'

2022-01-11 09:45:08 - [TEST_STEP][PASSED] - delay(1): Delayed 1 second(s)

2022-01-11 09:45:09 - [MESSAGE][PASSED] - Delayed 1 second(s)

2022-01-11 09:45:09 - [TEST_STEP][PASSED] - hideKeyboard(): Keyboard is hidden

2022-01-11 09:45:16 - [MESSAGE][PASSED] - Keyboard is hidden

2022-01-11 09:45:16 - [TEST_STEP][PASSED] - tap(LOGN_BtnLogin, 0): Tapped on element 'Object Repository/Mobile/Page/Login/Button - Login'

2022-01-11 09:45:16 - [MESSAGE][WARNING] - Timeout '0' is invalid. Using default page load timeout: '60'

2022-01-11 09:45:17 - [MESSAGE][PASSED] - Tapped on element 'Object Repository/Mobile/Page/Login/Button - Login'

2022-01-11 09:45:17 - [TEST_STEP][PASSED] - delay(2): Delayed 2 second(s)

2022-01-11 09:45:19 - [MESSAGE][PASSED] - Delayed 2 second(s)

2022-01-11 09:45:19 - [TEST_STEP][PASSED] - break: null

2022-01-11 09:45:19 - [MESSAGE][PASSED] - Call Test Case 'Test Cases/Mobile/Page/Login/Login' successfully

2022-01-11 09:45:19 - [MESSAGE][PASSED] - Call Test Case 'Test Cases/Mobile/Page/CheckLogin' successfully

2022-01-11 09:45:19 - [TEST_STEP][PASSED] - tap(HOME_MenubarNews, 0): Tapped on element 'Object Repository/Mobile/Page/Home/Menubar - News'

2022-01-11 09:45:19 - [MESSAGE][WARNING] - Timeout '0' is invalid. Using default page load timeout: '60'

2022-01-11 09:45:20 - [MESSAGE][PASSED] - Tapped on element 'Object Repository/Mobile/Page/Home/Menubar - News'

2022-01-11 09:45:20 - [TEST_STEP][PASSED] - delay(1): Delayed 1 second(s)

2022-01-11 09:45:21 - [MESSAGE][PASSED] - Delayed 1 second(s)

2022-01-11 09:45:21 - [TEST_STEP][PASSED] - for ([i = 0, i < 1, (i++)]): Delayed 3 second(s)

2022-01-11 09:45:21 - [TEST_STEP][PASSED] - if (tab == "macronews"): null

2022-01-11 09:45:21 - [TEST_STEP][PASSED] - else if (tab == "stocknews"): null

2022-01-11 09:45:21 - [TEST_STEP][PASSED] - else if (tab == "fundnews"): Tapped on element 'Object Repository/Mobile/Page/News/Tab - Fund'

2022-01-11 09:45:21 - [TEST_STEP][PASSED] - tap(NEWS_TabFund, 0): Tapped on element 'Object Repository/Mobile/Page/News/Tab - Fund'

2022-01-11 09:45:21 - [MESSAGE][WARNING] - Timeout '0' is invalid. Using default page load timeout: '60'

2022-01-11 09:45:24 - [MESSAGE][PASSED] - Tapped on element 'Object Repository/Mobile/Page/News/Tab - Fund'

2022-01-11 09:45:24 - [TEST_STEP][PASSED] - delay(1): Delayed 1 second(s)

2022-01-11 09:45:25 - [MESSAGE][PASSED] - Delayed 1 second(s)

2022-01-11 09:45:25 - [TEST_STEP][PASSED] - if (tab != "worldindices"): Delayed 3 second(s)

2022-01-11 09:45:25 - [TEST_STEP][PASSED] - try: Delayed 3 second(s)

2022-01-11 09:45:25 - [TEST_STEP][PASSED] - tapAndHold(NEWS_ItemTopNews, 1, 10): Tapped and held on element 'Object Repository/Mobile/Page/News/Item - Top News' with duration 1

2022-01-11 09:45:28 - [MESSAGE][PASSED] - Tapped and held on element 'Object Repository/Mobile/Page/News/Item - Top News' with duration 1

2022-01-11 09:45:28 - [TEST_STEP][PASSED] - delay(1): Delayed 1 second(s)

2022-01-11 09:45:29 - [MESSAGE][PASSED] - Delayed 1 second(s)

2022-01-11 09:45:29 - [TEST_STEP][PASSED] - scroll.scroll.scrollScreenBottomToTop(): scroll.scroll.scrollScreenBottomToTop is PASSED

2022-01-11 09:45:29 - [MESSAGE][PASSED] - Current device physical height is 1423

2022-01-11 09:45:29 - [MESSAGE][PASSED] - Current device physical width is 720

2022-01-11 09:45:31 - [MESSAGE][PASSED] - Swiped from 360,1,138 to 360,284

2022-01-11 09:45:31 - [MESSAGE][PASSED] - scroll.scroll.scrollScreenBottomToTop is PASSED

2022-01-11 09:45:31 - [TEST_STEP][PASSED] - delay(3): Delayed 3 second(s)

2022-01-11 09:45:34 - [MESSAGE][PASSED] - Delayed 3 second(s)

2022-01-11 09:45:34 - [MESSAGE][PASSED] - Call Test Case 'Test Cases/Mobile/Page/News/News' successfully

2022-01-11 09:45:34 - [TEST_STEP][PASSED] - callTestCase(findTestCase("Mobile/Page/Run App/Terminate App"), [:], STOP_ON_FAILURE): Call Test Case 'Test Cases/Mobile/Page/Run App/Terminate App' successfully

2022-01-11 09:45:34 - [TEST_CASE][PASSED] - Test Cases/Mobile/Page/Run App/Terminate App: Test Cases/Mobile/Page/Run App/Terminate App

2022-01-11 09:45:34 - [TEST_STEP][PASSED] - startApp.OpenApp.terminateApplication(): startApp.OpenApp.terminateApplication is PASSED

2022-01-11 09:45:37 - [MESSAGE][PASSED] - Delayed 3 second(s)

2022-01-11 09:45:37 - [MESSAGE][PASSED] - Current device physical width is 720

2022-01-11 09:45:38 - [MESSAGE][PASSED] - Current device physical height is 1423

2022-01-11 09:45:39 - [MESSAGE][PASSED] - Swiped from 360,853 to 360,142

2022-01-11 09:45:40 - [MESSAGE][PASSED] - Delayed 1 second(s)

2022-01-11 09:45:41 - [MESSAGE][PASSED] - Swiped from 360,853 to 360,142

2022-01-11 09:45:44 - [MESSAGE][PASSED] - Delayed 3 second(s)

2022-01-11 09:45:44 - [MESSAGE][PASSED] - startApp.OpenApp.terminateApplication is PASSED

2022-01-11 09:45:44 - [MESSAGE][PASSED] - Call Test Case 'Test Cases/Mobile/Page/Run App/Terminate App' successfully]]></system-out>
         <system-err><![CDATA[]]></system-err>
      </testcase>
      <testcase name="Test Cases/Mobile/Scenario/News/004 - Bond News" time="64.411" classname="Test Cases/Mobile/Scenario/News/004 - Bond News" status="PASSED">
         <system-out><![CDATA[2022-01-11 09:45:45 - [TEST_CASE][PASSED] - Test Cases/Mobile/Scenario/News/004 - Bond News: Test Cases/Mobile/Scenario/News/004 - Bond News

2022-01-11 09:45:45 - [TEST_STEP][PASSED] - callTestCase(findTestCase("Mobile/Page/Run App/Run App byID"), [:], STOP_ON_FAILURE): Call Test Case 'Test Cases/Mobile/Page/Run App/Run App byID' successfully

2022-01-11 09:45:45 - [TEST_CASE][PASSED] - Test Cases/Mobile/Page/Run App/Run App byID: Test Cases/Mobile/Page/Run App/Run App byID

2022-01-11 09:45:45 - [TEST_STEP][PASSED] - startApp.OpenApp.startApplication("id.co.miraeasset.sageclub"): startApp.OpenApp.startApplication is PASSED

2022-01-11 09:45:58 - [MESSAGE][PASSED] - Starting app with application ID: 'id.co.miraeasset.sageclub'

2022-01-11 09:45:58 - [MESSAGE][PASSED] - startApp.OpenApp.startApplication is PASSED

2022-01-11 09:45:58 - [MESSAGE][PASSED] - Call Test Case 'Test Cases/Mobile/Page/Run App/Run App byID' successfully

2022-01-11 09:45:58 - [TEST_STEP][PASSED] - callTestCase(findTestCase("Mobile/Page/News/News"), ["tab":"bondnews"], CONTINUE_ON_FAILURE): Call Test Case 'Test Cases/Mobile/Page/News/News' successfully

2022-01-11 09:45:58 - [TEST_CASE][PASSED] - Test Cases/Mobile/Page/News/News: Test Cases/Mobile/Page/News/News

2022-01-11 09:45:59 - [TEST_STEP][PASSED] - callTestCase(findTestCase("Mobile/Page/CheckLogin"), [:], CONTINUE_ON_FAILURE): Call Test Case 'Test Cases/Mobile/Page/CheckLogin' successfully

2022-01-11 09:45:59 - [TEST_CASE][PASSED] - Test Cases/Mobile/Page/CheckLogin: Test Cases/Mobile/Page/CheckLogin

2022-01-11 09:45:59 - [TEST_STEP][PASSED] - loginCheck = verifyElementExist(LOGN_BtnLogin, 5, CONTINUE_ON_FAILURE): Element 'Object Repository/Mobile/Page/Login/Button - Login' is exist

2022-01-11 09:46:01 - [MESSAGE][PASSED] - Element 'Object Repository/Mobile/Page/Login/Button - Login' is exist

2022-01-11 09:46:01 - [TEST_STEP][PASSED] - if (loginCheck): Call Test Case 'Test Cases/Mobile/Page/Login/Login' successfully

2022-01-11 09:46:01 - [TEST_STEP][PASSED] - callTestCase(findTestCase("Mobile/Page/Login/Login"), ["action":"username"], CONTINUE_ON_FAILURE): Call Test Case 'Test Cases/Mobile/Page/Login/Login' successfully

2022-01-11 09:46:01 - [TEST_CASE][PASSED] - Test Cases/Mobile/Page/Login/Login: Test Cases/Mobile/Page/Login/Login

2022-01-11 09:46:01 - [TEST_STEP][PASSED] - delay(2): Delayed 2 second(s)

2022-01-11 09:46:03 - [MESSAGE][PASSED] - Delayed 2 second(s)

2022-01-11 09:46:03 - [TEST_STEP][PASSED] - for ([i = 0, i < 1, (i++)]): null

2022-01-11 09:46:03 - [TEST_STEP][PASSED] - if (action == "username"): null

2022-01-11 09:46:03 - [TEST_STEP][PASSED] - tap(LOGN_EdtUserID, 0): Tapped on element 'Object Repository/Mobile/Page/Login/Input - UserID'

2022-01-11 09:46:03 - [MESSAGE][WARNING] - Timeout '0' is invalid. Using default page load timeout: '60'

2022-01-11 09:46:04 - [MESSAGE][PASSED] - Tapped on element 'Object Repository/Mobile/Page/Login/Input - UserID'

2022-01-11 09:46:04 - [TEST_STEP][PASSED] - delay(1): Delayed 1 second(s)

2022-01-11 09:46:05 - [MESSAGE][PASSED] - Delayed 1 second(s)

2022-01-11 09:46:05 - [TEST_STEP][PASSED] - setText(LOGN_EdtRdyUserID, "anggaaditya", 0): Text 'anggaaditya' has been set to element 'Object Repository/Mobile/Page/Login/Input Rdy - UserID'

2022-01-11 09:46:05 - [MESSAGE][WARNING] - Timeout '0' is invalid. Using default page load timeout: '60'

2022-01-11 09:46:06 - [MESSAGE][PASSED] - Text 'anggaaditya' has been set to element 'Object Repository/Mobile/Page/Login/Input Rdy - UserID'

2022-01-11 09:46:06 - [TEST_STEP][PASSED] - delay(1): Delayed 1 second(s)

2022-01-11 09:46:07 - [MESSAGE][PASSED] - Delayed 1 second(s)

2022-01-11 09:46:07 - [TEST_STEP][PASSED] - hideKeyboard(): Keyboard is hidden

2022-01-11 09:46:11 - [MESSAGE][PASSED] - Keyboard is hidden

2022-01-11 09:46:11 - [TEST_STEP][PASSED] - tap(LOGN_EdtPassword, 0): Tapped on element 'Object Repository/Mobile/Page/Login/Input - Password'

2022-01-11 09:46:11 - [MESSAGE][WARNING] - Timeout '0' is invalid. Using default page load timeout: '60'

2022-01-11 09:46:11 - [MESSAGE][PASSED] - Tapped on element 'Object Repository/Mobile/Page/Login/Input - Password'

2022-01-11 09:46:11 - [TEST_STEP][PASSED] - delay(1): Delayed 1 second(s)

2022-01-11 09:46:12 - [MESSAGE][PASSED] - Delayed 1 second(s)

2022-01-11 09:46:12 - [TEST_STEP][PASSED] - setText(LOGN_EdtRdyPassword, "Shalawa18", 0): Text 'Shalawa18' has been set to element 'Object Repository/Mobile/Page/Login/Input Rdy - Password'

2022-01-11 09:46:12 - [MESSAGE][WARNING] - Timeout '0' is invalid. Using default page load timeout: '60'

2022-01-11 09:46:13 - [MESSAGE][PASSED] - Text 'Shalawa18' has been set to element 'Object Repository/Mobile/Page/Login/Input Rdy - Password'

2022-01-11 09:46:13 - [TEST_STEP][PASSED] - delay(1): Delayed 1 second(s)

2022-01-11 09:46:14 - [MESSAGE][PASSED] - Delayed 1 second(s)

2022-01-11 09:46:14 - [TEST_STEP][PASSED] - hideKeyboard(): Keyboard is hidden

2022-01-11 09:46:21 - [MESSAGE][PASSED] - Keyboard is hidden

2022-01-11 09:46:21 - [TEST_STEP][PASSED] - tap(LOGN_BtnLogin, 0): Tapped on element 'Object Repository/Mobile/Page/Login/Button - Login'

2022-01-11 09:46:21 - [MESSAGE][WARNING] - Timeout '0' is invalid. Using default page load timeout: '60'

2022-01-11 09:46:22 - [MESSAGE][PASSED] - Tapped on element 'Object Repository/Mobile/Page/Login/Button - Login'

2022-01-11 09:46:22 - [TEST_STEP][PASSED] - delay(2): Delayed 2 second(s)

2022-01-11 09:46:24 - [MESSAGE][PASSED] - Delayed 2 second(s)

2022-01-11 09:46:24 - [TEST_STEP][PASSED] - break: null

2022-01-11 09:46:24 - [MESSAGE][PASSED] - Call Test Case 'Test Cases/Mobile/Page/Login/Login' successfully

2022-01-11 09:46:24 - [MESSAGE][PASSED] - Call Test Case 'Test Cases/Mobile/Page/CheckLogin' successfully

2022-01-11 09:46:24 - [TEST_STEP][PASSED] - tap(HOME_MenubarNews, 0): Tapped on element 'Object Repository/Mobile/Page/Home/Menubar - News'

2022-01-11 09:46:24 - [MESSAGE][WARNING] - Timeout '0' is invalid. Using default page load timeout: '60'

2022-01-11 09:46:26 - [MESSAGE][PASSED] - Tapped on element 'Object Repository/Mobile/Page/Home/Menubar - News'

2022-01-11 09:46:26 - [TEST_STEP][PASSED] - delay(1): Delayed 1 second(s)

2022-01-11 09:46:27 - [MESSAGE][PASSED] - Delayed 1 second(s)

2022-01-11 09:46:27 - [TEST_STEP][PASSED] - for ([i = 0, i < 1, (i++)]): Delayed 3 second(s)

2022-01-11 09:46:27 - [TEST_STEP][PASSED] - if (tab == "macronews"): null

2022-01-11 09:46:27 - [TEST_STEP][PASSED] - else if (tab == "stocknews"): null

2022-01-11 09:46:27 - [TEST_STEP][PASSED] - else if (tab == "fundnews"): null

2022-01-11 09:46:27 - [TEST_STEP][PASSED] - else if (tab == "bondnews"): Tapped on element 'Object Repository/Mobile/Page/News/Tab - Bond'

2022-01-11 09:46:27 - [TEST_STEP][PASSED] - tap(NEWS_TabBond, 0): Tapped on element 'Object Repository/Mobile/Page/News/Tab - Bond'

2022-01-11 09:46:27 - [MESSAGE][WARNING] - Timeout '0' is invalid. Using default page load timeout: '60'

2022-01-11 09:46:28 - [MESSAGE][PASSED] - Tapped on element 'Object Repository/Mobile/Page/News/Tab - Bond'

2022-01-11 09:46:28 - [TEST_STEP][PASSED] - delay(1): Delayed 1 second(s)

2022-01-11 09:46:29 - [MESSAGE][PASSED] - Delayed 1 second(s)

2022-01-11 09:46:29 - [TEST_STEP][PASSED] - if (tab != "worldindices"): Delayed 3 second(s)

2022-01-11 09:46:29 - [TEST_STEP][PASSED] - try: Delayed 3 second(s)

2022-01-11 09:46:29 - [TEST_STEP][PASSED] - tapAndHold(NEWS_ItemTopNews, 1, 10): Tapped and held on element 'Object Repository/Mobile/Page/News/Item - Top News' with duration 1

2022-01-11 09:46:33 - [MESSAGE][PASSED] - Tapped and held on element 'Object Repository/Mobile/Page/News/Item - Top News' with duration 1

2022-01-11 09:46:33 - [TEST_STEP][PASSED] - delay(1): Delayed 1 second(s)

2022-01-11 09:46:34 - [MESSAGE][PASSED] - Delayed 1 second(s)

2022-01-11 09:46:34 - [TEST_STEP][PASSED] - scroll.scroll.scrollScreenBottomToTop(): scroll.scroll.scrollScreenBottomToTop is PASSED

2022-01-11 09:46:34 - [MESSAGE][PASSED] - Current device physical height is 1423

2022-01-11 09:46:34 - [MESSAGE][PASSED] - Current device physical width is 720

2022-01-11 09:46:36 - [MESSAGE][PASSED] - Swiped from 360,1,138 to 360,284

2022-01-11 09:46:36 - [MESSAGE][PASSED] - scroll.scroll.scrollScreenBottomToTop is PASSED

2022-01-11 09:46:36 - [TEST_STEP][PASSED] - delay(3): Delayed 3 second(s)

2022-01-11 09:46:39 - [MESSAGE][PASSED] - Delayed 3 second(s)

2022-01-11 09:46:39 - [MESSAGE][PASSED] - Call Test Case 'Test Cases/Mobile/Page/News/News' successfully

2022-01-11 09:46:39 - [TEST_STEP][PASSED] - callTestCase(findTestCase("Mobile/Page/Run App/Terminate App"), [:], STOP_ON_FAILURE): Call Test Case 'Test Cases/Mobile/Page/Run App/Terminate App' successfully

2022-01-11 09:46:39 - [TEST_CASE][PASSED] - Test Cases/Mobile/Page/Run App/Terminate App: Test Cases/Mobile/Page/Run App/Terminate App

2022-01-11 09:46:39 - [TEST_STEP][PASSED] - startApp.OpenApp.terminateApplication(): startApp.OpenApp.terminateApplication is PASSED

2022-01-11 09:46:42 - [MESSAGE][PASSED] - Delayed 3 second(s)

2022-01-11 09:46:42 - [MESSAGE][PASSED] - Current device physical width is 720

2022-01-11 09:46:42 - [MESSAGE][PASSED] - Current device physical height is 1423

2022-01-11 09:46:44 - [MESSAGE][PASSED] - Swiped from 360,853 to 360,142

2022-01-11 09:46:45 - [MESSAGE][PASSED] - Delayed 1 second(s)

2022-01-11 09:46:46 - [MESSAGE][PASSED] - Swiped from 360,853 to 360,142

2022-01-11 09:46:49 - [MESSAGE][PASSED] - Delayed 3 second(s)

2022-01-11 09:46:49 - [MESSAGE][PASSED] - startApp.OpenApp.terminateApplication is PASSED

2022-01-11 09:46:49 - [MESSAGE][PASSED] - Call Test Case 'Test Cases/Mobile/Page/Run App/Terminate App' successfully]]></system-out>
         <system-err><![CDATA[]]></system-err>
      </testcase>
      <testcase name="Test Cases/Mobile/Scenario/News/005 - Macro News" time="64.155" classname="Test Cases/Mobile/Scenario/News/005 - Macro News" status="PASSED">
         <system-out><![CDATA[2022-01-11 09:46:49 - [TEST_CASE][PASSED] - Test Cases/Mobile/Scenario/News/005 - Macro News: Test Cases/Mobile/Scenario/News/005 - Macro News

2022-01-11 09:46:49 - [TEST_STEP][PASSED] - callTestCase(findTestCase("Mobile/Page/Run App/Run App byID"), [:], STOP_ON_FAILURE): Call Test Case 'Test Cases/Mobile/Page/Run App/Run App byID' successfully

2022-01-11 09:46:49 - [TEST_CASE][PASSED] - Test Cases/Mobile/Page/Run App/Run App byID: Test Cases/Mobile/Page/Run App/Run App byID

2022-01-11 09:46:49 - [TEST_STEP][PASSED] - startApp.OpenApp.startApplication("id.co.miraeasset.sageclub"): startApp.OpenApp.startApplication is PASSED

2022-01-11 09:47:03 - [MESSAGE][PASSED] - Starting app with application ID: 'id.co.miraeasset.sageclub'

2022-01-11 09:47:03 - [MESSAGE][PASSED] - startApp.OpenApp.startApplication is PASSED

2022-01-11 09:47:03 - [MESSAGE][PASSED] - Call Test Case 'Test Cases/Mobile/Page/Run App/Run App byID' successfully

2022-01-11 09:47:03 - [TEST_STEP][PASSED] - callTestCase(findTestCase("Mobile/Page/News/News"), ["tab":"macronews"], CONTINUE_ON_FAILURE): Call Test Case 'Test Cases/Mobile/Page/News/News' successfully

2022-01-11 09:47:03 - [TEST_CASE][PASSED] - Test Cases/Mobile/Page/News/News: Test Cases/Mobile/Page/News/News

2022-01-11 09:47:03 - [TEST_STEP][PASSED] - callTestCase(findTestCase("Mobile/Page/CheckLogin"), [:], CONTINUE_ON_FAILURE): Call Test Case 'Test Cases/Mobile/Page/CheckLogin' successfully

2022-01-11 09:47:03 - [TEST_CASE][PASSED] - Test Cases/Mobile/Page/CheckLogin: Test Cases/Mobile/Page/CheckLogin

2022-01-11 09:47:03 - [TEST_STEP][PASSED] - loginCheck = verifyElementExist(LOGN_BtnLogin, 5, CONTINUE_ON_FAILURE): Element 'Object Repository/Mobile/Page/Login/Button - Login' is exist

2022-01-11 09:47:05 - [MESSAGE][PASSED] - Element 'Object Repository/Mobile/Page/Login/Button - Login' is exist

2022-01-11 09:47:05 - [TEST_STEP][PASSED] - if (loginCheck): Call Test Case 'Test Cases/Mobile/Page/Login/Login' successfully

2022-01-11 09:47:05 - [TEST_STEP][PASSED] - callTestCase(findTestCase("Mobile/Page/Login/Login"), ["action":"username"], CONTINUE_ON_FAILURE): Call Test Case 'Test Cases/Mobile/Page/Login/Login' successfully

2022-01-11 09:47:05 - [TEST_CASE][PASSED] - Test Cases/Mobile/Page/Login/Login: Test Cases/Mobile/Page/Login/Login

2022-01-11 09:47:05 - [TEST_STEP][PASSED] - delay(2): Delayed 2 second(s)

2022-01-11 09:47:07 - [MESSAGE][PASSED] - Delayed 2 second(s)

2022-01-11 09:47:07 - [TEST_STEP][PASSED] - for ([i = 0, i < 1, (i++)]): null

2022-01-11 09:47:07 - [TEST_STEP][PASSED] - if (action == "username"): null

2022-01-11 09:47:07 - [TEST_STEP][PASSED] - tap(LOGN_EdtUserID, 0): Tapped on element 'Object Repository/Mobile/Page/Login/Input - UserID'

2022-01-11 09:47:07 - [MESSAGE][WARNING] - Timeout '0' is invalid. Using default page load timeout: '60'

2022-01-11 09:47:08 - [MESSAGE][PASSED] - Tapped on element 'Object Repository/Mobile/Page/Login/Input - UserID'

2022-01-11 09:47:08 - [TEST_STEP][PASSED] - delay(1): Delayed 1 second(s)

2022-01-11 09:47:09 - [MESSAGE][PASSED] - Delayed 1 second(s)

2022-01-11 09:47:09 - [TEST_STEP][PASSED] - setText(LOGN_EdtRdyUserID, "anggaaditya", 0): Text 'anggaaditya' has been set to element 'Object Repository/Mobile/Page/Login/Input Rdy - UserID'

2022-01-11 09:47:09 - [MESSAGE][WARNING] - Timeout '0' is invalid. Using default page load timeout: '60'

2022-01-11 09:47:10 - [MESSAGE][PASSED] - Text 'anggaaditya' has been set to element 'Object Repository/Mobile/Page/Login/Input Rdy - UserID'

2022-01-11 09:47:10 - [TEST_STEP][PASSED] - delay(1): Delayed 1 second(s)

2022-01-11 09:47:11 - [MESSAGE][PASSED] - Delayed 1 second(s)

2022-01-11 09:47:11 - [TEST_STEP][PASSED] - hideKeyboard(): Keyboard is hidden

2022-01-11 09:47:15 - [MESSAGE][PASSED] - Keyboard is hidden

2022-01-11 09:47:15 - [TEST_STEP][PASSED] - tap(LOGN_EdtPassword, 0): Tapped on element 'Object Repository/Mobile/Page/Login/Input - Password'

2022-01-11 09:47:15 - [MESSAGE][WARNING] - Timeout '0' is invalid. Using default page load timeout: '60'

2022-01-11 09:47:15 - [MESSAGE][PASSED] - Tapped on element 'Object Repository/Mobile/Page/Login/Input - Password'

2022-01-11 09:47:15 - [TEST_STEP][PASSED] - delay(1): Delayed 1 second(s)

2022-01-11 09:47:16 - [MESSAGE][PASSED] - Delayed 1 second(s)

2022-01-11 09:47:16 - [TEST_STEP][PASSED] - setText(LOGN_EdtRdyPassword, "Shalawa18", 0): Text 'Shalawa18' has been set to element 'Object Repository/Mobile/Page/Login/Input Rdy - Password'

2022-01-11 09:47:16 - [MESSAGE][WARNING] - Timeout '0' is invalid. Using default page load timeout: '60'

2022-01-11 09:47:17 - [MESSAGE][PASSED] - Text 'Shalawa18' has been set to element 'Object Repository/Mobile/Page/Login/Input Rdy - Password'

2022-01-11 09:47:17 - [TEST_STEP][PASSED] - delay(1): Delayed 1 second(s)

2022-01-11 09:47:18 - [MESSAGE][PASSED] - Delayed 1 second(s)

2022-01-11 09:47:18 - [TEST_STEP][PASSED] - hideKeyboard(): Keyboard is hidden

2022-01-11 09:47:25 - [MESSAGE][PASSED] - Keyboard is hidden

2022-01-11 09:47:25 - [TEST_STEP][PASSED] - tap(LOGN_BtnLogin, 0): Tapped on element 'Object Repository/Mobile/Page/Login/Button - Login'

2022-01-11 09:47:25 - [MESSAGE][WARNING] - Timeout '0' is invalid. Using default page load timeout: '60'

2022-01-11 09:47:26 - [MESSAGE][PASSED] - Tapped on element 'Object Repository/Mobile/Page/Login/Button - Login'

2022-01-11 09:47:26 - [TEST_STEP][PASSED] - delay(2): Delayed 2 second(s)

2022-01-11 09:47:28 - [MESSAGE][PASSED] - Delayed 2 second(s)

2022-01-11 09:47:28 - [TEST_STEP][PASSED] - break: null

2022-01-11 09:47:28 - [MESSAGE][PASSED] - Call Test Case 'Test Cases/Mobile/Page/Login/Login' successfully

2022-01-11 09:47:28 - [MESSAGE][PASSED] - Call Test Case 'Test Cases/Mobile/Page/CheckLogin' successfully

2022-01-11 09:47:28 - [TEST_STEP][PASSED] - tap(HOME_MenubarNews, 0): Tapped on element 'Object Repository/Mobile/Page/Home/Menubar - News'

2022-01-11 09:47:28 - [MESSAGE][WARNING] - Timeout '0' is invalid. Using default page load timeout: '60'

2022-01-11 09:47:31 - [MESSAGE][PASSED] - Tapped on element 'Object Repository/Mobile/Page/Home/Menubar - News'

2022-01-11 09:47:31 - [TEST_STEP][PASSED] - delay(1): Delayed 1 second(s)

2022-01-11 09:47:32 - [MESSAGE][PASSED] - Delayed 1 second(s)

2022-01-11 09:47:32 - [TEST_STEP][PASSED] - for ([i = 0, i < 1, (i++)]): Delayed 3 second(s)

2022-01-11 09:47:32 - [TEST_STEP][PASSED] - if (tab == "macronews"): Tapped on element 'Object Repository/Mobile/Page/News/Tab - Macro'

2022-01-11 09:47:32 - [TEST_STEP][PASSED] - tap(NEWS_TabMacro, 0): Tapped on element 'Object Repository/Mobile/Page/News/Tab - Macro'

2022-01-11 09:47:32 - [MESSAGE][WARNING] - Timeout '0' is invalid. Using default page load timeout: '60'

2022-01-11 09:47:33 - [MESSAGE][PASSED] - Tapped on element 'Object Repository/Mobile/Page/News/Tab - Macro'

2022-01-11 09:47:33 - [TEST_STEP][PASSED] - delay(1): Delayed 1 second(s)

2022-01-11 09:47:34 - [MESSAGE][PASSED] - Delayed 1 second(s)

2022-01-11 09:47:34 - [TEST_STEP][PASSED] - if (tab != "worldindices"): Delayed 3 second(s)

2022-01-11 09:47:34 - [TEST_STEP][PASSED] - try: Delayed 3 second(s)

2022-01-11 09:47:34 - [TEST_STEP][PASSED] - tapAndHold(NEWS_ItemTopNews, 1, 10): Tapped and held on element 'Object Repository/Mobile/Page/News/Item - Top News' with duration 1

2022-01-11 09:47:37 - [MESSAGE][PASSED] - Tapped and held on element 'Object Repository/Mobile/Page/News/Item - Top News' with duration 1

2022-01-11 09:47:37 - [TEST_STEP][PASSED] - delay(1): Delayed 1 second(s)

2022-01-11 09:47:38 - [MESSAGE][PASSED] - Delayed 1 second(s)

2022-01-11 09:47:38 - [TEST_STEP][PASSED] - scroll.scroll.scrollScreenBottomToTop(): scroll.scroll.scrollScreenBottomToTop is PASSED

2022-01-11 09:47:38 - [MESSAGE][PASSED] - Current device physical height is 1423

2022-01-11 09:47:38 - [MESSAGE][PASSED] - Current device physical width is 720

2022-01-11 09:47:40 - [MESSAGE][PASSED] - Swiped from 360,1,138 to 360,284

2022-01-11 09:47:40 - [MESSAGE][PASSED] - scroll.scroll.scrollScreenBottomToTop is PASSED

2022-01-11 09:47:40 - [TEST_STEP][PASSED] - delay(3): Delayed 3 second(s)

2022-01-11 09:47:43 - [MESSAGE][PASSED] - Delayed 3 second(s)

2022-01-11 09:47:43 - [MESSAGE][PASSED] - Call Test Case 'Test Cases/Mobile/Page/News/News' successfully

2022-01-11 09:47:43 - [TEST_STEP][PASSED] - callTestCase(findTestCase("Mobile/Page/Run App/Terminate App"), [:], STOP_ON_FAILURE): Call Test Case 'Test Cases/Mobile/Page/Run App/Terminate App' successfully

2022-01-11 09:47:43 - [TEST_CASE][PASSED] - Test Cases/Mobile/Page/Run App/Terminate App: Test Cases/Mobile/Page/Run App/Terminate App

2022-01-11 09:47:43 - [TEST_STEP][PASSED] - startApp.OpenApp.terminateApplication(): startApp.OpenApp.terminateApplication is PASSED

2022-01-11 09:47:46 - [MESSAGE][PASSED] - Delayed 3 second(s)

2022-01-11 09:47:46 - [MESSAGE][PASSED] - Current device physical width is 720

2022-01-11 09:47:46 - [MESSAGE][PASSED] - Current device physical height is 1423

2022-01-11 09:47:48 - [MESSAGE][PASSED] - Swiped from 360,853 to 360,142

2022-01-11 09:47:49 - [MESSAGE][PASSED] - Delayed 1 second(s)

2022-01-11 09:47:50 - [MESSAGE][PASSED] - Swiped from 360,853 to 360,142

2022-01-11 09:47:53 - [MESSAGE][PASSED] - Delayed 3 second(s)

2022-01-11 09:47:53 - [MESSAGE][PASSED] - startApp.OpenApp.terminateApplication is PASSED

2022-01-11 09:47:53 - [MESSAGE][PASSED] - Call Test Case 'Test Cases/Mobile/Page/Run App/Terminate App' successfully]]></system-out>
         <system-err><![CDATA[]]></system-err>
      </testcase>
      <system-out><![CDATA[2022-01-11 09:42:05 - [TEST_SUITE][PASSED] - news: Test Cases/Mobile/Scenario/News/005 - Macro News]]></system-out>
      <system-err><![CDATA[]]></system-err>
   </testsuite>
</testsuites>
