<?xml version="1.0" encoding="UTF-8"?>
<testsuites name="portfolio" time="1214.357" tests="19" failures="0" skips="0" errors="0">
   <testsuite name="portfolio" tests="19" failures="0" errors="0" time="1214.357" skips="0" timestamp="2022-02-16 23:34:27" hostname="Owner - aldy-tft" id="Test Suites/portfolio">
      <properties>
         <property name="deviceName" value="samsung SM-A205F (Android 11)"/>
         <property name="devicePlatform" value=""/>
         <property name="logFolder" value="C:\\Users\\Owner\\Documents\\kerjaan\\KatalonProject\\qa_katalon_pwm\\qa_katalon_pwm\\Reports\\20220216_233420\\portfolio\\20220216_233420"/>
         <property name="logFiles" value="C:\\Users\\Owner\\Documents\\kerjaan\\KatalonProject\\qa_katalon_pwm\\qa_katalon_pwm\\Reports\\20220216_233420\\portfolio\\20220216_233420\\appium.log, C:\\Users\\Owner\\Documents\\kerjaan\\KatalonProject\\qa_katalon_pwm\\qa_katalon_pwm\\Reports\\20220216_233420\\portfolio\\20220216_233420\\execution0.log"/>
         <property name="attachments" value=""/>
         <property name="hostName" value="Owner - aldy-tft"/>
         <property name="os" value="Windows 10 64bit"/>
         <property name="appiumServerStatus" value="{&quot;value&quot;:{&quot;build&quot;:{&quot;version&quot;:&quot;1.22.0&quot;}},&quot;sessionId&quot;:null,&quot;status&quot;:0}"/>
         <property name="katalonVersion" value="7.9.1.208"/>
         <property name="deviceOS" value="Android"/>
         <property name="appiumVersion" value="1.22.0"/>
         <property name="deviceModel" value="SM-A205F"/>
         <property name="hostAddress" value="192.168.100.33"/>
         <property name="deviceManufacturer" value="samsung"/>
         <property name="deviceId" value="RR8M40C9AXE"/>
         <property name="deviceName" value="samsung SM-A205F (Android 11)"/>
         <property name="deviceOSVersion" value="11"/>
      </properties>
      <testcase name="Test Cases/Mobile/Scenario/Portfolio/001 - Summary" time="71.584" classname="Test Cases/Mobile/Scenario/Portfolio/001 - Summary" status="PASSED">
         <system-out><![CDATA[2022-02-16 23:34:28 - [TEST_CASE][PASSED] - Test Cases/Mobile/Scenario/Portfolio/001 - Summary: Test Cases/Mobile/Scenario/Portfolio/001 - Summary

2022-02-16 23:34:28 - [TEST_STEP][PASSED] - callTestCase(findTestCase("Mobile/Page/Run App/Run App byID"), [:], STOP_ON_FAILURE): Call Test Case 'Test Cases/Mobile/Page/Run App/Run App byID' successfully

2022-02-16 23:34:29 - [TEST_CASE][PASSED] - Test Cases/Mobile/Page/Run App/Run App byID: Test Cases/Mobile/Page/Run App/Run App byID

2022-02-16 23:34:29 - [TEST_STEP][PASSED] - startApp.OpenApp.startApplication("id.co.miraeasset.sageclub"): startApp.OpenApp.startApplication is PASSED

2022-02-16 23:34:30 - [MESSAGE][INFO] - Appium server started on port 51,053

2022-02-16 23:34:46 - [MESSAGE][PASSED] - Starting app with application ID: 'id.co.miraeasset.sageclub'

2022-02-16 23:34:46 - [MESSAGE][PASSED] - startApp.OpenApp.startApplication is PASSED

2022-02-16 23:34:46 - [MESSAGE][PASSED] - Call Test Case 'Test Cases/Mobile/Page/Run App/Run App byID' successfully

2022-02-16 23:34:46 - [TEST_STEP][PASSED] - callTestCase(findTestCase("Mobile/Page/Portfolio/Portfolio"), ["tab":"summary", "action":"summary"], CONTINUE_ON_FAILURE): Call Test Case 'Test Cases/Mobile/Page/Portfolio/Portfolio' successfully

2022-02-16 23:34:46 - [TEST_CASE][PASSED] - Test Cases/Mobile/Page/Portfolio/Portfolio: Test Cases/Mobile/Page/Portfolio/Portfolio

2022-02-16 23:34:46 - [TEST_STEP][PASSED] - callTestCase(findTestCase("Mobile/Page/CheckLogin"), [:], CONTINUE_ON_FAILURE): Call Test Case 'Test Cases/Mobile/Page/CheckLogin' successfully

2022-02-16 23:34:46 - [TEST_CASE][PASSED] - Test Cases/Mobile/Page/CheckLogin: Test Cases/Mobile/Page/CheckLogin

2022-02-16 23:34:47 - [TEST_STEP][PASSED] - loginCheck = verifyElementExist(LOGN_BtnLogin, 5, CONTINUE_ON_FAILURE): Element 'Object Repository/Mobile/Page/Login/Button - Login' is exist

2022-02-16 23:34:47 - [MESSAGE][WARNING] - Test object with id 'Object Repository/Mobile/Page/Analysis/Button - Open With Just Once' does not exist

2022-02-16 23:34:47 - [MESSAGE][WARNING] - Test object with id 'Object Repository/Mobile/Page/Analysis/Button - Search' does not exist

2022-02-16 23:34:48 - [MESSAGE][WARNING] - Test object with id 'Object Repository/Mobile/Page/Home/Button -  Add Watchlist' does not exist

2022-02-16 23:34:48 - [MESSAGE][WARNING] - Test object with id 'Object Repository/Mobile/Page/Home/Button - Open with Just Once' does not exist

2022-02-16 23:34:48 - [MESSAGE][WARNING] - Test object with id 'Object Repository/Mobile/Page/Home/Container - Notification' does not exist

2022-02-16 23:34:49 - [MESSAGE][WARNING] - Test object with id 'Object Repository/Mobile/Page/Home/Watchlist/Input - Search' does not exist

2022-02-16 23:34:49 - [MESSAGE][WARNING] - Test object with id 'Object Repository/Mobile/Page/Home/Watchlist/Item - Top Search' does not exist

2022-02-16 23:34:49 - [MESSAGE][WARNING] - Test object with id 'Object Repository/Mobile/Page/Home/Watchlist/Detail Watchlist/Input - Expiry Date' does not exist

2022-02-16 23:34:49 - [MESSAGE][WARNING] - Test object with id 'Object Repository/Mobile/Page/Home/Watchlist/Detail Watchlist/Item - Watchlist' does not exist

2022-02-16 23:34:50 - [MESSAGE][WARNING] - Test object with id 'Object Repository/Mobile/Page/NavigationMenu/Button - Open Just Once' does not exist

2022-02-16 23:34:50 - [MESSAGE][WARNING] - Test object with id 'Object Repository/Mobile/Page/NavigationMenu/Container - Logout' does not exist

2022-02-16 23:34:54 - [MESSAGE][WARNING] - Test object with id 'Object Repository/Mobile/Page/Analysis/Button - Open With Just Once' does not exist

2022-02-16 23:34:54 - [MESSAGE][WARNING] - Test object with id 'Object Repository/Mobile/Page/Analysis/Button - Search' does not exist

2022-02-16 23:34:56 - [MESSAGE][WARNING] - Test object with id 'Object Repository/Mobile/Page/Home/Button -  Add Watchlist' does not exist

2022-02-16 23:34:56 - [MESSAGE][WARNING] - Test object with id 'Object Repository/Mobile/Page/Home/Button - Open with Just Once' does not exist

2022-02-16 23:34:56 - [MESSAGE][WARNING] - Test object with id 'Object Repository/Mobile/Page/Home/Container - Notification' does not exist

2022-02-16 23:34:56 - [MESSAGE][WARNING] - Test object with id 'Object Repository/Mobile/Page/Home/Watchlist/Input - Search' does not exist

2022-02-16 23:34:56 - [MESSAGE][WARNING] - Test object with id 'Object Repository/Mobile/Page/Home/Watchlist/Item - Top Search' does not exist

2022-02-16 23:34:57 - [MESSAGE][WARNING] - Test object with id 'Object Repository/Mobile/Page/Home/Watchlist/Detail Watchlist/Input - Expiry Date' does not exist

2022-02-16 23:34:57 - [MESSAGE][WARNING] - Test object with id 'Object Repository/Mobile/Page/Home/Watchlist/Detail Watchlist/Item - Watchlist' does not exist

2022-02-16 23:34:57 - [MESSAGE][WARNING] - Test object with id 'Object Repository/Mobile/Page/NavigationMenu/Button - Open Just Once' does not exist

2022-02-16 23:34:58 - [MESSAGE][WARNING] - Test object with id 'Object Repository/Mobile/Page/NavigationMenu/Container - Logout' does not exist

2022-02-16 23:35:02 - [MESSAGE][PASSED] - Element 'Object Repository/Mobile/Page/Login/Button - Login' is exist

2022-02-16 23:35:02 - [TEST_STEP][PASSED] - if (loginCheck): Call Test Case 'Test Cases/Mobile/Page/Login/Login' successfully

2022-02-16 23:35:02 - [TEST_STEP][PASSED] - callTestCase(findTestCase("Mobile/Page/Login/Login"), ["action":"username"], CONTINUE_ON_FAILURE): Call Test Case 'Test Cases/Mobile/Page/Login/Login' successfully

2022-02-16 23:35:02 - [TEST_CASE][PASSED] - Test Cases/Mobile/Page/Login/Login: Test Cases/Mobile/Page/Login/Login

2022-02-16 23:35:02 - [TEST_STEP][PASSED] - delay(2): Delayed 2 second(s)

2022-02-16 23:35:04 - [MESSAGE][PASSED] - Delayed 2 second(s)

2022-02-16 23:35:04 - [TEST_STEP][PASSED] - for ([i = 0, i < 1, (i++)]): null

2022-02-16 23:35:04 - [TEST_STEP][PASSED] - if (action == "username"): null

2022-02-16 23:35:04 - [TEST_STEP][PASSED] - tap(LOGN_EdtUserID, 0): Tapped on element 'Object Repository/Mobile/Page/Login/Input - UserID'

2022-02-16 23:35:04 - [MESSAGE][WARNING] - Timeout '0' is invalid. Using default page load timeout: '60'

2022-02-16 23:35:05 - [MESSAGE][PASSED] - Tapped on element 'Object Repository/Mobile/Page/Login/Input - UserID'

2022-02-16 23:35:05 - [TEST_STEP][PASSED] - delay(1): Delayed 1 second(s)

2022-02-16 23:35:06 - [MESSAGE][PASSED] - Delayed 1 second(s)

2022-02-16 23:35:06 - [TEST_STEP][PASSED] - setText(LOGN_EdtRdyUserID, "anggaaditya", 0): Text 'anggaaditya' has been set to element 'Object Repository/Mobile/Page/Login/Input Rdy - UserID'

2022-02-16 23:35:06 - [MESSAGE][WARNING] - Timeout '0' is invalid. Using default page load timeout: '60'

2022-02-16 23:35:06 - [MESSAGE][PASSED] - Text 'anggaaditya' has been set to element 'Object Repository/Mobile/Page/Login/Input Rdy - UserID'

2022-02-16 23:35:06 - [TEST_STEP][PASSED] - delay(1): Delayed 1 second(s)

2022-02-16 23:35:07 - [MESSAGE][PASSED] - Delayed 1 second(s)

2022-02-16 23:35:07 - [TEST_STEP][PASSED] - hideKeyboard(): Keyboard is hidden

2022-02-16 23:35:11 - [MESSAGE][PASSED] - Keyboard is hidden

2022-02-16 23:35:11 - [TEST_STEP][PASSED] - tap(LOGN_EdtPassword, 0): Tapped on element 'Object Repository/Mobile/Page/Login/Input - Password'

2022-02-16 23:35:11 - [MESSAGE][WARNING] - Timeout '0' is invalid. Using default page load timeout: '60'

2022-02-16 23:35:11 - [MESSAGE][PASSED] - Tapped on element 'Object Repository/Mobile/Page/Login/Input - Password'

2022-02-16 23:35:11 - [TEST_STEP][PASSED] - delay(1): Delayed 1 second(s)

2022-02-16 23:35:12 - [MESSAGE][PASSED] - Delayed 1 second(s)

2022-02-16 23:35:12 - [TEST_STEP][PASSED] - setText(LOGN_EdtRdyPassword, "Shalawa18", 0): Text 'Shalawa18' has been set to element 'Object Repository/Mobile/Page/Login/Input Rdy - Password'

2022-02-16 23:35:12 - [MESSAGE][WARNING] - Timeout '0' is invalid. Using default page load timeout: '60'

2022-02-16 23:35:13 - [MESSAGE][PASSED] - Text 'Shalawa18' has been set to element 'Object Repository/Mobile/Page/Login/Input Rdy - Password'

2022-02-16 23:35:13 - [TEST_STEP][PASSED] - delay(1): Delayed 1 second(s)

2022-02-16 23:35:14 - [MESSAGE][PASSED] - Delayed 1 second(s)

2022-02-16 23:35:14 - [TEST_STEP][PASSED] - hideKeyboard(): Keyboard is hidden

2022-02-16 23:35:20 - [MESSAGE][PASSED] - Keyboard is hidden

2022-02-16 23:35:20 - [TEST_STEP][PASSED] - tap(LOGN_BtnLogin, 0): Tapped on element 'Object Repository/Mobile/Page/Login/Button - Login'

2022-02-16 23:35:20 - [MESSAGE][WARNING] - Timeout '0' is invalid. Using default page load timeout: '60'

2022-02-16 23:35:21 - [MESSAGE][PASSED] - Tapped on element 'Object Repository/Mobile/Page/Login/Button - Login'

2022-02-16 23:35:21 - [TEST_STEP][PASSED] - delay(2): Delayed 2 second(s)

2022-02-16 23:35:23 - [MESSAGE][PASSED] - Delayed 2 second(s)

2022-02-16 23:35:23 - [TEST_STEP][PASSED] - break: null

2022-02-16 23:35:23 - [MESSAGE][PASSED] - Call Test Case 'Test Cases/Mobile/Page/Login/Login' successfully

2022-02-16 23:35:23 - [MESSAGE][PASSED] - Call Test Case 'Test Cases/Mobile/Page/CheckLogin' successfully

2022-02-16 23:35:23 - [TEST_STEP][PASSED] - tap(HOME_MenubarPortfolio, 0): Tapped on element 'Object Repository/Mobile/Page/Home/Menubar - Portfolio'

2022-02-16 23:35:23 - [MESSAGE][WARNING] - Timeout '0' is invalid. Using default page load timeout: '60'

2022-02-16 23:35:25 - [MESSAGE][PASSED] - Tapped on element 'Object Repository/Mobile/Page/Home/Menubar - Portfolio'

2022-02-16 23:35:25 - [TEST_STEP][PASSED] - delay(1): Delayed 1 second(s)

2022-02-16 23:35:26 - [MESSAGE][PASSED] - Delayed 1 second(s)

2022-02-16 23:35:26 - [TEST_STEP][PASSED] - for ([i = 0, i < 1, (i++)]): null

2022-02-16 23:35:26 - [TEST_STEP][PASSED] - if (tab == "summary"): null

2022-02-16 23:35:26 - [TEST_STEP][PASSED] - idr = PORT_BtnIDR: null

2022-02-16 23:35:26 - [TEST_STEP][PASSED] - persen = PORT_BtnPersen: null

2022-02-16 23:35:26 - [TEST_STEP][PASSED] - if (action == "summary"): Delayed 3 second(s)

2022-02-16 23:35:26 - [TEST_STEP][PASSED] - delay(3): Delayed 3 second(s)

2022-02-16 23:35:29 - [MESSAGE][PASSED] - Delayed 3 second(s)

2022-02-16 23:35:29 - [TEST_STEP][PASSED] - if (action != "summary"): null

2022-02-16 23:35:29 - [MESSAGE][PASSED] - Call Test Case 'Test Cases/Mobile/Page/Portfolio/Portfolio' successfully

2022-02-16 23:35:29 - [TEST_STEP][PASSED] - callTestCase(findTestCase("Mobile/Page/Run App/Terminate App"), [:], STOP_ON_FAILURE): Call Test Case 'Test Cases/Mobile/Page/Run App/Terminate App' successfully

2022-02-16 23:35:29 - [TEST_CASE][PASSED] - Test Cases/Mobile/Page/Run App/Terminate App: Test Cases/Mobile/Page/Run App/Terminate App

2022-02-16 23:35:29 - [TEST_STEP][PASSED] - startApp.OpenApp.terminateApplication(): startApp.OpenApp.terminateApplication is PASSED

2022-02-16 23:35:32 - [MESSAGE][PASSED] - Delayed 3 second(s)

2022-02-16 23:35:33 - [MESSAGE][PASSED] - Current device physical width is 720

2022-02-16 23:35:33 - [MESSAGE][PASSED] - Current device physical height is 1423

2022-02-16 23:35:34 - [MESSAGE][PASSED] - Swiped from 360,853 to 360,142

2022-02-16 23:35:35 - [MESSAGE][PASSED] - Delayed 1 second(s)

2022-02-16 23:35:37 - [MESSAGE][PASSED] - Swiped from 360,853 to 360,142

2022-02-16 23:35:40 - [MESSAGE][PASSED] - Delayed 3 second(s)

2022-02-16 23:35:40 - [MESSAGE][PASSED] - startApp.OpenApp.terminateApplication is PASSED

2022-02-16 23:35:40 - [MESSAGE][PASSED] - Call Test Case 'Test Cases/Mobile/Page/Run App/Terminate App' successfully]]></system-out>
         <system-err><![CDATA[]]></system-err>
      </testcase>
      <testcase name="Test Cases/Mobile/Scenario/Portfolio/002 - Portfolio Performance Daily IDR" time="59.898" classname="Test Cases/Mobile/Scenario/Portfolio/002 - Portfolio Performance Daily IDR" status="PASSED">
         <system-out><![CDATA[2022-02-16 23:35:40 - [TEST_CASE][PASSED] - Test Cases/Mobile/Scenario/Portfolio/002 - Portfolio Performance Daily IDR: Test Cases/Mobile/Scenario/Portfolio/002 - Portfolio Performance Daily IDR

2022-02-16 23:35:40 - [TEST_STEP][PASSED] - callTestCase(findTestCase("Mobile/Page/Run App/Run App byID"), [:], STOP_ON_FAILURE): Call Test Case 'Test Cases/Mobile/Page/Run App/Run App byID' successfully

2022-02-16 23:35:40 - [TEST_CASE][PASSED] - Test Cases/Mobile/Page/Run App/Run App byID: Test Cases/Mobile/Page/Run App/Run App byID

2022-02-16 23:35:40 - [TEST_STEP][PASSED] - startApp.OpenApp.startApplication("id.co.miraeasset.sageclub"): startApp.OpenApp.startApplication is PASSED

2022-02-16 23:35:53 - [MESSAGE][PASSED] - Starting app with application ID: 'id.co.miraeasset.sageclub'

2022-02-16 23:35:53 - [MESSAGE][PASSED] - startApp.OpenApp.startApplication is PASSED

2022-02-16 23:35:53 - [MESSAGE][PASSED] - Call Test Case 'Test Cases/Mobile/Page/Run App/Run App byID' successfully

2022-02-16 23:35:53 - [TEST_STEP][PASSED] - callTestCase(findTestCase("Mobile/Page/Portfolio/Portfolio"), ["tab":"summary", "action":"perf_daily", "action2":"idr"], CONTINUE_ON_FAILURE): Call Test Case 'Test Cases/Mobile/Page/Portfolio/Portfolio' successfully

2022-02-16 23:35:53 - [TEST_CASE][PASSED] - Test Cases/Mobile/Page/Portfolio/Portfolio: Test Cases/Mobile/Page/Portfolio/Portfolio

2022-02-16 23:35:53 - [TEST_STEP][PASSED] - callTestCase(findTestCase("Mobile/Page/CheckLogin"), [:], CONTINUE_ON_FAILURE): Call Test Case 'Test Cases/Mobile/Page/CheckLogin' successfully

2022-02-16 23:35:53 - [TEST_CASE][PASSED] - Test Cases/Mobile/Page/CheckLogin: Test Cases/Mobile/Page/CheckLogin

2022-02-16 23:35:53 - [TEST_STEP][PASSED] - loginCheck = verifyElementExist(LOGN_BtnLogin, 5, CONTINUE_ON_FAILURE): Element 'Object Repository/Mobile/Page/Login/Button - Login' is exist

2022-02-16 23:35:54 - [MESSAGE][PASSED] - Element 'Object Repository/Mobile/Page/Login/Button - Login' is exist

2022-02-16 23:35:54 - [TEST_STEP][PASSED] - if (loginCheck): Call Test Case 'Test Cases/Mobile/Page/Login/Login' successfully

2022-02-16 23:35:54 - [TEST_STEP][PASSED] - callTestCase(findTestCase("Mobile/Page/Login/Login"), ["action":"username"], CONTINUE_ON_FAILURE): Call Test Case 'Test Cases/Mobile/Page/Login/Login' successfully

2022-02-16 23:35:54 - [TEST_CASE][PASSED] - Test Cases/Mobile/Page/Login/Login: Test Cases/Mobile/Page/Login/Login

2022-02-16 23:35:55 - [TEST_STEP][PASSED] - delay(2): Delayed 2 second(s)

2022-02-16 23:35:57 - [MESSAGE][PASSED] - Delayed 2 second(s)

2022-02-16 23:35:57 - [TEST_STEP][PASSED] - for ([i = 0, i < 1, (i++)]): null

2022-02-16 23:35:57 - [TEST_STEP][PASSED] - if (action == "username"): null

2022-02-16 23:35:57 - [TEST_STEP][PASSED] - tap(LOGN_EdtUserID, 0): Tapped on element 'Object Repository/Mobile/Page/Login/Input - UserID'

2022-02-16 23:35:57 - [MESSAGE][WARNING] - Timeout '0' is invalid. Using default page load timeout: '60'

2022-02-16 23:35:57 - [MESSAGE][PASSED] - Tapped on element 'Object Repository/Mobile/Page/Login/Input - UserID'

2022-02-16 23:35:57 - [TEST_STEP][PASSED] - delay(1): Delayed 1 second(s)

2022-02-16 23:35:58 - [MESSAGE][PASSED] - Delayed 1 second(s)

2022-02-16 23:35:58 - [TEST_STEP][PASSED] - setText(LOGN_EdtRdyUserID, "anggaaditya", 0): Text 'anggaaditya' has been set to element 'Object Repository/Mobile/Page/Login/Input Rdy - UserID'

2022-02-16 23:35:58 - [MESSAGE][WARNING] - Timeout '0' is invalid. Using default page load timeout: '60'

2022-02-16 23:35:59 - [MESSAGE][PASSED] - Text 'anggaaditya' has been set to element 'Object Repository/Mobile/Page/Login/Input Rdy - UserID'

2022-02-16 23:35:59 - [TEST_STEP][PASSED] - delay(1): Delayed 1 second(s)

2022-02-16 23:36:00 - [MESSAGE][PASSED] - Delayed 1 second(s)

2022-02-16 23:36:00 - [TEST_STEP][PASSED] - hideKeyboard(): Keyboard is hidden

2022-02-16 23:36:04 - [MESSAGE][PASSED] - Keyboard is hidden

2022-02-16 23:36:04 - [TEST_STEP][PASSED] - tap(LOGN_EdtPassword, 0): Tapped on element 'Object Repository/Mobile/Page/Login/Input - Password'

2022-02-16 23:36:04 - [MESSAGE][WARNING] - Timeout '0' is invalid. Using default page load timeout: '60'

2022-02-16 23:36:04 - [MESSAGE][PASSED] - Tapped on element 'Object Repository/Mobile/Page/Login/Input - Password'

2022-02-16 23:36:04 - [TEST_STEP][PASSED] - delay(1): Delayed 1 second(s)

2022-02-16 23:36:05 - [MESSAGE][PASSED] - Delayed 1 second(s)

2022-02-16 23:36:05 - [TEST_STEP][PASSED] - setText(LOGN_EdtRdyPassword, "Shalawa18", 0): Text 'Shalawa18' has been set to element 'Object Repository/Mobile/Page/Login/Input Rdy - Password'

2022-02-16 23:36:05 - [MESSAGE][WARNING] - Timeout '0' is invalid. Using default page load timeout: '60'

2022-02-16 23:36:06 - [MESSAGE][PASSED] - Text 'Shalawa18' has been set to element 'Object Repository/Mobile/Page/Login/Input Rdy - Password'

2022-02-16 23:36:06 - [TEST_STEP][PASSED] - delay(1): Delayed 1 second(s)

2022-02-16 23:36:07 - [MESSAGE][PASSED] - Delayed 1 second(s)

2022-02-16 23:36:07 - [TEST_STEP][PASSED] - hideKeyboard(): Keyboard is hidden

2022-02-16 23:36:13 - [MESSAGE][PASSED] - Keyboard is hidden

2022-02-16 23:36:13 - [TEST_STEP][PASSED] - tap(LOGN_BtnLogin, 0): Tapped on element 'Object Repository/Mobile/Page/Login/Button - Login'

2022-02-16 23:36:13 - [MESSAGE][WARNING] - Timeout '0' is invalid. Using default page load timeout: '60'

2022-02-16 23:36:14 - [MESSAGE][PASSED] - Tapped on element 'Object Repository/Mobile/Page/Login/Button - Login'

2022-02-16 23:36:14 - [TEST_STEP][PASSED] - delay(2): Delayed 2 second(s)

2022-02-16 23:36:16 - [MESSAGE][PASSED] - Delayed 2 second(s)

2022-02-16 23:36:16 - [TEST_STEP][PASSED] - break: null

2022-02-16 23:36:16 - [MESSAGE][PASSED] - Call Test Case 'Test Cases/Mobile/Page/Login/Login' successfully

2022-02-16 23:36:16 - [MESSAGE][PASSED] - Call Test Case 'Test Cases/Mobile/Page/CheckLogin' successfully

2022-02-16 23:36:16 - [TEST_STEP][PASSED] - tap(HOME_MenubarPortfolio, 0): Tapped on element 'Object Repository/Mobile/Page/Home/Menubar - Portfolio'

2022-02-16 23:36:16 - [MESSAGE][WARNING] - Timeout '0' is invalid. Using default page load timeout: '60'

2022-02-16 23:36:17 - [MESSAGE][PASSED] - Tapped on element 'Object Repository/Mobile/Page/Home/Menubar - Portfolio'

2022-02-16 23:36:17 - [TEST_STEP][PASSED] - delay(1): Delayed 1 second(s)

2022-02-16 23:36:18 - [MESSAGE][PASSED] - Delayed 1 second(s)

2022-02-16 23:36:18 - [TEST_STEP][PASSED] - for ([i = 0, i < 1, (i++)]): Delayed 3 second(s)

2022-02-16 23:36:18 - [TEST_STEP][PASSED] - if (tab == "summary"): Delayed 3 second(s)

2022-02-16 23:36:18 - [TEST_STEP][PASSED] - idr = PORT_BtnIDR: null

2022-02-16 23:36:18 - [TEST_STEP][PASSED] - persen = PORT_BtnPersen: null

2022-02-16 23:36:18 - [TEST_STEP][PASSED] - if (action == "summary"): null

2022-02-16 23:36:18 - [TEST_STEP][PASSED] - else if (action == "perf_daily"): scroll.scroll.scrollScreenBottomToTop is PASSED

2022-02-16 23:36:18 - [TEST_STEP][PASSED] - scroll.scroll.scrollScreenBottomToTop(): scroll.scroll.scrollScreenBottomToTop is PASSED

2022-02-16 23:36:19 - [MESSAGE][PASSED] - Current device physical height is 1423

2022-02-16 23:36:19 - [MESSAGE][PASSED] - Current device physical width is 720

2022-02-16 23:36:20 - [MESSAGE][PASSED] - Swiped from 360,1,138 to 360,284

2022-02-16 23:36:20 - [MESSAGE][PASSED] - scroll.scroll.scrollScreenBottomToTop is PASSED

2022-02-16 23:36:20 - [TEST_STEP][PASSED] - if (action != "summary"): Delayed 3 second(s)

2022-02-16 23:36:20 - [TEST_STEP][PASSED] - delay(1): Delayed 1 second(s)

2022-02-16 23:36:21 - [MESSAGE][PASSED] - Delayed 1 second(s)

2022-02-16 23:36:21 - [TEST_STEP][PASSED] - scroll.scroll.scrollScreenBottomToTop(): scroll.scroll.scrollScreenBottomToTop is PASSED

2022-02-16 23:36:21 - [MESSAGE][PASSED] - Current device physical height is 1423

2022-02-16 23:36:22 - [MESSAGE][PASSED] - Current device physical width is 720

2022-02-16 23:36:23 - [MESSAGE][PASSED] - Swiped from 360,1,138 to 360,284

2022-02-16 23:36:23 - [MESSAGE][PASSED] - scroll.scroll.scrollScreenBottomToTop is PASSED

2022-02-16 23:36:23 - [TEST_STEP][PASSED] - delay(3): Delayed 3 second(s)

2022-02-16 23:36:26 - [MESSAGE][PASSED] - Delayed 3 second(s)

2022-02-16 23:36:26 - [TEST_STEP][PASSED] - if (action2 == "idr"): Delayed 3 second(s)

2022-02-16 23:36:26 - [TEST_STEP][PASSED] - tap(idr, 10): Tapped on element 'Object Repository/Mobile/Page/Portfolio/Button - IDR'

2022-02-16 23:36:26 - [MESSAGE][PASSED] - Tapped on element 'Object Repository/Mobile/Page/Portfolio/Button - IDR'

2022-02-16 23:36:26 - [TEST_STEP][PASSED] - delay(3): Delayed 3 second(s)

2022-02-16 23:36:29 - [MESSAGE][PASSED] - Delayed 3 second(s)

2022-02-16 23:36:29 - [MESSAGE][PASSED] - Call Test Case 'Test Cases/Mobile/Page/Portfolio/Portfolio' successfully

2022-02-16 23:36:29 - [TEST_STEP][PASSED] - callTestCase(findTestCase("Mobile/Page/Run App/Terminate App"), [:], STOP_ON_FAILURE): Call Test Case 'Test Cases/Mobile/Page/Run App/Terminate App' successfully

2022-02-16 23:36:29 - [TEST_CASE][PASSED] - Test Cases/Mobile/Page/Run App/Terminate App: Test Cases/Mobile/Page/Run App/Terminate App

2022-02-16 23:36:29 - [TEST_STEP][PASSED] - startApp.OpenApp.terminateApplication(): startApp.OpenApp.terminateApplication is PASSED

2022-02-16 23:36:32 - [MESSAGE][PASSED] - Delayed 3 second(s)

2022-02-16 23:36:33 - [MESSAGE][PASSED] - Current device physical width is 720

2022-02-16 23:36:33 - [MESSAGE][PASSED] - Current device physical height is 1423

2022-02-16 23:36:34 - [MESSAGE][PASSED] - Swiped from 360,853 to 360,142

2022-02-16 23:36:35 - [MESSAGE][PASSED] - Delayed 1 second(s)

2022-02-16 23:36:36 - [MESSAGE][PASSED] - Swiped from 360,853 to 360,142

2022-02-16 23:36:40 - [MESSAGE][PASSED] - Delayed 3 second(s)

2022-02-16 23:36:40 - [MESSAGE][PASSED] - startApp.OpenApp.terminateApplication is PASSED

2022-02-16 23:36:40 - [MESSAGE][PASSED] - Call Test Case 'Test Cases/Mobile/Page/Run App/Terminate App' successfully]]></system-out>
         <system-err><![CDATA[]]></system-err>
      </testcase>
      <testcase name="Test Cases/Mobile/Scenario/Portfolio/003 - Portfolio Performance Month to Date IDR" time="62.402" classname="Test Cases/Mobile/Scenario/Portfolio/003 - Portfolio Performance Month to Date IDR" status="PASSED">
         <system-out><![CDATA[2022-02-16 23:36:40 - [TEST_CASE][PASSED] - Test Cases/Mobile/Scenario/Portfolio/003 - Portfolio Performance Month to Date IDR: Test Cases/Mobile/Scenario/Portfolio/003 - Portfolio Performance Month to Date IDR

2022-02-16 23:36:40 - [TEST_STEP][PASSED] - callTestCase(findTestCase("Mobile/Page/Run App/Run App byID"), [:], STOP_ON_FAILURE): Call Test Case 'Test Cases/Mobile/Page/Run App/Run App byID' successfully

2022-02-16 23:36:40 - [TEST_CASE][PASSED] - Test Cases/Mobile/Page/Run App/Run App byID: Test Cases/Mobile/Page/Run App/Run App byID

2022-02-16 23:36:40 - [TEST_STEP][PASSED] - startApp.OpenApp.startApplication("id.co.miraeasset.sageclub"): startApp.OpenApp.startApplication is PASSED

2022-02-16 23:36:53 - [MESSAGE][PASSED] - Starting app with application ID: 'id.co.miraeasset.sageclub'

2022-02-16 23:36:53 - [MESSAGE][PASSED] - startApp.OpenApp.startApplication is PASSED

2022-02-16 23:36:53 - [MESSAGE][PASSED] - Call Test Case 'Test Cases/Mobile/Page/Run App/Run App byID' successfully

2022-02-16 23:36:53 - [TEST_STEP][PASSED] - callTestCase(findTestCase("Mobile/Page/Portfolio/Portfolio"), ["tab":"summary", "action":"perf_month", "action2":"idr"], CONTINUE_ON_FAILURE): Call Test Case 'Test Cases/Mobile/Page/Portfolio/Portfolio' successfully

2022-02-16 23:36:53 - [TEST_CASE][PASSED] - Test Cases/Mobile/Page/Portfolio/Portfolio: Test Cases/Mobile/Page/Portfolio/Portfolio

2022-02-16 23:36:53 - [TEST_STEP][PASSED] - callTestCase(findTestCase("Mobile/Page/CheckLogin"), [:], CONTINUE_ON_FAILURE): Call Test Case 'Test Cases/Mobile/Page/CheckLogin' successfully

2022-02-16 23:36:53 - [TEST_CASE][PASSED] - Test Cases/Mobile/Page/CheckLogin: Test Cases/Mobile/Page/CheckLogin

2022-02-16 23:36:53 - [TEST_STEP][PASSED] - loginCheck = verifyElementExist(LOGN_BtnLogin, 5, CONTINUE_ON_FAILURE): Element 'Object Repository/Mobile/Page/Login/Button - Login' is exist

2022-02-16 23:36:55 - [MESSAGE][PASSED] - Element 'Object Repository/Mobile/Page/Login/Button - Login' is exist

2022-02-16 23:36:55 - [TEST_STEP][PASSED] - if (loginCheck): Call Test Case 'Test Cases/Mobile/Page/Login/Login' successfully

2022-02-16 23:36:55 - [TEST_STEP][PASSED] - callTestCase(findTestCase("Mobile/Page/Login/Login"), ["action":"username"], CONTINUE_ON_FAILURE): Call Test Case 'Test Cases/Mobile/Page/Login/Login' successfully

2022-02-16 23:36:55 - [TEST_CASE][PASSED] - Test Cases/Mobile/Page/Login/Login: Test Cases/Mobile/Page/Login/Login

2022-02-16 23:36:55 - [TEST_STEP][PASSED] - delay(2): Delayed 2 second(s)

2022-02-16 23:36:57 - [MESSAGE][PASSED] - Delayed 2 second(s)

2022-02-16 23:36:57 - [TEST_STEP][PASSED] - for ([i = 0, i < 1, (i++)]): null

2022-02-16 23:36:57 - [TEST_STEP][PASSED] - if (action == "username"): null

2022-02-16 23:36:57 - [TEST_STEP][PASSED] - tap(LOGN_EdtUserID, 0): Tapped on element 'Object Repository/Mobile/Page/Login/Input - UserID'

2022-02-16 23:36:57 - [MESSAGE][WARNING] - Timeout '0' is invalid. Using default page load timeout: '60'

2022-02-16 23:36:57 - [MESSAGE][PASSED] - Tapped on element 'Object Repository/Mobile/Page/Login/Input - UserID'

2022-02-16 23:36:57 - [TEST_STEP][PASSED] - delay(1): Delayed 1 second(s)

2022-02-16 23:36:58 - [MESSAGE][PASSED] - Delayed 1 second(s)

2022-02-16 23:36:58 - [TEST_STEP][PASSED] - setText(LOGN_EdtRdyUserID, "anggaaditya", 0): Text 'anggaaditya' has been set to element 'Object Repository/Mobile/Page/Login/Input Rdy - UserID'

2022-02-16 23:36:58 - [MESSAGE][WARNING] - Timeout '0' is invalid. Using default page load timeout: '60'

2022-02-16 23:36:59 - [MESSAGE][PASSED] - Text 'anggaaditya' has been set to element 'Object Repository/Mobile/Page/Login/Input Rdy - UserID'

2022-02-16 23:36:59 - [TEST_STEP][PASSED] - delay(1): Delayed 1 second(s)

2022-02-16 23:37:00 - [MESSAGE][PASSED] - Delayed 1 second(s)

2022-02-16 23:37:00 - [TEST_STEP][PASSED] - hideKeyboard(): Keyboard is hidden

2022-02-16 23:37:04 - [MESSAGE][PASSED] - Keyboard is hidden

2022-02-16 23:37:04 - [TEST_STEP][PASSED] - tap(LOGN_EdtPassword, 0): Tapped on element 'Object Repository/Mobile/Page/Login/Input - Password'

2022-02-16 23:37:04 - [MESSAGE][WARNING] - Timeout '0' is invalid. Using default page load timeout: '60'

2022-02-16 23:37:04 - [MESSAGE][PASSED] - Tapped on element 'Object Repository/Mobile/Page/Login/Input - Password'

2022-02-16 23:37:04 - [TEST_STEP][PASSED] - delay(1): Delayed 1 second(s)

2022-02-16 23:37:05 - [MESSAGE][PASSED] - Delayed 1 second(s)

2022-02-16 23:37:05 - [TEST_STEP][PASSED] - setText(LOGN_EdtRdyPassword, "Shalawa18", 0): Text 'Shalawa18' has been set to element 'Object Repository/Mobile/Page/Login/Input Rdy - Password'

2022-02-16 23:37:05 - [MESSAGE][WARNING] - Timeout '0' is invalid. Using default page load timeout: '60'

2022-02-16 23:37:06 - [MESSAGE][PASSED] - Text 'Shalawa18' has been set to element 'Object Repository/Mobile/Page/Login/Input Rdy - Password'

2022-02-16 23:37:06 - [TEST_STEP][PASSED] - delay(1): Delayed 1 second(s)

2022-02-16 23:37:07 - [MESSAGE][PASSED] - Delayed 1 second(s)

2022-02-16 23:37:07 - [TEST_STEP][PASSED] - hideKeyboard(): Keyboard is hidden

2022-02-16 23:37:13 - [MESSAGE][PASSED] - Keyboard is hidden

2022-02-16 23:37:13 - [TEST_STEP][PASSED] - tap(LOGN_BtnLogin, 0): Tapped on element 'Object Repository/Mobile/Page/Login/Button - Login'

2022-02-16 23:37:13 - [MESSAGE][WARNING] - Timeout '0' is invalid. Using default page load timeout: '60'

2022-02-16 23:37:14 - [MESSAGE][PASSED] - Tapped on element 'Object Repository/Mobile/Page/Login/Button - Login'

2022-02-16 23:37:14 - [TEST_STEP][PASSED] - delay(2): Delayed 2 second(s)

2022-02-16 23:37:16 - [MESSAGE][PASSED] - Delayed 2 second(s)

2022-02-16 23:37:16 - [TEST_STEP][PASSED] - break: null

2022-02-16 23:37:16 - [MESSAGE][PASSED] - Call Test Case 'Test Cases/Mobile/Page/Login/Login' successfully

2022-02-16 23:37:16 - [MESSAGE][PASSED] - Call Test Case 'Test Cases/Mobile/Page/CheckLogin' successfully

2022-02-16 23:37:16 - [TEST_STEP][PASSED] - tap(HOME_MenubarPortfolio, 0): Tapped on element 'Object Repository/Mobile/Page/Home/Menubar - Portfolio'

2022-02-16 23:37:16 - [MESSAGE][WARNING] - Timeout '0' is invalid. Using default page load timeout: '60'

2022-02-16 23:37:18 - [MESSAGE][PASSED] - Tapped on element 'Object Repository/Mobile/Page/Home/Menubar - Portfolio'

2022-02-16 23:37:18 - [TEST_STEP][PASSED] - delay(1): Delayed 1 second(s)

2022-02-16 23:37:19 - [MESSAGE][PASSED] - Delayed 1 second(s)

2022-02-16 23:37:19 - [TEST_STEP][PASSED] - for ([i = 0, i < 1, (i++)]): Delayed 3 second(s)

2022-02-16 23:37:19 - [TEST_STEP][PASSED] - if (tab == "summary"): Delayed 3 second(s)

2022-02-16 23:37:19 - [TEST_STEP][PASSED] - idr = PORT_BtnIDR: null

2022-02-16 23:37:19 - [TEST_STEP][PASSED] - persen = PORT_BtnPersen: null

2022-02-16 23:37:19 - [TEST_STEP][PASSED] - if (action == "summary"): null

2022-02-16 23:37:19 - [TEST_STEP][PASSED] - else if (action == "perf_daily"): null

2022-02-16 23:37:19 - [TEST_STEP][PASSED] - else if (action == "perf_month"): Tapped on element 'Object Repository/Mobile/Page/Portfolio/Tab - Summary Month to Date'

2022-02-16 23:37:19 - [TEST_STEP][PASSED] - scroll.scroll.scrollScreenBottomToTop(): scroll.scroll.scrollScreenBottomToTop is PASSED

2022-02-16 23:37:19 - [MESSAGE][PASSED] - Current device physical height is 1423

2022-02-16 23:37:20 - [MESSAGE][PASSED] - Current device physical width is 720

2022-02-16 23:37:21 - [MESSAGE][PASSED] - Swiped from 360,1,138 to 360,284

2022-02-16 23:37:21 - [MESSAGE][PASSED] - scroll.scroll.scrollScreenBottomToTop is PASSED

2022-02-16 23:37:21 - [TEST_STEP][PASSED] - delay(1): Delayed 1 second(s)

2022-02-16 23:37:22 - [MESSAGE][PASSED] - Delayed 1 second(s)

2022-02-16 23:37:22 - [TEST_STEP][PASSED] - tap(PORT_TabSummaryMonth, 0): Tapped on element 'Object Repository/Mobile/Page/Portfolio/Tab - Summary Month to Date'

2022-02-16 23:37:22 - [MESSAGE][WARNING] - Timeout '0' is invalid. Using default page load timeout: '60'

2022-02-16 23:37:22 - [MESSAGE][PASSED] - Tapped on element 'Object Repository/Mobile/Page/Portfolio/Tab - Summary Month to Date'

2022-02-16 23:37:22 - [TEST_STEP][PASSED] - if (action != "summary"): Delayed 3 second(s)

2022-02-16 23:37:22 - [TEST_STEP][PASSED] - delay(1): Delayed 1 second(s)

2022-02-16 23:37:23 - [MESSAGE][PASSED] - Delayed 1 second(s)

2022-02-16 23:37:23 - [TEST_STEP][PASSED] - scroll.scroll.scrollScreenBottomToTop(): scroll.scroll.scrollScreenBottomToTop is PASSED

2022-02-16 23:37:24 - [MESSAGE][PASSED] - Current device physical height is 1423

2022-02-16 23:37:24 - [MESSAGE][PASSED] - Current device physical width is 720

2022-02-16 23:37:25 - [MESSAGE][PASSED] - Swiped from 360,1,138 to 360,284

2022-02-16 23:37:25 - [MESSAGE][PASSED] - scroll.scroll.scrollScreenBottomToTop is PASSED

2022-02-16 23:37:25 - [TEST_STEP][PASSED] - delay(3): Delayed 3 second(s)

2022-02-16 23:37:28 - [MESSAGE][PASSED] - Delayed 3 second(s)

2022-02-16 23:37:28 - [TEST_STEP][PASSED] - if (action2 == "idr"): Delayed 3 second(s)

2022-02-16 23:37:28 - [TEST_STEP][PASSED] - tap(idr, 10): Tapped on element 'Object Repository/Mobile/Page/Portfolio/Button - IDR'

2022-02-16 23:37:29 - [MESSAGE][PASSED] - Tapped on element 'Object Repository/Mobile/Page/Portfolio/Button - IDR'

2022-02-16 23:37:29 - [TEST_STEP][PASSED] - delay(3): Delayed 3 second(s)

2022-02-16 23:37:32 - [MESSAGE][PASSED] - Delayed 3 second(s)

2022-02-16 23:37:32 - [MESSAGE][PASSED] - Call Test Case 'Test Cases/Mobile/Page/Portfolio/Portfolio' successfully

2022-02-16 23:37:32 - [TEST_STEP][PASSED] - callTestCase(findTestCase("Mobile/Page/Run App/Terminate App"), [:], STOP_ON_FAILURE): Call Test Case 'Test Cases/Mobile/Page/Run App/Terminate App' successfully

2022-02-16 23:37:32 - [TEST_CASE][PASSED] - Test Cases/Mobile/Page/Run App/Terminate App: Test Cases/Mobile/Page/Run App/Terminate App

2022-02-16 23:37:32 - [TEST_STEP][PASSED] - startApp.OpenApp.terminateApplication(): startApp.OpenApp.terminateApplication is PASSED

2022-02-16 23:37:35 - [MESSAGE][PASSED] - Delayed 3 second(s)

2022-02-16 23:37:35 - [MESSAGE][PASSED] - Current device physical width is 720

2022-02-16 23:37:35 - [MESSAGE][PASSED] - Current device physical height is 1423

2022-02-16 23:37:37 - [MESSAGE][PASSED] - Swiped from 360,853 to 360,142

2022-02-16 23:37:38 - [MESSAGE][PASSED] - Delayed 1 second(s)

2022-02-16 23:37:39 - [MESSAGE][PASSED] - Swiped from 360,853 to 360,142

2022-02-16 23:37:42 - [MESSAGE][PASSED] - Delayed 3 second(s)

2022-02-16 23:37:42 - [MESSAGE][PASSED] - startApp.OpenApp.terminateApplication is PASSED

2022-02-16 23:37:42 - [MESSAGE][PASSED] - Call Test Case 'Test Cases/Mobile/Page/Run App/Terminate App' successfully]]></system-out>
         <system-err><![CDATA[]]></system-err>
      </testcase>
      <testcase name="Test Cases/Mobile/Scenario/Portfolio/004 - Portfolio Performance Quarter to Date IDR" time="65.17" classname="Test Cases/Mobile/Scenario/Portfolio/004 - Portfolio Performance Quarter to Date IDR" status="PASSED">
         <system-out><![CDATA[2022-02-16 23:37:42 - [TEST_CASE][PASSED] - Test Cases/Mobile/Scenario/Portfolio/004 - Portfolio Performance Quarter to Date IDR: Test Cases/Mobile/Scenario/Portfolio/004 - Portfolio Performance Quarter to Date IDR

2022-02-16 23:37:42 - [TEST_STEP][PASSED] - callTestCase(findTestCase("Mobile/Page/Run App/Run App byID"), [:], STOP_ON_FAILURE): Call Test Case 'Test Cases/Mobile/Page/Run App/Run App byID' successfully

2022-02-16 23:37:42 - [TEST_CASE][PASSED] - Test Cases/Mobile/Page/Run App/Run App byID: Test Cases/Mobile/Page/Run App/Run App byID

2022-02-16 23:37:42 - [TEST_STEP][PASSED] - startApp.OpenApp.startApplication("id.co.miraeasset.sageclub"): startApp.OpenApp.startApplication is PASSED

2022-02-16 23:37:56 - [MESSAGE][PASSED] - Starting app with application ID: 'id.co.miraeasset.sageclub'

2022-02-16 23:37:56 - [MESSAGE][PASSED] - startApp.OpenApp.startApplication is PASSED

2022-02-16 23:37:56 - [MESSAGE][PASSED] - Call Test Case 'Test Cases/Mobile/Page/Run App/Run App byID' successfully

2022-02-16 23:37:56 - [TEST_STEP][PASSED] - callTestCase(findTestCase("Mobile/Page/Portfolio/Portfolio"), ["tab":"summary", "action":"perf_quarter", "action2":"idr"], CONTINUE_ON_FAILURE): Call Test Case 'Test Cases/Mobile/Page/Portfolio/Portfolio' successfully

2022-02-16 23:37:57 - [TEST_CASE][PASSED] - Test Cases/Mobile/Page/Portfolio/Portfolio: Test Cases/Mobile/Page/Portfolio/Portfolio

2022-02-16 23:37:57 - [TEST_STEP][PASSED] - callTestCase(findTestCase("Mobile/Page/CheckLogin"), [:], CONTINUE_ON_FAILURE): Call Test Case 'Test Cases/Mobile/Page/CheckLogin' successfully

2022-02-16 23:37:57 - [TEST_CASE][PASSED] - Test Cases/Mobile/Page/CheckLogin: Test Cases/Mobile/Page/CheckLogin

2022-02-16 23:37:57 - [TEST_STEP][PASSED] - loginCheck = verifyElementExist(LOGN_BtnLogin, 5, CONTINUE_ON_FAILURE): Element 'Object Repository/Mobile/Page/Login/Button - Login' is exist

2022-02-16 23:37:58 - [MESSAGE][PASSED] - Element 'Object Repository/Mobile/Page/Login/Button - Login' is exist

2022-02-16 23:37:58 - [TEST_STEP][PASSED] - if (loginCheck): Call Test Case 'Test Cases/Mobile/Page/Login/Login' successfully

2022-02-16 23:37:58 - [TEST_STEP][PASSED] - callTestCase(findTestCase("Mobile/Page/Login/Login"), ["action":"username"], CONTINUE_ON_FAILURE): Call Test Case 'Test Cases/Mobile/Page/Login/Login' successfully

2022-02-16 23:37:58 - [TEST_CASE][PASSED] - Test Cases/Mobile/Page/Login/Login: Test Cases/Mobile/Page/Login/Login

2022-02-16 23:37:58 - [TEST_STEP][PASSED] - delay(2): Delayed 2 second(s)

2022-02-16 23:38:00 - [MESSAGE][PASSED] - Delayed 2 second(s)

2022-02-16 23:38:00 - [TEST_STEP][PASSED] - for ([i = 0, i < 1, (i++)]): null

2022-02-16 23:38:00 - [TEST_STEP][PASSED] - if (action == "username"): null

2022-02-16 23:38:00 - [TEST_STEP][PASSED] - tap(LOGN_EdtUserID, 0): Tapped on element 'Object Repository/Mobile/Page/Login/Input - UserID'

2022-02-16 23:38:00 - [MESSAGE][WARNING] - Timeout '0' is invalid. Using default page load timeout: '60'

2022-02-16 23:38:01 - [MESSAGE][PASSED] - Tapped on element 'Object Repository/Mobile/Page/Login/Input - UserID'

2022-02-16 23:38:01 - [TEST_STEP][PASSED] - delay(1): Delayed 1 second(s)

2022-02-16 23:38:02 - [MESSAGE][PASSED] - Delayed 1 second(s)

2022-02-16 23:38:02 - [TEST_STEP][PASSED] - setText(LOGN_EdtRdyUserID, "anggaaditya", 0): Text 'anggaaditya' has been set to element 'Object Repository/Mobile/Page/Login/Input Rdy - UserID'

2022-02-16 23:38:02 - [MESSAGE][WARNING] - Timeout '0' is invalid. Using default page load timeout: '60'

2022-02-16 23:38:03 - [MESSAGE][PASSED] - Text 'anggaaditya' has been set to element 'Object Repository/Mobile/Page/Login/Input Rdy - UserID'

2022-02-16 23:38:03 - [TEST_STEP][PASSED] - delay(1): Delayed 1 second(s)

2022-02-16 23:38:04 - [MESSAGE][PASSED] - Delayed 1 second(s)

2022-02-16 23:38:04 - [TEST_STEP][PASSED] - hideKeyboard(): Keyboard is hidden

2022-02-16 23:38:08 - [MESSAGE][PASSED] - Keyboard is hidden

2022-02-16 23:38:08 - [TEST_STEP][PASSED] - tap(LOGN_EdtPassword, 0): Tapped on element 'Object Repository/Mobile/Page/Login/Input - Password'

2022-02-16 23:38:08 - [MESSAGE][WARNING] - Timeout '0' is invalid. Using default page load timeout: '60'

2022-02-16 23:38:08 - [MESSAGE][PASSED] - Tapped on element 'Object Repository/Mobile/Page/Login/Input - Password'

2022-02-16 23:38:08 - [TEST_STEP][PASSED] - delay(1): Delayed 1 second(s)

2022-02-16 23:38:09 - [MESSAGE][PASSED] - Delayed 1 second(s)

2022-02-16 23:38:09 - [TEST_STEP][PASSED] - setText(LOGN_EdtRdyPassword, "Shalawa18", 0): Text 'Shalawa18' has been set to element 'Object Repository/Mobile/Page/Login/Input Rdy - Password'

2022-02-16 23:38:09 - [MESSAGE][WARNING] - Timeout '0' is invalid. Using default page load timeout: '60'

2022-02-16 23:38:10 - [MESSAGE][PASSED] - Text 'Shalawa18' has been set to element 'Object Repository/Mobile/Page/Login/Input Rdy - Password'

2022-02-16 23:38:10 - [TEST_STEP][PASSED] - delay(1): Delayed 1 second(s)

2022-02-16 23:38:11 - [MESSAGE][PASSED] - Delayed 1 second(s)

2022-02-16 23:38:11 - [TEST_STEP][PASSED] - hideKeyboard(): Keyboard is hidden

2022-02-16 23:38:18 - [MESSAGE][PASSED] - Keyboard is hidden

2022-02-16 23:38:18 - [TEST_STEP][PASSED] - tap(LOGN_BtnLogin, 0): Tapped on element 'Object Repository/Mobile/Page/Login/Button - Login'

2022-02-16 23:38:18 - [MESSAGE][WARNING] - Timeout '0' is invalid. Using default page load timeout: '60'

2022-02-16 23:38:19 - [MESSAGE][PASSED] - Tapped on element 'Object Repository/Mobile/Page/Login/Button - Login'

2022-02-16 23:38:19 - [TEST_STEP][PASSED] - delay(2): Delayed 2 second(s)

2022-02-16 23:38:21 - [MESSAGE][PASSED] - Delayed 2 second(s)

2022-02-16 23:38:21 - [TEST_STEP][PASSED] - break: null

2022-02-16 23:38:21 - [MESSAGE][PASSED] - Call Test Case 'Test Cases/Mobile/Page/Login/Login' successfully

2022-02-16 23:38:21 - [MESSAGE][PASSED] - Call Test Case 'Test Cases/Mobile/Page/CheckLogin' successfully

2022-02-16 23:38:21 - [TEST_STEP][PASSED] - tap(HOME_MenubarPortfolio, 0): Tapped on element 'Object Repository/Mobile/Page/Home/Menubar - Portfolio'

2022-02-16 23:38:21 - [MESSAGE][WARNING] - Timeout '0' is invalid. Using default page load timeout: '60'

2022-02-16 23:38:23 - [MESSAGE][PASSED] - Tapped on element 'Object Repository/Mobile/Page/Home/Menubar - Portfolio'

2022-02-16 23:38:23 - [TEST_STEP][PASSED] - delay(1): Delayed 1 second(s)

2022-02-16 23:38:24 - [MESSAGE][PASSED] - Delayed 1 second(s)

2022-02-16 23:38:24 - [TEST_STEP][PASSED] - for ([i = 0, i < 1, (i++)]): Delayed 3 second(s)

2022-02-16 23:38:24 - [TEST_STEP][PASSED] - if (tab == "summary"): Delayed 3 second(s)

2022-02-16 23:38:24 - [TEST_STEP][PASSED] - idr = PORT_BtnIDR: null

2022-02-16 23:38:24 - [TEST_STEP][PASSED] - persen = PORT_BtnPersen: null

2022-02-16 23:38:24 - [TEST_STEP][PASSED] - if (action == "summary"): null

2022-02-16 23:38:24 - [TEST_STEP][PASSED] - else if (action == "perf_daily"): null

2022-02-16 23:38:24 - [TEST_STEP][PASSED] - else if (action == "perf_month"): null

2022-02-16 23:38:24 - [TEST_STEP][PASSED] - else if (action == "perf_quarter"): Tapped on element 'Object Repository/Mobile/Page/Portfolio/Tab - Summary Quarter to Date'

2022-02-16 23:38:24 - [TEST_STEP][PASSED] - scroll.scroll.scrollScreenBottomToTop(): scroll.scroll.scrollScreenBottomToTop is PASSED

2022-02-16 23:38:25 - [MESSAGE][PASSED] - Current device physical height is 1423

2022-02-16 23:38:25 - [MESSAGE][PASSED] - Current device physical width is 720

2022-02-16 23:38:26 - [MESSAGE][PASSED] - Swiped from 360,1,138 to 360,284

2022-02-16 23:38:26 - [MESSAGE][PASSED] - scroll.scroll.scrollScreenBottomToTop is PASSED

2022-02-16 23:38:26 - [TEST_STEP][PASSED] - delay(1): Delayed 1 second(s)

2022-02-16 23:38:27 - [MESSAGE][PASSED] - Delayed 1 second(s)

2022-02-16 23:38:27 - [TEST_STEP][PASSED] - tap(PORT_TabSummaryQuarter, 0): Tapped on element 'Object Repository/Mobile/Page/Portfolio/Tab - Summary Quarter to Date'

2022-02-16 23:38:27 - [MESSAGE][WARNING] - Timeout '0' is invalid. Using default page load timeout: '60'

2022-02-16 23:38:28 - [MESSAGE][PASSED] - Tapped on element 'Object Repository/Mobile/Page/Portfolio/Tab - Summary Quarter to Date'

2022-02-16 23:38:28 - [TEST_STEP][PASSED] - if (action != "summary"): Delayed 3 second(s)

2022-02-16 23:38:28 - [TEST_STEP][PASSED] - delay(1): Delayed 1 second(s)

2022-02-16 23:38:29 - [MESSAGE][PASSED] - Delayed 1 second(s)

2022-02-16 23:38:29 - [TEST_STEP][PASSED] - scroll.scroll.scrollScreenBottomToTop(): scroll.scroll.scrollScreenBottomToTop is PASSED

2022-02-16 23:38:29 - [MESSAGE][PASSED] - Current device physical height is 1423

2022-02-16 23:38:29 - [MESSAGE][PASSED] - Current device physical width is 720

2022-02-16 23:38:30 - [MESSAGE][PASSED] - Swiped from 360,1,138 to 360,284

2022-02-16 23:38:30 - [MESSAGE][PASSED] - scroll.scroll.scrollScreenBottomToTop is PASSED

2022-02-16 23:38:30 - [TEST_STEP][PASSED] - delay(3): Delayed 3 second(s)

2022-02-16 23:38:33 - [MESSAGE][PASSED] - Delayed 3 second(s)

2022-02-16 23:38:33 - [TEST_STEP][PASSED] - if (action2 == "idr"): Delayed 3 second(s)

2022-02-16 23:38:33 - [TEST_STEP][PASSED] - tap(idr, 10): Tapped on element 'Object Repository/Mobile/Page/Portfolio/Button - IDR'

2022-02-16 23:38:34 - [MESSAGE][PASSED] - Tapped on element 'Object Repository/Mobile/Page/Portfolio/Button - IDR'

2022-02-16 23:38:34 - [TEST_STEP][PASSED] - delay(3): Delayed 3 second(s)

2022-02-16 23:38:37 - [MESSAGE][PASSED] - Delayed 3 second(s)

2022-02-16 23:38:37 - [MESSAGE][PASSED] - Call Test Case 'Test Cases/Mobile/Page/Portfolio/Portfolio' successfully

2022-02-16 23:38:37 - [TEST_STEP][PASSED] - callTestCase(findTestCase("Mobile/Page/Run App/Terminate App"), [:], STOP_ON_FAILURE): Call Test Case 'Test Cases/Mobile/Page/Run App/Terminate App' successfully

2022-02-16 23:38:37 - [TEST_CASE][PASSED] - Test Cases/Mobile/Page/Run App/Terminate App: Test Cases/Mobile/Page/Run App/Terminate App

2022-02-16 23:38:37 - [TEST_STEP][PASSED] - startApp.OpenApp.terminateApplication(): startApp.OpenApp.terminateApplication is PASSED

2022-02-16 23:38:40 - [MESSAGE][PASSED] - Delayed 3 second(s)

2022-02-16 23:38:40 - [MESSAGE][PASSED] - Current device physical width is 720

2022-02-16 23:38:40 - [MESSAGE][PASSED] - Current device physical height is 1423

2022-02-16 23:38:42 - [MESSAGE][PASSED] - Swiped from 360,853 to 360,142

2022-02-16 23:38:43 - [MESSAGE][PASSED] - Delayed 1 second(s)

2022-02-16 23:38:44 - [MESSAGE][PASSED] - Swiped from 360,853 to 360,142

2022-02-16 23:38:47 - [MESSAGE][PASSED] - Delayed 3 second(s)

2022-02-16 23:38:47 - [MESSAGE][PASSED] - startApp.OpenApp.terminateApplication is PASSED

2022-02-16 23:38:47 - [MESSAGE][PASSED] - Call Test Case 'Test Cases/Mobile/Page/Run App/Terminate App' successfully]]></system-out>
         <system-err><![CDATA[]]></system-err>
      </testcase>
      <testcase name="Test Cases/Mobile/Scenario/Portfolio/005 - Portfolio Performance Year to Date IDR" time="62.112" classname="Test Cases/Mobile/Scenario/Portfolio/005 - Portfolio Performance Year to Date IDR" status="PASSED">
         <system-out><![CDATA[2022-02-16 23:38:47 - [TEST_CASE][PASSED] - Test Cases/Mobile/Scenario/Portfolio/005 - Portfolio Performance Year to Date IDR: Test Cases/Mobile/Scenario/Portfolio/005 - Portfolio Performance Year to Date IDR

2022-02-16 23:38:47 - [TEST_STEP][PASSED] - callTestCase(findTestCase("Mobile/Page/Run App/Run App byID"), [:], STOP_ON_FAILURE): Call Test Case 'Test Cases/Mobile/Page/Run App/Run App byID' successfully

2022-02-16 23:38:47 - [TEST_CASE][PASSED] - Test Cases/Mobile/Page/Run App/Run App byID: Test Cases/Mobile/Page/Run App/Run App byID

2022-02-16 23:38:47 - [TEST_STEP][PASSED] - startApp.OpenApp.startApplication("id.co.miraeasset.sageclub"): startApp.OpenApp.startApplication is PASSED

2022-02-16 23:39:00 - [MESSAGE][PASSED] - Starting app with application ID: 'id.co.miraeasset.sageclub'

2022-02-16 23:39:00 - [MESSAGE][PASSED] - startApp.OpenApp.startApplication is PASSED

2022-02-16 23:39:00 - [MESSAGE][PASSED] - Call Test Case 'Test Cases/Mobile/Page/Run App/Run App byID' successfully

2022-02-16 23:39:00 - [TEST_STEP][PASSED] - callTestCase(findTestCase("Mobile/Page/Portfolio/Portfolio"), ["tab":"summary", "action":"perf_year", "action2":"idr"], CONTINUE_ON_FAILURE): Call Test Case 'Test Cases/Mobile/Page/Portfolio/Portfolio' successfully

2022-02-16 23:39:00 - [TEST_CASE][PASSED] - Test Cases/Mobile/Page/Portfolio/Portfolio: Test Cases/Mobile/Page/Portfolio/Portfolio

2022-02-16 23:39:00 - [TEST_STEP][PASSED] - callTestCase(findTestCase("Mobile/Page/CheckLogin"), [:], CONTINUE_ON_FAILURE): Call Test Case 'Test Cases/Mobile/Page/CheckLogin' successfully

2022-02-16 23:39:00 - [TEST_CASE][PASSED] - Test Cases/Mobile/Page/CheckLogin: Test Cases/Mobile/Page/CheckLogin

2022-02-16 23:39:00 - [TEST_STEP][PASSED] - loginCheck = verifyElementExist(LOGN_BtnLogin, 5, CONTINUE_ON_FAILURE): Element 'Object Repository/Mobile/Page/Login/Button - Login' is exist

2022-02-16 23:39:02 - [MESSAGE][PASSED] - Element 'Object Repository/Mobile/Page/Login/Button - Login' is exist

2022-02-16 23:39:02 - [TEST_STEP][PASSED] - if (loginCheck): Call Test Case 'Test Cases/Mobile/Page/Login/Login' successfully

2022-02-16 23:39:02 - [TEST_STEP][PASSED] - callTestCase(findTestCase("Mobile/Page/Login/Login"), ["action":"username"], CONTINUE_ON_FAILURE): Call Test Case 'Test Cases/Mobile/Page/Login/Login' successfully

2022-02-16 23:39:02 - [TEST_CASE][PASSED] - Test Cases/Mobile/Page/Login/Login: Test Cases/Mobile/Page/Login/Login

2022-02-16 23:39:02 - [TEST_STEP][PASSED] - delay(2): Delayed 2 second(s)

2022-02-16 23:39:04 - [MESSAGE][PASSED] - Delayed 2 second(s)

2022-02-16 23:39:04 - [TEST_STEP][PASSED] - for ([i = 0, i < 1, (i++)]): null

2022-02-16 23:39:04 - [TEST_STEP][PASSED] - if (action == "username"): null

2022-02-16 23:39:04 - [TEST_STEP][PASSED] - tap(LOGN_EdtUserID, 0): Tapped on element 'Object Repository/Mobile/Page/Login/Input - UserID'

2022-02-16 23:39:04 - [MESSAGE][WARNING] - Timeout '0' is invalid. Using default page load timeout: '60'

2022-02-16 23:39:04 - [MESSAGE][PASSED] - Tapped on element 'Object Repository/Mobile/Page/Login/Input - UserID'

2022-02-16 23:39:04 - [TEST_STEP][PASSED] - delay(1): Delayed 1 second(s)

2022-02-16 23:39:05 - [MESSAGE][PASSED] - Delayed 1 second(s)

2022-02-16 23:39:05 - [TEST_STEP][PASSED] - setText(LOGN_EdtRdyUserID, "anggaaditya", 0): Text 'anggaaditya' has been set to element 'Object Repository/Mobile/Page/Login/Input Rdy - UserID'

2022-02-16 23:39:05 - [MESSAGE][WARNING] - Timeout '0' is invalid. Using default page load timeout: '60'

2022-02-16 23:39:06 - [MESSAGE][PASSED] - Text 'anggaaditya' has been set to element 'Object Repository/Mobile/Page/Login/Input Rdy - UserID'

2022-02-16 23:39:06 - [TEST_STEP][PASSED] - delay(1): Delayed 1 second(s)

2022-02-16 23:39:07 - [MESSAGE][PASSED] - Delayed 1 second(s)

2022-02-16 23:39:07 - [TEST_STEP][PASSED] - hideKeyboard(): Keyboard is hidden

2022-02-16 23:39:12 - [MESSAGE][PASSED] - Keyboard is hidden

2022-02-16 23:39:12 - [TEST_STEP][PASSED] - tap(LOGN_EdtPassword, 0): Tapped on element 'Object Repository/Mobile/Page/Login/Input - Password'

2022-02-16 23:39:12 - [MESSAGE][WARNING] - Timeout '0' is invalid. Using default page load timeout: '60'

2022-02-16 23:39:12 - [MESSAGE][PASSED] - Tapped on element 'Object Repository/Mobile/Page/Login/Input - Password'

2022-02-16 23:39:12 - [TEST_STEP][PASSED] - delay(1): Delayed 1 second(s)

2022-02-16 23:39:13 - [MESSAGE][PASSED] - Delayed 1 second(s)

2022-02-16 23:39:13 - [TEST_STEP][PASSED] - setText(LOGN_EdtRdyPassword, "Shalawa18", 0): Text 'Shalawa18' has been set to element 'Object Repository/Mobile/Page/Login/Input Rdy - Password'

2022-02-16 23:39:13 - [MESSAGE][WARNING] - Timeout '0' is invalid. Using default page load timeout: '60'

2022-02-16 23:39:14 - [MESSAGE][PASSED] - Text 'Shalawa18' has been set to element 'Object Repository/Mobile/Page/Login/Input Rdy - Password'

2022-02-16 23:39:14 - [TEST_STEP][PASSED] - delay(1): Delayed 1 second(s)

2022-02-16 23:39:15 - [MESSAGE][PASSED] - Delayed 1 second(s)

2022-02-16 23:39:15 - [TEST_STEP][PASSED] - hideKeyboard(): Keyboard is hidden

2022-02-16 23:39:21 - [MESSAGE][PASSED] - Keyboard is hidden

2022-02-16 23:39:21 - [TEST_STEP][PASSED] - tap(LOGN_BtnLogin, 0): Tapped on element 'Object Repository/Mobile/Page/Login/Button - Login'

2022-02-16 23:39:21 - [MESSAGE][WARNING] - Timeout '0' is invalid. Using default page load timeout: '60'

2022-02-16 23:39:22 - [MESSAGE][PASSED] - Tapped on element 'Object Repository/Mobile/Page/Login/Button - Login'

2022-02-16 23:39:22 - [TEST_STEP][PASSED] - delay(2): Delayed 2 second(s)

2022-02-16 23:39:24 - [MESSAGE][PASSED] - Delayed 2 second(s)

2022-02-16 23:39:24 - [TEST_STEP][PASSED] - break: null

2022-02-16 23:39:24 - [MESSAGE][PASSED] - Call Test Case 'Test Cases/Mobile/Page/Login/Login' successfully

2022-02-16 23:39:24 - [MESSAGE][PASSED] - Call Test Case 'Test Cases/Mobile/Page/CheckLogin' successfully

2022-02-16 23:39:24 - [TEST_STEP][PASSED] - tap(HOME_MenubarPortfolio, 0): Tapped on element 'Object Repository/Mobile/Page/Home/Menubar - Portfolio'

2022-02-16 23:39:24 - [MESSAGE][WARNING] - Timeout '0' is invalid. Using default page load timeout: '60'

2022-02-16 23:39:26 - [MESSAGE][PASSED] - Tapped on element 'Object Repository/Mobile/Page/Home/Menubar - Portfolio'

2022-02-16 23:39:26 - [TEST_STEP][PASSED] - delay(1): Delayed 1 second(s)

2022-02-16 23:39:27 - [MESSAGE][PASSED] - Delayed 1 second(s)

2022-02-16 23:39:27 - [TEST_STEP][PASSED] - for ([i = 0, i < 1, (i++)]): Delayed 3 second(s)

2022-02-16 23:39:27 - [TEST_STEP][PASSED] - if (tab == "summary"): Delayed 3 second(s)

2022-02-16 23:39:27 - [TEST_STEP][PASSED] - idr = PORT_BtnIDR: null

2022-02-16 23:39:27 - [TEST_STEP][PASSED] - persen = PORT_BtnPersen: null

2022-02-16 23:39:27 - [TEST_STEP][PASSED] - if (action == "summary"): null

2022-02-16 23:39:27 - [TEST_STEP][PASSED] - else if (action == "perf_daily"): null

2022-02-16 23:39:27 - [TEST_STEP][PASSED] - else if (action == "perf_month"): null

2022-02-16 23:39:27 - [TEST_STEP][PASSED] - else if (action == "perf_quarter"): null

2022-02-16 23:39:27 - [TEST_STEP][PASSED] - else if (action == "perf_year"): Tapped on element 'Object Repository/Mobile/Page/Portfolio/Tab - Summary Year to Date'

2022-02-16 23:39:27 - [TEST_STEP][PASSED] - scroll.scroll.scrollScreenBottomToTop(): scroll.scroll.scrollScreenBottomToTop is PASSED

2022-02-16 23:39:27 - [MESSAGE][PASSED] - Current device physical height is 1423

2022-02-16 23:39:27 - [MESSAGE][PASSED] - Current device physical width is 720

2022-02-16 23:39:28 - [MESSAGE][PASSED] - Swiped from 360,1,138 to 360,284

2022-02-16 23:39:28 - [MESSAGE][PASSED] - scroll.scroll.scrollScreenBottomToTop is PASSED

2022-02-16 23:39:28 - [TEST_STEP][PASSED] - delay(1): Delayed 1 second(s)

2022-02-16 23:39:29 - [MESSAGE][PASSED] - Delayed 1 second(s)

2022-02-16 23:39:29 - [TEST_STEP][PASSED] - tap(PORT_TabSummaryYear, 0): Tapped on element 'Object Repository/Mobile/Page/Portfolio/Tab - Summary Year to Date'

2022-02-16 23:39:29 - [MESSAGE][WARNING] - Timeout '0' is invalid. Using default page load timeout: '60'

2022-02-16 23:39:30 - [MESSAGE][PASSED] - Tapped on element 'Object Repository/Mobile/Page/Portfolio/Tab - Summary Year to Date'

2022-02-16 23:39:30 - [TEST_STEP][PASSED] - if (action != "summary"): Delayed 3 second(s)

2022-02-16 23:39:30 - [TEST_STEP][PASSED] - delay(1): Delayed 1 second(s)

2022-02-16 23:39:31 - [MESSAGE][PASSED] - Delayed 1 second(s)

2022-02-16 23:39:31 - [TEST_STEP][PASSED] - scroll.scroll.scrollScreenBottomToTop(): scroll.scroll.scrollScreenBottomToTop is PASSED

2022-02-16 23:39:31 - [MESSAGE][PASSED] - Current device physical height is 1423

2022-02-16 23:39:31 - [MESSAGE][PASSED] - Current device physical width is 720

2022-02-16 23:39:32 - [MESSAGE][PASSED] - Swiped from 360,1,138 to 360,284

2022-02-16 23:39:32 - [MESSAGE][PASSED] - scroll.scroll.scrollScreenBottomToTop is PASSED

2022-02-16 23:39:32 - [TEST_STEP][PASSED] - delay(3): Delayed 3 second(s)

2022-02-16 23:39:35 - [MESSAGE][PASSED] - Delayed 3 second(s)

2022-02-16 23:39:35 - [TEST_STEP][PASSED] - if (action2 == "idr"): Delayed 3 second(s)

2022-02-16 23:39:35 - [TEST_STEP][PASSED] - tap(idr, 10): Tapped on element 'Object Repository/Mobile/Page/Portfolio/Button - IDR'

2022-02-16 23:39:36 - [MESSAGE][PASSED] - Tapped on element 'Object Repository/Mobile/Page/Portfolio/Button - IDR'

2022-02-16 23:39:36 - [TEST_STEP][PASSED] - delay(3): Delayed 3 second(s)

2022-02-16 23:39:39 - [MESSAGE][PASSED] - Delayed 3 second(s)

2022-02-16 23:39:39 - [MESSAGE][PASSED] - Call Test Case 'Test Cases/Mobile/Page/Portfolio/Portfolio' successfully

2022-02-16 23:39:39 - [TEST_STEP][PASSED] - callTestCase(findTestCase("Mobile/Page/Run App/Terminate App"), [:], STOP_ON_FAILURE): Call Test Case 'Test Cases/Mobile/Page/Run App/Terminate App' successfully

2022-02-16 23:39:39 - [TEST_CASE][PASSED] - Test Cases/Mobile/Page/Run App/Terminate App: Test Cases/Mobile/Page/Run App/Terminate App

2022-02-16 23:39:39 - [TEST_STEP][PASSED] - startApp.OpenApp.terminateApplication(): startApp.OpenApp.terminateApplication is PASSED

2022-02-16 23:39:42 - [MESSAGE][PASSED] - Delayed 3 second(s)

2022-02-16 23:39:42 - [MESSAGE][PASSED] - Current device physical width is 720

2022-02-16 23:39:43 - [MESSAGE][PASSED] - Current device physical height is 1423

2022-02-16 23:39:44 - [MESSAGE][PASSED] - Swiped from 360,853 to 360,142

2022-02-16 23:39:45 - [MESSAGE][PASSED] - Delayed 1 second(s)

2022-02-16 23:39:46 - [MESSAGE][PASSED] - Swiped from 360,853 to 360,142

2022-02-16 23:39:49 - [MESSAGE][PASSED] - Delayed 3 second(s)

2022-02-16 23:39:49 - [MESSAGE][PASSED] - startApp.OpenApp.terminateApplication is PASSED

2022-02-16 23:39:49 - [MESSAGE][PASSED] - Call Test Case 'Test Cases/Mobile/Page/Run App/Terminate App' successfully]]></system-out>
         <system-err><![CDATA[]]></system-err>
      </testcase>
      <testcase name="Test Cases/Mobile/Scenario/Portfolio/006 - Portfolio Performance Daily Persen" time="64.274" classname="Test Cases/Mobile/Scenario/Portfolio/006 - Portfolio Performance Daily Persen" status="PASSED">
         <system-out><![CDATA[2022-02-16 23:39:49 - [TEST_CASE][PASSED] - Test Cases/Mobile/Scenario/Portfolio/006 - Portfolio Performance Daily Persen: Test Cases/Mobile/Scenario/Portfolio/006 - Portfolio Performance Daily Persen

2022-02-16 23:39:49 - [TEST_STEP][PASSED] - callTestCase(findTestCase("Mobile/Page/Run App/Run App byID"), [:], STOP_ON_FAILURE): Call Test Case 'Test Cases/Mobile/Page/Run App/Run App byID' successfully

2022-02-16 23:39:50 - [TEST_CASE][PASSED] - Test Cases/Mobile/Page/Run App/Run App byID: Test Cases/Mobile/Page/Run App/Run App byID

2022-02-16 23:39:50 - [TEST_STEP][PASSED] - startApp.OpenApp.startApplication("id.co.miraeasset.sageclub"): startApp.OpenApp.startApplication is PASSED

2022-02-16 23:40:02 - [MESSAGE][PASSED] - Starting app with application ID: 'id.co.miraeasset.sageclub'

2022-02-16 23:40:02 - [MESSAGE][PASSED] - startApp.OpenApp.startApplication is PASSED

2022-02-16 23:40:02 - [MESSAGE][PASSED] - Call Test Case 'Test Cases/Mobile/Page/Run App/Run App byID' successfully

2022-02-16 23:40:02 - [TEST_STEP][PASSED] - callTestCase(findTestCase("Mobile/Page/Portfolio/Portfolio"), ["tab":"summary", "action":"perf_daily", "action2":"persen"], CONTINUE_ON_FAILURE): Call Test Case 'Test Cases/Mobile/Page/Portfolio/Portfolio' successfully

2022-02-16 23:40:02 - [TEST_CASE][PASSED] - Test Cases/Mobile/Page/Portfolio/Portfolio: Test Cases/Mobile/Page/Portfolio/Portfolio

2022-02-16 23:40:02 - [TEST_STEP][PASSED] - callTestCase(findTestCase("Mobile/Page/CheckLogin"), [:], CONTINUE_ON_FAILURE): Call Test Case 'Test Cases/Mobile/Page/CheckLogin' successfully

2022-02-16 23:40:02 - [TEST_CASE][PASSED] - Test Cases/Mobile/Page/CheckLogin: Test Cases/Mobile/Page/CheckLogin

2022-02-16 23:40:02 - [TEST_STEP][PASSED] - loginCheck = verifyElementExist(LOGN_BtnLogin, 5, CONTINUE_ON_FAILURE): Element 'Object Repository/Mobile/Page/Login/Button - Login' is exist

2022-02-16 23:40:04 - [MESSAGE][PASSED] - Element 'Object Repository/Mobile/Page/Login/Button - Login' is exist

2022-02-16 23:40:04 - [TEST_STEP][PASSED] - if (loginCheck): Call Test Case 'Test Cases/Mobile/Page/Login/Login' successfully

2022-02-16 23:40:04 - [TEST_STEP][PASSED] - callTestCase(findTestCase("Mobile/Page/Login/Login"), ["action":"username"], CONTINUE_ON_FAILURE): Call Test Case 'Test Cases/Mobile/Page/Login/Login' successfully

2022-02-16 23:40:04 - [TEST_CASE][PASSED] - Test Cases/Mobile/Page/Login/Login: Test Cases/Mobile/Page/Login/Login

2022-02-16 23:40:04 - [TEST_STEP][PASSED] - delay(2): Delayed 2 second(s)

2022-02-16 23:40:06 - [MESSAGE][PASSED] - Delayed 2 second(s)

2022-02-16 23:40:06 - [TEST_STEP][PASSED] - for ([i = 0, i < 1, (i++)]): null

2022-02-16 23:40:06 - [TEST_STEP][PASSED] - if (action == "username"): null

2022-02-16 23:40:06 - [TEST_STEP][PASSED] - tap(LOGN_EdtUserID, 0): Tapped on element 'Object Repository/Mobile/Page/Login/Input - UserID'

2022-02-16 23:40:06 - [MESSAGE][WARNING] - Timeout '0' is invalid. Using default page load timeout: '60'

2022-02-16 23:40:07 - [MESSAGE][PASSED] - Tapped on element 'Object Repository/Mobile/Page/Login/Input - UserID'

2022-02-16 23:40:07 - [TEST_STEP][PASSED] - delay(1): Delayed 1 second(s)

2022-02-16 23:40:08 - [MESSAGE][PASSED] - Delayed 1 second(s)

2022-02-16 23:40:08 - [TEST_STEP][PASSED] - setText(LOGN_EdtRdyUserID, "anggaaditya", 0): Text 'anggaaditya' has been set to element 'Object Repository/Mobile/Page/Login/Input Rdy - UserID'

2022-02-16 23:40:08 - [MESSAGE][WARNING] - Timeout '0' is invalid. Using default page load timeout: '60'

2022-02-16 23:40:08 - [MESSAGE][PASSED] - Text 'anggaaditya' has been set to element 'Object Repository/Mobile/Page/Login/Input Rdy - UserID'

2022-02-16 23:40:08 - [TEST_STEP][PASSED] - delay(1): Delayed 1 second(s)

2022-02-16 23:40:09 - [MESSAGE][PASSED] - Delayed 1 second(s)

2022-02-16 23:40:09 - [TEST_STEP][PASSED] - hideKeyboard(): Keyboard is hidden

2022-02-16 23:40:13 - [MESSAGE][PASSED] - Keyboard is hidden

2022-02-16 23:40:13 - [TEST_STEP][PASSED] - tap(LOGN_EdtPassword, 0): Tapped on element 'Object Repository/Mobile/Page/Login/Input - Password'

2022-02-16 23:40:13 - [MESSAGE][WARNING] - Timeout '0' is invalid. Using default page load timeout: '60'

2022-02-16 23:40:14 - [MESSAGE][PASSED] - Tapped on element 'Object Repository/Mobile/Page/Login/Input - Password'

2022-02-16 23:40:14 - [TEST_STEP][PASSED] - delay(1): Delayed 1 second(s)

2022-02-16 23:40:15 - [MESSAGE][PASSED] - Delayed 1 second(s)

2022-02-16 23:40:15 - [TEST_STEP][PASSED] - setText(LOGN_EdtRdyPassword, "Shalawa18", 0): Text 'Shalawa18' has been set to element 'Object Repository/Mobile/Page/Login/Input Rdy - Password'

2022-02-16 23:40:15 - [MESSAGE][WARNING] - Timeout '0' is invalid. Using default page load timeout: '60'

2022-02-16 23:40:15 - [MESSAGE][PASSED] - Text 'Shalawa18' has been set to element 'Object Repository/Mobile/Page/Login/Input Rdy - Password'

2022-02-16 23:40:15 - [TEST_STEP][PASSED] - delay(1): Delayed 1 second(s)

2022-02-16 23:40:16 - [MESSAGE][PASSED] - Delayed 1 second(s)

2022-02-16 23:40:16 - [TEST_STEP][PASSED] - hideKeyboard(): Keyboard is hidden

2022-02-16 23:40:27 - [MESSAGE][PASSED] - Keyboard is hidden

2022-02-16 23:40:27 - [TEST_STEP][PASSED] - tap(LOGN_BtnLogin, 0): Tapped on element 'Object Repository/Mobile/Page/Login/Button - Login'

2022-02-16 23:40:27 - [MESSAGE][WARNING] - Timeout '0' is invalid. Using default page load timeout: '60'

2022-02-16 23:40:28 - [MESSAGE][PASSED] - Tapped on element 'Object Repository/Mobile/Page/Login/Button - Login'

2022-02-16 23:40:28 - [TEST_STEP][PASSED] - delay(2): Delayed 2 second(s)

2022-02-16 23:40:30 - [MESSAGE][PASSED] - Delayed 2 second(s)

2022-02-16 23:40:30 - [TEST_STEP][PASSED] - break: null

2022-02-16 23:40:30 - [MESSAGE][PASSED] - Call Test Case 'Test Cases/Mobile/Page/Login/Login' successfully

2022-02-16 23:40:30 - [MESSAGE][PASSED] - Call Test Case 'Test Cases/Mobile/Page/CheckLogin' successfully

2022-02-16 23:40:30 - [TEST_STEP][PASSED] - tap(HOME_MenubarPortfolio, 0): Tapped on element 'Object Repository/Mobile/Page/Home/Menubar - Portfolio'

2022-02-16 23:40:30 - [MESSAGE][WARNING] - Timeout '0' is invalid. Using default page load timeout: '60'

2022-02-16 23:40:31 - [MESSAGE][PASSED] - Tapped on element 'Object Repository/Mobile/Page/Home/Menubar - Portfolio'

2022-02-16 23:40:31 - [TEST_STEP][PASSED] - delay(1): Delayed 1 second(s)

2022-02-16 23:40:32 - [MESSAGE][PASSED] - Delayed 1 second(s)

2022-02-16 23:40:32 - [TEST_STEP][PASSED] - for ([i = 0, i < 1, (i++)]): Delayed 3 second(s)

2022-02-16 23:40:32 - [TEST_STEP][PASSED] - if (tab == "summary"): Delayed 3 second(s)

2022-02-16 23:40:32 - [TEST_STEP][PASSED] - idr = PORT_BtnIDR: null

2022-02-16 23:40:32 - [TEST_STEP][PASSED] - persen = PORT_BtnPersen: null

2022-02-16 23:40:32 - [TEST_STEP][PASSED] - if (action == "summary"): null

2022-02-16 23:40:32 - [TEST_STEP][PASSED] - else if (action == "perf_daily"): scroll.scroll.scrollScreenBottomToTop is PASSED

2022-02-16 23:40:32 - [TEST_STEP][PASSED] - scroll.scroll.scrollScreenBottomToTop(): scroll.scroll.scrollScreenBottomToTop is PASSED

2022-02-16 23:40:32 - [MESSAGE][PASSED] - Current device physical height is 1423

2022-02-16 23:40:33 - [MESSAGE][PASSED] - Current device physical width is 720

2022-02-16 23:40:34 - [MESSAGE][PASSED] - Swiped from 360,1,138 to 360,284

2022-02-16 23:40:34 - [MESSAGE][PASSED] - scroll.scroll.scrollScreenBottomToTop is PASSED

2022-02-16 23:40:34 - [TEST_STEP][PASSED] - if (action != "summary"): Delayed 3 second(s)

2022-02-16 23:40:34 - [TEST_STEP][PASSED] - delay(1): Delayed 1 second(s)

2022-02-16 23:40:35 - [MESSAGE][PASSED] - Delayed 1 second(s)

2022-02-16 23:40:35 - [TEST_STEP][PASSED] - scroll.scroll.scrollScreenBottomToTop(): scroll.scroll.scrollScreenBottomToTop is PASSED

2022-02-16 23:40:35 - [MESSAGE][PASSED] - Current device physical height is 1423

2022-02-16 23:40:35 - [MESSAGE][PASSED] - Current device physical width is 720

2022-02-16 23:40:37 - [MESSAGE][PASSED] - Swiped from 360,1,138 to 360,284

2022-02-16 23:40:37 - [MESSAGE][PASSED] - scroll.scroll.scrollScreenBottomToTop is PASSED

2022-02-16 23:40:37 - [TEST_STEP][PASSED] - delay(3): Delayed 3 second(s)

2022-02-16 23:40:40 - [MESSAGE][PASSED] - Delayed 3 second(s)

2022-02-16 23:40:40 - [TEST_STEP][PASSED] - if (action2 == "idr"): null

2022-02-16 23:40:40 - [TEST_STEP][PASSED] - else if (action2 == "persen"): Delayed 3 second(s)

2022-02-16 23:40:40 - [TEST_STEP][PASSED] - tap(persen, 10): Tapped on element 'Object Repository/Mobile/Page/Portfolio/Button - Persen'

2022-02-16 23:40:40 - [MESSAGE][PASSED] - Tapped on element 'Object Repository/Mobile/Page/Portfolio/Button - Persen'

2022-02-16 23:40:40 - [TEST_STEP][PASSED] - delay(3): Delayed 3 second(s)

2022-02-16 23:40:43 - [MESSAGE][PASSED] - Delayed 3 second(s)

2022-02-16 23:40:43 - [MESSAGE][PASSED] - Call Test Case 'Test Cases/Mobile/Page/Portfolio/Portfolio' successfully

2022-02-16 23:40:43 - [TEST_STEP][PASSED] - callTestCase(findTestCase("Mobile/Page/Run App/Terminate App"), [:], STOP_ON_FAILURE): Call Test Case 'Test Cases/Mobile/Page/Run App/Terminate App' successfully

2022-02-16 23:40:43 - [TEST_CASE][PASSED] - Test Cases/Mobile/Page/Run App/Terminate App: Test Cases/Mobile/Page/Run App/Terminate App

2022-02-16 23:40:43 - [TEST_STEP][PASSED] - startApp.OpenApp.terminateApplication(): startApp.OpenApp.terminateApplication is PASSED

2022-02-16 23:40:46 - [MESSAGE][PASSED] - Delayed 3 second(s)

2022-02-16 23:40:46 - [MESSAGE][PASSED] - Current device physical width is 720

2022-02-16 23:40:47 - [MESSAGE][PASSED] - Current device physical height is 1423

2022-02-16 23:40:48 - [MESSAGE][PASSED] - Swiped from 360,853 to 360,142

2022-02-16 23:40:49 - [MESSAGE][PASSED] - Delayed 1 second(s)

2022-02-16 23:40:50 - [MESSAGE][PASSED] - Swiped from 360,853 to 360,142

2022-02-16 23:40:53 - [MESSAGE][PASSED] - Delayed 3 second(s)

2022-02-16 23:40:53 - [MESSAGE][PASSED] - startApp.OpenApp.terminateApplication is PASSED

2022-02-16 23:40:53 - [MESSAGE][PASSED] - Call Test Case 'Test Cases/Mobile/Page/Run App/Terminate App' successfully]]></system-out>
         <system-err><![CDATA[]]></system-err>
      </testcase>
      <testcase name="Test Cases/Mobile/Scenario/Portfolio/007 - Portfolio Performance Month to Date Persen" time="62.777" classname="Test Cases/Mobile/Scenario/Portfolio/007 - Portfolio Performance Month to Date Persen" status="PASSED">
         <system-out><![CDATA[2022-02-16 23:40:53 - [TEST_CASE][PASSED] - Test Cases/Mobile/Scenario/Portfolio/007 - Portfolio Performance Month to Date Persen: Test Cases/Mobile/Scenario/Portfolio/007 - Portfolio Performance Month to Date Persen

2022-02-16 23:40:54 - [TEST_STEP][PASSED] - callTestCase(findTestCase("Mobile/Page/Run App/Run App byID"), [:], STOP_ON_FAILURE): Call Test Case 'Test Cases/Mobile/Page/Run App/Run App byID' successfully

2022-02-16 23:40:54 - [TEST_CASE][PASSED] - Test Cases/Mobile/Page/Run App/Run App byID: Test Cases/Mobile/Page/Run App/Run App byID

2022-02-16 23:40:54 - [TEST_STEP][PASSED] - startApp.OpenApp.startApplication("id.co.miraeasset.sageclub"): startApp.OpenApp.startApplication is PASSED

2022-02-16 23:41:07 - [MESSAGE][PASSED] - Starting app with application ID: 'id.co.miraeasset.sageclub'

2022-02-16 23:41:07 - [MESSAGE][PASSED] - startApp.OpenApp.startApplication is PASSED

2022-02-16 23:41:07 - [MESSAGE][PASSED] - Call Test Case 'Test Cases/Mobile/Page/Run App/Run App byID' successfully

2022-02-16 23:41:07 - [TEST_STEP][PASSED] - callTestCase(findTestCase("Mobile/Page/Portfolio/Portfolio"), ["tab":"summary", "action":"perf_month", "action2":"persen"], CONTINUE_ON_FAILURE): Call Test Case 'Test Cases/Mobile/Page/Portfolio/Portfolio' successfully

2022-02-16 23:41:07 - [TEST_CASE][PASSED] - Test Cases/Mobile/Page/Portfolio/Portfolio: Test Cases/Mobile/Page/Portfolio/Portfolio

2022-02-16 23:41:07 - [TEST_STEP][PASSED] - callTestCase(findTestCase("Mobile/Page/CheckLogin"), [:], CONTINUE_ON_FAILURE): Call Test Case 'Test Cases/Mobile/Page/CheckLogin' successfully

2022-02-16 23:41:07 - [TEST_CASE][PASSED] - Test Cases/Mobile/Page/CheckLogin: Test Cases/Mobile/Page/CheckLogin

2022-02-16 23:41:07 - [TEST_STEP][PASSED] - loginCheck = verifyElementExist(LOGN_BtnLogin, 5, CONTINUE_ON_FAILURE): Element 'Object Repository/Mobile/Page/Login/Button - Login' is exist

2022-02-16 23:41:09 - [MESSAGE][PASSED] - Element 'Object Repository/Mobile/Page/Login/Button - Login' is exist

2022-02-16 23:41:09 - [TEST_STEP][PASSED] - if (loginCheck): Call Test Case 'Test Cases/Mobile/Page/Login/Login' successfully

2022-02-16 23:41:09 - [TEST_STEP][PASSED] - callTestCase(findTestCase("Mobile/Page/Login/Login"), ["action":"username"], CONTINUE_ON_FAILURE): Call Test Case 'Test Cases/Mobile/Page/Login/Login' successfully

2022-02-16 23:41:09 - [TEST_CASE][PASSED] - Test Cases/Mobile/Page/Login/Login: Test Cases/Mobile/Page/Login/Login

2022-02-16 23:41:09 - [TEST_STEP][PASSED] - delay(2): Delayed 2 second(s)

2022-02-16 23:41:11 - [MESSAGE][PASSED] - Delayed 2 second(s)

2022-02-16 23:41:11 - [TEST_STEP][PASSED] - for ([i = 0, i < 1, (i++)]): null

2022-02-16 23:41:11 - [TEST_STEP][PASSED] - if (action == "username"): null

2022-02-16 23:41:11 - [TEST_STEP][PASSED] - tap(LOGN_EdtUserID, 0): Tapped on element 'Object Repository/Mobile/Page/Login/Input - UserID'

2022-02-16 23:41:11 - [MESSAGE][WARNING] - Timeout '0' is invalid. Using default page load timeout: '60'

2022-02-16 23:41:11 - [MESSAGE][PASSED] - Tapped on element 'Object Repository/Mobile/Page/Login/Input - UserID'

2022-02-16 23:41:11 - [TEST_STEP][PASSED] - delay(1): Delayed 1 second(s)

2022-02-16 23:41:12 - [MESSAGE][PASSED] - Delayed 1 second(s)

2022-02-16 23:41:12 - [TEST_STEP][PASSED] - setText(LOGN_EdtRdyUserID, "anggaaditya", 0): Text 'anggaaditya' has been set to element 'Object Repository/Mobile/Page/Login/Input Rdy - UserID'

2022-02-16 23:41:12 - [MESSAGE][WARNING] - Timeout '0' is invalid. Using default page load timeout: '60'

2022-02-16 23:41:13 - [MESSAGE][PASSED] - Text 'anggaaditya' has been set to element 'Object Repository/Mobile/Page/Login/Input Rdy - UserID'

2022-02-16 23:41:13 - [TEST_STEP][PASSED] - delay(1): Delayed 1 second(s)

2022-02-16 23:41:14 - [MESSAGE][PASSED] - Delayed 1 second(s)

2022-02-16 23:41:14 - [TEST_STEP][PASSED] - hideKeyboard(): Keyboard is hidden

2022-02-16 23:41:19 - [MESSAGE][PASSED] - Keyboard is hidden

2022-02-16 23:41:19 - [TEST_STEP][PASSED] - tap(LOGN_EdtPassword, 0): Tapped on element 'Object Repository/Mobile/Page/Login/Input - Password'

2022-02-16 23:41:19 - [MESSAGE][WARNING] - Timeout '0' is invalid. Using default page load timeout: '60'

2022-02-16 23:41:19 - [MESSAGE][PASSED] - Tapped on element 'Object Repository/Mobile/Page/Login/Input - Password'

2022-02-16 23:41:19 - [TEST_STEP][PASSED] - delay(1): Delayed 1 second(s)

2022-02-16 23:41:20 - [MESSAGE][PASSED] - Delayed 1 second(s)

2022-02-16 23:41:20 - [TEST_STEP][PASSED] - setText(LOGN_EdtRdyPassword, "Shalawa18", 0): Text 'Shalawa18' has been set to element 'Object Repository/Mobile/Page/Login/Input Rdy - Password'

2022-02-16 23:41:20 - [MESSAGE][WARNING] - Timeout '0' is invalid. Using default page load timeout: '60'

2022-02-16 23:41:21 - [MESSAGE][PASSED] - Text 'Shalawa18' has been set to element 'Object Repository/Mobile/Page/Login/Input Rdy - Password'

2022-02-16 23:41:21 - [TEST_STEP][PASSED] - delay(1): Delayed 1 second(s)

2022-02-16 23:41:22 - [MESSAGE][PASSED] - Delayed 1 second(s)

2022-02-16 23:41:22 - [TEST_STEP][PASSED] - hideKeyboard(): Keyboard is hidden

2022-02-16 23:41:28 - [MESSAGE][PASSED] - Keyboard is hidden

2022-02-16 23:41:28 - [TEST_STEP][PASSED] - tap(LOGN_BtnLogin, 0): Tapped on element 'Object Repository/Mobile/Page/Login/Button - Login'

2022-02-16 23:41:28 - [MESSAGE][WARNING] - Timeout '0' is invalid. Using default page load timeout: '60'

2022-02-16 23:41:29 - [MESSAGE][PASSED] - Tapped on element 'Object Repository/Mobile/Page/Login/Button - Login'

2022-02-16 23:41:29 - [TEST_STEP][PASSED] - delay(2): Delayed 2 second(s)

2022-02-16 23:41:31 - [MESSAGE][PASSED] - Delayed 2 second(s)

2022-02-16 23:41:31 - [TEST_STEP][PASSED] - break: null

2022-02-16 23:41:31 - [MESSAGE][PASSED] - Call Test Case 'Test Cases/Mobile/Page/Login/Login' successfully

2022-02-16 23:41:31 - [MESSAGE][PASSED] - Call Test Case 'Test Cases/Mobile/Page/CheckLogin' successfully

2022-02-16 23:41:31 - [TEST_STEP][PASSED] - tap(HOME_MenubarPortfolio, 0): Tapped on element 'Object Repository/Mobile/Page/Home/Menubar - Portfolio'

2022-02-16 23:41:31 - [MESSAGE][WARNING] - Timeout '0' is invalid. Using default page load timeout: '60'

2022-02-16 23:41:33 - [MESSAGE][PASSED] - Tapped on element 'Object Repository/Mobile/Page/Home/Menubar - Portfolio'

2022-02-16 23:41:33 - [TEST_STEP][PASSED] - delay(1): Delayed 1 second(s)

2022-02-16 23:41:34 - [MESSAGE][PASSED] - Delayed 1 second(s)

2022-02-16 23:41:34 - [TEST_STEP][PASSED] - for ([i = 0, i < 1, (i++)]): Delayed 3 second(s)

2022-02-16 23:41:34 - [TEST_STEP][PASSED] - if (tab == "summary"): Delayed 3 second(s)

2022-02-16 23:41:34 - [TEST_STEP][PASSED] - idr = PORT_BtnIDR: null

2022-02-16 23:41:34 - [TEST_STEP][PASSED] - persen = PORT_BtnPersen: null

2022-02-16 23:41:34 - [TEST_STEP][PASSED] - if (action == "summary"): null

2022-02-16 23:41:34 - [TEST_STEP][PASSED] - else if (action == "perf_daily"): null

2022-02-16 23:41:34 - [TEST_STEP][PASSED] - else if (action == "perf_month"): Tapped on element 'Object Repository/Mobile/Page/Portfolio/Tab - Summary Month to Date'

2022-02-16 23:41:34 - [TEST_STEP][PASSED] - scroll.scroll.scrollScreenBottomToTop(): scroll.scroll.scrollScreenBottomToTop is PASSED

2022-02-16 23:41:34 - [MESSAGE][PASSED] - Current device physical height is 1423

2022-02-16 23:41:34 - [MESSAGE][PASSED] - Current device physical width is 720

2022-02-16 23:41:35 - [MESSAGE][PASSED] - Swiped from 360,1,138 to 360,284

2022-02-16 23:41:35 - [MESSAGE][PASSED] - scroll.scroll.scrollScreenBottomToTop is PASSED

2022-02-16 23:41:35 - [TEST_STEP][PASSED] - delay(1): Delayed 1 second(s)

2022-02-16 23:41:36 - [MESSAGE][PASSED] - Delayed 1 second(s)

2022-02-16 23:41:36 - [TEST_STEP][PASSED] - tap(PORT_TabSummaryMonth, 0): Tapped on element 'Object Repository/Mobile/Page/Portfolio/Tab - Summary Month to Date'

2022-02-16 23:41:36 - [MESSAGE][WARNING] - Timeout '0' is invalid. Using default page load timeout: '60'

2022-02-16 23:41:37 - [MESSAGE][PASSED] - Tapped on element 'Object Repository/Mobile/Page/Portfolio/Tab - Summary Month to Date'

2022-02-16 23:41:37 - [TEST_STEP][PASSED] - if (action != "summary"): Delayed 3 second(s)

2022-02-16 23:41:37 - [TEST_STEP][PASSED] - delay(1): Delayed 1 second(s)

2022-02-16 23:41:38 - [MESSAGE][PASSED] - Delayed 1 second(s)

2022-02-16 23:41:38 - [TEST_STEP][PASSED] - scroll.scroll.scrollScreenBottomToTop(): scroll.scroll.scrollScreenBottomToTop is PASSED

2022-02-16 23:41:38 - [MESSAGE][PASSED] - Current device physical height is 1423

2022-02-16 23:41:38 - [MESSAGE][PASSED] - Current device physical width is 720

2022-02-16 23:41:39 - [MESSAGE][PASSED] - Swiped from 360,1,138 to 360,284

2022-02-16 23:41:39 - [MESSAGE][PASSED] - scroll.scroll.scrollScreenBottomToTop is PASSED

2022-02-16 23:41:39 - [TEST_STEP][PASSED] - delay(3): Delayed 3 second(s)

2022-02-16 23:41:42 - [MESSAGE][PASSED] - Delayed 3 second(s)

2022-02-16 23:41:42 - [TEST_STEP][PASSED] - if (action2 == "idr"): null

2022-02-16 23:41:42 - [TEST_STEP][PASSED] - else if (action2 == "persen"): Delayed 3 second(s)

2022-02-16 23:41:42 - [TEST_STEP][PASSED] - tap(persen, 10): Tapped on element 'Object Repository/Mobile/Page/Portfolio/Button - Persen'

2022-02-16 23:41:43 - [MESSAGE][PASSED] - Tapped on element 'Object Repository/Mobile/Page/Portfolio/Button - Persen'

2022-02-16 23:41:43 - [TEST_STEP][PASSED] - delay(3): Delayed 3 second(s)

2022-02-16 23:41:46 - [MESSAGE][PASSED] - Delayed 3 second(s)

2022-02-16 23:41:46 - [MESSAGE][PASSED] - Call Test Case 'Test Cases/Mobile/Page/Portfolio/Portfolio' successfully

2022-02-16 23:41:46 - [TEST_STEP][PASSED] - callTestCase(findTestCase("Mobile/Page/Run App/Terminate App"), [:], STOP_ON_FAILURE): Call Test Case 'Test Cases/Mobile/Page/Run App/Terminate App' successfully

2022-02-16 23:41:46 - [TEST_CASE][PASSED] - Test Cases/Mobile/Page/Run App/Terminate App: Test Cases/Mobile/Page/Run App/Terminate App

2022-02-16 23:41:46 - [TEST_STEP][PASSED] - startApp.OpenApp.terminateApplication(): startApp.OpenApp.terminateApplication is PASSED

2022-02-16 23:41:49 - [MESSAGE][PASSED] - Delayed 3 second(s)

2022-02-16 23:41:49 - [MESSAGE][PASSED] - Current device physical width is 720

2022-02-16 23:41:50 - [MESSAGE][PASSED] - Current device physical height is 1423

2022-02-16 23:41:51 - [MESSAGE][PASSED] - Swiped from 360,853 to 360,142

2022-02-16 23:41:52 - [MESSAGE][PASSED] - Delayed 1 second(s)

2022-02-16 23:41:53 - [MESSAGE][PASSED] - Swiped from 360,853 to 360,142

2022-02-16 23:41:56 - [MESSAGE][PASSED] - Delayed 3 second(s)

2022-02-16 23:41:56 - [MESSAGE][PASSED] - startApp.OpenApp.terminateApplication is PASSED

2022-02-16 23:41:56 - [MESSAGE][PASSED] - Call Test Case 'Test Cases/Mobile/Page/Run App/Terminate App' successfully]]></system-out>
         <system-err><![CDATA[]]></system-err>
      </testcase>
      <testcase name="Test Cases/Mobile/Scenario/Portfolio/008 - Portfolio Performance Quarter to Date Persen" time="61.737" classname="Test Cases/Mobile/Scenario/Portfolio/008 - Portfolio Performance Quarter to Date Persen" status="PASSED">
         <system-out><![CDATA[2022-02-16 23:41:56 - [TEST_CASE][PASSED] - Test Cases/Mobile/Scenario/Portfolio/008 - Portfolio Performance Quarter to Date Persen: Test Cases/Mobile/Scenario/Portfolio/008 - Portfolio Performance Quarter to Date Persen

2022-02-16 23:41:57 - [TEST_STEP][PASSED] - callTestCase(findTestCase("Mobile/Page/Run App/Run App byID"), [:], STOP_ON_FAILURE): Call Test Case 'Test Cases/Mobile/Page/Run App/Run App byID' successfully

2022-02-16 23:41:57 - [TEST_CASE][PASSED] - Test Cases/Mobile/Page/Run App/Run App byID: Test Cases/Mobile/Page/Run App/Run App byID

2022-02-16 23:41:57 - [TEST_STEP][PASSED] - startApp.OpenApp.startApplication("id.co.miraeasset.sageclub"): startApp.OpenApp.startApplication is PASSED

2022-02-16 23:42:10 - [MESSAGE][PASSED] - Starting app with application ID: 'id.co.miraeasset.sageclub'

2022-02-16 23:42:10 - [MESSAGE][PASSED] - startApp.OpenApp.startApplication is PASSED

2022-02-16 23:42:10 - [MESSAGE][PASSED] - Call Test Case 'Test Cases/Mobile/Page/Run App/Run App byID' successfully

2022-02-16 23:42:10 - [TEST_STEP][PASSED] - callTestCase(findTestCase("Mobile/Page/Portfolio/Portfolio"), ["tab":"summary", "action":"perf_quarter", "action2":"persen"], CONTINUE_ON_FAILURE): Call Test Case 'Test Cases/Mobile/Page/Portfolio/Portfolio' successfully

2022-02-16 23:42:10 - [TEST_CASE][PASSED] - Test Cases/Mobile/Page/Portfolio/Portfolio: Test Cases/Mobile/Page/Portfolio/Portfolio

2022-02-16 23:42:10 - [TEST_STEP][PASSED] - callTestCase(findTestCase("Mobile/Page/CheckLogin"), [:], CONTINUE_ON_FAILURE): Call Test Case 'Test Cases/Mobile/Page/CheckLogin' successfully

2022-02-16 23:42:10 - [TEST_CASE][PASSED] - Test Cases/Mobile/Page/CheckLogin: Test Cases/Mobile/Page/CheckLogin

2022-02-16 23:42:10 - [TEST_STEP][PASSED] - loginCheck = verifyElementExist(LOGN_BtnLogin, 5, CONTINUE_ON_FAILURE): Element 'Object Repository/Mobile/Page/Login/Button - Login' is exist

2022-02-16 23:42:11 - [MESSAGE][PASSED] - Element 'Object Repository/Mobile/Page/Login/Button - Login' is exist

2022-02-16 23:42:11 - [TEST_STEP][PASSED] - if (loginCheck): Call Test Case 'Test Cases/Mobile/Page/Login/Login' successfully

2022-02-16 23:42:11 - [TEST_STEP][PASSED] - callTestCase(findTestCase("Mobile/Page/Login/Login"), ["action":"username"], CONTINUE_ON_FAILURE): Call Test Case 'Test Cases/Mobile/Page/Login/Login' successfully

2022-02-16 23:42:11 - [TEST_CASE][PASSED] - Test Cases/Mobile/Page/Login/Login: Test Cases/Mobile/Page/Login/Login

2022-02-16 23:42:11 - [TEST_STEP][PASSED] - delay(2): Delayed 2 second(s)

2022-02-16 23:42:13 - [MESSAGE][PASSED] - Delayed 2 second(s)

2022-02-16 23:42:13 - [TEST_STEP][PASSED] - for ([i = 0, i < 1, (i++)]): null

2022-02-16 23:42:13 - [TEST_STEP][PASSED] - if (action == "username"): null

2022-02-16 23:42:13 - [TEST_STEP][PASSED] - tap(LOGN_EdtUserID, 0): Tapped on element 'Object Repository/Mobile/Page/Login/Input - UserID'

2022-02-16 23:42:13 - [MESSAGE][WARNING] - Timeout '0' is invalid. Using default page load timeout: '60'

2022-02-16 23:42:14 - [MESSAGE][PASSED] - Tapped on element 'Object Repository/Mobile/Page/Login/Input - UserID'

2022-02-16 23:42:14 - [TEST_STEP][PASSED] - delay(1): Delayed 1 second(s)

2022-02-16 23:42:15 - [MESSAGE][PASSED] - Delayed 1 second(s)

2022-02-16 23:42:15 - [TEST_STEP][PASSED] - setText(LOGN_EdtRdyUserID, "anggaaditya", 0): Text 'anggaaditya' has been set to element 'Object Repository/Mobile/Page/Login/Input Rdy - UserID'

2022-02-16 23:42:15 - [MESSAGE][WARNING] - Timeout '0' is invalid. Using default page load timeout: '60'

2022-02-16 23:42:16 - [MESSAGE][PASSED] - Text 'anggaaditya' has been set to element 'Object Repository/Mobile/Page/Login/Input Rdy - UserID'

2022-02-16 23:42:16 - [TEST_STEP][PASSED] - delay(1): Delayed 1 second(s)

2022-02-16 23:42:17 - [MESSAGE][PASSED] - Delayed 1 second(s)

2022-02-16 23:42:17 - [TEST_STEP][PASSED] - hideKeyboard(): Keyboard is hidden

2022-02-16 23:42:20 - [MESSAGE][PASSED] - Keyboard is hidden

2022-02-16 23:42:20 - [TEST_STEP][PASSED] - tap(LOGN_EdtPassword, 0): Tapped on element 'Object Repository/Mobile/Page/Login/Input - Password'

2022-02-16 23:42:20 - [MESSAGE][WARNING] - Timeout '0' is invalid. Using default page load timeout: '60'

2022-02-16 23:42:21 - [MESSAGE][PASSED] - Tapped on element 'Object Repository/Mobile/Page/Login/Input - Password'

2022-02-16 23:42:21 - [TEST_STEP][PASSED] - delay(1): Delayed 1 second(s)

2022-02-16 23:42:22 - [MESSAGE][PASSED] - Delayed 1 second(s)

2022-02-16 23:42:22 - [TEST_STEP][PASSED] - setText(LOGN_EdtRdyPassword, "Shalawa18", 0): Text 'Shalawa18' has been set to element 'Object Repository/Mobile/Page/Login/Input Rdy - Password'

2022-02-16 23:42:22 - [MESSAGE][WARNING] - Timeout '0' is invalid. Using default page load timeout: '60'

2022-02-16 23:42:22 - [MESSAGE][PASSED] - Text 'Shalawa18' has been set to element 'Object Repository/Mobile/Page/Login/Input Rdy - Password'

2022-02-16 23:42:22 - [TEST_STEP][PASSED] - delay(1): Delayed 1 second(s)

2022-02-16 23:42:23 - [MESSAGE][PASSED] - Delayed 1 second(s)

2022-02-16 23:42:23 - [TEST_STEP][PASSED] - hideKeyboard(): Keyboard is hidden

2022-02-16 23:42:29 - [MESSAGE][PASSED] - Keyboard is hidden

2022-02-16 23:42:29 - [TEST_STEP][PASSED] - tap(LOGN_BtnLogin, 0): Tapped on element 'Object Repository/Mobile/Page/Login/Button - Login'

2022-02-16 23:42:29 - [MESSAGE][WARNING] - Timeout '0' is invalid. Using default page load timeout: '60'

2022-02-16 23:42:30 - [MESSAGE][PASSED] - Tapped on element 'Object Repository/Mobile/Page/Login/Button - Login'

2022-02-16 23:42:30 - [TEST_STEP][PASSED] - delay(2): Delayed 2 second(s)

2022-02-16 23:42:32 - [MESSAGE][PASSED] - Delayed 2 second(s)

2022-02-16 23:42:32 - [TEST_STEP][PASSED] - break: null

2022-02-16 23:42:32 - [MESSAGE][PASSED] - Call Test Case 'Test Cases/Mobile/Page/Login/Login' successfully

2022-02-16 23:42:32 - [MESSAGE][PASSED] - Call Test Case 'Test Cases/Mobile/Page/CheckLogin' successfully

2022-02-16 23:42:32 - [TEST_STEP][PASSED] - tap(HOME_MenubarPortfolio, 0): Tapped on element 'Object Repository/Mobile/Page/Home/Menubar - Portfolio'

2022-02-16 23:42:32 - [MESSAGE][WARNING] - Timeout '0' is invalid. Using default page load timeout: '60'

2022-02-16 23:42:34 - [MESSAGE][PASSED] - Tapped on element 'Object Repository/Mobile/Page/Home/Menubar - Portfolio'

2022-02-16 23:42:34 - [TEST_STEP][PASSED] - delay(1): Delayed 1 second(s)

2022-02-16 23:42:35 - [MESSAGE][PASSED] - Delayed 1 second(s)

2022-02-16 23:42:35 - [TEST_STEP][PASSED] - for ([i = 0, i < 1, (i++)]): Delayed 3 second(s)

2022-02-16 23:42:35 - [TEST_STEP][PASSED] - if (tab == "summary"): Delayed 3 second(s)

2022-02-16 23:42:35 - [TEST_STEP][PASSED] - idr = PORT_BtnIDR: null

2022-02-16 23:42:35 - [TEST_STEP][PASSED] - persen = PORT_BtnPersen: null

2022-02-16 23:42:35 - [TEST_STEP][PASSED] - if (action == "summary"): null

2022-02-16 23:42:35 - [TEST_STEP][PASSED] - else if (action == "perf_daily"): null

2022-02-16 23:42:35 - [TEST_STEP][PASSED] - else if (action == "perf_month"): null

2022-02-16 23:42:35 - [TEST_STEP][PASSED] - else if (action == "perf_quarter"): Tapped on element 'Object Repository/Mobile/Page/Portfolio/Tab - Summary Quarter to Date'

2022-02-16 23:42:35 - [TEST_STEP][PASSED] - scroll.scroll.scrollScreenBottomToTop(): scroll.scroll.scrollScreenBottomToTop is PASSED

2022-02-16 23:42:35 - [MESSAGE][PASSED] - Current device physical height is 1423

2022-02-16 23:42:36 - [MESSAGE][PASSED] - Current device physical width is 720

2022-02-16 23:42:37 - [MESSAGE][PASSED] - Swiped from 360,1,138 to 360,284

2022-02-16 23:42:37 - [MESSAGE][PASSED] - scroll.scroll.scrollScreenBottomToTop is PASSED

2022-02-16 23:42:37 - [TEST_STEP][PASSED] - delay(1): Delayed 1 second(s)

2022-02-16 23:42:38 - [MESSAGE][PASSED] - Delayed 1 second(s)

2022-02-16 23:42:38 - [TEST_STEP][PASSED] - tap(PORT_TabSummaryQuarter, 0): Tapped on element 'Object Repository/Mobile/Page/Portfolio/Tab - Summary Quarter to Date'

2022-02-16 23:42:38 - [MESSAGE][WARNING] - Timeout '0' is invalid. Using default page load timeout: '60'

2022-02-16 23:42:38 - [MESSAGE][PASSED] - Tapped on element 'Object Repository/Mobile/Page/Portfolio/Tab - Summary Quarter to Date'

2022-02-16 23:42:38 - [TEST_STEP][PASSED] - if (action != "summary"): Delayed 3 second(s)

2022-02-16 23:42:38 - [TEST_STEP][PASSED] - delay(1): Delayed 1 second(s)

2022-02-16 23:42:39 - [MESSAGE][PASSED] - Delayed 1 second(s)

2022-02-16 23:42:39 - [TEST_STEP][PASSED] - scroll.scroll.scrollScreenBottomToTop(): scroll.scroll.scrollScreenBottomToTop is PASSED

2022-02-16 23:42:40 - [MESSAGE][PASSED] - Current device physical height is 1423

2022-02-16 23:42:40 - [MESSAGE][PASSED] - Current device physical width is 720

2022-02-16 23:42:41 - [MESSAGE][PASSED] - Swiped from 360,1,138 to 360,284

2022-02-16 23:42:41 - [MESSAGE][PASSED] - scroll.scroll.scrollScreenBottomToTop is PASSED

2022-02-16 23:42:41 - [TEST_STEP][PASSED] - delay(3): Delayed 3 second(s)

2022-02-16 23:42:44 - [MESSAGE][PASSED] - Delayed 3 second(s)

2022-02-16 23:42:44 - [TEST_STEP][PASSED] - if (action2 == "idr"): null

2022-02-16 23:42:44 - [TEST_STEP][PASSED] - else if (action2 == "persen"): Delayed 3 second(s)

2022-02-16 23:42:44 - [TEST_STEP][PASSED] - tap(persen, 10): Tapped on element 'Object Repository/Mobile/Page/Portfolio/Button - Persen'

2022-02-16 23:42:45 - [MESSAGE][PASSED] - Tapped on element 'Object Repository/Mobile/Page/Portfolio/Button - Persen'

2022-02-16 23:42:45 - [TEST_STEP][PASSED] - delay(3): Delayed 3 second(s)

2022-02-16 23:42:48 - [MESSAGE][PASSED] - Delayed 3 second(s)

2022-02-16 23:42:48 - [MESSAGE][PASSED] - Call Test Case 'Test Cases/Mobile/Page/Portfolio/Portfolio' successfully

2022-02-16 23:42:48 - [TEST_STEP][PASSED] - callTestCase(findTestCase("Mobile/Page/Run App/Terminate App"), [:], STOP_ON_FAILURE): Call Test Case 'Test Cases/Mobile/Page/Run App/Terminate App' successfully

2022-02-16 23:42:48 - [TEST_CASE][PASSED] - Test Cases/Mobile/Page/Run App/Terminate App: Test Cases/Mobile/Page/Run App/Terminate App

2022-02-16 23:42:48 - [TEST_STEP][PASSED] - startApp.OpenApp.terminateApplication(): startApp.OpenApp.terminateApplication is PASSED

2022-02-16 23:42:51 - [MESSAGE][PASSED] - Delayed 3 second(s)

2022-02-16 23:42:51 - [MESSAGE][PASSED] - Current device physical width is 720

2022-02-16 23:42:51 - [MESSAGE][PASSED] - Current device physical height is 1423

2022-02-16 23:42:53 - [MESSAGE][PASSED] - Swiped from 360,853 to 360,142

2022-02-16 23:42:54 - [MESSAGE][PASSED] - Delayed 1 second(s)

2022-02-16 23:42:55 - [MESSAGE][PASSED] - Swiped from 360,853 to 360,142

2022-02-16 23:42:58 - [MESSAGE][PASSED] - Delayed 3 second(s)

2022-02-16 23:42:58 - [MESSAGE][PASSED] - startApp.OpenApp.terminateApplication is PASSED

2022-02-16 23:42:58 - [MESSAGE][PASSED] - Call Test Case 'Test Cases/Mobile/Page/Run App/Terminate App' successfully]]></system-out>
         <system-err><![CDATA[]]></system-err>
      </testcase>
      <testcase name="Test Cases/Mobile/Scenario/Portfolio/009 - Portfolio Performance Year to Date Persen" time="62.2" classname="Test Cases/Mobile/Scenario/Portfolio/009 - Portfolio Performance Year to Date Persen" status="PASSED">
         <system-out><![CDATA[2022-02-16 23:42:58 - [TEST_CASE][PASSED] - Test Cases/Mobile/Scenario/Portfolio/009 - Portfolio Performance Year to Date Persen: Test Cases/Mobile/Scenario/Portfolio/009 - Portfolio Performance Year to Date Persen

2022-02-16 23:42:58 - [TEST_STEP][PASSED] - callTestCase(findTestCase("Mobile/Page/Run App/Run App byID"), [:], STOP_ON_FAILURE): Call Test Case 'Test Cases/Mobile/Page/Run App/Run App byID' successfully

2022-02-16 23:42:58 - [TEST_CASE][PASSED] - Test Cases/Mobile/Page/Run App/Run App byID: Test Cases/Mobile/Page/Run App/Run App byID

2022-02-16 23:42:58 - [TEST_STEP][PASSED] - startApp.OpenApp.startApplication("id.co.miraeasset.sageclub"): startApp.OpenApp.startApplication is PASSED

2022-02-16 23:43:12 - [MESSAGE][PASSED] - Starting app with application ID: 'id.co.miraeasset.sageclub'

2022-02-16 23:43:12 - [MESSAGE][PASSED] - startApp.OpenApp.startApplication is PASSED

2022-02-16 23:43:12 - [MESSAGE][PASSED] - Call Test Case 'Test Cases/Mobile/Page/Run App/Run App byID' successfully

2022-02-16 23:43:12 - [TEST_STEP][PASSED] - callTestCase(findTestCase("Mobile/Page/Portfolio/Portfolio"), ["tab":"summary", "action":"perf_year", "action2":"persen"], CONTINUE_ON_FAILURE): Call Test Case 'Test Cases/Mobile/Page/Portfolio/Portfolio' successfully

2022-02-16 23:43:12 - [TEST_CASE][PASSED] - Test Cases/Mobile/Page/Portfolio/Portfolio: Test Cases/Mobile/Page/Portfolio/Portfolio

2022-02-16 23:43:12 - [TEST_STEP][PASSED] - callTestCase(findTestCase("Mobile/Page/CheckLogin"), [:], CONTINUE_ON_FAILURE): Call Test Case 'Test Cases/Mobile/Page/CheckLogin' successfully

2022-02-16 23:43:12 - [TEST_CASE][PASSED] - Test Cases/Mobile/Page/CheckLogin: Test Cases/Mobile/Page/CheckLogin

2022-02-16 23:43:12 - [TEST_STEP][PASSED] - loginCheck = verifyElementExist(LOGN_BtnLogin, 5, CONTINUE_ON_FAILURE): Element 'Object Repository/Mobile/Page/Login/Button - Login' is exist

2022-02-16 23:43:14 - [MESSAGE][PASSED] - Element 'Object Repository/Mobile/Page/Login/Button - Login' is exist

2022-02-16 23:43:14 - [TEST_STEP][PASSED] - if (loginCheck): Call Test Case 'Test Cases/Mobile/Page/Login/Login' successfully

2022-02-16 23:43:14 - [TEST_STEP][PASSED] - callTestCase(findTestCase("Mobile/Page/Login/Login"), ["action":"username"], CONTINUE_ON_FAILURE): Call Test Case 'Test Cases/Mobile/Page/Login/Login' successfully

2022-02-16 23:43:14 - [TEST_CASE][PASSED] - Test Cases/Mobile/Page/Login/Login: Test Cases/Mobile/Page/Login/Login

2022-02-16 23:43:14 - [TEST_STEP][PASSED] - delay(2): Delayed 2 second(s)

2022-02-16 23:43:16 - [MESSAGE][PASSED] - Delayed 2 second(s)

2022-02-16 23:43:16 - [TEST_STEP][PASSED] - for ([i = 0, i < 1, (i++)]): null

2022-02-16 23:43:16 - [TEST_STEP][PASSED] - if (action == "username"): null

2022-02-16 23:43:16 - [TEST_STEP][PASSED] - tap(LOGN_EdtUserID, 0): Tapped on element 'Object Repository/Mobile/Page/Login/Input - UserID'

2022-02-16 23:43:16 - [MESSAGE][WARNING] - Timeout '0' is invalid. Using default page load timeout: '60'

2022-02-16 23:43:16 - [MESSAGE][PASSED] - Tapped on element 'Object Repository/Mobile/Page/Login/Input - UserID'

2022-02-16 23:43:16 - [TEST_STEP][PASSED] - delay(1): Delayed 1 second(s)

2022-02-16 23:43:17 - [MESSAGE][PASSED] - Delayed 1 second(s)

2022-02-16 23:43:17 - [TEST_STEP][PASSED] - setText(LOGN_EdtRdyUserID, "anggaaditya", 0): Text 'anggaaditya' has been set to element 'Object Repository/Mobile/Page/Login/Input Rdy - UserID'

2022-02-16 23:43:17 - [MESSAGE][WARNING] - Timeout '0' is invalid. Using default page load timeout: '60'

2022-02-16 23:43:18 - [MESSAGE][PASSED] - Text 'anggaaditya' has been set to element 'Object Repository/Mobile/Page/Login/Input Rdy - UserID'

2022-02-16 23:43:18 - [TEST_STEP][PASSED] - delay(1): Delayed 1 second(s)

2022-02-16 23:43:19 - [MESSAGE][PASSED] - Delayed 1 second(s)

2022-02-16 23:43:19 - [TEST_STEP][PASSED] - hideKeyboard(): Keyboard is hidden

2022-02-16 23:43:23 - [MESSAGE][PASSED] - Keyboard is hidden

2022-02-16 23:43:23 - [TEST_STEP][PASSED] - tap(LOGN_EdtPassword, 0): Tapped on element 'Object Repository/Mobile/Page/Login/Input - Password'

2022-02-16 23:43:23 - [MESSAGE][WARNING] - Timeout '0' is invalid. Using default page load timeout: '60'

2022-02-16 23:43:23 - [MESSAGE][PASSED] - Tapped on element 'Object Repository/Mobile/Page/Login/Input - Password'

2022-02-16 23:43:23 - [TEST_STEP][PASSED] - delay(1): Delayed 1 second(s)

2022-02-16 23:43:24 - [MESSAGE][PASSED] - Delayed 1 second(s)

2022-02-16 23:43:24 - [TEST_STEP][PASSED] - setText(LOGN_EdtRdyPassword, "Shalawa18", 0): Text 'Shalawa18' has been set to element 'Object Repository/Mobile/Page/Login/Input Rdy - Password'

2022-02-16 23:43:24 - [MESSAGE][WARNING] - Timeout '0' is invalid. Using default page load timeout: '60'

2022-02-16 23:43:25 - [MESSAGE][PASSED] - Text 'Shalawa18' has been set to element 'Object Repository/Mobile/Page/Login/Input Rdy - Password'

2022-02-16 23:43:25 - [TEST_STEP][PASSED] - delay(1): Delayed 1 second(s)

2022-02-16 23:43:26 - [MESSAGE][PASSED] - Delayed 1 second(s)

2022-02-16 23:43:26 - [TEST_STEP][PASSED] - hideKeyboard(): Keyboard is hidden

2022-02-16 23:43:32 - [MESSAGE][PASSED] - Keyboard is hidden

2022-02-16 23:43:32 - [TEST_STEP][PASSED] - tap(LOGN_BtnLogin, 0): Tapped on element 'Object Repository/Mobile/Page/Login/Button - Login'

2022-02-16 23:43:32 - [MESSAGE][WARNING] - Timeout '0' is invalid. Using default page load timeout: '60'

2022-02-16 23:43:32 - [MESSAGE][PASSED] - Tapped on element 'Object Repository/Mobile/Page/Login/Button - Login'

2022-02-16 23:43:32 - [TEST_STEP][PASSED] - delay(2): Delayed 2 second(s)

2022-02-16 23:43:34 - [MESSAGE][PASSED] - Delayed 2 second(s)

2022-02-16 23:43:34 - [TEST_STEP][PASSED] - break: null

2022-02-16 23:43:34 - [MESSAGE][PASSED] - Call Test Case 'Test Cases/Mobile/Page/Login/Login' successfully

2022-02-16 23:43:34 - [MESSAGE][PASSED] - Call Test Case 'Test Cases/Mobile/Page/CheckLogin' successfully

2022-02-16 23:43:34 - [TEST_STEP][PASSED] - tap(HOME_MenubarPortfolio, 0): Tapped on element 'Object Repository/Mobile/Page/Home/Menubar - Portfolio'

2022-02-16 23:43:34 - [MESSAGE][WARNING] - Timeout '0' is invalid. Using default page load timeout: '60'

2022-02-16 23:43:36 - [MESSAGE][PASSED] - Tapped on element 'Object Repository/Mobile/Page/Home/Menubar - Portfolio'

2022-02-16 23:43:36 - [TEST_STEP][PASSED] - delay(1): Delayed 1 second(s)

2022-02-16 23:43:38 - [MESSAGE][PASSED] - Delayed 1 second(s)

2022-02-16 23:43:38 - [TEST_STEP][PASSED] - for ([i = 0, i < 1, (i++)]): Delayed 3 second(s)

2022-02-16 23:43:38 - [TEST_STEP][PASSED] - if (tab == "summary"): Delayed 3 second(s)

2022-02-16 23:43:38 - [TEST_STEP][PASSED] - idr = PORT_BtnIDR: null

2022-02-16 23:43:38 - [TEST_STEP][PASSED] - persen = PORT_BtnPersen: null

2022-02-16 23:43:38 - [TEST_STEP][PASSED] - if (action == "summary"): null

2022-02-16 23:43:38 - [TEST_STEP][PASSED] - else if (action == "perf_daily"): null

2022-02-16 23:43:38 - [TEST_STEP][PASSED] - else if (action == "perf_month"): null

2022-02-16 23:43:38 - [TEST_STEP][PASSED] - else if (action == "perf_quarter"): null

2022-02-16 23:43:38 - [TEST_STEP][PASSED] - else if (action == "perf_year"): Tapped on element 'Object Repository/Mobile/Page/Portfolio/Tab - Summary Year to Date'

2022-02-16 23:43:38 - [TEST_STEP][PASSED] - scroll.scroll.scrollScreenBottomToTop(): scroll.scroll.scrollScreenBottomToTop is PASSED

2022-02-16 23:43:38 - [MESSAGE][PASSED] - Current device physical height is 1423

2022-02-16 23:43:38 - [MESSAGE][PASSED] - Current device physical width is 720

2022-02-16 23:43:39 - [MESSAGE][PASSED] - Swiped from 360,1,138 to 360,284

2022-02-16 23:43:39 - [MESSAGE][PASSED] - scroll.scroll.scrollScreenBottomToTop is PASSED

2022-02-16 23:43:39 - [TEST_STEP][PASSED] - delay(1): Delayed 1 second(s)

2022-02-16 23:43:40 - [MESSAGE][PASSED] - Delayed 1 second(s)

2022-02-16 23:43:40 - [TEST_STEP][PASSED] - tap(PORT_TabSummaryYear, 0): Tapped on element 'Object Repository/Mobile/Page/Portfolio/Tab - Summary Year to Date'

2022-02-16 23:43:40 - [MESSAGE][WARNING] - Timeout '0' is invalid. Using default page load timeout: '60'

2022-02-16 23:43:41 - [MESSAGE][PASSED] - Tapped on element 'Object Repository/Mobile/Page/Portfolio/Tab - Summary Year to Date'

2022-02-16 23:43:41 - [TEST_STEP][PASSED] - if (action != "summary"): Delayed 3 second(s)

2022-02-16 23:43:41 - [TEST_STEP][PASSED] - delay(1): Delayed 1 second(s)

2022-02-16 23:43:42 - [MESSAGE][PASSED] - Delayed 1 second(s)

2022-02-16 23:43:42 - [TEST_STEP][PASSED] - scroll.scroll.scrollScreenBottomToTop(): scroll.scroll.scrollScreenBottomToTop is PASSED

2022-02-16 23:43:42 - [MESSAGE][PASSED] - Current device physical height is 1423

2022-02-16 23:43:42 - [MESSAGE][PASSED] - Current device physical width is 720

2022-02-16 23:43:43 - [MESSAGE][PASSED] - Swiped from 360,1,138 to 360,284

2022-02-16 23:43:43 - [MESSAGE][PASSED] - scroll.scroll.scrollScreenBottomToTop is PASSED

2022-02-16 23:43:43 - [TEST_STEP][PASSED] - delay(3): Delayed 3 second(s)

2022-02-16 23:43:46 - [MESSAGE][PASSED] - Delayed 3 second(s)

2022-02-16 23:43:46 - [TEST_STEP][PASSED] - if (action2 == "idr"): null

2022-02-16 23:43:46 - [TEST_STEP][PASSED] - else if (action2 == "persen"): Delayed 3 second(s)

2022-02-16 23:43:46 - [TEST_STEP][PASSED] - tap(persen, 10): Tapped on element 'Object Repository/Mobile/Page/Portfolio/Button - Persen'

2022-02-16 23:43:47 - [MESSAGE][PASSED] - Tapped on element 'Object Repository/Mobile/Page/Portfolio/Button - Persen'

2022-02-16 23:43:47 - [TEST_STEP][PASSED] - delay(3): Delayed 3 second(s)

2022-02-16 23:43:50 - [MESSAGE][PASSED] - Delayed 3 second(s)

2022-02-16 23:43:50 - [MESSAGE][PASSED] - Call Test Case 'Test Cases/Mobile/Page/Portfolio/Portfolio' successfully

2022-02-16 23:43:50 - [TEST_STEP][PASSED] - callTestCase(findTestCase("Mobile/Page/Run App/Terminate App"), [:], STOP_ON_FAILURE): Call Test Case 'Test Cases/Mobile/Page/Run App/Terminate App' successfully

2022-02-16 23:43:50 - [TEST_CASE][PASSED] - Test Cases/Mobile/Page/Run App/Terminate App: Test Cases/Mobile/Page/Run App/Terminate App

2022-02-16 23:43:50 - [TEST_STEP][PASSED] - startApp.OpenApp.terminateApplication(): startApp.OpenApp.terminateApplication is PASSED

2022-02-16 23:43:53 - [MESSAGE][PASSED] - Delayed 3 second(s)

2022-02-16 23:43:53 - [MESSAGE][PASSED] - Current device physical width is 720

2022-02-16 23:43:53 - [MESSAGE][PASSED] - Current device physical height is 1423

2022-02-16 23:43:55 - [MESSAGE][PASSED] - Swiped from 360,853 to 360,142

2022-02-16 23:43:56 - [MESSAGE][PASSED] - Delayed 1 second(s)

2022-02-16 23:43:57 - [MESSAGE][PASSED] - Swiped from 360,853 to 360,142

2022-02-16 23:44:00 - [MESSAGE][PASSED] - Delayed 3 second(s)

2022-02-16 23:44:00 - [MESSAGE][PASSED] - startApp.OpenApp.terminateApplication is PASSED

2022-02-16 23:44:00 - [MESSAGE][PASSED] - Call Test Case 'Test Cases/Mobile/Page/Run App/Terminate App' successfully]]></system-out>
         <system-err><![CDATA[]]></system-err>
      </testcase>
      <testcase name="Test Cases/Mobile/Scenario/Portfolio/010 - Melihat list stock" time="54.938" classname="Test Cases/Mobile/Scenario/Portfolio/010 - Melihat list stock" status="PASSED">
         <system-out><![CDATA[2022-02-16 23:44:00 - [TEST_CASE][PASSED] - Test Cases/Mobile/Scenario/Portfolio/010 - Melihat list stock: Test Cases/Mobile/Scenario/Portfolio/010 - Melihat list stock

2022-02-16 23:44:00 - [TEST_STEP][PASSED] - callTestCase(findTestCase("Mobile/Page/Run App/Run App byID"), [:], STOP_ON_FAILURE): Call Test Case 'Test Cases/Mobile/Page/Run App/Run App byID' successfully

2022-02-16 23:44:01 - [TEST_CASE][PASSED] - Test Cases/Mobile/Page/Run App/Run App byID: Test Cases/Mobile/Page/Run App/Run App byID

2022-02-16 23:44:01 - [TEST_STEP][PASSED] - startApp.OpenApp.startApplication("id.co.miraeasset.sageclub"): startApp.OpenApp.startApplication is PASSED

2022-02-16 23:44:13 - [MESSAGE][PASSED] - Starting app with application ID: 'id.co.miraeasset.sageclub'

2022-02-16 23:44:13 - [MESSAGE][PASSED] - startApp.OpenApp.startApplication is PASSED

2022-02-16 23:44:13 - [MESSAGE][PASSED] - Call Test Case 'Test Cases/Mobile/Page/Run App/Run App byID' successfully

2022-02-16 23:44:13 - [TEST_STEP][PASSED] - callTestCase(findTestCase("Mobile/Page/Portfolio/Portfolio"), ["tab":"stock"], CONTINUE_ON_FAILURE): Call Test Case 'Test Cases/Mobile/Page/Portfolio/Portfolio' successfully

2022-02-16 23:44:13 - [TEST_CASE][PASSED] - Test Cases/Mobile/Page/Portfolio/Portfolio: Test Cases/Mobile/Page/Portfolio/Portfolio

2022-02-16 23:44:13 - [TEST_STEP][PASSED] - callTestCase(findTestCase("Mobile/Page/CheckLogin"), [:], CONTINUE_ON_FAILURE): Call Test Case 'Test Cases/Mobile/Page/CheckLogin' successfully

2022-02-16 23:44:14 - [TEST_CASE][PASSED] - Test Cases/Mobile/Page/CheckLogin: Test Cases/Mobile/Page/CheckLogin

2022-02-16 23:44:14 - [TEST_STEP][PASSED] - loginCheck = verifyElementExist(LOGN_BtnLogin, 5, CONTINUE_ON_FAILURE): Element 'Object Repository/Mobile/Page/Login/Button - Login' is exist

2022-02-16 23:44:15 - [MESSAGE][PASSED] - Element 'Object Repository/Mobile/Page/Login/Button - Login' is exist

2022-02-16 23:44:15 - [TEST_STEP][PASSED] - if (loginCheck): Call Test Case 'Test Cases/Mobile/Page/Login/Login' successfully

2022-02-16 23:44:15 - [TEST_STEP][PASSED] - callTestCase(findTestCase("Mobile/Page/Login/Login"), ["action":"username"], CONTINUE_ON_FAILURE): Call Test Case 'Test Cases/Mobile/Page/Login/Login' successfully

2022-02-16 23:44:15 - [TEST_CASE][PASSED] - Test Cases/Mobile/Page/Login/Login: Test Cases/Mobile/Page/Login/Login

2022-02-16 23:44:16 - [TEST_STEP][PASSED] - delay(2): Delayed 2 second(s)

2022-02-16 23:44:18 - [MESSAGE][PASSED] - Delayed 2 second(s)

2022-02-16 23:44:18 - [TEST_STEP][PASSED] - for ([i = 0, i < 1, (i++)]): null

2022-02-16 23:44:18 - [TEST_STEP][PASSED] - if (action == "username"): null

2022-02-16 23:44:18 - [TEST_STEP][PASSED] - tap(LOGN_EdtUserID, 0): Tapped on element 'Object Repository/Mobile/Page/Login/Input - UserID'

2022-02-16 23:44:18 - [MESSAGE][WARNING] - Timeout '0' is invalid. Using default page load timeout: '60'

2022-02-16 23:44:18 - [MESSAGE][PASSED] - Tapped on element 'Object Repository/Mobile/Page/Login/Input - UserID'

2022-02-16 23:44:18 - [TEST_STEP][PASSED] - delay(1): Delayed 1 second(s)

2022-02-16 23:44:19 - [MESSAGE][PASSED] - Delayed 1 second(s)

2022-02-16 23:44:19 - [TEST_STEP][PASSED] - setText(LOGN_EdtRdyUserID, "anggaaditya", 0): Text 'anggaaditya' has been set to element 'Object Repository/Mobile/Page/Login/Input Rdy - UserID'

2022-02-16 23:44:19 - [MESSAGE][WARNING] - Timeout '0' is invalid. Using default page load timeout: '60'

2022-02-16 23:44:20 - [MESSAGE][PASSED] - Text 'anggaaditya' has been set to element 'Object Repository/Mobile/Page/Login/Input Rdy - UserID'

2022-02-16 23:44:20 - [TEST_STEP][PASSED] - delay(1): Delayed 1 second(s)

2022-02-16 23:44:21 - [MESSAGE][PASSED] - Delayed 1 second(s)

2022-02-16 23:44:21 - [TEST_STEP][PASSED] - hideKeyboard(): Keyboard is hidden

2022-02-16 23:44:24 - [MESSAGE][PASSED] - Keyboard is hidden

2022-02-16 23:44:24 - [TEST_STEP][PASSED] - tap(LOGN_EdtPassword, 0): Tapped on element 'Object Repository/Mobile/Page/Login/Input - Password'

2022-02-16 23:44:24 - [MESSAGE][WARNING] - Timeout '0' is invalid. Using default page load timeout: '60'

2022-02-16 23:44:25 - [MESSAGE][PASSED] - Tapped on element 'Object Repository/Mobile/Page/Login/Input - Password'

2022-02-16 23:44:25 - [TEST_STEP][PASSED] - delay(1): Delayed 1 second(s)

2022-02-16 23:44:26 - [MESSAGE][PASSED] - Delayed 1 second(s)

2022-02-16 23:44:26 - [TEST_STEP][PASSED] - setText(LOGN_EdtRdyPassword, "Shalawa18", 0): Text 'Shalawa18' has been set to element 'Object Repository/Mobile/Page/Login/Input Rdy - Password'

2022-02-16 23:44:26 - [MESSAGE][WARNING] - Timeout '0' is invalid. Using default page load timeout: '60'

2022-02-16 23:44:26 - [MESSAGE][PASSED] - Text 'Shalawa18' has been set to element 'Object Repository/Mobile/Page/Login/Input Rdy - Password'

2022-02-16 23:44:26 - [TEST_STEP][PASSED] - delay(1): Delayed 1 second(s)

2022-02-16 23:44:27 - [MESSAGE][PASSED] - Delayed 1 second(s)

2022-02-16 23:44:27 - [TEST_STEP][PASSED] - hideKeyboard(): Keyboard is hidden

2022-02-16 23:44:34 - [MESSAGE][PASSED] - Keyboard is hidden

2022-02-16 23:44:34 - [TEST_STEP][PASSED] - tap(LOGN_BtnLogin, 0): Tapped on element 'Object Repository/Mobile/Page/Login/Button - Login'

2022-02-16 23:44:34 - [MESSAGE][WARNING] - Timeout '0' is invalid. Using default page load timeout: '60'

2022-02-16 23:44:34 - [MESSAGE][PASSED] - Tapped on element 'Object Repository/Mobile/Page/Login/Button - Login'

2022-02-16 23:44:34 - [TEST_STEP][PASSED] - delay(2): Delayed 2 second(s)

2022-02-16 23:44:36 - [MESSAGE][PASSED] - Delayed 2 second(s)

2022-02-16 23:44:36 - [TEST_STEP][PASSED] - break: null

2022-02-16 23:44:36 - [MESSAGE][PASSED] - Call Test Case 'Test Cases/Mobile/Page/Login/Login' successfully

2022-02-16 23:44:36 - [MESSAGE][PASSED] - Call Test Case 'Test Cases/Mobile/Page/CheckLogin' successfully

2022-02-16 23:44:36 - [TEST_STEP][PASSED] - tap(HOME_MenubarPortfolio, 0): Tapped on element 'Object Repository/Mobile/Page/Home/Menubar - Portfolio'

2022-02-16 23:44:36 - [MESSAGE][WARNING] - Timeout '0' is invalid. Using default page load timeout: '60'

2022-02-16 23:44:38 - [MESSAGE][PASSED] - Tapped on element 'Object Repository/Mobile/Page/Home/Menubar - Portfolio'

2022-02-16 23:44:38 - [TEST_STEP][PASSED] - delay(1): Delayed 1 second(s)

2022-02-16 23:44:39 - [MESSAGE][PASSED] - Delayed 1 second(s)

2022-02-16 23:44:39 - [TEST_STEP][PASSED] - for ([i = 0, i < 1, (i++)]): Delayed 3 second(s)

2022-02-16 23:44:39 - [TEST_STEP][PASSED] - if (tab == "summary"): null

2022-02-16 23:44:39 - [TEST_STEP][PASSED] - else if (tab == "stock"): Delayed 3 second(s)

2022-02-16 23:44:39 - [TEST_STEP][PASSED] - tap(PORT_TabStock, 0): Tapped on element 'Object Repository/Mobile/Page/Portfolio/Tab - Stock'

2022-02-16 23:44:39 - [MESSAGE][WARNING] - Timeout '0' is invalid. Using default page load timeout: '60'

2022-02-16 23:44:40 - [MESSAGE][PASSED] - Tapped on element 'Object Repository/Mobile/Page/Portfolio/Tab - Stock'

2022-02-16 23:44:40 - [TEST_STEP][PASSED] - scroll.scroll.scrollScreenBottomToTop(): scroll.scroll.scrollScreenBottomToTop is PASSED

2022-02-16 23:44:40 - [MESSAGE][PASSED] - Current device physical height is 1423

2022-02-16 23:44:41 - [MESSAGE][PASSED] - Current device physical width is 720

2022-02-16 23:44:42 - [MESSAGE][PASSED] - Swiped from 360,1,138 to 360,284

2022-02-16 23:44:42 - [MESSAGE][PASSED] - scroll.scroll.scrollScreenBottomToTop is PASSED

2022-02-16 23:44:42 - [TEST_STEP][PASSED] - delay(3): Delayed 3 second(s)

2022-02-16 23:44:45 - [MESSAGE][PASSED] - Delayed 3 second(s)

2022-02-16 23:44:45 - [MESSAGE][PASSED] - Call Test Case 'Test Cases/Mobile/Page/Portfolio/Portfolio' successfully

2022-02-16 23:44:45 - [TEST_STEP][PASSED] - callTestCase(findTestCase("Mobile/Page/Run App/Terminate App"), [:], STOP_ON_FAILURE): Call Test Case 'Test Cases/Mobile/Page/Run App/Terminate App' successfully

2022-02-16 23:44:45 - [TEST_CASE][PASSED] - Test Cases/Mobile/Page/Run App/Terminate App: Test Cases/Mobile/Page/Run App/Terminate App

2022-02-16 23:44:45 - [TEST_STEP][PASSED] - startApp.OpenApp.terminateApplication(): startApp.OpenApp.terminateApplication is PASSED

2022-02-16 23:44:48 - [MESSAGE][PASSED] - Delayed 3 second(s)

2022-02-16 23:44:48 - [MESSAGE][PASSED] - Current device physical width is 720

2022-02-16 23:44:48 - [MESSAGE][PASSED] - Current device physical height is 1423

2022-02-16 23:44:50 - [MESSAGE][PASSED] - Swiped from 360,853 to 360,142

2022-02-16 23:44:51 - [MESSAGE][PASSED] - Delayed 1 second(s)

2022-02-16 23:44:52 - [MESSAGE][PASSED] - Swiped from 360,853 to 360,142

2022-02-16 23:44:55 - [MESSAGE][PASSED] - Delayed 3 second(s)

2022-02-16 23:44:55 - [MESSAGE][PASSED] - startApp.OpenApp.terminateApplication is PASSED

2022-02-16 23:44:55 - [MESSAGE][PASSED] - Call Test Case 'Test Cases/Mobile/Page/Run App/Terminate App' successfully]]></system-out>
         <system-err><![CDATA[]]></system-err>
      </testcase>
      <testcase name="Test Cases/Mobile/Scenario/Portfolio/011 - Melihat list mutual fund" time="61.035" classname="Test Cases/Mobile/Scenario/Portfolio/011 - Melihat list mutual fund" status="PASSED">
         <system-out><![CDATA[2022-02-16 23:44:55 - [TEST_CASE][PASSED] - Test Cases/Mobile/Scenario/Portfolio/011 - Melihat list mutual fund: Test Cases/Mobile/Scenario/Portfolio/011 - Melihat list mutual fund

2022-02-16 23:44:55 - [TEST_STEP][PASSED] - callTestCase(findTestCase("Mobile/Page/Run App/Run App byID"), [:], STOP_ON_FAILURE): Call Test Case 'Test Cases/Mobile/Page/Run App/Run App byID' successfully

2022-02-16 23:44:55 - [TEST_CASE][PASSED] - Test Cases/Mobile/Page/Run App/Run App byID: Test Cases/Mobile/Page/Run App/Run App byID

2022-02-16 23:44:55 - [TEST_STEP][PASSED] - startApp.OpenApp.startApplication("id.co.miraeasset.sageclub"): startApp.OpenApp.startApplication is PASSED

2022-02-16 23:45:08 - [MESSAGE][PASSED] - Starting app with application ID: 'id.co.miraeasset.sageclub'

2022-02-16 23:45:08 - [MESSAGE][PASSED] - startApp.OpenApp.startApplication is PASSED

2022-02-16 23:45:08 - [MESSAGE][PASSED] - Call Test Case 'Test Cases/Mobile/Page/Run App/Run App byID' successfully

2022-02-16 23:45:08 - [TEST_STEP][PASSED] - callTestCase(findTestCase("Mobile/Page/Portfolio/Portfolio"), ["tab":"mutualfund", "action2":"none"], CONTINUE_ON_FAILURE): Call Test Case 'Test Cases/Mobile/Page/Portfolio/Portfolio' successfully

2022-02-16 23:45:08 - [TEST_CASE][PASSED] - Test Cases/Mobile/Page/Portfolio/Portfolio: Test Cases/Mobile/Page/Portfolio/Portfolio

2022-02-16 23:45:08 - [TEST_STEP][PASSED] - callTestCase(findTestCase("Mobile/Page/CheckLogin"), [:], CONTINUE_ON_FAILURE): Call Test Case 'Test Cases/Mobile/Page/CheckLogin' successfully

2022-02-16 23:45:09 - [TEST_CASE][PASSED] - Test Cases/Mobile/Page/CheckLogin: Test Cases/Mobile/Page/CheckLogin

2022-02-16 23:45:09 - [TEST_STEP][PASSED] - loginCheck = verifyElementExist(LOGN_BtnLogin, 5, CONTINUE_ON_FAILURE): Element 'Object Repository/Mobile/Page/Login/Button - Login' is exist

2022-02-16 23:45:11 - [MESSAGE][PASSED] - Element 'Object Repository/Mobile/Page/Login/Button - Login' is exist

2022-02-16 23:45:11 - [TEST_STEP][PASSED] - if (loginCheck): Call Test Case 'Test Cases/Mobile/Page/Login/Login' successfully

2022-02-16 23:45:11 - [TEST_STEP][PASSED] - callTestCase(findTestCase("Mobile/Page/Login/Login"), ["action":"username"], CONTINUE_ON_FAILURE): Call Test Case 'Test Cases/Mobile/Page/Login/Login' successfully

2022-02-16 23:45:11 - [TEST_CASE][PASSED] - Test Cases/Mobile/Page/Login/Login: Test Cases/Mobile/Page/Login/Login

2022-02-16 23:45:11 - [TEST_STEP][PASSED] - delay(2): Delayed 2 second(s)

2022-02-16 23:45:13 - [MESSAGE][PASSED] - Delayed 2 second(s)

2022-02-16 23:45:13 - [TEST_STEP][PASSED] - for ([i = 0, i < 1, (i++)]): null

2022-02-16 23:45:13 - [TEST_STEP][PASSED] - if (action == "username"): null

2022-02-16 23:45:13 - [TEST_STEP][PASSED] - tap(LOGN_EdtUserID, 0): Tapped on element 'Object Repository/Mobile/Page/Login/Input - UserID'

2022-02-16 23:45:13 - [MESSAGE][WARNING] - Timeout '0' is invalid. Using default page load timeout: '60'

2022-02-16 23:45:13 - [MESSAGE][PASSED] - Tapped on element 'Object Repository/Mobile/Page/Login/Input - UserID'

2022-02-16 23:45:13 - [TEST_STEP][PASSED] - delay(1): Delayed 1 second(s)

2022-02-16 23:45:14 - [MESSAGE][PASSED] - Delayed 1 second(s)

2022-02-16 23:45:14 - [TEST_STEP][PASSED] - setText(LOGN_EdtRdyUserID, "anggaaditya", 0): Text 'anggaaditya' has been set to element 'Object Repository/Mobile/Page/Login/Input Rdy - UserID'

2022-02-16 23:45:14 - [MESSAGE][WARNING] - Timeout '0' is invalid. Using default page load timeout: '60'

2022-02-16 23:45:15 - [MESSAGE][PASSED] - Text 'anggaaditya' has been set to element 'Object Repository/Mobile/Page/Login/Input Rdy - UserID'

2022-02-16 23:45:15 - [TEST_STEP][PASSED] - delay(1): Delayed 1 second(s)

2022-02-16 23:45:16 - [MESSAGE][PASSED] - Delayed 1 second(s)

2022-02-16 23:45:16 - [TEST_STEP][PASSED] - hideKeyboard(): Keyboard is hidden

2022-02-16 23:45:19 - [MESSAGE][PASSED] - Keyboard is hidden

2022-02-16 23:45:19 - [TEST_STEP][PASSED] - tap(LOGN_EdtPassword, 0): Tapped on element 'Object Repository/Mobile/Page/Login/Input - Password'

2022-02-16 23:45:19 - [MESSAGE][WARNING] - Timeout '0' is invalid. Using default page load timeout: '60'

2022-02-16 23:45:20 - [MESSAGE][PASSED] - Tapped on element 'Object Repository/Mobile/Page/Login/Input - Password'

2022-02-16 23:45:20 - [TEST_STEP][PASSED] - delay(1): Delayed 1 second(s)

2022-02-16 23:45:21 - [MESSAGE][PASSED] - Delayed 1 second(s)

2022-02-16 23:45:21 - [TEST_STEP][PASSED] - setText(LOGN_EdtRdyPassword, "Shalawa18", 0): Text 'Shalawa18' has been set to element 'Object Repository/Mobile/Page/Login/Input Rdy - Password'

2022-02-16 23:45:21 - [MESSAGE][WARNING] - Timeout '0' is invalid. Using default page load timeout: '60'

2022-02-16 23:45:22 - [MESSAGE][PASSED] - Text 'Shalawa18' has been set to element 'Object Repository/Mobile/Page/Login/Input Rdy - Password'

2022-02-16 23:45:22 - [TEST_STEP][PASSED] - delay(1): Delayed 1 second(s)

2022-02-16 23:45:23 - [MESSAGE][PASSED] - Delayed 1 second(s)

2022-02-16 23:45:23 - [TEST_STEP][PASSED] - hideKeyboard(): Keyboard is hidden

2022-02-16 23:45:29 - [MESSAGE][PASSED] - Keyboard is hidden

2022-02-16 23:45:29 - [TEST_STEP][PASSED] - tap(LOGN_BtnLogin, 0): Tapped on element 'Object Repository/Mobile/Page/Login/Button - Login'

2022-02-16 23:45:29 - [MESSAGE][WARNING] - Timeout '0' is invalid. Using default page load timeout: '60'

2022-02-16 23:45:30 - [MESSAGE][PASSED] - Tapped on element 'Object Repository/Mobile/Page/Login/Button - Login'

2022-02-16 23:45:30 - [TEST_STEP][PASSED] - delay(2): Delayed 2 second(s)

2022-02-16 23:45:32 - [MESSAGE][PASSED] - Delayed 2 second(s)

2022-02-16 23:45:32 - [TEST_STEP][PASSED] - break: null

2022-02-16 23:45:32 - [MESSAGE][PASSED] - Call Test Case 'Test Cases/Mobile/Page/Login/Login' successfully

2022-02-16 23:45:32 - [MESSAGE][PASSED] - Call Test Case 'Test Cases/Mobile/Page/CheckLogin' successfully

2022-02-16 23:45:32 - [TEST_STEP][PASSED] - tap(HOME_MenubarPortfolio, 0): Tapped on element 'Object Repository/Mobile/Page/Home/Menubar - Portfolio'

2022-02-16 23:45:32 - [MESSAGE][WARNING] - Timeout '0' is invalid. Using default page load timeout: '60'

2022-02-16 23:45:33 - [MESSAGE][PASSED] - Tapped on element 'Object Repository/Mobile/Page/Home/Menubar - Portfolio'

2022-02-16 23:45:33 - [TEST_STEP][PASSED] - delay(1): Delayed 1 second(s)

2022-02-16 23:45:34 - [MESSAGE][PASSED] - Delayed 1 second(s)

2022-02-16 23:45:34 - [TEST_STEP][PASSED] - for ([i = 0, i < 1, (i++)]): scroll.scroll.scrollScreenBottomToTop is PASSED

2022-02-16 23:45:34 - [TEST_STEP][PASSED] - if (tab == "summary"): null

2022-02-16 23:45:34 - [TEST_STEP][PASSED] - else if (tab == "stock"): null

2022-02-16 23:45:34 - [TEST_STEP][PASSED] - else if (tab == "mutualfund"): scroll.scroll.scrollScreenBottomToTop is PASSED

2022-02-16 23:45:34 - [TEST_STEP][PASSED] - tap(PORT_TabMutualFund, 0): Tapped on element 'Object Repository/Mobile/Page/Portfolio/Tab - Mutual Fund'

2022-02-16 23:45:34 - [MESSAGE][WARNING] - Timeout '0' is invalid. Using default page load timeout: '60'

2022-02-16 23:45:35 - [MESSAGE][PASSED] - Tapped on element 'Object Repository/Mobile/Page/Portfolio/Tab - Mutual Fund'

2022-02-16 23:45:35 - [TEST_STEP][PASSED] - delay(1): Delayed 1 second(s)

2022-02-16 23:45:36 - [MESSAGE][PASSED] - Delayed 1 second(s)

2022-02-16 23:45:36 - [TEST_STEP][PASSED] - try: scroll.scroll.scrollScreenBottomToTop is PASSED

2022-02-16 23:45:36 - [TEST_STEP][PASSED] - tapAndHold(PORT_ItemTopMutualFund, 1, 10): Tapped and held on element 'Object Repository/Mobile/Page/Portfolio/Item - Top Mutual Fund' with duration 1

2022-02-16 23:45:39 - [MESSAGE][PASSED] - Tapped and held on element 'Object Repository/Mobile/Page/Portfolio/Item - Top Mutual Fund' with duration 1

2022-02-16 23:45:39 - [TEST_STEP][PASSED] - delay(2): Delayed 2 second(s)

2022-02-16 23:45:41 - [MESSAGE][PASSED] - Delayed 2 second(s)

2022-02-16 23:45:41 - [TEST_STEP][PASSED] - switch (action2): null

2022-02-16 23:45:41 - [TEST_STEP][PASSED] - delay(3): Delayed 3 second(s)

2022-02-16 23:45:44 - [MESSAGE][PASSED] - Delayed 3 second(s)

2022-02-16 23:45:44 - [TEST_STEP][PASSED] - scroll.scroll.scrollScreenBottomToTop(): scroll.scroll.scrollScreenBottomToTop is PASSED

2022-02-16 23:45:44 - [MESSAGE][PASSED] - Current device physical height is 1423

2022-02-16 23:45:45 - [MESSAGE][PASSED] - Current device physical width is 720

2022-02-16 23:45:46 - [MESSAGE][PASSED] - Swiped from 360,1,138 to 360,284

2022-02-16 23:45:46 - [MESSAGE][PASSED] - scroll.scroll.scrollScreenBottomToTop is PASSED

2022-02-16 23:45:46 - [MESSAGE][PASSED] - Call Test Case 'Test Cases/Mobile/Page/Portfolio/Portfolio' successfully

2022-02-16 23:45:46 - [TEST_STEP][PASSED] - callTestCase(findTestCase("Mobile/Page/Run App/Terminate App"), [:], STOP_ON_FAILURE): Call Test Case 'Test Cases/Mobile/Page/Run App/Terminate App' successfully

2022-02-16 23:45:46 - [TEST_CASE][PASSED] - Test Cases/Mobile/Page/Run App/Terminate App: Test Cases/Mobile/Page/Run App/Terminate App

2022-02-16 23:45:46 - [TEST_STEP][PASSED] - startApp.OpenApp.terminateApplication(): startApp.OpenApp.terminateApplication is PASSED

2022-02-16 23:45:49 - [MESSAGE][PASSED] - Delayed 3 second(s)

2022-02-16 23:45:49 - [MESSAGE][PASSED] - Current device physical width is 720

2022-02-16 23:45:49 - [MESSAGE][PASSED] - Current device physical height is 1423

2022-02-16 23:45:51 - [MESSAGE][PASSED] - Swiped from 360,853 to 360,142

2022-02-16 23:45:52 - [MESSAGE][PASSED] - Delayed 1 second(s)

2022-02-16 23:45:53 - [MESSAGE][PASSED] - Swiped from 360,853 to 360,142

2022-02-16 23:45:56 - [MESSAGE][PASSED] - Delayed 3 second(s)

2022-02-16 23:45:56 - [MESSAGE][PASSED] - startApp.OpenApp.terminateApplication is PASSED

2022-02-16 23:45:56 - [MESSAGE][PASSED] - Call Test Case 'Test Cases/Mobile/Page/Run App/Terminate App' successfully]]></system-out>
         <system-err><![CDATA[]]></system-err>
      </testcase>
      <testcase name="Test Cases/Mobile/Scenario/Portfolio/012 - Melihat list bond" time="57.866" classname="Test Cases/Mobile/Scenario/Portfolio/012 - Melihat list bond" status="PASSED">
         <system-out><![CDATA[2022-02-16 23:45:56 - [TEST_CASE][PASSED] - Test Cases/Mobile/Scenario/Portfolio/012 - Melihat list bond: Test Cases/Mobile/Scenario/Portfolio/012 - Melihat list bond

2022-02-16 23:45:56 - [TEST_STEP][PASSED] - callTestCase(findTestCase("Mobile/Page/Run App/Run App byID"), [:], STOP_ON_FAILURE): Call Test Case 'Test Cases/Mobile/Page/Run App/Run App byID' successfully

2022-02-16 23:45:57 - [TEST_CASE][PASSED] - Test Cases/Mobile/Page/Run App/Run App byID: Test Cases/Mobile/Page/Run App/Run App byID

2022-02-16 23:45:57 - [TEST_STEP][PASSED] - startApp.OpenApp.startApplication("id.co.miraeasset.sageclub"): startApp.OpenApp.startApplication is PASSED

2022-02-16 23:46:09 - [MESSAGE][PASSED] - Starting app with application ID: 'id.co.miraeasset.sageclub'

2022-02-16 23:46:09 - [MESSAGE][PASSED] - startApp.OpenApp.startApplication is PASSED

2022-02-16 23:46:09 - [MESSAGE][PASSED] - Call Test Case 'Test Cases/Mobile/Page/Run App/Run App byID' successfully

2022-02-16 23:46:09 - [TEST_STEP][PASSED] - callTestCase(findTestCase("Mobile/Page/Portfolio/Portfolio"), ["tab":"stock", "action":"none"], CONTINUE_ON_FAILURE): Call Test Case 'Test Cases/Mobile/Page/Portfolio/Portfolio' successfully

2022-02-16 23:46:09 - [TEST_CASE][PASSED] - Test Cases/Mobile/Page/Portfolio/Portfolio: Test Cases/Mobile/Page/Portfolio/Portfolio

2022-02-16 23:46:09 - [TEST_STEP][PASSED] - callTestCase(findTestCase("Mobile/Page/CheckLogin"), [:], CONTINUE_ON_FAILURE): Call Test Case 'Test Cases/Mobile/Page/CheckLogin' successfully

2022-02-16 23:46:09 - [TEST_CASE][PASSED] - Test Cases/Mobile/Page/CheckLogin: Test Cases/Mobile/Page/CheckLogin

2022-02-16 23:46:09 - [TEST_STEP][PASSED] - loginCheck = verifyElementExist(LOGN_BtnLogin, 5, CONTINUE_ON_FAILURE): Element 'Object Repository/Mobile/Page/Login/Button - Login' is exist

2022-02-16 23:46:11 - [MESSAGE][PASSED] - Element 'Object Repository/Mobile/Page/Login/Button - Login' is exist

2022-02-16 23:46:11 - [TEST_STEP][PASSED] - if (loginCheck): Call Test Case 'Test Cases/Mobile/Page/Login/Login' successfully

2022-02-16 23:46:11 - [TEST_STEP][PASSED] - callTestCase(findTestCase("Mobile/Page/Login/Login"), ["action":"username"], CONTINUE_ON_FAILURE): Call Test Case 'Test Cases/Mobile/Page/Login/Login' successfully

2022-02-16 23:46:11 - [TEST_CASE][PASSED] - Test Cases/Mobile/Page/Login/Login: Test Cases/Mobile/Page/Login/Login

2022-02-16 23:46:11 - [TEST_STEP][PASSED] - delay(2): Delayed 2 second(s)

2022-02-16 23:46:13 - [MESSAGE][PASSED] - Delayed 2 second(s)

2022-02-16 23:46:13 - [TEST_STEP][PASSED] - for ([i = 0, i < 1, (i++)]): null

2022-02-16 23:46:13 - [TEST_STEP][PASSED] - if (action == "username"): null

2022-02-16 23:46:13 - [TEST_STEP][PASSED] - tap(LOGN_EdtUserID, 0): Tapped on element 'Object Repository/Mobile/Page/Login/Input - UserID'

2022-02-16 23:46:13 - [MESSAGE][WARNING] - Timeout '0' is invalid. Using default page load timeout: '60'

2022-02-16 23:46:14 - [MESSAGE][PASSED] - Tapped on element 'Object Repository/Mobile/Page/Login/Input - UserID'

2022-02-16 23:46:14 - [TEST_STEP][PASSED] - delay(1): Delayed 1 second(s)

2022-02-16 23:46:15 - [MESSAGE][PASSED] - Delayed 1 second(s)

2022-02-16 23:46:15 - [TEST_STEP][PASSED] - setText(LOGN_EdtRdyUserID, "anggaaditya", 0): Text 'anggaaditya' has been set to element 'Object Repository/Mobile/Page/Login/Input Rdy - UserID'

2022-02-16 23:46:15 - [MESSAGE][WARNING] - Timeout '0' is invalid. Using default page load timeout: '60'

2022-02-16 23:46:15 - [MESSAGE][PASSED] - Text 'anggaaditya' has been set to element 'Object Repository/Mobile/Page/Login/Input Rdy - UserID'

2022-02-16 23:46:15 - [TEST_STEP][PASSED] - delay(1): Delayed 1 second(s)

2022-02-16 23:46:16 - [MESSAGE][PASSED] - Delayed 1 second(s)

2022-02-16 23:46:16 - [TEST_STEP][PASSED] - hideKeyboard(): Keyboard is hidden

2022-02-16 23:46:21 - [MESSAGE][PASSED] - Keyboard is hidden

2022-02-16 23:46:21 - [TEST_STEP][PASSED] - tap(LOGN_EdtPassword, 0): Tapped on element 'Object Repository/Mobile/Page/Login/Input - Password'

2022-02-16 23:46:21 - [MESSAGE][WARNING] - Timeout '0' is invalid. Using default page load timeout: '60'

2022-02-16 23:46:22 - [MESSAGE][PASSED] - Tapped on element 'Object Repository/Mobile/Page/Login/Input - Password'

2022-02-16 23:46:22 - [TEST_STEP][PASSED] - delay(1): Delayed 1 second(s)

2022-02-16 23:46:23 - [MESSAGE][PASSED] - Delayed 1 second(s)

2022-02-16 23:46:23 - [TEST_STEP][PASSED] - setText(LOGN_EdtRdyPassword, "Shalawa18", 0): Text 'Shalawa18' has been set to element 'Object Repository/Mobile/Page/Login/Input Rdy - Password'

2022-02-16 23:46:23 - [MESSAGE][WARNING] - Timeout '0' is invalid. Using default page load timeout: '60'

2022-02-16 23:46:24 - [MESSAGE][PASSED] - Text 'Shalawa18' has been set to element 'Object Repository/Mobile/Page/Login/Input Rdy - Password'

2022-02-16 23:46:24 - [TEST_STEP][PASSED] - delay(1): Delayed 1 second(s)

2022-02-16 23:46:25 - [MESSAGE][PASSED] - Delayed 1 second(s)

2022-02-16 23:46:25 - [TEST_STEP][PASSED] - hideKeyboard(): Keyboard is hidden

2022-02-16 23:46:32 - [MESSAGE][PASSED] - Keyboard is hidden

2022-02-16 23:46:32 - [TEST_STEP][PASSED] - tap(LOGN_BtnLogin, 0): Tapped on element 'Object Repository/Mobile/Page/Login/Button - Login'

2022-02-16 23:46:32 - [MESSAGE][WARNING] - Timeout '0' is invalid. Using default page load timeout: '60'

2022-02-16 23:46:32 - [MESSAGE][PASSED] - Tapped on element 'Object Repository/Mobile/Page/Login/Button - Login'

2022-02-16 23:46:32 - [TEST_STEP][PASSED] - delay(2): Delayed 2 second(s)

2022-02-16 23:46:34 - [MESSAGE][PASSED] - Delayed 2 second(s)

2022-02-16 23:46:34 - [TEST_STEP][PASSED] - break: null

2022-02-16 23:46:34 - [MESSAGE][PASSED] - Call Test Case 'Test Cases/Mobile/Page/Login/Login' successfully

2022-02-16 23:46:34 - [MESSAGE][PASSED] - Call Test Case 'Test Cases/Mobile/Page/CheckLogin' successfully

2022-02-16 23:46:34 - [TEST_STEP][PASSED] - tap(HOME_MenubarPortfolio, 0): Tapped on element 'Object Repository/Mobile/Page/Home/Menubar - Portfolio'

2022-02-16 23:46:34 - [MESSAGE][WARNING] - Timeout '0' is invalid. Using default page load timeout: '60'

2022-02-16 23:46:37 - [MESSAGE][PASSED] - Tapped on element 'Object Repository/Mobile/Page/Home/Menubar - Portfolio'

2022-02-16 23:46:37 - [TEST_STEP][PASSED] - delay(1): Delayed 1 second(s)

2022-02-16 23:46:38 - [MESSAGE][PASSED] - Delayed 1 second(s)

2022-02-16 23:46:38 - [TEST_STEP][PASSED] - for ([i = 0, i < 1, (i++)]): Delayed 3 second(s)

2022-02-16 23:46:38 - [TEST_STEP][PASSED] - if (tab == "summary"): null

2022-02-16 23:46:38 - [TEST_STEP][PASSED] - else if (tab == "stock"): Delayed 3 second(s)

2022-02-16 23:46:38 - [TEST_STEP][PASSED] - tap(PORT_TabStock, 0): Tapped on element 'Object Repository/Mobile/Page/Portfolio/Tab - Stock'

2022-02-16 23:46:38 - [MESSAGE][WARNING] - Timeout '0' is invalid. Using default page load timeout: '60'

2022-02-16 23:46:39 - [MESSAGE][PASSED] - Tapped on element 'Object Repository/Mobile/Page/Portfolio/Tab - Stock'

2022-02-16 23:46:39 - [TEST_STEP][PASSED] - scroll.scroll.scrollScreenBottomToTop(): scroll.scroll.scrollScreenBottomToTop is PASSED

2022-02-16 23:46:39 - [MESSAGE][PASSED] - Current device physical height is 1423

2022-02-16 23:46:40 - [MESSAGE][PASSED] - Current device physical width is 720

2022-02-16 23:46:41 - [MESSAGE][PASSED] - Swiped from 360,1,138 to 360,284

2022-02-16 23:46:41 - [MESSAGE][PASSED] - scroll.scroll.scrollScreenBottomToTop is PASSED

2022-02-16 23:46:41 - [TEST_STEP][PASSED] - delay(3): Delayed 3 second(s)

2022-02-16 23:46:44 - [MESSAGE][PASSED] - Delayed 3 second(s)

2022-02-16 23:46:44 - [MESSAGE][PASSED] - Call Test Case 'Test Cases/Mobile/Page/Portfolio/Portfolio' successfully

2022-02-16 23:46:44 - [TEST_STEP][PASSED] - callTestCase(findTestCase("Mobile/Page/Run App/Terminate App"), [:], STOP_ON_FAILURE): Call Test Case 'Test Cases/Mobile/Page/Run App/Terminate App' successfully

2022-02-16 23:46:44 - [TEST_CASE][PASSED] - Test Cases/Mobile/Page/Run App/Terminate App: Test Cases/Mobile/Page/Run App/Terminate App

2022-02-16 23:46:44 - [TEST_STEP][PASSED] - startApp.OpenApp.terminateApplication(): startApp.OpenApp.terminateApplication is PASSED

2022-02-16 23:46:47 - [MESSAGE][PASSED] - Delayed 3 second(s)

2022-02-16 23:46:47 - [MESSAGE][PASSED] - Current device physical width is 720

2022-02-16 23:46:47 - [MESSAGE][PASSED] - Current device physical height is 1423

2022-02-16 23:46:49 - [MESSAGE][PASSED] - Swiped from 360,853 to 360,142

2022-02-16 23:46:50 - [MESSAGE][PASSED] - Delayed 1 second(s)

2022-02-16 23:46:51 - [MESSAGE][PASSED] - Swiped from 360,853 to 360,142

2022-02-16 23:46:54 - [MESSAGE][PASSED] - Delayed 3 second(s)

2022-02-16 23:46:54 - [MESSAGE][PASSED] - startApp.OpenApp.terminateApplication is PASSED

2022-02-16 23:46:54 - [MESSAGE][PASSED] - Call Test Case 'Test Cases/Mobile/Page/Run App/Terminate App' successfully]]></system-out>
         <system-err><![CDATA[]]></system-err>
      </testcase>
      <testcase name="Test Cases/Mobile/Scenario/Portfolio/013 - Melihat detail mutual fund 1 month" time="64.192" classname="Test Cases/Mobile/Scenario/Portfolio/013 - Melihat detail mutual fund 1 month" status="PASSED">
         <system-out><![CDATA[2022-02-16 23:46:54 - [TEST_CASE][PASSED] - Test Cases/Mobile/Scenario/Portfolio/013 - Melihat detail mutual fund 1 month: Test Cases/Mobile/Scenario/Portfolio/013 - Melihat detail mutual fund 1 month

2022-02-16 23:46:54 - [TEST_STEP][PASSED] - callTestCase(findTestCase("Mobile/Page/Run App/Run App byID"), [:], STOP_ON_FAILURE): Call Test Case 'Test Cases/Mobile/Page/Run App/Run App byID' successfully

2022-02-16 23:46:54 - [TEST_CASE][PASSED] - Test Cases/Mobile/Page/Run App/Run App byID: Test Cases/Mobile/Page/Run App/Run App byID

2022-02-16 23:46:54 - [TEST_STEP][PASSED] - startApp.OpenApp.startApplication("id.co.miraeasset.sageclub"): startApp.OpenApp.startApplication is PASSED

2022-02-16 23:47:07 - [MESSAGE][PASSED] - Starting app with application ID: 'id.co.miraeasset.sageclub'

2022-02-16 23:47:07 - [MESSAGE][PASSED] - startApp.OpenApp.startApplication is PASSED

2022-02-16 23:47:07 - [MESSAGE][PASSED] - Call Test Case 'Test Cases/Mobile/Page/Run App/Run App byID' successfully

2022-02-16 23:47:07 - [TEST_STEP][PASSED] - callTestCase(findTestCase("Mobile/Page/Portfolio/Portfolio"), ["tab":"mutualfund", "action2":"1 month"], CONTINUE_ON_FAILURE): Call Test Case 'Test Cases/Mobile/Page/Portfolio/Portfolio' successfully

2022-02-16 23:47:08 - [TEST_CASE][PASSED] - Test Cases/Mobile/Page/Portfolio/Portfolio: Test Cases/Mobile/Page/Portfolio/Portfolio

2022-02-16 23:47:08 - [TEST_STEP][PASSED] - callTestCase(findTestCase("Mobile/Page/CheckLogin"), [:], CONTINUE_ON_FAILURE): Call Test Case 'Test Cases/Mobile/Page/CheckLogin' successfully

2022-02-16 23:47:08 - [TEST_CASE][PASSED] - Test Cases/Mobile/Page/CheckLogin: Test Cases/Mobile/Page/CheckLogin

2022-02-16 23:47:08 - [TEST_STEP][PASSED] - loginCheck = verifyElementExist(LOGN_BtnLogin, 5, CONTINUE_ON_FAILURE): Element 'Object Repository/Mobile/Page/Login/Button - Login' is exist

2022-02-16 23:47:09 - [MESSAGE][PASSED] - Element 'Object Repository/Mobile/Page/Login/Button - Login' is exist

2022-02-16 23:47:09 - [TEST_STEP][PASSED] - if (loginCheck): Call Test Case 'Test Cases/Mobile/Page/Login/Login' successfully

2022-02-16 23:47:09 - [TEST_STEP][PASSED] - callTestCase(findTestCase("Mobile/Page/Login/Login"), ["action":"username"], CONTINUE_ON_FAILURE): Call Test Case 'Test Cases/Mobile/Page/Login/Login' successfully

2022-02-16 23:47:09 - [TEST_CASE][PASSED] - Test Cases/Mobile/Page/Login/Login: Test Cases/Mobile/Page/Login/Login

2022-02-16 23:47:09 - [TEST_STEP][PASSED] - delay(2): Delayed 2 second(s)

2022-02-16 23:47:11 - [MESSAGE][PASSED] - Delayed 2 second(s)

2022-02-16 23:47:11 - [TEST_STEP][PASSED] - for ([i = 0, i < 1, (i++)]): null

2022-02-16 23:47:11 - [TEST_STEP][PASSED] - if (action == "username"): null

2022-02-16 23:47:11 - [TEST_STEP][PASSED] - tap(LOGN_EdtUserID, 0): Tapped on element 'Object Repository/Mobile/Page/Login/Input - UserID'

2022-02-16 23:47:11 - [MESSAGE][WARNING] - Timeout '0' is invalid. Using default page load timeout: '60'

2022-02-16 23:47:12 - [MESSAGE][PASSED] - Tapped on element 'Object Repository/Mobile/Page/Login/Input - UserID'

2022-02-16 23:47:12 - [TEST_STEP][PASSED] - delay(1): Delayed 1 second(s)

2022-02-16 23:47:13 - [MESSAGE][PASSED] - Delayed 1 second(s)

2022-02-16 23:47:13 - [TEST_STEP][PASSED] - setText(LOGN_EdtRdyUserID, "anggaaditya", 0): Text 'anggaaditya' has been set to element 'Object Repository/Mobile/Page/Login/Input Rdy - UserID'

2022-02-16 23:47:13 - [MESSAGE][WARNING] - Timeout '0' is invalid. Using default page load timeout: '60'

2022-02-16 23:47:14 - [MESSAGE][PASSED] - Text 'anggaaditya' has been set to element 'Object Repository/Mobile/Page/Login/Input Rdy - UserID'

2022-02-16 23:47:14 - [TEST_STEP][PASSED] - delay(1): Delayed 1 second(s)

2022-02-16 23:47:15 - [MESSAGE][PASSED] - Delayed 1 second(s)

2022-02-16 23:47:15 - [TEST_STEP][PASSED] - hideKeyboard(): Keyboard is hidden

2022-02-16 23:47:18 - [MESSAGE][PASSED] - Keyboard is hidden

2022-02-16 23:47:18 - [TEST_STEP][PASSED] - tap(LOGN_EdtPassword, 0): Tapped on element 'Object Repository/Mobile/Page/Login/Input - Password'

2022-02-16 23:47:18 - [MESSAGE][WARNING] - Timeout '0' is invalid. Using default page load timeout: '60'

2022-02-16 23:47:19 - [MESSAGE][PASSED] - Tapped on element 'Object Repository/Mobile/Page/Login/Input - Password'

2022-02-16 23:47:19 - [TEST_STEP][PASSED] - delay(1): Delayed 1 second(s)

2022-02-16 23:47:20 - [MESSAGE][PASSED] - Delayed 1 second(s)

2022-02-16 23:47:20 - [TEST_STEP][PASSED] - setText(LOGN_EdtRdyPassword, "Shalawa18", 0): Text 'Shalawa18' has been set to element 'Object Repository/Mobile/Page/Login/Input Rdy - Password'

2022-02-16 23:47:20 - [MESSAGE][WARNING] - Timeout '0' is invalid. Using default page load timeout: '60'

2022-02-16 23:47:20 - [MESSAGE][PASSED] - Text 'Shalawa18' has been set to element 'Object Repository/Mobile/Page/Login/Input Rdy - Password'

2022-02-16 23:47:20 - [TEST_STEP][PASSED] - delay(1): Delayed 1 second(s)

2022-02-16 23:47:21 - [MESSAGE][PASSED] - Delayed 1 second(s)

2022-02-16 23:47:21 - [TEST_STEP][PASSED] - hideKeyboard(): Keyboard is hidden

2022-02-16 23:47:28 - [MESSAGE][PASSED] - Keyboard is hidden

2022-02-16 23:47:28 - [TEST_STEP][PASSED] - tap(LOGN_BtnLogin, 0): Tapped on element 'Object Repository/Mobile/Page/Login/Button - Login'

2022-02-16 23:47:28 - [MESSAGE][WARNING] - Timeout '0' is invalid. Using default page load timeout: '60'

2022-02-16 23:47:29 - [MESSAGE][PASSED] - Tapped on element 'Object Repository/Mobile/Page/Login/Button - Login'

2022-02-16 23:47:29 - [TEST_STEP][PASSED] - delay(2): Delayed 2 second(s)

2022-02-16 23:47:31 - [MESSAGE][PASSED] - Delayed 2 second(s)

2022-02-16 23:47:31 - [TEST_STEP][PASSED] - break: null

2022-02-16 23:47:31 - [MESSAGE][PASSED] - Call Test Case 'Test Cases/Mobile/Page/Login/Login' successfully

2022-02-16 23:47:31 - [MESSAGE][PASSED] - Call Test Case 'Test Cases/Mobile/Page/CheckLogin' successfully

2022-02-16 23:47:31 - [TEST_STEP][PASSED] - tap(HOME_MenubarPortfolio, 0): Tapped on element 'Object Repository/Mobile/Page/Home/Menubar - Portfolio'

2022-02-16 23:47:31 - [MESSAGE][WARNING] - Timeout '0' is invalid. Using default page load timeout: '60'

2022-02-16 23:47:33 - [MESSAGE][PASSED] - Tapped on element 'Object Repository/Mobile/Page/Home/Menubar - Portfolio'

2022-02-16 23:47:33 - [TEST_STEP][PASSED] - delay(1): Delayed 1 second(s)

2022-02-16 23:47:34 - [MESSAGE][PASSED] - Delayed 1 second(s)

2022-02-16 23:47:34 - [TEST_STEP][PASSED] - for ([i = 0, i < 1, (i++)]): scroll.scroll.scrollScreenBottomToTop is PASSED

2022-02-16 23:47:34 - [TEST_STEP][PASSED] - if (tab == "summary"): null

2022-02-16 23:47:34 - [TEST_STEP][PASSED] - else if (tab == "stock"): null

2022-02-16 23:47:34 - [TEST_STEP][PASSED] - else if (tab == "mutualfund"): scroll.scroll.scrollScreenBottomToTop is PASSED

2022-02-16 23:47:34 - [TEST_STEP][PASSED] - tap(PORT_TabMutualFund, 0): Tapped on element 'Object Repository/Mobile/Page/Portfolio/Tab - Mutual Fund'

2022-02-16 23:47:34 - [MESSAGE][WARNING] - Timeout '0' is invalid. Using default page load timeout: '60'

2022-02-16 23:47:35 - [MESSAGE][PASSED] - Tapped on element 'Object Repository/Mobile/Page/Portfolio/Tab - Mutual Fund'

2022-02-16 23:47:35 - [TEST_STEP][PASSED] - delay(1): Delayed 1 second(s)

2022-02-16 23:47:36 - [MESSAGE][PASSED] - Delayed 1 second(s)

2022-02-16 23:47:36 - [TEST_STEP][PASSED] - try: scroll.scroll.scrollScreenBottomToTop is PASSED

2022-02-16 23:47:36 - [TEST_STEP][PASSED] - tapAndHold(PORT_ItemTopMutualFund, 1, 10): Tapped and held on element 'Object Repository/Mobile/Page/Portfolio/Item - Top Mutual Fund' with duration 1

2022-02-16 23:47:38 - [MESSAGE][PASSED] - Tapped and held on element 'Object Repository/Mobile/Page/Portfolio/Item - Top Mutual Fund' with duration 1

2022-02-16 23:47:38 - [TEST_STEP][PASSED] - delay(2): Delayed 2 second(s)

2022-02-16 23:47:40 - [MESSAGE][PASSED] - Delayed 2 second(s)

2022-02-16 23:47:40 - [TEST_STEP][PASSED] - switch (action2): null

2022-02-16 23:47:40 - [TEST_STEP][PASSED] - case "1 month":: null

2022-02-16 23:47:40 - [TEST_STEP][PASSED] - tapAndHold(PORT_DETL_Btn1Month, 1, 0): Tapped and held on element 'Object Repository/Mobile/Page/Portfolio/Detail Mutual Funds/Button - 1 Month' with duration 1

2022-02-16 23:47:40 - [MESSAGE][WARNING] - Timeout '0' is invalid. Using default page load timeout: '60'

2022-02-16 23:47:43 - [MESSAGE][PASSED] - Tapped and held on element 'Object Repository/Mobile/Page/Portfolio/Detail Mutual Funds/Button - 1 Month' with duration 1

2022-02-16 23:47:43 - [TEST_STEP][PASSED] - break: null

2022-02-16 23:47:43 - [TEST_STEP][PASSED] - delay(3): Delayed 3 second(s)

2022-02-16 23:47:46 - [MESSAGE][PASSED] - Delayed 3 second(s)

2022-02-16 23:47:46 - [TEST_STEP][PASSED] - scroll.scroll.scrollScreenBottomToTop(): scroll.scroll.scrollScreenBottomToTop is PASSED

2022-02-16 23:47:47 - [MESSAGE][PASSED] - Current device physical height is 1423

2022-02-16 23:47:47 - [MESSAGE][PASSED] - Current device physical width is 720

2022-02-16 23:47:48 - [MESSAGE][PASSED] - Swiped from 360,1,138 to 360,284

2022-02-16 23:47:48 - [MESSAGE][PASSED] - scroll.scroll.scrollScreenBottomToTop is PASSED

2022-02-16 23:47:48 - [MESSAGE][PASSED] - Call Test Case 'Test Cases/Mobile/Page/Portfolio/Portfolio' successfully

2022-02-16 23:47:48 - [TEST_STEP][PASSED] - callTestCase(findTestCase("Mobile/Page/Run App/Terminate App"), [:], STOP_ON_FAILURE): Call Test Case 'Test Cases/Mobile/Page/Run App/Terminate App' successfully

2022-02-16 23:47:48 - [TEST_CASE][PASSED] - Test Cases/Mobile/Page/Run App/Terminate App: Test Cases/Mobile/Page/Run App/Terminate App

2022-02-16 23:47:48 - [TEST_STEP][PASSED] - startApp.OpenApp.terminateApplication(): startApp.OpenApp.terminateApplication is PASSED

2022-02-16 23:47:51 - [MESSAGE][PASSED] - Delayed 3 second(s)

2022-02-16 23:47:51 - [MESSAGE][PASSED] - Current device physical width is 720

2022-02-16 23:47:52 - [MESSAGE][PASSED] - Current device physical height is 1423

2022-02-16 23:47:53 - [MESSAGE][PASSED] - Swiped from 360,853 to 360,142

2022-02-16 23:47:54 - [MESSAGE][PASSED] - Delayed 1 second(s)

2022-02-16 23:47:55 - [MESSAGE][PASSED] - Swiped from 360,853 to 360,142

2022-02-16 23:47:58 - [MESSAGE][PASSED] - Delayed 3 second(s)

2022-02-16 23:47:58 - [MESSAGE][PASSED] - startApp.OpenApp.terminateApplication is PASSED

2022-02-16 23:47:58 - [MESSAGE][PASSED] - Call Test Case 'Test Cases/Mobile/Page/Run App/Terminate App' successfully]]></system-out>
         <system-err><![CDATA[]]></system-err>
      </testcase>
      <testcase name="Test Cases/Mobile/Scenario/Portfolio/014 - Melihat detail mutual fund 3 month" time="66.029" classname="Test Cases/Mobile/Scenario/Portfolio/014 - Melihat detail mutual fund 3 month" status="PASSED">
         <system-out><![CDATA[2022-02-16 23:47:58 - [TEST_CASE][PASSED] - Test Cases/Mobile/Scenario/Portfolio/014 - Melihat detail mutual fund 3 month: Test Cases/Mobile/Scenario/Portfolio/014 - Melihat detail mutual fund 3 month

2022-02-16 23:47:59 - [TEST_STEP][PASSED] - callTestCase(findTestCase("Mobile/Page/Run App/Run App byID"), [:], STOP_ON_FAILURE): Call Test Case 'Test Cases/Mobile/Page/Run App/Run App byID' successfully

2022-02-16 23:47:59 - [TEST_CASE][PASSED] - Test Cases/Mobile/Page/Run App/Run App byID: Test Cases/Mobile/Page/Run App/Run App byID

2022-02-16 23:47:59 - [TEST_STEP][PASSED] - startApp.OpenApp.startApplication("id.co.miraeasset.sageclub"): startApp.OpenApp.startApplication is PASSED

2022-02-16 23:48:13 - [MESSAGE][PASSED] - Starting app with application ID: 'id.co.miraeasset.sageclub'

2022-02-16 23:48:13 - [MESSAGE][PASSED] - startApp.OpenApp.startApplication is PASSED

2022-02-16 23:48:13 - [MESSAGE][PASSED] - Call Test Case 'Test Cases/Mobile/Page/Run App/Run App byID' successfully

2022-02-16 23:48:13 - [TEST_STEP][PASSED] - callTestCase(findTestCase("Mobile/Page/Portfolio/Portfolio"), ["tab":"mutualfund", "action2":"3 month"], CONTINUE_ON_FAILURE): Call Test Case 'Test Cases/Mobile/Page/Portfolio/Portfolio' successfully

2022-02-16 23:48:13 - [TEST_CASE][PASSED] - Test Cases/Mobile/Page/Portfolio/Portfolio: Test Cases/Mobile/Page/Portfolio/Portfolio

2022-02-16 23:48:13 - [TEST_STEP][PASSED] - callTestCase(findTestCase("Mobile/Page/CheckLogin"), [:], CONTINUE_ON_FAILURE): Call Test Case 'Test Cases/Mobile/Page/CheckLogin' successfully

2022-02-16 23:48:13 - [TEST_CASE][PASSED] - Test Cases/Mobile/Page/CheckLogin: Test Cases/Mobile/Page/CheckLogin

2022-02-16 23:48:13 - [TEST_STEP][PASSED] - loginCheck = verifyElementExist(LOGN_BtnLogin, 5, CONTINUE_ON_FAILURE): Element 'Object Repository/Mobile/Page/Login/Button - Login' is exist

2022-02-16 23:48:15 - [MESSAGE][PASSED] - Element 'Object Repository/Mobile/Page/Login/Button - Login' is exist

2022-02-16 23:48:15 - [TEST_STEP][PASSED] - if (loginCheck): Call Test Case 'Test Cases/Mobile/Page/Login/Login' successfully

2022-02-16 23:48:15 - [TEST_STEP][PASSED] - callTestCase(findTestCase("Mobile/Page/Login/Login"), ["action":"username"], CONTINUE_ON_FAILURE): Call Test Case 'Test Cases/Mobile/Page/Login/Login' successfully

2022-02-16 23:48:15 - [TEST_CASE][PASSED] - Test Cases/Mobile/Page/Login/Login: Test Cases/Mobile/Page/Login/Login

2022-02-16 23:48:15 - [TEST_STEP][PASSED] - delay(2): Delayed 2 second(s)

2022-02-16 23:48:17 - [MESSAGE][PASSED] - Delayed 2 second(s)

2022-02-16 23:48:17 - [TEST_STEP][PASSED] - for ([i = 0, i < 1, (i++)]): null

2022-02-16 23:48:17 - [TEST_STEP][PASSED] - if (action == "username"): null

2022-02-16 23:48:17 - [TEST_STEP][PASSED] - tap(LOGN_EdtUserID, 0): Tapped on element 'Object Repository/Mobile/Page/Login/Input - UserID'

2022-02-16 23:48:17 - [MESSAGE][WARNING] - Timeout '0' is invalid. Using default page load timeout: '60'

2022-02-16 23:48:18 - [MESSAGE][PASSED] - Tapped on element 'Object Repository/Mobile/Page/Login/Input - UserID'

2022-02-16 23:48:18 - [TEST_STEP][PASSED] - delay(1): Delayed 1 second(s)

2022-02-16 23:48:19 - [MESSAGE][PASSED] - Delayed 1 second(s)

2022-02-16 23:48:19 - [TEST_STEP][PASSED] - setText(LOGN_EdtRdyUserID, "anggaaditya", 0): Text 'anggaaditya' has been set to element 'Object Repository/Mobile/Page/Login/Input Rdy - UserID'

2022-02-16 23:48:19 - [MESSAGE][WARNING] - Timeout '0' is invalid. Using default page load timeout: '60'

2022-02-16 23:48:20 - [MESSAGE][PASSED] - Text 'anggaaditya' has been set to element 'Object Repository/Mobile/Page/Login/Input Rdy - UserID'

2022-02-16 23:48:20 - [TEST_STEP][PASSED] - delay(1): Delayed 1 second(s)

2022-02-16 23:48:21 - [MESSAGE][PASSED] - Delayed 1 second(s)

2022-02-16 23:48:21 - [TEST_STEP][PASSED] - hideKeyboard(): Keyboard is hidden

2022-02-16 23:48:24 - [MESSAGE][PASSED] - Keyboard is hidden

2022-02-16 23:48:24 - [TEST_STEP][PASSED] - tap(LOGN_EdtPassword, 0): Tapped on element 'Object Repository/Mobile/Page/Login/Input - Password'

2022-02-16 23:48:24 - [MESSAGE][WARNING] - Timeout '0' is invalid. Using default page load timeout: '60'

2022-02-16 23:48:25 - [MESSAGE][PASSED] - Tapped on element 'Object Repository/Mobile/Page/Login/Input - Password'

2022-02-16 23:48:25 - [TEST_STEP][PASSED] - delay(1): Delayed 1 second(s)

2022-02-16 23:48:26 - [MESSAGE][PASSED] - Delayed 1 second(s)

2022-02-16 23:48:26 - [TEST_STEP][PASSED] - setText(LOGN_EdtRdyPassword, "Shalawa18", 0): Text 'Shalawa18' has been set to element 'Object Repository/Mobile/Page/Login/Input Rdy - Password'

2022-02-16 23:48:26 - [MESSAGE][WARNING] - Timeout '0' is invalid. Using default page load timeout: '60'

2022-02-16 23:48:26 - [MESSAGE][PASSED] - Text 'Shalawa18' has been set to element 'Object Repository/Mobile/Page/Login/Input Rdy - Password'

2022-02-16 23:48:26 - [TEST_STEP][PASSED] - delay(1): Delayed 1 second(s)

2022-02-16 23:48:27 - [MESSAGE][PASSED] - Delayed 1 second(s)

2022-02-16 23:48:27 - [TEST_STEP][PASSED] - hideKeyboard(): Keyboard is hidden

2022-02-16 23:48:34 - [MESSAGE][PASSED] - Keyboard is hidden

2022-02-16 23:48:34 - [TEST_STEP][PASSED] - tap(LOGN_BtnLogin, 0): Tapped on element 'Object Repository/Mobile/Page/Login/Button - Login'

2022-02-16 23:48:34 - [MESSAGE][WARNING] - Timeout '0' is invalid. Using default page load timeout: '60'

2022-02-16 23:48:35 - [MESSAGE][PASSED] - Tapped on element 'Object Repository/Mobile/Page/Login/Button - Login'

2022-02-16 23:48:35 - [TEST_STEP][PASSED] - delay(2): Delayed 2 second(s)

2022-02-16 23:48:37 - [MESSAGE][PASSED] - Delayed 2 second(s)

2022-02-16 23:48:37 - [TEST_STEP][PASSED] - break: null

2022-02-16 23:48:37 - [MESSAGE][PASSED] - Call Test Case 'Test Cases/Mobile/Page/Login/Login' successfully

2022-02-16 23:48:37 - [MESSAGE][PASSED] - Call Test Case 'Test Cases/Mobile/Page/CheckLogin' successfully

2022-02-16 23:48:37 - [TEST_STEP][PASSED] - tap(HOME_MenubarPortfolio, 0): Tapped on element 'Object Repository/Mobile/Page/Home/Menubar - Portfolio'

2022-02-16 23:48:37 - [MESSAGE][WARNING] - Timeout '0' is invalid. Using default page load timeout: '60'

2022-02-16 23:48:38 - [MESSAGE][PASSED] - Tapped on element 'Object Repository/Mobile/Page/Home/Menubar - Portfolio'

2022-02-16 23:48:38 - [TEST_STEP][PASSED] - delay(1): Delayed 1 second(s)

2022-02-16 23:48:39 - [MESSAGE][PASSED] - Delayed 1 second(s)

2022-02-16 23:48:39 - [TEST_STEP][PASSED] - for ([i = 0, i < 1, (i++)]): scroll.scroll.scrollScreenBottomToTop is PASSED

2022-02-16 23:48:39 - [TEST_STEP][PASSED] - if (tab == "summary"): null

2022-02-16 23:48:39 - [TEST_STEP][PASSED] - else if (tab == "stock"): null

2022-02-16 23:48:39 - [TEST_STEP][PASSED] - else if (tab == "mutualfund"): scroll.scroll.scrollScreenBottomToTop is PASSED

2022-02-16 23:48:39 - [TEST_STEP][PASSED] - tap(PORT_TabMutualFund, 0): Tapped on element 'Object Repository/Mobile/Page/Portfolio/Tab - Mutual Fund'

2022-02-16 23:48:39 - [MESSAGE][WARNING] - Timeout '0' is invalid. Using default page load timeout: '60'

2022-02-16 23:48:41 - [MESSAGE][PASSED] - Tapped on element 'Object Repository/Mobile/Page/Portfolio/Tab - Mutual Fund'

2022-02-16 23:48:41 - [TEST_STEP][PASSED] - delay(1): Delayed 1 second(s)

2022-02-16 23:48:42 - [MESSAGE][PASSED] - Delayed 1 second(s)

2022-02-16 23:48:42 - [TEST_STEP][PASSED] - try: scroll.scroll.scrollScreenBottomToTop is PASSED

2022-02-16 23:48:42 - [TEST_STEP][PASSED] - tapAndHold(PORT_ItemTopMutualFund, 1, 10): Tapped and held on element 'Object Repository/Mobile/Page/Portfolio/Item - Top Mutual Fund' with duration 1

2022-02-16 23:48:44 - [MESSAGE][PASSED] - Tapped and held on element 'Object Repository/Mobile/Page/Portfolio/Item - Top Mutual Fund' with duration 1

2022-02-16 23:48:44 - [TEST_STEP][PASSED] - delay(2): Delayed 2 second(s)

2022-02-16 23:48:46 - [MESSAGE][PASSED] - Delayed 2 second(s)

2022-02-16 23:48:46 - [TEST_STEP][PASSED] - switch (action2): null

2022-02-16 23:48:46 - [TEST_STEP][PASSED] - case "3 month":: null

2022-02-16 23:48:46 - [TEST_STEP][PASSED] - tapAndHold(PORT_DETL_Btn3Month, 1, 0): Tapped and held on element 'Object Repository/Mobile/Page/Portfolio/Detail Mutual Funds/Button - 3 Month' with duration 1

2022-02-16 23:48:46 - [MESSAGE][WARNING] - Timeout '0' is invalid. Using default page load timeout: '60'

2022-02-16 23:48:49 - [MESSAGE][PASSED] - Tapped and held on element 'Object Repository/Mobile/Page/Portfolio/Detail Mutual Funds/Button - 3 Month' with duration 1

2022-02-16 23:48:49 - [TEST_STEP][PASSED] - break: null

2022-02-16 23:48:49 - [TEST_STEP][PASSED] - delay(3): Delayed 3 second(s)

2022-02-16 23:48:52 - [MESSAGE][PASSED] - Delayed 3 second(s)

2022-02-16 23:48:52 - [TEST_STEP][PASSED] - scroll.scroll.scrollScreenBottomToTop(): scroll.scroll.scrollScreenBottomToTop is PASSED

2022-02-16 23:48:53 - [MESSAGE][PASSED] - Current device physical height is 1423

2022-02-16 23:48:53 - [MESSAGE][PASSED] - Current device physical width is 720

2022-02-16 23:48:54 - [MESSAGE][PASSED] - Swiped from 360,1,138 to 360,284

2022-02-16 23:48:54 - [MESSAGE][PASSED] - scroll.scroll.scrollScreenBottomToTop is PASSED

2022-02-16 23:48:54 - [MESSAGE][PASSED] - Call Test Case 'Test Cases/Mobile/Page/Portfolio/Portfolio' successfully

2022-02-16 23:48:54 - [TEST_STEP][PASSED] - callTestCase(findTestCase("Mobile/Page/Run App/Terminate App"), [:], STOP_ON_FAILURE): Call Test Case 'Test Cases/Mobile/Page/Run App/Terminate App' successfully

2022-02-16 23:48:54 - [TEST_CASE][PASSED] - Test Cases/Mobile/Page/Run App/Terminate App: Test Cases/Mobile/Page/Run App/Terminate App

2022-02-16 23:48:54 - [TEST_STEP][PASSED] - startApp.OpenApp.terminateApplication(): startApp.OpenApp.terminateApplication is PASSED

2022-02-16 23:48:57 - [MESSAGE][PASSED] - Delayed 3 second(s)

2022-02-16 23:48:57 - [MESSAGE][PASSED] - Current device physical width is 720

2022-02-16 23:48:58 - [MESSAGE][PASSED] - Current device physical height is 1423

2022-02-16 23:48:59 - [MESSAGE][PASSED] - Swiped from 360,853 to 360,142

2022-02-16 23:49:00 - [MESSAGE][PASSED] - Delayed 1 second(s)

2022-02-16 23:49:01 - [MESSAGE][PASSED] - Swiped from 360,853 to 360,142

2022-02-16 23:49:04 - [MESSAGE][PASSED] - Delayed 3 second(s)

2022-02-16 23:49:04 - [MESSAGE][PASSED] - startApp.OpenApp.terminateApplication is PASSED

2022-02-16 23:49:04 - [MESSAGE][PASSED] - Call Test Case 'Test Cases/Mobile/Page/Run App/Terminate App' successfully]]></system-out>
         <system-err><![CDATA[]]></system-err>
      </testcase>
      <testcase name="Test Cases/Mobile/Scenario/Portfolio/015 - Melihat detail mutual fund 6 month" time="68.09" classname="Test Cases/Mobile/Scenario/Portfolio/015 - Melihat detail mutual fund 6 month" status="PASSED">
         <system-out><![CDATA[2022-02-16 23:49:04 - [TEST_CASE][PASSED] - Test Cases/Mobile/Scenario/Portfolio/015 - Melihat detail mutual fund 6 month: Test Cases/Mobile/Scenario/Portfolio/015 - Melihat detail mutual fund 6 month

2022-02-16 23:49:05 - [TEST_STEP][PASSED] - callTestCase(findTestCase("Mobile/Page/Run App/Run App byID"), [:], STOP_ON_FAILURE): Call Test Case 'Test Cases/Mobile/Page/Run App/Run App byID' successfully

2022-02-16 23:49:05 - [TEST_CASE][PASSED] - Test Cases/Mobile/Page/Run App/Run App byID: Test Cases/Mobile/Page/Run App/Run App byID

2022-02-16 23:49:05 - [TEST_STEP][PASSED] - startApp.OpenApp.startApplication("id.co.miraeasset.sageclub"): startApp.OpenApp.startApplication is PASSED

2022-02-16 23:49:17 - [MESSAGE][PASSED] - Starting app with application ID: 'id.co.miraeasset.sageclub'

2022-02-16 23:49:17 - [MESSAGE][PASSED] - startApp.OpenApp.startApplication is PASSED

2022-02-16 23:49:17 - [MESSAGE][PASSED] - Call Test Case 'Test Cases/Mobile/Page/Run App/Run App byID' successfully

2022-02-16 23:49:17 - [TEST_STEP][PASSED] - callTestCase(findTestCase("Mobile/Page/Portfolio/Portfolio"), ["tab":"mutualfund", "action2":"6 month"], CONTINUE_ON_FAILURE): Call Test Case 'Test Cases/Mobile/Page/Portfolio/Portfolio' successfully

2022-02-16 23:49:18 - [TEST_CASE][PASSED] - Test Cases/Mobile/Page/Portfolio/Portfolio: Test Cases/Mobile/Page/Portfolio/Portfolio

2022-02-16 23:49:18 - [TEST_STEP][PASSED] - callTestCase(findTestCase("Mobile/Page/CheckLogin"), [:], CONTINUE_ON_FAILURE): Call Test Case 'Test Cases/Mobile/Page/CheckLogin' successfully

2022-02-16 23:49:18 - [TEST_CASE][PASSED] - Test Cases/Mobile/Page/CheckLogin: Test Cases/Mobile/Page/CheckLogin

2022-02-16 23:49:18 - [TEST_STEP][PASSED] - loginCheck = verifyElementExist(LOGN_BtnLogin, 5, CONTINUE_ON_FAILURE): Element 'Object Repository/Mobile/Page/Login/Button - Login' is exist

2022-02-16 23:49:19 - [MESSAGE][PASSED] - Element 'Object Repository/Mobile/Page/Login/Button - Login' is exist

2022-02-16 23:49:19 - [TEST_STEP][PASSED] - if (loginCheck): Call Test Case 'Test Cases/Mobile/Page/Login/Login' successfully

2022-02-16 23:49:19 - [TEST_STEP][PASSED] - callTestCase(findTestCase("Mobile/Page/Login/Login"), ["action":"username"], CONTINUE_ON_FAILURE): Call Test Case 'Test Cases/Mobile/Page/Login/Login' successfully

2022-02-16 23:49:20 - [TEST_CASE][PASSED] - Test Cases/Mobile/Page/Login/Login: Test Cases/Mobile/Page/Login/Login

2022-02-16 23:49:20 - [TEST_STEP][PASSED] - delay(2): Delayed 2 second(s)

2022-02-16 23:49:22 - [MESSAGE][PASSED] - Delayed 2 second(s)

2022-02-16 23:49:22 - [TEST_STEP][PASSED] - for ([i = 0, i < 1, (i++)]): null

2022-02-16 23:49:22 - [TEST_STEP][PASSED] - if (action == "username"): null

2022-02-16 23:49:22 - [TEST_STEP][PASSED] - tap(LOGN_EdtUserID, 0): Tapped on element 'Object Repository/Mobile/Page/Login/Input - UserID'

2022-02-16 23:49:22 - [MESSAGE][WARNING] - Timeout '0' is invalid. Using default page load timeout: '60'

2022-02-16 23:49:22 - [MESSAGE][PASSED] - Tapped on element 'Object Repository/Mobile/Page/Login/Input - UserID'

2022-02-16 23:49:22 - [TEST_STEP][PASSED] - delay(1): Delayed 1 second(s)

2022-02-16 23:49:23 - [MESSAGE][PASSED] - Delayed 1 second(s)

2022-02-16 23:49:23 - [TEST_STEP][PASSED] - setText(LOGN_EdtRdyUserID, "anggaaditya", 0): Text 'anggaaditya' has been set to element 'Object Repository/Mobile/Page/Login/Input Rdy - UserID'

2022-02-16 23:49:23 - [MESSAGE][WARNING] - Timeout '0' is invalid. Using default page load timeout: '60'

2022-02-16 23:49:24 - [MESSAGE][PASSED] - Text 'anggaaditya' has been set to element 'Object Repository/Mobile/Page/Login/Input Rdy - UserID'

2022-02-16 23:49:24 - [TEST_STEP][PASSED] - delay(1): Delayed 1 second(s)

2022-02-16 23:49:25 - [MESSAGE][PASSED] - Delayed 1 second(s)

2022-02-16 23:49:25 - [TEST_STEP][PASSED] - hideKeyboard(): Keyboard is hidden

2022-02-16 23:49:31 - [MESSAGE][PASSED] - Keyboard is hidden

2022-02-16 23:49:31 - [TEST_STEP][PASSED] - tap(LOGN_EdtPassword, 0): Tapped on element 'Object Repository/Mobile/Page/Login/Input - Password'

2022-02-16 23:49:31 - [MESSAGE][WARNING] - Timeout '0' is invalid. Using default page load timeout: '60'

2022-02-16 23:49:32 - [MESSAGE][PASSED] - Tapped on element 'Object Repository/Mobile/Page/Login/Input - Password'

2022-02-16 23:49:32 - [TEST_STEP][PASSED] - delay(1): Delayed 1 second(s)

2022-02-16 23:49:33 - [MESSAGE][PASSED] - Delayed 1 second(s)

2022-02-16 23:49:33 - [TEST_STEP][PASSED] - setText(LOGN_EdtRdyPassword, "Shalawa18", 0): Text 'Shalawa18' has been set to element 'Object Repository/Mobile/Page/Login/Input Rdy - Password'

2022-02-16 23:49:33 - [MESSAGE][WARNING] - Timeout '0' is invalid. Using default page load timeout: '60'

2022-02-16 23:49:33 - [MESSAGE][PASSED] - Text 'Shalawa18' has been set to element 'Object Repository/Mobile/Page/Login/Input Rdy - Password'

2022-02-16 23:49:33 - [TEST_STEP][PASSED] - delay(1): Delayed 1 second(s)

2022-02-16 23:49:34 - [MESSAGE][PASSED] - Delayed 1 second(s)

2022-02-16 23:49:34 - [TEST_STEP][PASSED] - hideKeyboard(): Keyboard is hidden

2022-02-16 23:49:42 - [MESSAGE][PASSED] - Keyboard is hidden

2022-02-16 23:49:42 - [TEST_STEP][PASSED] - tap(LOGN_BtnLogin, 0): Tapped on element 'Object Repository/Mobile/Page/Login/Button - Login'

2022-02-16 23:49:42 - [MESSAGE][WARNING] - Timeout '0' is invalid. Using default page load timeout: '60'

2022-02-16 23:49:43 - [MESSAGE][PASSED] - Tapped on element 'Object Repository/Mobile/Page/Login/Button - Login'

2022-02-16 23:49:43 - [TEST_STEP][PASSED] - delay(2): Delayed 2 second(s)

2022-02-16 23:49:45 - [MESSAGE][PASSED] - Delayed 2 second(s)

2022-02-16 23:49:45 - [TEST_STEP][PASSED] - break: null

2022-02-16 23:49:45 - [MESSAGE][PASSED] - Call Test Case 'Test Cases/Mobile/Page/Login/Login' successfully

2022-02-16 23:49:45 - [MESSAGE][PASSED] - Call Test Case 'Test Cases/Mobile/Page/CheckLogin' successfully

2022-02-16 23:49:45 - [TEST_STEP][PASSED] - tap(HOME_MenubarPortfolio, 0): Tapped on element 'Object Repository/Mobile/Page/Home/Menubar - Portfolio'

2022-02-16 23:49:45 - [MESSAGE][WARNING] - Timeout '0' is invalid. Using default page load timeout: '60'

2022-02-16 23:49:46 - [MESSAGE][PASSED] - Tapped on element 'Object Repository/Mobile/Page/Home/Menubar - Portfolio'

2022-02-16 23:49:46 - [TEST_STEP][PASSED] - delay(1): Delayed 1 second(s)

2022-02-16 23:49:47 - [MESSAGE][PASSED] - Delayed 1 second(s)

2022-02-16 23:49:47 - [TEST_STEP][PASSED] - for ([i = 0, i < 1, (i++)]): scroll.scroll.scrollScreenBottomToTop is PASSED

2022-02-16 23:49:47 - [TEST_STEP][PASSED] - if (tab == "summary"): null

2022-02-16 23:49:47 - [TEST_STEP][PASSED] - else if (tab == "stock"): null

2022-02-16 23:49:47 - [TEST_STEP][PASSED] - else if (tab == "mutualfund"): scroll.scroll.scrollScreenBottomToTop is PASSED

2022-02-16 23:49:47 - [TEST_STEP][PASSED] - tap(PORT_TabMutualFund, 0): Tapped on element 'Object Repository/Mobile/Page/Portfolio/Tab - Mutual Fund'

2022-02-16 23:49:47 - [MESSAGE][WARNING] - Timeout '0' is invalid. Using default page load timeout: '60'

2022-02-16 23:49:49 - [MESSAGE][PASSED] - Tapped on element 'Object Repository/Mobile/Page/Portfolio/Tab - Mutual Fund'

2022-02-16 23:49:49 - [TEST_STEP][PASSED] - delay(1): Delayed 1 second(s)

2022-02-16 23:49:50 - [MESSAGE][PASSED] - Delayed 1 second(s)

2022-02-16 23:49:50 - [TEST_STEP][PASSED] - try: scroll.scroll.scrollScreenBottomToTop is PASSED

2022-02-16 23:49:50 - [TEST_STEP][PASSED] - tapAndHold(PORT_ItemTopMutualFund, 1, 10): Tapped and held on element 'Object Repository/Mobile/Page/Portfolio/Item - Top Mutual Fund' with duration 1

2022-02-16 23:49:53 - [MESSAGE][PASSED] - Tapped and held on element 'Object Repository/Mobile/Page/Portfolio/Item - Top Mutual Fund' with duration 1

2022-02-16 23:49:53 - [TEST_STEP][PASSED] - delay(2): Delayed 2 second(s)

2022-02-16 23:49:55 - [MESSAGE][PASSED] - Delayed 2 second(s)

2022-02-16 23:49:55 - [TEST_STEP][PASSED] - switch (action2): null

2022-02-16 23:49:55 - [TEST_STEP][PASSED] - case "6 month":: null

2022-02-16 23:49:55 - [TEST_STEP][PASSED] - tapAndHold(PORT_DETL_Btn6Month, 1, 0): Tapped and held on element 'Object Repository/Mobile/Page/Portfolio/Detail Mutual Funds/Button - 6 Month' with duration 1

2022-02-16 23:49:55 - [MESSAGE][WARNING] - Timeout '0' is invalid. Using default page load timeout: '60'

2022-02-16 23:49:57 - [MESSAGE][PASSED] - Tapped and held on element 'Object Repository/Mobile/Page/Portfolio/Detail Mutual Funds/Button - 6 Month' with duration 1

2022-02-16 23:49:57 - [TEST_STEP][PASSED] - break: null

2022-02-16 23:49:57 - [TEST_STEP][PASSED] - delay(3): Delayed 3 second(s)

2022-02-16 23:50:00 - [MESSAGE][PASSED] - Delayed 3 second(s)

2022-02-16 23:50:00 - [TEST_STEP][PASSED] - scroll.scroll.scrollScreenBottomToTop(): scroll.scroll.scrollScreenBottomToTop is PASSED

2022-02-16 23:50:01 - [MESSAGE][PASSED] - Current device physical height is 1423

2022-02-16 23:50:01 - [MESSAGE][PASSED] - Current device physical width is 720

2022-02-16 23:50:02 - [MESSAGE][PASSED] - Swiped from 360,1,138 to 360,284

2022-02-16 23:50:02 - [MESSAGE][PASSED] - scroll.scroll.scrollScreenBottomToTop is PASSED

2022-02-16 23:50:02 - [MESSAGE][PASSED] - Call Test Case 'Test Cases/Mobile/Page/Portfolio/Portfolio' successfully

2022-02-16 23:50:02 - [TEST_STEP][PASSED] - callTestCase(findTestCase("Mobile/Page/Run App/Terminate App"), [:], STOP_ON_FAILURE): Call Test Case 'Test Cases/Mobile/Page/Run App/Terminate App' successfully

2022-02-16 23:50:02 - [TEST_CASE][PASSED] - Test Cases/Mobile/Page/Run App/Terminate App: Test Cases/Mobile/Page/Run App/Terminate App

2022-02-16 23:50:02 - [TEST_STEP][PASSED] - startApp.OpenApp.terminateApplication(): startApp.OpenApp.terminateApplication is PASSED

2022-02-16 23:50:05 - [MESSAGE][PASSED] - Delayed 3 second(s)

2022-02-16 23:50:05 - [MESSAGE][PASSED] - Current device physical width is 720

2022-02-16 23:50:06 - [MESSAGE][PASSED] - Current device physical height is 1423

2022-02-16 23:50:07 - [MESSAGE][PASSED] - Swiped from 360,853 to 360,142

2022-02-16 23:50:08 - [MESSAGE][PASSED] - Delayed 1 second(s)

2022-02-16 23:50:09 - [MESSAGE][PASSED] - Swiped from 360,853 to 360,142

2022-02-16 23:50:12 - [MESSAGE][PASSED] - Delayed 3 second(s)

2022-02-16 23:50:12 - [MESSAGE][PASSED] - startApp.OpenApp.terminateApplication is PASSED

2022-02-16 23:50:12 - [MESSAGE][PASSED] - Call Test Case 'Test Cases/Mobile/Page/Run App/Terminate App' successfully]]></system-out>
         <system-err><![CDATA[]]></system-err>
      </testcase>
      <testcase name="Test Cases/Mobile/Scenario/Portfolio/016 - Melihat detail mutual fund 1 year" time="65.518" classname="Test Cases/Mobile/Scenario/Portfolio/016 - Melihat detail mutual fund 1 year" status="PASSED">
         <system-out><![CDATA[2022-02-16 23:50:12 - [TEST_CASE][PASSED] - Test Cases/Mobile/Scenario/Portfolio/016 - Melihat detail mutual fund 1 year: Test Cases/Mobile/Scenario/Portfolio/016 - Melihat detail mutual fund 1 year

2022-02-16 23:50:13 - [TEST_STEP][PASSED] - callTestCase(findTestCase("Mobile/Page/Run App/Run App byID"), [:], STOP_ON_FAILURE): Call Test Case 'Test Cases/Mobile/Page/Run App/Run App byID' successfully

2022-02-16 23:50:13 - [TEST_CASE][PASSED] - Test Cases/Mobile/Page/Run App/Run App byID: Test Cases/Mobile/Page/Run App/Run App byID

2022-02-16 23:50:13 - [TEST_STEP][PASSED] - startApp.OpenApp.startApplication("id.co.miraeasset.sageclub"): startApp.OpenApp.startApplication is PASSED

2022-02-16 23:50:26 - [MESSAGE][PASSED] - Starting app with application ID: 'id.co.miraeasset.sageclub'

2022-02-16 23:50:26 - [MESSAGE][PASSED] - startApp.OpenApp.startApplication is PASSED

2022-02-16 23:50:26 - [MESSAGE][PASSED] - Call Test Case 'Test Cases/Mobile/Page/Run App/Run App byID' successfully

2022-02-16 23:50:26 - [TEST_STEP][PASSED] - callTestCase(findTestCase("Mobile/Page/Portfolio/Portfolio"), ["tab":"mutualfund", "action2":"1 year"], CONTINUE_ON_FAILURE): Call Test Case 'Test Cases/Mobile/Page/Portfolio/Portfolio' successfully

2022-02-16 23:50:26 - [TEST_CASE][PASSED] - Test Cases/Mobile/Page/Portfolio/Portfolio: Test Cases/Mobile/Page/Portfolio/Portfolio

2022-02-16 23:50:26 - [TEST_STEP][PASSED] - callTestCase(findTestCase("Mobile/Page/CheckLogin"), [:], CONTINUE_ON_FAILURE): Call Test Case 'Test Cases/Mobile/Page/CheckLogin' successfully

2022-02-16 23:50:26 - [TEST_CASE][PASSED] - Test Cases/Mobile/Page/CheckLogin: Test Cases/Mobile/Page/CheckLogin

2022-02-16 23:50:26 - [TEST_STEP][PASSED] - loginCheck = verifyElementExist(LOGN_BtnLogin, 5, CONTINUE_ON_FAILURE): Element 'Object Repository/Mobile/Page/Login/Button - Login' is exist

2022-02-16 23:50:28 - [MESSAGE][PASSED] - Element 'Object Repository/Mobile/Page/Login/Button - Login' is exist

2022-02-16 23:50:28 - [TEST_STEP][PASSED] - if (loginCheck): Call Test Case 'Test Cases/Mobile/Page/Login/Login' successfully

2022-02-16 23:50:28 - [TEST_STEP][PASSED] - callTestCase(findTestCase("Mobile/Page/Login/Login"), ["action":"username"], CONTINUE_ON_FAILURE): Call Test Case 'Test Cases/Mobile/Page/Login/Login' successfully

2022-02-16 23:50:28 - [TEST_CASE][PASSED] - Test Cases/Mobile/Page/Login/Login: Test Cases/Mobile/Page/Login/Login

2022-02-16 23:50:28 - [TEST_STEP][PASSED] - delay(2): Delayed 2 second(s)

2022-02-16 23:50:30 - [MESSAGE][PASSED] - Delayed 2 second(s)

2022-02-16 23:50:30 - [TEST_STEP][PASSED] - for ([i = 0, i < 1, (i++)]): null

2022-02-16 23:50:30 - [TEST_STEP][PASSED] - if (action == "username"): null

2022-02-16 23:50:30 - [TEST_STEP][PASSED] - tap(LOGN_EdtUserID, 0): Tapped on element 'Object Repository/Mobile/Page/Login/Input - UserID'

2022-02-16 23:50:30 - [MESSAGE][WARNING] - Timeout '0' is invalid. Using default page load timeout: '60'

2022-02-16 23:50:30 - [MESSAGE][PASSED] - Tapped on element 'Object Repository/Mobile/Page/Login/Input - UserID'

2022-02-16 23:50:30 - [TEST_STEP][PASSED] - delay(1): Delayed 1 second(s)

2022-02-16 23:50:31 - [MESSAGE][PASSED] - Delayed 1 second(s)

2022-02-16 23:50:31 - [TEST_STEP][PASSED] - setText(LOGN_EdtRdyUserID, "anggaaditya", 0): Text 'anggaaditya' has been set to element 'Object Repository/Mobile/Page/Login/Input Rdy - UserID'

2022-02-16 23:50:31 - [MESSAGE][WARNING] - Timeout '0' is invalid. Using default page load timeout: '60'

2022-02-16 23:50:32 - [MESSAGE][PASSED] - Text 'anggaaditya' has been set to element 'Object Repository/Mobile/Page/Login/Input Rdy - UserID'

2022-02-16 23:50:32 - [TEST_STEP][PASSED] - delay(1): Delayed 1 second(s)

2022-02-16 23:50:33 - [MESSAGE][PASSED] - Delayed 1 second(s)

2022-02-16 23:50:33 - [TEST_STEP][PASSED] - hideKeyboard(): Keyboard is hidden

2022-02-16 23:50:36 - [MESSAGE][PASSED] - Keyboard is hidden

2022-02-16 23:50:36 - [TEST_STEP][PASSED] - tap(LOGN_EdtPassword, 0): Tapped on element 'Object Repository/Mobile/Page/Login/Input - Password'

2022-02-16 23:50:36 - [MESSAGE][WARNING] - Timeout '0' is invalid. Using default page load timeout: '60'

2022-02-16 23:50:37 - [MESSAGE][PASSED] - Tapped on element 'Object Repository/Mobile/Page/Login/Input - Password'

2022-02-16 23:50:37 - [TEST_STEP][PASSED] - delay(1): Delayed 1 second(s)

2022-02-16 23:50:38 - [MESSAGE][PASSED] - Delayed 1 second(s)

2022-02-16 23:50:38 - [TEST_STEP][PASSED] - setText(LOGN_EdtRdyPassword, "Shalawa18", 0): Text 'Shalawa18' has been set to element 'Object Repository/Mobile/Page/Login/Input Rdy - Password'

2022-02-16 23:50:38 - [MESSAGE][WARNING] - Timeout '0' is invalid. Using default page load timeout: '60'

2022-02-16 23:50:38 - [MESSAGE][PASSED] - Text 'Shalawa18' has been set to element 'Object Repository/Mobile/Page/Login/Input Rdy - Password'

2022-02-16 23:50:38 - [TEST_STEP][PASSED] - delay(1): Delayed 1 second(s)

2022-02-16 23:50:40 - [MESSAGE][PASSED] - Delayed 1 second(s)

2022-02-16 23:50:40 - [TEST_STEP][PASSED] - hideKeyboard(): Keyboard is hidden

2022-02-16 23:50:46 - [MESSAGE][PASSED] - Keyboard is hidden

2022-02-16 23:50:46 - [TEST_STEP][PASSED] - tap(LOGN_BtnLogin, 0): Tapped on element 'Object Repository/Mobile/Page/Login/Button - Login'

2022-02-16 23:50:46 - [MESSAGE][WARNING] - Timeout '0' is invalid. Using default page load timeout: '60'

2022-02-16 23:50:47 - [MESSAGE][PASSED] - Tapped on element 'Object Repository/Mobile/Page/Login/Button - Login'

2022-02-16 23:50:47 - [TEST_STEP][PASSED] - delay(2): Delayed 2 second(s)

2022-02-16 23:50:49 - [MESSAGE][PASSED] - Delayed 2 second(s)

2022-02-16 23:50:49 - [TEST_STEP][PASSED] - break: null

2022-02-16 23:50:49 - [MESSAGE][PASSED] - Call Test Case 'Test Cases/Mobile/Page/Login/Login' successfully

2022-02-16 23:50:49 - [MESSAGE][PASSED] - Call Test Case 'Test Cases/Mobile/Page/CheckLogin' successfully

2022-02-16 23:50:49 - [TEST_STEP][PASSED] - tap(HOME_MenubarPortfolio, 0): Tapped on element 'Object Repository/Mobile/Page/Home/Menubar - Portfolio'

2022-02-16 23:50:49 - [MESSAGE][WARNING] - Timeout '0' is invalid. Using default page load timeout: '60'

2022-02-16 23:50:51 - [MESSAGE][PASSED] - Tapped on element 'Object Repository/Mobile/Page/Home/Menubar - Portfolio'

2022-02-16 23:50:51 - [TEST_STEP][PASSED] - delay(1): Delayed 1 second(s)

2022-02-16 23:50:52 - [MESSAGE][PASSED] - Delayed 1 second(s)

2022-02-16 23:50:52 - [TEST_STEP][PASSED] - for ([i = 0, i < 1, (i++)]): scroll.scroll.scrollScreenBottomToTop is PASSED

2022-02-16 23:50:52 - [TEST_STEP][PASSED] - if (tab == "summary"): null

2022-02-16 23:50:52 - [TEST_STEP][PASSED] - else if (tab == "stock"): null

2022-02-16 23:50:52 - [TEST_STEP][PASSED] - else if (tab == "mutualfund"): scroll.scroll.scrollScreenBottomToTop is PASSED

2022-02-16 23:50:52 - [TEST_STEP][PASSED] - tap(PORT_TabMutualFund, 0): Tapped on element 'Object Repository/Mobile/Page/Portfolio/Tab - Mutual Fund'

2022-02-16 23:50:52 - [MESSAGE][WARNING] - Timeout '0' is invalid. Using default page load timeout: '60'

2022-02-16 23:50:54 - [MESSAGE][PASSED] - Tapped on element 'Object Repository/Mobile/Page/Portfolio/Tab - Mutual Fund'

2022-02-16 23:50:54 - [TEST_STEP][PASSED] - delay(1): Delayed 1 second(s)

2022-02-16 23:50:55 - [MESSAGE][PASSED] - Delayed 1 second(s)

2022-02-16 23:50:55 - [TEST_STEP][PASSED] - try: scroll.scroll.scrollScreenBottomToTop is PASSED

2022-02-16 23:50:55 - [TEST_STEP][PASSED] - tapAndHold(PORT_ItemTopMutualFund, 1, 10): Tapped and held on element 'Object Repository/Mobile/Page/Portfolio/Item - Top Mutual Fund' with duration 1

2022-02-16 23:50:57 - [MESSAGE][PASSED] - Tapped and held on element 'Object Repository/Mobile/Page/Portfolio/Item - Top Mutual Fund' with duration 1

2022-02-16 23:50:57 - [TEST_STEP][PASSED] - delay(2): Delayed 2 second(s)

2022-02-16 23:50:59 - [MESSAGE][PASSED] - Delayed 2 second(s)

2022-02-16 23:50:59 - [TEST_STEP][PASSED] - switch (action2): null

2022-02-16 23:50:59 - [TEST_STEP][PASSED] - case "1 year":: null

2022-02-16 23:50:59 - [TEST_STEP][PASSED] - tapAndHold(PORT_DETL_Btn1Year, 1, 0): Tapped and held on element 'Object Repository/Mobile/Page/Portfolio/Detail Mutual Funds/Button - 1 Year' with duration 1

2022-02-16 23:50:59 - [MESSAGE][WARNING] - Timeout '0' is invalid. Using default page load timeout: '60'

2022-02-16 23:51:03 - [MESSAGE][PASSED] - Tapped and held on element 'Object Repository/Mobile/Page/Portfolio/Detail Mutual Funds/Button - 1 Year' with duration 1

2022-02-16 23:51:03 - [TEST_STEP][PASSED] - break: null

2022-02-16 23:51:03 - [TEST_STEP][PASSED] - delay(3): Delayed 3 second(s)

2022-02-16 23:51:06 - [MESSAGE][PASSED] - Delayed 3 second(s)

2022-02-16 23:51:06 - [TEST_STEP][PASSED] - scroll.scroll.scrollScreenBottomToTop(): scroll.scroll.scrollScreenBottomToTop is PASSED

2022-02-16 23:51:06 - [MESSAGE][PASSED] - Current device physical height is 1423

2022-02-16 23:51:06 - [MESSAGE][PASSED] - Current device physical width is 720

2022-02-16 23:51:08 - [MESSAGE][PASSED] - Swiped from 360,1,138 to 360,284

2022-02-16 23:51:08 - [MESSAGE][PASSED] - scroll.scroll.scrollScreenBottomToTop is PASSED

2022-02-16 23:51:08 - [MESSAGE][PASSED] - Call Test Case 'Test Cases/Mobile/Page/Portfolio/Portfolio' successfully

2022-02-16 23:51:08 - [TEST_STEP][PASSED] - callTestCase(findTestCase("Mobile/Page/Run App/Terminate App"), [:], STOP_ON_FAILURE): Call Test Case 'Test Cases/Mobile/Page/Run App/Terminate App' successfully

2022-02-16 23:51:08 - [TEST_CASE][PASSED] - Test Cases/Mobile/Page/Run App/Terminate App: Test Cases/Mobile/Page/Run App/Terminate App

2022-02-16 23:51:08 - [TEST_STEP][PASSED] - startApp.OpenApp.terminateApplication(): startApp.OpenApp.terminateApplication is PASSED

2022-02-16 23:51:11 - [MESSAGE][PASSED] - Delayed 3 second(s)

2022-02-16 23:51:11 - [MESSAGE][PASSED] - Current device physical width is 720

2022-02-16 23:51:11 - [MESSAGE][PASSED] - Current device physical height is 1423

2022-02-16 23:51:13 - [MESSAGE][PASSED] - Swiped from 360,853 to 360,142

2022-02-16 23:51:14 - [MESSAGE][PASSED] - Delayed 1 second(s)

2022-02-16 23:51:15 - [MESSAGE][PASSED] - Swiped from 360,853 to 360,142

2022-02-16 23:51:18 - [MESSAGE][PASSED] - Delayed 3 second(s)

2022-02-16 23:51:18 - [MESSAGE][PASSED] - startApp.OpenApp.terminateApplication is PASSED

2022-02-16 23:51:18 - [MESSAGE][PASSED] - Call Test Case 'Test Cases/Mobile/Page/Run App/Terminate App' successfully]]></system-out>
         <system-err><![CDATA[]]></system-err>
      </testcase>
      <testcase name="Test Cases/Mobile/Scenario/Portfolio/017 - Melihat detail mutual fund 3 year" time="68.748" classname="Test Cases/Mobile/Scenario/Portfolio/017 - Melihat detail mutual fund 3 year" status="PASSED">
         <system-out><![CDATA[2022-02-16 23:51:18 - [TEST_CASE][PASSED] - Test Cases/Mobile/Scenario/Portfolio/017 - Melihat detail mutual fund 3 year: Test Cases/Mobile/Scenario/Portfolio/017 - Melihat detail mutual fund 3 year

2022-02-16 23:51:18 - [TEST_STEP][PASSED] - callTestCase(findTestCase("Mobile/Page/Run App/Run App byID"), [:], STOP_ON_FAILURE): Call Test Case 'Test Cases/Mobile/Page/Run App/Run App byID' successfully

2022-02-16 23:51:18 - [TEST_CASE][PASSED] - Test Cases/Mobile/Page/Run App/Run App byID: Test Cases/Mobile/Page/Run App/Run App byID

2022-02-16 23:51:18 - [TEST_STEP][PASSED] - startApp.OpenApp.startApplication("id.co.miraeasset.sageclub"): startApp.OpenApp.startApplication is PASSED

2022-02-16 23:51:31 - [MESSAGE][PASSED] - Starting app with application ID: 'id.co.miraeasset.sageclub'

2022-02-16 23:51:31 - [MESSAGE][PASSED] - startApp.OpenApp.startApplication is PASSED

2022-02-16 23:51:31 - [MESSAGE][PASSED] - Call Test Case 'Test Cases/Mobile/Page/Run App/Run App byID' successfully

2022-02-16 23:51:31 - [TEST_STEP][PASSED] - callTestCase(findTestCase("Mobile/Page/Portfolio/Portfolio"), ["tab":"mutualfund", "action2":"3 year"], CONTINUE_ON_FAILURE): Call Test Case 'Test Cases/Mobile/Page/Portfolio/Portfolio' successfully

2022-02-16 23:51:31 - [TEST_CASE][PASSED] - Test Cases/Mobile/Page/Portfolio/Portfolio: Test Cases/Mobile/Page/Portfolio/Portfolio

2022-02-16 23:51:31 - [TEST_STEP][PASSED] - callTestCase(findTestCase("Mobile/Page/CheckLogin"), [:], CONTINUE_ON_FAILURE): Call Test Case 'Test Cases/Mobile/Page/CheckLogin' successfully

2022-02-16 23:51:31 - [TEST_CASE][PASSED] - Test Cases/Mobile/Page/CheckLogin: Test Cases/Mobile/Page/CheckLogin

2022-02-16 23:51:31 - [TEST_STEP][PASSED] - loginCheck = verifyElementExist(LOGN_BtnLogin, 5, CONTINUE_ON_FAILURE): Element 'Object Repository/Mobile/Page/Login/Button - Login' is exist

2022-02-16 23:51:33 - [MESSAGE][PASSED] - Element 'Object Repository/Mobile/Page/Login/Button - Login' is exist

2022-02-16 23:51:33 - [TEST_STEP][PASSED] - if (loginCheck): Call Test Case 'Test Cases/Mobile/Page/Login/Login' successfully

2022-02-16 23:51:33 - [TEST_STEP][PASSED] - callTestCase(findTestCase("Mobile/Page/Login/Login"), ["action":"username"], CONTINUE_ON_FAILURE): Call Test Case 'Test Cases/Mobile/Page/Login/Login' successfully

2022-02-16 23:51:33 - [TEST_CASE][PASSED] - Test Cases/Mobile/Page/Login/Login: Test Cases/Mobile/Page/Login/Login

2022-02-16 23:51:33 - [TEST_STEP][PASSED] - delay(2): Delayed 2 second(s)

2022-02-16 23:51:35 - [MESSAGE][PASSED] - Delayed 2 second(s)

2022-02-16 23:51:35 - [TEST_STEP][PASSED] - for ([i = 0, i < 1, (i++)]): null

2022-02-16 23:51:35 - [TEST_STEP][PASSED] - if (action == "username"): null

2022-02-16 23:51:35 - [TEST_STEP][PASSED] - tap(LOGN_EdtUserID, 0): Tapped on element 'Object Repository/Mobile/Page/Login/Input - UserID'

2022-02-16 23:51:35 - [MESSAGE][WARNING] - Timeout '0' is invalid. Using default page load timeout: '60'

2022-02-16 23:51:35 - [MESSAGE][PASSED] - Tapped on element 'Object Repository/Mobile/Page/Login/Input - UserID'

2022-02-16 23:51:35 - [TEST_STEP][PASSED] - delay(1): Delayed 1 second(s)

2022-02-16 23:51:37 - [MESSAGE][PASSED] - Delayed 1 second(s)

2022-02-16 23:51:37 - [TEST_STEP][PASSED] - setText(LOGN_EdtRdyUserID, "anggaaditya", 0): Text 'anggaaditya' has been set to element 'Object Repository/Mobile/Page/Login/Input Rdy - UserID'

2022-02-16 23:51:37 - [MESSAGE][WARNING] - Timeout '0' is invalid. Using default page load timeout: '60'

2022-02-16 23:51:37 - [MESSAGE][PASSED] - Text 'anggaaditya' has been set to element 'Object Repository/Mobile/Page/Login/Input Rdy - UserID'

2022-02-16 23:51:37 - [TEST_STEP][PASSED] - delay(1): Delayed 1 second(s)

2022-02-16 23:51:38 - [MESSAGE][PASSED] - Delayed 1 second(s)

2022-02-16 23:51:38 - [TEST_STEP][PASSED] - hideKeyboard(): Keyboard is hidden

2022-02-16 23:51:46 - [MESSAGE][PASSED] - Keyboard is hidden

2022-02-16 23:51:46 - [TEST_STEP][PASSED] - tap(LOGN_EdtPassword, 0): Tapped on element 'Object Repository/Mobile/Page/Login/Input - Password'

2022-02-16 23:51:46 - [MESSAGE][WARNING] - Timeout '0' is invalid. Using default page load timeout: '60'

2022-02-16 23:51:46 - [MESSAGE][PASSED] - Tapped on element 'Object Repository/Mobile/Page/Login/Input - Password'

2022-02-16 23:51:46 - [TEST_STEP][PASSED] - delay(1): Delayed 1 second(s)

2022-02-16 23:51:47 - [MESSAGE][PASSED] - Delayed 1 second(s)

2022-02-16 23:51:47 - [TEST_STEP][PASSED] - setText(LOGN_EdtRdyPassword, "Shalawa18", 0): Text 'Shalawa18' has been set to element 'Object Repository/Mobile/Page/Login/Input Rdy - Password'

2022-02-16 23:51:47 - [MESSAGE][WARNING] - Timeout '0' is invalid. Using default page load timeout: '60'

2022-02-16 23:51:48 - [MESSAGE][PASSED] - Text 'Shalawa18' has been set to element 'Object Repository/Mobile/Page/Login/Input Rdy - Password'

2022-02-16 23:51:48 - [TEST_STEP][PASSED] - delay(1): Delayed 1 second(s)

2022-02-16 23:51:49 - [MESSAGE][PASSED] - Delayed 1 second(s)

2022-02-16 23:51:49 - [TEST_STEP][PASSED] - hideKeyboard(): Keyboard is hidden

2022-02-16 23:51:56 - [MESSAGE][PASSED] - Keyboard is hidden

2022-02-16 23:51:56 - [TEST_STEP][PASSED] - tap(LOGN_BtnLogin, 0): Tapped on element 'Object Repository/Mobile/Page/Login/Button - Login'

2022-02-16 23:51:56 - [MESSAGE][WARNING] - Timeout '0' is invalid. Using default page load timeout: '60'

2022-02-16 23:51:56 - [MESSAGE][PASSED] - Tapped on element 'Object Repository/Mobile/Page/Login/Button - Login'

2022-02-16 23:51:56 - [TEST_STEP][PASSED] - delay(2): Delayed 2 second(s)

2022-02-16 23:51:58 - [MESSAGE][PASSED] - Delayed 2 second(s)

2022-02-16 23:51:58 - [TEST_STEP][PASSED] - break: null

2022-02-16 23:51:58 - [MESSAGE][PASSED] - Call Test Case 'Test Cases/Mobile/Page/Login/Login' successfully

2022-02-16 23:51:58 - [MESSAGE][PASSED] - Call Test Case 'Test Cases/Mobile/Page/CheckLogin' successfully

2022-02-16 23:51:58 - [TEST_STEP][PASSED] - tap(HOME_MenubarPortfolio, 0): Tapped on element 'Object Repository/Mobile/Page/Home/Menubar - Portfolio'

2022-02-16 23:51:58 - [MESSAGE][WARNING] - Timeout '0' is invalid. Using default page load timeout: '60'

2022-02-16 23:52:01 - [MESSAGE][PASSED] - Tapped on element 'Object Repository/Mobile/Page/Home/Menubar - Portfolio'

2022-02-16 23:52:01 - [TEST_STEP][PASSED] - delay(1): Delayed 1 second(s)

2022-02-16 23:52:02 - [MESSAGE][PASSED] - Delayed 1 second(s)

2022-02-16 23:52:02 - [TEST_STEP][PASSED] - for ([i = 0, i < 1, (i++)]): scroll.scroll.scrollScreenBottomToTop is PASSED

2022-02-16 23:52:02 - [TEST_STEP][PASSED] - if (tab == "summary"): null

2022-02-16 23:52:02 - [TEST_STEP][PASSED] - else if (tab == "stock"): null

2022-02-16 23:52:02 - [TEST_STEP][PASSED] - else if (tab == "mutualfund"): scroll.scroll.scrollScreenBottomToTop is PASSED

2022-02-16 23:52:02 - [TEST_STEP][PASSED] - tap(PORT_TabMutualFund, 0): Tapped on element 'Object Repository/Mobile/Page/Portfolio/Tab - Mutual Fund'

2022-02-16 23:52:02 - [MESSAGE][WARNING] - Timeout '0' is invalid. Using default page load timeout: '60'

2022-02-16 23:52:03 - [MESSAGE][PASSED] - Tapped on element 'Object Repository/Mobile/Page/Portfolio/Tab - Mutual Fund'

2022-02-16 23:52:03 - [TEST_STEP][PASSED] - delay(1): Delayed 1 second(s)

2022-02-16 23:52:04 - [MESSAGE][PASSED] - Delayed 1 second(s)

2022-02-16 23:52:04 - [TEST_STEP][PASSED] - try: scroll.scroll.scrollScreenBottomToTop is PASSED

2022-02-16 23:52:04 - [TEST_STEP][PASSED] - tapAndHold(PORT_ItemTopMutualFund, 1, 10): Tapped and held on element 'Object Repository/Mobile/Page/Portfolio/Item - Top Mutual Fund' with duration 1

2022-02-16 23:52:07 - [MESSAGE][PASSED] - Tapped and held on element 'Object Repository/Mobile/Page/Portfolio/Item - Top Mutual Fund' with duration 1

2022-02-16 23:52:07 - [TEST_STEP][PASSED] - delay(2): Delayed 2 second(s)

2022-02-16 23:52:09 - [MESSAGE][PASSED] - Delayed 2 second(s)

2022-02-16 23:52:09 - [TEST_STEP][PASSED] - switch (action2): null

2022-02-16 23:52:09 - [TEST_STEP][PASSED] - case "3 year":: null

2022-02-16 23:52:09 - [TEST_STEP][PASSED] - tapAndHold(PORT_DETL_Btn3Year, 1, 0): Tapped and held on element 'Object Repository/Mobile/Page/Portfolio/Detail Mutual Funds/Button - 3 Year' with duration 1

2022-02-16 23:52:09 - [MESSAGE][WARNING] - Timeout '0' is invalid. Using default page load timeout: '60'

2022-02-16 23:52:12 - [MESSAGE][PASSED] - Tapped and held on element 'Object Repository/Mobile/Page/Portfolio/Detail Mutual Funds/Button - 3 Year' with duration 1

2022-02-16 23:52:12 - [TEST_STEP][PASSED] - break: null

2022-02-16 23:52:12 - [TEST_STEP][PASSED] - delay(3): Delayed 3 second(s)

2022-02-16 23:52:15 - [MESSAGE][PASSED] - Delayed 3 second(s)

2022-02-16 23:52:15 - [TEST_STEP][PASSED] - scroll.scroll.scrollScreenBottomToTop(): scroll.scroll.scrollScreenBottomToTop is PASSED

2022-02-16 23:52:15 - [MESSAGE][PASSED] - Current device physical height is 1423

2022-02-16 23:52:15 - [MESSAGE][PASSED] - Current device physical width is 720

2022-02-16 23:52:16 - [MESSAGE][PASSED] - Swiped from 360,1,138 to 360,284

2022-02-16 23:52:16 - [MESSAGE][PASSED] - scroll.scroll.scrollScreenBottomToTop is PASSED

2022-02-16 23:52:16 - [MESSAGE][PASSED] - Call Test Case 'Test Cases/Mobile/Page/Portfolio/Portfolio' successfully

2022-02-16 23:52:16 - [TEST_STEP][PASSED] - callTestCase(findTestCase("Mobile/Page/Run App/Terminate App"), [:], STOP_ON_FAILURE): Call Test Case 'Test Cases/Mobile/Page/Run App/Terminate App' successfully

2022-02-16 23:52:16 - [TEST_CASE][PASSED] - Test Cases/Mobile/Page/Run App/Terminate App: Test Cases/Mobile/Page/Run App/Terminate App

2022-02-16 23:52:16 - [TEST_STEP][PASSED] - startApp.OpenApp.terminateApplication(): startApp.OpenApp.terminateApplication is PASSED

2022-02-16 23:52:20 - [MESSAGE][PASSED] - Delayed 3 second(s)

2022-02-16 23:52:20 - [MESSAGE][PASSED] - Current device physical width is 720

2022-02-16 23:52:20 - [MESSAGE][PASSED] - Current device physical height is 1423

2022-02-16 23:52:21 - [MESSAGE][PASSED] - Swiped from 360,853 to 360,142

2022-02-16 23:52:22 - [MESSAGE][PASSED] - Delayed 1 second(s)

2022-02-16 23:52:24 - [MESSAGE][PASSED] - Swiped from 360,853 to 360,142

2022-02-16 23:52:27 - [MESSAGE][PASSED] - Delayed 3 second(s)

2022-02-16 23:52:27 - [MESSAGE][PASSED] - startApp.OpenApp.terminateApplication is PASSED

2022-02-16 23:52:27 - [MESSAGE][PASSED] - Call Test Case 'Test Cases/Mobile/Page/Run App/Terminate App' successfully]]></system-out>
         <system-err><![CDATA[]]></system-err>
      </testcase>
      <testcase name="Test Cases/Mobile/Scenario/Portfolio/018 - Melihat detail mutual fund 5 year" time="68.323" classname="Test Cases/Mobile/Scenario/Portfolio/018 - Melihat detail mutual fund 5 year" status="PASSED">
         <system-out><![CDATA[2022-02-16 23:52:27 - [TEST_CASE][PASSED] - Test Cases/Mobile/Scenario/Portfolio/018 - Melihat detail mutual fund 5 year: Test Cases/Mobile/Scenario/Portfolio/018 - Melihat detail mutual fund 5 year

2022-02-16 23:52:27 - [TEST_STEP][PASSED] - callTestCase(findTestCase("Mobile/Page/Run App/Run App byID"), [:], STOP_ON_FAILURE): Call Test Case 'Test Cases/Mobile/Page/Run App/Run App byID' successfully

2022-02-16 23:52:27 - [TEST_CASE][PASSED] - Test Cases/Mobile/Page/Run App/Run App byID: Test Cases/Mobile/Page/Run App/Run App byID

2022-02-16 23:52:27 - [TEST_STEP][PASSED] - startApp.OpenApp.startApplication("id.co.miraeasset.sageclub"): startApp.OpenApp.startApplication is PASSED

2022-02-16 23:52:41 - [MESSAGE][PASSED] - Starting app with application ID: 'id.co.miraeasset.sageclub'

2022-02-16 23:52:41 - [MESSAGE][PASSED] - startApp.OpenApp.startApplication is PASSED

2022-02-16 23:52:41 - [MESSAGE][PASSED] - Call Test Case 'Test Cases/Mobile/Page/Run App/Run App byID' successfully

2022-02-16 23:52:41 - [TEST_STEP][PASSED] - callTestCase(findTestCase("Mobile/Page/Portfolio/Portfolio"), ["tab":"mutualfund", "action2":"5 year"], CONTINUE_ON_FAILURE): Call Test Case 'Test Cases/Mobile/Page/Portfolio/Portfolio' successfully

2022-02-16 23:52:41 - [TEST_CASE][PASSED] - Test Cases/Mobile/Page/Portfolio/Portfolio: Test Cases/Mobile/Page/Portfolio/Portfolio

2022-02-16 23:52:41 - [TEST_STEP][PASSED] - callTestCase(findTestCase("Mobile/Page/CheckLogin"), [:], CONTINUE_ON_FAILURE): Call Test Case 'Test Cases/Mobile/Page/CheckLogin' successfully

2022-02-16 23:52:41 - [TEST_CASE][PASSED] - Test Cases/Mobile/Page/CheckLogin: Test Cases/Mobile/Page/CheckLogin

2022-02-16 23:52:41 - [TEST_STEP][PASSED] - loginCheck = verifyElementExist(LOGN_BtnLogin, 5, CONTINUE_ON_FAILURE): Element 'Object Repository/Mobile/Page/Login/Button - Login' is exist

2022-02-16 23:52:44 - [MESSAGE][PASSED] - Element 'Object Repository/Mobile/Page/Login/Button - Login' is exist

2022-02-16 23:52:44 - [TEST_STEP][PASSED] - if (loginCheck): Call Test Case 'Test Cases/Mobile/Page/Login/Login' successfully

2022-02-16 23:52:44 - [TEST_STEP][PASSED] - callTestCase(findTestCase("Mobile/Page/Login/Login"), ["action":"username"], CONTINUE_ON_FAILURE): Call Test Case 'Test Cases/Mobile/Page/Login/Login' successfully

2022-02-16 23:52:44 - [TEST_CASE][PASSED] - Test Cases/Mobile/Page/Login/Login: Test Cases/Mobile/Page/Login/Login

2022-02-16 23:52:44 - [TEST_STEP][PASSED] - delay(2): Delayed 2 second(s)

2022-02-16 23:52:46 - [MESSAGE][PASSED] - Delayed 2 second(s)

2022-02-16 23:52:46 - [TEST_STEP][PASSED] - for ([i = 0, i < 1, (i++)]): null

2022-02-16 23:52:46 - [TEST_STEP][PASSED] - if (action == "username"): null

2022-02-16 23:52:46 - [TEST_STEP][PASSED] - tap(LOGN_EdtUserID, 0): Tapped on element 'Object Repository/Mobile/Page/Login/Input - UserID'

2022-02-16 23:52:46 - [MESSAGE][WARNING] - Timeout '0' is invalid. Using default page load timeout: '60'

2022-02-16 23:52:46 - [MESSAGE][PASSED] - Tapped on element 'Object Repository/Mobile/Page/Login/Input - UserID'

2022-02-16 23:52:46 - [TEST_STEP][PASSED] - delay(1): Delayed 1 second(s)

2022-02-16 23:52:47 - [MESSAGE][PASSED] - Delayed 1 second(s)

2022-02-16 23:52:47 - [TEST_STEP][PASSED] - setText(LOGN_EdtRdyUserID, "anggaaditya", 0): Text 'anggaaditya' has been set to element 'Object Repository/Mobile/Page/Login/Input Rdy - UserID'

2022-02-16 23:52:47 - [MESSAGE][WARNING] - Timeout '0' is invalid. Using default page load timeout: '60'

2022-02-16 23:52:48 - [MESSAGE][PASSED] - Text 'anggaaditya' has been set to element 'Object Repository/Mobile/Page/Login/Input Rdy - UserID'

2022-02-16 23:52:48 - [TEST_STEP][PASSED] - delay(1): Delayed 1 second(s)

2022-02-16 23:52:49 - [MESSAGE][PASSED] - Delayed 1 second(s)

2022-02-16 23:52:49 - [TEST_STEP][PASSED] - hideKeyboard(): Keyboard is hidden

2022-02-16 23:52:55 - [MESSAGE][PASSED] - Keyboard is hidden

2022-02-16 23:52:55 - [TEST_STEP][PASSED] - tap(LOGN_EdtPassword, 0): Tapped on element 'Object Repository/Mobile/Page/Login/Input - Password'

2022-02-16 23:52:55 - [MESSAGE][WARNING] - Timeout '0' is invalid. Using default page load timeout: '60'

2022-02-16 23:52:55 - [MESSAGE][PASSED] - Tapped on element 'Object Repository/Mobile/Page/Login/Input - Password'

2022-02-16 23:52:55 - [TEST_STEP][PASSED] - delay(1): Delayed 1 second(s)

2022-02-16 23:52:56 - [MESSAGE][PASSED] - Delayed 1 second(s)

2022-02-16 23:52:56 - [TEST_STEP][PASSED] - setText(LOGN_EdtRdyPassword, "Shalawa18", 0): Text 'Shalawa18' has been set to element 'Object Repository/Mobile/Page/Login/Input Rdy - Password'

2022-02-16 23:52:56 - [MESSAGE][WARNING] - Timeout '0' is invalid. Using default page load timeout: '60'

2022-02-16 23:52:57 - [MESSAGE][PASSED] - Text 'Shalawa18' has been set to element 'Object Repository/Mobile/Page/Login/Input Rdy - Password'

2022-02-16 23:52:57 - [TEST_STEP][PASSED] - delay(1): Delayed 1 second(s)

2022-02-16 23:52:58 - [MESSAGE][PASSED] - Delayed 1 second(s)

2022-02-16 23:52:58 - [TEST_STEP][PASSED] - hideKeyboard(): Keyboard is hidden

2022-02-16 23:53:04 - [MESSAGE][PASSED] - Keyboard is hidden

2022-02-16 23:53:04 - [TEST_STEP][PASSED] - tap(LOGN_BtnLogin, 0): Tapped on element 'Object Repository/Mobile/Page/Login/Button - Login'

2022-02-16 23:53:04 - [MESSAGE][WARNING] - Timeout '0' is invalid. Using default page load timeout: '60'

2022-02-16 23:53:05 - [MESSAGE][PASSED] - Tapped on element 'Object Repository/Mobile/Page/Login/Button - Login'

2022-02-16 23:53:05 - [TEST_STEP][PASSED] - delay(2): Delayed 2 second(s)

2022-02-16 23:53:07 - [MESSAGE][PASSED] - Delayed 2 second(s)

2022-02-16 23:53:07 - [TEST_STEP][PASSED] - break: null

2022-02-16 23:53:07 - [MESSAGE][PASSED] - Call Test Case 'Test Cases/Mobile/Page/Login/Login' successfully

2022-02-16 23:53:07 - [MESSAGE][PASSED] - Call Test Case 'Test Cases/Mobile/Page/CheckLogin' successfully

2022-02-16 23:53:07 - [TEST_STEP][PASSED] - tap(HOME_MenubarPortfolio, 0): Tapped on element 'Object Repository/Mobile/Page/Home/Menubar - Portfolio'

2022-02-16 23:53:07 - [MESSAGE][WARNING] - Timeout '0' is invalid. Using default page load timeout: '60'

2022-02-16 23:53:09 - [MESSAGE][PASSED] - Tapped on element 'Object Repository/Mobile/Page/Home/Menubar - Portfolio'

2022-02-16 23:53:09 - [TEST_STEP][PASSED] - delay(1): Delayed 1 second(s)

2022-02-16 23:53:10 - [MESSAGE][PASSED] - Delayed 1 second(s)

2022-02-16 23:53:10 - [TEST_STEP][PASSED] - for ([i = 0, i < 1, (i++)]): scroll.scroll.scrollScreenBottomToTop is PASSED

2022-02-16 23:53:10 - [TEST_STEP][PASSED] - if (tab == "summary"): null

2022-02-16 23:53:10 - [TEST_STEP][PASSED] - else if (tab == "stock"): null

2022-02-16 23:53:10 - [TEST_STEP][PASSED] - else if (tab == "mutualfund"): scroll.scroll.scrollScreenBottomToTop is PASSED

2022-02-16 23:53:10 - [TEST_STEP][PASSED] - tap(PORT_TabMutualFund, 0): Tapped on element 'Object Repository/Mobile/Page/Portfolio/Tab - Mutual Fund'

2022-02-16 23:53:10 - [MESSAGE][WARNING] - Timeout '0' is invalid. Using default page load timeout: '60'

2022-02-16 23:53:11 - [MESSAGE][PASSED] - Tapped on element 'Object Repository/Mobile/Page/Portfolio/Tab - Mutual Fund'

2022-02-16 23:53:11 - [TEST_STEP][PASSED] - delay(1): Delayed 1 second(s)

2022-02-16 23:53:12 - [MESSAGE][PASSED] - Delayed 1 second(s)

2022-02-16 23:53:12 - [TEST_STEP][PASSED] - try: scroll.scroll.scrollScreenBottomToTop is PASSED

2022-02-16 23:53:12 - [TEST_STEP][PASSED] - tapAndHold(PORT_ItemTopMutualFund, 1, 10): Tapped and held on element 'Object Repository/Mobile/Page/Portfolio/Item - Top Mutual Fund' with duration 1

2022-02-16 23:53:15 - [MESSAGE][PASSED] - Tapped and held on element 'Object Repository/Mobile/Page/Portfolio/Item - Top Mutual Fund' with duration 1

2022-02-16 23:53:15 - [TEST_STEP][PASSED] - delay(2): Delayed 2 second(s)

2022-02-16 23:53:17 - [MESSAGE][PASSED] - Delayed 2 second(s)

2022-02-16 23:53:17 - [TEST_STEP][PASSED] - switch (action2): null

2022-02-16 23:53:17 - [TEST_STEP][PASSED] - case "5 year":: null

2022-02-16 23:53:17 - [TEST_STEP][PASSED] - tapAndHold(PORT_DETL_Btn5Year, 1, 0): Tapped and held on element 'Object Repository/Mobile/Page/Portfolio/Detail Mutual Funds/Button - 5 Year' with duration 1

2022-02-16 23:53:17 - [MESSAGE][WARNING] - Timeout '0' is invalid. Using default page load timeout: '60'

2022-02-16 23:53:20 - [MESSAGE][PASSED] - Tapped and held on element 'Object Repository/Mobile/Page/Portfolio/Detail Mutual Funds/Button - 5 Year' with duration 1

2022-02-16 23:53:20 - [TEST_STEP][PASSED] - break: null

2022-02-16 23:53:20 - [TEST_STEP][PASSED] - delay(3): Delayed 3 second(s)

2022-02-16 23:53:23 - [MESSAGE][PASSED] - Delayed 3 second(s)

2022-02-16 23:53:23 - [TEST_STEP][PASSED] - scroll.scroll.scrollScreenBottomToTop(): scroll.scroll.scrollScreenBottomToTop is PASSED

2022-02-16 23:53:23 - [MESSAGE][PASSED] - Current device physical height is 1423

2022-02-16 23:53:23 - [MESSAGE][PASSED] - Current device physical width is 720

2022-02-16 23:53:25 - [MESSAGE][PASSED] - Swiped from 360,1,138 to 360,284

2022-02-16 23:53:25 - [MESSAGE][PASSED] - scroll.scroll.scrollScreenBottomToTop is PASSED

2022-02-16 23:53:25 - [MESSAGE][PASSED] - Call Test Case 'Test Cases/Mobile/Page/Portfolio/Portfolio' successfully

2022-02-16 23:53:25 - [TEST_STEP][PASSED] - callTestCase(findTestCase("Mobile/Page/Run App/Terminate App"), [:], STOP_ON_FAILURE): Call Test Case 'Test Cases/Mobile/Page/Run App/Terminate App' successfully

2022-02-16 23:53:25 - [TEST_CASE][PASSED] - Test Cases/Mobile/Page/Run App/Terminate App: Test Cases/Mobile/Page/Run App/Terminate App

2022-02-16 23:53:25 - [TEST_STEP][PASSED] - startApp.OpenApp.terminateApplication(): startApp.OpenApp.terminateApplication is PASSED

2022-02-16 23:53:28 - [MESSAGE][PASSED] - Delayed 3 second(s)

2022-02-16 23:53:28 - [MESSAGE][PASSED] - Current device physical width is 720

2022-02-16 23:53:28 - [MESSAGE][PASSED] - Current device physical height is 1423

2022-02-16 23:53:30 - [MESSAGE][PASSED] - Swiped from 360,853 to 360,142

2022-02-16 23:53:31 - [MESSAGE][PASSED] - Delayed 1 second(s)

2022-02-16 23:53:32 - [MESSAGE][PASSED] - Swiped from 360,853 to 360,142

2022-02-16 23:53:35 - [MESSAGE][PASSED] - Delayed 3 second(s)

2022-02-16 23:53:35 - [MESSAGE][PASSED] - startApp.OpenApp.terminateApplication is PASSED

2022-02-16 23:53:35 - [MESSAGE][PASSED] - Call Test Case 'Test Cases/Mobile/Page/Run App/Terminate App' successfully]]></system-out>
         <system-err><![CDATA[]]></system-err>
      </testcase>
      <testcase name="Test Cases/Mobile/Scenario/Portfolio/019 - Melihat detail mutual fund 10 year" time="66.346" classname="Test Cases/Mobile/Scenario/Portfolio/019 - Melihat detail mutual fund 10 year" status="PASSED">
         <system-out><![CDATA[2022-02-16 23:53:35 - [TEST_CASE][PASSED] - Test Cases/Mobile/Scenario/Portfolio/019 - Melihat detail mutual fund 10 year: Test Cases/Mobile/Scenario/Portfolio/019 - Melihat detail mutual fund 10 year

2022-02-16 23:53:35 - [TEST_STEP][PASSED] - callTestCase(findTestCase("Mobile/Page/Run App/Run App byID"), [:], STOP_ON_FAILURE): Call Test Case 'Test Cases/Mobile/Page/Run App/Run App byID' successfully

2022-02-16 23:53:35 - [TEST_CASE][PASSED] - Test Cases/Mobile/Page/Run App/Run App byID: Test Cases/Mobile/Page/Run App/Run App byID

2022-02-16 23:53:35 - [TEST_STEP][PASSED] - startApp.OpenApp.startApplication("id.co.miraeasset.sageclub"): startApp.OpenApp.startApplication is PASSED

2022-02-16 23:53:49 - [MESSAGE][PASSED] - Starting app with application ID: 'id.co.miraeasset.sageclub'

2022-02-16 23:53:49 - [MESSAGE][PASSED] - startApp.OpenApp.startApplication is PASSED

2022-02-16 23:53:49 - [MESSAGE][PASSED] - Call Test Case 'Test Cases/Mobile/Page/Run App/Run App byID' successfully

2022-02-16 23:53:49 - [TEST_STEP][PASSED] - callTestCase(findTestCase("Mobile/Page/Portfolio/Portfolio"), ["tab":"mutualfund", "action2":"10 year"], CONTINUE_ON_FAILURE): Call Test Case 'Test Cases/Mobile/Page/Portfolio/Portfolio' successfully

2022-02-16 23:53:49 - [TEST_CASE][PASSED] - Test Cases/Mobile/Page/Portfolio/Portfolio: Test Cases/Mobile/Page/Portfolio/Portfolio

2022-02-16 23:53:49 - [TEST_STEP][PASSED] - callTestCase(findTestCase("Mobile/Page/CheckLogin"), [:], CONTINUE_ON_FAILURE): Call Test Case 'Test Cases/Mobile/Page/CheckLogin' successfully

2022-02-16 23:53:49 - [TEST_CASE][PASSED] - Test Cases/Mobile/Page/CheckLogin: Test Cases/Mobile/Page/CheckLogin

2022-02-16 23:53:49 - [TEST_STEP][PASSED] - loginCheck = verifyElementExist(LOGN_BtnLogin, 5, CONTINUE_ON_FAILURE): Element 'Object Repository/Mobile/Page/Login/Button - Login' is exist

2022-02-16 23:53:51 - [MESSAGE][PASSED] - Element 'Object Repository/Mobile/Page/Login/Button - Login' is exist

2022-02-16 23:53:51 - [TEST_STEP][PASSED] - if (loginCheck): Call Test Case 'Test Cases/Mobile/Page/Login/Login' successfully

2022-02-16 23:53:51 - [TEST_STEP][PASSED] - callTestCase(findTestCase("Mobile/Page/Login/Login"), ["action":"username"], CONTINUE_ON_FAILURE): Call Test Case 'Test Cases/Mobile/Page/Login/Login' successfully

2022-02-16 23:53:51 - [TEST_CASE][PASSED] - Test Cases/Mobile/Page/Login/Login: Test Cases/Mobile/Page/Login/Login

2022-02-16 23:53:51 - [TEST_STEP][PASSED] - delay(2): Delayed 2 second(s)

2022-02-16 23:53:53 - [MESSAGE][PASSED] - Delayed 2 second(s)

2022-02-16 23:53:53 - [TEST_STEP][PASSED] - for ([i = 0, i < 1, (i++)]): null

2022-02-16 23:53:53 - [TEST_STEP][PASSED] - if (action == "username"): null

2022-02-16 23:53:53 - [TEST_STEP][PASSED] - tap(LOGN_EdtUserID, 0): Tapped on element 'Object Repository/Mobile/Page/Login/Input - UserID'

2022-02-16 23:53:53 - [MESSAGE][WARNING] - Timeout '0' is invalid. Using default page load timeout: '60'

2022-02-16 23:53:54 - [MESSAGE][PASSED] - Tapped on element 'Object Repository/Mobile/Page/Login/Input - UserID'

2022-02-16 23:53:54 - [TEST_STEP][PASSED] - delay(1): Delayed 1 second(s)

2022-02-16 23:53:55 - [MESSAGE][PASSED] - Delayed 1 second(s)

2022-02-16 23:53:55 - [TEST_STEP][PASSED] - setText(LOGN_EdtRdyUserID, "anggaaditya", 0): Text 'anggaaditya' has been set to element 'Object Repository/Mobile/Page/Login/Input Rdy - UserID'

2022-02-16 23:53:55 - [MESSAGE][WARNING] - Timeout '0' is invalid. Using default page load timeout: '60'

2022-02-16 23:53:56 - [MESSAGE][PASSED] - Text 'anggaaditya' has been set to element 'Object Repository/Mobile/Page/Login/Input Rdy - UserID'

2022-02-16 23:53:56 - [TEST_STEP][PASSED] - delay(1): Delayed 1 second(s)

2022-02-16 23:53:57 - [MESSAGE][PASSED] - Delayed 1 second(s)

2022-02-16 23:53:57 - [TEST_STEP][PASSED] - hideKeyboard(): Keyboard is hidden

2022-02-16 23:54:00 - [MESSAGE][PASSED] - Keyboard is hidden

2022-02-16 23:54:00 - [TEST_STEP][PASSED] - tap(LOGN_EdtPassword, 0): Tapped on element 'Object Repository/Mobile/Page/Login/Input - Password'

2022-02-16 23:54:00 - [MESSAGE][WARNING] - Timeout '0' is invalid. Using default page load timeout: '60'

2022-02-16 23:54:01 - [MESSAGE][PASSED] - Tapped on element 'Object Repository/Mobile/Page/Login/Input - Password'

2022-02-16 23:54:01 - [TEST_STEP][PASSED] - delay(1): Delayed 1 second(s)

2022-02-16 23:54:02 - [MESSAGE][PASSED] - Delayed 1 second(s)

2022-02-16 23:54:02 - [TEST_STEP][PASSED] - setText(LOGN_EdtRdyPassword, "Shalawa18", 0): Text 'Shalawa18' has been set to element 'Object Repository/Mobile/Page/Login/Input Rdy - Password'

2022-02-16 23:54:02 - [MESSAGE][WARNING] - Timeout '0' is invalid. Using default page load timeout: '60'

2022-02-16 23:54:02 - [MESSAGE][PASSED] - Text 'Shalawa18' has been set to element 'Object Repository/Mobile/Page/Login/Input Rdy - Password'

2022-02-16 23:54:02 - [TEST_STEP][PASSED] - delay(1): Delayed 1 second(s)

2022-02-16 23:54:03 - [MESSAGE][PASSED] - Delayed 1 second(s)

2022-02-16 23:54:03 - [TEST_STEP][PASSED] - hideKeyboard(): Keyboard is hidden

2022-02-16 23:54:10 - [MESSAGE][PASSED] - Keyboard is hidden

2022-02-16 23:54:10 - [TEST_STEP][PASSED] - tap(LOGN_BtnLogin, 0): Tapped on element 'Object Repository/Mobile/Page/Login/Button - Login'

2022-02-16 23:54:10 - [MESSAGE][WARNING] - Timeout '0' is invalid. Using default page load timeout: '60'

2022-02-16 23:54:11 - [MESSAGE][PASSED] - Tapped on element 'Object Repository/Mobile/Page/Login/Button - Login'

2022-02-16 23:54:11 - [TEST_STEP][PASSED] - delay(2): Delayed 2 second(s)

2022-02-16 23:54:13 - [MESSAGE][PASSED] - Delayed 2 second(s)

2022-02-16 23:54:13 - [TEST_STEP][PASSED] - break: null

2022-02-16 23:54:13 - [MESSAGE][PASSED] - Call Test Case 'Test Cases/Mobile/Page/Login/Login' successfully

2022-02-16 23:54:13 - [MESSAGE][PASSED] - Call Test Case 'Test Cases/Mobile/Page/CheckLogin' successfully

2022-02-16 23:54:13 - [TEST_STEP][PASSED] - tap(HOME_MenubarPortfolio, 0): Tapped on element 'Object Repository/Mobile/Page/Home/Menubar - Portfolio'

2022-02-16 23:54:13 - [MESSAGE][WARNING] - Timeout '0' is invalid. Using default page load timeout: '60'

2022-02-16 23:54:15 - [MESSAGE][PASSED] - Tapped on element 'Object Repository/Mobile/Page/Home/Menubar - Portfolio'

2022-02-16 23:54:15 - [TEST_STEP][PASSED] - delay(1): Delayed 1 second(s)

2022-02-16 23:54:16 - [MESSAGE][PASSED] - Delayed 1 second(s)

2022-02-16 23:54:16 - [TEST_STEP][PASSED] - for ([i = 0, i < 1, (i++)]): scroll.scroll.scrollScreenBottomToTop is PASSED

2022-02-16 23:54:16 - [TEST_STEP][PASSED] - if (tab == "summary"): null

2022-02-16 23:54:16 - [TEST_STEP][PASSED] - else if (tab == "stock"): null

2022-02-16 23:54:16 - [TEST_STEP][PASSED] - else if (tab == "mutualfund"): scroll.scroll.scrollScreenBottomToTop is PASSED

2022-02-16 23:54:16 - [TEST_STEP][PASSED] - tap(PORT_TabMutualFund, 0): Tapped on element 'Object Repository/Mobile/Page/Portfolio/Tab - Mutual Fund'

2022-02-16 23:54:16 - [MESSAGE][WARNING] - Timeout '0' is invalid. Using default page load timeout: '60'

2022-02-16 23:54:18 - [MESSAGE][PASSED] - Tapped on element 'Object Repository/Mobile/Page/Portfolio/Tab - Mutual Fund'

2022-02-16 23:54:18 - [TEST_STEP][PASSED] - delay(1): Delayed 1 second(s)

2022-02-16 23:54:19 - [MESSAGE][PASSED] - Delayed 1 second(s)

2022-02-16 23:54:19 - [TEST_STEP][PASSED] - try: scroll.scroll.scrollScreenBottomToTop is PASSED

2022-02-16 23:54:19 - [TEST_STEP][PASSED] - tapAndHold(PORT_ItemTopMutualFund, 1, 10): Tapped and held on element 'Object Repository/Mobile/Page/Portfolio/Item - Top Mutual Fund' with duration 1

2022-02-16 23:54:21 - [MESSAGE][PASSED] - Tapped and held on element 'Object Repository/Mobile/Page/Portfolio/Item - Top Mutual Fund' with duration 1

2022-02-16 23:54:21 - [TEST_STEP][PASSED] - delay(2): Delayed 2 second(s)

2022-02-16 23:54:23 - [MESSAGE][PASSED] - Delayed 2 second(s)

2022-02-16 23:54:23 - [TEST_STEP][PASSED] - switch (action2): null

2022-02-16 23:54:23 - [TEST_STEP][PASSED] - case "10 year":: null

2022-02-16 23:54:23 - [TEST_STEP][PASSED] - tapAndHold(PORT_DETL_Btn10Year, 1, 0): Tapped and held on element 'Object Repository/Mobile/Page/Portfolio/Detail Mutual Funds/Button - 10 Year' with duration 1

2022-02-16 23:54:23 - [MESSAGE][WARNING] - Timeout '0' is invalid. Using default page load timeout: '60'

2022-02-16 23:54:26 - [MESSAGE][PASSED] - Tapped and held on element 'Object Repository/Mobile/Page/Portfolio/Detail Mutual Funds/Button - 10 Year' with duration 1

2022-02-16 23:54:26 - [TEST_STEP][PASSED] - break: null

2022-02-16 23:54:26 - [TEST_STEP][PASSED] - delay(3): Delayed 3 second(s)

2022-02-16 23:54:29 - [MESSAGE][PASSED] - Delayed 3 second(s)

2022-02-16 23:54:29 - [TEST_STEP][PASSED] - scroll.scroll.scrollScreenBottomToTop(): scroll.scroll.scrollScreenBottomToTop is PASSED

2022-02-16 23:54:30 - [MESSAGE][PASSED] - Current device physical height is 1423

2022-02-16 23:54:30 - [MESSAGE][PASSED] - Current device physical width is 720

2022-02-16 23:54:31 - [MESSAGE][PASSED] - Swiped from 360,1,138 to 360,284

2022-02-16 23:54:31 - [MESSAGE][PASSED] - scroll.scroll.scrollScreenBottomToTop is PASSED

2022-02-16 23:54:31 - [MESSAGE][PASSED] - Call Test Case 'Test Cases/Mobile/Page/Portfolio/Portfolio' successfully

2022-02-16 23:54:31 - [TEST_STEP][PASSED] - callTestCase(findTestCase("Mobile/Page/Run App/Terminate App"), [:], STOP_ON_FAILURE): Call Test Case 'Test Cases/Mobile/Page/Run App/Terminate App' successfully

2022-02-16 23:54:31 - [TEST_CASE][PASSED] - Test Cases/Mobile/Page/Run App/Terminate App: Test Cases/Mobile/Page/Run App/Terminate App

2022-02-16 23:54:31 - [TEST_STEP][PASSED] - startApp.OpenApp.terminateApplication(): startApp.OpenApp.terminateApplication is PASSED

2022-02-16 23:54:34 - [MESSAGE][PASSED] - Delayed 3 second(s)

2022-02-16 23:54:34 - [MESSAGE][PASSED] - Current device physical width is 720

2022-02-16 23:54:35 - [MESSAGE][PASSED] - Current device physical height is 1423

2022-02-16 23:54:36 - [MESSAGE][PASSED] - Swiped from 360,853 to 360,142

2022-02-16 23:54:37 - [MESSAGE][PASSED] - Delayed 1 second(s)

2022-02-16 23:54:38 - [MESSAGE][PASSED] - Swiped from 360,853 to 360,142

2022-02-16 23:54:41 - [MESSAGE][PASSED] - Delayed 3 second(s)

2022-02-16 23:54:41 - [MESSAGE][PASSED] - startApp.OpenApp.terminateApplication is PASSED

2022-02-16 23:54:41 - [MESSAGE][PASSED] - Call Test Case 'Test Cases/Mobile/Page/Run App/Terminate App' successfully]]></system-out>
         <system-err><![CDATA[]]></system-err>
      </testcase>
      <system-out><![CDATA[2022-02-16 23:34:27 - [TEST_SUITE][PASSED] - portfolio: Test Cases/Mobile/Scenario/Portfolio/019 - Melihat detail mutual fund 10 year]]></system-out>
      <system-err><![CDATA[]]></system-err>
   </testsuite>
</testsuites>
