<?xml version="1.0" encoding="UTF-8"?>
<testsuites name="home" time="619.977" tests="8" failures="1" skips="0" errors="0">
   <testsuite name="home" tests="8" failures="1" errors="0" time="619.977" skips="0" timestamp="2022-03-14 19:18:19" hostname="Owner - aldy-tft" id="Test Suites/home">
      <properties>
         <property name="deviceName" value="samsung SM-A205F (Android 11)"/>
         <property name="devicePlatform" value=""/>
         <property name="logFolder" value="C:\\Users\\Owner\\Documents\\kerjaan\\KatalonProject\\qa_katalon_pwm\\qa_katalon_pwm\\Reports\\20220314_191629\\home\\20220314_191634"/>
         <property name="logFiles" value="C:\\Users\\Owner\\Documents\\kerjaan\\KatalonProject\\qa_katalon_pwm\\qa_katalon_pwm\\Reports\\20220314_191629\\home\\20220314_191634\\appium.log, C:\\Users\\Owner\\Documents\\kerjaan\\KatalonProject\\qa_katalon_pwm\\qa_katalon_pwm\\Reports\\20220314_191629\\home\\20220314_191634\\execution0.log"/>
         <property name="attachments" value="C:\\Users\\Owner\\Documents\\kerjaan\\KatalonProject\\qa_katalon_pwm\\qa_katalon_pwm\\Reports\\20220314_191629\\home\\20220314_191634\\1647260486772.png, C:\\Users\\Owner\\Documents\\kerjaan\\KatalonProject\\qa_katalon_pwm\\qa_katalon_pwm\\Reports\\20220314_191629\\home\\20220314_191634\\1647260487562.png, C:\\Users\\Owner\\Documents\\kerjaan\\KatalonProject\\qa_katalon_pwm\\qa_katalon_pwm\\Reports\\20220314_191629\\home\\20220314_191634\\1647260534871.png, C:\\Users\\Owner\\Documents\\kerjaan\\KatalonProject\\qa_katalon_pwm\\qa_katalon_pwm\\Reports\\20220314_191629\\home\\20220314_191634\\1647260535696.png, C:\\Users\\Owner\\Documents\\kerjaan\\KatalonProject\\qa_katalon_pwm\\qa_katalon_pwm\\Reports\\20220314_191629\\home\\20220314_191634\\1647260588003.png, C:\\Users\\Owner\\Documents\\kerjaan\\KatalonProject\\qa_katalon_pwm\\qa_katalon_pwm\\Reports\\20220314_191629\\home\\20220314_191634\\1647260588766.png, C:\\Users\\Owner\\Documents\\kerjaan\\KatalonProject\\qa_katalon_pwm\\qa_katalon_pwm\\Reports\\20220314_191629\\home\\20220314_191634\\1647260698941.png, C:\\Users\\Owner\\Documents\\kerjaan\\KatalonProject\\qa_katalon_pwm\\qa_katalon_pwm\\Reports\\20220314_191629\\home\\20220314_191634\\1647260802613.png, C:\\Users\\Owner\\Documents\\kerjaan\\KatalonProject\\qa_katalon_pwm\\qa_katalon_pwm\\Reports\\20220314_191629\\home\\20220314_191634\\1647260803394.png, C:\\Users\\Owner\\Documents\\kerjaan\\KatalonProject\\qa_katalon_pwm\\qa_katalon_pwm\\Reports\\20220314_191629\\home\\20220314_191634\\1647260860718.png, C:\\Users\\Owner\\Documents\\kerjaan\\KatalonProject\\qa_katalon_pwm\\qa_katalon_pwm\\Reports\\20220314_191629\\home\\20220314_191634\\1647260861507.png, C:\\Users\\Owner\\Documents\\kerjaan\\KatalonProject\\qa_katalon_pwm\\qa_katalon_pwm\\Reports\\20220314_191629\\home\\20220314_191634\\1647260907588.png, C:\\Users\\Owner\\Documents\\kerjaan\\KatalonProject\\qa_katalon_pwm\\qa_katalon_pwm\\Reports\\20220314_191629\\home\\20220314_191634\\1647260908396.png"/>
         <property name="hostName" value="Owner - aldy-tft"/>
         <property name="os" value="Windows 10 64bit"/>
         <property name="appiumServerStatus" value="{&quot;value&quot;:{&quot;build&quot;:{&quot;version&quot;:&quot;1.22.0&quot;}},&quot;sessionId&quot;:null,&quot;status&quot;:0}"/>
         <property name="katalonVersion" value="7.9.1.208"/>
         <property name="deviceOS" value="Android"/>
         <property name="appiumVersion" value="1.22.0"/>
         <property name="deviceModel" value="SM-A205F"/>
         <property name="hostAddress" value="192.168.100.14"/>
         <property name="deviceManufacturer" value="samsung"/>
         <property name="deviceId" value="RR8M40C9AXE"/>
         <property name="deviceName" value="samsung SM-A205F (Android 11)"/>
         <property name="deviceOSVersion" value="11"/>
      </properties>
      <testcase name="Test Cases/Mobile/Scenario/Home/001 - Melihat performance portfolio (highlight)" time="77.24" classname="Test Cases/Mobile/Scenario/Home/001 - Melihat performance portfolio (highlight)" status="PASSED">
         <system-out><![CDATA[2022-03-14 19:18:21 - [TEST_CASE][PASSED] - Test Cases/Mobile/Scenario/Home/001 - Melihat performance portfolio (highlight): Test Cases/Mobile/Scenario/Home/001 - Melihat performance portfolio (highlight)

2022-03-14 19:18:21 - [TEST_STEP][PASSED] - callTestCase(findTestCase("Mobile/Page/Run App/Run App byID"), [:], STOP_ON_FAILURE): Call Test Case 'Test Cases/Mobile/Page/Run App/Run App byID' successfully

2022-03-14 19:18:21 - [TEST_CASE][PASSED] - Test Cases/Mobile/Page/Run App/Run App byID: Test Cases/Mobile/Page/Run App/Run App byID

2022-03-14 19:18:22 - [TEST_STEP][PASSED] - startApp.OpenApp.startApplication("id.co.miraeasset.sageclub"): startApp.OpenApp.startApplication is PASSED

2022-03-14 19:18:24 - [MESSAGE][INFO] - Appium server started on port 60,729

2022-03-14 19:18:40 - [MESSAGE][PASSED] - Starting app with application ID: 'id.co.miraeasset.sageclub'

2022-03-14 19:18:41 - [MESSAGE][PASSED] - startApp.OpenApp.startApplication is PASSED

2022-03-14 19:18:41 - [MESSAGE][PASSED] - Call Test Case 'Test Cases/Mobile/Page/Run App/Run App byID' successfully

2022-03-14 19:18:41 - [TEST_STEP][PASSED] - callTestCase(findTestCase("Mobile/Page/Home/Home"), ["page":"none", "action":"seeperformance"], CONTINUE_ON_FAILURE): Call Test Case 'Test Cases/Mobile/Page/Home/Home' successfully

2022-03-14 19:18:41 - [TEST_CASE][PASSED] - Test Cases/Mobile/Page/Home/Home: Test Cases/Mobile/Page/Home/Home

2022-03-14 19:18:41 - [TEST_STEP][PASSED] - callTestCase(findTestCase("Mobile/Page/CheckLogin"), [:], CONTINUE_ON_FAILURE): Call Test Case 'Test Cases/Mobile/Page/CheckLogin' successfully

2022-03-14 19:18:41 - [TEST_CASE][PASSED] - Test Cases/Mobile/Page/CheckLogin: Test Cases/Mobile/Page/CheckLogin

2022-03-14 19:18:42 - [TEST_STEP][PASSED] - loginCheck = verifyElementExist(LOGN_BtnLogin, 5, CONTINUE_ON_FAILURE): Element 'Object Repository/Mobile/Page/Login/Button - Login' is exist

2022-03-14 19:18:42 - [MESSAGE][WARNING] - Test object with id 'Object Repository/Mobile/Page/Analysis/Button - Open With Just Once' does not exist

2022-03-14 19:18:42 - [MESSAGE][WARNING] - Test object with id 'Object Repository/Mobile/Page/Analysis/Button - Search' does not exist

2022-03-14 19:18:44 - [MESSAGE][WARNING] - Test object with id 'Object Repository/Mobile/Page/Home/Button -  Add Watchlist' does not exist

2022-03-14 19:18:44 - [MESSAGE][WARNING] - Test object with id 'Object Repository/Mobile/Page/Home/Button - Open with Just Once' does not exist

2022-03-14 19:18:44 - [MESSAGE][WARNING] - Test object with id 'Object Repository/Mobile/Page/Home/Container - Notification' does not exist

2022-03-14 19:18:45 - [MESSAGE][WARNING] - Test object with id 'Object Repository/Mobile/Page/Home/Watchlist/Input - Search' does not exist

2022-03-14 19:18:45 - [MESSAGE][WARNING] - Test object with id 'Object Repository/Mobile/Page/Home/Watchlist/Item - Top Search' does not exist

2022-03-14 19:18:45 - [MESSAGE][WARNING] - Test object with id 'Object Repository/Mobile/Page/Home/Watchlist/Detail Watchlist/Input - Expiry Date' does not exist

2022-03-14 19:18:45 - [MESSAGE][WARNING] - Test object with id 'Object Repository/Mobile/Page/Home/Watchlist/Detail Watchlist/Item - Watchlist' does not exist

2022-03-14 19:18:46 - [MESSAGE][WARNING] - Test object with id 'Object Repository/Mobile/Page/NavigationMenu/Button - Open Just Once' does not exist

2022-03-14 19:18:46 - [MESSAGE][WARNING] - Test object with id 'Object Repository/Mobile/Page/NavigationMenu/Container - Logout' does not exist

2022-03-14 19:18:51 - [MESSAGE][WARNING] - Test object with id 'Object Repository/Mobile/Page/Analysis/Button - Open With Just Once' does not exist

2022-03-14 19:18:51 - [MESSAGE][WARNING] - Test object with id 'Object Repository/Mobile/Page/Analysis/Button - Search' does not exist

2022-03-14 19:18:52 - [MESSAGE][WARNING] - Test object with id 'Object Repository/Mobile/Page/Home/Button -  Add Watchlist' does not exist

2022-03-14 19:18:52 - [MESSAGE][WARNING] - Test object with id 'Object Repository/Mobile/Page/Home/Button - Open with Just Once' does not exist

2022-03-14 19:18:53 - [MESSAGE][WARNING] - Test object with id 'Object Repository/Mobile/Page/Home/Container - Notification' does not exist

2022-03-14 19:18:53 - [MESSAGE][WARNING] - Test object with id 'Object Repository/Mobile/Page/Home/Watchlist/Input - Search' does not exist

2022-03-14 19:18:53 - [MESSAGE][WARNING] - Test object with id 'Object Repository/Mobile/Page/Home/Watchlist/Item - Top Search' does not exist

2022-03-14 19:18:54 - [MESSAGE][WARNING] - Test object with id 'Object Repository/Mobile/Page/Home/Watchlist/Detail Watchlist/Input - Expiry Date' does not exist

2022-03-14 19:18:54 - [MESSAGE][WARNING] - Test object with id 'Object Repository/Mobile/Page/Home/Watchlist/Detail Watchlist/Item - Watchlist' does not exist

2022-03-14 19:18:55 - [MESSAGE][WARNING] - Test object with id 'Object Repository/Mobile/Page/NavigationMenu/Button - Open Just Once' does not exist

2022-03-14 19:18:55 - [MESSAGE][WARNING] - Test object with id 'Object Repository/Mobile/Page/NavigationMenu/Container - Logout' does not exist

2022-03-14 19:19:00 - [MESSAGE][PASSED] - Element 'Object Repository/Mobile/Page/Login/Button - Login' is exist

2022-03-14 19:19:00 - [TEST_STEP][PASSED] - if (loginCheck): Call Test Case 'Test Cases/Mobile/Page/Login/Login' successfully

2022-03-14 19:19:00 - [TEST_STEP][PASSED] - callTestCase(findTestCase("Mobile/Page/Login/Login"), ["action":"username"], CONTINUE_ON_FAILURE): Call Test Case 'Test Cases/Mobile/Page/Login/Login' successfully

2022-03-14 19:19:00 - [TEST_CASE][PASSED] - Test Cases/Mobile/Page/Login/Login: Test Cases/Mobile/Page/Login/Login

2022-03-14 19:19:00 - [TEST_STEP][PASSED] - delay(2): Delayed 2 second(s)

2022-03-14 19:19:02 - [MESSAGE][PASSED] - Delayed 2 second(s)

2022-03-14 19:19:02 - [TEST_STEP][PASSED] - for ([i = 0, i < 1, (i++)]): null

2022-03-14 19:19:02 - [TEST_STEP][PASSED] - if (action == "username"): null

2022-03-14 19:19:02 - [TEST_STEP][PASSED] - tap(LOGN_EdtUserID, 0): Tapped on element 'Object Repository/Mobile/Page/Login/Input - UserID'

2022-03-14 19:19:02 - [MESSAGE][WARNING] - Timeout '0' is invalid. Using default page load timeout: '60'

2022-03-14 19:19:02 - [MESSAGE][PASSED] - Tapped on element 'Object Repository/Mobile/Page/Login/Input - UserID'

2022-03-14 19:19:02 - [TEST_STEP][PASSED] - delay(1): Delayed 1 second(s)

2022-03-14 19:19:04 - [MESSAGE][PASSED] - Delayed 1 second(s)

2022-03-14 19:19:04 - [TEST_STEP][PASSED] - setText(LOGN_EdtRdyUserID, "anggaaditya", 0): Text 'anggaaditya' has been set to element 'Object Repository/Mobile/Page/Login/Input Rdy - UserID'

2022-03-14 19:19:04 - [MESSAGE][WARNING] - Timeout '0' is invalid. Using default page load timeout: '60'

2022-03-14 19:19:04 - [MESSAGE][PASSED] - Text 'anggaaditya' has been set to element 'Object Repository/Mobile/Page/Login/Input Rdy - UserID'

2022-03-14 19:19:04 - [TEST_STEP][PASSED] - delay(1): Delayed 1 second(s)

2022-03-14 19:19:05 - [MESSAGE][PASSED] - Delayed 1 second(s)

2022-03-14 19:19:05 - [TEST_STEP][PASSED] - hideKeyboard(): Keyboard is hidden

2022-03-14 19:19:09 - [MESSAGE][PASSED] - Keyboard is hidden

2022-03-14 19:19:09 - [TEST_STEP][PASSED] - tap(LOGN_EdtPassword, 0): Tapped on element 'Object Repository/Mobile/Page/Login/Input - Password'

2022-03-14 19:19:09 - [MESSAGE][WARNING] - Timeout '0' is invalid. Using default page load timeout: '60'

2022-03-14 19:19:10 - [MESSAGE][PASSED] - Tapped on element 'Object Repository/Mobile/Page/Login/Input - Password'

2022-03-14 19:19:10 - [TEST_STEP][PASSED] - delay(1): Delayed 1 second(s)

2022-03-14 19:19:11 - [MESSAGE][PASSED] - Delayed 1 second(s)

2022-03-14 19:19:11 - [TEST_STEP][PASSED] - setText(LOGN_EdtRdyPassword, "Shalawa18", 0): Text 'Shalawa18' has been set to element 'Object Repository/Mobile/Page/Login/Input Rdy - Password'

2022-03-14 19:19:11 - [MESSAGE][WARNING] - Timeout '0' is invalid. Using default page load timeout: '60'

2022-03-14 19:19:11 - [MESSAGE][PASSED] - Text 'Shalawa18' has been set to element 'Object Repository/Mobile/Page/Login/Input Rdy - Password'

2022-03-14 19:19:11 - [TEST_STEP][PASSED] - delay(1): Delayed 1 second(s)

2022-03-14 19:19:12 - [MESSAGE][PASSED] - Delayed 1 second(s)

2022-03-14 19:19:12 - [TEST_STEP][PASSED] - hideKeyboard(): Keyboard is hidden

2022-03-14 19:19:18 - [MESSAGE][PASSED] - Keyboard is hidden

2022-03-14 19:19:18 - [TEST_STEP][PASSED] - tap(LOGN_BtnLogin, 0): Tapped on element 'Object Repository/Mobile/Page/Login/Button - Login'

2022-03-14 19:19:19 - [MESSAGE][WARNING] - Timeout '0' is invalid. Using default page load timeout: '60'

2022-03-14 19:19:20 - [MESSAGE][PASSED] - Tapped on element 'Object Repository/Mobile/Page/Login/Button - Login'

2022-03-14 19:19:20 - [TEST_STEP][PASSED] - delay(2): Delayed 2 second(s)

2022-03-14 19:19:22 - [MESSAGE][PASSED] - Delayed 2 second(s)

2022-03-14 19:19:22 - [TEST_STEP][PASSED] - break: null

2022-03-14 19:19:22 - [MESSAGE][PASSED] - Call Test Case 'Test Cases/Mobile/Page/Login/Login' successfully

2022-03-14 19:19:22 - [MESSAGE][PASSED] - Call Test Case 'Test Cases/Mobile/Page/CheckLogin' successfully

2022-03-14 19:19:22 - [TEST_STEP][PASSED] - for ([i = 0, i < 1, (i++)]): null

2022-03-14 19:19:22 - [TEST_STEP][PASSED] - if (action == "seeperformance"): null

2022-03-14 19:19:22 - [TEST_STEP][PASSED] - scroll.scroll.scrollScreenRightToLeft(HOME_ItemDailyPerf): scroll.scroll.scrollScreenRightToLeft is PASSED

2022-03-14 19:19:22 - [MESSAGE][WARNING] - Timeout '0' is invalid. Using default page load timeout: '60'

2022-03-14 19:19:23 - [MESSAGE][PASSED] - Object 'Object Repository/Mobile/Page/Home/Item - Daily Performance' has left position '0'

2022-03-14 19:19:23 - [MESSAGE][WARNING] - Timeout '0' is invalid. Using default page load timeout: '60'

2022-03-14 19:19:23 - [MESSAGE][PASSED] - Object 'Object Repository/Mobile/Page/Home/Item - Daily Performance' has top position '239'

2022-03-14 19:19:23 - [MESSAGE][WARNING] - Timeout '0' is invalid. Using default page load timeout: '60'

2022-03-14 19:19:24 - [MESSAGE][PASSED] - Object 'Object Repository/Mobile/Page/Home/Item - Daily Performance' has width: '460'

2022-03-14 19:19:24 - [MESSAGE][WARNING] - Timeout '0' is invalid. Using default page load timeout: '60'

2022-03-14 19:19:24 - [MESSAGE][PASSED] - Object 'Object Repository/Mobile/Page/Home/Item - Daily Performance' has height: '200'

2022-03-14 19:19:24 - [MESSAGE][PASSED] - Current device physical width is 720

2022-03-14 19:19:25 - [MESSAGE][PASSED] - Swiped from 620,339 to 100,339

2022-03-14 19:19:25 - [MESSAGE][PASSED] - scroll.scroll.scrollScreenRightToLeft is PASSED

2022-03-14 19:19:25 - [TEST_STEP][PASSED] - delay(2): Delayed 2 second(s)

2022-03-14 19:19:27 - [MESSAGE][PASSED] - Delayed 2 second(s)

2022-03-14 19:19:27 - [TEST_STEP][PASSED] - break: null

2022-03-14 19:19:27 - [MESSAGE][PASSED] - Call Test Case 'Test Cases/Mobile/Page/Home/Home' successfully

2022-03-14 19:19:27 - [TEST_STEP][PASSED] - callTestCase(findTestCase("Mobile/Page/Run App/Terminate App"), [:], STOP_ON_FAILURE): Call Test Case 'Test Cases/Mobile/Page/Run App/Terminate App' successfully

2022-03-14 19:19:27 - [TEST_CASE][PASSED] - Test Cases/Mobile/Page/Run App/Terminate App: Test Cases/Mobile/Page/Run App/Terminate App

2022-03-14 19:19:28 - [TEST_STEP][PASSED] - startApp.OpenApp.terminateApplication(): startApp.OpenApp.terminateApplication is PASSED

2022-03-14 19:19:31 - [MESSAGE][PASSED] - Delayed 3 second(s)

2022-03-14 19:19:31 - [MESSAGE][PASSED] - Current device physical width is 720

2022-03-14 19:19:31 - [MESSAGE][PASSED] - Current device physical height is 1423

2022-03-14 19:19:32 - [MESSAGE][PASSED] - Swiped from 360,853 to 360,142

2022-03-14 19:19:33 - [MESSAGE][PASSED] - Delayed 1 second(s)

2022-03-14 19:19:35 - [MESSAGE][PASSED] - Swiped from 360,853 to 360,142

2022-03-14 19:19:38 - [MESSAGE][PASSED] - Delayed 3 second(s)

2022-03-14 19:19:38 - [MESSAGE][PASSED] - startApp.OpenApp.terminateApplication is PASSED

2022-03-14 19:19:38 - [MESSAGE][PASSED] - Call Test Case 'Test Cases/Mobile/Page/Run App/Terminate App' successfully]]></system-out>
         <system-err><![CDATA[]]></system-err>
      </testcase>
      <testcase name="Test Cases/Mobile/Scenario/Home/002 - Melihat ad-hoc statement" time="65.715" classname="Test Cases/Mobile/Scenario/Home/002 - Melihat ad-hoc statement" status="PASSED">
         <system-out><![CDATA[2022-03-14 19:19:38 - [TEST_CASE][PASSED] - Test Cases/Mobile/Scenario/Home/002 - Melihat ad-hoc statement: Test Cases/Mobile/Scenario/Home/002 - Melihat ad-hoc statement

2022-03-14 19:19:38 - [TEST_STEP][PASSED] - callTestCase(findTestCase("Mobile/Page/Run App/Run App byID"), [:], STOP_ON_FAILURE): Call Test Case 'Test Cases/Mobile/Page/Run App/Run App byID' successfully

2022-03-14 19:19:38 - [TEST_CASE][PASSED] - Test Cases/Mobile/Page/Run App/Run App byID: Test Cases/Mobile/Page/Run App/Run App byID

2022-03-14 19:19:38 - [TEST_STEP][PASSED] - startApp.OpenApp.startApplication("id.co.miraeasset.sageclub"): startApp.OpenApp.startApplication is PASSED

2022-03-14 19:19:51 - [MESSAGE][PASSED] - Starting app with application ID: 'id.co.miraeasset.sageclub'

2022-03-14 19:19:51 - [MESSAGE][PASSED] - startApp.OpenApp.startApplication is PASSED

2022-03-14 19:19:51 - [MESSAGE][PASSED] - Call Test Case 'Test Cases/Mobile/Page/Run App/Run App byID' successfully

2022-03-14 19:19:51 - [TEST_STEP][PASSED] - callTestCase(findTestCase("Mobile/Page/Home/Home"), ["page":"none", "action":"requestadhoc"], CONTINUE_ON_FAILURE): Call Test Case 'Test Cases/Mobile/Page/Home/Home' successfully

2022-03-14 19:19:51 - [TEST_CASE][PASSED] - Test Cases/Mobile/Page/Home/Home: Test Cases/Mobile/Page/Home/Home

2022-03-14 19:19:51 - [TEST_STEP][PASSED] - callTestCase(findTestCase("Mobile/Page/CheckLogin"), [:], CONTINUE_ON_FAILURE): Call Test Case 'Test Cases/Mobile/Page/CheckLogin' successfully

2022-03-14 19:19:51 - [TEST_CASE][PASSED] - Test Cases/Mobile/Page/CheckLogin: Test Cases/Mobile/Page/CheckLogin

2022-03-14 19:19:51 - [TEST_STEP][PASSED] - loginCheck = verifyElementExist(LOGN_BtnLogin, 5, CONTINUE_ON_FAILURE): Element 'Object Repository/Mobile/Page/Login/Button - Login' is exist

2022-03-14 19:19:53 - [MESSAGE][PASSED] - Element 'Object Repository/Mobile/Page/Login/Button - Login' is exist

2022-03-14 19:19:53 - [TEST_STEP][PASSED] - if (loginCheck): Call Test Case 'Test Cases/Mobile/Page/Login/Login' successfully

2022-03-14 19:19:53 - [TEST_STEP][PASSED] - callTestCase(findTestCase("Mobile/Page/Login/Login"), ["action":"username"], CONTINUE_ON_FAILURE): Call Test Case 'Test Cases/Mobile/Page/Login/Login' successfully

2022-03-14 19:19:53 - [TEST_CASE][PASSED] - Test Cases/Mobile/Page/Login/Login: Test Cases/Mobile/Page/Login/Login

2022-03-14 19:19:53 - [TEST_STEP][PASSED] - delay(2): Delayed 2 second(s)

2022-03-14 19:19:55 - [MESSAGE][PASSED] - Delayed 2 second(s)

2022-03-14 19:19:55 - [TEST_STEP][PASSED] - for ([i = 0, i < 1, (i++)]): null

2022-03-14 19:19:55 - [TEST_STEP][PASSED] - if (action == "username"): null

2022-03-14 19:19:55 - [TEST_STEP][PASSED] - tap(LOGN_EdtUserID, 0): Tapped on element 'Object Repository/Mobile/Page/Login/Input - UserID'

2022-03-14 19:19:55 - [MESSAGE][WARNING] - Timeout '0' is invalid. Using default page load timeout: '60'

2022-03-14 19:19:56 - [MESSAGE][PASSED] - Tapped on element 'Object Repository/Mobile/Page/Login/Input - UserID'

2022-03-14 19:19:56 - [TEST_STEP][PASSED] - delay(1): Delayed 1 second(s)

2022-03-14 19:19:57 - [MESSAGE][PASSED] - Delayed 1 second(s)

2022-03-14 19:19:57 - [TEST_STEP][PASSED] - setText(LOGN_EdtRdyUserID, "anggaaditya", 0): Text 'anggaaditya' has been set to element 'Object Repository/Mobile/Page/Login/Input Rdy - UserID'

2022-03-14 19:19:57 - [MESSAGE][WARNING] - Timeout '0' is invalid. Using default page load timeout: '60'

2022-03-14 19:19:57 - [MESSAGE][PASSED] - Text 'anggaaditya' has been set to element 'Object Repository/Mobile/Page/Login/Input Rdy - UserID'

2022-03-14 19:19:57 - [TEST_STEP][PASSED] - delay(1): Delayed 1 second(s)

2022-03-14 19:19:58 - [MESSAGE][PASSED] - Delayed 1 second(s)

2022-03-14 19:19:58 - [TEST_STEP][PASSED] - hideKeyboard(): Keyboard is hidden

2022-03-14 19:20:02 - [MESSAGE][PASSED] - Keyboard is hidden

2022-03-14 19:20:02 - [TEST_STEP][PASSED] - tap(LOGN_EdtPassword, 0): Tapped on element 'Object Repository/Mobile/Page/Login/Input - Password'

2022-03-14 19:20:02 - [MESSAGE][WARNING] - Timeout '0' is invalid. Using default page load timeout: '60'

2022-03-14 19:20:03 - [MESSAGE][PASSED] - Tapped on element 'Object Repository/Mobile/Page/Login/Input - Password'

2022-03-14 19:20:03 - [TEST_STEP][PASSED] - delay(1): Delayed 1 second(s)

2022-03-14 19:20:04 - [MESSAGE][PASSED] - Delayed 1 second(s)

2022-03-14 19:20:04 - [TEST_STEP][PASSED] - setText(LOGN_EdtRdyPassword, "Shalawa18", 0): Text 'Shalawa18' has been set to element 'Object Repository/Mobile/Page/Login/Input Rdy - Password'

2022-03-14 19:20:04 - [MESSAGE][WARNING] - Timeout '0' is invalid. Using default page load timeout: '60'

2022-03-14 19:20:04 - [MESSAGE][PASSED] - Text 'Shalawa18' has been set to element 'Object Repository/Mobile/Page/Login/Input Rdy - Password'

2022-03-14 19:20:04 - [TEST_STEP][PASSED] - delay(1): Delayed 1 second(s)

2022-03-14 19:20:05 - [MESSAGE][PASSED] - Delayed 1 second(s)

2022-03-14 19:20:05 - [TEST_STEP][PASSED] - hideKeyboard(): Keyboard is hidden

2022-03-14 19:20:15 - [MESSAGE][PASSED] - Keyboard is hidden

2022-03-14 19:20:15 - [TEST_STEP][PASSED] - tap(LOGN_BtnLogin, 0): Tapped on element 'Object Repository/Mobile/Page/Login/Button - Login'

2022-03-14 19:20:15 - [MESSAGE][WARNING] - Timeout '0' is invalid. Using default page load timeout: '60'

2022-03-14 19:20:16 - [MESSAGE][PASSED] - Tapped on element 'Object Repository/Mobile/Page/Login/Button - Login'

2022-03-14 19:20:16 - [TEST_STEP][PASSED] - delay(2): Delayed 2 second(s)

2022-03-14 19:20:19 - [MESSAGE][PASSED] - Delayed 2 second(s)

2022-03-14 19:20:19 - [TEST_STEP][PASSED] - break: null

2022-03-14 19:20:19 - [MESSAGE][PASSED] - Call Test Case 'Test Cases/Mobile/Page/Login/Login' successfully

2022-03-14 19:20:19 - [MESSAGE][PASSED] - Call Test Case 'Test Cases/Mobile/Page/CheckLogin' successfully

2022-03-14 19:20:19 - [TEST_STEP][PASSED] - for ([i = 0, i < 1, (i++)]): null

2022-03-14 19:20:19 - [TEST_STEP][PASSED] - if (action == "seeperformance"): null

2022-03-14 19:20:19 - [TEST_STEP][PASSED] - else if (action == "requestadhoc"): null

2022-03-14 19:20:19 - [TEST_STEP][PASSED] - adhoc = HOME_ContRequestAdHoc: null

2022-03-14 19:20:19 - [TEST_STEP][PASSED] - x = getDeviceWidth() / 2: Current device physical width is 720

2022-03-14 19:20:19 - [MESSAGE][PASSED] - Current device physical width is 720

2022-03-14 19:20:19 - [TEST_STEP][PASSED] - y = getElementTopPosition(adhoc, 0) + getElementHeight(adhoc, 0) * 0.82: Object 'Object Repository/Mobile/Page/Home/Container - Request Ad Hoc' has height: '210'

2022-03-14 19:20:19 - [MESSAGE][WARNING] - Timeout '0' is invalid. Using default page load timeout: '60'

2022-03-14 19:20:21 - [MESSAGE][PASSED] - Object 'Object Repository/Mobile/Page/Home/Container - Request Ad Hoc' has top position '448'

2022-03-14 19:20:21 - [MESSAGE][WARNING] - Timeout '0' is invalid. Using default page load timeout: '60'

2022-03-14 19:20:22 - [MESSAGE][PASSED] - Object 'Object Repository/Mobile/Page/Home/Container - Request Ad Hoc' has height: '210'

2022-03-14 19:20:22 - [TEST_STEP][PASSED] - out.println("x : " + x): null

2022-03-14 19:20:22 - [TEST_STEP][PASSED] - out.println("y : " + y): null

2022-03-14 19:20:22 - [TEST_STEP][PASSED] - tapAtPosition(x, y): Tapped at [360, 620]

2022-03-14 19:20:22 - [MESSAGE][PASSED] - Tapped at [360, 620]

2022-03-14 19:20:22 - [TEST_STEP][PASSED] - delay(10): Delayed 10 second(s)

2022-03-14 19:20:32 - [MESSAGE][PASSED] - Delayed 10 second(s)

2022-03-14 19:20:32 - [TEST_STEP][PASSED] - pressBack(): Press back button successfully

2022-03-14 19:20:32 - [MESSAGE][PASSED] - Press back button successfully

2022-03-14 19:20:32 - [TEST_STEP][PASSED] - delay(1): Delayed 1 second(s)

2022-03-14 19:20:33 - [MESSAGE][PASSED] - Delayed 1 second(s)

2022-03-14 19:20:33 - [TEST_STEP][PASSED] - break: null

2022-03-14 19:20:33 - [MESSAGE][PASSED] - Call Test Case 'Test Cases/Mobile/Page/Home/Home' successfully

2022-03-14 19:20:33 - [TEST_STEP][PASSED] - callTestCase(findTestCase("Mobile/Page/Run App/Terminate App"), [:], STOP_ON_FAILURE): Call Test Case 'Test Cases/Mobile/Page/Run App/Terminate App' successfully

2022-03-14 19:20:33 - [TEST_CASE][PASSED] - Test Cases/Mobile/Page/Run App/Terminate App: Test Cases/Mobile/Page/Run App/Terminate App

2022-03-14 19:20:33 - [TEST_STEP][PASSED] - startApp.OpenApp.terminateApplication(): startApp.OpenApp.terminateApplication is PASSED

2022-03-14 19:20:36 - [MESSAGE][PASSED] - Delayed 3 second(s)

2022-03-14 19:20:37 - [MESSAGE][PASSED] - Current device physical width is 720

2022-03-14 19:20:37 - [MESSAGE][PASSED] - Current device physical height is 1423

2022-03-14 19:20:38 - [MESSAGE][PASSED] - Swiped from 360,853 to 360,142

2022-03-14 19:20:39 - [MESSAGE][PASSED] - Delayed 1 second(s)

2022-03-14 19:20:40 - [MESSAGE][PASSED] - Swiped from 360,853 to 360,142

2022-03-14 19:20:43 - [MESSAGE][PASSED] - Delayed 3 second(s)

2022-03-14 19:20:43 - [MESSAGE][PASSED] - startApp.OpenApp.terminateApplication is PASSED

2022-03-14 19:20:43 - [MESSAGE][PASSED] - Call Test Case 'Test Cases/Mobile/Page/Run App/Terminate App' successfully]]></system-out>
         <system-err><![CDATA[]]></system-err>
      </testcase>
      <testcase name="Test Cases/Mobile/Scenario/Home/003 - Menambahkan watchlist" time="102.747" classname="Test Cases/Mobile/Scenario/Home/003 - Menambahkan watchlist" status="PASSED">
         <system-out><![CDATA[2022-03-14 19:20:43 - [TEST_CASE][PASSED] - Test Cases/Mobile/Scenario/Home/003 - Menambahkan watchlist: Test Cases/Mobile/Scenario/Home/003 - Menambahkan watchlist

2022-03-14 19:20:44 - [TEST_STEP][PASSED] - callTestCase(findTestCase("Mobile/Page/Run App/Run App byID"), [:], STOP_ON_FAILURE): Call Test Case 'Test Cases/Mobile/Page/Run App/Run App byID' successfully

2022-03-14 19:20:44 - [TEST_CASE][PASSED] - Test Cases/Mobile/Page/Run App/Run App byID: Test Cases/Mobile/Page/Run App/Run App byID

2022-03-14 19:20:44 - [TEST_STEP][PASSED] - startApp.OpenApp.startApplication("id.co.miraeasset.sageclub"): startApp.OpenApp.startApplication is PASSED

2022-03-14 19:20:58 - [MESSAGE][PASSED] - Starting app with application ID: 'id.co.miraeasset.sageclub'

2022-03-14 19:20:58 - [MESSAGE][PASSED] - startApp.OpenApp.startApplication is PASSED

2022-03-14 19:20:58 - [MESSAGE][PASSED] - Call Test Case 'Test Cases/Mobile/Page/Run App/Run App byID' successfully

2022-03-14 19:20:58 - [TEST_STEP][PASSED] - callTestCase(findTestCase("Mobile/Page/Home/Home"), ["page":"none", "action":"addwatchlist"], CONTINUE_ON_FAILURE): Call Test Case 'Test Cases/Mobile/Page/Home/Home' successfully

2022-03-14 19:20:58 - [TEST_CASE][PASSED] - Test Cases/Mobile/Page/Home/Home: Test Cases/Mobile/Page/Home/Home

2022-03-14 19:20:58 - [TEST_STEP][PASSED] - callTestCase(findTestCase("Mobile/Page/CheckLogin"), [:], CONTINUE_ON_FAILURE): Call Test Case 'Test Cases/Mobile/Page/CheckLogin' successfully

2022-03-14 19:20:58 - [TEST_CASE][PASSED] - Test Cases/Mobile/Page/CheckLogin: Test Cases/Mobile/Page/CheckLogin

2022-03-14 19:20:58 - [TEST_STEP][PASSED] - loginCheck = verifyElementExist(LOGN_BtnLogin, 5, CONTINUE_ON_FAILURE): Element 'Object Repository/Mobile/Page/Login/Button - Login' is exist

2022-03-14 19:21:00 - [MESSAGE][PASSED] - Element 'Object Repository/Mobile/Page/Login/Button - Login' is exist

2022-03-14 19:21:00 - [TEST_STEP][PASSED] - if (loginCheck): Call Test Case 'Test Cases/Mobile/Page/Login/Login' successfully

2022-03-14 19:21:00 - [TEST_STEP][PASSED] - callTestCase(findTestCase("Mobile/Page/Login/Login"), ["action":"username"], CONTINUE_ON_FAILURE): Call Test Case 'Test Cases/Mobile/Page/Login/Login' successfully

2022-03-14 19:21:00 - [TEST_CASE][PASSED] - Test Cases/Mobile/Page/Login/Login: Test Cases/Mobile/Page/Login/Login

2022-03-14 19:21:00 - [TEST_STEP][PASSED] - delay(2): Delayed 2 second(s)

2022-03-14 19:21:02 - [MESSAGE][PASSED] - Delayed 2 second(s)

2022-03-14 19:21:02 - [TEST_STEP][PASSED] - for ([i = 0, i < 1, (i++)]): null

2022-03-14 19:21:02 - [TEST_STEP][PASSED] - if (action == "username"): null

2022-03-14 19:21:02 - [TEST_STEP][PASSED] - tap(LOGN_EdtUserID, 0): Tapped on element 'Object Repository/Mobile/Page/Login/Input - UserID'

2022-03-14 19:21:02 - [MESSAGE][WARNING] - Timeout '0' is invalid. Using default page load timeout: '60'

2022-03-14 19:21:03 - [MESSAGE][PASSED] - Tapped on element 'Object Repository/Mobile/Page/Login/Input - UserID'

2022-03-14 19:21:03 - [TEST_STEP][PASSED] - delay(1): Delayed 1 second(s)

2022-03-14 19:21:04 - [MESSAGE][PASSED] - Delayed 1 second(s)

2022-03-14 19:21:04 - [TEST_STEP][PASSED] - setText(LOGN_EdtRdyUserID, "anggaaditya", 0): Text 'anggaaditya' has been set to element 'Object Repository/Mobile/Page/Login/Input Rdy - UserID'

2022-03-14 19:21:04 - [MESSAGE][WARNING] - Timeout '0' is invalid. Using default page load timeout: '60'

2022-03-14 19:21:05 - [MESSAGE][PASSED] - Text 'anggaaditya' has been set to element 'Object Repository/Mobile/Page/Login/Input Rdy - UserID'

2022-03-14 19:21:05 - [TEST_STEP][PASSED] - delay(1): Delayed 1 second(s)

2022-03-14 19:21:06 - [MESSAGE][PASSED] - Delayed 1 second(s)

2022-03-14 19:21:06 - [TEST_STEP][PASSED] - hideKeyboard(): Keyboard is hidden

2022-03-14 19:21:10 - [MESSAGE][PASSED] - Keyboard is hidden

2022-03-14 19:21:10 - [TEST_STEP][PASSED] - tap(LOGN_EdtPassword, 0): Tapped on element 'Object Repository/Mobile/Page/Login/Input - Password'

2022-03-14 19:21:10 - [MESSAGE][WARNING] - Timeout '0' is invalid. Using default page load timeout: '60'

2022-03-14 19:21:10 - [MESSAGE][PASSED] - Tapped on element 'Object Repository/Mobile/Page/Login/Input - Password'

2022-03-14 19:21:10 - [TEST_STEP][PASSED] - delay(1): Delayed 1 second(s)

2022-03-14 19:21:11 - [MESSAGE][PASSED] - Delayed 1 second(s)

2022-03-14 19:21:11 - [TEST_STEP][PASSED] - setText(LOGN_EdtRdyPassword, "Shalawa18", 0): Text 'Shalawa18' has been set to element 'Object Repository/Mobile/Page/Login/Input Rdy - Password'

2022-03-14 19:21:11 - [MESSAGE][WARNING] - Timeout '0' is invalid. Using default page load timeout: '60'

2022-03-14 19:21:12 - [MESSAGE][PASSED] - Text 'Shalawa18' has been set to element 'Object Repository/Mobile/Page/Login/Input Rdy - Password'

2022-03-14 19:21:12 - [TEST_STEP][PASSED] - delay(1): Delayed 1 second(s)

2022-03-14 19:21:13 - [MESSAGE][PASSED] - Delayed 1 second(s)

2022-03-14 19:21:13 - [TEST_STEP][PASSED] - hideKeyboard(): Keyboard is hidden

2022-03-14 19:21:19 - [MESSAGE][PASSED] - Keyboard is hidden

2022-03-14 19:21:19 - [TEST_STEP][PASSED] - tap(LOGN_BtnLogin, 0): Tapped on element 'Object Repository/Mobile/Page/Login/Button - Login'

2022-03-14 19:21:19 - [MESSAGE][WARNING] - Timeout '0' is invalid. Using default page load timeout: '60'

2022-03-14 19:21:20 - [MESSAGE][PASSED] - Tapped on element 'Object Repository/Mobile/Page/Login/Button - Login'

2022-03-14 19:21:20 - [TEST_STEP][PASSED] - delay(2): Delayed 2 second(s)

2022-03-14 19:21:22 - [MESSAGE][PASSED] - Delayed 2 second(s)

2022-03-14 19:21:22 - [TEST_STEP][PASSED] - break: null

2022-03-14 19:21:22 - [MESSAGE][PASSED] - Call Test Case 'Test Cases/Mobile/Page/Login/Login' successfully

2022-03-14 19:21:22 - [MESSAGE][PASSED] - Call Test Case 'Test Cases/Mobile/Page/CheckLogin' successfully

2022-03-14 19:21:22 - [TEST_STEP][FAILED] - for ([i = 0, i < 1, (i++)]): null

2022-03-14 19:21:22 - [TEST_STEP][PASSED] - if (action == "seeperformance"): null

2022-03-14 19:21:22 - [TEST_STEP][PASSED] - else if (action == "requestadhoc"): null

2022-03-14 19:21:22 - [TEST_STEP][FAILED] - else if (action == "addwatchlist" || action == "deletewatchlist"): null

2022-03-14 19:21:22 - [TEST_STEP][PASSED] - delay(2): Delayed 2 second(s)

2022-03-14 19:21:24 - [MESSAGE][PASSED] - Delayed 2 second(s)

2022-03-14 19:21:24 - [TEST_STEP][FAILED] - try: Failed to check for element 'Object Repository/Mobile/Page/Home/Item - Top Watchlist' exist (Root cause: com.kms.katalon.core.exception.StepFailedException: Element 'Object Repository/Mobile/Page/Home/Item - Top Watchlist' not found
	at com.kms.katalon.core.keyword.internal.KeywordMain.stepFailed(KeywordMain.groovy:50)
	at com.kms.katalon.core.mobile.keyword.internal.MobileKeywordMain.stepFailed(MobileKeywordMain.groovy:40)
	at com.kms.katalon.core.mobile.keyword.builtin.VerifyElementExistKeyword$_verifyElementExist_closure1.doCall(VerifyElementExistKeyword.groovy:77)
	at com.kms.katalon.core.mobile.keyword.builtin.VerifyElementExistKeyword$_verifyElementExist_closure1.call(VerifyElementExistKeyword.groovy)
	at com.kms.katalon.core.mobile.keyword.internal.MobileKeywordMain.runKeyword(MobileKeywordMain.groovy:21)
	at com.kms.katalon.core.mobile.keyword.builtin.VerifyElementExistKeyword.verifyElementExist(VerifyElementExistKeyword.groovy:80)
	at com.kms.katalon.core.mobile.keyword.builtin.VerifyElementExistKeyword.execute(VerifyElementExistKeyword.groovy:64)
	at com.kms.katalon.core.keyword.internal.KeywordExecutor.executeKeywordForPlatform(KeywordExecutor.groovy:73)
	at com.kms.katalon.core.mobile.keyword.MobileBuiltInKeywords.verifyElementExist(MobileBuiltInKeywords.groovy:1586)
	at com.kms.katalon.core.mobile.keyword.MobileBuiltInKeywords$verifyElementExist$13.call(Unknown Source)
	at Home.run(Home:46)
	at com.kms.katalon.core.main.ScriptEngine.run(ScriptEngine.java:194)
	at com.kms.katalon.core.main.ScriptEngine.runScriptAsRawText(ScriptEngine.java:119)
	at com.kms.katalon.core.main.TestCaseExecutor.runScript(TestCaseExecutor.java:398)
	at com.kms.katalon.core.main.TestCaseExecutor.doExecute(TestCaseExecutor.java:389)
	at com.kms.katalon.core.main.TestCaseExecutor.processExecutionPhase(TestCaseExecutor.java:368)
	at com.kms.katalon.core.main.TestCaseExecutor.accessMainPhase(TestCaseExecutor.java:360)
	at com.kms.katalon.core.main.TestCaseExecutor.execute(TestCaseExecutor.java:255)
	at com.kms.katalon.core.main.TestCaseMain.runTestCase(TestCaseMain.java:114)
	at com.kms.katalon.core.keyword.builtin.CallTestCaseKeyword$_callTestCase_closure1.doCall(CallTestCaseKeyword.groovy:59)
	at com.kms.katalon.core.keyword.builtin.CallTestCaseKeyword$_callTestCase_closure1.call(CallTestCaseKeyword.groovy)
	at com.kms.katalon.core.keyword.internal.KeywordMain.runKeyword(KeywordMain.groovy:68)
	at com.kms.katalon.core.keyword.builtin.CallTestCaseKeyword.callTestCase(CallTestCaseKeyword.groovy:81)
	at com.kms.katalon.core.keyword.builtin.CallTestCaseKeyword.execute(CallTestCaseKeyword.groovy:44)
	at com.kms.katalon.core.keyword.internal.KeywordExecutor.executeKeywordForPlatform(KeywordExecutor.groovy:73)
	at com.kms.katalon.core.keyword.BuiltinKeywords.callTestCase(BuiltinKeywords.groovy:334)
	at 003 - Menambahkan watchlist.run(003 - Menambahkan watchlist:22)
	at com.kms.katalon.core.main.ScriptEngine.run(ScriptEngine.java:194)
	at com.kms.katalon.core.main.ScriptEngine.runScriptAsRawText(ScriptEngine.java:119)
	at com.kms.katalon.core.main.TestCaseExecutor.runScript(TestCaseExecutor.java:398)
	at com.kms.katalon.core.main.TestCaseExecutor.doExecute(TestCaseExecutor.java:389)
	at com.kms.katalon.core.main.TestCaseExecutor.processExecutionPhase(TestCaseExecutor.java:368)
	at com.kms.katalon.core.main.TestCaseExecutor.accessMainPhase(TestCaseExecutor.java:360)
	at com.kms.katalon.core.main.TestCaseExecutor.execute(TestCaseExecutor.java:255)
	at com.kms.katalon.core.main.TestSuiteExecutor.accessTestCaseMainPhase(TestSuiteExecutor.java:203)
	at com.kms.katalon.core.main.TestSuiteExecutor.accessTestSuiteMainPhase(TestSuiteExecutor.java:152)
	at com.kms.katalon.core.main.TestSuiteExecutor.execute(TestSuiteExecutor.java:95)
	at com.kms.katalon.core.main.TestCaseMain.startTestSuite(TestCaseMain.java:157)
	at com.kms.katalon.core.main.TestCaseMain$startTestSuite$0.call(Unknown Source)
	at TempTestSuite1647260194190.run(TempTestSuite1647260194190.groovy:39)
)

2022-03-14 19:21:24 - [TEST_STEP][PASSED] - itemWatchlist = HOME_ItemTopWatchlist: null

2022-03-14 19:21:24 - [TEST_STEP][FAILED] - itemWatchlistExist = verifyElementExist(itemWatchlist, 2): Failed to check for element 'Object Repository/Mobile/Page/Home/Item - Top Watchlist' exist (Root cause: com.kms.katalon.core.exception.StepFailedException: Element 'Object Repository/Mobile/Page/Home/Item - Top Watchlist' not found
	at com.kms.katalon.core.keyword.internal.KeywordMain.stepFailed(KeywordMain.groovy:50)
	at com.kms.katalon.core.mobile.keyword.internal.MobileKeywordMain.stepFailed(MobileKeywordMain.groovy:40)
	at com.kms.katalon.core.mobile.keyword.builtin.VerifyElementExistKeyword$_verifyElementExist_closure1.doCall(VerifyElementExistKeyword.groovy:77)
	at com.kms.katalon.core.mobile.keyword.builtin.VerifyElementExistKeyword$_verifyElementExist_closure1.call(VerifyElementExistKeyword.groovy)
	at com.kms.katalon.core.mobile.keyword.internal.MobileKeywordMain.runKeyword(MobileKeywordMain.groovy:21)
	at com.kms.katalon.core.mobile.keyword.builtin.VerifyElementExistKeyword.verifyElementExist(VerifyElementExistKeyword.groovy:80)
	at com.kms.katalon.core.mobile.keyword.builtin.VerifyElementExistKeyword.execute(VerifyElementExistKeyword.groovy:64)
	at com.kms.katalon.core.keyword.internal.KeywordExecutor.executeKeywordForPlatform(KeywordExecutor.groovy:73)
	at com.kms.katalon.core.mobile.keyword.MobileBuiltInKeywords.verifyElementExist(MobileBuiltInKeywords.groovy:1586)
	at com.kms.katalon.core.mobile.keyword.MobileBuiltInKeywords$verifyElementExist$13.call(Unknown Source)
	at Home.run(Home:46)
	at com.kms.katalon.core.main.ScriptEngine.run(ScriptEngine.java:194)
	at com.kms.katalon.core.main.ScriptEngine.runScriptAsRawText(ScriptEngine.java:119)
	at com.kms.katalon.core.main.TestCaseExecutor.runScript(TestCaseExecutor.java:398)
	at com.kms.katalon.core.main.TestCaseExecutor.doExecute(TestCaseExecutor.java:389)
	at com.kms.katalon.core.main.TestCaseExecutor.processExecutionPhase(TestCaseExecutor.java:368)
	at com.kms.katalon.core.main.TestCaseExecutor.accessMainPhase(TestCaseExecutor.java:360)
	at com.kms.katalon.core.main.TestCaseExecutor.execute(TestCaseExecutor.java:255)
	at com.kms.katalon.core.main.TestCaseMain.runTestCase(TestCaseMain.java:114)
	at com.kms.katalon.core.keyword.builtin.CallTestCaseKeyword$_callTestCase_closure1.doCall(CallTestCaseKeyword.groovy:59)
	at com.kms.katalon.core.keyword.builtin.CallTestCaseKeyword$_callTestCase_closure1.call(CallTestCaseKeyword.groovy)
	at com.kms.katalon.core.keyword.internal.KeywordMain.runKeyword(KeywordMain.groovy:68)
	at com.kms.katalon.core.keyword.builtin.CallTestCaseKeyword.callTestCase(CallTestCaseKeyword.groovy:81)
	at com.kms.katalon.core.keyword.builtin.CallTestCaseKeyword.execute(CallTestCaseKeyword.groovy:44)
	at com.kms.katalon.core.keyword.internal.KeywordExecutor.executeKeywordForPlatform(KeywordExecutor.groovy:73)
	at com.kms.katalon.core.keyword.BuiltinKeywords.callTestCase(BuiltinKeywords.groovy:334)
	at 003 - Menambahkan watchlist.run(003 - Menambahkan watchlist:22)
	at com.kms.katalon.core.main.ScriptEngine.run(ScriptEngine.java:194)
	at com.kms.katalon.core.main.ScriptEngine.runScriptAsRawText(ScriptEngine.java:119)
	at com.kms.katalon.core.main.TestCaseExecutor.runScript(TestCaseExecutor.java:398)
	at com.kms.katalon.core.main.TestCaseExecutor.doExecute(TestCaseExecutor.java:389)
	at com.kms.katalon.core.main.TestCaseExecutor.processExecutionPhase(TestCaseExecutor.java:368)
	at com.kms.katalon.core.main.TestCaseExecutor.accessMainPhase(TestCaseExecutor.java:360)
	at com.kms.katalon.core.main.TestCaseExecutor.execute(TestCaseExecutor.java:255)
	at com.kms.katalon.core.main.TestSuiteExecutor.accessTestCaseMainPhase(TestSuiteExecutor.java:203)
	at com.kms.katalon.core.main.TestSuiteExecutor.accessTestSuiteMainPhase(TestSuiteExecutor.java:152)
	at com.kms.katalon.core.main.TestSuiteExecutor.execute(TestSuiteExecutor.java:95)
	at com.kms.katalon.core.main.TestCaseMain.startTestSuite(TestCaseMain.java:157)
	at com.kms.katalon.core.main.TestCaseMain$startTestSuite$0.call(Unknown Source)
	at TempTestSuite1647260194190.run(TempTestSuite1647260194190.groovy:39)
)

2022-03-14 19:21:27 - [MESSAGE][FAILED] - Element 'Object Repository/Mobile/Page/Home/Item - Top Watchlist' not found
[[ATTACHMENT|C:\\Users\\Owner\\Documents\\kerjaan\\KatalonProject\\qa_katalon_pwm\\qa_katalon_pwm\\Reports\\20220314_191629\\home\\20220314_191634\\1647260486772.png]]

2022-03-14 19:21:28 - [MESSAGE][FAILED] - Failed to check for element 'Object Repository/Mobile/Page/Home/Item - Top Watchlist' exist (Root cause: com.kms.katalon.core.exception.StepFailedException: Element 'Object Repository/Mobile/Page/Home/Item - Top Watchlist' not found
	at com.kms.katalon.core.keyword.internal.KeywordMain.stepFailed(KeywordMain.groovy:50)
	at com.kms.katalon.core.mobile.keyword.internal.MobileKeywordMain.stepFailed(MobileKeywordMain.groovy:40)
	at com.kms.katalon.core.mobile.keyword.builtin.VerifyElementExistKeyword$_verifyElementExist_closure1.doCall(VerifyElementExistKeyword.groovy:77)
	at com.kms.katalon.core.mobile.keyword.builtin.VerifyElementExistKeyword$_verifyElementExist_closure1.call(VerifyElementExistKeyword.groovy)
	at com.kms.katalon.core.mobile.keyword.internal.MobileKeywordMain.runKeyword(MobileKeywordMain.groovy:21)
	at com.kms.katalon.core.mobile.keyword.builtin.VerifyElementExistKeyword.verifyElementExist(VerifyElementExistKeyword.groovy:80)
	at com.kms.katalon.core.mobile.keyword.builtin.VerifyElementExistKeyword.execute(VerifyElementExistKeyword.groovy:64)
	at com.kms.katalon.core.keyword.internal.KeywordExecutor.executeKeywordForPlatform(KeywordExecutor.groovy:73)
	at com.kms.katalon.core.mobile.keyword.MobileBuiltInKeywords.verifyElementExist(MobileBuiltInKeywords.groovy:1586)
	at com.kms.katalon.core.mobile.keyword.MobileBuiltInKeywords$verifyElementExist$13.call(Unknown Source)
	at Home.run(Home:46)
	at com.kms.katalon.core.main.ScriptEngine.run(ScriptEngine.java:194)
	at com.kms.katalon.core.main.ScriptEngine.runScriptAsRawText(ScriptEngine.java:119)
	at com.kms.katalon.core.main.TestCaseExecutor.runScript(TestCaseExecutor.java:398)
	at com.kms.katalon.core.main.TestCaseExecutor.doExecute(TestCaseExecutor.java:389)
	at com.kms.katalon.core.main.TestCaseExecutor.processExecutionPhase(TestCaseExecutor.java:368)
	at com.kms.katalon.core.main.TestCaseExecutor.accessMainPhase(TestCaseExecutor.java:360)
	at com.kms.katalon.core.main.TestCaseExecutor.execute(TestCaseExecutor.java:255)
	at com.kms.katalon.core.main.TestCaseMain.runTestCase(TestCaseMain.java:114)
	at com.kms.katalon.core.keyword.builtin.CallTestCaseKeyword$_callTestCase_closure1.doCall(CallTestCaseKeyword.groovy:59)
	at com.kms.katalon.core.keyword.builtin.CallTestCaseKeyword$_callTestCase_closure1.call(CallTestCaseKeyword.groovy)
	at com.kms.katalon.core.keyword.internal.KeywordMain.runKeyword(KeywordMain.groovy:68)
	at com.kms.katalon.core.keyword.builtin.CallTestCaseKeyword.callTestCase(CallTestCaseKeyword.groovy:81)
	at com.kms.katalon.core.keyword.builtin.CallTestCaseKeyword.execute(CallTestCaseKeyword.groovy:44)
	at com.kms.katalon.core.keyword.internal.KeywordExecutor.executeKeywordForPlatform(KeywordExecutor.groovy:73)
	at com.kms.katalon.core.keyword.BuiltinKeywords.callTestCase(BuiltinKeywords.groovy:334)
	at 003 - Menambahkan watchlist.run(003 - Menambahkan watchlist:22)
	at com.kms.katalon.core.main.ScriptEngine.run(ScriptEngine.java:194)
	at com.kms.katalon.core.main.ScriptEngine.runScriptAsRawText(ScriptEngine.java:119)
	at com.kms.katalon.core.main.TestCaseExecutor.runScript(TestCaseExecutor.java:398)
	at com.kms.katalon.core.main.TestCaseExecutor.doExecute(TestCaseExecutor.java:389)
	at com.kms.katalon.core.main.TestCaseExecutor.processExecutionPhase(TestCaseExecutor.java:368)
	at com.kms.katalon.core.main.TestCaseExecutor.accessMainPhase(TestCaseExecutor.java:360)
	at com.kms.katalon.core.main.TestCaseExecutor.execute(TestCaseExecutor.java:255)
	at com.kms.katalon.core.main.TestSuiteExecutor.accessTestCaseMainPhase(TestSuiteExecutor.java:203)
	at com.kms.katalon.core.main.TestSuiteExecutor.accessTestSuiteMainPhase(TestSuiteExecutor.java:152)
	at com.kms.katalon.core.main.TestSuiteExecutor.execute(TestSuiteExecutor.java:95)
	at com.kms.katalon.core.main.TestCaseMain.startTestSuite(TestCaseMain.java:157)
	at com.kms.katalon.core.main.TestCaseMain$startTestSuite$0.call(Unknown Source)
	at TempTestSuite1647260194190.run(TempTestSuite1647260194190.groovy:39)
)
[[ATTACHMENT|C:\\Users\\Owner\\Documents\\kerjaan\\KatalonProject\\qa_katalon_pwm\\qa_katalon_pwm\\Reports\\20220314_191629\\home\\20220314_191634\\1647260487562.png]]

2022-03-14 19:21:28 - [TEST_STEP][PASSED] - catch (Exception e): null

2022-03-14 19:21:28 - [TEST_STEP][PASSED] - watchlist = HOME_ContWatchlist: null

2022-03-14 19:21:28 - [TEST_STEP][PASSED] - left_position = getElementLeftPosition(watchlist, 0): Object 'Object Repository/Mobile/Page/Home/Container - Watchlist' has left position '28'

2022-03-14 19:21:28 - [MESSAGE][WARNING] - Timeout '0' is invalid. Using default page load timeout: '60'

2022-03-14 19:21:28 - [MESSAGE][PASSED] - Object 'Object Repository/Mobile/Page/Home/Container - Watchlist' has left position '28'

2022-03-14 19:21:28 - [TEST_STEP][PASSED] - top_position = getElementTopPosition(watchlist, 0): Object 'Object Repository/Mobile/Page/Home/Container - Watchlist' has top position '658'

2022-03-14 19:21:28 - [MESSAGE][WARNING] - Timeout '0' is invalid. Using default page load timeout: '60'

2022-03-14 19:21:28 - [MESSAGE][PASSED] - Object 'Object Repository/Mobile/Page/Home/Container - Watchlist' has top position '658'

2022-03-14 19:21:28 - [TEST_STEP][PASSED] - width = getElementWidth(watchlist, 0): Object 'Object Repository/Mobile/Page/Home/Container - Watchlist' has width: '664'

2022-03-14 19:21:28 - [MESSAGE][WARNING] - Timeout '0' is invalid. Using default page load timeout: '60'

2022-03-14 19:21:28 - [MESSAGE][PASSED] - Object 'Object Repository/Mobile/Page/Home/Container - Watchlist' has width: '664'

2022-03-14 19:21:28 - [TEST_STEP][PASSED] - height = getElementHeight(watchlist, 0): Object 'Object Repository/Mobile/Page/Home/Container - Watchlist' has height: '450'

2022-03-14 19:21:28 - [MESSAGE][WARNING] - Timeout '0' is invalid. Using default page load timeout: '60'

2022-03-14 19:21:28 - [MESSAGE][PASSED] - Object 'Object Repository/Mobile/Page/Home/Container - Watchlist' has height: '450'

2022-03-14 19:21:28 - [TEST_STEP][PASSED] - x = left_position + width * 0.9: null

2022-03-14 19:21:28 - [TEST_STEP][PASSED] - y = top_position + 52: null

2022-03-14 19:21:28 - [TEST_STEP][PASSED] - tapAtPosition(x, y): Tapped at [625, 710]

2022-03-14 19:21:29 - [MESSAGE][PASSED] - Tapped at [625, 710]

2022-03-14 19:21:29 - [TEST_STEP][PASSED] - delay(2): Delayed 2 second(s)

2022-03-14 19:21:31 - [MESSAGE][PASSED] - Delayed 2 second(s)

2022-03-14 19:21:31 - [TEST_STEP][PASSED] - tap(HOME_WCTL_FabAdd, 0): Tapped on element 'Object Repository/Mobile/Page/Home/Watchlist/Fab - Add'

2022-03-14 19:21:31 - [MESSAGE][WARNING] - Timeout '0' is invalid. Using default page load timeout: '60'

2022-03-14 19:21:32 - [MESSAGE][PASSED] - Tapped on element 'Object Repository/Mobile/Page/Home/Watchlist/Fab - Add'

2022-03-14 19:21:32 - [TEST_STEP][PASSED] - delay(1): Delayed 1 second(s)

2022-03-14 19:21:33 - [MESSAGE][PASSED] - Delayed 1 second(s)

2022-03-14 19:21:33 - [TEST_STEP][PASSED] - search = HOME_WCTL_DETL_ContSearch: null

2022-03-14 19:21:33 - [TEST_STEP][PASSED] - x1 = getElementLeftPosition(search, 0) + getElementWidth(search, 0) / 2: Object 'Object Repository/Mobile/Page/Home/Watchlist/Detail Watchlist/Container - Search' has width: '657'

2022-03-14 19:21:33 - [MESSAGE][WARNING] - Timeout '0' is invalid. Using default page load timeout: '60'

2022-03-14 19:21:34 - [MESSAGE][PASSED] - Object 'Object Repository/Mobile/Page/Home/Watchlist/Detail Watchlist/Container - Search' has left position '32'

2022-03-14 19:21:34 - [MESSAGE][WARNING] - Timeout '0' is invalid. Using default page load timeout: '60'

2022-03-14 19:21:34 - [MESSAGE][PASSED] - Object 'Object Repository/Mobile/Page/Home/Watchlist/Detail Watchlist/Container - Search' has width: '657'

2022-03-14 19:21:34 - [TEST_STEP][PASSED] - y1 = getElementTopPosition(search, 0) + getElementHeight(search, 0) * 0.8: Object 'Object Repository/Mobile/Page/Home/Watchlist/Detail Watchlist/Container - Search' has height: '129'

2022-03-14 19:21:34 - [MESSAGE][WARNING] - Timeout '0' is invalid. Using default page load timeout: '60'

2022-03-14 19:21:34 - [MESSAGE][PASSED] - Object 'Object Repository/Mobile/Page/Home/Watchlist/Detail Watchlist/Container - Search' has top position '183'

2022-03-14 19:21:34 - [MESSAGE][WARNING] - Timeout '0' is invalid. Using default page load timeout: '60'

2022-03-14 19:21:34 - [MESSAGE][PASSED] - Object 'Object Repository/Mobile/Page/Home/Watchlist/Detail Watchlist/Container - Search' has height: '129'

2022-03-14 19:21:34 - [TEST_STEP][PASSED] - tapAtPosition(x1, y1): Tapped at [360, 286]

2022-03-14 19:21:34 - [MESSAGE][PASSED] - Tapped at [360, 286]

2022-03-14 19:21:34 - [TEST_STEP][PASSED] - setText(HOME_WCTL_DETL_EdtSearchStock, "bb", 0): Text 'bb' has been set to element 'Object Repository/Mobile/Page/Home/Watchlist/Detail Watchlist/Input - Search Stock'

2022-03-14 19:21:34 - [MESSAGE][WARNING] - Timeout '0' is invalid. Using default page load timeout: '60'

2022-03-14 19:21:36 - [MESSAGE][PASSED] - Text 'bb' has been set to element 'Object Repository/Mobile/Page/Home/Watchlist/Detail Watchlist/Input - Search Stock'

2022-03-14 19:21:36 - [TEST_STEP][PASSED] - delay(1): Delayed 1 second(s)

2022-03-14 19:21:37 - [MESSAGE][PASSED] - Delayed 1 second(s)

2022-03-14 19:21:37 - [TEST_STEP][PASSED] - tapAndHold(HOME_WCTL_DETL_ItemTopSearch, 1, 0): Tapped and held on element 'Object Repository/Mobile/Page/Home/Watchlist/Detail Watchlist/Item - Top Search' with duration 1

2022-03-14 19:21:37 - [MESSAGE][WARNING] - Timeout '0' is invalid. Using default page load timeout: '60'

2022-03-14 19:21:40 - [MESSAGE][PASSED] - Tapped and held on element 'Object Repository/Mobile/Page/Home/Watchlist/Detail Watchlist/Item - Top Search' with duration 1

2022-03-14 19:21:40 - [TEST_STEP][PASSED] - delay(1): Delayed 1 second(s)

2022-03-14 19:21:41 - [MESSAGE][PASSED] - Delayed 1 second(s)

2022-03-14 19:21:41 - [TEST_STEP][PASSED] - tap(HOME_WCTL_DETL_EdtTargetBuySell, 0): Tapped on element 'Object Repository/Mobile/Page/Home/Watchlist/Detail Watchlist/Input - Target Buy Sell'

2022-03-14 19:21:41 - [MESSAGE][WARNING] - Timeout '0' is invalid. Using default page load timeout: '60'

2022-03-14 19:21:41 - [MESSAGE][PASSED] - Tapped on element 'Object Repository/Mobile/Page/Home/Watchlist/Detail Watchlist/Input - Target Buy Sell'

2022-03-14 19:21:41 - [TEST_STEP][PASSED] - tap(HOME_WCTL_DETL_EdtTargetBuySell, 0): Tapped on element 'Object Repository/Mobile/Page/Home/Watchlist/Detail Watchlist/Input - Target Buy Sell'

2022-03-14 19:21:41 - [MESSAGE][WARNING] - Timeout '0' is invalid. Using default page load timeout: '60'

2022-03-14 19:21:42 - [MESSAGE][PASSED] - Tapped on element 'Object Repository/Mobile/Page/Home/Watchlist/Detail Watchlist/Input - Target Buy Sell'

2022-03-14 19:21:42 - [TEST_STEP][PASSED] - delay(1): Delayed 1 second(s)

2022-03-14 19:21:43 - [MESSAGE][PASSED] - Delayed 1 second(s)

2022-03-14 19:21:43 - [TEST_STEP][PASSED] - tap(HOME_WCTL_DETL_EdtTargetPrice, 0): Tapped on element 'Object Repository/Mobile/Page/Home/Watchlist/Detail Watchlist/Input - Target Price'

2022-03-14 19:21:43 - [MESSAGE][WARNING] - Timeout '0' is invalid. Using default page load timeout: '60'

2022-03-14 19:21:44 - [MESSAGE][PASSED] - Tapped on element 'Object Repository/Mobile/Page/Home/Watchlist/Detail Watchlist/Input - Target Price'

2022-03-14 19:21:44 - [TEST_STEP][PASSED] - delay(1): Delayed 1 second(s)

2022-03-14 19:21:45 - [MESSAGE][PASSED] - Delayed 1 second(s)

2022-03-14 19:21:45 - [TEST_STEP][PASSED] - setText(HOME_WCTL_DETL_EdtTargetPrice, "100000", 0): Text '100000' has been set to element 'Object Repository/Mobile/Page/Home/Watchlist/Detail Watchlist/Input - Target Price'

2022-03-14 19:21:45 - [MESSAGE][WARNING] - Timeout '0' is invalid. Using default page load timeout: '60'

2022-03-14 19:21:45 - [MESSAGE][PASSED] - Text '100000' has been set to element 'Object Repository/Mobile/Page/Home/Watchlist/Detail Watchlist/Input - Target Price'

2022-03-14 19:21:45 - [TEST_STEP][PASSED] - hideKeyboard(): Keyboard is hidden

2022-03-14 19:21:51 - [MESSAGE][PASSED] - Keyboard is hidden

2022-03-14 19:21:51 - [TEST_STEP][PASSED] - expiry = HOME_WCTL_DETL_ContExpiryDate: null

2022-03-14 19:21:51 - [TEST_STEP][PASSED] - x2 = getElementLeftPosition(expiry, 0) + getElementWidth(expiry, 0) / 2: Object 'Object Repository/Mobile/Page/Home/Watchlist/Detail Watchlist/Container - Expiry Date' has width: '657'

2022-03-14 19:21:51 - [MESSAGE][WARNING] - Timeout '0' is invalid. Using default page load timeout: '60'

2022-03-14 19:21:52 - [MESSAGE][PASSED] - Object 'Object Repository/Mobile/Page/Home/Watchlist/Detail Watchlist/Container - Expiry Date' has left position '32'

2022-03-14 19:21:52 - [MESSAGE][WARNING] - Timeout '0' is invalid. Using default page load timeout: '60'

2022-03-14 19:21:52 - [MESSAGE][PASSED] - Object 'Object Repository/Mobile/Page/Home/Watchlist/Detail Watchlist/Container - Expiry Date' has width: '657'

2022-03-14 19:21:52 - [TEST_STEP][PASSED] - y2 = getElementTopPosition(expiry, 0) + getElementHeight(expiry, 0) * 0.8: Object 'Object Repository/Mobile/Page/Home/Watchlist/Detail Watchlist/Container - Expiry Date' has height: '161'

2022-03-14 19:21:52 - [MESSAGE][WARNING] - Timeout '0' is invalid. Using default page load timeout: '60'

2022-03-14 19:21:52 - [MESSAGE][PASSED] - Object 'Object Repository/Mobile/Page/Home/Watchlist/Detail Watchlist/Container - Expiry Date' has top position '505'

2022-03-14 19:21:52 - [MESSAGE][WARNING] - Timeout '0' is invalid. Using default page load timeout: '60'

2022-03-14 19:21:52 - [MESSAGE][PASSED] - Object 'Object Repository/Mobile/Page/Home/Watchlist/Detail Watchlist/Container - Expiry Date' has height: '161'

2022-03-14 19:21:52 - [TEST_STEP][PASSED] - tapAtPosition(x2, y2): Tapped at [360, 633]

2022-03-14 19:21:52 - [MESSAGE][PASSED] - Tapped at [360, 633]

2022-03-14 19:21:52 - [TEST_STEP][PASSED] - delay(1): Delayed 1 second(s)

2022-03-14 19:21:53 - [MESSAGE][PASSED] - Delayed 1 second(s)

2022-03-14 19:21:53 - [TEST_STEP][PASSED] - scroll.scroll.scrollScreenBottomToTop(HOME_WCTL_DETL_ScrollExpiryYear): scroll.scroll.scrollScreenBottomToTop is PASSED

2022-03-14 19:21:53 - [MESSAGE][WARNING] - Timeout '0' is invalid. Using default page load timeout: '60'

2022-03-14 19:21:54 - [MESSAGE][PASSED] - Object 'Object Repository/Mobile/Page/Home/Watchlist/Detail Watchlist/Scroll - Expiry Year' has left position '14'

2022-03-14 19:21:54 - [MESSAGE][WARNING] - Timeout '0' is invalid. Using default page load timeout: '60'

2022-03-14 19:21:54 - [MESSAGE][PASSED] - Object 'Object Repository/Mobile/Page/Home/Watchlist/Detail Watchlist/Scroll - Expiry Year' has top position '1,123'

2022-03-14 19:21:54 - [MESSAGE][WARNING] - Timeout '0' is invalid. Using default page load timeout: '60'

2022-03-14 19:21:54 - [MESSAGE][PASSED] - Object 'Object Repository/Mobile/Page/Home/Watchlist/Detail Watchlist/Scroll - Expiry Year' has width: '212'

2022-03-14 19:21:54 - [MESSAGE][WARNING] - Timeout '0' is invalid. Using default page load timeout: '60'

2022-03-14 19:21:54 - [MESSAGE][PASSED] - Object 'Object Repository/Mobile/Page/Home/Watchlist/Detail Watchlist/Scroll - Expiry Year' has height: '300'

2022-03-14 19:21:55 - [MESSAGE][PASSED] - Current device physical height is 1423

2022-03-14 19:21:56 - [MESSAGE][PASSED] - Swiped from 120,1,408 to 120,1,138

2022-03-14 19:21:56 - [MESSAGE][PASSED] - scroll.scroll.scrollScreenBottomToTop is PASSED

2022-03-14 19:21:56 - [TEST_STEP][PASSED] - delay(2): Delayed 2 second(s)

2022-03-14 19:21:58 - [MESSAGE][PASSED] - Delayed 2 second(s)

2022-03-14 19:21:58 - [TEST_STEP][PASSED] - scroll.scroll.scrollScreenBottomToTop(HOME_WCTL_DETL_ScrollExpiryMonth): scroll.scroll.scrollScreenBottomToTop is PASSED

2022-03-14 19:21:58 - [MESSAGE][WARNING] - Timeout '0' is invalid. Using default page load timeout: '60'

2022-03-14 19:21:58 - [MESSAGE][PASSED] - Object 'Object Repository/Mobile/Page/Home/Watchlist/Detail Watchlist/Scroll - Expiry Month' has left position '254'

2022-03-14 19:21:58 - [MESSAGE][WARNING] - Timeout '0' is invalid. Using default page load timeout: '60'

2022-03-14 19:21:58 - [MESSAGE][PASSED] - Object 'Object Repository/Mobile/Page/Home/Watchlist/Detail Watchlist/Scroll - Expiry Month' has top position '1,123'

2022-03-14 19:21:58 - [MESSAGE][WARNING] - Timeout '0' is invalid. Using default page load timeout: '60'

2022-03-14 19:21:58 - [MESSAGE][PASSED] - Object 'Object Repository/Mobile/Page/Home/Watchlist/Detail Watchlist/Scroll - Expiry Month' has width: '212'

2022-03-14 19:21:58 - [MESSAGE][WARNING] - Timeout '0' is invalid. Using default page load timeout: '60'

2022-03-14 19:21:58 - [MESSAGE][PASSED] - Object 'Object Repository/Mobile/Page/Home/Watchlist/Detail Watchlist/Scroll - Expiry Month' has height: '300'

2022-03-14 19:21:58 - [MESSAGE][PASSED] - Current device physical height is 1423

2022-03-14 19:22:00 - [MESSAGE][PASSED] - Swiped from 360,1,408 to 360,1,138

2022-03-14 19:22:00 - [MESSAGE][PASSED] - scroll.scroll.scrollScreenBottomToTop is PASSED

2022-03-14 19:22:00 - [TEST_STEP][PASSED] - delay(2): Delayed 2 second(s)

2022-03-14 19:22:02 - [MESSAGE][PASSED] - Delayed 2 second(s)

2022-03-14 19:22:02 - [TEST_STEP][PASSED] - tap(HOME_WCTL_DETL_BtnExpiryDone, 0): Tapped on element 'Object Repository/Mobile/Page/Home/Watchlist/Detail Watchlist/Button - Expiry Done'

2022-03-14 19:22:02 - [MESSAGE][WARNING] - Timeout '0' is invalid. Using default page load timeout: '60'

2022-03-14 19:22:02 - [MESSAGE][PASSED] - Tapped on element 'Object Repository/Mobile/Page/Home/Watchlist/Detail Watchlist/Button - Expiry Done'

2022-03-14 19:22:02 - [TEST_STEP][PASSED] - delay(1): Delayed 1 second(s)

2022-03-14 19:22:03 - [MESSAGE][PASSED] - Delayed 1 second(s)

2022-03-14 19:22:03 - [TEST_STEP][PASSED] - tap(HOME_WCTL_DETL_BtnAddWatchlist, 0): Tapped on element 'Object Repository/Mobile/Page/Home/Watchlist/Detail Watchlist/Button - Add Watchlist'

2022-03-14 19:22:03 - [MESSAGE][WARNING] - Timeout '0' is invalid. Using default page load timeout: '60'

2022-03-14 19:22:04 - [MESSAGE][PASSED] - Tapped on element 'Object Repository/Mobile/Page/Home/Watchlist/Detail Watchlist/Button - Add Watchlist'

2022-03-14 19:22:04 - [TEST_STEP][PASSED] - delay(1): Delayed 1 second(s)

2022-03-14 19:22:05 - [MESSAGE][PASSED] - Delayed 1 second(s)

2022-03-14 19:22:05 - [TEST_STEP][PASSED] - hideKeyboard(): Keyboard is hidden

2022-03-14 19:22:07 - [MESSAGE][PASSED] - Keyboard is hidden

2022-03-14 19:22:07 - [TEST_STEP][PASSED] - pressBack(): Press back button successfully

2022-03-14 19:22:07 - [MESSAGE][PASSED] - Press back button successfully

2022-03-14 19:22:07 - [TEST_STEP][PASSED] - delay(1): Delayed 1 second(s)

2022-03-14 19:22:08 - [MESSAGE][PASSED] - Delayed 1 second(s)

2022-03-14 19:22:08 - [TEST_STEP][FAILED] - try: Failed to check for element 'Object Repository/Mobile/Page/Home/Item - Top Watchlist' exist (Root cause: com.kms.katalon.core.exception.StepFailedException: Element 'Object Repository/Mobile/Page/Home/Item - Top Watchlist' not found
	at com.kms.katalon.core.keyword.internal.KeywordMain.stepFailed(KeywordMain.groovy:50)
	at com.kms.katalon.core.mobile.keyword.internal.MobileKeywordMain.stepFailed(MobileKeywordMain.groovy:40)
	at com.kms.katalon.core.mobile.keyword.builtin.VerifyElementExistKeyword$_verifyElementExist_closure1.doCall(VerifyElementExistKeyword.groovy:77)
	at com.kms.katalon.core.mobile.keyword.builtin.VerifyElementExistKeyword$_verifyElementExist_closure1.call(VerifyElementExistKeyword.groovy)
	at com.kms.katalon.core.mobile.keyword.internal.MobileKeywordMain.runKeyword(MobileKeywordMain.groovy:21)
	at com.kms.katalon.core.mobile.keyword.builtin.VerifyElementExistKeyword.verifyElementExist(VerifyElementExistKeyword.groovy:80)
	at com.kms.katalon.core.mobile.keyword.builtin.VerifyElementExistKeyword.execute(VerifyElementExistKeyword.groovy:64)
	at com.kms.katalon.core.keyword.internal.KeywordExecutor.executeKeywordForPlatform(KeywordExecutor.groovy:73)
	at com.kms.katalon.core.mobile.keyword.MobileBuiltInKeywords.verifyElementExist(MobileBuiltInKeywords.groovy:1586)
	at com.kms.katalon.core.mobile.keyword.MobileBuiltInKeywords$verifyElementExist$13.call(Unknown Source)
	at Home.run(Home:120)
	at com.kms.katalon.core.main.ScriptEngine.run(ScriptEngine.java:194)
	at com.kms.katalon.core.main.ScriptEngine.runScriptAsRawText(ScriptEngine.java:119)
	at com.kms.katalon.core.main.TestCaseExecutor.runScript(TestCaseExecutor.java:398)
	at com.kms.katalon.core.main.TestCaseExecutor.doExecute(TestCaseExecutor.java:389)
	at com.kms.katalon.core.main.TestCaseExecutor.processExecutionPhase(TestCaseExecutor.java:368)
	at com.kms.katalon.core.main.TestCaseExecutor.accessMainPhase(TestCaseExecutor.java:360)
	at com.kms.katalon.core.main.TestCaseExecutor.execute(TestCaseExecutor.java:255)
	at com.kms.katalon.core.main.TestCaseMain.runTestCase(TestCaseMain.java:114)
	at com.kms.katalon.core.keyword.builtin.CallTestCaseKeyword$_callTestCase_closure1.doCall(CallTestCaseKeyword.groovy:59)
	at com.kms.katalon.core.keyword.builtin.CallTestCaseKeyword$_callTestCase_closure1.call(CallTestCaseKeyword.groovy)
	at com.kms.katalon.core.keyword.internal.KeywordMain.runKeyword(KeywordMain.groovy:68)
	at com.kms.katalon.core.keyword.builtin.CallTestCaseKeyword.callTestCase(CallTestCaseKeyword.groovy:81)
	at com.kms.katalon.core.keyword.builtin.CallTestCaseKeyword.execute(CallTestCaseKeyword.groovy:44)
	at com.kms.katalon.core.keyword.internal.KeywordExecutor.executeKeywordForPlatform(KeywordExecutor.groovy:73)
	at com.kms.katalon.core.keyword.BuiltinKeywords.callTestCase(BuiltinKeywords.groovy:334)
	at 003 - Menambahkan watchlist.run(003 - Menambahkan watchlist:22)
	at com.kms.katalon.core.main.ScriptEngine.run(ScriptEngine.java:194)
	at com.kms.katalon.core.main.ScriptEngine.runScriptAsRawText(ScriptEngine.java:119)
	at com.kms.katalon.core.main.TestCaseExecutor.runScript(TestCaseExecutor.java:398)
	at com.kms.katalon.core.main.TestCaseExecutor.doExecute(TestCaseExecutor.java:389)
	at com.kms.katalon.core.main.TestCaseExecutor.processExecutionPhase(TestCaseExecutor.java:368)
	at com.kms.katalon.core.main.TestCaseExecutor.accessMainPhase(TestCaseExecutor.java:360)
	at com.kms.katalon.core.main.TestCaseExecutor.execute(TestCaseExecutor.java:255)
	at com.kms.katalon.core.main.TestSuiteExecutor.accessTestCaseMainPhase(TestSuiteExecutor.java:203)
	at com.kms.katalon.core.main.TestSuiteExecutor.accessTestSuiteMainPhase(TestSuiteExecutor.java:152)
	at com.kms.katalon.core.main.TestSuiteExecutor.execute(TestSuiteExecutor.java:95)
	at com.kms.katalon.core.main.TestCaseMain.startTestSuite(TestCaseMain.java:157)
	at com.kms.katalon.core.main.TestCaseMain$startTestSuite$0.call(Unknown Source)
	at TempTestSuite1647260194190.run(TempTestSuite1647260194190.groovy:39)
)

2022-03-14 19:22:08 - [TEST_STEP][PASSED] - itemWatchlist = HOME_ItemTopWatchlist: null

2022-03-14 19:22:08 - [TEST_STEP][PASSED] - itemWatchlistExist = verifyElementExist(itemWatchlist, 2): Element 'Object Repository/Mobile/Page/Home/Item - Top Watchlist' is exist

2022-03-14 19:22:08 - [MESSAGE][PASSED] - Element 'Object Repository/Mobile/Page/Home/Item - Top Watchlist' is exist

2022-03-14 19:22:08 - [TEST_STEP][FAILED] - while (itemWatchlistExist): Failed to check for element 'Object Repository/Mobile/Page/Home/Item - Top Watchlist' exist (Root cause: com.kms.katalon.core.exception.StepFailedException: Element 'Object Repository/Mobile/Page/Home/Item - Top Watchlist' not found
	at com.kms.katalon.core.keyword.internal.KeywordMain.stepFailed(KeywordMain.groovy:50)
	at com.kms.katalon.core.mobile.keyword.internal.MobileKeywordMain.stepFailed(MobileKeywordMain.groovy:40)
	at com.kms.katalon.core.mobile.keyword.builtin.VerifyElementExistKeyword$_verifyElementExist_closure1.doCall(VerifyElementExistKeyword.groovy:77)
	at com.kms.katalon.core.mobile.keyword.builtin.VerifyElementExistKeyword$_verifyElementExist_closure1.call(VerifyElementExistKeyword.groovy)
	at com.kms.katalon.core.mobile.keyword.internal.MobileKeywordMain.runKeyword(MobileKeywordMain.groovy:21)
	at com.kms.katalon.core.mobile.keyword.builtin.VerifyElementExistKeyword.verifyElementExist(VerifyElementExistKeyword.groovy:80)
	at com.kms.katalon.core.mobile.keyword.builtin.VerifyElementExistKeyword.execute(VerifyElementExistKeyword.groovy:64)
	at com.kms.katalon.core.keyword.internal.KeywordExecutor.executeKeywordForPlatform(KeywordExecutor.groovy:73)
	at com.kms.katalon.core.mobile.keyword.MobileBuiltInKeywords.verifyElementExist(MobileBuiltInKeywords.groovy:1586)
	at com.kms.katalon.core.mobile.keyword.MobileBuiltInKeywords$verifyElementExist$13.call(Unknown Source)
	at Home.run(Home:120)
	at com.kms.katalon.core.main.ScriptEngine.run(ScriptEngine.java:194)
	at com.kms.katalon.core.main.ScriptEngine.runScriptAsRawText(ScriptEngine.java:119)
	at com.kms.katalon.core.main.TestCaseExecutor.runScript(TestCaseExecutor.java:398)
	at com.kms.katalon.core.main.TestCaseExecutor.doExecute(TestCaseExecutor.java:389)
	at com.kms.katalon.core.main.TestCaseExecutor.processExecutionPhase(TestCaseExecutor.java:368)
	at com.kms.katalon.core.main.TestCaseExecutor.accessMainPhase(TestCaseExecutor.java:360)
	at com.kms.katalon.core.main.TestCaseExecutor.execute(TestCaseExecutor.java:255)
	at com.kms.katalon.core.main.TestCaseMain.runTestCase(TestCaseMain.java:114)
	at com.kms.katalon.core.keyword.builtin.CallTestCaseKeyword$_callTestCase_closure1.doCall(CallTestCaseKeyword.groovy:59)
	at com.kms.katalon.core.keyword.builtin.CallTestCaseKeyword$_callTestCase_closure1.call(CallTestCaseKeyword.groovy)
	at com.kms.katalon.core.keyword.internal.KeywordMain.runKeyword(KeywordMain.groovy:68)
	at com.kms.katalon.core.keyword.builtin.CallTestCaseKeyword.callTestCase(CallTestCaseKeyword.groovy:81)
	at com.kms.katalon.core.keyword.builtin.CallTestCaseKeyword.execute(CallTestCaseKeyword.groovy:44)
	at com.kms.katalon.core.keyword.internal.KeywordExecutor.executeKeywordForPlatform(KeywordExecutor.groovy:73)
	at com.kms.katalon.core.keyword.BuiltinKeywords.callTestCase(BuiltinKeywords.groovy:334)
	at 003 - Menambahkan watchlist.run(003 - Menambahkan watchlist:22)
	at com.kms.katalon.core.main.ScriptEngine.run(ScriptEngine.java:194)
	at com.kms.katalon.core.main.ScriptEngine.runScriptAsRawText(ScriptEngine.java:119)
	at com.kms.katalon.core.main.TestCaseExecutor.runScript(TestCaseExecutor.java:398)
	at com.kms.katalon.core.main.TestCaseExecutor.doExecute(TestCaseExecutor.java:389)
	at com.kms.katalon.core.main.TestCaseExecutor.processExecutionPhase(TestCaseExecutor.java:368)
	at com.kms.katalon.core.main.TestCaseExecutor.accessMainPhase(TestCaseExecutor.java:360)
	at com.kms.katalon.core.main.TestCaseExecutor.execute(TestCaseExecutor.java:255)
	at com.kms.katalon.core.main.TestSuiteExecutor.accessTestCaseMainPhase(TestSuiteExecutor.java:203)
	at com.kms.katalon.core.main.TestSuiteExecutor.accessTestSuiteMainPhase(TestSuiteExecutor.java:152)
	at com.kms.katalon.core.main.TestSuiteExecutor.execute(TestSuiteExecutor.java:95)
	at com.kms.katalon.core.main.TestCaseMain.startTestSuite(TestCaseMain.java:157)
	at com.kms.katalon.core.main.TestCaseMain$startTestSuite$0.call(Unknown Source)
	at TempTestSuite1647260194190.run(TempTestSuite1647260194190.groovy:39)
)

2022-03-14 19:22:08 - [TEST_STEP][PASSED] - scroll.scroll.scrollRightToLeft(itemWatchlist): scroll.scroll.scrollRightToLeft is PASSED

2022-03-14 19:22:08 - [MESSAGE][WARNING] - Timeout '0' is invalid. Using default page load timeout: '60'

2022-03-14 19:22:08 - [MESSAGE][PASSED] - Object 'Object Repository/Mobile/Page/Home/Item - Top Watchlist' has left position '67'

2022-03-14 19:22:08 - [MESSAGE][WARNING] - Timeout '0' is invalid. Using default page load timeout: '60'

2022-03-14 19:22:09 - [MESSAGE][PASSED] - Object 'Object Repository/Mobile/Page/Home/Item - Top Watchlist' has top position '744'

2022-03-14 19:22:09 - [MESSAGE][WARNING] - Timeout '0' is invalid. Using default page load timeout: '60'

2022-03-14 19:22:09 - [MESSAGE][PASSED] - Object 'Object Repository/Mobile/Page/Home/Item - Top Watchlist' has width: '587'

2022-03-14 19:22:09 - [MESSAGE][WARNING] - Timeout '0' is invalid. Using default page load timeout: '60'

2022-03-14 19:22:09 - [MESSAGE][PASSED] - Object 'Object Repository/Mobile/Page/Home/Item - Top Watchlist' has height: '91'

2022-03-14 19:22:10 - [MESSAGE][PASSED] - Swiped from 624,789 to 96,789

2022-03-14 19:22:10 - [MESSAGE][PASSED] - scroll.scroll.scrollRightToLeft is PASSED

2022-03-14 19:22:10 - [TEST_STEP][PASSED] - delay(2): Delayed 2 second(s)

2022-03-14 19:22:12 - [MESSAGE][PASSED] - Delayed 2 second(s)

2022-03-14 19:22:12 - [TEST_STEP][FAILED] - itemWatchlistExist = verifyElementExist(itemWatchlist, 2): Failed to check for element 'Object Repository/Mobile/Page/Home/Item - Top Watchlist' exist (Root cause: com.kms.katalon.core.exception.StepFailedException: Element 'Object Repository/Mobile/Page/Home/Item - Top Watchlist' not found
	at com.kms.katalon.core.keyword.internal.KeywordMain.stepFailed(KeywordMain.groovy:50)
	at com.kms.katalon.core.mobile.keyword.internal.MobileKeywordMain.stepFailed(MobileKeywordMain.groovy:40)
	at com.kms.katalon.core.mobile.keyword.builtin.VerifyElementExistKeyword$_verifyElementExist_closure1.doCall(VerifyElementExistKeyword.groovy:77)
	at com.kms.katalon.core.mobile.keyword.builtin.VerifyElementExistKeyword$_verifyElementExist_closure1.call(VerifyElementExistKeyword.groovy)
	at com.kms.katalon.core.mobile.keyword.internal.MobileKeywordMain.runKeyword(MobileKeywordMain.groovy:21)
	at com.kms.katalon.core.mobile.keyword.builtin.VerifyElementExistKeyword.verifyElementExist(VerifyElementExistKeyword.groovy:80)
	at com.kms.katalon.core.mobile.keyword.builtin.VerifyElementExistKeyword.execute(VerifyElementExistKeyword.groovy:64)
	at com.kms.katalon.core.keyword.internal.KeywordExecutor.executeKeywordForPlatform(KeywordExecutor.groovy:73)
	at com.kms.katalon.core.mobile.keyword.MobileBuiltInKeywords.verifyElementExist(MobileBuiltInKeywords.groovy:1586)
	at com.kms.katalon.core.mobile.keyword.MobileBuiltInKeywords$verifyElementExist$13.call(Unknown Source)
	at Home.run(Home:120)
	at com.kms.katalon.core.main.ScriptEngine.run(ScriptEngine.java:194)
	at com.kms.katalon.core.main.ScriptEngine.runScriptAsRawText(ScriptEngine.java:119)
	at com.kms.katalon.core.main.TestCaseExecutor.runScript(TestCaseExecutor.java:398)
	at com.kms.katalon.core.main.TestCaseExecutor.doExecute(TestCaseExecutor.java:389)
	at com.kms.katalon.core.main.TestCaseExecutor.processExecutionPhase(TestCaseExecutor.java:368)
	at com.kms.katalon.core.main.TestCaseExecutor.accessMainPhase(TestCaseExecutor.java:360)
	at com.kms.katalon.core.main.TestCaseExecutor.execute(TestCaseExecutor.java:255)
	at com.kms.katalon.core.main.TestCaseMain.runTestCase(TestCaseMain.java:114)
	at com.kms.katalon.core.keyword.builtin.CallTestCaseKeyword$_callTestCase_closure1.doCall(CallTestCaseKeyword.groovy:59)
	at com.kms.katalon.core.keyword.builtin.CallTestCaseKeyword$_callTestCase_closure1.call(CallTestCaseKeyword.groovy)
	at com.kms.katalon.core.keyword.internal.KeywordMain.runKeyword(KeywordMain.groovy:68)
	at com.kms.katalon.core.keyword.builtin.CallTestCaseKeyword.callTestCase(CallTestCaseKeyword.groovy:81)
	at com.kms.katalon.core.keyword.builtin.CallTestCaseKeyword.execute(CallTestCaseKeyword.groovy:44)
	at com.kms.katalon.core.keyword.internal.KeywordExecutor.executeKeywordForPlatform(KeywordExecutor.groovy:73)
	at com.kms.katalon.core.keyword.BuiltinKeywords.callTestCase(BuiltinKeywords.groovy:334)
	at 003 - Menambahkan watchlist.run(003 - Menambahkan watchlist:22)
	at com.kms.katalon.core.main.ScriptEngine.run(ScriptEngine.java:194)
	at com.kms.katalon.core.main.ScriptEngine.runScriptAsRawText(ScriptEngine.java:119)
	at com.kms.katalon.core.main.TestCaseExecutor.runScript(TestCaseExecutor.java:398)
	at com.kms.katalon.core.main.TestCaseExecutor.doExecute(TestCaseExecutor.java:389)
	at com.kms.katalon.core.main.TestCaseExecutor.processExecutionPhase(TestCaseExecutor.java:368)
	at com.kms.katalon.core.main.TestCaseExecutor.accessMainPhase(TestCaseExecutor.java:360)
	at com.kms.katalon.core.main.TestCaseExecutor.execute(TestCaseExecutor.java:255)
	at com.kms.katalon.core.main.TestSuiteExecutor.accessTestCaseMainPhase(TestSuiteExecutor.java:203)
	at com.kms.katalon.core.main.TestSuiteExecutor.accessTestSuiteMainPhase(TestSuiteExecutor.java:152)
	at com.kms.katalon.core.main.TestSuiteExecutor.execute(TestSuiteExecutor.java:95)
	at com.kms.katalon.core.main.TestCaseMain.startTestSuite(TestCaseMain.java:157)
	at com.kms.katalon.core.main.TestCaseMain$startTestSuite$0.call(Unknown Source)
	at TempTestSuite1647260194190.run(TempTestSuite1647260194190.groovy:39)
)

2022-03-14 19:22:15 - [MESSAGE][FAILED] - Element 'Object Repository/Mobile/Page/Home/Item - Top Watchlist' not found
[[ATTACHMENT|C:\\Users\\Owner\\Documents\\kerjaan\\KatalonProject\\qa_katalon_pwm\\qa_katalon_pwm\\Reports\\20220314_191629\\home\\20220314_191634\\1647260534871.png]]

2022-03-14 19:22:16 - [MESSAGE][FAILED] - Failed to check for element 'Object Repository/Mobile/Page/Home/Item - Top Watchlist' exist (Root cause: com.kms.katalon.core.exception.StepFailedException: Element 'Object Repository/Mobile/Page/Home/Item - Top Watchlist' not found
	at com.kms.katalon.core.keyword.internal.KeywordMain.stepFailed(KeywordMain.groovy:50)
	at com.kms.katalon.core.mobile.keyword.internal.MobileKeywordMain.stepFailed(MobileKeywordMain.groovy:40)
	at com.kms.katalon.core.mobile.keyword.builtin.VerifyElementExistKeyword$_verifyElementExist_closure1.doCall(VerifyElementExistKeyword.groovy:77)
	at com.kms.katalon.core.mobile.keyword.builtin.VerifyElementExistKeyword$_verifyElementExist_closure1.call(VerifyElementExistKeyword.groovy)
	at com.kms.katalon.core.mobile.keyword.internal.MobileKeywordMain.runKeyword(MobileKeywordMain.groovy:21)
	at com.kms.katalon.core.mobile.keyword.builtin.VerifyElementExistKeyword.verifyElementExist(VerifyElementExistKeyword.groovy:80)
	at com.kms.katalon.core.mobile.keyword.builtin.VerifyElementExistKeyword.execute(VerifyElementExistKeyword.groovy:64)
	at com.kms.katalon.core.keyword.internal.KeywordExecutor.executeKeywordForPlatform(KeywordExecutor.groovy:73)
	at com.kms.katalon.core.mobile.keyword.MobileBuiltInKeywords.verifyElementExist(MobileBuiltInKeywords.groovy:1586)
	at com.kms.katalon.core.mobile.keyword.MobileBuiltInKeywords$verifyElementExist$13.call(Unknown Source)
	at Home.run(Home:120)
	at com.kms.katalon.core.main.ScriptEngine.run(ScriptEngine.java:194)
	at com.kms.katalon.core.main.ScriptEngine.runScriptAsRawText(ScriptEngine.java:119)
	at com.kms.katalon.core.main.TestCaseExecutor.runScript(TestCaseExecutor.java:398)
	at com.kms.katalon.core.main.TestCaseExecutor.doExecute(TestCaseExecutor.java:389)
	at com.kms.katalon.core.main.TestCaseExecutor.processExecutionPhase(TestCaseExecutor.java:368)
	at com.kms.katalon.core.main.TestCaseExecutor.accessMainPhase(TestCaseExecutor.java:360)
	at com.kms.katalon.core.main.TestCaseExecutor.execute(TestCaseExecutor.java:255)
	at com.kms.katalon.core.main.TestCaseMain.runTestCase(TestCaseMain.java:114)
	at com.kms.katalon.core.keyword.builtin.CallTestCaseKeyword$_callTestCase_closure1.doCall(CallTestCaseKeyword.groovy:59)
	at com.kms.katalon.core.keyword.builtin.CallTestCaseKeyword$_callTestCase_closure1.call(CallTestCaseKeyword.groovy)
	at com.kms.katalon.core.keyword.internal.KeywordMain.runKeyword(KeywordMain.groovy:68)
	at com.kms.katalon.core.keyword.builtin.CallTestCaseKeyword.callTestCase(CallTestCaseKeyword.groovy:81)
	at com.kms.katalon.core.keyword.builtin.CallTestCaseKeyword.execute(CallTestCaseKeyword.groovy:44)
	at com.kms.katalon.core.keyword.internal.KeywordExecutor.executeKeywordForPlatform(KeywordExecutor.groovy:73)
	at com.kms.katalon.core.keyword.BuiltinKeywords.callTestCase(BuiltinKeywords.groovy:334)
	at 003 - Menambahkan watchlist.run(003 - Menambahkan watchlist:22)
	at com.kms.katalon.core.main.ScriptEngine.run(ScriptEngine.java:194)
	at com.kms.katalon.core.main.ScriptEngine.runScriptAsRawText(ScriptEngine.java:119)
	at com.kms.katalon.core.main.TestCaseExecutor.runScript(TestCaseExecutor.java:398)
	at com.kms.katalon.core.main.TestCaseExecutor.doExecute(TestCaseExecutor.java:389)
	at com.kms.katalon.core.main.TestCaseExecutor.processExecutionPhase(TestCaseExecutor.java:368)
	at com.kms.katalon.core.main.TestCaseExecutor.accessMainPhase(TestCaseExecutor.java:360)
	at com.kms.katalon.core.main.TestCaseExecutor.execute(TestCaseExecutor.java:255)
	at com.kms.katalon.core.main.TestSuiteExecutor.accessTestCaseMainPhase(TestSuiteExecutor.java:203)
	at com.kms.katalon.core.main.TestSuiteExecutor.accessTestSuiteMainPhase(TestSuiteExecutor.java:152)
	at com.kms.katalon.core.main.TestSuiteExecutor.execute(TestSuiteExecutor.java:95)
	at com.kms.katalon.core.main.TestCaseMain.startTestSuite(TestCaseMain.java:157)
	at com.kms.katalon.core.main.TestCaseMain$startTestSuite$0.call(Unknown Source)
	at TempTestSuite1647260194190.run(TempTestSuite1647260194190.groovy:39)
)
[[ATTACHMENT|C:\\Users\\Owner\\Documents\\kerjaan\\KatalonProject\\qa_katalon_pwm\\qa_katalon_pwm\\Reports\\20220314_191629\\home\\20220314_191634\\1647260535696.png]]

2022-03-14 19:22:16 - [TEST_STEP][PASSED] - catch (Exception e): null

2022-03-14 19:22:16 - [TEST_STEP][PASSED] - if (page == "notification"): null

2022-03-14 19:22:16 - [MESSAGE][PASSED] - Call Test Case 'Test Cases/Mobile/Page/Home/Home' successfully

2022-03-14 19:22:16 - [TEST_STEP][PASSED] - callTestCase(findTestCase("Mobile/Page/Run App/Terminate App"), [:], STOP_ON_FAILURE): Call Test Case 'Test Cases/Mobile/Page/Run App/Terminate App' successfully

2022-03-14 19:22:16 - [TEST_CASE][PASSED] - Test Cases/Mobile/Page/Run App/Terminate App: Test Cases/Mobile/Page/Run App/Terminate App

2022-03-14 19:22:16 - [TEST_STEP][PASSED] - startApp.OpenApp.terminateApplication(): startApp.OpenApp.terminateApplication is PASSED

2022-03-14 19:22:19 - [MESSAGE][PASSED] - Delayed 3 second(s)

2022-03-14 19:22:19 - [MESSAGE][PASSED] - Current device physical width is 720

2022-03-14 19:22:20 - [MESSAGE][PASSED] - Current device physical height is 1423

2022-03-14 19:22:21 - [MESSAGE][PASSED] - Swiped from 360,853 to 360,142

2022-03-14 19:22:22 - [MESSAGE][PASSED] - Delayed 1 second(s)

2022-03-14 19:22:23 - [MESSAGE][PASSED] - Swiped from 360,853 to 360,142

2022-03-14 19:22:26 - [MESSAGE][PASSED] - Delayed 3 second(s)

2022-03-14 19:22:26 - [MESSAGE][PASSED] - startApp.OpenApp.terminateApplication is PASSED

2022-03-14 19:22:26 - [MESSAGE][PASSED] - Call Test Case 'Test Cases/Mobile/Page/Run App/Terminate App' successfully]]></system-out>
         <system-err><![CDATA[]]></system-err>
      </testcase>
      <testcase name="Test Cases/Mobile/Scenario/Home/004 - Melihat semua notifikasi" time="53.064" classname="Test Cases/Mobile/Scenario/Home/004 - Melihat semua notifikasi" status="PASSED">
         <system-out><![CDATA[2022-03-14 19:22:26 - [TEST_CASE][PASSED] - Test Cases/Mobile/Scenario/Home/004 - Melihat semua notifikasi: Test Cases/Mobile/Scenario/Home/004 - Melihat semua notifikasi

2022-03-14 19:22:27 - [TEST_STEP][PASSED] - callTestCase(findTestCase("Mobile/Page/Run App/Run App byID"), [:], STOP_ON_FAILURE): Call Test Case 'Test Cases/Mobile/Page/Run App/Run App byID' successfully

2022-03-14 19:22:27 - [TEST_CASE][PASSED] - Test Cases/Mobile/Page/Run App/Run App byID: Test Cases/Mobile/Page/Run App/Run App byID

2022-03-14 19:22:27 - [TEST_STEP][PASSED] - startApp.OpenApp.startApplication("id.co.miraeasset.sageclub"): startApp.OpenApp.startApplication is PASSED

2022-03-14 19:22:40 - [MESSAGE][PASSED] - Starting app with application ID: 'id.co.miraeasset.sageclub'

2022-03-14 19:22:40 - [MESSAGE][PASSED] - startApp.OpenApp.startApplication is PASSED

2022-03-14 19:22:40 - [MESSAGE][PASSED] - Call Test Case 'Test Cases/Mobile/Page/Run App/Run App byID' successfully

2022-03-14 19:22:40 - [TEST_STEP][PASSED] - callTestCase(findTestCase("Mobile/Page/Home/Home"), ["page":"notification", "action":"none"], CONTINUE_ON_FAILURE): Call Test Case 'Test Cases/Mobile/Page/Home/Home' successfully

2022-03-14 19:22:40 - [TEST_CASE][PASSED] - Test Cases/Mobile/Page/Home/Home: Test Cases/Mobile/Page/Home/Home

2022-03-14 19:22:40 - [TEST_STEP][PASSED] - callTestCase(findTestCase("Mobile/Page/CheckLogin"), [:], CONTINUE_ON_FAILURE): Call Test Case 'Test Cases/Mobile/Page/CheckLogin' successfully

2022-03-14 19:22:40 - [TEST_CASE][PASSED] - Test Cases/Mobile/Page/CheckLogin: Test Cases/Mobile/Page/CheckLogin

2022-03-14 19:22:40 - [TEST_STEP][PASSED] - loginCheck = verifyElementExist(LOGN_BtnLogin, 5, CONTINUE_ON_FAILURE): Element 'Object Repository/Mobile/Page/Login/Button - Login' is exist

2022-03-14 19:22:42 - [MESSAGE][PASSED] - Element 'Object Repository/Mobile/Page/Login/Button - Login' is exist

2022-03-14 19:22:42 - [TEST_STEP][PASSED] - if (loginCheck): Call Test Case 'Test Cases/Mobile/Page/Login/Login' successfully

2022-03-14 19:22:42 - [TEST_STEP][PASSED] - callTestCase(findTestCase("Mobile/Page/Login/Login"), ["action":"username"], CONTINUE_ON_FAILURE): Call Test Case 'Test Cases/Mobile/Page/Login/Login' successfully

2022-03-14 19:22:42 - [TEST_CASE][PASSED] - Test Cases/Mobile/Page/Login/Login: Test Cases/Mobile/Page/Login/Login

2022-03-14 19:22:42 - [TEST_STEP][PASSED] - delay(2): Delayed 2 second(s)

2022-03-14 19:22:44 - [MESSAGE][PASSED] - Delayed 2 second(s)

2022-03-14 19:22:45 - [TEST_STEP][PASSED] - for ([i = 0, i < 1, (i++)]): null

2022-03-14 19:22:45 - [TEST_STEP][PASSED] - if (action == "username"): null

2022-03-14 19:22:45 - [TEST_STEP][PASSED] - tap(LOGN_EdtUserID, 0): Tapped on element 'Object Repository/Mobile/Page/Login/Input - UserID'

2022-03-14 19:22:45 - [MESSAGE][WARNING] - Timeout '0' is invalid. Using default page load timeout: '60'

2022-03-14 19:22:45 - [MESSAGE][PASSED] - Tapped on element 'Object Repository/Mobile/Page/Login/Input - UserID'

2022-03-14 19:22:45 - [TEST_STEP][PASSED] - delay(1): Delayed 1 second(s)

2022-03-14 19:22:46 - [MESSAGE][PASSED] - Delayed 1 second(s)

2022-03-14 19:22:46 - [TEST_STEP][PASSED] - setText(LOGN_EdtRdyUserID, "anggaaditya", 0): Text 'anggaaditya' has been set to element 'Object Repository/Mobile/Page/Login/Input Rdy - UserID'

2022-03-14 19:22:46 - [MESSAGE][WARNING] - Timeout '0' is invalid. Using default page load timeout: '60'

2022-03-14 19:22:47 - [MESSAGE][PASSED] - Text 'anggaaditya' has been set to element 'Object Repository/Mobile/Page/Login/Input Rdy - UserID'

2022-03-14 19:22:47 - [TEST_STEP][PASSED] - delay(1): Delayed 1 second(s)

2022-03-14 19:22:48 - [MESSAGE][PASSED] - Delayed 1 second(s)

2022-03-14 19:22:48 - [TEST_STEP][PASSED] - hideKeyboard(): Keyboard is hidden

2022-03-14 19:22:52 - [MESSAGE][PASSED] - Keyboard is hidden

2022-03-14 19:22:52 - [TEST_STEP][PASSED] - tap(LOGN_EdtPassword, 0): Tapped on element 'Object Repository/Mobile/Page/Login/Input - Password'

2022-03-14 19:22:52 - [MESSAGE][WARNING] - Timeout '0' is invalid. Using default page load timeout: '60'

2022-03-14 19:22:52 - [MESSAGE][PASSED] - Tapped on element 'Object Repository/Mobile/Page/Login/Input - Password'

2022-03-14 19:22:52 - [TEST_STEP][PASSED] - delay(1): Delayed 1 second(s)

2022-03-14 19:22:53 - [MESSAGE][PASSED] - Delayed 1 second(s)

2022-03-14 19:22:53 - [TEST_STEP][PASSED] - setText(LOGN_EdtRdyPassword, "Shalawa18", 0): Text 'Shalawa18' has been set to element 'Object Repository/Mobile/Page/Login/Input Rdy - Password'

2022-03-14 19:22:53 - [MESSAGE][WARNING] - Timeout '0' is invalid. Using default page load timeout: '60'

2022-03-14 19:22:54 - [MESSAGE][PASSED] - Text 'Shalawa18' has been set to element 'Object Repository/Mobile/Page/Login/Input Rdy - Password'

2022-03-14 19:22:54 - [TEST_STEP][PASSED] - delay(1): Delayed 1 second(s)

2022-03-14 19:22:55 - [MESSAGE][PASSED] - Delayed 1 second(s)

2022-03-14 19:22:55 - [TEST_STEP][PASSED] - hideKeyboard(): Keyboard is hidden

2022-03-14 19:23:01 - [MESSAGE][PASSED] - Keyboard is hidden

2022-03-14 19:23:01 - [TEST_STEP][PASSED] - tap(LOGN_BtnLogin, 0): Tapped on element 'Object Repository/Mobile/Page/Login/Button - Login'

2022-03-14 19:23:01 - [MESSAGE][WARNING] - Timeout '0' is invalid. Using default page load timeout: '60'

2022-03-14 19:23:01 - [MESSAGE][PASSED] - Tapped on element 'Object Repository/Mobile/Page/Login/Button - Login'

2022-03-14 19:23:01 - [TEST_STEP][PASSED] - delay(2): Delayed 2 second(s)

2022-03-14 19:23:03 - [MESSAGE][PASSED] - Delayed 2 second(s)

2022-03-14 19:23:03 - [TEST_STEP][PASSED] - break: null

2022-03-14 19:23:03 - [MESSAGE][PASSED] - Call Test Case 'Test Cases/Mobile/Page/Login/Login' successfully

2022-03-14 19:23:03 - [MESSAGE][PASSED] - Call Test Case 'Test Cases/Mobile/Page/CheckLogin' successfully

2022-03-14 19:23:03 - [TEST_STEP][FAILED] - for ([i = 0, i < 1, (i++)]): null

2022-03-14 19:23:03 - [TEST_STEP][PASSED] - if (action == "seeperformance"): null

2022-03-14 19:23:03 - [TEST_STEP][FAILED] - if (page == "notification"): null

2022-03-14 19:23:03 - [TEST_STEP][PASSED] - delay(2): Delayed 2 second(s)

2022-03-14 19:23:05 - [MESSAGE][PASSED] - Delayed 2 second(s)

2022-03-14 19:23:05 - [TEST_STEP][FAILED] - try: Failed to check for element 'Object Repository/Mobile/Page/Home/Item - Top Watchlist' exist (Root cause: com.kms.katalon.core.exception.StepFailedException: Element 'Object Repository/Mobile/Page/Home/Item - Top Watchlist' not found
	at com.kms.katalon.core.keyword.internal.KeywordMain.stepFailed(KeywordMain.groovy:50)
	at com.kms.katalon.core.mobile.keyword.internal.MobileKeywordMain.stepFailed(MobileKeywordMain.groovy:40)
	at com.kms.katalon.core.mobile.keyword.builtin.VerifyElementExistKeyword$_verifyElementExist_closure1.doCall(VerifyElementExistKeyword.groovy:77)
	at com.kms.katalon.core.mobile.keyword.builtin.VerifyElementExistKeyword$_verifyElementExist_closure1.call(VerifyElementExistKeyword.groovy)
	at com.kms.katalon.core.mobile.keyword.internal.MobileKeywordMain.runKeyword(MobileKeywordMain.groovy:21)
	at com.kms.katalon.core.mobile.keyword.builtin.VerifyElementExistKeyword.verifyElementExist(VerifyElementExistKeyword.groovy:80)
	at com.kms.katalon.core.mobile.keyword.builtin.VerifyElementExistKeyword.execute(VerifyElementExistKeyword.groovy:64)
	at com.kms.katalon.core.keyword.internal.KeywordExecutor.executeKeywordForPlatform(KeywordExecutor.groovy:73)
	at com.kms.katalon.core.mobile.keyword.MobileBuiltInKeywords.verifyElementExist(MobileBuiltInKeywords.groovy:1586)
	at com.kms.katalon.core.mobile.keyword.MobileBuiltInKeywords$verifyElementExist$13.call(Unknown Source)
	at Home.run(Home:180)
	at com.kms.katalon.core.main.ScriptEngine.run(ScriptEngine.java:194)
	at com.kms.katalon.core.main.ScriptEngine.runScriptAsRawText(ScriptEngine.java:119)
	at com.kms.katalon.core.main.TestCaseExecutor.runScript(TestCaseExecutor.java:398)
	at com.kms.katalon.core.main.TestCaseExecutor.doExecute(TestCaseExecutor.java:389)
	at com.kms.katalon.core.main.TestCaseExecutor.processExecutionPhase(TestCaseExecutor.java:368)
	at com.kms.katalon.core.main.TestCaseExecutor.accessMainPhase(TestCaseExecutor.java:360)
	at com.kms.katalon.core.main.TestCaseExecutor.execute(TestCaseExecutor.java:255)
	at com.kms.katalon.core.main.TestCaseMain.runTestCase(TestCaseMain.java:114)
	at com.kms.katalon.core.keyword.builtin.CallTestCaseKeyword$_callTestCase_closure1.doCall(CallTestCaseKeyword.groovy:59)
	at com.kms.katalon.core.keyword.builtin.CallTestCaseKeyword$_callTestCase_closure1.call(CallTestCaseKeyword.groovy)
	at com.kms.katalon.core.keyword.internal.KeywordMain.runKeyword(KeywordMain.groovy:68)
	at com.kms.katalon.core.keyword.builtin.CallTestCaseKeyword.callTestCase(CallTestCaseKeyword.groovy:81)
	at com.kms.katalon.core.keyword.builtin.CallTestCaseKeyword.execute(CallTestCaseKeyword.groovy:44)
	at com.kms.katalon.core.keyword.internal.KeywordExecutor.executeKeywordForPlatform(KeywordExecutor.groovy:73)
	at com.kms.katalon.core.keyword.BuiltinKeywords.callTestCase(BuiltinKeywords.groovy:334)
	at 004 - Melihat semua notifikasi.run(004 - Melihat semua notifikasi:22)
	at com.kms.katalon.core.main.ScriptEngine.run(ScriptEngine.java:194)
	at com.kms.katalon.core.main.ScriptEngine.runScriptAsRawText(ScriptEngine.java:119)
	at com.kms.katalon.core.main.TestCaseExecutor.runScript(TestCaseExecutor.java:398)
	at com.kms.katalon.core.main.TestCaseExecutor.doExecute(TestCaseExecutor.java:389)
	at com.kms.katalon.core.main.TestCaseExecutor.processExecutionPhase(TestCaseExecutor.java:368)
	at com.kms.katalon.core.main.TestCaseExecutor.accessMainPhase(TestCaseExecutor.java:360)
	at com.kms.katalon.core.main.TestCaseExecutor.execute(TestCaseExecutor.java:255)
	at com.kms.katalon.core.main.TestSuiteExecutor.accessTestCaseMainPhase(TestSuiteExecutor.java:203)
	at com.kms.katalon.core.main.TestSuiteExecutor.accessTestSuiteMainPhase(TestSuiteExecutor.java:152)
	at com.kms.katalon.core.main.TestSuiteExecutor.execute(TestSuiteExecutor.java:95)
	at com.kms.katalon.core.main.TestCaseMain.startTestSuite(TestCaseMain.java:157)
	at com.kms.katalon.core.main.TestCaseMain$startTestSuite$0.call(Unknown Source)
	at TempTestSuite1647260194190.run(TempTestSuite1647260194190.groovy:39)
)

2022-03-14 19:23:05 - [TEST_STEP][PASSED] - itemWatchlist = HOME_ItemTopWatchlist: null

2022-03-14 19:23:05 - [TEST_STEP][FAILED] - itemWatchlistExist = verifyElementExist(itemWatchlist, 2): Failed to check for element 'Object Repository/Mobile/Page/Home/Item - Top Watchlist' exist (Root cause: com.kms.katalon.core.exception.StepFailedException: Element 'Object Repository/Mobile/Page/Home/Item - Top Watchlist' not found
	at com.kms.katalon.core.keyword.internal.KeywordMain.stepFailed(KeywordMain.groovy:50)
	at com.kms.katalon.core.mobile.keyword.internal.MobileKeywordMain.stepFailed(MobileKeywordMain.groovy:40)
	at com.kms.katalon.core.mobile.keyword.builtin.VerifyElementExistKeyword$_verifyElementExist_closure1.doCall(VerifyElementExistKeyword.groovy:77)
	at com.kms.katalon.core.mobile.keyword.builtin.VerifyElementExistKeyword$_verifyElementExist_closure1.call(VerifyElementExistKeyword.groovy)
	at com.kms.katalon.core.mobile.keyword.internal.MobileKeywordMain.runKeyword(MobileKeywordMain.groovy:21)
	at com.kms.katalon.core.mobile.keyword.builtin.VerifyElementExistKeyword.verifyElementExist(VerifyElementExistKeyword.groovy:80)
	at com.kms.katalon.core.mobile.keyword.builtin.VerifyElementExistKeyword.execute(VerifyElementExistKeyword.groovy:64)
	at com.kms.katalon.core.keyword.internal.KeywordExecutor.executeKeywordForPlatform(KeywordExecutor.groovy:73)
	at com.kms.katalon.core.mobile.keyword.MobileBuiltInKeywords.verifyElementExist(MobileBuiltInKeywords.groovy:1586)
	at com.kms.katalon.core.mobile.keyword.MobileBuiltInKeywords$verifyElementExist$13.call(Unknown Source)
	at Home.run(Home:180)
	at com.kms.katalon.core.main.ScriptEngine.run(ScriptEngine.java:194)
	at com.kms.katalon.core.main.ScriptEngine.runScriptAsRawText(ScriptEngine.java:119)
	at com.kms.katalon.core.main.TestCaseExecutor.runScript(TestCaseExecutor.java:398)
	at com.kms.katalon.core.main.TestCaseExecutor.doExecute(TestCaseExecutor.java:389)
	at com.kms.katalon.core.main.TestCaseExecutor.processExecutionPhase(TestCaseExecutor.java:368)
	at com.kms.katalon.core.main.TestCaseExecutor.accessMainPhase(TestCaseExecutor.java:360)
	at com.kms.katalon.core.main.TestCaseExecutor.execute(TestCaseExecutor.java:255)
	at com.kms.katalon.core.main.TestCaseMain.runTestCase(TestCaseMain.java:114)
	at com.kms.katalon.core.keyword.builtin.CallTestCaseKeyword$_callTestCase_closure1.doCall(CallTestCaseKeyword.groovy:59)
	at com.kms.katalon.core.keyword.builtin.CallTestCaseKeyword$_callTestCase_closure1.call(CallTestCaseKeyword.groovy)
	at com.kms.katalon.core.keyword.internal.KeywordMain.runKeyword(KeywordMain.groovy:68)
	at com.kms.katalon.core.keyword.builtin.CallTestCaseKeyword.callTestCase(CallTestCaseKeyword.groovy:81)
	at com.kms.katalon.core.keyword.builtin.CallTestCaseKeyword.execute(CallTestCaseKeyword.groovy:44)
	at com.kms.katalon.core.keyword.internal.KeywordExecutor.executeKeywordForPlatform(KeywordExecutor.groovy:73)
	at com.kms.katalon.core.keyword.BuiltinKeywords.callTestCase(BuiltinKeywords.groovy:334)
	at 004 - Melihat semua notifikasi.run(004 - Melihat semua notifikasi:22)
	at com.kms.katalon.core.main.ScriptEngine.run(ScriptEngine.java:194)
	at com.kms.katalon.core.main.ScriptEngine.runScriptAsRawText(ScriptEngine.java:119)
	at com.kms.katalon.core.main.TestCaseExecutor.runScript(TestCaseExecutor.java:398)
	at com.kms.katalon.core.main.TestCaseExecutor.doExecute(TestCaseExecutor.java:389)
	at com.kms.katalon.core.main.TestCaseExecutor.processExecutionPhase(TestCaseExecutor.java:368)
	at com.kms.katalon.core.main.TestCaseExecutor.accessMainPhase(TestCaseExecutor.java:360)
	at com.kms.katalon.core.main.TestCaseExecutor.execute(TestCaseExecutor.java:255)
	at com.kms.katalon.core.main.TestSuiteExecutor.accessTestCaseMainPhase(TestSuiteExecutor.java:203)
	at com.kms.katalon.core.main.TestSuiteExecutor.accessTestSuiteMainPhase(TestSuiteExecutor.java:152)
	at com.kms.katalon.core.main.TestSuiteExecutor.execute(TestSuiteExecutor.java:95)
	at com.kms.katalon.core.main.TestCaseMain.startTestSuite(TestCaseMain.java:157)
	at com.kms.katalon.core.main.TestCaseMain$startTestSuite$0.call(Unknown Source)
	at TempTestSuite1647260194190.run(TempTestSuite1647260194190.groovy:39)
)

2022-03-14 19:23:08 - [MESSAGE][FAILED] - Element 'Object Repository/Mobile/Page/Home/Item - Top Watchlist' not found
[[ATTACHMENT|C:\\Users\\Owner\\Documents\\kerjaan\\KatalonProject\\qa_katalon_pwm\\qa_katalon_pwm\\Reports\\20220314_191629\\home\\20220314_191634\\1647260588003.png]]

2022-03-14 19:23:09 - [MESSAGE][FAILED] - Failed to check for element 'Object Repository/Mobile/Page/Home/Item - Top Watchlist' exist (Root cause: com.kms.katalon.core.exception.StepFailedException: Element 'Object Repository/Mobile/Page/Home/Item - Top Watchlist' not found
	at com.kms.katalon.core.keyword.internal.KeywordMain.stepFailed(KeywordMain.groovy:50)
	at com.kms.katalon.core.mobile.keyword.internal.MobileKeywordMain.stepFailed(MobileKeywordMain.groovy:40)
	at com.kms.katalon.core.mobile.keyword.builtin.VerifyElementExistKeyword$_verifyElementExist_closure1.doCall(VerifyElementExistKeyword.groovy:77)
	at com.kms.katalon.core.mobile.keyword.builtin.VerifyElementExistKeyword$_verifyElementExist_closure1.call(VerifyElementExistKeyword.groovy)
	at com.kms.katalon.core.mobile.keyword.internal.MobileKeywordMain.runKeyword(MobileKeywordMain.groovy:21)
	at com.kms.katalon.core.mobile.keyword.builtin.VerifyElementExistKeyword.verifyElementExist(VerifyElementExistKeyword.groovy:80)
	at com.kms.katalon.core.mobile.keyword.builtin.VerifyElementExistKeyword.execute(VerifyElementExistKeyword.groovy:64)
	at com.kms.katalon.core.keyword.internal.KeywordExecutor.executeKeywordForPlatform(KeywordExecutor.groovy:73)
	at com.kms.katalon.core.mobile.keyword.MobileBuiltInKeywords.verifyElementExist(MobileBuiltInKeywords.groovy:1586)
	at com.kms.katalon.core.mobile.keyword.MobileBuiltInKeywords$verifyElementExist$13.call(Unknown Source)
	at Home.run(Home:180)
	at com.kms.katalon.core.main.ScriptEngine.run(ScriptEngine.java:194)
	at com.kms.katalon.core.main.ScriptEngine.runScriptAsRawText(ScriptEngine.java:119)
	at com.kms.katalon.core.main.TestCaseExecutor.runScript(TestCaseExecutor.java:398)
	at com.kms.katalon.core.main.TestCaseExecutor.doExecute(TestCaseExecutor.java:389)
	at com.kms.katalon.core.main.TestCaseExecutor.processExecutionPhase(TestCaseExecutor.java:368)
	at com.kms.katalon.core.main.TestCaseExecutor.accessMainPhase(TestCaseExecutor.java:360)
	at com.kms.katalon.core.main.TestCaseExecutor.execute(TestCaseExecutor.java:255)
	at com.kms.katalon.core.main.TestCaseMain.runTestCase(TestCaseMain.java:114)
	at com.kms.katalon.core.keyword.builtin.CallTestCaseKeyword$_callTestCase_closure1.doCall(CallTestCaseKeyword.groovy:59)
	at com.kms.katalon.core.keyword.builtin.CallTestCaseKeyword$_callTestCase_closure1.call(CallTestCaseKeyword.groovy)
	at com.kms.katalon.core.keyword.internal.KeywordMain.runKeyword(KeywordMain.groovy:68)
	at com.kms.katalon.core.keyword.builtin.CallTestCaseKeyword.callTestCase(CallTestCaseKeyword.groovy:81)
	at com.kms.katalon.core.keyword.builtin.CallTestCaseKeyword.execute(CallTestCaseKeyword.groovy:44)
	at com.kms.katalon.core.keyword.internal.KeywordExecutor.executeKeywordForPlatform(KeywordExecutor.groovy:73)
	at com.kms.katalon.core.keyword.BuiltinKeywords.callTestCase(BuiltinKeywords.groovy:334)
	at 004 - Melihat semua notifikasi.run(004 - Melihat semua notifikasi:22)
	at com.kms.katalon.core.main.ScriptEngine.run(ScriptEngine.java:194)
	at com.kms.katalon.core.main.ScriptEngine.runScriptAsRawText(ScriptEngine.java:119)
	at com.kms.katalon.core.main.TestCaseExecutor.runScript(TestCaseExecutor.java:398)
	at com.kms.katalon.core.main.TestCaseExecutor.doExecute(TestCaseExecutor.java:389)
	at com.kms.katalon.core.main.TestCaseExecutor.processExecutionPhase(TestCaseExecutor.java:368)
	at com.kms.katalon.core.main.TestCaseExecutor.accessMainPhase(TestCaseExecutor.java:360)
	at com.kms.katalon.core.main.TestCaseExecutor.execute(TestCaseExecutor.java:255)
	at com.kms.katalon.core.main.TestSuiteExecutor.accessTestCaseMainPhase(TestSuiteExecutor.java:203)
	at com.kms.katalon.core.main.TestSuiteExecutor.accessTestSuiteMainPhase(TestSuiteExecutor.java:152)
	at com.kms.katalon.core.main.TestSuiteExecutor.execute(TestSuiteExecutor.java:95)
	at com.kms.katalon.core.main.TestCaseMain.startTestSuite(TestCaseMain.java:157)
	at com.kms.katalon.core.main.TestCaseMain$startTestSuite$0.call(Unknown Source)
	at TempTestSuite1647260194190.run(TempTestSuite1647260194190.groovy:39)
)
[[ATTACHMENT|C:\\Users\\Owner\\Documents\\kerjaan\\KatalonProject\\qa_katalon_pwm\\qa_katalon_pwm\\Reports\\20220314_191629\\home\\20220314_191634\\1647260588766.png]]

2022-03-14 19:23:09 - [TEST_STEP][PASSED] - catch (Exception e): null

2022-03-14 19:23:09 - [MESSAGE][PASSED] - Call Test Case 'Test Cases/Mobile/Page/Home/Home' successfully

2022-03-14 19:23:09 - [TEST_STEP][PASSED] - callTestCase(findTestCase("Mobile/Page/Run App/Terminate App"), [:], STOP_ON_FAILURE): Call Test Case 'Test Cases/Mobile/Page/Run App/Terminate App' successfully

2022-03-14 19:23:09 - [TEST_CASE][PASSED] - Test Cases/Mobile/Page/Run App/Terminate App: Test Cases/Mobile/Page/Run App/Terminate App

2022-03-14 19:23:09 - [TEST_STEP][PASSED] - startApp.OpenApp.terminateApplication(): startApp.OpenApp.terminateApplication is PASSED

2022-03-14 19:23:12 - [MESSAGE][PASSED] - Delayed 3 second(s)

2022-03-14 19:23:12 - [MESSAGE][PASSED] - Current device physical width is 720

2022-03-14 19:23:13 - [MESSAGE][PASSED] - Current device physical height is 1423

2022-03-14 19:23:14 - [MESSAGE][PASSED] - Swiped from 360,853 to 360,142

2022-03-14 19:23:15 - [MESSAGE][PASSED] - Delayed 1 second(s)

2022-03-14 19:23:16 - [MESSAGE][PASSED] - Swiped from 360,853 to 360,142

2022-03-14 19:23:19 - [MESSAGE][PASSED] - Delayed 3 second(s)

2022-03-14 19:23:19 - [MESSAGE][PASSED] - startApp.OpenApp.terminateApplication is PASSED

2022-03-14 19:23:19 - [MESSAGE][PASSED] - Call Test Case 'Test Cases/Mobile/Page/Run App/Terminate App' successfully]]></system-out>
         <system-err><![CDATA[]]></system-err>
      </testcase>
      <testcase name="Test Cases/Mobile/Scenario/Home/005 - Melihat salah satu berita" time="110.203" classname="Test Cases/Mobile/Scenario/Home/005 - Melihat salah satu berita" status="FAILED">
         <failure type="FAILED" message="Test Cases/Mobile/Scenario/Home/005 - Melihat salah satu berita FAILED.
Reason:
com.kms.katalon.core.exception.StepFailedException: Unable to call Test Case 'Test Cases/Mobile/Page/Home/Home' (Root cause: com.kms.katalon.core.exception.StepFailedException: Call Test Case 'Test Cases/Mobile/Page/Home/Home' failed
	at com.kms.katalon.core.keyword.builtin.CallTestCaseKeyword$_callTestCase_closure1.doCall(CallTestCaseKeyword.groovy:63)
	at com.kms.katalon.core.keyword.builtin.CallTestCaseKeyword$_callTestCase_closure1.call(CallTestCaseKeyword.groovy)
	at com.kms.katalon.core.keyword.internal.KeywordMain.runKeyword(KeywordMain.groovy:68)
	at com.kms.katalon.core.keyword.builtin.CallTestCaseKeyword.callTestCase(CallTestCaseKeyword.groovy:81)
	at com.kms.katalon.core.keyword.builtin.CallTestCaseKeyword.execute(CallTestCaseKeyword.groovy:44)
	at com.kms.katalon.core.keyword.internal.KeywordExecutor.executeKeywordForPlatform(KeywordExecutor.groovy:73)
	at com.kms.katalon.core.keyword.BuiltinKeywords.callTestCase(BuiltinKeywords.groovy:334)
	at 005 - Melihat salah satu berita.run(005 - Melihat salah satu berita:22)
	at com.kms.katalon.core.main.ScriptEngine.run(ScriptEngine.java:194)
	at com.kms.katalon.core.main.ScriptEngine.runScriptAsRawText(ScriptEngine.java:119)
	at com.kms.katalon.core.main.TestCaseExecutor.runScript(TestCaseExecutor.java:398)
	at com.kms.katalon.core.main.TestCaseExecutor.doExecute(TestCaseExecutor.java:389)
	at com.kms.katalon.core.main.TestCaseExecutor.processExecutionPhase(TestCaseExecutor.java:368)
	at com.kms.katalon.core.main.TestCaseExecutor.accessMainPhase(TestCaseExecutor.java:360)
	at com.kms.katalon.core.main.TestCaseExecutor.execute(TestCaseExecutor.java:255)
	at com.kms.katalon.core.main.TestSuiteExecutor.accessTestCaseMainPhase(TestSuiteExecutor.java:203)
	at com.kms.katalon.core.main.TestSuiteExecutor.accessTestSuiteMainPhase(TestSuiteExecutor.java:152)
	at com.kms.katalon.core.main.TestSuiteExecutor.execute(TestSuiteExecutor.java:95)
	at com.kms.katalon.core.main.TestCaseMain.startTestSuite(TestCaseMain.java:157)
	at com.kms.katalon.core.main.TestCaseMain$startTestSuite$0.call(Unknown Source)
	at TempTestSuite1647260194190.run(TempTestSuite1647260194190.groovy:39)
Caused by: com.kms.katalon.core.exception.StepFailedException: Object Object Repository/Mobile/Page/Home/Item - Top Latest News not found
	at com.kms.katalon.core.mobile.helper.MobileElementCommonHelper.findElementWithCheck(MobileElementCommonHelper.java:159)
	at com.kms.katalon.core.mobile.helper.MobileElementCommonHelper.tapAndHold(MobileElementCommonHelper.java:103)
	at com.kms.katalon.core.mobile.keyword.builtin.TapAndHoldKeyword$_tapAndHold_closure1.doCall(TapAndHoldKeyword.groovy:71)
	at com.kms.katalon.core.mobile.keyword.builtin.TapAndHoldKeyword$_tapAndHold_closure1.call(TapAndHoldKeyword.groovy)
	at com.kms.katalon.core.mobile.keyword.internal.MobileKeywordMain.runKeyword(MobileKeywordMain.groovy:21)
	at com.kms.katalon.core.mobile.keyword.builtin.TapAndHoldKeyword.tapAndHold(TapAndHoldKeyword.groovy:72)
	at com.kms.katalon.core.mobile.keyword.builtin.TapAndHoldKeyword.execute(TapAndHoldKeyword.groovy:65)
	at com.kms.katalon.core.keyword.internal.KeywordExecutor.executeKeywordForPlatform(KeywordExecutor.groovy:73)
	at com.kms.katalon.core.mobile.keyword.MobileBuiltInKeywords.tapAndHold(MobileBuiltInKeywords.groovy:1435)
	at com.kms.katalon.core.mobile.keyword.MobileBuiltInKeywords$tapAndHold$14.call(Unknown Source)
	at Home.run(Home:208)
	at com.kms.katalon.core.main.ScriptEngine.run(ScriptEngine.java:194)
	at com.kms.katalon.core.main.ScriptEngine.runScriptAsRawText(ScriptEngine.java:119)
	at com.kms.katalon.core.main.TestCaseExecutor.runScript(TestCaseExecutor.java:398)
	at com.kms.katalon.core.main.TestCaseExecutor.doExecute(TestCaseExecutor.java:389)
	at com.kms.katalon.core.main.TestCaseExecutor.processExecutionPhase(TestCaseExecutor.java:368)
	at com.kms.katalon.core.main.TestCaseExecutor.accessMainPhase(TestCaseExecutor.java:360)
	at com.kms.katalon.core.main.TestCaseExecutor.execute(TestCaseExecutor.java:255)
	at com.kms.katalon.core.main.TestCaseMain.runTestCase(TestCaseMain.java:114)
	at com.kms.katalon.core.keyword.builtin.CallTestCaseKeyword$_callTestCase_closure1.doCall(CallTestCaseKeyword.groovy:59)
	... 20 more
)
	at com.kms.katalon.core.keyword.internal.KeywordMain.stepFailed(KeywordMain.groovy:39)
	at com.kms.katalon.core.keyword.internal.KeywordMain.stepFailed(KeywordMain.groovy)
	at com.kms.katalon.core.keyword.internal.KeywordMain.runKeyword(KeywordMain.groovy:70)
	at com.kms.katalon.core.keyword.builtin.CallTestCaseKeyword.callTestCase(CallTestCaseKeyword.groovy:81)
	at com.kms.katalon.core.keyword.builtin.CallTestCaseKeyword.execute(CallTestCaseKeyword.groovy:44)
	at com.kms.katalon.core.keyword.internal.KeywordExecutor.executeKeywordForPlatform(KeywordExecutor.groovy:73)
	at com.kms.katalon.core.keyword.BuiltinKeywords.callTestCase(BuiltinKeywords.groovy:334)
	at 005 - Melihat salah satu berita.run(005 - Melihat salah satu berita:22)
	at com.kms.katalon.core.main.ScriptEngine.run(ScriptEngine.java:194)
	at com.kms.katalon.core.main.ScriptEngine.runScriptAsRawText(ScriptEngine.java:119)
	at com.kms.katalon.core.main.TestCaseExecutor.runScript(TestCaseExecutor.java:398)
	at com.kms.katalon.core.main.TestCaseExecutor.doExecute(TestCaseExecutor.java:389)
	at com.kms.katalon.core.main.TestCaseExecutor.processExecutionPhase(TestCaseExecutor.java:368)
	at com.kms.katalon.core.main.TestCaseExecutor.accessMainPhase(TestCaseExecutor.java:360)
	at com.kms.katalon.core.main.TestCaseExecutor.execute(TestCaseExecutor.java:255)
	at com.kms.katalon.core.main.TestSuiteExecutor.accessTestCaseMainPhase(TestSuiteExecutor.java:203)
	at com.kms.katalon.core.main.TestSuiteExecutor.accessTestSuiteMainPhase(TestSuiteExecutor.java:152)
	at com.kms.katalon.core.main.TestSuiteExecutor.execute(TestSuiteExecutor.java:95)
	at com.kms.katalon.core.main.TestCaseMain.startTestSuite(TestCaseMain.java:157)
	at com.kms.katalon.core.main.TestCaseMain$startTestSuite$0.call(Unknown Source)
	at TempTestSuite1647260194190.run(TempTestSuite1647260194190.groovy:39)
Caused by: com.kms.katalon.core.exception.StepFailedException: Call Test Case 'Test Cases/Mobile/Page/Home/Home' failed
	at com.kms.katalon.core.keyword.builtin.CallTestCaseKeyword$_callTestCase_closure1.doCall(CallTestCaseKeyword.groovy:63)
	at com.kms.katalon.core.keyword.builtin.CallTestCaseKeyword$_callTestCase_closure1.call(CallTestCaseKeyword.groovy)
	at com.kms.katalon.core.keyword.internal.KeywordMain.runKeyword(KeywordMain.groovy:68)
	... 18 more
Caused by: com.kms.katalon.core.exception.StepFailedException: Object Object Repository/Mobile/Page/Home/Item - Top Latest News not found
	at com.kms.katalon.core.mobile.helper.MobileElementCommonHelper.findElementWithCheck(MobileElementCommonHelper.java:159)
	at com.kms.katalon.core.mobile.helper.MobileElementCommonHelper.tapAndHold(MobileElementCommonHelper.java:103)
	at com.kms.katalon.core.mobile.keyword.builtin.TapAndHoldKeyword$_tapAndHold_closure1.doCall(TapAndHoldKeyword.groovy:71)
	at com.kms.katalon.core.mobile.keyword.builtin.TapAndHoldKeyword$_tapAndHold_closure1.call(TapAndHoldKeyword.groovy)
	at com.kms.katalon.core.mobile.keyword.internal.MobileKeywordMain.runKeyword(MobileKeywordMain.groovy:21)
	at com.kms.katalon.core.mobile.keyword.builtin.TapAndHoldKeyword.tapAndHold(TapAndHoldKeyword.groovy:72)
	at com.kms.katalon.core.mobile.keyword.builtin.TapAndHoldKeyword.execute(TapAndHoldKeyword.groovy:65)
	at com.kms.katalon.core.keyword.internal.KeywordExecutor.executeKeywordForPlatform(KeywordExecutor.groovy:73)
	at com.kms.katalon.core.mobile.keyword.MobileBuiltInKeywords.tapAndHold(MobileBuiltInKeywords.groovy:1435)
	at com.kms.katalon.core.mobile.keyword.MobileBuiltInKeywords$tapAndHold$14.call(Unknown Source)
	at Home.run(Home:208)
	at com.kms.katalon.core.main.ScriptEngine.run(ScriptEngine.java:194)
	at com.kms.katalon.core.main.ScriptEngine.runScriptAsRawText(ScriptEngine.java:119)
	at com.kms.katalon.core.main.TestCaseExecutor.runScript(TestCaseExecutor.java:398)
	at com.kms.katalon.core.main.TestCaseExecutor.doExecute(TestCaseExecutor.java:389)
	at com.kms.katalon.core.main.TestCaseExecutor.processExecutionPhase(TestCaseExecutor.java:368)
	at com.kms.katalon.core.main.TestCaseExecutor.accessMainPhase(TestCaseExecutor.java:360)
	at com.kms.katalon.core.main.TestCaseExecutor.execute(TestCaseExecutor.java:255)
	at com.kms.katalon.core.main.TestCaseMain.runTestCase(TestCaseMain.java:114)
	at com.kms.katalon.core.keyword.builtin.CallTestCaseKeyword$_callTestCase_closure1.doCall(CallTestCaseKeyword.groovy:59)
	... 20 more
"/>
         <system-out><![CDATA[2022-03-14 19:23:19 - [TEST_CASE][FAILED] - Test Cases/Mobile/Scenario/Home/005 - Melihat salah satu berita: Test Cases/Mobile/Scenario/Home/005 - Melihat salah satu berita FAILED.
Reason:
com.kms.katalon.core.exception.StepFailedException: Unable to call Test Case 'Test Cases/Mobile/Page/Home/Home' (Root cause: com.kms.katalon.core.exception.StepFailedException: Call Test Case 'Test Cases/Mobile/Page/Home/Home' failed
	at com.kms.katalon.core.keyword.builtin.CallTestCaseKeyword$_callTestCase_closure1.doCall(CallTestCaseKeyword.groovy:63)
	at com.kms.katalon.core.keyword.builtin.CallTestCaseKeyword$_callTestCase_closure1.call(CallTestCaseKeyword.groovy)
	at com.kms.katalon.core.keyword.internal.KeywordMain.runKeyword(KeywordMain.groovy:68)
	at com.kms.katalon.core.keyword.builtin.CallTestCaseKeyword.callTestCase(CallTestCaseKeyword.groovy:81)
	at com.kms.katalon.core.keyword.builtin.CallTestCaseKeyword.execute(CallTestCaseKeyword.groovy:44)
	at com.kms.katalon.core.keyword.internal.KeywordExecutor.executeKeywordForPlatform(KeywordExecutor.groovy:73)
	at com.kms.katalon.core.keyword.BuiltinKeywords.callTestCase(BuiltinKeywords.groovy:334)
	at 005 - Melihat salah satu berita.run(005 - Melihat salah satu berita:22)
	at com.kms.katalon.core.main.ScriptEngine.run(ScriptEngine.java:194)
	at com.kms.katalon.core.main.ScriptEngine.runScriptAsRawText(ScriptEngine.java:119)
	at com.kms.katalon.core.main.TestCaseExecutor.runScript(TestCaseExecutor.java:398)
	at com.kms.katalon.core.main.TestCaseExecutor.doExecute(TestCaseExecutor.java:389)
	at com.kms.katalon.core.main.TestCaseExecutor.processExecutionPhase(TestCaseExecutor.java:368)
	at com.kms.katalon.core.main.TestCaseExecutor.accessMainPhase(TestCaseExecutor.java:360)
	at com.kms.katalon.core.main.TestCaseExecutor.execute(TestCaseExecutor.java:255)
	at com.kms.katalon.core.main.TestSuiteExecutor.accessTestCaseMainPhase(TestSuiteExecutor.java:203)
	at com.kms.katalon.core.main.TestSuiteExecutor.accessTestSuiteMainPhase(TestSuiteExecutor.java:152)
	at com.kms.katalon.core.main.TestSuiteExecutor.execute(TestSuiteExecutor.java:95)
	at com.kms.katalon.core.main.TestCaseMain.startTestSuite(TestCaseMain.java:157)
	at com.kms.katalon.core.main.TestCaseMain$startTestSuite$0.call(Unknown Source)
	at TempTestSuite1647260194190.run(TempTestSuite1647260194190.groovy:39)
Caused by: com.kms.katalon.core.exception.StepFailedException: Object Object Repository/Mobile/Page/Home/Item - Top Latest News not found
	at com.kms.katalon.core.mobile.helper.MobileElementCommonHelper.findElementWithCheck(MobileElementCommonHelper.java:159)
	at com.kms.katalon.core.mobile.helper.MobileElementCommonHelper.tapAndHold(MobileElementCommonHelper.java:103)
	at com.kms.katalon.core.mobile.keyword.builtin.TapAndHoldKeyword$_tapAndHold_closure1.doCall(TapAndHoldKeyword.groovy:71)
	at com.kms.katalon.core.mobile.keyword.builtin.TapAndHoldKeyword$_tapAndHold_closure1.call(TapAndHoldKeyword.groovy)
	at com.kms.katalon.core.mobile.keyword.internal.MobileKeywordMain.runKeyword(MobileKeywordMain.groovy:21)
	at com.kms.katalon.core.mobile.keyword.builtin.TapAndHoldKeyword.tapAndHold(TapAndHoldKeyword.groovy:72)
	at com.kms.katalon.core.mobile.keyword.builtin.TapAndHoldKeyword.execute(TapAndHoldKeyword.groovy:65)
	at com.kms.katalon.core.keyword.internal.KeywordExecutor.executeKeywordForPlatform(KeywordExecutor.groovy:73)
	at com.kms.katalon.core.mobile.keyword.MobileBuiltInKeywords.tapAndHold(MobileBuiltInKeywords.groovy:1435)
	at com.kms.katalon.core.mobile.keyword.MobileBuiltInKeywords$tapAndHold$14.call(Unknown Source)
	at Home.run(Home:208)
	at com.kms.katalon.core.main.ScriptEngine.run(ScriptEngine.java:194)
	at com.kms.katalon.core.main.ScriptEngine.runScriptAsRawText(ScriptEngine.java:119)
	at com.kms.katalon.core.main.TestCaseExecutor.runScript(TestCaseExecutor.java:398)
	at com.kms.katalon.core.main.TestCaseExecutor.doExecute(TestCaseExecutor.java:389)
	at com.kms.katalon.core.main.TestCaseExecutor.processExecutionPhase(TestCaseExecutor.java:368)
	at com.kms.katalon.core.main.TestCaseExecutor.accessMainPhase(TestCaseExecutor.java:360)
	at com.kms.katalon.core.main.TestCaseExecutor.execute(TestCaseExecutor.java:255)
	at com.kms.katalon.core.main.TestCaseMain.runTestCase(TestCaseMain.java:114)
	at com.kms.katalon.core.keyword.builtin.CallTestCaseKeyword$_callTestCase_closure1.doCall(CallTestCaseKeyword.groovy:59)
	... 20 more
)
	at com.kms.katalon.core.keyword.internal.KeywordMain.stepFailed(KeywordMain.groovy:39)
	at com.kms.katalon.core.keyword.internal.KeywordMain.stepFailed(KeywordMain.groovy)
	at com.kms.katalon.core.keyword.internal.KeywordMain.runKeyword(KeywordMain.groovy:70)
	at com.kms.katalon.core.keyword.builtin.CallTestCaseKeyword.callTestCase(CallTestCaseKeyword.groovy:81)
	at com.kms.katalon.core.keyword.builtin.CallTestCaseKeyword.execute(CallTestCaseKeyword.groovy:44)
	at com.kms.katalon.core.keyword.internal.KeywordExecutor.executeKeywordForPlatform(KeywordExecutor.groovy:73)
	at com.kms.katalon.core.keyword.BuiltinKeywords.callTestCase(BuiltinKeywords.groovy:334)
	at 005 - Melihat salah satu berita.run(005 - Melihat salah satu berita:22)
	at com.kms.katalon.core.main.ScriptEngine.run(ScriptEngine.java:194)
	at com.kms.katalon.core.main.ScriptEngine.runScriptAsRawText(ScriptEngine.java:119)
	at com.kms.katalon.core.main.TestCaseExecutor.runScript(TestCaseExecutor.java:398)
	at com.kms.katalon.core.main.TestCaseExecutor.doExecute(TestCaseExecutor.java:389)
	at com.kms.katalon.core.main.TestCaseExecutor.processExecutionPhase(TestCaseExecutor.java:368)
	at com.kms.katalon.core.main.TestCaseExecutor.accessMainPhase(TestCaseExecutor.java:360)
	at com.kms.katalon.core.main.TestCaseExecutor.execute(TestCaseExecutor.java:255)
	at com.kms.katalon.core.main.TestSuiteExecutor.accessTestCaseMainPhase(TestSuiteExecutor.java:203)
	at com.kms.katalon.core.main.TestSuiteExecutor.accessTestSuiteMainPhase(TestSuiteExecutor.java:152)
	at com.kms.katalon.core.main.TestSuiteExecutor.execute(TestSuiteExecutor.java:95)
	at com.kms.katalon.core.main.TestCaseMain.startTestSuite(TestCaseMain.java:157)
	at com.kms.katalon.core.main.TestCaseMain$startTestSuite$0.call(Unknown Source)
	at TempTestSuite1647260194190.run(TempTestSuite1647260194190.groovy:39)
Caused by: com.kms.katalon.core.exception.StepFailedException: Call Test Case 'Test Cases/Mobile/Page/Home/Home' failed
	at com.kms.katalon.core.keyword.builtin.CallTestCaseKeyword$_callTestCase_closure1.doCall(CallTestCaseKeyword.groovy:63)
	at com.kms.katalon.core.keyword.builtin.CallTestCaseKeyword$_callTestCase_closure1.call(CallTestCaseKeyword.groovy)
	at com.kms.katalon.core.keyword.internal.KeywordMain.runKeyword(KeywordMain.groovy:68)
	... 18 more
Caused by: com.kms.katalon.core.exception.StepFailedException: Object Object Repository/Mobile/Page/Home/Item - Top Latest News not found
	at com.kms.katalon.core.mobile.helper.MobileElementCommonHelper.findElementWithCheck(MobileElementCommonHelper.java:159)
	at com.kms.katalon.core.mobile.helper.MobileElementCommonHelper.tapAndHold(MobileElementCommonHelper.java:103)
	at com.kms.katalon.core.mobile.keyword.builtin.TapAndHoldKeyword$_tapAndHold_closure1.doCall(TapAndHoldKeyword.groovy:71)
	at com.kms.katalon.core.mobile.keyword.builtin.TapAndHoldKeyword$_tapAndHold_closure1.call(TapAndHoldKeyword.groovy)
	at com.kms.katalon.core.mobile.keyword.internal.MobileKeywordMain.runKeyword(MobileKeywordMain.groovy:21)
	at com.kms.katalon.core.mobile.keyword.builtin.TapAndHoldKeyword.tapAndHold(TapAndHoldKeyword.groovy:72)
	at com.kms.katalon.core.mobile.keyword.builtin.TapAndHoldKeyword.execute(TapAndHoldKeyword.groovy:65)
	at com.kms.katalon.core.keyword.internal.KeywordExecutor.executeKeywordForPlatform(KeywordExecutor.groovy:73)
	at com.kms.katalon.core.mobile.keyword.MobileBuiltInKeywords.tapAndHold(MobileBuiltInKeywords.groovy:1435)
	at com.kms.katalon.core.mobile.keyword.MobileBuiltInKeywords$tapAndHold$14.call(Unknown Source)
	at Home.run(Home:208)
	at com.kms.katalon.core.main.ScriptEngine.run(ScriptEngine.java:194)
	at com.kms.katalon.core.main.ScriptEngine.runScriptAsRawText(ScriptEngine.java:119)
	at com.kms.katalon.core.main.TestCaseExecutor.runScript(TestCaseExecutor.java:398)
	at com.kms.katalon.core.main.TestCaseExecutor.doExecute(TestCaseExecutor.java:389)
	at com.kms.katalon.core.main.TestCaseExecutor.processExecutionPhase(TestCaseExecutor.java:368)
	at com.kms.katalon.core.main.TestCaseExecutor.accessMainPhase(TestCaseExecutor.java:360)
	at com.kms.katalon.core.main.TestCaseExecutor.execute(TestCaseExecutor.java:255)
	at com.kms.katalon.core.main.TestCaseMain.runTestCase(TestCaseMain.java:114)
	at com.kms.katalon.core.keyword.builtin.CallTestCaseKeyword$_callTestCase_closure1.doCall(CallTestCaseKeyword.groovy:59)
	... 20 more


2022-03-14 19:23:20 - [TEST_STEP][PASSED] - callTestCase(findTestCase("Mobile/Page/Run App/Run App byID"), [:], STOP_ON_FAILURE): Call Test Case 'Test Cases/Mobile/Page/Run App/Run App byID' successfully

2022-03-14 19:23:20 - [TEST_CASE][PASSED] - Test Cases/Mobile/Page/Run App/Run App byID: Test Cases/Mobile/Page/Run App/Run App byID

2022-03-14 19:23:20 - [TEST_STEP][PASSED] - startApp.OpenApp.startApplication("id.co.miraeasset.sageclub"): startApp.OpenApp.startApplication is PASSED

2022-03-14 19:23:32 - [MESSAGE][PASSED] - Starting app with application ID: 'id.co.miraeasset.sageclub'

2022-03-14 19:23:32 - [MESSAGE][PASSED] - startApp.OpenApp.startApplication is PASSED

2022-03-14 19:23:32 - [MESSAGE][PASSED] - Call Test Case 'Test Cases/Mobile/Page/Run App/Run App byID' successfully

2022-03-14 19:23:32 - [TEST_STEP][FAILED] - callTestCase(findTestCase("Mobile/Page/Home/Home"), ["page":"itemnews", "action":"none"], CONTINUE_ON_FAILURE): Unable to call Test Case 'Test Cases/Mobile/Page/Home/Home' (Root cause: com.kms.katalon.core.exception.StepFailedException: Call Test Case 'Test Cases/Mobile/Page/Home/Home' failed
	at com.kms.katalon.core.keyword.builtin.CallTestCaseKeyword$_callTestCase_closure1.doCall(CallTestCaseKeyword.groovy:63)
	at com.kms.katalon.core.keyword.builtin.CallTestCaseKeyword$_callTestCase_closure1.call(CallTestCaseKeyword.groovy)
	at com.kms.katalon.core.keyword.internal.KeywordMain.runKeyword(KeywordMain.groovy:68)
	at com.kms.katalon.core.keyword.builtin.CallTestCaseKeyword.callTestCase(CallTestCaseKeyword.groovy:81)
	at com.kms.katalon.core.keyword.builtin.CallTestCaseKeyword.execute(CallTestCaseKeyword.groovy:44)
	at com.kms.katalon.core.keyword.internal.KeywordExecutor.executeKeywordForPlatform(KeywordExecutor.groovy:73)
	at com.kms.katalon.core.keyword.BuiltinKeywords.callTestCase(BuiltinKeywords.groovy:334)
	at 005 - Melihat salah satu berita.run(005 - Melihat salah satu berita:22)
	at com.kms.katalon.core.main.ScriptEngine.run(ScriptEngine.java:194)
	at com.kms.katalon.core.main.ScriptEngine.runScriptAsRawText(ScriptEngine.java:119)
	at com.kms.katalon.core.main.TestCaseExecutor.runScript(TestCaseExecutor.java:398)
	at com.kms.katalon.core.main.TestCaseExecutor.doExecute(TestCaseExecutor.java:389)
	at com.kms.katalon.core.main.TestCaseExecutor.processExecutionPhase(TestCaseExecutor.java:368)
	at com.kms.katalon.core.main.TestCaseExecutor.accessMainPhase(TestCaseExecutor.java:360)
	at com.kms.katalon.core.main.TestCaseExecutor.execute(TestCaseExecutor.java:255)
	at com.kms.katalon.core.main.TestSuiteExecutor.accessTestCaseMainPhase(TestSuiteExecutor.java:203)
	at com.kms.katalon.core.main.TestSuiteExecutor.accessTestSuiteMainPhase(TestSuiteExecutor.java:152)
	at com.kms.katalon.core.main.TestSuiteExecutor.execute(TestSuiteExecutor.java:95)
	at com.kms.katalon.core.main.TestCaseMain.startTestSuite(TestCaseMain.java:157)
	at com.kms.katalon.core.main.TestCaseMain$startTestSuite$0.call(Unknown Source)
	at TempTestSuite1647260194190.run(TempTestSuite1647260194190.groovy:39)
Caused by: com.kms.katalon.core.exception.StepFailedException: Object Object Repository/Mobile/Page/Home/Item - Top Latest News not found
	at com.kms.katalon.core.mobile.helper.MobileElementCommonHelper.findElementWithCheck(MobileElementCommonHelper.java:159)
	at com.kms.katalon.core.mobile.helper.MobileElementCommonHelper.tapAndHold(MobileElementCommonHelper.java:103)
	at com.kms.katalon.core.mobile.keyword.builtin.TapAndHoldKeyword$_tapAndHold_closure1.doCall(TapAndHoldKeyword.groovy:71)
	at com.kms.katalon.core.mobile.keyword.builtin.TapAndHoldKeyword$_tapAndHold_closure1.call(TapAndHoldKeyword.groovy)
	at com.kms.katalon.core.mobile.keyword.internal.MobileKeywordMain.runKeyword(MobileKeywordMain.groovy:21)
	at com.kms.katalon.core.mobile.keyword.builtin.TapAndHoldKeyword.tapAndHold(TapAndHoldKeyword.groovy:72)
	at com.kms.katalon.core.mobile.keyword.builtin.TapAndHoldKeyword.execute(TapAndHoldKeyword.groovy:65)
	at com.kms.katalon.core.keyword.internal.KeywordExecutor.executeKeywordForPlatform(KeywordExecutor.groovy:73)
	at com.kms.katalon.core.mobile.keyword.MobileBuiltInKeywords.tapAndHold(MobileBuiltInKeywords.groovy:1435)
	at com.kms.katalon.core.mobile.keyword.MobileBuiltInKeywords$tapAndHold$14.call(Unknown Source)
	at Home.run(Home:208)
	at com.kms.katalon.core.main.ScriptEngine.run(ScriptEngine.java:194)
	at com.kms.katalon.core.main.ScriptEngine.runScriptAsRawText(ScriptEngine.java:119)
	at com.kms.katalon.core.main.TestCaseExecutor.runScript(TestCaseExecutor.java:398)
	at com.kms.katalon.core.main.TestCaseExecutor.doExecute(TestCaseExecutor.java:389)
	at com.kms.katalon.core.main.TestCaseExecutor.processExecutionPhase(TestCaseExecutor.java:368)
	at com.kms.katalon.core.main.TestCaseExecutor.accessMainPhase(TestCaseExecutor.java:360)
	at com.kms.katalon.core.main.TestCaseExecutor.execute(TestCaseExecutor.java:255)
	at com.kms.katalon.core.main.TestCaseMain.runTestCase(TestCaseMain.java:114)
	at com.kms.katalon.core.keyword.builtin.CallTestCaseKeyword$_callTestCase_closure1.doCall(CallTestCaseKeyword.groovy:59)
	... 20 more
)

2022-03-14 19:23:32 - [TEST_CASE][FAILED] - Test Cases/Mobile/Page/Home/Home: Test Cases/Mobile/Page/Home/Home FAILED.
Reason:
com.kms.katalon.core.exception.StepFailedException: Object Object Repository/Mobile/Page/Home/Item - Top Latest News not found
	at com.kms.katalon.core.mobile.helper.MobileElementCommonHelper.findElementWithCheck(MobileElementCommonHelper.java:159)
	at com.kms.katalon.core.mobile.helper.MobileElementCommonHelper.tapAndHold(MobileElementCommonHelper.java:103)
	at com.kms.katalon.core.mobile.keyword.builtin.TapAndHoldKeyword$_tapAndHold_closure1.doCall(TapAndHoldKeyword.groovy:71)
	at com.kms.katalon.core.mobile.keyword.builtin.TapAndHoldKeyword$_tapAndHold_closure1.call(TapAndHoldKeyword.groovy)
	at com.kms.katalon.core.mobile.keyword.internal.MobileKeywordMain.runKeyword(MobileKeywordMain.groovy:21)
	at com.kms.katalon.core.mobile.keyword.builtin.TapAndHoldKeyword.tapAndHold(TapAndHoldKeyword.groovy:72)
	at com.kms.katalon.core.mobile.keyword.builtin.TapAndHoldKeyword.execute(TapAndHoldKeyword.groovy:65)
	at com.kms.katalon.core.keyword.internal.KeywordExecutor.executeKeywordForPlatform(KeywordExecutor.groovy:73)
	at com.kms.katalon.core.mobile.keyword.MobileBuiltInKeywords.tapAndHold(MobileBuiltInKeywords.groovy:1435)
	at com.kms.katalon.core.mobile.keyword.MobileBuiltInKeywords$tapAndHold$14.call(Unknown Source)
	at Home.run(Home:208)
	at com.kms.katalon.core.main.ScriptEngine.run(ScriptEngine.java:194)
	at com.kms.katalon.core.main.ScriptEngine.runScriptAsRawText(ScriptEngine.java:119)
	at com.kms.katalon.core.main.TestCaseExecutor.runScript(TestCaseExecutor.java:398)
	at com.kms.katalon.core.main.TestCaseExecutor.doExecute(TestCaseExecutor.java:389)
	at com.kms.katalon.core.main.TestCaseExecutor.processExecutionPhase(TestCaseExecutor.java:368)
	at com.kms.katalon.core.main.TestCaseExecutor.accessMainPhase(TestCaseExecutor.java:360)
	at com.kms.katalon.core.main.TestCaseExecutor.execute(TestCaseExecutor.java:255)
	at com.kms.katalon.core.main.TestCaseMain.runTestCase(TestCaseMain.java:114)
	at com.kms.katalon.core.keyword.builtin.CallTestCaseKeyword$_callTestCase_closure1.doCall(CallTestCaseKeyword.groovy:59)
	at com.kms.katalon.core.keyword.builtin.CallTestCaseKeyword$_callTestCase_closure1.call(CallTestCaseKeyword.groovy)
	at com.kms.katalon.core.keyword.internal.KeywordMain.runKeyword(KeywordMain.groovy:68)
	at com.kms.katalon.core.keyword.builtin.CallTestCaseKeyword.callTestCase(CallTestCaseKeyword.groovy:81)
	at com.kms.katalon.core.keyword.builtin.CallTestCaseKeyword.execute(CallTestCaseKeyword.groovy:44)
	at com.kms.katalon.core.keyword.internal.KeywordExecutor.executeKeywordForPlatform(KeywordExecutor.groovy:73)
	at com.kms.katalon.core.keyword.BuiltinKeywords.callTestCase(BuiltinKeywords.groovy:334)
	at 005 - Melihat salah satu berita.run(005 - Melihat salah satu berita:22)
	at com.kms.katalon.core.main.ScriptEngine.run(ScriptEngine.java:194)
	at com.kms.katalon.core.main.ScriptEngine.runScriptAsRawText(ScriptEngine.java:119)
	at com.kms.katalon.core.main.TestCaseExecutor.runScript(TestCaseExecutor.java:398)
	at com.kms.katalon.core.main.TestCaseExecutor.doExecute(TestCaseExecutor.java:389)
	at com.kms.katalon.core.main.TestCaseExecutor.processExecutionPhase(TestCaseExecutor.java:368)
	at com.kms.katalon.core.main.TestCaseExecutor.accessMainPhase(TestCaseExecutor.java:360)
	at com.kms.katalon.core.main.TestCaseExecutor.execute(TestCaseExecutor.java:255)
	at com.kms.katalon.core.main.TestSuiteExecutor.accessTestCaseMainPhase(TestSuiteExecutor.java:203)
	at com.kms.katalon.core.main.TestSuiteExecutor.accessTestSuiteMainPhase(TestSuiteExecutor.java:152)
	at com.kms.katalon.core.main.TestSuiteExecutor.execute(TestSuiteExecutor.java:95)
	at com.kms.katalon.core.main.TestCaseMain.startTestSuite(TestCaseMain.java:157)
	at com.kms.katalon.core.main.TestCaseMain$startTestSuite$0.call(Unknown Source)
	at TempTestSuite1647260194190.run(TempTestSuite1647260194190.groovy:39)


2022-03-14 19:23:32 - [TEST_STEP][PASSED] - callTestCase(findTestCase("Mobile/Page/CheckLogin"), [:], CONTINUE_ON_FAILURE): Call Test Case 'Test Cases/Mobile/Page/CheckLogin' successfully

2022-03-14 19:23:32 - [TEST_CASE][PASSED] - Test Cases/Mobile/Page/CheckLogin: Test Cases/Mobile/Page/CheckLogin

2022-03-14 19:23:32 - [TEST_STEP][PASSED] - loginCheck = verifyElementExist(LOGN_BtnLogin, 5, CONTINUE_ON_FAILURE): Element 'Object Repository/Mobile/Page/Login/Button - Login' is exist

2022-03-14 19:23:34 - [MESSAGE][PASSED] - Element 'Object Repository/Mobile/Page/Login/Button - Login' is exist

2022-03-14 19:23:34 - [TEST_STEP][PASSED] - if (loginCheck): Call Test Case 'Test Cases/Mobile/Page/Login/Login' successfully

2022-03-14 19:23:34 - [TEST_STEP][PASSED] - callTestCase(findTestCase("Mobile/Page/Login/Login"), ["action":"username"], CONTINUE_ON_FAILURE): Call Test Case 'Test Cases/Mobile/Page/Login/Login' successfully

2022-03-14 19:23:34 - [TEST_CASE][PASSED] - Test Cases/Mobile/Page/Login/Login: Test Cases/Mobile/Page/Login/Login

2022-03-14 19:23:34 - [TEST_STEP][PASSED] - delay(2): Delayed 2 second(s)

2022-03-14 19:23:36 - [MESSAGE][PASSED] - Delayed 2 second(s)

2022-03-14 19:23:36 - [TEST_STEP][PASSED] - for ([i = 0, i < 1, (i++)]): null

2022-03-14 19:23:36 - [TEST_STEP][PASSED] - if (action == "username"): null

2022-03-14 19:23:36 - [TEST_STEP][PASSED] - tap(LOGN_EdtUserID, 0): Tapped on element 'Object Repository/Mobile/Page/Login/Input - UserID'

2022-03-14 19:23:36 - [MESSAGE][WARNING] - Timeout '0' is invalid. Using default page load timeout: '60'

2022-03-14 19:23:37 - [MESSAGE][PASSED] - Tapped on element 'Object Repository/Mobile/Page/Login/Input - UserID'

2022-03-14 19:23:37 - [TEST_STEP][PASSED] - delay(1): Delayed 1 second(s)

2022-03-14 19:23:38 - [MESSAGE][PASSED] - Delayed 1 second(s)

2022-03-14 19:23:38 - [TEST_STEP][PASSED] - setText(LOGN_EdtRdyUserID, "anggaaditya", 0): Text 'anggaaditya' has been set to element 'Object Repository/Mobile/Page/Login/Input Rdy - UserID'

2022-03-14 19:23:38 - [MESSAGE][WARNING] - Timeout '0' is invalid. Using default page load timeout: '60'

2022-03-14 19:23:39 - [MESSAGE][PASSED] - Text 'anggaaditya' has been set to element 'Object Repository/Mobile/Page/Login/Input Rdy - UserID'

2022-03-14 19:23:39 - [TEST_STEP][PASSED] - delay(1): Delayed 1 second(s)

2022-03-14 19:23:40 - [MESSAGE][PASSED] - Delayed 1 second(s)

2022-03-14 19:23:40 - [TEST_STEP][PASSED] - hideKeyboard(): Keyboard is hidden

2022-03-14 19:23:43 - [MESSAGE][PASSED] - Keyboard is hidden

2022-03-14 19:23:43 - [TEST_STEP][PASSED] - tap(LOGN_EdtPassword, 0): Tapped on element 'Object Repository/Mobile/Page/Login/Input - Password'

2022-03-14 19:23:43 - [MESSAGE][WARNING] - Timeout '0' is invalid. Using default page load timeout: '60'

2022-03-14 19:23:44 - [MESSAGE][PASSED] - Tapped on element 'Object Repository/Mobile/Page/Login/Input - Password'

2022-03-14 19:23:44 - [TEST_STEP][PASSED] - delay(1): Delayed 1 second(s)

2022-03-14 19:23:45 - [MESSAGE][PASSED] - Delayed 1 second(s)

2022-03-14 19:23:45 - [TEST_STEP][PASSED] - setText(LOGN_EdtRdyPassword, "Shalawa18", 0): Text 'Shalawa18' has been set to element 'Object Repository/Mobile/Page/Login/Input Rdy - Password'

2022-03-14 19:23:45 - [MESSAGE][WARNING] - Timeout '0' is invalid. Using default page load timeout: '60'

2022-03-14 19:23:45 - [MESSAGE][PASSED] - Text 'Shalawa18' has been set to element 'Object Repository/Mobile/Page/Login/Input Rdy - Password'

2022-03-14 19:23:45 - [TEST_STEP][PASSED] - delay(1): Delayed 1 second(s)

2022-03-14 19:23:46 - [MESSAGE][PASSED] - Delayed 1 second(s)

2022-03-14 19:23:46 - [TEST_STEP][PASSED] - hideKeyboard(): Keyboard is hidden

2022-03-14 19:23:52 - [MESSAGE][PASSED] - Keyboard is hidden

2022-03-14 19:23:52 - [TEST_STEP][PASSED] - tap(LOGN_BtnLogin, 0): Tapped on element 'Object Repository/Mobile/Page/Login/Button - Login'

2022-03-14 19:23:52 - [MESSAGE][WARNING] - Timeout '0' is invalid. Using default page load timeout: '60'

2022-03-14 19:23:53 - [MESSAGE][PASSED] - Tapped on element 'Object Repository/Mobile/Page/Login/Button - Login'

2022-03-14 19:23:53 - [TEST_STEP][PASSED] - delay(2): Delayed 2 second(s)

2022-03-14 19:23:55 - [MESSAGE][PASSED] - Delayed 2 second(s)

2022-03-14 19:23:55 - [TEST_STEP][PASSED] - break: null

2022-03-14 19:23:55 - [MESSAGE][PASSED] - Call Test Case 'Test Cases/Mobile/Page/Login/Login' successfully

2022-03-14 19:23:55 - [MESSAGE][PASSED] - Call Test Case 'Test Cases/Mobile/Page/CheckLogin' successfully

2022-03-14 19:23:55 - [TEST_STEP][FAILED] - for ([i = 0, i < 1, (i++)]): Failed to tap and hold on element 'Object Repository/Mobile/Page/Home/Item - Top Latest News' with duration 1 (Root cause: com.kms.katalon.core.exception.StepFailedException: Object Object Repository/Mobile/Page/Home/Item - Top Latest News not found
	at com.kms.katalon.core.mobile.helper.MobileElementCommonHelper.findElementWithCheck(MobileElementCommonHelper.java:159)
	at com.kms.katalon.core.mobile.helper.MobileElementCommonHelper.tapAndHold(MobileElementCommonHelper.java:103)
	at com.kms.katalon.core.mobile.keyword.builtin.TapAndHoldKeyword$_tapAndHold_closure1.doCall(TapAndHoldKeyword.groovy:71)
	at com.kms.katalon.core.mobile.keyword.builtin.TapAndHoldKeyword$_tapAndHold_closure1.call(TapAndHoldKeyword.groovy)
	at com.kms.katalon.core.mobile.keyword.internal.MobileKeywordMain.runKeyword(MobileKeywordMain.groovy:21)
	at com.kms.katalon.core.mobile.keyword.builtin.TapAndHoldKeyword.tapAndHold(TapAndHoldKeyword.groovy:72)
	at com.kms.katalon.core.mobile.keyword.builtin.TapAndHoldKeyword.execute(TapAndHoldKeyword.groovy:65)
	at com.kms.katalon.core.keyword.internal.KeywordExecutor.executeKeywordForPlatform(KeywordExecutor.groovy:73)
	at com.kms.katalon.core.mobile.keyword.MobileBuiltInKeywords.tapAndHold(MobileBuiltInKeywords.groovy:1435)
	at com.kms.katalon.core.mobile.keyword.MobileBuiltInKeywords$tapAndHold$14.call(Unknown Source)
	at Home.run(Home:208)
	at com.kms.katalon.core.main.ScriptEngine.run(ScriptEngine.java:194)
	at com.kms.katalon.core.main.ScriptEngine.runScriptAsRawText(ScriptEngine.java:119)
	at com.kms.katalon.core.main.TestCaseExecutor.runScript(TestCaseExecutor.java:398)
	at com.kms.katalon.core.main.TestCaseExecutor.doExecute(TestCaseExecutor.java:389)
	at com.kms.katalon.core.main.TestCaseExecutor.processExecutionPhase(TestCaseExecutor.java:368)
	at com.kms.katalon.core.main.TestCaseExecutor.accessMainPhase(TestCaseExecutor.java:360)
	at com.kms.katalon.core.main.TestCaseExecutor.execute(TestCaseExecutor.java:255)
	at com.kms.katalon.core.main.TestCaseMain.runTestCase(TestCaseMain.java:114)
	at com.kms.katalon.core.keyword.builtin.CallTestCaseKeyword$_callTestCase_closure1.doCall(CallTestCaseKeyword.groovy:59)
	at com.kms.katalon.core.keyword.builtin.CallTestCaseKeyword$_callTestCase_closure1.call(CallTestCaseKeyword.groovy)
	at com.kms.katalon.core.keyword.internal.KeywordMain.runKeyword(KeywordMain.groovy:68)
	at com.kms.katalon.core.keyword.builtin.CallTestCaseKeyword.callTestCase(CallTestCaseKeyword.groovy:81)
	at com.kms.katalon.core.keyword.builtin.CallTestCaseKeyword.execute(CallTestCaseKeyword.groovy:44)
	at com.kms.katalon.core.keyword.internal.KeywordExecutor.executeKeywordForPlatform(KeywordExecutor.groovy:73)
	at com.kms.katalon.core.keyword.BuiltinKeywords.callTestCase(BuiltinKeywords.groovy:334)
	at 005 - Melihat salah satu berita.run(005 - Melihat salah satu berita:22)
	at com.kms.katalon.core.main.ScriptEngine.run(ScriptEngine.java:194)
	at com.kms.katalon.core.main.ScriptEngine.runScriptAsRawText(ScriptEngine.java:119)
	at com.kms.katalon.core.main.TestCaseExecutor.runScript(TestCaseExecutor.java:398)
	at com.kms.katalon.core.main.TestCaseExecutor.doExecute(TestCaseExecutor.java:389)
	at com.kms.katalon.core.main.TestCaseExecutor.processExecutionPhase(TestCaseExecutor.java:368)
	at com.kms.katalon.core.main.TestCaseExecutor.accessMainPhase(TestCaseExecutor.java:360)
	at com.kms.katalon.core.main.TestCaseExecutor.execute(TestCaseExecutor.java:255)
	at com.kms.katalon.core.main.TestSuiteExecutor.accessTestCaseMainPhase(TestSuiteExecutor.java:203)
	at com.kms.katalon.core.main.TestSuiteExecutor.accessTestSuiteMainPhase(TestSuiteExecutor.java:152)
	at com.kms.katalon.core.main.TestSuiteExecutor.execute(TestSuiteExecutor.java:95)
	at com.kms.katalon.core.main.TestCaseMain.startTestSuite(TestCaseMain.java:157)
	at com.kms.katalon.core.main.TestCaseMain$startTestSuite$0.call(Unknown Source)
	at TempTestSuite1647260194190.run(TempTestSuite1647260194190.groovy:39)
)

2022-03-14 19:23:55 - [TEST_STEP][PASSED] - if (action == "seeperformance"): null

2022-03-14 19:23:55 - [TEST_STEP][PASSED] - if (page == "notification"): null

2022-03-14 19:23:55 - [TEST_STEP][FAILED] - else if (page == "itemnews"): Failed to tap and hold on element 'Object Repository/Mobile/Page/Home/Item - Top Latest News' with duration 1 (Root cause: com.kms.katalon.core.exception.StepFailedException: Object Object Repository/Mobile/Page/Home/Item - Top Latest News not found
	at com.kms.katalon.core.mobile.helper.MobileElementCommonHelper.findElementWithCheck(MobileElementCommonHelper.java:159)
	at com.kms.katalon.core.mobile.helper.MobileElementCommonHelper.tapAndHold(MobileElementCommonHelper.java:103)
	at com.kms.katalon.core.mobile.keyword.builtin.TapAndHoldKeyword$_tapAndHold_closure1.doCall(TapAndHoldKeyword.groovy:71)
	at com.kms.katalon.core.mobile.keyword.builtin.TapAndHoldKeyword$_tapAndHold_closure1.call(TapAndHoldKeyword.groovy)
	at com.kms.katalon.core.mobile.keyword.internal.MobileKeywordMain.runKeyword(MobileKeywordMain.groovy:21)
	at com.kms.katalon.core.mobile.keyword.builtin.TapAndHoldKeyword.tapAndHold(TapAndHoldKeyword.groovy:72)
	at com.kms.katalon.core.mobile.keyword.builtin.TapAndHoldKeyword.execute(TapAndHoldKeyword.groovy:65)
	at com.kms.katalon.core.keyword.internal.KeywordExecutor.executeKeywordForPlatform(KeywordExecutor.groovy:73)
	at com.kms.katalon.core.mobile.keyword.MobileBuiltInKeywords.tapAndHold(MobileBuiltInKeywords.groovy:1435)
	at com.kms.katalon.core.mobile.keyword.MobileBuiltInKeywords$tapAndHold$14.call(Unknown Source)
	at Home.run(Home:208)
	at com.kms.katalon.core.main.ScriptEngine.run(ScriptEngine.java:194)
	at com.kms.katalon.core.main.ScriptEngine.runScriptAsRawText(ScriptEngine.java:119)
	at com.kms.katalon.core.main.TestCaseExecutor.runScript(TestCaseExecutor.java:398)
	at com.kms.katalon.core.main.TestCaseExecutor.doExecute(TestCaseExecutor.java:389)
	at com.kms.katalon.core.main.TestCaseExecutor.processExecutionPhase(TestCaseExecutor.java:368)
	at com.kms.katalon.core.main.TestCaseExecutor.accessMainPhase(TestCaseExecutor.java:360)
	at com.kms.katalon.core.main.TestCaseExecutor.execute(TestCaseExecutor.java:255)
	at com.kms.katalon.core.main.TestCaseMain.runTestCase(TestCaseMain.java:114)
	at com.kms.katalon.core.keyword.builtin.CallTestCaseKeyword$_callTestCase_closure1.doCall(CallTestCaseKeyword.groovy:59)
	at com.kms.katalon.core.keyword.builtin.CallTestCaseKeyword$_callTestCase_closure1.call(CallTestCaseKeyword.groovy)
	at com.kms.katalon.core.keyword.internal.KeywordMain.runKeyword(KeywordMain.groovy:68)
	at com.kms.katalon.core.keyword.builtin.CallTestCaseKeyword.callTestCase(CallTestCaseKeyword.groovy:81)
	at com.kms.katalon.core.keyword.builtin.CallTestCaseKeyword.execute(CallTestCaseKeyword.groovy:44)
	at com.kms.katalon.core.keyword.internal.KeywordExecutor.executeKeywordForPlatform(KeywordExecutor.groovy:73)
	at com.kms.katalon.core.keyword.BuiltinKeywords.callTestCase(BuiltinKeywords.groovy:334)
	at 005 - Melihat salah satu berita.run(005 - Melihat salah satu berita:22)
	at com.kms.katalon.core.main.ScriptEngine.run(ScriptEngine.java:194)
	at com.kms.katalon.core.main.ScriptEngine.runScriptAsRawText(ScriptEngine.java:119)
	at com.kms.katalon.core.main.TestCaseExecutor.runScript(TestCaseExecutor.java:398)
	at com.kms.katalon.core.main.TestCaseExecutor.doExecute(TestCaseExecutor.java:389)
	at com.kms.katalon.core.main.TestCaseExecutor.processExecutionPhase(TestCaseExecutor.java:368)
	at com.kms.katalon.core.main.TestCaseExecutor.accessMainPhase(TestCaseExecutor.java:360)
	at com.kms.katalon.core.main.TestCaseExecutor.execute(TestCaseExecutor.java:255)
	at com.kms.katalon.core.main.TestSuiteExecutor.accessTestCaseMainPhase(TestSuiteExecutor.java:203)
	at com.kms.katalon.core.main.TestSuiteExecutor.accessTestSuiteMainPhase(TestSuiteExecutor.java:152)
	at com.kms.katalon.core.main.TestSuiteExecutor.execute(TestSuiteExecutor.java:95)
	at com.kms.katalon.core.main.TestCaseMain.startTestSuite(TestCaseMain.java:157)
	at com.kms.katalon.core.main.TestCaseMain$startTestSuite$0.call(Unknown Source)
	at TempTestSuite1647260194190.run(TempTestSuite1647260194190.groovy:39)
)

2022-03-14 19:23:55 - [TEST_STEP][PASSED] - scroll.scroll.scrollScreenBottomToTop(): scroll.scroll.scrollScreenBottomToTop is PASSED

2022-03-14 19:23:55 - [MESSAGE][PASSED] - Current device physical height is 1423

2022-03-14 19:23:56 - [MESSAGE][PASSED] - Current device physical width is 720

2022-03-14 19:23:57 - [MESSAGE][PASSED] - Swiped from 360,1,138 to 360,284

2022-03-14 19:23:57 - [MESSAGE][PASSED] - scroll.scroll.scrollScreenBottomToTop is PASSED

2022-03-14 19:23:57 - [TEST_STEP][PASSED] - scroll.scroll.scrollScreenBottomToTop(): scroll.scroll.scrollScreenBottomToTop is PASSED

2022-03-14 19:23:57 - [MESSAGE][PASSED] - Current device physical height is 1423

2022-03-14 19:23:57 - [MESSAGE][PASSED] - Current device physical width is 720

2022-03-14 19:23:58 - [MESSAGE][PASSED] - Swiped from 360,1,138 to 360,284

2022-03-14 19:23:58 - [MESSAGE][PASSED] - scroll.scroll.scrollScreenBottomToTop is PASSED

2022-03-14 19:23:58 - [TEST_STEP][FAILED] - tapAndHold(HOME_ItemTopLatestNews, 1, 0): Failed to tap and hold on element 'Object Repository/Mobile/Page/Home/Item - Top Latest News' with duration 1 (Root cause: com.kms.katalon.core.exception.StepFailedException: Object Object Repository/Mobile/Page/Home/Item - Top Latest News not found
	at com.kms.katalon.core.mobile.helper.MobileElementCommonHelper.findElementWithCheck(MobileElementCommonHelper.java:159)
	at com.kms.katalon.core.mobile.helper.MobileElementCommonHelper.tapAndHold(MobileElementCommonHelper.java:103)
	at com.kms.katalon.core.mobile.keyword.builtin.TapAndHoldKeyword$_tapAndHold_closure1.doCall(TapAndHoldKeyword.groovy:71)
	at com.kms.katalon.core.mobile.keyword.builtin.TapAndHoldKeyword$_tapAndHold_closure1.call(TapAndHoldKeyword.groovy)
	at com.kms.katalon.core.mobile.keyword.internal.MobileKeywordMain.runKeyword(MobileKeywordMain.groovy:21)
	at com.kms.katalon.core.mobile.keyword.builtin.TapAndHoldKeyword.tapAndHold(TapAndHoldKeyword.groovy:72)
	at com.kms.katalon.core.mobile.keyword.builtin.TapAndHoldKeyword.execute(TapAndHoldKeyword.groovy:65)
	at com.kms.katalon.core.keyword.internal.KeywordExecutor.executeKeywordForPlatform(KeywordExecutor.groovy:73)
	at com.kms.katalon.core.mobile.keyword.MobileBuiltInKeywords.tapAndHold(MobileBuiltInKeywords.groovy:1435)
	at com.kms.katalon.core.mobile.keyword.MobileBuiltInKeywords$tapAndHold$14.call(Unknown Source)
	at Home.run(Home:208)
	at com.kms.katalon.core.main.ScriptEngine.run(ScriptEngine.java:194)
	at com.kms.katalon.core.main.ScriptEngine.runScriptAsRawText(ScriptEngine.java:119)
	at com.kms.katalon.core.main.TestCaseExecutor.runScript(TestCaseExecutor.java:398)
	at com.kms.katalon.core.main.TestCaseExecutor.doExecute(TestCaseExecutor.java:389)
	at com.kms.katalon.core.main.TestCaseExecutor.processExecutionPhase(TestCaseExecutor.java:368)
	at com.kms.katalon.core.main.TestCaseExecutor.accessMainPhase(TestCaseExecutor.java:360)
	at com.kms.katalon.core.main.TestCaseExecutor.execute(TestCaseExecutor.java:255)
	at com.kms.katalon.core.main.TestCaseMain.runTestCase(TestCaseMain.java:114)
	at com.kms.katalon.core.keyword.builtin.CallTestCaseKeyword$_callTestCase_closure1.doCall(CallTestCaseKeyword.groovy:59)
	at com.kms.katalon.core.keyword.builtin.CallTestCaseKeyword$_callTestCase_closure1.call(CallTestCaseKeyword.groovy)
	at com.kms.katalon.core.keyword.internal.KeywordMain.runKeyword(KeywordMain.groovy:68)
	at com.kms.katalon.core.keyword.builtin.CallTestCaseKeyword.callTestCase(CallTestCaseKeyword.groovy:81)
	at com.kms.katalon.core.keyword.builtin.CallTestCaseKeyword.execute(CallTestCaseKeyword.groovy:44)
	at com.kms.katalon.core.keyword.internal.KeywordExecutor.executeKeywordForPlatform(KeywordExecutor.groovy:73)
	at com.kms.katalon.core.keyword.BuiltinKeywords.callTestCase(BuiltinKeywords.groovy:334)
	at 005 - Melihat salah satu berita.run(005 - Melihat salah satu berita:22)
	at com.kms.katalon.core.main.ScriptEngine.run(ScriptEngine.java:194)
	at com.kms.katalon.core.main.ScriptEngine.runScriptAsRawText(ScriptEngine.java:119)
	at com.kms.katalon.core.main.TestCaseExecutor.runScript(TestCaseExecutor.java:398)
	at com.kms.katalon.core.main.TestCaseExecutor.doExecute(TestCaseExecutor.java:389)
	at com.kms.katalon.core.main.TestCaseExecutor.processExecutionPhase(TestCaseExecutor.java:368)
	at com.kms.katalon.core.main.TestCaseExecutor.accessMainPhase(TestCaseExecutor.java:360)
	at com.kms.katalon.core.main.TestCaseExecutor.execute(TestCaseExecutor.java:255)
	at com.kms.katalon.core.main.TestSuiteExecutor.accessTestCaseMainPhase(TestSuiteExecutor.java:203)
	at com.kms.katalon.core.main.TestSuiteExecutor.accessTestSuiteMainPhase(TestSuiteExecutor.java:152)
	at com.kms.katalon.core.main.TestSuiteExecutor.execute(TestSuiteExecutor.java:95)
	at com.kms.katalon.core.main.TestCaseMain.startTestSuite(TestCaseMain.java:157)
	at com.kms.katalon.core.main.TestCaseMain$startTestSuite$0.call(Unknown Source)
	at TempTestSuite1647260194190.run(TempTestSuite1647260194190.groovy:39)
)

2022-03-14 19:23:58 - [MESSAGE][WARNING] - Timeout '0' is invalid. Using default page load timeout: '60'

2022-03-14 19:24:59 - [MESSAGE][FAILED] - Failed to tap and hold on element 'Object Repository/Mobile/Page/Home/Item - Top Latest News' with duration 1 (Root cause: com.kms.katalon.core.exception.StepFailedException: Object Object Repository/Mobile/Page/Home/Item - Top Latest News not found
	at com.kms.katalon.core.mobile.helper.MobileElementCommonHelper.findElementWithCheck(MobileElementCommonHelper.java:159)
	at com.kms.katalon.core.mobile.helper.MobileElementCommonHelper.tapAndHold(MobileElementCommonHelper.java:103)
	at com.kms.katalon.core.mobile.keyword.builtin.TapAndHoldKeyword$_tapAndHold_closure1.doCall(TapAndHoldKeyword.groovy:71)
	at com.kms.katalon.core.mobile.keyword.builtin.TapAndHoldKeyword$_tapAndHold_closure1.call(TapAndHoldKeyword.groovy)
	at com.kms.katalon.core.mobile.keyword.internal.MobileKeywordMain.runKeyword(MobileKeywordMain.groovy:21)
	at com.kms.katalon.core.mobile.keyword.builtin.TapAndHoldKeyword.tapAndHold(TapAndHoldKeyword.groovy:72)
	at com.kms.katalon.core.mobile.keyword.builtin.TapAndHoldKeyword.execute(TapAndHoldKeyword.groovy:65)
	at com.kms.katalon.core.keyword.internal.KeywordExecutor.executeKeywordForPlatform(KeywordExecutor.groovy:73)
	at com.kms.katalon.core.mobile.keyword.MobileBuiltInKeywords.tapAndHold(MobileBuiltInKeywords.groovy:1435)
	at com.kms.katalon.core.mobile.keyword.MobileBuiltInKeywords$tapAndHold$14.call(Unknown Source)
	at Home.run(Home:208)
	at com.kms.katalon.core.main.ScriptEngine.run(ScriptEngine.java:194)
	at com.kms.katalon.core.main.ScriptEngine.runScriptAsRawText(ScriptEngine.java:119)
	at com.kms.katalon.core.main.TestCaseExecutor.runScript(TestCaseExecutor.java:398)
	at com.kms.katalon.core.main.TestCaseExecutor.doExecute(TestCaseExecutor.java:389)
	at com.kms.katalon.core.main.TestCaseExecutor.processExecutionPhase(TestCaseExecutor.java:368)
	at com.kms.katalon.core.main.TestCaseExecutor.accessMainPhase(TestCaseExecutor.java:360)
	at com.kms.katalon.core.main.TestCaseExecutor.execute(TestCaseExecutor.java:255)
	at com.kms.katalon.core.main.TestCaseMain.runTestCase(TestCaseMain.java:114)
	at com.kms.katalon.core.keyword.builtin.CallTestCaseKeyword$_callTestCase_closure1.doCall(CallTestCaseKeyword.groovy:59)
	at com.kms.katalon.core.keyword.builtin.CallTestCaseKeyword$_callTestCase_closure1.call(CallTestCaseKeyword.groovy)
	at com.kms.katalon.core.keyword.internal.KeywordMain.runKeyword(KeywordMain.groovy:68)
	at com.kms.katalon.core.keyword.builtin.CallTestCaseKeyword.callTestCase(CallTestCaseKeyword.groovy:81)
	at com.kms.katalon.core.keyword.builtin.CallTestCaseKeyword.execute(CallTestCaseKeyword.groovy:44)
	at com.kms.katalon.core.keyword.internal.KeywordExecutor.executeKeywordForPlatform(KeywordExecutor.groovy:73)
	at com.kms.katalon.core.keyword.BuiltinKeywords.callTestCase(BuiltinKeywords.groovy:334)
	at 005 - Melihat salah satu berita.run(005 - Melihat salah satu berita:22)
	at com.kms.katalon.core.main.ScriptEngine.run(ScriptEngine.java:194)
	at com.kms.katalon.core.main.ScriptEngine.runScriptAsRawText(ScriptEngine.java:119)
	at com.kms.katalon.core.main.TestCaseExecutor.runScript(TestCaseExecutor.java:398)
	at com.kms.katalon.core.main.TestCaseExecutor.doExecute(TestCaseExecutor.java:389)
	at com.kms.katalon.core.main.TestCaseExecutor.processExecutionPhase(TestCaseExecutor.java:368)
	at com.kms.katalon.core.main.TestCaseExecutor.accessMainPhase(TestCaseExecutor.java:360)
	at com.kms.katalon.core.main.TestCaseExecutor.execute(TestCaseExecutor.java:255)
	at com.kms.katalon.core.main.TestSuiteExecutor.accessTestCaseMainPhase(TestSuiteExecutor.java:203)
	at com.kms.katalon.core.main.TestSuiteExecutor.accessTestSuiteMainPhase(TestSuiteExecutor.java:152)
	at com.kms.katalon.core.main.TestSuiteExecutor.execute(TestSuiteExecutor.java:95)
	at com.kms.katalon.core.main.TestCaseMain.startTestSuite(TestCaseMain.java:157)
	at com.kms.katalon.core.main.TestCaseMain$startTestSuite$0.call(Unknown Source)
	at TempTestSuite1647260194190.run(TempTestSuite1647260194190.groovy:39)
)
[[ATTACHMENT|C:\\Users\\Owner\\Documents\\kerjaan\\KatalonProject\\qa_katalon_pwm\\qa_katalon_pwm\\Reports\\20220314_191629\\home\\20220314_191634\\1647260698941.png]]

2022-03-14 19:24:59 - [MESSAGE][FAILED] - Unable to call Test Case 'Test Cases/Mobile/Page/Home/Home' (Root cause: com.kms.katalon.core.exception.StepFailedException: Call Test Case 'Test Cases/Mobile/Page/Home/Home' failed
	at com.kms.katalon.core.keyword.builtin.CallTestCaseKeyword$_callTestCase_closure1.doCall(CallTestCaseKeyword.groovy:63)
	at com.kms.katalon.core.keyword.builtin.CallTestCaseKeyword$_callTestCase_closure1.call(CallTestCaseKeyword.groovy)
	at com.kms.katalon.core.keyword.internal.KeywordMain.runKeyword(KeywordMain.groovy:68)
	at com.kms.katalon.core.keyword.builtin.CallTestCaseKeyword.callTestCase(CallTestCaseKeyword.groovy:81)
	at com.kms.katalon.core.keyword.builtin.CallTestCaseKeyword.execute(CallTestCaseKeyword.groovy:44)
	at com.kms.katalon.core.keyword.internal.KeywordExecutor.executeKeywordForPlatform(KeywordExecutor.groovy:73)
	at com.kms.katalon.core.keyword.BuiltinKeywords.callTestCase(BuiltinKeywords.groovy:334)
	at 005 - Melihat salah satu berita.run(005 - Melihat salah satu berita:22)
	at com.kms.katalon.core.main.ScriptEngine.run(ScriptEngine.java:194)
	at com.kms.katalon.core.main.ScriptEngine.runScriptAsRawText(ScriptEngine.java:119)
	at com.kms.katalon.core.main.TestCaseExecutor.runScript(TestCaseExecutor.java:398)
	at com.kms.katalon.core.main.TestCaseExecutor.doExecute(TestCaseExecutor.java:389)
	at com.kms.katalon.core.main.TestCaseExecutor.processExecutionPhase(TestCaseExecutor.java:368)
	at com.kms.katalon.core.main.TestCaseExecutor.accessMainPhase(TestCaseExecutor.java:360)
	at com.kms.katalon.core.main.TestCaseExecutor.execute(TestCaseExecutor.java:255)
	at com.kms.katalon.core.main.TestSuiteExecutor.accessTestCaseMainPhase(TestSuiteExecutor.java:203)
	at com.kms.katalon.core.main.TestSuiteExecutor.accessTestSuiteMainPhase(TestSuiteExecutor.java:152)
	at com.kms.katalon.core.main.TestSuiteExecutor.execute(TestSuiteExecutor.java:95)
	at com.kms.katalon.core.main.TestCaseMain.startTestSuite(TestCaseMain.java:157)
	at com.kms.katalon.core.main.TestCaseMain$startTestSuite$0.call(Unknown Source)
	at TempTestSuite1647260194190.run(TempTestSuite1647260194190.groovy:39)
Caused by: com.kms.katalon.core.exception.StepFailedException: Object Object Repository/Mobile/Page/Home/Item - Top Latest News not found
	at com.kms.katalon.core.mobile.helper.MobileElementCommonHelper.findElementWithCheck(MobileElementCommonHelper.java:159)
	at com.kms.katalon.core.mobile.helper.MobileElementCommonHelper.tapAndHold(MobileElementCommonHelper.java:103)
	at com.kms.katalon.core.mobile.keyword.builtin.TapAndHoldKeyword$_tapAndHold_closure1.doCall(TapAndHoldKeyword.groovy:71)
	at com.kms.katalon.core.mobile.keyword.builtin.TapAndHoldKeyword$_tapAndHold_closure1.call(TapAndHoldKeyword.groovy)
	at com.kms.katalon.core.mobile.keyword.internal.MobileKeywordMain.runKeyword(MobileKeywordMain.groovy:21)
	at com.kms.katalon.core.mobile.keyword.builtin.TapAndHoldKeyword.tapAndHold(TapAndHoldKeyword.groovy:72)
	at com.kms.katalon.core.mobile.keyword.builtin.TapAndHoldKeyword.execute(TapAndHoldKeyword.groovy:65)
	at com.kms.katalon.core.keyword.internal.KeywordExecutor.executeKeywordForPlatform(KeywordExecutor.groovy:73)
	at com.kms.katalon.core.mobile.keyword.MobileBuiltInKeywords.tapAndHold(MobileBuiltInKeywords.groovy:1435)
	at com.kms.katalon.core.mobile.keyword.MobileBuiltInKeywords$tapAndHold$14.call(Unknown Source)
	at Home.run(Home:208)
	at com.kms.katalon.core.main.ScriptEngine.run(ScriptEngine.java:194)
	at com.kms.katalon.core.main.ScriptEngine.runScriptAsRawText(ScriptEngine.java:119)
	at com.kms.katalon.core.main.TestCaseExecutor.runScript(TestCaseExecutor.java:398)
	at com.kms.katalon.core.main.TestCaseExecutor.doExecute(TestCaseExecutor.java:389)
	at com.kms.katalon.core.main.TestCaseExecutor.processExecutionPhase(TestCaseExecutor.java:368)
	at com.kms.katalon.core.main.TestCaseExecutor.accessMainPhase(TestCaseExecutor.java:360)
	at com.kms.katalon.core.main.TestCaseExecutor.execute(TestCaseExecutor.java:255)
	at com.kms.katalon.core.main.TestCaseMain.runTestCase(TestCaseMain.java:114)
	at com.kms.katalon.core.keyword.builtin.CallTestCaseKeyword$_callTestCase_closure1.doCall(CallTestCaseKeyword.groovy:59)
	... 20 more
)

2022-03-14 19:24:59 - [TEST_STEP][PASSED] - callTestCase(findTestCase("Mobile/Page/Run App/Terminate App"), [:], STOP_ON_FAILURE): Call Test Case 'Test Cases/Mobile/Page/Run App/Terminate App' successfully

2022-03-14 19:24:59 - [TEST_CASE][PASSED] - Test Cases/Mobile/Page/Run App/Terminate App: Test Cases/Mobile/Page/Run App/Terminate App

2022-03-14 19:24:59 - [TEST_STEP][PASSED] - startApp.OpenApp.terminateApplication(): startApp.OpenApp.terminateApplication is PASSED

2022-03-14 19:25:02 - [MESSAGE][PASSED] - Delayed 3 second(s)

2022-03-14 19:25:03 - [MESSAGE][PASSED] - Current device physical width is 720

2022-03-14 19:25:03 - [MESSAGE][PASSED] - Current device physical height is 1423

2022-03-14 19:25:04 - [MESSAGE][PASSED] - Swiped from 360,853 to 360,142

2022-03-14 19:25:05 - [MESSAGE][PASSED] - Delayed 1 second(s)

2022-03-14 19:25:07 - [MESSAGE][PASSED] - Swiped from 360,853 to 360,142

2022-03-14 19:25:10 - [MESSAGE][PASSED] - Delayed 3 second(s)

2022-03-14 19:25:10 - [MESSAGE][PASSED] - startApp.OpenApp.terminateApplication is PASSED

2022-03-14 19:25:10 - [MESSAGE][PASSED] - Call Test Case 'Test Cases/Mobile/Page/Run App/Terminate App' successfully]]></system-out>
         <system-err><![CDATA[2022-03-14 19:23:19 - [TEST_CASE][FAILED] - Test Cases/Mobile/Scenario/Home/005 - Melihat salah satu berita: Test Cases/Mobile/Scenario/Home/005 - Melihat salah satu berita FAILED.
Reason:
com.kms.katalon.core.exception.StepFailedException: Unable to call Test Case 'Test Cases/Mobile/Page/Home/Home' (Root cause: com.kms.katalon.core.exception.StepFailedException: Call Test Case 'Test Cases/Mobile/Page/Home/Home' failed
	at com.kms.katalon.core.keyword.builtin.CallTestCaseKeyword$_callTestCase_closure1.doCall(CallTestCaseKeyword.groovy:63)
	at com.kms.katalon.core.keyword.builtin.CallTestCaseKeyword$_callTestCase_closure1.call(CallTestCaseKeyword.groovy)
	at com.kms.katalon.core.keyword.internal.KeywordMain.runKeyword(KeywordMain.groovy:68)
	at com.kms.katalon.core.keyword.builtin.CallTestCaseKeyword.callTestCase(CallTestCaseKeyword.groovy:81)
	at com.kms.katalon.core.keyword.builtin.CallTestCaseKeyword.execute(CallTestCaseKeyword.groovy:44)
	at com.kms.katalon.core.keyword.internal.KeywordExecutor.executeKeywordForPlatform(KeywordExecutor.groovy:73)
	at com.kms.katalon.core.keyword.BuiltinKeywords.callTestCase(BuiltinKeywords.groovy:334)
	at 005 - Melihat salah satu berita.run(005 - Melihat salah satu berita:22)
	at com.kms.katalon.core.main.ScriptEngine.run(ScriptEngine.java:194)
	at com.kms.katalon.core.main.ScriptEngine.runScriptAsRawText(ScriptEngine.java:119)
	at com.kms.katalon.core.main.TestCaseExecutor.runScript(TestCaseExecutor.java:398)
	at com.kms.katalon.core.main.TestCaseExecutor.doExecute(TestCaseExecutor.java:389)
	at com.kms.katalon.core.main.TestCaseExecutor.processExecutionPhase(TestCaseExecutor.java:368)
	at com.kms.katalon.core.main.TestCaseExecutor.accessMainPhase(TestCaseExecutor.java:360)
	at com.kms.katalon.core.main.TestCaseExecutor.execute(TestCaseExecutor.java:255)
	at com.kms.katalon.core.main.TestSuiteExecutor.accessTestCaseMainPhase(TestSuiteExecutor.java:203)
	at com.kms.katalon.core.main.TestSuiteExecutor.accessTestSuiteMainPhase(TestSuiteExecutor.java:152)
	at com.kms.katalon.core.main.TestSuiteExecutor.execute(TestSuiteExecutor.java:95)
	at com.kms.katalon.core.main.TestCaseMain.startTestSuite(TestCaseMain.java:157)
	at com.kms.katalon.core.main.TestCaseMain$startTestSuite$0.call(Unknown Source)
	at TempTestSuite1647260194190.run(TempTestSuite1647260194190.groovy:39)
Caused by: com.kms.katalon.core.exception.StepFailedException: Object Object Repository/Mobile/Page/Home/Item - Top Latest News not found
	at com.kms.katalon.core.mobile.helper.MobileElementCommonHelper.findElementWithCheck(MobileElementCommonHelper.java:159)
	at com.kms.katalon.core.mobile.helper.MobileElementCommonHelper.tapAndHold(MobileElementCommonHelper.java:103)
	at com.kms.katalon.core.mobile.keyword.builtin.TapAndHoldKeyword$_tapAndHold_closure1.doCall(TapAndHoldKeyword.groovy:71)
	at com.kms.katalon.core.mobile.keyword.builtin.TapAndHoldKeyword$_tapAndHold_closure1.call(TapAndHoldKeyword.groovy)
	at com.kms.katalon.core.mobile.keyword.internal.MobileKeywordMain.runKeyword(MobileKeywordMain.groovy:21)
	at com.kms.katalon.core.mobile.keyword.builtin.TapAndHoldKeyword.tapAndHold(TapAndHoldKeyword.groovy:72)
	at com.kms.katalon.core.mobile.keyword.builtin.TapAndHoldKeyword.execute(TapAndHoldKeyword.groovy:65)
	at com.kms.katalon.core.keyword.internal.KeywordExecutor.executeKeywordForPlatform(KeywordExecutor.groovy:73)
	at com.kms.katalon.core.mobile.keyword.MobileBuiltInKeywords.tapAndHold(MobileBuiltInKeywords.groovy:1435)
	at com.kms.katalon.core.mobile.keyword.MobileBuiltInKeywords$tapAndHold$14.call(Unknown Source)
	at Home.run(Home:208)
	at com.kms.katalon.core.main.ScriptEngine.run(ScriptEngine.java:194)
	at com.kms.katalon.core.main.ScriptEngine.runScriptAsRawText(ScriptEngine.java:119)
	at com.kms.katalon.core.main.TestCaseExecutor.runScript(TestCaseExecutor.java:398)
	at com.kms.katalon.core.main.TestCaseExecutor.doExecute(TestCaseExecutor.java:389)
	at com.kms.katalon.core.main.TestCaseExecutor.processExecutionPhase(TestCaseExecutor.java:368)
	at com.kms.katalon.core.main.TestCaseExecutor.accessMainPhase(TestCaseExecutor.java:360)
	at com.kms.katalon.core.main.TestCaseExecutor.execute(TestCaseExecutor.java:255)
	at com.kms.katalon.core.main.TestCaseMain.runTestCase(TestCaseMain.java:114)
	at com.kms.katalon.core.keyword.builtin.CallTestCaseKeyword$_callTestCase_closure1.doCall(CallTestCaseKeyword.groovy:59)
	... 20 more
)
	at com.kms.katalon.core.keyword.internal.KeywordMain.stepFailed(KeywordMain.groovy:39)
	at com.kms.katalon.core.keyword.internal.KeywordMain.stepFailed(KeywordMain.groovy)
	at com.kms.katalon.core.keyword.internal.KeywordMain.runKeyword(KeywordMain.groovy:70)
	at com.kms.katalon.core.keyword.builtin.CallTestCaseKeyword.callTestCase(CallTestCaseKeyword.groovy:81)
	at com.kms.katalon.core.keyword.builtin.CallTestCaseKeyword.execute(CallTestCaseKeyword.groovy:44)
	at com.kms.katalon.core.keyword.internal.KeywordExecutor.executeKeywordForPlatform(KeywordExecutor.groovy:73)
	at com.kms.katalon.core.keyword.BuiltinKeywords.callTestCase(BuiltinKeywords.groovy:334)
	at 005 - Melihat salah satu berita.run(005 - Melihat salah satu berita:22)
	at com.kms.katalon.core.main.ScriptEngine.run(ScriptEngine.java:194)
	at com.kms.katalon.core.main.ScriptEngine.runScriptAsRawText(ScriptEngine.java:119)
	at com.kms.katalon.core.main.TestCaseExecutor.runScript(TestCaseExecutor.java:398)
	at com.kms.katalon.core.main.TestCaseExecutor.doExecute(TestCaseExecutor.java:389)
	at com.kms.katalon.core.main.TestCaseExecutor.processExecutionPhase(TestCaseExecutor.java:368)
	at com.kms.katalon.core.main.TestCaseExecutor.accessMainPhase(TestCaseExecutor.java:360)
	at com.kms.katalon.core.main.TestCaseExecutor.execute(TestCaseExecutor.java:255)
	at com.kms.katalon.core.main.TestSuiteExecutor.accessTestCaseMainPhase(TestSuiteExecutor.java:203)
	at com.kms.katalon.core.main.TestSuiteExecutor.accessTestSuiteMainPhase(TestSuiteExecutor.java:152)
	at com.kms.katalon.core.main.TestSuiteExecutor.execute(TestSuiteExecutor.java:95)
	at com.kms.katalon.core.main.TestCaseMain.startTestSuite(TestCaseMain.java:157)
	at com.kms.katalon.core.main.TestCaseMain$startTestSuite$0.call(Unknown Source)
	at TempTestSuite1647260194190.run(TempTestSuite1647260194190.groovy:39)
Caused by: com.kms.katalon.core.exception.StepFailedException: Call Test Case 'Test Cases/Mobile/Page/Home/Home' failed
	at com.kms.katalon.core.keyword.builtin.CallTestCaseKeyword$_callTestCase_closure1.doCall(CallTestCaseKeyword.groovy:63)
	at com.kms.katalon.core.keyword.builtin.CallTestCaseKeyword$_callTestCase_closure1.call(CallTestCaseKeyword.groovy)
	at com.kms.katalon.core.keyword.internal.KeywordMain.runKeyword(KeywordMain.groovy:68)
	... 18 more
Caused by: com.kms.katalon.core.exception.StepFailedException: Object Object Repository/Mobile/Page/Home/Item - Top Latest News not found
	at com.kms.katalon.core.mobile.helper.MobileElementCommonHelper.findElementWithCheck(MobileElementCommonHelper.java:159)
	at com.kms.katalon.core.mobile.helper.MobileElementCommonHelper.tapAndHold(MobileElementCommonHelper.java:103)
	at com.kms.katalon.core.mobile.keyword.builtin.TapAndHoldKeyword$_tapAndHold_closure1.doCall(TapAndHoldKeyword.groovy:71)
	at com.kms.katalon.core.mobile.keyword.builtin.TapAndHoldKeyword$_tapAndHold_closure1.call(TapAndHoldKeyword.groovy)
	at com.kms.katalon.core.mobile.keyword.internal.MobileKeywordMain.runKeyword(MobileKeywordMain.groovy:21)
	at com.kms.katalon.core.mobile.keyword.builtin.TapAndHoldKeyword.tapAndHold(TapAndHoldKeyword.groovy:72)
	at com.kms.katalon.core.mobile.keyword.builtin.TapAndHoldKeyword.execute(TapAndHoldKeyword.groovy:65)
	at com.kms.katalon.core.keyword.internal.KeywordExecutor.executeKeywordForPlatform(KeywordExecutor.groovy:73)
	at com.kms.katalon.core.mobile.keyword.MobileBuiltInKeywords.tapAndHold(MobileBuiltInKeywords.groovy:1435)
	at com.kms.katalon.core.mobile.keyword.MobileBuiltInKeywords$tapAndHold$14.call(Unknown Source)
	at Home.run(Home:208)
	at com.kms.katalon.core.main.ScriptEngine.run(ScriptEngine.java:194)
	at com.kms.katalon.core.main.ScriptEngine.runScriptAsRawText(ScriptEngine.java:119)
	at com.kms.katalon.core.main.TestCaseExecutor.runScript(TestCaseExecutor.java:398)
	at com.kms.katalon.core.main.TestCaseExecutor.doExecute(TestCaseExecutor.java:389)
	at com.kms.katalon.core.main.TestCaseExecutor.processExecutionPhase(TestCaseExecutor.java:368)
	at com.kms.katalon.core.main.TestCaseExecutor.accessMainPhase(TestCaseExecutor.java:360)
	at com.kms.katalon.core.main.TestCaseExecutor.execute(TestCaseExecutor.java:255)
	at com.kms.katalon.core.main.TestCaseMain.runTestCase(TestCaseMain.java:114)
	at com.kms.katalon.core.keyword.builtin.CallTestCaseKeyword$_callTestCase_closure1.doCall(CallTestCaseKeyword.groovy:59)
	... 20 more]]></system-err>
      </testcase>
      <testcase name="Test Cases/Mobile/Scenario/Home/006 - Melihat daftar semua berita" time="53.434" classname="Test Cases/Mobile/Scenario/Home/006 - Melihat daftar semua berita" status="PASSED">
         <system-out><![CDATA[2022-03-14 19:25:10 - [TEST_CASE][PASSED] - Test Cases/Mobile/Scenario/Home/006 - Melihat daftar semua berita: Test Cases/Mobile/Scenario/Home/006 - Melihat daftar semua berita

2022-03-14 19:25:10 - [TEST_STEP][PASSED] - callTestCase(findTestCase("Mobile/Page/Run App/Run App byID"), [:], STOP_ON_FAILURE): Call Test Case 'Test Cases/Mobile/Page/Run App/Run App byID' successfully

2022-03-14 19:25:10 - [TEST_CASE][PASSED] - Test Cases/Mobile/Page/Run App/Run App byID: Test Cases/Mobile/Page/Run App/Run App byID

2022-03-14 19:25:10 - [TEST_STEP][PASSED] - startApp.OpenApp.startApplication("id.co.miraeasset.sageclub"): startApp.OpenApp.startApplication is PASSED

2022-03-14 19:25:22 - [MESSAGE][PASSED] - Starting app with application ID: 'id.co.miraeasset.sageclub'

2022-03-14 19:25:22 - [MESSAGE][PASSED] - startApp.OpenApp.startApplication is PASSED

2022-03-14 19:25:22 - [MESSAGE][PASSED] - Call Test Case 'Test Cases/Mobile/Page/Run App/Run App byID' successfully

2022-03-14 19:25:22 - [TEST_STEP][PASSED] - callTestCase(findTestCase("Mobile/Page/Home/Home"), ["page":"news", "action":"none"], CONTINUE_ON_FAILURE): Call Test Case 'Test Cases/Mobile/Page/Home/Home' successfully

2022-03-14 19:25:22 - [TEST_CASE][PASSED] - Test Cases/Mobile/Page/Home/Home: Test Cases/Mobile/Page/Home/Home

2022-03-14 19:25:22 - [TEST_STEP][PASSED] - callTestCase(findTestCase("Mobile/Page/CheckLogin"), [:], CONTINUE_ON_FAILURE): Call Test Case 'Test Cases/Mobile/Page/CheckLogin' successfully

2022-03-14 19:25:22 - [TEST_CASE][PASSED] - Test Cases/Mobile/Page/CheckLogin: Test Cases/Mobile/Page/CheckLogin

2022-03-14 19:25:22 - [TEST_STEP][PASSED] - loginCheck = verifyElementExist(LOGN_BtnLogin, 5, CONTINUE_ON_FAILURE): Element 'Object Repository/Mobile/Page/Login/Button - Login' is exist

2022-03-14 19:25:24 - [MESSAGE][PASSED] - Element 'Object Repository/Mobile/Page/Login/Button - Login' is exist

2022-03-14 19:25:24 - [TEST_STEP][PASSED] - if (loginCheck): Call Test Case 'Test Cases/Mobile/Page/Login/Login' successfully

2022-03-14 19:25:24 - [TEST_STEP][PASSED] - callTestCase(findTestCase("Mobile/Page/Login/Login"), ["action":"username"], CONTINUE_ON_FAILURE): Call Test Case 'Test Cases/Mobile/Page/Login/Login' successfully

2022-03-14 19:25:24 - [TEST_CASE][PASSED] - Test Cases/Mobile/Page/Login/Login: Test Cases/Mobile/Page/Login/Login

2022-03-14 19:25:24 - [TEST_STEP][PASSED] - delay(2): Delayed 2 second(s)

2022-03-14 19:25:26 - [MESSAGE][PASSED] - Delayed 2 second(s)

2022-03-14 19:25:26 - [TEST_STEP][PASSED] - for ([i = 0, i < 1, (i++)]): null

2022-03-14 19:25:26 - [TEST_STEP][PASSED] - if (action == "username"): null

2022-03-14 19:25:26 - [TEST_STEP][PASSED] - tap(LOGN_EdtUserID, 0): Tapped on element 'Object Repository/Mobile/Page/Login/Input - UserID'

2022-03-14 19:25:26 - [MESSAGE][WARNING] - Timeout '0' is invalid. Using default page load timeout: '60'

2022-03-14 19:25:27 - [MESSAGE][PASSED] - Tapped on element 'Object Repository/Mobile/Page/Login/Input - UserID'

2022-03-14 19:25:27 - [TEST_STEP][PASSED] - delay(1): Delayed 1 second(s)

2022-03-14 19:25:28 - [MESSAGE][PASSED] - Delayed 1 second(s)

2022-03-14 19:25:28 - [TEST_STEP][PASSED] - setText(LOGN_EdtRdyUserID, "anggaaditya", 0): Text 'anggaaditya' has been set to element 'Object Repository/Mobile/Page/Login/Input Rdy - UserID'

2022-03-14 19:25:28 - [MESSAGE][WARNING] - Timeout '0' is invalid. Using default page load timeout: '60'

2022-03-14 19:25:28 - [MESSAGE][PASSED] - Text 'anggaaditya' has been set to element 'Object Repository/Mobile/Page/Login/Input Rdy - UserID'

2022-03-14 19:25:28 - [TEST_STEP][PASSED] - delay(1): Delayed 1 second(s)

2022-03-14 19:25:30 - [MESSAGE][PASSED] - Delayed 1 second(s)

2022-03-14 19:25:30 - [TEST_STEP][PASSED] - hideKeyboard(): Keyboard is hidden

2022-03-14 19:25:33 - [MESSAGE][PASSED] - Keyboard is hidden

2022-03-14 19:25:33 - [TEST_STEP][PASSED] - tap(LOGN_EdtPassword, 0): Tapped on element 'Object Repository/Mobile/Page/Login/Input - Password'

2022-03-14 19:25:33 - [MESSAGE][WARNING] - Timeout '0' is invalid. Using default page load timeout: '60'

2022-03-14 19:25:33 - [MESSAGE][PASSED] - Tapped on element 'Object Repository/Mobile/Page/Login/Input - Password'

2022-03-14 19:25:33 - [TEST_STEP][PASSED] - delay(1): Delayed 1 second(s)

2022-03-14 19:25:34 - [MESSAGE][PASSED] - Delayed 1 second(s)

2022-03-14 19:25:34 - [TEST_STEP][PASSED] - setText(LOGN_EdtRdyPassword, "Shalawa18", 0): Text 'Shalawa18' has been set to element 'Object Repository/Mobile/Page/Login/Input Rdy - Password'

2022-03-14 19:25:34 - [MESSAGE][WARNING] - Timeout '0' is invalid. Using default page load timeout: '60'

2022-03-14 19:25:35 - [MESSAGE][PASSED] - Text 'Shalawa18' has been set to element 'Object Repository/Mobile/Page/Login/Input Rdy - Password'

2022-03-14 19:25:35 - [TEST_STEP][PASSED] - delay(1): Delayed 1 second(s)

2022-03-14 19:25:36 - [MESSAGE][PASSED] - Delayed 1 second(s)

2022-03-14 19:25:36 - [TEST_STEP][PASSED] - hideKeyboard(): Keyboard is hidden

2022-03-14 19:25:42 - [MESSAGE][PASSED] - Keyboard is hidden

2022-03-14 19:25:42 - [TEST_STEP][PASSED] - tap(LOGN_BtnLogin, 0): Tapped on element 'Object Repository/Mobile/Page/Login/Button - Login'

2022-03-14 19:25:42 - [MESSAGE][WARNING] - Timeout '0' is invalid. Using default page load timeout: '60'

2022-03-14 19:25:43 - [MESSAGE][PASSED] - Tapped on element 'Object Repository/Mobile/Page/Login/Button - Login'

2022-03-14 19:25:43 - [TEST_STEP][PASSED] - delay(2): Delayed 2 second(s)

2022-03-14 19:25:45 - [MESSAGE][PASSED] - Delayed 2 second(s)

2022-03-14 19:25:45 - [TEST_STEP][PASSED] - break: null

2022-03-14 19:25:45 - [MESSAGE][PASSED] - Call Test Case 'Test Cases/Mobile/Page/Login/Login' successfully

2022-03-14 19:25:45 - [MESSAGE][PASSED] - Call Test Case 'Test Cases/Mobile/Page/CheckLogin' successfully

2022-03-14 19:25:45 - [TEST_STEP][PASSED] - for ([i = 0, i < 1, (i++)]): scroll.scroll.scrollScreenBottomToTop is PASSED

2022-03-14 19:25:45 - [TEST_STEP][PASSED] - if (action == "seeperformance"): null

2022-03-14 19:25:45 - [TEST_STEP][PASSED] - if (page == "notification"): null

2022-03-14 19:25:45 - [TEST_STEP][PASSED] - else if (page == "itemnews"): null

2022-03-14 19:25:45 - [TEST_STEP][PASSED] - else if (page == "news"): scroll.scroll.scrollScreenBottomToTop is PASSED

2022-03-14 19:25:45 - [TEST_STEP][PASSED] - scroll.scroll.scrollScreenBottomToTop(): scroll.scroll.scrollScreenBottomToTop is PASSED

2022-03-14 19:25:45 - [MESSAGE][PASSED] - Current device physical height is 1423

2022-03-14 19:25:45 - [MESSAGE][PASSED] - Current device physical width is 720

2022-03-14 19:25:47 - [MESSAGE][PASSED] - Swiped from 360,1,138 to 360,284

2022-03-14 19:25:47 - [MESSAGE][PASSED] - scroll.scroll.scrollScreenBottomToTop is PASSED

2022-03-14 19:25:47 - [TEST_STEP][PASSED] - scroll.scroll.scrollScreenBottomToTop(): scroll.scroll.scrollScreenBottomToTop is PASSED

2022-03-14 19:25:47 - [MESSAGE][PASSED] - Current device physical height is 1423

2022-03-14 19:25:47 - [MESSAGE][PASSED] - Current device physical width is 720

2022-03-14 19:25:48 - [MESSAGE][PASSED] - Swiped from 360,1,138 to 360,284

2022-03-14 19:25:48 - [MESSAGE][PASSED] - scroll.scroll.scrollScreenBottomToTop is PASSED

2022-03-14 19:25:48 - [TEST_STEP][PASSED] - news = HOME_ContLatestNews: null

2022-03-14 19:25:48 - [TEST_STEP][PASSED] - left_position = getElementLeftPosition(news, 0): Object 'Object Repository/Mobile/Page/Home/Container - Latest News' has left position '28'

2022-03-14 19:25:48 - [MESSAGE][WARNING] - Timeout '0' is invalid. Using default page load timeout: '60'

2022-03-14 19:25:48 - [MESSAGE][PASSED] - Object 'Object Repository/Mobile/Page/Home/Container - Latest News' has left position '28'

2022-03-14 19:25:48 - [TEST_STEP][PASSED] - top_position = getElementTopPosition(news, 0): Object 'Object Repository/Mobile/Page/Home/Container - Latest News' has top position '234'

2022-03-14 19:25:48 - [MESSAGE][WARNING] - Timeout '0' is invalid. Using default page load timeout: '60'

2022-03-14 19:25:48 - [MESSAGE][PASSED] - Object 'Object Repository/Mobile/Page/Home/Container - Latest News' has top position '234'

2022-03-14 19:25:48 - [TEST_STEP][PASSED] - width = getElementWidth(news, 0): Object 'Object Repository/Mobile/Page/Home/Container - Latest News' has width: '664'

2022-03-14 19:25:48 - [MESSAGE][WARNING] - Timeout '0' is invalid. Using default page load timeout: '60'

2022-03-14 19:25:49 - [MESSAGE][PASSED] - Object 'Object Repository/Mobile/Page/Home/Container - Latest News' has width: '664'

2022-03-14 19:25:49 - [TEST_STEP][PASSED] - height = getElementHeight(news, 0): Object 'Object Repository/Mobile/Page/Home/Container - Latest News' has height: '1,013'

2022-03-14 19:25:49 - [MESSAGE][WARNING] - Timeout '0' is invalid. Using default page load timeout: '60'

2022-03-14 19:25:49 - [MESSAGE][PASSED] - Object 'Object Repository/Mobile/Page/Home/Container - Latest News' has height: '1,013'

2022-03-14 19:25:49 - [TEST_STEP][PASSED] - x = left_position + width * 0.9: null

2022-03-14 19:25:49 - [TEST_STEP][PASSED] - y = top_position + 52: null

2022-03-14 19:25:49 - [TEST_STEP][PASSED] - tapAtPosition(x, y): Tapped at [625, 286]

2022-03-14 19:25:49 - [MESSAGE][PASSED] - Tapped at [625, 286]

2022-03-14 19:25:49 - [TEST_STEP][PASSED] - delay(2): Delayed 2 second(s)

2022-03-14 19:25:51 - [MESSAGE][PASSED] - Delayed 2 second(s)

2022-03-14 19:25:51 - [TEST_STEP][PASSED] - scroll.scroll.scrollScreenBottomToTop(): scroll.scroll.scrollScreenBottomToTop is PASSED

2022-03-14 19:25:51 - [MESSAGE][PASSED] - Current device physical height is 1423

2022-03-14 19:25:51 - [MESSAGE][PASSED] - Current device physical width is 720

2022-03-14 19:25:53 - [MESSAGE][PASSED] - Swiped from 360,1,138 to 360,284

2022-03-14 19:25:53 - [MESSAGE][PASSED] - scroll.scroll.scrollScreenBottomToTop is PASSED

2022-03-14 19:25:53 - [MESSAGE][PASSED] - Call Test Case 'Test Cases/Mobile/Page/Home/Home' successfully

2022-03-14 19:25:53 - [TEST_STEP][PASSED] - callTestCase(findTestCase("Mobile/Page/Run App/Terminate App"), [:], STOP_ON_FAILURE): Call Test Case 'Test Cases/Mobile/Page/Run App/Terminate App' successfully

2022-03-14 19:25:53 - [TEST_CASE][PASSED] - Test Cases/Mobile/Page/Run App/Terminate App: Test Cases/Mobile/Page/Run App/Terminate App

2022-03-14 19:25:53 - [TEST_STEP][PASSED] - startApp.OpenApp.terminateApplication(): startApp.OpenApp.terminateApplication is PASSED

2022-03-14 19:25:56 - [MESSAGE][PASSED] - Delayed 3 second(s)

2022-03-14 19:25:56 - [MESSAGE][PASSED] - Current device physical width is 720

2022-03-14 19:25:56 - [MESSAGE][PASSED] - Current device physical height is 1423

2022-03-14 19:25:58 - [MESSAGE][PASSED] - Swiped from 360,853 to 360,142

2022-03-14 19:25:59 - [MESSAGE][PASSED] - Delayed 1 second(s)

2022-03-14 19:26:00 - [MESSAGE][PASSED] - Swiped from 360,853 to 360,142

2022-03-14 19:26:03 - [MESSAGE][PASSED] - Delayed 3 second(s)

2022-03-14 19:26:03 - [MESSAGE][PASSED] - startApp.OpenApp.terminateApplication is PASSED

2022-03-14 19:26:03 - [MESSAGE][PASSED] - Call Test Case 'Test Cases/Mobile/Page/Run App/Terminate App' successfully]]></system-out>
         <system-err><![CDATA[]]></system-err>
      </testcase>
      <testcase name="Test Cases/Mobile/Scenario/Home/007 - Menambahkan watchlist tanpa input" time="57.525" classname="Test Cases/Mobile/Scenario/Home/007 - Menambahkan watchlist tanpa input" status="PASSED">
         <system-out><![CDATA[2022-03-14 19:26:03 - [TEST_CASE][PASSED] - Test Cases/Mobile/Scenario/Home/007 - Menambahkan watchlist tanpa input: Test Cases/Mobile/Scenario/Home/007 - Menambahkan watchlist tanpa input

2022-03-14 19:26:03 - [TEST_STEP][PASSED] - callTestCase(findTestCase("Mobile/Page/Run App/Run App byID"), [:], STOP_ON_FAILURE): Call Test Case 'Test Cases/Mobile/Page/Run App/Run App byID' successfully

2022-03-14 19:26:03 - [TEST_CASE][PASSED] - Test Cases/Mobile/Page/Run App/Run App byID: Test Cases/Mobile/Page/Run App/Run App byID

2022-03-14 19:26:03 - [TEST_STEP][PASSED] - startApp.OpenApp.startApplication("id.co.miraeasset.sageclub"): startApp.OpenApp.startApplication is PASSED

2022-03-14 19:26:15 - [MESSAGE][PASSED] - Starting app with application ID: 'id.co.miraeasset.sageclub'

2022-03-14 19:26:15 - [MESSAGE][PASSED] - startApp.OpenApp.startApplication is PASSED

2022-03-14 19:26:15 - [MESSAGE][PASSED] - Call Test Case 'Test Cases/Mobile/Page/Run App/Run App byID' successfully

2022-03-14 19:26:15 - [TEST_STEP][PASSED] - callTestCase(findTestCase("Mobile/Page/Home/Home"), ["page":"none", "action":"addwatchlistnoinput"], CONTINUE_ON_FAILURE): Call Test Case 'Test Cases/Mobile/Page/Home/Home' successfully

2022-03-14 19:26:15 - [TEST_CASE][PASSED] - Test Cases/Mobile/Page/Home/Home: Test Cases/Mobile/Page/Home/Home

2022-03-14 19:26:15 - [TEST_STEP][PASSED] - callTestCase(findTestCase("Mobile/Page/CheckLogin"), [:], CONTINUE_ON_FAILURE): Call Test Case 'Test Cases/Mobile/Page/CheckLogin' successfully

2022-03-14 19:26:15 - [TEST_CASE][PASSED] - Test Cases/Mobile/Page/CheckLogin: Test Cases/Mobile/Page/CheckLogin

2022-03-14 19:26:15 - [TEST_STEP][PASSED] - loginCheck = verifyElementExist(LOGN_BtnLogin, 5, CONTINUE_ON_FAILURE): Element 'Object Repository/Mobile/Page/Login/Button - Login' is exist

2022-03-14 19:26:17 - [MESSAGE][PASSED] - Element 'Object Repository/Mobile/Page/Login/Button - Login' is exist

2022-03-14 19:26:17 - [TEST_STEP][PASSED] - if (loginCheck): Call Test Case 'Test Cases/Mobile/Page/Login/Login' successfully

2022-03-14 19:26:17 - [TEST_STEP][PASSED] - callTestCase(findTestCase("Mobile/Page/Login/Login"), ["action":"username"], CONTINUE_ON_FAILURE): Call Test Case 'Test Cases/Mobile/Page/Login/Login' successfully

2022-03-14 19:26:17 - [TEST_CASE][PASSED] - Test Cases/Mobile/Page/Login/Login: Test Cases/Mobile/Page/Login/Login

2022-03-14 19:26:17 - [TEST_STEP][PASSED] - delay(2): Delayed 2 second(s)

2022-03-14 19:26:19 - [MESSAGE][PASSED] - Delayed 2 second(s)

2022-03-14 19:26:19 - [TEST_STEP][PASSED] - for ([i = 0, i < 1, (i++)]): null

2022-03-14 19:26:19 - [TEST_STEP][PASSED] - if (action == "username"): null

2022-03-14 19:26:19 - [TEST_STEP][PASSED] - tap(LOGN_EdtUserID, 0): Tapped on element 'Object Repository/Mobile/Page/Login/Input - UserID'

2022-03-14 19:26:19 - [MESSAGE][WARNING] - Timeout '0' is invalid. Using default page load timeout: '60'

2022-03-14 19:26:20 - [MESSAGE][PASSED] - Tapped on element 'Object Repository/Mobile/Page/Login/Input - UserID'

2022-03-14 19:26:20 - [TEST_STEP][PASSED] - delay(1): Delayed 1 second(s)

2022-03-14 19:26:21 - [MESSAGE][PASSED] - Delayed 1 second(s)

2022-03-14 19:26:21 - [TEST_STEP][PASSED] - setText(LOGN_EdtRdyUserID, "anggaaditya", 0): Text 'anggaaditya' has been set to element 'Object Repository/Mobile/Page/Login/Input Rdy - UserID'

2022-03-14 19:26:21 - [MESSAGE][WARNING] - Timeout '0' is invalid. Using default page load timeout: '60'

2022-03-14 19:26:21 - [MESSAGE][PASSED] - Text 'anggaaditya' has been set to element 'Object Repository/Mobile/Page/Login/Input Rdy - UserID'

2022-03-14 19:26:21 - [TEST_STEP][PASSED] - delay(1): Delayed 1 second(s)

2022-03-14 19:26:22 - [MESSAGE][PASSED] - Delayed 1 second(s)

2022-03-14 19:26:22 - [TEST_STEP][PASSED] - hideKeyboard(): Keyboard is hidden

2022-03-14 19:26:26 - [MESSAGE][PASSED] - Keyboard is hidden

2022-03-14 19:26:26 - [TEST_STEP][PASSED] - tap(LOGN_EdtPassword, 0): Tapped on element 'Object Repository/Mobile/Page/Login/Input - Password'

2022-03-14 19:26:26 - [MESSAGE][WARNING] - Timeout '0' is invalid. Using default page load timeout: '60'

2022-03-14 19:26:26 - [MESSAGE][PASSED] - Tapped on element 'Object Repository/Mobile/Page/Login/Input - Password'

2022-03-14 19:26:26 - [TEST_STEP][PASSED] - delay(1): Delayed 1 second(s)

2022-03-14 19:26:27 - [MESSAGE][PASSED] - Delayed 1 second(s)

2022-03-14 19:26:27 - [TEST_STEP][PASSED] - setText(LOGN_EdtRdyPassword, "Shalawa18", 0): Text 'Shalawa18' has been set to element 'Object Repository/Mobile/Page/Login/Input Rdy - Password'

2022-03-14 19:26:27 - [MESSAGE][WARNING] - Timeout '0' is invalid. Using default page load timeout: '60'

2022-03-14 19:26:28 - [MESSAGE][PASSED] - Text 'Shalawa18' has been set to element 'Object Repository/Mobile/Page/Login/Input Rdy - Password'

2022-03-14 19:26:28 - [TEST_STEP][PASSED] - delay(1): Delayed 1 second(s)

2022-03-14 19:26:29 - [MESSAGE][PASSED] - Delayed 1 second(s)

2022-03-14 19:26:29 - [TEST_STEP][PASSED] - hideKeyboard(): Keyboard is hidden

2022-03-14 19:26:35 - [MESSAGE][PASSED] - Keyboard is hidden

2022-03-14 19:26:35 - [TEST_STEP][PASSED] - tap(LOGN_BtnLogin, 0): Tapped on element 'Object Repository/Mobile/Page/Login/Button - Login'

2022-03-14 19:26:35 - [MESSAGE][WARNING] - Timeout '0' is invalid. Using default page load timeout: '60'

2022-03-14 19:26:36 - [MESSAGE][PASSED] - Tapped on element 'Object Repository/Mobile/Page/Login/Button - Login'

2022-03-14 19:26:36 - [TEST_STEP][PASSED] - delay(2): Delayed 2 second(s)

2022-03-14 19:26:38 - [MESSAGE][PASSED] - Delayed 2 second(s)

2022-03-14 19:26:38 - [TEST_STEP][PASSED] - break: null

2022-03-14 19:26:38 - [MESSAGE][PASSED] - Call Test Case 'Test Cases/Mobile/Page/Login/Login' successfully

2022-03-14 19:26:38 - [MESSAGE][PASSED] - Call Test Case 'Test Cases/Mobile/Page/CheckLogin' successfully

2022-03-14 19:26:38 - [TEST_STEP][FAILED] - for ([i = 0, i < 1, (i++)]): null

2022-03-14 19:26:38 - [TEST_STEP][PASSED] - if (action == "seeperformance"): null

2022-03-14 19:26:38 - [TEST_STEP][PASSED] - else if (action == "requestadhoc"): null

2022-03-14 19:26:38 - [TEST_STEP][PASSED] - else if (action == "addwatchlist" || action == "deletewatchlist"): null

2022-03-14 19:26:38 - [TEST_STEP][FAILED] - else if (action == "addwatchlistnoinput"): null

2022-03-14 19:26:38 - [TEST_STEP][PASSED] - delay(2): Delayed 2 second(s)

2022-03-14 19:26:40 - [MESSAGE][PASSED] - Delayed 2 second(s)

2022-03-14 19:26:40 - [TEST_STEP][FAILED] - try: Failed to check for element 'Object Repository/Mobile/Page/Home/Item - Top Watchlist' exist (Root cause: com.kms.katalon.core.exception.StepFailedException: Element 'Object Repository/Mobile/Page/Home/Item - Top Watchlist' not found
	at com.kms.katalon.core.keyword.internal.KeywordMain.stepFailed(KeywordMain.groovy:50)
	at com.kms.katalon.core.mobile.keyword.internal.MobileKeywordMain.stepFailed(MobileKeywordMain.groovy:40)
	at com.kms.katalon.core.mobile.keyword.builtin.VerifyElementExistKeyword$_verifyElementExist_closure1.doCall(VerifyElementExistKeyword.groovy:77)
	at com.kms.katalon.core.mobile.keyword.builtin.VerifyElementExistKeyword$_verifyElementExist_closure1.call(VerifyElementExistKeyword.groovy)
	at com.kms.katalon.core.mobile.keyword.internal.MobileKeywordMain.runKeyword(MobileKeywordMain.groovy:21)
	at com.kms.katalon.core.mobile.keyword.builtin.VerifyElementExistKeyword.verifyElementExist(VerifyElementExistKeyword.groovy:80)
	at com.kms.katalon.core.mobile.keyword.builtin.VerifyElementExistKeyword.execute(VerifyElementExistKeyword.groovy:64)
	at com.kms.katalon.core.keyword.internal.KeywordExecutor.executeKeywordForPlatform(KeywordExecutor.groovy:73)
	at com.kms.katalon.core.mobile.keyword.MobileBuiltInKeywords.verifyElementExist(MobileBuiltInKeywords.groovy:1586)
	at com.kms.katalon.core.mobile.keyword.MobileBuiltInKeywords$verifyElementExist$13.call(Unknown Source)
	at Home.run(Home:129)
	at com.kms.katalon.core.main.ScriptEngine.run(ScriptEngine.java:194)
	at com.kms.katalon.core.main.ScriptEngine.runScriptAsRawText(ScriptEngine.java:119)
	at com.kms.katalon.core.main.TestCaseExecutor.runScript(TestCaseExecutor.java:398)
	at com.kms.katalon.core.main.TestCaseExecutor.doExecute(TestCaseExecutor.java:389)
	at com.kms.katalon.core.main.TestCaseExecutor.processExecutionPhase(TestCaseExecutor.java:368)
	at com.kms.katalon.core.main.TestCaseExecutor.accessMainPhase(TestCaseExecutor.java:360)
	at com.kms.katalon.core.main.TestCaseExecutor.execute(TestCaseExecutor.java:255)
	at com.kms.katalon.core.main.TestCaseMain.runTestCase(TestCaseMain.java:114)
	at com.kms.katalon.core.keyword.builtin.CallTestCaseKeyword$_callTestCase_closure1.doCall(CallTestCaseKeyword.groovy:59)
	at com.kms.katalon.core.keyword.builtin.CallTestCaseKeyword$_callTestCase_closure1.call(CallTestCaseKeyword.groovy)
	at com.kms.katalon.core.keyword.internal.KeywordMain.runKeyword(KeywordMain.groovy:68)
	at com.kms.katalon.core.keyword.builtin.CallTestCaseKeyword.callTestCase(CallTestCaseKeyword.groovy:81)
	at com.kms.katalon.core.keyword.builtin.CallTestCaseKeyword.execute(CallTestCaseKeyword.groovy:44)
	at com.kms.katalon.core.keyword.internal.KeywordExecutor.executeKeywordForPlatform(KeywordExecutor.groovy:73)
	at com.kms.katalon.core.keyword.BuiltinKeywords.callTestCase(BuiltinKeywords.groovy:334)
	at 007 - Menambahkan watchlist tanpa input.run(007 - Menambahkan watchlist tanpa input:22)
	at com.kms.katalon.core.main.ScriptEngine.run(ScriptEngine.java:194)
	at com.kms.katalon.core.main.ScriptEngine.runScriptAsRawText(ScriptEngine.java:119)
	at com.kms.katalon.core.main.TestCaseExecutor.runScript(TestCaseExecutor.java:398)
	at com.kms.katalon.core.main.TestCaseExecutor.doExecute(TestCaseExecutor.java:389)
	at com.kms.katalon.core.main.TestCaseExecutor.processExecutionPhase(TestCaseExecutor.java:368)
	at com.kms.katalon.core.main.TestCaseExecutor.accessMainPhase(TestCaseExecutor.java:360)
	at com.kms.katalon.core.main.TestCaseExecutor.execute(TestCaseExecutor.java:255)
	at com.kms.katalon.core.main.TestSuiteExecutor.accessTestCaseMainPhase(TestSuiteExecutor.java:203)
	at com.kms.katalon.core.main.TestSuiteExecutor.accessTestSuiteMainPhase(TestSuiteExecutor.java:152)
	at com.kms.katalon.core.main.TestSuiteExecutor.execute(TestSuiteExecutor.java:95)
	at com.kms.katalon.core.main.TestCaseMain.startTestSuite(TestCaseMain.java:157)
	at com.kms.katalon.core.main.TestCaseMain$startTestSuite$0.call(Unknown Source)
	at TempTestSuite1647260194190.run(TempTestSuite1647260194190.groovy:39)
)

2022-03-14 19:26:40 - [TEST_STEP][PASSED] - itemWatchlist = HOME_ItemTopWatchlist: null

2022-03-14 19:26:40 - [TEST_STEP][FAILED] - itemWatchlistExist = verifyElementExist(itemWatchlist, 2): Failed to check for element 'Object Repository/Mobile/Page/Home/Item - Top Watchlist' exist (Root cause: com.kms.katalon.core.exception.StepFailedException: Element 'Object Repository/Mobile/Page/Home/Item - Top Watchlist' not found
	at com.kms.katalon.core.keyword.internal.KeywordMain.stepFailed(KeywordMain.groovy:50)
	at com.kms.katalon.core.mobile.keyword.internal.MobileKeywordMain.stepFailed(MobileKeywordMain.groovy:40)
	at com.kms.katalon.core.mobile.keyword.builtin.VerifyElementExistKeyword$_verifyElementExist_closure1.doCall(VerifyElementExistKeyword.groovy:77)
	at com.kms.katalon.core.mobile.keyword.builtin.VerifyElementExistKeyword$_verifyElementExist_closure1.call(VerifyElementExistKeyword.groovy)
	at com.kms.katalon.core.mobile.keyword.internal.MobileKeywordMain.runKeyword(MobileKeywordMain.groovy:21)
	at com.kms.katalon.core.mobile.keyword.builtin.VerifyElementExistKeyword.verifyElementExist(VerifyElementExistKeyword.groovy:80)
	at com.kms.katalon.core.mobile.keyword.builtin.VerifyElementExistKeyword.execute(VerifyElementExistKeyword.groovy:64)
	at com.kms.katalon.core.keyword.internal.KeywordExecutor.executeKeywordForPlatform(KeywordExecutor.groovy:73)
	at com.kms.katalon.core.mobile.keyword.MobileBuiltInKeywords.verifyElementExist(MobileBuiltInKeywords.groovy:1586)
	at com.kms.katalon.core.mobile.keyword.MobileBuiltInKeywords$verifyElementExist$13.call(Unknown Source)
	at Home.run(Home:129)
	at com.kms.katalon.core.main.ScriptEngine.run(ScriptEngine.java:194)
	at com.kms.katalon.core.main.ScriptEngine.runScriptAsRawText(ScriptEngine.java:119)
	at com.kms.katalon.core.main.TestCaseExecutor.runScript(TestCaseExecutor.java:398)
	at com.kms.katalon.core.main.TestCaseExecutor.doExecute(TestCaseExecutor.java:389)
	at com.kms.katalon.core.main.TestCaseExecutor.processExecutionPhase(TestCaseExecutor.java:368)
	at com.kms.katalon.core.main.TestCaseExecutor.accessMainPhase(TestCaseExecutor.java:360)
	at com.kms.katalon.core.main.TestCaseExecutor.execute(TestCaseExecutor.java:255)
	at com.kms.katalon.core.main.TestCaseMain.runTestCase(TestCaseMain.java:114)
	at com.kms.katalon.core.keyword.builtin.CallTestCaseKeyword$_callTestCase_closure1.doCall(CallTestCaseKeyword.groovy:59)
	at com.kms.katalon.core.keyword.builtin.CallTestCaseKeyword$_callTestCase_closure1.call(CallTestCaseKeyword.groovy)
	at com.kms.katalon.core.keyword.internal.KeywordMain.runKeyword(KeywordMain.groovy:68)
	at com.kms.katalon.core.keyword.builtin.CallTestCaseKeyword.callTestCase(CallTestCaseKeyword.groovy:81)
	at com.kms.katalon.core.keyword.builtin.CallTestCaseKeyword.execute(CallTestCaseKeyword.groovy:44)
	at com.kms.katalon.core.keyword.internal.KeywordExecutor.executeKeywordForPlatform(KeywordExecutor.groovy:73)
	at com.kms.katalon.core.keyword.BuiltinKeywords.callTestCase(BuiltinKeywords.groovy:334)
	at 007 - Menambahkan watchlist tanpa input.run(007 - Menambahkan watchlist tanpa input:22)
	at com.kms.katalon.core.main.ScriptEngine.run(ScriptEngine.java:194)
	at com.kms.katalon.core.main.ScriptEngine.runScriptAsRawText(ScriptEngine.java:119)
	at com.kms.katalon.core.main.TestCaseExecutor.runScript(TestCaseExecutor.java:398)
	at com.kms.katalon.core.main.TestCaseExecutor.doExecute(TestCaseExecutor.java:389)
	at com.kms.katalon.core.main.TestCaseExecutor.processExecutionPhase(TestCaseExecutor.java:368)
	at com.kms.katalon.core.main.TestCaseExecutor.accessMainPhase(TestCaseExecutor.java:360)
	at com.kms.katalon.core.main.TestCaseExecutor.execute(TestCaseExecutor.java:255)
	at com.kms.katalon.core.main.TestSuiteExecutor.accessTestCaseMainPhase(TestSuiteExecutor.java:203)
	at com.kms.katalon.core.main.TestSuiteExecutor.accessTestSuiteMainPhase(TestSuiteExecutor.java:152)
	at com.kms.katalon.core.main.TestSuiteExecutor.execute(TestSuiteExecutor.java:95)
	at com.kms.katalon.core.main.TestCaseMain.startTestSuite(TestCaseMain.java:157)
	at com.kms.katalon.core.main.TestCaseMain$startTestSuite$0.call(Unknown Source)
	at TempTestSuite1647260194190.run(TempTestSuite1647260194190.groovy:39)
)

2022-03-14 19:26:43 - [MESSAGE][FAILED] - Element 'Object Repository/Mobile/Page/Home/Item - Top Watchlist' not found
[[ATTACHMENT|C:\\Users\\Owner\\Documents\\kerjaan\\KatalonProject\\qa_katalon_pwm\\qa_katalon_pwm\\Reports\\20220314_191629\\home\\20220314_191634\\1647260802613.png]]

2022-03-14 19:26:44 - [MESSAGE][FAILED] - Failed to check for element 'Object Repository/Mobile/Page/Home/Item - Top Watchlist' exist (Root cause: com.kms.katalon.core.exception.StepFailedException: Element 'Object Repository/Mobile/Page/Home/Item - Top Watchlist' not found
	at com.kms.katalon.core.keyword.internal.KeywordMain.stepFailed(KeywordMain.groovy:50)
	at com.kms.katalon.core.mobile.keyword.internal.MobileKeywordMain.stepFailed(MobileKeywordMain.groovy:40)
	at com.kms.katalon.core.mobile.keyword.builtin.VerifyElementExistKeyword$_verifyElementExist_closure1.doCall(VerifyElementExistKeyword.groovy:77)
	at com.kms.katalon.core.mobile.keyword.builtin.VerifyElementExistKeyword$_verifyElementExist_closure1.call(VerifyElementExistKeyword.groovy)
	at com.kms.katalon.core.mobile.keyword.internal.MobileKeywordMain.runKeyword(MobileKeywordMain.groovy:21)
	at com.kms.katalon.core.mobile.keyword.builtin.VerifyElementExistKeyword.verifyElementExist(VerifyElementExistKeyword.groovy:80)
	at com.kms.katalon.core.mobile.keyword.builtin.VerifyElementExistKeyword.execute(VerifyElementExistKeyword.groovy:64)
	at com.kms.katalon.core.keyword.internal.KeywordExecutor.executeKeywordForPlatform(KeywordExecutor.groovy:73)
	at com.kms.katalon.core.mobile.keyword.MobileBuiltInKeywords.verifyElementExist(MobileBuiltInKeywords.groovy:1586)
	at com.kms.katalon.core.mobile.keyword.MobileBuiltInKeywords$verifyElementExist$13.call(Unknown Source)
	at Home.run(Home:129)
	at com.kms.katalon.core.main.ScriptEngine.run(ScriptEngine.java:194)
	at com.kms.katalon.core.main.ScriptEngine.runScriptAsRawText(ScriptEngine.java:119)
	at com.kms.katalon.core.main.TestCaseExecutor.runScript(TestCaseExecutor.java:398)
	at com.kms.katalon.core.main.TestCaseExecutor.doExecute(TestCaseExecutor.java:389)
	at com.kms.katalon.core.main.TestCaseExecutor.processExecutionPhase(TestCaseExecutor.java:368)
	at com.kms.katalon.core.main.TestCaseExecutor.accessMainPhase(TestCaseExecutor.java:360)
	at com.kms.katalon.core.main.TestCaseExecutor.execute(TestCaseExecutor.java:255)
	at com.kms.katalon.core.main.TestCaseMain.runTestCase(TestCaseMain.java:114)
	at com.kms.katalon.core.keyword.builtin.CallTestCaseKeyword$_callTestCase_closure1.doCall(CallTestCaseKeyword.groovy:59)
	at com.kms.katalon.core.keyword.builtin.CallTestCaseKeyword$_callTestCase_closure1.call(CallTestCaseKeyword.groovy)
	at com.kms.katalon.core.keyword.internal.KeywordMain.runKeyword(KeywordMain.groovy:68)
	at com.kms.katalon.core.keyword.builtin.CallTestCaseKeyword.callTestCase(CallTestCaseKeyword.groovy:81)
	at com.kms.katalon.core.keyword.builtin.CallTestCaseKeyword.execute(CallTestCaseKeyword.groovy:44)
	at com.kms.katalon.core.keyword.internal.KeywordExecutor.executeKeywordForPlatform(KeywordExecutor.groovy:73)
	at com.kms.katalon.core.keyword.BuiltinKeywords.callTestCase(BuiltinKeywords.groovy:334)
	at 007 - Menambahkan watchlist tanpa input.run(007 - Menambahkan watchlist tanpa input:22)
	at com.kms.katalon.core.main.ScriptEngine.run(ScriptEngine.java:194)
	at com.kms.katalon.core.main.ScriptEngine.runScriptAsRawText(ScriptEngine.java:119)
	at com.kms.katalon.core.main.TestCaseExecutor.runScript(TestCaseExecutor.java:398)
	at com.kms.katalon.core.main.TestCaseExecutor.doExecute(TestCaseExecutor.java:389)
	at com.kms.katalon.core.main.TestCaseExecutor.processExecutionPhase(TestCaseExecutor.java:368)
	at com.kms.katalon.core.main.TestCaseExecutor.accessMainPhase(TestCaseExecutor.java:360)
	at com.kms.katalon.core.main.TestCaseExecutor.execute(TestCaseExecutor.java:255)
	at com.kms.katalon.core.main.TestSuiteExecutor.accessTestCaseMainPhase(TestSuiteExecutor.java:203)
	at com.kms.katalon.core.main.TestSuiteExecutor.accessTestSuiteMainPhase(TestSuiteExecutor.java:152)
	at com.kms.katalon.core.main.TestSuiteExecutor.execute(TestSuiteExecutor.java:95)
	at com.kms.katalon.core.main.TestCaseMain.startTestSuite(TestCaseMain.java:157)
	at com.kms.katalon.core.main.TestCaseMain$startTestSuite$0.call(Unknown Source)
	at TempTestSuite1647260194190.run(TempTestSuite1647260194190.groovy:39)
)
[[ATTACHMENT|C:\\Users\\Owner\\Documents\\kerjaan\\KatalonProject\\qa_katalon_pwm\\qa_katalon_pwm\\Reports\\20220314_191629\\home\\20220314_191634\\1647260803394.png]]

2022-03-14 19:26:44 - [TEST_STEP][PASSED] - catch (Exception e): null

2022-03-14 19:26:44 - [TEST_STEP][PASSED] - watchlist = HOME_ContWatchlist: null

2022-03-14 19:26:44 - [TEST_STEP][PASSED] - left_position = getElementLeftPosition(watchlist, 0): Object 'Object Repository/Mobile/Page/Home/Container - Watchlist' has left position '28'

2022-03-14 19:26:44 - [MESSAGE][WARNING] - Timeout '0' is invalid. Using default page load timeout: '60'

2022-03-14 19:26:44 - [MESSAGE][PASSED] - Object 'Object Repository/Mobile/Page/Home/Container - Watchlist' has left position '28'

2022-03-14 19:26:44 - [TEST_STEP][PASSED] - top_position = getElementTopPosition(watchlist, 0): Object 'Object Repository/Mobile/Page/Home/Container - Watchlist' has top position '658'

2022-03-14 19:26:44 - [MESSAGE][WARNING] - Timeout '0' is invalid. Using default page load timeout: '60'

2022-03-14 19:26:44 - [MESSAGE][PASSED] - Object 'Object Repository/Mobile/Page/Home/Container - Watchlist' has top position '658'

2022-03-14 19:26:44 - [TEST_STEP][PASSED] - width = getElementWidth(watchlist, 0): Object 'Object Repository/Mobile/Page/Home/Container - Watchlist' has width: '664'

2022-03-14 19:26:44 - [MESSAGE][WARNING] - Timeout '0' is invalid. Using default page load timeout: '60'

2022-03-14 19:26:44 - [MESSAGE][PASSED] - Object 'Object Repository/Mobile/Page/Home/Container - Watchlist' has width: '664'

2022-03-14 19:26:44 - [TEST_STEP][PASSED] - height = getElementHeight(watchlist, 0): Object 'Object Repository/Mobile/Page/Home/Container - Watchlist' has height: '450'

2022-03-14 19:26:44 - [MESSAGE][WARNING] - Timeout '0' is invalid. Using default page load timeout: '60'

2022-03-14 19:26:44 - [MESSAGE][PASSED] - Object 'Object Repository/Mobile/Page/Home/Container - Watchlist' has height: '450'

2022-03-14 19:26:44 - [TEST_STEP][PASSED] - x = left_position + width * 0.9: null

2022-03-14 19:26:44 - [TEST_STEP][PASSED] - y = top_position + 52: null

2022-03-14 19:26:44 - [TEST_STEP][PASSED] - tapAtPosition(x, y): Tapped at [625, 710]

2022-03-14 19:26:45 - [MESSAGE][PASSED] - Tapped at [625, 710]

2022-03-14 19:26:45 - [TEST_STEP][PASSED] - delay(2): Delayed 2 second(s)

2022-03-14 19:26:47 - [MESSAGE][PASSED] - Delayed 2 second(s)

2022-03-14 19:26:47 - [TEST_STEP][PASSED] - tap(HOME_WCTL_FabAdd, 0): Tapped on element 'Object Repository/Mobile/Page/Home/Watchlist/Fab - Add'

2022-03-14 19:26:47 - [MESSAGE][WARNING] - Timeout '0' is invalid. Using default page load timeout: '60'

2022-03-14 19:26:48 - [MESSAGE][PASSED] - Tapped on element 'Object Repository/Mobile/Page/Home/Watchlist/Fab - Add'

2022-03-14 19:26:48 - [TEST_STEP][PASSED] - delay(1): Delayed 1 second(s)

2022-03-14 19:26:49 - [MESSAGE][PASSED] - Delayed 1 second(s)

2022-03-14 19:26:49 - [TEST_STEP][PASSED] - tap(HOME_WCTL_DETL_BtnAddWatchlist, 0): Tapped on element 'Object Repository/Mobile/Page/Home/Watchlist/Detail Watchlist/Button - Add Watchlist'

2022-03-14 19:26:49 - [MESSAGE][WARNING] - Timeout '0' is invalid. Using default page load timeout: '60'

2022-03-14 19:26:49 - [MESSAGE][PASSED] - Tapped on element 'Object Repository/Mobile/Page/Home/Watchlist/Detail Watchlist/Button - Add Watchlist'

2022-03-14 19:26:49 - [TEST_STEP][PASSED] - delay(1): Delayed 1 second(s)

2022-03-14 19:26:50 - [MESSAGE][PASSED] - Delayed 1 second(s)

2022-03-14 19:26:50 - [TEST_STEP][PASSED] - verify = verifyElementExist(HOME_WCTL_DETL_AlertFillinput, 5): Element 'Object Repository/Mobile/Page/Home/Watchlist/Detail Watchlist/Alert - Please fill input form' is exist

2022-03-14 19:26:50 - [MESSAGE][PASSED] - Element 'Object Repository/Mobile/Page/Home/Watchlist/Detail Watchlist/Alert - Please fill input form' is exist

2022-03-14 19:26:50 - [TEST_STEP][PASSED] - break: null

2022-03-14 19:26:50 - [MESSAGE][PASSED] - Call Test Case 'Test Cases/Mobile/Page/Home/Home' successfully

2022-03-14 19:26:50 - [TEST_STEP][PASSED] - callTestCase(findTestCase("Mobile/Page/Run App/Terminate App"), [:], STOP_ON_FAILURE): Call Test Case 'Test Cases/Mobile/Page/Run App/Terminate App' successfully

2022-03-14 19:26:50 - [TEST_CASE][PASSED] - Test Cases/Mobile/Page/Run App/Terminate App: Test Cases/Mobile/Page/Run App/Terminate App

2022-03-14 19:26:50 - [TEST_STEP][PASSED] - startApp.OpenApp.terminateApplication(): startApp.OpenApp.terminateApplication is PASSED

2022-03-14 19:26:54 - [MESSAGE][PASSED] - Delayed 3 second(s)

2022-03-14 19:26:54 - [MESSAGE][PASSED] - Current device physical width is 720

2022-03-14 19:26:54 - [MESSAGE][PASSED] - Current device physical height is 1423

2022-03-14 19:26:55 - [MESSAGE][PASSED] - Swiped from 360,853 to 360,142

2022-03-14 19:26:56 - [MESSAGE][PASSED] - Delayed 1 second(s)

2022-03-14 19:26:57 - [MESSAGE][PASSED] - Swiped from 360,853 to 360,142

2022-03-14 19:27:00 - [MESSAGE][PASSED] - Delayed 3 second(s)

2022-03-14 19:27:00 - [MESSAGE][PASSED] - startApp.OpenApp.terminateApplication is PASSED

2022-03-14 19:27:00 - [MESSAGE][PASSED] - Call Test Case 'Test Cases/Mobile/Page/Run App/Terminate App' successfully]]></system-out>
         <system-err><![CDATA[]]></system-err>
      </testcase>
      <testcase name="Test Cases/Mobile/Scenario/Home/008 - Menghapus watchlist" time="98.429" classname="Test Cases/Mobile/Scenario/Home/008 - Menghapus watchlist" status="PASSED">
         <system-out><![CDATA[2022-03-14 19:27:00 - [TEST_CASE][PASSED] - Test Cases/Mobile/Scenario/Home/008 - Menghapus watchlist: Test Cases/Mobile/Scenario/Home/008 - Menghapus watchlist

2022-03-14 19:27:01 - [TEST_STEP][PASSED] - callTestCase(findTestCase("Mobile/Page/Run App/Run App byID"), [:], STOP_ON_FAILURE): Call Test Case 'Test Cases/Mobile/Page/Run App/Run App byID' successfully

2022-03-14 19:27:01 - [TEST_CASE][PASSED] - Test Cases/Mobile/Page/Run App/Run App byID: Test Cases/Mobile/Page/Run App/Run App byID

2022-03-14 19:27:01 - [TEST_STEP][PASSED] - startApp.OpenApp.startApplication("id.co.miraeasset.sageclub"): startApp.OpenApp.startApplication is PASSED

2022-03-14 19:27:13 - [MESSAGE][PASSED] - Starting app with application ID: 'id.co.miraeasset.sageclub'

2022-03-14 19:27:13 - [MESSAGE][PASSED] - startApp.OpenApp.startApplication is PASSED

2022-03-14 19:27:13 - [MESSAGE][PASSED] - Call Test Case 'Test Cases/Mobile/Page/Run App/Run App byID' successfully

2022-03-14 19:27:13 - [TEST_STEP][PASSED] - callTestCase(findTestCase("Mobile/Page/Home/Home"), ["page":"none", "action":"deletewatchlist"], CONTINUE_ON_FAILURE): Call Test Case 'Test Cases/Mobile/Page/Home/Home' successfully

2022-03-14 19:27:13 - [TEST_CASE][PASSED] - Test Cases/Mobile/Page/Home/Home: Test Cases/Mobile/Page/Home/Home

2022-03-14 19:27:13 - [TEST_STEP][PASSED] - callTestCase(findTestCase("Mobile/Page/CheckLogin"), [:], CONTINUE_ON_FAILURE): Call Test Case 'Test Cases/Mobile/Page/CheckLogin' successfully

2022-03-14 19:27:13 - [TEST_CASE][PASSED] - Test Cases/Mobile/Page/CheckLogin: Test Cases/Mobile/Page/CheckLogin

2022-03-14 19:27:13 - [TEST_STEP][PASSED] - loginCheck = verifyElementExist(LOGN_BtnLogin, 5, CONTINUE_ON_FAILURE): Element 'Object Repository/Mobile/Page/Login/Button - Login' is exist

2022-03-14 19:27:15 - [MESSAGE][PASSED] - Element 'Object Repository/Mobile/Page/Login/Button - Login' is exist

2022-03-14 19:27:15 - [TEST_STEP][PASSED] - if (loginCheck): Call Test Case 'Test Cases/Mobile/Page/Login/Login' successfully

2022-03-14 19:27:15 - [TEST_STEP][PASSED] - callTestCase(findTestCase("Mobile/Page/Login/Login"), ["action":"username"], CONTINUE_ON_FAILURE): Call Test Case 'Test Cases/Mobile/Page/Login/Login' successfully

2022-03-14 19:27:15 - [TEST_CASE][PASSED] - Test Cases/Mobile/Page/Login/Login: Test Cases/Mobile/Page/Login/Login

2022-03-14 19:27:15 - [TEST_STEP][PASSED] - delay(2): Delayed 2 second(s)

2022-03-14 19:27:17 - [MESSAGE][PASSED] - Delayed 2 second(s)

2022-03-14 19:27:17 - [TEST_STEP][PASSED] - for ([i = 0, i < 1, (i++)]): null

2022-03-14 19:27:17 - [TEST_STEP][PASSED] - if (action == "username"): null

2022-03-14 19:27:17 - [TEST_STEP][PASSED] - tap(LOGN_EdtUserID, 0): Tapped on element 'Object Repository/Mobile/Page/Login/Input - UserID'

2022-03-14 19:27:17 - [MESSAGE][WARNING] - Timeout '0' is invalid. Using default page load timeout: '60'

2022-03-14 19:27:18 - [MESSAGE][PASSED] - Tapped on element 'Object Repository/Mobile/Page/Login/Input - UserID'

2022-03-14 19:27:18 - [TEST_STEP][PASSED] - delay(1): Delayed 1 second(s)

2022-03-14 19:27:19 - [MESSAGE][PASSED] - Delayed 1 second(s)

2022-03-14 19:27:19 - [TEST_STEP][PASSED] - setText(LOGN_EdtRdyUserID, "anggaaditya", 0): Text 'anggaaditya' has been set to element 'Object Repository/Mobile/Page/Login/Input Rdy - UserID'

2022-03-14 19:27:19 - [MESSAGE][WARNING] - Timeout '0' is invalid. Using default page load timeout: '60'

2022-03-14 19:27:19 - [MESSAGE][PASSED] - Text 'anggaaditya' has been set to element 'Object Repository/Mobile/Page/Login/Input Rdy - UserID'

2022-03-14 19:27:19 - [TEST_STEP][PASSED] - delay(1): Delayed 1 second(s)

2022-03-14 19:27:20 - [MESSAGE][PASSED] - Delayed 1 second(s)

2022-03-14 19:27:20 - [TEST_STEP][PASSED] - hideKeyboard(): Keyboard is hidden

2022-03-14 19:27:24 - [MESSAGE][PASSED] - Keyboard is hidden

2022-03-14 19:27:24 - [TEST_STEP][PASSED] - tap(LOGN_EdtPassword, 0): Tapped on element 'Object Repository/Mobile/Page/Login/Input - Password'

2022-03-14 19:27:24 - [MESSAGE][WARNING] - Timeout '0' is invalid. Using default page load timeout: '60'

2022-03-14 19:27:24 - [MESSAGE][PASSED] - Tapped on element 'Object Repository/Mobile/Page/Login/Input - Password'

2022-03-14 19:27:24 - [TEST_STEP][PASSED] - delay(1): Delayed 1 second(s)

2022-03-14 19:27:25 - [MESSAGE][PASSED] - Delayed 1 second(s)

2022-03-14 19:27:25 - [TEST_STEP][PASSED] - setText(LOGN_EdtRdyPassword, "Shalawa18", 0): Text 'Shalawa18' has been set to element 'Object Repository/Mobile/Page/Login/Input Rdy - Password'

2022-03-14 19:27:25 - [MESSAGE][WARNING] - Timeout '0' is invalid. Using default page load timeout: '60'

2022-03-14 19:27:26 - [MESSAGE][PASSED] - Text 'Shalawa18' has been set to element 'Object Repository/Mobile/Page/Login/Input Rdy - Password'

2022-03-14 19:27:26 - [TEST_STEP][PASSED] - delay(1): Delayed 1 second(s)

2022-03-14 19:27:27 - [MESSAGE][PASSED] - Delayed 1 second(s)

2022-03-14 19:27:27 - [TEST_STEP][PASSED] - hideKeyboard(): Keyboard is hidden

2022-03-14 19:27:33 - [MESSAGE][PASSED] - Keyboard is hidden

2022-03-14 19:27:33 - [TEST_STEP][PASSED] - tap(LOGN_BtnLogin, 0): Tapped on element 'Object Repository/Mobile/Page/Login/Button - Login'

2022-03-14 19:27:33 - [MESSAGE][WARNING] - Timeout '0' is invalid. Using default page load timeout: '60'

2022-03-14 19:27:34 - [MESSAGE][PASSED] - Tapped on element 'Object Repository/Mobile/Page/Login/Button - Login'

2022-03-14 19:27:34 - [TEST_STEP][PASSED] - delay(2): Delayed 2 second(s)

2022-03-14 19:27:36 - [MESSAGE][PASSED] - Delayed 2 second(s)

2022-03-14 19:27:36 - [TEST_STEP][PASSED] - break: null

2022-03-14 19:27:36 - [MESSAGE][PASSED] - Call Test Case 'Test Cases/Mobile/Page/Login/Login' successfully

2022-03-14 19:27:36 - [MESSAGE][PASSED] - Call Test Case 'Test Cases/Mobile/Page/CheckLogin' successfully

2022-03-14 19:27:36 - [TEST_STEP][FAILED] - for ([i = 0, i < 1, (i++)]): null

2022-03-14 19:27:36 - [TEST_STEP][PASSED] - if (action == "seeperformance"): null

2022-03-14 19:27:36 - [TEST_STEP][PASSED] - else if (action == "requestadhoc"): null

2022-03-14 19:27:36 - [TEST_STEP][FAILED] - else if (action == "addwatchlist" || action == "deletewatchlist"): null

2022-03-14 19:27:36 - [TEST_STEP][PASSED] - delay(2): Delayed 2 second(s)

2022-03-14 19:27:38 - [MESSAGE][PASSED] - Delayed 2 second(s)

2022-03-14 19:27:38 - [TEST_STEP][FAILED] - try: Failed to check for element 'Object Repository/Mobile/Page/Home/Item - Top Watchlist' exist (Root cause: com.kms.katalon.core.exception.StepFailedException: Element 'Object Repository/Mobile/Page/Home/Item - Top Watchlist' not found
	at com.kms.katalon.core.keyword.internal.KeywordMain.stepFailed(KeywordMain.groovy:50)
	at com.kms.katalon.core.mobile.keyword.internal.MobileKeywordMain.stepFailed(MobileKeywordMain.groovy:40)
	at com.kms.katalon.core.mobile.keyword.builtin.VerifyElementExistKeyword$_verifyElementExist_closure1.doCall(VerifyElementExistKeyword.groovy:77)
	at com.kms.katalon.core.mobile.keyword.builtin.VerifyElementExistKeyword$_verifyElementExist_closure1.call(VerifyElementExistKeyword.groovy)
	at com.kms.katalon.core.mobile.keyword.internal.MobileKeywordMain.runKeyword(MobileKeywordMain.groovy:21)
	at com.kms.katalon.core.mobile.keyword.builtin.VerifyElementExistKeyword.verifyElementExist(VerifyElementExistKeyword.groovy:80)
	at com.kms.katalon.core.mobile.keyword.builtin.VerifyElementExistKeyword.execute(VerifyElementExistKeyword.groovy:64)
	at com.kms.katalon.core.keyword.internal.KeywordExecutor.executeKeywordForPlatform(KeywordExecutor.groovy:73)
	at com.kms.katalon.core.mobile.keyword.MobileBuiltInKeywords.verifyElementExist(MobileBuiltInKeywords.groovy:1586)
	at com.kms.katalon.core.mobile.keyword.MobileBuiltInKeywords$verifyElementExist$13.call(Unknown Source)
	at Home.run(Home:46)
	at com.kms.katalon.core.main.ScriptEngine.run(ScriptEngine.java:194)
	at com.kms.katalon.core.main.ScriptEngine.runScriptAsRawText(ScriptEngine.java:119)
	at com.kms.katalon.core.main.TestCaseExecutor.runScript(TestCaseExecutor.java:398)
	at com.kms.katalon.core.main.TestCaseExecutor.doExecute(TestCaseExecutor.java:389)
	at com.kms.katalon.core.main.TestCaseExecutor.processExecutionPhase(TestCaseExecutor.java:368)
	at com.kms.katalon.core.main.TestCaseExecutor.accessMainPhase(TestCaseExecutor.java:360)
	at com.kms.katalon.core.main.TestCaseExecutor.execute(TestCaseExecutor.java:255)
	at com.kms.katalon.core.main.TestCaseMain.runTestCase(TestCaseMain.java:114)
	at com.kms.katalon.core.keyword.builtin.CallTestCaseKeyword$_callTestCase_closure1.doCall(CallTestCaseKeyword.groovy:59)
	at com.kms.katalon.core.keyword.builtin.CallTestCaseKeyword$_callTestCase_closure1.call(CallTestCaseKeyword.groovy)
	at com.kms.katalon.core.keyword.internal.KeywordMain.runKeyword(KeywordMain.groovy:68)
	at com.kms.katalon.core.keyword.builtin.CallTestCaseKeyword.callTestCase(CallTestCaseKeyword.groovy:81)
	at com.kms.katalon.core.keyword.builtin.CallTestCaseKeyword.execute(CallTestCaseKeyword.groovy:44)
	at com.kms.katalon.core.keyword.internal.KeywordExecutor.executeKeywordForPlatform(KeywordExecutor.groovy:73)
	at com.kms.katalon.core.keyword.BuiltinKeywords.callTestCase(BuiltinKeywords.groovy:334)
	at 008 - Menghapus watchlist.run(008 - Menghapus watchlist:22)
	at com.kms.katalon.core.main.ScriptEngine.run(ScriptEngine.java:194)
	at com.kms.katalon.core.main.ScriptEngine.runScriptAsRawText(ScriptEngine.java:119)
	at com.kms.katalon.core.main.TestCaseExecutor.runScript(TestCaseExecutor.java:398)
	at com.kms.katalon.core.main.TestCaseExecutor.doExecute(TestCaseExecutor.java:389)
	at com.kms.katalon.core.main.TestCaseExecutor.processExecutionPhase(TestCaseExecutor.java:368)
	at com.kms.katalon.core.main.TestCaseExecutor.accessMainPhase(TestCaseExecutor.java:360)
	at com.kms.katalon.core.main.TestCaseExecutor.execute(TestCaseExecutor.java:255)
	at com.kms.katalon.core.main.TestSuiteExecutor.accessTestCaseMainPhase(TestSuiteExecutor.java:203)
	at com.kms.katalon.core.main.TestSuiteExecutor.accessTestSuiteMainPhase(TestSuiteExecutor.java:152)
	at com.kms.katalon.core.main.TestSuiteExecutor.execute(TestSuiteExecutor.java:95)
	at com.kms.katalon.core.main.TestCaseMain.startTestSuite(TestCaseMain.java:157)
	at com.kms.katalon.core.main.TestCaseMain$startTestSuite$0.call(Unknown Source)
	at TempTestSuite1647260194190.run(TempTestSuite1647260194190.groovy:39)
)

2022-03-14 19:27:38 - [TEST_STEP][PASSED] - itemWatchlist = HOME_ItemTopWatchlist: null

2022-03-14 19:27:38 - [TEST_STEP][FAILED] - itemWatchlistExist = verifyElementExist(itemWatchlist, 2): Failed to check for element 'Object Repository/Mobile/Page/Home/Item - Top Watchlist' exist (Root cause: com.kms.katalon.core.exception.StepFailedException: Element 'Object Repository/Mobile/Page/Home/Item - Top Watchlist' not found
	at com.kms.katalon.core.keyword.internal.KeywordMain.stepFailed(KeywordMain.groovy:50)
	at com.kms.katalon.core.mobile.keyword.internal.MobileKeywordMain.stepFailed(MobileKeywordMain.groovy:40)
	at com.kms.katalon.core.mobile.keyword.builtin.VerifyElementExistKeyword$_verifyElementExist_closure1.doCall(VerifyElementExistKeyword.groovy:77)
	at com.kms.katalon.core.mobile.keyword.builtin.VerifyElementExistKeyword$_verifyElementExist_closure1.call(VerifyElementExistKeyword.groovy)
	at com.kms.katalon.core.mobile.keyword.internal.MobileKeywordMain.runKeyword(MobileKeywordMain.groovy:21)
	at com.kms.katalon.core.mobile.keyword.builtin.VerifyElementExistKeyword.verifyElementExist(VerifyElementExistKeyword.groovy:80)
	at com.kms.katalon.core.mobile.keyword.builtin.VerifyElementExistKeyword.execute(VerifyElementExistKeyword.groovy:64)
	at com.kms.katalon.core.keyword.internal.KeywordExecutor.executeKeywordForPlatform(KeywordExecutor.groovy:73)
	at com.kms.katalon.core.mobile.keyword.MobileBuiltInKeywords.verifyElementExist(MobileBuiltInKeywords.groovy:1586)
	at com.kms.katalon.core.mobile.keyword.MobileBuiltInKeywords$verifyElementExist$13.call(Unknown Source)
	at Home.run(Home:46)
	at com.kms.katalon.core.main.ScriptEngine.run(ScriptEngine.java:194)
	at com.kms.katalon.core.main.ScriptEngine.runScriptAsRawText(ScriptEngine.java:119)
	at com.kms.katalon.core.main.TestCaseExecutor.runScript(TestCaseExecutor.java:398)
	at com.kms.katalon.core.main.TestCaseExecutor.doExecute(TestCaseExecutor.java:389)
	at com.kms.katalon.core.main.TestCaseExecutor.processExecutionPhase(TestCaseExecutor.java:368)
	at com.kms.katalon.core.main.TestCaseExecutor.accessMainPhase(TestCaseExecutor.java:360)
	at com.kms.katalon.core.main.TestCaseExecutor.execute(TestCaseExecutor.java:255)
	at com.kms.katalon.core.main.TestCaseMain.runTestCase(TestCaseMain.java:114)
	at com.kms.katalon.core.keyword.builtin.CallTestCaseKeyword$_callTestCase_closure1.doCall(CallTestCaseKeyword.groovy:59)
	at com.kms.katalon.core.keyword.builtin.CallTestCaseKeyword$_callTestCase_closure1.call(CallTestCaseKeyword.groovy)
	at com.kms.katalon.core.keyword.internal.KeywordMain.runKeyword(KeywordMain.groovy:68)
	at com.kms.katalon.core.keyword.builtin.CallTestCaseKeyword.callTestCase(CallTestCaseKeyword.groovy:81)
	at com.kms.katalon.core.keyword.builtin.CallTestCaseKeyword.execute(CallTestCaseKeyword.groovy:44)
	at com.kms.katalon.core.keyword.internal.KeywordExecutor.executeKeywordForPlatform(KeywordExecutor.groovy:73)
	at com.kms.katalon.core.keyword.BuiltinKeywords.callTestCase(BuiltinKeywords.groovy:334)
	at 008 - Menghapus watchlist.run(008 - Menghapus watchlist:22)
	at com.kms.katalon.core.main.ScriptEngine.run(ScriptEngine.java:194)
	at com.kms.katalon.core.main.ScriptEngine.runScriptAsRawText(ScriptEngine.java:119)
	at com.kms.katalon.core.main.TestCaseExecutor.runScript(TestCaseExecutor.java:398)
	at com.kms.katalon.core.main.TestCaseExecutor.doExecute(TestCaseExecutor.java:389)
	at com.kms.katalon.core.main.TestCaseExecutor.processExecutionPhase(TestCaseExecutor.java:368)
	at com.kms.katalon.core.main.TestCaseExecutor.accessMainPhase(TestCaseExecutor.java:360)
	at com.kms.katalon.core.main.TestCaseExecutor.execute(TestCaseExecutor.java:255)
	at com.kms.katalon.core.main.TestSuiteExecutor.accessTestCaseMainPhase(TestSuiteExecutor.java:203)
	at com.kms.katalon.core.main.TestSuiteExecutor.accessTestSuiteMainPhase(TestSuiteExecutor.java:152)
	at com.kms.katalon.core.main.TestSuiteExecutor.execute(TestSuiteExecutor.java:95)
	at com.kms.katalon.core.main.TestCaseMain.startTestSuite(TestCaseMain.java:157)
	at com.kms.katalon.core.main.TestCaseMain$startTestSuite$0.call(Unknown Source)
	at TempTestSuite1647260194190.run(TempTestSuite1647260194190.groovy:39)
)

2022-03-14 19:27:41 - [MESSAGE][FAILED] - Element 'Object Repository/Mobile/Page/Home/Item - Top Watchlist' not found
[[ATTACHMENT|C:\\Users\\Owner\\Documents\\kerjaan\\KatalonProject\\qa_katalon_pwm\\qa_katalon_pwm\\Reports\\20220314_191629\\home\\20220314_191634\\1647260860718.png]]

2022-03-14 19:27:42 - [MESSAGE][FAILED] - Failed to check for element 'Object Repository/Mobile/Page/Home/Item - Top Watchlist' exist (Root cause: com.kms.katalon.core.exception.StepFailedException: Element 'Object Repository/Mobile/Page/Home/Item - Top Watchlist' not found
	at com.kms.katalon.core.keyword.internal.KeywordMain.stepFailed(KeywordMain.groovy:50)
	at com.kms.katalon.core.mobile.keyword.internal.MobileKeywordMain.stepFailed(MobileKeywordMain.groovy:40)
	at com.kms.katalon.core.mobile.keyword.builtin.VerifyElementExistKeyword$_verifyElementExist_closure1.doCall(VerifyElementExistKeyword.groovy:77)
	at com.kms.katalon.core.mobile.keyword.builtin.VerifyElementExistKeyword$_verifyElementExist_closure1.call(VerifyElementExistKeyword.groovy)
	at com.kms.katalon.core.mobile.keyword.internal.MobileKeywordMain.runKeyword(MobileKeywordMain.groovy:21)
	at com.kms.katalon.core.mobile.keyword.builtin.VerifyElementExistKeyword.verifyElementExist(VerifyElementExistKeyword.groovy:80)
	at com.kms.katalon.core.mobile.keyword.builtin.VerifyElementExistKeyword.execute(VerifyElementExistKeyword.groovy:64)
	at com.kms.katalon.core.keyword.internal.KeywordExecutor.executeKeywordForPlatform(KeywordExecutor.groovy:73)
	at com.kms.katalon.core.mobile.keyword.MobileBuiltInKeywords.verifyElementExist(MobileBuiltInKeywords.groovy:1586)
	at com.kms.katalon.core.mobile.keyword.MobileBuiltInKeywords$verifyElementExist$13.call(Unknown Source)
	at Home.run(Home:46)
	at com.kms.katalon.core.main.ScriptEngine.run(ScriptEngine.java:194)
	at com.kms.katalon.core.main.ScriptEngine.runScriptAsRawText(ScriptEngine.java:119)
	at com.kms.katalon.core.main.TestCaseExecutor.runScript(TestCaseExecutor.java:398)
	at com.kms.katalon.core.main.TestCaseExecutor.doExecute(TestCaseExecutor.java:389)
	at com.kms.katalon.core.main.TestCaseExecutor.processExecutionPhase(TestCaseExecutor.java:368)
	at com.kms.katalon.core.main.TestCaseExecutor.accessMainPhase(TestCaseExecutor.java:360)
	at com.kms.katalon.core.main.TestCaseExecutor.execute(TestCaseExecutor.java:255)
	at com.kms.katalon.core.main.TestCaseMain.runTestCase(TestCaseMain.java:114)
	at com.kms.katalon.core.keyword.builtin.CallTestCaseKeyword$_callTestCase_closure1.doCall(CallTestCaseKeyword.groovy:59)
	at com.kms.katalon.core.keyword.builtin.CallTestCaseKeyword$_callTestCase_closure1.call(CallTestCaseKeyword.groovy)
	at com.kms.katalon.core.keyword.internal.KeywordMain.runKeyword(KeywordMain.groovy:68)
	at com.kms.katalon.core.keyword.builtin.CallTestCaseKeyword.callTestCase(CallTestCaseKeyword.groovy:81)
	at com.kms.katalon.core.keyword.builtin.CallTestCaseKeyword.execute(CallTestCaseKeyword.groovy:44)
	at com.kms.katalon.core.keyword.internal.KeywordExecutor.executeKeywordForPlatform(KeywordExecutor.groovy:73)
	at com.kms.katalon.core.keyword.BuiltinKeywords.callTestCase(BuiltinKeywords.groovy:334)
	at 008 - Menghapus watchlist.run(008 - Menghapus watchlist:22)
	at com.kms.katalon.core.main.ScriptEngine.run(ScriptEngine.java:194)
	at com.kms.katalon.core.main.ScriptEngine.runScriptAsRawText(ScriptEngine.java:119)
	at com.kms.katalon.core.main.TestCaseExecutor.runScript(TestCaseExecutor.java:398)
	at com.kms.katalon.core.main.TestCaseExecutor.doExecute(TestCaseExecutor.java:389)
	at com.kms.katalon.core.main.TestCaseExecutor.processExecutionPhase(TestCaseExecutor.java:368)
	at com.kms.katalon.core.main.TestCaseExecutor.accessMainPhase(TestCaseExecutor.java:360)
	at com.kms.katalon.core.main.TestCaseExecutor.execute(TestCaseExecutor.java:255)
	at com.kms.katalon.core.main.TestSuiteExecutor.accessTestCaseMainPhase(TestSuiteExecutor.java:203)
	at com.kms.katalon.core.main.TestSuiteExecutor.accessTestSuiteMainPhase(TestSuiteExecutor.java:152)
	at com.kms.katalon.core.main.TestSuiteExecutor.execute(TestSuiteExecutor.java:95)
	at com.kms.katalon.core.main.TestCaseMain.startTestSuite(TestCaseMain.java:157)
	at com.kms.katalon.core.main.TestCaseMain$startTestSuite$0.call(Unknown Source)
	at TempTestSuite1647260194190.run(TempTestSuite1647260194190.groovy:39)
)
[[ATTACHMENT|C:\\Users\\Owner\\Documents\\kerjaan\\KatalonProject\\qa_katalon_pwm\\qa_katalon_pwm\\Reports\\20220314_191629\\home\\20220314_191634\\1647260861507.png]]

2022-03-14 19:27:42 - [TEST_STEP][PASSED] - catch (Exception e): null

2022-03-14 19:27:42 - [TEST_STEP][PASSED] - watchlist = HOME_ContWatchlist: null

2022-03-14 19:27:42 - [TEST_STEP][PASSED] - left_position = getElementLeftPosition(watchlist, 0): Object 'Object Repository/Mobile/Page/Home/Container - Watchlist' has left position '28'

2022-03-14 19:27:42 - [MESSAGE][WARNING] - Timeout '0' is invalid. Using default page load timeout: '60'

2022-03-14 19:27:42 - [MESSAGE][PASSED] - Object 'Object Repository/Mobile/Page/Home/Container - Watchlist' has left position '28'

2022-03-14 19:27:42 - [TEST_STEP][PASSED] - top_position = getElementTopPosition(watchlist, 0): Object 'Object Repository/Mobile/Page/Home/Container - Watchlist' has top position '658'

2022-03-14 19:27:42 - [MESSAGE][WARNING] - Timeout '0' is invalid. Using default page load timeout: '60'

2022-03-14 19:27:42 - [MESSAGE][PASSED] - Object 'Object Repository/Mobile/Page/Home/Container - Watchlist' has top position '658'

2022-03-14 19:27:42 - [TEST_STEP][PASSED] - width = getElementWidth(watchlist, 0): Object 'Object Repository/Mobile/Page/Home/Container - Watchlist' has width: '664'

2022-03-14 19:27:42 - [MESSAGE][WARNING] - Timeout '0' is invalid. Using default page load timeout: '60'

2022-03-14 19:27:42 - [MESSAGE][PASSED] - Object 'Object Repository/Mobile/Page/Home/Container - Watchlist' has width: '664'

2022-03-14 19:27:42 - [TEST_STEP][PASSED] - height = getElementHeight(watchlist, 0): Object 'Object Repository/Mobile/Page/Home/Container - Watchlist' has height: '450'

2022-03-14 19:27:42 - [MESSAGE][WARNING] - Timeout '0' is invalid. Using default page load timeout: '60'

2022-03-14 19:27:43 - [MESSAGE][PASSED] - Object 'Object Repository/Mobile/Page/Home/Container - Watchlist' has height: '450'

2022-03-14 19:27:43 - [TEST_STEP][PASSED] - x = left_position + width * 0.9: null

2022-03-14 19:27:43 - [TEST_STEP][PASSED] - y = top_position + 52: null

2022-03-14 19:27:43 - [TEST_STEP][PASSED] - tapAtPosition(x, y): Tapped at [625, 710]

2022-03-14 19:27:44 - [MESSAGE][PASSED] - Tapped at [625, 710]

2022-03-14 19:27:44 - [TEST_STEP][PASSED] - delay(2): Delayed 2 second(s)

2022-03-14 19:27:46 - [MESSAGE][PASSED] - Delayed 2 second(s)

2022-03-14 19:27:46 - [TEST_STEP][PASSED] - tap(HOME_WCTL_FabAdd, 0): Tapped on element 'Object Repository/Mobile/Page/Home/Watchlist/Fab - Add'

2022-03-14 19:27:46 - [MESSAGE][WARNING] - Timeout '0' is invalid. Using default page load timeout: '60'

2022-03-14 19:27:47 - [MESSAGE][PASSED] - Tapped on element 'Object Repository/Mobile/Page/Home/Watchlist/Fab - Add'

2022-03-14 19:27:47 - [TEST_STEP][PASSED] - delay(1): Delayed 1 second(s)

2022-03-14 19:27:48 - [MESSAGE][PASSED] - Delayed 1 second(s)

2022-03-14 19:27:48 - [TEST_STEP][PASSED] - search = HOME_WCTL_DETL_ContSearch: null

2022-03-14 19:27:48 - [TEST_STEP][PASSED] - x1 = getElementLeftPosition(search, 0) + getElementWidth(search, 0) / 2: Object 'Object Repository/Mobile/Page/Home/Watchlist/Detail Watchlist/Container - Search' has width: '657'

2022-03-14 19:27:48 - [MESSAGE][WARNING] - Timeout '0' is invalid. Using default page load timeout: '60'

2022-03-14 19:27:48 - [MESSAGE][PASSED] - Object 'Object Repository/Mobile/Page/Home/Watchlist/Detail Watchlist/Container - Search' has left position '32'

2022-03-14 19:27:48 - [MESSAGE][WARNING] - Timeout '0' is invalid. Using default page load timeout: '60'

2022-03-14 19:27:48 - [MESSAGE][PASSED] - Object 'Object Repository/Mobile/Page/Home/Watchlist/Detail Watchlist/Container - Search' has width: '657'

2022-03-14 19:27:48 - [TEST_STEP][PASSED] - y1 = getElementTopPosition(search, 0) + getElementHeight(search, 0) * 0.8: Object 'Object Repository/Mobile/Page/Home/Watchlist/Detail Watchlist/Container - Search' has height: '129'

2022-03-14 19:27:48 - [MESSAGE][WARNING] - Timeout '0' is invalid. Using default page load timeout: '60'

2022-03-14 19:27:48 - [MESSAGE][PASSED] - Object 'Object Repository/Mobile/Page/Home/Watchlist/Detail Watchlist/Container - Search' has top position '183'

2022-03-14 19:27:48 - [MESSAGE][WARNING] - Timeout '0' is invalid. Using default page load timeout: '60'

2022-03-14 19:27:48 - [MESSAGE][PASSED] - Object 'Object Repository/Mobile/Page/Home/Watchlist/Detail Watchlist/Container - Search' has height: '129'

2022-03-14 19:27:48 - [TEST_STEP][PASSED] - tapAtPosition(x1, y1): Tapped at [360, 286]

2022-03-14 19:27:49 - [MESSAGE][PASSED] - Tapped at [360, 286]

2022-03-14 19:27:49 - [TEST_STEP][PASSED] - setText(HOME_WCTL_DETL_EdtSearchStock, "bb", 0): Text 'bb' has been set to element 'Object Repository/Mobile/Page/Home/Watchlist/Detail Watchlist/Input - Search Stock'

2022-03-14 19:27:49 - [MESSAGE][WARNING] - Timeout '0' is invalid. Using default page load timeout: '60'

2022-03-14 19:27:50 - [MESSAGE][PASSED] - Text 'bb' has been set to element 'Object Repository/Mobile/Page/Home/Watchlist/Detail Watchlist/Input - Search Stock'

2022-03-14 19:27:50 - [TEST_STEP][PASSED] - delay(1): Delayed 1 second(s)

2022-03-14 19:27:51 - [MESSAGE][PASSED] - Delayed 1 second(s)

2022-03-14 19:27:51 - [TEST_STEP][PASSED] - tapAndHold(HOME_WCTL_DETL_ItemTopSearch, 1, 0): Tapped and held on element 'Object Repository/Mobile/Page/Home/Watchlist/Detail Watchlist/Item - Top Search' with duration 1

2022-03-14 19:27:51 - [MESSAGE][WARNING] - Timeout '0' is invalid. Using default page load timeout: '60'

2022-03-14 19:27:54 - [MESSAGE][PASSED] - Tapped and held on element 'Object Repository/Mobile/Page/Home/Watchlist/Detail Watchlist/Item - Top Search' with duration 1

2022-03-14 19:27:54 - [TEST_STEP][PASSED] - delay(1): Delayed 1 second(s)

2022-03-14 19:27:55 - [MESSAGE][PASSED] - Delayed 1 second(s)

2022-03-14 19:27:55 - [TEST_STEP][PASSED] - tap(HOME_WCTL_DETL_EdtTargetBuySell, 0): Tapped on element 'Object Repository/Mobile/Page/Home/Watchlist/Detail Watchlist/Input - Target Buy Sell'

2022-03-14 19:27:55 - [MESSAGE][WARNING] - Timeout '0' is invalid. Using default page load timeout: '60'

2022-03-14 19:27:55 - [MESSAGE][PASSED] - Tapped on element 'Object Repository/Mobile/Page/Home/Watchlist/Detail Watchlist/Input - Target Buy Sell'

2022-03-14 19:27:55 - [TEST_STEP][PASSED] - tap(HOME_WCTL_DETL_EdtTargetBuySell, 0): Tapped on element 'Object Repository/Mobile/Page/Home/Watchlist/Detail Watchlist/Input - Target Buy Sell'

2022-03-14 19:27:55 - [MESSAGE][WARNING] - Timeout '0' is invalid. Using default page load timeout: '60'

2022-03-14 19:27:56 - [MESSAGE][PASSED] - Tapped on element 'Object Repository/Mobile/Page/Home/Watchlist/Detail Watchlist/Input - Target Buy Sell'

2022-03-14 19:27:56 - [TEST_STEP][PASSED] - delay(1): Delayed 1 second(s)

2022-03-14 19:27:57 - [MESSAGE][PASSED] - Delayed 1 second(s)

2022-03-14 19:27:57 - [TEST_STEP][PASSED] - tap(HOME_WCTL_DETL_EdtTargetPrice, 0): Tapped on element 'Object Repository/Mobile/Page/Home/Watchlist/Detail Watchlist/Input - Target Price'

2022-03-14 19:27:57 - [MESSAGE][WARNING] - Timeout '0' is invalid. Using default page load timeout: '60'

2022-03-14 19:27:58 - [MESSAGE][PASSED] - Tapped on element 'Object Repository/Mobile/Page/Home/Watchlist/Detail Watchlist/Input - Target Price'

2022-03-14 19:27:58 - [TEST_STEP][PASSED] - delay(1): Delayed 1 second(s)

2022-03-14 19:27:59 - [MESSAGE][PASSED] - Delayed 1 second(s)

2022-03-14 19:27:59 - [TEST_STEP][PASSED] - setText(HOME_WCTL_DETL_EdtTargetPrice, "100000", 0): Text '100000' has been set to element 'Object Repository/Mobile/Page/Home/Watchlist/Detail Watchlist/Input - Target Price'

2022-03-14 19:27:59 - [MESSAGE][WARNING] - Timeout '0' is invalid. Using default page load timeout: '60'

2022-03-14 19:27:59 - [MESSAGE][PASSED] - Text '100000' has been set to element 'Object Repository/Mobile/Page/Home/Watchlist/Detail Watchlist/Input - Target Price'

2022-03-14 19:27:59 - [TEST_STEP][PASSED] - hideKeyboard(): Keyboard is hidden

2022-03-14 19:28:06 - [MESSAGE][PASSED] - Keyboard is hidden

2022-03-14 19:28:06 - [TEST_STEP][PASSED] - expiry = HOME_WCTL_DETL_ContExpiryDate: null

2022-03-14 19:28:06 - [TEST_STEP][PASSED] - x2 = getElementLeftPosition(expiry, 0) + getElementWidth(expiry, 0) / 2: Object 'Object Repository/Mobile/Page/Home/Watchlist/Detail Watchlist/Container - Expiry Date' has width: '657'

2022-03-14 19:28:06 - [MESSAGE][WARNING] - Timeout '0' is invalid. Using default page load timeout: '60'

2022-03-14 19:28:06 - [MESSAGE][PASSED] - Object 'Object Repository/Mobile/Page/Home/Watchlist/Detail Watchlist/Container - Expiry Date' has left position '32'

2022-03-14 19:28:06 - [MESSAGE][WARNING] - Timeout '0' is invalid. Using default page load timeout: '60'

2022-03-14 19:28:06 - [MESSAGE][PASSED] - Object 'Object Repository/Mobile/Page/Home/Watchlist/Detail Watchlist/Container - Expiry Date' has width: '657'

2022-03-14 19:28:06 - [TEST_STEP][PASSED] - y2 = getElementTopPosition(expiry, 0) + getElementHeight(expiry, 0) * 0.8: Object 'Object Repository/Mobile/Page/Home/Watchlist/Detail Watchlist/Container - Expiry Date' has height: '161'

2022-03-14 19:28:06 - [MESSAGE][WARNING] - Timeout '0' is invalid. Using default page load timeout: '60'

2022-03-14 19:28:06 - [MESSAGE][PASSED] - Object 'Object Repository/Mobile/Page/Home/Watchlist/Detail Watchlist/Container - Expiry Date' has top position '505'

2022-03-14 19:28:06 - [MESSAGE][WARNING] - Timeout '0' is invalid. Using default page load timeout: '60'

2022-03-14 19:28:06 - [MESSAGE][PASSED] - Object 'Object Repository/Mobile/Page/Home/Watchlist/Detail Watchlist/Container - Expiry Date' has height: '161'

2022-03-14 19:28:06 - [TEST_STEP][PASSED] - tapAtPosition(x2, y2): Tapped at [360, 633]

2022-03-14 19:28:06 - [MESSAGE][PASSED] - Tapped at [360, 633]

2022-03-14 19:28:06 - [TEST_STEP][PASSED] - delay(1): Delayed 1 second(s)

2022-03-14 19:28:07 - [MESSAGE][PASSED] - Delayed 1 second(s)

2022-03-14 19:28:07 - [TEST_STEP][PASSED] - scroll.scroll.scrollScreenBottomToTop(HOME_WCTL_DETL_ScrollExpiryYear): scroll.scroll.scrollScreenBottomToTop is PASSED

2022-03-14 19:28:07 - [MESSAGE][WARNING] - Timeout '0' is invalid. Using default page load timeout: '60'

2022-03-14 19:28:08 - [MESSAGE][PASSED] - Object 'Object Repository/Mobile/Page/Home/Watchlist/Detail Watchlist/Scroll - Expiry Year' has left position '14'

2022-03-14 19:28:08 - [MESSAGE][WARNING] - Timeout '0' is invalid. Using default page load timeout: '60'

2022-03-14 19:28:08 - [MESSAGE][PASSED] - Object 'Object Repository/Mobile/Page/Home/Watchlist/Detail Watchlist/Scroll - Expiry Year' has top position '1,123'

2022-03-14 19:28:08 - [MESSAGE][WARNING] - Timeout '0' is invalid. Using default page load timeout: '60'

2022-03-14 19:28:08 - [MESSAGE][PASSED] - Object 'Object Repository/Mobile/Page/Home/Watchlist/Detail Watchlist/Scroll - Expiry Year' has width: '212'

2022-03-14 19:28:08 - [MESSAGE][WARNING] - Timeout '0' is invalid. Using default page load timeout: '60'

2022-03-14 19:28:08 - [MESSAGE][PASSED] - Object 'Object Repository/Mobile/Page/Home/Watchlist/Detail Watchlist/Scroll - Expiry Year' has height: '300'

2022-03-14 19:28:08 - [MESSAGE][PASSED] - Current device physical height is 1423

2022-03-14 19:28:09 - [MESSAGE][PASSED] - Swiped from 120,1,408 to 120,1,138

2022-03-14 19:28:09 - [MESSAGE][PASSED] - scroll.scroll.scrollScreenBottomToTop is PASSED

2022-03-14 19:28:09 - [TEST_STEP][PASSED] - delay(2): Delayed 2 second(s)

2022-03-14 19:28:11 - [MESSAGE][PASSED] - Delayed 2 second(s)

2022-03-14 19:28:11 - [TEST_STEP][PASSED] - scroll.scroll.scrollScreenBottomToTop(HOME_WCTL_DETL_ScrollExpiryMonth): scroll.scroll.scrollScreenBottomToTop is PASSED

2022-03-14 19:28:11 - [MESSAGE][WARNING] - Timeout '0' is invalid. Using default page load timeout: '60'

2022-03-14 19:28:12 - [MESSAGE][PASSED] - Object 'Object Repository/Mobile/Page/Home/Watchlist/Detail Watchlist/Scroll - Expiry Month' has left position '254'

2022-03-14 19:28:12 - [MESSAGE][WARNING] - Timeout '0' is invalid. Using default page load timeout: '60'

2022-03-14 19:28:12 - [MESSAGE][PASSED] - Object 'Object Repository/Mobile/Page/Home/Watchlist/Detail Watchlist/Scroll - Expiry Month' has top position '1,123'

2022-03-14 19:28:12 - [MESSAGE][WARNING] - Timeout '0' is invalid. Using default page load timeout: '60'

2022-03-14 19:28:12 - [MESSAGE][PASSED] - Object 'Object Repository/Mobile/Page/Home/Watchlist/Detail Watchlist/Scroll - Expiry Month' has width: '212'

2022-03-14 19:28:12 - [MESSAGE][WARNING] - Timeout '0' is invalid. Using default page load timeout: '60'

2022-03-14 19:28:12 - [MESSAGE][PASSED] - Object 'Object Repository/Mobile/Page/Home/Watchlist/Detail Watchlist/Scroll - Expiry Month' has height: '300'

2022-03-14 19:28:12 - [MESSAGE][PASSED] - Current device physical height is 1423

2022-03-14 19:28:13 - [MESSAGE][PASSED] - Swiped from 360,1,408 to 360,1,138

2022-03-14 19:28:13 - [MESSAGE][PASSED] - scroll.scroll.scrollScreenBottomToTop is PASSED

2022-03-14 19:28:13 - [TEST_STEP][PASSED] - delay(2): Delayed 2 second(s)

2022-03-14 19:28:15 - [MESSAGE][PASSED] - Delayed 2 second(s)

2022-03-14 19:28:15 - [TEST_STEP][PASSED] - tap(HOME_WCTL_DETL_BtnExpiryDone, 0): Tapped on element 'Object Repository/Mobile/Page/Home/Watchlist/Detail Watchlist/Button - Expiry Done'

2022-03-14 19:28:15 - [MESSAGE][WARNING] - Timeout '0' is invalid. Using default page load timeout: '60'

2022-03-14 19:28:16 - [MESSAGE][PASSED] - Tapped on element 'Object Repository/Mobile/Page/Home/Watchlist/Detail Watchlist/Button - Expiry Done'

2022-03-14 19:28:16 - [TEST_STEP][PASSED] - delay(1): Delayed 1 second(s)

2022-03-14 19:28:17 - [MESSAGE][PASSED] - Delayed 1 second(s)

2022-03-14 19:28:17 - [TEST_STEP][PASSED] - tap(HOME_WCTL_DETL_BtnAddWatchlist, 0): Tapped on element 'Object Repository/Mobile/Page/Home/Watchlist/Detail Watchlist/Button - Add Watchlist'

2022-03-14 19:28:17 - [MESSAGE][WARNING] - Timeout '0' is invalid. Using default page load timeout: '60'

2022-03-14 19:28:17 - [MESSAGE][PASSED] - Tapped on element 'Object Repository/Mobile/Page/Home/Watchlist/Detail Watchlist/Button - Add Watchlist'

2022-03-14 19:28:17 - [TEST_STEP][PASSED] - delay(1): Delayed 1 second(s)

2022-03-14 19:28:18 - [MESSAGE][PASSED] - Delayed 1 second(s)

2022-03-14 19:28:18 - [TEST_STEP][PASSED] - hideKeyboard(): Keyboard is hidden

2022-03-14 19:28:20 - [MESSAGE][PASSED] - Keyboard is hidden

2022-03-14 19:28:20 - [TEST_STEP][PASSED] - pressBack(): Press back button successfully

2022-03-14 19:28:20 - [MESSAGE][PASSED] - Press back button successfully

2022-03-14 19:28:20 - [TEST_STEP][PASSED] - delay(1): Delayed 1 second(s)

2022-03-14 19:28:21 - [MESSAGE][PASSED] - Delayed 1 second(s)

2022-03-14 19:28:21 - [TEST_STEP][FAILED] - try: Failed to check for element 'Object Repository/Mobile/Page/Home/Item - Top Watchlist' exist (Root cause: com.kms.katalon.core.exception.StepFailedException: Element 'Object Repository/Mobile/Page/Home/Item - Top Watchlist' not found
	at com.kms.katalon.core.keyword.internal.KeywordMain.stepFailed(KeywordMain.groovy:50)
	at com.kms.katalon.core.mobile.keyword.internal.MobileKeywordMain.stepFailed(MobileKeywordMain.groovy:40)
	at com.kms.katalon.core.mobile.keyword.builtin.VerifyElementExistKeyword$_verifyElementExist_closure1.doCall(VerifyElementExistKeyword.groovy:77)
	at com.kms.katalon.core.mobile.keyword.builtin.VerifyElementExistKeyword$_verifyElementExist_closure1.call(VerifyElementExistKeyword.groovy)
	at com.kms.katalon.core.mobile.keyword.internal.MobileKeywordMain.runKeyword(MobileKeywordMain.groovy:21)
	at com.kms.katalon.core.mobile.keyword.builtin.VerifyElementExistKeyword.verifyElementExist(VerifyElementExistKeyword.groovy:80)
	at com.kms.katalon.core.mobile.keyword.builtin.VerifyElementExistKeyword.execute(VerifyElementExistKeyword.groovy:64)
	at com.kms.katalon.core.keyword.internal.KeywordExecutor.executeKeywordForPlatform(KeywordExecutor.groovy:73)
	at com.kms.katalon.core.mobile.keyword.MobileBuiltInKeywords.verifyElementExist(MobileBuiltInKeywords.groovy:1586)
	at com.kms.katalon.core.mobile.keyword.MobileBuiltInKeywords$verifyElementExist$13.call(Unknown Source)
	at Home.run(Home:120)
	at com.kms.katalon.core.main.ScriptEngine.run(ScriptEngine.java:194)
	at com.kms.katalon.core.main.ScriptEngine.runScriptAsRawText(ScriptEngine.java:119)
	at com.kms.katalon.core.main.TestCaseExecutor.runScript(TestCaseExecutor.java:398)
	at com.kms.katalon.core.main.TestCaseExecutor.doExecute(TestCaseExecutor.java:389)
	at com.kms.katalon.core.main.TestCaseExecutor.processExecutionPhase(TestCaseExecutor.java:368)
	at com.kms.katalon.core.main.TestCaseExecutor.accessMainPhase(TestCaseExecutor.java:360)
	at com.kms.katalon.core.main.TestCaseExecutor.execute(TestCaseExecutor.java:255)
	at com.kms.katalon.core.main.TestCaseMain.runTestCase(TestCaseMain.java:114)
	at com.kms.katalon.core.keyword.builtin.CallTestCaseKeyword$_callTestCase_closure1.doCall(CallTestCaseKeyword.groovy:59)
	at com.kms.katalon.core.keyword.builtin.CallTestCaseKeyword$_callTestCase_closure1.call(CallTestCaseKeyword.groovy)
	at com.kms.katalon.core.keyword.internal.KeywordMain.runKeyword(KeywordMain.groovy:68)
	at com.kms.katalon.core.keyword.builtin.CallTestCaseKeyword.callTestCase(CallTestCaseKeyword.groovy:81)
	at com.kms.katalon.core.keyword.builtin.CallTestCaseKeyword.execute(CallTestCaseKeyword.groovy:44)
	at com.kms.katalon.core.keyword.internal.KeywordExecutor.executeKeywordForPlatform(KeywordExecutor.groovy:73)
	at com.kms.katalon.core.keyword.BuiltinKeywords.callTestCase(BuiltinKeywords.groovy:334)
	at 008 - Menghapus watchlist.run(008 - Menghapus watchlist:22)
	at com.kms.katalon.core.main.ScriptEngine.run(ScriptEngine.java:194)
	at com.kms.katalon.core.main.ScriptEngine.runScriptAsRawText(ScriptEngine.java:119)
	at com.kms.katalon.core.main.TestCaseExecutor.runScript(TestCaseExecutor.java:398)
	at com.kms.katalon.core.main.TestCaseExecutor.doExecute(TestCaseExecutor.java:389)
	at com.kms.katalon.core.main.TestCaseExecutor.processExecutionPhase(TestCaseExecutor.java:368)
	at com.kms.katalon.core.main.TestCaseExecutor.accessMainPhase(TestCaseExecutor.java:360)
	at com.kms.katalon.core.main.TestCaseExecutor.execute(TestCaseExecutor.java:255)
	at com.kms.katalon.core.main.TestSuiteExecutor.accessTestCaseMainPhase(TestSuiteExecutor.java:203)
	at com.kms.katalon.core.main.TestSuiteExecutor.accessTestSuiteMainPhase(TestSuiteExecutor.java:152)
	at com.kms.katalon.core.main.TestSuiteExecutor.execute(TestSuiteExecutor.java:95)
	at com.kms.katalon.core.main.TestCaseMain.startTestSuite(TestCaseMain.java:157)
	at com.kms.katalon.core.main.TestCaseMain$startTestSuite$0.call(Unknown Source)
	at TempTestSuite1647260194190.run(TempTestSuite1647260194190.groovy:39)
)

2022-03-14 19:28:21 - [TEST_STEP][PASSED] - itemWatchlist = HOME_ItemTopWatchlist: null

2022-03-14 19:28:21 - [TEST_STEP][PASSED] - itemWatchlistExist = verifyElementExist(itemWatchlist, 2): Element 'Object Repository/Mobile/Page/Home/Item - Top Watchlist' is exist

2022-03-14 19:28:21 - [MESSAGE][PASSED] - Element 'Object Repository/Mobile/Page/Home/Item - Top Watchlist' is exist

2022-03-14 19:28:21 - [TEST_STEP][FAILED] - while (itemWatchlistExist): Failed to check for element 'Object Repository/Mobile/Page/Home/Item - Top Watchlist' exist (Root cause: com.kms.katalon.core.exception.StepFailedException: Element 'Object Repository/Mobile/Page/Home/Item - Top Watchlist' not found
	at com.kms.katalon.core.keyword.internal.KeywordMain.stepFailed(KeywordMain.groovy:50)
	at com.kms.katalon.core.mobile.keyword.internal.MobileKeywordMain.stepFailed(MobileKeywordMain.groovy:40)
	at com.kms.katalon.core.mobile.keyword.builtin.VerifyElementExistKeyword$_verifyElementExist_closure1.doCall(VerifyElementExistKeyword.groovy:77)
	at com.kms.katalon.core.mobile.keyword.builtin.VerifyElementExistKeyword$_verifyElementExist_closure1.call(VerifyElementExistKeyword.groovy)
	at com.kms.katalon.core.mobile.keyword.internal.MobileKeywordMain.runKeyword(MobileKeywordMain.groovy:21)
	at com.kms.katalon.core.mobile.keyword.builtin.VerifyElementExistKeyword.verifyElementExist(VerifyElementExistKeyword.groovy:80)
	at com.kms.katalon.core.mobile.keyword.builtin.VerifyElementExistKeyword.execute(VerifyElementExistKeyword.groovy:64)
	at com.kms.katalon.core.keyword.internal.KeywordExecutor.executeKeywordForPlatform(KeywordExecutor.groovy:73)
	at com.kms.katalon.core.mobile.keyword.MobileBuiltInKeywords.verifyElementExist(MobileBuiltInKeywords.groovy:1586)
	at com.kms.katalon.core.mobile.keyword.MobileBuiltInKeywords$verifyElementExist$13.call(Unknown Source)
	at Home.run(Home:120)
	at com.kms.katalon.core.main.ScriptEngine.run(ScriptEngine.java:194)
	at com.kms.katalon.core.main.ScriptEngine.runScriptAsRawText(ScriptEngine.java:119)
	at com.kms.katalon.core.main.TestCaseExecutor.runScript(TestCaseExecutor.java:398)
	at com.kms.katalon.core.main.TestCaseExecutor.doExecute(TestCaseExecutor.java:389)
	at com.kms.katalon.core.main.TestCaseExecutor.processExecutionPhase(TestCaseExecutor.java:368)
	at com.kms.katalon.core.main.TestCaseExecutor.accessMainPhase(TestCaseExecutor.java:360)
	at com.kms.katalon.core.main.TestCaseExecutor.execute(TestCaseExecutor.java:255)
	at com.kms.katalon.core.main.TestCaseMain.runTestCase(TestCaseMain.java:114)
	at com.kms.katalon.core.keyword.builtin.CallTestCaseKeyword$_callTestCase_closure1.doCall(CallTestCaseKeyword.groovy:59)
	at com.kms.katalon.core.keyword.builtin.CallTestCaseKeyword$_callTestCase_closure1.call(CallTestCaseKeyword.groovy)
	at com.kms.katalon.core.keyword.internal.KeywordMain.runKeyword(KeywordMain.groovy:68)
	at com.kms.katalon.core.keyword.builtin.CallTestCaseKeyword.callTestCase(CallTestCaseKeyword.groovy:81)
	at com.kms.katalon.core.keyword.builtin.CallTestCaseKeyword.execute(CallTestCaseKeyword.groovy:44)
	at com.kms.katalon.core.keyword.internal.KeywordExecutor.executeKeywordForPlatform(KeywordExecutor.groovy:73)
	at com.kms.katalon.core.keyword.BuiltinKeywords.callTestCase(BuiltinKeywords.groovy:334)
	at 008 - Menghapus watchlist.run(008 - Menghapus watchlist:22)
	at com.kms.katalon.core.main.ScriptEngine.run(ScriptEngine.java:194)
	at com.kms.katalon.core.main.ScriptEngine.runScriptAsRawText(ScriptEngine.java:119)
	at com.kms.katalon.core.main.TestCaseExecutor.runScript(TestCaseExecutor.java:398)
	at com.kms.katalon.core.main.TestCaseExecutor.doExecute(TestCaseExecutor.java:389)
	at com.kms.katalon.core.main.TestCaseExecutor.processExecutionPhase(TestCaseExecutor.java:368)
	at com.kms.katalon.core.main.TestCaseExecutor.accessMainPhase(TestCaseExecutor.java:360)
	at com.kms.katalon.core.main.TestCaseExecutor.execute(TestCaseExecutor.java:255)
	at com.kms.katalon.core.main.TestSuiteExecutor.accessTestCaseMainPhase(TestSuiteExecutor.java:203)
	at com.kms.katalon.core.main.TestSuiteExecutor.accessTestSuiteMainPhase(TestSuiteExecutor.java:152)
	at com.kms.katalon.core.main.TestSuiteExecutor.execute(TestSuiteExecutor.java:95)
	at com.kms.katalon.core.main.TestCaseMain.startTestSuite(TestCaseMain.java:157)
	at com.kms.katalon.core.main.TestCaseMain$startTestSuite$0.call(Unknown Source)
	at TempTestSuite1647260194190.run(TempTestSuite1647260194190.groovy:39)
)

2022-03-14 19:28:21 - [TEST_STEP][PASSED] - scroll.scroll.scrollRightToLeft(itemWatchlist): scroll.scroll.scrollRightToLeft is PASSED

2022-03-14 19:28:21 - [MESSAGE][WARNING] - Timeout '0' is invalid. Using default page load timeout: '60'

2022-03-14 19:28:21 - [MESSAGE][PASSED] - Object 'Object Repository/Mobile/Page/Home/Item - Top Watchlist' has left position '67'

2022-03-14 19:28:21 - [MESSAGE][WARNING] - Timeout '0' is invalid. Using default page load timeout: '60'

2022-03-14 19:28:22 - [MESSAGE][PASSED] - Object 'Object Repository/Mobile/Page/Home/Item - Top Watchlist' has top position '744'

2022-03-14 19:28:22 - [MESSAGE][WARNING] - Timeout '0' is invalid. Using default page load timeout: '60'

2022-03-14 19:28:22 - [MESSAGE][PASSED] - Object 'Object Repository/Mobile/Page/Home/Item - Top Watchlist' has width: '587'

2022-03-14 19:28:22 - [MESSAGE][WARNING] - Timeout '0' is invalid. Using default page load timeout: '60'

2022-03-14 19:28:22 - [MESSAGE][PASSED] - Object 'Object Repository/Mobile/Page/Home/Item - Top Watchlist' has height: '91'

2022-03-14 19:28:23 - [MESSAGE][PASSED] - Swiped from 624,789 to 96,789

2022-03-14 19:28:23 - [MESSAGE][PASSED] - scroll.scroll.scrollRightToLeft is PASSED

2022-03-14 19:28:23 - [TEST_STEP][PASSED] - delay(2): Delayed 2 second(s)

2022-03-14 19:28:25 - [MESSAGE][PASSED] - Delayed 2 second(s)

2022-03-14 19:28:25 - [TEST_STEP][FAILED] - itemWatchlistExist = verifyElementExist(itemWatchlist, 2): Failed to check for element 'Object Repository/Mobile/Page/Home/Item - Top Watchlist' exist (Root cause: com.kms.katalon.core.exception.StepFailedException: Element 'Object Repository/Mobile/Page/Home/Item - Top Watchlist' not found
	at com.kms.katalon.core.keyword.internal.KeywordMain.stepFailed(KeywordMain.groovy:50)
	at com.kms.katalon.core.mobile.keyword.internal.MobileKeywordMain.stepFailed(MobileKeywordMain.groovy:40)
	at com.kms.katalon.core.mobile.keyword.builtin.VerifyElementExistKeyword$_verifyElementExist_closure1.doCall(VerifyElementExistKeyword.groovy:77)
	at com.kms.katalon.core.mobile.keyword.builtin.VerifyElementExistKeyword$_verifyElementExist_closure1.call(VerifyElementExistKeyword.groovy)
	at com.kms.katalon.core.mobile.keyword.internal.MobileKeywordMain.runKeyword(MobileKeywordMain.groovy:21)
	at com.kms.katalon.core.mobile.keyword.builtin.VerifyElementExistKeyword.verifyElementExist(VerifyElementExistKeyword.groovy:80)
	at com.kms.katalon.core.mobile.keyword.builtin.VerifyElementExistKeyword.execute(VerifyElementExistKeyword.groovy:64)
	at com.kms.katalon.core.keyword.internal.KeywordExecutor.executeKeywordForPlatform(KeywordExecutor.groovy:73)
	at com.kms.katalon.core.mobile.keyword.MobileBuiltInKeywords.verifyElementExist(MobileBuiltInKeywords.groovy:1586)
	at com.kms.katalon.core.mobile.keyword.MobileBuiltInKeywords$verifyElementExist$13.call(Unknown Source)
	at Home.run(Home:120)
	at com.kms.katalon.core.main.ScriptEngine.run(ScriptEngine.java:194)
	at com.kms.katalon.core.main.ScriptEngine.runScriptAsRawText(ScriptEngine.java:119)
	at com.kms.katalon.core.main.TestCaseExecutor.runScript(TestCaseExecutor.java:398)
	at com.kms.katalon.core.main.TestCaseExecutor.doExecute(TestCaseExecutor.java:389)
	at com.kms.katalon.core.main.TestCaseExecutor.processExecutionPhase(TestCaseExecutor.java:368)
	at com.kms.katalon.core.main.TestCaseExecutor.accessMainPhase(TestCaseExecutor.java:360)
	at com.kms.katalon.core.main.TestCaseExecutor.execute(TestCaseExecutor.java:255)
	at com.kms.katalon.core.main.TestCaseMain.runTestCase(TestCaseMain.java:114)
	at com.kms.katalon.core.keyword.builtin.CallTestCaseKeyword$_callTestCase_closure1.doCall(CallTestCaseKeyword.groovy:59)
	at com.kms.katalon.core.keyword.builtin.CallTestCaseKeyword$_callTestCase_closure1.call(CallTestCaseKeyword.groovy)
	at com.kms.katalon.core.keyword.internal.KeywordMain.runKeyword(KeywordMain.groovy:68)
	at com.kms.katalon.core.keyword.builtin.CallTestCaseKeyword.callTestCase(CallTestCaseKeyword.groovy:81)
	at com.kms.katalon.core.keyword.builtin.CallTestCaseKeyword.execute(CallTestCaseKeyword.groovy:44)
	at com.kms.katalon.core.keyword.internal.KeywordExecutor.executeKeywordForPlatform(KeywordExecutor.groovy:73)
	at com.kms.katalon.core.keyword.BuiltinKeywords.callTestCase(BuiltinKeywords.groovy:334)
	at 008 - Menghapus watchlist.run(008 - Menghapus watchlist:22)
	at com.kms.katalon.core.main.ScriptEngine.run(ScriptEngine.java:194)
	at com.kms.katalon.core.main.ScriptEngine.runScriptAsRawText(ScriptEngine.java:119)
	at com.kms.katalon.core.main.TestCaseExecutor.runScript(TestCaseExecutor.java:398)
	at com.kms.katalon.core.main.TestCaseExecutor.doExecute(TestCaseExecutor.java:389)
	at com.kms.katalon.core.main.TestCaseExecutor.processExecutionPhase(TestCaseExecutor.java:368)
	at com.kms.katalon.core.main.TestCaseExecutor.accessMainPhase(TestCaseExecutor.java:360)
	at com.kms.katalon.core.main.TestCaseExecutor.execute(TestCaseExecutor.java:255)
	at com.kms.katalon.core.main.TestSuiteExecutor.accessTestCaseMainPhase(TestSuiteExecutor.java:203)
	at com.kms.katalon.core.main.TestSuiteExecutor.accessTestSuiteMainPhase(TestSuiteExecutor.java:152)
	at com.kms.katalon.core.main.TestSuiteExecutor.execute(TestSuiteExecutor.java:95)
	at com.kms.katalon.core.main.TestCaseMain.startTestSuite(TestCaseMain.java:157)
	at com.kms.katalon.core.main.TestCaseMain$startTestSuite$0.call(Unknown Source)
	at TempTestSuite1647260194190.run(TempTestSuite1647260194190.groovy:39)
)

2022-03-14 19:28:28 - [MESSAGE][FAILED] - Element 'Object Repository/Mobile/Page/Home/Item - Top Watchlist' not found
[[ATTACHMENT|C:\\Users\\Owner\\Documents\\kerjaan\\KatalonProject\\qa_katalon_pwm\\qa_katalon_pwm\\Reports\\20220314_191629\\home\\20220314_191634\\1647260907588.png]]

2022-03-14 19:28:29 - [MESSAGE][FAILED] - Failed to check for element 'Object Repository/Mobile/Page/Home/Item - Top Watchlist' exist (Root cause: com.kms.katalon.core.exception.StepFailedException: Element 'Object Repository/Mobile/Page/Home/Item - Top Watchlist' not found
	at com.kms.katalon.core.keyword.internal.KeywordMain.stepFailed(KeywordMain.groovy:50)
	at com.kms.katalon.core.mobile.keyword.internal.MobileKeywordMain.stepFailed(MobileKeywordMain.groovy:40)
	at com.kms.katalon.core.mobile.keyword.builtin.VerifyElementExistKeyword$_verifyElementExist_closure1.doCall(VerifyElementExistKeyword.groovy:77)
	at com.kms.katalon.core.mobile.keyword.builtin.VerifyElementExistKeyword$_verifyElementExist_closure1.call(VerifyElementExistKeyword.groovy)
	at com.kms.katalon.core.mobile.keyword.internal.MobileKeywordMain.runKeyword(MobileKeywordMain.groovy:21)
	at com.kms.katalon.core.mobile.keyword.builtin.VerifyElementExistKeyword.verifyElementExist(VerifyElementExistKeyword.groovy:80)
	at com.kms.katalon.core.mobile.keyword.builtin.VerifyElementExistKeyword.execute(VerifyElementExistKeyword.groovy:64)
	at com.kms.katalon.core.keyword.internal.KeywordExecutor.executeKeywordForPlatform(KeywordExecutor.groovy:73)
	at com.kms.katalon.core.mobile.keyword.MobileBuiltInKeywords.verifyElementExist(MobileBuiltInKeywords.groovy:1586)
	at com.kms.katalon.core.mobile.keyword.MobileBuiltInKeywords$verifyElementExist$13.call(Unknown Source)
	at Home.run(Home:120)
	at com.kms.katalon.core.main.ScriptEngine.run(ScriptEngine.java:194)
	at com.kms.katalon.core.main.ScriptEngine.runScriptAsRawText(ScriptEngine.java:119)
	at com.kms.katalon.core.main.TestCaseExecutor.runScript(TestCaseExecutor.java:398)
	at com.kms.katalon.core.main.TestCaseExecutor.doExecute(TestCaseExecutor.java:389)
	at com.kms.katalon.core.main.TestCaseExecutor.processExecutionPhase(TestCaseExecutor.java:368)
	at com.kms.katalon.core.main.TestCaseExecutor.accessMainPhase(TestCaseExecutor.java:360)
	at com.kms.katalon.core.main.TestCaseExecutor.execute(TestCaseExecutor.java:255)
	at com.kms.katalon.core.main.TestCaseMain.runTestCase(TestCaseMain.java:114)
	at com.kms.katalon.core.keyword.builtin.CallTestCaseKeyword$_callTestCase_closure1.doCall(CallTestCaseKeyword.groovy:59)
	at com.kms.katalon.core.keyword.builtin.CallTestCaseKeyword$_callTestCase_closure1.call(CallTestCaseKeyword.groovy)
	at com.kms.katalon.core.keyword.internal.KeywordMain.runKeyword(KeywordMain.groovy:68)
	at com.kms.katalon.core.keyword.builtin.CallTestCaseKeyword.callTestCase(CallTestCaseKeyword.groovy:81)
	at com.kms.katalon.core.keyword.builtin.CallTestCaseKeyword.execute(CallTestCaseKeyword.groovy:44)
	at com.kms.katalon.core.keyword.internal.KeywordExecutor.executeKeywordForPlatform(KeywordExecutor.groovy:73)
	at com.kms.katalon.core.keyword.BuiltinKeywords.callTestCase(BuiltinKeywords.groovy:334)
	at 008 - Menghapus watchlist.run(008 - Menghapus watchlist:22)
	at com.kms.katalon.core.main.ScriptEngine.run(ScriptEngine.java:194)
	at com.kms.katalon.core.main.ScriptEngine.runScriptAsRawText(ScriptEngine.java:119)
	at com.kms.katalon.core.main.TestCaseExecutor.runScript(TestCaseExecutor.java:398)
	at com.kms.katalon.core.main.TestCaseExecutor.doExecute(TestCaseExecutor.java:389)
	at com.kms.katalon.core.main.TestCaseExecutor.processExecutionPhase(TestCaseExecutor.java:368)
	at com.kms.katalon.core.main.TestCaseExecutor.accessMainPhase(TestCaseExecutor.java:360)
	at com.kms.katalon.core.main.TestCaseExecutor.execute(TestCaseExecutor.java:255)
	at com.kms.katalon.core.main.TestSuiteExecutor.accessTestCaseMainPhase(TestSuiteExecutor.java:203)
	at com.kms.katalon.core.main.TestSuiteExecutor.accessTestSuiteMainPhase(TestSuiteExecutor.java:152)
	at com.kms.katalon.core.main.TestSuiteExecutor.execute(TestSuiteExecutor.java:95)
	at com.kms.katalon.core.main.TestCaseMain.startTestSuite(TestCaseMain.java:157)
	at com.kms.katalon.core.main.TestCaseMain$startTestSuite$0.call(Unknown Source)
	at TempTestSuite1647260194190.run(TempTestSuite1647260194190.groovy:39)
)
[[ATTACHMENT|C:\\Users\\Owner\\Documents\\kerjaan\\KatalonProject\\qa_katalon_pwm\\qa_katalon_pwm\\Reports\\20220314_191629\\home\\20220314_191634\\1647260908396.png]]

2022-03-14 19:28:29 - [TEST_STEP][PASSED] - catch (Exception e): null

2022-03-14 19:28:29 - [TEST_STEP][PASSED] - if (page == "notification"): null

2022-03-14 19:28:29 - [MESSAGE][PASSED] - Call Test Case 'Test Cases/Mobile/Page/Home/Home' successfully

2022-03-14 19:28:29 - [TEST_STEP][PASSED] - callTestCase(findTestCase("Mobile/Page/Run App/Terminate App"), [:], STOP_ON_FAILURE): Call Test Case 'Test Cases/Mobile/Page/Run App/Terminate App' successfully

2022-03-14 19:28:29 - [TEST_CASE][PASSED] - Test Cases/Mobile/Page/Run App/Terminate App: Test Cases/Mobile/Page/Run App/Terminate App

2022-03-14 19:28:29 - [TEST_STEP][PASSED] - startApp.OpenApp.terminateApplication(): startApp.OpenApp.terminateApplication is PASSED

2022-03-14 19:28:32 - [MESSAGE][PASSED] - Delayed 3 second(s)

2022-03-14 19:28:32 - [MESSAGE][PASSED] - Current device physical width is 720

2022-03-14 19:28:32 - [MESSAGE][PASSED] - Current device physical height is 1423

2022-03-14 19:28:34 - [MESSAGE][PASSED] - Swiped from 360,853 to 360,142

2022-03-14 19:28:35 - [MESSAGE][PASSED] - Delayed 1 second(s)

2022-03-14 19:28:36 - [MESSAGE][PASSED] - Swiped from 360,853 to 360,142

2022-03-14 19:28:39 - [MESSAGE][PASSED] - Delayed 3 second(s)

2022-03-14 19:28:39 - [MESSAGE][PASSED] - startApp.OpenApp.terminateApplication is PASSED

2022-03-14 19:28:39 - [MESSAGE][PASSED] - Call Test Case 'Test Cases/Mobile/Page/Run App/Terminate App' successfully]]></system-out>
         <system-err><![CDATA[]]></system-err>
      </testcase>
      <system-out><![CDATA[2022-03-14 19:18:19 - [TEST_SUITE][FAILED] - home: Test Cases/Mobile/Scenario/Home/005 - Melihat salah satu berita FAILED.
Reason:
com.kms.katalon.core.exception.StepFailedException: Unable to call Test Case 'Test Cases/Mobile/Page/Home/Home' (Root cause: com.kms.katalon.core.exception.StepFailedException: Call Test Case 'Test Cases/Mobile/Page/Home/Home' failed
	at com.kms.katalon.core.keyword.builtin.CallTestCaseKeyword$_callTestCase_closure1.doCall(CallTestCaseKeyword.groovy:63)
	at com.kms.katalon.core.keyword.builtin.CallTestCaseKeyword$_callTestCase_closure1.call(CallTestCaseKeyword.groovy)
	at com.kms.katalon.core.keyword.internal.KeywordMain.runKeyword(KeywordMain.groovy:68)
	at com.kms.katalon.core.keyword.builtin.CallTestCaseKeyword.callTestCase(CallTestCaseKeyword.groovy:81)
	at com.kms.katalon.core.keyword.builtin.CallTestCaseKeyword.execute(CallTestCaseKeyword.groovy:44)
	at com.kms.katalon.core.keyword.internal.KeywordExecutor.executeKeywordForPlatform(KeywordExecutor.groovy:73)
	at com.kms.katalon.core.keyword.BuiltinKeywords.callTestCase(BuiltinKeywords.groovy:334)
	at 005 - Melihat salah satu berita.run(005 - Melihat salah satu berita:22)
	at com.kms.katalon.core.main.ScriptEngine.run(ScriptEngine.java:194)
	at com.kms.katalon.core.main.ScriptEngine.runScriptAsRawText(ScriptEngine.java:119)
	at com.kms.katalon.core.main.TestCaseExecutor.runScript(TestCaseExecutor.java:398)
	at com.kms.katalon.core.main.TestCaseExecutor.doExecute(TestCaseExecutor.java:389)
	at com.kms.katalon.core.main.TestCaseExecutor.processExecutionPhase(TestCaseExecutor.java:368)
	at com.kms.katalon.core.main.TestCaseExecutor.accessMainPhase(TestCaseExecutor.java:360)
	at com.kms.katalon.core.main.TestCaseExecutor.execute(TestCaseExecutor.java:255)
	at com.kms.katalon.core.main.TestSuiteExecutor.accessTestCaseMainPhase(TestSuiteExecutor.java:203)
	at com.kms.katalon.core.main.TestSuiteExecutor.accessTestSuiteMainPhase(TestSuiteExecutor.java:152)
	at com.kms.katalon.core.main.TestSuiteExecutor.execute(TestSuiteExecutor.java:95)
	at com.kms.katalon.core.main.TestCaseMain.startTestSuite(TestCaseMain.java:157)
	at com.kms.katalon.core.main.TestCaseMain$startTestSuite$0.call(Unknown Source)
	at TempTestSuite1647260194190.run(TempTestSuite1647260194190.groovy:39)
Caused by: com.kms.katalon.core.exception.StepFailedException: Object Object Repository/Mobile/Page/Home/Item - Top Latest News not found
	at com.kms.katalon.core.mobile.helper.MobileElementCommonHelper.findElementWithCheck(MobileElementCommonHelper.java:159)
	at com.kms.katalon.core.mobile.helper.MobileElementCommonHelper.tapAndHold(MobileElementCommonHelper.java:103)
	at com.kms.katalon.core.mobile.keyword.builtin.TapAndHoldKeyword$_tapAndHold_closure1.doCall(TapAndHoldKeyword.groovy:71)
	at com.kms.katalon.core.mobile.keyword.builtin.TapAndHoldKeyword$_tapAndHold_closure1.call(TapAndHoldKeyword.groovy)
	at com.kms.katalon.core.mobile.keyword.internal.MobileKeywordMain.runKeyword(MobileKeywordMain.groovy:21)
	at com.kms.katalon.core.mobile.keyword.builtin.TapAndHoldKeyword.tapAndHold(TapAndHoldKeyword.groovy:72)
	at com.kms.katalon.core.mobile.keyword.builtin.TapAndHoldKeyword.execute(TapAndHoldKeyword.groovy:65)
	at com.kms.katalon.core.keyword.internal.KeywordExecutor.executeKeywordForPlatform(KeywordExecutor.groovy:73)
	at com.kms.katalon.core.mobile.keyword.MobileBuiltInKeywords.tapAndHold(MobileBuiltInKeywords.groovy:1435)
	at com.kms.katalon.core.mobile.keyword.MobileBuiltInKeywords$tapAndHold$14.call(Unknown Source)
	at Home.run(Home:208)
	at com.kms.katalon.core.main.ScriptEngine.run(ScriptEngine.java:194)
	at com.kms.katalon.core.main.ScriptEngine.runScriptAsRawText(ScriptEngine.java:119)
	at com.kms.katalon.core.main.TestCaseExecutor.runScript(TestCaseExecutor.java:398)
	at com.kms.katalon.core.main.TestCaseExecutor.doExecute(TestCaseExecutor.java:389)
	at com.kms.katalon.core.main.TestCaseExecutor.processExecutionPhase(TestCaseExecutor.java:368)
	at com.kms.katalon.core.main.TestCaseExecutor.accessMainPhase(TestCaseExecutor.java:360)
	at com.kms.katalon.core.main.TestCaseExecutor.execute(TestCaseExecutor.java:255)
	at com.kms.katalon.core.main.TestCaseMain.runTestCase(TestCaseMain.java:114)
	at com.kms.katalon.core.keyword.builtin.CallTestCaseKeyword$_callTestCase_closure1.doCall(CallTestCaseKeyword.groovy:59)
	... 20 more
)
	at com.kms.katalon.core.keyword.internal.KeywordMain.stepFailed(KeywordMain.groovy:39)
	at com.kms.katalon.core.keyword.internal.KeywordMain.stepFailed(KeywordMain.groovy)
	at com.kms.katalon.core.keyword.internal.KeywordMain.runKeyword(KeywordMain.groovy:70)
	at com.kms.katalon.core.keyword.builtin.CallTestCaseKeyword.callTestCase(CallTestCaseKeyword.groovy:81)
	at com.kms.katalon.core.keyword.builtin.CallTestCaseKeyword.execute(CallTestCaseKeyword.groovy:44)
	at com.kms.katalon.core.keyword.internal.KeywordExecutor.executeKeywordForPlatform(KeywordExecutor.groovy:73)
	at com.kms.katalon.core.keyword.BuiltinKeywords.callTestCase(BuiltinKeywords.groovy:334)
	at 005 - Melihat salah satu berita.run(005 - Melihat salah satu berita:22)
	at com.kms.katalon.core.main.ScriptEngine.run(ScriptEngine.java:194)
	at com.kms.katalon.core.main.ScriptEngine.runScriptAsRawText(ScriptEngine.java:119)
	at com.kms.katalon.core.main.TestCaseExecutor.runScript(TestCaseExecutor.java:398)
	at com.kms.katalon.core.main.TestCaseExecutor.doExecute(TestCaseExecutor.java:389)
	at com.kms.katalon.core.main.TestCaseExecutor.processExecutionPhase(TestCaseExecutor.java:368)
	at com.kms.katalon.core.main.TestCaseExecutor.accessMainPhase(TestCaseExecutor.java:360)
	at com.kms.katalon.core.main.TestCaseExecutor.execute(TestCaseExecutor.java:255)
	at com.kms.katalon.core.main.TestSuiteExecutor.accessTestCaseMainPhase(TestSuiteExecutor.java:203)
	at com.kms.katalon.core.main.TestSuiteExecutor.accessTestSuiteMainPhase(TestSuiteExecutor.java:152)
	at com.kms.katalon.core.main.TestSuiteExecutor.execute(TestSuiteExecutor.java:95)
	at com.kms.katalon.core.main.TestCaseMain.startTestSuite(TestCaseMain.java:157)
	at com.kms.katalon.core.main.TestCaseMain$startTestSuite$0.call(Unknown Source)
	at TempTestSuite1647260194190.run(TempTestSuite1647260194190.groovy:39)
Caused by: com.kms.katalon.core.exception.StepFailedException: Call Test Case 'Test Cases/Mobile/Page/Home/Home' failed
	at com.kms.katalon.core.keyword.builtin.CallTestCaseKeyword$_callTestCase_closure1.doCall(CallTestCaseKeyword.groovy:63)
	at com.kms.katalon.core.keyword.builtin.CallTestCaseKeyword$_callTestCase_closure1.call(CallTestCaseKeyword.groovy)
	at com.kms.katalon.core.keyword.internal.KeywordMain.runKeyword(KeywordMain.groovy:68)
	... 18 more
Caused by: com.kms.katalon.core.exception.StepFailedException: Object Object Repository/Mobile/Page/Home/Item - Top Latest News not found
	at com.kms.katalon.core.mobile.helper.MobileElementCommonHelper.findElementWithCheck(MobileElementCommonHelper.java:159)
	at com.kms.katalon.core.mobile.helper.MobileElementCommonHelper.tapAndHold(MobileElementCommonHelper.java:103)
	at com.kms.katalon.core.mobile.keyword.builtin.TapAndHoldKeyword$_tapAndHold_closure1.doCall(TapAndHoldKeyword.groovy:71)
	at com.kms.katalon.core.mobile.keyword.builtin.TapAndHoldKeyword$_tapAndHold_closure1.call(TapAndHoldKeyword.groovy)
	at com.kms.katalon.core.mobile.keyword.internal.MobileKeywordMain.runKeyword(MobileKeywordMain.groovy:21)
	at com.kms.katalon.core.mobile.keyword.builtin.TapAndHoldKeyword.tapAndHold(TapAndHoldKeyword.groovy:72)
	at com.kms.katalon.core.mobile.keyword.builtin.TapAndHoldKeyword.execute(TapAndHoldKeyword.groovy:65)
	at com.kms.katalon.core.keyword.internal.KeywordExecutor.executeKeywordForPlatform(KeywordExecutor.groovy:73)
	at com.kms.katalon.core.mobile.keyword.MobileBuiltInKeywords.tapAndHold(MobileBuiltInKeywords.groovy:1435)
	at com.kms.katalon.core.mobile.keyword.MobileBuiltInKeywords$tapAndHold$14.call(Unknown Source)
	at Home.run(Home:208)
	at com.kms.katalon.core.main.ScriptEngine.run(ScriptEngine.java:194)
	at com.kms.katalon.core.main.ScriptEngine.runScriptAsRawText(ScriptEngine.java:119)
	at com.kms.katalon.core.main.TestCaseExecutor.runScript(TestCaseExecutor.java:398)
	at com.kms.katalon.core.main.TestCaseExecutor.doExecute(TestCaseExecutor.java:389)
	at com.kms.katalon.core.main.TestCaseExecutor.processExecutionPhase(TestCaseExecutor.java:368)
	at com.kms.katalon.core.main.TestCaseExecutor.accessMainPhase(TestCaseExecutor.java:360)
	at com.kms.katalon.core.main.TestCaseExecutor.execute(TestCaseExecutor.java:255)
	at com.kms.katalon.core.main.TestCaseMain.runTestCase(TestCaseMain.java:114)
	at com.kms.katalon.core.keyword.builtin.CallTestCaseKeyword$_callTestCase_closure1.doCall(CallTestCaseKeyword.groovy:59)
	... 20 more]]></system-out>
      <system-err><![CDATA[2022-03-14 19:18:19 - [TEST_SUITE][FAILED] - home: Test Cases/Mobile/Scenario/Home/005 - Melihat salah satu berita FAILED.
Reason:
com.kms.katalon.core.exception.StepFailedException: Unable to call Test Case 'Test Cases/Mobile/Page/Home/Home' (Root cause: com.kms.katalon.core.exception.StepFailedException: Call Test Case 'Test Cases/Mobile/Page/Home/Home' failed
	at com.kms.katalon.core.keyword.builtin.CallTestCaseKeyword$_callTestCase_closure1.doCall(CallTestCaseKeyword.groovy:63)
	at com.kms.katalon.core.keyword.builtin.CallTestCaseKeyword$_callTestCase_closure1.call(CallTestCaseKeyword.groovy)
	at com.kms.katalon.core.keyword.internal.KeywordMain.runKeyword(KeywordMain.groovy:68)
	at com.kms.katalon.core.keyword.builtin.CallTestCaseKeyword.callTestCase(CallTestCaseKeyword.groovy:81)
	at com.kms.katalon.core.keyword.builtin.CallTestCaseKeyword.execute(CallTestCaseKeyword.groovy:44)
	at com.kms.katalon.core.keyword.internal.KeywordExecutor.executeKeywordForPlatform(KeywordExecutor.groovy:73)
	at com.kms.katalon.core.keyword.BuiltinKeywords.callTestCase(BuiltinKeywords.groovy:334)
	at 005 - Melihat salah satu berita.run(005 - Melihat salah satu berita:22)
	at com.kms.katalon.core.main.ScriptEngine.run(ScriptEngine.java:194)
	at com.kms.katalon.core.main.ScriptEngine.runScriptAsRawText(ScriptEngine.java:119)
	at com.kms.katalon.core.main.TestCaseExecutor.runScript(TestCaseExecutor.java:398)
	at com.kms.katalon.core.main.TestCaseExecutor.doExecute(TestCaseExecutor.java:389)
	at com.kms.katalon.core.main.TestCaseExecutor.processExecutionPhase(TestCaseExecutor.java:368)
	at com.kms.katalon.core.main.TestCaseExecutor.accessMainPhase(TestCaseExecutor.java:360)
	at com.kms.katalon.core.main.TestCaseExecutor.execute(TestCaseExecutor.java:255)
	at com.kms.katalon.core.main.TestSuiteExecutor.accessTestCaseMainPhase(TestSuiteExecutor.java:203)
	at com.kms.katalon.core.main.TestSuiteExecutor.accessTestSuiteMainPhase(TestSuiteExecutor.java:152)
	at com.kms.katalon.core.main.TestSuiteExecutor.execute(TestSuiteExecutor.java:95)
	at com.kms.katalon.core.main.TestCaseMain.startTestSuite(TestCaseMain.java:157)
	at com.kms.katalon.core.main.TestCaseMain$startTestSuite$0.call(Unknown Source)
	at TempTestSuite1647260194190.run(TempTestSuite1647260194190.groovy:39)
Caused by: com.kms.katalon.core.exception.StepFailedException: Object Object Repository/Mobile/Page/Home/Item - Top Latest News not found
	at com.kms.katalon.core.mobile.helper.MobileElementCommonHelper.findElementWithCheck(MobileElementCommonHelper.java:159)
	at com.kms.katalon.core.mobile.helper.MobileElementCommonHelper.tapAndHold(MobileElementCommonHelper.java:103)
	at com.kms.katalon.core.mobile.keyword.builtin.TapAndHoldKeyword$_tapAndHold_closure1.doCall(TapAndHoldKeyword.groovy:71)
	at com.kms.katalon.core.mobile.keyword.builtin.TapAndHoldKeyword$_tapAndHold_closure1.call(TapAndHoldKeyword.groovy)
	at com.kms.katalon.core.mobile.keyword.internal.MobileKeywordMain.runKeyword(MobileKeywordMain.groovy:21)
	at com.kms.katalon.core.mobile.keyword.builtin.TapAndHoldKeyword.tapAndHold(TapAndHoldKeyword.groovy:72)
	at com.kms.katalon.core.mobile.keyword.builtin.TapAndHoldKeyword.execute(TapAndHoldKeyword.groovy:65)
	at com.kms.katalon.core.keyword.internal.KeywordExecutor.executeKeywordForPlatform(KeywordExecutor.groovy:73)
	at com.kms.katalon.core.mobile.keyword.MobileBuiltInKeywords.tapAndHold(MobileBuiltInKeywords.groovy:1435)
	at com.kms.katalon.core.mobile.keyword.MobileBuiltInKeywords$tapAndHold$14.call(Unknown Source)
	at Home.run(Home:208)
	at com.kms.katalon.core.main.ScriptEngine.run(ScriptEngine.java:194)
	at com.kms.katalon.core.main.ScriptEngine.runScriptAsRawText(ScriptEngine.java:119)
	at com.kms.katalon.core.main.TestCaseExecutor.runScript(TestCaseExecutor.java:398)
	at com.kms.katalon.core.main.TestCaseExecutor.doExecute(TestCaseExecutor.java:389)
	at com.kms.katalon.core.main.TestCaseExecutor.processExecutionPhase(TestCaseExecutor.java:368)
	at com.kms.katalon.core.main.TestCaseExecutor.accessMainPhase(TestCaseExecutor.java:360)
	at com.kms.katalon.core.main.TestCaseExecutor.execute(TestCaseExecutor.java:255)
	at com.kms.katalon.core.main.TestCaseMain.runTestCase(TestCaseMain.java:114)
	at com.kms.katalon.core.keyword.builtin.CallTestCaseKeyword$_callTestCase_closure1.doCall(CallTestCaseKeyword.groovy:59)
	... 20 more
)
	at com.kms.katalon.core.keyword.internal.KeywordMain.stepFailed(KeywordMain.groovy:39)
	at com.kms.katalon.core.keyword.internal.KeywordMain.stepFailed(KeywordMain.groovy)
	at com.kms.katalon.core.keyword.internal.KeywordMain.runKeyword(KeywordMain.groovy:70)
	at com.kms.katalon.core.keyword.builtin.CallTestCaseKeyword.callTestCase(CallTestCaseKeyword.groovy:81)
	at com.kms.katalon.core.keyword.builtin.CallTestCaseKeyword.execute(CallTestCaseKeyword.groovy:44)
	at com.kms.katalon.core.keyword.internal.KeywordExecutor.executeKeywordForPlatform(KeywordExecutor.groovy:73)
	at com.kms.katalon.core.keyword.BuiltinKeywords.callTestCase(BuiltinKeywords.groovy:334)
	at 005 - Melihat salah satu berita.run(005 - Melihat salah satu berita:22)
	at com.kms.katalon.core.main.ScriptEngine.run(ScriptEngine.java:194)
	at com.kms.katalon.core.main.ScriptEngine.runScriptAsRawText(ScriptEngine.java:119)
	at com.kms.katalon.core.main.TestCaseExecutor.runScript(TestCaseExecutor.java:398)
	at com.kms.katalon.core.main.TestCaseExecutor.doExecute(TestCaseExecutor.java:389)
	at com.kms.katalon.core.main.TestCaseExecutor.processExecutionPhase(TestCaseExecutor.java:368)
	at com.kms.katalon.core.main.TestCaseExecutor.accessMainPhase(TestCaseExecutor.java:360)
	at com.kms.katalon.core.main.TestCaseExecutor.execute(TestCaseExecutor.java:255)
	at com.kms.katalon.core.main.TestSuiteExecutor.accessTestCaseMainPhase(TestSuiteExecutor.java:203)
	at com.kms.katalon.core.main.TestSuiteExecutor.accessTestSuiteMainPhase(TestSuiteExecutor.java:152)
	at com.kms.katalon.core.main.TestSuiteExecutor.execute(TestSuiteExecutor.java:95)
	at com.kms.katalon.core.main.TestCaseMain.startTestSuite(TestCaseMain.java:157)
	at com.kms.katalon.core.main.TestCaseMain$startTestSuite$0.call(Unknown Source)
	at TempTestSuite1647260194190.run(TempTestSuite1647260194190.groovy:39)
Caused by: com.kms.katalon.core.exception.StepFailedException: Call Test Case 'Test Cases/Mobile/Page/Home/Home' failed
	at com.kms.katalon.core.keyword.builtin.CallTestCaseKeyword$_callTestCase_closure1.doCall(CallTestCaseKeyword.groovy:63)
	at com.kms.katalon.core.keyword.builtin.CallTestCaseKeyword$_callTestCase_closure1.call(CallTestCaseKeyword.groovy)
	at com.kms.katalon.core.keyword.internal.KeywordMain.runKeyword(KeywordMain.groovy:68)
	... 18 more
Caused by: com.kms.katalon.core.exception.StepFailedException: Object Object Repository/Mobile/Page/Home/Item - Top Latest News not found
	at com.kms.katalon.core.mobile.helper.MobileElementCommonHelper.findElementWithCheck(MobileElementCommonHelper.java:159)
	at com.kms.katalon.core.mobile.helper.MobileElementCommonHelper.tapAndHold(MobileElementCommonHelper.java:103)
	at com.kms.katalon.core.mobile.keyword.builtin.TapAndHoldKeyword$_tapAndHold_closure1.doCall(TapAndHoldKeyword.groovy:71)
	at com.kms.katalon.core.mobile.keyword.builtin.TapAndHoldKeyword$_tapAndHold_closure1.call(TapAndHoldKeyword.groovy)
	at com.kms.katalon.core.mobile.keyword.internal.MobileKeywordMain.runKeyword(MobileKeywordMain.groovy:21)
	at com.kms.katalon.core.mobile.keyword.builtin.TapAndHoldKeyword.tapAndHold(TapAndHoldKeyword.groovy:72)
	at com.kms.katalon.core.mobile.keyword.builtin.TapAndHoldKeyword.execute(TapAndHoldKeyword.groovy:65)
	at com.kms.katalon.core.keyword.internal.KeywordExecutor.executeKeywordForPlatform(KeywordExecutor.groovy:73)
	at com.kms.katalon.core.mobile.keyword.MobileBuiltInKeywords.tapAndHold(MobileBuiltInKeywords.groovy:1435)
	at com.kms.katalon.core.mobile.keyword.MobileBuiltInKeywords$tapAndHold$14.call(Unknown Source)
	at Home.run(Home:208)
	at com.kms.katalon.core.main.ScriptEngine.run(ScriptEngine.java:194)
	at com.kms.katalon.core.main.ScriptEngine.runScriptAsRawText(ScriptEngine.java:119)
	at com.kms.katalon.core.main.TestCaseExecutor.runScript(TestCaseExecutor.java:398)
	at com.kms.katalon.core.main.TestCaseExecutor.doExecute(TestCaseExecutor.java:389)
	at com.kms.katalon.core.main.TestCaseExecutor.processExecutionPhase(TestCaseExecutor.java:368)
	at com.kms.katalon.core.main.TestCaseExecutor.accessMainPhase(TestCaseExecutor.java:360)
	at com.kms.katalon.core.main.TestCaseExecutor.execute(TestCaseExecutor.java:255)
	at com.kms.katalon.core.main.TestCaseMain.runTestCase(TestCaseMain.java:114)
	at com.kms.katalon.core.keyword.builtin.CallTestCaseKeyword$_callTestCase_closure1.doCall(CallTestCaseKeyword.groovy:59)
	... 20 more]]></system-err>
   </testsuite>
</testsuites>
