<?xml version="1.0" encoding="UTF-8"?>
<testsuites name="login" time="298.41" tests="5" failures="0" skips="0" errors="0">
   <testsuite name="login" tests="5" failures="0" errors="0" time="298.41" skips="0" timestamp="2022-03-01 15:01:16" hostname="Owner - aldy-tft" id="Test Suites/login">
      <properties>
         <property name="deviceName" value="samsung SM-A205F (Android 11)"/>
         <property name="devicePlatform" value=""/>
         <property name="logFolder" value="C:\\Users\\Owner\\Documents\\kerjaan\\KatalonProject\\qa_katalon_pwm\\qa_katalon_pwm\\Reports\\20220301_145131\\login\\20220301_145139"/>
         <property name="logFiles" value="C:\\Users\\Owner\\Documents\\kerjaan\\KatalonProject\\qa_katalon_pwm\\qa_katalon_pwm\\Reports\\20220301_145131\\login\\20220301_145139\\appium.log, C:\\Users\\Owner\\Documents\\kerjaan\\KatalonProject\\qa_katalon_pwm\\qa_katalon_pwm\\Reports\\20220301_145131\\login\\20220301_145139\\execution0.log"/>
         <property name="attachments" value=""/>
         <property name="hostName" value="Owner - aldy-tft"/>
         <property name="os" value="Windows 10 64bit"/>
         <property name="appiumServerStatus" value="{&quot;value&quot;:{&quot;build&quot;:{&quot;version&quot;:&quot;1.22.0&quot;}},&quot;sessionId&quot;:null,&quot;status&quot;:0}"/>
         <property name="katalonVersion" value="7.9.1.208"/>
         <property name="deviceOS" value="Android"/>
         <property name="appiumVersion" value="1.22.0"/>
         <property name="deviceModel" value="SM-A205F"/>
         <property name="hostAddress" value="192.168.100.14"/>
         <property name="deviceManufacturer" value="samsung"/>
         <property name="deviceId" value="RR8M40C9AXE"/>
         <property name="deviceName" value="samsung SM-A205F (Android 11)"/>
         <property name="deviceOSVersion" value="11"/>
      </properties>
      <testcase name="Test Cases/Mobile/Scenario/Login/001 - Login dengan username" time="88.217" classname="Test Cases/Mobile/Scenario/Login/001 - Login dengan username" status="PASSED">
         <system-out><![CDATA[2022-03-01 15:01:18 - [TEST_CASE][PASSED] - Test Cases/Mobile/Scenario/Login/001 - Login dengan username: Test Cases/Mobile/Scenario/Login/001 - Login dengan username

2022-03-01 15:01:19 - [TEST_STEP][PASSED] - callTestCase(findTestCase("Mobile/Page/Run App/Run App byID"), [:], STOP_ON_FAILURE): Call Test Case 'Test Cases/Mobile/Page/Run App/Run App byID' successfully

2022-03-01 15:01:19 - [TEST_CASE][PASSED] - Test Cases/Mobile/Page/Run App/Run App byID: Test Cases/Mobile/Page/Run App/Run App byID

2022-03-01 15:01:20 - [TEST_STEP][PASSED] - startApp.OpenApp.startApplication("id.co.miraeasset.sageclub"): startApp.OpenApp.startApplication is PASSED

2022-03-01 15:01:23 - [MESSAGE][INFO] - Appium server started on port 50,935

2022-03-01 15:01:41 - [MESSAGE][PASSED] - Starting app with application ID: 'id.co.miraeasset.sageclub'

2022-03-01 15:01:41 - [MESSAGE][PASSED] - startApp.OpenApp.startApplication is PASSED

2022-03-01 15:01:41 - [MESSAGE][PASSED] - Call Test Case 'Test Cases/Mobile/Page/Run App/Run App byID' successfully

2022-03-01 15:01:41 - [TEST_STEP][PASSED] - callTestCase(findTestCase("Mobile/Page/Login/Login"), ["action":"username"], CONTINUE_ON_FAILURE): Call Test Case 'Test Cases/Mobile/Page/Login/Login' successfully

2022-03-01 15:01:41 - [TEST_CASE][PASSED] - Test Cases/Mobile/Page/Login/Login: Test Cases/Mobile/Page/Login/Login

2022-03-01 15:01:42 - [TEST_STEP][PASSED] - delay(2): Delayed 2 second(s)

2022-03-01 15:01:44 - [MESSAGE][PASSED] - Delayed 2 second(s)

2022-03-01 15:01:44 - [TEST_STEP][PASSED] - for ([i = 0, i < 1, (i++)]): null

2022-03-01 15:01:44 - [TEST_STEP][PASSED] - if (action == "username"): null

2022-03-01 15:01:44 - [TEST_STEP][PASSED] - tap(LOGN_EdtUserID, 0): Tapped on element 'Object Repository/Mobile/Page/Login/Input - UserID'

2022-03-01 15:01:44 - [MESSAGE][WARNING] - Test object with id 'Object Repository/Mobile/Page/Analysis/Button - Open With Just Once' does not exist

2022-03-01 15:01:44 - [MESSAGE][WARNING] - Test object with id 'Object Repository/Mobile/Page/Analysis/Button - Search' does not exist

2022-03-01 15:01:47 - [MESSAGE][WARNING] - Test object with id 'Object Repository/Mobile/Page/Home/Button -  Add Watchlist' does not exist

2022-03-01 15:01:48 - [MESSAGE][WARNING] - Test object with id 'Object Repository/Mobile/Page/Home/Button - Open with Just Once' does not exist

2022-03-01 15:01:48 - [MESSAGE][WARNING] - Test object with id 'Object Repository/Mobile/Page/Home/Container - Notification' does not exist

2022-03-01 15:01:49 - [MESSAGE][WARNING] - Test object with id 'Object Repository/Mobile/Page/Home/Watchlist/Input - Search' does not exist

2022-03-01 15:01:49 - [MESSAGE][WARNING] - Test object with id 'Object Repository/Mobile/Page/Home/Watchlist/Item - Top Search' does not exist

2022-03-01 15:01:49 - [MESSAGE][WARNING] - Test object with id 'Object Repository/Mobile/Page/Home/Watchlist/Detail Watchlist/Input - Expiry Date' does not exist

2022-03-01 15:01:50 - [MESSAGE][WARNING] - Test object with id 'Object Repository/Mobile/Page/Home/Watchlist/Detail Watchlist/Item - Watchlist' does not exist

2022-03-01 15:01:51 - [MESSAGE][WARNING] - Test object with id 'Object Repository/Mobile/Page/NavigationMenu/Button - Open Just Once' does not exist

2022-03-01 15:01:51 - [MESSAGE][WARNING] - Test object with id 'Object Repository/Mobile/Page/NavigationMenu/Container - Logout' does not exist

2022-03-01 15:01:58 - [MESSAGE][WARNING] - Test object with id 'Object Repository/Mobile/Page/Analysis/Button - Open With Just Once' does not exist

2022-03-01 15:01:58 - [MESSAGE][WARNING] - Test object with id 'Object Repository/Mobile/Page/Analysis/Button - Search' does not exist

2022-03-01 15:02:01 - [MESSAGE][WARNING] - Test object with id 'Object Repository/Mobile/Page/Home/Button -  Add Watchlist' does not exist

2022-03-01 15:02:01 - [MESSAGE][WARNING] - Test object with id 'Object Repository/Mobile/Page/Home/Button - Open with Just Once' does not exist

2022-03-01 15:02:01 - [MESSAGE][WARNING] - Test object with id 'Object Repository/Mobile/Page/Home/Container - Notification' does not exist

2022-03-01 15:02:02 - [MESSAGE][WARNING] - Test object with id 'Object Repository/Mobile/Page/Home/Watchlist/Input - Search' does not exist

2022-03-01 15:02:02 - [MESSAGE][WARNING] - Test object with id 'Object Repository/Mobile/Page/Home/Watchlist/Item - Top Search' does not exist

2022-03-01 15:02:02 - [MESSAGE][WARNING] - Test object with id 'Object Repository/Mobile/Page/Home/Watchlist/Detail Watchlist/Input - Expiry Date' does not exist

2022-03-01 15:02:03 - [MESSAGE][WARNING] - Test object with id 'Object Repository/Mobile/Page/Home/Watchlist/Detail Watchlist/Item - Watchlist' does not exist

2022-03-01 15:02:04 - [MESSAGE][WARNING] - Test object with id 'Object Repository/Mobile/Page/NavigationMenu/Button - Open Just Once' does not exist

2022-03-01 15:02:04 - [MESSAGE][WARNING] - Test object with id 'Object Repository/Mobile/Page/NavigationMenu/Container - Logout' does not exist

2022-03-01 15:02:14 - [MESSAGE][WARNING] - Timeout '0' is invalid. Using default page load timeout: '60'

2022-03-01 15:02:15 - [MESSAGE][PASSED] - Tapped on element 'Object Repository/Mobile/Page/Login/Input - UserID'

2022-03-01 15:02:15 - [TEST_STEP][PASSED] - delay(1): Delayed 1 second(s)

2022-03-01 15:02:16 - [MESSAGE][PASSED] - Delayed 1 second(s)

2022-03-01 15:02:16 - [TEST_STEP][PASSED] - setText(LOGN_EdtRdyUserID, "anggaaditya", 0): Text 'anggaaditya' has been set to element 'Object Repository/Mobile/Page/Login/Input Rdy - UserID'

2022-03-01 15:02:16 - [MESSAGE][WARNING] - Timeout '0' is invalid. Using default page load timeout: '60'

2022-03-01 15:02:17 - [MESSAGE][PASSED] - Text 'anggaaditya' has been set to element 'Object Repository/Mobile/Page/Login/Input Rdy - UserID'

2022-03-01 15:02:17 - [TEST_STEP][PASSED] - delay(1): Delayed 1 second(s)

2022-03-01 15:02:18 - [MESSAGE][PASSED] - Delayed 1 second(s)

2022-03-01 15:02:18 - [TEST_STEP][PASSED] - hideKeyboard(): Keyboard is hidden

2022-03-01 15:02:22 - [MESSAGE][PASSED] - Keyboard is hidden

2022-03-01 15:02:22 - [TEST_STEP][PASSED] - tap(LOGN_EdtPassword, 0): Tapped on element 'Object Repository/Mobile/Page/Login/Input - Password'

2022-03-01 15:02:22 - [MESSAGE][WARNING] - Timeout '0' is invalid. Using default page load timeout: '60'

2022-03-01 15:02:22 - [MESSAGE][PASSED] - Tapped on element 'Object Repository/Mobile/Page/Login/Input - Password'

2022-03-01 15:02:22 - [TEST_STEP][PASSED] - delay(1): Delayed 1 second(s)

2022-03-01 15:02:23 - [MESSAGE][PASSED] - Delayed 1 second(s)

2022-03-01 15:02:23 - [TEST_STEP][PASSED] - setText(LOGN_EdtRdyPassword, "Shalawa18", 0): Text 'Shalawa18' has been set to element 'Object Repository/Mobile/Page/Login/Input Rdy - Password'

2022-03-01 15:02:23 - [MESSAGE][WARNING] - Timeout '0' is invalid. Using default page load timeout: '60'

2022-03-01 15:02:24 - [MESSAGE][PASSED] - Text 'Shalawa18' has been set to element 'Object Repository/Mobile/Page/Login/Input Rdy - Password'

2022-03-01 15:02:24 - [TEST_STEP][PASSED] - delay(1): Delayed 1 second(s)

2022-03-01 15:02:25 - [MESSAGE][PASSED] - Delayed 1 second(s)

2022-03-01 15:02:25 - [TEST_STEP][PASSED] - hideKeyboard(): Keyboard is hidden

2022-03-01 15:02:31 - [MESSAGE][PASSED] - Keyboard is hidden

2022-03-01 15:02:32 - [TEST_STEP][PASSED] - tap(LOGN_BtnLogin, 0): Tapped on element 'Object Repository/Mobile/Page/Login/Button - Login'

2022-03-01 15:02:32 - [MESSAGE][WARNING] - Timeout '0' is invalid. Using default page load timeout: '60'

2022-03-01 15:02:32 - [MESSAGE][PASSED] - Tapped on element 'Object Repository/Mobile/Page/Login/Button - Login'

2022-03-01 15:02:32 - [TEST_STEP][PASSED] - delay(2): Delayed 2 second(s)

2022-03-01 15:02:34 - [MESSAGE][PASSED] - Delayed 2 second(s)

2022-03-01 15:02:34 - [TEST_STEP][PASSED] - break: null

2022-03-01 15:02:34 - [MESSAGE][PASSED] - Call Test Case 'Test Cases/Mobile/Page/Login/Login' successfully

2022-03-01 15:02:34 - [TEST_STEP][PASSED] - callTestCase(findTestCase("Mobile/Page/Run App/Terminate App"), [:], STOP_ON_FAILURE): Call Test Case 'Test Cases/Mobile/Page/Run App/Terminate App' successfully

2022-03-01 15:02:35 - [TEST_CASE][PASSED] - Test Cases/Mobile/Page/Run App/Terminate App: Test Cases/Mobile/Page/Run App/Terminate App

2022-03-01 15:02:35 - [TEST_STEP][PASSED] - startApp.OpenApp.terminateApplication(): startApp.OpenApp.terminateApplication is PASSED

2022-03-01 15:02:39 - [MESSAGE][PASSED] - Delayed 3 second(s)

2022-03-01 15:02:39 - [MESSAGE][PASSED] - Current device physical width is 720

2022-03-01 15:02:39 - [MESSAGE][PASSED] - Current device physical height is 1423

2022-03-01 15:02:40 - [MESSAGE][PASSED] - Swiped from 360,853 to 360,142

2022-03-01 15:02:42 - [MESSAGE][PASSED] - Delayed 1 second(s)

2022-03-01 15:02:43 - [MESSAGE][PASSED] - Swiped from 360,853 to 360,142

2022-03-01 15:02:46 - [MESSAGE][PASSED] - Delayed 3 second(s)

2022-03-01 15:02:46 - [MESSAGE][PASSED] - startApp.OpenApp.terminateApplication is PASSED

2022-03-01 15:02:46 - [MESSAGE][PASSED] - Call Test Case 'Test Cases/Mobile/Page/Run App/Terminate App' successfully]]></system-out>
         <system-err><![CDATA[]]></system-err>
      </testcase>
      <testcase name="Test Cases/Mobile/Scenario/Login/002 - Login dengan password salah" time="46.08" classname="Test Cases/Mobile/Scenario/Login/002 - Login dengan password salah" status="PASSED">
         <system-out><![CDATA[2022-03-01 15:02:46 - [TEST_CASE][PASSED] - Test Cases/Mobile/Scenario/Login/002 - Login dengan password salah: Test Cases/Mobile/Scenario/Login/002 - Login dengan password salah

2022-03-01 15:02:46 - [TEST_STEP][PASSED] - callTestCase(findTestCase("Mobile/Page/Run App/Run App byID"), [:], STOP_ON_FAILURE): Call Test Case 'Test Cases/Mobile/Page/Run App/Run App byID' successfully

2022-03-01 15:02:46 - [TEST_CASE][PASSED] - Test Cases/Mobile/Page/Run App/Run App byID: Test Cases/Mobile/Page/Run App/Run App byID

2022-03-01 15:02:46 - [TEST_STEP][PASSED] - startApp.OpenApp.startApplication("id.co.miraeasset.sageclub"): startApp.OpenApp.startApplication is PASSED

2022-03-01 15:02:59 - [MESSAGE][PASSED] - Starting app with application ID: 'id.co.miraeasset.sageclub'

2022-03-01 15:02:59 - [MESSAGE][PASSED] - startApp.OpenApp.startApplication is PASSED

2022-03-01 15:02:59 - [MESSAGE][PASSED] - Call Test Case 'Test Cases/Mobile/Page/Run App/Run App byID' successfully

2022-03-01 15:02:59 - [TEST_STEP][PASSED] - callTestCase(findTestCase("Mobile/Page/Login/Login"), ["action":"wrongpassword"], CONTINUE_ON_FAILURE): Call Test Case 'Test Cases/Mobile/Page/Login/Login' successfully

2022-03-01 15:03:00 - [TEST_CASE][PASSED] - Test Cases/Mobile/Page/Login/Login: Test Cases/Mobile/Page/Login/Login

2022-03-01 15:03:00 - [TEST_STEP][PASSED] - delay(2): Delayed 2 second(s)

2022-03-01 15:03:02 - [MESSAGE][PASSED] - Delayed 2 second(s)

2022-03-01 15:03:02 - [TEST_STEP][PASSED] - for ([i = 0, i < 1, (i++)]): null

2022-03-01 15:03:02 - [TEST_STEP][PASSED] - if (action == "username"): null

2022-03-01 15:03:02 - [TEST_STEP][PASSED] - else if (action == "wrongpassword"): null

2022-03-01 15:03:02 - [TEST_STEP][PASSED] - tap(LOGN_EdtUserID, 0): Tapped on element 'Object Repository/Mobile/Page/Login/Input - UserID'

2022-03-01 15:03:02 - [MESSAGE][WARNING] - Timeout '0' is invalid. Using default page load timeout: '60'

2022-03-01 15:03:03 - [MESSAGE][PASSED] - Tapped on element 'Object Repository/Mobile/Page/Login/Input - UserID'

2022-03-01 15:03:03 - [TEST_STEP][PASSED] - delay(1): Delayed 1 second(s)

2022-03-01 15:03:04 - [MESSAGE][PASSED] - Delayed 1 second(s)

2022-03-01 15:03:04 - [TEST_STEP][PASSED] - setText(LOGN_EdtRdyUserID, "anggaaditya", 0): Text 'anggaaditya' has been set to element 'Object Repository/Mobile/Page/Login/Input Rdy - UserID'

2022-03-01 15:03:04 - [MESSAGE][WARNING] - Timeout '0' is invalid. Using default page load timeout: '60'

2022-03-01 15:03:04 - [MESSAGE][PASSED] - Text 'anggaaditya' has been set to element 'Object Repository/Mobile/Page/Login/Input Rdy - UserID'

2022-03-01 15:03:04 - [TEST_STEP][PASSED] - delay(1): Delayed 1 second(s)

2022-03-01 15:03:05 - [MESSAGE][PASSED] - Delayed 1 second(s)

2022-03-01 15:03:05 - [TEST_STEP][PASSED] - hideKeyboard(): Keyboard is hidden

2022-03-01 15:03:09 - [MESSAGE][PASSED] - Keyboard is hidden

2022-03-01 15:03:09 - [TEST_STEP][PASSED] - tap(LOGN_EdtPassword, 0): Tapped on element 'Object Repository/Mobile/Page/Login/Input - Password'

2022-03-01 15:03:09 - [MESSAGE][WARNING] - Timeout '0' is invalid. Using default page load timeout: '60'

2022-03-01 15:03:10 - [MESSAGE][PASSED] - Tapped on element 'Object Repository/Mobile/Page/Login/Input - Password'

2022-03-01 15:03:10 - [TEST_STEP][PASSED] - delay(1): Delayed 1 second(s)

2022-03-01 15:03:11 - [MESSAGE][PASSED] - Delayed 1 second(s)

2022-03-01 15:03:11 - [TEST_STEP][PASSED] - setText(LOGN_EdtRdyPassword, "Shalawa181", 0): Text 'Shalawa181' has been set to element 'Object Repository/Mobile/Page/Login/Input Rdy - Password'

2022-03-01 15:03:11 - [MESSAGE][WARNING] - Timeout '0' is invalid. Using default page load timeout: '60'

2022-03-01 15:03:11 - [MESSAGE][PASSED] - Text 'Shalawa181' has been set to element 'Object Repository/Mobile/Page/Login/Input Rdy - Password'

2022-03-01 15:03:11 - [TEST_STEP][PASSED] - delay(1): Delayed 1 second(s)

2022-03-01 15:03:12 - [MESSAGE][PASSED] - Delayed 1 second(s)

2022-03-01 15:03:12 - [TEST_STEP][PASSED] - hideKeyboard(): Keyboard is hidden

2022-03-01 15:03:19 - [MESSAGE][PASSED] - Keyboard is hidden

2022-03-01 15:03:19 - [TEST_STEP][PASSED] - tap(LOGN_BtnLogin, 0): Tapped on element 'Object Repository/Mobile/Page/Login/Button - Login'

2022-03-01 15:03:19 - [MESSAGE][WARNING] - Timeout '0' is invalid. Using default page load timeout: '60'

2022-03-01 15:03:19 - [MESSAGE][PASSED] - Tapped on element 'Object Repository/Mobile/Page/Login/Button - Login'

2022-03-01 15:03:19 - [TEST_STEP][PASSED] - delay(2): Delayed 2 second(s)

2022-03-01 15:03:21 - [MESSAGE][PASSED] - Delayed 2 second(s)

2022-03-01 15:03:21 - [TEST_STEP][PASSED] - verify = verifyElementExist(LOGN_AlertInvalidCredentials, 5, STOP_ON_FAILURE): Element 'Object Repository/Mobile/Page/Login/Alert - Invalid credentials' is exist

2022-03-01 15:03:22 - [MESSAGE][PASSED] - Element 'Object Repository/Mobile/Page/Login/Alert - Invalid credentials' is exist

2022-03-01 15:03:22 - [TEST_STEP][PASSED] - break: null

2022-03-01 15:03:22 - [MESSAGE][PASSED] - Call Test Case 'Test Cases/Mobile/Page/Login/Login' successfully

2022-03-01 15:03:22 - [TEST_STEP][PASSED] - callTestCase(findTestCase("Mobile/Page/Run App/Terminate App"), [:], STOP_ON_FAILURE): Call Test Case 'Test Cases/Mobile/Page/Run App/Terminate App' successfully

2022-03-01 15:03:22 - [TEST_CASE][PASSED] - Test Cases/Mobile/Page/Run App/Terminate App: Test Cases/Mobile/Page/Run App/Terminate App

2022-03-01 15:03:22 - [TEST_STEP][PASSED] - startApp.OpenApp.terminateApplication(): startApp.OpenApp.terminateApplication is PASSED

2022-03-01 15:03:25 - [MESSAGE][PASSED] - Delayed 3 second(s)

2022-03-01 15:03:25 - [MESSAGE][PASSED] - Current device physical width is 720

2022-03-01 15:03:25 - [MESSAGE][PASSED] - Current device physical height is 1423

2022-03-01 15:03:27 - [MESSAGE][PASSED] - Swiped from 360,853 to 360,142

2022-03-01 15:03:28 - [MESSAGE][PASSED] - Delayed 1 second(s)

2022-03-01 15:03:29 - [MESSAGE][PASSED] - Swiped from 360,853 to 360,142

2022-03-01 15:03:32 - [MESSAGE][PASSED] - Delayed 3 second(s)

2022-03-01 15:03:32 - [MESSAGE][PASSED] - startApp.OpenApp.terminateApplication is PASSED

2022-03-01 15:03:32 - [MESSAGE][PASSED] - Call Test Case 'Test Cases/Mobile/Page/Run App/Terminate App' successfully]]></system-out>
         <system-err><![CDATA[]]></system-err>
      </testcase>
      <testcase name="Test Cases/Mobile/Scenario/Login/003 - Login tanpa internet" time="61.536" classname="Test Cases/Mobile/Scenario/Login/003 - Login tanpa internet" status="PASSED">
         <system-out><![CDATA[2022-03-01 15:03:32 - [TEST_CASE][PASSED] - Test Cases/Mobile/Scenario/Login/003 - Login tanpa internet: Test Cases/Mobile/Scenario/Login/003 - Login tanpa internet

2022-03-01 15:03:33 - [TEST_STEP][PASSED] - callTestCase(findTestCase("Mobile/Page/Run App/Run App byID"), [:], STOP_ON_FAILURE): Call Test Case 'Test Cases/Mobile/Page/Run App/Run App byID' successfully

2022-03-01 15:03:33 - [TEST_CASE][PASSED] - Test Cases/Mobile/Page/Run App/Run App byID: Test Cases/Mobile/Page/Run App/Run App byID

2022-03-01 15:03:33 - [TEST_STEP][PASSED] - startApp.OpenApp.startApplication("id.co.miraeasset.sageclub"): startApp.OpenApp.startApplication is PASSED

2022-03-01 15:03:47 - [MESSAGE][PASSED] - Starting app with application ID: 'id.co.miraeasset.sageclub'

2022-03-01 15:03:47 - [MESSAGE][PASSED] - startApp.OpenApp.startApplication is PASSED

2022-03-01 15:03:47 - [MESSAGE][PASSED] - Call Test Case 'Test Cases/Mobile/Page/Run App/Run App byID' successfully

2022-03-01 15:03:47 - [TEST_STEP][PASSED] - callTestCase(findTestCase("Mobile/Page/Login/Login"), ["action":"nointernet"], CONTINUE_ON_FAILURE): Call Test Case 'Test Cases/Mobile/Page/Login/Login' successfully

2022-03-01 15:03:47 - [TEST_CASE][PASSED] - Test Cases/Mobile/Page/Login/Login: Test Cases/Mobile/Page/Login/Login

2022-03-01 15:03:47 - [TEST_STEP][PASSED] - delay(2): Delayed 2 second(s)

2022-03-01 15:03:49 - [MESSAGE][PASSED] - Delayed 2 second(s)

2022-03-01 15:03:49 - [TEST_STEP][PASSED] - for ([i = 0, i < 1, (i++)]): null

2022-03-01 15:03:49 - [TEST_STEP][PASSED] - if (action == "username"): null

2022-03-01 15:03:49 - [TEST_STEP][PASSED] - else if (action == "wrongpassword"): null

2022-03-01 15:03:49 - [TEST_STEP][PASSED] - else if (action == "nointernet"): null

2022-03-01 15:03:49 - [TEST_STEP][PASSED] - scroll.scroll.scrollNotificationBar(): scroll.scroll.scrollNotificationBar is PASSED

2022-03-01 15:03:49 - [MESSAGE][PASSED] - Current device physical height is 1423

2022-03-01 15:03:51 - [MESSAGE][PASSED] - Swiped from 50,50 to 50,1,138

2022-03-01 15:03:51 - [MESSAGE][PASSED] - scroll.scroll.scrollNotificationBar is PASSED

2022-03-01 15:03:51 - [TEST_STEP][PASSED] - delay(1): Delayed 1 second(s)

2022-03-01 15:03:52 - [MESSAGE][PASSED] - Delayed 1 second(s)

2022-03-01 15:03:52 - [TEST_STEP][PASSED] - tap(OTHR_BtnWifi, 0): Tapped on element 'Object Repository/Mobile/Page/Others/Button - Wifi'

2022-03-01 15:03:52 - [MESSAGE][WARNING] - Timeout '0' is invalid. Using default page load timeout: '60'

2022-03-01 15:03:53 - [MESSAGE][PASSED] - Tapped on element 'Object Repository/Mobile/Page/Others/Button - Wifi'

2022-03-01 15:03:53 - [TEST_STEP][PASSED] - delay(1): Delayed 1 second(s)

2022-03-01 15:03:54 - [MESSAGE][PASSED] - Delayed 1 second(s)

2022-03-01 15:03:54 - [TEST_STEP][PASSED] - pressBack(): Press back button successfully

2022-03-01 15:03:55 - [MESSAGE][PASSED] - Press back button successfully

2022-03-01 15:03:55 - [TEST_STEP][PASSED] - tap(LOGN_EdtUserID, 0): Tapped on element 'Object Repository/Mobile/Page/Login/Input - UserID'

2022-03-01 15:03:55 - [MESSAGE][WARNING] - Timeout '0' is invalid. Using default page load timeout: '60'

2022-03-01 15:03:56 - [MESSAGE][PASSED] - Tapped on element 'Object Repository/Mobile/Page/Login/Input - UserID'

2022-03-01 15:03:56 - [TEST_STEP][PASSED] - delay(1): Delayed 1 second(s)

2022-03-01 15:03:57 - [MESSAGE][PASSED] - Delayed 1 second(s)

2022-03-01 15:03:57 - [TEST_STEP][PASSED] - setText(LOGN_EdtRdyUserID, "anggaaditya", 0): Text 'anggaaditya' has been set to element 'Object Repository/Mobile/Page/Login/Input Rdy - UserID'

2022-03-01 15:03:57 - [MESSAGE][WARNING] - Timeout '0' is invalid. Using default page load timeout: '60'

2022-03-01 15:03:58 - [MESSAGE][PASSED] - Text 'anggaaditya' has been set to element 'Object Repository/Mobile/Page/Login/Input Rdy - UserID'

2022-03-01 15:03:58 - [TEST_STEP][PASSED] - delay(1): Delayed 1 second(s)

2022-03-01 15:03:59 - [MESSAGE][PASSED] - Delayed 1 second(s)

2022-03-01 15:03:59 - [TEST_STEP][PASSED] - hideKeyboard(): Keyboard is hidden

2022-03-01 15:04:03 - [MESSAGE][PASSED] - Keyboard is hidden

2022-03-01 15:04:03 - [TEST_STEP][PASSED] - tap(LOGN_EdtPassword, 0): Tapped on element 'Object Repository/Mobile/Page/Login/Input - Password'

2022-03-01 15:04:03 - [MESSAGE][WARNING] - Timeout '0' is invalid. Using default page load timeout: '60'

2022-03-01 15:04:03 - [MESSAGE][PASSED] - Tapped on element 'Object Repository/Mobile/Page/Login/Input - Password'

2022-03-01 15:04:03 - [TEST_STEP][PASSED] - delay(1): Delayed 1 second(s)

2022-03-01 15:04:04 - [MESSAGE][PASSED] - Delayed 1 second(s)

2022-03-01 15:04:04 - [TEST_STEP][PASSED] - setText(LOGN_EdtRdyPassword, "Shalawa18", 0): Text 'Shalawa18' has been set to element 'Object Repository/Mobile/Page/Login/Input Rdy - Password'

2022-03-01 15:04:04 - [MESSAGE][WARNING] - Timeout '0' is invalid. Using default page load timeout: '60'

2022-03-01 15:04:05 - [MESSAGE][PASSED] - Text 'Shalawa18' has been set to element 'Object Repository/Mobile/Page/Login/Input Rdy - Password'

2022-03-01 15:04:05 - [TEST_STEP][PASSED] - delay(1): Delayed 1 second(s)

2022-03-01 15:04:06 - [MESSAGE][PASSED] - Delayed 1 second(s)

2022-03-01 15:04:06 - [TEST_STEP][PASSED] - hideKeyboard(): Keyboard is hidden

2022-03-01 15:04:12 - [MESSAGE][PASSED] - Keyboard is hidden

2022-03-01 15:04:12 - [TEST_STEP][PASSED] - tap(LOGN_BtnLogin, 0): Tapped on element 'Object Repository/Mobile/Page/Login/Button - Login'

2022-03-01 15:04:12 - [MESSAGE][WARNING] - Timeout '0' is invalid. Using default page load timeout: '60'

2022-03-01 15:04:14 - [MESSAGE][PASSED] - Tapped on element 'Object Repository/Mobile/Page/Login/Button - Login'

2022-03-01 15:04:14 - [TEST_STEP][PASSED] - delay(2): Delayed 2 second(s)

2022-03-01 15:04:16 - [MESSAGE][PASSED] - Delayed 2 second(s)

2022-03-01 15:04:16 - [TEST_STEP][PASSED] - verify = verifyElementExist(LOGN_AlertCheckYourNetwork, 5, STOP_ON_FAILURE): Element 'Object Repository/Mobile/Page/Login/Alert - Check your network' is exist

2022-03-01 15:04:16 - [MESSAGE][PASSED] - Element 'Object Repository/Mobile/Page/Login/Alert - Check your network' is exist

2022-03-01 15:04:16 - [TEST_STEP][PASSED] - scroll.scroll.scrollNotificationBar(): scroll.scroll.scrollNotificationBar is PASSED

2022-03-01 15:04:16 - [MESSAGE][PASSED] - Current device physical height is 1423

2022-03-01 15:04:18 - [MESSAGE][PASSED] - Swiped from 50,50 to 50,1,138

2022-03-01 15:04:18 - [MESSAGE][PASSED] - scroll.scroll.scrollNotificationBar is PASSED

2022-03-01 15:04:18 - [TEST_STEP][PASSED] - delay(1): Delayed 1 second(s)

2022-03-01 15:04:19 - [MESSAGE][PASSED] - Delayed 1 second(s)

2022-03-01 15:04:19 - [TEST_STEP][PASSED] - tap(OTHR_BtnWifi, 0): Tapped on element 'Object Repository/Mobile/Page/Others/Button - Wifi'

2022-03-01 15:04:19 - [MESSAGE][WARNING] - Timeout '0' is invalid. Using default page load timeout: '60'

2022-03-01 15:04:20 - [MESSAGE][PASSED] - Tapped on element 'Object Repository/Mobile/Page/Others/Button - Wifi'

2022-03-01 15:04:20 - [TEST_STEP][PASSED] - delay(1): Delayed 1 second(s)

2022-03-01 15:04:21 - [MESSAGE][PASSED] - Delayed 1 second(s)

2022-03-01 15:04:21 - [TEST_STEP][PASSED] - pressBack(): Press back button successfully

2022-03-01 15:04:21 - [MESSAGE][PASSED] - Press back button successfully

2022-03-01 15:04:21 - [TEST_STEP][PASSED] - break: null

2022-03-01 15:04:21 - [MESSAGE][PASSED] - Call Test Case 'Test Cases/Mobile/Page/Login/Login' successfully

2022-03-01 15:04:21 - [TEST_STEP][PASSED] - callTestCase(findTestCase("Mobile/Page/Run App/Terminate App"), [:], STOP_ON_FAILURE): Call Test Case 'Test Cases/Mobile/Page/Run App/Terminate App' successfully

2022-03-01 15:04:21 - [TEST_CASE][PASSED] - Test Cases/Mobile/Page/Run App/Terminate App: Test Cases/Mobile/Page/Run App/Terminate App

2022-03-01 15:04:21 - [TEST_STEP][PASSED] - startApp.OpenApp.terminateApplication(): startApp.OpenApp.terminateApplication is PASSED

2022-03-01 15:04:26 - [MESSAGE][PASSED] - Delayed 3 second(s)

2022-03-01 15:04:27 - [MESSAGE][PASSED] - Current device physical width is 720

2022-03-01 15:04:27 - [MESSAGE][PASSED] - Current device physical height is 1423

2022-03-01 15:04:28 - [MESSAGE][PASSED] - Swiped from 360,853 to 360,142

2022-03-01 15:04:29 - [MESSAGE][PASSED] - Delayed 1 second(s)

2022-03-01 15:04:30 - [MESSAGE][PASSED] - Swiped from 360,853 to 360,142

2022-03-01 15:04:33 - [MESSAGE][PASSED] - Delayed 3 second(s)

2022-03-01 15:04:33 - [MESSAGE][PASSED] - startApp.OpenApp.terminateApplication is PASSED

2022-03-01 15:04:33 - [MESSAGE][PASSED] - Call Test Case 'Test Cases/Mobile/Page/Run App/Terminate App' successfully]]></system-out>
         <system-err><![CDATA[]]></system-err>
      </testcase>
      <testcase name="Test Cases/Mobile/Scenario/Login/004 - Login dengan mengaktifkan visible password" time="47.872" classname="Test Cases/Mobile/Scenario/Login/004 - Login dengan mengaktifkan visible password" status="PASSED">
         <system-out><![CDATA[2022-03-01 15:04:33 - [TEST_CASE][PASSED] - Test Cases/Mobile/Scenario/Login/004 - Login dengan mengaktifkan visible password: Test Cases/Mobile/Scenario/Login/004 - Login dengan mengaktifkan visible password

2022-03-01 15:04:34 - [TEST_STEP][PASSED] - callTestCase(findTestCase("Mobile/Page/Run App/Run App byID"), [:], STOP_ON_FAILURE): Call Test Case 'Test Cases/Mobile/Page/Run App/Run App byID' successfully

2022-03-01 15:04:34 - [TEST_CASE][PASSED] - Test Cases/Mobile/Page/Run App/Run App byID: Test Cases/Mobile/Page/Run App/Run App byID

2022-03-01 15:04:34 - [TEST_STEP][PASSED] - startApp.OpenApp.startApplication("id.co.miraeasset.sageclub"): startApp.OpenApp.startApplication is PASSED

2022-03-01 15:04:47 - [MESSAGE][PASSED] - Starting app with application ID: 'id.co.miraeasset.sageclub'

2022-03-01 15:04:47 - [MESSAGE][PASSED] - startApp.OpenApp.startApplication is PASSED

2022-03-01 15:04:47 - [MESSAGE][PASSED] - Call Test Case 'Test Cases/Mobile/Page/Run App/Run App byID' successfully

2022-03-01 15:04:47 - [TEST_STEP][PASSED] - callTestCase(findTestCase("Mobile/Page/Login/Login"), ["action":"visiblepassword"], CONTINUE_ON_FAILURE): Call Test Case 'Test Cases/Mobile/Page/Login/Login' successfully

2022-03-01 15:04:47 - [TEST_CASE][PASSED] - Test Cases/Mobile/Page/Login/Login: Test Cases/Mobile/Page/Login/Login

2022-03-01 15:04:47 - [TEST_STEP][PASSED] - delay(2): Delayed 2 second(s)

2022-03-01 15:04:49 - [MESSAGE][PASSED] - Delayed 2 second(s)

2022-03-01 15:04:49 - [TEST_STEP][PASSED] - for ([i = 0, i < 1, (i++)]): null

2022-03-01 15:04:49 - [TEST_STEP][PASSED] - if (action == "username"): null

2022-03-01 15:04:49 - [TEST_STEP][PASSED] - else if (action == "wrongpassword"): null

2022-03-01 15:04:49 - [TEST_STEP][PASSED] - else if (action == "nointernet"): null

2022-03-01 15:04:49 - [TEST_STEP][PASSED] - else if (action == "visiblepassword"): null

2022-03-01 15:04:49 - [TEST_STEP][PASSED] - tap(LOGN_EdtUserID, 0): Tapped on element 'Object Repository/Mobile/Page/Login/Input - UserID'

2022-03-01 15:04:49 - [MESSAGE][WARNING] - Timeout '0' is invalid. Using default page load timeout: '60'

2022-03-01 15:04:51 - [MESSAGE][PASSED] - Tapped on element 'Object Repository/Mobile/Page/Login/Input - UserID'

2022-03-01 15:04:51 - [TEST_STEP][PASSED] - delay(1): Delayed 1 second(s)

2022-03-01 15:04:52 - [MESSAGE][PASSED] - Delayed 1 second(s)

2022-03-01 15:04:52 - [TEST_STEP][PASSED] - setText(LOGN_EdtRdyUserID, "anggaaditya", 0): Text 'anggaaditya' has been set to element 'Object Repository/Mobile/Page/Login/Input Rdy - UserID'

2022-03-01 15:04:52 - [MESSAGE][WARNING] - Timeout '0' is invalid. Using default page load timeout: '60'

2022-03-01 15:04:52 - [MESSAGE][PASSED] - Text 'anggaaditya' has been set to element 'Object Repository/Mobile/Page/Login/Input Rdy - UserID'

2022-03-01 15:04:52 - [TEST_STEP][PASSED] - delay(1): Delayed 1 second(s)

2022-03-01 15:04:53 - [MESSAGE][PASSED] - Delayed 1 second(s)

2022-03-01 15:04:53 - [TEST_STEP][PASSED] - hideKeyboard(): Keyboard is hidden

2022-03-01 15:04:57 - [MESSAGE][PASSED] - Keyboard is hidden

2022-03-01 15:04:57 - [TEST_STEP][PASSED] - top = getElementTopPosition(LOGN_EdtPassword, 0): Object 'Object Repository/Mobile/Page/Login/Input - Password' has top position '842'

2022-03-01 15:04:57 - [MESSAGE][WARNING] - Timeout '0' is invalid. Using default page load timeout: '60'

2022-03-01 15:04:57 - [MESSAGE][PASSED] - Object 'Object Repository/Mobile/Page/Login/Input - Password' has top position '842'

2022-03-01 15:04:57 - [TEST_STEP][PASSED] - left = getElementLeftPosition(LOGN_EdtPassword, 0): Object 'Object Repository/Mobile/Page/Login/Input - Password' has left position '32'

2022-03-01 15:04:57 - [MESSAGE][WARNING] - Timeout '0' is invalid. Using default page load timeout: '60'

2022-03-01 15:04:57 - [MESSAGE][PASSED] - Object 'Object Repository/Mobile/Page/Login/Input - Password' has left position '32'

2022-03-01 15:04:57 - [TEST_STEP][PASSED] - x = left + getElementWidth(LOGN_EdtPassword, 0) * 0.9: Object 'Object Repository/Mobile/Page/Login/Input - Password' has width: '657'

2022-03-01 15:04:57 - [MESSAGE][WARNING] - Timeout '0' is invalid. Using default page load timeout: '60'

2022-03-01 15:04:57 - [MESSAGE][PASSED] - Object 'Object Repository/Mobile/Page/Login/Input - Password' has width: '657'

2022-03-01 15:04:57 - [TEST_STEP][PASSED] - y = top + getElementHeight(LOGN_EdtPassword, 0) / 2: Object 'Object Repository/Mobile/Page/Login/Input - Password' has height: '84'

2022-03-01 15:04:57 - [MESSAGE][WARNING] - Timeout '0' is invalid. Using default page load timeout: '60'

2022-03-01 15:04:58 - [MESSAGE][PASSED] - Object 'Object Repository/Mobile/Page/Login/Input - Password' has height: '84'

2022-03-01 15:04:58 - [TEST_STEP][PASSED] - tapAtPosition(x, y): Tapped at [623, 884]

2022-03-01 15:04:58 - [MESSAGE][PASSED] - Tapped at [623, 884]

2022-03-01 15:04:58 - [TEST_STEP][PASSED] - delay(1): Delayed 1 second(s)

2022-03-01 15:04:59 - [MESSAGE][PASSED] - Delayed 1 second(s)

2022-03-01 15:04:59 - [TEST_STEP][PASSED] - tap(LOGN_EdtPassword, 0): Tapped on element 'Object Repository/Mobile/Page/Login/Input - Password'

2022-03-01 15:04:59 - [MESSAGE][WARNING] - Timeout '0' is invalid. Using default page load timeout: '60'

2022-03-01 15:05:01 - [MESSAGE][PASSED] - Tapped on element 'Object Repository/Mobile/Page/Login/Input - Password'

2022-03-01 15:05:01 - [TEST_STEP][PASSED] - delay(1): Delayed 1 second(s)

2022-03-01 15:05:02 - [MESSAGE][PASSED] - Delayed 1 second(s)

2022-03-01 15:05:02 - [TEST_STEP][PASSED] - setText(LOGN_EdtRdyPassword, "Shalawa18", 0): Text 'Shalawa18' has been set to element 'Object Repository/Mobile/Page/Login/Input Rdy - Password'

2022-03-01 15:05:02 - [MESSAGE][WARNING] - Timeout '0' is invalid. Using default page load timeout: '60'

2022-03-01 15:05:02 - [MESSAGE][PASSED] - Text 'Shalawa18' has been set to element 'Object Repository/Mobile/Page/Login/Input Rdy - Password'

2022-03-01 15:05:02 - [TEST_STEP][PASSED] - delay(1): Delayed 1 second(s)

2022-03-01 15:05:03 - [MESSAGE][PASSED] - Delayed 1 second(s)

2022-03-01 15:05:03 - [TEST_STEP][PASSED] - hideKeyboard(): Keyboard is hidden

2022-03-01 15:05:07 - [MESSAGE][PASSED] - Keyboard is hidden

2022-03-01 15:05:07 - [TEST_STEP][PASSED] - tap(LOGN_BtnLogin, 0): Tapped on element 'Object Repository/Mobile/Page/Login/Button - Login'

2022-03-01 15:05:07 - [MESSAGE][WARNING] - Timeout '0' is invalid. Using default page load timeout: '60'

2022-03-01 15:05:07 - [MESSAGE][PASSED] - Tapped on element 'Object Repository/Mobile/Page/Login/Button - Login'

2022-03-01 15:05:07 - [TEST_STEP][PASSED] - delay(2): Delayed 2 second(s)

2022-03-01 15:05:09 - [MESSAGE][PASSED] - Delayed 2 second(s)

2022-03-01 15:05:09 - [TEST_STEP][PASSED] - break: null

2022-03-01 15:05:09 - [MESSAGE][PASSED] - Call Test Case 'Test Cases/Mobile/Page/Login/Login' successfully

2022-03-01 15:05:09 - [TEST_STEP][PASSED] - callTestCase(findTestCase("Mobile/Page/Run App/Terminate App"), [:], STOP_ON_FAILURE): Call Test Case 'Test Cases/Mobile/Page/Run App/Terminate App' successfully

2022-03-01 15:05:09 - [TEST_CASE][PASSED] - Test Cases/Mobile/Page/Run App/Terminate App: Test Cases/Mobile/Page/Run App/Terminate App

2022-03-01 15:05:09 - [TEST_STEP][PASSED] - startApp.OpenApp.terminateApplication(): startApp.OpenApp.terminateApplication is PASSED

2022-03-01 15:05:14 - [MESSAGE][PASSED] - Delayed 3 second(s)

2022-03-01 15:05:14 - [MESSAGE][PASSED] - Current device physical width is 720

2022-03-01 15:05:15 - [MESSAGE][PASSED] - Current device physical height is 1423

2022-03-01 15:05:16 - [MESSAGE][PASSED] - Swiped from 360,853 to 360,142

2022-03-01 15:05:17 - [MESSAGE][PASSED] - Delayed 1 second(s)

2022-03-01 15:05:18 - [MESSAGE][PASSED] - Swiped from 360,853 to 360,142

2022-03-01 15:05:21 - [MESSAGE][PASSED] - Delayed 3 second(s)

2022-03-01 15:05:21 - [MESSAGE][PASSED] - startApp.OpenApp.terminateApplication is PASSED

2022-03-01 15:05:21 - [MESSAGE][PASSED] - Call Test Case 'Test Cases/Mobile/Page/Run App/Terminate App' successfully]]></system-out>
         <system-err><![CDATA[]]></system-err>
      </testcase>
      <testcase name="Test Cases/Mobile/Scenario/Login/005 - Login menggunakan username dengan membatalkan fingerprint" time="52.803" classname="Test Cases/Mobile/Scenario/Login/005 - Login menggunakan username dengan membatalkan fingerprint" status="PASSED">
         <system-out><![CDATA[2022-03-01 15:05:21 - [TEST_CASE][PASSED] - Test Cases/Mobile/Scenario/Login/005 - Login menggunakan username dengan membatalkan fingerprint: Test Cases/Mobile/Scenario/Login/005 - Login menggunakan username dengan membatalkan fingerprint

2022-03-01 15:05:22 - [TEST_STEP][PASSED] - callTestCase(findTestCase("Mobile/Page/Run App/Run App byID"), [:], STOP_ON_FAILURE): Call Test Case 'Test Cases/Mobile/Page/Run App/Run App byID' successfully

2022-03-01 15:05:22 - [TEST_CASE][PASSED] - Test Cases/Mobile/Page/Run App/Run App byID: Test Cases/Mobile/Page/Run App/Run App byID

2022-03-01 15:05:22 - [TEST_STEP][PASSED] - startApp.OpenApp.startApplication("id.co.miraeasset.sageclub"): startApp.OpenApp.startApplication is PASSED

2022-03-01 15:05:37 - [MESSAGE][PASSED] - Starting app with application ID: 'id.co.miraeasset.sageclub'

2022-03-01 15:05:37 - [MESSAGE][PASSED] - startApp.OpenApp.startApplication is PASSED

2022-03-01 15:05:37 - [MESSAGE][PASSED] - Call Test Case 'Test Cases/Mobile/Page/Run App/Run App byID' successfully

2022-03-01 15:05:37 - [TEST_STEP][PASSED] - callTestCase(findTestCase("Mobile/Page/Login/Login"), ["action":"cancelfingerprint"], CONTINUE_ON_FAILURE): Call Test Case 'Test Cases/Mobile/Page/Login/Login' successfully

2022-03-01 15:05:37 - [TEST_CASE][PASSED] - Test Cases/Mobile/Page/Login/Login: Test Cases/Mobile/Page/Login/Login

2022-03-01 15:05:37 - [TEST_STEP][PASSED] - delay(2): Delayed 2 second(s)

2022-03-01 15:05:39 - [MESSAGE][PASSED] - Delayed 2 second(s)

2022-03-01 15:05:39 - [TEST_STEP][PASSED] - for ([i = 0, i < 1, (i++)]): Delayed 2 second(s)

2022-03-01 15:05:39 - [TEST_STEP][PASSED] - if (action == "username"): null

2022-03-01 15:05:39 - [TEST_STEP][PASSED] - else if (action == "wrongpassword"): null

2022-03-01 15:05:39 - [TEST_STEP][PASSED] - else if (action == "nointernet"): null

2022-03-01 15:05:39 - [TEST_STEP][PASSED] - else if (action == "visiblepassword"): null

2022-03-01 15:05:39 - [TEST_STEP][PASSED] - else if (action == "cancelfingerprint"): Delayed 2 second(s)

2022-03-01 15:05:39 - [TEST_STEP][PASSED] - tap(LOGN_BtnFingerprint, 0): Tapped on element 'Object Repository/Mobile/Page/Login/Button - Fingerprint'

2022-03-01 15:05:39 - [MESSAGE][WARNING] - Timeout '0' is invalid. Using default page load timeout: '60'

2022-03-01 15:05:40 - [MESSAGE][PASSED] - Tapped on element 'Object Repository/Mobile/Page/Login/Button - Fingerprint'

2022-03-01 15:05:40 - [TEST_STEP][PASSED] - delay(1): Delayed 1 second(s)

2022-03-01 15:05:41 - [MESSAGE][PASSED] - Delayed 1 second(s)

2022-03-01 15:05:41 - [TEST_STEP][PASSED] - pressBack(): Press back button successfully

2022-03-01 15:05:42 - [MESSAGE][PASSED] - Press back button successfully

2022-03-01 15:05:42 - [TEST_STEP][PASSED] - delay(1): Delayed 1 second(s)

2022-03-01 15:05:43 - [MESSAGE][PASSED] - Delayed 1 second(s)

2022-03-01 15:05:43 - [TEST_STEP][PASSED] - tap(LOGN_EdtUserID, 0): Tapped on element 'Object Repository/Mobile/Page/Login/Input - UserID'

2022-03-01 15:05:43 - [MESSAGE][WARNING] - Timeout '0' is invalid. Using default page load timeout: '60'

2022-03-01 15:05:43 - [MESSAGE][PASSED] - Tapped on element 'Object Repository/Mobile/Page/Login/Input - UserID'

2022-03-01 15:05:43 - [TEST_STEP][PASSED] - delay(1): Delayed 1 second(s)

2022-03-01 15:05:44 - [MESSAGE][PASSED] - Delayed 1 second(s)

2022-03-01 15:05:44 - [TEST_STEP][PASSED] - setText(LOGN_EdtRdyUserID, "anggaaditya", 0): Text 'anggaaditya' has been set to element 'Object Repository/Mobile/Page/Login/Input Rdy - UserID'

2022-03-01 15:05:44 - [MESSAGE][WARNING] - Timeout '0' is invalid. Using default page load timeout: '60'

2022-03-01 15:05:45 - [MESSAGE][PASSED] - Text 'anggaaditya' has been set to element 'Object Repository/Mobile/Page/Login/Input Rdy - UserID'

2022-03-01 15:05:45 - [TEST_STEP][PASSED] - delay(1): Delayed 1 second(s)

2022-03-01 15:05:46 - [MESSAGE][PASSED] - Delayed 1 second(s)

2022-03-01 15:05:46 - [TEST_STEP][PASSED] - hideKeyboard(): Keyboard is hidden

2022-03-01 15:05:49 - [MESSAGE][PASSED] - Keyboard is hidden

2022-03-01 15:05:49 - [TEST_STEP][PASSED] - tap(LOGN_EdtPassword, 0): Tapped on element 'Object Repository/Mobile/Page/Login/Input - Password'

2022-03-01 15:05:49 - [MESSAGE][WARNING] - Timeout '0' is invalid. Using default page load timeout: '60'

2022-03-01 15:05:50 - [MESSAGE][PASSED] - Tapped on element 'Object Repository/Mobile/Page/Login/Input - Password'

2022-03-01 15:05:50 - [TEST_STEP][PASSED] - delay(1): Delayed 1 second(s)

2022-03-01 15:05:51 - [MESSAGE][PASSED] - Delayed 1 second(s)

2022-03-01 15:05:51 - [TEST_STEP][PASSED] - setText(LOGN_EdtRdyPassword, "Shalawa18", 0): Text 'Shalawa18' has been set to element 'Object Repository/Mobile/Page/Login/Input Rdy - Password'

2022-03-01 15:05:51 - [MESSAGE][WARNING] - Timeout '0' is invalid. Using default page load timeout: '60'

2022-03-01 15:05:52 - [MESSAGE][PASSED] - Text 'Shalawa18' has been set to element 'Object Repository/Mobile/Page/Login/Input Rdy - Password'

2022-03-01 15:05:52 - [TEST_STEP][PASSED] - delay(1): Delayed 1 second(s)

2022-03-01 15:05:53 - [MESSAGE][PASSED] - Delayed 1 second(s)

2022-03-01 15:05:53 - [TEST_STEP][PASSED] - hideKeyboard(): Keyboard is hidden

2022-03-01 15:05:59 - [MESSAGE][PASSED] - Keyboard is hidden

2022-03-01 15:05:59 - [TEST_STEP][PASSED] - tap(LOGN_BtnLogin, 0): Tapped on element 'Object Repository/Mobile/Page/Login/Button - Login'

2022-03-01 15:05:59 - [MESSAGE][WARNING] - Timeout '0' is invalid. Using default page load timeout: '60'

2022-03-01 15:06:00 - [MESSAGE][PASSED] - Tapped on element 'Object Repository/Mobile/Page/Login/Button - Login'

2022-03-01 15:06:00 - [TEST_STEP][PASSED] - delay(2): Delayed 2 second(s)

2022-03-01 15:06:02 - [MESSAGE][PASSED] - Delayed 2 second(s)

2022-03-01 15:06:02 - [MESSAGE][PASSED] - Call Test Case 'Test Cases/Mobile/Page/Login/Login' successfully

2022-03-01 15:06:02 - [TEST_STEP][PASSED] - callTestCase(findTestCase("Mobile/Page/Run App/Terminate App"), [:], STOP_ON_FAILURE): Call Test Case 'Test Cases/Mobile/Page/Run App/Terminate App' successfully

2022-03-01 15:06:02 - [TEST_CASE][PASSED] - Test Cases/Mobile/Page/Run App/Terminate App: Test Cases/Mobile/Page/Run App/Terminate App

2022-03-01 15:06:02 - [TEST_STEP][PASSED] - startApp.OpenApp.terminateApplication(): startApp.OpenApp.terminateApplication is PASSED

2022-03-01 15:06:07 - [MESSAGE][PASSED] - Delayed 3 second(s)

2022-03-01 15:06:07 - [MESSAGE][PASSED] - Current device physical width is 720

2022-03-01 15:06:08 - [MESSAGE][PASSED] - Current device physical height is 1423

2022-03-01 15:06:09 - [MESSAGE][PASSED] - Swiped from 360,853 to 360,142

2022-03-01 15:06:10 - [MESSAGE][PASSED] - Delayed 1 second(s)

2022-03-01 15:06:11 - [MESSAGE][PASSED] - Swiped from 360,853 to 360,142

2022-03-01 15:06:14 - [MESSAGE][PASSED] - Delayed 3 second(s)

2022-03-01 15:06:14 - [MESSAGE][PASSED] - startApp.OpenApp.terminateApplication is PASSED

2022-03-01 15:06:14 - [MESSAGE][PASSED] - Call Test Case 'Test Cases/Mobile/Page/Run App/Terminate App' successfully]]></system-out>
         <system-err><![CDATA[]]></system-err>
      </testcase>
      <system-out><![CDATA[2022-03-01 15:01:16 - [TEST_SUITE][PASSED] - login: Test Cases/Mobile/Scenario/Login/005 - Login menggunakan username dengan membatalkan fingerprint]]></system-out>
      <system-err><![CDATA[]]></system-err>
   </testsuite>
</testsuites>
