<?xml version="1.0" encoding="UTF-8"?>
<testsuites name="portfolio" time="1546.235" tests="19" failures="0" skips="0" errors="0">
   <testsuite name="portfolio" tests="19" failures="0" errors="0" time="1546.235" skips="0" timestamp="2022-02-18 15:37:42" hostname="Owner - aldy-tft" id="Test Suites/portfolio">
      <properties>
         <property name="deviceName" value="samsung SM-A205F (Android 11)"/>
         <property name="devicePlatform" value=""/>
         <property name="logFolder" value="C:\\Users\\Owner\\Documents\\kerjaan\\KatalonProject\\qa_katalon_pwm\\qa_katalon_pwm\\Reports\\20220218_144354\\portfolio\\20220218_144429"/>
         <property name="logFiles" value="C:\\Users\\Owner\\Documents\\kerjaan\\KatalonProject\\qa_katalon_pwm\\qa_katalon_pwm\\Reports\\20220218_144354\\portfolio\\20220218_144429\\appium.log, C:\\Users\\Owner\\Documents\\kerjaan\\KatalonProject\\qa_katalon_pwm\\qa_katalon_pwm\\Reports\\20220218_144354\\portfolio\\20220218_144429\\execution0.log"/>
         <property name="attachments" value=""/>
         <property name="hostName" value="Owner - aldy-tft"/>
         <property name="os" value="Windows 10 64bit"/>
         <property name="appiumServerStatus" value="{&quot;value&quot;:{&quot;build&quot;:{&quot;version&quot;:&quot;1.22.0&quot;}},&quot;sessionId&quot;:null,&quot;status&quot;:0}"/>
         <property name="katalonVersion" value="7.9.1.208"/>
         <property name="deviceOS" value="Android"/>
         <property name="appiumVersion" value="1.22.0"/>
         <property name="deviceModel" value="SM-A205F"/>
         <property name="hostAddress" value="192.168.100.8"/>
         <property name="deviceManufacturer" value="samsung"/>
         <property name="deviceId" value="RR8M40C9AXE"/>
         <property name="deviceName" value="samsung SM-A205F (Android 11)"/>
         <property name="deviceOSVersion" value="11"/>
      </properties>
      <testcase name="Test Cases/Mobile/Scenario/Portfolio/001 - Summary" time="145.241" classname="Test Cases/Mobile/Scenario/Portfolio/001 - Summary" status="PASSED">
         <system-out><![CDATA[2022-02-18 15:37:45 - [TEST_CASE][PASSED] - Test Cases/Mobile/Scenario/Portfolio/001 - Summary: Test Cases/Mobile/Scenario/Portfolio/001 - Summary

2022-02-18 15:37:46 - [TEST_STEP][PASSED] - callTestCase(findTestCase("Mobile/Page/Run App/Run App byID"), [:], STOP_ON_FAILURE): Call Test Case 'Test Cases/Mobile/Page/Run App/Run App byID' successfully

2022-02-18 15:37:47 - [TEST_CASE][PASSED] - Test Cases/Mobile/Page/Run App/Run App byID: Test Cases/Mobile/Page/Run App/Run App byID

2022-02-18 15:37:48 - [TEST_STEP][PASSED] - startApp.OpenApp.startApplication("id.co.miraeasset.sageclub"): startApp.OpenApp.startApplication is PASSED

2022-02-18 15:37:53 - [MESSAGE][INFO] - Appium server started on port 49,868

2022-02-18 15:38:21 - [MESSAGE][PASSED] - Starting app with application ID: 'id.co.miraeasset.sageclub'

2022-02-18 15:38:21 - [MESSAGE][PASSED] - startApp.OpenApp.startApplication is PASSED

2022-02-18 15:38:21 - [MESSAGE][PASSED] - Call Test Case 'Test Cases/Mobile/Page/Run App/Run App byID' successfully

2022-02-18 15:38:21 - [TEST_STEP][PASSED] - callTestCase(findTestCase("Mobile/Page/Portfolio/Portfolio"), ["tab":"summary", "action":"summary"], CONTINUE_ON_FAILURE): Call Test Case 'Test Cases/Mobile/Page/Portfolio/Portfolio' successfully

2022-02-18 15:38:22 - [TEST_CASE][PASSED] - Test Cases/Mobile/Page/Portfolio/Portfolio: Test Cases/Mobile/Page/Portfolio/Portfolio

2022-02-18 15:38:23 - [TEST_STEP][PASSED] - callTestCase(findTestCase("Mobile/Page/CheckLogin"), [:], CONTINUE_ON_FAILURE): Call Test Case 'Test Cases/Mobile/Page/CheckLogin' successfully

2022-02-18 15:38:24 - [TEST_CASE][PASSED] - Test Cases/Mobile/Page/CheckLogin: Test Cases/Mobile/Page/CheckLogin

2022-02-18 15:38:25 - [TEST_STEP][PASSED] - loginCheck = verifyElementExist(LOGN_BtnLogin, 5, CONTINUE_ON_FAILURE): Element 'Object Repository/Mobile/Page/Login/Button - Login' is exist

2022-02-18 15:38:25 - [MESSAGE][WARNING] - Test object with id 'Object Repository/Mobile/Page/Analysis/Button - Open With Just Once' does not exist

2022-02-18 15:38:25 - [MESSAGE][WARNING] - Test object with id 'Object Repository/Mobile/Page/Analysis/Button - Search' does not exist

2022-02-18 15:38:33 - [MESSAGE][WARNING] - Test object with id 'Object Repository/Mobile/Page/Home/Button -  Add Watchlist' does not exist

2022-02-18 15:38:33 - [MESSAGE][WARNING] - Test object with id 'Object Repository/Mobile/Page/Home/Button - Open with Just Once' does not exist

2022-02-18 15:38:33 - [MESSAGE][WARNING] - Test object with id 'Object Repository/Mobile/Page/Home/Container - Notification' does not exist

2022-02-18 15:38:35 - [MESSAGE][WARNING] - Test object with id 'Object Repository/Mobile/Page/Home/Watchlist/Input - Search' does not exist

2022-02-18 15:38:35 - [MESSAGE][WARNING] - Test object with id 'Object Repository/Mobile/Page/Home/Watchlist/Item - Top Search' does not exist

2022-02-18 15:38:36 - [MESSAGE][WARNING] - Test object with id 'Object Repository/Mobile/Page/Home/Watchlist/Detail Watchlist/Input - Expiry Date' does not exist

2022-02-18 15:38:37 - [MESSAGE][WARNING] - Test object with id 'Object Repository/Mobile/Page/Home/Watchlist/Detail Watchlist/Item - Watchlist' does not exist

2022-02-18 15:38:40 - [MESSAGE][WARNING] - Test object with id 'Object Repository/Mobile/Page/NavigationMenu/Button - Open Just Once' does not exist

2022-02-18 15:38:40 - [MESSAGE][WARNING] - Test object with id 'Object Repository/Mobile/Page/NavigationMenu/Container - Logout' does not exist

2022-02-18 15:38:56 - [MESSAGE][WARNING] - Test object with id 'Object Repository/Mobile/Page/Analysis/Button - Open With Just Once' does not exist

2022-02-18 15:38:56 - [MESSAGE][WARNING] - Test object with id 'Object Repository/Mobile/Page/Analysis/Button - Search' does not exist

2022-02-18 15:39:02 - [MESSAGE][WARNING] - Test object with id 'Object Repository/Mobile/Page/Home/Button -  Add Watchlist' does not exist

2022-02-18 15:39:02 - [MESSAGE][WARNING] - Test object with id 'Object Repository/Mobile/Page/Home/Button - Open with Just Once' does not exist

2022-02-18 15:39:02 - [MESSAGE][WARNING] - Test object with id 'Object Repository/Mobile/Page/Home/Container - Notification' does not exist

2022-02-18 15:39:04 - [MESSAGE][WARNING] - Test object with id 'Object Repository/Mobile/Page/Home/Watchlist/Input - Search' does not exist

2022-02-18 15:39:04 - [MESSAGE][WARNING] - Test object with id 'Object Repository/Mobile/Page/Home/Watchlist/Item - Top Search' does not exist

2022-02-18 15:39:05 - [MESSAGE][WARNING] - Test object with id 'Object Repository/Mobile/Page/Home/Watchlist/Detail Watchlist/Input - Expiry Date' does not exist

2022-02-18 15:39:06 - [MESSAGE][WARNING] - Test object with id 'Object Repository/Mobile/Page/Home/Watchlist/Detail Watchlist/Item - Watchlist' does not exist

2022-02-18 15:39:09 - [MESSAGE][WARNING] - Test object with id 'Object Repository/Mobile/Page/NavigationMenu/Button - Open Just Once' does not exist

2022-02-18 15:39:10 - [MESSAGE][WARNING] - Test object with id 'Object Repository/Mobile/Page/NavigationMenu/Container - Logout' does not exist

2022-02-18 15:39:26 - [MESSAGE][PASSED] - Element 'Object Repository/Mobile/Page/Login/Button - Login' is exist

2022-02-18 15:39:26 - [TEST_STEP][PASSED] - if (loginCheck): Call Test Case 'Test Cases/Mobile/Page/Login/Login' successfully

2022-02-18 15:39:26 - [TEST_STEP][PASSED] - callTestCase(findTestCase("Mobile/Page/Login/Login"), ["action":"username"], CONTINUE_ON_FAILURE): Call Test Case 'Test Cases/Mobile/Page/Login/Login' successfully

2022-02-18 15:39:26 - [TEST_CASE][PASSED] - Test Cases/Mobile/Page/Login/Login: Test Cases/Mobile/Page/Login/Login

2022-02-18 15:39:28 - [TEST_STEP][PASSED] - delay(2): Delayed 2 second(s)

2022-02-18 15:39:30 - [MESSAGE][PASSED] - Delayed 2 second(s)

2022-02-18 15:39:30 - [TEST_STEP][PASSED] - for ([i = 0, i < 1, (i++)]): null

2022-02-18 15:39:30 - [TEST_STEP][PASSED] - if (action == "username"): null

2022-02-18 15:39:30 - [TEST_STEP][PASSED] - tap(LOGN_EdtUserID, 0): Tapped on element 'Object Repository/Mobile/Page/Login/Input - UserID'

2022-02-18 15:39:30 - [MESSAGE][WARNING] - Timeout '0' is invalid. Using default page load timeout: '60'

2022-02-18 15:39:30 - [MESSAGE][PASSED] - Tapped on element 'Object Repository/Mobile/Page/Login/Input - UserID'

2022-02-18 15:39:30 - [TEST_STEP][PASSED] - delay(1): Delayed 1 second(s)

2022-02-18 15:39:31 - [MESSAGE][PASSED] - Delayed 1 second(s)

2022-02-18 15:39:31 - [TEST_STEP][PASSED] - setText(LOGN_EdtRdyUserID, "anggaaditya", 0): Text 'anggaaditya' has been set to element 'Object Repository/Mobile/Page/Login/Input Rdy - UserID'

2022-02-18 15:39:32 - [MESSAGE][WARNING] - Timeout '0' is invalid. Using default page load timeout: '60'

2022-02-18 15:39:32 - [MESSAGE][PASSED] - Text 'anggaaditya' has been set to element 'Object Repository/Mobile/Page/Login/Input Rdy - UserID'

2022-02-18 15:39:32 - [TEST_STEP][PASSED] - delay(1): Delayed 1 second(s)

2022-02-18 15:39:33 - [MESSAGE][PASSED] - Delayed 1 second(s)

2022-02-18 15:39:33 - [TEST_STEP][PASSED] - hideKeyboard(): Keyboard is hidden

2022-02-18 15:39:38 - [MESSAGE][PASSED] - Keyboard is hidden

2022-02-18 15:39:38 - [TEST_STEP][PASSED] - tap(LOGN_EdtPassword, 0): Tapped on element 'Object Repository/Mobile/Page/Login/Input - Password'

2022-02-18 15:39:38 - [MESSAGE][WARNING] - Timeout '0' is invalid. Using default page load timeout: '60'

2022-02-18 15:39:38 - [MESSAGE][PASSED] - Tapped on element 'Object Repository/Mobile/Page/Login/Input - Password'

2022-02-18 15:39:38 - [TEST_STEP][PASSED] - delay(1): Delayed 1 second(s)

2022-02-18 15:39:39 - [MESSAGE][PASSED] - Delayed 1 second(s)

2022-02-18 15:39:39 - [TEST_STEP][PASSED] - setText(LOGN_EdtRdyPassword, "Shalawa18", 0): Text 'Shalawa18' has been set to element 'Object Repository/Mobile/Page/Login/Input Rdy - Password'

2022-02-18 15:39:39 - [MESSAGE][WARNING] - Timeout '0' is invalid. Using default page load timeout: '60'

2022-02-18 15:39:40 - [MESSAGE][PASSED] - Text 'Shalawa18' has been set to element 'Object Repository/Mobile/Page/Login/Input Rdy - Password'

2022-02-18 15:39:40 - [TEST_STEP][PASSED] - delay(1): Delayed 1 second(s)

2022-02-18 15:39:41 - [MESSAGE][PASSED] - Delayed 1 second(s)

2022-02-18 15:39:41 - [TEST_STEP][PASSED] - hideKeyboard(): Keyboard is hidden

2022-02-18 15:39:48 - [MESSAGE][PASSED] - Keyboard is hidden

2022-02-18 15:39:48 - [TEST_STEP][PASSED] - tap(LOGN_BtnLogin, 0): Tapped on element 'Object Repository/Mobile/Page/Login/Button - Login'

2022-02-18 15:39:48 - [MESSAGE][WARNING] - Timeout '0' is invalid. Using default page load timeout: '60'

2022-02-18 15:39:48 - [MESSAGE][PASSED] - Tapped on element 'Object Repository/Mobile/Page/Login/Button - Login'

2022-02-18 15:39:48 - [TEST_STEP][PASSED] - delay(2): Delayed 2 second(s)

2022-02-18 15:39:50 - [MESSAGE][PASSED] - Delayed 2 second(s)

2022-02-18 15:39:50 - [TEST_STEP][PASSED] - break: null

2022-02-18 15:39:50 - [MESSAGE][PASSED] - Call Test Case 'Test Cases/Mobile/Page/Login/Login' successfully

2022-02-18 15:39:50 - [MESSAGE][PASSED] - Call Test Case 'Test Cases/Mobile/Page/CheckLogin' successfully

2022-02-18 15:39:50 - [TEST_STEP][PASSED] - tap(HOME_MenubarPortfolio, 0): Tapped on element 'Object Repository/Mobile/Page/Home/Menubar - Portfolio'

2022-02-18 15:39:50 - [MESSAGE][WARNING] - Timeout '0' is invalid. Using default page load timeout: '60'

2022-02-18 15:39:53 - [MESSAGE][PASSED] - Tapped on element 'Object Repository/Mobile/Page/Home/Menubar - Portfolio'

2022-02-18 15:39:53 - [TEST_STEP][PASSED] - delay(1): Delayed 1 second(s)

2022-02-18 15:39:54 - [MESSAGE][PASSED] - Delayed 1 second(s)

2022-02-18 15:39:54 - [TEST_STEP][PASSED] - for ([i = 0, i < 1, (i++)]): null

2022-02-18 15:39:54 - [TEST_STEP][PASSED] - if (tab == "summary"): null

2022-02-18 15:39:54 - [TEST_STEP][PASSED] - idr = PORT_BtnIDR: null

2022-02-18 15:39:54 - [TEST_STEP][PASSED] - persen = PORT_BtnPersen: null

2022-02-18 15:39:54 - [TEST_STEP][PASSED] - if (action == "summary"): Delayed 3 second(s)

2022-02-18 15:39:54 - [TEST_STEP][PASSED] - delay(3): Delayed 3 second(s)

2022-02-18 15:39:57 - [MESSAGE][PASSED] - Delayed 3 second(s)

2022-02-18 15:39:57 - [TEST_STEP][PASSED] - if (action != "summary"): null

2022-02-18 15:39:57 - [MESSAGE][PASSED] - Call Test Case 'Test Cases/Mobile/Page/Portfolio/Portfolio' successfully

2022-02-18 15:39:57 - [TEST_STEP][PASSED] - callTestCase(findTestCase("Mobile/Page/Run App/Terminate App"), [:], STOP_ON_FAILURE): Call Test Case 'Test Cases/Mobile/Page/Run App/Terminate App' successfully

2022-02-18 15:39:57 - [TEST_CASE][PASSED] - Test Cases/Mobile/Page/Run App/Terminate App: Test Cases/Mobile/Page/Run App/Terminate App

2022-02-18 15:39:59 - [TEST_STEP][PASSED] - startApp.OpenApp.terminateApplication(): startApp.OpenApp.terminateApplication is PASSED

2022-02-18 15:40:02 - [MESSAGE][PASSED] - Delayed 3 second(s)

2022-02-18 15:40:02 - [MESSAGE][PASSED] - Current device physical width is 720

2022-02-18 15:40:03 - [MESSAGE][PASSED] - Current device physical height is 1423

2022-02-18 15:40:04 - [MESSAGE][PASSED] - Swiped from 360,853 to 360,142

2022-02-18 15:40:05 - [MESSAGE][PASSED] - Delayed 1 second(s)

2022-02-18 15:40:07 - [MESSAGE][PASSED] - Swiped from 360,853 to 360,142

2022-02-18 15:40:10 - [MESSAGE][PASSED] - Delayed 3 second(s)

2022-02-18 15:40:10 - [MESSAGE][PASSED] - startApp.OpenApp.terminateApplication is PASSED

2022-02-18 15:40:10 - [MESSAGE][PASSED] - Call Test Case 'Test Cases/Mobile/Page/Run App/Terminate App' successfully]]></system-out>
         <system-err><![CDATA[]]></system-err>
      </testcase>
      <testcase name="Test Cases/Mobile/Scenario/Portfolio/002 - Portfolio Performance Daily IDR" time="78.531" classname="Test Cases/Mobile/Scenario/Portfolio/002 - Portfolio Performance Daily IDR" status="PASSED">
         <system-out><![CDATA[2022-02-18 15:40:10 - [TEST_CASE][PASSED] - Test Cases/Mobile/Scenario/Portfolio/002 - Portfolio Performance Daily IDR: Test Cases/Mobile/Scenario/Portfolio/002 - Portfolio Performance Daily IDR

2022-02-18 15:40:11 - [TEST_STEP][PASSED] - callTestCase(findTestCase("Mobile/Page/Run App/Run App byID"), [:], STOP_ON_FAILURE): Call Test Case 'Test Cases/Mobile/Page/Run App/Run App byID' successfully

2022-02-18 15:40:11 - [TEST_CASE][PASSED] - Test Cases/Mobile/Page/Run App/Run App byID: Test Cases/Mobile/Page/Run App/Run App byID

2022-02-18 15:40:11 - [TEST_STEP][PASSED] - startApp.OpenApp.startApplication("id.co.miraeasset.sageclub"): startApp.OpenApp.startApplication is PASSED

2022-02-18 15:40:33 - [MESSAGE][PASSED] - Starting app with application ID: 'id.co.miraeasset.sageclub'

2022-02-18 15:40:33 - [MESSAGE][PASSED] - startApp.OpenApp.startApplication is PASSED

2022-02-18 15:40:33 - [MESSAGE][PASSED] - Call Test Case 'Test Cases/Mobile/Page/Run App/Run App byID' successfully

2022-02-18 15:40:33 - [TEST_STEP][PASSED] - callTestCase(findTestCase("Mobile/Page/Portfolio/Portfolio"), ["tab":"summary", "action":"perf_daily", "action2":"idr"], CONTINUE_ON_FAILURE): Call Test Case 'Test Cases/Mobile/Page/Portfolio/Portfolio' successfully

2022-02-18 15:40:33 - [TEST_CASE][PASSED] - Test Cases/Mobile/Page/Portfolio/Portfolio: Test Cases/Mobile/Page/Portfolio/Portfolio

2022-02-18 15:40:33 - [TEST_STEP][PASSED] - callTestCase(findTestCase("Mobile/Page/CheckLogin"), [:], CONTINUE_ON_FAILURE): Call Test Case 'Test Cases/Mobile/Page/CheckLogin' successfully

2022-02-18 15:40:33 - [TEST_CASE][PASSED] - Test Cases/Mobile/Page/CheckLogin: Test Cases/Mobile/Page/CheckLogin

2022-02-18 15:40:33 - [TEST_STEP][PASSED] - loginCheck = verifyElementExist(LOGN_BtnLogin, 5, CONTINUE_ON_FAILURE): Element 'Object Repository/Mobile/Page/Login/Button - Login' is exist

2022-02-18 15:40:35 - [MESSAGE][PASSED] - Element 'Object Repository/Mobile/Page/Login/Button - Login' is exist

2022-02-18 15:40:35 - [TEST_STEP][PASSED] - if (loginCheck): Call Test Case 'Test Cases/Mobile/Page/Login/Login' successfully

2022-02-18 15:40:35 - [TEST_STEP][PASSED] - callTestCase(findTestCase("Mobile/Page/Login/Login"), ["action":"username"], CONTINUE_ON_FAILURE): Call Test Case 'Test Cases/Mobile/Page/Login/Login' successfully

2022-02-18 15:40:35 - [TEST_CASE][PASSED] - Test Cases/Mobile/Page/Login/Login: Test Cases/Mobile/Page/Login/Login

2022-02-18 15:40:35 - [TEST_STEP][PASSED] - delay(2): Delayed 2 second(s)

2022-02-18 15:40:37 - [MESSAGE][PASSED] - Delayed 2 second(s)

2022-02-18 15:40:37 - [TEST_STEP][PASSED] - for ([i = 0, i < 1, (i++)]): null

2022-02-18 15:40:37 - [TEST_STEP][PASSED] - if (action == "username"): null

2022-02-18 15:40:37 - [TEST_STEP][PASSED] - tap(LOGN_EdtUserID, 0): Tapped on element 'Object Repository/Mobile/Page/Login/Input - UserID'

2022-02-18 15:40:37 - [MESSAGE][WARNING] - Timeout '0' is invalid. Using default page load timeout: '60'

2022-02-18 15:40:37 - [MESSAGE][PASSED] - Tapped on element 'Object Repository/Mobile/Page/Login/Input - UserID'

2022-02-18 15:40:37 - [TEST_STEP][PASSED] - delay(1): Delayed 1 second(s)

2022-02-18 15:40:38 - [MESSAGE][PASSED] - Delayed 1 second(s)

2022-02-18 15:40:38 - [TEST_STEP][PASSED] - setText(LOGN_EdtRdyUserID, "anggaaditya", 0): Text 'anggaaditya' has been set to element 'Object Repository/Mobile/Page/Login/Input Rdy - UserID'

2022-02-18 15:40:38 - [MESSAGE][WARNING] - Timeout '0' is invalid. Using default page load timeout: '60'

2022-02-18 15:40:39 - [MESSAGE][PASSED] - Text 'anggaaditya' has been set to element 'Object Repository/Mobile/Page/Login/Input Rdy - UserID'

2022-02-18 15:40:39 - [TEST_STEP][PASSED] - delay(1): Delayed 1 second(s)

2022-02-18 15:40:40 - [MESSAGE][PASSED] - Delayed 1 second(s)

2022-02-18 15:40:40 - [TEST_STEP][PASSED] - hideKeyboard(): Keyboard is hidden

2022-02-18 15:40:45 - [MESSAGE][PASSED] - Keyboard is hidden

2022-02-18 15:40:45 - [TEST_STEP][PASSED] - tap(LOGN_EdtPassword, 0): Tapped on element 'Object Repository/Mobile/Page/Login/Input - Password'

2022-02-18 15:40:45 - [MESSAGE][WARNING] - Timeout '0' is invalid. Using default page load timeout: '60'

2022-02-18 15:40:45 - [MESSAGE][PASSED] - Tapped on element 'Object Repository/Mobile/Page/Login/Input - Password'

2022-02-18 15:40:45 - [TEST_STEP][PASSED] - delay(1): Delayed 1 second(s)

2022-02-18 15:40:46 - [MESSAGE][PASSED] - Delayed 1 second(s)

2022-02-18 15:40:46 - [TEST_STEP][PASSED] - setText(LOGN_EdtRdyPassword, "Shalawa18", 0): Text 'Shalawa18' has been set to element 'Object Repository/Mobile/Page/Login/Input Rdy - Password'

2022-02-18 15:40:46 - [MESSAGE][WARNING] - Timeout '0' is invalid. Using default page load timeout: '60'

2022-02-18 15:40:47 - [MESSAGE][PASSED] - Text 'Shalawa18' has been set to element 'Object Repository/Mobile/Page/Login/Input Rdy - Password'

2022-02-18 15:40:47 - [TEST_STEP][PASSED] - delay(1): Delayed 1 second(s)

2022-02-18 15:40:48 - [MESSAGE][PASSED] - Delayed 1 second(s)

2022-02-18 15:40:48 - [TEST_STEP][PASSED] - hideKeyboard(): Keyboard is hidden

2022-02-18 15:40:56 - [MESSAGE][PASSED] - Keyboard is hidden

2022-02-18 15:40:56 - [TEST_STEP][PASSED] - tap(LOGN_BtnLogin, 0): Tapped on element 'Object Repository/Mobile/Page/Login/Button - Login'

2022-02-18 15:40:56 - [MESSAGE][WARNING] - Timeout '0' is invalid. Using default page load timeout: '60'

2022-02-18 15:40:57 - [MESSAGE][PASSED] - Tapped on element 'Object Repository/Mobile/Page/Login/Button - Login'

2022-02-18 15:40:57 - [TEST_STEP][PASSED] - delay(2): Delayed 2 second(s)

2022-02-18 15:40:59 - [MESSAGE][PASSED] - Delayed 2 second(s)

2022-02-18 15:40:59 - [TEST_STEP][PASSED] - break: null

2022-02-18 15:40:59 - [MESSAGE][PASSED] - Call Test Case 'Test Cases/Mobile/Page/Login/Login' successfully

2022-02-18 15:40:59 - [MESSAGE][PASSED] - Call Test Case 'Test Cases/Mobile/Page/CheckLogin' successfully

2022-02-18 15:40:59 - [TEST_STEP][PASSED] - tap(HOME_MenubarPortfolio, 0): Tapped on element 'Object Repository/Mobile/Page/Home/Menubar - Portfolio'

2022-02-18 15:40:59 - [MESSAGE][WARNING] - Timeout '0' is invalid. Using default page load timeout: '60'

2022-02-18 15:41:01 - [MESSAGE][PASSED] - Tapped on element 'Object Repository/Mobile/Page/Home/Menubar - Portfolio'

2022-02-18 15:41:01 - [TEST_STEP][PASSED] - delay(1): Delayed 1 second(s)

2022-02-18 15:41:02 - [MESSAGE][PASSED] - Delayed 1 second(s)

2022-02-18 15:41:02 - [TEST_STEP][PASSED] - for ([i = 0, i < 1, (i++)]): Delayed 3 second(s)

2022-02-18 15:41:02 - [TEST_STEP][PASSED] - if (tab == "summary"): Delayed 3 second(s)

2022-02-18 15:41:02 - [TEST_STEP][PASSED] - idr = PORT_BtnIDR: null

2022-02-18 15:41:02 - [TEST_STEP][PASSED] - persen = PORT_BtnPersen: null

2022-02-18 15:41:02 - [TEST_STEP][PASSED] - if (action == "summary"): null

2022-02-18 15:41:02 - [TEST_STEP][PASSED] - else if (action == "perf_daily"): scroll.scroll.scrollScreenBottomToTop is PASSED

2022-02-18 15:41:02 - [TEST_STEP][PASSED] - scroll.scroll.scrollScreenBottomToTop(): scroll.scroll.scrollScreenBottomToTop is PASSED

2022-02-18 15:41:02 - [MESSAGE][PASSED] - Current device physical height is 1423

2022-02-18 15:41:03 - [MESSAGE][PASSED] - Current device physical width is 720

2022-02-18 15:41:04 - [MESSAGE][PASSED] - Swiped from 360,1,138 to 360,284

2022-02-18 15:41:05 - [MESSAGE][PASSED] - scroll.scroll.scrollScreenBottomToTop is PASSED

2022-02-18 15:41:05 - [TEST_STEP][PASSED] - if (action != "summary"): Delayed 3 second(s)

2022-02-18 15:41:05 - [TEST_STEP][PASSED] - delay(1): Delayed 1 second(s)

2022-02-18 15:41:06 - [MESSAGE][PASSED] - Delayed 1 second(s)

2022-02-18 15:41:06 - [TEST_STEP][PASSED] - scroll.scroll.scrollScreenBottomToTop(): scroll.scroll.scrollScreenBottomToTop is PASSED

2022-02-18 15:41:06 - [MESSAGE][PASSED] - Current device physical height is 1423

2022-02-18 15:41:06 - [MESSAGE][PASSED] - Current device physical width is 720

2022-02-18 15:41:08 - [MESSAGE][PASSED] - Swiped from 360,1,138 to 360,284

2022-02-18 15:41:08 - [MESSAGE][PASSED] - scroll.scroll.scrollScreenBottomToTop is PASSED

2022-02-18 15:41:08 - [TEST_STEP][PASSED] - scroll.scroll.scrollScreenBottomToTop(): scroll.scroll.scrollScreenBottomToTop is PASSED

2022-02-18 15:41:08 - [MESSAGE][PASSED] - Current device physical height is 1423

2022-02-18 15:41:09 - [MESSAGE][PASSED] - Current device physical width is 720

2022-02-18 15:41:10 - [MESSAGE][PASSED] - Swiped from 360,1,138 to 360,284

2022-02-18 15:41:10 - [MESSAGE][PASSED] - scroll.scroll.scrollScreenBottomToTop is PASSED

2022-02-18 15:41:10 - [TEST_STEP][PASSED] - delay(3): Delayed 3 second(s)

2022-02-18 15:41:13 - [MESSAGE][PASSED] - Delayed 3 second(s)

2022-02-18 15:41:13 - [TEST_STEP][PASSED] - if (action2 == "idr"): Delayed 3 second(s)

2022-02-18 15:41:13 - [TEST_STEP][PASSED] - tap(idr, 10): Tapped on element 'Object Repository/Mobile/Page/Portfolio/Button - IDR'

2022-02-18 15:41:14 - [MESSAGE][PASSED] - Tapped on element 'Object Repository/Mobile/Page/Portfolio/Button - IDR'

2022-02-18 15:41:14 - [TEST_STEP][PASSED] - delay(3): Delayed 3 second(s)

2022-02-18 15:41:17 - [MESSAGE][PASSED] - Delayed 3 second(s)

2022-02-18 15:41:17 - [MESSAGE][PASSED] - Call Test Case 'Test Cases/Mobile/Page/Portfolio/Portfolio' successfully

2022-02-18 15:41:17 - [TEST_STEP][PASSED] - callTestCase(findTestCase("Mobile/Page/Run App/Terminate App"), [:], STOP_ON_FAILURE): Call Test Case 'Test Cases/Mobile/Page/Run App/Terminate App' successfully

2022-02-18 15:41:17 - [TEST_CASE][PASSED] - Test Cases/Mobile/Page/Run App/Terminate App: Test Cases/Mobile/Page/Run App/Terminate App

2022-02-18 15:41:17 - [TEST_STEP][PASSED] - startApp.OpenApp.terminateApplication(): startApp.OpenApp.terminateApplication is PASSED

2022-02-18 15:41:20 - [MESSAGE][PASSED] - Delayed 3 second(s)

2022-02-18 15:41:21 - [MESSAGE][PASSED] - Current device physical width is 720

2022-02-18 15:41:21 - [MESSAGE][PASSED] - Current device physical height is 1423

2022-02-18 15:41:23 - [MESSAGE][PASSED] - Swiped from 360,853 to 360,142

2022-02-18 15:41:24 - [MESSAGE][PASSED] - Delayed 1 second(s)

2022-02-18 15:41:26 - [MESSAGE][PASSED] - Swiped from 360,853 to 360,142

2022-02-18 15:41:29 - [MESSAGE][PASSED] - Delayed 3 second(s)

2022-02-18 15:41:29 - [MESSAGE][PASSED] - startApp.OpenApp.terminateApplication is PASSED

2022-02-18 15:41:29 - [MESSAGE][PASSED] - Call Test Case 'Test Cases/Mobile/Page/Run App/Terminate App' successfully]]></system-out>
         <system-err><![CDATA[]]></system-err>
      </testcase>
      <testcase name="Test Cases/Mobile/Scenario/Portfolio/003 - Portfolio Performance Month to Date IDR" time="78.965" classname="Test Cases/Mobile/Scenario/Portfolio/003 - Portfolio Performance Month to Date IDR" status="PASSED">
         <system-out><![CDATA[2022-02-18 15:41:29 - [TEST_CASE][PASSED] - Test Cases/Mobile/Scenario/Portfolio/003 - Portfolio Performance Month to Date IDR: Test Cases/Mobile/Scenario/Portfolio/003 - Portfolio Performance Month to Date IDR

2022-02-18 15:41:30 - [TEST_STEP][PASSED] - callTestCase(findTestCase("Mobile/Page/Run App/Run App byID"), [:], STOP_ON_FAILURE): Call Test Case 'Test Cases/Mobile/Page/Run App/Run App byID' successfully

2022-02-18 15:41:30 - [TEST_CASE][PASSED] - Test Cases/Mobile/Page/Run App/Run App byID: Test Cases/Mobile/Page/Run App/Run App byID

2022-02-18 15:41:30 - [TEST_STEP][PASSED] - startApp.OpenApp.startApplication("id.co.miraeasset.sageclub"): startApp.OpenApp.startApplication is PASSED

2022-02-18 15:41:50 - [MESSAGE][PASSED] - Starting app with application ID: 'id.co.miraeasset.sageclub'

2022-02-18 15:41:50 - [MESSAGE][PASSED] - startApp.OpenApp.startApplication is PASSED

2022-02-18 15:41:50 - [MESSAGE][PASSED] - Call Test Case 'Test Cases/Mobile/Page/Run App/Run App byID' successfully

2022-02-18 15:41:50 - [TEST_STEP][PASSED] - callTestCase(findTestCase("Mobile/Page/Portfolio/Portfolio"), ["tab":"summary", "action":"perf_month", "action2":"idr"], CONTINUE_ON_FAILURE): Call Test Case 'Test Cases/Mobile/Page/Portfolio/Portfolio' successfully

2022-02-18 15:41:50 - [TEST_CASE][PASSED] - Test Cases/Mobile/Page/Portfolio/Portfolio: Test Cases/Mobile/Page/Portfolio/Portfolio

2022-02-18 15:41:50 - [TEST_STEP][PASSED] - callTestCase(findTestCase("Mobile/Page/CheckLogin"), [:], CONTINUE_ON_FAILURE): Call Test Case 'Test Cases/Mobile/Page/CheckLogin' successfully

2022-02-18 15:41:51 - [TEST_CASE][PASSED] - Test Cases/Mobile/Page/CheckLogin: Test Cases/Mobile/Page/CheckLogin

2022-02-18 15:41:51 - [TEST_STEP][PASSED] - loginCheck = verifyElementExist(LOGN_BtnLogin, 5, CONTINUE_ON_FAILURE): Element 'Object Repository/Mobile/Page/Login/Button - Login' is exist

2022-02-18 15:41:53 - [MESSAGE][PASSED] - Element 'Object Repository/Mobile/Page/Login/Button - Login' is exist

2022-02-18 15:41:53 - [TEST_STEP][PASSED] - if (loginCheck): Call Test Case 'Test Cases/Mobile/Page/Login/Login' successfully

2022-02-18 15:41:53 - [TEST_STEP][PASSED] - callTestCase(findTestCase("Mobile/Page/Login/Login"), ["action":"username"], CONTINUE_ON_FAILURE): Call Test Case 'Test Cases/Mobile/Page/Login/Login' successfully

2022-02-18 15:41:53 - [TEST_CASE][PASSED] - Test Cases/Mobile/Page/Login/Login: Test Cases/Mobile/Page/Login/Login

2022-02-18 15:41:53 - [TEST_STEP][PASSED] - delay(2): Delayed 2 second(s)

2022-02-18 15:41:55 - [MESSAGE][PASSED] - Delayed 2 second(s)

2022-02-18 15:41:55 - [TEST_STEP][PASSED] - for ([i = 0, i < 1, (i++)]): null

2022-02-18 15:41:55 - [TEST_STEP][PASSED] - if (action == "username"): null

2022-02-18 15:41:55 - [TEST_STEP][PASSED] - tap(LOGN_EdtUserID, 0): Tapped on element 'Object Repository/Mobile/Page/Login/Input - UserID'

2022-02-18 15:41:55 - [MESSAGE][WARNING] - Timeout '0' is invalid. Using default page load timeout: '60'

2022-02-18 15:41:55 - [MESSAGE][PASSED] - Tapped on element 'Object Repository/Mobile/Page/Login/Input - UserID'

2022-02-18 15:41:55 - [TEST_STEP][PASSED] - delay(1): Delayed 1 second(s)

2022-02-18 15:41:56 - [MESSAGE][PASSED] - Delayed 1 second(s)

2022-02-18 15:41:56 - [TEST_STEP][PASSED] - setText(LOGN_EdtRdyUserID, "anggaaditya", 0): Text 'anggaaditya' has been set to element 'Object Repository/Mobile/Page/Login/Input Rdy - UserID'

2022-02-18 15:41:56 - [MESSAGE][WARNING] - Timeout '0' is invalid. Using default page load timeout: '60'

2022-02-18 15:41:57 - [MESSAGE][PASSED] - Text 'anggaaditya' has been set to element 'Object Repository/Mobile/Page/Login/Input Rdy - UserID'

2022-02-18 15:41:57 - [TEST_STEP][PASSED] - delay(1): Delayed 1 second(s)

2022-02-18 15:41:58 - [MESSAGE][PASSED] - Delayed 1 second(s)

2022-02-18 15:41:58 - [TEST_STEP][PASSED] - hideKeyboard(): Keyboard is hidden

2022-02-18 15:42:03 - [MESSAGE][PASSED] - Keyboard is hidden

2022-02-18 15:42:03 - [TEST_STEP][PASSED] - tap(LOGN_EdtPassword, 0): Tapped on element 'Object Repository/Mobile/Page/Login/Input - Password'

2022-02-18 15:42:03 - [MESSAGE][WARNING] - Timeout '0' is invalid. Using default page load timeout: '60'

2022-02-18 15:42:03 - [MESSAGE][PASSED] - Tapped on element 'Object Repository/Mobile/Page/Login/Input - Password'

2022-02-18 15:42:03 - [TEST_STEP][PASSED] - delay(1): Delayed 1 second(s)

2022-02-18 15:42:04 - [MESSAGE][PASSED] - Delayed 1 second(s)

2022-02-18 15:42:04 - [TEST_STEP][PASSED] - setText(LOGN_EdtRdyPassword, "Shalawa18", 0): Text 'Shalawa18' has been set to element 'Object Repository/Mobile/Page/Login/Input Rdy - Password'

2022-02-18 15:42:04 - [MESSAGE][WARNING] - Timeout '0' is invalid. Using default page load timeout: '60'

2022-02-18 15:42:05 - [MESSAGE][PASSED] - Text 'Shalawa18' has been set to element 'Object Repository/Mobile/Page/Login/Input Rdy - Password'

2022-02-18 15:42:05 - [TEST_STEP][PASSED] - delay(1): Delayed 1 second(s)

2022-02-18 15:42:06 - [MESSAGE][PASSED] - Delayed 1 second(s)

2022-02-18 15:42:06 - [TEST_STEP][PASSED] - hideKeyboard(): Keyboard is hidden

2022-02-18 15:42:13 - [MESSAGE][PASSED] - Keyboard is hidden

2022-02-18 15:42:13 - [TEST_STEP][PASSED] - tap(LOGN_BtnLogin, 0): Tapped on element 'Object Repository/Mobile/Page/Login/Button - Login'

2022-02-18 15:42:13 - [MESSAGE][WARNING] - Timeout '0' is invalid. Using default page load timeout: '60'

2022-02-18 15:42:14 - [MESSAGE][PASSED] - Tapped on element 'Object Repository/Mobile/Page/Login/Button - Login'

2022-02-18 15:42:14 - [TEST_STEP][PASSED] - delay(2): Delayed 2 second(s)

2022-02-18 15:42:16 - [MESSAGE][PASSED] - Delayed 2 second(s)

2022-02-18 15:42:16 - [TEST_STEP][PASSED] - break: null

2022-02-18 15:42:16 - [MESSAGE][PASSED] - Call Test Case 'Test Cases/Mobile/Page/Login/Login' successfully

2022-02-18 15:42:16 - [MESSAGE][PASSED] - Call Test Case 'Test Cases/Mobile/Page/CheckLogin' successfully

2022-02-18 15:42:16 - [TEST_STEP][PASSED] - tap(HOME_MenubarPortfolio, 0): Tapped on element 'Object Repository/Mobile/Page/Home/Menubar - Portfolio'

2022-02-18 15:42:16 - [MESSAGE][WARNING] - Timeout '0' is invalid. Using default page load timeout: '60'

2022-02-18 15:42:18 - [MESSAGE][PASSED] - Tapped on element 'Object Repository/Mobile/Page/Home/Menubar - Portfolio'

2022-02-18 15:42:18 - [TEST_STEP][PASSED] - delay(1): Delayed 1 second(s)

2022-02-18 15:42:19 - [MESSAGE][PASSED] - Delayed 1 second(s)

2022-02-18 15:42:19 - [TEST_STEP][PASSED] - for ([i = 0, i < 1, (i++)]): Delayed 3 second(s)

2022-02-18 15:42:19 - [TEST_STEP][PASSED] - if (tab == "summary"): Delayed 3 second(s)

2022-02-18 15:42:19 - [TEST_STEP][PASSED] - idr = PORT_BtnIDR: null

2022-02-18 15:42:19 - [TEST_STEP][PASSED] - persen = PORT_BtnPersen: null

2022-02-18 15:42:19 - [TEST_STEP][PASSED] - if (action == "summary"): null

2022-02-18 15:42:19 - [TEST_STEP][PASSED] - else if (action == "perf_daily"): null

2022-02-18 15:42:19 - [TEST_STEP][PASSED] - else if (action == "perf_month"): Tapped on element 'Object Repository/Mobile/Page/Portfolio/Tab - Summary Month to Date'

2022-02-18 15:42:19 - [TEST_STEP][PASSED] - scroll.scroll.scrollScreenBottomToTop(): scroll.scroll.scrollScreenBottomToTop is PASSED

2022-02-18 15:42:19 - [MESSAGE][PASSED] - Current device physical height is 1423

2022-02-18 15:42:20 - [MESSAGE][PASSED] - Current device physical width is 720

2022-02-18 15:42:22 - [MESSAGE][PASSED] - Swiped from 360,1,138 to 360,284

2022-02-18 15:42:22 - [MESSAGE][PASSED] - scroll.scroll.scrollScreenBottomToTop is PASSED

2022-02-18 15:42:22 - [TEST_STEP][PASSED] - delay(1): Delayed 1 second(s)

2022-02-18 15:42:23 - [MESSAGE][PASSED] - Delayed 1 second(s)

2022-02-18 15:42:23 - [TEST_STEP][PASSED] - tap(PORT_TabSummaryMonth, 0): Tapped on element 'Object Repository/Mobile/Page/Portfolio/Tab - Summary Month to Date'

2022-02-18 15:42:23 - [MESSAGE][WARNING] - Timeout '0' is invalid. Using default page load timeout: '60'

2022-02-18 15:42:24 - [MESSAGE][PASSED] - Tapped on element 'Object Repository/Mobile/Page/Portfolio/Tab - Summary Month to Date'

2022-02-18 15:42:24 - [TEST_STEP][PASSED] - if (action != "summary"): Delayed 3 second(s)

2022-02-18 15:42:24 - [TEST_STEP][PASSED] - delay(1): Delayed 1 second(s)

2022-02-18 15:42:25 - [MESSAGE][PASSED] - Delayed 1 second(s)

2022-02-18 15:42:25 - [TEST_STEP][PASSED] - scroll.scroll.scrollScreenBottomToTop(): scroll.scroll.scrollScreenBottomToTop is PASSED

2022-02-18 15:42:25 - [MESSAGE][PASSED] - Current device physical height is 1423

2022-02-18 15:42:25 - [MESSAGE][PASSED] - Current device physical width is 720

2022-02-18 15:42:27 - [MESSAGE][PASSED] - Swiped from 360,1,138 to 360,284

2022-02-18 15:42:27 - [MESSAGE][PASSED] - scroll.scroll.scrollScreenBottomToTop is PASSED

2022-02-18 15:42:27 - [TEST_STEP][PASSED] - scroll.scroll.scrollScreenBottomToTop(): scroll.scroll.scrollScreenBottomToTop is PASSED

2022-02-18 15:42:27 - [MESSAGE][PASSED] - Current device physical height is 1423

2022-02-18 15:42:28 - [MESSAGE][PASSED] - Current device physical width is 720

2022-02-18 15:42:29 - [MESSAGE][PASSED] - Swiped from 360,1,138 to 360,284

2022-02-18 15:42:29 - [MESSAGE][PASSED] - scroll.scroll.scrollScreenBottomToTop is PASSED

2022-02-18 15:42:29 - [TEST_STEP][PASSED] - delay(3): Delayed 3 second(s)

2022-02-18 15:42:32 - [MESSAGE][PASSED] - Delayed 3 second(s)

2022-02-18 15:42:32 - [TEST_STEP][PASSED] - if (action2 == "idr"): Delayed 3 second(s)

2022-02-18 15:42:32 - [TEST_STEP][PASSED] - tap(idr, 10): Tapped on element 'Object Repository/Mobile/Page/Portfolio/Button - IDR'

2022-02-18 15:42:33 - [MESSAGE][PASSED] - Tapped on element 'Object Repository/Mobile/Page/Portfolio/Button - IDR'

2022-02-18 15:42:33 - [TEST_STEP][PASSED] - delay(3): Delayed 3 second(s)

2022-02-18 15:42:36 - [MESSAGE][PASSED] - Delayed 3 second(s)

2022-02-18 15:42:36 - [MESSAGE][PASSED] - Call Test Case 'Test Cases/Mobile/Page/Portfolio/Portfolio' successfully

2022-02-18 15:42:36 - [TEST_STEP][PASSED] - callTestCase(findTestCase("Mobile/Page/Run App/Terminate App"), [:], STOP_ON_FAILURE): Call Test Case 'Test Cases/Mobile/Page/Run App/Terminate App' successfully

2022-02-18 15:42:36 - [TEST_CASE][PASSED] - Test Cases/Mobile/Page/Run App/Terminate App: Test Cases/Mobile/Page/Run App/Terminate App

2022-02-18 15:42:36 - [TEST_STEP][PASSED] - startApp.OpenApp.terminateApplication(): startApp.OpenApp.terminateApplication is PASSED

2022-02-18 15:42:39 - [MESSAGE][PASSED] - Delayed 3 second(s)

2022-02-18 15:42:40 - [MESSAGE][PASSED] - Current device physical width is 720

2022-02-18 15:42:40 - [MESSAGE][PASSED] - Current device physical height is 1423

2022-02-18 15:42:42 - [MESSAGE][PASSED] - Swiped from 360,853 to 360,142

2022-02-18 15:42:43 - [MESSAGE][PASSED] - Delayed 1 second(s)

2022-02-18 15:42:45 - [MESSAGE][PASSED] - Swiped from 360,853 to 360,142

2022-02-18 15:42:48 - [MESSAGE][PASSED] - Delayed 3 second(s)

2022-02-18 15:42:48 - [MESSAGE][PASSED] - startApp.OpenApp.terminateApplication is PASSED

2022-02-18 15:42:48 - [MESSAGE][PASSED] - Call Test Case 'Test Cases/Mobile/Page/Run App/Terminate App' successfully]]></system-out>
         <system-err><![CDATA[]]></system-err>
      </testcase>
      <testcase name="Test Cases/Mobile/Scenario/Portfolio/004 - Portfolio Performance Quarter to Date IDR" time="78.789" classname="Test Cases/Mobile/Scenario/Portfolio/004 - Portfolio Performance Quarter to Date IDR" status="PASSED">
         <system-out><![CDATA[2022-02-18 15:42:48 - [TEST_CASE][PASSED] - Test Cases/Mobile/Scenario/Portfolio/004 - Portfolio Performance Quarter to Date IDR: Test Cases/Mobile/Scenario/Portfolio/004 - Portfolio Performance Quarter to Date IDR

2022-02-18 15:42:49 - [TEST_STEP][PASSED] - callTestCase(findTestCase("Mobile/Page/Run App/Run App byID"), [:], STOP_ON_FAILURE): Call Test Case 'Test Cases/Mobile/Page/Run App/Run App byID' successfully

2022-02-18 15:42:49 - [TEST_CASE][PASSED] - Test Cases/Mobile/Page/Run App/Run App byID: Test Cases/Mobile/Page/Run App/Run App byID

2022-02-18 15:42:49 - [TEST_STEP][PASSED] - startApp.OpenApp.startApplication("id.co.miraeasset.sageclub"): startApp.OpenApp.startApplication is PASSED

2022-02-18 15:43:09 - [MESSAGE][PASSED] - Starting app with application ID: 'id.co.miraeasset.sageclub'

2022-02-18 15:43:09 - [MESSAGE][PASSED] - startApp.OpenApp.startApplication is PASSED

2022-02-18 15:43:09 - [MESSAGE][PASSED] - Call Test Case 'Test Cases/Mobile/Page/Run App/Run App byID' successfully

2022-02-18 15:43:09 - [TEST_STEP][PASSED] - callTestCase(findTestCase("Mobile/Page/Portfolio/Portfolio"), ["tab":"summary", "action":"perf_quarter", "action2":"idr"], CONTINUE_ON_FAILURE): Call Test Case 'Test Cases/Mobile/Page/Portfolio/Portfolio' successfully

2022-02-18 15:43:09 - [TEST_CASE][PASSED] - Test Cases/Mobile/Page/Portfolio/Portfolio: Test Cases/Mobile/Page/Portfolio/Portfolio

2022-02-18 15:43:09 - [TEST_STEP][PASSED] - callTestCase(findTestCase("Mobile/Page/CheckLogin"), [:], CONTINUE_ON_FAILURE): Call Test Case 'Test Cases/Mobile/Page/CheckLogin' successfully

2022-02-18 15:43:09 - [TEST_CASE][PASSED] - Test Cases/Mobile/Page/CheckLogin: Test Cases/Mobile/Page/CheckLogin

2022-02-18 15:43:09 - [TEST_STEP][PASSED] - loginCheck = verifyElementExist(LOGN_BtnLogin, 5, CONTINUE_ON_FAILURE): Element 'Object Repository/Mobile/Page/Login/Button - Login' is exist

2022-02-18 15:43:11 - [MESSAGE][PASSED] - Element 'Object Repository/Mobile/Page/Login/Button - Login' is exist

2022-02-18 15:43:11 - [TEST_STEP][PASSED] - if (loginCheck): Call Test Case 'Test Cases/Mobile/Page/Login/Login' successfully

2022-02-18 15:43:11 - [TEST_STEP][PASSED] - callTestCase(findTestCase("Mobile/Page/Login/Login"), ["action":"username"], CONTINUE_ON_FAILURE): Call Test Case 'Test Cases/Mobile/Page/Login/Login' successfully

2022-02-18 15:43:11 - [TEST_CASE][PASSED] - Test Cases/Mobile/Page/Login/Login: Test Cases/Mobile/Page/Login/Login

2022-02-18 15:43:11 - [TEST_STEP][PASSED] - delay(2): Delayed 2 second(s)

2022-02-18 15:43:13 - [MESSAGE][PASSED] - Delayed 2 second(s)

2022-02-18 15:43:13 - [TEST_STEP][PASSED] - for ([i = 0, i < 1, (i++)]): null

2022-02-18 15:43:13 - [TEST_STEP][PASSED] - if (action == "username"): null

2022-02-18 15:43:13 - [TEST_STEP][PASSED] - tap(LOGN_EdtUserID, 0): Tapped on element 'Object Repository/Mobile/Page/Login/Input - UserID'

2022-02-18 15:43:13 - [MESSAGE][WARNING] - Timeout '0' is invalid. Using default page load timeout: '60'

2022-02-18 15:43:14 - [MESSAGE][PASSED] - Tapped on element 'Object Repository/Mobile/Page/Login/Input - UserID'

2022-02-18 15:43:14 - [TEST_STEP][PASSED] - delay(1): Delayed 1 second(s)

2022-02-18 15:43:15 - [MESSAGE][PASSED] - Delayed 1 second(s)

2022-02-18 15:43:15 - [TEST_STEP][PASSED] - setText(LOGN_EdtRdyUserID, "anggaaditya", 0): Text 'anggaaditya' has been set to element 'Object Repository/Mobile/Page/Login/Input Rdy - UserID'

2022-02-18 15:43:15 - [MESSAGE][WARNING] - Timeout '0' is invalid. Using default page load timeout: '60'

2022-02-18 15:43:16 - [MESSAGE][PASSED] - Text 'anggaaditya' has been set to element 'Object Repository/Mobile/Page/Login/Input Rdy - UserID'

2022-02-18 15:43:16 - [TEST_STEP][PASSED] - delay(1): Delayed 1 second(s)

2022-02-18 15:43:17 - [MESSAGE][PASSED] - Delayed 1 second(s)

2022-02-18 15:43:17 - [TEST_STEP][PASSED] - hideKeyboard(): Keyboard is hidden

2022-02-18 15:43:21 - [MESSAGE][PASSED] - Keyboard is hidden

2022-02-18 15:43:21 - [TEST_STEP][PASSED] - tap(LOGN_EdtPassword, 0): Tapped on element 'Object Repository/Mobile/Page/Login/Input - Password'

2022-02-18 15:43:21 - [MESSAGE][WARNING] - Timeout '0' is invalid. Using default page load timeout: '60'

2022-02-18 15:43:22 - [MESSAGE][PASSED] - Tapped on element 'Object Repository/Mobile/Page/Login/Input - Password'

2022-02-18 15:43:22 - [TEST_STEP][PASSED] - delay(1): Delayed 1 second(s)

2022-02-18 15:43:23 - [MESSAGE][PASSED] - Delayed 1 second(s)

2022-02-18 15:43:23 - [TEST_STEP][PASSED] - setText(LOGN_EdtRdyPassword, "Shalawa18", 0): Text 'Shalawa18' has been set to element 'Object Repository/Mobile/Page/Login/Input Rdy - Password'

2022-02-18 15:43:23 - [MESSAGE][WARNING] - Timeout '0' is invalid. Using default page load timeout: '60'

2022-02-18 15:43:24 - [MESSAGE][PASSED] - Text 'Shalawa18' has been set to element 'Object Repository/Mobile/Page/Login/Input Rdy - Password'

2022-02-18 15:43:24 - [TEST_STEP][PASSED] - delay(1): Delayed 1 second(s)

2022-02-18 15:43:25 - [MESSAGE][PASSED] - Delayed 1 second(s)

2022-02-18 15:43:25 - [TEST_STEP][PASSED] - hideKeyboard(): Keyboard is hidden

2022-02-18 15:43:32 - [MESSAGE][PASSED] - Keyboard is hidden

2022-02-18 15:43:32 - [TEST_STEP][PASSED] - tap(LOGN_BtnLogin, 0): Tapped on element 'Object Repository/Mobile/Page/Login/Button - Login'

2022-02-18 15:43:32 - [MESSAGE][WARNING] - Timeout '0' is invalid. Using default page load timeout: '60'

2022-02-18 15:43:33 - [MESSAGE][PASSED] - Tapped on element 'Object Repository/Mobile/Page/Login/Button - Login'

2022-02-18 15:43:33 - [TEST_STEP][PASSED] - delay(2): Delayed 2 second(s)

2022-02-18 15:43:35 - [MESSAGE][PASSED] - Delayed 2 second(s)

2022-02-18 15:43:35 - [TEST_STEP][PASSED] - break: null

2022-02-18 15:43:35 - [MESSAGE][PASSED] - Call Test Case 'Test Cases/Mobile/Page/Login/Login' successfully

2022-02-18 15:43:35 - [MESSAGE][PASSED] - Call Test Case 'Test Cases/Mobile/Page/CheckLogin' successfully

2022-02-18 15:43:35 - [TEST_STEP][PASSED] - tap(HOME_MenubarPortfolio, 0): Tapped on element 'Object Repository/Mobile/Page/Home/Menubar - Portfolio'

2022-02-18 15:43:35 - [MESSAGE][WARNING] - Timeout '0' is invalid. Using default page load timeout: '60'

2022-02-18 15:43:37 - [MESSAGE][PASSED] - Tapped on element 'Object Repository/Mobile/Page/Home/Menubar - Portfolio'

2022-02-18 15:43:37 - [TEST_STEP][PASSED] - delay(1): Delayed 1 second(s)

2022-02-18 15:43:38 - [MESSAGE][PASSED] - Delayed 1 second(s)

2022-02-18 15:43:38 - [TEST_STEP][PASSED] - for ([i = 0, i < 1, (i++)]): Delayed 3 second(s)

2022-02-18 15:43:38 - [TEST_STEP][PASSED] - if (tab == "summary"): Delayed 3 second(s)

2022-02-18 15:43:38 - [TEST_STEP][PASSED] - idr = PORT_BtnIDR: null

2022-02-18 15:43:38 - [TEST_STEP][PASSED] - persen = PORT_BtnPersen: null

2022-02-18 15:43:38 - [TEST_STEP][PASSED] - if (action == "summary"): null

2022-02-18 15:43:38 - [TEST_STEP][PASSED] - else if (action == "perf_daily"): null

2022-02-18 15:43:38 - [TEST_STEP][PASSED] - else if (action == "perf_month"): null

2022-02-18 15:43:38 - [TEST_STEP][PASSED] - else if (action == "perf_quarter"): Tapped on element 'Object Repository/Mobile/Page/Portfolio/Tab - Summary Quarter to Date'

2022-02-18 15:43:38 - [TEST_STEP][PASSED] - scroll.scroll.scrollScreenBottomToTop(): scroll.scroll.scrollScreenBottomToTop is PASSED

2022-02-18 15:43:39 - [MESSAGE][PASSED] - Current device physical height is 1423

2022-02-18 15:43:39 - [MESSAGE][PASSED] - Current device physical width is 720

2022-02-18 15:43:41 - [MESSAGE][PASSED] - Swiped from 360,1,138 to 360,284

2022-02-18 15:43:41 - [MESSAGE][PASSED] - scroll.scroll.scrollScreenBottomToTop is PASSED

2022-02-18 15:43:41 - [TEST_STEP][PASSED] - delay(1): Delayed 1 second(s)

2022-02-18 15:43:42 - [MESSAGE][PASSED] - Delayed 1 second(s)

2022-02-18 15:43:42 - [TEST_STEP][PASSED] - tap(PORT_TabSummaryQuarter, 0): Tapped on element 'Object Repository/Mobile/Page/Portfolio/Tab - Summary Quarter to Date'

2022-02-18 15:43:42 - [MESSAGE][WARNING] - Timeout '0' is invalid. Using default page load timeout: '60'

2022-02-18 15:43:42 - [MESSAGE][PASSED] - Tapped on element 'Object Repository/Mobile/Page/Portfolio/Tab - Summary Quarter to Date'

2022-02-18 15:43:42 - [TEST_STEP][PASSED] - if (action != "summary"): Delayed 3 second(s)

2022-02-18 15:43:42 - [TEST_STEP][PASSED] - delay(1): Delayed 1 second(s)

2022-02-18 15:43:43 - [MESSAGE][PASSED] - Delayed 1 second(s)

2022-02-18 15:43:43 - [TEST_STEP][PASSED] - scroll.scroll.scrollScreenBottomToTop(): scroll.scroll.scrollScreenBottomToTop is PASSED

2022-02-18 15:43:44 - [MESSAGE][PASSED] - Current device physical height is 1423

2022-02-18 15:43:44 - [MESSAGE][PASSED] - Current device physical width is 720

2022-02-18 15:43:46 - [MESSAGE][PASSED] - Swiped from 360,1,138 to 360,284

2022-02-18 15:43:46 - [MESSAGE][PASSED] - scroll.scroll.scrollScreenBottomToTop is PASSED

2022-02-18 15:43:46 - [TEST_STEP][PASSED] - scroll.scroll.scrollScreenBottomToTop(): scroll.scroll.scrollScreenBottomToTop is PASSED

2022-02-18 15:43:46 - [MESSAGE][PASSED] - Current device physical height is 1423

2022-02-18 15:43:47 - [MESSAGE][PASSED] - Current device physical width is 720

2022-02-18 15:43:48 - [MESSAGE][PASSED] - Swiped from 360,1,138 to 360,284

2022-02-18 15:43:48 - [MESSAGE][PASSED] - scroll.scroll.scrollScreenBottomToTop is PASSED

2022-02-18 15:43:48 - [TEST_STEP][PASSED] - delay(3): Delayed 3 second(s)

2022-02-18 15:43:51 - [MESSAGE][PASSED] - Delayed 3 second(s)

2022-02-18 15:43:51 - [TEST_STEP][PASSED] - if (action2 == "idr"): Delayed 3 second(s)

2022-02-18 15:43:51 - [TEST_STEP][PASSED] - tap(idr, 10): Tapped on element 'Object Repository/Mobile/Page/Portfolio/Button - IDR'

2022-02-18 15:43:52 - [MESSAGE][PASSED] - Tapped on element 'Object Repository/Mobile/Page/Portfolio/Button - IDR'

2022-02-18 15:43:52 - [TEST_STEP][PASSED] - delay(3): Delayed 3 second(s)

2022-02-18 15:43:55 - [MESSAGE][PASSED] - Delayed 3 second(s)

2022-02-18 15:43:55 - [MESSAGE][PASSED] - Call Test Case 'Test Cases/Mobile/Page/Portfolio/Portfolio' successfully

2022-02-18 15:43:55 - [TEST_STEP][PASSED] - callTestCase(findTestCase("Mobile/Page/Run App/Terminate App"), [:], STOP_ON_FAILURE): Call Test Case 'Test Cases/Mobile/Page/Run App/Terminate App' successfully

2022-02-18 15:43:55 - [TEST_CASE][PASSED] - Test Cases/Mobile/Page/Run App/Terminate App: Test Cases/Mobile/Page/Run App/Terminate App

2022-02-18 15:43:55 - [TEST_STEP][PASSED] - startApp.OpenApp.terminateApplication(): startApp.OpenApp.terminateApplication is PASSED

2022-02-18 15:43:58 - [MESSAGE][PASSED] - Delayed 3 second(s)

2022-02-18 15:43:59 - [MESSAGE][PASSED] - Current device physical width is 720

2022-02-18 15:43:59 - [MESSAGE][PASSED] - Current device physical height is 1423

2022-02-18 15:44:01 - [MESSAGE][PASSED] - Swiped from 360,853 to 360,142

2022-02-18 15:44:02 - [MESSAGE][PASSED] - Delayed 1 second(s)

2022-02-18 15:44:03 - [MESSAGE][PASSED] - Swiped from 360,853 to 360,142

2022-02-18 15:44:06 - [MESSAGE][PASSED] - Delayed 3 second(s)

2022-02-18 15:44:06 - [MESSAGE][PASSED] - startApp.OpenApp.terminateApplication is PASSED

2022-02-18 15:44:06 - [MESSAGE][PASSED] - Call Test Case 'Test Cases/Mobile/Page/Run App/Terminate App' successfully]]></system-out>
         <system-err><![CDATA[]]></system-err>
      </testcase>
      <testcase name="Test Cases/Mobile/Scenario/Portfolio/005 - Portfolio Performance Year to Date IDR" time="76.037" classname="Test Cases/Mobile/Scenario/Portfolio/005 - Portfolio Performance Year to Date IDR" status="PASSED">
         <system-out><![CDATA[2022-02-18 15:44:06 - [TEST_CASE][PASSED] - Test Cases/Mobile/Scenario/Portfolio/005 - Portfolio Performance Year to Date IDR: Test Cases/Mobile/Scenario/Portfolio/005 - Portfolio Performance Year to Date IDR

2022-02-18 15:44:07 - [TEST_STEP][PASSED] - callTestCase(findTestCase("Mobile/Page/Run App/Run App byID"), [:], STOP_ON_FAILURE): Call Test Case 'Test Cases/Mobile/Page/Run App/Run App byID' successfully

2022-02-18 15:44:07 - [TEST_CASE][PASSED] - Test Cases/Mobile/Page/Run App/Run App byID: Test Cases/Mobile/Page/Run App/Run App byID

2022-02-18 15:44:07 - [TEST_STEP][PASSED] - startApp.OpenApp.startApplication("id.co.miraeasset.sageclub"): startApp.OpenApp.startApplication is PASSED

2022-02-18 15:44:26 - [MESSAGE][PASSED] - Starting app with application ID: 'id.co.miraeasset.sageclub'

2022-02-18 15:44:26 - [MESSAGE][PASSED] - startApp.OpenApp.startApplication is PASSED

2022-02-18 15:44:26 - [MESSAGE][PASSED] - Call Test Case 'Test Cases/Mobile/Page/Run App/Run App byID' successfully

2022-02-18 15:44:26 - [TEST_STEP][PASSED] - callTestCase(findTestCase("Mobile/Page/Portfolio/Portfolio"), ["tab":"summary", "action":"perf_year", "action2":"idr"], CONTINUE_ON_FAILURE): Call Test Case 'Test Cases/Mobile/Page/Portfolio/Portfolio' successfully

2022-02-18 15:44:26 - [TEST_CASE][PASSED] - Test Cases/Mobile/Page/Portfolio/Portfolio: Test Cases/Mobile/Page/Portfolio/Portfolio

2022-02-18 15:44:26 - [TEST_STEP][PASSED] - callTestCase(findTestCase("Mobile/Page/CheckLogin"), [:], CONTINUE_ON_FAILURE): Call Test Case 'Test Cases/Mobile/Page/CheckLogin' successfully

2022-02-18 15:44:26 - [TEST_CASE][PASSED] - Test Cases/Mobile/Page/CheckLogin: Test Cases/Mobile/Page/CheckLogin

2022-02-18 15:44:26 - [TEST_STEP][PASSED] - loginCheck = verifyElementExist(LOGN_BtnLogin, 5, CONTINUE_ON_FAILURE): Element 'Object Repository/Mobile/Page/Login/Button - Login' is exist

2022-02-18 15:44:28 - [MESSAGE][PASSED] - Element 'Object Repository/Mobile/Page/Login/Button - Login' is exist

2022-02-18 15:44:28 - [TEST_STEP][PASSED] - if (loginCheck): Call Test Case 'Test Cases/Mobile/Page/Login/Login' successfully

2022-02-18 15:44:28 - [TEST_STEP][PASSED] - callTestCase(findTestCase("Mobile/Page/Login/Login"), ["action":"username"], CONTINUE_ON_FAILURE): Call Test Case 'Test Cases/Mobile/Page/Login/Login' successfully

2022-02-18 15:44:28 - [TEST_CASE][PASSED] - Test Cases/Mobile/Page/Login/Login: Test Cases/Mobile/Page/Login/Login

2022-02-18 15:44:28 - [TEST_STEP][PASSED] - delay(2): Delayed 2 second(s)

2022-02-18 15:44:30 - [MESSAGE][PASSED] - Delayed 2 second(s)

2022-02-18 15:44:30 - [TEST_STEP][PASSED] - for ([i = 0, i < 1, (i++)]): null

2022-02-18 15:44:30 - [TEST_STEP][PASSED] - if (action == "username"): null

2022-02-18 15:44:30 - [TEST_STEP][PASSED] - tap(LOGN_EdtUserID, 0): Tapped on element 'Object Repository/Mobile/Page/Login/Input - UserID'

2022-02-18 15:44:30 - [MESSAGE][WARNING] - Timeout '0' is invalid. Using default page load timeout: '60'

2022-02-18 15:44:31 - [MESSAGE][PASSED] - Tapped on element 'Object Repository/Mobile/Page/Login/Input - UserID'

2022-02-18 15:44:31 - [TEST_STEP][PASSED] - delay(1): Delayed 1 second(s)

2022-02-18 15:44:32 - [MESSAGE][PASSED] - Delayed 1 second(s)

2022-02-18 15:44:32 - [TEST_STEP][PASSED] - setText(LOGN_EdtRdyUserID, "anggaaditya", 0): Text 'anggaaditya' has been set to element 'Object Repository/Mobile/Page/Login/Input Rdy - UserID'

2022-02-18 15:44:32 - [MESSAGE][WARNING] - Timeout '0' is invalid. Using default page load timeout: '60'

2022-02-18 15:44:33 - [MESSAGE][PASSED] - Text 'anggaaditya' has been set to element 'Object Repository/Mobile/Page/Login/Input Rdy - UserID'

2022-02-18 15:44:33 - [TEST_STEP][PASSED] - delay(1): Delayed 1 second(s)

2022-02-18 15:44:34 - [MESSAGE][PASSED] - Delayed 1 second(s)

2022-02-18 15:44:34 - [TEST_STEP][PASSED] - hideKeyboard(): Keyboard is hidden

2022-02-18 15:44:38 - [MESSAGE][PASSED] - Keyboard is hidden

2022-02-18 15:44:38 - [TEST_STEP][PASSED] - tap(LOGN_EdtPassword, 0): Tapped on element 'Object Repository/Mobile/Page/Login/Input - Password'

2022-02-18 15:44:38 - [MESSAGE][WARNING] - Timeout '0' is invalid. Using default page load timeout: '60'

2022-02-18 15:44:39 - [MESSAGE][PASSED] - Tapped on element 'Object Repository/Mobile/Page/Login/Input - Password'

2022-02-18 15:44:39 - [TEST_STEP][PASSED] - delay(1): Delayed 1 second(s)

2022-02-18 15:44:40 - [MESSAGE][PASSED] - Delayed 1 second(s)

2022-02-18 15:44:40 - [TEST_STEP][PASSED] - setText(LOGN_EdtRdyPassword, "Shalawa18", 0): Text 'Shalawa18' has been set to element 'Object Repository/Mobile/Page/Login/Input Rdy - Password'

2022-02-18 15:44:40 - [MESSAGE][WARNING] - Timeout '0' is invalid. Using default page load timeout: '60'

2022-02-18 15:44:40 - [MESSAGE][PASSED] - Text 'Shalawa18' has been set to element 'Object Repository/Mobile/Page/Login/Input Rdy - Password'

2022-02-18 15:44:40 - [TEST_STEP][PASSED] - delay(1): Delayed 1 second(s)

2022-02-18 15:44:41 - [MESSAGE][PASSED] - Delayed 1 second(s)

2022-02-18 15:44:41 - [TEST_STEP][PASSED] - hideKeyboard(): Keyboard is hidden

2022-02-18 15:44:49 - [MESSAGE][PASSED] - Keyboard is hidden

2022-02-18 15:44:49 - [TEST_STEP][PASSED] - tap(LOGN_BtnLogin, 0): Tapped on element 'Object Repository/Mobile/Page/Login/Button - Login'

2022-02-18 15:44:49 - [MESSAGE][WARNING] - Timeout '0' is invalid. Using default page load timeout: '60'

2022-02-18 15:44:50 - [MESSAGE][PASSED] - Tapped on element 'Object Repository/Mobile/Page/Login/Button - Login'

2022-02-18 15:44:50 - [TEST_STEP][PASSED] - delay(2): Delayed 2 second(s)

2022-02-18 15:44:52 - [MESSAGE][PASSED] - Delayed 2 second(s)

2022-02-18 15:44:52 - [TEST_STEP][PASSED] - break: null

2022-02-18 15:44:52 - [MESSAGE][PASSED] - Call Test Case 'Test Cases/Mobile/Page/Login/Login' successfully

2022-02-18 15:44:52 - [MESSAGE][PASSED] - Call Test Case 'Test Cases/Mobile/Page/CheckLogin' successfully

2022-02-18 15:44:52 - [TEST_STEP][PASSED] - tap(HOME_MenubarPortfolio, 0): Tapped on element 'Object Repository/Mobile/Page/Home/Menubar - Portfolio'

2022-02-18 15:44:52 - [MESSAGE][WARNING] - Timeout '0' is invalid. Using default page load timeout: '60'

2022-02-18 15:44:53 - [MESSAGE][PASSED] - Tapped on element 'Object Repository/Mobile/Page/Home/Menubar - Portfolio'

2022-02-18 15:44:53 - [TEST_STEP][PASSED] - delay(1): Delayed 1 second(s)

2022-02-18 15:44:54 - [MESSAGE][PASSED] - Delayed 1 second(s)

2022-02-18 15:44:54 - [TEST_STEP][PASSED] - for ([i = 0, i < 1, (i++)]): Delayed 3 second(s)

2022-02-18 15:44:54 - [TEST_STEP][PASSED] - if (tab == "summary"): Delayed 3 second(s)

2022-02-18 15:44:54 - [TEST_STEP][PASSED] - idr = PORT_BtnIDR: null

2022-02-18 15:44:54 - [TEST_STEP][PASSED] - persen = PORT_BtnPersen: null

2022-02-18 15:44:54 - [TEST_STEP][PASSED] - if (action == "summary"): null

2022-02-18 15:44:54 - [TEST_STEP][PASSED] - else if (action == "perf_daily"): null

2022-02-18 15:44:54 - [TEST_STEP][PASSED] - else if (action == "perf_month"): null

2022-02-18 15:44:54 - [TEST_STEP][PASSED] - else if (action == "perf_quarter"): null

2022-02-18 15:44:54 - [TEST_STEP][PASSED] - else if (action == "perf_year"): Tapped on element 'Object Repository/Mobile/Page/Portfolio/Tab - Summary Year to Date'

2022-02-18 15:44:54 - [TEST_STEP][PASSED] - scroll.scroll.scrollScreenBottomToTop(): scroll.scroll.scrollScreenBottomToTop is PASSED

2022-02-18 15:44:55 - [MESSAGE][PASSED] - Current device physical height is 1423

2022-02-18 15:44:55 - [MESSAGE][PASSED] - Current device physical width is 720

2022-02-18 15:44:57 - [MESSAGE][PASSED] - Swiped from 360,1,138 to 360,284

2022-02-18 15:44:57 - [MESSAGE][PASSED] - scroll.scroll.scrollScreenBottomToTop is PASSED

2022-02-18 15:44:57 - [TEST_STEP][PASSED] - delay(1): Delayed 1 second(s)

2022-02-18 15:44:58 - [MESSAGE][PASSED] - Delayed 1 second(s)

2022-02-18 15:44:58 - [TEST_STEP][PASSED] - tap(PORT_TabSummaryYear, 0): Tapped on element 'Object Repository/Mobile/Page/Portfolio/Tab - Summary Year to Date'

2022-02-18 15:44:58 - [MESSAGE][WARNING] - Timeout '0' is invalid. Using default page load timeout: '60'

2022-02-18 15:44:58 - [MESSAGE][PASSED] - Tapped on element 'Object Repository/Mobile/Page/Portfolio/Tab - Summary Year to Date'

2022-02-18 15:44:58 - [TEST_STEP][PASSED] - if (action != "summary"): Delayed 3 second(s)

2022-02-18 15:44:58 - [TEST_STEP][PASSED] - delay(1): Delayed 1 second(s)

2022-02-18 15:44:59 - [MESSAGE][PASSED] - Delayed 1 second(s)

2022-02-18 15:44:59 - [TEST_STEP][PASSED] - scroll.scroll.scrollScreenBottomToTop(): scroll.scroll.scrollScreenBottomToTop is PASSED

2022-02-18 15:45:00 - [MESSAGE][PASSED] - Current device physical height is 1423

2022-02-18 15:45:00 - [MESSAGE][PASSED] - Current device physical width is 720

2022-02-18 15:45:02 - [MESSAGE][PASSED] - Swiped from 360,1,138 to 360,284

2022-02-18 15:45:02 - [MESSAGE][PASSED] - scroll.scroll.scrollScreenBottomToTop is PASSED

2022-02-18 15:45:02 - [TEST_STEP][PASSED] - scroll.scroll.scrollScreenBottomToTop(): scroll.scroll.scrollScreenBottomToTop is PASSED

2022-02-18 15:45:02 - [MESSAGE][PASSED] - Current device physical height is 1423

2022-02-18 15:45:03 - [MESSAGE][PASSED] - Current device physical width is 720

2022-02-18 15:45:04 - [MESSAGE][PASSED] - Swiped from 360,1,138 to 360,284

2022-02-18 15:45:04 - [MESSAGE][PASSED] - scroll.scroll.scrollScreenBottomToTop is PASSED

2022-02-18 15:45:04 - [TEST_STEP][PASSED] - delay(3): Delayed 3 second(s)

2022-02-18 15:45:07 - [MESSAGE][PASSED] - Delayed 3 second(s)

2022-02-18 15:45:07 - [TEST_STEP][PASSED] - if (action2 == "idr"): Delayed 3 second(s)

2022-02-18 15:45:07 - [TEST_STEP][PASSED] - tap(idr, 10): Tapped on element 'Object Repository/Mobile/Page/Portfolio/Button - IDR'

2022-02-18 15:45:08 - [MESSAGE][PASSED] - Tapped on element 'Object Repository/Mobile/Page/Portfolio/Button - IDR'

2022-02-18 15:45:08 - [TEST_STEP][PASSED] - delay(3): Delayed 3 second(s)

2022-02-18 15:45:11 - [MESSAGE][PASSED] - Delayed 3 second(s)

2022-02-18 15:45:11 - [MESSAGE][PASSED] - Call Test Case 'Test Cases/Mobile/Page/Portfolio/Portfolio' successfully

2022-02-18 15:45:11 - [TEST_STEP][PASSED] - callTestCase(findTestCase("Mobile/Page/Run App/Terminate App"), [:], STOP_ON_FAILURE): Call Test Case 'Test Cases/Mobile/Page/Run App/Terminate App' successfully

2022-02-18 15:45:11 - [TEST_CASE][PASSED] - Test Cases/Mobile/Page/Run App/Terminate App: Test Cases/Mobile/Page/Run App/Terminate App

2022-02-18 15:45:11 - [TEST_STEP][PASSED] - startApp.OpenApp.terminateApplication(): startApp.OpenApp.terminateApplication is PASSED

2022-02-18 15:45:14 - [MESSAGE][PASSED] - Delayed 3 second(s)

2022-02-18 15:45:15 - [MESSAGE][PASSED] - Current device physical width is 720

2022-02-18 15:45:15 - [MESSAGE][PASSED] - Current device physical height is 1423

2022-02-18 15:45:17 - [MESSAGE][PASSED] - Swiped from 360,853 to 360,142

2022-02-18 15:45:18 - [MESSAGE][PASSED] - Delayed 1 second(s)

2022-02-18 15:45:19 - [MESSAGE][PASSED] - Swiped from 360,853 to 360,142

2022-02-18 15:45:22 - [MESSAGE][PASSED] - Delayed 3 second(s)

2022-02-18 15:45:22 - [MESSAGE][PASSED] - startApp.OpenApp.terminateApplication is PASSED

2022-02-18 15:45:22 - [MESSAGE][PASSED] - Call Test Case 'Test Cases/Mobile/Page/Run App/Terminate App' successfully]]></system-out>
         <system-err><![CDATA[]]></system-err>
      </testcase>
      <testcase name="Test Cases/Mobile/Scenario/Portfolio/006 - Portfolio Performance Daily Persen" time="76.324" classname="Test Cases/Mobile/Scenario/Portfolio/006 - Portfolio Performance Daily Persen" status="PASSED">
         <system-out><![CDATA[2022-02-18 15:45:22 - [TEST_CASE][PASSED] - Test Cases/Mobile/Scenario/Portfolio/006 - Portfolio Performance Daily Persen: Test Cases/Mobile/Scenario/Portfolio/006 - Portfolio Performance Daily Persen

2022-02-18 15:45:23 - [TEST_STEP][PASSED] - callTestCase(findTestCase("Mobile/Page/Run App/Run App byID"), [:], STOP_ON_FAILURE): Call Test Case 'Test Cases/Mobile/Page/Run App/Run App byID' successfully

2022-02-18 15:45:23 - [TEST_CASE][PASSED] - Test Cases/Mobile/Page/Run App/Run App byID: Test Cases/Mobile/Page/Run App/Run App byID

2022-02-18 15:45:23 - [TEST_STEP][PASSED] - startApp.OpenApp.startApplication("id.co.miraeasset.sageclub"): startApp.OpenApp.startApplication is PASSED

2022-02-18 15:45:44 - [MESSAGE][PASSED] - Starting app with application ID: 'id.co.miraeasset.sageclub'

2022-02-18 15:45:44 - [MESSAGE][PASSED] - startApp.OpenApp.startApplication is PASSED

2022-02-18 15:45:44 - [MESSAGE][PASSED] - Call Test Case 'Test Cases/Mobile/Page/Run App/Run App byID' successfully

2022-02-18 15:45:44 - [TEST_STEP][PASSED] - callTestCase(findTestCase("Mobile/Page/Portfolio/Portfolio"), ["tab":"summary", "action":"perf_daily", "action2":"persen"], CONTINUE_ON_FAILURE): Call Test Case 'Test Cases/Mobile/Page/Portfolio/Portfolio' successfully

2022-02-18 15:45:44 - [TEST_CASE][PASSED] - Test Cases/Mobile/Page/Portfolio/Portfolio: Test Cases/Mobile/Page/Portfolio/Portfolio

2022-02-18 15:45:44 - [TEST_STEP][PASSED] - callTestCase(findTestCase("Mobile/Page/CheckLogin"), [:], CONTINUE_ON_FAILURE): Call Test Case 'Test Cases/Mobile/Page/CheckLogin' successfully

2022-02-18 15:45:44 - [TEST_CASE][PASSED] - Test Cases/Mobile/Page/CheckLogin: Test Cases/Mobile/Page/CheckLogin

2022-02-18 15:45:44 - [TEST_STEP][PASSED] - loginCheck = verifyElementExist(LOGN_BtnLogin, 5, CONTINUE_ON_FAILURE): Element 'Object Repository/Mobile/Page/Login/Button - Login' is exist

2022-02-18 15:45:46 - [MESSAGE][PASSED] - Element 'Object Repository/Mobile/Page/Login/Button - Login' is exist

2022-02-18 15:45:46 - [TEST_STEP][PASSED] - if (loginCheck): Call Test Case 'Test Cases/Mobile/Page/Login/Login' successfully

2022-02-18 15:45:46 - [TEST_STEP][PASSED] - callTestCase(findTestCase("Mobile/Page/Login/Login"), ["action":"username"], CONTINUE_ON_FAILURE): Call Test Case 'Test Cases/Mobile/Page/Login/Login' successfully

2022-02-18 15:45:46 - [TEST_CASE][PASSED] - Test Cases/Mobile/Page/Login/Login: Test Cases/Mobile/Page/Login/Login

2022-02-18 15:45:46 - [TEST_STEP][PASSED] - delay(2): Delayed 2 second(s)

2022-02-18 15:45:48 - [MESSAGE][PASSED] - Delayed 2 second(s)

2022-02-18 15:45:48 - [TEST_STEP][PASSED] - for ([i = 0, i < 1, (i++)]): null

2022-02-18 15:45:48 - [TEST_STEP][PASSED] - if (action == "username"): null

2022-02-18 15:45:48 - [TEST_STEP][PASSED] - tap(LOGN_EdtUserID, 0): Tapped on element 'Object Repository/Mobile/Page/Login/Input - UserID'

2022-02-18 15:45:48 - [MESSAGE][WARNING] - Timeout '0' is invalid. Using default page load timeout: '60'

2022-02-18 15:45:49 - [MESSAGE][PASSED] - Tapped on element 'Object Repository/Mobile/Page/Login/Input - UserID'

2022-02-18 15:45:49 - [TEST_STEP][PASSED] - delay(1): Delayed 1 second(s)

2022-02-18 15:45:50 - [MESSAGE][PASSED] - Delayed 1 second(s)

2022-02-18 15:45:50 - [TEST_STEP][PASSED] - setText(LOGN_EdtRdyUserID, "anggaaditya", 0): Text 'anggaaditya' has been set to element 'Object Repository/Mobile/Page/Login/Input Rdy - UserID'

2022-02-18 15:45:50 - [MESSAGE][WARNING] - Timeout '0' is invalid. Using default page load timeout: '60'

2022-02-18 15:45:51 - [MESSAGE][PASSED] - Text 'anggaaditya' has been set to element 'Object Repository/Mobile/Page/Login/Input Rdy - UserID'

2022-02-18 15:45:51 - [TEST_STEP][PASSED] - delay(1): Delayed 1 second(s)

2022-02-18 15:45:52 - [MESSAGE][PASSED] - Delayed 1 second(s)

2022-02-18 15:45:52 - [TEST_STEP][PASSED] - hideKeyboard(): Keyboard is hidden

2022-02-18 15:45:56 - [MESSAGE][PASSED] - Keyboard is hidden

2022-02-18 15:45:56 - [TEST_STEP][PASSED] - tap(LOGN_EdtPassword, 0): Tapped on element 'Object Repository/Mobile/Page/Login/Input - Password'

2022-02-18 15:45:56 - [MESSAGE][WARNING] - Timeout '0' is invalid. Using default page load timeout: '60'

2022-02-18 15:45:57 - [MESSAGE][PASSED] - Tapped on element 'Object Repository/Mobile/Page/Login/Input - Password'

2022-02-18 15:45:57 - [TEST_STEP][PASSED] - delay(1): Delayed 1 second(s)

2022-02-18 15:45:58 - [MESSAGE][PASSED] - Delayed 1 second(s)

2022-02-18 15:45:58 - [TEST_STEP][PASSED] - setText(LOGN_EdtRdyPassword, "Shalawa18", 0): Text 'Shalawa18' has been set to element 'Object Repository/Mobile/Page/Login/Input Rdy - Password'

2022-02-18 15:45:58 - [MESSAGE][WARNING] - Timeout '0' is invalid. Using default page load timeout: '60'

2022-02-18 15:45:58 - [MESSAGE][PASSED] - Text 'Shalawa18' has been set to element 'Object Repository/Mobile/Page/Login/Input Rdy - Password'

2022-02-18 15:45:58 - [TEST_STEP][PASSED] - delay(1): Delayed 1 second(s)

2022-02-18 15:45:59 - [MESSAGE][PASSED] - Delayed 1 second(s)

2022-02-18 15:45:59 - [TEST_STEP][PASSED] - hideKeyboard(): Keyboard is hidden

2022-02-18 15:46:07 - [MESSAGE][PASSED] - Keyboard is hidden

2022-02-18 15:46:07 - [TEST_STEP][PASSED] - tap(LOGN_BtnLogin, 0): Tapped on element 'Object Repository/Mobile/Page/Login/Button - Login'

2022-02-18 15:46:07 - [MESSAGE][WARNING] - Timeout '0' is invalid. Using default page load timeout: '60'

2022-02-18 15:46:07 - [MESSAGE][PASSED] - Tapped on element 'Object Repository/Mobile/Page/Login/Button - Login'

2022-02-18 15:46:07 - [TEST_STEP][PASSED] - delay(2): Delayed 2 second(s)

2022-02-18 15:46:09 - [MESSAGE][PASSED] - Delayed 2 second(s)

2022-02-18 15:46:09 - [TEST_STEP][PASSED] - break: null

2022-02-18 15:46:09 - [MESSAGE][PASSED] - Call Test Case 'Test Cases/Mobile/Page/Login/Login' successfully

2022-02-18 15:46:09 - [MESSAGE][PASSED] - Call Test Case 'Test Cases/Mobile/Page/CheckLogin' successfully

2022-02-18 15:46:09 - [TEST_STEP][PASSED] - tap(HOME_MenubarPortfolio, 0): Tapped on element 'Object Repository/Mobile/Page/Home/Menubar - Portfolio'

2022-02-18 15:46:09 - [MESSAGE][WARNING] - Timeout '0' is invalid. Using default page load timeout: '60'

2022-02-18 15:46:12 - [MESSAGE][PASSED] - Tapped on element 'Object Repository/Mobile/Page/Home/Menubar - Portfolio'

2022-02-18 15:46:12 - [TEST_STEP][PASSED] - delay(1): Delayed 1 second(s)

2022-02-18 15:46:13 - [MESSAGE][PASSED] - Delayed 1 second(s)

2022-02-18 15:46:13 - [TEST_STEP][PASSED] - for ([i = 0, i < 1, (i++)]): Delayed 3 second(s)

2022-02-18 15:46:13 - [TEST_STEP][PASSED] - if (tab == "summary"): Delayed 3 second(s)

2022-02-18 15:46:13 - [TEST_STEP][PASSED] - idr = PORT_BtnIDR: null

2022-02-18 15:46:13 - [TEST_STEP][PASSED] - persen = PORT_BtnPersen: null

2022-02-18 15:46:13 - [TEST_STEP][PASSED] - if (action == "summary"): null

2022-02-18 15:46:13 - [TEST_STEP][PASSED] - else if (action == "perf_daily"): scroll.scroll.scrollScreenBottomToTop is PASSED

2022-02-18 15:46:13 - [TEST_STEP][PASSED] - scroll.scroll.scrollScreenBottomToTop(): scroll.scroll.scrollScreenBottomToTop is PASSED

2022-02-18 15:46:13 - [MESSAGE][PASSED] - Current device physical height is 1423

2022-02-18 15:46:14 - [MESSAGE][PASSED] - Current device physical width is 720

2022-02-18 15:46:15 - [MESSAGE][PASSED] - Swiped from 360,1,138 to 360,284

2022-02-18 15:46:15 - [MESSAGE][PASSED] - scroll.scroll.scrollScreenBottomToTop is PASSED

2022-02-18 15:46:15 - [TEST_STEP][PASSED] - if (action != "summary"): Delayed 3 second(s)

2022-02-18 15:46:15 - [TEST_STEP][PASSED] - delay(1): Delayed 1 second(s)

2022-02-18 15:46:16 - [MESSAGE][PASSED] - Delayed 1 second(s)

2022-02-18 15:46:16 - [TEST_STEP][PASSED] - scroll.scroll.scrollScreenBottomToTop(): scroll.scroll.scrollScreenBottomToTop is PASSED

2022-02-18 15:46:17 - [MESSAGE][PASSED] - Current device physical height is 1423

2022-02-18 15:46:17 - [MESSAGE][PASSED] - Current device physical width is 720

2022-02-18 15:46:19 - [MESSAGE][PASSED] - Swiped from 360,1,138 to 360,284

2022-02-18 15:46:19 - [MESSAGE][PASSED] - scroll.scroll.scrollScreenBottomToTop is PASSED

2022-02-18 15:46:19 - [TEST_STEP][PASSED] - scroll.scroll.scrollScreenBottomToTop(): scroll.scroll.scrollScreenBottomToTop is PASSED

2022-02-18 15:46:19 - [MESSAGE][PASSED] - Current device physical height is 1423

2022-02-18 15:46:19 - [MESSAGE][PASSED] - Current device physical width is 720

2022-02-18 15:46:21 - [MESSAGE][PASSED] - Swiped from 360,1,138 to 360,284

2022-02-18 15:46:21 - [MESSAGE][PASSED] - scroll.scroll.scrollScreenBottomToTop is PASSED

2022-02-18 15:46:21 - [TEST_STEP][PASSED] - delay(3): Delayed 3 second(s)

2022-02-18 15:46:24 - [MESSAGE][PASSED] - Delayed 3 second(s)

2022-02-18 15:46:24 - [TEST_STEP][PASSED] - if (action2 == "idr"): null

2022-02-18 15:46:24 - [TEST_STEP][PASSED] - else if (action2 == "persen"): Delayed 3 second(s)

2022-02-18 15:46:24 - [TEST_STEP][PASSED] - tap(persen, 10): Tapped on element 'Object Repository/Mobile/Page/Portfolio/Button - Persen'

2022-02-18 15:46:24 - [MESSAGE][PASSED] - Tapped on element 'Object Repository/Mobile/Page/Portfolio/Button - Persen'

2022-02-18 15:46:24 - [TEST_STEP][PASSED] - delay(3): Delayed 3 second(s)

2022-02-18 15:46:27 - [MESSAGE][PASSED] - Delayed 3 second(s)

2022-02-18 15:46:27 - [MESSAGE][PASSED] - Call Test Case 'Test Cases/Mobile/Page/Portfolio/Portfolio' successfully

2022-02-18 15:46:27 - [TEST_STEP][PASSED] - callTestCase(findTestCase("Mobile/Page/Run App/Terminate App"), [:], STOP_ON_FAILURE): Call Test Case 'Test Cases/Mobile/Page/Run App/Terminate App' successfully

2022-02-18 15:46:28 - [TEST_CASE][PASSED] - Test Cases/Mobile/Page/Run App/Terminate App: Test Cases/Mobile/Page/Run App/Terminate App

2022-02-18 15:46:28 - [TEST_STEP][PASSED] - startApp.OpenApp.terminateApplication(): startApp.OpenApp.terminateApplication is PASSED

2022-02-18 15:46:31 - [MESSAGE][PASSED] - Delayed 3 second(s)

2022-02-18 15:46:31 - [MESSAGE][PASSED] - Current device physical width is 720

2022-02-18 15:46:32 - [MESSAGE][PASSED] - Current device physical height is 1423

2022-02-18 15:46:33 - [MESSAGE][PASSED] - Swiped from 360,853 to 360,142

2022-02-18 15:46:34 - [MESSAGE][PASSED] - Delayed 1 second(s)

2022-02-18 15:46:36 - [MESSAGE][PASSED] - Swiped from 360,853 to 360,142

2022-02-18 15:46:39 - [MESSAGE][PASSED] - Delayed 3 second(s)

2022-02-18 15:46:39 - [MESSAGE][PASSED] - startApp.OpenApp.terminateApplication is PASSED

2022-02-18 15:46:39 - [MESSAGE][PASSED] - Call Test Case 'Test Cases/Mobile/Page/Run App/Terminate App' successfully]]></system-out>
         <system-err><![CDATA[]]></system-err>
      </testcase>
      <testcase name="Test Cases/Mobile/Scenario/Portfolio/007 - Portfolio Performance Month to Date Persen" time="77.583" classname="Test Cases/Mobile/Scenario/Portfolio/007 - Portfolio Performance Month to Date Persen" status="PASSED">
         <system-out><![CDATA[2022-02-18 15:46:39 - [TEST_CASE][PASSED] - Test Cases/Mobile/Scenario/Portfolio/007 - Portfolio Performance Month to Date Persen: Test Cases/Mobile/Scenario/Portfolio/007 - Portfolio Performance Month to Date Persen

2022-02-18 15:46:40 - [TEST_STEP][PASSED] - callTestCase(findTestCase("Mobile/Page/Run App/Run App byID"), [:], STOP_ON_FAILURE): Call Test Case 'Test Cases/Mobile/Page/Run App/Run App byID' successfully

2022-02-18 15:46:40 - [TEST_CASE][PASSED] - Test Cases/Mobile/Page/Run App/Run App byID: Test Cases/Mobile/Page/Run App/Run App byID

2022-02-18 15:46:40 - [TEST_STEP][PASSED] - startApp.OpenApp.startApplication("id.co.miraeasset.sageclub"): startApp.OpenApp.startApplication is PASSED

2022-02-18 15:47:00 - [MESSAGE][PASSED] - Starting app with application ID: 'id.co.miraeasset.sageclub'

2022-02-18 15:47:00 - [MESSAGE][PASSED] - startApp.OpenApp.startApplication is PASSED

2022-02-18 15:47:00 - [MESSAGE][PASSED] - Call Test Case 'Test Cases/Mobile/Page/Run App/Run App byID' successfully

2022-02-18 15:47:00 - [TEST_STEP][PASSED] - callTestCase(findTestCase("Mobile/Page/Portfolio/Portfolio"), ["tab":"summary", "action":"perf_month", "action2":"persen"], CONTINUE_ON_FAILURE): Call Test Case 'Test Cases/Mobile/Page/Portfolio/Portfolio' successfully

2022-02-18 15:47:00 - [TEST_CASE][PASSED] - Test Cases/Mobile/Page/Portfolio/Portfolio: Test Cases/Mobile/Page/Portfolio/Portfolio

2022-02-18 15:47:00 - [TEST_STEP][PASSED] - callTestCase(findTestCase("Mobile/Page/CheckLogin"), [:], CONTINUE_ON_FAILURE): Call Test Case 'Test Cases/Mobile/Page/CheckLogin' successfully

2022-02-18 15:47:00 - [TEST_CASE][PASSED] - Test Cases/Mobile/Page/CheckLogin: Test Cases/Mobile/Page/CheckLogin

2022-02-18 15:47:00 - [TEST_STEP][PASSED] - loginCheck = verifyElementExist(LOGN_BtnLogin, 5, CONTINUE_ON_FAILURE): Element 'Object Repository/Mobile/Page/Login/Button - Login' is exist

2022-02-18 15:47:02 - [MESSAGE][PASSED] - Element 'Object Repository/Mobile/Page/Login/Button - Login' is exist

2022-02-18 15:47:02 - [TEST_STEP][PASSED] - if (loginCheck): Call Test Case 'Test Cases/Mobile/Page/Login/Login' successfully

2022-02-18 15:47:02 - [TEST_STEP][PASSED] - callTestCase(findTestCase("Mobile/Page/Login/Login"), ["action":"username"], CONTINUE_ON_FAILURE): Call Test Case 'Test Cases/Mobile/Page/Login/Login' successfully

2022-02-18 15:47:02 - [TEST_CASE][PASSED] - Test Cases/Mobile/Page/Login/Login: Test Cases/Mobile/Page/Login/Login

2022-02-18 15:47:02 - [TEST_STEP][PASSED] - delay(2): Delayed 2 second(s)

2022-02-18 15:47:04 - [MESSAGE][PASSED] - Delayed 2 second(s)

2022-02-18 15:47:04 - [TEST_STEP][PASSED] - for ([i = 0, i < 1, (i++)]): null

2022-02-18 15:47:04 - [TEST_STEP][PASSED] - if (action == "username"): null

2022-02-18 15:47:04 - [TEST_STEP][PASSED] - tap(LOGN_EdtUserID, 0): Tapped on element 'Object Repository/Mobile/Page/Login/Input - UserID'

2022-02-18 15:47:04 - [MESSAGE][WARNING] - Timeout '0' is invalid. Using default page load timeout: '60'

2022-02-18 15:47:04 - [MESSAGE][PASSED] - Tapped on element 'Object Repository/Mobile/Page/Login/Input - UserID'

2022-02-18 15:47:04 - [TEST_STEP][PASSED] - delay(1): Delayed 1 second(s)

2022-02-18 15:47:05 - [MESSAGE][PASSED] - Delayed 1 second(s)

2022-02-18 15:47:05 - [TEST_STEP][PASSED] - setText(LOGN_EdtRdyUserID, "anggaaditya", 0): Text 'anggaaditya' has been set to element 'Object Repository/Mobile/Page/Login/Input Rdy - UserID'

2022-02-18 15:47:05 - [MESSAGE][WARNING] - Timeout '0' is invalid. Using default page load timeout: '60'

2022-02-18 15:47:06 - [MESSAGE][PASSED] - Text 'anggaaditya' has been set to element 'Object Repository/Mobile/Page/Login/Input Rdy - UserID'

2022-02-18 15:47:06 - [TEST_STEP][PASSED] - delay(1): Delayed 1 second(s)

2022-02-18 15:47:07 - [MESSAGE][PASSED] - Delayed 1 second(s)

2022-02-18 15:47:07 - [TEST_STEP][PASSED] - hideKeyboard(): Keyboard is hidden

2022-02-18 15:47:11 - [MESSAGE][PASSED] - Keyboard is hidden

2022-02-18 15:47:11 - [TEST_STEP][PASSED] - tap(LOGN_EdtPassword, 0): Tapped on element 'Object Repository/Mobile/Page/Login/Input - Password'

2022-02-18 15:47:11 - [MESSAGE][WARNING] - Timeout '0' is invalid. Using default page load timeout: '60'

2022-02-18 15:47:12 - [MESSAGE][PASSED] - Tapped on element 'Object Repository/Mobile/Page/Login/Input - Password'

2022-02-18 15:47:12 - [TEST_STEP][PASSED] - delay(1): Delayed 1 second(s)

2022-02-18 15:47:13 - [MESSAGE][PASSED] - Delayed 1 second(s)

2022-02-18 15:47:13 - [TEST_STEP][PASSED] - setText(LOGN_EdtRdyPassword, "Shalawa18", 0): Text 'Shalawa18' has been set to element 'Object Repository/Mobile/Page/Login/Input Rdy - Password'

2022-02-18 15:47:13 - [MESSAGE][WARNING] - Timeout '0' is invalid. Using default page load timeout: '60'

2022-02-18 15:47:14 - [MESSAGE][PASSED] - Text 'Shalawa18' has been set to element 'Object Repository/Mobile/Page/Login/Input Rdy - Password'

2022-02-18 15:47:14 - [TEST_STEP][PASSED] - delay(1): Delayed 1 second(s)

2022-02-18 15:47:15 - [MESSAGE][PASSED] - Delayed 1 second(s)

2022-02-18 15:47:15 - [TEST_STEP][PASSED] - hideKeyboard(): Keyboard is hidden

2022-02-18 15:47:22 - [MESSAGE][PASSED] - Keyboard is hidden

2022-02-18 15:47:22 - [TEST_STEP][PASSED] - tap(LOGN_BtnLogin, 0): Tapped on element 'Object Repository/Mobile/Page/Login/Button - Login'

2022-02-18 15:47:22 - [MESSAGE][WARNING] - Timeout '0' is invalid. Using default page load timeout: '60'

2022-02-18 15:47:23 - [MESSAGE][PASSED] - Tapped on element 'Object Repository/Mobile/Page/Login/Button - Login'

2022-02-18 15:47:23 - [TEST_STEP][PASSED] - delay(2): Delayed 2 second(s)

2022-02-18 15:47:25 - [MESSAGE][PASSED] - Delayed 2 second(s)

2022-02-18 15:47:25 - [TEST_STEP][PASSED] - break: null

2022-02-18 15:47:25 - [MESSAGE][PASSED] - Call Test Case 'Test Cases/Mobile/Page/Login/Login' successfully

2022-02-18 15:47:25 - [MESSAGE][PASSED] - Call Test Case 'Test Cases/Mobile/Page/CheckLogin' successfully

2022-02-18 15:47:25 - [TEST_STEP][PASSED] - tap(HOME_MenubarPortfolio, 0): Tapped on element 'Object Repository/Mobile/Page/Home/Menubar - Portfolio'

2022-02-18 15:47:25 - [MESSAGE][WARNING] - Timeout '0' is invalid. Using default page load timeout: '60'

2022-02-18 15:47:27 - [MESSAGE][PASSED] - Tapped on element 'Object Repository/Mobile/Page/Home/Menubar - Portfolio'

2022-02-18 15:47:27 - [TEST_STEP][PASSED] - delay(1): Delayed 1 second(s)

2022-02-18 15:47:28 - [MESSAGE][PASSED] - Delayed 1 second(s)

2022-02-18 15:47:28 - [TEST_STEP][PASSED] - for ([i = 0, i < 1, (i++)]): Delayed 3 second(s)

2022-02-18 15:47:28 - [TEST_STEP][PASSED] - if (tab == "summary"): Delayed 3 second(s)

2022-02-18 15:47:28 - [TEST_STEP][PASSED] - idr = PORT_BtnIDR: null

2022-02-18 15:47:28 - [TEST_STEP][PASSED] - persen = PORT_BtnPersen: null

2022-02-18 15:47:28 - [TEST_STEP][PASSED] - if (action == "summary"): null

2022-02-18 15:47:28 - [TEST_STEP][PASSED] - else if (action == "perf_daily"): null

2022-02-18 15:47:28 - [TEST_STEP][PASSED] - else if (action == "perf_month"): Tapped on element 'Object Repository/Mobile/Page/Portfolio/Tab - Summary Month to Date'

2022-02-18 15:47:28 - [TEST_STEP][PASSED] - scroll.scroll.scrollScreenBottomToTop(): scroll.scroll.scrollScreenBottomToTop is PASSED

2022-02-18 15:47:29 - [MESSAGE][PASSED] - Current device physical height is 1423

2022-02-18 15:47:29 - [MESSAGE][PASSED] - Current device physical width is 720

2022-02-18 15:47:31 - [MESSAGE][PASSED] - Swiped from 360,1,138 to 360,284

2022-02-18 15:47:31 - [MESSAGE][PASSED] - scroll.scroll.scrollScreenBottomToTop is PASSED

2022-02-18 15:47:31 - [TEST_STEP][PASSED] - delay(1): Delayed 1 second(s)

2022-02-18 15:47:32 - [MESSAGE][PASSED] - Delayed 1 second(s)

2022-02-18 15:47:32 - [TEST_STEP][PASSED] - tap(PORT_TabSummaryMonth, 0): Tapped on element 'Object Repository/Mobile/Page/Portfolio/Tab - Summary Month to Date'

2022-02-18 15:47:32 - [MESSAGE][WARNING] - Timeout '0' is invalid. Using default page load timeout: '60'

2022-02-18 15:47:32 - [MESSAGE][PASSED] - Tapped on element 'Object Repository/Mobile/Page/Portfolio/Tab - Summary Month to Date'

2022-02-18 15:47:32 - [TEST_STEP][PASSED] - if (action != "summary"): Delayed 3 second(s)

2022-02-18 15:47:32 - [TEST_STEP][PASSED] - delay(1): Delayed 1 second(s)

2022-02-18 15:47:33 - [MESSAGE][PASSED] - Delayed 1 second(s)

2022-02-18 15:47:33 - [TEST_STEP][PASSED] - scroll.scroll.scrollScreenBottomToTop(): scroll.scroll.scrollScreenBottomToTop is PASSED

2022-02-18 15:47:34 - [MESSAGE][PASSED] - Current device physical height is 1423

2022-02-18 15:47:34 - [MESSAGE][PASSED] - Current device physical width is 720

2022-02-18 15:47:36 - [MESSAGE][PASSED] - Swiped from 360,1,138 to 360,284

2022-02-18 15:47:36 - [MESSAGE][PASSED] - scroll.scroll.scrollScreenBottomToTop is PASSED

2022-02-18 15:47:36 - [TEST_STEP][PASSED] - scroll.scroll.scrollScreenBottomToTop(): scroll.scroll.scrollScreenBottomToTop is PASSED

2022-02-18 15:47:36 - [MESSAGE][PASSED] - Current device physical height is 1423

2022-02-18 15:47:36 - [MESSAGE][PASSED] - Current device physical width is 720

2022-02-18 15:47:38 - [MESSAGE][PASSED] - Swiped from 360,1,138 to 360,284

2022-02-18 15:47:38 - [MESSAGE][PASSED] - scroll.scroll.scrollScreenBottomToTop is PASSED

2022-02-18 15:47:38 - [TEST_STEP][PASSED] - delay(3): Delayed 3 second(s)

2022-02-18 15:47:41 - [MESSAGE][PASSED] - Delayed 3 second(s)

2022-02-18 15:47:41 - [TEST_STEP][PASSED] - if (action2 == "idr"): null

2022-02-18 15:47:41 - [TEST_STEP][PASSED] - else if (action2 == "persen"): Delayed 3 second(s)

2022-02-18 15:47:41 - [TEST_STEP][PASSED] - tap(persen, 10): Tapped on element 'Object Repository/Mobile/Page/Portfolio/Button - Persen'

2022-02-18 15:47:42 - [MESSAGE][PASSED] - Tapped on element 'Object Repository/Mobile/Page/Portfolio/Button - Persen'

2022-02-18 15:47:42 - [TEST_STEP][PASSED] - delay(3): Delayed 3 second(s)

2022-02-18 15:47:45 - [MESSAGE][PASSED] - Delayed 3 second(s)

2022-02-18 15:47:45 - [MESSAGE][PASSED] - Call Test Case 'Test Cases/Mobile/Page/Portfolio/Portfolio' successfully

2022-02-18 15:47:45 - [TEST_STEP][PASSED] - callTestCase(findTestCase("Mobile/Page/Run App/Terminate App"), [:], STOP_ON_FAILURE): Call Test Case 'Test Cases/Mobile/Page/Run App/Terminate App' successfully

2022-02-18 15:47:45 - [TEST_CASE][PASSED] - Test Cases/Mobile/Page/Run App/Terminate App: Test Cases/Mobile/Page/Run App/Terminate App

2022-02-18 15:47:45 - [TEST_STEP][PASSED] - startApp.OpenApp.terminateApplication(): startApp.OpenApp.terminateApplication is PASSED

2022-02-18 15:47:48 - [MESSAGE][PASSED] - Delayed 3 second(s)

2022-02-18 15:47:49 - [MESSAGE][PASSED] - Current device physical width is 720

2022-02-18 15:47:49 - [MESSAGE][PASSED] - Current device physical height is 1423

2022-02-18 15:47:51 - [MESSAGE][PASSED] - Swiped from 360,853 to 360,142

2022-02-18 15:47:52 - [MESSAGE][PASSED] - Delayed 1 second(s)

2022-02-18 15:47:53 - [MESSAGE][PASSED] - Swiped from 360,853 to 360,142

2022-02-18 15:47:56 - [MESSAGE][PASSED] - Delayed 3 second(s)

2022-02-18 15:47:56 - [MESSAGE][PASSED] - startApp.OpenApp.terminateApplication is PASSED

2022-02-18 15:47:56 - [MESSAGE][PASSED] - Call Test Case 'Test Cases/Mobile/Page/Run App/Terminate App' successfully]]></system-out>
         <system-err><![CDATA[]]></system-err>
      </testcase>
      <testcase name="Test Cases/Mobile/Scenario/Portfolio/008 - Portfolio Performance Quarter to Date Persen" time="81.25" classname="Test Cases/Mobile/Scenario/Portfolio/008 - Portfolio Performance Quarter to Date Persen" status="PASSED">
         <system-out><![CDATA[2022-02-18 15:47:56 - [TEST_CASE][PASSED] - Test Cases/Mobile/Scenario/Portfolio/008 - Portfolio Performance Quarter to Date Persen: Test Cases/Mobile/Scenario/Portfolio/008 - Portfolio Performance Quarter to Date Persen

2022-02-18 15:47:57 - [TEST_STEP][PASSED] - callTestCase(findTestCase("Mobile/Page/Run App/Run App byID"), [:], STOP_ON_FAILURE): Call Test Case 'Test Cases/Mobile/Page/Run App/Run App byID' successfully

2022-02-18 15:47:57 - [TEST_CASE][PASSED] - Test Cases/Mobile/Page/Run App/Run App byID: Test Cases/Mobile/Page/Run App/Run App byID

2022-02-18 15:47:57 - [TEST_STEP][PASSED] - startApp.OpenApp.startApplication("id.co.miraeasset.sageclub"): startApp.OpenApp.startApplication is PASSED

2022-02-18 15:48:21 - [MESSAGE][PASSED] - Starting app with application ID: 'id.co.miraeasset.sageclub'

2022-02-18 15:48:21 - [MESSAGE][PASSED] - startApp.OpenApp.startApplication is PASSED

2022-02-18 15:48:21 - [MESSAGE][PASSED] - Call Test Case 'Test Cases/Mobile/Page/Run App/Run App byID' successfully

2022-02-18 15:48:21 - [TEST_STEP][PASSED] - callTestCase(findTestCase("Mobile/Page/Portfolio/Portfolio"), ["tab":"summary", "action":"perf_quarter", "action2":"persen"], CONTINUE_ON_FAILURE): Call Test Case 'Test Cases/Mobile/Page/Portfolio/Portfolio' successfully

2022-02-18 15:48:21 - [TEST_CASE][PASSED] - Test Cases/Mobile/Page/Portfolio/Portfolio: Test Cases/Mobile/Page/Portfolio/Portfolio

2022-02-18 15:48:21 - [TEST_STEP][PASSED] - callTestCase(findTestCase("Mobile/Page/CheckLogin"), [:], CONTINUE_ON_FAILURE): Call Test Case 'Test Cases/Mobile/Page/CheckLogin' successfully

2022-02-18 15:48:21 - [TEST_CASE][PASSED] - Test Cases/Mobile/Page/CheckLogin: Test Cases/Mobile/Page/CheckLogin

2022-02-18 15:48:21 - [TEST_STEP][PASSED] - loginCheck = verifyElementExist(LOGN_BtnLogin, 5, CONTINUE_ON_FAILURE): Element 'Object Repository/Mobile/Page/Login/Button - Login' is exist

2022-02-18 15:48:23 - [MESSAGE][PASSED] - Element 'Object Repository/Mobile/Page/Login/Button - Login' is exist

2022-02-18 15:48:23 - [TEST_STEP][PASSED] - if (loginCheck): Call Test Case 'Test Cases/Mobile/Page/Login/Login' successfully

2022-02-18 15:48:23 - [TEST_STEP][PASSED] - callTestCase(findTestCase("Mobile/Page/Login/Login"), ["action":"username"], CONTINUE_ON_FAILURE): Call Test Case 'Test Cases/Mobile/Page/Login/Login' successfully

2022-02-18 15:48:23 - [TEST_CASE][PASSED] - Test Cases/Mobile/Page/Login/Login: Test Cases/Mobile/Page/Login/Login

2022-02-18 15:48:23 - [TEST_STEP][PASSED] - delay(2): Delayed 2 second(s)

2022-02-18 15:48:25 - [MESSAGE][PASSED] - Delayed 2 second(s)

2022-02-18 15:48:25 - [TEST_STEP][PASSED] - for ([i = 0, i < 1, (i++)]): null

2022-02-18 15:48:25 - [TEST_STEP][PASSED] - if (action == "username"): null

2022-02-18 15:48:25 - [TEST_STEP][PASSED] - tap(LOGN_EdtUserID, 0): Tapped on element 'Object Repository/Mobile/Page/Login/Input - UserID'

2022-02-18 15:48:25 - [MESSAGE][WARNING] - Timeout '0' is invalid. Using default page load timeout: '60'

2022-02-18 15:48:26 - [MESSAGE][PASSED] - Tapped on element 'Object Repository/Mobile/Page/Login/Input - UserID'

2022-02-18 15:48:26 - [TEST_STEP][PASSED] - delay(1): Delayed 1 second(s)

2022-02-18 15:48:27 - [MESSAGE][PASSED] - Delayed 1 second(s)

2022-02-18 15:48:27 - [TEST_STEP][PASSED] - setText(LOGN_EdtRdyUserID, "anggaaditya", 0): Text 'anggaaditya' has been set to element 'Object Repository/Mobile/Page/Login/Input Rdy - UserID'

2022-02-18 15:48:27 - [MESSAGE][WARNING] - Timeout '0' is invalid. Using default page load timeout: '60'

2022-02-18 15:48:27 - [MESSAGE][PASSED] - Text 'anggaaditya' has been set to element 'Object Repository/Mobile/Page/Login/Input Rdy - UserID'

2022-02-18 15:48:27 - [TEST_STEP][PASSED] - delay(1): Delayed 1 second(s)

2022-02-18 15:48:28 - [MESSAGE][PASSED] - Delayed 1 second(s)

2022-02-18 15:48:28 - [TEST_STEP][PASSED] - hideKeyboard(): Keyboard is hidden

2022-02-18 15:48:33 - [MESSAGE][PASSED] - Keyboard is hidden

2022-02-18 15:48:33 - [TEST_STEP][PASSED] - tap(LOGN_EdtPassword, 0): Tapped on element 'Object Repository/Mobile/Page/Login/Input - Password'

2022-02-18 15:48:33 - [MESSAGE][WARNING] - Timeout '0' is invalid. Using default page load timeout: '60'

2022-02-18 15:48:33 - [MESSAGE][PASSED] - Tapped on element 'Object Repository/Mobile/Page/Login/Input - Password'

2022-02-18 15:48:33 - [TEST_STEP][PASSED] - delay(1): Delayed 1 second(s)

2022-02-18 15:48:34 - [MESSAGE][PASSED] - Delayed 1 second(s)

2022-02-18 15:48:34 - [TEST_STEP][PASSED] - setText(LOGN_EdtRdyPassword, "Shalawa18", 0): Text 'Shalawa18' has been set to element 'Object Repository/Mobile/Page/Login/Input Rdy - Password'

2022-02-18 15:48:34 - [MESSAGE][WARNING] - Timeout '0' is invalid. Using default page load timeout: '60'

2022-02-18 15:48:35 - [MESSAGE][PASSED] - Text 'Shalawa18' has been set to element 'Object Repository/Mobile/Page/Login/Input Rdy - Password'

2022-02-18 15:48:35 - [TEST_STEP][PASSED] - delay(1): Delayed 1 second(s)

2022-02-18 15:48:36 - [MESSAGE][PASSED] - Delayed 1 second(s)

2022-02-18 15:48:36 - [TEST_STEP][PASSED] - hideKeyboard(): Keyboard is hidden

2022-02-18 15:48:44 - [MESSAGE][PASSED] - Keyboard is hidden

2022-02-18 15:48:44 - [TEST_STEP][PASSED] - tap(LOGN_BtnLogin, 0): Tapped on element 'Object Repository/Mobile/Page/Login/Button - Login'

2022-02-18 15:48:44 - [MESSAGE][WARNING] - Timeout '0' is invalid. Using default page load timeout: '60'

2022-02-18 15:48:45 - [MESSAGE][PASSED] - Tapped on element 'Object Repository/Mobile/Page/Login/Button - Login'

2022-02-18 15:48:45 - [TEST_STEP][PASSED] - delay(2): Delayed 2 second(s)

2022-02-18 15:48:47 - [MESSAGE][PASSED] - Delayed 2 second(s)

2022-02-18 15:48:47 - [TEST_STEP][PASSED] - break: null

2022-02-18 15:48:47 - [MESSAGE][PASSED] - Call Test Case 'Test Cases/Mobile/Page/Login/Login' successfully

2022-02-18 15:48:47 - [MESSAGE][PASSED] - Call Test Case 'Test Cases/Mobile/Page/CheckLogin' successfully

2022-02-18 15:48:47 - [TEST_STEP][PASSED] - tap(HOME_MenubarPortfolio, 0): Tapped on element 'Object Repository/Mobile/Page/Home/Menubar - Portfolio'

2022-02-18 15:48:47 - [MESSAGE][WARNING] - Timeout '0' is invalid. Using default page load timeout: '60'

2022-02-18 15:48:49 - [MESSAGE][PASSED] - Tapped on element 'Object Repository/Mobile/Page/Home/Menubar - Portfolio'

2022-02-18 15:48:49 - [TEST_STEP][PASSED] - delay(1): Delayed 1 second(s)

2022-02-18 15:48:50 - [MESSAGE][PASSED] - Delayed 1 second(s)

2022-02-18 15:48:50 - [TEST_STEP][PASSED] - for ([i = 0, i < 1, (i++)]): Delayed 3 second(s)

2022-02-18 15:48:50 - [TEST_STEP][PASSED] - if (tab == "summary"): Delayed 3 second(s)

2022-02-18 15:48:50 - [TEST_STEP][PASSED] - idr = PORT_BtnIDR: null

2022-02-18 15:48:50 - [TEST_STEP][PASSED] - persen = PORT_BtnPersen: null

2022-02-18 15:48:50 - [TEST_STEP][PASSED] - if (action == "summary"): null

2022-02-18 15:48:50 - [TEST_STEP][PASSED] - else if (action == "perf_daily"): null

2022-02-18 15:48:50 - [TEST_STEP][PASSED] - else if (action == "perf_month"): null

2022-02-18 15:48:50 - [TEST_STEP][PASSED] - else if (action == "perf_quarter"): Tapped on element 'Object Repository/Mobile/Page/Portfolio/Tab - Summary Quarter to Date'

2022-02-18 15:48:50 - [TEST_STEP][PASSED] - scroll.scroll.scrollScreenBottomToTop(): scroll.scroll.scrollScreenBottomToTop is PASSED

2022-02-18 15:48:50 - [MESSAGE][PASSED] - Current device physical height is 1423

2022-02-18 15:48:51 - [MESSAGE][PASSED] - Current device physical width is 720

2022-02-18 15:48:52 - [MESSAGE][PASSED] - Swiped from 360,1,138 to 360,284

2022-02-18 15:48:52 - [MESSAGE][PASSED] - scroll.scroll.scrollScreenBottomToTop is PASSED

2022-02-18 15:48:52 - [TEST_STEP][PASSED] - delay(1): Delayed 1 second(s)

2022-02-18 15:48:53 - [MESSAGE][PASSED] - Delayed 1 second(s)

2022-02-18 15:48:53 - [TEST_STEP][PASSED] - tap(PORT_TabSummaryQuarter, 0): Tapped on element 'Object Repository/Mobile/Page/Portfolio/Tab - Summary Quarter to Date'

2022-02-18 15:48:53 - [MESSAGE][WARNING] - Timeout '0' is invalid. Using default page load timeout: '60'

2022-02-18 15:48:54 - [MESSAGE][PASSED] - Tapped on element 'Object Repository/Mobile/Page/Portfolio/Tab - Summary Quarter to Date'

2022-02-18 15:48:54 - [TEST_STEP][PASSED] - if (action != "summary"): Delayed 3 second(s)

2022-02-18 15:48:54 - [TEST_STEP][PASSED] - delay(1): Delayed 1 second(s)

2022-02-18 15:48:55 - [MESSAGE][PASSED] - Delayed 1 second(s)

2022-02-18 15:48:55 - [TEST_STEP][PASSED] - scroll.scroll.scrollScreenBottomToTop(): scroll.scroll.scrollScreenBottomToTop is PASSED

2022-02-18 15:48:55 - [MESSAGE][PASSED] - Current device physical height is 1423

2022-02-18 15:48:56 - [MESSAGE][PASSED] - Current device physical width is 720

2022-02-18 15:48:57 - [MESSAGE][PASSED] - Swiped from 360,1,138 to 360,284

2022-02-18 15:48:57 - [MESSAGE][PASSED] - scroll.scroll.scrollScreenBottomToTop is PASSED

2022-02-18 15:48:57 - [TEST_STEP][PASSED] - scroll.scroll.scrollScreenBottomToTop(): scroll.scroll.scrollScreenBottomToTop is PASSED

2022-02-18 15:48:58 - [MESSAGE][PASSED] - Current device physical height is 1423

2022-02-18 15:48:58 - [MESSAGE][PASSED] - Current device physical width is 720

2022-02-18 15:49:00 - [MESSAGE][PASSED] - Swiped from 360,1,138 to 360,284

2022-02-18 15:49:00 - [MESSAGE][PASSED] - scroll.scroll.scrollScreenBottomToTop is PASSED

2022-02-18 15:49:00 - [TEST_STEP][PASSED] - delay(3): Delayed 3 second(s)

2022-02-18 15:49:03 - [MESSAGE][PASSED] - Delayed 3 second(s)

2022-02-18 15:49:03 - [TEST_STEP][PASSED] - if (action2 == "idr"): null

2022-02-18 15:49:03 - [TEST_STEP][PASSED] - else if (action2 == "persen"): Delayed 3 second(s)

2022-02-18 15:49:03 - [TEST_STEP][PASSED] - tap(persen, 10): Tapped on element 'Object Repository/Mobile/Page/Portfolio/Button - Persen'

2022-02-18 15:49:03 - [MESSAGE][PASSED] - Tapped on element 'Object Repository/Mobile/Page/Portfolio/Button - Persen'

2022-02-18 15:49:03 - [TEST_STEP][PASSED] - delay(3): Delayed 3 second(s)

2022-02-18 15:49:06 - [MESSAGE][PASSED] - Delayed 3 second(s)

2022-02-18 15:49:06 - [MESSAGE][PASSED] - Call Test Case 'Test Cases/Mobile/Page/Portfolio/Portfolio' successfully

2022-02-18 15:49:06 - [TEST_STEP][PASSED] - callTestCase(findTestCase("Mobile/Page/Run App/Terminate App"), [:], STOP_ON_FAILURE): Call Test Case 'Test Cases/Mobile/Page/Run App/Terminate App' successfully

2022-02-18 15:49:06 - [TEST_CASE][PASSED] - Test Cases/Mobile/Page/Run App/Terminate App: Test Cases/Mobile/Page/Run App/Terminate App

2022-02-18 15:49:06 - [TEST_STEP][PASSED] - startApp.OpenApp.terminateApplication(): startApp.OpenApp.terminateApplication is PASSED

2022-02-18 15:49:09 - [MESSAGE][PASSED] - Delayed 3 second(s)

2022-02-18 15:49:10 - [MESSAGE][PASSED] - Current device physical width is 720

2022-02-18 15:49:10 - [MESSAGE][PASSED] - Current device physical height is 1423

2022-02-18 15:49:12 - [MESSAGE][PASSED] - Swiped from 360,853 to 360,142

2022-02-18 15:49:13 - [MESSAGE][PASSED] - Delayed 1 second(s)

2022-02-18 15:49:15 - [MESSAGE][PASSED] - Swiped from 360,853 to 360,142

2022-02-18 15:49:18 - [MESSAGE][PASSED] - Delayed 3 second(s)

2022-02-18 15:49:18 - [MESSAGE][PASSED] - startApp.OpenApp.terminateApplication is PASSED

2022-02-18 15:49:18 - [MESSAGE][PASSED] - Call Test Case 'Test Cases/Mobile/Page/Run App/Terminate App' successfully]]></system-out>
         <system-err><![CDATA[]]></system-err>
      </testcase>
      <testcase name="Test Cases/Mobile/Scenario/Portfolio/009 - Portfolio Performance Year to Date Persen" time="76.833" classname="Test Cases/Mobile/Scenario/Portfolio/009 - Portfolio Performance Year to Date Persen" status="PASSED">
         <system-out><![CDATA[2022-02-18 15:49:18 - [TEST_CASE][PASSED] - Test Cases/Mobile/Scenario/Portfolio/009 - Portfolio Performance Year to Date Persen: Test Cases/Mobile/Scenario/Portfolio/009 - Portfolio Performance Year to Date Persen

2022-02-18 15:49:18 - [TEST_STEP][PASSED] - callTestCase(findTestCase("Mobile/Page/Run App/Run App byID"), [:], STOP_ON_FAILURE): Call Test Case 'Test Cases/Mobile/Page/Run App/Run App byID' successfully

2022-02-18 15:49:18 - [TEST_CASE][PASSED] - Test Cases/Mobile/Page/Run App/Run App byID: Test Cases/Mobile/Page/Run App/Run App byID

2022-02-18 15:49:18 - [TEST_STEP][PASSED] - startApp.OpenApp.startApplication("id.co.miraeasset.sageclub"): startApp.OpenApp.startApplication is PASSED

2022-02-18 15:49:37 - [MESSAGE][PASSED] - Starting app with application ID: 'id.co.miraeasset.sageclub'

2022-02-18 15:49:37 - [MESSAGE][PASSED] - startApp.OpenApp.startApplication is PASSED

2022-02-18 15:49:37 - [MESSAGE][PASSED] - Call Test Case 'Test Cases/Mobile/Page/Run App/Run App byID' successfully

2022-02-18 15:49:37 - [TEST_STEP][PASSED] - callTestCase(findTestCase("Mobile/Page/Portfolio/Portfolio"), ["tab":"summary", "action":"perf_year", "action2":"persen"], CONTINUE_ON_FAILURE): Call Test Case 'Test Cases/Mobile/Page/Portfolio/Portfolio' successfully

2022-02-18 15:49:37 - [TEST_CASE][PASSED] - Test Cases/Mobile/Page/Portfolio/Portfolio: Test Cases/Mobile/Page/Portfolio/Portfolio

2022-02-18 15:49:37 - [TEST_STEP][PASSED] - callTestCase(findTestCase("Mobile/Page/CheckLogin"), [:], CONTINUE_ON_FAILURE): Call Test Case 'Test Cases/Mobile/Page/CheckLogin' successfully

2022-02-18 15:49:37 - [TEST_CASE][PASSED] - Test Cases/Mobile/Page/CheckLogin: Test Cases/Mobile/Page/CheckLogin

2022-02-18 15:49:37 - [TEST_STEP][PASSED] - loginCheck = verifyElementExist(LOGN_BtnLogin, 5, CONTINUE_ON_FAILURE): Element 'Object Repository/Mobile/Page/Login/Button - Login' is exist

2022-02-18 15:49:39 - [MESSAGE][PASSED] - Element 'Object Repository/Mobile/Page/Login/Button - Login' is exist

2022-02-18 15:49:39 - [TEST_STEP][PASSED] - if (loginCheck): Call Test Case 'Test Cases/Mobile/Page/Login/Login' successfully

2022-02-18 15:49:39 - [TEST_STEP][PASSED] - callTestCase(findTestCase("Mobile/Page/Login/Login"), ["action":"username"], CONTINUE_ON_FAILURE): Call Test Case 'Test Cases/Mobile/Page/Login/Login' successfully

2022-02-18 15:49:39 - [TEST_CASE][PASSED] - Test Cases/Mobile/Page/Login/Login: Test Cases/Mobile/Page/Login/Login

2022-02-18 15:49:39 - [TEST_STEP][PASSED] - delay(2): Delayed 2 second(s)

2022-02-18 15:49:41 - [MESSAGE][PASSED] - Delayed 2 second(s)

2022-02-18 15:49:41 - [TEST_STEP][PASSED] - for ([i = 0, i < 1, (i++)]): null

2022-02-18 15:49:41 - [TEST_STEP][PASSED] - if (action == "username"): null

2022-02-18 15:49:41 - [TEST_STEP][PASSED] - tap(LOGN_EdtUserID, 0): Tapped on element 'Object Repository/Mobile/Page/Login/Input - UserID'

2022-02-18 15:49:41 - [MESSAGE][WARNING] - Timeout '0' is invalid. Using default page load timeout: '60'

2022-02-18 15:49:41 - [MESSAGE][PASSED] - Tapped on element 'Object Repository/Mobile/Page/Login/Input - UserID'

2022-02-18 15:49:41 - [TEST_STEP][PASSED] - delay(1): Delayed 1 second(s)

2022-02-18 15:49:42 - [MESSAGE][PASSED] - Delayed 1 second(s)

2022-02-18 15:49:42 - [TEST_STEP][PASSED] - setText(LOGN_EdtRdyUserID, "anggaaditya", 0): Text 'anggaaditya' has been set to element 'Object Repository/Mobile/Page/Login/Input Rdy - UserID'

2022-02-18 15:49:42 - [MESSAGE][WARNING] - Timeout '0' is invalid. Using default page load timeout: '60'

2022-02-18 15:49:43 - [MESSAGE][PASSED] - Text 'anggaaditya' has been set to element 'Object Repository/Mobile/Page/Login/Input Rdy - UserID'

2022-02-18 15:49:43 - [TEST_STEP][PASSED] - delay(1): Delayed 1 second(s)

2022-02-18 15:49:44 - [MESSAGE][PASSED] - Delayed 1 second(s)

2022-02-18 15:49:44 - [TEST_STEP][PASSED] - hideKeyboard(): Keyboard is hidden

2022-02-18 15:49:49 - [MESSAGE][PASSED] - Keyboard is hidden

2022-02-18 15:49:49 - [TEST_STEP][PASSED] - tap(LOGN_EdtPassword, 0): Tapped on element 'Object Repository/Mobile/Page/Login/Input - Password'

2022-02-18 15:49:49 - [MESSAGE][WARNING] - Timeout '0' is invalid. Using default page load timeout: '60'

2022-02-18 15:49:50 - [MESSAGE][PASSED] - Tapped on element 'Object Repository/Mobile/Page/Login/Input - Password'

2022-02-18 15:49:50 - [TEST_STEP][PASSED] - delay(1): Delayed 1 second(s)

2022-02-18 15:49:51 - [MESSAGE][PASSED] - Delayed 1 second(s)

2022-02-18 15:49:51 - [TEST_STEP][PASSED] - setText(LOGN_EdtRdyPassword, "Shalawa18", 0): Text 'Shalawa18' has been set to element 'Object Repository/Mobile/Page/Login/Input Rdy - Password'

2022-02-18 15:49:51 - [MESSAGE][WARNING] - Timeout '0' is invalid. Using default page load timeout: '60'

2022-02-18 15:49:52 - [MESSAGE][PASSED] - Text 'Shalawa18' has been set to element 'Object Repository/Mobile/Page/Login/Input Rdy - Password'

2022-02-18 15:49:52 - [TEST_STEP][PASSED] - delay(1): Delayed 1 second(s)

2022-02-18 15:49:53 - [MESSAGE][PASSED] - Delayed 1 second(s)

2022-02-18 15:49:53 - [TEST_STEP][PASSED] - hideKeyboard(): Keyboard is hidden

2022-02-18 15:50:01 - [MESSAGE][PASSED] - Keyboard is hidden

2022-02-18 15:50:01 - [TEST_STEP][PASSED] - tap(LOGN_BtnLogin, 0): Tapped on element 'Object Repository/Mobile/Page/Login/Button - Login'

2022-02-18 15:50:01 - [MESSAGE][WARNING] - Timeout '0' is invalid. Using default page load timeout: '60'

2022-02-18 15:50:02 - [MESSAGE][PASSED] - Tapped on element 'Object Repository/Mobile/Page/Login/Button - Login'

2022-02-18 15:50:02 - [TEST_STEP][PASSED] - delay(2): Delayed 2 second(s)

2022-02-18 15:50:04 - [MESSAGE][PASSED] - Delayed 2 second(s)

2022-02-18 15:50:04 - [TEST_STEP][PASSED] - break: null

2022-02-18 15:50:04 - [MESSAGE][PASSED] - Call Test Case 'Test Cases/Mobile/Page/Login/Login' successfully

2022-02-18 15:50:04 - [MESSAGE][PASSED] - Call Test Case 'Test Cases/Mobile/Page/CheckLogin' successfully

2022-02-18 15:50:04 - [TEST_STEP][PASSED] - tap(HOME_MenubarPortfolio, 0): Tapped on element 'Object Repository/Mobile/Page/Home/Menubar - Portfolio'

2022-02-18 15:50:04 - [MESSAGE][WARNING] - Timeout '0' is invalid. Using default page load timeout: '60'

2022-02-18 15:50:06 - [MESSAGE][PASSED] - Tapped on element 'Object Repository/Mobile/Page/Home/Menubar - Portfolio'

2022-02-18 15:50:06 - [TEST_STEP][PASSED] - delay(1): Delayed 1 second(s)

2022-02-18 15:50:07 - [MESSAGE][PASSED] - Delayed 1 second(s)

2022-02-18 15:50:07 - [TEST_STEP][PASSED] - for ([i = 0, i < 1, (i++)]): Delayed 3 second(s)

2022-02-18 15:50:07 - [TEST_STEP][PASSED] - if (tab == "summary"): Delayed 3 second(s)

2022-02-18 15:50:07 - [TEST_STEP][PASSED] - idr = PORT_BtnIDR: null

2022-02-18 15:50:07 - [TEST_STEP][PASSED] - persen = PORT_BtnPersen: null

2022-02-18 15:50:07 - [TEST_STEP][PASSED] - if (action == "summary"): null

2022-02-18 15:50:07 - [TEST_STEP][PASSED] - else if (action == "perf_daily"): null

2022-02-18 15:50:07 - [TEST_STEP][PASSED] - else if (action == "perf_month"): null

2022-02-18 15:50:07 - [TEST_STEP][PASSED] - else if (action == "perf_quarter"): null

2022-02-18 15:50:07 - [TEST_STEP][PASSED] - else if (action == "perf_year"): Tapped on element 'Object Repository/Mobile/Page/Portfolio/Tab - Summary Year to Date'

2022-02-18 15:50:07 - [TEST_STEP][PASSED] - scroll.scroll.scrollScreenBottomToTop(): scroll.scroll.scrollScreenBottomToTop is PASSED

2022-02-18 15:50:08 - [MESSAGE][PASSED] - Current device physical height is 1423

2022-02-18 15:50:09 - [MESSAGE][PASSED] - Current device physical width is 720

2022-02-18 15:50:10 - [MESSAGE][PASSED] - Swiped from 360,1,138 to 360,284

2022-02-18 15:50:10 - [MESSAGE][PASSED] - scroll.scroll.scrollScreenBottomToTop is PASSED

2022-02-18 15:50:10 - [TEST_STEP][PASSED] - delay(1): Delayed 1 second(s)

2022-02-18 15:50:11 - [MESSAGE][PASSED] - Delayed 1 second(s)

2022-02-18 15:50:11 - [TEST_STEP][PASSED] - tap(PORT_TabSummaryYear, 0): Tapped on element 'Object Repository/Mobile/Page/Portfolio/Tab - Summary Year to Date'

2022-02-18 15:50:11 - [MESSAGE][WARNING] - Timeout '0' is invalid. Using default page load timeout: '60'

2022-02-18 15:50:12 - [MESSAGE][PASSED] - Tapped on element 'Object Repository/Mobile/Page/Portfolio/Tab - Summary Year to Date'

2022-02-18 15:50:12 - [TEST_STEP][PASSED] - if (action != "summary"): Delayed 3 second(s)

2022-02-18 15:50:12 - [TEST_STEP][PASSED] - delay(1): Delayed 1 second(s)

2022-02-18 15:50:13 - [MESSAGE][PASSED] - Delayed 1 second(s)

2022-02-18 15:50:13 - [TEST_STEP][PASSED] - scroll.scroll.scrollScreenBottomToTop(): scroll.scroll.scrollScreenBottomToTop is PASSED

2022-02-18 15:50:13 - [MESSAGE][PASSED] - Current device physical height is 1423

2022-02-18 15:50:14 - [MESSAGE][PASSED] - Current device physical width is 720

2022-02-18 15:50:15 - [MESSAGE][PASSED] - Swiped from 360,1,138 to 360,284

2022-02-18 15:50:15 - [MESSAGE][PASSED] - scroll.scroll.scrollScreenBottomToTop is PASSED

2022-02-18 15:50:15 - [TEST_STEP][PASSED] - scroll.scroll.scrollScreenBottomToTop(): scroll.scroll.scrollScreenBottomToTop is PASSED

2022-02-18 15:50:15 - [MESSAGE][PASSED] - Current device physical height is 1423

2022-02-18 15:50:16 - [MESSAGE][PASSED] - Current device physical width is 720

2022-02-18 15:50:17 - [MESSAGE][PASSED] - Swiped from 360,1,138 to 360,284

2022-02-18 15:50:17 - [MESSAGE][PASSED] - scroll.scroll.scrollScreenBottomToTop is PASSED

2022-02-18 15:50:17 - [TEST_STEP][PASSED] - delay(3): Delayed 3 second(s)

2022-02-18 15:50:20 - [MESSAGE][PASSED] - Delayed 3 second(s)

2022-02-18 15:50:20 - [TEST_STEP][PASSED] - if (action2 == "idr"): null

2022-02-18 15:50:20 - [TEST_STEP][PASSED] - else if (action2 == "persen"): Delayed 3 second(s)

2022-02-18 15:50:20 - [TEST_STEP][PASSED] - tap(persen, 10): Tapped on element 'Object Repository/Mobile/Page/Portfolio/Button - Persen'

2022-02-18 15:50:21 - [MESSAGE][PASSED] - Tapped on element 'Object Repository/Mobile/Page/Portfolio/Button - Persen'

2022-02-18 15:50:21 - [TEST_STEP][PASSED] - delay(3): Delayed 3 second(s)

2022-02-18 15:50:24 - [MESSAGE][PASSED] - Delayed 3 second(s)

2022-02-18 15:50:24 - [MESSAGE][PASSED] - Call Test Case 'Test Cases/Mobile/Page/Portfolio/Portfolio' successfully

2022-02-18 15:50:24 - [TEST_STEP][PASSED] - callTestCase(findTestCase("Mobile/Page/Run App/Terminate App"), [:], STOP_ON_FAILURE): Call Test Case 'Test Cases/Mobile/Page/Run App/Terminate App' successfully

2022-02-18 15:50:24 - [TEST_CASE][PASSED] - Test Cases/Mobile/Page/Run App/Terminate App: Test Cases/Mobile/Page/Run App/Terminate App

2022-02-18 15:50:24 - [TEST_STEP][PASSED] - startApp.OpenApp.terminateApplication(): startApp.OpenApp.terminateApplication is PASSED

2022-02-18 15:50:27 - [MESSAGE][PASSED] - Delayed 3 second(s)

2022-02-18 15:50:27 - [MESSAGE][PASSED] - Current device physical width is 720

2022-02-18 15:50:27 - [MESSAGE][PASSED] - Current device physical height is 1423

2022-02-18 15:50:29 - [MESSAGE][PASSED] - Swiped from 360,853 to 360,142

2022-02-18 15:50:30 - [MESSAGE][PASSED] - Delayed 1 second(s)

2022-02-18 15:50:31 - [MESSAGE][PASSED] - Swiped from 360,853 to 360,142

2022-02-18 15:50:34 - [MESSAGE][PASSED] - Delayed 3 second(s)

2022-02-18 15:50:34 - [MESSAGE][PASSED] - startApp.OpenApp.terminateApplication is PASSED

2022-02-18 15:50:34 - [MESSAGE][PASSED] - Call Test Case 'Test Cases/Mobile/Page/Run App/Terminate App' successfully]]></system-out>
         <system-err><![CDATA[]]></system-err>
      </testcase>
      <testcase name="Test Cases/Mobile/Scenario/Portfolio/010 - Melihat list stock" time="70.219" classname="Test Cases/Mobile/Scenario/Portfolio/010 - Melihat list stock" status="PASSED">
         <system-out><![CDATA[2022-02-18 15:50:34 - [TEST_CASE][PASSED] - Test Cases/Mobile/Scenario/Portfolio/010 - Melihat list stock: Test Cases/Mobile/Scenario/Portfolio/010 - Melihat list stock

2022-02-18 15:50:35 - [TEST_STEP][PASSED] - callTestCase(findTestCase("Mobile/Page/Run App/Run App byID"), [:], STOP_ON_FAILURE): Call Test Case 'Test Cases/Mobile/Page/Run App/Run App byID' successfully

2022-02-18 15:50:36 - [TEST_CASE][PASSED] - Test Cases/Mobile/Page/Run App/Run App byID: Test Cases/Mobile/Page/Run App/Run App byID

2022-02-18 15:50:36 - [TEST_STEP][PASSED] - startApp.OpenApp.startApplication("id.co.miraeasset.sageclub"): startApp.OpenApp.startApplication is PASSED

2022-02-18 15:50:58 - [MESSAGE][PASSED] - Starting app with application ID: 'id.co.miraeasset.sageclub'

2022-02-18 15:50:58 - [MESSAGE][PASSED] - startApp.OpenApp.startApplication is PASSED

2022-02-18 15:50:58 - [MESSAGE][PASSED] - Call Test Case 'Test Cases/Mobile/Page/Run App/Run App byID' successfully

2022-02-18 15:50:58 - [TEST_STEP][PASSED] - callTestCase(findTestCase("Mobile/Page/Portfolio/Portfolio"), ["tab":"stock"], CONTINUE_ON_FAILURE): Call Test Case 'Test Cases/Mobile/Page/Portfolio/Portfolio' successfully

2022-02-18 15:50:58 - [TEST_CASE][PASSED] - Test Cases/Mobile/Page/Portfolio/Portfolio: Test Cases/Mobile/Page/Portfolio/Portfolio

2022-02-18 15:50:58 - [TEST_STEP][PASSED] - callTestCase(findTestCase("Mobile/Page/CheckLogin"), [:], CONTINUE_ON_FAILURE): Call Test Case 'Test Cases/Mobile/Page/CheckLogin' successfully

2022-02-18 15:50:58 - [TEST_CASE][PASSED] - Test Cases/Mobile/Page/CheckLogin: Test Cases/Mobile/Page/CheckLogin

2022-02-18 15:50:58 - [TEST_STEP][PASSED] - loginCheck = verifyElementExist(LOGN_BtnLogin, 5, CONTINUE_ON_FAILURE): Element 'Object Repository/Mobile/Page/Login/Button - Login' is exist

2022-02-18 15:51:00 - [MESSAGE][PASSED] - Element 'Object Repository/Mobile/Page/Login/Button - Login' is exist

2022-02-18 15:51:00 - [TEST_STEP][PASSED] - if (loginCheck): Call Test Case 'Test Cases/Mobile/Page/Login/Login' successfully

2022-02-18 15:51:00 - [TEST_STEP][PASSED] - callTestCase(findTestCase("Mobile/Page/Login/Login"), ["action":"username"], CONTINUE_ON_FAILURE): Call Test Case 'Test Cases/Mobile/Page/Login/Login' successfully

2022-02-18 15:51:00 - [TEST_CASE][PASSED] - Test Cases/Mobile/Page/Login/Login: Test Cases/Mobile/Page/Login/Login

2022-02-18 15:51:00 - [TEST_STEP][PASSED] - delay(2): Delayed 2 second(s)

2022-02-18 15:51:02 - [MESSAGE][PASSED] - Delayed 2 second(s)

2022-02-18 15:51:02 - [TEST_STEP][PASSED] - for ([i = 0, i < 1, (i++)]): null

2022-02-18 15:51:02 - [TEST_STEP][PASSED] - if (action == "username"): null

2022-02-18 15:51:02 - [TEST_STEP][PASSED] - tap(LOGN_EdtUserID, 0): Tapped on element 'Object Repository/Mobile/Page/Login/Input - UserID'

2022-02-18 15:51:02 - [MESSAGE][WARNING] - Timeout '0' is invalid. Using default page load timeout: '60'

2022-02-18 15:51:03 - [MESSAGE][PASSED] - Tapped on element 'Object Repository/Mobile/Page/Login/Input - UserID'

2022-02-18 15:51:03 - [TEST_STEP][PASSED] - delay(1): Delayed 1 second(s)

2022-02-18 15:51:04 - [MESSAGE][PASSED] - Delayed 1 second(s)

2022-02-18 15:51:04 - [TEST_STEP][PASSED] - setText(LOGN_EdtRdyUserID, "anggaaditya", 0): Text 'anggaaditya' has been set to element 'Object Repository/Mobile/Page/Login/Input Rdy - UserID'

2022-02-18 15:51:04 - [MESSAGE][WARNING] - Timeout '0' is invalid. Using default page load timeout: '60'

2022-02-18 15:51:05 - [MESSAGE][PASSED] - Text 'anggaaditya' has been set to element 'Object Repository/Mobile/Page/Login/Input Rdy - UserID'

2022-02-18 15:51:05 - [TEST_STEP][PASSED] - delay(1): Delayed 1 second(s)

2022-02-18 15:51:06 - [MESSAGE][PASSED] - Delayed 1 second(s)

2022-02-18 15:51:06 - [TEST_STEP][PASSED] - hideKeyboard(): Keyboard is hidden

2022-02-18 15:51:10 - [MESSAGE][PASSED] - Keyboard is hidden

2022-02-18 15:51:10 - [TEST_STEP][PASSED] - tap(LOGN_EdtPassword, 0): Tapped on element 'Object Repository/Mobile/Page/Login/Input - Password'

2022-02-18 15:51:10 - [MESSAGE][WARNING] - Timeout '0' is invalid. Using default page load timeout: '60'

2022-02-18 15:51:10 - [MESSAGE][PASSED] - Tapped on element 'Object Repository/Mobile/Page/Login/Input - Password'

2022-02-18 15:51:10 - [TEST_STEP][PASSED] - delay(1): Delayed 1 second(s)

2022-02-18 15:51:11 - [MESSAGE][PASSED] - Delayed 1 second(s)

2022-02-18 15:51:11 - [TEST_STEP][PASSED] - setText(LOGN_EdtRdyPassword, "Shalawa18", 0): Text 'Shalawa18' has been set to element 'Object Repository/Mobile/Page/Login/Input Rdy - Password'

2022-02-18 15:51:11 - [MESSAGE][WARNING] - Timeout '0' is invalid. Using default page load timeout: '60'

2022-02-18 15:51:12 - [MESSAGE][PASSED] - Text 'Shalawa18' has been set to element 'Object Repository/Mobile/Page/Login/Input Rdy - Password'

2022-02-18 15:51:12 - [TEST_STEP][PASSED] - delay(1): Delayed 1 second(s)

2022-02-18 15:51:13 - [MESSAGE][PASSED] - Delayed 1 second(s)

2022-02-18 15:51:13 - [TEST_STEP][PASSED] - hideKeyboard(): Keyboard is hidden

2022-02-18 15:51:21 - [MESSAGE][PASSED] - Keyboard is hidden

2022-02-18 15:51:21 - [TEST_STEP][PASSED] - tap(LOGN_BtnLogin, 0): Tapped on element 'Object Repository/Mobile/Page/Login/Button - Login'

2022-02-18 15:51:21 - [MESSAGE][WARNING] - Timeout '0' is invalid. Using default page load timeout: '60'

2022-02-18 15:51:22 - [MESSAGE][PASSED] - Tapped on element 'Object Repository/Mobile/Page/Login/Button - Login'

2022-02-18 15:51:22 - [TEST_STEP][PASSED] - delay(2): Delayed 2 second(s)

2022-02-18 15:51:24 - [MESSAGE][PASSED] - Delayed 2 second(s)

2022-02-18 15:51:24 - [TEST_STEP][PASSED] - break: null

2022-02-18 15:51:24 - [MESSAGE][PASSED] - Call Test Case 'Test Cases/Mobile/Page/Login/Login' successfully

2022-02-18 15:51:24 - [MESSAGE][PASSED] - Call Test Case 'Test Cases/Mobile/Page/CheckLogin' successfully

2022-02-18 15:51:24 - [TEST_STEP][PASSED] - tap(HOME_MenubarPortfolio, 0): Tapped on element 'Object Repository/Mobile/Page/Home/Menubar - Portfolio'

2022-02-18 15:51:24 - [MESSAGE][WARNING] - Timeout '0' is invalid. Using default page load timeout: '60'

2022-02-18 15:51:25 - [MESSAGE][PASSED] - Tapped on element 'Object Repository/Mobile/Page/Home/Menubar - Portfolio'

2022-02-18 15:51:25 - [TEST_STEP][PASSED] - delay(1): Delayed 1 second(s)

2022-02-18 15:51:26 - [MESSAGE][PASSED] - Delayed 1 second(s)

2022-02-18 15:51:26 - [TEST_STEP][PASSED] - for ([i = 0, i < 1, (i++)]): Delayed 3 second(s)

2022-02-18 15:51:26 - [TEST_STEP][PASSED] - if (tab == "summary"): null

2022-02-18 15:51:26 - [TEST_STEP][PASSED] - else if (tab == "stock"): Delayed 3 second(s)

2022-02-18 15:51:26 - [TEST_STEP][PASSED] - tap(PORT_TabStock, 0): Tapped on element 'Object Repository/Mobile/Page/Portfolio/Tab - Stock'

2022-02-18 15:51:26 - [MESSAGE][WARNING] - Timeout '0' is invalid. Using default page load timeout: '60'

2022-02-18 15:51:28 - [MESSAGE][PASSED] - Tapped on element 'Object Repository/Mobile/Page/Portfolio/Tab - Stock'

2022-02-18 15:51:28 - [TEST_STEP][PASSED] - scroll.scroll.scrollScreenBottomToTop(): scroll.scroll.scrollScreenBottomToTop is PASSED

2022-02-18 15:51:28 - [MESSAGE][PASSED] - Current device physical height is 1423

2022-02-18 15:51:29 - [MESSAGE][PASSED] - Current device physical width is 720

2022-02-18 15:51:30 - [MESSAGE][PASSED] - Swiped from 360,1,138 to 360,284

2022-02-18 15:51:30 - [MESSAGE][PASSED] - scroll.scroll.scrollScreenBottomToTop is PASSED

2022-02-18 15:51:30 - [TEST_STEP][PASSED] - delay(3): Delayed 3 second(s)

2022-02-18 15:51:33 - [MESSAGE][PASSED] - Delayed 3 second(s)

2022-02-18 15:51:33 - [MESSAGE][PASSED] - Call Test Case 'Test Cases/Mobile/Page/Portfolio/Portfolio' successfully

2022-02-18 15:51:33 - [TEST_STEP][PASSED] - callTestCase(findTestCase("Mobile/Page/Run App/Terminate App"), [:], STOP_ON_FAILURE): Call Test Case 'Test Cases/Mobile/Page/Run App/Terminate App' successfully

2022-02-18 15:51:33 - [TEST_CASE][PASSED] - Test Cases/Mobile/Page/Run App/Terminate App: Test Cases/Mobile/Page/Run App/Terminate App

2022-02-18 15:51:33 - [TEST_STEP][PASSED] - startApp.OpenApp.terminateApplication(): startApp.OpenApp.terminateApplication is PASSED

2022-02-18 15:51:37 - [MESSAGE][PASSED] - Delayed 3 second(s)

2022-02-18 15:51:37 - [MESSAGE][PASSED] - Current device physical width is 720

2022-02-18 15:51:37 - [MESSAGE][PASSED] - Current device physical height is 1423

2022-02-18 15:51:39 - [MESSAGE][PASSED] - Swiped from 360,853 to 360,142

2022-02-18 15:51:40 - [MESSAGE][PASSED] - Delayed 1 second(s)

2022-02-18 15:51:42 - [MESSAGE][PASSED] - Swiped from 360,853 to 360,142

2022-02-18 15:51:45 - [MESSAGE][PASSED] - Delayed 3 second(s)

2022-02-18 15:51:45 - [MESSAGE][PASSED] - startApp.OpenApp.terminateApplication is PASSED

2022-02-18 15:51:45 - [MESSAGE][PASSED] - Call Test Case 'Test Cases/Mobile/Page/Run App/Terminate App' successfully]]></system-out>
         <system-err><![CDATA[]]></system-err>
      </testcase>
      <testcase name="Test Cases/Mobile/Scenario/Portfolio/011 - Melihat list mutual fund" time="72.975" classname="Test Cases/Mobile/Scenario/Portfolio/011 - Melihat list mutual fund" status="PASSED">
         <system-out><![CDATA[2022-02-18 15:51:45 - [TEST_CASE][PASSED] - Test Cases/Mobile/Scenario/Portfolio/011 - Melihat list mutual fund: Test Cases/Mobile/Scenario/Portfolio/011 - Melihat list mutual fund

2022-02-18 15:51:45 - [TEST_STEP][PASSED] - callTestCase(findTestCase("Mobile/Page/Run App/Run App byID"), [:], STOP_ON_FAILURE): Call Test Case 'Test Cases/Mobile/Page/Run App/Run App byID' successfully

2022-02-18 15:51:45 - [TEST_CASE][PASSED] - Test Cases/Mobile/Page/Run App/Run App byID: Test Cases/Mobile/Page/Run App/Run App byID

2022-02-18 15:51:45 - [TEST_STEP][PASSED] - startApp.OpenApp.startApplication("id.co.miraeasset.sageclub"): startApp.OpenApp.startApplication is PASSED

2022-02-18 15:52:05 - [MESSAGE][PASSED] - Starting app with application ID: 'id.co.miraeasset.sageclub'

2022-02-18 15:52:05 - [MESSAGE][PASSED] - startApp.OpenApp.startApplication is PASSED

2022-02-18 15:52:05 - [MESSAGE][PASSED] - Call Test Case 'Test Cases/Mobile/Page/Run App/Run App byID' successfully

2022-02-18 15:52:05 - [TEST_STEP][PASSED] - callTestCase(findTestCase("Mobile/Page/Portfolio/Portfolio"), ["tab":"mutualfund", "action2":"none"], CONTINUE_ON_FAILURE): Call Test Case 'Test Cases/Mobile/Page/Portfolio/Portfolio' successfully

2022-02-18 15:52:05 - [TEST_CASE][PASSED] - Test Cases/Mobile/Page/Portfolio/Portfolio: Test Cases/Mobile/Page/Portfolio/Portfolio

2022-02-18 15:52:05 - [TEST_STEP][PASSED] - callTestCase(findTestCase("Mobile/Page/CheckLogin"), [:], CONTINUE_ON_FAILURE): Call Test Case 'Test Cases/Mobile/Page/CheckLogin' successfully

2022-02-18 15:52:05 - [TEST_CASE][PASSED] - Test Cases/Mobile/Page/CheckLogin: Test Cases/Mobile/Page/CheckLogin

2022-02-18 15:52:05 - [TEST_STEP][PASSED] - loginCheck = verifyElementExist(LOGN_BtnLogin, 5, CONTINUE_ON_FAILURE): Element 'Object Repository/Mobile/Page/Login/Button - Login' is exist

2022-02-18 15:52:07 - [MESSAGE][PASSED] - Element 'Object Repository/Mobile/Page/Login/Button - Login' is exist

2022-02-18 15:52:07 - [TEST_STEP][PASSED] - if (loginCheck): Call Test Case 'Test Cases/Mobile/Page/Login/Login' successfully

2022-02-18 15:52:07 - [TEST_STEP][PASSED] - callTestCase(findTestCase("Mobile/Page/Login/Login"), ["action":"username"], CONTINUE_ON_FAILURE): Call Test Case 'Test Cases/Mobile/Page/Login/Login' successfully

2022-02-18 15:52:07 - [TEST_CASE][PASSED] - Test Cases/Mobile/Page/Login/Login: Test Cases/Mobile/Page/Login/Login

2022-02-18 15:52:07 - [TEST_STEP][PASSED] - delay(2): Delayed 2 second(s)

2022-02-18 15:52:09 - [MESSAGE][PASSED] - Delayed 2 second(s)

2022-02-18 15:52:09 - [TEST_STEP][PASSED] - for ([i = 0, i < 1, (i++)]): null

2022-02-18 15:52:09 - [TEST_STEP][PASSED] - if (action == "username"): null

2022-02-18 15:52:09 - [TEST_STEP][PASSED] - tap(LOGN_EdtUserID, 0): Tapped on element 'Object Repository/Mobile/Page/Login/Input - UserID'

2022-02-18 15:52:09 - [MESSAGE][WARNING] - Timeout '0' is invalid. Using default page load timeout: '60'

2022-02-18 15:52:09 - [MESSAGE][PASSED] - Tapped on element 'Object Repository/Mobile/Page/Login/Input - UserID'

2022-02-18 15:52:09 - [TEST_STEP][PASSED] - delay(1): Delayed 1 second(s)

2022-02-18 15:52:10 - [MESSAGE][PASSED] - Delayed 1 second(s)

2022-02-18 15:52:10 - [TEST_STEP][PASSED] - setText(LOGN_EdtRdyUserID, "anggaaditya", 0): Text 'anggaaditya' has been set to element 'Object Repository/Mobile/Page/Login/Input Rdy - UserID'

2022-02-18 15:52:10 - [MESSAGE][WARNING] - Timeout '0' is invalid. Using default page load timeout: '60'

2022-02-18 15:52:11 - [MESSAGE][PASSED] - Text 'anggaaditya' has been set to element 'Object Repository/Mobile/Page/Login/Input Rdy - UserID'

2022-02-18 15:52:11 - [TEST_STEP][PASSED] - delay(1): Delayed 1 second(s)

2022-02-18 15:52:12 - [MESSAGE][PASSED] - Delayed 1 second(s)

2022-02-18 15:52:12 - [TEST_STEP][PASSED] - hideKeyboard(): Keyboard is hidden

2022-02-18 15:52:17 - [MESSAGE][PASSED] - Keyboard is hidden

2022-02-18 15:52:17 - [TEST_STEP][PASSED] - tap(LOGN_EdtPassword, 0): Tapped on element 'Object Repository/Mobile/Page/Login/Input - Password'

2022-02-18 15:52:17 - [MESSAGE][WARNING] - Timeout '0' is invalid. Using default page load timeout: '60'

2022-02-18 15:52:17 - [MESSAGE][PASSED] - Tapped on element 'Object Repository/Mobile/Page/Login/Input - Password'

2022-02-18 15:52:17 - [TEST_STEP][PASSED] - delay(1): Delayed 1 second(s)

2022-02-18 15:52:18 - [MESSAGE][PASSED] - Delayed 1 second(s)

2022-02-18 15:52:18 - [TEST_STEP][PASSED] - setText(LOGN_EdtRdyPassword, "Shalawa18", 0): Text 'Shalawa18' has been set to element 'Object Repository/Mobile/Page/Login/Input Rdy - Password'

2022-02-18 15:52:18 - [MESSAGE][WARNING] - Timeout '0' is invalid. Using default page load timeout: '60'

2022-02-18 15:52:19 - [MESSAGE][PASSED] - Text 'Shalawa18' has been set to element 'Object Repository/Mobile/Page/Login/Input Rdy - Password'

2022-02-18 15:52:19 - [TEST_STEP][PASSED] - delay(1): Delayed 1 second(s)

2022-02-18 15:52:20 - [MESSAGE][PASSED] - Delayed 1 second(s)

2022-02-18 15:52:20 - [TEST_STEP][PASSED] - hideKeyboard(): Keyboard is hidden

2022-02-18 15:52:27 - [MESSAGE][PASSED] - Keyboard is hidden

2022-02-18 15:52:27 - [TEST_STEP][PASSED] - tap(LOGN_BtnLogin, 0): Tapped on element 'Object Repository/Mobile/Page/Login/Button - Login'

2022-02-18 15:52:27 - [MESSAGE][WARNING] - Timeout '0' is invalid. Using default page load timeout: '60'

2022-02-18 15:52:28 - [MESSAGE][PASSED] - Tapped on element 'Object Repository/Mobile/Page/Login/Button - Login'

2022-02-18 15:52:28 - [TEST_STEP][PASSED] - delay(2): Delayed 2 second(s)

2022-02-18 15:52:30 - [MESSAGE][PASSED] - Delayed 2 second(s)

2022-02-18 15:52:30 - [TEST_STEP][PASSED] - break: null

2022-02-18 15:52:30 - [MESSAGE][PASSED] - Call Test Case 'Test Cases/Mobile/Page/Login/Login' successfully

2022-02-18 15:52:30 - [MESSAGE][PASSED] - Call Test Case 'Test Cases/Mobile/Page/CheckLogin' successfully

2022-02-18 15:52:30 - [TEST_STEP][PASSED] - tap(HOME_MenubarPortfolio, 0): Tapped on element 'Object Repository/Mobile/Page/Home/Menubar - Portfolio'

2022-02-18 15:52:30 - [MESSAGE][WARNING] - Timeout '0' is invalid. Using default page load timeout: '60'

2022-02-18 15:52:32 - [MESSAGE][PASSED] - Tapped on element 'Object Repository/Mobile/Page/Home/Menubar - Portfolio'

2022-02-18 15:52:32 - [TEST_STEP][PASSED] - delay(1): Delayed 1 second(s)

2022-02-18 15:52:33 - [MESSAGE][PASSED] - Delayed 1 second(s)

2022-02-18 15:52:33 - [TEST_STEP][PASSED] - for ([i = 0, i < 1, (i++)]): scroll.scroll.scrollScreenBottomToTop is PASSED

2022-02-18 15:52:33 - [TEST_STEP][PASSED] - if (tab == "summary"): null

2022-02-18 15:52:33 - [TEST_STEP][PASSED] - else if (tab == "stock"): null

2022-02-18 15:52:33 - [TEST_STEP][PASSED] - else if (tab == "mutualfund"): scroll.scroll.scrollScreenBottomToTop is PASSED

2022-02-18 15:52:33 - [TEST_STEP][PASSED] - tap(PORT_TabMutualFund, 0): Tapped on element 'Object Repository/Mobile/Page/Portfolio/Tab - Mutual Fund'

2022-02-18 15:52:33 - [MESSAGE][WARNING] - Timeout '0' is invalid. Using default page load timeout: '60'

2022-02-18 15:52:34 - [MESSAGE][PASSED] - Tapped on element 'Object Repository/Mobile/Page/Portfolio/Tab - Mutual Fund'

2022-02-18 15:52:34 - [TEST_STEP][PASSED] - delay(1): Delayed 1 second(s)

2022-02-18 15:52:35 - [MESSAGE][PASSED] - Delayed 1 second(s)

2022-02-18 15:52:35 - [TEST_STEP][PASSED] - try: scroll.scroll.scrollScreenBottomToTop is PASSED

2022-02-18 15:52:35 - [TEST_STEP][PASSED] - tapAndHold(PORT_ItemTopMutualFund, 1, 10): Tapped and held on element 'Object Repository/Mobile/Page/Portfolio/Item - Top Mutual Fund' with duration 1

2022-02-18 15:52:38 - [MESSAGE][PASSED] - Tapped and held on element 'Object Repository/Mobile/Page/Portfolio/Item - Top Mutual Fund' with duration 1

2022-02-18 15:52:38 - [TEST_STEP][PASSED] - delay(2): Delayed 2 second(s)

2022-02-18 15:52:40 - [MESSAGE][PASSED] - Delayed 2 second(s)

2022-02-18 15:52:40 - [TEST_STEP][PASSED] - switch (action2): null

2022-02-18 15:52:40 - [TEST_STEP][PASSED] - delay(3): Delayed 3 second(s)

2022-02-18 15:52:43 - [MESSAGE][PASSED] - Delayed 3 second(s)

2022-02-18 15:52:43 - [TEST_STEP][PASSED] - scroll.scroll.scrollScreenBottomToTop(): scroll.scroll.scrollScreenBottomToTop is PASSED

2022-02-18 15:52:44 - [MESSAGE][PASSED] - Current device physical height is 1423

2022-02-18 15:52:44 - [MESSAGE][PASSED] - Current device physical width is 720

2022-02-18 15:52:46 - [MESSAGE][PASSED] - Swiped from 360,1,138 to 360,284

2022-02-18 15:52:46 - [MESSAGE][PASSED] - scroll.scroll.scrollScreenBottomToTop is PASSED

2022-02-18 15:52:46 - [MESSAGE][PASSED] - Call Test Case 'Test Cases/Mobile/Page/Portfolio/Portfolio' successfully

2022-02-18 15:52:46 - [TEST_STEP][PASSED] - callTestCase(findTestCase("Mobile/Page/Run App/Terminate App"), [:], STOP_ON_FAILURE): Call Test Case 'Test Cases/Mobile/Page/Run App/Terminate App' successfully

2022-02-18 15:52:46 - [TEST_CASE][PASSED] - Test Cases/Mobile/Page/Run App/Terminate App: Test Cases/Mobile/Page/Run App/Terminate App

2022-02-18 15:52:46 - [TEST_STEP][PASSED] - startApp.OpenApp.terminateApplication(): startApp.OpenApp.terminateApplication is PASSED

2022-02-18 15:52:49 - [MESSAGE][PASSED] - Delayed 3 second(s)

2022-02-18 15:52:50 - [MESSAGE][PASSED] - Current device physical width is 720

2022-02-18 15:52:50 - [MESSAGE][PASSED] - Current device physical height is 1423

2022-02-18 15:52:52 - [MESSAGE][PASSED] - Swiped from 360,853 to 360,142

2022-02-18 15:52:53 - [MESSAGE][PASSED] - Delayed 1 second(s)

2022-02-18 15:52:55 - [MESSAGE][PASSED] - Swiped from 360,853 to 360,142

2022-02-18 15:52:58 - [MESSAGE][PASSED] - Delayed 3 second(s)

2022-02-18 15:52:58 - [MESSAGE][PASSED] - startApp.OpenApp.terminateApplication is PASSED

2022-02-18 15:52:58 - [MESSAGE][PASSED] - Call Test Case 'Test Cases/Mobile/Page/Run App/Terminate App' successfully]]></system-out>
         <system-err><![CDATA[]]></system-err>
      </testcase>
      <testcase name="Test Cases/Mobile/Scenario/Portfolio/012 - Melihat list bond" time="72.278" classname="Test Cases/Mobile/Scenario/Portfolio/012 - Melihat list bond" status="PASSED">
         <system-out><![CDATA[2022-02-18 15:52:58 - [TEST_CASE][PASSED] - Test Cases/Mobile/Scenario/Portfolio/012 - Melihat list bond: Test Cases/Mobile/Scenario/Portfolio/012 - Melihat list bond

2022-02-18 15:52:59 - [TEST_STEP][PASSED] - callTestCase(findTestCase("Mobile/Page/Run App/Run App byID"), [:], STOP_ON_FAILURE): Call Test Case 'Test Cases/Mobile/Page/Run App/Run App byID' successfully

2022-02-18 15:52:59 - [TEST_CASE][PASSED] - Test Cases/Mobile/Page/Run App/Run App byID: Test Cases/Mobile/Page/Run App/Run App byID

2022-02-18 15:52:59 - [TEST_STEP][PASSED] - startApp.OpenApp.startApplication("id.co.miraeasset.sageclub"): startApp.OpenApp.startApplication is PASSED

2022-02-18 15:53:22 - [MESSAGE][PASSED] - Starting app with application ID: 'id.co.miraeasset.sageclub'

2022-02-18 15:53:22 - [MESSAGE][PASSED] - startApp.OpenApp.startApplication is PASSED

2022-02-18 15:53:22 - [MESSAGE][PASSED] - Call Test Case 'Test Cases/Mobile/Page/Run App/Run App byID' successfully

2022-02-18 15:53:22 - [TEST_STEP][PASSED] - callTestCase(findTestCase("Mobile/Page/Portfolio/Portfolio"), ["tab":"stock", "action":"none"], CONTINUE_ON_FAILURE): Call Test Case 'Test Cases/Mobile/Page/Portfolio/Portfolio' successfully

2022-02-18 15:53:22 - [TEST_CASE][PASSED] - Test Cases/Mobile/Page/Portfolio/Portfolio: Test Cases/Mobile/Page/Portfolio/Portfolio

2022-02-18 15:53:22 - [TEST_STEP][PASSED] - callTestCase(findTestCase("Mobile/Page/CheckLogin"), [:], CONTINUE_ON_FAILURE): Call Test Case 'Test Cases/Mobile/Page/CheckLogin' successfully

2022-02-18 15:53:22 - [TEST_CASE][PASSED] - Test Cases/Mobile/Page/CheckLogin: Test Cases/Mobile/Page/CheckLogin

2022-02-18 15:53:22 - [TEST_STEP][PASSED] - loginCheck = verifyElementExist(LOGN_BtnLogin, 5, CONTINUE_ON_FAILURE): Element 'Object Repository/Mobile/Page/Login/Button - Login' is exist

2022-02-18 15:53:24 - [MESSAGE][PASSED] - Element 'Object Repository/Mobile/Page/Login/Button - Login' is exist

2022-02-18 15:53:24 - [TEST_STEP][PASSED] - if (loginCheck): Call Test Case 'Test Cases/Mobile/Page/Login/Login' successfully

2022-02-18 15:53:24 - [TEST_STEP][PASSED] - callTestCase(findTestCase("Mobile/Page/Login/Login"), ["action":"username"], CONTINUE_ON_FAILURE): Call Test Case 'Test Cases/Mobile/Page/Login/Login' successfully

2022-02-18 15:53:24 - [TEST_CASE][PASSED] - Test Cases/Mobile/Page/Login/Login: Test Cases/Mobile/Page/Login/Login

2022-02-18 15:53:24 - [TEST_STEP][PASSED] - delay(2): Delayed 2 second(s)

2022-02-18 15:53:26 - [MESSAGE][PASSED] - Delayed 2 second(s)

2022-02-18 15:53:26 - [TEST_STEP][PASSED] - for ([i = 0, i < 1, (i++)]): null

2022-02-18 15:53:26 - [TEST_STEP][PASSED] - if (action == "username"): null

2022-02-18 15:53:26 - [TEST_STEP][PASSED] - tap(LOGN_EdtUserID, 0): Tapped on element 'Object Repository/Mobile/Page/Login/Input - UserID'

2022-02-18 15:53:26 - [MESSAGE][WARNING] - Timeout '0' is invalid. Using default page load timeout: '60'

2022-02-18 15:53:27 - [MESSAGE][PASSED] - Tapped on element 'Object Repository/Mobile/Page/Login/Input - UserID'

2022-02-18 15:53:27 - [TEST_STEP][PASSED] - delay(1): Delayed 1 second(s)

2022-02-18 15:53:28 - [MESSAGE][PASSED] - Delayed 1 second(s)

2022-02-18 15:53:28 - [TEST_STEP][PASSED] - setText(LOGN_EdtRdyUserID, "anggaaditya", 0): Text 'anggaaditya' has been set to element 'Object Repository/Mobile/Page/Login/Input Rdy - UserID'

2022-02-18 15:53:28 - [MESSAGE][WARNING] - Timeout '0' is invalid. Using default page load timeout: '60'

2022-02-18 15:53:29 - [MESSAGE][PASSED] - Text 'anggaaditya' has been set to element 'Object Repository/Mobile/Page/Login/Input Rdy - UserID'

2022-02-18 15:53:29 - [TEST_STEP][PASSED] - delay(1): Delayed 1 second(s)

2022-02-18 15:53:30 - [MESSAGE][PASSED] - Delayed 1 second(s)

2022-02-18 15:53:30 - [TEST_STEP][PASSED] - hideKeyboard(): Keyboard is hidden

2022-02-18 15:53:34 - [MESSAGE][PASSED] - Keyboard is hidden

2022-02-18 15:53:34 - [TEST_STEP][PASSED] - tap(LOGN_EdtPassword, 0): Tapped on element 'Object Repository/Mobile/Page/Login/Input - Password'

2022-02-18 15:53:34 - [MESSAGE][WARNING] - Timeout '0' is invalid. Using default page load timeout: '60'

2022-02-18 15:53:35 - [MESSAGE][PASSED] - Tapped on element 'Object Repository/Mobile/Page/Login/Input - Password'

2022-02-18 15:53:35 - [TEST_STEP][PASSED] - delay(1): Delayed 1 second(s)

2022-02-18 15:53:36 - [MESSAGE][PASSED] - Delayed 1 second(s)

2022-02-18 15:53:36 - [TEST_STEP][PASSED] - setText(LOGN_EdtRdyPassword, "Shalawa18", 0): Text 'Shalawa18' has been set to element 'Object Repository/Mobile/Page/Login/Input Rdy - Password'

2022-02-18 15:53:36 - [MESSAGE][WARNING] - Timeout '0' is invalid. Using default page load timeout: '60'

2022-02-18 15:53:37 - [MESSAGE][PASSED] - Text 'Shalawa18' has been set to element 'Object Repository/Mobile/Page/Login/Input Rdy - Password'

2022-02-18 15:53:37 - [TEST_STEP][PASSED] - delay(1): Delayed 1 second(s)

2022-02-18 15:53:38 - [MESSAGE][PASSED] - Delayed 1 second(s)

2022-02-18 15:53:38 - [TEST_STEP][PASSED] - hideKeyboard(): Keyboard is hidden

2022-02-18 15:53:44 - [MESSAGE][PASSED] - Keyboard is hidden

2022-02-18 15:53:44 - [TEST_STEP][PASSED] - tap(LOGN_BtnLogin, 0): Tapped on element 'Object Repository/Mobile/Page/Login/Button - Login'

2022-02-18 15:53:44 - [MESSAGE][WARNING] - Timeout '0' is invalid. Using default page load timeout: '60'

2022-02-18 15:53:45 - [MESSAGE][PASSED] - Tapped on element 'Object Repository/Mobile/Page/Login/Button - Login'

2022-02-18 15:53:45 - [TEST_STEP][PASSED] - delay(2): Delayed 2 second(s)

2022-02-18 15:53:47 - [MESSAGE][PASSED] - Delayed 2 second(s)

2022-02-18 15:53:47 - [TEST_STEP][PASSED] - break: null

2022-02-18 15:53:47 - [MESSAGE][PASSED] - Call Test Case 'Test Cases/Mobile/Page/Login/Login' successfully

2022-02-18 15:53:47 - [MESSAGE][PASSED] - Call Test Case 'Test Cases/Mobile/Page/CheckLogin' successfully

2022-02-18 15:53:47 - [TEST_STEP][PASSED] - tap(HOME_MenubarPortfolio, 0): Tapped on element 'Object Repository/Mobile/Page/Home/Menubar - Portfolio'

2022-02-18 15:53:47 - [MESSAGE][WARNING] - Timeout '0' is invalid. Using default page load timeout: '60'

2022-02-18 15:53:49 - [MESSAGE][PASSED] - Tapped on element 'Object Repository/Mobile/Page/Home/Menubar - Portfolio'

2022-02-18 15:53:49 - [TEST_STEP][PASSED] - delay(1): Delayed 1 second(s)

2022-02-18 15:53:50 - [MESSAGE][PASSED] - Delayed 1 second(s)

2022-02-18 15:53:50 - [TEST_STEP][PASSED] - for ([i = 0, i < 1, (i++)]): Delayed 3 second(s)

2022-02-18 15:53:50 - [TEST_STEP][PASSED] - if (tab == "summary"): null

2022-02-18 15:53:50 - [TEST_STEP][PASSED] - else if (tab == "stock"): Delayed 3 second(s)

2022-02-18 15:53:50 - [TEST_STEP][PASSED] - tap(PORT_TabStock, 0): Tapped on element 'Object Repository/Mobile/Page/Portfolio/Tab - Stock'

2022-02-18 15:53:50 - [MESSAGE][WARNING] - Timeout '0' is invalid. Using default page load timeout: '60'

2022-02-18 15:53:52 - [MESSAGE][PASSED] - Tapped on element 'Object Repository/Mobile/Page/Portfolio/Tab - Stock'

2022-02-18 15:53:52 - [TEST_STEP][PASSED] - scroll.scroll.scrollScreenBottomToTop(): scroll.scroll.scrollScreenBottomToTop is PASSED

2022-02-18 15:53:53 - [MESSAGE][PASSED] - Current device physical height is 1423

2022-02-18 15:53:54 - [MESSAGE][PASSED] - Current device physical width is 720

2022-02-18 15:53:55 - [MESSAGE][PASSED] - Swiped from 360,1,138 to 360,284

2022-02-18 15:53:55 - [MESSAGE][PASSED] - scroll.scroll.scrollScreenBottomToTop is PASSED

2022-02-18 15:53:55 - [TEST_STEP][PASSED] - delay(3): Delayed 3 second(s)

2022-02-18 15:53:58 - [MESSAGE][PASSED] - Delayed 3 second(s)

2022-02-18 15:53:58 - [MESSAGE][PASSED] - Call Test Case 'Test Cases/Mobile/Page/Portfolio/Portfolio' successfully

2022-02-18 15:53:58 - [TEST_STEP][PASSED] - callTestCase(findTestCase("Mobile/Page/Run App/Terminate App"), [:], STOP_ON_FAILURE): Call Test Case 'Test Cases/Mobile/Page/Run App/Terminate App' successfully

2022-02-18 15:53:58 - [TEST_CASE][PASSED] - Test Cases/Mobile/Page/Run App/Terminate App: Test Cases/Mobile/Page/Run App/Terminate App

2022-02-18 15:53:58 - [TEST_STEP][PASSED] - startApp.OpenApp.terminateApplication(): startApp.OpenApp.terminateApplication is PASSED

2022-02-18 15:54:01 - [MESSAGE][PASSED] - Delayed 3 second(s)

2022-02-18 15:54:02 - [MESSAGE][PASSED] - Current device physical width is 720

2022-02-18 15:54:02 - [MESSAGE][PASSED] - Current device physical height is 1423

2022-02-18 15:54:04 - [MESSAGE][PASSED] - Swiped from 360,853 to 360,142

2022-02-18 15:54:05 - [MESSAGE][PASSED] - Delayed 1 second(s)

2022-02-18 15:54:07 - [MESSAGE][PASSED] - Swiped from 360,853 to 360,142

2022-02-18 15:54:10 - [MESSAGE][PASSED] - Delayed 3 second(s)

2022-02-18 15:54:10 - [MESSAGE][PASSED] - startApp.OpenApp.terminateApplication is PASSED

2022-02-18 15:54:10 - [MESSAGE][PASSED] - Call Test Case 'Test Cases/Mobile/Page/Run App/Terminate App' successfully]]></system-out>
         <system-err><![CDATA[]]></system-err>
      </testcase>
      <testcase name="Test Cases/Mobile/Scenario/Portfolio/013 - Melihat detail mutual fund 1 month" time="83.814" classname="Test Cases/Mobile/Scenario/Portfolio/013 - Melihat detail mutual fund 1 month" status="PASSED">
         <system-out><![CDATA[2022-02-18 15:54:10 - [TEST_CASE][PASSED] - Test Cases/Mobile/Scenario/Portfolio/013 - Melihat detail mutual fund 1 month: Test Cases/Mobile/Scenario/Portfolio/013 - Melihat detail mutual fund 1 month

2022-02-18 15:54:11 - [TEST_STEP][PASSED] - callTestCase(findTestCase("Mobile/Page/Run App/Run App byID"), [:], STOP_ON_FAILURE): Call Test Case 'Test Cases/Mobile/Page/Run App/Run App byID' successfully

2022-02-18 15:54:11 - [TEST_CASE][PASSED] - Test Cases/Mobile/Page/Run App/Run App byID: Test Cases/Mobile/Page/Run App/Run App byID

2022-02-18 15:54:11 - [TEST_STEP][PASSED] - startApp.OpenApp.startApplication("id.co.miraeasset.sageclub"): startApp.OpenApp.startApplication is PASSED

2022-02-18 15:54:36 - [MESSAGE][PASSED] - Starting app with application ID: 'id.co.miraeasset.sageclub'

2022-02-18 15:54:36 - [MESSAGE][PASSED] - startApp.OpenApp.startApplication is PASSED

2022-02-18 15:54:36 - [MESSAGE][PASSED] - Call Test Case 'Test Cases/Mobile/Page/Run App/Run App byID' successfully

2022-02-18 15:54:36 - [TEST_STEP][PASSED] - callTestCase(findTestCase("Mobile/Page/Portfolio/Portfolio"), ["tab":"mutualfund", "action2":"1 month"], CONTINUE_ON_FAILURE): Call Test Case 'Test Cases/Mobile/Page/Portfolio/Portfolio' successfully

2022-02-18 15:54:36 - [TEST_CASE][PASSED] - Test Cases/Mobile/Page/Portfolio/Portfolio: Test Cases/Mobile/Page/Portfolio/Portfolio

2022-02-18 15:54:36 - [TEST_STEP][PASSED] - callTestCase(findTestCase("Mobile/Page/CheckLogin"), [:], CONTINUE_ON_FAILURE): Call Test Case 'Test Cases/Mobile/Page/CheckLogin' successfully

2022-02-18 15:54:36 - [TEST_CASE][PASSED] - Test Cases/Mobile/Page/CheckLogin: Test Cases/Mobile/Page/CheckLogin

2022-02-18 15:54:36 - [TEST_STEP][PASSED] - loginCheck = verifyElementExist(LOGN_BtnLogin, 5, CONTINUE_ON_FAILURE): Element 'Object Repository/Mobile/Page/Login/Button - Login' is exist

2022-02-18 15:54:38 - [MESSAGE][PASSED] - Element 'Object Repository/Mobile/Page/Login/Button - Login' is exist

2022-02-18 15:54:38 - [TEST_STEP][PASSED] - if (loginCheck): Call Test Case 'Test Cases/Mobile/Page/Login/Login' successfully

2022-02-18 15:54:38 - [TEST_STEP][PASSED] - callTestCase(findTestCase("Mobile/Page/Login/Login"), ["action":"username"], CONTINUE_ON_FAILURE): Call Test Case 'Test Cases/Mobile/Page/Login/Login' successfully

2022-02-18 15:54:38 - [TEST_CASE][PASSED] - Test Cases/Mobile/Page/Login/Login: Test Cases/Mobile/Page/Login/Login

2022-02-18 15:54:38 - [TEST_STEP][PASSED] - delay(2): Delayed 2 second(s)

2022-02-18 15:54:40 - [MESSAGE][PASSED] - Delayed 2 second(s)

2022-02-18 15:54:40 - [TEST_STEP][PASSED] - for ([i = 0, i < 1, (i++)]): null

2022-02-18 15:54:40 - [TEST_STEP][PASSED] - if (action == "username"): null

2022-02-18 15:54:40 - [TEST_STEP][PASSED] - tap(LOGN_EdtUserID, 0): Tapped on element 'Object Repository/Mobile/Page/Login/Input - UserID'

2022-02-18 15:54:40 - [MESSAGE][WARNING] - Timeout '0' is invalid. Using default page load timeout: '60'

2022-02-18 15:54:40 - [MESSAGE][PASSED] - Tapped on element 'Object Repository/Mobile/Page/Login/Input - UserID'

2022-02-18 15:54:40 - [TEST_STEP][PASSED] - delay(1): Delayed 1 second(s)

2022-02-18 15:54:41 - [MESSAGE][PASSED] - Delayed 1 second(s)

2022-02-18 15:54:41 - [TEST_STEP][PASSED] - setText(LOGN_EdtRdyUserID, "anggaaditya", 0): Text 'anggaaditya' has been set to element 'Object Repository/Mobile/Page/Login/Input Rdy - UserID'

2022-02-18 15:54:41 - [MESSAGE][WARNING] - Timeout '0' is invalid. Using default page load timeout: '60'

2022-02-18 15:54:43 - [MESSAGE][PASSED] - Text 'anggaaditya' has been set to element 'Object Repository/Mobile/Page/Login/Input Rdy - UserID'

2022-02-18 15:54:43 - [TEST_STEP][PASSED] - delay(1): Delayed 1 second(s)

2022-02-18 15:54:44 - [MESSAGE][PASSED] - Delayed 1 second(s)

2022-02-18 15:54:44 - [TEST_STEP][PASSED] - hideKeyboard(): Keyboard is hidden

2022-02-18 15:54:48 - [MESSAGE][PASSED] - Keyboard is hidden

2022-02-18 15:54:48 - [TEST_STEP][PASSED] - tap(LOGN_EdtPassword, 0): Tapped on element 'Object Repository/Mobile/Page/Login/Input - Password'

2022-02-18 15:54:48 - [MESSAGE][WARNING] - Timeout '0' is invalid. Using default page load timeout: '60'

2022-02-18 15:54:49 - [MESSAGE][PASSED] - Tapped on element 'Object Repository/Mobile/Page/Login/Input - Password'

2022-02-18 15:54:49 - [TEST_STEP][PASSED] - delay(1): Delayed 1 second(s)

2022-02-18 15:54:50 - [MESSAGE][PASSED] - Delayed 1 second(s)

2022-02-18 15:54:50 - [TEST_STEP][PASSED] - setText(LOGN_EdtRdyPassword, "Shalawa18", 0): Text 'Shalawa18' has been set to element 'Object Repository/Mobile/Page/Login/Input Rdy - Password'

2022-02-18 15:54:50 - [MESSAGE][WARNING] - Timeout '0' is invalid. Using default page load timeout: '60'

2022-02-18 15:54:51 - [MESSAGE][PASSED] - Text 'Shalawa18' has been set to element 'Object Repository/Mobile/Page/Login/Input Rdy - Password'

2022-02-18 15:54:51 - [TEST_STEP][PASSED] - delay(1): Delayed 1 second(s)

2022-02-18 15:54:52 - [MESSAGE][PASSED] - Delayed 1 second(s)

2022-02-18 15:54:52 - [TEST_STEP][PASSED] - hideKeyboard(): Keyboard is hidden

2022-02-18 15:55:00 - [MESSAGE][PASSED] - Keyboard is hidden

2022-02-18 15:55:00 - [TEST_STEP][PASSED] - tap(LOGN_BtnLogin, 0): Tapped on element 'Object Repository/Mobile/Page/Login/Button - Login'

2022-02-18 15:55:00 - [MESSAGE][WARNING] - Timeout '0' is invalid. Using default page load timeout: '60'

2022-02-18 15:55:01 - [MESSAGE][PASSED] - Tapped on element 'Object Repository/Mobile/Page/Login/Button - Login'

2022-02-18 15:55:01 - [TEST_STEP][PASSED] - delay(2): Delayed 2 second(s)

2022-02-18 15:55:03 - [MESSAGE][PASSED] - Delayed 2 second(s)

2022-02-18 15:55:03 - [TEST_STEP][PASSED] - break: null

2022-02-18 15:55:03 - [MESSAGE][PASSED] - Call Test Case 'Test Cases/Mobile/Page/Login/Login' successfully

2022-02-18 15:55:03 - [MESSAGE][PASSED] - Call Test Case 'Test Cases/Mobile/Page/CheckLogin' successfully

2022-02-18 15:55:03 - [TEST_STEP][PASSED] - tap(HOME_MenubarPortfolio, 0): Tapped on element 'Object Repository/Mobile/Page/Home/Menubar - Portfolio'

2022-02-18 15:55:03 - [MESSAGE][WARNING] - Timeout '0' is invalid. Using default page load timeout: '60'

2022-02-18 15:55:05 - [MESSAGE][PASSED] - Tapped on element 'Object Repository/Mobile/Page/Home/Menubar - Portfolio'

2022-02-18 15:55:05 - [TEST_STEP][PASSED] - delay(1): Delayed 1 second(s)

2022-02-18 15:55:06 - [MESSAGE][PASSED] - Delayed 1 second(s)

2022-02-18 15:55:06 - [TEST_STEP][PASSED] - for ([i = 0, i < 1, (i++)]): scroll.scroll.scrollScreenBottomToTop is PASSED

2022-02-18 15:55:06 - [TEST_STEP][PASSED] - if (tab == "summary"): null

2022-02-18 15:55:06 - [TEST_STEP][PASSED] - else if (tab == "stock"): null

2022-02-18 15:55:06 - [TEST_STEP][PASSED] - else if (tab == "mutualfund"): scroll.scroll.scrollScreenBottomToTop is PASSED

2022-02-18 15:55:06 - [TEST_STEP][PASSED] - tap(PORT_TabMutualFund, 0): Tapped on element 'Object Repository/Mobile/Page/Portfolio/Tab - Mutual Fund'

2022-02-18 15:55:06 - [MESSAGE][WARNING] - Timeout '0' is invalid. Using default page load timeout: '60'

2022-02-18 15:55:08 - [MESSAGE][PASSED] - Tapped on element 'Object Repository/Mobile/Page/Portfolio/Tab - Mutual Fund'

2022-02-18 15:55:08 - [TEST_STEP][PASSED] - delay(1): Delayed 1 second(s)

2022-02-18 15:55:09 - [MESSAGE][PASSED] - Delayed 1 second(s)

2022-02-18 15:55:09 - [TEST_STEP][PASSED] - try: scroll.scroll.scrollScreenBottomToTop is PASSED

2022-02-18 15:55:09 - [TEST_STEP][PASSED] - tapAndHold(PORT_ItemTopMutualFund, 1, 10): Tapped and held on element 'Object Repository/Mobile/Page/Portfolio/Item - Top Mutual Fund' with duration 1

2022-02-18 15:55:12 - [MESSAGE][PASSED] - Tapped and held on element 'Object Repository/Mobile/Page/Portfolio/Item - Top Mutual Fund' with duration 1

2022-02-18 15:55:12 - [TEST_STEP][PASSED] - delay(2): Delayed 2 second(s)

2022-02-18 15:55:14 - [MESSAGE][PASSED] - Delayed 2 second(s)

2022-02-18 15:55:14 - [TEST_STEP][PASSED] - switch (action2): null

2022-02-18 15:55:14 - [TEST_STEP][PASSED] - case "1 month":: null

2022-02-18 15:55:14 - [TEST_STEP][PASSED] - tapAndHold(PORT_DETL_Btn1Month, 1, 0): Tapped and held on element 'Object Repository/Mobile/Page/Portfolio/Detail Mutual Funds/Button - 1 Month' with duration 1

2022-02-18 15:55:14 - [MESSAGE][WARNING] - Timeout '0' is invalid. Using default page load timeout: '60'

2022-02-18 15:55:17 - [MESSAGE][PASSED] - Tapped and held on element 'Object Repository/Mobile/Page/Portfolio/Detail Mutual Funds/Button - 1 Month' with duration 1

2022-02-18 15:55:17 - [TEST_STEP][PASSED] - break: null

2022-02-18 15:55:17 - [TEST_STEP][PASSED] - delay(3): Delayed 3 second(s)

2022-02-18 15:55:20 - [MESSAGE][PASSED] - Delayed 3 second(s)

2022-02-18 15:55:20 - [TEST_STEP][PASSED] - scroll.scroll.scrollScreenBottomToTop(): scroll.scroll.scrollScreenBottomToTop is PASSED

2022-02-18 15:55:20 - [MESSAGE][PASSED] - Current device physical height is 1423

2022-02-18 15:55:21 - [MESSAGE][PASSED] - Current device physical width is 720

2022-02-18 15:55:22 - [MESSAGE][PASSED] - Swiped from 360,1,138 to 360,284

2022-02-18 15:55:22 - [MESSAGE][PASSED] - scroll.scroll.scrollScreenBottomToTop is PASSED

2022-02-18 15:55:22 - [MESSAGE][PASSED] - Call Test Case 'Test Cases/Mobile/Page/Portfolio/Portfolio' successfully

2022-02-18 15:55:22 - [TEST_STEP][PASSED] - callTestCase(findTestCase("Mobile/Page/Run App/Terminate App"), [:], STOP_ON_FAILURE): Call Test Case 'Test Cases/Mobile/Page/Run App/Terminate App' successfully

2022-02-18 15:55:22 - [TEST_CASE][PASSED] - Test Cases/Mobile/Page/Run App/Terminate App: Test Cases/Mobile/Page/Run App/Terminate App

2022-02-18 15:55:22 - [TEST_STEP][PASSED] - startApp.OpenApp.terminateApplication(): startApp.OpenApp.terminateApplication is PASSED

2022-02-18 15:55:26 - [MESSAGE][PASSED] - Delayed 3 second(s)

2022-02-18 15:55:26 - [MESSAGE][PASSED] - Current device physical width is 720

2022-02-18 15:55:27 - [MESSAGE][PASSED] - Current device physical height is 1423

2022-02-18 15:55:28 - [MESSAGE][PASSED] - Swiped from 360,853 to 360,142

2022-02-18 15:55:29 - [MESSAGE][PASSED] - Delayed 1 second(s)

2022-02-18 15:55:31 - [MESSAGE][PASSED] - Swiped from 360,853 to 360,142

2022-02-18 15:55:34 - [MESSAGE][PASSED] - Delayed 3 second(s)

2022-02-18 15:55:34 - [MESSAGE][PASSED] - startApp.OpenApp.terminateApplication is PASSED

2022-02-18 15:55:34 - [MESSAGE][PASSED] - Call Test Case 'Test Cases/Mobile/Page/Run App/Terminate App' successfully]]></system-out>
         <system-err><![CDATA[]]></system-err>
      </testcase>
      <testcase name="Test Cases/Mobile/Scenario/Portfolio/014 - Melihat detail mutual fund 3 month" time="78.99" classname="Test Cases/Mobile/Scenario/Portfolio/014 - Melihat detail mutual fund 3 month" status="PASSED">
         <system-out><![CDATA[2022-02-18 15:55:34 - [TEST_CASE][PASSED] - Test Cases/Mobile/Scenario/Portfolio/014 - Melihat detail mutual fund 3 month: Test Cases/Mobile/Scenario/Portfolio/014 - Melihat detail mutual fund 3 month

2022-02-18 15:55:34 - [TEST_STEP][PASSED] - callTestCase(findTestCase("Mobile/Page/Run App/Run App byID"), [:], STOP_ON_FAILURE): Call Test Case 'Test Cases/Mobile/Page/Run App/Run App byID' successfully

2022-02-18 15:55:34 - [TEST_CASE][PASSED] - Test Cases/Mobile/Page/Run App/Run App byID: Test Cases/Mobile/Page/Run App/Run App byID

2022-02-18 15:55:34 - [TEST_STEP][PASSED] - startApp.OpenApp.startApplication("id.co.miraeasset.sageclub"): startApp.OpenApp.startApplication is PASSED

2022-02-18 15:55:53 - [MESSAGE][PASSED] - Starting app with application ID: 'id.co.miraeasset.sageclub'

2022-02-18 15:55:53 - [MESSAGE][PASSED] - startApp.OpenApp.startApplication is PASSED

2022-02-18 15:55:53 - [MESSAGE][PASSED] - Call Test Case 'Test Cases/Mobile/Page/Run App/Run App byID' successfully

2022-02-18 15:55:53 - [TEST_STEP][PASSED] - callTestCase(findTestCase("Mobile/Page/Portfolio/Portfolio"), ["tab":"mutualfund", "action2":"3 month"], CONTINUE_ON_FAILURE): Call Test Case 'Test Cases/Mobile/Page/Portfolio/Portfolio' successfully

2022-02-18 15:55:53 - [TEST_CASE][PASSED] - Test Cases/Mobile/Page/Portfolio/Portfolio: Test Cases/Mobile/Page/Portfolio/Portfolio

2022-02-18 15:55:53 - [TEST_STEP][PASSED] - callTestCase(findTestCase("Mobile/Page/CheckLogin"), [:], CONTINUE_ON_FAILURE): Call Test Case 'Test Cases/Mobile/Page/CheckLogin' successfully

2022-02-18 15:55:53 - [TEST_CASE][PASSED] - Test Cases/Mobile/Page/CheckLogin: Test Cases/Mobile/Page/CheckLogin

2022-02-18 15:55:53 - [TEST_STEP][PASSED] - loginCheck = verifyElementExist(LOGN_BtnLogin, 5, CONTINUE_ON_FAILURE): Element 'Object Repository/Mobile/Page/Login/Button - Login' is exist

2022-02-18 15:55:55 - [MESSAGE][PASSED] - Element 'Object Repository/Mobile/Page/Login/Button - Login' is exist

2022-02-18 15:55:55 - [TEST_STEP][PASSED] - if (loginCheck): Call Test Case 'Test Cases/Mobile/Page/Login/Login' successfully

2022-02-18 15:55:55 - [TEST_STEP][PASSED] - callTestCase(findTestCase("Mobile/Page/Login/Login"), ["action":"username"], CONTINUE_ON_FAILURE): Call Test Case 'Test Cases/Mobile/Page/Login/Login' successfully

2022-02-18 15:55:55 - [TEST_CASE][PASSED] - Test Cases/Mobile/Page/Login/Login: Test Cases/Mobile/Page/Login/Login

2022-02-18 15:55:55 - [TEST_STEP][PASSED] - delay(2): Delayed 2 second(s)

2022-02-18 15:55:57 - [MESSAGE][PASSED] - Delayed 2 second(s)

2022-02-18 15:55:57 - [TEST_STEP][PASSED] - for ([i = 0, i < 1, (i++)]): null

2022-02-18 15:55:57 - [TEST_STEP][PASSED] - if (action == "username"): null

2022-02-18 15:55:57 - [TEST_STEP][PASSED] - tap(LOGN_EdtUserID, 0): Tapped on element 'Object Repository/Mobile/Page/Login/Input - UserID'

2022-02-18 15:55:57 - [MESSAGE][WARNING] - Timeout '0' is invalid. Using default page load timeout: '60'

2022-02-18 15:55:58 - [MESSAGE][PASSED] - Tapped on element 'Object Repository/Mobile/Page/Login/Input - UserID'

2022-02-18 15:55:58 - [TEST_STEP][PASSED] - delay(1): Delayed 1 second(s)

2022-02-18 15:55:59 - [MESSAGE][PASSED] - Delayed 1 second(s)

2022-02-18 15:55:59 - [TEST_STEP][PASSED] - setText(LOGN_EdtRdyUserID, "anggaaditya", 0): Text 'anggaaditya' has been set to element 'Object Repository/Mobile/Page/Login/Input Rdy - UserID'

2022-02-18 15:55:59 - [MESSAGE][WARNING] - Timeout '0' is invalid. Using default page load timeout: '60'

2022-02-18 15:56:00 - [MESSAGE][PASSED] - Text 'anggaaditya' has been set to element 'Object Repository/Mobile/Page/Login/Input Rdy - UserID'

2022-02-18 15:56:00 - [TEST_STEP][PASSED] - delay(1): Delayed 1 second(s)

2022-02-18 15:56:01 - [MESSAGE][PASSED] - Delayed 1 second(s)

2022-02-18 15:56:01 - [TEST_STEP][PASSED] - hideKeyboard(): Keyboard is hidden

2022-02-18 15:56:06 - [MESSAGE][PASSED] - Keyboard is hidden

2022-02-18 15:56:06 - [TEST_STEP][PASSED] - tap(LOGN_EdtPassword, 0): Tapped on element 'Object Repository/Mobile/Page/Login/Input - Password'

2022-02-18 15:56:06 - [MESSAGE][WARNING] - Timeout '0' is invalid. Using default page load timeout: '60'

2022-02-18 15:56:06 - [MESSAGE][PASSED] - Tapped on element 'Object Repository/Mobile/Page/Login/Input - Password'

2022-02-18 15:56:06 - [TEST_STEP][PASSED] - delay(1): Delayed 1 second(s)

2022-02-18 15:56:07 - [MESSAGE][PASSED] - Delayed 1 second(s)

2022-02-18 15:56:07 - [TEST_STEP][PASSED] - setText(LOGN_EdtRdyPassword, "Shalawa18", 0): Text 'Shalawa18' has been set to element 'Object Repository/Mobile/Page/Login/Input Rdy - Password'

2022-02-18 15:56:07 - [MESSAGE][WARNING] - Timeout '0' is invalid. Using default page load timeout: '60'

2022-02-18 15:56:08 - [MESSAGE][PASSED] - Text 'Shalawa18' has been set to element 'Object Repository/Mobile/Page/Login/Input Rdy - Password'

2022-02-18 15:56:08 - [TEST_STEP][PASSED] - delay(1): Delayed 1 second(s)

2022-02-18 15:56:09 - [MESSAGE][PASSED] - Delayed 1 second(s)

2022-02-18 15:56:09 - [TEST_STEP][PASSED] - hideKeyboard(): Keyboard is hidden

2022-02-18 15:56:16 - [MESSAGE][PASSED] - Keyboard is hidden

2022-02-18 15:56:16 - [TEST_STEP][PASSED] - tap(LOGN_BtnLogin, 0): Tapped on element 'Object Repository/Mobile/Page/Login/Button - Login'

2022-02-18 15:56:16 - [MESSAGE][WARNING] - Timeout '0' is invalid. Using default page load timeout: '60'

2022-02-18 15:56:17 - [MESSAGE][PASSED] - Tapped on element 'Object Repository/Mobile/Page/Login/Button - Login'

2022-02-18 15:56:17 - [TEST_STEP][PASSED] - delay(2): Delayed 2 second(s)

2022-02-18 15:56:19 - [MESSAGE][PASSED] - Delayed 2 second(s)

2022-02-18 15:56:19 - [TEST_STEP][PASSED] - break: null

2022-02-18 15:56:19 - [MESSAGE][PASSED] - Call Test Case 'Test Cases/Mobile/Page/Login/Login' successfully

2022-02-18 15:56:19 - [MESSAGE][PASSED] - Call Test Case 'Test Cases/Mobile/Page/CheckLogin' successfully

2022-02-18 15:56:19 - [TEST_STEP][PASSED] - tap(HOME_MenubarPortfolio, 0): Tapped on element 'Object Repository/Mobile/Page/Home/Menubar - Portfolio'

2022-02-18 15:56:19 - [MESSAGE][WARNING] - Timeout '0' is invalid. Using default page load timeout: '60'

2022-02-18 15:56:24 - [MESSAGE][PASSED] - Tapped on element 'Object Repository/Mobile/Page/Home/Menubar - Portfolio'

2022-02-18 15:56:24 - [TEST_STEP][PASSED] - delay(1): Delayed 1 second(s)

2022-02-18 15:56:25 - [MESSAGE][PASSED] - Delayed 1 second(s)

2022-02-18 15:56:25 - [TEST_STEP][PASSED] - for ([i = 0, i < 1, (i++)]): scroll.scroll.scrollScreenBottomToTop is PASSED

2022-02-18 15:56:25 - [TEST_STEP][PASSED] - if (tab == "summary"): null

2022-02-18 15:56:25 - [TEST_STEP][PASSED] - else if (tab == "stock"): null

2022-02-18 15:56:25 - [TEST_STEP][PASSED] - else if (tab == "mutualfund"): scroll.scroll.scrollScreenBottomToTop is PASSED

2022-02-18 15:56:25 - [TEST_STEP][PASSED] - tap(PORT_TabMutualFund, 0): Tapped on element 'Object Repository/Mobile/Page/Portfolio/Tab - Mutual Fund'

2022-02-18 15:56:25 - [MESSAGE][WARNING] - Timeout '0' is invalid. Using default page load timeout: '60'

2022-02-18 15:56:27 - [MESSAGE][PASSED] - Tapped on element 'Object Repository/Mobile/Page/Portfolio/Tab - Mutual Fund'

2022-02-18 15:56:27 - [TEST_STEP][PASSED] - delay(1): Delayed 1 second(s)

2022-02-18 15:56:28 - [MESSAGE][PASSED] - Delayed 1 second(s)

2022-02-18 15:56:28 - [TEST_STEP][PASSED] - try: scroll.scroll.scrollScreenBottomToTop is PASSED

2022-02-18 15:56:28 - [TEST_STEP][PASSED] - tapAndHold(PORT_ItemTopMutualFund, 1, 10): Tapped and held on element 'Object Repository/Mobile/Page/Portfolio/Item - Top Mutual Fund' with duration 1

2022-02-18 15:56:31 - [MESSAGE][PASSED] - Tapped and held on element 'Object Repository/Mobile/Page/Portfolio/Item - Top Mutual Fund' with duration 1

2022-02-18 15:56:31 - [TEST_STEP][PASSED] - delay(2): Delayed 2 second(s)

2022-02-18 15:56:33 - [MESSAGE][PASSED] - Delayed 2 second(s)

2022-02-18 15:56:33 - [TEST_STEP][PASSED] - switch (action2): null

2022-02-18 15:56:33 - [TEST_STEP][PASSED] - case "3 month":: null

2022-02-18 15:56:33 - [TEST_STEP][PASSED] - tapAndHold(PORT_DETL_Btn3Month, 1, 0): Tapped and held on element 'Object Repository/Mobile/Page/Portfolio/Detail Mutual Funds/Button - 3 Month' with duration 1

2022-02-18 15:56:33 - [MESSAGE][WARNING] - Timeout '0' is invalid. Using default page load timeout: '60'

2022-02-18 15:56:36 - [MESSAGE][PASSED] - Tapped and held on element 'Object Repository/Mobile/Page/Portfolio/Detail Mutual Funds/Button - 3 Month' with duration 1

2022-02-18 15:56:36 - [TEST_STEP][PASSED] - break: null

2022-02-18 15:56:36 - [TEST_STEP][PASSED] - delay(3): Delayed 3 second(s)

2022-02-18 15:56:39 - [MESSAGE][PASSED] - Delayed 3 second(s)

2022-02-18 15:56:39 - [TEST_STEP][PASSED] - scroll.scroll.scrollScreenBottomToTop(): scroll.scroll.scrollScreenBottomToTop is PASSED

2022-02-18 15:56:40 - [MESSAGE][PASSED] - Current device physical height is 1423

2022-02-18 15:56:40 - [MESSAGE][PASSED] - Current device physical width is 720

2022-02-18 15:56:42 - [MESSAGE][PASSED] - Swiped from 360,1,138 to 360,284

2022-02-18 15:56:42 - [MESSAGE][PASSED] - scroll.scroll.scrollScreenBottomToTop is PASSED

2022-02-18 15:56:42 - [MESSAGE][PASSED] - Call Test Case 'Test Cases/Mobile/Page/Portfolio/Portfolio' successfully

2022-02-18 15:56:42 - [TEST_STEP][PASSED] - callTestCase(findTestCase("Mobile/Page/Run App/Terminate App"), [:], STOP_ON_FAILURE): Call Test Case 'Test Cases/Mobile/Page/Run App/Terminate App' successfully

2022-02-18 15:56:42 - [TEST_CASE][PASSED] - Test Cases/Mobile/Page/Run App/Terminate App: Test Cases/Mobile/Page/Run App/Terminate App

2022-02-18 15:56:42 - [TEST_STEP][PASSED] - startApp.OpenApp.terminateApplication(): startApp.OpenApp.terminateApplication is PASSED

2022-02-18 15:56:45 - [MESSAGE][PASSED] - Delayed 3 second(s)

2022-02-18 15:56:45 - [MESSAGE][PASSED] - Current device physical width is 720

2022-02-18 15:56:46 - [MESSAGE][PASSED] - Current device physical height is 1423

2022-02-18 15:56:47 - [MESSAGE][PASSED] - Swiped from 360,853 to 360,142

2022-02-18 15:56:48 - [MESSAGE][PASSED] - Delayed 1 second(s)

2022-02-18 15:56:50 - [MESSAGE][PASSED] - Swiped from 360,853 to 360,142

2022-02-18 15:56:53 - [MESSAGE][PASSED] - Delayed 3 second(s)

2022-02-18 15:56:53 - [MESSAGE][PASSED] - startApp.OpenApp.terminateApplication is PASSED

2022-02-18 15:56:53 - [MESSAGE][PASSED] - Call Test Case 'Test Cases/Mobile/Page/Run App/Terminate App' successfully]]></system-out>
         <system-err><![CDATA[]]></system-err>
      </testcase>
      <testcase name="Test Cases/Mobile/Scenario/Portfolio/015 - Melihat detail mutual fund 6 month" time="76.175" classname="Test Cases/Mobile/Scenario/Portfolio/015 - Melihat detail mutual fund 6 month" status="PASSED">
         <system-out><![CDATA[2022-02-18 15:56:53 - [TEST_CASE][PASSED] - Test Cases/Mobile/Scenario/Portfolio/015 - Melihat detail mutual fund 6 month: Test Cases/Mobile/Scenario/Portfolio/015 - Melihat detail mutual fund 6 month

2022-02-18 15:56:53 - [TEST_STEP][PASSED] - callTestCase(findTestCase("Mobile/Page/Run App/Run App byID"), [:], STOP_ON_FAILURE): Call Test Case 'Test Cases/Mobile/Page/Run App/Run App byID' successfully

2022-02-18 15:56:53 - [TEST_CASE][PASSED] - Test Cases/Mobile/Page/Run App/Run App byID: Test Cases/Mobile/Page/Run App/Run App byID

2022-02-18 15:56:53 - [TEST_STEP][PASSED] - startApp.OpenApp.startApplication("id.co.miraeasset.sageclub"): startApp.OpenApp.startApplication is PASSED

2022-02-18 15:57:12 - [MESSAGE][PASSED] - Starting app with application ID: 'id.co.miraeasset.sageclub'

2022-02-18 15:57:12 - [MESSAGE][PASSED] - startApp.OpenApp.startApplication is PASSED

2022-02-18 15:57:12 - [MESSAGE][PASSED] - Call Test Case 'Test Cases/Mobile/Page/Run App/Run App byID' successfully

2022-02-18 15:57:12 - [TEST_STEP][PASSED] - callTestCase(findTestCase("Mobile/Page/Portfolio/Portfolio"), ["tab":"mutualfund", "action2":"6 month"], CONTINUE_ON_FAILURE): Call Test Case 'Test Cases/Mobile/Page/Portfolio/Portfolio' successfully

2022-02-18 15:57:12 - [TEST_CASE][PASSED] - Test Cases/Mobile/Page/Portfolio/Portfolio: Test Cases/Mobile/Page/Portfolio/Portfolio

2022-02-18 15:57:12 - [TEST_STEP][PASSED] - callTestCase(findTestCase("Mobile/Page/CheckLogin"), [:], CONTINUE_ON_FAILURE): Call Test Case 'Test Cases/Mobile/Page/CheckLogin' successfully

2022-02-18 15:57:12 - [TEST_CASE][PASSED] - Test Cases/Mobile/Page/CheckLogin: Test Cases/Mobile/Page/CheckLogin

2022-02-18 15:57:12 - [TEST_STEP][PASSED] - loginCheck = verifyElementExist(LOGN_BtnLogin, 5, CONTINUE_ON_FAILURE): Element 'Object Repository/Mobile/Page/Login/Button - Login' is exist

2022-02-18 15:57:14 - [MESSAGE][PASSED] - Element 'Object Repository/Mobile/Page/Login/Button - Login' is exist

2022-02-18 15:57:14 - [TEST_STEP][PASSED] - if (loginCheck): Call Test Case 'Test Cases/Mobile/Page/Login/Login' successfully

2022-02-18 15:57:14 - [TEST_STEP][PASSED] - callTestCase(findTestCase("Mobile/Page/Login/Login"), ["action":"username"], CONTINUE_ON_FAILURE): Call Test Case 'Test Cases/Mobile/Page/Login/Login' successfully

2022-02-18 15:57:14 - [TEST_CASE][PASSED] - Test Cases/Mobile/Page/Login/Login: Test Cases/Mobile/Page/Login/Login

2022-02-18 15:57:14 - [TEST_STEP][PASSED] - delay(2): Delayed 2 second(s)

2022-02-18 15:57:16 - [MESSAGE][PASSED] - Delayed 2 second(s)

2022-02-18 15:57:16 - [TEST_STEP][PASSED] - for ([i = 0, i < 1, (i++)]): null

2022-02-18 15:57:16 - [TEST_STEP][PASSED] - if (action == "username"): null

2022-02-18 15:57:16 - [TEST_STEP][PASSED] - tap(LOGN_EdtUserID, 0): Tapped on element 'Object Repository/Mobile/Page/Login/Input - UserID'

2022-02-18 15:57:16 - [MESSAGE][WARNING] - Timeout '0' is invalid. Using default page load timeout: '60'

2022-02-18 15:57:17 - [MESSAGE][PASSED] - Tapped on element 'Object Repository/Mobile/Page/Login/Input - UserID'

2022-02-18 15:57:17 - [TEST_STEP][PASSED] - delay(1): Delayed 1 second(s)

2022-02-18 15:57:18 - [MESSAGE][PASSED] - Delayed 1 second(s)

2022-02-18 15:57:18 - [TEST_STEP][PASSED] - setText(LOGN_EdtRdyUserID, "anggaaditya", 0): Text 'anggaaditya' has been set to element 'Object Repository/Mobile/Page/Login/Input Rdy - UserID'

2022-02-18 15:57:18 - [MESSAGE][WARNING] - Timeout '0' is invalid. Using default page load timeout: '60'

2022-02-18 15:57:18 - [MESSAGE][PASSED] - Text 'anggaaditya' has been set to element 'Object Repository/Mobile/Page/Login/Input Rdy - UserID'

2022-02-18 15:57:18 - [TEST_STEP][PASSED] - delay(1): Delayed 1 second(s)

2022-02-18 15:57:19 - [MESSAGE][PASSED] - Delayed 1 second(s)

2022-02-18 15:57:19 - [TEST_STEP][PASSED] - hideKeyboard(): Keyboard is hidden

2022-02-18 15:57:26 - [MESSAGE][PASSED] - Keyboard is hidden

2022-02-18 15:57:26 - [TEST_STEP][PASSED] - tap(LOGN_EdtPassword, 0): Tapped on element 'Object Repository/Mobile/Page/Login/Input - Password'

2022-02-18 15:57:26 - [MESSAGE][WARNING] - Timeout '0' is invalid. Using default page load timeout: '60'

2022-02-18 15:57:27 - [MESSAGE][PASSED] - Tapped on element 'Object Repository/Mobile/Page/Login/Input - Password'

2022-02-18 15:57:27 - [TEST_STEP][PASSED] - delay(1): Delayed 1 second(s)

2022-02-18 15:57:28 - [MESSAGE][PASSED] - Delayed 1 second(s)

2022-02-18 15:57:28 - [TEST_STEP][PASSED] - setText(LOGN_EdtRdyPassword, "Shalawa18", 0): Text 'Shalawa18' has been set to element 'Object Repository/Mobile/Page/Login/Input Rdy - Password'

2022-02-18 15:57:28 - [MESSAGE][WARNING] - Timeout '0' is invalid. Using default page load timeout: '60'

2022-02-18 15:57:29 - [MESSAGE][PASSED] - Text 'Shalawa18' has been set to element 'Object Repository/Mobile/Page/Login/Input Rdy - Password'

2022-02-18 15:57:29 - [TEST_STEP][PASSED] - delay(1): Delayed 1 second(s)

2022-02-18 15:57:30 - [MESSAGE][PASSED] - Delayed 1 second(s)

2022-02-18 15:57:30 - [TEST_STEP][PASSED] - hideKeyboard(): Keyboard is hidden

2022-02-18 15:57:37 - [MESSAGE][PASSED] - Keyboard is hidden

2022-02-18 15:57:37 - [TEST_STEP][PASSED] - tap(LOGN_BtnLogin, 0): Tapped on element 'Object Repository/Mobile/Page/Login/Button - Login'

2022-02-18 15:57:37 - [MESSAGE][WARNING] - Timeout '0' is invalid. Using default page load timeout: '60'

2022-02-18 15:57:38 - [MESSAGE][PASSED] - Tapped on element 'Object Repository/Mobile/Page/Login/Button - Login'

2022-02-18 15:57:38 - [TEST_STEP][PASSED] - delay(2): Delayed 2 second(s)

2022-02-18 15:57:40 - [MESSAGE][PASSED] - Delayed 2 second(s)

2022-02-18 15:57:40 - [TEST_STEP][PASSED] - break: null

2022-02-18 15:57:40 - [MESSAGE][PASSED] - Call Test Case 'Test Cases/Mobile/Page/Login/Login' successfully

2022-02-18 15:57:40 - [MESSAGE][PASSED] - Call Test Case 'Test Cases/Mobile/Page/CheckLogin' successfully

2022-02-18 15:57:40 - [TEST_STEP][PASSED] - tap(HOME_MenubarPortfolio, 0): Tapped on element 'Object Repository/Mobile/Page/Home/Menubar - Portfolio'

2022-02-18 15:57:40 - [MESSAGE][WARNING] - Timeout '0' is invalid. Using default page load timeout: '60'

2022-02-18 15:57:42 - [MESSAGE][PASSED] - Tapped on element 'Object Repository/Mobile/Page/Home/Menubar - Portfolio'

2022-02-18 15:57:42 - [TEST_STEP][PASSED] - delay(1): Delayed 1 second(s)

2022-02-18 15:57:43 - [MESSAGE][PASSED] - Delayed 1 second(s)

2022-02-18 15:57:43 - [TEST_STEP][PASSED] - for ([i = 0, i < 1, (i++)]): scroll.scroll.scrollScreenBottomToTop is PASSED

2022-02-18 15:57:43 - [TEST_STEP][PASSED] - if (tab == "summary"): null

2022-02-18 15:57:43 - [TEST_STEP][PASSED] - else if (tab == "stock"): null

2022-02-18 15:57:43 - [TEST_STEP][PASSED] - else if (tab == "mutualfund"): scroll.scroll.scrollScreenBottomToTop is PASSED

2022-02-18 15:57:43 - [TEST_STEP][PASSED] - tap(PORT_TabMutualFund, 0): Tapped on element 'Object Repository/Mobile/Page/Portfolio/Tab - Mutual Fund'

2022-02-18 15:57:43 - [MESSAGE][WARNING] - Timeout '0' is invalid. Using default page load timeout: '60'

2022-02-18 15:57:44 - [MESSAGE][PASSED] - Tapped on element 'Object Repository/Mobile/Page/Portfolio/Tab - Mutual Fund'

2022-02-18 15:57:44 - [TEST_STEP][PASSED] - delay(1): Delayed 1 second(s)

2022-02-18 15:57:45 - [MESSAGE][PASSED] - Delayed 1 second(s)

2022-02-18 15:57:45 - [TEST_STEP][PASSED] - try: scroll.scroll.scrollScreenBottomToTop is PASSED

2022-02-18 15:57:45 - [TEST_STEP][PASSED] - tapAndHold(PORT_ItemTopMutualFund, 1, 10): Tapped and held on element 'Object Repository/Mobile/Page/Portfolio/Item - Top Mutual Fund' with duration 1

2022-02-18 15:57:48 - [MESSAGE][PASSED] - Tapped and held on element 'Object Repository/Mobile/Page/Portfolio/Item - Top Mutual Fund' with duration 1

2022-02-18 15:57:48 - [TEST_STEP][PASSED] - delay(2): Delayed 2 second(s)

2022-02-18 15:57:50 - [MESSAGE][PASSED] - Delayed 2 second(s)

2022-02-18 15:57:50 - [TEST_STEP][PASSED] - switch (action2): null

2022-02-18 15:57:50 - [TEST_STEP][PASSED] - case "6 month":: null

2022-02-18 15:57:50 - [TEST_STEP][PASSED] - tapAndHold(PORT_DETL_Btn6Month, 1, 0): Tapped and held on element 'Object Repository/Mobile/Page/Portfolio/Detail Mutual Funds/Button - 6 Month' with duration 1

2022-02-18 15:57:50 - [MESSAGE][WARNING] - Timeout '0' is invalid. Using default page load timeout: '60'

2022-02-18 15:57:53 - [MESSAGE][PASSED] - Tapped and held on element 'Object Repository/Mobile/Page/Portfolio/Detail Mutual Funds/Button - 6 Month' with duration 1

2022-02-18 15:57:53 - [TEST_STEP][PASSED] - break: null

2022-02-18 15:57:53 - [TEST_STEP][PASSED] - delay(3): Delayed 3 second(s)

2022-02-18 15:57:56 - [MESSAGE][PASSED] - Delayed 3 second(s)

2022-02-18 15:57:56 - [TEST_STEP][PASSED] - scroll.scroll.scrollScreenBottomToTop(): scroll.scroll.scrollScreenBottomToTop is PASSED

2022-02-18 15:57:56 - [MESSAGE][PASSED] - Current device physical height is 1423

2022-02-18 15:57:57 - [MESSAGE][PASSED] - Current device physical width is 720

2022-02-18 15:57:58 - [MESSAGE][PASSED] - Swiped from 360,1,138 to 360,284

2022-02-18 15:57:58 - [MESSAGE][PASSED] - scroll.scroll.scrollScreenBottomToTop is PASSED

2022-02-18 15:57:58 - [MESSAGE][PASSED] - Call Test Case 'Test Cases/Mobile/Page/Portfolio/Portfolio' successfully

2022-02-18 15:57:58 - [TEST_STEP][PASSED] - callTestCase(findTestCase("Mobile/Page/Run App/Terminate App"), [:], STOP_ON_FAILURE): Call Test Case 'Test Cases/Mobile/Page/Run App/Terminate App' successfully

2022-02-18 15:57:58 - [TEST_CASE][PASSED] - Test Cases/Mobile/Page/Run App/Terminate App: Test Cases/Mobile/Page/Run App/Terminate App

2022-02-18 15:57:58 - [TEST_STEP][PASSED] - startApp.OpenApp.terminateApplication(): startApp.OpenApp.terminateApplication is PASSED

2022-02-18 15:58:01 - [MESSAGE][PASSED] - Delayed 3 second(s)

2022-02-18 15:58:02 - [MESSAGE][PASSED] - Current device physical width is 720

2022-02-18 15:58:02 - [MESSAGE][PASSED] - Current device physical height is 1423

2022-02-18 15:58:03 - [MESSAGE][PASSED] - Swiped from 360,853 to 360,142

2022-02-18 15:58:04 - [MESSAGE][PASSED] - Delayed 1 second(s)

2022-02-18 15:58:06 - [MESSAGE][PASSED] - Swiped from 360,853 to 360,142

2022-02-18 15:58:09 - [MESSAGE][PASSED] - Delayed 3 second(s)

2022-02-18 15:58:09 - [MESSAGE][PASSED] - startApp.OpenApp.terminateApplication is PASSED

2022-02-18 15:58:09 - [MESSAGE][PASSED] - Call Test Case 'Test Cases/Mobile/Page/Run App/Terminate App' successfully]]></system-out>
         <system-err><![CDATA[]]></system-err>
      </testcase>
      <testcase name="Test Cases/Mobile/Scenario/Portfolio/016 - Melihat detail mutual fund 1 year" time="75.264" classname="Test Cases/Mobile/Scenario/Portfolio/016 - Melihat detail mutual fund 1 year" status="PASSED">
         <system-out><![CDATA[2022-02-18 15:58:09 - [TEST_CASE][PASSED] - Test Cases/Mobile/Scenario/Portfolio/016 - Melihat detail mutual fund 1 year: Test Cases/Mobile/Scenario/Portfolio/016 - Melihat detail mutual fund 1 year

2022-02-18 15:58:10 - [TEST_STEP][PASSED] - callTestCase(findTestCase("Mobile/Page/Run App/Run App byID"), [:], STOP_ON_FAILURE): Call Test Case 'Test Cases/Mobile/Page/Run App/Run App byID' successfully

2022-02-18 15:58:10 - [TEST_CASE][PASSED] - Test Cases/Mobile/Page/Run App/Run App byID: Test Cases/Mobile/Page/Run App/Run App byID

2022-02-18 15:58:10 - [TEST_STEP][PASSED] - startApp.OpenApp.startApplication("id.co.miraeasset.sageclub"): startApp.OpenApp.startApplication is PASSED

2022-02-18 15:58:28 - [MESSAGE][PASSED] - Starting app with application ID: 'id.co.miraeasset.sageclub'

2022-02-18 15:58:28 - [MESSAGE][PASSED] - startApp.OpenApp.startApplication is PASSED

2022-02-18 15:58:28 - [MESSAGE][PASSED] - Call Test Case 'Test Cases/Mobile/Page/Run App/Run App byID' successfully

2022-02-18 15:58:28 - [TEST_STEP][PASSED] - callTestCase(findTestCase("Mobile/Page/Portfolio/Portfolio"), ["tab":"mutualfund", "action2":"1 year"], CONTINUE_ON_FAILURE): Call Test Case 'Test Cases/Mobile/Page/Portfolio/Portfolio' successfully

2022-02-18 15:58:28 - [TEST_CASE][PASSED] - Test Cases/Mobile/Page/Portfolio/Portfolio: Test Cases/Mobile/Page/Portfolio/Portfolio

2022-02-18 15:58:28 - [TEST_STEP][PASSED] - callTestCase(findTestCase("Mobile/Page/CheckLogin"), [:], CONTINUE_ON_FAILURE): Call Test Case 'Test Cases/Mobile/Page/CheckLogin' successfully

2022-02-18 15:58:28 - [TEST_CASE][PASSED] - Test Cases/Mobile/Page/CheckLogin: Test Cases/Mobile/Page/CheckLogin

2022-02-18 15:58:28 - [TEST_STEP][PASSED] - loginCheck = verifyElementExist(LOGN_BtnLogin, 5, CONTINUE_ON_FAILURE): Element 'Object Repository/Mobile/Page/Login/Button - Login' is exist

2022-02-18 15:58:30 - [MESSAGE][PASSED] - Element 'Object Repository/Mobile/Page/Login/Button - Login' is exist

2022-02-18 15:58:30 - [TEST_STEP][PASSED] - if (loginCheck): Call Test Case 'Test Cases/Mobile/Page/Login/Login' successfully

2022-02-18 15:58:30 - [TEST_STEP][PASSED] - callTestCase(findTestCase("Mobile/Page/Login/Login"), ["action":"username"], CONTINUE_ON_FAILURE): Call Test Case 'Test Cases/Mobile/Page/Login/Login' successfully

2022-02-18 15:58:30 - [TEST_CASE][PASSED] - Test Cases/Mobile/Page/Login/Login: Test Cases/Mobile/Page/Login/Login

2022-02-18 15:58:30 - [TEST_STEP][PASSED] - delay(2): Delayed 2 second(s)

2022-02-18 15:58:32 - [MESSAGE][PASSED] - Delayed 2 second(s)

2022-02-18 15:58:32 - [TEST_STEP][PASSED] - for ([i = 0, i < 1, (i++)]): null

2022-02-18 15:58:32 - [TEST_STEP][PASSED] - if (action == "username"): null

2022-02-18 15:58:32 - [TEST_STEP][PASSED] - tap(LOGN_EdtUserID, 0): Tapped on element 'Object Repository/Mobile/Page/Login/Input - UserID'

2022-02-18 15:58:32 - [MESSAGE][WARNING] - Timeout '0' is invalid. Using default page load timeout: '60'

2022-02-18 15:58:33 - [MESSAGE][PASSED] - Tapped on element 'Object Repository/Mobile/Page/Login/Input - UserID'

2022-02-18 15:58:33 - [TEST_STEP][PASSED] - delay(1): Delayed 1 second(s)

2022-02-18 15:58:34 - [MESSAGE][PASSED] - Delayed 1 second(s)

2022-02-18 15:58:34 - [TEST_STEP][PASSED] - setText(LOGN_EdtRdyUserID, "anggaaditya", 0): Text 'anggaaditya' has been set to element 'Object Repository/Mobile/Page/Login/Input Rdy - UserID'

2022-02-18 15:58:34 - [MESSAGE][WARNING] - Timeout '0' is invalid. Using default page load timeout: '60'

2022-02-18 15:58:34 - [MESSAGE][PASSED] - Text 'anggaaditya' has been set to element 'Object Repository/Mobile/Page/Login/Input Rdy - UserID'

2022-02-18 15:58:34 - [TEST_STEP][PASSED] - delay(1): Delayed 1 second(s)

2022-02-18 15:58:35 - [MESSAGE][PASSED] - Delayed 1 second(s)

2022-02-18 15:58:35 - [TEST_STEP][PASSED] - hideKeyboard(): Keyboard is hidden

2022-02-18 15:58:39 - [MESSAGE][PASSED] - Keyboard is hidden

2022-02-18 15:58:40 - [TEST_STEP][PASSED] - tap(LOGN_EdtPassword, 0): Tapped on element 'Object Repository/Mobile/Page/Login/Input - Password'

2022-02-18 15:58:40 - [MESSAGE][WARNING] - Timeout '0' is invalid. Using default page load timeout: '60'

2022-02-18 15:58:40 - [MESSAGE][PASSED] - Tapped on element 'Object Repository/Mobile/Page/Login/Input - Password'

2022-02-18 15:58:40 - [TEST_STEP][PASSED] - delay(1): Delayed 1 second(s)

2022-02-18 15:58:41 - [MESSAGE][PASSED] - Delayed 1 second(s)

2022-02-18 15:58:41 - [TEST_STEP][PASSED] - setText(LOGN_EdtRdyPassword, "Shalawa18", 0): Text 'Shalawa18' has been set to element 'Object Repository/Mobile/Page/Login/Input Rdy - Password'

2022-02-18 15:58:41 - [MESSAGE][WARNING] - Timeout '0' is invalid. Using default page load timeout: '60'

2022-02-18 15:58:42 - [MESSAGE][PASSED] - Text 'Shalawa18' has been set to element 'Object Repository/Mobile/Page/Login/Input Rdy - Password'

2022-02-18 15:58:42 - [TEST_STEP][PASSED] - delay(1): Delayed 1 second(s)

2022-02-18 15:58:43 - [MESSAGE][PASSED] - Delayed 1 second(s)

2022-02-18 15:58:43 - [TEST_STEP][PASSED] - hideKeyboard(): Keyboard is hidden

2022-02-18 15:58:50 - [MESSAGE][PASSED] - Keyboard is hidden

2022-02-18 15:58:50 - [TEST_STEP][PASSED] - tap(LOGN_BtnLogin, 0): Tapped on element 'Object Repository/Mobile/Page/Login/Button - Login'

2022-02-18 15:58:50 - [MESSAGE][WARNING] - Timeout '0' is invalid. Using default page load timeout: '60'

2022-02-18 15:58:51 - [MESSAGE][PASSED] - Tapped on element 'Object Repository/Mobile/Page/Login/Button - Login'

2022-02-18 15:58:51 - [TEST_STEP][PASSED] - delay(2): Delayed 2 second(s)

2022-02-18 15:58:53 - [MESSAGE][PASSED] - Delayed 2 second(s)

2022-02-18 15:58:53 - [TEST_STEP][PASSED] - break: null

2022-02-18 15:58:53 - [MESSAGE][PASSED] - Call Test Case 'Test Cases/Mobile/Page/Login/Login' successfully

2022-02-18 15:58:53 - [MESSAGE][PASSED] - Call Test Case 'Test Cases/Mobile/Page/CheckLogin' successfully

2022-02-18 15:58:53 - [TEST_STEP][PASSED] - tap(HOME_MenubarPortfolio, 0): Tapped on element 'Object Repository/Mobile/Page/Home/Menubar - Portfolio'

2022-02-18 15:58:53 - [MESSAGE][WARNING] - Timeout '0' is invalid. Using default page load timeout: '60'

2022-02-18 15:58:55 - [MESSAGE][PASSED] - Tapped on element 'Object Repository/Mobile/Page/Home/Menubar - Portfolio'

2022-02-18 15:58:55 - [TEST_STEP][PASSED] - delay(1): Delayed 1 second(s)

2022-02-18 15:58:56 - [MESSAGE][PASSED] - Delayed 1 second(s)

2022-02-18 15:58:56 - [TEST_STEP][PASSED] - for ([i = 0, i < 1, (i++)]): scroll.scroll.scrollScreenBottomToTop is PASSED

2022-02-18 15:58:56 - [TEST_STEP][PASSED] - if (tab == "summary"): null

2022-02-18 15:58:56 - [TEST_STEP][PASSED] - else if (tab == "stock"): null

2022-02-18 15:58:56 - [TEST_STEP][PASSED] - else if (tab == "mutualfund"): scroll.scroll.scrollScreenBottomToTop is PASSED

2022-02-18 15:58:56 - [TEST_STEP][PASSED] - tap(PORT_TabMutualFund, 0): Tapped on element 'Object Repository/Mobile/Page/Portfolio/Tab - Mutual Fund'

2022-02-18 15:58:56 - [MESSAGE][WARNING] - Timeout '0' is invalid. Using default page load timeout: '60'

2022-02-18 15:58:58 - [MESSAGE][PASSED] - Tapped on element 'Object Repository/Mobile/Page/Portfolio/Tab - Mutual Fund'

2022-02-18 15:58:58 - [TEST_STEP][PASSED] - delay(1): Delayed 1 second(s)

2022-02-18 15:58:59 - [MESSAGE][PASSED] - Delayed 1 second(s)

2022-02-18 15:58:59 - [TEST_STEP][PASSED] - try: scroll.scroll.scrollScreenBottomToTop is PASSED

2022-02-18 15:58:59 - [TEST_STEP][PASSED] - tapAndHold(PORT_ItemTopMutualFund, 1, 10): Tapped and held on element 'Object Repository/Mobile/Page/Portfolio/Item - Top Mutual Fund' with duration 1

2022-02-18 15:59:02 - [MESSAGE][PASSED] - Tapped and held on element 'Object Repository/Mobile/Page/Portfolio/Item - Top Mutual Fund' with duration 1

2022-02-18 15:59:02 - [TEST_STEP][PASSED] - delay(2): Delayed 2 second(s)

2022-02-18 15:59:04 - [MESSAGE][PASSED] - Delayed 2 second(s)

2022-02-18 15:59:04 - [TEST_STEP][PASSED] - switch (action2): null

2022-02-18 15:59:04 - [TEST_STEP][PASSED] - case "1 year":: null

2022-02-18 15:59:04 - [TEST_STEP][PASSED] - tapAndHold(PORT_DETL_Btn1Year, 1, 0): Tapped and held on element 'Object Repository/Mobile/Page/Portfolio/Detail Mutual Funds/Button - 1 Year' with duration 1

2022-02-18 15:59:04 - [MESSAGE][WARNING] - Timeout '0' is invalid. Using default page load timeout: '60'

2022-02-18 15:59:07 - [MESSAGE][PASSED] - Tapped and held on element 'Object Repository/Mobile/Page/Portfolio/Detail Mutual Funds/Button - 1 Year' with duration 1

2022-02-18 15:59:07 - [TEST_STEP][PASSED] - break: null

2022-02-18 15:59:07 - [TEST_STEP][PASSED] - delay(3): Delayed 3 second(s)

2022-02-18 15:59:10 - [MESSAGE][PASSED] - Delayed 3 second(s)

2022-02-18 15:59:10 - [TEST_STEP][PASSED] - scroll.scroll.scrollScreenBottomToTop(): scroll.scroll.scrollScreenBottomToTop is PASSED

2022-02-18 15:59:10 - [MESSAGE][PASSED] - Current device physical height is 1423

2022-02-18 15:59:11 - [MESSAGE][PASSED] - Current device physical width is 720

2022-02-18 15:59:12 - [MESSAGE][PASSED] - Swiped from 360,1,138 to 360,284

2022-02-18 15:59:12 - [MESSAGE][PASSED] - scroll.scroll.scrollScreenBottomToTop is PASSED

2022-02-18 15:59:12 - [MESSAGE][PASSED] - Call Test Case 'Test Cases/Mobile/Page/Portfolio/Portfolio' successfully

2022-02-18 15:59:12 - [TEST_STEP][PASSED] - callTestCase(findTestCase("Mobile/Page/Run App/Terminate App"), [:], STOP_ON_FAILURE): Call Test Case 'Test Cases/Mobile/Page/Run App/Terminate App' successfully

2022-02-18 15:59:12 - [TEST_CASE][PASSED] - Test Cases/Mobile/Page/Run App/Terminate App: Test Cases/Mobile/Page/Run App/Terminate App

2022-02-18 15:59:12 - [TEST_STEP][PASSED] - startApp.OpenApp.terminateApplication(): startApp.OpenApp.terminateApplication is PASSED

2022-02-18 15:59:16 - [MESSAGE][PASSED] - Delayed 3 second(s)

2022-02-18 15:59:16 - [MESSAGE][PASSED] - Current device physical width is 720

2022-02-18 15:59:17 - [MESSAGE][PASSED] - Current device physical height is 1423

2022-02-18 15:59:18 - [MESSAGE][PASSED] - Swiped from 360,853 to 360,142

2022-02-18 15:59:19 - [MESSAGE][PASSED] - Delayed 1 second(s)

2022-02-18 15:59:21 - [MESSAGE][PASSED] - Swiped from 360,853 to 360,142

2022-02-18 15:59:24 - [MESSAGE][PASSED] - Delayed 3 second(s)

2022-02-18 15:59:24 - [MESSAGE][PASSED] - startApp.OpenApp.terminateApplication is PASSED

2022-02-18 15:59:24 - [MESSAGE][PASSED] - Call Test Case 'Test Cases/Mobile/Page/Run App/Terminate App' successfully]]></system-out>
         <system-err><![CDATA[]]></system-err>
      </testcase>
      <testcase name="Test Cases/Mobile/Scenario/Portfolio/017 - Melihat detail mutual fund 3 year" time="81.547" classname="Test Cases/Mobile/Scenario/Portfolio/017 - Melihat detail mutual fund 3 year" status="PASSED">
         <system-out><![CDATA[2022-02-18 15:59:24 - [TEST_CASE][PASSED] - Test Cases/Mobile/Scenario/Portfolio/017 - Melihat detail mutual fund 3 year: Test Cases/Mobile/Scenario/Portfolio/017 - Melihat detail mutual fund 3 year

2022-02-18 15:59:26 - [TEST_STEP][PASSED] - callTestCase(findTestCase("Mobile/Page/Run App/Run App byID"), [:], STOP_ON_FAILURE): Call Test Case 'Test Cases/Mobile/Page/Run App/Run App byID' successfully

2022-02-18 15:59:26 - [TEST_CASE][PASSED] - Test Cases/Mobile/Page/Run App/Run App byID: Test Cases/Mobile/Page/Run App/Run App byID

2022-02-18 15:59:26 - [TEST_STEP][PASSED] - startApp.OpenApp.startApplication("id.co.miraeasset.sageclub"): startApp.OpenApp.startApplication is PASSED

2022-02-18 15:59:50 - [MESSAGE][PASSED] - Starting app with application ID: 'id.co.miraeasset.sageclub'

2022-02-18 15:59:50 - [MESSAGE][PASSED] - startApp.OpenApp.startApplication is PASSED

2022-02-18 15:59:50 - [MESSAGE][PASSED] - Call Test Case 'Test Cases/Mobile/Page/Run App/Run App byID' successfully

2022-02-18 15:59:50 - [TEST_STEP][PASSED] - callTestCase(findTestCase("Mobile/Page/Portfolio/Portfolio"), ["tab":"mutualfund", "action2":"3 year"], CONTINUE_ON_FAILURE): Call Test Case 'Test Cases/Mobile/Page/Portfolio/Portfolio' successfully

2022-02-18 15:59:50 - [TEST_CASE][PASSED] - Test Cases/Mobile/Page/Portfolio/Portfolio: Test Cases/Mobile/Page/Portfolio/Portfolio

2022-02-18 15:59:50 - [TEST_STEP][PASSED] - callTestCase(findTestCase("Mobile/Page/CheckLogin"), [:], CONTINUE_ON_FAILURE): Call Test Case 'Test Cases/Mobile/Page/CheckLogin' successfully

2022-02-18 15:59:50 - [TEST_CASE][PASSED] - Test Cases/Mobile/Page/CheckLogin: Test Cases/Mobile/Page/CheckLogin

2022-02-18 15:59:50 - [TEST_STEP][PASSED] - loginCheck = verifyElementExist(LOGN_BtnLogin, 5, CONTINUE_ON_FAILURE): Element 'Object Repository/Mobile/Page/Login/Button - Login' is exist

2022-02-18 15:59:52 - [MESSAGE][PASSED] - Element 'Object Repository/Mobile/Page/Login/Button - Login' is exist

2022-02-18 15:59:52 - [TEST_STEP][PASSED] - if (loginCheck): Call Test Case 'Test Cases/Mobile/Page/Login/Login' successfully

2022-02-18 15:59:52 - [TEST_STEP][PASSED] - callTestCase(findTestCase("Mobile/Page/Login/Login"), ["action":"username"], CONTINUE_ON_FAILURE): Call Test Case 'Test Cases/Mobile/Page/Login/Login' successfully

2022-02-18 15:59:52 - [TEST_CASE][PASSED] - Test Cases/Mobile/Page/Login/Login: Test Cases/Mobile/Page/Login/Login

2022-02-18 15:59:52 - [TEST_STEP][PASSED] - delay(2): Delayed 2 second(s)

2022-02-18 15:59:54 - [MESSAGE][PASSED] - Delayed 2 second(s)

2022-02-18 15:59:54 - [TEST_STEP][PASSED] - for ([i = 0, i < 1, (i++)]): null

2022-02-18 15:59:54 - [TEST_STEP][PASSED] - if (action == "username"): null

2022-02-18 15:59:54 - [TEST_STEP][PASSED] - tap(LOGN_EdtUserID, 0): Tapped on element 'Object Repository/Mobile/Page/Login/Input - UserID'

2022-02-18 15:59:54 - [MESSAGE][WARNING] - Timeout '0' is invalid. Using default page load timeout: '60'

2022-02-18 15:59:54 - [MESSAGE][PASSED] - Tapped on element 'Object Repository/Mobile/Page/Login/Input - UserID'

2022-02-18 15:59:54 - [TEST_STEP][PASSED] - delay(1): Delayed 1 second(s)

2022-02-18 15:59:55 - [MESSAGE][PASSED] - Delayed 1 second(s)

2022-02-18 15:59:55 - [TEST_STEP][PASSED] - setText(LOGN_EdtRdyUserID, "anggaaditya", 0): Text 'anggaaditya' has been set to element 'Object Repository/Mobile/Page/Login/Input Rdy - UserID'

2022-02-18 15:59:55 - [MESSAGE][WARNING] - Timeout '0' is invalid. Using default page load timeout: '60'

2022-02-18 15:59:56 - [MESSAGE][PASSED] - Text 'anggaaditya' has been set to element 'Object Repository/Mobile/Page/Login/Input Rdy - UserID'

2022-02-18 15:59:56 - [TEST_STEP][PASSED] - delay(1): Delayed 1 second(s)

2022-02-18 15:59:57 - [MESSAGE][PASSED] - Delayed 1 second(s)

2022-02-18 15:59:57 - [TEST_STEP][PASSED] - hideKeyboard(): Keyboard is hidden

2022-02-18 16:00:02 - [MESSAGE][PASSED] - Keyboard is hidden

2022-02-18 16:00:02 - [TEST_STEP][PASSED] - tap(LOGN_EdtPassword, 0): Tapped on element 'Object Repository/Mobile/Page/Login/Input - Password'

2022-02-18 16:00:02 - [MESSAGE][WARNING] - Timeout '0' is invalid. Using default page load timeout: '60'

2022-02-18 16:00:03 - [MESSAGE][PASSED] - Tapped on element 'Object Repository/Mobile/Page/Login/Input - Password'

2022-02-18 16:00:03 - [TEST_STEP][PASSED] - delay(1): Delayed 1 second(s)

2022-02-18 16:00:04 - [MESSAGE][PASSED] - Delayed 1 second(s)

2022-02-18 16:00:04 - [TEST_STEP][PASSED] - setText(LOGN_EdtRdyPassword, "Shalawa18", 0): Text 'Shalawa18' has been set to element 'Object Repository/Mobile/Page/Login/Input Rdy - Password'

2022-02-18 16:00:04 - [MESSAGE][WARNING] - Timeout '0' is invalid. Using default page load timeout: '60'

2022-02-18 16:00:04 - [MESSAGE][PASSED] - Text 'Shalawa18' has been set to element 'Object Repository/Mobile/Page/Login/Input Rdy - Password'

2022-02-18 16:00:04 - [TEST_STEP][PASSED] - delay(1): Delayed 1 second(s)

2022-02-18 16:00:05 - [MESSAGE][PASSED] - Delayed 1 second(s)

2022-02-18 16:00:05 - [TEST_STEP][PASSED] - hideKeyboard(): Keyboard is hidden

2022-02-18 16:00:13 - [MESSAGE][PASSED] - Keyboard is hidden

2022-02-18 16:00:13 - [TEST_STEP][PASSED] - tap(LOGN_BtnLogin, 0): Tapped on element 'Object Repository/Mobile/Page/Login/Button - Login'

2022-02-18 16:00:13 - [MESSAGE][WARNING] - Timeout '0' is invalid. Using default page load timeout: '60'

2022-02-18 16:00:13 - [MESSAGE][PASSED] - Tapped on element 'Object Repository/Mobile/Page/Login/Button - Login'

2022-02-18 16:00:13 - [TEST_STEP][PASSED] - delay(2): Delayed 2 second(s)

2022-02-18 16:00:15 - [MESSAGE][PASSED] - Delayed 2 second(s)

2022-02-18 16:00:15 - [TEST_STEP][PASSED] - break: null

2022-02-18 16:00:15 - [MESSAGE][PASSED] - Call Test Case 'Test Cases/Mobile/Page/Login/Login' successfully

2022-02-18 16:00:15 - [MESSAGE][PASSED] - Call Test Case 'Test Cases/Mobile/Page/CheckLogin' successfully

2022-02-18 16:00:15 - [TEST_STEP][PASSED] - tap(HOME_MenubarPortfolio, 0): Tapped on element 'Object Repository/Mobile/Page/Home/Menubar - Portfolio'

2022-02-18 16:00:15 - [MESSAGE][WARNING] - Timeout '0' is invalid. Using default page load timeout: '60'

2022-02-18 16:00:18 - [MESSAGE][PASSED] - Tapped on element 'Object Repository/Mobile/Page/Home/Menubar - Portfolio'

2022-02-18 16:00:18 - [TEST_STEP][PASSED] - delay(1): Delayed 1 second(s)

2022-02-18 16:00:19 - [MESSAGE][PASSED] - Delayed 1 second(s)

2022-02-18 16:00:19 - [TEST_STEP][PASSED] - for ([i = 0, i < 1, (i++)]): scroll.scroll.scrollScreenBottomToTop is PASSED

2022-02-18 16:00:19 - [TEST_STEP][PASSED] - if (tab == "summary"): null

2022-02-18 16:00:19 - [TEST_STEP][PASSED] - else if (tab == "stock"): null

2022-02-18 16:00:19 - [TEST_STEP][PASSED] - else if (tab == "mutualfund"): scroll.scroll.scrollScreenBottomToTop is PASSED

2022-02-18 16:00:19 - [TEST_STEP][PASSED] - tap(PORT_TabMutualFund, 0): Tapped on element 'Object Repository/Mobile/Page/Portfolio/Tab - Mutual Fund'

2022-02-18 16:00:19 - [MESSAGE][WARNING] - Timeout '0' is invalid. Using default page load timeout: '60'

2022-02-18 16:00:20 - [MESSAGE][PASSED] - Tapped on element 'Object Repository/Mobile/Page/Portfolio/Tab - Mutual Fund'

2022-02-18 16:00:20 - [TEST_STEP][PASSED] - delay(1): Delayed 1 second(s)

2022-02-18 16:00:21 - [MESSAGE][PASSED] - Delayed 1 second(s)

2022-02-18 16:00:21 - [TEST_STEP][PASSED] - try: scroll.scroll.scrollScreenBottomToTop is PASSED

2022-02-18 16:00:21 - [TEST_STEP][PASSED] - tapAndHold(PORT_ItemTopMutualFund, 1, 10): Tapped and held on element 'Object Repository/Mobile/Page/Portfolio/Item - Top Mutual Fund' with duration 1

2022-02-18 16:00:24 - [MESSAGE][PASSED] - Tapped and held on element 'Object Repository/Mobile/Page/Portfolio/Item - Top Mutual Fund' with duration 1

2022-02-18 16:00:24 - [TEST_STEP][PASSED] - delay(2): Delayed 2 second(s)

2022-02-18 16:00:26 - [MESSAGE][PASSED] - Delayed 2 second(s)

2022-02-18 16:00:26 - [TEST_STEP][PASSED] - switch (action2): null

2022-02-18 16:00:26 - [TEST_STEP][PASSED] - case "3 year":: null

2022-02-18 16:00:26 - [TEST_STEP][PASSED] - tapAndHold(PORT_DETL_Btn3Year, 1, 0): Tapped and held on element 'Object Repository/Mobile/Page/Portfolio/Detail Mutual Funds/Button - 3 Year' with duration 1

2022-02-18 16:00:26 - [MESSAGE][WARNING] - Timeout '0' is invalid. Using default page load timeout: '60'

2022-02-18 16:00:29 - [MESSAGE][PASSED] - Tapped and held on element 'Object Repository/Mobile/Page/Portfolio/Detail Mutual Funds/Button - 3 Year' with duration 1

2022-02-18 16:00:29 - [TEST_STEP][PASSED] - break: null

2022-02-18 16:00:29 - [TEST_STEP][PASSED] - delay(3): Delayed 3 second(s)

2022-02-18 16:00:32 - [MESSAGE][PASSED] - Delayed 3 second(s)

2022-02-18 16:00:32 - [TEST_STEP][PASSED] - scroll.scroll.scrollScreenBottomToTop(): scroll.scroll.scrollScreenBottomToTop is PASSED

2022-02-18 16:00:32 - [MESSAGE][PASSED] - Current device physical height is 1423

2022-02-18 16:00:33 - [MESSAGE][PASSED] - Current device physical width is 720

2022-02-18 16:00:34 - [MESSAGE][PASSED] - Swiped from 360,1,138 to 360,284

2022-02-18 16:00:34 - [MESSAGE][PASSED] - scroll.scroll.scrollScreenBottomToTop is PASSED

2022-02-18 16:00:34 - [MESSAGE][PASSED] - Call Test Case 'Test Cases/Mobile/Page/Portfolio/Portfolio' successfully

2022-02-18 16:00:34 - [TEST_STEP][PASSED] - callTestCase(findTestCase("Mobile/Page/Run App/Terminate App"), [:], STOP_ON_FAILURE): Call Test Case 'Test Cases/Mobile/Page/Run App/Terminate App' successfully

2022-02-18 16:00:34 - [TEST_CASE][PASSED] - Test Cases/Mobile/Page/Run App/Terminate App: Test Cases/Mobile/Page/Run App/Terminate App

2022-02-18 16:00:34 - [TEST_STEP][PASSED] - startApp.OpenApp.terminateApplication(): startApp.OpenApp.terminateApplication is PASSED

2022-02-18 16:00:37 - [MESSAGE][PASSED] - Delayed 3 second(s)

2022-02-18 16:00:38 - [MESSAGE][PASSED] - Current device physical width is 720

2022-02-18 16:00:38 - [MESSAGE][PASSED] - Current device physical height is 1423

2022-02-18 16:00:40 - [MESSAGE][PASSED] - Swiped from 360,853 to 360,142

2022-02-18 16:00:41 - [MESSAGE][PASSED] - Delayed 1 second(s)

2022-02-18 16:00:43 - [MESSAGE][PASSED] - Swiped from 360,853 to 360,142

2022-02-18 16:00:46 - [MESSAGE][PASSED] - Delayed 3 second(s)

2022-02-18 16:00:46 - [MESSAGE][PASSED] - startApp.OpenApp.terminateApplication is PASSED

2022-02-18 16:00:46 - [MESSAGE][PASSED] - Call Test Case 'Test Cases/Mobile/Page/Run App/Terminate App' successfully]]></system-out>
         <system-err><![CDATA[]]></system-err>
      </testcase>
      <testcase name="Test Cases/Mobile/Scenario/Portfolio/018 - Melihat detail mutual fund 5 year" time="80.671" classname="Test Cases/Mobile/Scenario/Portfolio/018 - Melihat detail mutual fund 5 year" status="PASSED">
         <system-out><![CDATA[2022-02-18 16:00:46 - [TEST_CASE][PASSED] - Test Cases/Mobile/Scenario/Portfolio/018 - Melihat detail mutual fund 5 year: Test Cases/Mobile/Scenario/Portfolio/018 - Melihat detail mutual fund 5 year

2022-02-18 16:00:47 - [TEST_STEP][PASSED] - callTestCase(findTestCase("Mobile/Page/Run App/Run App byID"), [:], STOP_ON_FAILURE): Call Test Case 'Test Cases/Mobile/Page/Run App/Run App byID' successfully

2022-02-18 16:00:47 - [TEST_CASE][PASSED] - Test Cases/Mobile/Page/Run App/Run App byID: Test Cases/Mobile/Page/Run App/Run App byID

2022-02-18 16:00:47 - [TEST_STEP][PASSED] - startApp.OpenApp.startApplication("id.co.miraeasset.sageclub"): startApp.OpenApp.startApplication is PASSED

2022-02-18 16:01:10 - [MESSAGE][PASSED] - Starting app with application ID: 'id.co.miraeasset.sageclub'

2022-02-18 16:01:10 - [MESSAGE][PASSED] - startApp.OpenApp.startApplication is PASSED

2022-02-18 16:01:10 - [MESSAGE][PASSED] - Call Test Case 'Test Cases/Mobile/Page/Run App/Run App byID' successfully

2022-02-18 16:01:10 - [TEST_STEP][PASSED] - callTestCase(findTestCase("Mobile/Page/Portfolio/Portfolio"), ["tab":"mutualfund", "action2":"5 year"], CONTINUE_ON_FAILURE): Call Test Case 'Test Cases/Mobile/Page/Portfolio/Portfolio' successfully

2022-02-18 16:01:10 - [TEST_CASE][PASSED] - Test Cases/Mobile/Page/Portfolio/Portfolio: Test Cases/Mobile/Page/Portfolio/Portfolio

2022-02-18 16:01:10 - [TEST_STEP][PASSED] - callTestCase(findTestCase("Mobile/Page/CheckLogin"), [:], CONTINUE_ON_FAILURE): Call Test Case 'Test Cases/Mobile/Page/CheckLogin' successfully

2022-02-18 16:01:10 - [TEST_CASE][PASSED] - Test Cases/Mobile/Page/CheckLogin: Test Cases/Mobile/Page/CheckLogin

2022-02-18 16:01:10 - [TEST_STEP][PASSED] - loginCheck = verifyElementExist(LOGN_BtnLogin, 5, CONTINUE_ON_FAILURE): Element 'Object Repository/Mobile/Page/Login/Button - Login' is exist

2022-02-18 16:01:12 - [MESSAGE][PASSED] - Element 'Object Repository/Mobile/Page/Login/Button - Login' is exist

2022-02-18 16:01:12 - [TEST_STEP][PASSED] - if (loginCheck): Call Test Case 'Test Cases/Mobile/Page/Login/Login' successfully

2022-02-18 16:01:12 - [TEST_STEP][PASSED] - callTestCase(findTestCase("Mobile/Page/Login/Login"), ["action":"username"], CONTINUE_ON_FAILURE): Call Test Case 'Test Cases/Mobile/Page/Login/Login' successfully

2022-02-18 16:01:12 - [TEST_CASE][PASSED] - Test Cases/Mobile/Page/Login/Login: Test Cases/Mobile/Page/Login/Login

2022-02-18 16:01:12 - [TEST_STEP][PASSED] - delay(2): Delayed 2 second(s)

2022-02-18 16:01:14 - [MESSAGE][PASSED] - Delayed 2 second(s)

2022-02-18 16:01:14 - [TEST_STEP][PASSED] - for ([i = 0, i < 1, (i++)]): null

2022-02-18 16:01:14 - [TEST_STEP][PASSED] - if (action == "username"): null

2022-02-18 16:01:14 - [TEST_STEP][PASSED] - tap(LOGN_EdtUserID, 0): Tapped on element 'Object Repository/Mobile/Page/Login/Input - UserID'

2022-02-18 16:01:14 - [MESSAGE][WARNING] - Timeout '0' is invalid. Using default page load timeout: '60'

2022-02-18 16:01:14 - [MESSAGE][PASSED] - Tapped on element 'Object Repository/Mobile/Page/Login/Input - UserID'

2022-02-18 16:01:14 - [TEST_STEP][PASSED] - delay(1): Delayed 1 second(s)

2022-02-18 16:01:15 - [MESSAGE][PASSED] - Delayed 1 second(s)

2022-02-18 16:01:15 - [TEST_STEP][PASSED] - setText(LOGN_EdtRdyUserID, "anggaaditya", 0): Text 'anggaaditya' has been set to element 'Object Repository/Mobile/Page/Login/Input Rdy - UserID'

2022-02-18 16:01:15 - [MESSAGE][WARNING] - Timeout '0' is invalid. Using default page load timeout: '60'

2022-02-18 16:01:16 - [MESSAGE][PASSED] - Text 'anggaaditya' has been set to element 'Object Repository/Mobile/Page/Login/Input Rdy - UserID'

2022-02-18 16:01:16 - [TEST_STEP][PASSED] - delay(1): Delayed 1 second(s)

2022-02-18 16:01:17 - [MESSAGE][PASSED] - Delayed 1 second(s)

2022-02-18 16:01:17 - [TEST_STEP][PASSED] - hideKeyboard(): Keyboard is hidden

2022-02-18 16:01:22 - [MESSAGE][PASSED] - Keyboard is hidden

2022-02-18 16:01:22 - [TEST_STEP][PASSED] - tap(LOGN_EdtPassword, 0): Tapped on element 'Object Repository/Mobile/Page/Login/Input - Password'

2022-02-18 16:01:22 - [MESSAGE][WARNING] - Timeout '0' is invalid. Using default page load timeout: '60'

2022-02-18 16:01:23 - [MESSAGE][PASSED] - Tapped on element 'Object Repository/Mobile/Page/Login/Input - Password'

2022-02-18 16:01:23 - [TEST_STEP][PASSED] - delay(1): Delayed 1 second(s)

2022-02-18 16:01:24 - [MESSAGE][PASSED] - Delayed 1 second(s)

2022-02-18 16:01:24 - [TEST_STEP][PASSED] - setText(LOGN_EdtRdyPassword, "Shalawa18", 0): Text 'Shalawa18' has been set to element 'Object Repository/Mobile/Page/Login/Input Rdy - Password'

2022-02-18 16:01:24 - [MESSAGE][WARNING] - Timeout '0' is invalid. Using default page load timeout: '60'

2022-02-18 16:01:25 - [MESSAGE][PASSED] - Text 'Shalawa18' has been set to element 'Object Repository/Mobile/Page/Login/Input Rdy - Password'

2022-02-18 16:01:25 - [TEST_STEP][PASSED] - delay(1): Delayed 1 second(s)

2022-02-18 16:01:26 - [MESSAGE][PASSED] - Delayed 1 second(s)

2022-02-18 16:01:26 - [TEST_STEP][PASSED] - hideKeyboard(): Keyboard is hidden

2022-02-18 16:01:32 - [MESSAGE][PASSED] - Keyboard is hidden

2022-02-18 16:01:32 - [TEST_STEP][PASSED] - tap(LOGN_BtnLogin, 0): Tapped on element 'Object Repository/Mobile/Page/Login/Button - Login'

2022-02-18 16:01:32 - [MESSAGE][WARNING] - Timeout '0' is invalid. Using default page load timeout: '60'

2022-02-18 16:01:34 - [MESSAGE][PASSED] - Tapped on element 'Object Repository/Mobile/Page/Login/Button - Login'

2022-02-18 16:01:34 - [TEST_STEP][PASSED] - delay(2): Delayed 2 second(s)

2022-02-18 16:01:36 - [MESSAGE][PASSED] - Delayed 2 second(s)

2022-02-18 16:01:36 - [TEST_STEP][PASSED] - break: null

2022-02-18 16:01:36 - [MESSAGE][PASSED] - Call Test Case 'Test Cases/Mobile/Page/Login/Login' successfully

2022-02-18 16:01:36 - [MESSAGE][PASSED] - Call Test Case 'Test Cases/Mobile/Page/CheckLogin' successfully

2022-02-18 16:01:36 - [TEST_STEP][PASSED] - tap(HOME_MenubarPortfolio, 0): Tapped on element 'Object Repository/Mobile/Page/Home/Menubar - Portfolio'

2022-02-18 16:01:36 - [MESSAGE][WARNING] - Timeout '0' is invalid. Using default page load timeout: '60'

2022-02-18 16:01:37 - [MESSAGE][PASSED] - Tapped on element 'Object Repository/Mobile/Page/Home/Menubar - Portfolio'

2022-02-18 16:01:37 - [TEST_STEP][PASSED] - delay(1): Delayed 1 second(s)

2022-02-18 16:01:38 - [MESSAGE][PASSED] - Delayed 1 second(s)

2022-02-18 16:01:38 - [TEST_STEP][PASSED] - for ([i = 0, i < 1, (i++)]): scroll.scroll.scrollScreenBottomToTop is PASSED

2022-02-18 16:01:38 - [TEST_STEP][PASSED] - if (tab == "summary"): null

2022-02-18 16:01:38 - [TEST_STEP][PASSED] - else if (tab == "stock"): null

2022-02-18 16:01:38 - [TEST_STEP][PASSED] - else if (tab == "mutualfund"): scroll.scroll.scrollScreenBottomToTop is PASSED

2022-02-18 16:01:38 - [TEST_STEP][PASSED] - tap(PORT_TabMutualFund, 0): Tapped on element 'Object Repository/Mobile/Page/Portfolio/Tab - Mutual Fund'

2022-02-18 16:01:38 - [MESSAGE][WARNING] - Timeout '0' is invalid. Using default page load timeout: '60'

2022-02-18 16:01:40 - [MESSAGE][PASSED] - Tapped on element 'Object Repository/Mobile/Page/Portfolio/Tab - Mutual Fund'

2022-02-18 16:01:40 - [TEST_STEP][PASSED] - delay(1): Delayed 1 second(s)

2022-02-18 16:01:41 - [MESSAGE][PASSED] - Delayed 1 second(s)

2022-02-18 16:01:41 - [TEST_STEP][PASSED] - try: scroll.scroll.scrollScreenBottomToTop is PASSED

2022-02-18 16:01:41 - [TEST_STEP][PASSED] - tapAndHold(PORT_ItemTopMutualFund, 1, 10): Tapped and held on element 'Object Repository/Mobile/Page/Portfolio/Item - Top Mutual Fund' with duration 1

2022-02-18 16:01:44 - [MESSAGE][PASSED] - Tapped and held on element 'Object Repository/Mobile/Page/Portfolio/Item - Top Mutual Fund' with duration 1

2022-02-18 16:01:44 - [TEST_STEP][PASSED] - delay(2): Delayed 2 second(s)

2022-02-18 16:01:46 - [MESSAGE][PASSED] - Delayed 2 second(s)

2022-02-18 16:01:46 - [TEST_STEP][PASSED] - switch (action2): null

2022-02-18 16:01:46 - [TEST_STEP][PASSED] - case "5 year":: null

2022-02-18 16:01:46 - [TEST_STEP][PASSED] - tapAndHold(PORT_DETL_Btn5Year, 1, 0): Tapped and held on element 'Object Repository/Mobile/Page/Portfolio/Detail Mutual Funds/Button - 5 Year' with duration 1

2022-02-18 16:01:46 - [MESSAGE][WARNING] - Timeout '0' is invalid. Using default page load timeout: '60'

2022-02-18 16:01:49 - [MESSAGE][PASSED] - Tapped and held on element 'Object Repository/Mobile/Page/Portfolio/Detail Mutual Funds/Button - 5 Year' with duration 1

2022-02-18 16:01:49 - [TEST_STEP][PASSED] - break: null

2022-02-18 16:01:49 - [TEST_STEP][PASSED] - delay(3): Delayed 3 second(s)

2022-02-18 16:01:52 - [MESSAGE][PASSED] - Delayed 3 second(s)

2022-02-18 16:01:52 - [TEST_STEP][PASSED] - scroll.scroll.scrollScreenBottomToTop(): scroll.scroll.scrollScreenBottomToTop is PASSED

2022-02-18 16:01:52 - [MESSAGE][PASSED] - Current device physical height is 1423

2022-02-18 16:01:53 - [MESSAGE][PASSED] - Current device physical width is 720

2022-02-18 16:01:54 - [MESSAGE][PASSED] - Swiped from 360,1,138 to 360,284

2022-02-18 16:01:54 - [MESSAGE][PASSED] - scroll.scroll.scrollScreenBottomToTop is PASSED

2022-02-18 16:01:54 - [MESSAGE][PASSED] - Call Test Case 'Test Cases/Mobile/Page/Portfolio/Portfolio' successfully

2022-02-18 16:01:54 - [TEST_STEP][PASSED] - callTestCase(findTestCase("Mobile/Page/Run App/Terminate App"), [:], STOP_ON_FAILURE): Call Test Case 'Test Cases/Mobile/Page/Run App/Terminate App' successfully

2022-02-18 16:01:54 - [TEST_CASE][PASSED] - Test Cases/Mobile/Page/Run App/Terminate App: Test Cases/Mobile/Page/Run App/Terminate App

2022-02-18 16:01:54 - [TEST_STEP][PASSED] - startApp.OpenApp.terminateApplication(): startApp.OpenApp.terminateApplication is PASSED

2022-02-18 16:01:57 - [MESSAGE][PASSED] - Delayed 3 second(s)

2022-02-18 16:01:58 - [MESSAGE][PASSED] - Current device physical width is 720

2022-02-18 16:01:59 - [MESSAGE][PASSED] - Current device physical height is 1423

2022-02-18 16:02:01 - [MESSAGE][PASSED] - Swiped from 360,853 to 360,142

2022-02-18 16:02:02 - [MESSAGE][PASSED] - Delayed 1 second(s)

2022-02-18 16:02:03 - [MESSAGE][PASSED] - Swiped from 360,853 to 360,142

2022-02-18 16:02:06 - [MESSAGE][PASSED] - Delayed 3 second(s)

2022-02-18 16:02:06 - [MESSAGE][PASSED] - startApp.OpenApp.terminateApplication is PASSED

2022-02-18 16:02:06 - [MESSAGE][PASSED] - Call Test Case 'Test Cases/Mobile/Page/Run App/Terminate App' successfully]]></system-out>
         <system-err><![CDATA[]]></system-err>
      </testcase>
      <testcase name="Test Cases/Mobile/Scenario/Portfolio/019 - Melihat detail mutual fund 10 year" time="80.968" classname="Test Cases/Mobile/Scenario/Portfolio/019 - Melihat detail mutual fund 10 year" status="PASSED">
         <system-out><![CDATA[2022-02-18 16:02:06 - [TEST_CASE][PASSED] - Test Cases/Mobile/Scenario/Portfolio/019 - Melihat detail mutual fund 10 year: Test Cases/Mobile/Scenario/Portfolio/019 - Melihat detail mutual fund 10 year

2022-02-18 16:02:08 - [TEST_STEP][PASSED] - callTestCase(findTestCase("Mobile/Page/Run App/Run App byID"), [:], STOP_ON_FAILURE): Call Test Case 'Test Cases/Mobile/Page/Run App/Run App byID' successfully

2022-02-18 16:02:08 - [TEST_CASE][PASSED] - Test Cases/Mobile/Page/Run App/Run App byID: Test Cases/Mobile/Page/Run App/Run App byID

2022-02-18 16:02:08 - [TEST_STEP][PASSED] - startApp.OpenApp.startApplication("id.co.miraeasset.sageclub"): startApp.OpenApp.startApplication is PASSED

2022-02-18 16:02:30 - [MESSAGE][PASSED] - Starting app with application ID: 'id.co.miraeasset.sageclub'

2022-02-18 16:02:30 - [MESSAGE][PASSED] - startApp.OpenApp.startApplication is PASSED

2022-02-18 16:02:30 - [MESSAGE][PASSED] - Call Test Case 'Test Cases/Mobile/Page/Run App/Run App byID' successfully

2022-02-18 16:02:30 - [TEST_STEP][PASSED] - callTestCase(findTestCase("Mobile/Page/Portfolio/Portfolio"), ["tab":"mutualfund", "action2":"10 year"], CONTINUE_ON_FAILURE): Call Test Case 'Test Cases/Mobile/Page/Portfolio/Portfolio' successfully

2022-02-18 16:02:30 - [TEST_CASE][PASSED] - Test Cases/Mobile/Page/Portfolio/Portfolio: Test Cases/Mobile/Page/Portfolio/Portfolio

2022-02-18 16:02:30 - [TEST_STEP][PASSED] - callTestCase(findTestCase("Mobile/Page/CheckLogin"), [:], CONTINUE_ON_FAILURE): Call Test Case 'Test Cases/Mobile/Page/CheckLogin' successfully

2022-02-18 16:02:30 - [TEST_CASE][PASSED] - Test Cases/Mobile/Page/CheckLogin: Test Cases/Mobile/Page/CheckLogin

2022-02-18 16:02:30 - [TEST_STEP][PASSED] - loginCheck = verifyElementExist(LOGN_BtnLogin, 5, CONTINUE_ON_FAILURE): Element 'Object Repository/Mobile/Page/Login/Button - Login' is exist

2022-02-18 16:02:32 - [MESSAGE][PASSED] - Element 'Object Repository/Mobile/Page/Login/Button - Login' is exist

2022-02-18 16:02:32 - [TEST_STEP][PASSED] - if (loginCheck): Call Test Case 'Test Cases/Mobile/Page/Login/Login' successfully

2022-02-18 16:02:32 - [TEST_STEP][PASSED] - callTestCase(findTestCase("Mobile/Page/Login/Login"), ["action":"username"], CONTINUE_ON_FAILURE): Call Test Case 'Test Cases/Mobile/Page/Login/Login' successfully

2022-02-18 16:02:32 - [TEST_CASE][PASSED] - Test Cases/Mobile/Page/Login/Login: Test Cases/Mobile/Page/Login/Login

2022-02-18 16:02:32 - [TEST_STEP][PASSED] - delay(2): Delayed 2 second(s)

2022-02-18 16:02:34 - [MESSAGE][PASSED] - Delayed 2 second(s)

2022-02-18 16:02:34 - [TEST_STEP][PASSED] - for ([i = 0, i < 1, (i++)]): null

2022-02-18 16:02:34 - [TEST_STEP][PASSED] - if (action == "username"): null

2022-02-18 16:02:34 - [TEST_STEP][PASSED] - tap(LOGN_EdtUserID, 0): Tapped on element 'Object Repository/Mobile/Page/Login/Input - UserID'

2022-02-18 16:02:34 - [MESSAGE][WARNING] - Timeout '0' is invalid. Using default page load timeout: '60'

2022-02-18 16:02:35 - [MESSAGE][PASSED] - Tapped on element 'Object Repository/Mobile/Page/Login/Input - UserID'

2022-02-18 16:02:35 - [TEST_STEP][PASSED] - delay(1): Delayed 1 second(s)

2022-02-18 16:02:36 - [MESSAGE][PASSED] - Delayed 1 second(s)

2022-02-18 16:02:36 - [TEST_STEP][PASSED] - setText(LOGN_EdtRdyUserID, "anggaaditya", 0): Text 'anggaaditya' has been set to element 'Object Repository/Mobile/Page/Login/Input Rdy - UserID'

2022-02-18 16:02:36 - [MESSAGE][WARNING] - Timeout '0' is invalid. Using default page load timeout: '60'

2022-02-18 16:02:37 - [MESSAGE][PASSED] - Text 'anggaaditya' has been set to element 'Object Repository/Mobile/Page/Login/Input Rdy - UserID'

2022-02-18 16:02:37 - [TEST_STEP][PASSED] - delay(1): Delayed 1 second(s)

2022-02-18 16:02:38 - [MESSAGE][PASSED] - Delayed 1 second(s)

2022-02-18 16:02:38 - [TEST_STEP][PASSED] - hideKeyboard(): Keyboard is hidden

2022-02-18 16:02:42 - [MESSAGE][PASSED] - Keyboard is hidden

2022-02-18 16:02:42 - [TEST_STEP][PASSED] - tap(LOGN_EdtPassword, 0): Tapped on element 'Object Repository/Mobile/Page/Login/Input - Password'

2022-02-18 16:02:42 - [MESSAGE][WARNING] - Timeout '0' is invalid. Using default page load timeout: '60'

2022-02-18 16:02:43 - [MESSAGE][PASSED] - Tapped on element 'Object Repository/Mobile/Page/Login/Input - Password'

2022-02-18 16:02:43 - [TEST_STEP][PASSED] - delay(1): Delayed 1 second(s)

2022-02-18 16:02:44 - [MESSAGE][PASSED] - Delayed 1 second(s)

2022-02-18 16:02:44 - [TEST_STEP][PASSED] - setText(LOGN_EdtRdyPassword, "Shalawa18", 0): Text 'Shalawa18' has been set to element 'Object Repository/Mobile/Page/Login/Input Rdy - Password'

2022-02-18 16:02:44 - [MESSAGE][WARNING] - Timeout '0' is invalid. Using default page load timeout: '60'

2022-02-18 16:02:45 - [MESSAGE][PASSED] - Text 'Shalawa18' has been set to element 'Object Repository/Mobile/Page/Login/Input Rdy - Password'

2022-02-18 16:02:45 - [TEST_STEP][PASSED] - delay(1): Delayed 1 second(s)

2022-02-18 16:02:46 - [MESSAGE][PASSED] - Delayed 1 second(s)

2022-02-18 16:02:46 - [TEST_STEP][PASSED] - hideKeyboard(): Keyboard is hidden

2022-02-18 16:02:54 - [MESSAGE][PASSED] - Keyboard is hidden

2022-02-18 16:02:54 - [TEST_STEP][PASSED] - tap(LOGN_BtnLogin, 0): Tapped on element 'Object Repository/Mobile/Page/Login/Button - Login'

2022-02-18 16:02:54 - [MESSAGE][WARNING] - Timeout '0' is invalid. Using default page load timeout: '60'

2022-02-18 16:02:55 - [MESSAGE][PASSED] - Tapped on element 'Object Repository/Mobile/Page/Login/Button - Login'

2022-02-18 16:02:55 - [TEST_STEP][PASSED] - delay(2): Delayed 2 second(s)

2022-02-18 16:02:57 - [MESSAGE][PASSED] - Delayed 2 second(s)

2022-02-18 16:02:57 - [TEST_STEP][PASSED] - break: null

2022-02-18 16:02:57 - [MESSAGE][PASSED] - Call Test Case 'Test Cases/Mobile/Page/Login/Login' successfully

2022-02-18 16:02:57 - [MESSAGE][PASSED] - Call Test Case 'Test Cases/Mobile/Page/CheckLogin' successfully

2022-02-18 16:02:57 - [TEST_STEP][PASSED] - tap(HOME_MenubarPortfolio, 0): Tapped on element 'Object Repository/Mobile/Page/Home/Menubar - Portfolio'

2022-02-18 16:02:57 - [MESSAGE][WARNING] - Timeout '0' is invalid. Using default page load timeout: '60'

2022-02-18 16:02:58 - [MESSAGE][PASSED] - Tapped on element 'Object Repository/Mobile/Page/Home/Menubar - Portfolio'

2022-02-18 16:02:58 - [TEST_STEP][PASSED] - delay(1): Delayed 1 second(s)

2022-02-18 16:02:59 - [MESSAGE][PASSED] - Delayed 1 second(s)

2022-02-18 16:02:59 - [TEST_STEP][PASSED] - for ([i = 0, i < 1, (i++)]): scroll.scroll.scrollScreenBottomToTop is PASSED

2022-02-18 16:02:59 - [TEST_STEP][PASSED] - if (tab == "summary"): null

2022-02-18 16:02:59 - [TEST_STEP][PASSED] - else if (tab == "stock"): null

2022-02-18 16:02:59 - [TEST_STEP][PASSED] - else if (tab == "mutualfund"): scroll.scroll.scrollScreenBottomToTop is PASSED

2022-02-18 16:02:59 - [TEST_STEP][PASSED] - tap(PORT_TabMutualFund, 0): Tapped on element 'Object Repository/Mobile/Page/Portfolio/Tab - Mutual Fund'

2022-02-18 16:02:59 - [MESSAGE][WARNING] - Timeout '0' is invalid. Using default page load timeout: '60'

2022-02-18 16:03:01 - [MESSAGE][PASSED] - Tapped on element 'Object Repository/Mobile/Page/Portfolio/Tab - Mutual Fund'

2022-02-18 16:03:01 - [TEST_STEP][PASSED] - delay(1): Delayed 1 second(s)

2022-02-18 16:03:02 - [MESSAGE][PASSED] - Delayed 1 second(s)

2022-02-18 16:03:02 - [TEST_STEP][PASSED] - try: scroll.scroll.scrollScreenBottomToTop is PASSED

2022-02-18 16:03:02 - [TEST_STEP][PASSED] - tapAndHold(PORT_ItemTopMutualFund, 1, 10): Tapped and held on element 'Object Repository/Mobile/Page/Portfolio/Item - Top Mutual Fund' with duration 1

2022-02-18 16:03:05 - [MESSAGE][PASSED] - Tapped and held on element 'Object Repository/Mobile/Page/Portfolio/Item - Top Mutual Fund' with duration 1

2022-02-18 16:03:05 - [TEST_STEP][PASSED] - delay(2): Delayed 2 second(s)

2022-02-18 16:03:07 - [MESSAGE][PASSED] - Delayed 2 second(s)

2022-02-18 16:03:07 - [TEST_STEP][PASSED] - switch (action2): null

2022-02-18 16:03:07 - [TEST_STEP][PASSED] - case "10 year":: null

2022-02-18 16:03:07 - [TEST_STEP][PASSED] - tapAndHold(PORT_DETL_Btn10Year, 1, 0): Tapped and held on element 'Object Repository/Mobile/Page/Portfolio/Detail Mutual Funds/Button - 10 Year' with duration 1

2022-02-18 16:03:07 - [MESSAGE][WARNING] - Timeout '0' is invalid. Using default page load timeout: '60'

2022-02-18 16:03:10 - [MESSAGE][PASSED] - Tapped and held on element 'Object Repository/Mobile/Page/Portfolio/Detail Mutual Funds/Button - 10 Year' with duration 1

2022-02-18 16:03:10 - [TEST_STEP][PASSED] - break: null

2022-02-18 16:03:10 - [TEST_STEP][PASSED] - delay(3): Delayed 3 second(s)

2022-02-18 16:03:13 - [MESSAGE][PASSED] - Delayed 3 second(s)

2022-02-18 16:03:13 - [TEST_STEP][PASSED] - scroll.scroll.scrollScreenBottomToTop(): scroll.scroll.scrollScreenBottomToTop is PASSED

2022-02-18 16:03:14 - [MESSAGE][PASSED] - Current device physical height is 1423

2022-02-18 16:03:14 - [MESSAGE][PASSED] - Current device physical width is 720

2022-02-18 16:03:16 - [MESSAGE][PASSED] - Swiped from 360,1,138 to 360,284

2022-02-18 16:03:16 - [MESSAGE][PASSED] - scroll.scroll.scrollScreenBottomToTop is PASSED

2022-02-18 16:03:16 - [MESSAGE][PASSED] - Call Test Case 'Test Cases/Mobile/Page/Portfolio/Portfolio' successfully

2022-02-18 16:03:16 - [TEST_STEP][PASSED] - callTestCase(findTestCase("Mobile/Page/Run App/Terminate App"), [:], STOP_ON_FAILURE): Call Test Case 'Test Cases/Mobile/Page/Run App/Terminate App' successfully

2022-02-18 16:03:16 - [TEST_CASE][PASSED] - Test Cases/Mobile/Page/Run App/Terminate App: Test Cases/Mobile/Page/Run App/Terminate App

2022-02-18 16:03:16 - [TEST_STEP][PASSED] - startApp.OpenApp.terminateApplication(): startApp.OpenApp.terminateApplication is PASSED

2022-02-18 16:03:19 - [MESSAGE][PASSED] - Delayed 3 second(s)

2022-02-18 16:03:20 - [MESSAGE][PASSED] - Current device physical width is 720

2022-02-18 16:03:20 - [MESSAGE][PASSED] - Current device physical height is 1423

2022-02-18 16:03:22 - [MESSAGE][PASSED] - Swiped from 360,853 to 360,142

2022-02-18 16:03:23 - [MESSAGE][PASSED] - Delayed 1 second(s)

2022-02-18 16:03:24 - [MESSAGE][PASSED] - Swiped from 360,853 to 360,142

2022-02-18 16:03:27 - [MESSAGE][PASSED] - Delayed 3 second(s)

2022-02-18 16:03:27 - [MESSAGE][PASSED] - startApp.OpenApp.terminateApplication is PASSED

2022-02-18 16:03:27 - [MESSAGE][PASSED] - Call Test Case 'Test Cases/Mobile/Page/Run App/Terminate App' successfully]]></system-out>
         <system-err><![CDATA[]]></system-err>
      </testcase>
      <system-out><![CDATA[2022-02-18 15:37:42 - [TEST_SUITE][PASSED] - portfolio: Test Cases/Mobile/Scenario/Portfolio/019 - Melihat detail mutual fund 10 year]]></system-out>
      <system-err><![CDATA[]]></system-err>
   </testsuite>
</testsuites>
